19:45:16.687 [main                     ] DEBUG Logger               - Configured Logger
19:45:16.710 [main                     ] DEBUG GameApplication      - Logging settings
Title: Dawnseeker
Version: 0.1
Width: 1024
Height: 1024
Fullscreen: false
Intro: false
Profiling: false
Single step:false
App Mode: DEVELOPER
Menu Key: ESCAPE
Stage Style: DECORATED
Scene Factory: class com.almasb.fxgl.app.scene.SceneFactory

19:45:17.023 [JavaFX Application Thread] DEBUG FXGLApplication      - Initializing FXGL
19:45:17.028 [JavaFX Application Thread] INFO  Engine               - FXGL-17.2 (20.08.2022 16.50) on WINDOWS (J:17.0.6 FX:18)
19:45:17.028 [JavaFX Application Thread] DEBUG Engine               - JRE Vendor Name: Eclipse Adoptium
19:45:17.029 [JavaFX Application Thread] DEBUG Engine               - Running on OS: Windows 10 version 10.0
19:45:17.029 [JavaFX Application Thread] DEBUG Engine               - Architecture: amd64
19:45:17.029 [JavaFX Application Thread] INFO  Engine               - Source code and latest versions at: https://github.com/AlmasB/FXGL
19:45:17.029 [JavaFX Application Thread] INFO  Engine               -       Ask questions and discuss at: https://github.com/AlmasB/FXGL/discussions
19:45:17.029 [JavaFX Application Thread] INFO  Engine               -              Join the FXGL chat at: https://gitter.im/AlmasB/FXGL
19:45:17.118 [JavaFX Application Thread] DEBUG PrimaryStageWindow   - Creating a JavaFX scene
19:45:17.149 [JavaFX Application Thread] DEBUG PrimaryStageWindow   - Target settings size: 1024.0 x 1024.0
19:45:17.149 [JavaFX Application Thread] DEBUG PrimaryStageWindow   - Scaled scene size:    1024.0 x 1024.0
19:45:17.150 [JavaFX Application Thread] DEBUG PrimaryStageWindow   - Scaled ratio: (1.0, 1.0)
19:45:17.151 [JavaFX Application Thread] DEBUG PrimaryStageWindow   - Set initial scene to FXGLStartupScene
19:45:17.156 [JavaFX Application Thread] DEBUG PrimaryStageWindow   - Opening main window
19:45:17.217 [JavaFX Application Thread] DEBUG PrimaryStageWindow   - Window border size: (16.0, 39.0)
19:45:17.217 [JavaFX Application Thread] DEBUG PrimaryStageWindow   - Scaled size: 1024.0 x 1024.0
19:45:17.217 [JavaFX Application Thread] DEBUG PrimaryStageWindow   - Scaled ratio: (1.0, 1.0)
19:45:17.217 [JavaFX Application Thread] DEBUG PrimaryStageWindow   - Scene size: 1024.0 x 1024.0
19:45:17.218 [JavaFX Application Thread] DEBUG PrimaryStageWindow   - Stage size: 1040.0 x 1063.0
19:45:17.223 [FXGL Background Thread 1 ] DEBUG Engine               - Initializing environment variables
19:45:17.252 [FXGL Background Thread 1 ] DEBUG FXGLAssetLoaderServi - User app class for loading assets: class Dawnseeker.DawnseekerApp
19:45:17.252 [FXGL Background Thread 1 ] DEBUG GameApplicationServi - Applying CSS: fxgl_dark.css
19:45:17.253 [FXGL Background Thread 1 ] DEBUG FXGLAssetLoaderServi - Loading from file system: jar:file:/C:/Users/garre/.m2/repository/com/github/almasb/fxgl/17.2/fxgl-17.2.jar!/fxglassets/ui/css/fxgl_dark.css
19:45:17.283 [FXGL Background Thread 1 ] DEBUG GameApplicationServi - Initializing application scenes
19:45:17.317 [FXGL Background Thread 1 ] DEBUG GameWorld            - Game world initialized
19:45:17.360 [FXGL Background Thread 1 ] DEBUG PhysicsWorld         - Physics world initialized: appHeight=1024, physics.ppm=50.0
19:45:17.360 [FXGL Background Thread 1 ] DEBUG PhysicsWorld         - Using strategy: BRUTE_FORCE
19:45:17.364 [FXGL Background Thread 1 ] DEBUG GameScene            - Game scene initialized: 1024x1024
19:45:17.379 [FXGL Background Thread 1 ] DEBUG FXGL.DefaultMenu     - createMenuBodyMainMenu()
19:45:17.389 [FXGL Background Thread 1 ] DEBUG FXGL.DefaultMenu     - createOptionsMenu()
19:45:17.398 [FXGL Background Thread 1 ] DEBUG FXGLAssetLoaderServi - Loading from file system: jar:file:/C:/Users/garre/.m2/repository/com/github/almasb/fxgl/17.2/fxgl-17.2.jar!/fxglassets/textures/particles/smoke.png
19:45:17.479 [FXGL Background Thread 1 ] DEBUG FXGLAssetLoaderServi - Loading from file system: jar:file:/C:/Users/garre/.m2/repository/com/github/almasb/fxgl/17.2/fxgl-17.2.jar!/fxglassets/textures/particles/trace_horizontal.png
19:45:17.507 [FXGL Background Thread 1 ] DEBUG FXGL.DefaultMenu     - createMenuBodyGameMenu()
19:45:17.508 [FXGL Background Thread 1 ] DEBUG FXGL.DefaultMenu     - createOptionsMenu()
19:45:17.520 [FXGL Background Thread 1 ] DEBUG GameApplicationServi - Application scenes initialized
19:45:17.530 [FXGL Background Thread 1 ] DEBUG SystemBundleService  - Loading FXGL system data
19:45:17.534 [FXGL Background Thread 1 ] DEBUG FileSystemAccess     - Reading from: D:\J\Work\theGame\system\fxgl.bundle
19:45:17.541 [FXGL Background Thread 1 ] DEBUG SystemBundleService  - Bundle FXGL: {}
19:45:17.541 [FXGL Background Thread 1 ] DEBUG UpdaterService       - Checking for updates
19:45:17.543 [FXGL Background Thread 4 ] DEBUG FXGLApplication      - Loading fonts
19:45:17.544 [FXGL Background Thread 4 ] DEBUG FXGLAssetLoaderServi - Loading from file system: jar:file:/C:/Users/garre/.m2/repository/com/github/almasb/fxgl/17.2/fxgl-17.2.jar!/fxglassets/ui/fonts/VarelaRound-Regular.ttf
19:45:17.544 [FXGL Background Thread 1 ] DEBUG FXGLApplication      - Loading default localization
19:45:17.544 [FXGL Background Thread 1 ] DEBUG FXGLAssetLoaderServi - Loading from file system: jar:file:/C:/Users/garre/.m2/repository/com/github/almasb/fxgl/17.2/fxgl-17.2.jar!/fxglassets/languages/english.lang
19:45:17.566 [FXGL Background Thread 1 ] INFO  FXGLApplication      - FXGL initialization took: 0.344 sec
19:45:17.577 [JavaFX Application Thread] DEBUG Input                - Registered new binding: action0 - W
19:45:17.578 [JavaFX Application Thread] DEBUG Input                - Registered new binding: action1 - S
19:45:17.578 [JavaFX Application Thread] DEBUG Input                - Registered new binding: action2 - A
19:45:17.579 [JavaFX Application Thread] DEBUG Input                - Registered new binding: action3 - D
19:45:17.581 [JavaFX Application Thread] DEBUG Input                - Registered new binding: action4 - LMB
19:45:17.581 [JavaFX Application Thread] DEBUG FXGLAssetLoaderServi - Loading from file system: jar:file:/C:/Users/garre/.m2/repository/com/github/almasb/fxgl/17.2/fxgl-17.2.jar!/fxglassets/textures/fxgl_icon.png
19:45:17.599 [JavaFX Application Thread] DEBUG FXGLAssetLoaderServi - Loading from file system: jar:file:/C:/Users/garre/.m2/repository/com/github/almasb/fxgl/17.2/fxgl-17.2.jar!/fxglassets/textures/fxgl_default_cursor.png
19:45:17.601 [JavaFX Application Thread] DEBUG Input                - Registered new binding: Screenshot - CTRL+8
19:45:17.601 [JavaFX Application Thread] DEBUG Input                - Registered new binding: System info dump - CTRL+9
19:45:17.601 [JavaFX Application Thread] DEBUG Input                - Registered new binding: Restart - CTRL+R
19:45:17.602 [JavaFX Application Thread] DEBUG Input                - Registered new binding: Toggle Debug Camera - CTRL+7
19:45:17.604 [JavaFX Application Thread] DEBUG LoopRunner           - Starting loop
19:45:17.604 [JavaFX Application Thread] DEBUG LoopRunner           - Initializing JavaFX AnimationTimerLoop
19:45:17.604 [FXGL Background Thread 4 ] DEBUG FXGLAssetLoaderServi - Loading from file system: jar:file:/C:/Users/garre/.m2/repository/com/github/almasb/fxgl/17.2/fxgl-17.2.jar!/fxglassets/ui/fonts/Abel-Regular.ttf
19:45:17.607 [JavaFX Application Thread] DEBUG Input                - Clearing active input actions
19:45:17.610 [FXGL Background Thread 4 ] DEBUG FXGLAssetLoaderServi - Loading from file system: jar:file:/C:/Users/garre/.m2/repository/com/github/almasb/fxgl/17.2/fxgl-17.2.jar!/fxglassets/ui/fonts/TerminalLandMono-Regular.otf
19:45:17.611 [JavaFX Application Thread] DEBUG GameApplicationServi - Removing overlay from FXGLStartupScene and adding to FXGLMainMenuDummyScene
19:45:17.611 [JavaFX Application Thread] DEBUG PrimaryStageWindow   - FXGLStartupScene -> FXGLMainMenuDummyScene
19:45:17.611 [JavaFX Application Thread] DEBUG PrimaryStageWindow   - Push state: FXGLDefaultMenu
19:45:17.616 [FXGL Background Thread 4 ] DEBUG FXGLAssetLoaderServi - Loading from file system: jar:file:/C:/Users/garre/.m2/repository/com/github/almasb/fxgl/17.2/fxgl-17.2.jar!/fxglassets/ui/fonts/Courier-Prime.ttf
19:45:17.623 [JavaFX Application Thread] DEBUG Input                - Clearing active input actions
19:45:17.630 [JavaFX Application Thread] DEBUG GameApplicationServi - Removing overlay from FXGLMainMenuDummyScene and adding to FXGLDefaultMenu
19:45:17.631 [JavaFX Application Thread] DEBUG PrimaryStageWindow   - FXGLMainMenuDummyScene -> FXGLDefaultMenu
19:45:17.699 [JavaFX Application Thread] DEBUG FXGLApplication      - Registering font factories with UI factory
19:45:18.707 [JavaFX Application Thread] DEBUG Menu                 - fireNewGame()
19:45:18.707 [JavaFX Application Thread] DEBUG GameApplicationServi - Starting new game
19:45:18.709 [JavaFX Application Thread] DEBUG PrimaryStageWindow   - Pop state: FXGLDefaultMenu
19:45:18.709 [JavaFX Application Thread] DEBUG Input                - Clearing active input actions
19:45:18.709 [JavaFX Application Thread] DEBUG GameApplicationServi - Removing overlay from FXGLDefaultMenu and adding to FXGLMainMenuDummyScene
19:45:18.710 [JavaFX Application Thread] DEBUG PrimaryStageWindow   - FXGLMainMenuDummyScene <- FXGLDefaultMenu
19:45:18.710 [JavaFX Application Thread] DEBUG Input                - Clearing active input actions
19:45:18.715 [JavaFX Application Thread] DEBUG GameApplicationServi - Removing overlay from FXGLMainMenuDummyScene and adding to FXGLLoadingScene
19:45:18.715 [JavaFX Application Thread] DEBUG PrimaryStageWindow   - FXGLMainMenuDummyScene -> FXGLLoadingScene
19:45:18.715 [JavaFX Application Thread] DEBUG GameApplicationServi - Clearing previous game
19:45:18.715 [JavaFX Application Thread] DEBUG GameScene            - Clearing game scene
19:45:18.715 [JavaFX Application Thread] DEBUG GameWorld            - Clearing game world
19:45:18.715 [JavaFX Application Thread] DEBUG PhysicsWorld         - Clearing physics world
19:45:18.718 [FXGL Background Thread 2 ] DEBUG FXGLApplication      - Initializing game
19:45:18.739 [FXGL Background Thread 2 ] WARN  GameWorld            - Entity is already attached to world
19:45:18.741 [FXGL Background Thread 2 ] WARN  GameWorld            - Entity is already attached to world
19:45:18.741 [FXGL Background Thread 2 ] WARN  GameWorld            - Entity is already attached to world
19:45:18.741 [FXGL Background Thread 2 ] WARN  GameWorld            - Entity is already attached to world
19:45:18.742 [FXGL Background Thread 2 ] WARN  GameWorld            - Entity is already attached to world
19:45:18.756 [FXGL Background Thread 2 ] INFO  FXGLApplication      - Game initialization took: 0.038 sec
19:45:18.763 [JavaFX Application Thread] DEBUG Input                - Clearing active input actions
19:45:18.766 [JavaFX Application Thread] DEBUG GameApplicationServi - Removing overlay from FXGLLoadingScene and adding to GameScene
19:45:18.766 [JavaFX Application Thread] DEBUG PrimaryStageWindow   - FXGLLoadingScene -> GameScene
19:45:20.544 [FXGL Background Thread 3 ] DEBUG Engine               - Logging environment variables
19:45:20.544 [FXGL Background Thread 3 ] DEBUG Engine               - achievements: []
19:45:20.544 [FXGL Background Thread 3 ] DEBUG Engine               - actualHeight: 1024.0
19:45:20.544 [FXGL Background Thread 3 ] DEBUG Engine               - actualHeightProperty: ReadOnlyDoubleProperty [value: 1024.0]
19:45:20.544 [FXGL Background Thread 3 ] DEBUG Engine               - actualWidth: 1024.0
19:45:20.544 [FXGL Background Thread 3 ] DEBUG Engine               - actualWidthProperty: ReadOnlyDoubleProperty [value: 1024.0]
19:45:20.544 [FXGL Background Thread 3 ] DEBUG Engine               - appIcon: fxgl_icon.png
19:45:20.544 [FXGL Background Thread 3 ] DEBUG Engine               - applicationMode: DEVELOPER
19:45:20.544 [FXGL Background Thread 3 ] DEBUG Engine               - cSSList: [fxgl_dark.css]
19:45:20.544 [FXGL Background Thread 3 ] DEBUG Engine               - collisionDetectionStrategy: BRUTE_FORCE
19:45:20.545 [FXGL Background Thread 3 ] DEBUG Engine               - configClass: Optional.empty
19:45:20.545 [FXGL Background Thread 3 ] DEBUG Engine               - credits: []
19:45:20.547 [FXGL Background Thread 3 ] DEBUG Engine               - defaultCursor: CursorInfo(imageName=fxgl_default_cursor.png, hotspotX=7.0, hotspotY=6.0)
19:45:20.547 [FXGL Background Thread 3 ] DEBUG Engine               - devBBoxColorProperty: ObjectProperty [value: 0xff0000ff]
19:45:20.547 [FXGL Background Thread 3 ] DEBUG Engine               - devEnableDebugCameraProperty: BooleanProperty [value: false]
19:45:20.547 [FXGL Background Thread 3 ] DEBUG Engine               - devSensorColorProperty: ObjectProperty [value: 0xffff00ff]
19:45:20.547 [FXGL Background Thread 3 ] DEBUG Engine               - devShowBBoxProperty: BooleanProperty [value: false]
19:45:20.547 [FXGL Background Thread 3 ] DEBUG Engine               - devShowPositionProperty: BooleanProperty [value: false]
19:45:20.547 [FXGL Background Thread 3 ] DEBUG Engine               - enabledMenuItems: []
19:45:20.547 [FXGL Background Thread 3 ] DEBUG Engine               - engineServices: [class com.almasb.fxgl.app.services.FXGLAssetLoaderService, class com.almasb.fxgl.app.FXGLApplication$GameApplicationService, class com.almasb.fxgl.app.services.FXGLDialogService, class com.almasb.fxgl.app.services.IOTaskExecutorService, class com.almasb.fxgl.io.FileSystemService, class com.almasb.fxgl.localization.LocalizationService, class com.almasb.fxgl.app.services.SystemBundleService, class com.almasb.fxgl.profile.SaveLoadService, class com.almasb.fxgl.ui.FXGLUIFactoryServiceProvider, class com.almasb.fxgl.ui.FXGLDialogFactoryServiceProvider, class com.almasb.fxgl.audio.AudioPlayer, class com.almasb.fxgl.notification.impl.NotificationServiceProvider, class com.almasb.fxgl.achievement.AchievementService, class com.almasb.fxgl.cutscene.CutsceneService, class com.almasb.fxgl.minigames.MiniGameService, class com.almasb.fxgl.net.NetService, class com.almasb.fxgl.app.services.UpdaterService, class com.almasb.fxgl.dev.DevService]
19:45:20.547 [FXGL Background Thread 3 ] DEBUG Engine               - fontGame: Abel-Regular.ttf
19:45:20.547 [FXGL Background Thread 3 ] DEBUG Engine               - fontMono: TerminalLandMono-Regular.otf
19:45:20.547 [FXGL Background Thread 3 ] DEBUG Engine               - fontText: Courier-Prime.ttf
19:45:20.547 [FXGL Background Thread 3 ] DEBUG Engine               - fontUI: VarelaRound-Regular.ttf
19:45:20.547 [FXGL Background Thread 3 ] DEBUG Engine               - fullScreen: BooleanProperty [value: false]
19:45:20.547 [FXGL Background Thread 3 ] DEBUG Engine               - gameDifficulty: MEDIUM
19:45:20.547 [FXGL Background Thread 3 ] DEBUG Engine               - gameDifficultyProperty: ObjectProperty [value: MEDIUM]
19:45:20.547 [FXGL Background Thread 3 ] DEBUG Engine               - globalMusicVolume: 0.5
19:45:20.548 [FXGL Background Thread 3 ] DEBUG Engine               - globalMusicVolumeProperty: DoubleProperty [value: 0.5]
19:45:20.548 [FXGL Background Thread 3 ] DEBUG Engine               - globalSoundVolume: 0.5
19:45:20.548 [FXGL Background Thread 3 ] DEBUG Engine               - globalSoundVolumeProperty: DoubleProperty [value: 0.5]
19:45:20.548 [FXGL Background Thread 3 ] DEBUG Engine               - height: 1024
19:45:20.548 [FXGL Background Thread 3 ] DEBUG Engine               - is3D: false
19:45:20.548 [FXGL Background Thread 3 ] DEBUG Engine               - isAndroid: false
19:45:20.548 [FXGL Background Thread 3 ] DEBUG Engine               - isBrowser: false
19:45:20.548 [FXGL Background Thread 3 ] DEBUG Engine               - isClickFeedbackEnabled: false
19:45:20.548 [FXGL Background Thread 3 ] DEBUG Engine               - isCloseConfirmation: false
19:45:20.548 [FXGL Background Thread 3 ] DEBUG Engine               - isDesktop: true
19:45:20.548 [FXGL Background Thread 3 ] DEBUG Engine               - isDeveloperMenuEnabled: false
19:45:20.548 [FXGL Background Thread 3 ] DEBUG Engine               - isEmbedded: false
19:45:20.548 [FXGL Background Thread 3 ] DEBUG Engine               - isEntityPreloadEnabled: true
19:45:20.549 [FXGL Background Thread 3 ] DEBUG Engine               - isExperimentalTiledLargeMap: false
19:45:20.549 [FXGL Background Thread 3 ] DEBUG Engine               - isFileSystemWriteAllowed: true
19:45:20.549 [FXGL Background Thread 3 ] DEBUG Engine               - isFullScreenAllowed: false
19:45:20.549 [FXGL Background Thread 3 ] DEBUG Engine               - isFullScreenFromStart: false
19:45:20.549 [FXGL Background Thread 3 ] DEBUG Engine               - isGameMenuEnabled: true
19:45:20.549 [FXGL Background Thread 3 ] DEBUG Engine               - isIOS: false
19:45:20.549 [FXGL Background Thread 3 ] DEBUG Engine               - isIntroEnabled: false
19:45:20.549 [FXGL Background Thread 3 ] DEBUG Engine               - isLinux: false
19:45:20.549 [FXGL Background Thread 3 ] DEBUG Engine               - isMac: false
19:45:20.549 [FXGL Background Thread 3 ] DEBUG Engine               - isMainMenuEnabled: true
19:45:20.549 [FXGL Background Thread 3 ] DEBUG Engine               - isManualResizeEnabled: false
19:45:20.549 [FXGL Background Thread 3 ] DEBUG Engine               - isMobile: false
19:45:20.549 [FXGL Background Thread 3 ] DEBUG Engine               - isNative: false
19:45:20.549 [FXGL Background Thread 3 ] DEBUG Engine               - isPauseMusicWhenMinimized: true
19:45:20.549 [FXGL Background Thread 3 ] DEBUG Engine               - isPreserveResizeRatio: false
19:45:20.549 [FXGL Background Thread 3 ] DEBUG Engine               - isProfilingEnabled: false
19:45:20.549 [FXGL Background Thread 3 ] DEBUG Engine               - isScaleAffectedOnResize: true
19:45:20.549 [FXGL Background Thread 3 ] DEBUG Engine               - isSingleStep: false
19:45:20.549 [FXGL Background Thread 3 ] DEBUG Engine               - isUserProfileEnabled: false
19:45:20.549 [FXGL Background Thread 3 ] DEBUG Engine               - isWindows: true
19:45:20.549 [FXGL Background Thread 3 ] DEBUG Engine               - language: ObjectProperty [value: ENGLISH]
19:45:20.549 [FXGL Background Thread 3 ] DEBUG Engine               - menuKey: ESCAPE
19:45:20.549 [FXGL Background Thread 3 ] DEBUG Engine               - mouseSensitivity: 0.2
19:45:20.549 [FXGL Background Thread 3 ] DEBUG Engine               - notificationViewClass: class com.almasb.fxgl.notification.view.XboxNotificationView
19:45:20.549 [FXGL Background Thread 3 ] DEBUG Engine               - pixelsPerMeter: 50.0
19:45:20.549 [FXGL Background Thread 3 ] DEBUG Engine               - platform: WINDOWS
19:45:20.550 [FXGL Background Thread 3 ] DEBUG Engine               - prefHeightProperty: ReadOnlyDoubleProperty [value: 1024.0]
19:45:20.550 [FXGL Background Thread 3 ] DEBUG Engine               - prefWidthProperty: ReadOnlyDoubleProperty [value: 1024.0]
19:45:20.550 [FXGL Background Thread 3 ] DEBUG Engine               - profileDir: profiles/
19:45:20.550 [FXGL Background Thread 3 ] DEBUG Engine               - profileName: StringProperty [value: DEFAULT]
19:45:20.550 [FXGL Background Thread 3 ] DEBUG Engine               - randomSeed: -1
19:45:20.550 [FXGL Background Thread 3 ] DEBUG Engine               - runtimeInfo: RuntimeInfo(platform=WINDOWS, version=17.2, build=20.08.2022 16.50)
19:45:20.550 [FXGL Background Thread 3 ] DEBUG Engine               - saveFileExt: sav
19:45:20.550 [FXGL Background Thread 3 ] DEBUG Engine               - scaledHeightProp$fxgl: DoubleProperty [bound, value: 1024.0]
19:45:20.550 [FXGL Background Thread 3 ] DEBUG Engine               - scaledWidthProp$fxgl: DoubleProperty [bound, value: 1024.0]
19:45:20.550 [FXGL Background Thread 3 ] DEBUG Engine               - sceneFactory: com.almasb.fxgl.app.scene.SceneFactory@2b5e71b5
19:45:20.550 [FXGL Background Thread 3 ] DEBUG Engine               - secondsIn24h: 60
19:45:20.550 [FXGL Background Thread 3 ] DEBUG Engine               - soundMenuBack: menu/back.wav
19:45:20.550 [FXGL Background Thread 3 ] DEBUG Engine               - soundMenuPress: menu/press.wav
19:45:20.550 [FXGL Background Thread 3 ] DEBUG Engine               - soundMenuSelect: menu/select.wav
19:45:20.550 [FXGL Background Thread 3 ] DEBUG Engine               - soundNotification: core/notification.wav
19:45:20.550 [FXGL Background Thread 3 ] DEBUG Engine               - stageStyle: DECORATED
19:45:20.550 [FXGL Background Thread 3 ] DEBUG Engine               - supportedLanguages: [ENGLISH, FRENCH, GERMAN, HUNGARIAN, RUSSIAN]
19:45:20.550 [FXGL Background Thread 3 ] DEBUG Engine               - ticksPerSecond: -1
19:45:20.550 [FXGL Background Thread 3 ] DEBUG Engine               - title: Dawnseeker
19:45:20.550 [FXGL Background Thread 3 ] DEBUG Engine               - urlGithub: https://github.com/AlmasB/FXGL
19:45:20.550 [FXGL Background Thread 3 ] DEBUG Engine               - urlLeaderboard: http://fxgl-top.herokuapp.com/
19:45:20.550 [FXGL Background Thread 3 ] DEBUG Engine               - urlPOM: https://raw.githubusercontent.com/AlmasB/FXGL/release/README.md
19:45:20.550 [FXGL Background Thread 3 ] DEBUG Engine               - userAppClass: class Dawnseeker.DawnseekerApp
19:45:20.550 [FXGL Background Thread 3 ] DEBUG Engine               - version: 0.1
19:45:20.551 [FXGL Background Thread 3 ] DEBUG Engine               - versionCheckDays: 7
19:45:20.551 [FXGL Background Thread 3 ] DEBUG Engine               - width: 1024
19:45:20.551 [FXGL Background Thread 3 ] DEBUG Engine               - Logging services
19:45:20.551 [FXGL Background Thread 3 ] DEBUG Engine               - class com.almasb.fxgl.app.services.FXGLAssetLoaderService
19:45:20.551 [FXGL Background Thread 3 ] DEBUG Engine               - class com.almasb.fxgl.app.FXGLApplication$GameApplicationService
19:45:20.551 [FXGL Background Thread 3 ] DEBUG Engine               - class com.almasb.fxgl.app.services.FXGLDialogService
19:45:20.551 [FXGL Background Thread 3 ] DEBUG Engine               - class com.almasb.fxgl.app.services.IOTaskExecutorService
19:45:20.551 [FXGL Background Thread 3 ] DEBUG Engine               - class com.almasb.fxgl.io.FileSystemService
19:45:20.551 [FXGL Background Thread 3 ] DEBUG Engine               - class com.almasb.fxgl.localization.LocalizationService
19:45:20.551 [FXGL Background Thread 3 ] DEBUG Engine               - class com.almasb.fxgl.app.services.SystemBundleService
19:45:20.551 [FXGL Background Thread 3 ] DEBUG Engine               - class com.almasb.fxgl.profile.SaveLoadService
19:45:20.551 [FXGL Background Thread 3 ] DEBUG Engine               - class com.almasb.fxgl.ui.FXGLUIFactoryServiceProvider
19:45:20.551 [FXGL Background Thread 3 ] DEBUG Engine               - class com.almasb.fxgl.ui.FXGLDialogFactoryServiceProvider
19:45:20.551 [FXGL Background Thread 3 ] DEBUG Engine               - class com.almasb.fxgl.audio.AudioPlayer
19:45:20.551 [FXGL Background Thread 3 ] DEBUG Engine               - class com.almasb.fxgl.notification.impl.NotificationServiceProvider
19:45:20.551 [FXGL Background Thread 3 ] DEBUG Engine               - class com.almasb.fxgl.achievement.AchievementService
19:45:20.551 [FXGL Background Thread 3 ] DEBUG Engine               - class com.almasb.fxgl.cutscene.CutsceneService
19:45:20.551 [FXGL Background Thread 3 ] DEBUG Engine               - class com.almasb.fxgl.minigames.MiniGameService
19:45:20.551 [FXGL Background Thread 3 ] DEBUG Engine               - class com.almasb.fxgl.net.NetService
19:45:20.551 [FXGL Background Thread 3 ] DEBUG Engine               - class com.almasb.fxgl.app.services.UpdaterService
19:45:20.551 [FXGL Background Thread 3 ] DEBUG Engine               - class com.almasb.fxgl.dev.DevService
19:45:28.154 [JavaFX Application Thread] DEBUG FXGLApplication      - Exiting FXGL
19:45:28.154 [JavaFX Application Thread] DEBUG LoopRunner           - Stopping loop
19:45:28.155 [JavaFX Application Thread] DEBUG SystemBundleService  - Saving FXGL system data
19:45:28.156 [JavaFX Application Thread] DEBUG FileSystemAccess     - Writing to: D:\J\Work\theGame\system\fxgl.bundle
19:45:28.158 [JavaFX Application Thread] DEBUG Async                - Shutting down background threads
19:45:28.158 [JavaFX Application Thread] DEBUG PrimaryStageWindow   - Closing main window
19:45:28.166 [JavaFX Application Thread] DEBUG Logger               - Closing Logger
