19:51:05.857 [main                     ] DEBUG Logger               - Configured Logger
19:51:05.881 [main                     ] DEBUG GameApplication      - Logging settings
Title: Dawnseeker
Version: 0.1
Width: 1024
Height: 1024
Fullscreen: false
Intro: false
Profiling: false
Single step:false
App Mode: DEVELOPER
Menu Key: ESCAPE
Stage Style: DECORATED
Scene Factory: class com.almasb.fxgl.app.scene.SceneFactory

19:51:06.200 [JavaFX Application Thread] DEBUG FXGLApplication      - Initializing FXGL
19:51:06.204 [JavaFX Application Thread] INFO  Engine               - FXGL-17.2 (20.08.2022 16.50) on WINDOWS (J:17.0.6 FX:18)
19:51:06.204 [JavaFX Application Thread] DEBUG Engine               - JRE Vendor Name: Eclipse Adoptium
19:51:06.205 [JavaFX Application Thread] DEBUG Engine               - Running on OS: Windows 10 version 10.0
19:51:06.205 [JavaFX Application Thread] DEBUG Engine               - Architecture: amd64
19:51:06.205 [JavaFX Application Thread] INFO  Engine               - Source code and latest versions at: https://github.com/AlmasB/FXGL
19:51:06.205 [JavaFX Application Thread] INFO  Engine               -       Ask questions and discuss at: https://github.com/AlmasB/FXGL/discussions
19:51:06.205 [JavaFX Application Thread] INFO  Engine               -              Join the FXGL chat at: https://gitter.im/AlmasB/FXGL
19:51:06.297 [JavaFX Application Thread] DEBUG PrimaryStageWindow   - Creating a JavaFX scene
19:51:06.329 [JavaFX Application Thread] DEBUG PrimaryStageWindow   - Target settings size: 1024.0 x 1024.0
19:51:06.329 [JavaFX Application Thread] DEBUG PrimaryStageWindow   - Scaled scene size:    1024.0 x 1024.0
19:51:06.329 [JavaFX Application Thread] DEBUG PrimaryStageWindow   - Scaled ratio: (1.0, 1.0)
19:51:06.330 [JavaFX Application Thread] DEBUG PrimaryStageWindow   - Set initial scene to FXGLStartupScene
19:51:06.336 [JavaFX Application Thread] DEBUG PrimaryStageWindow   - Opening main window
19:51:06.396 [JavaFX Application Thread] DEBUG PrimaryStageWindow   - Window border size: (16.0, 39.0)
19:51:06.397 [JavaFX Application Thread] DEBUG PrimaryStageWindow   - Scaled size: 1024.0 x 1024.0
19:51:06.397 [JavaFX Application Thread] DEBUG PrimaryStageWindow   - Scaled ratio: (1.0, 1.0)
19:51:06.397 [JavaFX Application Thread] DEBUG PrimaryStageWindow   - Scene size: 1024.0 x 1024.0
19:51:06.397 [JavaFX Application Thread] DEBUG PrimaryStageWindow   - Stage size: 1040.0 x 1063.0
19:51:06.401 [FXGL Background Thread 1 ] DEBUG Engine               - Initializing environment variables
19:51:06.430 [FXGL Background Thread 1 ] DEBUG FXGLAssetLoaderServi - User app class for loading assets: class Dawnseeker.DawnseekerApp
19:51:06.431 [FXGL Background Thread 1 ] DEBUG GameApplicationServi - Applying CSS: fxgl_dark.css
19:51:06.432 [FXGL Background Thread 1 ] DEBUG FXGLAssetLoaderServi - Loading from file system: jar:file:/C:/Users/garre/.m2/repository/com/github/almasb/fxgl/17.2/fxgl-17.2.jar!/fxglassets/ui/css/fxgl_dark.css
19:51:06.461 [FXGL Background Thread 1 ] DEBUG GameApplicationServi - Initializing application scenes
19:51:06.495 [FXGL Background Thread 1 ] DEBUG GameWorld            - Game world initialized
19:51:06.539 [FXGL Background Thread 1 ] DEBUG PhysicsWorld         - Physics world initialized: appHeight=1024, physics.ppm=50.0
19:51:06.539 [FXGL Background Thread 1 ] DEBUG PhysicsWorld         - Using strategy: BRUTE_FORCE
19:51:06.543 [FXGL Background Thread 1 ] DEBUG GameScene            - Game scene initialized: 1024x1024
19:51:06.558 [FXGL Background Thread 1 ] DEBUG FXGL.DefaultMenu     - createMenuBodyMainMenu()
19:51:06.568 [FXGL Background Thread 1 ] DEBUG FXGL.DefaultMenu     - createOptionsMenu()
19:51:06.578 [FXGL Background Thread 1 ] DEBUG FXGLAssetLoaderServi - Loading from file system: jar:file:/C:/Users/garre/.m2/repository/com/github/almasb/fxgl/17.2/fxgl-17.2.jar!/fxglassets/textures/particles/smoke.png
19:51:06.659 [FXGL Background Thread 1 ] DEBUG FXGLAssetLoaderServi - Loading from file system: jar:file:/C:/Users/garre/.m2/repository/com/github/almasb/fxgl/17.2/fxgl-17.2.jar!/fxglassets/textures/particles/trace_horizontal.png
19:51:06.679 [FXGL Background Thread 1 ] DEBUG FXGL.DefaultMenu     - createMenuBodyGameMenu()
19:51:06.680 [FXGL Background Thread 1 ] DEBUG FXGL.DefaultMenu     - createOptionsMenu()
19:51:06.692 [FXGL Background Thread 1 ] DEBUG GameApplicationServi - Application scenes initialized
19:51:06.701 [FXGL Background Thread 1 ] DEBUG SystemBundleService  - Loading FXGL system data
19:51:06.706 [FXGL Background Thread 1 ] DEBUG FileSystemAccess     - Reading from: D:\J\Work\theGame\system\fxgl.bundle
19:51:06.711 [FXGL Background Thread 1 ] DEBUG SystemBundleService  - Bundle FXGL: {}
19:51:06.711 [FXGL Background Thread 1 ] DEBUG UpdaterService       - Checking for updates
19:51:06.714 [FXGL Background Thread 4 ] DEBUG FXGLApplication      - Loading fonts
19:51:06.715 [FXGL Background Thread 4 ] DEBUG FXGLAssetLoaderServi - Loading from file system: jar:file:/C:/Users/garre/.m2/repository/com/github/almasb/fxgl/17.2/fxgl-17.2.jar!/fxglassets/ui/fonts/VarelaRound-Regular.ttf
19:51:06.715 [FXGL Background Thread 1 ] DEBUG FXGLApplication      - Loading default localization
19:51:06.716 [FXGL Background Thread 1 ] DEBUG FXGLAssetLoaderServi - Loading from file system: jar:file:/C:/Users/garre/.m2/repository/com/github/almasb/fxgl/17.2/fxgl-17.2.jar!/fxglassets/languages/english.lang
19:51:06.736 [FXGL Background Thread 1 ] INFO  FXGLApplication      - FXGL initialization took: 0.334 sec
19:51:06.745 [JavaFX Application Thread] DEBUG Input                - Registered new binding: action0 - W
19:51:06.746 [JavaFX Application Thread] DEBUG Input                - Registered new binding: action1 - S
19:51:06.746 [JavaFX Application Thread] DEBUG Input                - Registered new binding: action2 - A
19:51:06.747 [JavaFX Application Thread] DEBUG Input                - Registered new binding: action3 - D
19:51:06.748 [JavaFX Application Thread] DEBUG Input                - Registered new binding: action4 - LMB
19:51:06.749 [JavaFX Application Thread] DEBUG FXGLAssetLoaderServi - Loading from file system: jar:file:/C:/Users/garre/.m2/repository/com/github/almasb/fxgl/17.2/fxgl-17.2.jar!/fxglassets/textures/fxgl_icon.png
19:51:06.764 [JavaFX Application Thread] DEBUG FXGLAssetLoaderServi - Loading from file system: jar:file:/C:/Users/garre/.m2/repository/com/github/almasb/fxgl/17.2/fxgl-17.2.jar!/fxglassets/textures/fxgl_default_cursor.png
19:51:06.766 [JavaFX Application Thread] DEBUG Input                - Registered new binding: Screenshot - CTRL+8
19:51:06.767 [JavaFX Application Thread] DEBUG Input                - Registered new binding: System info dump - CTRL+9
19:51:06.767 [JavaFX Application Thread] DEBUG Input                - Registered new binding: Restart - CTRL+R
19:51:06.769 [JavaFX Application Thread] DEBUG Input                - Registered new binding: Toggle Debug Camera - CTRL+7
19:51:06.773 [JavaFX Application Thread] DEBUG LoopRunner           - Starting loop
19:51:06.773 [JavaFX Application Thread] DEBUG LoopRunner           - Initializing JavaFX AnimationTimerLoop
19:51:06.776 [JavaFX Application Thread] DEBUG Input                - Clearing active input actions
19:51:06.777 [FXGL Background Thread 4 ] DEBUG FXGLAssetLoaderServi - Loading from file system: jar:file:/C:/Users/garre/.m2/repository/com/github/almasb/fxgl/17.2/fxgl-17.2.jar!/fxglassets/ui/fonts/Abel-Regular.ttf
19:51:06.782 [JavaFX Application Thread] DEBUG GameApplicationServi - Removing overlay from FXGLStartupScene and adding to FXGLMainMenuDummyScene
19:51:06.782 [JavaFX Application Thread] DEBUG PrimaryStageWindow   - FXGLStartupScene -> FXGLMainMenuDummyScene
19:51:06.782 [JavaFX Application Thread] DEBUG PrimaryStageWindow   - Push state: FXGLDefaultMenu
19:51:06.786 [FXGL Background Thread 4 ] DEBUG FXGLAssetLoaderServi - Loading from file system: jar:file:/C:/Users/garre/.m2/repository/com/github/almasb/fxgl/17.2/fxgl-17.2.jar!/fxglassets/ui/fonts/TerminalLandMono-Regular.otf
19:51:06.794 [JavaFX Application Thread] DEBUG Input                - Clearing active input actions
19:51:06.796 [FXGL Background Thread 4 ] DEBUG FXGLAssetLoaderServi - Loading from file system: jar:file:/C:/Users/garre/.m2/repository/com/github/almasb/fxgl/17.2/fxgl-17.2.jar!/fxglassets/ui/fonts/Courier-Prime.ttf
19:51:06.808 [JavaFX Application Thread] DEBUG GameApplicationServi - Removing overlay from FXGLMainMenuDummyScene and adding to FXGLDefaultMenu
19:51:06.809 [JavaFX Application Thread] DEBUG PrimaryStageWindow   - FXGLMainMenuDummyScene -> FXGLDefaultMenu
19:51:06.878 [JavaFX Application Thread] DEBUG FXGLApplication      - Registering font factories with UI factory
19:51:08.278 [JavaFX Application Thread] DEBUG Menu                 - fireNewGame()
19:51:08.278 [JavaFX Application Thread] DEBUG GameApplicationServi - Starting new game
19:51:08.279 [JavaFX Application Thread] DEBUG PrimaryStageWindow   - Pop state: FXGLDefaultMenu
19:51:08.279 [JavaFX Application Thread] DEBUG Input                - Clearing active input actions
19:51:08.280 [JavaFX Application Thread] DEBUG GameApplicationServi - Removing overlay from FXGLDefaultMenu and adding to FXGLMainMenuDummyScene
19:51:08.280 [JavaFX Application Thread] DEBUG PrimaryStageWindow   - FXGLMainMenuDummyScene <- FXGLDefaultMenu
19:51:08.280 [JavaFX Application Thread] DEBUG Input                - Clearing active input actions
19:51:08.285 [JavaFX Application Thread] DEBUG GameApplicationServi - Removing overlay from FXGLMainMenuDummyScene and adding to FXGLLoadingScene
19:51:08.285 [JavaFX Application Thread] DEBUG PrimaryStageWindow   - FXGLMainMenuDummyScene -> FXGLLoadingScene
19:51:08.286 [JavaFX Application Thread] DEBUG GameApplicationServi - Clearing previous game
19:51:08.286 [JavaFX Application Thread] DEBUG GameScene            - Clearing game scene
19:51:08.286 [JavaFX Application Thread] DEBUG GameWorld            - Clearing game world
19:51:08.286 [JavaFX Application Thread] DEBUG PhysicsWorld         - Clearing physics world
19:51:08.288 [FXGL Background Thread 2 ] DEBUG FXGLApplication      - Initializing game
19:51:08.308 [FXGL Background Thread 2 ] WARN  GameWorld            - Entity is already attached to world
19:51:08.310 [FXGL Background Thread 2 ] WARN  GameWorld            - Entity is already attached to world
19:51:08.310 [FXGL Background Thread 2 ] WARN  GameWorld            - Entity is already attached to world
19:51:08.311 [FXGL Background Thread 2 ] WARN  GameWorld            - Entity is already attached to world
19:51:08.311 [FXGL Background Thread 2 ] WARN  GameWorld            - Entity is already attached to world
19:51:08.325 [FXGL Background Thread 2 ] INFO  FXGLApplication      - Game initialization took: 0.037 sec
19:51:08.326 [JavaFX Application Thread] DEBUG Input                - Clearing active input actions
19:51:08.329 [JavaFX Application Thread] DEBUG GameApplicationServi - Removing overlay from FXGLLoadingScene and adding to GameScene
19:51:08.330 [JavaFX Application Thread] DEBUG PrimaryStageWindow   - FXGLLoadingScene -> GameScene
19:51:09.715 [FXGL Background Thread 3 ] DEBUG Engine               - Logging environment variables
19:51:09.716 [FXGL Background Thread 3 ] DEBUG Engine               - achievements: []
19:51:09.717 [FXGL Background Thread 3 ] DEBUG Engine               - actualHeight: 1024.0
19:51:09.717 [FXGL Background Thread 3 ] DEBUG Engine               - actualHeightProperty: ReadOnlyDoubleProperty [value: 1024.0]
19:51:09.717 [FXGL Background Thread 3 ] DEBUG Engine               - actualWidth: 1024.0
19:51:09.718 [FXGL Background Thread 3 ] DEBUG Engine               - actualWidthProperty: ReadOnlyDoubleProperty [value: 1024.0]
19:51:09.718 [FXGL Background Thread 3 ] DEBUG Engine               - appIcon: fxgl_icon.png
19:51:09.718 [FXGL Background Thread 3 ] DEBUG Engine               - applicationMode: DEVELOPER
19:51:09.718 [FXGL Background Thread 3 ] DEBUG Engine               - cSSList: [fxgl_dark.css]
19:51:09.718 [FXGL Background Thread 3 ] DEBUG Engine               - collisionDetectionStrategy: BRUTE_FORCE
19:51:09.719 [FXGL Background Thread 3 ] DEBUG Engine               - configClass: Optional.empty
19:51:09.719 [FXGL Background Thread 3 ] DEBUG Engine               - credits: []
19:51:09.722 [FXGL Background Thread 3 ] DEBUG Engine               - defaultCursor: CursorInfo(imageName=fxgl_default_cursor.png, hotspotX=7.0, hotspotY=6.0)
19:51:09.723 [FXGL Background Thread 3 ] DEBUG Engine               - devBBoxColorProperty: ObjectProperty [value: 0xff0000ff]
19:51:09.723 [FXGL Background Thread 3 ] DEBUG Engine               - devEnableDebugCameraProperty: BooleanProperty [value: false]
19:51:09.723 [FXGL Background Thread 3 ] DEBUG Engine               - devSensorColorProperty: ObjectProperty [value: 0xffff00ff]
19:51:09.723 [FXGL Background Thread 3 ] DEBUG Engine               - devShowBBoxProperty: BooleanProperty [value: false]
19:51:09.724 [FXGL Background Thread 3 ] DEBUG Engine               - devShowPositionProperty: BooleanProperty [value: false]
19:51:09.724 [FXGL Background Thread 3 ] DEBUG Engine               - enabledMenuItems: []
19:51:09.724 [FXGL Background Thread 3 ] DEBUG Engine               - engineServices: [class com.almasb.fxgl.app.services.FXGLAssetLoaderService, class com.almasb.fxgl.app.FXGLApplication$GameApplicationService, class com.almasb.fxgl.app.services.FXGLDialogService, class com.almasb.fxgl.app.services.IOTaskExecutorService, class com.almasb.fxgl.io.FileSystemService, class com.almasb.fxgl.localization.LocalizationService, class com.almasb.fxgl.app.services.SystemBundleService, class com.almasb.fxgl.profile.SaveLoadService, class com.almasb.fxgl.ui.FXGLUIFactoryServiceProvider, class com.almasb.fxgl.ui.FXGLDialogFactoryServiceProvider, class com.almasb.fxgl.audio.AudioPlayer, class com.almasb.fxgl.notification.impl.NotificationServiceProvider, class com.almasb.fxgl.achievement.AchievementService, class com.almasb.fxgl.cutscene.CutsceneService, class com.almasb.fxgl.minigames.MiniGameService, class com.almasb.fxgl.net.NetService, class com.almasb.fxgl.app.services.UpdaterService, class com.almasb.fxgl.dev.DevService]
19:51:09.724 [FXGL Background Thread 3 ] DEBUG Engine               - fontGame: Abel-Regular.ttf
19:51:09.724 [FXGL Background Thread 3 ] DEBUG Engine               - fontMono: TerminalLandMono-Regular.otf
19:51:09.725 [FXGL Background Thread 3 ] DEBUG Engine               - fontText: Courier-Prime.ttf
19:51:09.725 [FXGL Background Thread 3 ] DEBUG Engine               - fontUI: VarelaRound-Regular.ttf
19:51:09.725 [FXGL Background Thread 3 ] DEBUG Engine               - fullScreen: BooleanProperty [value: false]
19:51:09.725 [FXGL Background Thread 3 ] DEBUG Engine               - gameDifficulty: MEDIUM
19:51:09.725 [FXGL Background Thread 3 ] DEBUG Engine               - gameDifficultyProperty: ObjectProperty [value: MEDIUM]
19:51:09.726 [FXGL Background Thread 3 ] DEBUG Engine               - globalMusicVolume: 0.5
19:51:09.726 [FXGL Background Thread 3 ] DEBUG Engine               - globalMusicVolumeProperty: DoubleProperty [value: 0.5]
19:51:09.726 [FXGL Background Thread 3 ] DEBUG Engine               - globalSoundVolume: 0.5
19:51:09.726 [FXGL Background Thread 3 ] DEBUG Engine               - globalSoundVolumeProperty: DoubleProperty [value: 0.5]
19:51:09.727 [FXGL Background Thread 3 ] DEBUG Engine               - height: 1024
19:51:09.727 [FXGL Background Thread 3 ] DEBUG Engine               - is3D: false
19:51:09.727 [FXGL Background Thread 3 ] DEBUG Engine               - isAndroid: false
19:51:09.727 [FXGL Background Thread 3 ] DEBUG Engine               - isBrowser: false
19:51:09.727 [FXGL Background Thread 3 ] DEBUG Engine               - isClickFeedbackEnabled: false
19:51:09.727 [FXGL Background Thread 3 ] DEBUG Engine               - isCloseConfirmation: false
19:51:09.727 [FXGL Background Thread 3 ] DEBUG Engine               - isDesktop: true
19:51:09.728 [FXGL Background Thread 3 ] DEBUG Engine               - isDeveloperMenuEnabled: false
19:51:09.728 [FXGL Background Thread 3 ] DEBUG Engine               - isEmbedded: false
19:51:09.728 [FXGL Background Thread 3 ] DEBUG Engine               - isEntityPreloadEnabled: true
19:51:09.728 [FXGL Background Thread 3 ] DEBUG Engine               - isExperimentalTiledLargeMap: false
19:51:09.728 [FXGL Background Thread 3 ] DEBUG Engine               - isFileSystemWriteAllowed: true
19:51:09.728 [FXGL Background Thread 3 ] DEBUG Engine               - isFullScreenAllowed: false
19:51:09.728 [FXGL Background Thread 3 ] DEBUG Engine               - isFullScreenFromStart: false
19:51:09.728 [FXGL Background Thread 3 ] DEBUG Engine               - isGameMenuEnabled: true
19:51:09.728 [FXGL Background Thread 3 ] DEBUG Engine               - isIOS: false
19:51:09.728 [FXGL Background Thread 3 ] DEBUG Engine               - isIntroEnabled: false
19:51:09.728 [FXGL Background Thread 3 ] DEBUG Engine               - isLinux: false
19:51:09.728 [FXGL Background Thread 3 ] DEBUG Engine               - isMac: false
19:51:09.728 [FXGL Background Thread 3 ] DEBUG Engine               - isMainMenuEnabled: true
19:51:09.728 [FXGL Background Thread 3 ] DEBUG Engine               - isManualResizeEnabled: false
19:51:09.728 [FXGL Background Thread 3 ] DEBUG Engine               - isMobile: false
19:51:09.728 [FXGL Background Thread 3 ] DEBUG Engine               - isNative: false
19:51:09.728 [FXGL Background Thread 3 ] DEBUG Engine               - isPauseMusicWhenMinimized: true
19:51:09.728 [FXGL Background Thread 3 ] DEBUG Engine               - isPreserveResizeRatio: false
19:51:09.728 [FXGL Background Thread 3 ] DEBUG Engine               - isProfilingEnabled: false
19:51:09.728 [FXGL Background Thread 3 ] DEBUG Engine               - isScaleAffectedOnResize: true
19:51:09.728 [FXGL Background Thread 3 ] DEBUG Engine               - isSingleStep: false
19:51:09.728 [FXGL Background Thread 3 ] DEBUG Engine               - isUserProfileEnabled: false
19:51:09.728 [FXGL Background Thread 3 ] DEBUG Engine               - isWindows: true
19:51:09.728 [FXGL Background Thread 3 ] DEBUG Engine               - language: ObjectProperty [value: ENGLISH]
19:51:09.728 [FXGL Background Thread 3 ] DEBUG Engine               - menuKey: ESCAPE
19:51:09.729 [FXGL Background Thread 3 ] DEBUG Engine               - mouseSensitivity: 0.2
19:51:09.729 [FXGL Background Thread 3 ] DEBUG Engine               - notificationViewClass: class com.almasb.fxgl.notification.view.XboxNotificationView
19:51:09.729 [FXGL Background Thread 3 ] DEBUG Engine               - pixelsPerMeter: 50.0
19:51:09.729 [FXGL Background Thread 3 ] DEBUG Engine               - platform: WINDOWS
19:51:09.729 [FXGL Background Thread 3 ] DEBUG Engine               - prefHeightProperty: ReadOnlyDoubleProperty [value: 1024.0]
19:51:09.729 [FXGL Background Thread 3 ] DEBUG Engine               - prefWidthProperty: ReadOnlyDoubleProperty [value: 1024.0]
19:51:09.729 [FXGL Background Thread 3 ] DEBUG Engine               - profileDir: profiles/
19:51:09.729 [FXGL Background Thread 3 ] DEBUG Engine               - profileName: StringProperty [value: DEFAULT]
19:51:09.729 [FXGL Background Thread 3 ] DEBUG Engine               - randomSeed: -1
19:51:09.729 [FXGL Background Thread 3 ] DEBUG Engine               - runtimeInfo: RuntimeInfo(platform=WINDOWS, version=17.2, build=20.08.2022 16.50)
19:51:09.730 [FXGL Background Thread 3 ] DEBUG Engine               - saveFileExt: sav
19:51:09.730 [FXGL Background Thread 3 ] DEBUG Engine               - scaledHeightProp$fxgl: DoubleProperty [bound, value: 1024.0]
19:51:09.730 [FXGL Background Thread 3 ] DEBUG Engine               - scaledWidthProp$fxgl: DoubleProperty [bound, value: 1024.0]
19:51:09.730 [FXGL Background Thread 3 ] DEBUG Engine               - sceneFactory: com.almasb.fxgl.app.scene.SceneFactory@209bb4ce
19:51:09.730 [FXGL Background Thread 3 ] DEBUG Engine               - secondsIn24h: 60
19:51:09.730 [FXGL Background Thread 3 ] DEBUG Engine               - soundMenuBack: menu/back.wav
19:51:09.730 [FXGL Background Thread 3 ] DEBUG Engine               - soundMenuPress: menu/press.wav
19:51:09.730 [FXGL Background Thread 3 ] DEBUG Engine               - soundMenuSelect: menu/select.wav
19:51:09.730 [FXGL Background Thread 3 ] DEBUG Engine               - soundNotification: core/notification.wav
19:51:09.730 [FXGL Background Thread 3 ] DEBUG Engine               - stageStyle: DECORATED
19:51:09.730 [FXGL Background Thread 3 ] DEBUG Engine               - supportedLanguages: [ENGLISH, FRENCH, GERMAN, HUNGARIAN, RUSSIAN]
19:51:09.730 [FXGL Background Thread 3 ] DEBUG Engine               - ticksPerSecond: -1
19:51:09.730 [FXGL Background Thread 3 ] DEBUG Engine               - title: Dawnseeker
19:51:09.730 [FXGL Background Thread 3 ] DEBUG Engine               - urlGithub: https://github.com/AlmasB/FXGL
19:51:09.730 [FXGL Background Thread 3 ] DEBUG Engine               - urlLeaderboard: http://fxgl-top.herokuapp.com/
19:51:09.730 [FXGL Background Thread 3 ] DEBUG Engine               - urlPOM: https://raw.githubusercontent.com/AlmasB/FXGL/release/README.md
19:51:09.730 [FXGL Background Thread 3 ] DEBUG Engine               - userAppClass: class Dawnseeker.DawnseekerApp
19:51:09.730 [FXGL Background Thread 3 ] DEBUG Engine               - version: 0.1
19:51:09.730 [FXGL Background Thread 3 ] DEBUG Engine               - versionCheckDays: 7
19:51:09.731 [FXGL Background Thread 3 ] DEBUG Engine               - width: 1024
19:51:09.731 [FXGL Background Thread 3 ] DEBUG Engine               - Logging services
19:51:09.731 [FXGL Background Thread 3 ] DEBUG Engine               - class com.almasb.fxgl.app.services.FXGLAssetLoaderService
19:51:09.731 [FXGL Background Thread 3 ] DEBUG Engine               - class com.almasb.fxgl.app.FXGLApplication$GameApplicationService
19:51:09.731 [FXGL Background Thread 3 ] DEBUG Engine               - class com.almasb.fxgl.app.services.FXGLDialogService
19:51:09.731 [FXGL Background Thread 3 ] DEBUG Engine               - class com.almasb.fxgl.app.services.IOTaskExecutorService
19:51:09.731 [FXGL Background Thread 3 ] DEBUG Engine               - class com.almasb.fxgl.io.FileSystemService
19:51:09.731 [FXGL Background Thread 3 ] DEBUG Engine               - class com.almasb.fxgl.localization.LocalizationService
19:51:09.731 [FXGL Background Thread 3 ] DEBUG Engine               - class com.almasb.fxgl.app.services.SystemBundleService
19:51:09.731 [FXGL Background Thread 3 ] DEBUG Engine               - class com.almasb.fxgl.profile.SaveLoadService
19:51:09.731 [FXGL Background Thread 3 ] DEBUG Engine               - class com.almasb.fxgl.ui.FXGLUIFactoryServiceProvider
19:51:09.731 [FXGL Background Thread 3 ] DEBUG Engine               - class com.almasb.fxgl.ui.FXGLDialogFactoryServiceProvider
19:51:09.731 [FXGL Background Thread 3 ] DEBUG Engine               - class com.almasb.fxgl.audio.AudioPlayer
19:51:09.731 [FXGL Background Thread 3 ] DEBUG Engine               - class com.almasb.fxgl.notification.impl.NotificationServiceProvider
19:51:09.731 [FXGL Background Thread 3 ] DEBUG Engine               - class com.almasb.fxgl.achievement.AchievementService
19:51:09.731 [FXGL Background Thread 3 ] DEBUG Engine               - class com.almasb.fxgl.cutscene.CutsceneService
19:51:09.731 [FXGL Background Thread 3 ] DEBUG Engine               - class com.almasb.fxgl.minigames.MiniGameService
19:51:09.731 [FXGL Background Thread 3 ] DEBUG Engine               - class com.almasb.fxgl.net.NetService
19:51:09.731 [FXGL Background Thread 3 ] DEBUG Engine               - class com.almasb.fxgl.app.services.UpdaterService
19:51:09.731 [FXGL Background Thread 3 ] DEBUG Engine               - class com.almasb.fxgl.dev.DevService
19:52:59.355 [JavaFX Application Thread] DEBUG FXGLApplication      - Exiting FXGL
19:52:59.355 [JavaFX Application Thread] DEBUG LoopRunner           - Stopping loop
19:52:59.355 [JavaFX Application Thread] DEBUG SystemBundleService  - Saving FXGL system data
19:52:59.356 [JavaFX Application Thread] DEBUG FileSystemAccess     - Writing to: D:\J\Work\theGame\system\fxgl.bundle
19:52:59.358 [JavaFX Application Thread] DEBUG Async                - Shutting down background threads
19:52:59.358 [JavaFX Application Thread] DEBUG PrimaryStageWindow   - Closing main window
19:52:59.366 [JavaFX Application Thread] DEBUG Logger               - Closing Logger
