00:23:38.505 [main                     ] DEBUG Logger               - Configured Logger
00:23:38.547 [main                     ] DEBUG GameApplication      - Logging settings
Title: Dawnseeker
Version: 0.2
Width: 1024
Height: 1024
Fullscreen: false
Intro: false
Profiling: false
Single step:false
App Mode: DEVELOPER
Menu Key: ESCAPE
Stage Style: DECORATED
Scene Factory: class com.almasb.fxgl.app.scene.SceneFactory

00:23:39.041 [JavaFX Application Thread] DEBUG FXGLApplication      - Initializing FXGL
00:23:39.047 [JavaFX Application Thread] INFO  Engine               - FXGL-17.2 (20.08.2022 16.50) on WINDOWS (J:17.0.6 FX:18)
00:23:39.048 [JavaFX Application Thread] DEBUG Engine               - JRE Vendor Name: Eclipse Adoptium
00:23:39.048 [JavaFX Application Thread] DEBUG Engine               - Running on OS: Windows 10 version 10.0
00:23:39.048 [JavaFX Application Thread] DEBUG Engine               - Architecture: amd64
00:23:39.048 [JavaFX Application Thread] INFO  Engine               - Source code and latest versions at: https://github.com/AlmasB/FXGL
00:23:39.048 [JavaFX Application Thread] INFO  Engine               -       Ask questions and discuss at: https://github.com/AlmasB/FXGL/discussions
00:23:39.049 [JavaFX Application Thread] INFO  Engine               -              Join the FXGL chat at: https://gitter.im/AlmasB/FXGL
00:23:39.207 [JavaFX Application Thread] DEBUG PrimaryStageWindow   - Creating a JavaFX scene
00:23:39.208 [JavaFX Application Thread] DEBUG PrimaryStageWindow   - Target size > screen size
00:23:39.267 [JavaFX Application Thread] DEBUG PrimaryStageWindow   - Target settings size: 1024.0 x 1024.0
00:23:39.267 [JavaFX Application Thread] DEBUG PrimaryStageWindow   - Scaled scene size:    799.0 x 824.0
00:23:39.268 [JavaFX Application Thread] DEBUG PrimaryStageWindow   - Scaled ratio: (0.7802734375, 0.8046875)
00:23:39.269 [JavaFX Application Thread] DEBUG PrimaryStageWindow   - Set initial scene to FXGLStartupScene
00:23:39.279 [JavaFX Application Thread] DEBUG PrimaryStageWindow   - Opening main window
00:23:39.399 [JavaFX Application Thread] DEBUG PrimaryStageWindow   - Window border size: (14.5999755859375, 37.5999755859375)
00:23:39.400 [JavaFX Application Thread] DEBUG PrimaryStageWindow   - Scaled size: 799.0 x 824.0
00:23:39.400 [JavaFX Application Thread] DEBUG PrimaryStageWindow   - Scaled ratio: (0.7802734375, 0.8046875)
00:23:39.400 [JavaFX Application Thread] DEBUG PrimaryStageWindow   - Scene size: 799.0 x 824.0
00:23:39.401 [JavaFX Application Thread] DEBUG PrimaryStageWindow   - Stage size: 813.5999755859375 x 861.5999755859375
00:23:39.421 [FXGL Background Thread 1 ] DEBUG Engine               - Initializing environment variables
00:23:39.548 [FXGL Background Thread 1 ] DEBUG FXGLAssetLoaderServi - User app class for loading assets: class myGame.DawnseekerApp
00:23:39.549 [FXGL Background Thread 1 ] DEBUG GameApplicationServi - Applying CSS: fxgl_dark.css
00:23:39.550 [FXGL Background Thread 1 ] DEBUG FXGLAssetLoaderServi - Loading from file system: jar:file:/C:/Users/USER/.m2/repository/com/github/almasb/fxgl/17.2/fxgl-17.2.jar!/fxglassets/ui/css/fxgl_dark.css
00:23:39.652 [FXGL Background Thread 1 ] DEBUG GameApplicationServi - Initializing application scenes
00:23:39.740 [FXGL Background Thread 1 ] DEBUG GameWorld            - Game world initialized
00:23:39.810 [FXGL Background Thread 1 ] DEBUG PhysicsWorld         - Physics world initialized: appHeight=1024, physics.ppm=50.0
00:23:39.810 [FXGL Background Thread 1 ] DEBUG PhysicsWorld         - Using strategy: BRUTE_FORCE
00:23:39.817 [FXGL Background Thread 1 ] DEBUG GameScene            - Game scene initialized: 1024x1024
00:23:39.842 [FXGL Background Thread 1 ] DEBUG FXGL.DefaultMenu     - createMenuBodyMainMenu()
00:23:39.874 [FXGL Background Thread 1 ] DEBUG FXGL.DefaultMenu     - createOptionsMenu()
00:23:39.892 [FXGL Background Thread 1 ] DEBUG FXGLAssetLoaderServi - Loading from file system: jar:file:/C:/Users/USER/.m2/repository/com/github/almasb/fxgl/17.2/fxgl-17.2.jar!/fxglassets/textures/particles/smoke.png
00:23:40.024 [FXGL Background Thread 1 ] DEBUG FXGLAssetLoaderServi - Loading from file system: jar:file:/C:/Users/USER/.m2/repository/com/github/almasb/fxgl/17.2/fxgl-17.2.jar!/fxglassets/textures/particles/trace_horizontal.png
00:23:40.054 [FXGL Background Thread 1 ] DEBUG FXGL.DefaultMenu     - createMenuBodyGameMenu()
00:23:40.056 [FXGL Background Thread 1 ] DEBUG FXGL.DefaultMenu     - createOptionsMenu()
00:23:40.074 [FXGL Background Thread 1 ] DEBUG GameApplicationServi - Application scenes initialized
00:23:40.095 [FXGL Background Thread 1 ] DEBUG SystemBundleService  - Loading FXGL system data
00:23:40.106 [FXGL Background Thread 1 ] DEBUG FileSystemAccess     - Reading from: C:\Users\USER\eclipse-workspace\Dawnseeker\system\fxgl.bundle
00:23:40.120 [FXGL Background Thread 1 ] DEBUG SystemBundleService  - Bundle FXGL: {}
00:23:40.120 [FXGL Background Thread 1 ] DEBUG UpdaterService       - Checking for updates
00:23:40.126 [FXGL Background Thread 4 ] DEBUG FXGLApplication      - Loading fonts
00:23:40.127 [FXGL Background Thread 4 ] DEBUG FXGLAssetLoaderServi - Loading from file system: jar:file:/C:/Users/USER/.m2/repository/com/github/almasb/fxgl/17.2/fxgl-17.2.jar!/fxglassets/ui/fonts/VarelaRound-Regular.ttf
00:23:40.128 [FXGL Background Thread 1 ] DEBUG FXGLApplication      - Loading default localization
00:23:40.129 [FXGL Background Thread 1 ] DEBUG FXGLAssetLoaderServi - Loading from file system: jar:file:/C:/Users/USER/.m2/repository/com/github/almasb/fxgl/17.2/fxgl-17.2.jar!/fxglassets/languages/english.lang
00:23:40.165 [FXGL Background Thread 1 ] INFO  FXGLApplication      - FXGL initialization took: 0.744 sec
00:23:40.183 [JavaFX Application Thread] DEBUG Input                - Registered new binding: action0 - W
00:23:40.184 [JavaFX Application Thread] DEBUG Input                - Registered new binding: action1 - S
00:23:40.185 [JavaFX Application Thread] DEBUG Input                - Registered new binding: action2 - A
00:23:40.186 [JavaFX Application Thread] DEBUG Input                - Registered new binding: action3 - D
00:23:40.189 [JavaFX Application Thread] DEBUG Input                - Registered new binding: action4 - LMB
00:23:40.190 [JavaFX Application Thread] DEBUG FXGLAssetLoaderServi - Loading from file system: jar:file:/C:/Users/USER/.m2/repository/com/github/almasb/fxgl/17.2/fxgl-17.2.jar!/fxglassets/textures/fxgl_icon.png
00:23:40.211 [FXGL Background Thread 4 ] DEBUG FXGLAssetLoaderServi - Loading from file system: jar:file:/C:/Users/USER/.m2/repository/com/github/almasb/fxgl/17.2/fxgl-17.2.jar!/fxglassets/ui/fonts/Abel-Regular.ttf
00:23:40.222 [JavaFX Application Thread] DEBUG FXGLAssetLoaderServi - Loading from file system: jar:file:/C:/Users/USER/.m2/repository/com/github/almasb/fxgl/17.2/fxgl-17.2.jar!/fxglassets/textures/fxgl_default_cursor.png
00:23:40.227 [JavaFX Application Thread] DEBUG Input                - Registered new binding: Screenshot - CTRL+8
00:23:40.228 [JavaFX Application Thread] DEBUG Input                - Registered new binding: System info dump - CTRL+9
00:23:40.229 [FXGL Background Thread 4 ] DEBUG FXGLAssetLoaderServi - Loading from file system: jar:file:/C:/Users/USER/.m2/repository/com/github/almasb/fxgl/17.2/fxgl-17.2.jar!/fxglassets/ui/fonts/TerminalLandMono-Regular.otf
00:23:40.229 [JavaFX Application Thread] DEBUG Input                - Registered new binding: Restart - CTRL+R
00:23:40.230 [JavaFX Application Thread] DEBUG Input                - Registered new binding: Toggle Debug Camera - CTRL+7
00:23:40.234 [JavaFX Application Thread] DEBUG LoopRunner           - Starting loop
00:23:40.235 [JavaFX Application Thread] DEBUG LoopRunner           - Initializing JavaFX AnimationTimerLoop
00:23:40.239 [JavaFX Application Thread] DEBUG Input                - Clearing active input actions
00:23:40.242 [FXGL Background Thread 4 ] DEBUG FXGLAssetLoaderServi - Loading from file system: jar:file:/C:/Users/USER/.m2/repository/com/github/almasb/fxgl/17.2/fxgl-17.2.jar!/fxglassets/ui/fonts/Courier-Prime.ttf
00:23:40.248 [JavaFX Application Thread] DEBUG GameApplicationServi - Removing overlay from FXGLStartupScene and adding to FXGLMainMenuDummyScene
00:23:40.249 [JavaFX Application Thread] DEBUG PrimaryStageWindow   - FXGLStartupScene -> FXGLMainMenuDummyScene
00:23:40.249 [JavaFX Application Thread] DEBUG PrimaryStageWindow   - Push state: FXGLDefaultMenu
00:23:40.260 [JavaFX Application Thread] DEBUG Input                - Clearing active input actions
00:23:40.272 [JavaFX Application Thread] DEBUG GameApplicationServi - Removing overlay from FXGLMainMenuDummyScene and adding to FXGLDefaultMenu
00:23:40.273 [JavaFX Application Thread] DEBUG PrimaryStageWindow   - FXGLMainMenuDummyScene -> FXGLDefaultMenu
00:23:40.387 [JavaFX Application Thread] DEBUG FXGLApplication      - Registering font factories with UI factory
00:23:41.564 [JavaFX Application Thread] DEBUG Menu                 - fireNewGame()
00:23:41.564 [JavaFX Application Thread] DEBUG GameApplicationServi - Starting new game
00:23:41.568 [JavaFX Application Thread] DEBUG PrimaryStageWindow   - Pop state: FXGLDefaultMenu
00:23:41.568 [JavaFX Application Thread] DEBUG Input                - Clearing active input actions
00:23:41.571 [JavaFX Application Thread] DEBUG GameApplicationServi - Removing overlay from FXGLDefaultMenu and adding to FXGLMainMenuDummyScene
00:23:41.574 [JavaFX Application Thread] DEBUG PrimaryStageWindow   - FXGLMainMenuDummyScene <- FXGLDefaultMenu
00:23:41.576 [JavaFX Application Thread] DEBUG Input                - Clearing active input actions
00:23:41.602 [JavaFX Application Thread] DEBUG GameApplicationServi - Removing overlay from FXGLMainMenuDummyScene and adding to FXGLLoadingScene
00:23:41.603 [JavaFX Application Thread] DEBUG PrimaryStageWindow   - FXGLMainMenuDummyScene -> FXGLLoadingScene
00:23:41.603 [JavaFX Application Thread] DEBUG GameApplicationServi - Clearing previous game
00:23:41.603 [JavaFX Application Thread] DEBUG GameScene            - Clearing game scene
00:23:41.603 [JavaFX Application Thread] DEBUG GameWorld            - Clearing game world
00:23:41.603 [JavaFX Application Thread] DEBUG PhysicsWorld         - Clearing physics world
00:23:41.608 [FXGL Background Thread 2 ] DEBUG FXGLApplication      - Initializing game
00:23:41.624 [FXGL Background Thread 2 ] WARN  FXGLAssetLoaderServi - Asset "/assets/textures/PlayerCharacterDawnseeker.png" was not found!
00:23:41.625 [FXGL Background Thread 2 ] WARN  FXGLAssetLoaderServi - Failed to load IMAGE
00:23:41.762 [FXGL Background Thread 2 ] WARN  GameWorld            - Entity is already attached to world
00:23:41.769 [FXGL Background Thread 2 ] WARN  Entity               - Entity already has component: com.almasb.fxgl.entity.components.CollidableComponent
00:23:41.770 [FXGL Background Thread 2 ] WARN  GameWorld            - Entity is already attached to world
00:23:41.773 [FXGL Background Thread 2 ] WARN  Entity               - Entity already has component: com.almasb.fxgl.entity.components.CollidableComponent
00:23:41.774 [FXGL Background Thread 2 ] WARN  GameWorld            - Entity is already attached to world
00:23:41.776 [FXGL Background Thread 2 ] WARN  Entity               - Entity already has component: com.almasb.fxgl.entity.components.CollidableComponent
00:23:41.776 [FXGL Background Thread 2 ] WARN  GameWorld            - Entity is already attached to world
00:23:41.778 [FXGL Background Thread 2 ] WARN  Entity               - Entity already has component: com.almasb.fxgl.entity.components.CollidableComponent
00:23:41.779 [FXGL Background Thread 2 ] WARN  GameWorld            - Entity is already attached to world
00:23:41.869 [FXGL Background Thread 2 ] INFO  FXGLApplication      - Game initialization took: 0.259 sec
00:23:41.892 [JavaFX Application Thread] DEBUG Input                - Clearing active input actions
00:23:41.910 [JavaFX Application Thread] DEBUG GameApplicationServi - Removing overlay from FXGLLoadingScene and adding to GameScene
00:23:41.911 [JavaFX Application Thread] DEBUG PrimaryStageWindow   - FXGLLoadingScene -> GameScene
00:23:42.333 [JavaFX Application Thread] WARN  FXGLAssetLoaderServi - Asset "/assets/textures/EnemyDawnseeker.png" was not found!
00:23:42.334 [JavaFX Application Thread] WARN  FXGLAssetLoaderServi - Failed to load IMAGE
00:23:42.641 [JavaFX Application Thread] WARN  FXGLAssetLoaderServi - Asset "/assets/textures/EnemyDawnseeker.png" was not found!
00:23:42.642 [JavaFX Application Thread] WARN  FXGLAssetLoaderServi - Failed to load IMAGE
00:23:42.945 [JavaFX Application Thread] WARN  FXGLAssetLoaderServi - Asset "/assets/textures/EnemyDawnseeker.png" was not found!
00:23:42.946 [JavaFX Application Thread] WARN  FXGLAssetLoaderServi - Failed to load IMAGE
00:23:43.125 [FXGL Background Thread 3 ] DEBUG Engine               - Logging environment variables
00:23:43.126 [FXGL Background Thread 3 ] DEBUG Engine               - achievements: []
00:23:43.127 [FXGL Background Thread 3 ] DEBUG Engine               - actualHeight: 824.0
00:23:43.127 [FXGL Background Thread 3 ] DEBUG Engine               - actualHeightProperty: ReadOnlyDoubleProperty [value: 824.0]
00:23:43.127 [FXGL Background Thread 3 ] DEBUG Engine               - actualWidth: 799.0
00:23:43.128 [FXGL Background Thread 3 ] DEBUG Engine               - actualWidthProperty: ReadOnlyDoubleProperty [value: 799.0]
00:23:43.128 [FXGL Background Thread 3 ] DEBUG Engine               - appIcon: fxgl_icon.png
00:23:43.128 [FXGL Background Thread 3 ] DEBUG Engine               - applicationMode: DEVELOPER
00:23:43.128 [FXGL Background Thread 3 ] DEBUG Engine               - cSSList: [fxgl_dark.css]
00:23:43.128 [FXGL Background Thread 3 ] DEBUG Engine               - collisionDetectionStrategy: BRUTE_FORCE
00:23:43.128 [FXGL Background Thread 3 ] DEBUG Engine               - configClass: Optional.empty
00:23:43.128 [FXGL Background Thread 3 ] DEBUG Engine               - credits: []
00:23:43.129 [FXGL Background Thread 3 ] DEBUG Engine               - defaultCursor: CursorInfo(imageName=fxgl_default_cursor.png, hotspotX=7.0, hotspotY=6.0)
00:23:43.129 [FXGL Background Thread 3 ] DEBUG Engine               - devBBoxColorProperty: ObjectProperty [value: 0xff0000ff]
00:23:43.129 [FXGL Background Thread 3 ] DEBUG Engine               - devEnableDebugCameraProperty: BooleanProperty [value: false]
00:23:43.130 [FXGL Background Thread 3 ] DEBUG Engine               - devSensorColorProperty: ObjectProperty [value: 0xffff00ff]
00:23:43.130 [FXGL Background Thread 3 ] DEBUG Engine               - devShowBBoxProperty: BooleanProperty [value: false]
00:23:43.130 [FXGL Background Thread 3 ] DEBUG Engine               - devShowPositionProperty: BooleanProperty [value: false]
00:23:43.130 [FXGL Background Thread 3 ] DEBUG Engine               - enabledMenuItems: []
00:23:43.130 [FXGL Background Thread 3 ] DEBUG Engine               - engineServices: [class com.almasb.fxgl.app.services.FXGLAssetLoaderService, class com.almasb.fxgl.app.FXGLApplication$GameApplicationService, class com.almasb.fxgl.app.services.FXGLDialogService, class com.almasb.fxgl.app.services.IOTaskExecutorService, class com.almasb.fxgl.io.FileSystemService, class com.almasb.fxgl.localization.LocalizationService, class com.almasb.fxgl.app.services.SystemBundleService, class com.almasb.fxgl.profile.SaveLoadService, class com.almasb.fxgl.ui.FXGLUIFactoryServiceProvider, class com.almasb.fxgl.ui.FXGLDialogFactoryServiceProvider, class com.almasb.fxgl.audio.AudioPlayer, class com.almasb.fxgl.notification.impl.NotificationServiceProvider, class com.almasb.fxgl.achievement.AchievementService, class com.almasb.fxgl.cutscene.CutsceneService, class com.almasb.fxgl.minigames.MiniGameService, class com.almasb.fxgl.net.NetService, class com.almasb.fxgl.app.services.UpdaterService, class com.almasb.fxgl.dev.DevService]
00:23:43.130 [FXGL Background Thread 3 ] DEBUG Engine               - fontGame: Abel-Regular.ttf
00:23:43.130 [FXGL Background Thread 3 ] DEBUG Engine               - fontMono: TerminalLandMono-Regular.otf
00:23:43.130 [FXGL Background Thread 3 ] DEBUG Engine               - fontText: Courier-Prime.ttf
00:23:43.130 [FXGL Background Thread 3 ] DEBUG Engine               - fontUI: VarelaRound-Regular.ttf
00:23:43.130 [FXGL Background Thread 3 ] DEBUG Engine               - fullScreen: BooleanProperty [value: false]
00:23:43.131 [FXGL Background Thread 3 ] DEBUG Engine               - gameDifficulty: MEDIUM
00:23:43.131 [FXGL Background Thread 3 ] DEBUG Engine               - gameDifficultyProperty: ObjectProperty [value: MEDIUM]
00:23:43.131 [FXGL Background Thread 3 ] DEBUG Engine               - globalMusicVolume: 0.5
00:23:43.131 [FXGL Background Thread 3 ] DEBUG Engine               - globalMusicVolumeProperty: DoubleProperty [value: 0.5]
00:23:43.131 [FXGL Background Thread 3 ] DEBUG Engine               - globalSoundVolume: 0.5
00:23:43.131 [FXGL Background Thread 3 ] DEBUG Engine               - globalSoundVolumeProperty: DoubleProperty [value: 0.5]
00:23:43.131 [FXGL Background Thread 3 ] DEBUG Engine               - height: 1024
00:23:43.131 [FXGL Background Thread 3 ] DEBUG Engine               - is3D: false
00:23:43.131 [FXGL Background Thread 3 ] DEBUG Engine               - isAndroid: false
00:23:43.131 [FXGL Background Thread 3 ] DEBUG Engine               - isBrowser: false
00:23:43.132 [FXGL Background Thread 3 ] DEBUG Engine               - isClickFeedbackEnabled: false
00:23:43.132 [FXGL Background Thread 3 ] DEBUG Engine               - isCloseConfirmation: false
00:23:43.132 [FXGL Background Thread 3 ] DEBUG Engine               - isDesktop: true
00:23:43.132 [FXGL Background Thread 3 ] DEBUG Engine               - isDeveloperMenuEnabled: false
00:23:43.132 [FXGL Background Thread 3 ] DEBUG Engine               - isEmbedded: false
00:23:43.132 [FXGL Background Thread 3 ] DEBUG Engine               - isEntityPreloadEnabled: true
00:23:43.132 [FXGL Background Thread 3 ] DEBUG Engine               - isExperimentalTiledLargeMap: false
00:23:43.132 [FXGL Background Thread 3 ] DEBUG Engine               - isFileSystemWriteAllowed: true
00:23:43.132 [FXGL Background Thread 3 ] DEBUG Engine               - isFullScreenAllowed: false
00:23:43.132 [FXGL Background Thread 3 ] DEBUG Engine               - isFullScreenFromStart: false
00:23:43.132 [FXGL Background Thread 3 ] DEBUG Engine               - isGameMenuEnabled: true
00:23:43.132 [FXGL Background Thread 3 ] DEBUG Engine               - isIOS: false
00:23:43.132 [FXGL Background Thread 3 ] DEBUG Engine               - isIntroEnabled: false
00:23:43.132 [FXGL Background Thread 3 ] DEBUG Engine               - isLinux: false
00:23:43.132 [FXGL Background Thread 3 ] DEBUG Engine               - isMac: false
00:23:43.132 [FXGL Background Thread 3 ] DEBUG Engine               - isMainMenuEnabled: true
00:23:43.133 [FXGL Background Thread 3 ] DEBUG Engine               - isManualResizeEnabled: false
00:23:43.133 [FXGL Background Thread 3 ] DEBUG Engine               - isMobile: false
00:23:43.133 [FXGL Background Thread 3 ] DEBUG Engine               - isNative: false
00:23:43.133 [FXGL Background Thread 3 ] DEBUG Engine               - isPauseMusicWhenMinimized: true
00:23:43.133 [FXGL Background Thread 3 ] DEBUG Engine               - isPreserveResizeRatio: false
00:23:43.133 [FXGL Background Thread 3 ] DEBUG Engine               - isProfilingEnabled: false
00:23:43.133 [FXGL Background Thread 3 ] DEBUG Engine               - isScaleAffectedOnResize: true
00:23:43.133 [FXGL Background Thread 3 ] DEBUG Engine               - isSingleStep: false
00:23:43.133 [FXGL Background Thread 3 ] DEBUG Engine               - isUserProfileEnabled: false
00:23:43.133 [FXGL Background Thread 3 ] DEBUG Engine               - isWindows: true
00:23:43.133 [FXGL Background Thread 3 ] DEBUG Engine               - language: ObjectProperty [value: ENGLISH]
00:23:43.133 [FXGL Background Thread 3 ] DEBUG Engine               - menuKey: ESCAPE
00:23:43.134 [FXGL Background Thread 3 ] DEBUG Engine               - mouseSensitivity: 0.2
00:23:43.134 [FXGL Background Thread 3 ] DEBUG Engine               - notificationViewClass: class com.almasb.fxgl.notification.view.XboxNotificationView
00:23:43.134 [FXGL Background Thread 3 ] DEBUG Engine               - pixelsPerMeter: 50.0
00:23:43.134 [FXGL Background Thread 3 ] DEBUG Engine               - platform: WINDOWS
00:23:43.134 [FXGL Background Thread 3 ] DEBUG Engine               - prefHeightProperty: ReadOnlyDoubleProperty [value: 1024.0]
00:23:43.134 [FXGL Background Thread 3 ] DEBUG Engine               - prefWidthProperty: ReadOnlyDoubleProperty [value: 1024.0]
00:23:43.134 [FXGL Background Thread 3 ] DEBUG Engine               - profileDir: profiles/
00:23:43.134 [FXGL Background Thread 3 ] DEBUG Engine               - profileName: StringProperty [value: DEFAULT]
00:23:43.134 [FXGL Background Thread 3 ] DEBUG Engine               - randomSeed: -1
00:23:43.136 [FXGL Background Thread 3 ] DEBUG Engine               - runtimeInfo: RuntimeInfo(platform=WINDOWS, version=17.2, build=20.08.2022 16.50)
00:23:43.136 [FXGL Background Thread 3 ] DEBUG Engine               - saveFileExt: sav
00:23:43.136 [FXGL Background Thread 3 ] DEBUG Engine               - scaledHeightProp$fxgl: DoubleProperty [bound, value: 824.0]
00:23:43.136 [FXGL Background Thread 3 ] DEBUG Engine               - scaledWidthProp$fxgl: DoubleProperty [bound, value: 799.0]
00:23:43.136 [FXGL Background Thread 3 ] DEBUG Engine               - sceneFactory: com.almasb.fxgl.app.scene.SceneFactory@7813a6d5
00:23:43.136 [FXGL Background Thread 3 ] DEBUG Engine               - secondsIn24h: 60
00:23:43.136 [FXGL Background Thread 3 ] DEBUG Engine               - soundMenuBack: menu/back.wav
00:23:43.136 [FXGL Background Thread 3 ] DEBUG Engine               - soundMenuPress: menu/press.wav
00:23:43.136 [FXGL Background Thread 3 ] DEBUG Engine               - soundMenuSelect: menu/select.wav
00:23:43.136 [FXGL Background Thread 3 ] DEBUG Engine               - soundNotification: core/notification.wav
00:23:43.137 [FXGL Background Thread 3 ] DEBUG Engine               - stageStyle: DECORATED
00:23:43.137 [FXGL Background Thread 3 ] DEBUG Engine               - supportedLanguages: [ENGLISH, FRENCH, GERMAN, HUNGARIAN, RUSSIAN]
00:23:43.137 [FXGL Background Thread 3 ] DEBUG Engine               - ticksPerSecond: -1
00:23:43.137 [FXGL Background Thread 3 ] DEBUG Engine               - title: Dawnseeker
00:23:43.137 [FXGL Background Thread 3 ] DEBUG Engine               - urlGithub: https://github.com/AlmasB/FXGL
00:23:43.137 [FXGL Background Thread 3 ] DEBUG Engine               - urlLeaderboard: http://fxgl-top.herokuapp.com/
00:23:43.137 [FXGL Background Thread 3 ] DEBUG Engine               - urlPOM: https://raw.githubusercontent.com/AlmasB/FXGL/release/README.md
00:23:43.137 [FXGL Background Thread 3 ] DEBUG Engine               - userAppClass: class myGame.DawnseekerApp
00:23:43.138 [FXGL Background Thread 3 ] DEBUG Engine               - version: 0.2
00:23:43.138 [FXGL Background Thread 3 ] DEBUG Engine               - versionCheckDays: 7
00:23:43.138 [FXGL Background Thread 3 ] DEBUG Engine               - width: 1024
00:23:43.139 [FXGL Background Thread 3 ] DEBUG Engine               - Logging services
00:23:43.139 [FXGL Background Thread 3 ] DEBUG Engine               - class com.almasb.fxgl.app.services.FXGLAssetLoaderService
00:23:43.139 [FXGL Background Thread 3 ] DEBUG Engine               - class com.almasb.fxgl.app.FXGLApplication$GameApplicationService
00:23:43.140 [FXGL Background Thread 3 ] DEBUG Engine               - class com.almasb.fxgl.app.services.FXGLDialogService
00:23:43.140 [FXGL Background Thread 3 ] DEBUG Engine               - class com.almasb.fxgl.app.services.IOTaskExecutorService
00:23:43.141 [FXGL Background Thread 3 ] DEBUG Engine               - class com.almasb.fxgl.io.FileSystemService
00:23:43.141 [FXGL Background Thread 3 ] DEBUG Engine               - class com.almasb.fxgl.localization.LocalizationService
00:23:43.141 [FXGL Background Thread 3 ] DEBUG Engine               - class com.almasb.fxgl.app.services.SystemBundleService
00:23:43.141 [FXGL Background Thread 3 ] DEBUG Engine               - class com.almasb.fxgl.profile.SaveLoadService
00:23:43.142 [FXGL Background Thread 3 ] DEBUG Engine               - class com.almasb.fxgl.ui.FXGLUIFactoryServiceProvider
00:23:43.142 [FXGL Background Thread 3 ] DEBUG Engine               - class com.almasb.fxgl.ui.FXGLDialogFactoryServiceProvider
00:23:43.142 [FXGL Background Thread 3 ] DEBUG Engine               - class com.almasb.fxgl.audio.AudioPlayer
00:23:43.142 [FXGL Background Thread 3 ] DEBUG Engine               - class com.almasb.fxgl.notification.impl.NotificationServiceProvider
00:23:43.142 [FXGL Background Thread 3 ] DEBUG Engine               - class com.almasb.fxgl.achievement.AchievementService
00:23:43.143 [FXGL Background Thread 3 ] DEBUG Engine               - class com.almasb.fxgl.cutscene.CutsceneService
00:23:43.143 [FXGL Background Thread 3 ] DEBUG Engine               - class com.almasb.fxgl.minigames.MiniGameService
00:23:43.143 [FXGL Background Thread 3 ] DEBUG Engine               - class com.almasb.fxgl.net.NetService
00:23:43.143 [FXGL Background Thread 3 ] DEBUG Engine               - class com.almasb.fxgl.app.services.UpdaterService
00:23:43.144 [FXGL Background Thread 3 ] DEBUG Engine               - class com.almasb.fxgl.dev.DevService
00:23:43.262 [JavaFX Application Thread] WARN  FXGLAssetLoaderServi - Asset "/assets/textures/EnemyDawnseeker.png" was not found!
00:23:43.263 [JavaFX Application Thread] WARN  FXGLAssetLoaderServi - Failed to load IMAGE
00:23:43.464 [JavaFX Application Thread] WARN  FXGLAssetLoaderServi - Asset "/assets/textures/FireBallProjectile.png" was not found!
00:23:43.464 [JavaFX Application Thread] WARN  FXGLAssetLoaderServi - Failed to load IMAGE
00:23:43.581 [JavaFX Application Thread] WARN  FXGLAssetLoaderServi - Asset "/assets/textures/EnemyDawnseeker.png" was not found!
00:23:43.582 [JavaFX Application Thread] WARN  FXGLAssetLoaderServi - Failed to load IMAGE
00:23:43.901 [JavaFX Application Thread] WARN  FXGLAssetLoaderServi - Asset "/assets/textures/EnemyDawnseeker.png" was not found!
00:23:43.902 [JavaFX Application Thread] WARN  FXGLAssetLoaderServi - Failed to load IMAGE
00:23:44.225 [JavaFX Application Thread] WARN  FXGLAssetLoaderServi - Asset "/assets/textures/EnemyDawnseeker.png" was not found!
00:23:44.225 [JavaFX Application Thread] WARN  FXGLAssetLoaderServi - Failed to load IMAGE
00:23:44.685 [JavaFX Application Thread] WARN  FXGLAssetLoaderServi - Asset "/assets/textures/EnemyDawnseeker.png" was not found!
00:23:44.685 [JavaFX Application Thread] WARN  FXGLAssetLoaderServi - Failed to load IMAGE
00:23:45.198 [JavaFX Application Thread] WARN  FXGLAssetLoaderServi - Asset "/assets/textures/EnemyDawnseeker.png" was not found!
00:23:45.198 [JavaFX Application Thread] WARN  FXGLAssetLoaderServi - Failed to load IMAGE
00:23:45.277 [JavaFX Application Thread] WARN  FXGLAssetLoaderServi - Asset "/assets/textures/FireBallProjectile.png" was not found!
00:23:45.278 [JavaFX Application Thread] WARN  FXGLAssetLoaderServi - Failed to load IMAGE
00:23:45.675 [JavaFX Application Thread] WARN  FXGLAssetLoaderServi - Asset "/assets/textures/FireBallProjectile.png" was not found!
00:23:45.676 [JavaFX Application Thread] WARN  FXGLAssetLoaderServi - Failed to load IMAGE
00:23:45.709 [JavaFX Application Thread] WARN  FXGLAssetLoaderServi - Asset "/assets/textures/EnemyDawnseeker.png" was not found!
00:23:45.709 [JavaFX Application Thread] WARN  FXGLAssetLoaderServi - Failed to load IMAGE
00:23:46.013 [JavaFX Application Thread] WARN  FXGLAssetLoaderServi - Asset "/assets/textures/FireBallProjectile.png" was not found!
00:23:46.013 [JavaFX Application Thread] WARN  FXGLAssetLoaderServi - Failed to load IMAGE
00:23:46.240 [JavaFX Application Thread] WARN  FXGLAssetLoaderServi - Asset "/assets/textures/EnemyDawnseeker.png" was not found!
00:23:46.241 [JavaFX Application Thread] WARN  FXGLAssetLoaderServi - Failed to load IMAGE
00:23:46.377 [JavaFX Application Thread] WARN  FXGLAssetLoaderServi - Asset "/assets/textures/FireBallProjectile.png" was not found!
00:23:46.378 [JavaFX Application Thread] WARN  FXGLAssetLoaderServi - Failed to load IMAGE
00:23:46.713 [JavaFX Application Thread] WARN  FXGLAssetLoaderServi - Asset "/assets/textures/FireBallProjectile.png" was not found!
00:23:46.714 [JavaFX Application Thread] WARN  FXGLAssetLoaderServi - Failed to load IMAGE
00:23:46.748 [JavaFX Application Thread] WARN  FXGLAssetLoaderServi - Asset "/assets/textures/EnemyDawnseeker.png" was not found!
00:23:46.748 [JavaFX Application Thread] WARN  FXGLAssetLoaderServi - Failed to load IMAGE
00:23:46.992 [JavaFX Application Thread] WARN  FXGLAssetLoaderServi - Asset "/assets/textures/FireBallProjectile.png" was not found!
00:23:46.992 [JavaFX Application Thread] WARN  FXGLAssetLoaderServi - Failed to load IMAGE
00:23:47.262 [JavaFX Application Thread] WARN  FXGLAssetLoaderServi - Asset "/assets/textures/EnemyDawnseeker.png" was not found!
00:23:47.263 [JavaFX Application Thread] WARN  FXGLAssetLoaderServi - Failed to load IMAGE
00:23:47.415 [JavaFX Application Thread] WARN  FXGLAssetLoaderServi - Asset "/assets/textures/FireBallProjectile.png" was not found!
00:23:47.415 [JavaFX Application Thread] WARN  FXGLAssetLoaderServi - Failed to load IMAGE
00:23:47.642 [JavaFX Application Thread] WARN  FXGLAssetLoaderServi - Asset "/assets/textures/FireBallProjectile.png" was not found!
00:23:47.643 [JavaFX Application Thread] WARN  FXGLAssetLoaderServi - Failed to load IMAGE
00:23:47.776 [JavaFX Application Thread] WARN  FXGLAssetLoaderServi - Asset "/assets/textures/EnemyDawnseeker.png" was not found!
00:23:47.777 [JavaFX Application Thread] WARN  FXGLAssetLoaderServi - Failed to load IMAGE
00:23:47.960 [JavaFX Application Thread] WARN  FXGLAssetLoaderServi - Asset "/assets/textures/FireBallProjectile.png" was not found!
00:23:47.960 [JavaFX Application Thread] WARN  FXGLAssetLoaderServi - Failed to load IMAGE
00:23:48.245 [JavaFX Application Thread] WARN  FXGLAssetLoaderServi - Asset "/assets/textures/FireBallProjectile.png" was not found!
00:23:48.245 [JavaFX Application Thread] WARN  FXGLAssetLoaderServi - Failed to load IMAGE
00:23:48.301 [JavaFX Application Thread] WARN  FXGLAssetLoaderServi - Asset "/assets/textures/EnemyDawnseeker.png" was not found!
00:23:48.301 [JavaFX Application Thread] WARN  FXGLAssetLoaderServi - Failed to load IMAGE
00:23:48.458 [JavaFX Application Thread] WARN  FXGLAssetLoaderServi - Asset "/assets/textures/FireBallProjectile.png" was not found!
00:23:48.459 [JavaFX Application Thread] WARN  FXGLAssetLoaderServi - Failed to load IMAGE
00:23:48.669 [JavaFX Application Thread] WARN  FXGLAssetLoaderServi - Asset "/assets/textures/FireBallProjectile.png" was not found!
00:23:48.669 [JavaFX Application Thread] WARN  FXGLAssetLoaderServi - Failed to load IMAGE
00:23:48.798 [JavaFX Application Thread] WARN  FXGLAssetLoaderServi - Asset "/assets/textures/EnemyDawnseeker.png" was not found!
00:23:48.798 [JavaFX Application Thread] WARN  FXGLAssetLoaderServi - Failed to load IMAGE
00:23:48.926 [JavaFX Application Thread] WARN  FXGLAssetLoaderServi - Asset "/assets/textures/FireBallProjectile.png" was not found!
00:23:48.926 [JavaFX Application Thread] WARN  FXGLAssetLoaderServi - Failed to load IMAGE
00:23:49.265 [JavaFX Application Thread] WARN  FXGLAssetLoaderServi - Asset "/assets/textures/FireBallProjectile.png" was not found!
00:23:49.265 [JavaFX Application Thread] WARN  FXGLAssetLoaderServi - Failed to load IMAGE
00:23:49.293 [JavaFX Application Thread] WARN  FXGLAssetLoaderServi - Asset "/assets/textures/EnemyDawnseeker.png" was not found!
00:23:49.293 [JavaFX Application Thread] WARN  FXGLAssetLoaderServi - Failed to load IMAGE
00:23:49.485 [JavaFX Application Thread] WARN  FXGLAssetLoaderServi - Asset "/assets/textures/FireBallProjectile.png" was not found!
00:23:49.485 [JavaFX Application Thread] WARN  FXGLAssetLoaderServi - Failed to load IMAGE
00:23:49.791 [JavaFX Application Thread] WARN  FXGLAssetLoaderServi - Asset "/assets/textures/EnemyDawnseeker.png" was not found!
00:23:49.791 [JavaFX Application Thread] WARN  FXGLAssetLoaderServi - Failed to load IMAGE
00:23:49.895 [JavaFX Application Thread] WARN  FXGLAssetLoaderServi - Asset "/assets/textures/FireBallProjectile.png" was not found!
00:23:49.895 [JavaFX Application Thread] WARN  FXGLAssetLoaderServi - Failed to load IMAGE
00:23:50.300 [JavaFX Application Thread] WARN  FXGLAssetLoaderServi - Asset "/assets/textures/EnemyDawnseeker.png" was not found!
00:23:50.300 [JavaFX Application Thread] WARN  FXGLAssetLoaderServi - Failed to load IMAGE
00:23:50.324 [JavaFX Application Thread] WARN  FXGLAssetLoaderServi - Asset "/assets/textures/FireBallProjectile.png" was not found!
00:23:50.325 [JavaFX Application Thread] WARN  FXGLAssetLoaderServi - Failed to load IMAGE
00:23:50.576 [JavaFX Application Thread] WARN  FXGLAssetLoaderServi - Asset "/assets/textures/FireBallProjectile.png" was not found!
00:23:50.576 [JavaFX Application Thread] WARN  FXGLAssetLoaderServi - Failed to load IMAGE
00:23:50.796 [JavaFX Application Thread] WARN  FXGLAssetLoaderServi - Asset "/assets/textures/EnemyDawnseeker.png" was not found!
00:23:50.797 [JavaFX Application Thread] WARN  FXGLAssetLoaderServi - Failed to load IMAGE
00:23:51.293 [JavaFX Application Thread] WARN  FXGLAssetLoaderServi - Asset "/assets/textures/EnemyDawnseeker.png" was not found!
00:23:51.293 [JavaFX Application Thread] WARN  FXGLAssetLoaderServi - Failed to load IMAGE
00:23:51.761 [JavaFX Application Thread] WARN  FXGLAssetLoaderServi - Asset "/assets/textures/EnemyDawnseeker.png" was not found!
00:23:51.761 [JavaFX Application Thread] WARN  FXGLAssetLoaderServi - Failed to load IMAGE
00:23:52.188 [JavaFX Application Thread] DEBUG FXGLApplication      - Exiting FXGL
00:23:52.188 [JavaFX Application Thread] DEBUG LoopRunner           - Stopping loop
00:23:52.188 [JavaFX Application Thread] DEBUG SystemBundleService  - Saving FXGL system data
00:23:52.193 [JavaFX Application Thread] DEBUG FileSystemAccess     - Writing to: C:\Users\USER\eclipse-workspace\Dawnseeker\system\fxgl.bundle
00:23:52.196 [JavaFX Application Thread] DEBUG Async                - Shutting down background threads
00:23:52.196 [JavaFX Application Thread] DEBUG PrimaryStageWindow   - Closing main window
00:23:52.232 [JavaFX Application Thread] DEBUG Logger               - Closing Logger
