00:24:25.094 [main                     ] DEBUG Logger               - Configured Logger
00:24:25.133 [main                     ] DEBUG GameApplication      - Logging settings
Title: Dawnseeker
Version: 0.2
Width: 1024
Height: 1024
Fullscreen: false
Intro: false
Profiling: false
Single step:false
App Mode: DEVELOPER
Menu Key: ESCAPE
Stage Style: DECORATED
Scene Factory: class com.almasb.fxgl.app.scene.SceneFactory

00:24:25.577 [JavaFX Application Thread] DEBUG FXGLApplication      - Initializing FXGL
00:24:25.583 [JavaFX Application Thread] INFO  Engine               - FXGL-17.2 (20.08.2022 16.50) on WINDOWS (J:17.0.6 FX:18)
00:24:25.584 [JavaFX Application Thread] DEBUG Engine               - JRE Vendor Name: Eclipse Adoptium
00:24:25.584 [JavaFX Application Thread] DEBUG Engine               - Running on OS: Windows 10 version 10.0
00:24:25.585 [JavaFX Application Thread] DEBUG Engine               - Architecture: amd64
00:24:25.585 [JavaFX Application Thread] INFO  Engine               - Source code and latest versions at: https://github.com/AlmasB/FXGL
00:24:25.586 [JavaFX Application Thread] INFO  Engine               -       Ask questions and discuss at: https://github.com/AlmasB/FXGL/discussions
00:24:25.586 [JavaFX Application Thread] INFO  Engine               -              Join the FXGL chat at: https://gitter.im/AlmasB/FXGL
00:24:25.725 [JavaFX Application Thread] DEBUG PrimaryStageWindow   - Creating a JavaFX scene
00:24:25.726 [JavaFX Application Thread] DEBUG PrimaryStageWindow   - Target size > screen size
00:24:25.784 [JavaFX Application Thread] DEBUG PrimaryStageWindow   - Target settings size: 1024.0 x 1024.0
00:24:25.785 [JavaFX Application Thread] DEBUG PrimaryStageWindow   - Scaled scene size:    799.0 x 824.0
00:24:25.785 [JavaFX Application Thread] DEBUG PrimaryStageWindow   - Scaled ratio: (0.7802734375, 0.8046875)
00:24:25.787 [JavaFX Application Thread] DEBUG PrimaryStageWindow   - Set initial scene to FXGLStartupScene
00:24:25.802 [JavaFX Application Thread] DEBUG PrimaryStageWindow   - Opening main window
00:24:25.933 [JavaFX Application Thread] DEBUG PrimaryStageWindow   - Window border size: (14.5999755859375, 37.5999755859375)
00:24:25.934 [JavaFX Application Thread] DEBUG PrimaryStageWindow   - Scaled size: 799.0 x 824.0
00:24:25.935 [JavaFX Application Thread] DEBUG PrimaryStageWindow   - Scaled ratio: (0.7802734375, 0.8046875)
00:24:25.936 [JavaFX Application Thread] DEBUG PrimaryStageWindow   - Scene size: 799.0 x 824.0
00:24:25.937 [JavaFX Application Thread] DEBUG PrimaryStageWindow   - Stage size: 813.5999755859375 x 861.5999755859375
00:24:25.963 [FXGL Background Thread 1 ] DEBUG Engine               - Initializing environment variables
00:24:26.067 [FXGL Background Thread 1 ] DEBUG FXGLAssetLoaderServi - User app class for loading assets: class myGame.DawnseekerApp
00:24:26.067 [FXGL Background Thread 1 ] DEBUG GameApplicationServi - Applying CSS: fxgl_dark.css
00:24:26.070 [FXGL Background Thread 1 ] DEBUG FXGLAssetLoaderServi - Loading from file system: jar:file:/C:/Users/USER/.m2/repository/com/github/almasb/fxgl/17.2/fxgl-17.2.jar!/fxglassets/ui/css/fxgl_dark.css
00:24:26.164 [FXGL Background Thread 1 ] DEBUG GameApplicationServi - Initializing application scenes
00:24:26.274 [FXGL Background Thread 1 ] DEBUG GameWorld            - Game world initialized
00:24:26.345 [FXGL Background Thread 1 ] DEBUG PhysicsWorld         - Physics world initialized: appHeight=1024, physics.ppm=50.0
00:24:26.346 [FXGL Background Thread 1 ] DEBUG PhysicsWorld         - Using strategy: BRUTE_FORCE
00:24:26.353 [FXGL Background Thread 1 ] DEBUG GameScene            - Game scene initialized: 1024x1024
00:24:26.371 [FXGL Background Thread 1 ] DEBUG FXGL.DefaultMenu     - createMenuBodyMainMenu()
00:24:26.391 [FXGL Background Thread 1 ] DEBUG FXGL.DefaultMenu     - createOptionsMenu()
00:24:26.403 [FXGL Background Thread 1 ] DEBUG FXGLAssetLoaderServi - Loading from file system: jar:file:/C:/Users/USER/.m2/repository/com/github/almasb/fxgl/17.2/fxgl-17.2.jar!/fxglassets/textures/particles/smoke.png
00:24:26.527 [FXGL Background Thread 1 ] DEBUG FXGLAssetLoaderServi - Loading from file system: jar:file:/C:/Users/USER/.m2/repository/com/github/almasb/fxgl/17.2/fxgl-17.2.jar!/fxglassets/textures/particles/trace_horizontal.png
00:24:26.560 [FXGL Background Thread 1 ] DEBUG FXGL.DefaultMenu     - createMenuBodyGameMenu()
00:24:26.562 [FXGL Background Thread 1 ] DEBUG FXGL.DefaultMenu     - createOptionsMenu()
00:24:26.582 [FXGL Background Thread 1 ] DEBUG GameApplicationServi - Application scenes initialized
00:24:26.599 [FXGL Background Thread 1 ] DEBUG SystemBundleService  - Loading FXGL system data
00:24:26.609 [FXGL Background Thread 1 ] DEBUG FileSystemAccess     - Reading from: C:\Users\USER\eclipse-workspace\Dawnseeker\system\fxgl.bundle
00:24:26.624 [FXGL Background Thread 1 ] DEBUG SystemBundleService  - Bundle FXGL: {}
00:24:26.624 [FXGL Background Thread 1 ] DEBUG UpdaterService       - Checking for updates
00:24:26.632 [FXGL Background Thread 4 ] DEBUG FXGLApplication      - Loading fonts
00:24:26.634 [FXGL Background Thread 4 ] DEBUG FXGLAssetLoaderServi - Loading from file system: jar:file:/C:/Users/USER/.m2/repository/com/github/almasb/fxgl/17.2/fxgl-17.2.jar!/fxglassets/ui/fonts/VarelaRound-Regular.ttf
00:24:26.635 [FXGL Background Thread 1 ] DEBUG FXGLApplication      - Loading default localization
00:24:26.637 [FXGL Background Thread 1 ] DEBUG FXGLAssetLoaderServi - Loading from file system: jar:file:/C:/Users/USER/.m2/repository/com/github/almasb/fxgl/17.2/fxgl-17.2.jar!/fxglassets/languages/english.lang
00:24:26.683 [FXGL Background Thread 1 ] INFO  FXGLApplication      - FXGL initialization took: 0.720 sec
00:24:26.697 [JavaFX Application Thread] DEBUG Input                - Registered new binding: action0 - W
00:24:26.698 [JavaFX Application Thread] DEBUG Input                - Registered new binding: action1 - S
00:24:26.699 [JavaFX Application Thread] DEBUG Input                - Registered new binding: action2 - A
00:24:26.699 [JavaFX Application Thread] DEBUG Input                - Registered new binding: action3 - D
00:24:26.703 [JavaFX Application Thread] DEBUG Input                - Registered new binding: action4 - LMB
00:24:26.704 [JavaFX Application Thread] DEBUG FXGLAssetLoaderServi - Loading from file system: jar:file:/C:/Users/USER/.m2/repository/com/github/almasb/fxgl/17.2/fxgl-17.2.jar!/fxglassets/textures/fxgl_icon.png
00:24:26.726 [FXGL Background Thread 4 ] DEBUG FXGLAssetLoaderServi - Loading from file system: jar:file:/C:/Users/USER/.m2/repository/com/github/almasb/fxgl/17.2/fxgl-17.2.jar!/fxglassets/ui/fonts/Abel-Regular.ttf
00:24:26.731 [JavaFX Application Thread] DEBUG FXGLAssetLoaderServi - Loading from file system: jar:file:/C:/Users/USER/.m2/repository/com/github/almasb/fxgl/17.2/fxgl-17.2.jar!/fxglassets/textures/fxgl_default_cursor.png
00:24:26.734 [JavaFX Application Thread] DEBUG Input                - Registered new binding: Screenshot - CTRL+8
00:24:26.735 [JavaFX Application Thread] DEBUG Input                - Registered new binding: System info dump - CTRL+9
00:24:26.736 [JavaFX Application Thread] DEBUG Input                - Registered new binding: Restart - CTRL+R
00:24:26.739 [JavaFX Application Thread] DEBUG Input                - Registered new binding: Toggle Debug Camera - CTRL+7
00:24:26.742 [FXGL Background Thread 4 ] DEBUG FXGLAssetLoaderServi - Loading from file system: jar:file:/C:/Users/USER/.m2/repository/com/github/almasb/fxgl/17.2/fxgl-17.2.jar!/fxglassets/ui/fonts/TerminalLandMono-Regular.otf
00:24:26.745 [JavaFX Application Thread] DEBUG LoopRunner           - Starting loop
00:24:26.745 [JavaFX Application Thread] DEBUG LoopRunner           - Initializing JavaFX AnimationTimerLoop
00:24:26.751 [JavaFX Application Thread] DEBUG Input                - Clearing active input actions
00:24:26.761 [FXGL Background Thread 4 ] DEBUG FXGLAssetLoaderServi - Loading from file system: jar:file:/C:/Users/USER/.m2/repository/com/github/almasb/fxgl/17.2/fxgl-17.2.jar!/fxglassets/ui/fonts/Courier-Prime.ttf
00:24:26.764 [JavaFX Application Thread] DEBUG GameApplicationServi - Removing overlay from FXGLStartupScene and adding to FXGLMainMenuDummyScene
00:24:26.765 [JavaFX Application Thread] DEBUG PrimaryStageWindow   - FXGLStartupScene -> FXGLMainMenuDummyScene
00:24:26.765 [JavaFX Application Thread] DEBUG PrimaryStageWindow   - Push state: FXGLDefaultMenu
00:24:26.778 [JavaFX Application Thread] DEBUG Input                - Clearing active input actions
00:24:26.799 [JavaFX Application Thread] DEBUG GameApplicationServi - Removing overlay from FXGLMainMenuDummyScene and adding to FXGLDefaultMenu
00:24:26.800 [JavaFX Application Thread] DEBUG PrimaryStageWindow   - FXGLMainMenuDummyScene -> FXGLDefaultMenu
00:24:26.905 [JavaFX Application Thread] DEBUG FXGLApplication      - Registering font factories with UI factory
00:24:27.841 [JavaFX Application Thread] DEBUG Menu                 - fireNewGame()
00:24:27.842 [JavaFX Application Thread] DEBUG GameApplicationServi - Starting new game
00:24:27.847 [JavaFX Application Thread] DEBUG PrimaryStageWindow   - Pop state: FXGLDefaultMenu
00:24:27.848 [JavaFX Application Thread] DEBUG Input                - Clearing active input actions
00:24:27.850 [JavaFX Application Thread] DEBUG GameApplicationServi - Removing overlay from FXGLDefaultMenu and adding to FXGLMainMenuDummyScene
00:24:27.850 [JavaFX Application Thread] DEBUG PrimaryStageWindow   - FXGLMainMenuDummyScene <- FXGLDefaultMenu
00:24:27.851 [JavaFX Application Thread] DEBUG Input                - Clearing active input actions
00:24:27.866 [JavaFX Application Thread] DEBUG GameApplicationServi - Removing overlay from FXGLMainMenuDummyScene and adding to FXGLLoadingScene
00:24:27.867 [JavaFX Application Thread] DEBUG PrimaryStageWindow   - FXGLMainMenuDummyScene -> FXGLLoadingScene
00:24:27.867 [JavaFX Application Thread] DEBUG GameApplicationServi - Clearing previous game
00:24:27.867 [JavaFX Application Thread] DEBUG GameScene            - Clearing game scene
00:24:27.867 [JavaFX Application Thread] DEBUG GameWorld            - Clearing game world
00:24:27.868 [JavaFX Application Thread] DEBUG PhysicsWorld         - Clearing physics world
00:24:27.873 [FXGL Background Thread 2 ] DEBUG FXGLApplication      - Initializing game
00:24:27.891 [FXGL Background Thread 2 ] WARN  FXGLAssetLoaderServi - Asset "/assets/textures/PlayerCharacterDawnseeker.png" was not found!
00:24:27.891 [FXGL Background Thread 2 ] WARN  FXGLAssetLoaderServi - Failed to load IMAGE
00:24:28.012 [FXGL Background Thread 2 ] WARN  GameWorld            - Entity is already attached to world
00:24:28.016 [FXGL Background Thread 2 ] WARN  Entity               - Entity already has component: com.almasb.fxgl.entity.components.CollidableComponent
00:24:28.016 [FXGL Background Thread 2 ] WARN  GameWorld            - Entity is already attached to world
00:24:28.019 [FXGL Background Thread 2 ] WARN  Entity               - Entity already has component: com.almasb.fxgl.entity.components.CollidableComponent
00:24:28.019 [FXGL Background Thread 2 ] WARN  GameWorld            - Entity is already attached to world
00:24:28.026 [FXGL Background Thread 2 ] WARN  Entity               - Entity already has component: com.almasb.fxgl.entity.components.CollidableComponent
00:24:28.028 [FXGL Background Thread 2 ] WARN  GameWorld            - Entity is already attached to world
00:24:28.030 [FXGL Background Thread 2 ] WARN  Entity               - Entity already has component: com.almasb.fxgl.entity.components.CollidableComponent
00:24:28.031 [FXGL Background Thread 2 ] WARN  GameWorld            - Entity is already attached to world
00:24:28.102 [FXGL Background Thread 2 ] INFO  FXGLApplication      - Game initialization took: 0.228 sec
00:24:28.109 [JavaFX Application Thread] DEBUG Input                - Clearing active input actions
00:24:28.118 [JavaFX Application Thread] DEBUG GameApplicationServi - Removing overlay from FXGLLoadingScene and adding to GameScene
00:24:28.118 [JavaFX Application Thread] DEBUG PrimaryStageWindow   - FXGLLoadingScene -> GameScene
00:24:28.578 [JavaFX Application Thread] WARN  FXGLAssetLoaderServi - Asset "/assets/textures/EnemyDawnseeker.png" was not found!
00:24:28.578 [JavaFX Application Thread] WARN  FXGLAssetLoaderServi - Failed to load IMAGE
00:24:29.026 [JavaFX Application Thread] WARN  FXGLAssetLoaderServi - Asset "/assets/textures/EnemyDawnseeker.png" was not found!
00:24:29.026 [JavaFX Application Thread] WARN  FXGLAssetLoaderServi - Failed to load IMAGE
00:24:29.442 [JavaFX Application Thread] WARN  FXGLAssetLoaderServi - Asset "/assets/textures/EnemyDawnseeker.png" was not found!
00:24:29.442 [JavaFX Application Thread] WARN  FXGLAssetLoaderServi - Failed to load IMAGE
00:24:29.631 [FXGL Background Thread 3 ] DEBUG Engine               - Logging environment variables
00:24:29.631 [FXGL Background Thread 3 ] DEBUG Engine               - achievements: []
00:24:29.632 [FXGL Background Thread 3 ] DEBUG Engine               - actualHeight: 824.0
00:24:29.632 [FXGL Background Thread 3 ] DEBUG Engine               - actualHeightProperty: ReadOnlyDoubleProperty [value: 824.0]
00:24:29.632 [FXGL Background Thread 3 ] DEBUG Engine               - actualWidth: 799.0
00:24:29.632 [FXGL Background Thread 3 ] DEBUG Engine               - actualWidthProperty: ReadOnlyDoubleProperty [value: 799.0]
00:24:29.632 [FXGL Background Thread 3 ] DEBUG Engine               - appIcon: fxgl_icon.png
00:24:29.632 [FXGL Background Thread 3 ] DEBUG Engine               - applicationMode: DEVELOPER
00:24:29.632 [FXGL Background Thread 3 ] DEBUG Engine               - cSSList: [fxgl_dark.css]
00:24:29.632 [FXGL Background Thread 3 ] DEBUG Engine               - collisionDetectionStrategy: BRUTE_FORCE
00:24:29.632 [FXGL Background Thread 3 ] DEBUG Engine               - configClass: Optional.empty
00:24:29.632 [FXGL Background Thread 3 ] DEBUG Engine               - credits: []
00:24:29.633 [FXGL Background Thread 3 ] DEBUG Engine               - defaultCursor: CursorInfo(imageName=fxgl_default_cursor.png, hotspotX=7.0, hotspotY=6.0)
00:24:29.633 [FXGL Background Thread 3 ] DEBUG Engine               - devBBoxColorProperty: ObjectProperty [value: 0xff0000ff]
00:24:29.633 [FXGL Background Thread 3 ] DEBUG Engine               - devEnableDebugCameraProperty: BooleanProperty [value: false]
00:24:29.633 [FXGL Background Thread 3 ] DEBUG Engine               - devSensorColorProperty: ObjectProperty [value: 0xffff00ff]
00:24:29.633 [FXGL Background Thread 3 ] DEBUG Engine               - devShowBBoxProperty: BooleanProperty [value: false]
00:24:29.633 [FXGL Background Thread 3 ] DEBUG Engine               - devShowPositionProperty: BooleanProperty [value: false]
00:24:29.633 [FXGL Background Thread 3 ] DEBUG Engine               - enabledMenuItems: []
00:24:29.633 [FXGL Background Thread 3 ] DEBUG Engine               - engineServices: [class com.almasb.fxgl.app.services.FXGLAssetLoaderService, class com.almasb.fxgl.app.FXGLApplication$GameApplicationService, class com.almasb.fxgl.app.services.FXGLDialogService, class com.almasb.fxgl.app.services.IOTaskExecutorService, class com.almasb.fxgl.io.FileSystemService, class com.almasb.fxgl.localization.LocalizationService, class com.almasb.fxgl.app.services.SystemBundleService, class com.almasb.fxgl.profile.SaveLoadService, class com.almasb.fxgl.ui.FXGLUIFactoryServiceProvider, class com.almasb.fxgl.ui.FXGLDialogFactoryServiceProvider, class com.almasb.fxgl.audio.AudioPlayer, class com.almasb.fxgl.notification.impl.NotificationServiceProvider, class com.almasb.fxgl.achievement.AchievementService, class com.almasb.fxgl.cutscene.CutsceneService, class com.almasb.fxgl.minigames.MiniGameService, class com.almasb.fxgl.net.NetService, class com.almasb.fxgl.app.services.UpdaterService, class com.almasb.fxgl.dev.DevService]
00:24:29.634 [FXGL Background Thread 3 ] DEBUG Engine               - fontGame: Abel-Regular.ttf
00:24:29.634 [FXGL Background Thread 3 ] DEBUG Engine               - fontMono: TerminalLandMono-Regular.otf
00:24:29.634 [FXGL Background Thread 3 ] DEBUG Engine               - fontText: Courier-Prime.ttf
00:24:29.634 [FXGL Background Thread 3 ] DEBUG Engine               - fontUI: VarelaRound-Regular.ttf
00:24:29.634 [FXGL Background Thread 3 ] DEBUG Engine               - fullScreen: BooleanProperty [value: false]
00:24:29.634 [FXGL Background Thread 3 ] DEBUG Engine               - gameDifficulty: MEDIUM
00:24:29.634 [FXGL Background Thread 3 ] DEBUG Engine               - gameDifficultyProperty: ObjectProperty [value: MEDIUM]
00:24:29.634 [FXGL Background Thread 3 ] DEBUG Engine               - globalMusicVolume: 0.5
00:24:29.634 [FXGL Background Thread 3 ] DEBUG Engine               - globalMusicVolumeProperty: DoubleProperty [value: 0.5]
00:24:29.634 [FXGL Background Thread 3 ] DEBUG Engine               - globalSoundVolume: 0.5
00:24:29.634 [FXGL Background Thread 3 ] DEBUG Engine               - globalSoundVolumeProperty: DoubleProperty [value: 0.5]
00:24:29.634 [FXGL Background Thread 3 ] DEBUG Engine               - height: 1024
00:24:29.634 [FXGL Background Thread 3 ] DEBUG Engine               - is3D: false
00:24:29.635 [FXGL Background Thread 3 ] DEBUG Engine               - isAndroid: false
00:24:29.635 [FXGL Background Thread 3 ] DEBUG Engine               - isBrowser: false
00:24:29.635 [FXGL Background Thread 3 ] DEBUG Engine               - isClickFeedbackEnabled: false
00:24:29.635 [FXGL Background Thread 3 ] DEBUG Engine               - isCloseConfirmation: false
00:24:29.635 [FXGL Background Thread 3 ] DEBUG Engine               - isDesktop: true
00:24:29.635 [FXGL Background Thread 3 ] DEBUG Engine               - isDeveloperMenuEnabled: false
00:24:29.635 [FXGL Background Thread 3 ] DEBUG Engine               - isEmbedded: false
00:24:29.635 [FXGL Background Thread 3 ] DEBUG Engine               - isEntityPreloadEnabled: true
00:24:29.635 [FXGL Background Thread 3 ] DEBUG Engine               - isExperimentalTiledLargeMap: false
00:24:29.635 [FXGL Background Thread 3 ] DEBUG Engine               - isFileSystemWriteAllowed: true
00:24:29.635 [FXGL Background Thread 3 ] DEBUG Engine               - isFullScreenAllowed: false
00:24:29.635 [FXGL Background Thread 3 ] DEBUG Engine               - isFullScreenFromStart: false
00:24:29.635 [FXGL Background Thread 3 ] DEBUG Engine               - isGameMenuEnabled: true
00:24:29.635 [FXGL Background Thread 3 ] DEBUG Engine               - isIOS: false
00:24:29.636 [FXGL Background Thread 3 ] DEBUG Engine               - isIntroEnabled: false
00:24:29.636 [FXGL Background Thread 3 ] DEBUG Engine               - isLinux: false
00:24:29.636 [FXGL Background Thread 3 ] DEBUG Engine               - isMac: false
00:24:29.636 [FXGL Background Thread 3 ] DEBUG Engine               - isMainMenuEnabled: true
00:24:29.636 [FXGL Background Thread 3 ] DEBUG Engine               - isManualResizeEnabled: false
00:24:29.636 [FXGL Background Thread 3 ] DEBUG Engine               - isMobile: false
00:24:29.636 [FXGL Background Thread 3 ] DEBUG Engine               - isNative: false
00:24:29.636 [FXGL Background Thread 3 ] DEBUG Engine               - isPauseMusicWhenMinimized: true
00:24:29.637 [FXGL Background Thread 3 ] DEBUG Engine               - isPreserveResizeRatio: false
00:24:29.637 [FXGL Background Thread 3 ] DEBUG Engine               - isProfilingEnabled: false
00:24:29.637 [FXGL Background Thread 3 ] DEBUG Engine               - isScaleAffectedOnResize: true
00:24:29.637 [FXGL Background Thread 3 ] DEBUG Engine               - isSingleStep: false
00:24:29.638 [FXGL Background Thread 3 ] DEBUG Engine               - isUserProfileEnabled: false
00:24:29.638 [FXGL Background Thread 3 ] DEBUG Engine               - isWindows: true
00:24:29.638 [FXGL Background Thread 3 ] DEBUG Engine               - language: ObjectProperty [value: ENGLISH]
00:24:29.639 [FXGL Background Thread 3 ] DEBUG Engine               - menuKey: ESCAPE
00:24:29.640 [FXGL Background Thread 3 ] DEBUG Engine               - mouseSensitivity: 0.2
00:24:29.640 [FXGL Background Thread 3 ] DEBUG Engine               - notificationViewClass: class com.almasb.fxgl.notification.view.XboxNotificationView
00:24:29.641 [FXGL Background Thread 3 ] DEBUG Engine               - pixelsPerMeter: 50.0
00:24:29.641 [FXGL Background Thread 3 ] DEBUG Engine               - platform: WINDOWS
00:24:29.641 [FXGL Background Thread 3 ] DEBUG Engine               - prefHeightProperty: ReadOnlyDoubleProperty [value: 1024.0]
00:24:29.641 [FXGL Background Thread 3 ] DEBUG Engine               - prefWidthProperty: ReadOnlyDoubleProperty [value: 1024.0]
00:24:29.641 [FXGL Background Thread 3 ] DEBUG Engine               - profileDir: profiles/
00:24:29.641 [FXGL Background Thread 3 ] DEBUG Engine               - profileName: StringProperty [value: DEFAULT]
00:24:29.641 [FXGL Background Thread 3 ] DEBUG Engine               - randomSeed: -1
00:24:29.643 [FXGL Background Thread 3 ] DEBUG Engine               - runtimeInfo: RuntimeInfo(platform=WINDOWS, version=17.2, build=20.08.2022 16.50)
00:24:29.643 [FXGL Background Thread 3 ] DEBUG Engine               - saveFileExt: sav
00:24:29.644 [FXGL Background Thread 3 ] DEBUG Engine               - scaledHeightProp$fxgl: DoubleProperty [bound, value: 824.0]
00:24:29.644 [FXGL Background Thread 3 ] DEBUG Engine               - scaledWidthProp$fxgl: DoubleProperty [bound, value: 799.0]
00:24:29.644 [FXGL Background Thread 3 ] DEBUG Engine               - sceneFactory: com.almasb.fxgl.app.scene.SceneFactory@6d6612b6
00:24:29.644 [FXGL Background Thread 3 ] DEBUG Engine               - secondsIn24h: 60
00:24:29.644 [FXGL Background Thread 3 ] DEBUG Engine               - soundMenuBack: menu/back.wav
00:24:29.644 [FXGL Background Thread 3 ] DEBUG Engine               - soundMenuPress: menu/press.wav
00:24:29.644 [FXGL Background Thread 3 ] DEBUG Engine               - soundMenuSelect: menu/select.wav
00:24:29.644 [FXGL Background Thread 3 ] DEBUG Engine               - soundNotification: core/notification.wav
00:24:29.644 [FXGL Background Thread 3 ] DEBUG Engine               - stageStyle: DECORATED
00:24:29.644 [FXGL Background Thread 3 ] DEBUG Engine               - supportedLanguages: [ENGLISH, FRENCH, GERMAN, HUNGARIAN, RUSSIAN]
00:24:29.644 [FXGL Background Thread 3 ] DEBUG Engine               - ticksPerSecond: -1
00:24:29.644 [FXGL Background Thread 3 ] DEBUG Engine               - title: Dawnseeker
00:24:29.644 [FXGL Background Thread 3 ] DEBUG Engine               - urlGithub: https://github.com/AlmasB/FXGL
00:24:29.645 [FXGL Background Thread 3 ] DEBUG Engine               - urlLeaderboard: http://fxgl-top.herokuapp.com/
00:24:29.645 [FXGL Background Thread 3 ] DEBUG Engine               - urlPOM: https://raw.githubusercontent.com/AlmasB/FXGL/release/README.md
00:24:29.645 [FXGL Background Thread 3 ] DEBUG Engine               - userAppClass: class myGame.DawnseekerApp
00:24:29.645 [FXGL Background Thread 3 ] DEBUG Engine               - version: 0.2
00:24:29.645 [FXGL Background Thread 3 ] DEBUG Engine               - versionCheckDays: 7
00:24:29.645 [FXGL Background Thread 3 ] DEBUG Engine               - width: 1024
00:24:29.645 [FXGL Background Thread 3 ] DEBUG Engine               - Logging services
00:24:29.645 [FXGL Background Thread 3 ] DEBUG Engine               - class com.almasb.fxgl.app.services.FXGLAssetLoaderService
00:24:29.645 [FXGL Background Thread 3 ] DEBUG Engine               - class com.almasb.fxgl.app.FXGLApplication$GameApplicationService
00:24:29.645 [FXGL Background Thread 3 ] DEBUG Engine               - class com.almasb.fxgl.app.services.FXGLDialogService
00:24:29.645 [FXGL Background Thread 3 ] DEBUG Engine               - class com.almasb.fxgl.app.services.IOTaskExecutorService
00:24:29.645 [FXGL Background Thread 3 ] DEBUG Engine               - class com.almasb.fxgl.io.FileSystemService
00:24:29.645 [FXGL Background Thread 3 ] DEBUG Engine               - class com.almasb.fxgl.localization.LocalizationService
00:24:29.645 [FXGL Background Thread 3 ] DEBUG Engine               - class com.almasb.fxgl.app.services.SystemBundleService
00:24:29.645 [FXGL Background Thread 3 ] DEBUG Engine               - class com.almasb.fxgl.profile.SaveLoadService
00:24:29.645 [FXGL Background Thread 3 ] DEBUG Engine               - class com.almasb.fxgl.ui.FXGLUIFactoryServiceProvider
00:24:29.645 [FXGL Background Thread 3 ] DEBUG Engine               - class com.almasb.fxgl.ui.FXGLDialogFactoryServiceProvider
00:24:29.645 [FXGL Background Thread 3 ] DEBUG Engine               - class com.almasb.fxgl.audio.AudioPlayer
00:24:29.645 [FXGL Background Thread 3 ] DEBUG Engine               - class com.almasb.fxgl.notification.impl.NotificationServiceProvider
00:24:29.645 [FXGL Background Thread 3 ] DEBUG Engine               - class com.almasb.fxgl.achievement.AchievementService
00:24:29.646 [FXGL Background Thread 3 ] DEBUG Engine               - class com.almasb.fxgl.cutscene.CutsceneService
00:24:29.646 [FXGL Background Thread 3 ] DEBUG Engine               - class com.almasb.fxgl.minigames.MiniGameService
00:24:29.646 [FXGL Background Thread 3 ] DEBUG Engine               - class com.almasb.fxgl.net.NetService
00:24:29.646 [FXGL Background Thread 3 ] DEBUG Engine               - class com.almasb.fxgl.app.services.UpdaterService
00:24:29.646 [FXGL Background Thread 3 ] DEBUG Engine               - class com.almasb.fxgl.dev.DevService
00:24:29.858 [JavaFX Application Thread] WARN  FXGLAssetLoaderServi - Asset "/assets/textures/EnemyDawnseeker.png" was not found!
00:24:29.858 [JavaFX Application Thread] WARN  FXGLAssetLoaderServi - Failed to load IMAGE
00:24:30.258 [JavaFX Application Thread] WARN  FXGLAssetLoaderServi - Asset "/assets/textures/EnemyDawnseeker.png" was not found!
00:24:30.258 [JavaFX Application Thread] WARN  FXGLAssetLoaderServi - Failed to load IMAGE
00:24:30.658 [JavaFX Application Thread] WARN  FXGLAssetLoaderServi - Asset "/assets/textures/EnemyDawnseeker.png" was not found!
00:24:30.658 [JavaFX Application Thread] WARN  FXGLAssetLoaderServi - Failed to load IMAGE
00:24:31.123 [JavaFX Application Thread] WARN  FXGLAssetLoaderServi - Asset "/assets/textures/EnemyDawnseeker.png" was not found!
00:24:31.124 [JavaFX Application Thread] WARN  FXGLAssetLoaderServi - Failed to load IMAGE
00:24:31.650 [JavaFX Application Thread] WARN  FXGLAssetLoaderServi - Asset "/assets/textures/EnemyDawnseeker.png" was not found!
00:24:31.651 [JavaFX Application Thread] WARN  FXGLAssetLoaderServi - Failed to load IMAGE
00:24:32.162 [JavaFX Application Thread] WARN  FXGLAssetLoaderServi - Asset "/assets/textures/EnemyDawnseeker.png" was not found!
00:24:32.162 [JavaFX Application Thread] WARN  FXGLAssetLoaderServi - Failed to load IMAGE
00:24:32.674 [JavaFX Application Thread] WARN  FXGLAssetLoaderServi - Asset "/assets/textures/EnemyDawnseeker.png" was not found!
00:24:32.674 [JavaFX Application Thread] WARN  FXGLAssetLoaderServi - Failed to load IMAGE
00:24:33.204 [JavaFX Application Thread] WARN  FXGLAssetLoaderServi - Asset "/assets/textures/EnemyDawnseeker.png" was not found!
00:24:33.205 [JavaFX Application Thread] WARN  FXGLAssetLoaderServi - Failed to load IMAGE
00:24:33.715 [JavaFX Application Thread] WARN  FXGLAssetLoaderServi - Asset "/assets/textures/EnemyDawnseeker.png" was not found!
00:24:33.715 [JavaFX Application Thread] WARN  FXGLAssetLoaderServi - Failed to load IMAGE
00:24:34.226 [JavaFX Application Thread] WARN  FXGLAssetLoaderServi - Asset "/assets/textures/EnemyDawnseeker.png" was not found!
00:24:34.227 [JavaFX Application Thread] WARN  FXGLAssetLoaderServi - Failed to load IMAGE
00:24:34.756 [JavaFX Application Thread] WARN  FXGLAssetLoaderServi - Asset "/assets/textures/EnemyDawnseeker.png" was not found!
00:24:34.757 [JavaFX Application Thread] WARN  FXGLAssetLoaderServi - Failed to load IMAGE
00:24:35.266 [JavaFX Application Thread] WARN  FXGLAssetLoaderServi - Asset "/assets/textures/EnemyDawnseeker.png" was not found!
00:24:35.267 [JavaFX Application Thread] WARN  FXGLAssetLoaderServi - Failed to load IMAGE
00:24:35.762 [JavaFX Application Thread] WARN  FXGLAssetLoaderServi - Asset "/assets/textures/EnemyDawnseeker.png" was not found!
00:24:35.763 [JavaFX Application Thread] WARN  FXGLAssetLoaderServi - Failed to load IMAGE
00:24:36.258 [JavaFX Application Thread] WARN  FXGLAssetLoaderServi - Asset "/assets/textures/EnemyDawnseeker.png" was not found!
00:24:36.258 [JavaFX Application Thread] WARN  FXGLAssetLoaderServi - Failed to load IMAGE
00:24:36.774 [JavaFX Application Thread] WARN  FXGLAssetLoaderServi - Asset "/assets/textures/EnemyDawnseeker.png" was not found!
00:24:36.774 [JavaFX Application Thread] WARN  FXGLAssetLoaderServi - Failed to load IMAGE
00:24:37.266 [JavaFX Application Thread] WARN  FXGLAssetLoaderServi - Asset "/assets/textures/EnemyDawnseeker.png" was not found!
00:24:37.267 [JavaFX Application Thread] WARN  FXGLAssetLoaderServi - Failed to load IMAGE
00:24:37.762 [JavaFX Application Thread] WARN  FXGLAssetLoaderServi - Asset "/assets/textures/EnemyDawnseeker.png" was not found!
00:24:37.762 [JavaFX Application Thread] WARN  FXGLAssetLoaderServi - Failed to load IMAGE
00:24:38.259 [JavaFX Application Thread] WARN  FXGLAssetLoaderServi - Asset "/assets/textures/EnemyDawnseeker.png" was not found!
00:24:38.259 [JavaFX Application Thread] WARN  FXGLAssetLoaderServi - Failed to load IMAGE
00:24:38.772 [JavaFX Application Thread] WARN  FXGLAssetLoaderServi - Asset "/assets/textures/EnemyDawnseeker.png" was not found!
00:24:38.773 [JavaFX Application Thread] WARN  FXGLAssetLoaderServi - Failed to load IMAGE
00:24:39.266 [JavaFX Application Thread] WARN  FXGLAssetLoaderServi - Asset "/assets/textures/EnemyDawnseeker.png" was not found!
00:24:39.267 [JavaFX Application Thread] WARN  FXGLAssetLoaderServi - Failed to load IMAGE
00:24:39.762 [JavaFX Application Thread] WARN  FXGLAssetLoaderServi - Asset "/assets/textures/EnemyDawnseeker.png" was not found!
00:24:39.763 [JavaFX Application Thread] WARN  FXGLAssetLoaderServi - Failed to load IMAGE
00:24:40.259 [JavaFX Application Thread] WARN  FXGLAssetLoaderServi - Asset "/assets/textures/EnemyDawnseeker.png" was not found!
00:24:40.259 [JavaFX Application Thread] WARN  FXGLAssetLoaderServi - Failed to load IMAGE
00:24:40.772 [JavaFX Application Thread] WARN  FXGLAssetLoaderServi - Asset "/assets/textures/EnemyDawnseeker.png" was not found!
00:24:40.773 [JavaFX Application Thread] WARN  FXGLAssetLoaderServi - Failed to load IMAGE
00:24:41.267 [JavaFX Application Thread] WARN  FXGLAssetLoaderServi - Asset "/assets/textures/EnemyDawnseeker.png" was not found!
00:24:41.268 [JavaFX Application Thread] WARN  FXGLAssetLoaderServi - Failed to load IMAGE
00:24:41.762 [JavaFX Application Thread] WARN  FXGLAssetLoaderServi - Asset "/assets/textures/EnemyDawnseeker.png" was not found!
00:24:41.763 [JavaFX Application Thread] WARN  FXGLAssetLoaderServi - Failed to load IMAGE
00:24:42.258 [JavaFX Application Thread] WARN  FXGLAssetLoaderServi - Asset "/assets/textures/EnemyDawnseeker.png" was not found!
00:24:42.259 [JavaFX Application Thread] WARN  FXGLAssetLoaderServi - Failed to load IMAGE
00:24:42.772 [JavaFX Application Thread] WARN  FXGLAssetLoaderServi - Asset "/assets/textures/EnemyDawnseeker.png" was not found!
00:24:42.772 [JavaFX Application Thread] WARN  FXGLAssetLoaderServi - Failed to load IMAGE
00:24:43.267 [JavaFX Application Thread] WARN  FXGLAssetLoaderServi - Asset "/assets/textures/EnemyDawnseeker.png" was not found!
00:24:43.268 [JavaFX Application Thread] WARN  FXGLAssetLoaderServi - Failed to load IMAGE
00:24:43.762 [JavaFX Application Thread] WARN  FXGLAssetLoaderServi - Asset "/assets/textures/EnemyDawnseeker.png" was not found!
00:24:43.762 [JavaFX Application Thread] WARN  FXGLAssetLoaderServi - Failed to load IMAGE
00:24:44.275 [JavaFX Application Thread] WARN  FXGLAssetLoaderServi - Asset "/assets/textures/EnemyDawnseeker.png" was not found!
00:24:44.276 [JavaFX Application Thread] WARN  FXGLAssetLoaderServi - Failed to load IMAGE
00:24:44.802 [JavaFX Application Thread] WARN  FXGLAssetLoaderServi - Asset "/assets/textures/EnemyDawnseeker.png" was not found!
00:24:44.802 [JavaFX Application Thread] WARN  FXGLAssetLoaderServi - Failed to load IMAGE
00:24:45.314 [JavaFX Application Thread] WARN  FXGLAssetLoaderServi - Asset "/assets/textures/EnemyDawnseeker.png" was not found!
00:24:45.315 [JavaFX Application Thread] WARN  FXGLAssetLoaderServi - Failed to load IMAGE
00:24:45.827 [JavaFX Application Thread] WARN  FXGLAssetLoaderServi - Asset "/assets/textures/EnemyDawnseeker.png" was not found!
00:24:45.827 [JavaFX Application Thread] WARN  FXGLAssetLoaderServi - Failed to load IMAGE
00:24:46.355 [JavaFX Application Thread] WARN  FXGLAssetLoaderServi - Asset "/assets/textures/EnemyDawnseeker.png" was not found!
00:24:46.356 [JavaFX Application Thread] WARN  FXGLAssetLoaderServi - Failed to load IMAGE
00:24:46.867 [JavaFX Application Thread] WARN  FXGLAssetLoaderServi - Asset "/assets/textures/EnemyDawnseeker.png" was not found!
00:24:46.867 [JavaFX Application Thread] WARN  FXGLAssetLoaderServi - Failed to load IMAGE
00:24:47.378 [JavaFX Application Thread] WARN  FXGLAssetLoaderServi - Asset "/assets/textures/EnemyDawnseeker.png" was not found!
00:24:47.378 [JavaFX Application Thread] WARN  FXGLAssetLoaderServi - Failed to load IMAGE
00:24:47.892 [JavaFX Application Thread] WARN  FXGLAssetLoaderServi - Asset "/assets/textures/EnemyDawnseeker.png" was not found!
00:24:47.892 [JavaFX Application Thread] WARN  FXGLAssetLoaderServi - Failed to load IMAGE
00:24:48.418 [JavaFX Application Thread] WARN  FXGLAssetLoaderServi - Asset "/assets/textures/EnemyDawnseeker.png" was not found!
00:24:48.418 [JavaFX Application Thread] WARN  FXGLAssetLoaderServi - Failed to load IMAGE
00:24:48.930 [JavaFX Application Thread] WARN  FXGLAssetLoaderServi - Asset "/assets/textures/EnemyDawnseeker.png" was not found!
00:24:48.930 [JavaFX Application Thread] WARN  FXGLAssetLoaderServi - Failed to load IMAGE
00:24:49.443 [JavaFX Application Thread] WARN  FXGLAssetLoaderServi - Asset "/assets/textures/EnemyDawnseeker.png" was not found!
00:24:49.443 [JavaFX Application Thread] WARN  FXGLAssetLoaderServi - Failed to load IMAGE
00:24:49.970 [JavaFX Application Thread] WARN  FXGLAssetLoaderServi - Asset "/assets/textures/EnemyDawnseeker.png" was not found!
00:24:49.971 [JavaFX Application Thread] WARN  FXGLAssetLoaderServi - Failed to load IMAGE
00:24:50.482 [JavaFX Application Thread] WARN  FXGLAssetLoaderServi - Asset "/assets/textures/EnemyDawnseeker.png" was not found!
00:24:50.483 [JavaFX Application Thread] WARN  FXGLAssetLoaderServi - Failed to load IMAGE
00:24:50.978 [JavaFX Application Thread] WARN  FXGLAssetLoaderServi - Asset "/assets/textures/EnemyDawnseeker.png" was not found!
00:24:50.978 [JavaFX Application Thread] WARN  FXGLAssetLoaderServi - Failed to load IMAGE
00:24:51.460 [JavaFX Application Thread] WARN  FXGLAssetLoaderServi - Asset "/assets/textures/EnemyDawnseeker.png" was not found!
00:24:51.460 [JavaFX Application Thread] WARN  FXGLAssetLoaderServi - Failed to load IMAGE
00:24:51.724 [JavaFX Application Thread] DEBUG FXGLApplication      - Exiting FXGL
00:24:51.725 [JavaFX Application Thread] DEBUG LoopRunner           - Stopping loop
00:24:51.725 [JavaFX Application Thread] DEBUG SystemBundleService  - Saving FXGL system data
00:24:51.729 [JavaFX Application Thread] DEBUG FileSystemAccess     - Writing to: C:\Users\USER\eclipse-workspace\Dawnseeker\system\fxgl.bundle
00:24:51.732 [JavaFX Application Thread] DEBUG Async                - Shutting down background threads
00:24:51.733 [JavaFX Application Thread] DEBUG PrimaryStageWindow   - Closing main window
00:24:51.751 [JavaFX Application Thread] DEBUG Logger               - Closing Logger
