14:32:05.492 [main                     ] DEBUG Logger               - Configured Logger
14:32:05.512 [main                     ] DEBUG GameApplication      - Logging settings
Title: Dawnseeker
Version: 0.2
Width: 1024
Height: 1024
Fullscreen: false
Intro: false
Profiling: false
Single step:false
App Mode: DEVELOPER
Menu Key: ESCAPE
Stage Style: DECORATED
Scene Factory: class com.almasb.fxgl.app.scene.SceneFactory

14:32:05.812 [JavaFX Application Thread] DEBUG FXGLApplication      - Initializing FXGL
14:32:05.817 [JavaFX Application Thread] INFO  Engine               - FXGL-17.2 (20.08.2022 16.50) on WINDOWS (J:19.0.2 FX:18)
14:32:05.817 [JavaFX Application Thread] DEBUG Engine               - JRE Vendor Name: Oracle Corporation
14:32:05.817 [JavaFX Application Thread] DEBUG Engine               - Running on OS: Windows 10 version 10.0
14:32:05.818 [JavaFX Application Thread] DEBUG Engine               - Architecture: amd64
14:32:05.818 [JavaFX Application Thread] INFO  Engine               - Source code and latest versions at: https://github.com/AlmasB/FXGL
14:32:05.818 [JavaFX Application Thread] INFO  Engine               -       Ask questions and discuss at: https://github.com/AlmasB/FXGL/discussions
14:32:05.818 [JavaFX Application Thread] INFO  Engine               -              Join the FXGL chat at: https://gitter.im/AlmasB/FXGL
14:32:05.916 [JavaFX Application Thread] DEBUG PrimaryStageWindow   - Creating a JavaFX scene
14:32:05.916 [JavaFX Application Thread] DEBUG PrimaryStageWindow   - Target size > screen size
14:32:05.955 [JavaFX Application Thread] DEBUG PrimaryStageWindow   - Target settings size: 1024.0 x 1024.0
14:32:05.955 [JavaFX Application Thread] DEBUG PrimaryStageWindow   - Scaled scene size:    799.0 x 824.0
14:32:05.955 [JavaFX Application Thread] DEBUG PrimaryStageWindow   - Scaled ratio: (0.7802734375, 0.8046875)
14:32:05.956 [JavaFX Application Thread] DEBUG PrimaryStageWindow   - Set initial scene to FXGLStartupScene
14:32:05.962 [JavaFX Application Thread] DEBUG PrimaryStageWindow   - Opening main window
14:32:06.044 [JavaFX Application Thread] DEBUG PrimaryStageWindow   - Window border size: (14.5999755859375, 37.5999755859375)
14:32:06.044 [JavaFX Application Thread] DEBUG PrimaryStageWindow   - Scaled size: 799.0 x 824.0
14:32:06.044 [JavaFX Application Thread] DEBUG PrimaryStageWindow   - Scaled ratio: (0.7802734375, 0.8046875)
14:32:06.045 [JavaFX Application Thread] DEBUG PrimaryStageWindow   - Scene size: 799.0 x 824.0
14:32:06.045 [JavaFX Application Thread] DEBUG PrimaryStageWindow   - Stage size: 813.5999755859375 x 861.5999755859375
14:32:06.054 [FXGL Background Thread 1 ] DEBUG Engine               - Initializing environment variables
14:32:06.106 [FXGL Background Thread 1 ] DEBUG FXGLAssetLoaderServi - User app class for loading assets: class myGame.DawnseekerApp
14:32:06.106 [FXGL Background Thread 1 ] DEBUG GameApplicationServi - Applying CSS: fxgl_dark.css
14:32:06.107 [FXGL Background Thread 1 ] DEBUG FXGLAssetLoaderServi - Loading from file system: jar:file:/C:/Users/narro/.m2/repository/com/github/almasb/fxgl/17.2/fxgl-17.2.jar!/fxglassets/ui/css/fxgl_dark.css
14:32:06.157 [FXGL Background Thread 1 ] DEBUG GameApplicationServi - Initializing application scenes
14:32:06.203 [FXGL Background Thread 1 ] DEBUG GameWorld            - Game world initialized
14:32:06.273 [FXGL Background Thread 1 ] DEBUG PhysicsWorld         - Physics world initialized: appHeight=1024, physics.ppm=50.0
14:32:06.274 [FXGL Background Thread 1 ] DEBUG PhysicsWorld         - Using strategy: BRUTE_FORCE
14:32:06.281 [FXGL Background Thread 1 ] DEBUG GameScene            - Game scene initialized: 1024x1024
14:32:06.302 [FXGL Background Thread 1 ] DEBUG FXGL.DefaultMenu     - createMenuBodyMainMenu()
14:32:06.321 [FXGL Background Thread 1 ] DEBUG FXGL.DefaultMenu     - createOptionsMenu()
14:32:06.334 [FXGL Background Thread 1 ] DEBUG FXGLAssetLoaderServi - Loading from file system: jar:file:/C:/Users/narro/.m2/repository/com/github/almasb/fxgl/17.2/fxgl-17.2.jar!/fxglassets/textures/particles/smoke.png
14:32:06.424 [FXGL Background Thread 1 ] DEBUG FXGLAssetLoaderServi - Loading from file system: jar:file:/C:/Users/narro/.m2/repository/com/github/almasb/fxgl/17.2/fxgl-17.2.jar!/fxglassets/textures/particles/trace_horizontal.png
14:32:06.444 [FXGL Background Thread 1 ] DEBUG FXGL.DefaultMenu     - createMenuBodyGameMenu()
14:32:06.445 [FXGL Background Thread 1 ] DEBUG FXGL.DefaultMenu     - createOptionsMenu()
14:32:06.455 [FXGL Background Thread 1 ] DEBUG GameApplicationServi - Application scenes initialized
14:32:06.467 [FXGL Background Thread 1 ] DEBUG SystemBundleService  - Loading FXGL system data
14:32:06.471 [FXGL Background Thread 1 ] DEBUG FileSystemAccess     - Reading from: C:\Users\narro\OneDrive\Documents\coleg\Spring 2023\CS 4900 Senior Seminiar\Dawnseeker\Dawnseeker\system\fxgl.bundle
14:32:06.478 [FXGL Background Thread 1 ] DEBUG SystemBundleService  - Bundle FXGL: {}
14:32:06.478 [FXGL Background Thread 1 ] DEBUG UpdaterService       - Checking for updates
14:32:06.482 [FXGL Background Thread 4 ] DEBUG FXGLApplication      - Loading fonts
14:32:06.483 [FXGL Background Thread 1 ] DEBUG FXGLApplication      - Loading default localization
14:32:06.482 [FXGL Background Thread 4 ] DEBUG FXGLAssetLoaderServi - Loading from file system: jar:file:/C:/Users/narro/.m2/repository/com/github/almasb/fxgl/17.2/fxgl-17.2.jar!/fxglassets/ui/fonts/VarelaRound-Regular.ttf
14:32:06.483 [FXGL Background Thread 1 ] DEBUG FXGLAssetLoaderServi - Loading from file system: jar:file:/C:/Users/narro/.m2/repository/com/github/almasb/fxgl/17.2/fxgl-17.2.jar!/fxglassets/languages/english.lang
14:32:06.510 [FXGL Background Thread 1 ] INFO  FXGLApplication      - FXGL initialization took: 0.455 sec
14:32:06.520 [JavaFX Application Thread] DEBUG Input                - Registered new binding: action0 - W
14:32:06.520 [JavaFX Application Thread] DEBUG Input                - Registered new binding: action1 - S
14:32:06.520 [JavaFX Application Thread] DEBUG Input                - Registered new binding: action2 - A
14:32:06.521 [JavaFX Application Thread] DEBUG Input                - Registered new binding: action3 - D
14:32:06.523 [JavaFX Application Thread] DEBUG Input                - Registered new binding: action4 - LMB
14:32:06.523 [JavaFX Application Thread] DEBUG FXGLAssetLoaderServi - Loading from file system: jar:file:/C:/Users/narro/.m2/repository/com/github/almasb/fxgl/17.2/fxgl-17.2.jar!/fxglassets/textures/fxgl_icon.png
14:32:06.542 [JavaFX Application Thread] DEBUG FXGLAssetLoaderServi - Loading from file system: jar:file:/C:/Users/narro/.m2/repository/com/github/almasb/fxgl/17.2/fxgl-17.2.jar!/fxglassets/textures/fxgl_default_cursor.png
14:32:06.544 [JavaFX Application Thread] DEBUG Input                - Registered new binding: Screenshot - CTRL+8
14:32:06.545 [JavaFX Application Thread] DEBUG Input                - Registered new binding: System info dump - CTRL+9
14:32:06.546 [JavaFX Application Thread] DEBUG Input                - Registered new binding: Restart - CTRL+R
14:32:06.547 [JavaFX Application Thread] DEBUG Input                - Registered new binding: Toggle Debug Camera - CTRL+7
14:32:06.549 [JavaFX Application Thread] DEBUG LoopRunner           - Starting loop
14:32:06.550 [JavaFX Application Thread] DEBUG LoopRunner           - Initializing JavaFX AnimationTimerLoop
14:32:06.553 [JavaFX Application Thread] DEBUG Input                - Clearing active input actions
14:32:06.560 [JavaFX Application Thread] DEBUG GameApplicationServi - Removing overlay from FXGLStartupScene and adding to FXGLMainMenuDummyScene
14:32:06.561 [JavaFX Application Thread] DEBUG PrimaryStageWindow   - FXGLStartupScene -> FXGLMainMenuDummyScene
14:32:06.561 [JavaFX Application Thread] DEBUG PrimaryStageWindow   - Push state: FXGLDefaultMenu
14:32:06.566 [JavaFX Application Thread] DEBUG Input                - Clearing active input actions
14:32:06.574 [FXGL Background Thread 4 ] DEBUG FXGLAssetLoaderServi - Loading from file system: jar:file:/C:/Users/narro/.m2/repository/com/github/almasb/fxgl/17.2/fxgl-17.2.jar!/fxglassets/ui/fonts/Abel-Regular.ttf
14:32:06.578 [JavaFX Application Thread] DEBUG GameApplicationServi - Removing overlay from FXGLMainMenuDummyScene and adding to FXGLDefaultMenu
14:32:06.579 [JavaFX Application Thread] DEBUG PrimaryStageWindow   - FXGLMainMenuDummyScene -> FXGLDefaultMenu
14:32:06.586 [FXGL Background Thread 4 ] DEBUG FXGLAssetLoaderServi - Loading from file system: jar:file:/C:/Users/narro/.m2/repository/com/github/almasb/fxgl/17.2/fxgl-17.2.jar!/fxglassets/ui/fonts/TerminalLandMono-Regular.otf
14:32:06.598 [FXGL Background Thread 4 ] DEBUG FXGLAssetLoaderServi - Loading from file system: jar:file:/C:/Users/narro/.m2/repository/com/github/almasb/fxgl/17.2/fxgl-17.2.jar!/fxglassets/ui/fonts/Courier-Prime.ttf
14:32:06.671 [JavaFX Application Thread] DEBUG FXGLApplication      - Registering font factories with UI factory
14:32:09.332 [JavaFX Application Thread] DEBUG Menu                 - fireNewGame()
14:32:09.333 [JavaFX Application Thread] DEBUG GameApplicationServi - Starting new game
14:32:09.338 [JavaFX Application Thread] DEBUG PrimaryStageWindow   - Pop state: FXGLDefaultMenu
14:32:09.338 [JavaFX Application Thread] DEBUG Input                - Clearing active input actions
14:32:09.339 [JavaFX Application Thread] DEBUG GameApplicationServi - Removing overlay from FXGLDefaultMenu and adding to FXGLMainMenuDummyScene
14:32:09.340 [JavaFX Application Thread] DEBUG PrimaryStageWindow   - FXGLMainMenuDummyScene <- FXGLDefaultMenu
14:32:09.340 [JavaFX Application Thread] DEBUG Input                - Clearing active input actions
14:32:09.352 [JavaFX Application Thread] DEBUG GameApplicationServi - Removing overlay from FXGLMainMenuDummyScene and adding to FXGLLoadingScene
14:32:09.353 [JavaFX Application Thread] DEBUG PrimaryStageWindow   - FXGLMainMenuDummyScene -> FXGLLoadingScene
14:32:09.353 [JavaFX Application Thread] DEBUG GameApplicationServi - Clearing previous game
14:32:09.353 [JavaFX Application Thread] DEBUG GameScene            - Clearing game scene
14:32:09.353 [JavaFX Application Thread] DEBUG GameWorld            - Clearing game world
14:32:09.353 [JavaFX Application Thread] DEBUG PhysicsWorld         - Clearing physics world
14:32:09.355 [FXGL Background Thread 2 ] DEBUG FXGLApplication      - Initializing game
14:32:09.362 [FXGL Background Thread 2 ] DEBUG FXGLAssetLoaderServi - Loading from file system: file:/C:/Users/narro/OneDrive/Documents/coleg/Spring%202023/CS%204900%20Senior%20Seminiar/Dawnseeker/Dawnseeker/target/classes/assets/music/heartache.mp3
14:32:09.482 [FXGL Background Thread 3 ] DEBUG Engine               - Logging environment variables
14:32:09.487 [FXGL Background Thread 3 ] DEBUG Engine               - achievements: []
14:32:09.487 [FXGL Background Thread 3 ] DEBUG Engine               - actualHeight: 824.0
14:32:09.488 [FXGL Background Thread 3 ] DEBUG Engine               - actualHeightProperty: ReadOnlyDoubleProperty [value: 824.0]
14:32:09.488 [FXGL Background Thread 3 ] DEBUG Engine               - actualWidth: 799.0
14:32:09.488 [FXGL Background Thread 3 ] DEBUG Engine               - actualWidthProperty: ReadOnlyDoubleProperty [value: 799.0]
14:32:09.488 [FXGL Background Thread 3 ] DEBUG Engine               - appIcon: fxgl_icon.png
14:32:09.488 [FXGL Background Thread 3 ] DEBUG Engine               - applicationMode: DEVELOPER
14:32:09.488 [FXGL Background Thread 3 ] DEBUG Engine               - cSSList: [fxgl_dark.css]
14:32:09.488 [FXGL Background Thread 3 ] DEBUG Engine               - collisionDetectionStrategy: BRUTE_FORCE
14:32:09.488 [FXGL Background Thread 3 ] DEBUG Engine               - configClass: Optional.empty
14:32:09.489 [FXGL Background Thread 3 ] DEBUG Engine               - credits: []
14:32:09.489 [FXGL Background Thread 3 ] DEBUG Engine               - defaultCursor: CursorInfo(imageName=fxgl_default_cursor.png, hotspotX=7.0, hotspotY=6.0)
14:32:09.489 [FXGL Background Thread 3 ] DEBUG Engine               - devBBoxColorProperty: ObjectProperty [value: 0xff0000ff]
14:32:09.490 [FXGL Background Thread 3 ] DEBUG Engine               - devEnableDebugCameraProperty: BooleanProperty [value: false]
14:32:09.490 [FXGL Background Thread 3 ] DEBUG Engine               - devSensorColorProperty: ObjectProperty [value: 0xffff00ff]
14:32:09.490 [FXGL Background Thread 3 ] DEBUG Engine               - devShowBBoxProperty: BooleanProperty [value: false]
14:32:09.490 [FXGL Background Thread 3 ] DEBUG Engine               - devShowPositionProperty: BooleanProperty [value: false]
14:32:09.490 [FXGL Background Thread 3 ] DEBUG Engine               - enabledMenuItems: []
14:32:09.490 [FXGL Background Thread 3 ] DEBUG Engine               - engineServices: [class com.almasb.fxgl.app.services.FXGLAssetLoaderService, class com.almasb.fxgl.app.FXGLApplication$GameApplicationService, class com.almasb.fxgl.app.services.FXGLDialogService, class com.almasb.fxgl.app.services.IOTaskExecutorService, class com.almasb.fxgl.io.FileSystemService, class com.almasb.fxgl.localization.LocalizationService, class com.almasb.fxgl.app.services.SystemBundleService, class com.almasb.fxgl.profile.SaveLoadService, class com.almasb.fxgl.ui.FXGLUIFactoryServiceProvider, class com.almasb.fxgl.ui.FXGLDialogFactoryServiceProvider, class com.almasb.fxgl.audio.AudioPlayer, class com.almasb.fxgl.notification.impl.NotificationServiceProvider, class com.almasb.fxgl.achievement.AchievementService, class com.almasb.fxgl.cutscene.CutsceneService, class com.almasb.fxgl.minigames.MiniGameService, class com.almasb.fxgl.net.NetService, class com.almasb.fxgl.app.services.UpdaterService, class com.almasb.fxgl.dev.DevService]
14:32:09.490 [FXGL Background Thread 3 ] DEBUG Engine               - fontGame: Abel-Regular.ttf
14:32:09.490 [FXGL Background Thread 3 ] DEBUG Engine               - fontMono: TerminalLandMono-Regular.otf
14:32:09.491 [FXGL Background Thread 3 ] DEBUG Engine               - fontText: Courier-Prime.ttf
14:32:09.491 [FXGL Background Thread 3 ] DEBUG Engine               - fontUI: VarelaRound-Regular.ttf
14:32:09.491 [FXGL Background Thread 3 ] DEBUG Engine               - fullScreen: BooleanProperty [value: false]
14:32:09.491 [FXGL Background Thread 3 ] DEBUG Engine               - gameDifficulty: MEDIUM
14:32:09.491 [FXGL Background Thread 3 ] DEBUG Engine               - gameDifficultyProperty: ObjectProperty [value: MEDIUM]
14:32:09.491 [FXGL Background Thread 3 ] DEBUG Engine               - globalMusicVolume: 0.5
14:32:09.491 [FXGL Background Thread 3 ] DEBUG Engine               - globalMusicVolumeProperty: DoubleProperty [value: 0.5]
14:32:09.491 [FXGL Background Thread 3 ] DEBUG Engine               - globalSoundVolume: 0.5
14:32:09.491 [FXGL Background Thread 3 ] DEBUG Engine               - globalSoundVolumeProperty: DoubleProperty [value: 0.5]
14:32:09.491 [FXGL Background Thread 3 ] DEBUG Engine               - height: 1024
14:32:09.491 [FXGL Background Thread 3 ] DEBUG Engine               - is3D: false
14:32:09.492 [FXGL Background Thread 3 ] DEBUG Engine               - isAndroid: false
14:32:09.492 [FXGL Background Thread 3 ] DEBUG Engine               - isBrowser: false
14:32:09.492 [FXGL Background Thread 3 ] DEBUG Engine               - isClickFeedbackEnabled: false
14:32:09.492 [FXGL Background Thread 3 ] DEBUG Engine               - isCloseConfirmation: false
14:32:09.492 [FXGL Background Thread 3 ] DEBUG Engine               - isDesktop: true
14:32:09.492 [FXGL Background Thread 3 ] DEBUG Engine               - isDeveloperMenuEnabled: false
14:32:09.492 [FXGL Background Thread 3 ] DEBUG Engine               - isEmbedded: false
14:32:09.492 [FXGL Background Thread 3 ] DEBUG Engine               - isEntityPreloadEnabled: true
14:32:09.492 [FXGL Background Thread 3 ] DEBUG Engine               - isExperimentalTiledLargeMap: false
14:32:09.492 [FXGL Background Thread 3 ] DEBUG Engine               - isFileSystemWriteAllowed: true
14:32:09.492 [FXGL Background Thread 3 ] DEBUG Engine               - isFullScreenAllowed: false
14:32:09.493 [FXGL Background Thread 3 ] DEBUG Engine               - isFullScreenFromStart: false
14:32:09.493 [FXGL Background Thread 3 ] DEBUG Engine               - isGameMenuEnabled: true
14:32:09.493 [FXGL Background Thread 3 ] DEBUG Engine               - isIOS: false
14:32:09.493 [FXGL Background Thread 3 ] DEBUG Engine               - isIntroEnabled: false
14:32:09.493 [FXGL Background Thread 3 ] DEBUG Engine               - isLinux: false
14:32:09.493 [FXGL Background Thread 3 ] DEBUG Engine               - isMac: false
14:32:09.493 [FXGL Background Thread 3 ] DEBUG Engine               - isMainMenuEnabled: true
14:32:09.493 [FXGL Background Thread 3 ] DEBUG Engine               - isManualResizeEnabled: false
14:32:09.493 [FXGL Background Thread 3 ] DEBUG Engine               - isMobile: false
14:32:09.493 [FXGL Background Thread 3 ] DEBUG Engine               - isNative: false
14:32:09.493 [FXGL Background Thread 3 ] DEBUG Engine               - isPauseMusicWhenMinimized: true
14:32:09.493 [FXGL Background Thread 3 ] DEBUG Engine               - isPreserveResizeRatio: false
14:32:09.493 [FXGL Background Thread 3 ] DEBUG Engine               - isProfilingEnabled: false
14:32:09.493 [FXGL Background Thread 3 ] DEBUG Engine               - isScaleAffectedOnResize: true
14:32:09.493 [FXGL Background Thread 3 ] DEBUG Engine               - isSingleStep: false
14:32:09.493 [FXGL Background Thread 3 ] DEBUG Engine               - isUserProfileEnabled: false
14:32:09.494 [FXGL Background Thread 3 ] DEBUG Engine               - isWindows: true
14:32:09.494 [FXGL Background Thread 3 ] DEBUG Engine               - language: ObjectProperty [value: ENGLISH]
14:32:09.494 [FXGL Background Thread 3 ] DEBUG Engine               - menuKey: ESCAPE
14:32:09.494 [FXGL Background Thread 3 ] DEBUG Engine               - mouseSensitivity: 0.2
14:32:09.494 [FXGL Background Thread 3 ] DEBUG Engine               - notificationViewClass: class com.almasb.fxgl.notification.view.XboxNotificationView
14:32:09.494 [FXGL Background Thread 3 ] DEBUG Engine               - pixelsPerMeter: 50.0
14:32:09.494 [FXGL Background Thread 3 ] DEBUG Engine               - platform: WINDOWS
14:32:09.494 [FXGL Background Thread 3 ] DEBUG Engine               - prefHeightProperty: ReadOnlyDoubleProperty [value: 1024.0]
14:32:09.494 [FXGL Background Thread 3 ] DEBUG Engine               - prefWidthProperty: ReadOnlyDoubleProperty [value: 1024.0]
14:32:09.494 [FXGL Background Thread 3 ] DEBUG Engine               - profileDir: profiles/
14:32:09.494 [FXGL Background Thread 3 ] DEBUG Engine               - profileName: StringProperty [value: DEFAULT]
14:32:09.494 [FXGL Background Thread 3 ] DEBUG Engine               - randomSeed: -1
14:32:09.495 [FXGL Background Thread 3 ] DEBUG Engine               - runtimeInfo: RuntimeInfo(platform=WINDOWS, version=17.2, build=20.08.2022 16.50)
14:32:09.495 [FXGL Background Thread 3 ] DEBUG Engine               - saveFileExt: sav
14:32:09.495 [FXGL Background Thread 3 ] DEBUG Engine               - scaledHeightProp$fxgl: DoubleProperty [bound, value: 824.0]
14:32:09.495 [FXGL Background Thread 3 ] DEBUG Engine               - scaledWidthProp$fxgl: DoubleProperty [bound, value: 799.0]
14:32:09.495 [FXGL Background Thread 3 ] DEBUG Engine               - sceneFactory: com.almasb.fxgl.app.scene.SceneFactory@34d853dc
14:32:09.495 [FXGL Background Thread 3 ] DEBUG Engine               - secondsIn24h: 60
14:32:09.495 [FXGL Background Thread 3 ] DEBUG Engine               - soundMenuBack: menu/back.wav
14:32:09.495 [FXGL Background Thread 3 ] DEBUG Engine               - soundMenuPress: menu/press.wav
14:32:09.495 [FXGL Background Thread 3 ] DEBUG Engine               - soundMenuSelect: menu/select.wav
14:32:09.495 [FXGL Background Thread 3 ] DEBUG Engine               - soundNotification: core/notification.wav
14:32:09.496 [FXGL Background Thread 3 ] DEBUG Engine               - stageStyle: DECORATED
14:32:09.496 [FXGL Background Thread 3 ] DEBUG Engine               - supportedLanguages: [ENGLISH, FRENCH, GERMAN, HUNGARIAN, RUSSIAN]
14:32:09.496 [FXGL Background Thread 3 ] DEBUG Engine               - ticksPerSecond: -1
14:32:09.496 [FXGL Background Thread 3 ] DEBUG Engine               - title: Dawnseeker
14:32:09.496 [FXGL Background Thread 3 ] DEBUG Engine               - urlGithub: https://github.com/AlmasB/FXGL
14:32:09.496 [FXGL Background Thread 3 ] DEBUG Engine               - urlLeaderboard: http://fxgl-top.herokuapp.com/
14:32:09.496 [FXGL Background Thread 3 ] DEBUG Engine               - urlPOM: https://raw.githubusercontent.com/AlmasB/FXGL/release/README.md
14:32:09.496 [FXGL Background Thread 3 ] DEBUG Engine               - userAppClass: class myGame.DawnseekerApp
14:32:09.497 [FXGL Background Thread 3 ] DEBUG Engine               - version: 0.2
14:32:09.497 [FXGL Background Thread 3 ] DEBUG Engine               - versionCheckDays: 7
14:32:09.497 [FXGL Background Thread 3 ] DEBUG Engine               - width: 1024
14:32:09.497 [FXGL Background Thread 3 ] DEBUG Engine               - Logging services
14:32:09.498 [FXGL Background Thread 3 ] DEBUG Engine               - class com.almasb.fxgl.app.services.FXGLAssetLoaderService
14:32:09.498 [FXGL Background Thread 3 ] DEBUG Engine               - class com.almasb.fxgl.app.FXGLApplication$GameApplicationService
14:32:09.498 [FXGL Background Thread 3 ] DEBUG Engine               - class com.almasb.fxgl.app.services.FXGLDialogService
14:32:09.498 [FXGL Background Thread 3 ] DEBUG Engine               - class com.almasb.fxgl.app.services.IOTaskExecutorService
14:32:09.498 [FXGL Background Thread 3 ] DEBUG Engine               - class com.almasb.fxgl.io.FileSystemService
14:32:09.498 [FXGL Background Thread 3 ] DEBUG Engine               - class com.almasb.fxgl.localization.LocalizationService
14:32:09.499 [FXGL Background Thread 3 ] DEBUG Engine               - class com.almasb.fxgl.app.services.SystemBundleService
14:32:09.499 [FXGL Background Thread 3 ] DEBUG Engine               - class com.almasb.fxgl.profile.SaveLoadService
14:32:09.500 [FXGL Background Thread 3 ] DEBUG Engine               - class com.almasb.fxgl.ui.FXGLUIFactoryServiceProvider
14:32:09.500 [FXGL Background Thread 3 ] DEBUG Engine               - class com.almasb.fxgl.ui.FXGLDialogFactoryServiceProvider
14:32:09.500 [FXGL Background Thread 3 ] DEBUG Engine               - class com.almasb.fxgl.audio.AudioPlayer
14:32:09.500 [FXGL Background Thread 3 ] DEBUG Engine               - class com.almasb.fxgl.notification.impl.NotificationServiceProvider
14:32:09.500 [FXGL Background Thread 3 ] DEBUG Engine               - class com.almasb.fxgl.achievement.AchievementService
14:32:09.500 [FXGL Background Thread 3 ] DEBUG Engine               - class com.almasb.fxgl.cutscene.CutsceneService
14:32:09.500 [FXGL Background Thread 3 ] DEBUG Engine               - class com.almasb.fxgl.minigames.MiniGameService
14:32:09.500 [FXGL Background Thread 3 ] DEBUG Engine               - class com.almasb.fxgl.net.NetService
14:32:09.500 [FXGL Background Thread 3 ] DEBUG Engine               - class com.almasb.fxgl.app.services.UpdaterService
14:32:09.500 [FXGL Background Thread 3 ] DEBUG Engine               - class com.almasb.fxgl.dev.DevService
14:32:09.570 [FXGL Background Thread 2 ] DEBUG AudioPlayer          - Playing music com.almasb.fxgl.audio.Music@4d807c8
14:32:09.578 [FXGL Background Thread 2 ] DEBUG FXGLAssetLoaderServi - Loading from file system: file:/C:/Users/narro/OneDrive/Documents/coleg/Spring%202023/CS%204900%20Senior%20Seminiar/Dawnseeker/Dawnseeker/target/classes/assets/textures/PlayerCharacterDawnseeker.png
14:32:09.608 [FXGL Background Thread 2 ] WARN  GameWorld            - Entity is already attached to world
14:32:09.610 [FXGL Background Thread 2 ] WARN  Entity               - Entity already has component: com.almasb.fxgl.entity.components.CollidableComponent
14:32:09.610 [FXGL Background Thread 2 ] WARN  GameWorld            - Entity is already attached to world
14:32:09.612 [FXGL Background Thread 2 ] WARN  Entity               - Entity already has component: com.almasb.fxgl.entity.components.CollidableComponent
14:32:09.612 [FXGL Background Thread 2 ] WARN  GameWorld            - Entity is already attached to world
14:32:09.614 [FXGL Background Thread 2 ] WARN  Entity               - Entity already has component: com.almasb.fxgl.entity.components.CollidableComponent
14:32:09.614 [FXGL Background Thread 2 ] WARN  GameWorld            - Entity is already attached to world
14:32:09.618 [FXGL Background Thread 2 ] WARN  Entity               - Entity already has component: com.almasb.fxgl.entity.components.CollidableComponent
14:32:09.619 [FXGL Background Thread 2 ] WARN  GameWorld            - Entity is already attached to world
14:32:09.647 [FXGL Background Thread 2 ] INFO  FXGLApplication      - Game initialization took: 0.291 sec
14:32:09.722 [JavaFX Application Thread] DEBUG Input                - Clearing active input actions
14:32:09.729 [JavaFX Application Thread] DEBUG GameApplicationServi - Removing overlay from FXGLLoadingScene and adding to GameScene
14:32:09.729 [JavaFX Application Thread] DEBUG PrimaryStageWindow   - FXGLLoadingScene -> GameScene
14:32:10.154 [JavaFX Application Thread] DEBUG FXGLAssetLoaderServi - Loading from file system: file:/C:/Users/narro/OneDrive/Documents/coleg/Spring%202023/CS%204900%20Senior%20Seminiar/Dawnseeker/Dawnseeker/target/classes/assets/textures/EnemyDawnseeker.png
14:32:11.220 [JavaFX Application Thread] DEBUG FXGLAssetLoaderServi - Loading from file system: file:/C:/Users/narro/OneDrive/Documents/coleg/Spring%202023/CS%204900%20Senior%20Seminiar/Dawnseeker/Dawnseeker/target/classes/assets/sounds/magic_missile.wav
14:32:11.228 [JavaFX Application Thread] DEBUG FXGLAssetLoaderServi - Loading from file system: file:/C:/Users/narro/OneDrive/Documents/coleg/Spring%202023/CS%204900%20Senior%20Seminiar/Dawnseeker/Dawnseeker/target/classes/assets/textures/FireBallProjectile.png
14:32:12.234 [JavaFX Application Thread] DEBUG FXGLAssetLoaderServi - Loading from file system: file:/C:/Users/narro/OneDrive/Documents/coleg/Spring%202023/CS%204900%20Senior%20Seminiar/Dawnseeker/Dawnseeker/target/classes/assets/sounds/bong.wav
14:32:14.055 [JavaFX Application Thread] DEBUG FXGLAssetLoaderServi - Loading from file system: file:/C:/Users/narro/OneDrive/Documents/coleg/Spring%202023/CS%204900%20Senior%20Seminiar/Dawnseeker/Dawnseeker/target/classes/assets/sounds/coin_pickup.wav
14:32:26.696 [JavaFX Application Thread] DEBUG FXGLAssetLoaderServi - Loading from file system: file:/C:/Users/narro/OneDrive/Documents/coleg/Spring%202023/CS%204900%20Senior%20Seminiar/Dawnseeker/Dawnseeker/target/classes/assets/sounds/player_oof.wav
14:32:30.181 [JavaFX Application Thread] DEBUG FXGLAssetLoaderServi - Loading from file system: file:/C:/Users/narro/OneDrive/Documents/coleg/Spring%202023/CS%204900%20Senior%20Seminiar/Dawnseeker/Dawnseeker/target/classes/assets/sounds/yoda_death.wav
14:32:31.920 [JavaFX Application Thread] DEBUG FXGLApplication      - Exiting FXGL
14:32:31.920 [JavaFX Application Thread] DEBUG LoopRunner           - Stopping loop
14:32:31.921 [JavaFX Application Thread] DEBUG SystemBundleService  - Saving FXGL system data
14:32:31.927 [JavaFX Application Thread] DEBUG FileSystemAccess     - Writing to: C:\Users\narro\OneDrive\Documents\coleg\Spring 2023\CS 4900 Senior Seminiar\Dawnseeker\Dawnseeker\system\fxgl.bundle
14:32:31.932 [JavaFX Application Thread] DEBUG Async                - Shutting down background threads
14:32:31.932 [JavaFX Application Thread] DEBUG PrimaryStageWindow   - Closing main window
14:32:31.942 [JavaFX Application Thread] DEBUG Logger               - Closing Logger
