23:17:13.604 [main                     ] DEBUG Logger               - Configured Logger
23:17:13.628 [main                     ] DEBUG GameApplication      - Logging settings
Title: Dawnseeker
Version: 0.1
Width: 1024
Height: 1024
Fullscreen: false
Intro: true
Profiling: false
Single step:false
App Mode: DEVELOPER
Menu Key: ESCAPE
Stage Style: DECORATED
Scene Factory: class com.almasb.fxgl.app.scene.SceneFactory

23:17:14.070 [JavaFX Application Thread] DEBUG FXGLApplication      - Initializing FXGL
23:17:14.074 [JavaFX Application Thread] INFO  Engine               - FXGL-17.2 (20.08.2022 16.50) on WINDOWS (J:19.0.2 FX:18)
23:17:14.075 [JavaFX Application Thread] DEBUG Engine               - JRE Vendor Name: Oracle Corporation
23:17:14.075 [JavaFX Application Thread] DEBUG Engine               - Running on OS: Windows 10 version 10.0
23:17:14.075 [JavaFX Application Thread] DEBUG Engine               - Architecture: amd64
23:17:14.075 [JavaFX Application Thread] INFO  Engine               - Source code and latest versions at: https://github.com/AlmasB/FXGL
23:17:14.075 [JavaFX Application Thread] INFO  Engine               -       Ask questions and discuss at: https://github.com/AlmasB/FXGL/discussions
23:17:14.076 [JavaFX Application Thread] INFO  Engine               -              Join the FXGL chat at: https://gitter.im/AlmasB/FXGL
23:17:14.196 [JavaFX Application Thread] DEBUG PrimaryStageWindow   - Creating a JavaFX scene
23:17:14.242 [JavaFX Application Thread] DEBUG PrimaryStageWindow   - Target settings size: 1024.0 x 1024.0
23:17:14.242 [JavaFX Application Thread] DEBUG PrimaryStageWindow   - Scaled scene size:    1024.0 x 1024.0
23:17:14.242 [JavaFX Application Thread] DEBUG PrimaryStageWindow   - Scaled ratio: (1.0, 1.0)
23:17:14.243 [JavaFX Application Thread] DEBUG PrimaryStageWindow   - Set initial scene to FXGLStartupScene
23:17:14.250 [JavaFX Application Thread] DEBUG PrimaryStageWindow   - Opening main window
23:17:14.339 [JavaFX Application Thread] DEBUG PrimaryStageWindow   - Window border size: (16.0, 39.0)
23:17:14.339 [JavaFX Application Thread] DEBUG PrimaryStageWindow   - Scaled size: 1024.0 x 1024.0
23:17:14.339 [JavaFX Application Thread] DEBUG PrimaryStageWindow   - Scaled ratio: (1.0, 1.0)
23:17:14.339 [JavaFX Application Thread] DEBUG PrimaryStageWindow   - Scene size: 1024.0 x 1024.0
23:17:14.339 [JavaFX Application Thread] DEBUG PrimaryStageWindow   - Stage size: 1040.0 x 1063.0
23:17:14.346 [FXGL Background Thread 1 ] DEBUG Engine               - Initializing environment variables
23:17:14.391 [FXGL Background Thread 1 ] DEBUG FXGLAssetLoaderServi - User app class for loading assets: class myGame.DawnseekerApp
23:17:14.391 [FXGL Background Thread 1 ] DEBUG GameApplicationServi - Applying CSS: fxgl_dark.css
23:17:14.392 [FXGL Background Thread 1 ] DEBUG FXGLAssetLoaderServi - Loading from file system: jar:file:/C:/Users/Morgan%20Johnson/.m2/repository/com/github/almasb/fxgl/17.2/fxgl-17.2.jar!/fxglassets/ui/css/fxgl_dark.css
23:17:14.432 [FXGL Background Thread 1 ] DEBUG GameApplicationServi - Initializing application scenes
23:17:14.467 [FXGL Background Thread 1 ] DEBUG GameWorld            - Game world initialized
23:17:14.525 [FXGL Background Thread 1 ] DEBUG PhysicsWorld         - Physics world initialized: appHeight=1024, physics.ppm=50.0
23:17:14.525 [FXGL Background Thread 1 ] DEBUG PhysicsWorld         - Using strategy: BRUTE_FORCE
23:17:14.528 [FXGL Background Thread 1 ] DEBUG GameScene            - Game scene initialized: 1024x1024
23:17:14.531 [FXGL Background Thread 1 ] DEBUG FXGLAssetLoaderServi - Loading from file system: jar:file:/C:/Users/Morgan%20Johnson/.m2/repository/com/github/almasb/fxgl/17.2/fxgl-17.2.jar!/fxglassets/textures/intro/fxgl_logo.png
23:17:14.563 [FXGL Background Thread 1 ] DEBUG FXGLAssetLoaderServi - Loading from file system: jar:file:/C:/Users/Morgan%20Johnson/.m2/repository/com/github/almasb/fxgl/17.2/fxgl-17.2.jar!/fxglassets/textures/intro/javafx_logo.png
23:17:14.675 [FXGL Background Thread 1 ] DEBUG FXGL.DefaultMenu     - createMenuBodyMainMenu()
23:17:14.692 [FXGL Background Thread 1 ] DEBUG FXGL.DefaultMenu     - createOptionsMenu()
23:17:14.704 [FXGL Background Thread 1 ] DEBUG FXGLAssetLoaderServi - Loading from file system: jar:file:/C:/Users/Morgan%20Johnson/.m2/repository/com/github/almasb/fxgl/17.2/fxgl-17.2.jar!/fxglassets/textures/particles/smoke.png
23:17:14.756 [FXGL Background Thread 1 ] DEBUG FXGLAssetLoaderServi - Loading from file system: jar:file:/C:/Users/Morgan%20Johnson/.m2/repository/com/github/almasb/fxgl/17.2/fxgl-17.2.jar!/fxglassets/textures/particles/trace_horizontal.png
23:17:14.776 [FXGL Background Thread 1 ] DEBUG FXGL.DefaultMenu     - createMenuBodyGameMenu()
23:17:14.777 [FXGL Background Thread 1 ] DEBUG FXGL.DefaultMenu     - createOptionsMenu()
23:17:14.789 [FXGL Background Thread 1 ] DEBUG GameApplicationServi - Application scenes initialized
23:17:14.803 [FXGL Background Thread 1 ] DEBUG SystemBundleService  - Loading FXGL system data
23:17:14.807 [FXGL Background Thread 1 ] DEBUG FileSystemAccess     - Reading from: C:\Games\Schoolwork\Spring 23\CS4900\DawnseekerWorkspace\CS4900G2Proj2\Dawnseeker\system\fxgl.bundle
23:17:14.816 [FXGL Background Thread 1 ] DEBUG SystemBundleService  - Bundle FXGL: {}
23:17:14.816 [FXGL Background Thread 1 ] DEBUG UpdaterService       - Checking for updates
23:17:14.819 [FXGL Background Thread 4 ] DEBUG FXGLApplication      - Loading fonts
23:17:14.820 [FXGL Background Thread 4 ] DEBUG FXGLAssetLoaderServi - Loading from file system: jar:file:/C:/Users/Morgan%20Johnson/.m2/repository/com/github/almasb/fxgl/17.2/fxgl-17.2.jar!/fxglassets/ui/fonts/VarelaRound-Regular.ttf
23:17:14.820 [FXGL Background Thread 1 ] DEBUG FXGLApplication      - Loading default localization
23:17:14.820 [FXGL Background Thread 1 ] DEBUG FXGLAssetLoaderServi - Loading from file system: jar:file:/C:/Users/Morgan%20Johnson/.m2/repository/com/github/almasb/fxgl/17.2/fxgl-17.2.jar!/fxglassets/languages/english.lang
23:17:14.841 [FXGL Background Thread 1 ] INFO  FXGLApplication      - FXGL initialization took: 0.494 sec
23:17:14.851 [JavaFX Application Thread] DEBUG Input                - Registered new binding: action0 - W
23:17:14.852 [JavaFX Application Thread] DEBUG Input                - Registered new binding: action1 - S
23:17:14.852 [JavaFX Application Thread] DEBUG Input                - Registered new binding: action2 - A
23:17:14.852 [JavaFX Application Thread] DEBUG Input                - Registered new binding: action3 - D
23:17:14.854 [JavaFX Application Thread] DEBUG Input                - Registered new binding: action4 - LMB
23:17:14.855 [JavaFX Application Thread] DEBUG FXGLAssetLoaderServi - Loading from file system: jar:file:/C:/Users/Morgan%20Johnson/.m2/repository/com/github/almasb/fxgl/17.2/fxgl-17.2.jar!/fxglassets/textures/fxgl_icon.png
23:17:14.868 [JavaFX Application Thread] DEBUG FXGLAssetLoaderServi - Loading from file system: jar:file:/C:/Users/Morgan%20Johnson/.m2/repository/com/github/almasb/fxgl/17.2/fxgl-17.2.jar!/fxglassets/textures/fxgl_default_cursor.png
23:17:14.870 [JavaFX Application Thread] DEBUG Input                - Registered new binding: Screenshot - CTRL+8
23:17:14.871 [JavaFX Application Thread] DEBUG Input                - Registered new binding: System info dump - CTRL+9
23:17:14.872 [JavaFX Application Thread] DEBUG Input                - Registered new binding: Restart - CTRL+R
23:17:14.872 [JavaFX Application Thread] DEBUG Input                - Registered new binding: Toggle Debug Camera - CTRL+7
23:17:14.875 [JavaFX Application Thread] DEBUG LoopRunner           - Starting loop
23:17:14.875 [JavaFX Application Thread] DEBUG LoopRunner           - Initializing JavaFX AnimationTimerLoop
23:17:14.912 [JavaFX Application Thread] DEBUG Input                - Clearing active input actions
23:17:14.917 [FXGL Background Thread 4 ] DEBUG FXGLAssetLoaderServi - Loading from file system: jar:file:/C:/Users/Morgan%20Johnson/.m2/repository/com/github/almasb/fxgl/17.2/fxgl-17.2.jar!/fxglassets/ui/fonts/Abel-Regular.ttf
23:17:14.920 [JavaFX Application Thread] DEBUG GameApplicationServi - Removing overlay from FXGLStartupScene and adding to FXGLIntroScene
23:17:14.921 [JavaFX Application Thread] DEBUG PrimaryStageWindow   - FXGLStartupScene -> FXGLIntroScene
23:17:14.922 [FXGL Background Thread 4 ] DEBUG FXGLAssetLoaderServi - Loading from file system: jar:file:/C:/Users/Morgan%20Johnson/.m2/repository/com/github/almasb/fxgl/17.2/fxgl-17.2.jar!/fxglassets/ui/fonts/TerminalLandMono-Regular.otf
23:17:14.927 [FXGL Background Thread 4 ] DEBUG FXGLAssetLoaderServi - Loading from file system: jar:file:/C:/Users/Morgan%20Johnson/.m2/repository/com/github/almasb/fxgl/17.2/fxgl-17.2.jar!/fxglassets/ui/fonts/Courier-Prime.ttf
23:17:14.957 [JavaFX Application Thread] DEBUG FXGLApplication      - Registering font factories with UI factory
23:17:17.819 [FXGL Background Thread 3 ] DEBUG Engine               - Logging environment variables
23:17:17.819 [FXGL Background Thread 3 ] DEBUG Engine               - achievements: []
23:17:17.819 [FXGL Background Thread 3 ] DEBUG Engine               - actualHeight: 1024.0
23:17:17.819 [FXGL Background Thread 3 ] DEBUG Engine               - actualHeightProperty: ReadOnlyDoubleProperty [value: 1024.0]
23:17:17.819 [FXGL Background Thread 3 ] DEBUG Engine               - actualWidth: 1024.0
23:17:17.819 [FXGL Background Thread 3 ] DEBUG Engine               - actualWidthProperty: ReadOnlyDoubleProperty [value: 1024.0]
23:17:17.819 [FXGL Background Thread 3 ] DEBUG Engine               - appIcon: fxgl_icon.png
23:17:17.819 [FXGL Background Thread 3 ] DEBUG Engine               - applicationMode: DEVELOPER
23:17:17.819 [FXGL Background Thread 3 ] DEBUG Engine               - cSSList: [fxgl_dark.css]
23:17:17.820 [FXGL Background Thread 3 ] DEBUG Engine               - collisionDetectionStrategy: BRUTE_FORCE
23:17:17.820 [FXGL Background Thread 3 ] DEBUG Engine               - configClass: Optional.empty
23:17:17.820 [FXGL Background Thread 3 ] DEBUG Engine               - credits: []
23:17:17.820 [FXGL Background Thread 3 ] DEBUG Engine               - defaultCursor: CursorInfo(imageName=fxgl_default_cursor.png, hotspotX=7.0, hotspotY=6.0)
23:17:17.820 [FXGL Background Thread 3 ] DEBUG Engine               - devBBoxColorProperty: ObjectProperty [value: 0xff0000ff]
23:17:17.820 [FXGL Background Thread 3 ] DEBUG Engine               - devEnableDebugCameraProperty: BooleanProperty [value: false]
23:17:17.820 [FXGL Background Thread 3 ] DEBUG Engine               - devSensorColorProperty: ObjectProperty [value: 0xffff00ff]
23:17:17.820 [FXGL Background Thread 3 ] DEBUG Engine               - devShowBBoxProperty: BooleanProperty [value: false]
23:17:17.820 [FXGL Background Thread 3 ] DEBUG Engine               - devShowPositionProperty: BooleanProperty [value: false]
23:17:17.820 [FXGL Background Thread 3 ] DEBUG Engine               - enabledMenuItems: []
23:17:17.821 [FXGL Background Thread 3 ] DEBUG Engine               - engineServices: [class com.almasb.fxgl.app.services.FXGLAssetLoaderService, class com.almasb.fxgl.app.FXGLApplication$GameApplicationService, class com.almasb.fxgl.app.services.FXGLDialogService, class com.almasb.fxgl.app.services.IOTaskExecutorService, class com.almasb.fxgl.io.FileSystemService, class com.almasb.fxgl.localization.LocalizationService, class com.almasb.fxgl.app.services.SystemBundleService, class com.almasb.fxgl.profile.SaveLoadService, class com.almasb.fxgl.ui.FXGLUIFactoryServiceProvider, class com.almasb.fxgl.ui.FXGLDialogFactoryServiceProvider, class com.almasb.fxgl.audio.AudioPlayer, class com.almasb.fxgl.notification.impl.NotificationServiceProvider, class com.almasb.fxgl.achievement.AchievementService, class com.almasb.fxgl.cutscene.CutsceneService, class com.almasb.fxgl.minigames.MiniGameService, class com.almasb.fxgl.net.NetService, class com.almasb.fxgl.app.services.UpdaterService, class com.almasb.fxgl.dev.DevService]
23:17:17.821 [FXGL Background Thread 3 ] DEBUG Engine               - fontGame: Abel-Regular.ttf
23:17:17.821 [FXGL Background Thread 3 ] DEBUG Engine               - fontMono: TerminalLandMono-Regular.otf
23:17:17.821 [FXGL Background Thread 3 ] DEBUG Engine               - fontText: Courier-Prime.ttf
23:17:17.821 [FXGL Background Thread 3 ] DEBUG Engine               - fontUI: VarelaRound-Regular.ttf
23:17:17.821 [FXGL Background Thread 3 ] DEBUG Engine               - fullScreen: BooleanProperty [value: false]
23:17:17.821 [FXGL Background Thread 3 ] DEBUG Engine               - gameDifficulty: MEDIUM
23:17:17.821 [FXGL Background Thread 3 ] DEBUG Engine               - gameDifficultyProperty: ObjectProperty [value: MEDIUM]
23:17:17.821 [FXGL Background Thread 3 ] DEBUG Engine               - globalMusicVolume: 0.5
23:17:17.821 [FXGL Background Thread 3 ] DEBUG Engine               - globalMusicVolumeProperty: DoubleProperty [value: 0.5]
23:17:17.821 [FXGL Background Thread 3 ] DEBUG Engine               - globalSoundVolume: 0.5
23:17:17.821 [FXGL Background Thread 3 ] DEBUG Engine               - globalSoundVolumeProperty: DoubleProperty [value: 0.5]
23:17:17.821 [FXGL Background Thread 3 ] DEBUG Engine               - height: 1024
23:17:17.821 [FXGL Background Thread 3 ] DEBUG Engine               - is3D: false
23:17:17.821 [FXGL Background Thread 3 ] DEBUG Engine               - isAndroid: false
23:17:17.821 [FXGL Background Thread 3 ] DEBUG Engine               - isBrowser: false
23:17:17.821 [FXGL Background Thread 3 ] DEBUG Engine               - isClickFeedbackEnabled: false
23:17:17.821 [FXGL Background Thread 3 ] DEBUG Engine               - isCloseConfirmation: false
23:17:17.821 [FXGL Background Thread 3 ] DEBUG Engine               - isDesktop: true
23:17:17.822 [FXGL Background Thread 3 ] DEBUG Engine               - isDeveloperMenuEnabled: false
23:17:17.822 [FXGL Background Thread 3 ] DEBUG Engine               - isEmbedded: false
23:17:17.822 [FXGL Background Thread 3 ] DEBUG Engine               - isEntityPreloadEnabled: true
23:17:17.822 [FXGL Background Thread 3 ] DEBUG Engine               - isExperimentalTiledLargeMap: false
23:17:17.822 [FXGL Background Thread 3 ] DEBUG Engine               - isFileSystemWriteAllowed: true
23:17:17.822 [FXGL Background Thread 3 ] DEBUG Engine               - isFullScreenAllowed: false
23:17:17.822 [FXGL Background Thread 3 ] DEBUG Engine               - isFullScreenFromStart: false
23:17:17.822 [FXGL Background Thread 3 ] DEBUG Engine               - isGameMenuEnabled: true
23:17:17.822 [FXGL Background Thread 3 ] DEBUG Engine               - isIOS: false
23:17:17.822 [FXGL Background Thread 3 ] DEBUG Engine               - isIntroEnabled: true
23:17:17.822 [FXGL Background Thread 3 ] DEBUG Engine               - isLinux: false
23:17:17.822 [FXGL Background Thread 3 ] DEBUG Engine               - isMac: false
23:17:17.822 [FXGL Background Thread 3 ] DEBUG Engine               - isMainMenuEnabled: true
23:17:17.822 [FXGL Background Thread 3 ] DEBUG Engine               - isManualResizeEnabled: false
23:17:17.822 [FXGL Background Thread 3 ] DEBUG Engine               - isMobile: false
23:17:17.822 [FXGL Background Thread 3 ] DEBUG Engine               - isNative: false
23:17:17.822 [FXGL Background Thread 3 ] DEBUG Engine               - isPauseMusicWhenMinimized: true
23:17:17.822 [FXGL Background Thread 3 ] DEBUG Engine               - isPreserveResizeRatio: false
23:17:17.822 [FXGL Background Thread 3 ] DEBUG Engine               - isProfilingEnabled: false
23:17:17.822 [FXGL Background Thread 3 ] DEBUG Engine               - isScaleAffectedOnResize: true
23:17:17.822 [FXGL Background Thread 3 ] DEBUG Engine               - isSingleStep: false
23:17:17.822 [FXGL Background Thread 3 ] DEBUG Engine               - isUserProfileEnabled: false
23:17:17.823 [FXGL Background Thread 3 ] DEBUG Engine               - isWindows: true
23:17:17.823 [FXGL Background Thread 3 ] DEBUG Engine               - language: ObjectProperty [value: ENGLISH]
23:17:17.823 [FXGL Background Thread 3 ] DEBUG Engine               - menuKey: ESCAPE
23:17:17.823 [FXGL Background Thread 3 ] DEBUG Engine               - mouseSensitivity: 0.2
23:17:17.823 [FXGL Background Thread 3 ] DEBUG Engine               - notificationViewClass: class com.almasb.fxgl.notification.view.XboxNotificationView
23:17:17.823 [FXGL Background Thread 3 ] DEBUG Engine               - pixelsPerMeter: 50.0
23:17:17.823 [FXGL Background Thread 3 ] DEBUG Engine               - platform: WINDOWS
23:17:17.823 [FXGL Background Thread 3 ] DEBUG Engine               - prefHeightProperty: ReadOnlyDoubleProperty [value: 1024.0]
23:17:17.823 [FXGL Background Thread 3 ] DEBUG Engine               - prefWidthProperty: ReadOnlyDoubleProperty [value: 1024.0]
23:17:17.823 [FXGL Background Thread 3 ] DEBUG Engine               - profileDir: profiles/
23:17:17.823 [FXGL Background Thread 3 ] DEBUG Engine               - profileName: StringProperty [value: DEFAULT]
23:17:17.823 [FXGL Background Thread 3 ] DEBUG Engine               - randomSeed: -1
23:17:17.823 [FXGL Background Thread 3 ] DEBUG Engine               - runtimeInfo: RuntimeInfo(platform=WINDOWS, version=17.2, build=20.08.2022 16.50)
23:17:17.823 [FXGL Background Thread 3 ] DEBUG Engine               - saveFileExt: sav
23:17:17.823 [FXGL Background Thread 3 ] DEBUG Engine               - scaledHeightProp$fxgl: DoubleProperty [bound, value: 1024.0]
23:17:17.823 [FXGL Background Thread 3 ] DEBUG Engine               - scaledWidthProp$fxgl: DoubleProperty [bound, value: 1024.0]
23:17:17.823 [FXGL Background Thread 3 ] DEBUG Engine               - sceneFactory: com.almasb.fxgl.app.scene.SceneFactory@3c2adb5b
23:17:17.824 [FXGL Background Thread 3 ] DEBUG Engine               - secondsIn24h: 60
23:17:17.824 [FXGL Background Thread 3 ] DEBUG Engine               - soundMenuBack: menu/back.wav
23:17:17.824 [FXGL Background Thread 3 ] DEBUG Engine               - soundMenuPress: menu/press.wav
23:17:17.824 [FXGL Background Thread 3 ] DEBUG Engine               - soundMenuSelect: menu/select.wav
23:17:17.824 [FXGL Background Thread 3 ] DEBUG Engine               - soundNotification: core/notification.wav
23:17:17.824 [FXGL Background Thread 3 ] DEBUG Engine               - stageStyle: DECORATED
23:17:17.824 [FXGL Background Thread 3 ] DEBUG Engine               - supportedLanguages: [ENGLISH, FRENCH, GERMAN, HUNGARIAN, RUSSIAN]
23:17:17.824 [FXGL Background Thread 3 ] DEBUG Engine               - ticksPerSecond: -1
23:17:17.824 [FXGL Background Thread 3 ] DEBUG Engine               - title: Dawnseeker
23:17:17.824 [FXGL Background Thread 3 ] DEBUG Engine               - urlGithub: https://github.com/AlmasB/FXGL
23:17:17.824 [FXGL Background Thread 3 ] DEBUG Engine               - urlLeaderboard: http://fxgl-top.herokuapp.com/
23:17:17.824 [FXGL Background Thread 3 ] DEBUG Engine               - urlPOM: https://raw.githubusercontent.com/AlmasB/FXGL/release/README.md
23:17:17.824 [FXGL Background Thread 3 ] DEBUG Engine               - userAppClass: class myGame.DawnseekerApp
23:17:17.824 [FXGL Background Thread 3 ] DEBUG Engine               - version: 0.1
23:17:17.824 [FXGL Background Thread 3 ] DEBUG Engine               - versionCheckDays: 7
23:17:17.824 [FXGL Background Thread 3 ] DEBUG Engine               - width: 1024
23:17:17.824 [FXGL Background Thread 3 ] DEBUG Engine               - Logging services
23:17:17.824 [FXGL Background Thread 3 ] DEBUG Engine               - class com.almasb.fxgl.app.services.FXGLAssetLoaderService
23:17:17.824 [FXGL Background Thread 3 ] DEBUG Engine               - class com.almasb.fxgl.app.FXGLApplication$GameApplicationService
23:17:17.824 [FXGL Background Thread 3 ] DEBUG Engine               - class com.almasb.fxgl.app.services.FXGLDialogService
23:17:17.824 [FXGL Background Thread 3 ] DEBUG Engine               - class com.almasb.fxgl.app.services.IOTaskExecutorService
23:17:17.824 [FXGL Background Thread 3 ] DEBUG Engine               - class com.almasb.fxgl.io.FileSystemService
23:17:17.824 [FXGL Background Thread 3 ] DEBUG Engine               - class com.almasb.fxgl.localization.LocalizationService
23:17:17.824 [FXGL Background Thread 3 ] DEBUG Engine               - class com.almasb.fxgl.app.services.SystemBundleService
23:17:17.824 [FXGL Background Thread 3 ] DEBUG Engine               - class com.almasb.fxgl.profile.SaveLoadService
23:17:17.824 [FXGL Background Thread 3 ] DEBUG Engine               - class com.almasb.fxgl.ui.FXGLUIFactoryServiceProvider
23:17:17.824 [FXGL Background Thread 3 ] DEBUG Engine               - class com.almasb.fxgl.ui.FXGLDialogFactoryServiceProvider
23:17:17.824 [FXGL Background Thread 3 ] DEBUG Engine               - class com.almasb.fxgl.audio.AudioPlayer
23:17:17.824 [FXGL Background Thread 3 ] DEBUG Engine               - class com.almasb.fxgl.notification.impl.NotificationServiceProvider
23:17:17.824 [FXGL Background Thread 3 ] DEBUG Engine               - class com.almasb.fxgl.achievement.AchievementService
23:17:17.824 [FXGL Background Thread 3 ] DEBUG Engine               - class com.almasb.fxgl.cutscene.CutsceneService
23:17:17.824 [FXGL Background Thread 3 ] DEBUG Engine               - class com.almasb.fxgl.minigames.MiniGameService
23:17:17.825 [FXGL Background Thread 3 ] DEBUG Engine               - class com.almasb.fxgl.net.NetService
23:17:17.825 [FXGL Background Thread 3 ] DEBUG Engine               - class com.almasb.fxgl.app.services.UpdaterService
23:17:17.825 [FXGL Background Thread 3 ] DEBUG Engine               - class com.almasb.fxgl.dev.DevService
23:17:22.344 [JavaFX Application Thread] DEBUG Input                - Clearing active input actions
23:17:22.349 [JavaFX Application Thread] DEBUG GameApplicationServi - Removing overlay from FXGLIntroScene and adding to FXGLMainMenuDummyScene
23:17:22.350 [JavaFX Application Thread] DEBUG PrimaryStageWindow   - FXGLIntroScene -> FXGLMainMenuDummyScene
23:17:22.350 [JavaFX Application Thread] DEBUG PrimaryStageWindow   - Push state: FXGLDefaultMenu
23:17:22.353 [JavaFX Application Thread] DEBUG Input                - Clearing active input actions
23:17:22.362 [JavaFX Application Thread] DEBUG GameApplicationServi - Removing overlay from FXGLMainMenuDummyScene and adding to FXGLDefaultMenu
23:17:22.362 [JavaFX Application Thread] DEBUG PrimaryStageWindow   - FXGLMainMenuDummyScene -> FXGLDefaultMenu
23:17:22.884 [JavaFX Application Thread] DEBUG Menu                 - fireNewGame()
23:17:22.885 [JavaFX Application Thread] DEBUG GameApplicationServi - Starting new game
23:17:22.886 [JavaFX Application Thread] DEBUG PrimaryStageWindow   - Pop state: FXGLDefaultMenu
23:17:22.886 [JavaFX Application Thread] DEBUG Input                - Clearing active input actions
23:17:22.887 [JavaFX Application Thread] DEBUG GameApplicationServi - Removing overlay from FXGLDefaultMenu and adding to FXGLMainMenuDummyScene
23:17:22.887 [JavaFX Application Thread] DEBUG PrimaryStageWindow   - FXGLMainMenuDummyScene <- FXGLDefaultMenu
23:17:22.887 [JavaFX Application Thread] DEBUG Input                - Clearing active input actions
23:17:22.892 [JavaFX Application Thread] DEBUG GameApplicationServi - Removing overlay from FXGLMainMenuDummyScene and adding to FXGLLoadingScene
23:17:22.892 [JavaFX Application Thread] DEBUG PrimaryStageWindow   - FXGLMainMenuDummyScene -> FXGLLoadingScene
23:17:22.893 [JavaFX Application Thread] DEBUG GameApplicationServi - Clearing previous game
23:17:22.893 [JavaFX Application Thread] DEBUG GameScene            - Clearing game scene
23:17:22.893 [JavaFX Application Thread] DEBUG GameWorld            - Clearing game world
23:17:22.893 [JavaFX Application Thread] DEBUG PhysicsWorld         - Clearing physics world
23:17:22.894 [FXGL Background Thread 2 ] DEBUG FXGLApplication      - Initializing game
23:17:22.900 [FXGL Background Thread 2 ] DEBUG FXGLAssetLoaderServi - Loading from file system: file:/C:/Games/Schoolwork/Spring%2023/CS4900/DawnseekerWorkspace/CS4900G2Proj2/Dawnseeker/target/classes/assets/textures/PlayerCharacterDawnseeker.png
23:17:22.913 [FXGL Background Thread 2 ] WARN  GameWorld            - Entity is already attached to world
23:17:22.914 [FXGL Background Thread 2 ] WARN  Entity               - Entity already has component: com.almasb.fxgl.entity.components.CollidableComponent
23:17:22.914 [FXGL Background Thread 2 ] WARN  GameWorld            - Entity is already attached to world
23:17:22.915 [FXGL Background Thread 2 ] WARN  Entity               - Entity already has component: com.almasb.fxgl.entity.components.CollidableComponent
23:17:22.915 [FXGL Background Thread 2 ] WARN  GameWorld            - Entity is already attached to world
23:17:22.916 [FXGL Background Thread 2 ] WARN  Entity               - Entity already has component: com.almasb.fxgl.entity.components.CollidableComponent
23:17:22.916 [FXGL Background Thread 2 ] WARN  GameWorld            - Entity is already attached to world
23:17:22.916 [FXGL Background Thread 2 ] WARN  Entity               - Entity already has component: com.almasb.fxgl.entity.components.CollidableComponent
23:17:22.917 [FXGL Background Thread 2 ] WARN  GameWorld            - Entity is already attached to world
23:17:22.917 [FXGL Background Thread 2 ] WARN  Entity               - Entity already has component: com.almasb.fxgl.entity.components.CollidableComponent
23:17:22.918 [FXGL Background Thread 2 ] WARN  GameWorld            - Entity is already attached to world
23:17:22.918 [FXGL Background Thread 2 ] WARN  Entity               - Entity already has component: com.almasb.fxgl.entity.components.CollidableComponent
23:17:22.918 [FXGL Background Thread 2 ] WARN  GameWorld            - Entity is already attached to world
23:17:22.919 [FXGL Background Thread 2 ] WARN  Entity               - Entity already has component: com.almasb.fxgl.entity.components.CollidableComponent
23:17:22.919 [FXGL Background Thread 2 ] WARN  GameWorld            - Entity is already attached to world
23:17:22.920 [FXGL Background Thread 2 ] WARN  Entity               - Entity already has component: com.almasb.fxgl.entity.components.CollidableComponent
23:17:22.920 [FXGL Background Thread 2 ] WARN  GameWorld            - Entity is already attached to world
23:17:22.931 [FXGL Background Thread 2 ] INFO  FXGLApplication      - Game initialization took: 0.037 sec
23:17:22.932 [JavaFX Application Thread] DEBUG Input                - Clearing active input actions
23:17:22.936 [JavaFX Application Thread] DEBUG GameApplicationServi - Removing overlay from FXGLLoadingScene and adding to GameScene
23:17:22.936 [JavaFX Application Thread] DEBUG PrimaryStageWindow   - FXGLLoadingScene -> GameScene
23:17:23.319 [JavaFX Application Thread] DEBUG FXGLAssetLoaderServi - Loading from file system: file:/C:/Games/Schoolwork/Spring%2023/CS4900/DawnseekerWorkspace/CS4900G2Proj2/Dawnseeker/target/classes/assets/textures/EnemyDawnseeker.png
23:17:43.138 [JavaFX Application Thread] DEBUG FXGLApplication      - Exiting FXGL
23:17:43.138 [JavaFX Application Thread] DEBUG LoopRunner           - Stopping loop
23:17:43.138 [JavaFX Application Thread] DEBUG SystemBundleService  - Saving FXGL system data
23:17:43.139 [JavaFX Application Thread] DEBUG FileSystemAccess     - Writing to: C:\Games\Schoolwork\Spring 23\CS4900\DawnseekerWorkspace\CS4900G2Proj2\Dawnseeker\system\fxgl.bundle
23:17:43.141 [JavaFX Application Thread] DEBUG Async                - Shutting down background threads
23:17:43.141 [JavaFX Application Thread] DEBUG PrimaryStageWindow   - Closing main window
23:17:43.151 [JavaFX Application Thread] DEBUG Logger               - Closing Logger
