15:35:09.340 [main                     ] DEBUG Logger               - Configured Logger
15:35:09.386 [main                     ] DEBUG GameApplication      - Logging settings
Title: Dawnseeker
Version: 0.2
Width: 1024
Height: 1024
Fullscreen: false
Intro: false
Profiling: false
Single step:false
App Mode: DEVELOPER
Menu Key: ESCAPE
Stage Style: DECORATED
Scene Factory: class myGame.DawnseekerApp$1

15:35:09.798 [JavaFX Application Thread] DEBUG FXGLApplication      - Initializing FXGL
15:35:09.803 [JavaFX Application Thread] INFO  Engine               - FXGL-17.2 (20.08.2022 16.50) on WINDOWS (J:19.0.2 FX:18)
15:35:09.803 [JavaFX Application Thread] DEBUG Engine               - JRE Vendor Name: Oracle Corporation
15:35:09.804 [JavaFX Application Thread] DEBUG Engine               - Running on OS: Windows 10 version 10.0
15:35:09.804 [JavaFX Application Thread] DEBUG Engine               - Architecture: amd64
15:35:09.804 [JavaFX Application Thread] INFO  Engine               - Source code and latest versions at: https://github.com/AlmasB/FXGL
15:35:09.804 [JavaFX Application Thread] INFO  Engine               -       Ask questions and discuss at: https://github.com/AlmasB/FXGL/discussions
15:35:09.804 [JavaFX Application Thread] INFO  Engine               -              Join the FXGL chat at: https://gitter.im/AlmasB/FXGL
15:35:09.930 [JavaFX Application Thread] DEBUG PrimaryStageWindow   - Creating a JavaFX scene
15:35:09.930 [JavaFX Application Thread] DEBUG PrimaryStageWindow   - Target size > screen size
15:35:09.977 [JavaFX Application Thread] DEBUG PrimaryStageWindow   - Target settings size: 1024.0 x 1024.0
15:35:09.977 [JavaFX Application Thread] DEBUG PrimaryStageWindow   - Scaled scene size:    799.0 x 824.0
15:35:09.977 [JavaFX Application Thread] DEBUG PrimaryStageWindow   - Scaled ratio: (0.7802734375, 0.8046875)
15:35:09.978 [JavaFX Application Thread] DEBUG PrimaryStageWindow   - Set initial scene to FXGLStartupScene
15:35:09.985 [JavaFX Application Thread] DEBUG PrimaryStageWindow   - Opening main window
15:35:10.087 [JavaFX Application Thread] DEBUG PrimaryStageWindow   - Window border size: (14.5999755859375, 37.5999755859375)
15:35:10.089 [JavaFX Application Thread] DEBUG PrimaryStageWindow   - Scaled size: 799.0 x 824.0
15:35:10.089 [JavaFX Application Thread] DEBUG PrimaryStageWindow   - Scaled ratio: (0.7802734375, 0.8046875)
15:35:10.089 [JavaFX Application Thread] DEBUG PrimaryStageWindow   - Scene size: 799.0 x 824.0
15:35:10.090 [JavaFX Application Thread] DEBUG PrimaryStageWindow   - Stage size: 813.5999755859375 x 861.5999755859375
15:35:10.099 [FXGL Background Thread 1 ] DEBUG Engine               - Initializing environment variables
15:35:10.194 [FXGL Background Thread 1 ] DEBUG FXGLAssetLoaderServi - User app class for loading assets: class myGame.DawnseekerApp
15:35:10.195 [FXGL Background Thread 1 ] DEBUG GameApplicationServi - Applying CSS: fxgl_dark.css
15:35:10.196 [FXGL Background Thread 1 ] DEBUG FXGLAssetLoaderServi - Loading from file system: jar:file:/C:/Users/narro/.m2/repository/com/github/almasb/fxgl/17.2/fxgl-17.2.jar!/fxglassets/ui/css/fxgl_dark.css
15:35:10.251 [FXGL Background Thread 1 ] DEBUG GameApplicationServi - Initializing application scenes
15:35:10.310 [FXGL Background Thread 1 ] DEBUG GameWorld            - Game world initialized
15:35:10.398 [FXGL Background Thread 1 ] DEBUG PhysicsWorld         - Physics world initialized: appHeight=1024, physics.ppm=50.0
15:35:10.399 [FXGL Background Thread 1 ] DEBUG PhysicsWorld         - Using strategy: BRUTE_FORCE
15:35:10.403 [FXGL Background Thread 1 ] DEBUG GameScene            - Game scene initialized: 1024x1024
15:35:10.425 [FXGL Background Thread 1 ] DEBUG FXGL.DefaultMenu     - createMenuBodyGameMenu()
15:35:10.441 [FXGL Background Thread 1 ] DEBUG FXGL.DefaultMenu     - createOptionsMenu()
15:35:10.451 [FXGL Background Thread 1 ] DEBUG FXGLAssetLoaderServi - Loading from file system: jar:file:/C:/Users/narro/.m2/repository/com/github/almasb/fxgl/17.2/fxgl-17.2.jar!/fxglassets/textures/particles/smoke.png
15:35:10.558 [FXGL Background Thread 1 ] DEBUG FXGLAssetLoaderServi - Loading from file system: jar:file:/C:/Users/narro/.m2/repository/com/github/almasb/fxgl/17.2/fxgl-17.2.jar!/fxglassets/textures/particles/trace_horizontal.png
15:35:10.589 [FXGL Background Thread 1 ] DEBUG GameApplicationServi - Application scenes initialized
15:35:10.604 [FXGL Background Thread 1 ] DEBUG SystemBundleService  - Loading FXGL system data
15:35:10.610 [FXGL Background Thread 1 ] DEBUG FileSystemAccess     - Reading from: C:\Users\narro\OneDrive\Documents\coleg\Spring 2023\CS 4900 Senior Seminiar\Dawnseeker\Dawnseeker\system\fxgl.bundle
15:35:10.622 [FXGL Background Thread 1 ] DEBUG SystemBundleService  - Bundle FXGL: {}
15:35:10.622 [FXGL Background Thread 1 ] DEBUG UpdaterService       - Checking for updates
15:35:10.628 [FXGL Background Thread 4 ] DEBUG FXGLApplication      - Loading fonts
15:35:10.629 [FXGL Background Thread 4 ] DEBUG FXGLAssetLoaderServi - Loading from file system: jar:file:/C:/Users/narro/.m2/repository/com/github/almasb/fxgl/17.2/fxgl-17.2.jar!/fxglassets/ui/fonts/VarelaRound-Regular.ttf
15:35:10.629 [FXGL Background Thread 1 ] DEBUG FXGLApplication      - Loading default localization
15:35:10.630 [FXGL Background Thread 1 ] DEBUG FXGLAssetLoaderServi - Loading from file system: jar:file:/C:/Users/narro/.m2/repository/com/github/almasb/fxgl/17.2/fxgl-17.2.jar!/fxglassets/languages/english.lang
15:35:10.664 [FXGL Background Thread 1 ] INFO  FXGLApplication      - FXGL initialization took: 0.566 sec
15:35:10.672 [JavaFX Application Thread] DEBUG Input                - Registered new binding: action0 - LMB
15:35:10.681 [JavaFX Application Thread] DEBUG Input                - Registered new binding: Up - W
15:35:10.681 [JavaFX Application Thread] DEBUG Input                - Registered new binding: Down - S
15:35:10.681 [JavaFX Application Thread] DEBUG Input                - Registered new binding: Right - D
15:35:10.682 [JavaFX Application Thread] DEBUG Input                - Registered new binding: Left - A
15:35:10.682 [JavaFX Application Thread] DEBUG FXGLAssetLoaderServi - Loading from file system: jar:file:/C:/Users/narro/.m2/repository/com/github/almasb/fxgl/17.2/fxgl-17.2.jar!/fxglassets/textures/fxgl_icon.png
15:35:10.711 [JavaFX Application Thread] DEBUG FXGLAssetLoaderServi - Loading from file system: jar:file:/C:/Users/narro/.m2/repository/com/github/almasb/fxgl/17.2/fxgl-17.2.jar!/fxglassets/textures/fxgl_default_cursor.png
15:35:10.714 [JavaFX Application Thread] DEBUG Input                - Registered new binding: Screenshot - CTRL+8
15:35:10.715 [JavaFX Application Thread] DEBUG Input                - Registered new binding: System info dump - CTRL+9
15:35:10.715 [JavaFX Application Thread] DEBUG Input                - Registered new binding: Restart - CTRL+R
15:35:10.716 [JavaFX Application Thread] DEBUG Input                - Registered new binding: Toggle Debug Camera - CTRL+7
15:35:10.722 [JavaFX Application Thread] DEBUG LoopRunner           - Starting loop
15:35:10.722 [JavaFX Application Thread] DEBUG LoopRunner           - Initializing JavaFX AnimationTimerLoop
15:35:10.725 [JavaFX Application Thread] DEBUG Input                - Clearing active input actions
15:35:10.735 [JavaFX Application Thread] DEBUG GameApplicationServi - Removing overlay from FXGLStartupScene and adding to FXGLMainMenuDummyScene
15:35:10.735 [JavaFX Application Thread] DEBUG PrimaryStageWindow   - FXGLStartupScene -> FXGLMainMenuDummyScene
15:35:10.736 [JavaFX Application Thread] DEBUG PrimaryStageWindow   - Push state: DawnseekerMenu
15:35:10.736 [JavaFX Application Thread] DEBUG Input                - Clearing active input actions
15:35:10.740 [FXGL Background Thread 4 ] DEBUG FXGLAssetLoaderServi - Loading from file system: jar:file:/C:/Users/narro/.m2/repository/com/github/almasb/fxgl/17.2/fxgl-17.2.jar!/fxglassets/ui/fonts/Abel-Regular.ttf
15:35:10.740 [JavaFX Application Thread] DEBUG GameApplicationServi - Removing overlay from FXGLMainMenuDummyScene and adding to DawnseekerMenu
15:35:10.741 [JavaFX Application Thread] DEBUG PrimaryStageWindow   - FXGLMainMenuDummyScene -> DawnseekerMenu
15:35:10.754 [FXGL Background Thread 4 ] DEBUG FXGLAssetLoaderServi - Loading from file system: jar:file:/C:/Users/narro/.m2/repository/com/github/almasb/fxgl/17.2/fxgl-17.2.jar!/fxglassets/ui/fonts/TerminalLandMono-Regular.otf
15:35:10.773 [FXGL Background Thread 4 ] DEBUG FXGLAssetLoaderServi - Loading from file system: jar:file:/C:/Users/narro/.m2/repository/com/github/almasb/fxgl/17.2/fxgl-17.2.jar!/fxglassets/ui/fonts/Courier-Prime.ttf
15:35:10.791 [JavaFX Application Thread] DEBUG FXGLApplication      - Registering font factories with UI factory
15:35:11.904 [JavaFX Application Thread] DEBUG Menu                 - fireNewGame()
15:35:11.904 [JavaFX Application Thread] DEBUG GameApplicationServi - Starting new game
15:35:11.904 [JavaFX Application Thread] DEBUG PrimaryStageWindow   - Pop state: DawnseekerMenu
15:35:11.904 [JavaFX Application Thread] DEBUG Input                - Clearing active input actions
15:35:11.905 [JavaFX Application Thread] DEBUG GameApplicationServi - Removing overlay from DawnseekerMenu and adding to FXGLMainMenuDummyScene
15:35:11.905 [JavaFX Application Thread] DEBUG PrimaryStageWindow   - FXGLMainMenuDummyScene <- DawnseekerMenu
15:35:11.905 [JavaFX Application Thread] DEBUG Input                - Clearing active input actions
15:35:11.914 [JavaFX Application Thread] DEBUG GameApplicationServi - Removing overlay from FXGLMainMenuDummyScene and adding to FXGLLoadingScene
15:35:11.914 [JavaFX Application Thread] DEBUG PrimaryStageWindow   - FXGLMainMenuDummyScene -> FXGLLoadingScene
15:35:11.915 [JavaFX Application Thread] DEBUG GameApplicationServi - Clearing previous game
15:35:11.915 [JavaFX Application Thread] DEBUG GameScene            - Clearing game scene
15:35:11.915 [JavaFX Application Thread] DEBUG GameWorld            - Clearing game world
15:35:11.915 [JavaFX Application Thread] DEBUG PhysicsWorld         - Clearing physics world
15:35:11.916 [FXGL Background Thread 2 ] DEBUG FXGLApplication      - Initializing game
15:35:11.922 [FXGL Background Thread 2 ] DEBUG FXGLAssetLoaderServi - Loading from file system: file:/C:/Users/narro/OneDrive/Documents/coleg/Spring%202023/CS%204900%20Senior%20Seminiar/Dawnseeker/Dawnseeker/target/classes/assets/music/heartache.mp3
15:35:12.130 [FXGL Background Thread 2 ] DEBUG AudioPlayer          - Playing music com.almasb.fxgl.audio.Music@2775c534
15:35:12.150 [FXGL Background Thread 2 ] DEBUG FXGLAssetLoaderServi - Loading from file system: file:/C:/Users/narro/OneDrive/Documents/coleg/Spring%202023/CS%204900%20Senior%20Seminiar/Dawnseeker/Dawnseeker/target/classes/assets/textures/DawnseekerPCV2.png
15:35:12.164 [FXGL Background Thread 2 ] DEBUG FXGLAssetLoaderServi - Loading from file system: file:/C:/Users/narro/OneDrive/Documents/coleg/Spring%202023/CS%204900%20Senior%20Seminiar/Dawnseeker/Dawnseeker/target/classes/assets/textures/DawnseekerPCV2Down.png
15:35:12.171 [FXGL Background Thread 2 ] DEBUG FXGLAssetLoaderServi - Loading from file system: file:/C:/Users/narro/OneDrive/Documents/coleg/Spring%202023/CS%204900%20Senior%20Seminiar/Dawnseeker/Dawnseeker/target/classes/assets/textures/DawnseekerPCV2Up.png
15:35:12.176 [FXGL Background Thread 2 ] DEBUG FXGLAssetLoaderServi - Loading from file system: file:/C:/Users/narro/OneDrive/Documents/coleg/Spring%202023/CS%204900%20Senior%20Seminiar/Dawnseeker/Dawnseeker/target/classes/assets/textures/DawnseekerPCV2Right.png
15:35:12.179 [FXGL Background Thread 2 ] DEBUG FXGLAssetLoaderServi - Loading from file system: file:/C:/Users/narro/OneDrive/Documents/coleg/Spring%202023/CS%204900%20Senior%20Seminiar/Dawnseeker/Dawnseeker/target/classes/assets/textures/DawnseekerPCV2Left.png
15:35:12.211 [FXGL Background Thread 2 ] WARN  GameWorld            - Entity is already attached to world
15:35:12.212 [FXGL Background Thread 2 ] WARN  Entity               - Entity already has component: com.almasb.fxgl.entity.components.CollidableComponent
15:35:12.212 [FXGL Background Thread 2 ] WARN  GameWorld            - Entity is already attached to world
15:35:12.213 [FXGL Background Thread 2 ] WARN  Entity               - Entity already has component: com.almasb.fxgl.entity.components.CollidableComponent
15:35:12.213 [FXGL Background Thread 2 ] WARN  GameWorld            - Entity is already attached to world
15:35:12.215 [FXGL Background Thread 2 ] WARN  Entity               - Entity already has component: com.almasb.fxgl.entity.components.CollidableComponent
15:35:12.215 [FXGL Background Thread 2 ] WARN  GameWorld            - Entity is already attached to world
15:35:12.216 [FXGL Background Thread 2 ] WARN  Entity               - Entity already has component: com.almasb.fxgl.entity.components.CollidableComponent
15:35:12.217 [FXGL Background Thread 2 ] WARN  GameWorld            - Entity is already attached to world
15:35:12.247 [FXGL Background Thread 2 ] INFO  FXGLApplication      - Game initialization took: 0.330 sec
15:35:12.248 [JavaFX Application Thread] DEBUG Input                - Clearing active input actions
15:35:12.265 [JavaFX Application Thread] DEBUG GameApplicationServi - Removing overlay from FXGLLoadingScene and adding to GameScene
15:35:12.265 [JavaFX Application Thread] DEBUG PrimaryStageWindow   - FXGLLoadingScene -> GameScene
15:35:12.760 [JavaFX Application Thread] DEBUG FXGLAssetLoaderServi - Loading from file system: file:/C:/Users/narro/OneDrive/Documents/coleg/Spring%202023/CS%204900%20Senior%20Seminiar/Dawnseeker/Dawnseeker/target/classes/assets/textures/EnemyDawnseeker.png
15:35:13.627 [FXGL Background Thread 3 ] DEBUG Engine               - Logging environment variables
15:35:13.627 [FXGL Background Thread 3 ] DEBUG Engine               - achievements: []
15:35:13.627 [FXGL Background Thread 3 ] DEBUG Engine               - actualHeight: 824.0
15:35:13.627 [FXGL Background Thread 3 ] DEBUG Engine               - actualHeightProperty: ReadOnlyDoubleProperty [value: 824.0]
15:35:13.627 [FXGL Background Thread 3 ] DEBUG Engine               - actualWidth: 799.0
15:35:13.627 [FXGL Background Thread 3 ] DEBUG Engine               - actualWidthProperty: ReadOnlyDoubleProperty [value: 799.0]
15:35:13.627 [FXGL Background Thread 3 ] DEBUG Engine               - appIcon: fxgl_icon.png
15:35:13.628 [FXGL Background Thread 3 ] DEBUG Engine               - applicationMode: DEVELOPER
15:35:13.628 [FXGL Background Thread 3 ] DEBUG Engine               - cSSList: [fxgl_dark.css]
15:35:13.628 [FXGL Background Thread 3 ] DEBUG Engine               - collisionDetectionStrategy: BRUTE_FORCE
15:35:13.628 [FXGL Background Thread 3 ] DEBUG Engine               - configClass: Optional.empty
15:35:13.628 [FXGL Background Thread 3 ] DEBUG Engine               - credits: []
15:35:13.628 [FXGL Background Thread 3 ] DEBUG Engine               - defaultCursor: CursorInfo(imageName=fxgl_default_cursor.png, hotspotX=7.0, hotspotY=6.0)
15:35:13.628 [FXGL Background Thread 3 ] DEBUG Engine               - devBBoxColorProperty: ObjectProperty [value: 0xff0000ff]
15:35:13.628 [FXGL Background Thread 3 ] DEBUG Engine               - devEnableDebugCameraProperty: BooleanProperty [value: false]
15:35:13.628 [FXGL Background Thread 3 ] DEBUG Engine               - devSensorColorProperty: ObjectProperty [value: 0xffff00ff]
15:35:13.628 [FXGL Background Thread 3 ] DEBUG Engine               - devShowBBoxProperty: BooleanProperty [value: false]
15:35:13.628 [FXGL Background Thread 3 ] DEBUG Engine               - devShowPositionProperty: BooleanProperty [value: false]
15:35:13.628 [FXGL Background Thread 3 ] DEBUG Engine               - enabledMenuItems: []
15:35:13.629 [FXGL Background Thread 3 ] DEBUG Engine               - engineServices: [class com.almasb.fxgl.app.services.FXGLAssetLoaderService, class com.almasb.fxgl.app.FXGLApplication$GameApplicationService, class com.almasb.fxgl.app.services.FXGLDialogService, class com.almasb.fxgl.app.services.IOTaskExecutorService, class com.almasb.fxgl.io.FileSystemService, class com.almasb.fxgl.localization.LocalizationService, class com.almasb.fxgl.app.services.SystemBundleService, class com.almasb.fxgl.profile.SaveLoadService, class com.almasb.fxgl.ui.FXGLUIFactoryServiceProvider, class com.almasb.fxgl.ui.FXGLDialogFactoryServiceProvider, class com.almasb.fxgl.audio.AudioPlayer, class com.almasb.fxgl.notification.impl.NotificationServiceProvider, class com.almasb.fxgl.achievement.AchievementService, class com.almasb.fxgl.cutscene.CutsceneService, class com.almasb.fxgl.minigames.MiniGameService, class com.almasb.fxgl.net.NetService, class com.almasb.fxgl.app.services.UpdaterService, class com.almasb.fxgl.dev.DevService]
15:35:13.629 [FXGL Background Thread 3 ] DEBUG Engine               - fontGame: Abel-Regular.ttf
15:35:13.629 [FXGL Background Thread 3 ] DEBUG Engine               - fontMono: TerminalLandMono-Regular.otf
15:35:13.629 [FXGL Background Thread 3 ] DEBUG Engine               - fontText: Courier-Prime.ttf
15:35:13.629 [FXGL Background Thread 3 ] DEBUG Engine               - fontUI: VarelaRound-Regular.ttf
15:35:13.629 [FXGL Background Thread 3 ] DEBUG Engine               - fullScreen: BooleanProperty [value: false]
15:35:13.629 [FXGL Background Thread 3 ] DEBUG Engine               - gameDifficulty: MEDIUM
15:35:13.629 [FXGL Background Thread 3 ] DEBUG Engine               - gameDifficultyProperty: ObjectProperty [value: MEDIUM]
15:35:13.629 [FXGL Background Thread 3 ] DEBUG Engine               - globalMusicVolume: 0.5
15:35:13.629 [FXGL Background Thread 3 ] DEBUG Engine               - globalMusicVolumeProperty: DoubleProperty [value: 0.5]
15:35:13.629 [FXGL Background Thread 3 ] DEBUG Engine               - globalSoundVolume: 0.5
15:35:13.629 [FXGL Background Thread 3 ] DEBUG Engine               - globalSoundVolumeProperty: DoubleProperty [value: 0.5]
15:35:13.629 [FXGL Background Thread 3 ] DEBUG Engine               - height: 1024
15:35:13.629 [FXGL Background Thread 3 ] DEBUG Engine               - is3D: false
15:35:13.629 [FXGL Background Thread 3 ] DEBUG Engine               - isAndroid: false
15:35:13.629 [FXGL Background Thread 3 ] DEBUG Engine               - isBrowser: false
15:35:13.629 [FXGL Background Thread 3 ] DEBUG Engine               - isClickFeedbackEnabled: false
15:35:13.629 [FXGL Background Thread 3 ] DEBUG Engine               - isCloseConfirmation: false
15:35:13.629 [FXGL Background Thread 3 ] DEBUG Engine               - isDesktop: true
15:35:13.630 [FXGL Background Thread 3 ] DEBUG Engine               - isDeveloperMenuEnabled: false
15:35:13.630 [FXGL Background Thread 3 ] DEBUG Engine               - isEmbedded: false
15:35:13.630 [FXGL Background Thread 3 ] DEBUG Engine               - isEntityPreloadEnabled: true
15:35:13.630 [FXGL Background Thread 3 ] DEBUG Engine               - isExperimentalTiledLargeMap: false
15:35:13.630 [FXGL Background Thread 3 ] DEBUG Engine               - isFileSystemWriteAllowed: true
15:35:13.630 [FXGL Background Thread 3 ] DEBUG Engine               - isFullScreenAllowed: false
15:35:13.630 [FXGL Background Thread 3 ] DEBUG Engine               - isFullScreenFromStart: false
15:35:13.630 [FXGL Background Thread 3 ] DEBUG Engine               - isGameMenuEnabled: true
15:35:13.630 [FXGL Background Thread 3 ] DEBUG Engine               - isIOS: false
15:35:13.630 [FXGL Background Thread 3 ] DEBUG Engine               - isIntroEnabled: false
15:35:13.630 [FXGL Background Thread 3 ] DEBUG Engine               - isLinux: false
15:35:13.630 [FXGL Background Thread 3 ] DEBUG Engine               - isMac: false
15:35:13.630 [FXGL Background Thread 3 ] DEBUG Engine               - isMainMenuEnabled: true
15:35:13.630 [FXGL Background Thread 3 ] DEBUG Engine               - isManualResizeEnabled: false
15:35:13.630 [FXGL Background Thread 3 ] DEBUG Engine               - isMobile: false
15:35:13.630 [FXGL Background Thread 3 ] DEBUG Engine               - isNative: false
15:35:13.630 [FXGL Background Thread 3 ] DEBUG Engine               - isPauseMusicWhenMinimized: true
15:35:13.630 [FXGL Background Thread 3 ] DEBUG Engine               - isPreserveResizeRatio: false
15:35:13.630 [FXGL Background Thread 3 ] DEBUG Engine               - isProfilingEnabled: false
15:35:13.630 [FXGL Background Thread 3 ] DEBUG Engine               - isScaleAffectedOnResize: true
15:35:13.630 [FXGL Background Thread 3 ] DEBUG Engine               - isSingleStep: false
15:35:13.630 [FXGL Background Thread 3 ] DEBUG Engine               - isUserProfileEnabled: false
15:35:13.631 [FXGL Background Thread 3 ] DEBUG Engine               - isWindows: true
15:35:13.631 [FXGL Background Thread 3 ] DEBUG Engine               - language: ObjectProperty [value: ENGLISH]
15:35:13.631 [FXGL Background Thread 3 ] DEBUG Engine               - menuKey: ESCAPE
15:35:13.631 [FXGL Background Thread 3 ] DEBUG Engine               - mouseSensitivity: 0.2
15:35:13.631 [FXGL Background Thread 3 ] DEBUG Engine               - notificationViewClass: class com.almasb.fxgl.notification.view.XboxNotificationView
15:35:13.631 [FXGL Background Thread 3 ] DEBUG Engine               - pixelsPerMeter: 50.0
15:35:13.631 [FXGL Background Thread 3 ] DEBUG Engine               - platform: WINDOWS
15:35:13.631 [FXGL Background Thread 3 ] DEBUG Engine               - prefHeightProperty: ReadOnlyDoubleProperty [value: 1024.0]
15:35:13.631 [FXGL Background Thread 3 ] DEBUG Engine               - prefWidthProperty: ReadOnlyDoubleProperty [value: 1024.0]
15:35:13.631 [FXGL Background Thread 3 ] DEBUG Engine               - profileDir: profiles/
15:35:13.631 [FXGL Background Thread 3 ] DEBUG Engine               - profileName: StringProperty [value: DEFAULT]
15:35:13.631 [FXGL Background Thread 3 ] DEBUG Engine               - randomSeed: -1
15:35:13.631 [FXGL Background Thread 3 ] DEBUG Engine               - runtimeInfo: RuntimeInfo(platform=WINDOWS, version=17.2, build=20.08.2022 16.50)
15:35:13.632 [FXGL Background Thread 3 ] DEBUG Engine               - saveFileExt: sav
15:35:13.632 [FXGL Background Thread 3 ] DEBUG Engine               - scaledHeightProp$fxgl: DoubleProperty [bound, value: 824.0]
15:35:13.632 [FXGL Background Thread 3 ] DEBUG Engine               - scaledWidthProp$fxgl: DoubleProperty [bound, value: 799.0]
15:35:13.632 [FXGL Background Thread 3 ] DEBUG Engine               - sceneFactory: myGame.DawnseekerApp$1@3b9d7407
15:35:13.632 [FXGL Background Thread 3 ] DEBUG Engine               - secondsIn24h: 60
15:35:13.632 [FXGL Background Thread 3 ] DEBUG Engine               - soundMenuBack: menu/back.wav
15:35:13.632 [FXGL Background Thread 3 ] DEBUG Engine               - soundMenuPress: menu/press.wav
15:35:13.632 [FXGL Background Thread 3 ] DEBUG Engine               - soundMenuSelect: menu/select.wav
15:35:13.632 [FXGL Background Thread 3 ] DEBUG Engine               - soundNotification: core/notification.wav
15:35:13.632 [FXGL Background Thread 3 ] DEBUG Engine               - stageStyle: DECORATED
15:35:13.632 [FXGL Background Thread 3 ] DEBUG Engine               - supportedLanguages: [ENGLISH, FRENCH, GERMAN, HUNGARIAN, RUSSIAN]
15:35:13.632 [FXGL Background Thread 3 ] DEBUG Engine               - ticksPerSecond: -1
15:35:13.632 [FXGL Background Thread 3 ] DEBUG Engine               - title: Dawnseeker
15:35:13.632 [FXGL Background Thread 3 ] DEBUG Engine               - urlGithub: https://github.com/AlmasB/FXGL
15:35:13.632 [FXGL Background Thread 3 ] DEBUG Engine               - urlLeaderboard: http://fxgl-top.herokuapp.com/
15:35:13.632 [FXGL Background Thread 3 ] DEBUG Engine               - urlPOM: https://raw.githubusercontent.com/AlmasB/FXGL/release/README.md
15:35:13.632 [FXGL Background Thread 3 ] DEBUG Engine               - userAppClass: class myGame.DawnseekerApp
15:35:13.632 [FXGL Background Thread 3 ] DEBUG Engine               - version: 0.2
15:35:13.632 [FXGL Background Thread 3 ] DEBUG Engine               - versionCheckDays: 7
15:35:13.632 [FXGL Background Thread 3 ] DEBUG Engine               - width: 1024
15:35:13.632 [FXGL Background Thread 3 ] DEBUG Engine               - Logging services
15:35:13.633 [FXGL Background Thread 3 ] DEBUG Engine               - class com.almasb.fxgl.app.services.FXGLAssetLoaderService
15:35:13.633 [FXGL Background Thread 3 ] DEBUG Engine               - class com.almasb.fxgl.app.FXGLApplication$GameApplicationService
15:35:13.633 [FXGL Background Thread 3 ] DEBUG Engine               - class com.almasb.fxgl.app.services.FXGLDialogService
15:35:13.633 [FXGL Background Thread 3 ] DEBUG Engine               - class com.almasb.fxgl.app.services.IOTaskExecutorService
15:35:13.633 [FXGL Background Thread 3 ] DEBUG Engine               - class com.almasb.fxgl.io.FileSystemService
15:35:13.633 [FXGL Background Thread 3 ] DEBUG Engine               - class com.almasb.fxgl.localization.LocalizationService
15:35:13.633 [FXGL Background Thread 3 ] DEBUG Engine               - class com.almasb.fxgl.app.services.SystemBundleService
15:35:13.633 [FXGL Background Thread 3 ] DEBUG Engine               - class com.almasb.fxgl.profile.SaveLoadService
15:35:13.633 [FXGL Background Thread 3 ] DEBUG Engine               - class com.almasb.fxgl.ui.FXGLUIFactoryServiceProvider
15:35:13.633 [FXGL Background Thread 3 ] DEBUG Engine               - class com.almasb.fxgl.ui.FXGLDialogFactoryServiceProvider
15:35:13.633 [FXGL Background Thread 3 ] DEBUG Engine               - class com.almasb.fxgl.audio.AudioPlayer
15:35:13.633 [FXGL Background Thread 3 ] DEBUG Engine               - class com.almasb.fxgl.notification.impl.NotificationServiceProvider
15:35:13.633 [FXGL Background Thread 3 ] DEBUG Engine               - class com.almasb.fxgl.achievement.AchievementService
15:35:13.633 [FXGL Background Thread 3 ] DEBUG Engine               - class com.almasb.fxgl.cutscene.CutsceneService
15:35:13.633 [FXGL Background Thread 3 ] DEBUG Engine               - class com.almasb.fxgl.minigames.MiniGameService
15:35:13.633 [FXGL Background Thread 3 ] DEBUG Engine               - class com.almasb.fxgl.net.NetService
15:35:13.633 [FXGL Background Thread 3 ] DEBUG Engine               - class com.almasb.fxgl.app.services.UpdaterService
15:35:13.633 [FXGL Background Thread 3 ] DEBUG Engine               - class com.almasb.fxgl.dev.DevService
15:35:13.675 [JavaFX Application Thread] DEBUG FXGLAssetLoaderServi - Loading from file system: file:/C:/Users/narro/OneDrive/Documents/coleg/Spring%202023/CS%204900%20Senior%20Seminiar/Dawnseeker/Dawnseeker/target/classes/assets/sounds/magic_missile.wav
15:35:13.686 [JavaFX Application Thread] DEBUG FXGLAssetLoaderServi - Loading from file system: file:/C:/Users/narro/OneDrive/Documents/coleg/Spring%202023/CS%204900%20Senior%20Seminiar/Dawnseeker/Dawnseeker/target/classes/assets/textures/FireBallProjectile.png
15:35:14.076 [JavaFX Application Thread] DEBUG FXGLAssetLoaderServi - Loading from file system: file:/C:/Users/narro/OneDrive/Documents/coleg/Spring%202023/CS%204900%20Senior%20Seminiar/Dawnseeker/Dawnseeker/target/classes/assets/sounds/bong.wav
15:35:19.928 [JavaFX Application Thread] DEBUG FXGLAssetLoaderServi - Loading from file system: file:/C:/Users/narro/OneDrive/Documents/coleg/Spring%202023/CS%204900%20Senior%20Seminiar/Dawnseeker/Dawnseeker/target/classes/assets/sounds/player_oof.wav
15:35:23.111 [JavaFX Application Thread] DEBUG FXGLAssetLoaderServi - Loading from file system: file:/C:/Users/narro/OneDrive/Documents/coleg/Spring%202023/CS%204900%20Senior%20Seminiar/Dawnseeker/Dawnseeker/target/classes/assets/sounds/yoda_death.wav
15:35:23.114 [JavaFX Application Thread] DEBUG Input                - Clearing active input actions
15:35:23.120 [JavaFX Application Thread] DEBUG GameApplicationServi - Removing overlay from GameScene and adding to FXGLMainMenuDummyScene
15:35:23.120 [JavaFX Application Thread] DEBUG PrimaryStageWindow   - GameScene -> FXGLMainMenuDummyScene
15:35:23.120 [JavaFX Application Thread] DEBUG PrimaryStageWindow   - Push state: DawnseekerMenu
15:35:23.120 [JavaFX Application Thread] DEBUG Input                - Clearing active input actions
15:35:23.120 [JavaFX Application Thread] DEBUG GameApplicationServi - Removing overlay from FXGLMainMenuDummyScene and adding to DawnseekerMenu
15:35:23.120 [JavaFX Application Thread] DEBUG PrimaryStageWindow   - FXGLMainMenuDummyScene -> DawnseekerMenu
15:35:27.692 [JavaFX Application Thread] DEBUG Menu                 - fireExit()
15:35:27.694 [JavaFX Application Thread] DEBUG PrimaryStageWindow   - Push state: DialogSubScene
15:35:27.694 [JavaFX Application Thread] DEBUG Input                - Clearing active input actions
15:35:27.694 [JavaFX Application Thread] DEBUG GameApplicationServi - Removing overlay from DawnseekerMenu and adding to DialogSubScene
15:35:27.694 [JavaFX Application Thread] DEBUG PrimaryStageWindow   - DawnseekerMenu -> DialogSubScene
15:35:28.785 [JavaFX Application Thread] DEBUG PrimaryStageWindow   - Pop state: DialogSubScene
15:35:28.786 [JavaFX Application Thread] DEBUG Input                - Clearing active input actions
15:35:28.786 [JavaFX Application Thread] DEBUG GameApplicationServi - Removing overlay from DialogSubScene and adding to DawnseekerMenu
15:35:28.786 [JavaFX Application Thread] DEBUG PrimaryStageWindow   - DawnseekerMenu <- DialogSubScene
15:35:28.786 [JavaFX Application Thread] DEBUG FXGLApplication      - Exiting FXGL
15:35:28.786 [JavaFX Application Thread] DEBUG LoopRunner           - Stopping loop
15:35:28.786 [JavaFX Application Thread] DEBUG SystemBundleService  - Saving FXGL system data
15:35:28.788 [JavaFX Application Thread] DEBUG FileSystemAccess     - Writing to: C:\Users\narro\OneDrive\Documents\coleg\Spring 2023\CS 4900 Senior Seminiar\Dawnseeker\Dawnseeker\system\fxgl.bundle
15:35:28.789 [JavaFX Application Thread] DEBUG Async                - Shutting down background threads
15:35:28.790 [JavaFX Application Thread] DEBUG PrimaryStageWindow   - Closing main window
15:35:28.799 [JavaFX Application Thread] DEBUG Logger               - Closing Logger
