00:15:17.852 [main                     ] DEBUG Logger               - Configured Logger
00:15:17.878 [main                     ] DEBUG GameApplication      - Logging settings
Title: Dawnseeker
Version: 0.2
Width: 1024
Height: 1024
Fullscreen: false
Intro: false
Profiling: false
Single step:false
App Mode: DEVELOPER
Menu Key: ESCAPE
Stage Style: DECORATED
Scene Factory: class myGame.DawnseekerApp$1

00:15:18.334 [JavaFX Application Thread] DEBUG FXGLApplication      - Initializing FXGL
00:15:18.339 [JavaFX Application Thread] INFO  Engine               - FXGL-17.2 (20.08.2022 16.50) on WINDOWS (J:19.0.2 FX:18)
00:15:18.339 [JavaFX Application Thread] DEBUG Engine               - JRE Vendor Name: Oracle Corporation
00:15:18.340 [JavaFX Application Thread] DEBUG Engine               - Running on OS: Windows 10 version 10.0
00:15:18.340 [JavaFX Application Thread] DEBUG Engine               - Architecture: amd64
00:15:18.340 [JavaFX Application Thread] INFO  Engine               - Source code and latest versions at: https://github.com/AlmasB/FXGL
00:15:18.340 [JavaFX Application Thread] INFO  Engine               -       Ask questions and discuss at: https://github.com/AlmasB/FXGL/discussions
00:15:18.340 [JavaFX Application Thread] INFO  Engine               -              Join the FXGL chat at: https://gitter.im/AlmasB/FXGL
00:15:18.468 [JavaFX Application Thread] DEBUG PrimaryStageWindow   - Creating a JavaFX scene
00:15:18.468 [JavaFX Application Thread] DEBUG PrimaryStageWindow   - Target size > screen size
00:15:18.517 [JavaFX Application Thread] DEBUG PrimaryStageWindow   - Target settings size: 1024.0 x 1024.0
00:15:18.517 [JavaFX Application Thread] DEBUG PrimaryStageWindow   - Scaled scene size:    799.0 x 824.0
00:15:18.517 [JavaFX Application Thread] DEBUG PrimaryStageWindow   - Scaled ratio: (0.7802734375, 0.8046875)
00:15:18.520 [JavaFX Application Thread] DEBUG PrimaryStageWindow   - Set initial scene to FXGLStartupScene
00:15:18.530 [JavaFX Application Thread] DEBUG PrimaryStageWindow   - Opening main window
00:15:18.641 [JavaFX Application Thread] DEBUG PrimaryStageWindow   - Window border size: (14.5999755859375, 37.5999755859375)
00:15:18.642 [JavaFX Application Thread] DEBUG PrimaryStageWindow   - Scaled size: 799.0 x 824.0
00:15:18.642 [JavaFX Application Thread] DEBUG PrimaryStageWindow   - Scaled ratio: (0.7802734375, 0.8046875)
00:15:18.642 [JavaFX Application Thread] DEBUG PrimaryStageWindow   - Scene size: 799.0 x 824.0
00:15:18.643 [JavaFX Application Thread] DEBUG PrimaryStageWindow   - Stage size: 813.5999755859375 x 861.5999755859375
00:15:18.656 [FXGL Background Thread 1 ] DEBUG Engine               - Initializing environment variables
00:15:18.750 [FXGL Background Thread 1 ] DEBUG FXGLAssetLoaderServi - User app class for loading assets: class myGame.DawnseekerApp
00:15:18.751 [FXGL Background Thread 1 ] DEBUG GameApplicationServi - Applying CSS: fxgl_dark.css
00:15:18.752 [FXGL Background Thread 1 ] DEBUG FXGLAssetLoaderServi - Loading from file system: jar:file:/C:/Users/narro/.m2/repository/com/github/almasb/fxgl/17.2/fxgl-17.2.jar!/fxglassets/ui/css/fxgl_dark.css
00:15:18.845 [FXGL Background Thread 1 ] DEBUG GameApplicationServi - Initializing application scenes
00:15:18.953 [FXGL Background Thread 1 ] DEBUG GameWorld            - Game world initialized
00:15:19.031 [FXGL Background Thread 1 ] DEBUG PhysicsWorld         - Physics world initialized: appHeight=1024, physics.ppm=50.0
00:15:19.031 [FXGL Background Thread 1 ] DEBUG PhysicsWorld         - Using strategy: BRUTE_FORCE
00:15:19.035 [FXGL Background Thread 1 ] DEBUG GameScene            - Game scene initialized: 1024x1024
00:15:19.053 [FXGL Background Thread 1 ] DEBUG FXGLAssetLoaderServi - Loading from file system: file:/C:/Users/narro/git/CS4900G2Proj2/Dawnseeker/target/classes/assets/textures/bg.png
00:15:19.133 [FXGL Background Thread 1 ] DEBUG FXGL.DefaultMenu     - createMenuBodyGameMenu()
00:15:19.151 [FXGL Background Thread 1 ] DEBUG FXGL.DefaultMenu     - createOptionsMenu()
00:15:19.159 [FXGL Background Thread 1 ] DEBUG FXGLAssetLoaderServi - Loading from file system: jar:file:/C:/Users/narro/.m2/repository/com/github/almasb/fxgl/17.2/fxgl-17.2.jar!/fxglassets/textures/particles/smoke.png
00:15:19.269 [FXGL Background Thread 1 ] DEBUG FXGLAssetLoaderServi - Loading from file system: jar:file:/C:/Users/narro/.m2/repository/com/github/almasb/fxgl/17.2/fxgl-17.2.jar!/fxglassets/textures/particles/trace_horizontal.png
00:15:19.286 [FXGL Background Thread 1 ] DEBUG GameApplicationServi - Application scenes initialized
00:15:19.301 [FXGL Background Thread 1 ] DEBUG SystemBundleService  - Loading FXGL system data
00:15:19.309 [FXGL Background Thread 1 ] DEBUG FileSystemAccess     - Reading from: C:\Users\narro\git\CS4900G2Proj2\Dawnseeker\system\fxgl.bundle
00:15:19.324 [FXGL Background Thread 1 ] DEBUG SystemBundleService  - Bundle FXGL: {}
00:15:19.324 [FXGL Background Thread 1 ] DEBUG UpdaterService       - Checking for updates
00:15:19.328 [FXGL Background Thread 4 ] DEBUG FXGLApplication      - Loading fonts
00:15:19.329 [FXGL Background Thread 1 ] DEBUG FXGLApplication      - Loading default localization
00:15:19.329 [FXGL Background Thread 4 ] DEBUG FXGLAssetLoaderServi - Loading from file system: jar:file:/C:/Users/narro/.m2/repository/com/github/almasb/fxgl/17.2/fxgl-17.2.jar!/fxglassets/ui/fonts/VarelaRound-Regular.ttf
00:15:19.330 [FXGL Background Thread 1 ] DEBUG FXGLAssetLoaderServi - Loading from file system: jar:file:/C:/Users/narro/.m2/repository/com/github/almasb/fxgl/17.2/fxgl-17.2.jar!/fxglassets/languages/english.lang
00:15:19.370 [FXGL Background Thread 1 ] INFO  FXGLApplication      - FXGL initialization took: 0.713 sec
00:15:19.377 [JavaFX Application Thread] DEBUG Input                - Registered new binding: action0 - LMB
00:15:19.384 [JavaFX Application Thread] DEBUG Input                - Registered new binding: Up - W
00:15:19.385 [JavaFX Application Thread] DEBUG Input                - Registered new binding: Down - S
00:15:19.385 [JavaFX Application Thread] DEBUG Input                - Registered new binding: Right - D
00:15:19.385 [JavaFX Application Thread] DEBUG Input                - Registered new binding: Left - A
00:15:19.386 [JavaFX Application Thread] DEBUG FXGLAssetLoaderServi - Loading from file system: jar:file:/C:/Users/narro/.m2/repository/com/github/almasb/fxgl/17.2/fxgl-17.2.jar!/fxglassets/textures/fxgl_icon.png
00:15:19.408 [JavaFX Application Thread] DEBUG FXGLAssetLoaderServi - Loading from file system: jar:file:/C:/Users/narro/.m2/repository/com/github/almasb/fxgl/17.2/fxgl-17.2.jar!/fxglassets/textures/fxgl_default_cursor.png
00:15:19.412 [JavaFX Application Thread] DEBUG Input                - Registered new binding: Screenshot - CTRL+8
00:15:19.412 [JavaFX Application Thread] DEBUG Input                - Registered new binding: System info dump - CTRL+9
00:15:19.413 [JavaFX Application Thread] DEBUG Input                - Registered new binding: Restart - CTRL+R
00:15:19.414 [JavaFX Application Thread] DEBUG Input                - Registered new binding: Toggle Debug Camera - CTRL+7
00:15:19.418 [JavaFX Application Thread] DEBUG LoopRunner           - Starting loop
00:15:19.418 [JavaFX Application Thread] DEBUG LoopRunner           - Initializing JavaFX AnimationTimerLoop
00:15:19.423 [JavaFX Application Thread] DEBUG Input                - Clearing active input actions
00:15:19.435 [JavaFX Application Thread] DEBUG GameApplicationServi - Removing overlay from FXGLStartupScene and adding to FXGLMainMenuDummyScene
00:15:19.435 [JavaFX Application Thread] DEBUG PrimaryStageWindow   - FXGLStartupScene -> FXGLMainMenuDummyScene
00:15:19.436 [JavaFX Application Thread] DEBUG PrimaryStageWindow   - Push state: DawnseekerMenu
00:15:19.436 [JavaFX Application Thread] DEBUG Input                - Clearing active input actions
00:15:19.441 [JavaFX Application Thread] DEBUG GameApplicationServi - Removing overlay from FXGLMainMenuDummyScene and adding to DawnseekerMenu
00:15:19.442 [JavaFX Application Thread] DEBUG PrimaryStageWindow   - FXGLMainMenuDummyScene -> DawnseekerMenu
00:15:19.442 [FXGL Background Thread 4 ] DEBUG FXGLAssetLoaderServi - Loading from file system: jar:file:/C:/Users/narro/.m2/repository/com/github/almasb/fxgl/17.2/fxgl-17.2.jar!/fxglassets/ui/fonts/Abel-Regular.ttf
00:15:19.453 [FXGL Background Thread 4 ] DEBUG FXGLAssetLoaderServi - Loading from file system: jar:file:/C:/Users/narro/.m2/repository/com/github/almasb/fxgl/17.2/fxgl-17.2.jar!/fxglassets/ui/fonts/TerminalLandMono-Regular.otf
00:15:19.465 [FXGL Background Thread 4 ] DEBUG FXGLAssetLoaderServi - Loading from file system: jar:file:/C:/Users/narro/.m2/repository/com/github/almasb/fxgl/17.2/fxgl-17.2.jar!/fxglassets/ui/fonts/Courier-Prime.ttf
00:15:19.499 [JavaFX Application Thread] DEBUG FXGLApplication      - Registering font factories with UI factory
00:15:20.147 [JavaFX Application Thread] DEBUG Menu                 - fireNewGame()
00:15:20.147 [JavaFX Application Thread] DEBUG GameApplicationServi - Starting new game
00:15:20.147 [JavaFX Application Thread] DEBUG PrimaryStageWindow   - Pop state: DawnseekerMenu
00:15:20.147 [JavaFX Application Thread] DEBUG Input                - Clearing active input actions
00:15:20.148 [JavaFX Application Thread] DEBUG GameApplicationServi - Removing overlay from DawnseekerMenu and adding to FXGLMainMenuDummyScene
00:15:20.148 [JavaFX Application Thread] DEBUG PrimaryStageWindow   - FXGLMainMenuDummyScene <- DawnseekerMenu
00:15:20.149 [JavaFX Application Thread] DEBUG Input                - Clearing active input actions
00:15:20.159 [JavaFX Application Thread] DEBUG GameApplicationServi - Removing overlay from FXGLMainMenuDummyScene and adding to FXGLLoadingScene
00:15:20.160 [JavaFX Application Thread] DEBUG PrimaryStageWindow   - FXGLMainMenuDummyScene -> FXGLLoadingScene
00:15:20.160 [JavaFX Application Thread] DEBUG GameApplicationServi - Clearing previous game
00:15:20.160 [JavaFX Application Thread] DEBUG GameScene            - Clearing game scene
00:15:20.160 [JavaFX Application Thread] DEBUG GameWorld            - Clearing game world
00:15:20.160 [JavaFX Application Thread] DEBUG PhysicsWorld         - Clearing physics world
00:15:20.161 [FXGL Background Thread 4 ] DEBUG FXGLApplication      - Initializing game
00:15:20.168 [FXGL Background Thread 4 ] DEBUG FXGLAssetLoaderServi - Loading from file system: file:/C:/Users/narro/git/CS4900G2Proj2/Dawnseeker/target/classes/assets/music/heartache.mp3
00:15:20.403 [FXGL Background Thread 4 ] DEBUG AudioPlayer          - Playing music com.almasb.fxgl.audio.Music@5bfaa4a9
00:15:20.437 [FXGL Background Thread 4 ] DEBUG FXGLAssetLoaderServi - Loading from file system: file:/C:/Users/narro/git/CS4900G2Proj2/Dawnseeker/target/classes/assets/textures/DawnseekerPCV2.png
00:15:20.445 [FXGL Background Thread 4 ] DEBUG FXGLAssetLoaderServi - Loading from file system: file:/C:/Users/narro/git/CS4900G2Proj2/Dawnseeker/target/classes/assets/textures/DawnseekerPCV2Down.png
00:15:20.449 [FXGL Background Thread 4 ] DEBUG FXGLAssetLoaderServi - Loading from file system: file:/C:/Users/narro/git/CS4900G2Proj2/Dawnseeker/target/classes/assets/textures/DawnseekerPCV2Up.png
00:15:20.451 [FXGL Background Thread 4 ] DEBUG FXGLAssetLoaderServi - Loading from file system: file:/C:/Users/narro/git/CS4900G2Proj2/Dawnseeker/target/classes/assets/textures/DawnseekerPCV2Right.png
00:15:20.453 [FXGL Background Thread 4 ] DEBUG FXGLAssetLoaderServi - Loading from file system: file:/C:/Users/narro/git/CS4900G2Proj2/Dawnseeker/target/classes/assets/textures/DawnseekerPCV2Left.png
00:15:20.487 [FXGL Background Thread 4 ] WARN  GameWorld            - Entity is already attached to world
00:15:20.489 [FXGL Background Thread 4 ] WARN  Entity               - Entity already has component: com.almasb.fxgl.entity.components.CollidableComponent
00:15:20.489 [FXGL Background Thread 4 ] WARN  GameWorld            - Entity is already attached to world
00:15:20.491 [FXGL Background Thread 4 ] WARN  Entity               - Entity already has component: com.almasb.fxgl.entity.components.CollidableComponent
00:15:20.492 [FXGL Background Thread 4 ] WARN  GameWorld            - Entity is already attached to world
00:15:20.494 [FXGL Background Thread 4 ] WARN  Entity               - Entity already has component: com.almasb.fxgl.entity.components.CollidableComponent
00:15:20.495 [FXGL Background Thread 4 ] WARN  GameWorld            - Entity is already attached to world
00:15:20.497 [FXGL Background Thread 4 ] WARN  Entity               - Entity already has component: com.almasb.fxgl.entity.components.CollidableComponent
00:15:20.497 [FXGL Background Thread 4 ] WARN  GameWorld            - Entity is already attached to world
00:15:20.499 [FXGL Background Thread 4 ] WARN  GameWorld            - Entity is already attached to world
00:15:20.523 [FXGL Background Thread 4 ] INFO  FXGLApplication      - Game initialization took: 0.361 sec
00:15:20.528 [JavaFX Application Thread] DEBUG Input                - Clearing active input actions
00:15:20.545 [JavaFX Application Thread] DEBUG GameApplicationServi - Removing overlay from FXGLLoadingScene and adding to GameScene
00:15:20.547 [JavaFX Application Thread] DEBUG PrimaryStageWindow   - FXGLLoadingScene -> GameScene
00:15:21.629 [JavaFX Application Thread] DEBUG FXGLAssetLoaderServi - Loading from file system: file:/C:/Users/narro/git/CS4900G2Proj2/Dawnseeker/target/classes/assets/textures/EnemyDawnseeker.png
00:15:21.644 [JavaFX Application Thread] DEBUG FXGLAssetLoaderServi - Loading from file system: file:/C:/Users/narro/git/CS4900G2Proj2/Dawnseeker/target/classes/assets/textures/sussy.gif
00:15:22.281 [JavaFX Application Thread] DEBUG FXGLAssetLoaderServi - Loading from file system: file:/C:/Users/narro/git/CS4900G2Proj2/Dawnseeker/target/classes/assets/sounds/magic_missile.wav
00:15:22.294 [JavaFX Application Thread] DEBUG FXGLAssetLoaderServi - Loading from file system: file:/C:/Users/narro/git/CS4900G2Proj2/Dawnseeker/target/classes/assets/textures/FireBallProjectile.png
00:15:22.328 [FXGL Background Thread 3 ] DEBUG Engine               - Logging environment variables
00:15:22.329 [FXGL Background Thread 3 ] DEBUG Engine               - achievements: []
00:15:22.329 [FXGL Background Thread 3 ] DEBUG Engine               - actualHeight: 824.0
00:15:22.329 [FXGL Background Thread 3 ] DEBUG Engine               - actualHeightProperty: ReadOnlyDoubleProperty [value: 824.0]
00:15:22.329 [FXGL Background Thread 3 ] DEBUG Engine               - actualWidth: 799.0
00:15:22.329 [FXGL Background Thread 3 ] DEBUG Engine               - actualWidthProperty: ReadOnlyDoubleProperty [value: 799.0]
00:15:22.330 [FXGL Background Thread 3 ] DEBUG Engine               - appIcon: fxgl_icon.png
00:15:22.330 [FXGL Background Thread 3 ] DEBUG Engine               - applicationMode: DEVELOPER
00:15:22.330 [FXGL Background Thread 3 ] DEBUG Engine               - cSSList: [fxgl_dark.css]
00:15:22.330 [FXGL Background Thread 3 ] DEBUG Engine               - collisionDetectionStrategy: BRUTE_FORCE
00:15:22.330 [FXGL Background Thread 3 ] DEBUG Engine               - configClass: Optional.empty
00:15:22.330 [FXGL Background Thread 3 ] DEBUG Engine               - credits: []
00:15:22.330 [FXGL Background Thread 3 ] DEBUG Engine               - defaultCursor: CursorInfo(imageName=fxgl_default_cursor.png, hotspotX=7.0, hotspotY=6.0)
00:15:22.330 [FXGL Background Thread 3 ] DEBUG Engine               - devBBoxColorProperty: ObjectProperty [value: 0xff0000ff]
00:15:22.330 [FXGL Background Thread 3 ] DEBUG Engine               - devEnableDebugCameraProperty: BooleanProperty [value: false]
00:15:22.331 [FXGL Background Thread 3 ] DEBUG Engine               - devSensorColorProperty: ObjectProperty [value: 0xffff00ff]
00:15:22.331 [FXGL Background Thread 3 ] DEBUG Engine               - devShowBBoxProperty: BooleanProperty [value: false]
00:15:22.331 [FXGL Background Thread 3 ] DEBUG Engine               - devShowPositionProperty: BooleanProperty [value: false]
00:15:22.331 [FXGL Background Thread 3 ] DEBUG Engine               - enabledMenuItems: []
00:15:22.331 [FXGL Background Thread 3 ] DEBUG Engine               - engineServices: [class com.almasb.fxgl.app.services.FXGLAssetLoaderService, class com.almasb.fxgl.app.FXGLApplication$GameApplicationService, class com.almasb.fxgl.app.services.FXGLDialogService, class com.almasb.fxgl.app.services.IOTaskExecutorService, class com.almasb.fxgl.io.FileSystemService, class com.almasb.fxgl.localization.LocalizationService, class com.almasb.fxgl.app.services.SystemBundleService, class com.almasb.fxgl.profile.SaveLoadService, class com.almasb.fxgl.ui.FXGLUIFactoryServiceProvider, class com.almasb.fxgl.ui.FXGLDialogFactoryServiceProvider, class com.almasb.fxgl.audio.AudioPlayer, class com.almasb.fxgl.notification.impl.NotificationServiceProvider, class com.almasb.fxgl.achievement.AchievementService, class com.almasb.fxgl.cutscene.CutsceneService, class com.almasb.fxgl.minigames.MiniGameService, class com.almasb.fxgl.net.NetService, class com.almasb.fxgl.app.services.UpdaterService, class com.almasb.fxgl.dev.DevService]
00:15:22.331 [FXGL Background Thread 3 ] DEBUG Engine               - fontGame: Abel-Regular.ttf
00:15:22.331 [FXGL Background Thread 3 ] DEBUG Engine               - fontMono: TerminalLandMono-Regular.otf
00:15:22.331 [FXGL Background Thread 3 ] DEBUG Engine               - fontText: Courier-Prime.ttf
00:15:22.331 [FXGL Background Thread 3 ] DEBUG Engine               - fontUI: VarelaRound-Regular.ttf
00:15:22.331 [FXGL Background Thread 3 ] DEBUG Engine               - fullScreen: BooleanProperty [value: false]
00:15:22.331 [FXGL Background Thread 3 ] DEBUG Engine               - gameDifficulty: MEDIUM
00:15:22.331 [FXGL Background Thread 3 ] DEBUG Engine               - gameDifficultyProperty: ObjectProperty [value: MEDIUM]
00:15:22.331 [FXGL Background Thread 3 ] DEBUG Engine               - globalMusicVolume: 0.5
00:15:22.331 [FXGL Background Thread 3 ] DEBUG Engine               - globalMusicVolumeProperty: DoubleProperty [value: 0.5]
00:15:22.331 [FXGL Background Thread 3 ] DEBUG Engine               - globalSoundVolume: 0.5
00:15:22.331 [FXGL Background Thread 3 ] DEBUG Engine               - globalSoundVolumeProperty: DoubleProperty [value: 0.5]
00:15:22.331 [FXGL Background Thread 3 ] DEBUG Engine               - height: 1024
00:15:22.332 [FXGL Background Thread 3 ] DEBUG Engine               - is3D: false
00:15:22.332 [FXGL Background Thread 3 ] DEBUG Engine               - isAndroid: false
00:15:22.332 [FXGL Background Thread 3 ] DEBUG Engine               - isBrowser: false
00:15:22.332 [FXGL Background Thread 3 ] DEBUG Engine               - isClickFeedbackEnabled: false
00:15:22.332 [FXGL Background Thread 3 ] DEBUG Engine               - isCloseConfirmation: false
00:15:22.332 [FXGL Background Thread 3 ] DEBUG Engine               - isDesktop: true
00:15:22.332 [FXGL Background Thread 3 ] DEBUG Engine               - isDeveloperMenuEnabled: false
00:15:22.332 [FXGL Background Thread 3 ] DEBUG Engine               - isEmbedded: false
00:15:22.332 [FXGL Background Thread 3 ] DEBUG Engine               - isEntityPreloadEnabled: true
00:15:22.332 [FXGL Background Thread 3 ] DEBUG Engine               - isExperimentalTiledLargeMap: false
00:15:22.332 [FXGL Background Thread 3 ] DEBUG Engine               - isFileSystemWriteAllowed: true
00:15:22.332 [FXGL Background Thread 3 ] DEBUG Engine               - isFullScreenAllowed: false
00:15:22.332 [FXGL Background Thread 3 ] DEBUG Engine               - isFullScreenFromStart: false
00:15:22.332 [FXGL Background Thread 3 ] DEBUG Engine               - isGameMenuEnabled: true
00:15:22.332 [FXGL Background Thread 3 ] DEBUG Engine               - isIOS: false
00:15:22.332 [FXGL Background Thread 3 ] DEBUG Engine               - isIntroEnabled: false
00:15:22.332 [FXGL Background Thread 3 ] DEBUG Engine               - isLinux: false
00:15:22.333 [FXGL Background Thread 3 ] DEBUG Engine               - isMac: false
00:15:22.333 [FXGL Background Thread 3 ] DEBUG Engine               - isMainMenuEnabled: true
00:15:22.333 [FXGL Background Thread 3 ] DEBUG Engine               - isManualResizeEnabled: false
00:15:22.333 [FXGL Background Thread 3 ] DEBUG Engine               - isMobile: false
00:15:22.333 [FXGL Background Thread 3 ] DEBUG Engine               - isNative: false
00:15:22.333 [FXGL Background Thread 3 ] DEBUG Engine               - isPauseMusicWhenMinimized: true
00:15:22.333 [FXGL Background Thread 3 ] DEBUG Engine               - isPreserveResizeRatio: false
00:15:22.333 [FXGL Background Thread 3 ] DEBUG Engine               - isProfilingEnabled: false
00:15:22.333 [FXGL Background Thread 3 ] DEBUG Engine               - isScaleAffectedOnResize: true
00:15:22.333 [FXGL Background Thread 3 ] DEBUG Engine               - isSingleStep: false
00:15:22.333 [FXGL Background Thread 3 ] DEBUG Engine               - isUserProfileEnabled: false
00:15:22.333 [FXGL Background Thread 3 ] DEBUG Engine               - isWindows: true
00:15:22.333 [FXGL Background Thread 3 ] DEBUG Engine               - language: ObjectProperty [value: ENGLISH]
00:15:22.333 [FXGL Background Thread 3 ] DEBUG Engine               - menuKey: ESCAPE
00:15:22.333 [FXGL Background Thread 3 ] DEBUG Engine               - mouseSensitivity: 0.2
00:15:22.333 [FXGL Background Thread 3 ] DEBUG Engine               - notificationViewClass: class com.almasb.fxgl.notification.view.XboxNotificationView
00:15:22.333 [FXGL Background Thread 3 ] DEBUG Engine               - pixelsPerMeter: 50.0
00:15:22.333 [FXGL Background Thread 3 ] DEBUG Engine               - platform: WINDOWS
00:15:22.333 [FXGL Background Thread 3 ] DEBUG Engine               - prefHeightProperty: ReadOnlyDoubleProperty [value: 1024.0]
00:15:22.333 [FXGL Background Thread 3 ] DEBUG Engine               - prefWidthProperty: ReadOnlyDoubleProperty [value: 1024.0]
00:15:22.334 [FXGL Background Thread 3 ] DEBUG Engine               - profileDir: profiles/
00:15:22.334 [FXGL Background Thread 3 ] DEBUG Engine               - profileName: StringProperty [value: DEFAULT]
00:15:22.334 [FXGL Background Thread 3 ] DEBUG Engine               - randomSeed: -1
00:15:22.334 [FXGL Background Thread 3 ] DEBUG Engine               - runtimeInfo: RuntimeInfo(platform=WINDOWS, version=17.2, build=20.08.2022 16.50)
00:15:22.334 [FXGL Background Thread 3 ] DEBUG Engine               - saveFileExt: sav
00:15:22.334 [FXGL Background Thread 3 ] DEBUG Engine               - scaledHeightProp$fxgl: DoubleProperty [bound, value: 824.0]
00:15:22.334 [FXGL Background Thread 3 ] DEBUG Engine               - scaledWidthProp$fxgl: DoubleProperty [bound, value: 799.0]
00:15:22.334 [FXGL Background Thread 3 ] DEBUG Engine               - sceneFactory: myGame.DawnseekerApp$1@f895718
00:15:22.334 [FXGL Background Thread 3 ] DEBUG Engine               - secondsIn24h: 60
00:15:22.334 [FXGL Background Thread 3 ] DEBUG Engine               - soundMenuBack: menu/back.wav
00:15:22.334 [FXGL Background Thread 3 ] DEBUG Engine               - soundMenuPress: menu/press.wav
00:15:22.334 [FXGL Background Thread 3 ] DEBUG Engine               - soundMenuSelect: menu/select.wav
00:15:22.334 [FXGL Background Thread 3 ] DEBUG Engine               - soundNotification: core/notification.wav
00:15:22.334 [FXGL Background Thread 3 ] DEBUG Engine               - stageStyle: DECORATED
00:15:22.334 [FXGL Background Thread 3 ] DEBUG Engine               - supportedLanguages: [ENGLISH, FRENCH, GERMAN, HUNGARIAN, RUSSIAN]
00:15:22.335 [FXGL Background Thread 3 ] DEBUG Engine               - ticksPerSecond: -1
00:15:22.335 [FXGL Background Thread 3 ] DEBUG Engine               - title: Dawnseeker
00:15:22.335 [FXGL Background Thread 3 ] DEBUG Engine               - urlGithub: https://github.com/AlmasB/FXGL
00:15:22.335 [FXGL Background Thread 3 ] DEBUG Engine               - urlLeaderboard: http://fxgl-top.herokuapp.com/
00:15:22.335 [FXGL Background Thread 3 ] DEBUG Engine               - urlPOM: https://raw.githubusercontent.com/AlmasB/FXGL/release/README.md
00:15:22.335 [FXGL Background Thread 3 ] DEBUG Engine               - userAppClass: class myGame.DawnseekerApp
00:15:22.335 [FXGL Background Thread 3 ] DEBUG Engine               - version: 0.2
00:15:22.335 [FXGL Background Thread 3 ] DEBUG Engine               - versionCheckDays: 7
00:15:22.335 [FXGL Background Thread 3 ] DEBUG Engine               - width: 1024
00:15:22.335 [FXGL Background Thread 3 ] DEBUG Engine               - Logging services
00:15:22.335 [FXGL Background Thread 3 ] DEBUG Engine               - class com.almasb.fxgl.app.services.FXGLAssetLoaderService
00:15:22.335 [FXGL Background Thread 3 ] DEBUG Engine               - class com.almasb.fxgl.app.FXGLApplication$GameApplicationService
00:15:22.335 [FXGL Background Thread 3 ] DEBUG Engine               - class com.almasb.fxgl.app.services.FXGLDialogService
00:15:22.335 [FXGL Background Thread 3 ] DEBUG Engine               - class com.almasb.fxgl.app.services.IOTaskExecutorService
00:15:22.335 [FXGL Background Thread 3 ] DEBUG Engine               - class com.almasb.fxgl.io.FileSystemService
00:15:22.335 [FXGL Background Thread 3 ] DEBUG Engine               - class com.almasb.fxgl.localization.LocalizationService
00:15:22.335 [FXGL Background Thread 3 ] DEBUG Engine               - class com.almasb.fxgl.app.services.SystemBundleService
00:15:22.335 [FXGL Background Thread 3 ] DEBUG Engine               - class com.almasb.fxgl.profile.SaveLoadService
00:15:22.335 [FXGL Background Thread 3 ] DEBUG Engine               - class com.almasb.fxgl.ui.FXGLUIFactoryServiceProvider
00:15:22.335 [FXGL Background Thread 3 ] DEBUG Engine               - class com.almasb.fxgl.ui.FXGLDialogFactoryServiceProvider
00:15:22.335 [FXGL Background Thread 3 ] DEBUG Engine               - class com.almasb.fxgl.audio.AudioPlayer
00:15:22.335 [FXGL Background Thread 3 ] DEBUG Engine               - class com.almasb.fxgl.notification.impl.NotificationServiceProvider
00:15:22.335 [FXGL Background Thread 3 ] DEBUG Engine               - class com.almasb.fxgl.achievement.AchievementService
00:15:22.336 [FXGL Background Thread 3 ] DEBUG Engine               - class com.almasb.fxgl.cutscene.CutsceneService
00:15:22.336 [FXGL Background Thread 3 ] DEBUG Engine               - class com.almasb.fxgl.minigames.MiniGameService
00:15:22.336 [FXGL Background Thread 3 ] DEBUG Engine               - class com.almasb.fxgl.net.NetService
00:15:22.336 [FXGL Background Thread 3 ] DEBUG Engine               - class com.almasb.fxgl.app.services.UpdaterService
00:15:22.336 [FXGL Background Thread 3 ] DEBUG Engine               - class com.almasb.fxgl.dev.DevService
00:15:22.483 [JavaFX Application Thread] WARN  GameWorld            - Attempted to remove entity which is not active
00:15:22.485 [JavaFX Application Thread] DEBUG FXGLAssetLoaderServi - Loading from file system: file:/C:/Users/narro/git/CS4900G2Proj2/Dawnseeker/target/classes/assets/sounds/bong.wav
00:15:24.205 [JavaFX Application Thread] DEBUG FXGLAssetLoaderServi - Loading from file system: file:/C:/Users/narro/git/CS4900G2Proj2/Dawnseeker/target/classes/assets/sounds/coin_pickup.wav
00:15:24.864 [JavaFX Application Thread] DEBUG FXGLAssetLoaderServi - Loading from file system: file:/C:/Users/narro/git/CS4900G2Proj2/Dawnseeker/target/classes/assets/sounds/player_oof.wav
00:15:34.557 [JavaFX Application Thread] WARN  GameWorld            - Attempted to remove entity which is not active
00:15:35.325 [JavaFX Application Thread] WARN  GameWorld            - Attempted to remove entity which is not active
00:15:35.342 [JavaFX Application Thread] WARN  GameWorld            - Attempted to remove entity which is not active
00:15:35.581 [JavaFX Application Thread] WARN  GameWorld            - Attempted to remove entity which is not active
00:15:35.756 [JavaFX Application Thread] WARN  GameWorld            - Attempted to remove entity which is not active
00:15:35.997 [JavaFX Application Thread] WARN  GameWorld            - Attempted to remove entity which is not active
00:15:36.124 [JavaFX Application Thread] WARN  GameWorld            - Attempted to remove entity which is not active
00:15:36.350 [JavaFX Application Thread] WARN  GameWorld            - Attempted to remove entity which is not active
00:15:37.260 [JavaFX Application Thread] WARN  GameWorld            - Attempted to remove entity which is not active
00:15:37.565 [JavaFX Application Thread] WARN  GameWorld            - Attempted to remove entity which is not active
00:15:37.774 [JavaFX Application Thread] WARN  GameWorld            - Attempted to remove entity which is not active
00:15:37.804 [JavaFX Application Thread] WARN  GameWorld            - Attempted to remove entity which is not active
00:15:38.204 [JavaFX Application Thread] WARN  GameWorld            - Attempted to remove entity which is not active
00:15:38.428 [JavaFX Application Thread] WARN  GameWorld            - Attempted to remove entity which is not active
00:15:38.891 [JavaFX Application Thread] DEBUG FXGLAssetLoaderServi - Loading from file system: file:/C:/Users/narro/git/CS4900G2Proj2/Dawnseeker/target/classes/assets/sounds/yoda_death.wav
00:15:38.895 [JavaFX Application Thread] DEBUG Input                - Clearing active input actions
00:15:38.903 [JavaFX Application Thread] DEBUG GameApplicationServi - Removing overlay from GameScene and adding to FXGLMainMenuDummyScene
00:15:38.903 [JavaFX Application Thread] DEBUG PrimaryStageWindow   - GameScene -> FXGLMainMenuDummyScene
00:15:38.903 [JavaFX Application Thread] DEBUG PrimaryStageWindow   - Push state: DawnseekerMenu
00:15:38.903 [JavaFX Application Thread] DEBUG Input                - Clearing active input actions
00:15:38.904 [JavaFX Application Thread] DEBUG GameApplicationServi - Removing overlay from FXGLMainMenuDummyScene and adding to DawnseekerMenu
00:15:38.904 [JavaFX Application Thread] DEBUG PrimaryStageWindow   - FXGLMainMenuDummyScene -> DawnseekerMenu
00:15:40.300 [JavaFX Application Thread] DEBUG FXGLApplication      - Exiting FXGL
00:15:40.300 [JavaFX Application Thread] DEBUG LoopRunner           - Stopping loop
00:15:40.300 [JavaFX Application Thread] DEBUG SystemBundleService  - Saving FXGL system data
00:15:40.309 [JavaFX Application Thread] DEBUG FileSystemAccess     - Writing to: C:\Users\narro\git\CS4900G2Proj2\Dawnseeker\system\fxgl.bundle
00:15:40.314 [JavaFX Application Thread] DEBUG Async                - Shutting down background threads
00:15:40.314 [JavaFX Application Thread] DEBUG PrimaryStageWindow   - Closing main window
00:15:40.326 [JavaFX Application Thread] DEBUG Logger               - Closing Logger
