15:56:06.812 [main                     ] DEBUG Logger               - Configured Logger
15:56:06.845 [main                     ] DEBUG GameApplication      - Logging settings
Title: Dawnseeker
Version: 0.5
Width: 1920
Height: 1080
Fullscreen: false
Intro: false
Profiling: false
Single step:false
App Mode: DEVELOPER
Menu Key: ESCAPE
Stage Style: DECORATED
Scene Factory: class myGame.DawnseekerApp$1

15:56:07.537 [JavaFX Application Thread] DEBUG FXGLApplication      - Initializing FXGL
15:56:07.545 [JavaFX Application Thread] INFO  Engine               - FXGL-17.2 (20.08.2022 16.50) on WINDOWS (J:19.0.2 FX:18)
15:56:07.545 [JavaFX Application Thread] DEBUG Engine               - JRE Vendor Name: Oracle Corporation
15:56:07.546 [JavaFX Application Thread] DEBUG Engine               - Running on OS: Windows 10 version 10.0
15:56:07.546 [JavaFX Application Thread] DEBUG Engine               - Architecture: amd64
15:56:07.546 [JavaFX Application Thread] INFO  Engine               - Source code and latest versions at: https://github.com/AlmasB/FXGL
15:56:07.546 [JavaFX Application Thread] INFO  Engine               -       Ask questions and discuss at: https://github.com/AlmasB/FXGL/discussions
15:56:07.546 [JavaFX Application Thread] INFO  Engine               -              Join the FXGL chat at: https://gitter.im/AlmasB/FXGL
15:56:07.728 [JavaFX Application Thread] DEBUG PrimaryStageWindow   - Creating a JavaFX scene
15:56:07.728 [JavaFX Application Thread] DEBUG PrimaryStageWindow   - Target size > screen size
15:56:07.854 [JavaFX Application Thread] DEBUG PrimaryStageWindow   - Target settings size: 1920.0 x 1080.0
15:56:07.854 [JavaFX Application Thread] DEBUG PrimaryStageWindow   - Scaled scene size:    1439.0 x 823.0
15:56:07.855 [JavaFX Application Thread] DEBUG PrimaryStageWindow   - Scaled ratio: (0.7494791666666667, 0.7620370370370371)
15:56:07.856 [JavaFX Application Thread] DEBUG PrimaryStageWindow   - Set initial scene to FXGLStartupScene
15:56:07.870 [JavaFX Application Thread] DEBUG PrimaryStageWindow   - Opening main window
15:56:08.092 [JavaFX Application Thread] DEBUG PrimaryStageWindow   - Window border size: (14.5999755859375, 37.79998779296875)
15:56:08.093 [JavaFX Application Thread] DEBUG PrimaryStageWindow   - Scaled size: 1439.0 x 823.0
15:56:08.094 [JavaFX Application Thread] DEBUG PrimaryStageWindow   - Scaled ratio: (0.7494791666666667, 0.7620370370370371)
15:56:08.095 [JavaFX Application Thread] DEBUG PrimaryStageWindow   - Scene size: 1439.0 x 823.0
15:56:08.096 [JavaFX Application Thread] DEBUG PrimaryStageWindow   - Stage size: 1453.5999755859375 x 860.7999877929688
15:56:08.115 [FXGL Background Thread 1 ] DEBUG Engine               - Initializing environment variables
15:56:08.397 [FXGL Background Thread 1 ] DEBUG FXGLAssetLoaderServi - User app class for loading assets: class myGame.DawnseekerApp
15:56:08.397 [FXGL Background Thread 1 ] DEBUG GameApplicationServi - Applying CSS: fxgl_dark.css
15:56:08.399 [FXGL Background Thread 1 ] DEBUG FXGLAssetLoaderServi - Loading from file system: jar:file:/C:/Users/narro/.m2/repository/com/github/almasb/fxgl/17.2/fxgl-17.2.jar!/fxglassets/ui/css/fxgl_dark.css
15:56:08.472 [FXGL Background Thread 1 ] DEBUG GameApplicationServi - Initializing application scenes
15:56:08.539 [FXGL Background Thread 1 ] DEBUG GameWorld            - Game world initialized
15:56:08.624 [FXGL Background Thread 1 ] DEBUG PhysicsWorld         - Physics world initialized: appHeight=1080, physics.ppm=50.0
15:56:08.625 [FXGL Background Thread 1 ] DEBUG PhysicsWorld         - Using strategy: BRUTE_FORCE
15:56:08.632 [FXGL Background Thread 1 ] DEBUG GameScene            - Game scene initialized: 1920x1080
15:56:08.634 [FXGL Background Thread 1 ] DEBUG FXGLAssetLoaderServi - Loading from file system: file:/C:/Users/narro/git/CS4900G2Proj2/Dawnseeker/target/classes/assets/music/shop.mp3
15:56:08.879 [FXGL Background Thread 1 ] DEBUG AudioPlayer          - Playing music com.almasb.fxgl.audio.Music@1e02849
15:56:08.903 [FXGL Background Thread 1 ] DEBUG FXGLAssetLoaderServi - Loading from file system: file:/C:/Users/narro/git/CS4900G2Proj2/Dawnseeker/target/classes/assets/textures/bg2.png
15:56:08.994 [FXGL Background Thread 1 ] DEBUG FXGL.DefaultMenu     - createMenuBodyGameMenu()
15:56:09.009 [FXGL Background Thread 1 ] DEBUG FXGL.DefaultMenu     - createOptionsMenu()
15:56:09.017 [FXGL Background Thread 1 ] DEBUG FXGLAssetLoaderServi - Loading from file system: jar:file:/C:/Users/narro/.m2/repository/com/github/almasb/fxgl/17.2/fxgl-17.2.jar!/fxglassets/textures/particles/smoke.png
15:56:09.130 [FXGL Background Thread 1 ] DEBUG FXGLAssetLoaderServi - Loading from file system: jar:file:/C:/Users/narro/.m2/repository/com/github/almasb/fxgl/17.2/fxgl-17.2.jar!/fxglassets/textures/particles/trace_horizontal.png
15:56:09.180 [FXGL Background Thread 1 ] DEBUG GameApplicationServi - Application scenes initialized
15:56:09.191 [FXGL Background Thread 1 ] DEBUG SystemBundleService  - Loading FXGL system data
15:56:09.196 [FXGL Background Thread 1 ] DEBUG FileSystemAccess     - Reading from: C:\Users\narro\git\CS4900G2Proj2\Dawnseeker\system\fxgl.bundle
15:56:09.210 [FXGL Background Thread 1 ] DEBUG SystemBundleService  - Bundle FXGL: {}
15:56:09.210 [FXGL Background Thread 1 ] DEBUG UpdaterService       - Checking for updates
15:56:09.214 [FXGL Background Thread 4 ] DEBUG FXGLApplication      - Loading fonts
15:56:09.215 [FXGL Background Thread 1 ] DEBUG FXGLApplication      - Loading default localization
15:56:09.215 [FXGL Background Thread 4 ] DEBUG FXGLAssetLoaderServi - Loading from file system: jar:file:/C:/Users/narro/.m2/repository/com/github/almasb/fxgl/17.2/fxgl-17.2.jar!/fxglassets/ui/fonts/VarelaRound-Regular.ttf
15:56:09.216 [FXGL Background Thread 1 ] DEBUG FXGLAssetLoaderServi - Loading from file system: jar:file:/C:/Users/narro/.m2/repository/com/github/almasb/fxgl/17.2/fxgl-17.2.jar!/fxglassets/languages/english.lang
15:56:09.248 [FXGL Background Thread 1 ] INFO  FXGLApplication      - FXGL initialization took: 1.134 sec
15:56:09.258 [JavaFX Application Thread] DEBUG Input                - Registered new binding: action0 - LMB
15:56:09.267 [JavaFX Application Thread] DEBUG Input                - Registered new binding: Up - W
15:56:09.267 [JavaFX Application Thread] DEBUG Input                - Registered new binding: Down - S
15:56:09.267 [JavaFX Application Thread] DEBUG Input                - Registered new binding: Right - D
15:56:09.267 [JavaFX Application Thread] DEBUG Input                - Registered new binding: Left - A
15:56:09.268 [JavaFX Application Thread] DEBUG FXGLAssetLoaderServi - Loading from file system: jar:file:/C:/Users/narro/.m2/repository/com/github/almasb/fxgl/17.2/fxgl-17.2.jar!/fxglassets/textures/fxgl_icon.png
15:56:09.288 [JavaFX Application Thread] DEBUG FXGLAssetLoaderServi - Loading from file system: jar:file:/C:/Users/narro/.m2/repository/com/github/almasb/fxgl/17.2/fxgl-17.2.jar!/fxglassets/textures/fxgl_default_cursor.png
15:56:09.291 [JavaFX Application Thread] DEBUG Input                - Registered new binding: Screenshot - CTRL+8
15:56:09.292 [JavaFX Application Thread] DEBUG Input                - Registered new binding: System info dump - CTRL+9
15:56:09.292 [JavaFX Application Thread] DEBUG Input                - Registered new binding: Restart - CTRL+R
15:56:09.296 [JavaFX Application Thread] DEBUG Input                - Registered new binding: Toggle Debug Camera - CTRL+7
15:56:09.300 [JavaFX Application Thread] DEBUG LoopRunner           - Starting loop
15:56:09.300 [JavaFX Application Thread] DEBUG LoopRunner           - Initializing JavaFX AnimationTimerLoop
15:56:09.305 [JavaFX Application Thread] DEBUG Input                - Clearing active input actions
15:56:09.323 [JavaFX Application Thread] DEBUG GameApplicationServi - Removing overlay from FXGLStartupScene and adding to FXGLMainMenuDummyScene
15:56:09.323 [JavaFX Application Thread] DEBUG PrimaryStageWindow   - FXGLStartupScene -> FXGLMainMenuDummyScene
15:56:09.323 [JavaFX Application Thread] DEBUG PrimaryStageWindow   - Push state: DawnseekerMenu
15:56:09.323 [JavaFX Application Thread] DEBUG Input                - Clearing active input actions
15:56:09.328 [FXGL Background Thread 4 ] DEBUG FXGLAssetLoaderServi - Loading from file system: jar:file:/C:/Users/narro/.m2/repository/com/github/almasb/fxgl/17.2/fxgl-17.2.jar!/fxglassets/ui/fonts/Abel-Regular.ttf
15:56:09.329 [JavaFX Application Thread] DEBUG GameApplicationServi - Removing overlay from FXGLMainMenuDummyScene and adding to DawnseekerMenu
15:56:09.330 [JavaFX Application Thread] DEBUG PrimaryStageWindow   - FXGLMainMenuDummyScene -> DawnseekerMenu
15:56:09.338 [FXGL Background Thread 4 ] DEBUG FXGLAssetLoaderServi - Loading from file system: jar:file:/C:/Users/narro/.m2/repository/com/github/almasb/fxgl/17.2/fxgl-17.2.jar!/fxglassets/ui/fonts/TerminalLandMono-Regular.otf
15:56:09.351 [FXGL Background Thread 4 ] DEBUG FXGLAssetLoaderServi - Loading from file system: jar:file:/C:/Users/narro/.m2/repository/com/github/almasb/fxgl/17.2/fxgl-17.2.jar!/fxglassets/ui/fonts/Courier-Prime.ttf
15:56:09.367 [JavaFX Application Thread] DEBUG FXGLApplication      - Registering font factories with UI factory
15:56:09.867 [FXGL Background Thread 2 ] INFO  UpdaterService       - Your current version:  17.2
15:56:09.868 [FXGL Background Thread 2 ] INFO  UpdaterService       - Latest stable version: 17.3
15:56:12.214 [FXGL Background Thread 3 ] DEBUG Engine               - Logging environment variables
15:56:12.216 [FXGL Background Thread 3 ] DEBUG Engine               - achievements: []
15:56:12.216 [FXGL Background Thread 3 ] DEBUG Engine               - actualHeight: 823.0
15:56:12.216 [FXGL Background Thread 3 ] DEBUG Engine               - actualHeightProperty: ReadOnlyDoubleProperty [value: 823.0]
15:56:12.216 [FXGL Background Thread 3 ] DEBUG Engine               - actualWidth: 1439.0
15:56:12.216 [FXGL Background Thread 3 ] DEBUG Engine               - actualWidthProperty: ReadOnlyDoubleProperty [value: 1439.0]
15:56:12.216 [FXGL Background Thread 3 ] DEBUG Engine               - appIcon: fxgl_icon.png
15:56:12.217 [FXGL Background Thread 3 ] DEBUG Engine               - applicationMode: DEVELOPER
15:56:12.217 [FXGL Background Thread 3 ] DEBUG Engine               - cSSList: [fxgl_dark.css]
15:56:12.217 [FXGL Background Thread 3 ] DEBUG Engine               - collisionDetectionStrategy: BRUTE_FORCE
15:56:12.218 [FXGL Background Thread 3 ] DEBUG Engine               - configClass: Optional.empty
15:56:12.218 [FXGL Background Thread 3 ] DEBUG Engine               - credits: []
15:56:12.220 [FXGL Background Thread 3 ] DEBUG Engine               - defaultCursor: CursorInfo(imageName=fxgl_default_cursor.png, hotspotX=7.0, hotspotY=6.0)
15:56:12.221 [FXGL Background Thread 3 ] DEBUG Engine               - devBBoxColorProperty: ObjectProperty [value: 0xff0000ff]
15:56:12.221 [FXGL Background Thread 3 ] DEBUG Engine               - devEnableDebugCameraProperty: BooleanProperty [value: false]
15:56:12.222 [FXGL Background Thread 3 ] DEBUG Engine               - devSensorColorProperty: ObjectProperty [value: 0xffff00ff]
15:56:12.222 [FXGL Background Thread 3 ] DEBUG Engine               - devShowBBoxProperty: BooleanProperty [value: false]
15:56:12.222 [FXGL Background Thread 3 ] DEBUG Engine               - devShowPositionProperty: BooleanProperty [value: false]
15:56:12.222 [FXGL Background Thread 3 ] DEBUG Engine               - enabledMenuItems: []
15:56:12.223 [FXGL Background Thread 3 ] DEBUG Engine               - engineServices: [class com.almasb.fxgl.app.services.FXGLAssetLoaderService, class com.almasb.fxgl.app.FXGLApplication$GameApplicationService, class com.almasb.fxgl.app.services.FXGLDialogService, class com.almasb.fxgl.app.services.IOTaskExecutorService, class com.almasb.fxgl.io.FileSystemService, class com.almasb.fxgl.localization.LocalizationService, class com.almasb.fxgl.app.services.SystemBundleService, class com.almasb.fxgl.profile.SaveLoadService, class com.almasb.fxgl.ui.FXGLUIFactoryServiceProvider, class com.almasb.fxgl.ui.FXGLDialogFactoryServiceProvider, class com.almasb.fxgl.audio.AudioPlayer, class com.almasb.fxgl.notification.impl.NotificationServiceProvider, class com.almasb.fxgl.achievement.AchievementService, class com.almasb.fxgl.cutscene.CutsceneService, class com.almasb.fxgl.minigames.MiniGameService, class com.almasb.fxgl.net.NetService, class com.almasb.fxgl.app.services.UpdaterService, class com.almasb.fxgl.dev.DevService]
15:56:12.223 [FXGL Background Thread 3 ] DEBUG Engine               - fontGame: Abel-Regular.ttf
15:56:12.223 [FXGL Background Thread 3 ] DEBUG Engine               - fontMono: TerminalLandMono-Regular.otf
15:56:12.223 [FXGL Background Thread 3 ] DEBUG Engine               - fontText: Courier-Prime.ttf
15:56:12.223 [FXGL Background Thread 3 ] DEBUG Engine               - fontUI: VarelaRound-Regular.ttf
15:56:12.224 [FXGL Background Thread 3 ] DEBUG Engine               - fullScreen: BooleanProperty [value: false]
15:56:12.224 [FXGL Background Thread 3 ] DEBUG Engine               - gameDifficulty: MEDIUM
15:56:12.224 [FXGL Background Thread 3 ] DEBUG Engine               - gameDifficultyProperty: ObjectProperty [value: MEDIUM]
15:56:12.224 [FXGL Background Thread 3 ] DEBUG Engine               - globalMusicVolume: 0.5
15:56:12.225 [FXGL Background Thread 3 ] DEBUG Engine               - globalMusicVolumeProperty: DoubleProperty [value: 0.5]
15:56:12.225 [FXGL Background Thread 3 ] DEBUG Engine               - globalSoundVolume: 0.5
15:56:12.225 [FXGL Background Thread 3 ] DEBUG Engine               - globalSoundVolumeProperty: DoubleProperty [value: 0.5]
15:56:12.225 [FXGL Background Thread 3 ] DEBUG Engine               - height: 1080
15:56:12.225 [FXGL Background Thread 3 ] DEBUG Engine               - is3D: false
15:56:12.226 [FXGL Background Thread 3 ] DEBUG Engine               - isAndroid: false
15:56:12.226 [FXGL Background Thread 3 ] DEBUG Engine               - isBrowser: false
15:56:12.226 [FXGL Background Thread 3 ] DEBUG Engine               - isClickFeedbackEnabled: false
15:56:12.226 [FXGL Background Thread 3 ] DEBUG Engine               - isCloseConfirmation: false
15:56:12.226 [FXGL Background Thread 3 ] DEBUG Engine               - isDesktop: true
15:56:12.226 [FXGL Background Thread 3 ] DEBUG Engine               - isDeveloperMenuEnabled: false
15:56:12.226 [FXGL Background Thread 3 ] DEBUG Engine               - isEmbedded: false
15:56:12.227 [FXGL Background Thread 3 ] DEBUG Engine               - isEntityPreloadEnabled: true
15:56:12.227 [FXGL Background Thread 3 ] DEBUG Engine               - isExperimentalTiledLargeMap: false
15:56:12.227 [FXGL Background Thread 3 ] DEBUG Engine               - isFileSystemWriteAllowed: true
15:56:12.227 [FXGL Background Thread 3 ] DEBUG Engine               - isFullScreenAllowed: false
15:56:12.227 [FXGL Background Thread 3 ] DEBUG Engine               - isFullScreenFromStart: false
15:56:12.227 [FXGL Background Thread 3 ] DEBUG Engine               - isGameMenuEnabled: true
15:56:12.227 [FXGL Background Thread 3 ] DEBUG Engine               - isIOS: false
15:56:12.228 [FXGL Background Thread 3 ] DEBUG Engine               - isIntroEnabled: false
15:56:12.228 [FXGL Background Thread 3 ] DEBUG Engine               - isLinux: false
15:56:12.228 [FXGL Background Thread 3 ] DEBUG Engine               - isMac: false
15:56:12.228 [FXGL Background Thread 3 ] DEBUG Engine               - isMainMenuEnabled: true
15:56:12.228 [FXGL Background Thread 3 ] DEBUG Engine               - isManualResizeEnabled: false
15:56:12.228 [FXGL Background Thread 3 ] DEBUG Engine               - isMobile: false
15:56:12.228 [FXGL Background Thread 3 ] DEBUG Engine               - isNative: false
15:56:12.229 [FXGL Background Thread 3 ] DEBUG Engine               - isPauseMusicWhenMinimized: true
15:56:12.229 [FXGL Background Thread 3 ] DEBUG Engine               - isPreserveResizeRatio: false
15:56:12.229 [FXGL Background Thread 3 ] DEBUG Engine               - isProfilingEnabled: false
15:56:12.229 [FXGL Background Thread 3 ] DEBUG Engine               - isScaleAffectedOnResize: true
15:56:12.229 [FXGL Background Thread 3 ] DEBUG Engine               - isSingleStep: false
15:56:12.230 [FXGL Background Thread 3 ] DEBUG Engine               - isUserProfileEnabled: false
15:56:12.230 [FXGL Background Thread 3 ] DEBUG Engine               - isWindows: true
15:56:12.230 [FXGL Background Thread 3 ] DEBUG Engine               - language: ObjectProperty [value: ENGLISH]
15:56:12.230 [FXGL Background Thread 3 ] DEBUG Engine               - menuKey: ESCAPE
15:56:12.230 [FXGL Background Thread 3 ] DEBUG Engine               - mouseSensitivity: 0.2
15:56:12.230 [FXGL Background Thread 3 ] DEBUG Engine               - notificationViewClass: class com.almasb.fxgl.notification.view.XboxNotificationView
15:56:12.230 [FXGL Background Thread 3 ] DEBUG Engine               - pixelsPerMeter: 50.0
15:56:12.230 [FXGL Background Thread 3 ] DEBUG Engine               - platform: WINDOWS
15:56:12.230 [FXGL Background Thread 3 ] DEBUG Engine               - prefHeightProperty: ReadOnlyDoubleProperty [value: 1080.0]
15:56:12.230 [FXGL Background Thread 3 ] DEBUG Engine               - prefWidthProperty: ReadOnlyDoubleProperty [value: 1920.0]
15:56:12.231 [FXGL Background Thread 3 ] DEBUG Engine               - profileDir: profiles/
15:56:12.231 [FXGL Background Thread 3 ] DEBUG Engine               - profileName: StringProperty [value: DEFAULT]
15:56:12.231 [FXGL Background Thread 3 ] DEBUG Engine               - randomSeed: -1
15:56:12.231 [FXGL Background Thread 3 ] DEBUG Engine               - runtimeInfo: RuntimeInfo(platform=WINDOWS, version=17.2, build=20.08.2022 16.50)
15:56:12.232 [FXGL Background Thread 3 ] DEBUG Engine               - saveFileExt: sav
15:56:12.232 [FXGL Background Thread 3 ] DEBUG Engine               - scaledHeightProp$fxgl: DoubleProperty [bound, value: 823.0]
15:56:12.232 [FXGL Background Thread 3 ] DEBUG Engine               - scaledWidthProp$fxgl: DoubleProperty [bound, value: 1439.0]
15:56:12.232 [FXGL Background Thread 3 ] DEBUG Engine               - sceneFactory: myGame.DawnseekerApp$1@562890dc
15:56:12.232 [FXGL Background Thread 3 ] DEBUG Engine               - secondsIn24h: 60
15:56:12.232 [FXGL Background Thread 3 ] DEBUG Engine               - soundMenuBack: menu/back.wav
15:56:12.232 [FXGL Background Thread 3 ] DEBUG Engine               - soundMenuPress: menu/press.wav
15:56:12.232 [FXGL Background Thread 3 ] DEBUG Engine               - soundMenuSelect: menu/select.wav
15:56:12.232 [FXGL Background Thread 3 ] DEBUG Engine               - soundNotification: core/notification.wav
15:56:12.233 [FXGL Background Thread 3 ] DEBUG Engine               - stageStyle: DECORATED
15:56:12.233 [FXGL Background Thread 3 ] DEBUG Engine               - supportedLanguages: [ENGLISH, FRENCH, GERMAN, HUNGARIAN, RUSSIAN]
15:56:12.233 [FXGL Background Thread 3 ] DEBUG Engine               - ticksPerSecond: -1
15:56:12.233 [FXGL Background Thread 3 ] DEBUG Engine               - title: Dawnseeker
15:56:12.233 [FXGL Background Thread 3 ] DEBUG Engine               - urlGithub: https://github.com/AlmasB/FXGL
15:56:12.233 [FXGL Background Thread 3 ] DEBUG Engine               - urlLeaderboard: http://fxgl-top.herokuapp.com/
15:56:12.234 [FXGL Background Thread 3 ] DEBUG Engine               - urlPOM: https://raw.githubusercontent.com/AlmasB/FXGL/release/README.md
15:56:12.234 [FXGL Background Thread 3 ] DEBUG Engine               - userAppClass: class myGame.DawnseekerApp
15:56:12.234 [FXGL Background Thread 3 ] DEBUG Engine               - version: 0.5
15:56:12.234 [FXGL Background Thread 3 ] DEBUG Engine               - versionCheckDays: 7
15:56:12.234 [FXGL Background Thread 3 ] DEBUG Engine               - width: 1920
15:56:12.234 [FXGL Background Thread 3 ] DEBUG Engine               - Logging services
15:56:12.235 [FXGL Background Thread 3 ] DEBUG Engine               - class com.almasb.fxgl.app.services.FXGLAssetLoaderService
15:56:12.235 [FXGL Background Thread 3 ] DEBUG Engine               - class com.almasb.fxgl.app.FXGLApplication$GameApplicationService
15:56:12.235 [FXGL Background Thread 3 ] DEBUG Engine               - class com.almasb.fxgl.app.services.FXGLDialogService
15:56:12.235 [FXGL Background Thread 3 ] DEBUG Engine               - class com.almasb.fxgl.app.services.IOTaskExecutorService
15:56:12.235 [FXGL Background Thread 3 ] DEBUG Engine               - class com.almasb.fxgl.io.FileSystemService
15:56:12.235 [FXGL Background Thread 3 ] DEBUG Engine               - class com.almasb.fxgl.localization.LocalizationService
15:56:12.235 [FXGL Background Thread 3 ] DEBUG Engine               - class com.almasb.fxgl.app.services.SystemBundleService
15:56:12.235 [FXGL Background Thread 3 ] DEBUG Engine               - class com.almasb.fxgl.profile.SaveLoadService
15:56:12.236 [FXGL Background Thread 3 ] DEBUG Engine               - class com.almasb.fxgl.ui.FXGLUIFactoryServiceProvider
15:56:12.236 [FXGL Background Thread 3 ] DEBUG Engine               - class com.almasb.fxgl.ui.FXGLDialogFactoryServiceProvider
15:56:12.236 [FXGL Background Thread 3 ] DEBUG Engine               - class com.almasb.fxgl.audio.AudioPlayer
15:56:12.236 [FXGL Background Thread 3 ] DEBUG Engine               - class com.almasb.fxgl.notification.impl.NotificationServiceProvider
15:56:12.236 [FXGL Background Thread 3 ] DEBUG Engine               - class com.almasb.fxgl.achievement.AchievementService
15:56:12.236 [FXGL Background Thread 3 ] DEBUG Engine               - class com.almasb.fxgl.cutscene.CutsceneService
15:56:12.236 [FXGL Background Thread 3 ] DEBUG Engine               - class com.almasb.fxgl.minigames.MiniGameService
15:56:12.236 [FXGL Background Thread 3 ] DEBUG Engine               - class com.almasb.fxgl.net.NetService
15:56:12.236 [FXGL Background Thread 3 ] DEBUG Engine               - class com.almasb.fxgl.app.services.UpdaterService
15:56:12.236 [FXGL Background Thread 3 ] DEBUG Engine               - class com.almasb.fxgl.dev.DevService
15:57:06.932 [JavaFX Application Thread] DEBUG Menu                 - fireNewGame()
15:57:06.932 [JavaFX Application Thread] DEBUG GameApplicationServi - Starting new game
15:57:06.932 [JavaFX Application Thread] DEBUG PrimaryStageWindow   - Pop state: DawnseekerMenu
15:57:06.932 [JavaFX Application Thread] DEBUG Input                - Clearing active input actions
15:57:06.932 [JavaFX Application Thread] DEBUG GameApplicationServi - Removing overlay from DawnseekerMenu and adding to FXGLMainMenuDummyScene
15:57:06.933 [JavaFX Application Thread] DEBUG PrimaryStageWindow   - FXGLMainMenuDummyScene <- DawnseekerMenu
15:57:06.933 [JavaFX Application Thread] DEBUG Input                - Clearing active input actions
15:57:06.938 [JavaFX Application Thread] DEBUG GameApplicationServi - Removing overlay from FXGLMainMenuDummyScene and adding to FXGLLoadingScene
15:57:06.938 [JavaFX Application Thread] DEBUG PrimaryStageWindow   - FXGLMainMenuDummyScene -> FXGLLoadingScene
15:57:06.938 [JavaFX Application Thread] DEBUG GameApplicationServi - Clearing previous game
15:57:06.938 [JavaFX Application Thread] DEBUG GameScene            - Clearing game scene
15:57:06.938 [JavaFX Application Thread] DEBUG GameWorld            - Clearing game world
15:57:06.940 [JavaFX Application Thread] DEBUG PhysicsWorld         - Clearing physics world
15:57:06.941 [JavaFX Application Thread] DEBUG AudioPlayer          - Stopping music com.almasb.fxgl.audio.Music@1e02849
15:57:06.946 [FXGL Background Thread 2 ] DEBUG FXGLAssetLoaderServi - Loading from file system: file:/C:/Users/narro/git/CS4900G2Proj2/Dawnseeker/target/classes/assets/music/heartache.mp3
15:57:06.953 [FXGL Background Thread 2 ] DEBUG AudioPlayer          - Playing music com.almasb.fxgl.audio.Music@3edb7862
15:57:06.975 [FXGL Background Thread 2 ] DEBUG FXGLAssetLoaderServi - Loading from file system: file:/C:/Users/narro/git/CS4900G2Proj2/Dawnseeker/target/classes/assets/textures/DawnseekerPCV2.png
15:57:06.978 [FXGL Background Thread 2 ] DEBUG FXGLAssetLoaderServi - Loading from file system: file:/C:/Users/narro/git/CS4900G2Proj2/Dawnseeker/target/classes/assets/textures/DawnseekerPCV2Down.png
15:57:06.980 [FXGL Background Thread 2 ] DEBUG FXGLAssetLoaderServi - Loading from file system: file:/C:/Users/narro/git/CS4900G2Proj2/Dawnseeker/target/classes/assets/textures/DawnseekerPCV2Up.png
15:57:06.982 [FXGL Background Thread 2 ] DEBUG FXGLAssetLoaderServi - Loading from file system: file:/C:/Users/narro/git/CS4900G2Proj2/Dawnseeker/target/classes/assets/textures/DawnseekerPCV2Right.png
15:57:06.983 [JavaFX Application Thread] DEBUG AudioPlayer          - Stopping music com.almasb.fxgl.audio.Music@3edb7862
15:57:06.984 [FXGL Background Thread 2 ] DEBUG FXGLAssetLoaderServi - Loading from file system: file:/C:/Users/narro/git/CS4900G2Proj2/Dawnseeker/target/classes/assets/textures/DawnseekerPCV2Left.png
15:57:07.003 [FXGL Background Thread 2 ] DEBUG FXGLAssetLoaderServi - Loading from file system: file:/C:/Users/narro/git/CS4900G2Proj2/Dawnseeker/target/classes/assets/textures/background.png
15:57:07.045 [FXGL Background Thread 2 ] WARN  GameWorld            - Entity is already attached to world
15:57:07.046 [FXGL Background Thread 2 ] DEBUG FXGLAssetLoaderServi - Loading from file system: file:/C:/Users/narro/git/CS4900G2Proj2/Dawnseeker/target/classes/assets/textures/Rock1.png
15:57:07.049 [FXGL Background Thread 2 ] WARN  Entity               - Entity already has component: com.almasb.fxgl.entity.components.CollidableComponent
15:57:07.049 [FXGL Background Thread 2 ] WARN  GameWorld            - Entity is already attached to world
15:57:07.050 [FXGL Background Thread 2 ] DEBUG FXGLAssetLoaderServi - Loading from file system: file:/C:/Users/narro/git/CS4900G2Proj2/Dawnseeker/target/classes/assets/textures/Rock2.png
15:57:07.052 [FXGL Background Thread 2 ] WARN  Entity               - Entity already has component: com.almasb.fxgl.entity.components.CollidableComponent
15:57:07.053 [FXGL Background Thread 2 ] WARN  GameWorld            - Entity is already attached to world
15:57:07.054 [FXGL Background Thread 2 ] DEBUG FXGLAssetLoaderServi - Loading from file system: file:/C:/Users/narro/git/CS4900G2Proj2/Dawnseeker/target/classes/assets/textures/BigRock1.png
15:57:07.056 [FXGL Background Thread 2 ] WARN  Entity               - Entity already has component: com.almasb.fxgl.entity.components.CollidableComponent
15:57:07.056 [FXGL Background Thread 2 ] WARN  GameWorld            - Entity is already attached to world
15:57:07.058 [FXGL Background Thread 2 ] DEBUG FXGLAssetLoaderServi - Loading from file system: file:/C:/Users/narro/git/CS4900G2Proj2/Dawnseeker/target/classes/assets/textures/Poison.gif
15:57:07.063 [FXGL Background Thread 2 ] WARN  GameWorld            - Entity is already attached to world
15:57:07.074 [FXGL Background Thread 2 ] DEBUG FXGLAssetLoaderServi - Loading from file system: file:/C:/Users/narro/git/CS4900G2Proj2/Dawnseeker/target/classes/assets/textures/AnimShop.png
15:57:07.076 [FXGL Background Thread 2 ] WARN  GameWorld            - Entity is already attached to world
15:57:07.101 [FXGL Background Thread 2 ] INFO  FXGLApplication      - Game initialization took: 0.161 sec
15:57:07.116 [JavaFX Application Thread] DEBUG Input                - Clearing active input actions
15:57:07.140 [JavaFX Application Thread] DEBUG GameApplicationServi - Removing overlay from FXGLLoadingScene and adding to GameScene
15:57:07.140 [JavaFX Application Thread] DEBUG PrimaryStageWindow   - FXGLLoadingScene -> GameScene
15:57:08.208 [JavaFX Application Thread] DEBUG FXGLAssetLoaderServi - Loading from file system: file:/C:/Users/narro/git/CS4900G2Proj2/Dawnseeker/target/classes/assets/textures/Skull.gif
15:57:08.221 [JavaFX Application Thread] DEBUG FXGLAssetLoaderServi - Loading from file system: file:/C:/Users/narro/git/CS4900G2Proj2/Dawnseeker/target/classes/assets/textures/Ghost.gif
15:57:08.564 [JavaFX Application Thread] DEBUG FXGLAssetLoaderServi - Loading from file system: file:/C:/Users/narro/git/CS4900G2Proj2/Dawnseeker/target/classes/assets/sounds/store_jingle.wav
15:57:08.586 [JavaFX Application Thread] DEBUG PrimaryStageWindow   - Push state: ShopTest
15:57:08.587 [JavaFX Application Thread] DEBUG Input                - Clearing active input actions
15:57:08.587 [JavaFX Application Thread] DEBUG GameApplicationServi - Removing overlay from GameScene and adding to ShopTest
15:57:08.587 [JavaFX Application Thread] DEBUG PrimaryStageWindow   - GameScene -> ShopTest
15:57:08.587 [JavaFX Application Thread] DEBUG Input                - Registered new binding: Close Shop - F
15:57:39.216 [JavaFX Application Thread] DEBUG AudioPlayer          - Pausing music com.almasb.fxgl.audio.Music@1e02849
15:57:39.216 [JavaFX Application Thread] DEBUG AudioPlayer          - Pausing music com.almasb.fxgl.audio.Music@3edb7862
15:57:39.216 [JavaFX Application Thread] DEBUG LoopRunner           - Pausing loop
16:02:49.857 [JavaFX Application Thread] DEBUG LoopRunner           - Resuming loop
16:02:49.858 [JavaFX Application Thread] DEBUG AudioPlayer          - Resuming music com.almasb.fxgl.audio.Music@1e02849
16:02:49.858 [JavaFX Application Thread] DEBUG AudioPlayer          - Resuming music com.almasb.fxgl.audio.Music@3edb7862
16:02:52.152 [JavaFX Application Thread] DEBUG PrimaryStageWindow   - Pop state: ShopTest
16:02:52.152 [JavaFX Application Thread] DEBUG Input                - Clearing active input actions
16:02:52.153 [JavaFX Application Thread] DEBUG GameApplicationServi - Removing overlay from ShopTest and adding to GameScene
16:02:52.153 [JavaFX Application Thread] DEBUG PrimaryStageWindow   - GameScene <- ShopTest
16:02:55.338 [JavaFX Application Thread] DEBUG PrimaryStageWindow   - Push state: FXGLDefaultMenu
16:02:55.342 [JavaFX Application Thread] DEBUG Input                - Clearing active input actions
16:02:55.343 [JavaFX Application Thread] DEBUG GameApplicationServi - Removing overlay from GameScene and adding to FXGLDefaultMenu
16:02:55.343 [JavaFX Application Thread] DEBUG PrimaryStageWindow   - GameScene -> FXGLDefaultMenu
16:02:56.445 [JavaFX Application Thread] DEBUG Menu                 - fireExitToMainMenu()
16:02:56.449 [JavaFX Application Thread] DEBUG PrimaryStageWindow   - Push state: DialogSubScene
16:02:56.450 [JavaFX Application Thread] DEBUG Input                - Clearing active input actions
16:02:56.452 [JavaFX Application Thread] DEBUG GameApplicationServi - Removing overlay from FXGLDefaultMenu and adding to DialogSubScene
16:02:56.453 [JavaFX Application Thread] DEBUG PrimaryStageWindow   - FXGLDefaultMenu -> DialogSubScene
16:02:57.132 [JavaFX Application Thread] DEBUG PrimaryStageWindow   - Pop state: DialogSubScene
16:02:57.133 [JavaFX Application Thread] DEBUG Input                - Clearing active input actions
16:02:57.133 [JavaFX Application Thread] DEBUG GameApplicationServi - Removing overlay from DialogSubScene and adding to FXGLDefaultMenu
16:02:57.133 [JavaFX Application Thread] DEBUG PrimaryStageWindow   - FXGLDefaultMenu <- DialogSubScene
16:02:57.133 [JavaFX Application Thread] DEBUG PrimaryStageWindow   - Pop state: FXGLDefaultMenu
16:02:57.133 [JavaFX Application Thread] DEBUG Input                - Clearing active input actions
16:02:57.134 [JavaFX Application Thread] DEBUG GameApplicationServi - Removing overlay from FXGLDefaultMenu and adding to GameScene
16:02:57.134 [JavaFX Application Thread] DEBUG PrimaryStageWindow   - GameScene <- FXGLDefaultMenu
16:02:57.134 [JavaFX Application Thread] DEBUG Input                - Clearing active input actions
16:02:57.141 [JavaFX Application Thread] DEBUG GameApplicationServi - Removing overlay from GameScene and adding to FXGLMainMenuDummyScene
16:02:57.141 [JavaFX Application Thread] DEBUG PrimaryStageWindow   - GameScene -> FXGLMainMenuDummyScene
16:02:57.141 [JavaFX Application Thread] DEBUG PrimaryStageWindow   - Push state: DawnseekerMenu
16:02:57.141 [JavaFX Application Thread] DEBUG Input                - Clearing active input actions
16:02:57.141 [JavaFX Application Thread] DEBUG GameApplicationServi - Removing overlay from FXGLMainMenuDummyScene and adding to DawnseekerMenu
16:02:57.141 [JavaFX Application Thread] DEBUG PrimaryStageWindow   - FXGLMainMenuDummyScene -> DawnseekerMenu
16:02:58.564 [JavaFX Application Thread] DEBUG Menu                 - fireNewGame()
16:02:58.565 [JavaFX Application Thread] DEBUG GameApplicationServi - Starting new game
16:02:58.565 [JavaFX Application Thread] DEBUG PrimaryStageWindow   - Pop state: DawnseekerMenu
16:02:58.565 [JavaFX Application Thread] DEBUG Input                - Clearing active input actions
16:02:58.565 [JavaFX Application Thread] DEBUG GameApplicationServi - Removing overlay from DawnseekerMenu and adding to FXGLMainMenuDummyScene
16:02:58.565 [JavaFX Application Thread] DEBUG PrimaryStageWindow   - FXGLMainMenuDummyScene <- DawnseekerMenu
16:02:58.565 [JavaFX Application Thread] DEBUG Input                - Clearing active input actions
16:02:58.576 [JavaFX Application Thread] DEBUG GameApplicationServi - Removing overlay from FXGLMainMenuDummyScene and adding to FXGLLoadingScene
16:02:58.576 [JavaFX Application Thread] DEBUG PrimaryStageWindow   - FXGLMainMenuDummyScene -> FXGLLoadingScene
16:02:58.576 [JavaFX Application Thread] DEBUG GameApplicationServi - Clearing previous game
16:02:58.576 [JavaFX Application Thread] DEBUG GameScene            - Clearing game scene
16:02:58.576 [JavaFX Application Thread] DEBUG GameWorld            - Clearing game world
16:02:58.578 [JavaFX Application Thread] DEBUG PhysicsWorld         - Clearing physics world
16:02:58.579 [JavaFX Application Thread] DEBUG AudioPlayer          - Stopping music com.almasb.fxgl.audio.Music@1e02849
16:02:58.579 [FXGL Background Thread 5 ] DEBUG FXGLApplication      - Initializing game
16:02:58.579 [JavaFX Application Thread] DEBUG AudioPlayer          - Stopping music com.almasb.fxgl.audio.Music@3edb7862
16:02:58.583 [FXGL Background Thread 5 ] DEBUG AudioPlayer          - Playing music com.almasb.fxgl.audio.Music@3edb7862
16:02:58.586 [FXGL Background Thread 5 ] WARN  GameWorld            - Entity is already attached to world
16:02:58.587 [FXGL Background Thread 5 ] WARN  Entity               - Entity already has component: com.almasb.fxgl.entity.components.CollidableComponent
16:02:58.587 [FXGL Background Thread 5 ] WARN  GameWorld            - Entity is already attached to world
16:02:58.589 [FXGL Background Thread 5 ] WARN  Entity               - Entity already has component: com.almasb.fxgl.entity.components.CollidableComponent
16:02:58.589 [FXGL Background Thread 5 ] WARN  GameWorld            - Entity is already attached to world
16:02:58.591 [FXGL Background Thread 5 ] WARN  Entity               - Entity already has component: com.almasb.fxgl.entity.components.CollidableComponent
16:02:58.593 [FXGL Background Thread 5 ] WARN  GameWorld            - Entity is already attached to world
16:02:58.595 [FXGL Background Thread 5 ] WARN  GameWorld            - Entity is already attached to world
16:02:58.596 [FXGL Background Thread 5 ] WARN  GameWorld            - Entity is already attached to world
16:02:58.598 [FXGL Background Thread 5 ] INFO  FXGLApplication      - Game initialization took: 0.018 sec
16:02:58.602 [JavaFX Application Thread] DEBUG Input                - Clearing active input actions
16:02:58.613 [JavaFX Application Thread] DEBUG GameApplicationServi - Removing overlay from FXGLLoadingScene and adding to GameScene
16:02:58.613 [JavaFX Application Thread] DEBUG PrimaryStageWindow   - FXGLLoadingScene -> GameScene
16:03:03.896 [JavaFX Application Thread] DEBUG FXGLAssetLoaderServi - Loading from file system: file:/C:/Users/narro/git/CS4900G2Proj2/Dawnseeker/target/classes/assets/textures/slime.gif
16:03:05.279 [JavaFX Application Thread] DEBUG FXGLAssetLoaderServi - Loading from file system: file:/C:/Users/narro/git/CS4900G2Proj2/Dawnseeker/target/classes/assets/sounds/magic_missile.wav
16:03:05.298 [JavaFX Application Thread] DEBUG FXGLAssetLoaderServi - Loading from file system: file:/C:/Users/narro/git/CS4900G2Proj2/Dawnseeker/target/classes/assets/textures/Fireball.gif
16:03:05.456 [JavaFX Application Thread] WARN  GameWorld            - Attempted to remove entity which is not active
16:03:05.462 [JavaFX Application Thread] DEBUG FXGLAssetLoaderServi - Loading from file system: file:/C:/Users/narro/git/CS4900G2Proj2/Dawnseeker/target/classes/assets/sounds/bong.wav
16:03:06.527 [JavaFX Application Thread] WARN  GameWorld            - Attempted to remove entity which is not active
16:03:06.528 [JavaFX Application Thread] DEBUG FXGLAssetLoaderServi - Loading from file system: file:/C:/Users/narro/git/CS4900G2Proj2/Dawnseeker/target/classes/assets/textures/Coin.gif
16:03:06.928 [JavaFX Application Thread] WARN  GameWorld            - Attempted to remove entity which is not active
16:03:06.930 [JavaFX Application Thread] DEBUG FXGLAssetLoaderServi - Loading from file system: file:/C:/Users/narro/git/CS4900G2Proj2/Dawnseeker/target/classes/assets/textures/SpeedPotion.gif
16:03:07.343 [JavaFX Application Thread] WARN  GameWorld            - Attempted to remove entity which is not active
16:03:10.145 [JavaFX Application Thread] DEBUG FXGLAssetLoaderServi - Loading from file system: file:/C:/Users/narro/git/CS4900G2Proj2/Dawnseeker/target/classes/assets/sounds/coin_pickup.wav
16:03:10.978 [JavaFX Application Thread] WARN  GameWorld            - Attempted to remove entity which is not active
16:03:10.981 [JavaFX Application Thread] DEBUG FXGLAssetLoaderServi - Loading from file system: file:/C:/Users/narro/git/CS4900G2Proj2/Dawnseeker/target/classes/assets/textures/HealthPotion.gif
16:03:11.247 [JavaFX Application Thread] WARN  GameWorld            - Attempted to remove entity which is not active
16:03:11.534 [JavaFX Application Thread] WARN  GameWorld            - Attempted to remove entity which is not active
16:03:12.735 [JavaFX Application Thread] WARN  GameWorld            - Attempted to remove entity which is not active
16:03:12.899 [JavaFX Application Thread] WARN  GameWorld            - Attempted to remove entity which is not active
16:03:12.900 [JavaFX Application Thread] DEBUG FXGLAssetLoaderServi - Loading from file system: file:/C:/Users/narro/git/CS4900G2Proj2/Dawnseeker/target/classes/assets/textures/PowerPotion.gif
16:03:13.264 [JavaFX Application Thread] WARN  GameWorld            - Attempted to remove entity which is not active
16:03:13.679 [JavaFX Application Thread] WARN  GameWorld            - Attempted to remove entity which is not active
16:03:13.919 [JavaFX Application Thread] WARN  GameWorld            - Attempted to remove entity which is not active
16:03:14.192 [JavaFX Application Thread] WARN  GameWorld            - Attempted to remove entity which is not active
16:03:15.135 [JavaFX Application Thread] WARN  GameWorld            - Attempted to remove entity which is not active
16:03:15.583 [JavaFX Application Thread] DEBUG PrimaryStageWindow   - Push state: ShopTest
16:03:15.584 [JavaFX Application Thread] DEBUG Input                - Clearing active input actions
16:03:15.584 [JavaFX Application Thread] DEBUG GameApplicationServi - Removing overlay from GameScene and adding to ShopTest
16:03:15.584 [JavaFX Application Thread] DEBUG PrimaryStageWindow   - GameScene -> ShopTest
16:03:15.584 [JavaFX Application Thread] DEBUG Input                - Registered new binding: Close Shop - F
16:03:16.345 [JavaFX Application Thread] DEBUG FXGLAssetLoaderServi - Loading from file system: file:/C:/Users/narro/git/CS4900G2Proj2/Dawnseeker/target/classes/assets/sounds/boom.wav
16:03:17.388 [JavaFX Application Thread] DEBUG PrimaryStageWindow   - Pop state: ShopTest
16:03:17.388 [JavaFX Application Thread] DEBUG Input                - Clearing active input actions
16:03:17.388 [JavaFX Application Thread] DEBUG GameApplicationServi - Removing overlay from ShopTest and adding to GameScene
16:03:17.389 [JavaFX Application Thread] DEBUG PrimaryStageWindow   - GameScene <- ShopTest
16:03:18.528 [JavaFX Application Thread] WARN  GameWorld            - Attempted to remove entity which is not active
16:03:18.782 [JavaFX Application Thread] WARN  GameWorld            - Attempted to remove entity which is not active
16:03:18.919 [JavaFX Application Thread] WARN  GameWorld            - Attempted to remove entity which is not active
16:03:19.027 [JavaFX Application Thread] WARN  GameWorld            - Attempted to remove entity which is not active
16:03:19.151 [JavaFX Application Thread] WARN  GameWorld            - Attempted to remove entity which is not active
16:03:19.327 [JavaFX Application Thread] WARN  GameWorld            - Attempted to remove entity which is not active
16:03:19.600 [JavaFX Application Thread] WARN  GameWorld            - Attempted to remove entity which is not active
16:03:19.791 [JavaFX Application Thread] WARN  GameWorld            - Attempted to remove entity which is not active
16:03:20.222 [JavaFX Application Thread] WARN  GameWorld            - Attempted to remove entity which is not active
16:03:20.432 [JavaFX Application Thread] WARN  GameWorld            - Attempted to remove entity which is not active
16:03:20.577 [JavaFX Application Thread] WARN  GameWorld            - Attempted to remove entity which is not active
16:03:20.833 [JavaFX Application Thread] WARN  GameWorld            - Attempted to remove entity which is not active
16:03:21.267 [JavaFX Application Thread] WARN  GameWorld            - Attempted to remove entity which is not active
16:03:21.633 [JavaFX Application Thread] WARN  GameWorld            - Attempted to remove entity which is not active
16:03:22.085 [JavaFX Application Thread] WARN  GameWorld            - Attempted to remove entity which is not active
16:03:23.104 [JavaFX Application Thread] WARN  GameWorld            - Attempted to remove entity which is not active
16:03:23.374 [JavaFX Application Thread] WARN  GameWorld            - Attempted to remove entity which is not active
16:03:23.871 [JavaFX Application Thread] WARN  GameWorld            - Attempted to remove entity which is not active
16:03:24.050 [JavaFX Application Thread] WARN  GameWorld            - Attempted to remove entity which is not active
16:03:24.590 [JavaFX Application Thread] WARN  GameWorld            - Attempted to remove entity which is not active
16:03:26.655 [JavaFX Application Thread] DEBUG PrimaryStageWindow   - Push state: ShopTest
16:03:26.655 [JavaFX Application Thread] DEBUG Input                - Clearing active input actions
16:03:26.656 [JavaFX Application Thread] DEBUG GameApplicationServi - Removing overlay from GameScene and adding to ShopTest
16:03:26.656 [JavaFX Application Thread] DEBUG PrimaryStageWindow   - GameScene -> ShopTest
16:03:26.656 [JavaFX Application Thread] DEBUG Input                - Registered new binding: Close Shop - F
16:05:31.283 [JavaFX Application Thread] DEBUG FXGLApplication      - Exiting FXGL
16:05:31.283 [JavaFX Application Thread] DEBUG LoopRunner           - Stopping loop
16:05:31.283 [JavaFX Application Thread] DEBUG SystemBundleService  - Saving FXGL system data
16:05:31.285 [JavaFX Application Thread] DEBUG FileSystemAccess     - Writing to: C:\Users\narro\git\CS4900G2Proj2\Dawnseeker\system\fxgl.bundle
16:05:31.288 [JavaFX Application Thread] DEBUG Async                - Shutting down background threads
16:05:31.288 [JavaFX Application Thread] DEBUG PrimaryStageWindow   - Closing main window
16:05:31.301 [JavaFX Application Thread] DEBUG Logger               - Closing Logger
