12:31:22.133 [main                     ] DEBUG Logger               - Configured Logger
12:31:22.153 [main                     ] DEBUG GameApplication      - Logging settings
Title: Dawnseeker
Version: 0.2
Width: 1024
Height: 1024
Fullscreen: false
Intro: false
Profiling: false
Single step:false
App Mode: DEVELOPER
Menu Key: ESCAPE
Stage Style: DECORATED
Scene Factory: class com.almasb.fxgl.app.scene.SceneFactory

12:31:22.449 [JavaFX Application Thread] DEBUG FXGLApplication      - Initializing FXGL
12:31:22.454 [JavaFX Application Thread] INFO  Engine               - FXGL-17.2 (20.08.2022 16.50) on WINDOWS (J:19.0.2 FX:18)
12:31:22.454 [JavaFX Application Thread] DEBUG Engine               - JRE Vendor Name: Oracle Corporation
12:31:22.454 [JavaFX Application Thread] DEBUG Engine               - Running on OS: Windows 10 version 10.0
12:31:22.454 [JavaFX Application Thread] DEBUG Engine               - Architecture: amd64
12:31:22.454 [JavaFX Application Thread] INFO  Engine               - Source code and latest versions at: https://github.com/AlmasB/FXGL
12:31:22.455 [JavaFX Application Thread] INFO  Engine               -       Ask questions and discuss at: https://github.com/AlmasB/FXGL/discussions
12:31:22.455 [JavaFX Application Thread] INFO  Engine               -              Join the FXGL chat at: https://gitter.im/AlmasB/FXGL
12:31:22.552 [JavaFX Application Thread] DEBUG PrimaryStageWindow   - Creating a JavaFX scene
12:31:22.553 [JavaFX Application Thread] DEBUG PrimaryStageWindow   - Target size > screen size
12:31:22.592 [JavaFX Application Thread] DEBUG PrimaryStageWindow   - Target settings size: 1024.0 x 1024.0
12:31:22.592 [JavaFX Application Thread] DEBUG PrimaryStageWindow   - Scaled scene size:    799.0 x 824.0
12:31:22.592 [JavaFX Application Thread] DEBUG PrimaryStageWindow   - Scaled ratio: (0.7802734375, 0.8046875)
12:31:22.593 [JavaFX Application Thread] DEBUG PrimaryStageWindow   - Set initial scene to FXGLStartupScene
12:31:22.599 [JavaFX Application Thread] DEBUG PrimaryStageWindow   - Opening main window
12:31:22.685 [JavaFX Application Thread] DEBUG PrimaryStageWindow   - Window border size: (14.5999755859375, 37.5999755859375)
12:31:22.685 [JavaFX Application Thread] DEBUG PrimaryStageWindow   - Scaled size: 799.0 x 824.0
12:31:22.685 [JavaFX Application Thread] DEBUG PrimaryStageWindow   - Scaled ratio: (0.7802734375, 0.8046875)
12:31:22.686 [JavaFX Application Thread] DEBUG PrimaryStageWindow   - Scene size: 799.0 x 824.0
12:31:22.686 [JavaFX Application Thread] DEBUG PrimaryStageWindow   - Stage size: 813.5999755859375 x 861.5999755859375
12:31:22.697 [FXGL Background Thread 1 ] DEBUG Engine               - Initializing environment variables
12:31:22.768 [FXGL Background Thread 1 ] DEBUG FXGLAssetLoaderServi - User app class for loading assets: class myGame.DawnseekerApp
12:31:22.768 [FXGL Background Thread 1 ] DEBUG GameApplicationServi - Applying CSS: fxgl_dark.css
12:31:22.769 [FXGL Background Thread 1 ] DEBUG FXGLAssetLoaderServi - Loading from file system: jar:file:/C:/Users/narro/.m2/repository/com/github/almasb/fxgl/17.2/fxgl-17.2.jar!/fxglassets/ui/css/fxgl_dark.css
12:31:22.818 [FXGL Background Thread 1 ] DEBUG GameApplicationServi - Initializing application scenes
12:31:22.869 [FXGL Background Thread 1 ] DEBUG GameWorld            - Game world initialized
12:31:22.951 [FXGL Background Thread 1 ] DEBUG PhysicsWorld         - Physics world initialized: appHeight=1024, physics.ppm=50.0
12:31:22.951 [FXGL Background Thread 1 ] DEBUG PhysicsWorld         - Using strategy: BRUTE_FORCE
12:31:22.955 [FXGL Background Thread 1 ] DEBUG GameScene            - Game scene initialized: 1024x1024
12:31:22.972 [FXGL Background Thread 1 ] DEBUG FXGL.DefaultMenu     - createMenuBodyMainMenu()
12:31:22.988 [FXGL Background Thread 1 ] DEBUG FXGL.DefaultMenu     - createOptionsMenu()
12:31:22.998 [FXGL Background Thread 1 ] DEBUG FXGLAssetLoaderServi - Loading from file system: jar:file:/C:/Users/narro/.m2/repository/com/github/almasb/fxgl/17.2/fxgl-17.2.jar!/fxglassets/textures/particles/smoke.png
12:31:23.082 [FXGL Background Thread 1 ] DEBUG FXGLAssetLoaderServi - Loading from file system: jar:file:/C:/Users/narro/.m2/repository/com/github/almasb/fxgl/17.2/fxgl-17.2.jar!/fxglassets/textures/particles/trace_horizontal.png
12:31:23.105 [FXGL Background Thread 1 ] DEBUG FXGL.DefaultMenu     - createMenuBodyGameMenu()
12:31:23.106 [FXGL Background Thread 1 ] DEBUG FXGL.DefaultMenu     - createOptionsMenu()
12:31:23.116 [FXGL Background Thread 1 ] DEBUG GameApplicationServi - Application scenes initialized
12:31:23.127 [FXGL Background Thread 1 ] DEBUG SystemBundleService  - Loading FXGL system data
12:31:23.131 [FXGL Background Thread 1 ] DEBUG FileSystemAccess     - Reading from: C:\Users\narro\OneDrive\Documents\coleg\Spring 2023\CS 4900 Senior Seminiar\Dawnseeker\Dawnseeker\system\fxgl.bundle
12:31:23.139 [FXGL Background Thread 1 ] DEBUG SystemBundleService  - Bundle FXGL: {}
12:31:23.139 [FXGL Background Thread 1 ] DEBUG UpdaterService       - Checking for updates
12:31:23.143 [FXGL Background Thread 4 ] DEBUG FXGLApplication      - Loading fonts
12:31:23.143 [FXGL Background Thread 4 ] DEBUG FXGLAssetLoaderServi - Loading from file system: jar:file:/C:/Users/narro/.m2/repository/com/github/almasb/fxgl/17.2/fxgl-17.2.jar!/fxglassets/ui/fonts/VarelaRound-Regular.ttf
12:31:23.143 [FXGL Background Thread 1 ] DEBUG FXGLApplication      - Loading default localization
12:31:23.144 [FXGL Background Thread 1 ] DEBUG FXGLAssetLoaderServi - Loading from file system: jar:file:/C:/Users/narro/.m2/repository/com/github/almasb/fxgl/17.2/fxgl-17.2.jar!/fxglassets/languages/english.lang
12:31:23.170 [FXGL Background Thread 1 ] INFO  FXGLApplication      - FXGL initialization took: 0.473 sec
12:31:23.181 [JavaFX Application Thread] DEBUG Input                - Registered new binding: action0 - W
12:31:23.182 [JavaFX Application Thread] DEBUG Input                - Registered new binding: action1 - S
12:31:23.182 [JavaFX Application Thread] DEBUG Input                - Registered new binding: action2 - A
12:31:23.182 [JavaFX Application Thread] DEBUG Input                - Registered new binding: action3 - D
12:31:23.184 [JavaFX Application Thread] DEBUG Input                - Registered new binding: action4 - LMB
12:31:23.184 [JavaFX Application Thread] DEBUG FXGLAssetLoaderServi - Loading from file system: jar:file:/C:/Users/narro/.m2/repository/com/github/almasb/fxgl/17.2/fxgl-17.2.jar!/fxglassets/textures/fxgl_icon.png
12:31:23.204 [JavaFX Application Thread] DEBUG FXGLAssetLoaderServi - Loading from file system: jar:file:/C:/Users/narro/.m2/repository/com/github/almasb/fxgl/17.2/fxgl-17.2.jar!/fxglassets/textures/fxgl_default_cursor.png
12:31:23.208 [JavaFX Application Thread] DEBUG Input                - Registered new binding: Screenshot - CTRL+8
12:31:23.209 [JavaFX Application Thread] DEBUG Input                - Registered new binding: System info dump - CTRL+9
12:31:23.210 [JavaFX Application Thread] DEBUG Input                - Registered new binding: Restart - CTRL+R
12:31:23.211 [JavaFX Application Thread] DEBUG Input                - Registered new binding: Toggle Debug Camera - CTRL+7
12:31:23.214 [JavaFX Application Thread] DEBUG LoopRunner           - Starting loop
12:31:23.214 [JavaFX Application Thread] DEBUG LoopRunner           - Initializing JavaFX AnimationTimerLoop
12:31:23.220 [JavaFX Application Thread] DEBUG Input                - Clearing active input actions
12:31:23.227 [JavaFX Application Thread] DEBUG GameApplicationServi - Removing overlay from FXGLStartupScene and adding to FXGLMainMenuDummyScene
12:31:23.227 [JavaFX Application Thread] DEBUG PrimaryStageWindow   - FXGLStartupScene -> FXGLMainMenuDummyScene
12:31:23.228 [JavaFX Application Thread] DEBUG PrimaryStageWindow   - Push state: FXGLDefaultMenu
12:31:23.234 [JavaFX Application Thread] DEBUG Input                - Clearing active input actions
12:31:23.240 [FXGL Background Thread 4 ] DEBUG FXGLAssetLoaderServi - Loading from file system: jar:file:/C:/Users/narro/.m2/repository/com/github/almasb/fxgl/17.2/fxgl-17.2.jar!/fxglassets/ui/fonts/Abel-Regular.ttf
12:31:23.246 [JavaFX Application Thread] DEBUG GameApplicationServi - Removing overlay from FXGLMainMenuDummyScene and adding to FXGLDefaultMenu
12:31:23.247 [JavaFX Application Thread] DEBUG PrimaryStageWindow   - FXGLMainMenuDummyScene -> FXGLDefaultMenu
12:31:23.254 [FXGL Background Thread 4 ] DEBUG FXGLAssetLoaderServi - Loading from file system: jar:file:/C:/Users/narro/.m2/repository/com/github/almasb/fxgl/17.2/fxgl-17.2.jar!/fxglassets/ui/fonts/TerminalLandMono-Regular.otf
12:31:23.266 [FXGL Background Thread 4 ] DEBUG FXGLAssetLoaderServi - Loading from file system: jar:file:/C:/Users/narro/.m2/repository/com/github/almasb/fxgl/17.2/fxgl-17.2.jar!/fxglassets/ui/fonts/Courier-Prime.ttf
12:31:23.344 [JavaFX Application Thread] DEBUG FXGLApplication      - Registering font factories with UI factory
12:31:26.146 [FXGL Background Thread 3 ] DEBUG Engine               - Logging environment variables
12:31:26.147 [FXGL Background Thread 3 ] DEBUG Engine               - achievements: []
12:31:26.148 [FXGL Background Thread 3 ] DEBUG Engine               - actualHeight: 824.0
12:31:26.148 [FXGL Background Thread 3 ] DEBUG Engine               - actualHeightProperty: ReadOnlyDoubleProperty [value: 824.0]
12:31:26.149 [FXGL Background Thread 3 ] DEBUG Engine               - actualWidth: 799.0
12:31:26.149 [FXGL Background Thread 3 ] DEBUG Engine               - actualWidthProperty: ReadOnlyDoubleProperty [value: 799.0]
12:31:26.149 [FXGL Background Thread 3 ] DEBUG Engine               - appIcon: fxgl_icon.png
12:31:26.149 [FXGL Background Thread 3 ] DEBUG Engine               - applicationMode: DEVELOPER
12:31:26.149 [FXGL Background Thread 3 ] DEBUG Engine               - cSSList: [fxgl_dark.css]
12:31:26.150 [FXGL Background Thread 3 ] DEBUG Engine               - collisionDetectionStrategy: BRUTE_FORCE
12:31:26.150 [FXGL Background Thread 3 ] DEBUG Engine               - configClass: Optional.empty
12:31:26.150 [FXGL Background Thread 3 ] DEBUG Engine               - credits: []
12:31:26.151 [FXGL Background Thread 3 ] DEBUG Engine               - defaultCursor: CursorInfo(imageName=fxgl_default_cursor.png, hotspotX=7.0, hotspotY=6.0)
12:31:26.151 [FXGL Background Thread 3 ] DEBUG Engine               - devBBoxColorProperty: ObjectProperty [value: 0xff0000ff]
12:31:26.151 [FXGL Background Thread 3 ] DEBUG Engine               - devEnableDebugCameraProperty: BooleanProperty [value: false]
12:31:26.151 [FXGL Background Thread 3 ] DEBUG Engine               - devSensorColorProperty: ObjectProperty [value: 0xffff00ff]
12:31:26.151 [FXGL Background Thread 3 ] DEBUG Engine               - devShowBBoxProperty: BooleanProperty [value: false]
12:31:26.151 [FXGL Background Thread 3 ] DEBUG Engine               - devShowPositionProperty: BooleanProperty [value: false]
12:31:26.151 [FXGL Background Thread 3 ] DEBUG Engine               - enabledMenuItems: []
12:31:26.152 [FXGL Background Thread 3 ] DEBUG Engine               - engineServices: [class com.almasb.fxgl.app.services.FXGLAssetLoaderService, class com.almasb.fxgl.app.FXGLApplication$GameApplicationService, class com.almasb.fxgl.app.services.FXGLDialogService, class com.almasb.fxgl.app.services.IOTaskExecutorService, class com.almasb.fxgl.io.FileSystemService, class com.almasb.fxgl.localization.LocalizationService, class com.almasb.fxgl.app.services.SystemBundleService, class com.almasb.fxgl.profile.SaveLoadService, class com.almasb.fxgl.ui.FXGLUIFactoryServiceProvider, class com.almasb.fxgl.ui.FXGLDialogFactoryServiceProvider, class com.almasb.fxgl.audio.AudioPlayer, class com.almasb.fxgl.notification.impl.NotificationServiceProvider, class com.almasb.fxgl.achievement.AchievementService, class com.almasb.fxgl.cutscene.CutsceneService, class com.almasb.fxgl.minigames.MiniGameService, class com.almasb.fxgl.net.NetService, class com.almasb.fxgl.app.services.UpdaterService, class com.almasb.fxgl.dev.DevService]
12:31:26.152 [FXGL Background Thread 3 ] DEBUG Engine               - fontGame: Abel-Regular.ttf
12:31:26.152 [FXGL Background Thread 3 ] DEBUG Engine               - fontMono: TerminalLandMono-Regular.otf
12:31:26.152 [FXGL Background Thread 3 ] DEBUG Engine               - fontText: Courier-Prime.ttf
12:31:26.152 [FXGL Background Thread 3 ] DEBUG Engine               - fontUI: VarelaRound-Regular.ttf
12:31:26.152 [FXGL Background Thread 3 ] DEBUG Engine               - fullScreen: BooleanProperty [value: false]
12:31:26.152 [FXGL Background Thread 3 ] DEBUG Engine               - gameDifficulty: MEDIUM
12:31:26.152 [FXGL Background Thread 3 ] DEBUG Engine               - gameDifficultyProperty: ObjectProperty [value: MEDIUM]
12:31:26.152 [FXGL Background Thread 3 ] DEBUG Engine               - globalMusicVolume: 0.5
12:31:26.153 [FXGL Background Thread 3 ] DEBUG Engine               - globalMusicVolumeProperty: DoubleProperty [value: 0.5]
12:31:26.153 [FXGL Background Thread 3 ] DEBUG Engine               - globalSoundVolume: 0.5
12:31:26.153 [FXGL Background Thread 3 ] DEBUG Engine               - globalSoundVolumeProperty: DoubleProperty [value: 0.5]
12:31:26.153 [FXGL Background Thread 3 ] DEBUG Engine               - height: 1024
12:31:26.153 [FXGL Background Thread 3 ] DEBUG Engine               - is3D: false
12:31:26.153 [FXGL Background Thread 3 ] DEBUG Engine               - isAndroid: false
12:31:26.153 [FXGL Background Thread 3 ] DEBUG Engine               - isBrowser: false
12:31:26.153 [FXGL Background Thread 3 ] DEBUG Engine               - isClickFeedbackEnabled: false
12:31:26.153 [FXGL Background Thread 3 ] DEBUG Engine               - isCloseConfirmation: false
12:31:26.153 [FXGL Background Thread 3 ] DEBUG Engine               - isDesktop: true
12:31:26.153 [FXGL Background Thread 3 ] DEBUG Engine               - isDeveloperMenuEnabled: false
12:31:26.154 [FXGL Background Thread 3 ] DEBUG Engine               - isEmbedded: false
12:31:26.154 [FXGL Background Thread 3 ] DEBUG Engine               - isEntityPreloadEnabled: true
12:31:26.154 [FXGL Background Thread 3 ] DEBUG Engine               - isExperimentalTiledLargeMap: false
12:31:26.154 [FXGL Background Thread 3 ] DEBUG Engine               - isFileSystemWriteAllowed: true
12:31:26.154 [FXGL Background Thread 3 ] DEBUG Engine               - isFullScreenAllowed: false
12:31:26.154 [FXGL Background Thread 3 ] DEBUG Engine               - isFullScreenFromStart: false
12:31:26.154 [FXGL Background Thread 3 ] DEBUG Engine               - isGameMenuEnabled: true
12:31:26.154 [FXGL Background Thread 3 ] DEBUG Engine               - isIOS: false
12:31:26.154 [FXGL Background Thread 3 ] DEBUG Engine               - isIntroEnabled: false
12:31:26.154 [FXGL Background Thread 3 ] DEBUG Engine               - isLinux: false
12:31:26.154 [FXGL Background Thread 3 ] DEBUG Engine               - isMac: false
12:31:26.154 [FXGL Background Thread 3 ] DEBUG Engine               - isMainMenuEnabled: true
12:31:26.154 [FXGL Background Thread 3 ] DEBUG Engine               - isManualResizeEnabled: false
12:31:26.154 [FXGL Background Thread 3 ] DEBUG Engine               - isMobile: false
12:31:26.154 [FXGL Background Thread 3 ] DEBUG Engine               - isNative: false
12:31:26.154 [FXGL Background Thread 3 ] DEBUG Engine               - isPauseMusicWhenMinimized: true
12:31:26.154 [FXGL Background Thread 3 ] DEBUG Engine               - isPreserveResizeRatio: false
12:31:26.155 [FXGL Background Thread 3 ] DEBUG Engine               - isProfilingEnabled: false
12:31:26.155 [FXGL Background Thread 3 ] DEBUG Engine               - isScaleAffectedOnResize: true
12:31:26.155 [FXGL Background Thread 3 ] DEBUG Engine               - isSingleStep: false
12:31:26.155 [FXGL Background Thread 3 ] DEBUG Engine               - isUserProfileEnabled: false
12:31:26.155 [FXGL Background Thread 3 ] DEBUG Engine               - isWindows: true
12:31:26.155 [FXGL Background Thread 3 ] DEBUG Engine               - language: ObjectProperty [value: ENGLISH]
12:31:26.155 [FXGL Background Thread 3 ] DEBUG Engine               - menuKey: ESCAPE
12:31:26.155 [FXGL Background Thread 3 ] DEBUG Engine               - mouseSensitivity: 0.2
12:31:26.155 [FXGL Background Thread 3 ] DEBUG Engine               - notificationViewClass: class com.almasb.fxgl.notification.view.XboxNotificationView
12:31:26.156 [FXGL Background Thread 3 ] DEBUG Engine               - pixelsPerMeter: 50.0
12:31:26.156 [FXGL Background Thread 3 ] DEBUG Engine               - platform: WINDOWS
12:31:26.156 [FXGL Background Thread 3 ] DEBUG Engine               - prefHeightProperty: ReadOnlyDoubleProperty [value: 1024.0]
12:31:26.156 [FXGL Background Thread 3 ] DEBUG Engine               - prefWidthProperty: ReadOnlyDoubleProperty [value: 1024.0]
12:31:26.156 [FXGL Background Thread 3 ] DEBUG Engine               - profileDir: profiles/
12:31:26.156 [FXGL Background Thread 3 ] DEBUG Engine               - profileName: StringProperty [value: DEFAULT]
12:31:26.156 [FXGL Background Thread 3 ] DEBUG Engine               - randomSeed: -1
12:31:26.156 [FXGL Background Thread 3 ] DEBUG Engine               - runtimeInfo: RuntimeInfo(platform=WINDOWS, version=17.2, build=20.08.2022 16.50)
12:31:26.156 [FXGL Background Thread 3 ] DEBUG Engine               - saveFileExt: sav
12:31:26.156 [FXGL Background Thread 3 ] DEBUG Engine               - scaledHeightProp$fxgl: DoubleProperty [bound, value: 824.0]
12:31:26.156 [FXGL Background Thread 3 ] DEBUG Engine               - scaledWidthProp$fxgl: DoubleProperty [bound, value: 799.0]
12:31:26.157 [FXGL Background Thread 3 ] DEBUG Engine               - sceneFactory: com.almasb.fxgl.app.scene.SceneFactory@5767a336
12:31:26.157 [FXGL Background Thread 3 ] DEBUG Engine               - secondsIn24h: 60
12:31:26.157 [FXGL Background Thread 3 ] DEBUG Engine               - soundMenuBack: menu/back.wav
12:31:26.157 [FXGL Background Thread 3 ] DEBUG Engine               - soundMenuPress: menu/press.wav
12:31:26.157 [FXGL Background Thread 3 ] DEBUG Engine               - soundMenuSelect: menu/select.wav
12:31:26.157 [FXGL Background Thread 3 ] DEBUG Engine               - soundNotification: core/notification.wav
12:31:26.157 [FXGL Background Thread 3 ] DEBUG Engine               - stageStyle: DECORATED
12:31:26.157 [FXGL Background Thread 3 ] DEBUG Engine               - supportedLanguages: [ENGLISH, FRENCH, GERMAN, HUNGARIAN, RUSSIAN]
12:31:26.157 [FXGL Background Thread 3 ] DEBUG Engine               - ticksPerSecond: -1
12:31:26.157 [FXGL Background Thread 3 ] DEBUG Engine               - title: Dawnseeker
12:31:26.158 [FXGL Background Thread 3 ] DEBUG Engine               - urlGithub: https://github.com/AlmasB/FXGL
12:31:26.158 [FXGL Background Thread 3 ] DEBUG Engine               - urlLeaderboard: http://fxgl-top.herokuapp.com/
12:31:26.158 [FXGL Background Thread 3 ] DEBUG Engine               - urlPOM: https://raw.githubusercontent.com/AlmasB/FXGL/release/README.md
12:31:26.158 [FXGL Background Thread 3 ] DEBUG Engine               - userAppClass: class myGame.DawnseekerApp
12:31:26.158 [FXGL Background Thread 3 ] DEBUG Engine               - version: 0.2
12:31:26.158 [FXGL Background Thread 3 ] DEBUG Engine               - versionCheckDays: 7
12:31:26.158 [FXGL Background Thread 3 ] DEBUG Engine               - width: 1024
12:31:26.159 [FXGL Background Thread 3 ] DEBUG Engine               - Logging services
12:31:26.159 [FXGL Background Thread 3 ] DEBUG Engine               - class com.almasb.fxgl.app.services.FXGLAssetLoaderService
12:31:26.160 [FXGL Background Thread 3 ] DEBUG Engine               - class com.almasb.fxgl.app.FXGLApplication$GameApplicationService
12:31:26.160 [FXGL Background Thread 3 ] DEBUG Engine               - class com.almasb.fxgl.app.services.FXGLDialogService
12:31:26.160 [FXGL Background Thread 3 ] DEBUG Engine               - class com.almasb.fxgl.app.services.IOTaskExecutorService
12:31:26.160 [FXGL Background Thread 3 ] DEBUG Engine               - class com.almasb.fxgl.io.FileSystemService
12:31:26.160 [FXGL Background Thread 3 ] DEBUG Engine               - class com.almasb.fxgl.localization.LocalizationService
12:31:26.161 [FXGL Background Thread 3 ] DEBUG Engine               - class com.almasb.fxgl.app.services.SystemBundleService
12:31:26.161 [FXGL Background Thread 3 ] DEBUG Engine               - class com.almasb.fxgl.profile.SaveLoadService
12:31:26.161 [FXGL Background Thread 3 ] DEBUG Engine               - class com.almasb.fxgl.ui.FXGLUIFactoryServiceProvider
12:31:26.161 [FXGL Background Thread 3 ] DEBUG Engine               - class com.almasb.fxgl.ui.FXGLDialogFactoryServiceProvider
12:31:26.161 [FXGL Background Thread 3 ] DEBUG Engine               - class com.almasb.fxgl.audio.AudioPlayer
12:31:26.161 [FXGL Background Thread 3 ] DEBUG Engine               - class com.almasb.fxgl.notification.impl.NotificationServiceProvider
12:31:26.161 [FXGL Background Thread 3 ] DEBUG Engine               - class com.almasb.fxgl.achievement.AchievementService
12:31:26.161 [FXGL Background Thread 3 ] DEBUG Engine               - class com.almasb.fxgl.cutscene.CutsceneService
12:31:26.162 [FXGL Background Thread 3 ] DEBUG Engine               - class com.almasb.fxgl.minigames.MiniGameService
12:31:26.162 [FXGL Background Thread 3 ] DEBUG Engine               - class com.almasb.fxgl.net.NetService
12:31:26.162 [FXGL Background Thread 3 ] DEBUG Engine               - class com.almasb.fxgl.app.services.UpdaterService
12:31:26.162 [FXGL Background Thread 3 ] DEBUG Engine               - class com.almasb.fxgl.dev.DevService
12:31:26.692 [JavaFX Application Thread] DEBUG Menu                 - fireNewGame()
12:31:26.692 [JavaFX Application Thread] DEBUG GameApplicationServi - Starting new game
12:31:26.694 [JavaFX Application Thread] DEBUG PrimaryStageWindow   - Pop state: FXGLDefaultMenu
12:31:26.694 [JavaFX Application Thread] DEBUG Input                - Clearing active input actions
12:31:26.698 [JavaFX Application Thread] DEBUG GameApplicationServi - Removing overlay from FXGLDefaultMenu and adding to FXGLMainMenuDummyScene
12:31:26.700 [JavaFX Application Thread] DEBUG PrimaryStageWindow   - FXGLMainMenuDummyScene <- FXGLDefaultMenu
12:31:26.700 [JavaFX Application Thread] DEBUG Input                - Clearing active input actions
12:31:26.721 [JavaFX Application Thread] DEBUG GameApplicationServi - Removing overlay from FXGLMainMenuDummyScene and adding to FXGLLoadingScene
12:31:26.721 [JavaFX Application Thread] DEBUG PrimaryStageWindow   - FXGLMainMenuDummyScene -> FXGLLoadingScene
12:31:26.721 [JavaFX Application Thread] DEBUG GameApplicationServi - Clearing previous game
12:31:26.721 [JavaFX Application Thread] DEBUG GameScene            - Clearing game scene
12:31:26.721 [JavaFX Application Thread] DEBUG GameWorld            - Clearing game world
12:31:26.721 [JavaFX Application Thread] DEBUG PhysicsWorld         - Clearing physics world
12:31:26.723 [FXGL Background Thread 2 ] DEBUG FXGLApplication      - Initializing game
12:31:26.735 [FXGL Background Thread 2 ] DEBUG FXGLAssetLoaderServi - Loading from file system: file:/C:/Users/narro/OneDrive/Documents/coleg/Spring%202023/CS%204900%20Senior%20Seminiar/Dawnseeker/Dawnseeker/target/classes/assets/textures/PlayerCharacterDawnseeker.png
12:31:26.755 [FXGL Background Thread 2 ] WARN  GameWorld            - Entity is already attached to world
12:31:26.756 [FXGL Background Thread 2 ] WARN  Entity               - Entity already has component: com.almasb.fxgl.entity.components.CollidableComponent
12:31:26.756 [FXGL Background Thread 2 ] WARN  GameWorld            - Entity is already attached to world
12:31:26.758 [FXGL Background Thread 2 ] WARN  Entity               - Entity already has component: com.almasb.fxgl.entity.components.CollidableComponent
12:31:26.758 [FXGL Background Thread 2 ] WARN  GameWorld            - Entity is already attached to world
12:31:26.760 [FXGL Background Thread 2 ] WARN  Entity               - Entity already has component: com.almasb.fxgl.entity.components.CollidableComponent
12:31:26.761 [FXGL Background Thread 2 ] WARN  GameWorld            - Entity is already attached to world
12:31:26.764 [FXGL Background Thread 2 ] WARN  Entity               - Entity already has component: com.almasb.fxgl.entity.components.CollidableComponent
12:31:26.764 [FXGL Background Thread 2 ] WARN  GameWorld            - Entity is already attached to world
12:31:26.786 [FXGL Background Thread 2 ] INFO  FXGLApplication      - Game initialization took: 0.063 sec
12:31:26.786 [JavaFX Application Thread] DEBUG Input                - Clearing active input actions
12:31:26.801 [JavaFX Application Thread] DEBUG GameApplicationServi - Removing overlay from FXGLLoadingScene and adding to GameScene
12:31:26.801 [JavaFX Application Thread] DEBUG PrimaryStageWindow   - FXGLLoadingScene -> GameScene
12:31:27.223 [JavaFX Application Thread] DEBUG FXGLAssetLoaderServi - Loading from file system: file:/C:/Users/narro/OneDrive/Documents/coleg/Spring%202023/CS%204900%20Senior%20Seminiar/Dawnseeker/Dawnseeker/target/classes/assets/textures/EnemyDawnseeker.png
12:31:28.102 [JavaFX Application Thread] DEBUG FXGLAssetLoaderServi - Loading from file system: file:/C:/Users/narro/OneDrive/Documents/coleg/Spring%202023/CS%204900%20Senior%20Seminiar/Dawnseeker/Dawnseeker/target/classes/assets/textures/FireBallProjectile.png
12:31:28.470 [JavaFX Application Thread] DEBUG FXGLAssetLoaderServi - Loading from file system: file:/C:/Users/narro/OneDrive/Documents/coleg/Spring%202023/CS%204900%20Senior%20Seminiar/Dawnseeker/Dawnseeker/target/classes/assets/sounds/player_oof.wav
12:31:32.608 [JavaFX Application Thread] DEBUG FXGLAssetLoaderServi - Loading from file system: file:/C:/Users/narro/OneDrive/Documents/coleg/Spring%202023/CS%204900%20Senior%20Seminiar/Dawnseeker/Dawnseeker/target/classes/assets/sounds/yoda_death.wav
12:31:41.759 [JavaFX Application Thread] DEBUG FXGLApplication      - Exiting FXGL
12:31:41.759 [JavaFX Application Thread] DEBUG LoopRunner           - Stopping loop
12:31:41.759 [JavaFX Application Thread] DEBUG SystemBundleService  - Saving FXGL system data
12:31:41.760 [JavaFX Application Thread] DEBUG FileSystemAccess     - Writing to: C:\Users\narro\OneDrive\Documents\coleg\Spring 2023\CS 4900 Senior Seminiar\Dawnseeker\Dawnseeker\system\fxgl.bundle
12:31:41.762 [JavaFX Application Thread] DEBUG Async                - Shutting down background threads
12:31:41.762 [JavaFX Application Thread] DEBUG PrimaryStageWindow   - Closing main window
12:31:41.769 [JavaFX Application Thread] DEBUG Logger               - Closing Logger
