11:24:17.002 [main                     ] DEBUG Logger               - Configured Logger
11:24:17.037 [main                     ] DEBUG GameApplication      - Logging settings
Title: Dawnseeker
Version: 0.5
Width: 1920
Height: 1080
Fullscreen: false
Intro: false
Profiling: false
Single step:false
App Mode: DEVELOPER
Menu Key: ESCAPE
Stage Style: DECORATED
Scene Factory: class myGame.DawnseekerApp$1

11:24:17.472 [JavaFX Application Thread] DEBUG FXGLApplication      - Initializing FXGL
11:24:17.476 [JavaFX Application Thread] INFO  Engine               - FXGL-17.2 (20.08.2022 16.50) on WINDOWS (J:19.0.2 FX:18)
11:24:17.476 [JavaFX Application Thread] DEBUG Engine               - JRE Vendor Name: Oracle Corporation
11:24:17.477 [JavaFX Application Thread] DEBUG Engine               - Running on OS: Windows 10 version 10.0
11:24:17.477 [JavaFX Application Thread] DEBUG Engine               - Architecture: amd64
11:24:17.477 [JavaFX Application Thread] INFO  Engine               - Source code and latest versions at: https://github.com/AlmasB/FXGL
11:24:17.477 [JavaFX Application Thread] INFO  Engine               -       Ask questions and discuss at: https://github.com/AlmasB/FXGL/discussions
11:24:17.477 [JavaFX Application Thread] INFO  Engine               -              Join the FXGL chat at: https://gitter.im/AlmasB/FXGL
11:24:17.578 [JavaFX Application Thread] DEBUG PrimaryStageWindow   - Creating a JavaFX scene
11:24:17.578 [JavaFX Application Thread] DEBUG PrimaryStageWindow   - Target size > screen size
11:24:17.617 [JavaFX Application Thread] DEBUG PrimaryStageWindow   - Target settings size: 1920.0 x 1080.0
11:24:17.617 [JavaFX Application Thread] DEBUG PrimaryStageWindow   - Scaled scene size:    1439.0 x 823.0
11:24:17.617 [JavaFX Application Thread] DEBUG PrimaryStageWindow   - Scaled ratio: (0.7494791666666667, 0.7620370370370371)
11:24:17.618 [JavaFX Application Thread] DEBUG PrimaryStageWindow   - Set initial scene to FXGLStartupScene
11:24:17.624 [JavaFX Application Thread] DEBUG PrimaryStageWindow   - Opening main window
11:24:17.709 [JavaFX Application Thread] DEBUG PrimaryStageWindow   - Window border size: (14.5999755859375, 37.79998779296875)
11:24:17.710 [JavaFX Application Thread] DEBUG PrimaryStageWindow   - Scaled size: 1439.0 x 823.0
11:24:17.710 [JavaFX Application Thread] DEBUG PrimaryStageWindow   - Scaled ratio: (0.7494791666666667, 0.7620370370370371)
11:24:17.710 [JavaFX Application Thread] DEBUG PrimaryStageWindow   - Scene size: 1439.0 x 823.0
11:24:17.710 [JavaFX Application Thread] DEBUG PrimaryStageWindow   - Stage size: 1453.5999755859375 x 860.7999877929688
11:24:17.724 [FXGL Background Thread 1 ] DEBUG Engine               - Initializing environment variables
11:24:17.793 [FXGL Background Thread 1 ] DEBUG FXGLAssetLoaderServi - User app class for loading assets: class myGame.DawnseekerApp
11:24:17.793 [FXGL Background Thread 1 ] DEBUG GameApplicationServi - Applying CSS: fxgl_dark.css
11:24:17.795 [FXGL Background Thread 1 ] DEBUG FXGLAssetLoaderServi - Loading from file system: jar:file:/C:/Users/narro/.m2/repository/com/github/almasb/fxgl/17.2/fxgl-17.2.jar!/fxglassets/ui/css/fxgl_dark.css
11:24:17.843 [FXGL Background Thread 1 ] DEBUG GameApplicationServi - Initializing application scenes
11:24:17.894 [FXGL Background Thread 1 ] DEBUG GameWorld            - Game world initialized
11:24:17.960 [FXGL Background Thread 1 ] DEBUG PhysicsWorld         - Physics world initialized: appHeight=1080, physics.ppm=50.0
11:24:17.961 [FXGL Background Thread 1 ] DEBUG PhysicsWorld         - Using strategy: BRUTE_FORCE
11:24:17.965 [FXGL Background Thread 1 ] DEBUG GameScene            - Game scene initialized: 1920x1080
11:24:17.967 [FXGL Background Thread 1 ] DEBUG FXGLAssetLoaderServi - Loading from file system: file:/C:/Users/narro/git/CS4900G2Proj2/Dawnseeker/target/classes/assets/music/shop.mp3
11:24:18.094 [FXGL Background Thread 1 ] DEBUG AudioPlayer          - Playing music com.almasb.fxgl.audio.Music@32ed44b2
11:24:18.107 [FXGL Background Thread 1 ] DEBUG FXGLAssetLoaderServi - Loading from file system: file:/C:/Users/narro/git/CS4900G2Proj2/Dawnseeker/target/classes/assets/textures/bg2.png
11:24:18.165 [FXGL Background Thread 1 ] DEBUG FXGL.DefaultMenu     - createMenuBodyGameMenu()
11:24:18.176 [FXGL Background Thread 1 ] DEBUG FXGL.DefaultMenu     - createOptionsMenu()
11:24:18.181 [FXGL Background Thread 1 ] DEBUG FXGLAssetLoaderServi - Loading from file system: jar:file:/C:/Users/narro/.m2/repository/com/github/almasb/fxgl/17.2/fxgl-17.2.jar!/fxglassets/textures/particles/smoke.png
11:24:18.259 [FXGL Background Thread 1 ] DEBUG FXGLAssetLoaderServi - Loading from file system: jar:file:/C:/Users/narro/.m2/repository/com/github/almasb/fxgl/17.2/fxgl-17.2.jar!/fxglassets/textures/particles/trace_horizontal.png
11:24:18.276 [FXGL Background Thread 1 ] DEBUG GameApplicationServi - Application scenes initialized
11:24:18.290 [FXGL Background Thread 1 ] DEBUG SystemBundleService  - Loading FXGL system data
11:24:18.293 [FXGL Background Thread 1 ] DEBUG FileSystemAccess     - Reading from: C:\Users\narro\git\CS4900G2Proj2\Dawnseeker\system\fxgl.bundle
11:24:18.301 [FXGL Background Thread 1 ] DEBUG SystemBundleService  - Bundle FXGL: {}
11:24:18.301 [FXGL Background Thread 1 ] DEBUG UpdaterService       - Checking for updates
11:24:18.305 [FXGL Background Thread 4 ] DEBUG FXGLApplication      - Loading fonts
11:24:18.305 [FXGL Background Thread 4 ] DEBUG FXGLAssetLoaderServi - Loading from file system: jar:file:/C:/Users/narro/.m2/repository/com/github/almasb/fxgl/17.2/fxgl-17.2.jar!/fxglassets/ui/fonts/VarelaRound-Regular.ttf
11:24:18.305 [FXGL Background Thread 1 ] DEBUG FXGLApplication      - Loading default localization
11:24:18.306 [FXGL Background Thread 1 ] DEBUG FXGLAssetLoaderServi - Loading from file system: jar:file:/C:/Users/narro/.m2/repository/com/github/almasb/fxgl/17.2/fxgl-17.2.jar!/fxglassets/languages/english.lang
11:24:18.329 [FXGL Background Thread 1 ] INFO  FXGLApplication      - FXGL initialization took: 0.605 sec
11:24:18.336 [JavaFX Application Thread] DEBUG Input                - Registered new binding: action0 - LMB
11:24:18.343 [JavaFX Application Thread] DEBUG Input                - Registered new binding: Up - W
11:24:18.343 [JavaFX Application Thread] DEBUG Input                - Registered new binding: Down - S
11:24:18.343 [JavaFX Application Thread] DEBUG Input                - Registered new binding: Right - D
11:24:18.343 [JavaFX Application Thread] DEBUG Input                - Registered new binding: Left - A
11:24:18.344 [JavaFX Application Thread] DEBUG FXGLAssetLoaderServi - Loading from file system: jar:file:/C:/Users/narro/.m2/repository/com/github/almasb/fxgl/17.2/fxgl-17.2.jar!/fxglassets/textures/fxgl_icon.png
11:24:18.361 [JavaFX Application Thread] DEBUG FXGLAssetLoaderServi - Loading from file system: jar:file:/C:/Users/narro/.m2/repository/com/github/almasb/fxgl/17.2/fxgl-17.2.jar!/fxglassets/textures/fxgl_default_cursor.png
11:24:18.363 [JavaFX Application Thread] DEBUG Input                - Registered new binding: Screenshot - CTRL+8
11:24:18.364 [JavaFX Application Thread] DEBUG Input                - Registered new binding: System info dump - CTRL+9
11:24:18.364 [JavaFX Application Thread] DEBUG Input                - Registered new binding: Restart - CTRL+R
11:24:18.365 [JavaFX Application Thread] DEBUG Input                - Registered new binding: Toggle Debug Camera - CTRL+7
11:24:18.368 [JavaFX Application Thread] DEBUG LoopRunner           - Starting loop
11:24:18.368 [JavaFX Application Thread] DEBUG LoopRunner           - Initializing JavaFX AnimationTimerLoop
11:24:18.372 [JavaFX Application Thread] DEBUG Input                - Clearing active input actions
11:24:18.381 [FXGL Background Thread 4 ] DEBUG FXGLAssetLoaderServi - Loading from file system: jar:file:/C:/Users/narro/.m2/repository/com/github/almasb/fxgl/17.2/fxgl-17.2.jar!/fxglassets/ui/fonts/Abel-Regular.ttf
11:24:18.383 [JavaFX Application Thread] DEBUG GameApplicationServi - Removing overlay from FXGLStartupScene and adding to FXGLMainMenuDummyScene
11:24:18.384 [JavaFX Application Thread] DEBUG PrimaryStageWindow   - FXGLStartupScene -> FXGLMainMenuDummyScene
11:24:18.384 [JavaFX Application Thread] DEBUG PrimaryStageWindow   - Push state: DawnseekerMenu
11:24:18.384 [JavaFX Application Thread] DEBUG Input                - Clearing active input actions
11:24:18.389 [JavaFX Application Thread] DEBUG GameApplicationServi - Removing overlay from FXGLMainMenuDummyScene and adding to DawnseekerMenu
11:24:18.389 [JavaFX Application Thread] DEBUG PrimaryStageWindow   - FXGLMainMenuDummyScene -> DawnseekerMenu
11:24:18.391 [FXGL Background Thread 4 ] DEBUG FXGLAssetLoaderServi - Loading from file system: jar:file:/C:/Users/narro/.m2/repository/com/github/almasb/fxgl/17.2/fxgl-17.2.jar!/fxglassets/ui/fonts/TerminalLandMono-Regular.otf
11:24:18.400 [FXGL Background Thread 4 ] DEBUG FXGLAssetLoaderServi - Loading from file system: jar:file:/C:/Users/narro/.m2/repository/com/github/almasb/fxgl/17.2/fxgl-17.2.jar!/fxglassets/ui/fonts/Courier-Prime.ttf
11:24:18.419 [JavaFX Application Thread] DEBUG FXGLApplication      - Registering font factories with UI factory
11:24:18.731 [FXGL Background Thread 2 ] INFO  UpdaterService       - Your current version:  17.2
11:24:18.732 [FXGL Background Thread 2 ] INFO  UpdaterService       - Latest stable version: 17.3
11:24:19.533 [JavaFX Application Thread] DEBUG Menu                 - fireNewGame()
11:24:19.533 [JavaFX Application Thread] DEBUG GameApplicationServi - Starting new game
11:24:19.533 [JavaFX Application Thread] DEBUG PrimaryStageWindow   - Pop state: DawnseekerMenu
11:24:19.533 [JavaFX Application Thread] DEBUG Input                - Clearing active input actions
11:24:19.533 [JavaFX Application Thread] DEBUG GameApplicationServi - Removing overlay from DawnseekerMenu and adding to FXGLMainMenuDummyScene
11:24:19.534 [JavaFX Application Thread] DEBUG PrimaryStageWindow   - FXGLMainMenuDummyScene <- DawnseekerMenu
11:24:19.534 [JavaFX Application Thread] DEBUG Input                - Clearing active input actions
11:24:19.539 [JavaFX Application Thread] DEBUG GameApplicationServi - Removing overlay from FXGLMainMenuDummyScene and adding to FXGLLoadingScene
11:24:19.539 [JavaFX Application Thread] DEBUG PrimaryStageWindow   - FXGLMainMenuDummyScene -> FXGLLoadingScene
11:24:19.539 [JavaFX Application Thread] DEBUG GameApplicationServi - Clearing previous game
11:24:19.539 [JavaFX Application Thread] DEBUG GameScene            - Clearing game scene
11:24:19.539 [JavaFX Application Thread] DEBUG GameWorld            - Clearing game world
11:24:19.539 [JavaFX Application Thread] DEBUG PhysicsWorld         - Clearing physics world
11:24:19.541 [JavaFX Application Thread] DEBUG AudioPlayer          - Stopping music com.almasb.fxgl.audio.Music@32ed44b2
11:24:19.546 [FXGL Background Thread 2 ] DEBUG FXGLAssetLoaderServi - Loading from file system: file:/C:/Users/narro/git/CS4900G2Proj2/Dawnseeker/target/classes/assets/music/heartache.mp3
11:24:19.549 [FXGL Background Thread 2 ] DEBUG AudioPlayer          - Playing music com.almasb.fxgl.audio.Music@4a7efd3e
11:24:19.563 [FXGL Background Thread 2 ] DEBUG FXGLAssetLoaderServi - Loading from file system: file:/C:/Users/narro/git/CS4900G2Proj2/Dawnseeker/target/classes/assets/textures/DawnseekerPCV2.png
11:24:19.565 [FXGL Background Thread 2 ] DEBUG FXGLAssetLoaderServi - Loading from file system: file:/C:/Users/narro/git/CS4900G2Proj2/Dawnseeker/target/classes/assets/textures/DawnseekerPCV2Down.png
11:24:19.566 [FXGL Background Thread 2 ] DEBUG FXGLAssetLoaderServi - Loading from file system: file:/C:/Users/narro/git/CS4900G2Proj2/Dawnseeker/target/classes/assets/textures/DawnseekerPCV2Up.png
11:24:19.567 [FXGL Background Thread 2 ] DEBUG FXGLAssetLoaderServi - Loading from file system: file:/C:/Users/narro/git/CS4900G2Proj2/Dawnseeker/target/classes/assets/textures/DawnseekerPCV2Right.png
11:24:19.568 [FXGL Background Thread 2 ] DEBUG FXGLAssetLoaderServi - Loading from file system: file:/C:/Users/narro/git/CS4900G2Proj2/Dawnseeker/target/classes/assets/textures/DawnseekerPCV2Left.png
11:24:19.583 [FXGL Background Thread 2 ] DEBUG FXGLAssetLoaderServi - Loading from file system: file:/C:/Users/narro/git/CS4900G2Proj2/Dawnseeker/target/classes/assets/textures/background.png
11:24:19.616 [FXGL Background Thread 2 ] WARN  GameWorld            - Entity is already attached to world
11:24:19.618 [FXGL Background Thread 2 ] DEBUG FXGLAssetLoaderServi - Loading from file system: file:/C:/Users/narro/git/CS4900G2Proj2/Dawnseeker/target/classes/assets/textures/Rock1.png
11:24:19.621 [FXGL Background Thread 2 ] WARN  Entity               - Entity already has component: com.almasb.fxgl.entity.components.CollidableComponent
11:24:19.622 [FXGL Background Thread 2 ] WARN  GameWorld            - Entity is already attached to world
11:24:19.623 [FXGL Background Thread 2 ] DEBUG FXGLAssetLoaderServi - Loading from file system: file:/C:/Users/narro/git/CS4900G2Proj2/Dawnseeker/target/classes/assets/textures/Rock2.png
11:24:19.624 [FXGL Background Thread 2 ] WARN  Entity               - Entity already has component: com.almasb.fxgl.entity.components.CollidableComponent
11:24:19.624 [FXGL Background Thread 2 ] WARN  GameWorld            - Entity is already attached to world
11:24:19.626 [FXGL Background Thread 2 ] DEBUG FXGLAssetLoaderServi - Loading from file system: file:/C:/Users/narro/git/CS4900G2Proj2/Dawnseeker/target/classes/assets/textures/BigRock1.png
11:24:19.627 [FXGL Background Thread 2 ] WARN  Entity               - Entity already has component: com.almasb.fxgl.entity.components.CollidableComponent
11:24:19.628 [FXGL Background Thread 2 ] WARN  GameWorld            - Entity is already attached to world
11:24:19.630 [FXGL Background Thread 2 ] DEBUG FXGLAssetLoaderServi - Loading from file system: file:/C:/Users/narro/git/CS4900G2Proj2/Dawnseeker/target/classes/assets/textures/AnimShop.png
11:24:19.631 [FXGL Background Thread 2 ] WARN  GameWorld            - Entity is already attached to world
11:24:19.659 [FXGL Background Thread 2 ] INFO  FXGLApplication      - Game initialization took: 0.119 sec
11:24:19.667 [JavaFX Application Thread] DEBUG Input                - Clearing active input actions
11:24:19.680 [JavaFX Application Thread] DEBUG GameApplicationServi - Removing overlay from FXGLLoadingScene and adding to GameScene
11:24:19.680 [JavaFX Application Thread] DEBUG PrimaryStageWindow   - FXGLLoadingScene -> GameScene
11:24:20.661 [JavaFX Application Thread] DEBUG FXGLAssetLoaderServi - Loading from file system: file:/C:/Users/narro/git/CS4900G2Proj2/Dawnseeker/target/classes/assets/textures/Skull.gif
11:24:20.666 [JavaFX Application Thread] DEBUG FXGLAssetLoaderServi - Loading from file system: file:/C:/Users/narro/git/CS4900G2Proj2/Dawnseeker/target/classes/assets/textures/Ghost.gif
11:24:21.304 [FXGL Background Thread 3 ] DEBUG Engine               - Logging environment variables
11:24:21.305 [FXGL Background Thread 3 ] DEBUG Engine               - achievements: []
11:24:21.305 [FXGL Background Thread 3 ] DEBUG Engine               - actualHeight: 823.0
11:24:21.305 [FXGL Background Thread 3 ] DEBUG Engine               - actualHeightProperty: ReadOnlyDoubleProperty [value: 823.0]
11:24:21.306 [FXGL Background Thread 3 ] DEBUG Engine               - actualWidth: 1439.0
11:24:21.306 [FXGL Background Thread 3 ] DEBUG Engine               - actualWidthProperty: ReadOnlyDoubleProperty [value: 1439.0]
11:24:21.306 [FXGL Background Thread 3 ] DEBUG Engine               - appIcon: fxgl_icon.png
11:24:21.306 [FXGL Background Thread 3 ] DEBUG Engine               - applicationMode: DEVELOPER
11:24:21.306 [FXGL Background Thread 3 ] DEBUG Engine               - cSSList: [fxgl_dark.css]
11:24:21.306 [FXGL Background Thread 3 ] DEBUG Engine               - collisionDetectionStrategy: BRUTE_FORCE
11:24:21.306 [FXGL Background Thread 3 ] DEBUG Engine               - configClass: Optional.empty
11:24:21.306 [FXGL Background Thread 3 ] DEBUG Engine               - credits: []
11:24:21.307 [FXGL Background Thread 3 ] DEBUG Engine               - defaultCursor: CursorInfo(imageName=fxgl_default_cursor.png, hotspotX=7.0, hotspotY=6.0)
11:24:21.308 [FXGL Background Thread 3 ] DEBUG Engine               - devBBoxColorProperty: ObjectProperty [value: 0xff0000ff]
11:24:21.308 [FXGL Background Thread 3 ] DEBUG Engine               - devEnableDebugCameraProperty: BooleanProperty [value: false]
11:24:21.308 [FXGL Background Thread 3 ] DEBUG Engine               - devSensorColorProperty: ObjectProperty [value: 0xffff00ff]
11:24:21.308 [FXGL Background Thread 3 ] DEBUG Engine               - devShowBBoxProperty: BooleanProperty [value: false]
11:24:21.308 [FXGL Background Thread 3 ] DEBUG Engine               - devShowPositionProperty: BooleanProperty [value: false]
11:24:21.308 [FXGL Background Thread 3 ] DEBUG Engine               - enabledMenuItems: []
11:24:21.308 [FXGL Background Thread 3 ] DEBUG Engine               - engineServices: [class com.almasb.fxgl.app.services.FXGLAssetLoaderService, class com.almasb.fxgl.app.FXGLApplication$GameApplicationService, class com.almasb.fxgl.app.services.FXGLDialogService, class com.almasb.fxgl.app.services.IOTaskExecutorService, class com.almasb.fxgl.io.FileSystemService, class com.almasb.fxgl.localization.LocalizationService, class com.almasb.fxgl.app.services.SystemBundleService, class com.almasb.fxgl.profile.SaveLoadService, class com.almasb.fxgl.ui.FXGLUIFactoryServiceProvider, class com.almasb.fxgl.ui.FXGLDialogFactoryServiceProvider, class com.almasb.fxgl.audio.AudioPlayer, class com.almasb.fxgl.notification.impl.NotificationServiceProvider, class com.almasb.fxgl.achievement.AchievementService, class com.almasb.fxgl.cutscene.CutsceneService, class com.almasb.fxgl.minigames.MiniGameService, class com.almasb.fxgl.net.NetService, class com.almasb.fxgl.app.services.UpdaterService, class com.almasb.fxgl.dev.DevService]
11:24:21.308 [FXGL Background Thread 3 ] DEBUG Engine               - fontGame: Abel-Regular.ttf
11:24:21.308 [FXGL Background Thread 3 ] DEBUG Engine               - fontMono: TerminalLandMono-Regular.otf
11:24:21.308 [FXGL Background Thread 3 ] DEBUG Engine               - fontText: Courier-Prime.ttf
11:24:21.308 [FXGL Background Thread 3 ] DEBUG Engine               - fontUI: VarelaRound-Regular.ttf
11:24:21.308 [FXGL Background Thread 3 ] DEBUG Engine               - fullScreen: BooleanProperty [value: false]
11:24:21.308 [FXGL Background Thread 3 ] DEBUG Engine               - gameDifficulty: MEDIUM
11:24:21.308 [FXGL Background Thread 3 ] DEBUG Engine               - gameDifficultyProperty: ObjectProperty [value: MEDIUM]
11:24:21.309 [FXGL Background Thread 3 ] DEBUG Engine               - globalMusicVolume: 0.5
11:24:21.309 [FXGL Background Thread 3 ] DEBUG Engine               - globalMusicVolumeProperty: DoubleProperty [value: 0.5]
11:24:21.309 [FXGL Background Thread 3 ] DEBUG Engine               - globalSoundVolume: 0.5
11:24:21.309 [FXGL Background Thread 3 ] DEBUG Engine               - globalSoundVolumeProperty: DoubleProperty [value: 0.5]
11:24:21.309 [FXGL Background Thread 3 ] DEBUG Engine               - height: 1080
11:24:21.309 [FXGL Background Thread 3 ] DEBUG Engine               - is3D: false
11:24:21.309 [FXGL Background Thread 3 ] DEBUG Engine               - isAndroid: false
11:24:21.309 [FXGL Background Thread 3 ] DEBUG Engine               - isBrowser: false
11:24:21.309 [FXGL Background Thread 3 ] DEBUG Engine               - isClickFeedbackEnabled: false
11:24:21.309 [FXGL Background Thread 3 ] DEBUG Engine               - isCloseConfirmation: false
11:24:21.309 [FXGL Background Thread 3 ] DEBUG Engine               - isDesktop: true
11:24:21.309 [FXGL Background Thread 3 ] DEBUG Engine               - isDeveloperMenuEnabled: false
11:24:21.309 [FXGL Background Thread 3 ] DEBUG Engine               - isEmbedded: false
11:24:21.309 [FXGL Background Thread 3 ] DEBUG Engine               - isEntityPreloadEnabled: true
11:24:21.309 [FXGL Background Thread 3 ] DEBUG Engine               - isExperimentalTiledLargeMap: false
11:24:21.309 [FXGL Background Thread 3 ] DEBUG Engine               - isFileSystemWriteAllowed: true
11:24:21.309 [FXGL Background Thread 3 ] DEBUG Engine               - isFullScreenAllowed: false
11:24:21.309 [FXGL Background Thread 3 ] DEBUG Engine               - isFullScreenFromStart: false
11:24:21.309 [FXGL Background Thread 3 ] DEBUG Engine               - isGameMenuEnabled: true
11:24:21.309 [FXGL Background Thread 3 ] DEBUG Engine               - isIOS: false
11:24:21.309 [FXGL Background Thread 3 ] DEBUG Engine               - isIntroEnabled: false
11:24:21.309 [FXGL Background Thread 3 ] DEBUG Engine               - isLinux: false
11:24:21.309 [FXGL Background Thread 3 ] DEBUG Engine               - isMac: false
11:24:21.309 [FXGL Background Thread 3 ] DEBUG Engine               - isMainMenuEnabled: true
11:24:21.309 [FXGL Background Thread 3 ] DEBUG Engine               - isManualResizeEnabled: false
11:24:21.309 [FXGL Background Thread 3 ] DEBUG Engine               - isMobile: false
11:24:21.310 [FXGL Background Thread 3 ] DEBUG Engine               - isNative: false
11:24:21.310 [FXGL Background Thread 3 ] DEBUG Engine               - isPauseMusicWhenMinimized: true
11:24:21.310 [FXGL Background Thread 3 ] DEBUG Engine               - isPreserveResizeRatio: false
11:24:21.310 [FXGL Background Thread 3 ] DEBUG Engine               - isProfilingEnabled: false
11:24:21.310 [FXGL Background Thread 3 ] DEBUG Engine               - isScaleAffectedOnResize: true
11:24:21.310 [FXGL Background Thread 3 ] DEBUG Engine               - isSingleStep: false
11:24:21.310 [FXGL Background Thread 3 ] DEBUG Engine               - isUserProfileEnabled: false
11:24:21.310 [FXGL Background Thread 3 ] DEBUG Engine               - isWindows: true
11:24:21.310 [FXGL Background Thread 3 ] DEBUG Engine               - language: ObjectProperty [value: ENGLISH]
11:24:21.310 [FXGL Background Thread 3 ] DEBUG Engine               - menuKey: ESCAPE
11:24:21.310 [FXGL Background Thread 3 ] DEBUG Engine               - mouseSensitivity: 0.2
11:24:21.310 [FXGL Background Thread 3 ] DEBUG Engine               - notificationViewClass: class com.almasb.fxgl.notification.view.XboxNotificationView
11:24:21.310 [FXGL Background Thread 3 ] DEBUG Engine               - pixelsPerMeter: 50.0
11:24:21.310 [FXGL Background Thread 3 ] DEBUG Engine               - platform: WINDOWS
11:24:21.310 [FXGL Background Thread 3 ] DEBUG Engine               - prefHeightProperty: ReadOnlyDoubleProperty [value: 1080.0]
11:24:21.310 [FXGL Background Thread 3 ] DEBUG Engine               - prefWidthProperty: ReadOnlyDoubleProperty [value: 1920.0]
11:24:21.310 [FXGL Background Thread 3 ] DEBUG Engine               - profileDir: profiles/
11:24:21.310 [FXGL Background Thread 3 ] DEBUG Engine               - profileName: StringProperty [value: DEFAULT]
11:24:21.310 [FXGL Background Thread 3 ] DEBUG Engine               - randomSeed: -1
11:24:21.311 [FXGL Background Thread 3 ] DEBUG Engine               - runtimeInfo: RuntimeInfo(platform=WINDOWS, version=17.2, build=20.08.2022 16.50)
11:24:21.311 [FXGL Background Thread 3 ] DEBUG Engine               - saveFileExt: sav
11:24:21.311 [FXGL Background Thread 3 ] DEBUG Engine               - scaledHeightProp$fxgl: DoubleProperty [bound, value: 823.0]
11:24:21.311 [FXGL Background Thread 3 ] DEBUG Engine               - scaledWidthProp$fxgl: DoubleProperty [bound, value: 1439.0]
11:24:21.311 [FXGL Background Thread 3 ] DEBUG Engine               - sceneFactory: myGame.DawnseekerApp$1@1f3626e9
11:24:21.311 [FXGL Background Thread 3 ] DEBUG Engine               - secondsIn24h: 60
11:24:21.311 [FXGL Background Thread 3 ] DEBUG Engine               - soundMenuBack: menu/back.wav
11:24:21.311 [FXGL Background Thread 3 ] DEBUG Engine               - soundMenuPress: menu/press.wav
11:24:21.311 [FXGL Background Thread 3 ] DEBUG Engine               - soundMenuSelect: menu/select.wav
11:24:21.311 [FXGL Background Thread 3 ] DEBUG Engine               - soundNotification: core/notification.wav
11:24:21.311 [FXGL Background Thread 3 ] DEBUG Engine               - stageStyle: DECORATED
11:24:21.311 [FXGL Background Thread 3 ] DEBUG Engine               - supportedLanguages: [ENGLISH, FRENCH, GERMAN, HUNGARIAN, RUSSIAN]
11:24:21.311 [FXGL Background Thread 3 ] DEBUG Engine               - ticksPerSecond: -1
11:24:21.311 [FXGL Background Thread 3 ] DEBUG Engine               - title: Dawnseeker
11:24:21.311 [FXGL Background Thread 3 ] DEBUG Engine               - urlGithub: https://github.com/AlmasB/FXGL
11:24:21.312 [FXGL Background Thread 3 ] DEBUG Engine               - urlLeaderboard: http://fxgl-top.herokuapp.com/
11:24:21.312 [FXGL Background Thread 3 ] DEBUG Engine               - urlPOM: https://raw.githubusercontent.com/AlmasB/FXGL/release/README.md
11:24:21.312 [FXGL Background Thread 3 ] DEBUG Engine               - userAppClass: class myGame.DawnseekerApp
11:24:21.312 [FXGL Background Thread 3 ] DEBUG Engine               - version: 0.5
11:24:21.312 [FXGL Background Thread 3 ] DEBUG Engine               - versionCheckDays: 7
11:24:21.312 [FXGL Background Thread 3 ] DEBUG Engine               - width: 1920
11:24:21.312 [FXGL Background Thread 3 ] DEBUG Engine               - Logging services
11:24:21.312 [FXGL Background Thread 3 ] DEBUG Engine               - class com.almasb.fxgl.app.services.FXGLAssetLoaderService
11:24:21.312 [FXGL Background Thread 3 ] DEBUG Engine               - class com.almasb.fxgl.app.FXGLApplication$GameApplicationService
11:24:21.312 [FXGL Background Thread 3 ] DEBUG Engine               - class com.almasb.fxgl.app.services.FXGLDialogService
11:24:21.312 [FXGL Background Thread 3 ] DEBUG Engine               - class com.almasb.fxgl.app.services.IOTaskExecutorService
11:24:21.312 [FXGL Background Thread 3 ] DEBUG Engine               - class com.almasb.fxgl.io.FileSystemService
11:24:21.312 [FXGL Background Thread 3 ] DEBUG Engine               - class com.almasb.fxgl.localization.LocalizationService
11:24:21.312 [FXGL Background Thread 3 ] DEBUG Engine               - class com.almasb.fxgl.app.services.SystemBundleService
11:24:21.312 [FXGL Background Thread 3 ] DEBUG Engine               - class com.almasb.fxgl.profile.SaveLoadService
11:24:21.312 [FXGL Background Thread 3 ] DEBUG Engine               - class com.almasb.fxgl.ui.FXGLUIFactoryServiceProvider
11:24:21.312 [FXGL Background Thread 3 ] DEBUG Engine               - class com.almasb.fxgl.ui.FXGLDialogFactoryServiceProvider
11:24:21.312 [FXGL Background Thread 3 ] DEBUG Engine               - class com.almasb.fxgl.audio.AudioPlayer
11:24:21.312 [FXGL Background Thread 3 ] DEBUG Engine               - class com.almasb.fxgl.notification.impl.NotificationServiceProvider
11:24:21.312 [FXGL Background Thread 3 ] DEBUG Engine               - class com.almasb.fxgl.achievement.AchievementService
11:24:21.312 [FXGL Background Thread 3 ] DEBUG Engine               - class com.almasb.fxgl.cutscene.CutsceneService
11:24:21.313 [FXGL Background Thread 3 ] DEBUG Engine               - class com.almasb.fxgl.minigames.MiniGameService
11:24:21.313 [FXGL Background Thread 3 ] DEBUG Engine               - class com.almasb.fxgl.net.NetService
11:24:21.313 [FXGL Background Thread 3 ] DEBUG Engine               - class com.almasb.fxgl.app.services.UpdaterService
11:24:21.313 [FXGL Background Thread 3 ] DEBUG Engine               - class com.almasb.fxgl.dev.DevService
11:24:23.975 [JavaFX Application Thread] DEBUG FXGLAssetLoaderServi - Loading from file system: file:/C:/Users/narro/git/CS4900G2Proj2/Dawnseeker/target/classes/assets/textures/Bonker.gif
11:24:24.227 [JavaFX Application Thread] DEBUG FXGLAssetLoaderServi - Loading from file system: file:/C:/Users/narro/git/CS4900G2Proj2/Dawnseeker/target/classes/assets/sounds/magic_missile.wav
11:24:24.233 [JavaFX Application Thread] DEBUG FXGLAssetLoaderServi - Loading from file system: file:/C:/Users/narro/git/CS4900G2Proj2/Dawnseeker/target/classes/assets/textures/Fireball.gif
11:24:24.360 [JavaFX Application Thread] WARN  GameWorld            - Attempted to remove entity which is not active
11:24:24.361 [JavaFX Application Thread] DEBUG FXGLAssetLoaderServi - Loading from file system: file:/C:/Users/narro/git/CS4900G2Proj2/Dawnseeker/target/classes/assets/textures/Coin.gif
11:24:24.362 [JavaFX Application Thread] DEBUG FXGLAssetLoaderServi - Loading from file system: file:/C:/Users/narro/git/CS4900G2Proj2/Dawnseeker/target/classes/assets/sounds/bong.wav
11:24:25.412 [JavaFX Application Thread] WARN  GameWorld            - Attempted to remove entity which is not active
11:24:25.413 [JavaFX Application Thread] DEBUG FXGLAssetLoaderServi - Loading from file system: file:/C:/Users/narro/git/CS4900G2Proj2/Dawnseeker/target/classes/assets/textures/PowerPotion.gif
11:24:25.732 [JavaFX Application Thread] WARN  GameWorld            - Attempted to remove entity which is not active
11:24:26.454 [JavaFX Application Thread] WARN  GameWorld            - Attempted to remove entity which is not active
11:24:27.109 [JavaFX Application Thread] WARN  GameWorld            - Attempted to remove entity which is not active
11:24:27.621 [JavaFX Application Thread] WARN  GameWorld            - Attempted to remove entity which is not active
11:24:29.173 [JavaFX Application Thread] WARN  GameWorld            - Attempted to remove entity which is not active
11:24:29.494 [JavaFX Application Thread] WARN  GameWorld            - Attempted to remove entity which is not active
11:24:32.196 [JavaFX Application Thread] DEBUG FXGLAssetLoaderServi - Loading from file system: file:/C:/Users/narro/git/CS4900G2Proj2/Dawnseeker/target/classes/assets/sounds/coin_pickup.wav
11:24:32.326 [JavaFX Application Thread] WARN  GameWorld            - Attempted to remove entity which is not active
11:24:32.884 [JavaFX Application Thread] WARN  GameWorld            - Attempted to remove entity which is not active
11:24:32.885 [JavaFX Application Thread] DEBUG FXGLAssetLoaderServi - Loading from file system: file:/C:/Users/narro/git/CS4900G2Proj2/Dawnseeker/target/classes/assets/textures/FIRE.gif
11:24:32.886 [JavaFX Application Thread] WARN  GameWorld            - Entity is already attached to world
11:24:32.890 [JavaFX Application Thread] DEBUG FXGLAssetLoaderServi - Loading from file system: file:/C:/Users/narro/git/CS4900G2Proj2/Dawnseeker/target/classes/assets/sounds/tom_scream.wav
11:24:33.668 [JavaFX Application Thread] WARN  GameWorld            - Attempted to remove entity which is not active
11:24:33.668 [JavaFX Application Thread] DEBUG FXGLAssetLoaderServi - Loading from file system: file:/C:/Users/narro/git/CS4900G2Proj2/Dawnseeker/target/classes/assets/sounds/metal_pipe_fall.wav
11:24:34.392 [JavaFX Application Thread] WARN  GameWorld            - Attempted to remove entity which is not active
11:24:34.564 [JavaFX Application Thread] WARN  GameWorld            - Attempted to remove entity which is not active
11:24:34.741 [JavaFX Application Thread] WARN  GameWorld            - Attempted to remove entity which is not active
11:24:34.745 [JavaFX Application Thread] DEBUG FXGLAssetLoaderServi - Loading from file system: file:/C:/Users/narro/git/CS4900G2Proj2/Dawnseeker/target/classes/assets/textures/SpeedPotion.gif
11:24:34.900 [JavaFX Application Thread] WARN  GameWorld            - Attempted to remove entity which is not active
11:24:35.062 [JavaFX Application Thread] WARN  GameWorld            - Attempted to remove entity which is not active
11:24:35.989 [JavaFX Application Thread] WARN  GameWorld            - Attempted to remove entity which is not active
11:24:36.294 [JavaFX Application Thread] WARN  GameWorld            - Attempted to remove entity which is not active
11:24:36.452 [JavaFX Application Thread] WARN  GameWorld            - Attempted to remove entity which is not active
11:24:36.647 [JavaFX Application Thread] WARN  GameWorld            - Attempted to remove entity which is not active
11:24:37.093 [JavaFX Application Thread] WARN  GameWorld            - Attempted to remove entity which is not active
11:24:38.452 [JavaFX Application Thread] WARN  GameWorld            - Attempted to remove entity which is not active
11:24:39.141 [JavaFX Application Thread] WARN  GameWorld            - Attempted to remove entity which is not active
11:24:39.684 [JavaFX Application Thread] WARN  GameWorld            - Attempted to remove entity which is not active
11:24:39.893 [JavaFX Application Thread] WARN  GameWorld            - Attempted to remove entity which is not active
11:24:41.654 [JavaFX Application Thread] DEBUG FXGLAssetLoaderServi - Loading from file system: file:/C:/Users/narro/git/CS4900G2Proj2/Dawnseeker/target/classes/assets/textures/FireBallProjectile.png
11:24:41.972 [JavaFX Application Thread] WARN  GameWorld            - Attempted to remove entity which is not active
11:24:42.004 [JavaFX Application Thread] WARN  GameWorld            - Attempted to remove entity which is not active
11:24:42.565 [JavaFX Application Thread] WARN  GameWorld            - Attempted to remove entity which is not active
11:24:42.805 [JavaFX Application Thread] WARN  GameWorld            - Attempted to remove entity which is not active
11:24:42.806 [JavaFX Application Thread] WARN  GameWorld            - Entity is already attached to world
11:24:42.949 [JavaFX Application Thread] WARN  GameWorld            - Attempted to remove entity which is not active
11:24:42.950 [JavaFX Application Thread] DEBUG FXGLAssetLoaderServi - Loading from file system: file:/C:/Users/narro/git/CS4900G2Proj2/Dawnseeker/target/classes/assets/textures/HealthPotion.gif
11:24:43.060 [JavaFX Application Thread] WARN  GameWorld            - Attempted to remove entity which is not active
11:24:43.320 [JavaFX Application Thread] WARN  GameWorld            - Attempted to remove entity which is not active
11:24:43.830 [JavaFX Application Thread] WARN  GameWorld            - Attempted to remove entity which is not active
11:24:44.068 [JavaFX Application Thread] WARN  GameWorld            - Attempted to remove entity which is not active
11:24:44.324 [JavaFX Application Thread] WARN  GameWorld            - Attempted to remove entity which is not active
11:24:44.420 [JavaFX Application Thread] WARN  GameWorld            - Attempted to remove entity which is not active
11:24:44.677 [JavaFX Application Thread] WARN  GameWorld            - Attempted to remove entity which is not active
11:24:44.694 [JavaFX Application Thread] WARN  GameWorld            - Attempted to remove entity which is not active
11:24:44.836 [JavaFX Application Thread] WARN  GameWorld            - Attempted to remove entity which is not active
11:24:47.302 [JavaFX Application Thread] DEBUG FXGLAssetLoaderServi - Loading from file system: file:/C:/Users/narro/git/CS4900G2Proj2/Dawnseeker/target/classes/assets/sounds/player_oof.wav
11:24:51.781 [JavaFX Application Thread] WARN  GameWorld            - Attempted to remove entity which is not active
11:24:52.116 [JavaFX Application Thread] WARN  GameWorld            - Attempted to remove entity which is not active
11:24:52.420 [JavaFX Application Thread] WARN  GameWorld            - Attempted to remove entity which is not active
11:24:52.470 [JavaFX Application Thread] WARN  GameWorld            - Attempted to remove entity which is not active
11:24:52.533 [JavaFX Application Thread] WARN  GameWorld            - Attempted to remove entity which is not active
11:24:52.584 [JavaFX Application Thread] DEBUG FXGLAssetLoaderServi - Loading from file system: file:/C:/Users/narro/git/CS4900G2Proj2/Dawnseeker/target/classes/assets/sounds/yoda_death.wav
11:24:52.587 [JavaFX Application Thread] DEBUG AudioPlayer          - Stopping music com.almasb.fxgl.audio.Music@32ed44b2
11:24:52.587 [JavaFX Application Thread] DEBUG AudioPlayer          - Stopping music com.almasb.fxgl.audio.Music@4a7efd3e
11:24:52.627 [JavaFX Application Thread] DEBUG Input                - Clearing active input actions
11:24:52.633 [JavaFX Application Thread] DEBUG GameApplicationServi - Removing overlay from GameScene and adding to FXGLMainMenuDummyScene
11:24:52.633 [JavaFX Application Thread] DEBUG PrimaryStageWindow   - GameScene -> FXGLMainMenuDummyScene
11:24:52.633 [JavaFX Application Thread] DEBUG PrimaryStageWindow   - Push state: DawnseekerMenu
11:24:52.633 [JavaFX Application Thread] DEBUG Input                - Clearing active input actions
11:24:52.633 [JavaFX Application Thread] DEBUG GameApplicationServi - Removing overlay from FXGLMainMenuDummyScene and adding to DawnseekerMenu
11:24:52.633 [JavaFX Application Thread] DEBUG PrimaryStageWindow   - FXGLMainMenuDummyScene -> DawnseekerMenu
11:24:52.633 [JavaFX Application Thread] DEBUG AudioPlayer          - Playing music com.almasb.fxgl.audio.Music@32ed44b2
11:24:54.118 [JavaFX Application Thread] DEBUG Menu                 - fireNewGame()
11:24:54.118 [JavaFX Application Thread] DEBUG GameApplicationServi - Starting new game
11:24:54.118 [JavaFX Application Thread] DEBUG PrimaryStageWindow   - Pop state: DawnseekerMenu
11:24:54.118 [JavaFX Application Thread] DEBUG Input                - Clearing active input actions
11:24:54.119 [JavaFX Application Thread] DEBUG GameApplicationServi - Removing overlay from DawnseekerMenu and adding to FXGLMainMenuDummyScene
11:24:54.119 [JavaFX Application Thread] DEBUG PrimaryStageWindow   - FXGLMainMenuDummyScene <- DawnseekerMenu
11:24:54.119 [JavaFX Application Thread] DEBUG Input                - Clearing active input actions
11:24:54.121 [JavaFX Application Thread] DEBUG GameApplicationServi - Removing overlay from FXGLMainMenuDummyScene and adding to FXGLLoadingScene
11:24:54.122 [JavaFX Application Thread] DEBUG PrimaryStageWindow   - FXGLMainMenuDummyScene -> FXGLLoadingScene
11:24:54.122 [JavaFX Application Thread] DEBUG GameApplicationServi - Clearing previous game
11:24:54.122 [JavaFX Application Thread] DEBUG GameScene            - Clearing game scene
11:24:54.122 [JavaFX Application Thread] DEBUG GameWorld            - Clearing game world
11:24:54.123 [JavaFX Application Thread] DEBUG PhysicsWorld         - Clearing physics world
11:24:54.124 [JavaFX Application Thread] DEBUG AudioPlayer          - Stopping music com.almasb.fxgl.audio.Music@32ed44b2
11:24:54.124 [FXGL Background Thread 2 ] DEBUG FXGLApplication      - Initializing game
11:24:54.124 [JavaFX Application Thread] DEBUG AudioPlayer          - Stopping music com.almasb.fxgl.audio.Music@4a7efd3e
11:24:54.125 [FXGL Background Thread 2 ] DEBUG AudioPlayer          - Playing music com.almasb.fxgl.audio.Music@4a7efd3e
11:24:54.126 [FXGL Background Thread 2 ] WARN  GameWorld            - Entity is already attached to world
11:24:54.126 [FXGL Background Thread 2 ] WARN  Entity               - Entity already has component: com.almasb.fxgl.entity.components.CollidableComponent
11:24:54.127 [FXGL Background Thread 2 ] WARN  GameWorld            - Entity is already attached to world
11:24:54.127 [FXGL Background Thread 2 ] WARN  Entity               - Entity already has component: com.almasb.fxgl.entity.components.CollidableComponent
11:24:54.127 [FXGL Background Thread 2 ] WARN  GameWorld            - Entity is already attached to world
11:24:54.128 [FXGL Background Thread 2 ] WARN  Entity               - Entity already has component: com.almasb.fxgl.entity.components.CollidableComponent
11:24:54.128 [FXGL Background Thread 2 ] WARN  GameWorld            - Entity is already attached to world
11:24:54.128 [FXGL Background Thread 2 ] WARN  GameWorld            - Entity is already attached to world
11:24:54.129 [FXGL Background Thread 2 ] INFO  FXGLApplication      - Game initialization took: 0.005 sec
11:24:54.130 [JavaFX Application Thread] DEBUG Input                - Clearing active input actions
11:24:54.132 [JavaFX Application Thread] DEBUG GameApplicationServi - Removing overlay from FXGLLoadingScene and adding to GameScene
11:24:54.133 [JavaFX Application Thread] DEBUG PrimaryStageWindow   - FXGLLoadingScene -> GameScene
11:24:55.028 [JavaFX Application Thread] DEBUG FXGLAssetLoaderServi - Loading from file system: file:/C:/Users/narro/git/CS4900G2Proj2/Dawnseeker/target/classes/assets/sounds/store_jingle.wav
11:24:55.037 [JavaFX Application Thread] DEBUG PrimaryStageWindow   - Push state: ShopTest
11:24:55.037 [JavaFX Application Thread] DEBUG Input                - Clearing active input actions
11:24:55.037 [JavaFX Application Thread] DEBUG GameApplicationServi - Removing overlay from GameScene and adding to ShopTest
11:24:55.037 [JavaFX Application Thread] DEBUG PrimaryStageWindow   - GameScene -> ShopTest
11:24:55.037 [JavaFX Application Thread] DEBUG Input                - Registered new binding: Close Shop - F
11:24:56.787 [JavaFX Application Thread] DEBUG PrimaryStageWindow   - Pop state: ShopTest
11:24:56.787 [JavaFX Application Thread] DEBUG Input                - Clearing active input actions
11:24:56.787 [JavaFX Application Thread] DEBUG GameApplicationServi - Removing overlay from ShopTest and adding to GameScene
11:24:56.787 [JavaFX Application Thread] DEBUG PrimaryStageWindow   - GameScene <- ShopTest
11:25:00.021 [JavaFX Application Thread] WARN  GameWorld            - Attempted to remove entity which is not active
11:25:00.564 [JavaFX Application Thread] WARN  GameWorld            - Attempted to remove entity which is not active
11:25:00.725 [JavaFX Application Thread] WARN  GameWorld            - Attempted to remove entity which is not active
11:25:05.348 [JavaFX Application Thread] DEBUG PrimaryStageWindow   - Push state: ShopTest
11:25:05.348 [JavaFX Application Thread] DEBUG Input                - Clearing active input actions
11:25:05.348 [JavaFX Application Thread] DEBUG GameApplicationServi - Removing overlay from GameScene and adding to ShopTest
11:25:05.349 [JavaFX Application Thread] DEBUG PrimaryStageWindow   - GameScene -> ShopTest
11:25:05.349 [JavaFX Application Thread] DEBUG Input                - Registered new binding: Close Shop - F
11:25:07.008 [JavaFX Application Thread] DEBUG FXGLAssetLoaderServi - Loading from file system: file:/C:/Users/narro/git/CS4900G2Proj2/Dawnseeker/target/classes/assets/sounds/boom.wav
11:25:07.653 [JavaFX Application Thread] DEBUG PrimaryStageWindow   - Pop state: ShopTest
11:25:07.653 [JavaFX Application Thread] DEBUG Input                - Clearing active input actions
11:25:07.654 [JavaFX Application Thread] DEBUG GameApplicationServi - Removing overlay from ShopTest and adding to GameScene
11:25:07.654 [JavaFX Application Thread] DEBUG PrimaryStageWindow   - GameScene <- ShopTest
11:25:10.692 [JavaFX Application Thread] WARN  GameWorld            - Attempted to remove entity which is not active
11:25:10.996 [JavaFX Application Thread] WARN  GameWorld            - Attempted to remove entity which is not active
11:25:13.317 [JavaFX Application Thread] WARN  GameWorld            - Attempted to remove entity which is not active
11:25:13.797 [JavaFX Application Thread] WARN  GameWorld            - Attempted to remove entity which is not active
11:25:14.421 [JavaFX Application Thread] WARN  GameWorld            - Attempted to remove entity which is not active
11:25:14.964 [JavaFX Application Thread] WARN  GameWorld            - Attempted to remove entity which is not active
11:25:15.446 [JavaFX Application Thread] WARN  GameWorld            - Attempted to remove entity which is not active
11:25:15.447 [JavaFX Application Thread] WARN  GameWorld            - Entity is already attached to world
11:25:17.124 [JavaFX Application Thread] WARN  GameWorld            - Attempted to remove entity which is not active
11:25:17.541 [JavaFX Application Thread] WARN  GameWorld            - Attempted to remove entity which is not active
11:25:18.084 [JavaFX Application Thread] WARN  GameWorld            - Attempted to remove entity which is not active
11:25:18.598 [JavaFX Application Thread] WARN  GameWorld            - Attempted to remove entity which is not active
11:25:19.477 [JavaFX Application Thread] WARN  GameWorld            - Attempted to remove entity which is not active
11:25:19.684 [JavaFX Application Thread] WARN  GameWorld            - Attempted to remove entity which is not active
11:25:20.084 [JavaFX Application Thread] WARN  GameWorld            - Attempted to remove entity which is not active
11:25:20.532 [JavaFX Application Thread] WARN  GameWorld            - Attempted to remove entity which is not active
11:25:21.029 [JavaFX Application Thread] WARN  GameWorld            - Attempted to remove entity which is not active
11:25:21.188 [JavaFX Application Thread] WARN  GameWorld            - Attempted to remove entity which is not active
11:25:21.380 [JavaFX Application Thread] WARN  GameWorld            - Attempted to remove entity which is not active
11:25:21.460 [JavaFX Application Thread] WARN  GameWorld            - Attempted to remove entity which is not active
11:25:21.972 [JavaFX Application Thread] WARN  GameWorld            - Attempted to remove entity which is not active
11:25:22.068 [JavaFX Application Thread] WARN  GameWorld            - Attempted to remove entity which is not active
11:25:22.310 [JavaFX Application Thread] WARN  GameWorld            - Attempted to remove entity which is not active
11:25:22.404 [JavaFX Application Thread] WARN  GameWorld            - Attempted to remove entity which is not active
11:25:22.677 [JavaFX Application Thread] WARN  GameWorld            - Attempted to remove entity which is not active
11:25:23.028 [JavaFX Application Thread] WARN  GameWorld            - Attempted to remove entity which is not active
11:25:25.412 [JavaFX Application Thread] WARN  GameWorld            - Attempted to remove entity which is not active
11:25:25.556 [JavaFX Application Thread] WARN  GameWorld            - Attempted to remove entity which is not active
11:25:25.816 [JavaFX Application Thread] WARN  GameWorld            - Attempted to remove entity which is not active
11:25:25.861 [JavaFX Application Thread] WARN  GameWorld            - Attempted to remove entity which is not active
11:25:26.180 [JavaFX Application Thread] WARN  GameWorld            - Attempted to remove entity which is not active
11:25:26.277 [JavaFX Application Thread] WARN  GameWorld            - Attempted to remove entity which is not active
11:25:26.372 [JavaFX Application Thread] WARN  GameWorld            - Attempted to remove entity which is not active
11:25:27.988 [JavaFX Application Thread] WARN  GameWorld            - Attempted to remove entity which is not active
11:25:28.214 [JavaFX Application Thread] WARN  GameWorld            - Attempted to remove entity which is not active
11:25:28.484 [JavaFX Application Thread] WARN  GameWorld            - Attempted to remove entity which is not active
11:25:28.964 [JavaFX Application Thread] WARN  GameWorld            - Attempted to remove entity which is not active
11:25:28.984 [JavaFX Application Thread] WARN  GameWorld            - Attempted to remove entity which is not active
11:25:29.126 [JavaFX Application Thread] WARN  GameWorld            - Attempted to remove entity which is not active
11:25:29.172 [JavaFX Application Thread] WARN  GameWorld            - Attempted to remove entity which is not active
11:25:29.301 [JavaFX Application Thread] WARN  GameWorld            - Attempted to remove entity which is not active
11:25:29.397 [JavaFX Application Thread] WARN  GameWorld            - Attempted to remove entity which is not active
11:25:30.857 [JavaFX Application Thread] DEBUG AudioPlayer          - Stopping music com.almasb.fxgl.audio.Music@32ed44b2
11:25:30.857 [JavaFX Application Thread] DEBUG AudioPlayer          - Stopping music com.almasb.fxgl.audio.Music@4a7efd3e
11:25:30.858 [JavaFX Application Thread] DEBUG Input                - Clearing active input actions
11:25:30.863 [JavaFX Application Thread] DEBUG GameApplicationServi - Removing overlay from GameScene and adding to FXGLMainMenuDummyScene
11:25:30.863 [JavaFX Application Thread] DEBUG PrimaryStageWindow   - GameScene -> FXGLMainMenuDummyScene
11:25:30.863 [JavaFX Application Thread] DEBUG PrimaryStageWindow   - Push state: DawnseekerMenu
11:25:30.863 [JavaFX Application Thread] DEBUG Input                - Clearing active input actions
11:25:30.863 [JavaFX Application Thread] DEBUG GameApplicationServi - Removing overlay from FXGLMainMenuDummyScene and adding to DawnseekerMenu
11:25:30.863 [JavaFX Application Thread] DEBUG PrimaryStageWindow   - FXGLMainMenuDummyScene -> DawnseekerMenu
11:25:30.864 [JavaFX Application Thread] DEBUG AudioPlayer          - Playing music com.almasb.fxgl.audio.Music@32ed44b2
11:25:32.755 [JavaFX Application Thread] DEBUG Menu                 - fireNewGame()
11:25:32.755 [JavaFX Application Thread] DEBUG GameApplicationServi - Starting new game
11:25:32.755 [JavaFX Application Thread] DEBUG PrimaryStageWindow   - Pop state: DawnseekerMenu
11:25:32.755 [JavaFX Application Thread] DEBUG Input                - Clearing active input actions
11:25:32.756 [JavaFX Application Thread] DEBUG GameApplicationServi - Removing overlay from DawnseekerMenu and adding to FXGLMainMenuDummyScene
11:25:32.756 [JavaFX Application Thread] DEBUG PrimaryStageWindow   - FXGLMainMenuDummyScene <- DawnseekerMenu
11:25:32.756 [JavaFX Application Thread] DEBUG Input                - Clearing active input actions
11:25:32.758 [JavaFX Application Thread] DEBUG GameApplicationServi - Removing overlay from FXGLMainMenuDummyScene and adding to FXGLLoadingScene
11:25:32.758 [JavaFX Application Thread] DEBUG PrimaryStageWindow   - FXGLMainMenuDummyScene -> FXGLLoadingScene
11:25:32.758 [JavaFX Application Thread] DEBUG GameApplicationServi - Clearing previous game
11:25:32.758 [JavaFX Application Thread] DEBUG GameScene            - Clearing game scene
11:25:32.758 [JavaFX Application Thread] DEBUG GameWorld            - Clearing game world
11:25:32.758 [JavaFX Application Thread] DEBUG PhysicsWorld         - Clearing physics world
11:25:32.758 [JavaFX Application Thread] DEBUG AudioPlayer          - Stopping music com.almasb.fxgl.audio.Music@32ed44b2
11:25:32.758 [FXGL Background Thread 2 ] DEBUG FXGLApplication      - Initializing game
11:25:32.759 [JavaFX Application Thread] DEBUG AudioPlayer          - Stopping music com.almasb.fxgl.audio.Music@4a7efd3e
11:25:32.759 [FXGL Background Thread 2 ] DEBUG AudioPlayer          - Playing music com.almasb.fxgl.audio.Music@4a7efd3e
11:25:32.760 [FXGL Background Thread 2 ] WARN  GameWorld            - Entity is already attached to world
11:25:32.760 [FXGL Background Thread 2 ] WARN  Entity               - Entity already has component: com.almasb.fxgl.entity.components.CollidableComponent
11:25:32.761 [FXGL Background Thread 2 ] WARN  GameWorld            - Entity is already attached to world
11:25:32.761 [FXGL Background Thread 2 ] WARN  Entity               - Entity already has component: com.almasb.fxgl.entity.components.CollidableComponent
11:25:32.761 [FXGL Background Thread 2 ] WARN  GameWorld            - Entity is already attached to world
11:25:32.761 [FXGL Background Thread 2 ] WARN  Entity               - Entity already has component: com.almasb.fxgl.entity.components.CollidableComponent
11:25:32.761 [FXGL Background Thread 2 ] WARN  GameWorld            - Entity is already attached to world
11:25:32.762 [FXGL Background Thread 2 ] WARN  GameWorld            - Entity is already attached to world
11:25:32.763 [FXGL Background Thread 2 ] INFO  FXGLApplication      - Game initialization took: 0.005 sec
11:25:32.763 [JavaFX Application Thread] DEBUG Input                - Clearing active input actions
11:25:32.768 [JavaFX Application Thread] DEBUG GameApplicationServi - Removing overlay from FXGLLoadingScene and adding to GameScene
11:25:32.768 [JavaFX Application Thread] DEBUG PrimaryStageWindow   - FXGLLoadingScene -> GameScene
11:25:34.052 [JavaFX Application Thread] DEBUG PrimaryStageWindow   - Push state: ShopTest
11:25:34.052 [JavaFX Application Thread] DEBUG Input                - Clearing active input actions
11:25:34.053 [JavaFX Application Thread] DEBUG GameApplicationServi - Removing overlay from GameScene and adding to ShopTest
11:25:34.053 [JavaFX Application Thread] DEBUG PrimaryStageWindow   - GameScene -> ShopTest
11:25:34.053 [JavaFX Application Thread] DEBUG Input                - Registered new binding: Close Shop - F
11:25:34.344 [JavaFX Application Thread] DEBUG PrimaryStageWindow   - Pop state: ShopTest
11:25:34.344 [JavaFX Application Thread] DEBUG Input                - Clearing active input actions
11:25:34.344 [JavaFX Application Thread] DEBUG GameApplicationServi - Removing overlay from ShopTest and adding to GameScene
11:25:34.344 [JavaFX Application Thread] DEBUG PrimaryStageWindow   - GameScene <- ShopTest
11:25:38.020 [JavaFX Application Thread] WARN  GameWorld            - Attempted to remove entity which is not active
11:25:38.612 [JavaFX Application Thread] WARN  GameWorld            - Attempted to remove entity which is not active
11:25:38.740 [JavaFX Application Thread] WARN  GameWorld            - Attempted to remove entity which is not active
11:25:39.108 [JavaFX Application Thread] WARN  GameWorld            - Attempted to remove entity which is not active
11:25:39.270 [JavaFX Application Thread] WARN  GameWorld            - Attempted to remove entity which is not active
11:25:39.653 [JavaFX Application Thread] WARN  GameWorld            - Attempted to remove entity which is not active
11:25:42.837 [JavaFX Application Thread] WARN  GameWorld            - Attempted to remove entity which is not active
11:25:43.700 [JavaFX Application Thread] WARN  GameWorld            - Attempted to remove entity which is not active
11:25:44.037 [JavaFX Application Thread] WARN  GameWorld            - Attempted to remove entity which is not active
11:25:44.453 [JavaFX Application Thread] WARN  GameWorld            - Attempted to remove entity which is not active
11:25:45.380 [JavaFX Application Thread] WARN  GameWorld            - Attempted to remove entity which is not active
11:25:47.828 [JavaFX Application Thread] WARN  GameWorld            - Attempted to remove entity which is not active
11:25:48.357 [JavaFX Application Thread] WARN  GameWorld            - Attempted to remove entity which is not active
11:25:48.501 [JavaFX Application Thread] WARN  GameWorld            - Attempted to remove entity which is not active
11:25:48.932 [JavaFX Application Thread] WARN  GameWorld            - Attempted to remove entity which is not active
11:25:50.612 [JavaFX Application Thread] WARN  GameWorld            - Attempted to remove entity which is not active
11:25:51.332 [JavaFX Application Thread] WARN  GameWorld            - Attempted to remove entity which is not active
11:25:51.333 [JavaFX Application Thread] WARN  GameWorld            - Attempted to remove entity which is not active
11:25:51.364 [JavaFX Application Thread] WARN  GameWorld            - Attempted to remove entity which is not active
11:25:51.589 [JavaFX Application Thread] WARN  GameWorld            - Attempted to remove entity which is not active
11:25:51.828 [JavaFX Application Thread] WARN  GameWorld            - Attempted to remove entity which is not active
11:25:52.132 [JavaFX Application Thread] WARN  GameWorld            - Attempted to remove entity which is not active
11:25:52.916 [JavaFX Application Thread] WARN  GameWorld            - Attempted to remove entity which is not active
11:25:53.126 [JavaFX Application Thread] WARN  GameWorld            - Attempted to remove entity which is not active
11:25:54.004 [JavaFX Application Thread] WARN  GameWorld            - Attempted to remove entity which is not active
11:25:54.180 [JavaFX Application Thread] WARN  GameWorld            - Attempted to remove entity which is not active
11:25:54.180 [JavaFX Application Thread] WARN  GameWorld            - Entity is already attached to world
11:25:54.244 [JavaFX Application Thread] WARN  GameWorld            - Attempted to remove entity which is not active
11:25:54.293 [JavaFX Application Thread] WARN  GameWorld            - Attempted to remove entity which is not active
11:25:54.726 [JavaFX Application Thread] WARN  GameWorld            - Attempted to remove entity which is not active
11:25:55.076 [JavaFX Application Thread] WARN  GameWorld            - Attempted to remove entity which is not active
11:25:55.588 [JavaFX Application Thread] WARN  GameWorld            - Attempted to remove entity which is not active
11:25:55.780 [JavaFX Application Thread] WARN  GameWorld            - Attempted to remove entity which is not active
11:25:56.164 [JavaFX Application Thread] WARN  GameWorld            - Attempted to remove entity which is not active
11:25:56.326 [JavaFX Application Thread] WARN  GameWorld            - Attempted to remove entity which is not active
11:25:56.327 [JavaFX Application Thread] WARN  GameWorld            - Entity is already attached to world
11:25:56.439 [JavaFX Application Thread] WARN  GameWorld            - Attempted to remove entity which is not active
11:25:57.541 [JavaFX Application Thread] WARN  GameWorld            - Attempted to remove entity which is not active
11:25:57.828 [JavaFX Application Thread] WARN  GameWorld            - Attempted to remove entity which is not active
11:25:58.852 [JavaFX Application Thread] WARN  GameWorld            - Attempted to remove entity which is not active
11:25:59.252 [JavaFX Application Thread] WARN  GameWorld            - Attempted to remove entity which is not active
11:25:59.412 [JavaFX Application Thread] WARN  GameWorld            - Attempted to remove entity which is not active
11:25:59.413 [JavaFX Application Thread] WARN  GameWorld            - Entity is already attached to world
11:25:59.652 [JavaFX Application Thread] WARN  GameWorld            - Attempted to remove entity which is not active
11:25:59.812 [JavaFX Application Thread] WARN  GameWorld            - Attempted to remove entity which is not active
11:26:00.423 [JavaFX Application Thread] WARN  GameWorld            - Attempted to remove entity which is not active
11:26:02.884 [JavaFX Application Thread] WARN  GameWorld            - Attempted to remove entity which is not active
11:26:02.964 [JavaFX Application Thread] WARN  GameWorld            - Attempted to remove entity which is not active
11:26:03.061 [JavaFX Application Thread] WARN  GameWorld            - Attempted to remove entity which is not active
11:26:03.204 [JavaFX Application Thread] WARN  GameWorld            - Attempted to remove entity which is not active
11:26:03.252 [JavaFX Application Thread] WARN  GameWorld            - Attempted to remove entity which is not active
11:26:03.365 [JavaFX Application Thread] WARN  GameWorld            - Attempted to remove entity which is not active
11:26:03.764 [JavaFX Application Thread] WARN  GameWorld            - Attempted to remove entity which is not active
11:26:04.820 [JavaFX Application Thread] WARN  GameWorld            - Attempted to remove entity which is not active
11:26:05.237 [JavaFX Application Thread] WARN  GameWorld            - Attempted to remove entity which is not active
11:26:05.925 [JavaFX Application Thread] WARN  GameWorld            - Attempted to remove entity which is not active
11:26:06.278 [JavaFX Application Thread] WARN  GameWorld            - Attempted to remove entity which is not active
11:26:06.281 [JavaFX Application Thread] WARN  GameWorld            - Entity is already attached to world
11:26:06.742 [JavaFX Application Thread] WARN  GameWorld            - Attempted to remove entity which is not active
11:26:06.868 [JavaFX Application Thread] WARN  GameWorld            - Attempted to remove entity which is not active
11:26:07.781 [JavaFX Application Thread] WARN  GameWorld            - Attempted to remove entity which is not active
11:26:08.598 [JavaFX Application Thread] WARN  GameWorld            - Attempted to remove entity which is not active
11:26:08.820 [JavaFX Application Thread] WARN  GameWorld            - Attempted to remove entity which is not active
11:26:09.556 [JavaFX Application Thread] WARN  GameWorld            - Attempted to remove entity which is not active
11:26:09.828 [JavaFX Application Thread] WARN  GameWorld            - Attempted to remove entity which is not active
11:26:10.149 [JavaFX Application Thread] WARN  GameWorld            - Attempted to remove entity which is not active
11:26:10.277 [JavaFX Application Thread] WARN  GameWorld            - Attempted to remove entity which is not active
11:26:10.677 [JavaFX Application Thread] WARN  GameWorld            - Attempted to remove entity which is not active
11:26:10.725 [JavaFX Application Thread] WARN  GameWorld            - Attempted to remove entity which is not active
11:26:10.752 [JavaFX Application Thread] DEBUG AudioPlayer          - Stopping music com.almasb.fxgl.audio.Music@32ed44b2
11:26:10.753 [JavaFX Application Thread] DEBUG AudioPlayer          - Stopping music com.almasb.fxgl.audio.Music@4a7efd3e
11:26:10.753 [JavaFX Application Thread] DEBUG Input                - Clearing active input actions
11:26:10.761 [JavaFX Application Thread] DEBUG GameApplicationServi - Removing overlay from GameScene and adding to FXGLMainMenuDummyScene
11:26:10.761 [JavaFX Application Thread] DEBUG PrimaryStageWindow   - GameScene -> FXGLMainMenuDummyScene
11:26:10.761 [JavaFX Application Thread] DEBUG PrimaryStageWindow   - Push state: DawnseekerMenu
11:26:10.761 [JavaFX Application Thread] DEBUG Input                - Clearing active input actions
11:26:10.761 [JavaFX Application Thread] DEBUG GameApplicationServi - Removing overlay from FXGLMainMenuDummyScene and adding to DawnseekerMenu
11:26:10.761 [JavaFX Application Thread] DEBUG PrimaryStageWindow   - FXGLMainMenuDummyScene -> DawnseekerMenu
11:26:10.762 [JavaFX Application Thread] DEBUG AudioPlayer          - Playing music com.almasb.fxgl.audio.Music@32ed44b2
11:26:12.706 [JavaFX Application Thread] DEBUG Menu                 - fireNewGame()
11:26:12.706 [JavaFX Application Thread] DEBUG GameApplicationServi - Starting new game
11:26:12.706 [JavaFX Application Thread] DEBUG PrimaryStageWindow   - Pop state: DawnseekerMenu
11:26:12.706 [JavaFX Application Thread] DEBUG Input                - Clearing active input actions
11:26:12.706 [JavaFX Application Thread] DEBUG GameApplicationServi - Removing overlay from DawnseekerMenu and adding to FXGLMainMenuDummyScene
11:26:12.706 [JavaFX Application Thread] DEBUG PrimaryStageWindow   - FXGLMainMenuDummyScene <- DawnseekerMenu
11:26:12.706 [JavaFX Application Thread] DEBUG Input                - Clearing active input actions
11:26:12.709 [JavaFX Application Thread] DEBUG GameApplicationServi - Removing overlay from FXGLMainMenuDummyScene and adding to FXGLLoadingScene
11:26:12.709 [JavaFX Application Thread] DEBUG PrimaryStageWindow   - FXGLMainMenuDummyScene -> FXGLLoadingScene
11:26:12.709 [JavaFX Application Thread] DEBUG GameApplicationServi - Clearing previous game
11:26:12.709 [JavaFX Application Thread] DEBUG GameScene            - Clearing game scene
11:26:12.709 [JavaFX Application Thread] DEBUG GameWorld            - Clearing game world
11:26:12.709 [JavaFX Application Thread] DEBUG PhysicsWorld         - Clearing physics world
11:26:12.709 [JavaFX Application Thread] DEBUG AudioPlayer          - Stopping music com.almasb.fxgl.audio.Music@32ed44b2
11:26:12.709 [FXGL Background Thread 2 ] DEBUG FXGLApplication      - Initializing game
11:26:12.710 [JavaFX Application Thread] DEBUG AudioPlayer          - Stopping music com.almasb.fxgl.audio.Music@4a7efd3e
11:26:12.710 [FXGL Background Thread 2 ] DEBUG AudioPlayer          - Playing music com.almasb.fxgl.audio.Music@4a7efd3e
11:26:12.711 [FXGL Background Thread 2 ] WARN  GameWorld            - Entity is already attached to world
11:26:12.711 [FXGL Background Thread 2 ] WARN  Entity               - Entity already has component: com.almasb.fxgl.entity.components.CollidableComponent
11:26:12.711 [FXGL Background Thread 2 ] WARN  GameWorld            - Entity is already attached to world
11:26:12.712 [FXGL Background Thread 2 ] WARN  Entity               - Entity already has component: com.almasb.fxgl.entity.components.CollidableComponent
11:26:12.712 [FXGL Background Thread 2 ] WARN  GameWorld            - Entity is already attached to world
11:26:12.712 [FXGL Background Thread 2 ] WARN  Entity               - Entity already has component: com.almasb.fxgl.entity.components.CollidableComponent
11:26:12.712 [FXGL Background Thread 2 ] WARN  GameWorld            - Entity is already attached to world
11:26:12.713 [FXGL Background Thread 2 ] WARN  GameWorld            - Entity is already attached to world
11:26:12.714 [FXGL Background Thread 2 ] INFO  FXGLApplication      - Game initialization took: 0.004 sec
11:26:12.714 [JavaFX Application Thread] DEBUG Input                - Clearing active input actions
11:26:12.720 [JavaFX Application Thread] DEBUG GameApplicationServi - Removing overlay from FXGLLoadingScene and adding to GameScene
11:26:12.720 [JavaFX Application Thread] DEBUG PrimaryStageWindow   - FXGLLoadingScene -> GameScene
11:26:16.324 [JavaFX Application Thread] WARN  GameWorld            - Attempted to remove entity which is not active
11:26:16.948 [JavaFX Application Thread] WARN  GameWorld            - Attempted to remove entity which is not active
11:26:17.588 [JavaFX Application Thread] WARN  GameWorld            - Attempted to remove entity which is not active
11:26:18.564 [JavaFX Application Thread] WARN  GameWorld            - Attempted to remove entity which is not active
11:26:18.566 [JavaFX Application Thread] WARN  GameWorld            - Entity is already attached to world
11:26:20.308 [JavaFX Application Thread] WARN  GameWorld            - Attempted to remove entity which is not active
11:26:20.852 [JavaFX Application Thread] DEBUG PrimaryStageWindow   - Push state: ShopTest
11:26:20.852 [JavaFX Application Thread] DEBUG Input                - Clearing active input actions
11:26:20.853 [JavaFX Application Thread] DEBUG GameApplicationServi - Removing overlay from GameScene and adding to ShopTest
11:26:20.853 [JavaFX Application Thread] DEBUG PrimaryStageWindow   - GameScene -> ShopTest
11:26:20.853 [JavaFX Application Thread] DEBUG Input                - Registered new binding: Close Shop - F
11:26:23.180 [JavaFX Application Thread] DEBUG PrimaryStageWindow   - Pop state: ShopTest
11:26:23.180 [JavaFX Application Thread] DEBUG Input                - Clearing active input actions
11:26:23.181 [JavaFX Application Thread] DEBUG GameApplicationServi - Removing overlay from ShopTest and adding to GameScene
11:26:23.181 [JavaFX Application Thread] DEBUG PrimaryStageWindow   - GameScene <- ShopTest
11:26:24.837 [JavaFX Application Thread] WARN  GameWorld            - Attempted to remove entity which is not active
11:26:24.981 [JavaFX Application Thread] WARN  GameWorld            - Attempted to remove entity which is not active
11:26:25.204 [JavaFX Application Thread] WARN  GameWorld            - Attempted to remove entity which is not active
11:26:26.037 [JavaFX Application Thread] WARN  GameWorld            - Attempted to remove entity which is not active
11:26:26.405 [JavaFX Application Thread] WARN  GameWorld            - Attempted to remove entity which is not active
11:26:26.596 [JavaFX Application Thread] WARN  GameWorld            - Attempted to remove entity which is not active
11:26:29.348 [JavaFX Application Thread] WARN  GameWorld            - Attempted to remove entity which is not active
11:26:29.908 [JavaFX Application Thread] WARN  GameWorld            - Attempted to remove entity which is not active
11:26:30.117 [JavaFX Application Thread] WARN  GameWorld            - Attempted to remove entity which is not active
11:26:30.724 [JavaFX Application Thread] WARN  GameWorld            - Attempted to remove entity which is not active
11:26:30.969 [JavaFX Application Thread] WARN  GameWorld            - Attempted to remove entity which is not active
11:26:31.268 [JavaFX Application Thread] WARN  GameWorld            - Attempted to remove entity which is not active
11:26:31.621 [JavaFX Application Thread] WARN  GameWorld            - Attempted to remove entity which is not active
11:26:31.780 [JavaFX Application Thread] WARN  GameWorld            - Attempted to remove entity which is not active
11:26:33.973 [JavaFX Application Thread] WARN  GameWorld            - Attempted to remove entity which is not active
11:26:34.260 [JavaFX Application Thread] WARN  GameWorld            - Attempted to remove entity which is not active
11:26:34.692 [JavaFX Application Thread] WARN  GameWorld            - Attempted to remove entity which is not active
11:26:35.428 [JavaFX Application Thread] WARN  GameWorld            - Attempted to remove entity which is not active
11:26:35.428 [JavaFX Application Thread] WARN  GameWorld            - Entity is already attached to world
11:26:38.612 [JavaFX Application Thread] WARN  GameWorld            - Attempted to remove entity which is not active
11:26:38.821 [JavaFX Application Thread] WARN  GameWorld            - Attempted to remove entity which is not active
11:26:38.997 [JavaFX Application Thread] WARN  GameWorld            - Attempted to remove entity which is not active
11:26:39.140 [JavaFX Application Thread] WARN  GameWorld            - Attempted to remove entity which is not active
11:26:39.556 [JavaFX Application Thread] WARN  GameWorld            - Attempted to remove entity which is not active
11:26:41.240 [JavaFX Application Thread] WARN  GameWorld            - Attempted to remove entity which is not active
11:26:42.644 [JavaFX Application Thread] WARN  GameWorld            - Attempted to remove entity which is not active
11:26:42.884 [JavaFX Application Thread] WARN  GameWorld            - Attempted to remove entity which is not active
11:26:42.884 [JavaFX Application Thread] WARN  GameWorld            - Entity is already attached to world
11:26:43.301 [JavaFX Application Thread] DEBUG PrimaryStageWindow   - Push state: ShopTest
11:26:43.301 [JavaFX Application Thread] DEBUG Input                - Clearing active input actions
11:26:43.301 [JavaFX Application Thread] DEBUG GameApplicationServi - Removing overlay from GameScene and adding to ShopTest
11:26:43.301 [JavaFX Application Thread] DEBUG PrimaryStageWindow   - GameScene -> ShopTest
11:26:43.301 [JavaFX Application Thread] DEBUG Input                - Registered new binding: Close Shop - F
11:26:47.330 [JavaFX Application Thread] DEBUG PrimaryStageWindow   - Pop state: ShopTest
11:26:47.330 [JavaFX Application Thread] DEBUG Input                - Clearing active input actions
11:26:47.330 [JavaFX Application Thread] DEBUG GameApplicationServi - Removing overlay from ShopTest and adding to GameScene
11:26:47.330 [JavaFX Application Thread] DEBUG PrimaryStageWindow   - GameScene <- ShopTest
11:26:49.941 [JavaFX Application Thread] WARN  GameWorld            - Attempted to remove entity which is not active
11:26:50.404 [JavaFX Application Thread] WARN  GameWorld            - Attempted to remove entity which is not active
11:26:50.772 [JavaFX Application Thread] WARN  GameWorld            - Attempted to remove entity which is not active
11:26:51.300 [JavaFX Application Thread] WARN  GameWorld            - Attempted to remove entity which is not active
11:26:52.052 [JavaFX Application Thread] WARN  GameWorld            - Attempted to remove entity which is not active
11:26:52.500 [JavaFX Application Thread] WARN  GameWorld            - Attempted to remove entity which is not active
11:26:52.500 [JavaFX Application Thread] WARN  GameWorld            - Entity is already attached to world
11:26:52.997 [JavaFX Application Thread] WARN  GameWorld            - Attempted to remove entity which is not active
11:26:55.718 [JavaFX Application Thread] DEBUG AudioPlayer          - Stopping music com.almasb.fxgl.audio.Music@32ed44b2
11:26:55.718 [JavaFX Application Thread] DEBUG AudioPlayer          - Stopping music com.almasb.fxgl.audio.Music@4a7efd3e
11:26:55.757 [JavaFX Application Thread] DEBUG Input                - Clearing active input actions
11:26:55.765 [JavaFX Application Thread] DEBUG GameApplicationServi - Removing overlay from GameScene and adding to FXGLMainMenuDummyScene
11:26:55.765 [JavaFX Application Thread] DEBUG PrimaryStageWindow   - GameScene -> FXGLMainMenuDummyScene
11:26:55.765 [JavaFX Application Thread] DEBUG PrimaryStageWindow   - Push state: DawnseekerMenu
11:26:55.765 [JavaFX Application Thread] DEBUG Input                - Clearing active input actions
11:26:55.765 [JavaFX Application Thread] DEBUG GameApplicationServi - Removing overlay from FXGLMainMenuDummyScene and adding to DawnseekerMenu
11:26:55.765 [JavaFX Application Thread] DEBUG PrimaryStageWindow   - FXGLMainMenuDummyScene -> DawnseekerMenu
11:26:55.765 [JavaFX Application Thread] DEBUG AudioPlayer          - Playing music com.almasb.fxgl.audio.Music@32ed44b2
11:26:57.530 [JavaFX Application Thread] DEBUG Menu                 - fireNewGame()
11:26:57.530 [JavaFX Application Thread] DEBUG GameApplicationServi - Starting new game
11:26:57.530 [JavaFX Application Thread] DEBUG PrimaryStageWindow   - Pop state: DawnseekerMenu
11:26:57.530 [JavaFX Application Thread] DEBUG Input                - Clearing active input actions
11:26:57.530 [JavaFX Application Thread] DEBUG GameApplicationServi - Removing overlay from DawnseekerMenu and adding to FXGLMainMenuDummyScene
11:26:57.530 [JavaFX Application Thread] DEBUG PrimaryStageWindow   - FXGLMainMenuDummyScene <- DawnseekerMenu
11:26:57.530 [JavaFX Application Thread] DEBUG Input                - Clearing active input actions
11:26:57.532 [JavaFX Application Thread] DEBUG GameApplicationServi - Removing overlay from FXGLMainMenuDummyScene and adding to FXGLLoadingScene
11:26:57.532 [JavaFX Application Thread] DEBUG PrimaryStageWindow   - FXGLMainMenuDummyScene -> FXGLLoadingScene
11:26:57.532 [JavaFX Application Thread] DEBUG GameApplicationServi - Clearing previous game
11:26:57.532 [JavaFX Application Thread] DEBUG GameScene            - Clearing game scene
11:26:57.532 [JavaFX Application Thread] DEBUG GameWorld            - Clearing game world
11:26:57.533 [JavaFX Application Thread] DEBUG PhysicsWorld         - Clearing physics world
11:26:57.533 [JavaFX Application Thread] DEBUG AudioPlayer          - Stopping music com.almasb.fxgl.audio.Music@32ed44b2
11:26:57.533 [FXGL Background Thread 2 ] DEBUG FXGLApplication      - Initializing game
11:26:57.533 [JavaFX Application Thread] DEBUG AudioPlayer          - Stopping music com.almasb.fxgl.audio.Music@4a7efd3e
11:26:57.534 [FXGL Background Thread 2 ] DEBUG AudioPlayer          - Playing music com.almasb.fxgl.audio.Music@4a7efd3e
11:26:57.534 [FXGL Background Thread 2 ] WARN  GameWorld            - Entity is already attached to world
11:26:57.535 [FXGL Background Thread 2 ] WARN  Entity               - Entity already has component: com.almasb.fxgl.entity.components.CollidableComponent
11:26:57.535 [FXGL Background Thread 2 ] WARN  GameWorld            - Entity is already attached to world
11:26:57.535 [FXGL Background Thread 2 ] WARN  Entity               - Entity already has component: com.almasb.fxgl.entity.components.CollidableComponent
11:26:57.535 [FXGL Background Thread 2 ] WARN  GameWorld            - Entity is already attached to world
11:26:57.535 [FXGL Background Thread 2 ] WARN  Entity               - Entity already has component: com.almasb.fxgl.entity.components.CollidableComponent
11:26:57.535 [FXGL Background Thread 2 ] WARN  GameWorld            - Entity is already attached to world
11:26:57.535 [FXGL Background Thread 2 ] WARN  GameWorld            - Entity is already attached to world
11:26:57.536 [FXGL Background Thread 2 ] INFO  FXGLApplication      - Game initialization took: 0.003 sec
11:26:57.536 [JavaFX Application Thread] DEBUG Input                - Clearing active input actions
11:26:57.539 [JavaFX Application Thread] DEBUG GameApplicationServi - Removing overlay from FXGLLoadingScene and adding to GameScene
11:26:57.539 [JavaFX Application Thread] DEBUG PrimaryStageWindow   - FXGLLoadingScene -> GameScene
11:27:00.548 [JavaFX Application Thread] WARN  GameWorld            - Attempted to remove entity which is not active
11:27:02.068 [JavaFX Application Thread] WARN  GameWorld            - Attempted to remove entity which is not active
11:27:08.453 [JavaFX Application Thread] WARN  GameWorld            - Attempted to remove entity which is not active
11:27:09.188 [JavaFX Application Thread] WARN  GameWorld            - Attempted to remove entity which is not active
11:27:09.412 [JavaFX Application Thread] WARN  GameWorld            - Attempted to remove entity which is not active
11:27:09.893 [JavaFX Application Thread] WARN  GameWorld            - Attempted to remove entity which is not active
11:27:10.628 [JavaFX Application Thread] WARN  GameWorld            - Attempted to remove entity which is not active
11:27:11.060 [JavaFX Application Thread] WARN  GameWorld            - Attempted to remove entity which is not active
11:27:11.060 [JavaFX Application Thread] WARN  GameWorld            - Entity is already attached to world
11:27:14.763 [JavaFX Application Thread] DEBUG FXGLApplication      - Exiting FXGL
11:27:14.763 [JavaFX Application Thread] DEBUG LoopRunner           - Stopping loop
11:27:14.763 [JavaFX Application Thread] DEBUG SystemBundleService  - Saving FXGL system data
11:27:14.765 [JavaFX Application Thread] DEBUG FileSystemAccess     - Writing to: C:\Users\narro\git\CS4900G2Proj2\Dawnseeker\system\fxgl.bundle
11:27:14.766 [JavaFX Application Thread] DEBUG Async                - Shutting down background threads
11:27:14.766 [JavaFX Application Thread] DEBUG PrimaryStageWindow   - Closing main window
11:27:14.772 [JavaFX Application Thread] DEBUG Logger               - Closing Logger
