18:31:10.462 [main                     ] DEBUG Logger               - Configured Logger
18:31:10.489 [main                     ] DEBUG GameApplication      - Logging settings
Title: Dawnseeker
Version: 0.2
Width: 1024
Height: 1024
Fullscreen: false
Intro: false
Profiling: false
Single step:false
App Mode: DEVELOPER
Menu Key: ESCAPE
Stage Style: DECORATED
Scene Factory: class com.almasb.fxgl.app.scene.SceneFactory

18:31:11.147 [JavaFX Application Thread] DEBUG FXGLApplication      - Initializing FXGL
18:31:11.153 [JavaFX Application Thread] INFO  Engine               - FXGL-17.2 (20.08.2022 16.50) on WINDOWS (J:19.0.2 FX:18)
18:31:11.153 [JavaFX Application Thread] DEBUG Engine               - JRE Vendor Name: Eclipse Adoptium
18:31:11.153 [JavaFX Application Thread] DEBUG Engine               - Running on OS: Windows 10 version 10.0
18:31:11.153 [JavaFX Application Thread] DEBUG Engine               - Architecture: amd64
18:31:11.154 [JavaFX Application Thread] INFO  Engine               - Source code and latest versions at: https://github.com/AlmasB/FXGL
18:31:11.154 [JavaFX Application Thread] INFO  Engine               -       Ask questions and discuss at: https://github.com/AlmasB/FXGL/discussions
18:31:11.155 [JavaFX Application Thread] INFO  Engine               -              Join the FXGL chat at: https://gitter.im/AlmasB/FXGL
18:31:11.316 [JavaFX Application Thread] DEBUG PrimaryStageWindow   - Creating a JavaFX scene
18:31:11.317 [JavaFX Application Thread] DEBUG PrimaryStageWindow   - Target size > screen size
18:31:11.386 [JavaFX Application Thread] DEBUG PrimaryStageWindow   - Target settings size: 1024.0 x 1024.0
18:31:11.386 [JavaFX Application Thread] DEBUG PrimaryStageWindow   - Scaled scene size:    839.0 x 864.0
18:31:11.386 [JavaFX Application Thread] DEBUG PrimaryStageWindow   - Scaled ratio: (0.8193359375, 0.84375)
18:31:11.388 [JavaFX Application Thread] DEBUG PrimaryStageWindow   - Set initial scene to FXGLStartupScene
18:31:11.396 [JavaFX Application Thread] DEBUG PrimaryStageWindow   - Opening main window
18:31:11.509 [JavaFX Application Thread] DEBUG PrimaryStageWindow   - Window border size: (14.5999755859375, 37.5999755859375)
18:31:11.509 [JavaFX Application Thread] DEBUG PrimaryStageWindow   - Scaled size: 839.0 x 864.0
18:31:11.510 [JavaFX Application Thread] DEBUG PrimaryStageWindow   - Scaled ratio: (0.8193359375, 0.84375)
18:31:11.510 [JavaFX Application Thread] DEBUG PrimaryStageWindow   - Scene size: 839.0 x 864.0
18:31:11.510 [JavaFX Application Thread] DEBUG PrimaryStageWindow   - Stage size: 853.5999755859375 x 901.5999755859375
18:31:11.523 [FXGL Background Thread 1 ] DEBUG Engine               - Initializing environment variables
18:31:11.606 [FXGL Background Thread 1 ] DEBUG FXGLAssetLoaderServi - User app class for loading assets: class myGame.DawnseekerApp
18:31:11.607 [FXGL Background Thread 1 ] DEBUG GameApplicationServi - Applying CSS: fxgl_dark.css
18:31:11.608 [FXGL Background Thread 1 ] DEBUG FXGLAssetLoaderServi - Loading from file system: jar:file:/C:/Users/Eartm/.m2/repository/com/github/almasb/fxgl/17.2/fxgl-17.2.jar!/fxglassets/ui/css/fxgl_dark.css
18:31:11.666 [FXGL Background Thread 1 ] DEBUG GameApplicationServi - Initializing application scenes
18:31:11.716 [FXGL Background Thread 1 ] DEBUG GameWorld            - Game world initialized
18:31:11.789 [FXGL Background Thread 1 ] DEBUG PhysicsWorld         - Physics world initialized: appHeight=1024, physics.ppm=50.0
18:31:11.789 [FXGL Background Thread 1 ] DEBUG PhysicsWorld         - Using strategy: BRUTE_FORCE
18:31:11.793 [FXGL Background Thread 1 ] DEBUG GameScene            - Game scene initialized: 1024x1024
18:31:11.807 [FXGL Background Thread 1 ] DEBUG FXGL.DefaultMenu     - createMenuBodyMainMenu()
18:31:11.832 [FXGL Background Thread 1 ] DEBUG FXGL.DefaultMenu     - createOptionsMenu()
18:31:11.851 [FXGL Background Thread 1 ] DEBUG FXGLAssetLoaderServi - Loading from file system: jar:file:/C:/Users/Eartm/.m2/repository/com/github/almasb/fxgl/17.2/fxgl-17.2.jar!/fxglassets/textures/particles/smoke.png
18:31:11.997 [FXGL Background Thread 1 ] DEBUG FXGLAssetLoaderServi - Loading from file system: jar:file:/C:/Users/Eartm/.m2/repository/com/github/almasb/fxgl/17.2/fxgl-17.2.jar!/fxglassets/textures/particles/trace_horizontal.png
18:31:12.038 [FXGL Background Thread 1 ] DEBUG FXGL.DefaultMenu     - createMenuBodyGameMenu()
18:31:12.039 [FXGL Background Thread 1 ] DEBUG FXGL.DefaultMenu     - createOptionsMenu()
18:31:12.053 [FXGL Background Thread 1 ] DEBUG GameApplicationServi - Application scenes initialized
18:31:12.067 [FXGL Background Thread 1 ] DEBUG SystemBundleService  - Loading FXGL system data
18:31:12.073 [FXGL Background Thread 1 ] DEBUG FileSystemAccess     - Reading from: C:\Users\Eartm\git\CS4900G2Proj2\Dawnseeker\system\fxgl.bundle
18:31:12.085 [FXGL Background Thread 1 ] DEBUG SystemBundleService  - Bundle FXGL: {}
18:31:12.085 [FXGL Background Thread 1 ] DEBUG UpdaterService       - Checking for updates
18:31:12.089 [FXGL Background Thread 4 ] DEBUG FXGLApplication      - Loading fonts
18:31:12.089 [FXGL Background Thread 4 ] DEBUG FXGLAssetLoaderServi - Loading from file system: jar:file:/C:/Users/Eartm/.m2/repository/com/github/almasb/fxgl/17.2/fxgl-17.2.jar!/fxglassets/ui/fonts/VarelaRound-Regular.ttf
18:31:12.089 [FXGL Background Thread 1 ] DEBUG FXGLApplication      - Loading default localization
18:31:12.090 [FXGL Background Thread 1 ] DEBUG FXGLAssetLoaderServi - Loading from file system: jar:file:/C:/Users/Eartm/.m2/repository/com/github/almasb/fxgl/17.2/fxgl-17.2.jar!/fxglassets/languages/english.lang
18:31:12.117 [FXGL Background Thread 1 ] INFO  FXGLApplication      - FXGL initialization took: 0.593 sec
18:31:12.125 [JavaFX Application Thread] DEBUG Input                - Registered new binding: action0 - LMB
18:31:12.136 [JavaFX Application Thread] DEBUG Input                - Registered new binding: Up - W
18:31:12.137 [JavaFX Application Thread] DEBUG Input                - Registered new binding: Down - S
18:31:12.137 [JavaFX Application Thread] DEBUG Input                - Registered new binding: Right - D
18:31:12.137 [JavaFX Application Thread] DEBUG Input                - Registered new binding: Left - A
18:31:12.138 [JavaFX Application Thread] DEBUG FXGLAssetLoaderServi - Loading from file system: jar:file:/C:/Users/Eartm/.m2/repository/com/github/almasb/fxgl/17.2/fxgl-17.2.jar!/fxglassets/textures/fxgl_icon.png
18:31:12.164 [JavaFX Application Thread] DEBUG FXGLAssetLoaderServi - Loading from file system: jar:file:/C:/Users/Eartm/.m2/repository/com/github/almasb/fxgl/17.2/fxgl-17.2.jar!/fxglassets/textures/fxgl_default_cursor.png
18:31:12.167 [JavaFX Application Thread] DEBUG Input                - Registered new binding: Screenshot - CTRL+8
18:31:12.168 [JavaFX Application Thread] DEBUG Input                - Registered new binding: System info dump - CTRL+9
18:31:12.169 [JavaFX Application Thread] DEBUG Input                - Registered new binding: Restart - CTRL+R
18:31:12.170 [JavaFX Application Thread] DEBUG Input                - Registered new binding: Toggle Debug Camera - CTRL+7
18:31:12.173 [JavaFX Application Thread] DEBUG LoopRunner           - Starting loop
18:31:12.173 [JavaFX Application Thread] DEBUG LoopRunner           - Initializing JavaFX AnimationTimerLoop
18:31:12.177 [JavaFX Application Thread] DEBUG Input                - Clearing active input actions
18:31:12.186 [JavaFX Application Thread] DEBUG GameApplicationServi - Removing overlay from FXGLStartupScene and adding to FXGLMainMenuDummyScene
18:31:12.186 [JavaFX Application Thread] DEBUG PrimaryStageWindow   - FXGLStartupScene -> FXGLMainMenuDummyScene
18:31:12.187 [JavaFX Application Thread] DEBUG PrimaryStageWindow   - Push state: FXGLDefaultMenu
18:31:12.188 [FXGL Background Thread 4 ] DEBUG FXGLAssetLoaderServi - Loading from file system: jar:file:/C:/Users/Eartm/.m2/repository/com/github/almasb/fxgl/17.2/fxgl-17.2.jar!/fxglassets/ui/fonts/Abel-Regular.ttf
18:31:12.193 [JavaFX Application Thread] DEBUG Input                - Clearing active input actions
18:31:12.202 [FXGL Background Thread 4 ] DEBUG FXGLAssetLoaderServi - Loading from file system: jar:file:/C:/Users/Eartm/.m2/repository/com/github/almasb/fxgl/17.2/fxgl-17.2.jar!/fxglassets/ui/fonts/TerminalLandMono-Regular.otf
18:31:12.208 [JavaFX Application Thread] DEBUG GameApplicationServi - Removing overlay from FXGLMainMenuDummyScene and adding to FXGLDefaultMenu
18:31:12.208 [JavaFX Application Thread] DEBUG PrimaryStageWindow   - FXGLMainMenuDummyScene -> FXGLDefaultMenu
18:31:12.217 [FXGL Background Thread 4 ] DEBUG FXGLAssetLoaderServi - Loading from file system: jar:file:/C:/Users/Eartm/.m2/repository/com/github/almasb/fxgl/17.2/fxgl-17.2.jar!/fxglassets/ui/fonts/Courier-Prime.ttf
18:31:12.297 [JavaFX Application Thread] DEBUG FXGLApplication      - Registering font factories with UI factory
18:31:13.237 [JavaFX Application Thread] DEBUG Menu                 - fireNewGame()
18:31:13.237 [JavaFX Application Thread] DEBUG GameApplicationServi - Starting new game
18:31:13.242 [JavaFX Application Thread] DEBUG PrimaryStageWindow   - Pop state: FXGLDefaultMenu
18:31:13.242 [JavaFX Application Thread] DEBUG Input                - Clearing active input actions
18:31:13.243 [JavaFX Application Thread] DEBUG GameApplicationServi - Removing overlay from FXGLDefaultMenu and adding to FXGLMainMenuDummyScene
18:31:13.243 [JavaFX Application Thread] DEBUG PrimaryStageWindow   - FXGLMainMenuDummyScene <- FXGLDefaultMenu
18:31:13.243 [JavaFX Application Thread] DEBUG Input                - Clearing active input actions
18:31:13.259 [JavaFX Application Thread] DEBUG GameApplicationServi - Removing overlay from FXGLMainMenuDummyScene and adding to FXGLLoadingScene
18:31:13.259 [JavaFX Application Thread] DEBUG PrimaryStageWindow   - FXGLMainMenuDummyScene -> FXGLLoadingScene
18:31:13.259 [JavaFX Application Thread] DEBUG GameApplicationServi - Clearing previous game
18:31:13.259 [JavaFX Application Thread] DEBUG GameScene            - Clearing game scene
18:31:13.259 [JavaFX Application Thread] DEBUG GameWorld            - Clearing game world
18:31:13.260 [JavaFX Application Thread] DEBUG PhysicsWorld         - Clearing physics world
18:31:13.262 [FXGL Background Thread 2 ] DEBUG FXGLApplication      - Initializing game
18:31:13.269 [FXGL Background Thread 2 ] DEBUG FXGLAssetLoaderServi - Loading from file system: file:/C:/Users/Eartm/git/CS4900G2Proj2/Dawnseeker/target/classes/assets/music/heartache.mp3
18:31:13.465 [FXGL Background Thread 2 ] DEBUG AudioPlayer          - Playing music com.almasb.fxgl.audio.Music@f5040
18:31:13.477 [FXGL Background Thread 2 ] DEBUG FXGLAssetLoaderServi - Loading from file system: file:/C:/Users/Eartm/git/CS4900G2Proj2/Dawnseeker/target/classes/assets/textures/DawnseekerPCV2.png
18:31:13.487 [FXGL Background Thread 2 ] DEBUG FXGLAssetLoaderServi - Loading from file system: file:/C:/Users/Eartm/git/CS4900G2Proj2/Dawnseeker/target/classes/assets/textures/DawnseekerPCV2Down.png
18:31:13.492 [FXGL Background Thread 2 ] DEBUG FXGLAssetLoaderServi - Loading from file system: file:/C:/Users/Eartm/git/CS4900G2Proj2/Dawnseeker/target/classes/assets/textures/DawnseekerPCV2Up.png
18:31:13.494 [FXGL Background Thread 2 ] DEBUG FXGLAssetLoaderServi - Loading from file system: file:/C:/Users/Eartm/git/CS4900G2Proj2/Dawnseeker/target/classes/assets/textures/DawnseekerPCV2Right.png
18:31:13.497 [FXGL Background Thread 2 ] DEBUG FXGLAssetLoaderServi - Loading from file system: file:/C:/Users/Eartm/git/CS4900G2Proj2/Dawnseeker/target/classes/assets/textures/DawnseekerPCV2Left.png
18:31:13.516 [FXGL Background Thread 2 ] WARN  GameWorld            - Entity is already attached to world
18:31:13.518 [FXGL Background Thread 2 ] WARN  Entity               - Entity already has component: com.almasb.fxgl.entity.components.CollidableComponent
18:31:13.519 [FXGL Background Thread 2 ] WARN  GameWorld            - Entity is already attached to world
18:31:13.522 [FXGL Background Thread 2 ] WARN  Entity               - Entity already has component: com.almasb.fxgl.entity.components.CollidableComponent
18:31:13.523 [FXGL Background Thread 2 ] WARN  GameWorld            - Entity is already attached to world
18:31:13.525 [FXGL Background Thread 2 ] WARN  Entity               - Entity already has component: com.almasb.fxgl.entity.components.CollidableComponent
18:31:13.526 [FXGL Background Thread 2 ] WARN  GameWorld            - Entity is already attached to world
18:31:13.527 [FXGL Background Thread 2 ] WARN  Entity               - Entity already has component: com.almasb.fxgl.entity.components.CollidableComponent
18:31:13.527 [FXGL Background Thread 2 ] WARN  GameWorld            - Entity is already attached to world
18:31:13.549 [FXGL Background Thread 2 ] INFO  FXGLApplication      - Game initialization took: 0.287 sec
18:31:13.554 [JavaFX Application Thread] DEBUG Input                - Clearing active input actions
18:31:13.562 [JavaFX Application Thread] DEBUG GameApplicationServi - Removing overlay from FXGLLoadingScene and adding to GameScene
18:31:13.562 [JavaFX Application Thread] DEBUG PrimaryStageWindow   - FXGLLoadingScene -> GameScene
18:31:13.589 [JavaFX Application Thread] DEBUG FXGLAssetLoaderServi - Loading from file system: file:/C:/Users/Eartm/git/CS4900G2Proj2/Dawnseeker/target/classes/assets/sounds/magic_missile.wav
18:31:13.599 [JavaFX Application Thread] DEBUG FXGLAssetLoaderServi - Loading from file system: file:/C:/Users/Eartm/git/CS4900G2Proj2/Dawnseeker/target/classes/assets/textures/FireBallProjectile.png
18:31:14.089 [JavaFX Application Thread] DEBUG FXGLAssetLoaderServi - Loading from file system: file:/C:/Users/Eartm/git/CS4900G2Proj2/Dawnseeker/target/classes/assets/textures/EnemyDawnseeker.png
18:31:14.989 [JavaFX Application Thread] DEBUG FXGLAssetLoaderServi - Loading from file system: file:/C:/Users/Eartm/git/CS4900G2Proj2/Dawnseeker/target/classes/assets/sounds/player_oof.wav
18:31:15.087 [FXGL Background Thread 3 ] DEBUG Engine               - Logging environment variables
18:31:15.089 [FXGL Background Thread 3 ] DEBUG Engine               - achievements: []
18:31:15.089 [FXGL Background Thread 3 ] DEBUG Engine               - actualHeight: 864.0
18:31:15.089 [FXGL Background Thread 3 ] DEBUG Engine               - actualHeightProperty: ReadOnlyDoubleProperty [value: 864.0]
18:31:15.089 [FXGL Background Thread 3 ] DEBUG Engine               - actualWidth: 839.0
18:31:15.089 [FXGL Background Thread 3 ] DEBUG Engine               - actualWidthProperty: ReadOnlyDoubleProperty [value: 839.0]
18:31:15.090 [FXGL Background Thread 3 ] DEBUG Engine               - appIcon: fxgl_icon.png
18:31:15.090 [FXGL Background Thread 3 ] DEBUG Engine               - applicationMode: DEVELOPER
18:31:15.090 [FXGL Background Thread 3 ] DEBUG Engine               - cSSList: [fxgl_dark.css]
18:31:15.090 [FXGL Background Thread 3 ] DEBUG Engine               - collisionDetectionStrategy: BRUTE_FORCE
18:31:15.090 [FXGL Background Thread 3 ] DEBUG Engine               - configClass: Optional.empty
18:31:15.090 [FXGL Background Thread 3 ] DEBUG Engine               - credits: []
18:31:15.091 [FXGL Background Thread 3 ] DEBUG Engine               - defaultCursor: CursorInfo(imageName=fxgl_default_cursor.png, hotspotX=7.0, hotspotY=6.0)
18:31:15.091 [FXGL Background Thread 3 ] DEBUG Engine               - devBBoxColorProperty: ObjectProperty [value: 0xff0000ff]
18:31:15.091 [FXGL Background Thread 3 ] DEBUG Engine               - devEnableDebugCameraProperty: BooleanProperty [value: false]
18:31:15.092 [FXGL Background Thread 3 ] DEBUG Engine               - devSensorColorProperty: ObjectProperty [value: 0xffff00ff]
18:31:15.092 [FXGL Background Thread 3 ] DEBUG Engine               - devShowBBoxProperty: BooleanProperty [value: false]
18:31:15.092 [FXGL Background Thread 3 ] DEBUG Engine               - devShowPositionProperty: BooleanProperty [value: false]
18:31:15.092 [FXGL Background Thread 3 ] DEBUG Engine               - enabledMenuItems: []
18:31:15.093 [FXGL Background Thread 3 ] DEBUG Engine               - engineServices: [class com.almasb.fxgl.app.services.FXGLAssetLoaderService, class com.almasb.fxgl.app.FXGLApplication$GameApplicationService, class com.almasb.fxgl.app.services.FXGLDialogService, class com.almasb.fxgl.app.services.IOTaskExecutorService, class com.almasb.fxgl.io.FileSystemService, class com.almasb.fxgl.localization.LocalizationService, class com.almasb.fxgl.app.services.SystemBundleService, class com.almasb.fxgl.profile.SaveLoadService, class com.almasb.fxgl.ui.FXGLUIFactoryServiceProvider, class com.almasb.fxgl.ui.FXGLDialogFactoryServiceProvider, class com.almasb.fxgl.audio.AudioPlayer, class com.almasb.fxgl.notification.impl.NotificationServiceProvider, class com.almasb.fxgl.achievement.AchievementService, class com.almasb.fxgl.cutscene.CutsceneService, class com.almasb.fxgl.minigames.MiniGameService, class com.almasb.fxgl.net.NetService, class com.almasb.fxgl.app.services.UpdaterService, class com.almasb.fxgl.dev.DevService]
18:31:15.093 [FXGL Background Thread 3 ] DEBUG Engine               - fontGame: Abel-Regular.ttf
18:31:15.093 [FXGL Background Thread 3 ] DEBUG Engine               - fontMono: TerminalLandMono-Regular.otf
18:31:15.093 [FXGL Background Thread 3 ] DEBUG Engine               - fontText: Courier-Prime.ttf
18:31:15.093 [FXGL Background Thread 3 ] DEBUG Engine               - fontUI: VarelaRound-Regular.ttf
18:31:15.093 [FXGL Background Thread 3 ] DEBUG Engine               - fullScreen: BooleanProperty [value: false]
18:31:15.094 [FXGL Background Thread 3 ] DEBUG Engine               - gameDifficulty: MEDIUM
18:31:15.094 [FXGL Background Thread 3 ] DEBUG Engine               - gameDifficultyProperty: ObjectProperty [value: MEDIUM]
18:31:15.094 [FXGL Background Thread 3 ] DEBUG Engine               - globalMusicVolume: 0.5
18:31:15.094 [FXGL Background Thread 3 ] DEBUG Engine               - globalMusicVolumeProperty: DoubleProperty [value: 0.5]
18:31:15.094 [FXGL Background Thread 3 ] DEBUG Engine               - globalSoundVolume: 0.5
18:31:15.094 [FXGL Background Thread 3 ] DEBUG Engine               - globalSoundVolumeProperty: DoubleProperty [value: 0.5]
18:31:15.094 [FXGL Background Thread 3 ] DEBUG Engine               - height: 1024
18:31:15.094 [FXGL Background Thread 3 ] DEBUG Engine               - is3D: false
18:31:15.094 [FXGL Background Thread 3 ] DEBUG Engine               - isAndroid: false
18:31:15.094 [FXGL Background Thread 3 ] DEBUG Engine               - isBrowser: false
18:31:15.095 [FXGL Background Thread 3 ] DEBUG Engine               - isClickFeedbackEnabled: false
18:31:15.095 [FXGL Background Thread 3 ] DEBUG Engine               - isCloseConfirmation: false
18:31:15.095 [FXGL Background Thread 3 ] DEBUG Engine               - isDesktop: true
18:31:15.095 [FXGL Background Thread 3 ] DEBUG Engine               - isDeveloperMenuEnabled: false
18:31:15.095 [FXGL Background Thread 3 ] DEBUG Engine               - isEmbedded: false
18:31:15.095 [FXGL Background Thread 3 ] DEBUG Engine               - isEntityPreloadEnabled: true
18:31:15.095 [FXGL Background Thread 3 ] DEBUG Engine               - isExperimentalTiledLargeMap: false
18:31:15.095 [FXGL Background Thread 3 ] DEBUG Engine               - isFileSystemWriteAllowed: true
18:31:15.095 [FXGL Background Thread 3 ] DEBUG Engine               - isFullScreenAllowed: false
18:31:15.096 [FXGL Background Thread 3 ] DEBUG Engine               - isFullScreenFromStart: false
18:31:15.096 [FXGL Background Thread 3 ] DEBUG Engine               - isGameMenuEnabled: true
18:31:15.096 [FXGL Background Thread 3 ] DEBUG Engine               - isIOS: false
18:31:15.096 [FXGL Background Thread 3 ] DEBUG Engine               - isIntroEnabled: false
18:31:15.096 [FXGL Background Thread 3 ] DEBUG Engine               - isLinux: false
18:31:15.096 [FXGL Background Thread 3 ] DEBUG Engine               - isMac: false
18:31:15.096 [FXGL Background Thread 3 ] DEBUG Engine               - isMainMenuEnabled: true
18:31:15.096 [FXGL Background Thread 3 ] DEBUG Engine               - isManualResizeEnabled: false
18:31:15.096 [FXGL Background Thread 3 ] DEBUG Engine               - isMobile: false
18:31:15.097 [FXGL Background Thread 3 ] DEBUG Engine               - isNative: false
18:31:15.097 [FXGL Background Thread 3 ] DEBUG Engine               - isPauseMusicWhenMinimized: true
18:31:15.097 [FXGL Background Thread 3 ] DEBUG Engine               - isPreserveResizeRatio: false
18:31:15.097 [FXGL Background Thread 3 ] DEBUG Engine               - isProfilingEnabled: false
18:31:15.097 [FXGL Background Thread 3 ] DEBUG Engine               - isScaleAffectedOnResize: true
18:31:15.097 [FXGL Background Thread 3 ] DEBUG Engine               - isSingleStep: false
18:31:15.097 [FXGL Background Thread 3 ] DEBUG Engine               - isUserProfileEnabled: false
18:31:15.097 [FXGL Background Thread 3 ] DEBUG Engine               - isWindows: true
18:31:15.097 [FXGL Background Thread 3 ] DEBUG Engine               - language: ObjectProperty [value: ENGLISH]
18:31:15.098 [FXGL Background Thread 3 ] DEBUG Engine               - menuKey: ESCAPE
18:31:15.098 [FXGL Background Thread 3 ] DEBUG Engine               - mouseSensitivity: 0.2
18:31:15.098 [FXGL Background Thread 3 ] DEBUG Engine               - notificationViewClass: class com.almasb.fxgl.notification.view.XboxNotificationView
18:31:15.098 [FXGL Background Thread 3 ] DEBUG Engine               - pixelsPerMeter: 50.0
18:31:15.098 [FXGL Background Thread 3 ] DEBUG Engine               - platform: WINDOWS
18:31:15.098 [FXGL Background Thread 3 ] DEBUG Engine               - prefHeightProperty: ReadOnlyDoubleProperty [value: 1024.0]
18:31:15.098 [FXGL Background Thread 3 ] DEBUG Engine               - prefWidthProperty: ReadOnlyDoubleProperty [value: 1024.0]
18:31:15.098 [FXGL Background Thread 3 ] DEBUG Engine               - profileDir: profiles/
18:31:15.098 [FXGL Background Thread 3 ] DEBUG Engine               - profileName: StringProperty [value: DEFAULT]
18:31:15.099 [FXGL Background Thread 3 ] DEBUG Engine               - randomSeed: -1
18:31:15.099 [FXGL Background Thread 3 ] DEBUG Engine               - runtimeInfo: RuntimeInfo(platform=WINDOWS, version=17.2, build=20.08.2022 16.50)
18:31:15.099 [FXGL Background Thread 3 ] DEBUG Engine               - saveFileExt: sav
18:31:15.100 [FXGL Background Thread 3 ] DEBUG Engine               - scaledHeightProp$fxgl: DoubleProperty [bound, value: 864.0]
18:31:15.100 [FXGL Background Thread 3 ] DEBUG Engine               - scaledWidthProp$fxgl: DoubleProperty [bound, value: 839.0]
18:31:15.100 [FXGL Background Thread 3 ] DEBUG Engine               - sceneFactory: com.almasb.fxgl.app.scene.SceneFactory@1df06101
18:31:15.100 [FXGL Background Thread 3 ] DEBUG Engine               - secondsIn24h: 60
18:31:15.100 [FXGL Background Thread 3 ] DEBUG Engine               - soundMenuBack: menu/back.wav
18:31:15.100 [FXGL Background Thread 3 ] DEBUG Engine               - soundMenuPress: menu/press.wav
18:31:15.100 [FXGL Background Thread 3 ] DEBUG Engine               - soundMenuSelect: menu/select.wav
18:31:15.100 [FXGL Background Thread 3 ] DEBUG Engine               - soundNotification: core/notification.wav
18:31:15.100 [FXGL Background Thread 3 ] DEBUG Engine               - stageStyle: DECORATED
18:31:15.101 [FXGL Background Thread 3 ] DEBUG Engine               - supportedLanguages: [ENGLISH, FRENCH, GERMAN, HUNGARIAN, RUSSIAN]
18:31:15.101 [FXGL Background Thread 3 ] DEBUG Engine               - ticksPerSecond: -1
18:31:15.101 [FXGL Background Thread 3 ] DEBUG Engine               - title: Dawnseeker
18:31:15.101 [FXGL Background Thread 3 ] DEBUG Engine               - urlGithub: https://github.com/AlmasB/FXGL
18:31:15.101 [FXGL Background Thread 3 ] DEBUG Engine               - urlLeaderboard: http://fxgl-top.herokuapp.com/
18:31:15.101 [FXGL Background Thread 3 ] DEBUG Engine               - urlPOM: https://raw.githubusercontent.com/AlmasB/FXGL/release/README.md
18:31:15.101 [FXGL Background Thread 3 ] DEBUG Engine               - userAppClass: class myGame.DawnseekerApp
18:31:15.101 [FXGL Background Thread 3 ] DEBUG Engine               - version: 0.2
18:31:15.102 [FXGL Background Thread 3 ] DEBUG Engine               - versionCheckDays: 7
18:31:15.102 [FXGL Background Thread 3 ] DEBUG Engine               - width: 1024
18:31:15.102 [FXGL Background Thread 3 ] DEBUG Engine               - Logging services
18:31:15.102 [FXGL Background Thread 3 ] DEBUG Engine               - class com.almasb.fxgl.app.services.FXGLAssetLoaderService
18:31:15.102 [FXGL Background Thread 3 ] DEBUG Engine               - class com.almasb.fxgl.app.FXGLApplication$GameApplicationService
18:31:15.102 [FXGL Background Thread 3 ] DEBUG Engine               - class com.almasb.fxgl.app.services.FXGLDialogService
18:31:15.103 [FXGL Background Thread 3 ] DEBUG Engine               - class com.almasb.fxgl.app.services.IOTaskExecutorService
18:31:15.103 [FXGL Background Thread 3 ] DEBUG Engine               - class com.almasb.fxgl.io.FileSystemService
18:31:15.103 [FXGL Background Thread 3 ] DEBUG Engine               - class com.almasb.fxgl.localization.LocalizationService
18:31:15.103 [FXGL Background Thread 3 ] DEBUG Engine               - class com.almasb.fxgl.app.services.SystemBundleService
18:31:15.103 [FXGL Background Thread 3 ] DEBUG Engine               - class com.almasb.fxgl.profile.SaveLoadService
18:31:15.103 [FXGL Background Thread 3 ] DEBUG Engine               - class com.almasb.fxgl.ui.FXGLUIFactoryServiceProvider
18:31:15.103 [FXGL Background Thread 3 ] DEBUG Engine               - class com.almasb.fxgl.ui.FXGLDialogFactoryServiceProvider
18:31:15.103 [FXGL Background Thread 3 ] DEBUG Engine               - class com.almasb.fxgl.audio.AudioPlayer
18:31:15.104 [FXGL Background Thread 3 ] DEBUG Engine               - class com.almasb.fxgl.notification.impl.NotificationServiceProvider
18:31:15.104 [FXGL Background Thread 3 ] DEBUG Engine               - class com.almasb.fxgl.achievement.AchievementService
18:31:15.104 [FXGL Background Thread 3 ] DEBUG Engine               - class com.almasb.fxgl.cutscene.CutsceneService
18:31:15.104 [FXGL Background Thread 3 ] DEBUG Engine               - class com.almasb.fxgl.minigames.MiniGameService
18:31:15.104 [FXGL Background Thread 3 ] DEBUG Engine               - class com.almasb.fxgl.net.NetService
18:31:15.104 [FXGL Background Thread 3 ] DEBUG Engine               - class com.almasb.fxgl.app.services.UpdaterService
18:31:15.104 [FXGL Background Thread 3 ] DEBUG Engine               - class com.almasb.fxgl.dev.DevService
18:31:15.764 [JavaFX Application Thread] DEBUG FXGLAssetLoaderServi - Loading from file system: file:/C:/Users/Eartm/git/CS4900G2Proj2/Dawnseeker/target/classes/assets/sounds/yoda_death.wav
18:31:18.226 [JavaFX Application Thread] DEBUG FXGLAssetLoaderServi - Loading from file system: file:/C:/Users/Eartm/git/CS4900G2Proj2/Dawnseeker/target/classes/assets/sounds/bong.wav
18:31:35.102 [JavaFX Application Thread] DEBUG FXGLApplication      - Exiting FXGL
18:31:35.103 [JavaFX Application Thread] DEBUG LoopRunner           - Stopping loop
18:31:35.103 [JavaFX Application Thread] DEBUG SystemBundleService  - Saving FXGL system data
18:31:35.106 [JavaFX Application Thread] DEBUG FileSystemAccess     - Writing to: C:\Users\Eartm\git\CS4900G2Proj2\Dawnseeker\system\fxgl.bundle
18:31:35.108 [JavaFX Application Thread] DEBUG Async                - Shutting down background threads
18:31:35.109 [JavaFX Application Thread] DEBUG PrimaryStageWindow   - Closing main window
18:31:35.136 [JavaFX Application Thread] DEBUG Logger               - Closing Logger
