13:29:49.345 [main                     ] DEBUG Logger               - Configured Logger
13:29:49.376 [main                     ] DEBUG GameApplication      - Logging settings
Title: Dawnseeker
Version: 0.4
Width: 1024
Height: 1024
Fullscreen: false
Intro: false
Profiling: false
Single step:false
App Mode: DEVELOPER
Menu Key: ESCAPE
Stage Style: DECORATED
Scene Factory: class myGame.DawnseekerApp$1

13:29:49.958 [JavaFX Application Thread] DEBUG FXGLApplication      - Initializing FXGL
13:29:49.964 [JavaFX Application Thread] INFO  Engine               - FXGL-17.2 (20.08.2022 16.50) on WINDOWS (J:19.0.2 FX:18)
13:29:49.964 [JavaFX Application Thread] DEBUG Engine               - JRE Vendor Name: Eclipse Adoptium
13:29:49.964 [JavaFX Application Thread] DEBUG Engine               - Running on OS: Windows 10 version 10.0
13:29:49.965 [JavaFX Application Thread] DEBUG Engine               - Architecture: amd64
13:29:49.965 [JavaFX Application Thread] INFO  Engine               - Source code and latest versions at: https://github.com/AlmasB/FXGL
13:29:49.965 [JavaFX Application Thread] INFO  Engine               -       Ask questions and discuss at: https://github.com/AlmasB/FXGL/discussions
13:29:49.965 [JavaFX Application Thread] INFO  Engine               -              Join the FXGL chat at: https://gitter.im/AlmasB/FXGL
13:29:50.114 [JavaFX Application Thread] DEBUG PrimaryStageWindow   - Creating a JavaFX scene
13:29:50.114 [JavaFX Application Thread] DEBUG PrimaryStageWindow   - Target size > screen size
13:29:50.200 [JavaFX Application Thread] DEBUG PrimaryStageWindow   - Target settings size: 1024.0 x 1024.0
13:29:50.200 [JavaFX Application Thread] DEBUG PrimaryStageWindow   - Scaled scene size:    839.0 x 864.0
13:29:50.201 [JavaFX Application Thread] DEBUG PrimaryStageWindow   - Scaled ratio: (0.8193359375, 0.84375)
13:29:50.202 [JavaFX Application Thread] DEBUG PrimaryStageWindow   - Set initial scene to FXGLStartupScene
13:29:50.210 [JavaFX Application Thread] DEBUG PrimaryStageWindow   - Opening main window
13:29:50.346 [JavaFX Application Thread] DEBUG PrimaryStageWindow   - Window border size: (14.5999755859375, 37.5999755859375)
13:29:50.346 [JavaFX Application Thread] DEBUG PrimaryStageWindow   - Scaled size: 839.0 x 864.0
13:29:50.346 [JavaFX Application Thread] DEBUG PrimaryStageWindow   - Scaled ratio: (0.8193359375, 0.84375)
13:29:50.347 [JavaFX Application Thread] DEBUG PrimaryStageWindow   - Scene size: 839.0 x 864.0
13:29:50.347 [JavaFX Application Thread] DEBUG PrimaryStageWindow   - Stage size: 853.5999755859375 x 901.5999755859375
13:29:50.355 [FXGL Background Thread 1 ] DEBUG Engine               - Initializing environment variables
13:29:50.421 [FXGL Background Thread 1 ] DEBUG FXGLAssetLoaderServi - User app class for loading assets: class myGame.DawnseekerApp
13:29:50.421 [FXGL Background Thread 1 ] DEBUG GameApplicationServi - Applying CSS: fxgl_dark.css
13:29:50.422 [FXGL Background Thread 1 ] DEBUG FXGLAssetLoaderServi - Loading from file system: jar:file:/C:/Users/Eartm/.m2/repository/com/github/almasb/fxgl/17.2/fxgl-17.2.jar!/fxglassets/ui/css/fxgl_dark.css
13:29:50.502 [FXGL Background Thread 1 ] DEBUG GameApplicationServi - Initializing application scenes
13:29:50.556 [FXGL Background Thread 1 ] DEBUG GameWorld            - Game world initialized
13:29:50.634 [FXGL Background Thread 1 ] DEBUG PhysicsWorld         - Physics world initialized: appHeight=1024, physics.ppm=50.0
13:29:50.634 [FXGL Background Thread 1 ] DEBUG PhysicsWorld         - Using strategy: BRUTE_FORCE
13:29:50.638 [FXGL Background Thread 1 ] DEBUG GameScene            - Game scene initialized: 1024x1024
13:29:50.638 [FXGL Background Thread 1 ] DEBUG FXGLAssetLoaderServi - Loading from file system: file:/C:/Games/CS4900%20Workspace/CS4900G2Proj2/Dawnseeker/target/classes/assets/music/shop.mp3
13:29:50.905 [FXGL Background Thread 1 ] DEBUG AudioPlayer          - Playing music com.almasb.fxgl.audio.Music@507cd52d
13:29:50.926 [FXGL Background Thread 1 ] DEBUG FXGLAssetLoaderServi - Loading from file system: file:/C:/Games/CS4900%20Workspace/CS4900G2Proj2/Dawnseeker/target/classes/assets/textures/bg.png
13:29:51.033 [FXGL Background Thread 1 ] DEBUG FXGL.DefaultMenu     - createMenuBodyGameMenu()
13:29:51.052 [FXGL Background Thread 1 ] DEBUG FXGL.DefaultMenu     - createOptionsMenu()
13:29:51.061 [FXGL Background Thread 1 ] DEBUG FXGLAssetLoaderServi - Loading from file system: jar:file:/C:/Users/Eartm/.m2/repository/com/github/almasb/fxgl/17.2/fxgl-17.2.jar!/fxglassets/textures/particles/smoke.png
13:29:51.179 [FXGL Background Thread 1 ] DEBUG FXGLAssetLoaderServi - Loading from file system: jar:file:/C:/Users/Eartm/.m2/repository/com/github/almasb/fxgl/17.2/fxgl-17.2.jar!/fxglassets/textures/particles/trace_horizontal.png
13:29:51.200 [FXGL Background Thread 1 ] DEBUG GameApplicationServi - Application scenes initialized
13:29:51.215 [FXGL Background Thread 1 ] DEBUG SystemBundleService  - Loading FXGL system data
13:29:51.220 [FXGL Background Thread 1 ] DEBUG FileSystemAccess     - Reading from: C:\Games\CS4900 Workspace\CS4900G2Proj2\Dawnseeker\system\fxgl.bundle
13:29:51.232 [FXGL Background Thread 1 ] DEBUG SystemBundleService  - Bundle FXGL: {}
13:29:51.232 [FXGL Background Thread 1 ] DEBUG UpdaterService       - Checking for updates
13:29:51.236 [FXGL Background Thread 4 ] DEBUG FXGLApplication      - Loading fonts
13:29:51.237 [FXGL Background Thread 4 ] DEBUG FXGLAssetLoaderServi - Loading from file system: jar:file:/C:/Users/Eartm/.m2/repository/com/github/almasb/fxgl/17.2/fxgl-17.2.jar!/fxglassets/ui/fonts/VarelaRound-Regular.ttf
13:29:51.237 [FXGL Background Thread 1 ] DEBUG FXGLApplication      - Loading default localization
13:29:51.238 [FXGL Background Thread 1 ] DEBUG FXGLAssetLoaderServi - Loading from file system: jar:file:/C:/Users/Eartm/.m2/repository/com/github/almasb/fxgl/17.2/fxgl-17.2.jar!/fxglassets/languages/english.lang
13:29:51.270 [FXGL Background Thread 1 ] INFO  FXGLApplication      - FXGL initialization took: 0.915 sec
13:29:51.310 [JavaFX Application Thread] DEBUG Input                - Registered new binding: action0 - LMB
13:29:51.321 [JavaFX Application Thread] DEBUG Input                - Registered new binding: Up - W
13:29:51.322 [JavaFX Application Thread] DEBUG Input                - Registered new binding: Down - S
13:29:51.322 [JavaFX Application Thread] DEBUG Input                - Registered new binding: Right - D
13:29:51.322 [JavaFX Application Thread] DEBUG Input                - Registered new binding: Left - A
13:29:51.322 [JavaFX Application Thread] DEBUG FXGLAssetLoaderServi - Loading from file system: jar:file:/C:/Users/Eartm/.m2/repository/com/github/almasb/fxgl/17.2/fxgl-17.2.jar!/fxglassets/textures/fxgl_icon.png
13:29:51.335 [FXGL Background Thread 4 ] DEBUG FXGLAssetLoaderServi - Loading from file system: jar:file:/C:/Users/Eartm/.m2/repository/com/github/almasb/fxgl/17.2/fxgl-17.2.jar!/fxglassets/ui/fonts/Abel-Regular.ttf
13:29:51.342 [JavaFX Application Thread] DEBUG FXGLAssetLoaderServi - Loading from file system: jar:file:/C:/Users/Eartm/.m2/repository/com/github/almasb/fxgl/17.2/fxgl-17.2.jar!/fxglassets/textures/fxgl_default_cursor.png
13:29:51.345 [JavaFX Application Thread] DEBUG Input                - Registered new binding: Screenshot - CTRL+8
13:29:51.345 [JavaFX Application Thread] DEBUG Input                - Registered new binding: System info dump - CTRL+9
13:29:51.346 [JavaFX Application Thread] DEBUG Input                - Registered new binding: Restart - CTRL+R
13:29:51.347 [JavaFX Application Thread] DEBUG Input                - Registered new binding: Toggle Debug Camera - CTRL+7
13:29:51.349 [JavaFX Application Thread] DEBUG LoopRunner           - Starting loop
13:29:51.349 [JavaFX Application Thread] DEBUG LoopRunner           - Initializing JavaFX AnimationTimerLoop
13:29:51.352 [FXGL Background Thread 4 ] DEBUG FXGLAssetLoaderServi - Loading from file system: jar:file:/C:/Users/Eartm/.m2/repository/com/github/almasb/fxgl/17.2/fxgl-17.2.jar!/fxglassets/ui/fonts/TerminalLandMono-Regular.otf
13:29:51.354 [JavaFX Application Thread] DEBUG Input                - Clearing active input actions
13:29:51.368 [FXGL Background Thread 4 ] DEBUG FXGLAssetLoaderServi - Loading from file system: jar:file:/C:/Users/Eartm/.m2/repository/com/github/almasb/fxgl/17.2/fxgl-17.2.jar!/fxglassets/ui/fonts/Courier-Prime.ttf
13:29:51.370 [JavaFX Application Thread] DEBUG GameApplicationServi - Removing overlay from FXGLStartupScene and adding to FXGLMainMenuDummyScene
13:29:51.370 [JavaFX Application Thread] DEBUG PrimaryStageWindow   - FXGLStartupScene -> FXGLMainMenuDummyScene
13:29:51.370 [JavaFX Application Thread] DEBUG PrimaryStageWindow   - Push state: DawnseekerMenu
13:29:51.370 [JavaFX Application Thread] DEBUG Input                - Clearing active input actions
13:29:51.377 [JavaFX Application Thread] DEBUG GameApplicationServi - Removing overlay from FXGLMainMenuDummyScene and adding to DawnseekerMenu
13:29:51.377 [JavaFX Application Thread] DEBUG PrimaryStageWindow   - FXGLMainMenuDummyScene -> DawnseekerMenu
13:29:51.403 [JavaFX Application Thread] DEBUG FXGLApplication      - Registering font factories with UI factory
13:29:51.981 [FXGL Background Thread 2 ] INFO  UpdaterService       - Your current version:  17.2
13:29:51.982 [FXGL Background Thread 2 ] INFO  UpdaterService       - Latest stable version: 17.3
13:29:52.198 [JavaFX Application Thread] DEBUG Menu                 - fireNewGame()
13:29:52.199 [JavaFX Application Thread] DEBUG GameApplicationServi - Starting new game
13:29:52.199 [JavaFX Application Thread] DEBUG PrimaryStageWindow   - Pop state: DawnseekerMenu
13:29:52.199 [JavaFX Application Thread] DEBUG Input                - Clearing active input actions
13:29:52.199 [JavaFX Application Thread] DEBUG GameApplicationServi - Removing overlay from DawnseekerMenu and adding to FXGLMainMenuDummyScene
13:29:52.200 [JavaFX Application Thread] DEBUG PrimaryStageWindow   - FXGLMainMenuDummyScene <- DawnseekerMenu
13:29:52.200 [JavaFX Application Thread] DEBUG Input                - Clearing active input actions
13:29:52.209 [JavaFX Application Thread] DEBUG GameApplicationServi - Removing overlay from FXGLMainMenuDummyScene and adding to FXGLLoadingScene
13:29:52.209 [JavaFX Application Thread] DEBUG PrimaryStageWindow   - FXGLMainMenuDummyScene -> FXGLLoadingScene
13:29:52.209 [JavaFX Application Thread] DEBUG GameApplicationServi - Clearing previous game
13:29:52.209 [JavaFX Application Thread] DEBUG GameScene            - Clearing game scene
13:29:52.209 [JavaFX Application Thread] DEBUG GameWorld            - Clearing game world
13:29:52.210 [JavaFX Application Thread] DEBUG PhysicsWorld         - Clearing physics world
13:29:52.211 [FXGL Background Thread 2 ] DEBUG FXGLApplication      - Initializing game
13:29:52.217 [FXGL Background Thread 2 ] DEBUG AudioPlayer          - Stopping music com.almasb.fxgl.audio.Music@507cd52d
13:29:52.220 [FXGL Background Thread 2 ] DEBUG FXGLAssetLoaderServi - Loading from file system: file:/C:/Games/CS4900%20Workspace/CS4900G2Proj2/Dawnseeker/target/classes/assets/music/heartache.mp3
13:29:52.224 [FXGL Background Thread 2 ] DEBUG AudioPlayer          - Playing music com.almasb.fxgl.audio.Music@33eb3168
13:29:52.248 [FXGL Background Thread 2 ] DEBUG FXGLAssetLoaderServi - Loading from file system: file:/C:/Games/CS4900%20Workspace/CS4900G2Proj2/Dawnseeker/target/classes/assets/textures/DawnseekerPCV2.png
13:29:52.251 [FXGL Background Thread 2 ] DEBUG FXGLAssetLoaderServi - Loading from file system: file:/C:/Games/CS4900%20Workspace/CS4900G2Proj2/Dawnseeker/target/classes/assets/textures/DawnseekerPCV2Down.png
13:29:52.252 [FXGL Background Thread 2 ] DEBUG FXGLAssetLoaderServi - Loading from file system: file:/C:/Games/CS4900%20Workspace/CS4900G2Proj2/Dawnseeker/target/classes/assets/textures/DawnseekerPCV2Up.png
13:29:52.255 [FXGL Background Thread 2 ] DEBUG FXGLAssetLoaderServi - Loading from file system: file:/C:/Games/CS4900%20Workspace/CS4900G2Proj2/Dawnseeker/target/classes/assets/textures/DawnseekerPCV2Right.png
13:29:52.256 [FXGL Background Thread 2 ] DEBUG FXGLAssetLoaderServi - Loading from file system: file:/C:/Games/CS4900%20Workspace/CS4900G2Proj2/Dawnseeker/target/classes/assets/textures/DawnseekerPCV2Left.png
13:29:52.277 [FXGL Background Thread 2 ] WARN  GameWorld            - Entity is already attached to world
13:29:52.278 [FXGL Background Thread 2 ] WARN  Entity               - Entity already has component: com.almasb.fxgl.entity.components.CollidableComponent
13:29:52.279 [FXGL Background Thread 2 ] WARN  GameWorld            - Entity is already attached to world
13:29:52.280 [FXGL Background Thread 2 ] WARN  Entity               - Entity already has component: com.almasb.fxgl.entity.components.CollidableComponent
13:29:52.280 [FXGL Background Thread 2 ] WARN  GameWorld            - Entity is already attached to world
13:29:52.281 [FXGL Background Thread 2 ] WARN  Entity               - Entity already has component: com.almasb.fxgl.entity.components.CollidableComponent
13:29:52.281 [FXGL Background Thread 2 ] WARN  GameWorld            - Entity is already attached to world
13:29:52.282 [FXGL Background Thread 2 ] WARN  Entity               - Entity already has component: com.almasb.fxgl.entity.components.CollidableComponent
13:29:52.282 [FXGL Background Thread 2 ] WARN  GameWorld            - Entity is already attached to world
13:29:52.283 [FXGL Background Thread 2 ] WARN  GameWorld            - Entity is already attached to world
13:29:52.287 [FXGL Background Thread 2 ] WARN  GameWorld            - Entity is already attached to world
13:29:52.310 [FXGL Background Thread 2 ] INFO  FXGLApplication      - Game initialization took: 0.098 sec
13:29:52.353 [JavaFX Application Thread] DEBUG Input                - Clearing active input actions
13:29:52.372 [JavaFX Application Thread] DEBUG GameApplicationServi - Removing overlay from FXGLLoadingScene and adding to GameScene
13:29:52.372 [JavaFX Application Thread] DEBUG PrimaryStageWindow   - FXGLLoadingScene -> GameScene
13:29:53.548 [JavaFX Application Thread] DEBUG FXGLAssetLoaderServi - Loading from file system: file:/C:/Games/CS4900%20Workspace/CS4900G2Proj2/Dawnseeker/target/classes/assets/textures/EnemyDawnseeker.png
13:29:53.554 [JavaFX Application Thread] DEBUG FXGLAssetLoaderServi - Loading from file system: file:/C:/Games/CS4900%20Workspace/CS4900G2Proj2/Dawnseeker/target/classes/assets/textures/Ghost.gif
13:29:54.236 [FXGL Background Thread 3 ] DEBUG Engine               - Logging environment variables
13:29:54.236 [FXGL Background Thread 3 ] DEBUG Engine               - achievements: []
13:29:54.236 [FXGL Background Thread 3 ] DEBUG Engine               - actualHeight: 864.0
13:29:54.237 [FXGL Background Thread 3 ] DEBUG Engine               - actualHeightProperty: ReadOnlyDoubleProperty [value: 864.0]
13:29:54.237 [FXGL Background Thread 3 ] DEBUG Engine               - actualWidth: 839.0
13:29:54.237 [FXGL Background Thread 3 ] DEBUG Engine               - actualWidthProperty: ReadOnlyDoubleProperty [value: 839.0]
13:29:54.237 [FXGL Background Thread 3 ] DEBUG Engine               - appIcon: fxgl_icon.png
13:29:54.237 [FXGL Background Thread 3 ] DEBUG Engine               - applicationMode: DEVELOPER
13:29:54.237 [FXGL Background Thread 3 ] DEBUG Engine               - cSSList: [fxgl_dark.css]
13:29:54.237 [FXGL Background Thread 3 ] DEBUG Engine               - collisionDetectionStrategy: BRUTE_FORCE
13:29:54.237 [FXGL Background Thread 3 ] DEBUG Engine               - configClass: Optional.empty
13:29:54.237 [FXGL Background Thread 3 ] DEBUG Engine               - credits: []
13:29:54.237 [FXGL Background Thread 3 ] DEBUG Engine               - defaultCursor: CursorInfo(imageName=fxgl_default_cursor.png, hotspotX=7.0, hotspotY=6.0)
13:29:54.238 [FXGL Background Thread 3 ] DEBUG Engine               - devBBoxColorProperty: ObjectProperty [value: 0xff0000ff]
13:29:54.238 [FXGL Background Thread 3 ] DEBUG Engine               - devEnableDebugCameraProperty: BooleanProperty [value: false]
13:29:54.238 [FXGL Background Thread 3 ] DEBUG Engine               - devSensorColorProperty: ObjectProperty [value: 0xffff00ff]
13:29:54.238 [FXGL Background Thread 3 ] DEBUG Engine               - devShowBBoxProperty: BooleanProperty [value: false]
13:29:54.238 [FXGL Background Thread 3 ] DEBUG Engine               - devShowPositionProperty: BooleanProperty [value: false]
13:29:54.238 [FXGL Background Thread 3 ] DEBUG Engine               - enabledMenuItems: []
13:29:54.238 [FXGL Background Thread 3 ] DEBUG Engine               - engineServices: [class com.almasb.fxgl.app.services.FXGLAssetLoaderService, class com.almasb.fxgl.app.FXGLApplication$GameApplicationService, class com.almasb.fxgl.app.services.FXGLDialogService, class com.almasb.fxgl.app.services.IOTaskExecutorService, class com.almasb.fxgl.io.FileSystemService, class com.almasb.fxgl.localization.LocalizationService, class com.almasb.fxgl.app.services.SystemBundleService, class com.almasb.fxgl.profile.SaveLoadService, class com.almasb.fxgl.ui.FXGLUIFactoryServiceProvider, class com.almasb.fxgl.ui.FXGLDialogFactoryServiceProvider, class com.almasb.fxgl.audio.AudioPlayer, class com.almasb.fxgl.notification.impl.NotificationServiceProvider, class com.almasb.fxgl.achievement.AchievementService, class com.almasb.fxgl.cutscene.CutsceneService, class com.almasb.fxgl.minigames.MiniGameService, class com.almasb.fxgl.net.NetService, class com.almasb.fxgl.app.services.UpdaterService, class com.almasb.fxgl.dev.DevService]
13:29:54.238 [FXGL Background Thread 3 ] DEBUG Engine               - fontGame: Abel-Regular.ttf
13:29:54.238 [FXGL Background Thread 3 ] DEBUG Engine               - fontMono: TerminalLandMono-Regular.otf
13:29:54.238 [FXGL Background Thread 3 ] DEBUG Engine               - fontText: Courier-Prime.ttf
13:29:54.239 [FXGL Background Thread 3 ] DEBUG Engine               - fontUI: VarelaRound-Regular.ttf
13:29:54.239 [FXGL Background Thread 3 ] DEBUG Engine               - fullScreen: BooleanProperty [value: false]
13:29:54.239 [FXGL Background Thread 3 ] DEBUG Engine               - gameDifficulty: MEDIUM
13:29:54.239 [FXGL Background Thread 3 ] DEBUG Engine               - gameDifficultyProperty: ObjectProperty [value: MEDIUM]
13:29:54.239 [FXGL Background Thread 3 ] DEBUG Engine               - globalMusicVolume: 0.5
13:29:54.239 [FXGL Background Thread 3 ] DEBUG Engine               - globalMusicVolumeProperty: DoubleProperty [value: 0.5]
13:29:54.239 [FXGL Background Thread 3 ] DEBUG Engine               - globalSoundVolume: 0.5
13:29:54.239 [FXGL Background Thread 3 ] DEBUG Engine               - globalSoundVolumeProperty: DoubleProperty [value: 0.5]
13:29:54.239 [FXGL Background Thread 3 ] DEBUG Engine               - height: 1024
13:29:54.239 [FXGL Background Thread 3 ] DEBUG Engine               - is3D: false
13:29:54.239 [FXGL Background Thread 3 ] DEBUG Engine               - isAndroid: false
13:29:54.239 [FXGL Background Thread 3 ] DEBUG Engine               - isBrowser: false
13:29:54.239 [FXGL Background Thread 3 ] DEBUG Engine               - isClickFeedbackEnabled: false
13:29:54.239 [FXGL Background Thread 3 ] DEBUG Engine               - isCloseConfirmation: false
13:29:54.239 [FXGL Background Thread 3 ] DEBUG Engine               - isDesktop: true
13:29:54.240 [FXGL Background Thread 3 ] DEBUG Engine               - isDeveloperMenuEnabled: false
13:29:54.240 [FXGL Background Thread 3 ] DEBUG Engine               - isEmbedded: false
13:29:54.240 [FXGL Background Thread 3 ] DEBUG Engine               - isEntityPreloadEnabled: true
13:29:54.240 [FXGL Background Thread 3 ] DEBUG Engine               - isExperimentalTiledLargeMap: false
13:29:54.240 [FXGL Background Thread 3 ] DEBUG Engine               - isFileSystemWriteAllowed: true
13:29:54.240 [FXGL Background Thread 3 ] DEBUG Engine               - isFullScreenAllowed: false
13:29:54.240 [FXGL Background Thread 3 ] DEBUG Engine               - isFullScreenFromStart: false
13:29:54.240 [FXGL Background Thread 3 ] DEBUG Engine               - isGameMenuEnabled: true
13:29:54.240 [FXGL Background Thread 3 ] DEBUG Engine               - isIOS: false
13:29:54.240 [FXGL Background Thread 3 ] DEBUG Engine               - isIntroEnabled: false
13:29:54.240 [FXGL Background Thread 3 ] DEBUG Engine               - isLinux: false
13:29:54.241 [FXGL Background Thread 3 ] DEBUG Engine               - isMac: false
13:29:54.241 [FXGL Background Thread 3 ] DEBUG Engine               - isMainMenuEnabled: true
13:29:54.241 [FXGL Background Thread 3 ] DEBUG Engine               - isManualResizeEnabled: false
13:29:54.241 [FXGL Background Thread 3 ] DEBUG Engine               - isMobile: false
13:29:54.241 [FXGL Background Thread 3 ] DEBUG Engine               - isNative: false
13:29:54.241 [FXGL Background Thread 3 ] DEBUG Engine               - isPauseMusicWhenMinimized: true
13:29:54.241 [FXGL Background Thread 3 ] DEBUG Engine               - isPreserveResizeRatio: false
13:29:54.241 [FXGL Background Thread 3 ] DEBUG Engine               - isProfilingEnabled: false
13:29:54.241 [FXGL Background Thread 3 ] DEBUG Engine               - isScaleAffectedOnResize: true
13:29:54.241 [FXGL Background Thread 3 ] DEBUG Engine               - isSingleStep: false
13:29:54.241 [FXGL Background Thread 3 ] DEBUG Engine               - isUserProfileEnabled: false
13:29:54.241 [FXGL Background Thread 3 ] DEBUG Engine               - isWindows: true
13:29:54.241 [FXGL Background Thread 3 ] DEBUG Engine               - language: ObjectProperty [value: ENGLISH]
13:29:54.242 [FXGL Background Thread 3 ] DEBUG Engine               - menuKey: ESCAPE
13:29:54.242 [FXGL Background Thread 3 ] DEBUG Engine               - mouseSensitivity: 0.2
13:29:54.242 [FXGL Background Thread 3 ] DEBUG Engine               - notificationViewClass: class com.almasb.fxgl.notification.view.XboxNotificationView
13:29:54.242 [FXGL Background Thread 3 ] DEBUG Engine               - pixelsPerMeter: 50.0
13:29:54.242 [FXGL Background Thread 3 ] DEBUG Engine               - platform: WINDOWS
13:29:54.242 [FXGL Background Thread 3 ] DEBUG Engine               - prefHeightProperty: ReadOnlyDoubleProperty [value: 1024.0]
13:29:54.242 [FXGL Background Thread 3 ] DEBUG Engine               - prefWidthProperty: ReadOnlyDoubleProperty [value: 1024.0]
13:29:54.242 [FXGL Background Thread 3 ] DEBUG Engine               - profileDir: profiles/
13:29:54.243 [FXGL Background Thread 3 ] DEBUG Engine               - profileName: StringProperty [value: DEFAULT]
13:29:54.243 [FXGL Background Thread 3 ] DEBUG Engine               - randomSeed: -1
13:29:54.244 [FXGL Background Thread 3 ] DEBUG Engine               - runtimeInfo: RuntimeInfo(platform=WINDOWS, version=17.2, build=20.08.2022 16.50)
13:29:54.244 [FXGL Background Thread 3 ] DEBUG Engine               - saveFileExt: sav
13:29:54.245 [FXGL Background Thread 3 ] DEBUG Engine               - scaledHeightProp$fxgl: DoubleProperty [bound, value: 864.0]
13:29:54.245 [FXGL Background Thread 3 ] DEBUG Engine               - scaledWidthProp$fxgl: DoubleProperty [bound, value: 839.0]
13:29:54.245 [FXGL Background Thread 3 ] DEBUG Engine               - sceneFactory: myGame.DawnseekerApp$1@146cf700
13:29:54.245 [FXGL Background Thread 3 ] DEBUG Engine               - secondsIn24h: 60
13:29:54.245 [FXGL Background Thread 3 ] DEBUG Engine               - soundMenuBack: menu/back.wav
13:29:54.245 [FXGL Background Thread 3 ] DEBUG Engine               - soundMenuPress: menu/press.wav
13:29:54.245 [FXGL Background Thread 3 ] DEBUG Engine               - soundMenuSelect: menu/select.wav
13:29:54.245 [FXGL Background Thread 3 ] DEBUG Engine               - soundNotification: core/notification.wav
13:29:54.245 [FXGL Background Thread 3 ] DEBUG Engine               - stageStyle: DECORATED
13:29:54.245 [FXGL Background Thread 3 ] DEBUG Engine               - supportedLanguages: [ENGLISH, FRENCH, GERMAN, HUNGARIAN, RUSSIAN]
13:29:54.245 [FXGL Background Thread 3 ] DEBUG Engine               - ticksPerSecond: -1
13:29:54.246 [FXGL Background Thread 3 ] DEBUG Engine               - title: Dawnseeker
13:29:54.246 [FXGL Background Thread 3 ] DEBUG Engine               - urlGithub: https://github.com/AlmasB/FXGL
13:29:54.246 [FXGL Background Thread 3 ] DEBUG Engine               - urlLeaderboard: http://fxgl-top.herokuapp.com/
13:29:54.246 [FXGL Background Thread 3 ] DEBUG Engine               - urlPOM: https://raw.githubusercontent.com/AlmasB/FXGL/release/README.md
13:29:54.246 [FXGL Background Thread 3 ] DEBUG Engine               - userAppClass: class myGame.DawnseekerApp
13:29:54.246 [FXGL Background Thread 3 ] DEBUG Engine               - version: 0.4
13:29:54.246 [FXGL Background Thread 3 ] DEBUG Engine               - versionCheckDays: 7
13:29:54.246 [FXGL Background Thread 3 ] DEBUG Engine               - width: 1024
13:29:54.246 [FXGL Background Thread 3 ] DEBUG Engine               - Logging services
13:29:54.246 [FXGL Background Thread 3 ] DEBUG Engine               - class com.almasb.fxgl.app.services.FXGLAssetLoaderService
13:29:54.246 [FXGL Background Thread 3 ] DEBUG Engine               - class com.almasb.fxgl.app.FXGLApplication$GameApplicationService
13:29:54.246 [FXGL Background Thread 3 ] DEBUG Engine               - class com.almasb.fxgl.app.services.FXGLDialogService
13:29:54.246 [FXGL Background Thread 3 ] DEBUG Engine               - class com.almasb.fxgl.app.services.IOTaskExecutorService
13:29:54.246 [FXGL Background Thread 3 ] DEBUG Engine               - class com.almasb.fxgl.io.FileSystemService
13:29:54.246 [FXGL Background Thread 3 ] DEBUG Engine               - class com.almasb.fxgl.localization.LocalizationService
13:29:54.246 [FXGL Background Thread 3 ] DEBUG Engine               - class com.almasb.fxgl.app.services.SystemBundleService
13:29:54.247 [FXGL Background Thread 3 ] DEBUG Engine               - class com.almasb.fxgl.profile.SaveLoadService
13:29:54.247 [FXGL Background Thread 3 ] DEBUG Engine               - class com.almasb.fxgl.ui.FXGLUIFactoryServiceProvider
13:29:54.247 [FXGL Background Thread 3 ] DEBUG Engine               - class com.almasb.fxgl.ui.FXGLDialogFactoryServiceProvider
13:29:54.247 [FXGL Background Thread 3 ] DEBUG Engine               - class com.almasb.fxgl.audio.AudioPlayer
13:29:54.247 [FXGL Background Thread 3 ] DEBUG Engine               - class com.almasb.fxgl.notification.impl.NotificationServiceProvider
13:29:54.247 [FXGL Background Thread 3 ] DEBUG Engine               - class com.almasb.fxgl.achievement.AchievementService
13:29:54.247 [FXGL Background Thread 3 ] DEBUG Engine               - class com.almasb.fxgl.cutscene.CutsceneService
13:29:54.247 [FXGL Background Thread 3 ] DEBUG Engine               - class com.almasb.fxgl.minigames.MiniGameService
13:29:54.247 [FXGL Background Thread 3 ] DEBUG Engine               - class com.almasb.fxgl.net.NetService
13:29:54.247 [FXGL Background Thread 3 ] DEBUG Engine               - class com.almasb.fxgl.app.services.UpdaterService
13:29:54.247 [FXGL Background Thread 3 ] DEBUG Engine               - class com.almasb.fxgl.dev.DevService
13:29:55.578 [JavaFX Application Thread] DEBUG FXGLAssetLoaderServi - Loading from file system: file:/C:/Games/CS4900%20Workspace/CS4900G2Proj2/Dawnseeker/target/classes/assets/sounds/magic_missile.wav
13:29:55.602 [JavaFX Application Thread] DEBUG FXGLAssetLoaderServi - Loading from file system: file:/C:/Games/CS4900%20Workspace/CS4900G2Proj2/Dawnseeker/target/classes/assets/textures/FireBallProjectile.png
13:29:55.881 [JavaFX Application Thread] WARN  GameWorld            - Attempted to remove entity which is not active
13:29:55.883 [JavaFX Application Thread] DEBUG FXGLAssetLoaderServi - Loading from file system: file:/C:/Games/CS4900%20Workspace/CS4900G2Proj2/Dawnseeker/target/classes/assets/textures/Coin.png
13:29:55.885 [JavaFX Application Thread] DEBUG FXGLAssetLoaderServi - Loading from file system: file:/C:/Games/CS4900%20Workspace/CS4900G2Proj2/Dawnseeker/target/classes/assets/sounds/bong.wav
13:29:57.897 [JavaFX Application Thread] WARN  GameWorld            - Attempted to remove entity which is not active
13:29:57.901 [JavaFX Application Thread] DEBUG FXGLAssetLoaderServi - Loading from file system: file:/C:/Games/CS4900%20Workspace/CS4900G2Proj2/Dawnseeker/target/classes/assets/textures/Power.png
13:29:58.776 [JavaFX Application Thread] WARN  GameWorld            - Attempted to remove entity which is not active
13:29:59.784 [JavaFX Application Thread] DEBUG FXGLAssetLoaderServi - Loading from file system: file:/C:/Games/CS4900%20Workspace/CS4900G2Proj2/Dawnseeker/target/classes/assets/sounds/coin_pickup.wav
13:30:00.504 [JavaFX Application Thread] WARN  GameWorld            - Attempted to remove entity which is not active
13:30:00.506 [JavaFX Application Thread] DEBUG FXGLAssetLoaderServi - Loading from file system: file:/C:/Games/CS4900%20Workspace/CS4900G2Proj2/Dawnseeker/target/classes/assets/textures/HealthPotion.png
13:30:01.351 [JavaFX Application Thread] WARN  GameWorld            - Attempted to remove entity which is not active
13:30:02.247 [JavaFX Application Thread] WARN  GameWorld            - Attempted to remove entity which is not active
13:30:02.601 [JavaFX Application Thread] WARN  GameWorld            - Attempted to remove entity which is not active
13:30:02.808 [JavaFX Application Thread] WARN  GameWorld            - Attempted to remove entity which is not active
13:30:03.225 [JavaFX Application Thread] WARN  GameWorld            - Attempted to remove entity which is not active
13:30:03.400 [JavaFX Application Thread] WARN  GameWorld            - Attempted to remove entity which is not active
13:30:03.403 [JavaFX Application Thread] DEBUG FXGLAssetLoaderServi - Loading from file system: file:/C:/Games/CS4900%20Workspace/CS4900G2Proj2/Dawnseeker/target/classes/assets/textures/Speed.png
13:30:03.719 [JavaFX Application Thread] WARN  GameWorld            - Attempted to remove entity which is not active
13:30:04.280 [JavaFX Application Thread] WARN  GameWorld            - Attempted to remove entity which is not active
13:30:04.441 [JavaFX Application Thread] WARN  GameWorld            - Attempted to remove entity which is not active
13:30:04.712 [JavaFX Application Thread] WARN  GameWorld            - Attempted to remove entity which is not active
13:30:04.968 [JavaFX Application Thread] WARN  GameWorld            - Attempted to remove entity which is not active
13:30:05.352 [JavaFX Application Thread] WARN  GameWorld            - Attempted to remove entity which is not active
13:30:06.424 [JavaFX Application Thread] WARN  GameWorld            - Attempted to remove entity which is not active
13:30:06.632 [JavaFX Application Thread] WARN  GameWorld            - Attempted to remove entity which is not active
13:30:06.872 [JavaFX Application Thread] WARN  GameWorld            - Attempted to remove entity which is not active
13:30:07.177 [JavaFX Application Thread] WARN  GameWorld            - Attempted to remove entity which is not active
13:30:07.519 [JavaFX Application Thread] DEBUG FXGLAssetLoaderServi - Loading from file system: file:/C:/Games/CS4900%20Workspace/CS4900G2Proj2/Dawnseeker/target/classes/assets/sounds/player_oof.wav
13:30:08.393 [JavaFX Application Thread] WARN  GameWorld            - Attempted to remove entity which is not active
13:30:09.261 [JavaFX Application Thread] WARN  GameWorld            - Attempted to remove entity which is not active
13:30:09.719 [JavaFX Application Thread] WARN  GameWorld            - Attempted to remove entity which is not active
13:30:10.008 [JavaFX Application Thread] WARN  GameWorld            - Attempted to remove entity which is not active
13:30:10.233 [JavaFX Application Thread] WARN  GameWorld            - Attempted to remove entity which is not active
13:30:10.727 [JavaFX Application Thread] WARN  GameWorld            - Attempted to remove entity which is not active
13:30:11.880 [JavaFX Application Thread] WARN  GameWorld            - Attempted to remove entity which is not active
13:30:12.120 [JavaFX Application Thread] WARN  GameWorld            - Attempted to remove entity which is not active
13:30:13.513 [JavaFX Application Thread] WARN  GameWorld            - Attempted to remove entity which is not active
13:30:13.608 [JavaFX Application Thread] WARN  GameWorld            - Attempted to remove entity which is not active
13:30:13.751 [JavaFX Application Thread] WARN  GameWorld            - Attempted to remove entity which is not active
13:30:13.847 [JavaFX Application Thread] WARN  GameWorld            - Attempted to remove entity which is not active
13:30:14.248 [JavaFX Application Thread] WARN  GameWorld            - Attempted to remove entity which is not active
13:30:14.824 [JavaFX Application Thread] WARN  GameWorld            - Attempted to remove entity which is not active
13:30:15.080 [JavaFX Application Thread] WARN  GameWorld            - Attempted to remove entity which is not active
13:30:15.496 [JavaFX Application Thread] WARN  GameWorld            - Attempted to remove entity which is not active
13:30:15.593 [JavaFX Application Thread] WARN  GameWorld            - Attempted to remove entity which is not active
13:30:15.784 [JavaFX Application Thread] WARN  GameWorld            - Attempted to remove entity which is not active
13:30:15.961 [JavaFX Application Thread] WARN  GameWorld            - Attempted to remove entity which is not active
13:30:16.872 [JavaFX Application Thread] WARN  GameWorld            - Attempted to remove entity which is not active
13:30:17.081 [JavaFX Application Thread] WARN  GameWorld            - Attempted to remove entity which is not active
13:30:18.375 [JavaFX Application Thread] WARN  GameWorld            - Attempted to remove entity which is not active
13:30:18.552 [JavaFX Application Thread] WARN  GameWorld            - Attempted to remove entity which is not active
13:30:18.938 [JavaFX Application Thread] WARN  GameWorld            - Attempted to remove entity which is not active
13:30:19.096 [JavaFX Application Thread] WARN  GameWorld            - Attempted to remove entity which is not active
13:30:20.401 [JavaFX Application Thread] DEBUG FXGLApplication      - Exiting FXGL
13:30:20.401 [JavaFX Application Thread] DEBUG LoopRunner           - Stopping loop
13:30:20.401 [JavaFX Application Thread] DEBUG SystemBundleService  - Saving FXGL system data
13:30:20.404 [JavaFX Application Thread] DEBUG FileSystemAccess     - Writing to: C:\Games\CS4900 Workspace\CS4900G2Proj2\Dawnseeker\system\fxgl.bundle
13:30:20.407 [JavaFX Application Thread] DEBUG Async                - Shutting down background threads
13:30:20.407 [JavaFX Application Thread] DEBUG PrimaryStageWindow   - Closing main window
13:30:20.436 [JavaFX Application Thread] DEBUG Logger               - Closing Logger
