17:44:31.460 [main                     ] DEBUG Logger               - Configured Logger
17:44:31.493 [main                     ] DEBUG GameApplication      - Logging settings
Title: Dawnseeker
Version: 0.4
Width: 1024
Height: 1024
Fullscreen: false
Intro: false
Profiling: false
Single step:false
App Mode: DEVELOPER
Menu Key: ESCAPE
Stage Style: DECORATED
Scene Factory: class myGame.DawnseekerApp$1

17:44:31.945 [JavaFX Application Thread] DEBUG FXGLApplication      - Initializing FXGL
17:44:31.954 [JavaFX Application Thread] INFO  Engine               - FXGL-17.2 (20.08.2022 16.50) on WINDOWS (J:19.0.2 FX:18)
17:44:31.954 [JavaFX Application Thread] DEBUG Engine               - JRE Vendor Name: Oracle Corporation
17:44:31.955 [JavaFX Application Thread] DEBUG Engine               - Running on OS: Windows 10 version 10.0
17:44:31.955 [JavaFX Application Thread] DEBUG Engine               - Architecture: amd64
17:44:31.955 [JavaFX Application Thread] INFO  Engine               - Source code and latest versions at: https://github.com/AlmasB/FXGL
17:44:31.955 [JavaFX Application Thread] INFO  Engine               -       Ask questions and discuss at: https://github.com/AlmasB/FXGL/discussions
17:44:31.955 [JavaFX Application Thread] INFO  Engine               -              Join the FXGL chat at: https://gitter.im/AlmasB/FXGL
17:44:32.109 [JavaFX Application Thread] DEBUG PrimaryStageWindow   - Creating a JavaFX scene
17:44:32.109 [JavaFX Application Thread] DEBUG PrimaryStageWindow   - Target size > screen size
17:44:32.164 [JavaFX Application Thread] DEBUG PrimaryStageWindow   - Target settings size: 1024.0 x 1024.0
17:44:32.164 [JavaFX Application Thread] DEBUG PrimaryStageWindow   - Scaled scene size:    799.0 x 824.0
17:44:32.164 [JavaFX Application Thread] DEBUG PrimaryStageWindow   - Scaled ratio: (0.7802734375, 0.8046875)
17:44:32.166 [JavaFX Application Thread] DEBUG PrimaryStageWindow   - Set initial scene to FXGLStartupScene
17:44:32.175 [JavaFX Application Thread] DEBUG PrimaryStageWindow   - Opening main window
17:44:32.299 [JavaFX Application Thread] DEBUG PrimaryStageWindow   - Window border size: (14.5999755859375, 37.5999755859375)
17:44:32.301 [JavaFX Application Thread] DEBUG PrimaryStageWindow   - Scaled size: 799.0 x 824.0
17:44:32.301 [JavaFX Application Thread] DEBUG PrimaryStageWindow   - Scaled ratio: (0.7802734375, 0.8046875)
17:44:32.302 [JavaFX Application Thread] DEBUG PrimaryStageWindow   - Scene size: 799.0 x 824.0
17:44:32.302 [JavaFX Application Thread] DEBUG PrimaryStageWindow   - Stage size: 813.5999755859375 x 861.5999755859375
17:44:32.315 [FXGL Background Thread 1 ] DEBUG Engine               - Initializing environment variables
17:44:32.402 [FXGL Background Thread 1 ] DEBUG FXGLAssetLoaderServi - User app class for loading assets: class myGame.DawnseekerApp
17:44:32.402 [FXGL Background Thread 1 ] DEBUG GameApplicationServi - Applying CSS: fxgl_dark.css
17:44:32.404 [FXGL Background Thread 1 ] DEBUG FXGLAssetLoaderServi - Loading from file system: jar:file:/C:/Users/narro/.m2/repository/com/github/almasb/fxgl/17.2/fxgl-17.2.jar!/fxglassets/ui/css/fxgl_dark.css
17:44:32.475 [FXGL Background Thread 1 ] DEBUG GameApplicationServi - Initializing application scenes
17:44:32.540 [FXGL Background Thread 1 ] DEBUG GameWorld            - Game world initialized
17:44:32.635 [FXGL Background Thread 1 ] DEBUG PhysicsWorld         - Physics world initialized: appHeight=1024, physics.ppm=50.0
17:44:32.635 [FXGL Background Thread 1 ] DEBUG PhysicsWorld         - Using strategy: BRUTE_FORCE
17:44:32.642 [FXGL Background Thread 1 ] DEBUG GameScene            - Game scene initialized: 1024x1024
17:44:32.642 [FXGL Background Thread 1 ] DEBUG FXGLAssetLoaderServi - Loading from file system: file:/C:/Users/narro/git/CS4900G2Proj2/Dawnseeker/target/classes/assets/music/shop.mp3
17:44:32.819 [FXGL Background Thread 1 ] DEBUG AudioPlayer          - Playing music com.almasb.fxgl.audio.Music@35a203dd
17:44:32.838 [FXGL Background Thread 1 ] DEBUG FXGLAssetLoaderServi - Loading from file system: file:/C:/Users/narro/git/CS4900G2Proj2/Dawnseeker/target/classes/assets/textures/bg.png
17:44:32.953 [FXGL Background Thread 1 ] DEBUG FXGL.DefaultMenu     - createMenuBodyGameMenu()
17:44:32.970 [FXGL Background Thread 1 ] DEBUG FXGL.DefaultMenu     - createOptionsMenu()
17:44:32.980 [FXGL Background Thread 1 ] DEBUG FXGLAssetLoaderServi - Loading from file system: jar:file:/C:/Users/narro/.m2/repository/com/github/almasb/fxgl/17.2/fxgl-17.2.jar!/fxglassets/textures/particles/smoke.png
17:44:33.095 [FXGL Background Thread 1 ] DEBUG FXGLAssetLoaderServi - Loading from file system: jar:file:/C:/Users/narro/.m2/repository/com/github/almasb/fxgl/17.2/fxgl-17.2.jar!/fxglassets/textures/particles/trace_horizontal.png
17:44:33.118 [FXGL Background Thread 1 ] DEBUG GameApplicationServi - Application scenes initialized
17:44:33.140 [FXGL Background Thread 1 ] DEBUG SystemBundleService  - Loading FXGL system data
17:44:33.150 [FXGL Background Thread 1 ] DEBUG FileSystemAccess     - Reading from: C:\Users\narro\git\CS4900G2Proj2\Dawnseeker\system\fxgl.bundle
17:44:33.163 [FXGL Background Thread 1 ] DEBUG SystemBundleService  - Bundle FXGL: {}
17:44:33.163 [FXGL Background Thread 1 ] DEBUG UpdaterService       - Checking for updates
17:44:33.171 [FXGL Background Thread 4 ] DEBUG FXGLApplication      - Loading fonts
17:44:33.172 [FXGL Background Thread 4 ] DEBUG FXGLAssetLoaderServi - Loading from file system: jar:file:/C:/Users/narro/.m2/repository/com/github/almasb/fxgl/17.2/fxgl-17.2.jar!/fxglassets/ui/fonts/VarelaRound-Regular.ttf
17:44:33.172 [FXGL Background Thread 1 ] DEBUG FXGLApplication      - Loading default localization
17:44:33.173 [FXGL Background Thread 1 ] DEBUG FXGLAssetLoaderServi - Loading from file system: jar:file:/C:/Users/narro/.m2/repository/com/github/almasb/fxgl/17.2/fxgl-17.2.jar!/fxglassets/languages/english.lang
17:44:33.209 [FXGL Background Thread 1 ] INFO  FXGLApplication      - FXGL initialization took: 0.894 sec
17:44:33.217 [JavaFX Application Thread] DEBUG Input                - Registered new binding: action0 - LMB
17:44:33.225 [JavaFX Application Thread] DEBUG Input                - Registered new binding: Up - W
17:44:33.225 [JavaFX Application Thread] DEBUG Input                - Registered new binding: Down - S
17:44:33.226 [JavaFX Application Thread] DEBUG Input                - Registered new binding: Right - D
17:44:33.226 [JavaFX Application Thread] DEBUG Input                - Registered new binding: Left - A
17:44:33.228 [JavaFX Application Thread] DEBUG Input                - Registered new binding: Close Shop - F
17:44:33.229 [JavaFX Application Thread] DEBUG Input                - Registered new binding: Open Shop - F
17:44:33.231 [JavaFX Application Thread] DEBUG FXGLAssetLoaderServi - Loading from file system: jar:file:/C:/Users/narro/.m2/repository/com/github/almasb/fxgl/17.2/fxgl-17.2.jar!/fxglassets/textures/fxgl_icon.png
17:44:33.253 [JavaFX Application Thread] DEBUG FXGLAssetLoaderServi - Loading from file system: jar:file:/C:/Users/narro/.m2/repository/com/github/almasb/fxgl/17.2/fxgl-17.2.jar!/fxglassets/textures/fxgl_default_cursor.png
17:44:33.256 [JavaFX Application Thread] DEBUG Input                - Registered new binding: Screenshot - CTRL+8
17:44:33.257 [JavaFX Application Thread] DEBUG Input                - Registered new binding: System info dump - CTRL+9
17:44:33.257 [JavaFX Application Thread] DEBUG Input                - Registered new binding: Restart - CTRL+R
17:44:33.259 [JavaFX Application Thread] DEBUG Input                - Registered new binding: Toggle Debug Camera - CTRL+7
17:44:33.262 [JavaFX Application Thread] DEBUG LoopRunner           - Starting loop
17:44:33.262 [JavaFX Application Thread] DEBUG LoopRunner           - Initializing JavaFX AnimationTimerLoop
17:44:33.267 [JavaFX Application Thread] DEBUG Input                - Clearing active input actions
17:44:33.284 [JavaFX Application Thread] DEBUG GameApplicationServi - Removing overlay from FXGLStartupScene and adding to FXGLMainMenuDummyScene
17:44:33.285 [JavaFX Application Thread] DEBUG PrimaryStageWindow   - FXGLStartupScene -> FXGLMainMenuDummyScene
17:44:33.285 [JavaFX Application Thread] DEBUG PrimaryStageWindow   - Push state: DawnseekerMenu
17:44:33.285 [JavaFX Application Thread] DEBUG Input                - Clearing active input actions
17:44:33.292 [JavaFX Application Thread] DEBUG GameApplicationServi - Removing overlay from FXGLMainMenuDummyScene and adding to DawnseekerMenu
17:44:33.294 [JavaFX Application Thread] DEBUG PrimaryStageWindow   - FXGLMainMenuDummyScene -> DawnseekerMenu
17:44:33.303 [FXGL Background Thread 4 ] DEBUG FXGLAssetLoaderServi - Loading from file system: jar:file:/C:/Users/narro/.m2/repository/com/github/almasb/fxgl/17.2/fxgl-17.2.jar!/fxglassets/ui/fonts/Abel-Regular.ttf
17:44:33.317 [FXGL Background Thread 4 ] DEBUG FXGLAssetLoaderServi - Loading from file system: jar:file:/C:/Users/narro/.m2/repository/com/github/almasb/fxgl/17.2/fxgl-17.2.jar!/fxglassets/ui/fonts/TerminalLandMono-Regular.otf
17:44:33.336 [FXGL Background Thread 4 ] DEBUG FXGLAssetLoaderServi - Loading from file system: jar:file:/C:/Users/narro/.m2/repository/com/github/almasb/fxgl/17.2/fxgl-17.2.jar!/fxglassets/ui/fonts/Courier-Prime.ttf
17:44:33.358 [JavaFX Application Thread] DEBUG FXGLApplication      - Registering font factories with UI factory
17:44:33.975 [FXGL Background Thread 2 ] INFO  UpdaterService       - Your current version:  17.2
17:44:33.975 [FXGL Background Thread 2 ] INFO  UpdaterService       - Latest stable version: 17.3
17:44:34.469 [JavaFX Application Thread] DEBUG Menu                 - fireNewGame()
17:44:34.469 [JavaFX Application Thread] DEBUG GameApplicationServi - Starting new game
17:44:34.470 [JavaFX Application Thread] DEBUG PrimaryStageWindow   - Pop state: DawnseekerMenu
17:44:34.470 [JavaFX Application Thread] DEBUG Input                - Clearing active input actions
17:44:34.472 [JavaFX Application Thread] DEBUG GameApplicationServi - Removing overlay from DawnseekerMenu and adding to FXGLMainMenuDummyScene
17:44:34.473 [JavaFX Application Thread] DEBUG PrimaryStageWindow   - FXGLMainMenuDummyScene <- DawnseekerMenu
17:44:34.474 [JavaFX Application Thread] DEBUG Input                - Clearing active input actions
17:44:34.495 [JavaFX Application Thread] DEBUG GameApplicationServi - Removing overlay from FXGLMainMenuDummyScene and adding to FXGLLoadingScene
17:44:34.496 [JavaFX Application Thread] DEBUG PrimaryStageWindow   - FXGLMainMenuDummyScene -> FXGLLoadingScene
17:44:34.496 [JavaFX Application Thread] DEBUG GameApplicationServi - Clearing previous game
17:44:34.497 [JavaFX Application Thread] DEBUG GameScene            - Clearing game scene
17:44:34.497 [JavaFX Application Thread] DEBUG GameWorld            - Clearing game world
17:44:34.497 [JavaFX Application Thread] DEBUG PhysicsWorld         - Clearing physics world
17:44:34.502 [JavaFX Application Thread] DEBUG AudioPlayer          - Stopping music com.almasb.fxgl.audio.Music@35a203dd
17:44:34.502 [FXGL Background Thread 2 ] DEBUG FXGLApplication      - Initializing game
17:44:34.519 [FXGL Background Thread 2 ] DEBUG FXGLAssetLoaderServi - Loading from file system: file:/C:/Users/narro/git/CS4900G2Proj2/Dawnseeker/target/classes/assets/music/heartache.mp3
17:44:34.527 [FXGL Background Thread 2 ] DEBUG AudioPlayer          - Playing music com.almasb.fxgl.audio.Music@4977c2c1
17:44:34.580 [FXGL Background Thread 2 ] DEBUG FXGLAssetLoaderServi - Loading from file system: file:/C:/Users/narro/git/CS4900G2Proj2/Dawnseeker/target/classes/assets/textures/DawnseekerPCV2.png
17:44:34.590 [FXGL Background Thread 2 ] DEBUG FXGLAssetLoaderServi - Loading from file system: file:/C:/Users/narro/git/CS4900G2Proj2/Dawnseeker/target/classes/assets/textures/DawnseekerPCV2Down.png
17:44:34.593 [FXGL Background Thread 2 ] DEBUG FXGLAssetLoaderServi - Loading from file system: file:/C:/Users/narro/git/CS4900G2Proj2/Dawnseeker/target/classes/assets/textures/DawnseekerPCV2Up.png
17:44:34.597 [FXGL Background Thread 2 ] DEBUG FXGLAssetLoaderServi - Loading from file system: file:/C:/Users/narro/git/CS4900G2Proj2/Dawnseeker/target/classes/assets/textures/DawnseekerPCV2Right.png
17:44:34.601 [FXGL Background Thread 2 ] DEBUG FXGLAssetLoaderServi - Loading from file system: file:/C:/Users/narro/git/CS4900G2Proj2/Dawnseeker/target/classes/assets/textures/DawnseekerPCV2Left.png
17:44:34.626 [FXGL Background Thread 2 ] WARN  GameWorld            - Entity is already attached to world
17:44:34.628 [FXGL Background Thread 2 ] WARN  Entity               - Entity already has component: com.almasb.fxgl.entity.components.CollidableComponent
17:44:34.628 [FXGL Background Thread 2 ] WARN  GameWorld            - Entity is already attached to world
17:44:34.629 [FXGL Background Thread 2 ] WARN  Entity               - Entity already has component: com.almasb.fxgl.entity.components.CollidableComponent
17:44:34.629 [FXGL Background Thread 2 ] WARN  GameWorld            - Entity is already attached to world
17:44:34.631 [FXGL Background Thread 2 ] WARN  Entity               - Entity already has component: com.almasb.fxgl.entity.components.CollidableComponent
17:44:34.631 [FXGL Background Thread 2 ] WARN  GameWorld            - Entity is already attached to world
17:44:34.632 [FXGL Background Thread 2 ] WARN  Entity               - Entity already has component: com.almasb.fxgl.entity.components.CollidableComponent
17:44:34.632 [FXGL Background Thread 2 ] WARN  GameWorld            - Entity is already attached to world
17:44:34.634 [FXGL Background Thread 2 ] WARN  GameWorld            - Entity is already attached to world
17:44:34.635 [FXGL Background Thread 2 ] WARN  GameWorld            - Entity is already attached to world
17:44:34.653 [FXGL Background Thread 2 ] INFO  FXGLApplication      - Game initialization took: 0.151 sec
17:44:34.662 [JavaFX Application Thread] DEBUG Input                - Clearing active input actions
17:44:34.674 [JavaFX Application Thread] DEBUG GameApplicationServi - Removing overlay from FXGLLoadingScene and adding to GameScene
17:44:34.675 [JavaFX Application Thread] DEBUG PrimaryStageWindow   - FXGLLoadingScene -> GameScene
17:44:35.640 [JavaFX Application Thread] DEBUG FXGLAssetLoaderServi - Loading from file system: file:/C:/Users/narro/git/CS4900G2Proj2/Dawnseeker/target/classes/assets/textures/EnemyDawnseeker.png
17:44:35.650 [JavaFX Application Thread] DEBUG FXGLAssetLoaderServi - Loading from file system: file:/C:/Users/narro/git/CS4900G2Proj2/Dawnseeker/target/classes/assets/textures/sussy.gif
17:44:36.020 [JavaFX Application Thread] DEBUG FXGLAssetLoaderServi - Loading from file system: file:/C:/Users/narro/git/CS4900G2Proj2/Dawnseeker/target/classes/assets/sounds/yoda_death.wav
17:44:36.033 [JavaFX Application Thread] DEBUG PrimaryStageWindow   - Push state: ShopTest
17:44:36.034 [JavaFX Application Thread] DEBUG Input                - Clearing active input actions
17:44:36.034 [JavaFX Application Thread] DEBUG GameApplicationServi - Removing overlay from GameScene and adding to ShopTest
17:44:36.034 [JavaFX Application Thread] DEBUG PrimaryStageWindow   - GameScene -> ShopTest
17:44:36.035 [JavaFX Application Thread] DEBUG Input                - Registered new binding: Close Shop - F
17:44:36.170 [FXGL Background Thread 3 ] DEBUG Engine               - Logging environment variables
17:44:36.172 [FXGL Background Thread 3 ] DEBUG Engine               - achievements: []
17:44:36.172 [FXGL Background Thread 3 ] DEBUG Engine               - actualHeight: 824.0
17:44:36.172 [FXGL Background Thread 3 ] DEBUG Engine               - actualHeightProperty: ReadOnlyDoubleProperty [value: 824.0]
17:44:36.172 [FXGL Background Thread 3 ] DEBUG Engine               - actualWidth: 799.0
17:44:36.173 [FXGL Background Thread 3 ] DEBUG Engine               - actualWidthProperty: ReadOnlyDoubleProperty [value: 799.0]
17:44:36.173 [FXGL Background Thread 3 ] DEBUG Engine               - appIcon: fxgl_icon.png
17:44:36.173 [FXGL Background Thread 3 ] DEBUG Engine               - applicationMode: DEVELOPER
17:44:36.173 [FXGL Background Thread 3 ] DEBUG Engine               - cSSList: [fxgl_dark.css]
17:44:36.173 [FXGL Background Thread 3 ] DEBUG Engine               - collisionDetectionStrategy: BRUTE_FORCE
17:44:36.174 [FXGL Background Thread 3 ] DEBUG Engine               - configClass: Optional.empty
17:44:36.174 [FXGL Background Thread 3 ] DEBUG Engine               - credits: []
17:44:36.175 [FXGL Background Thread 3 ] DEBUG Engine               - defaultCursor: CursorInfo(imageName=fxgl_default_cursor.png, hotspotX=7.0, hotspotY=6.0)
17:44:36.175 [FXGL Background Thread 3 ] DEBUG Engine               - devBBoxColorProperty: ObjectProperty [value: 0xff0000ff]
17:44:36.175 [FXGL Background Thread 3 ] DEBUG Engine               - devEnableDebugCameraProperty: BooleanProperty [value: false]
17:44:36.176 [FXGL Background Thread 3 ] DEBUG Engine               - devSensorColorProperty: ObjectProperty [value: 0xffff00ff]
17:44:36.176 [FXGL Background Thread 3 ] DEBUG Engine               - devShowBBoxProperty: BooleanProperty [value: false]
17:44:36.176 [FXGL Background Thread 3 ] DEBUG Engine               - devShowPositionProperty: BooleanProperty [value: false]
17:44:36.176 [FXGL Background Thread 3 ] DEBUG Engine               - enabledMenuItems: []
17:44:36.177 [FXGL Background Thread 3 ] DEBUG Engine               - engineServices: [class com.almasb.fxgl.app.services.FXGLAssetLoaderService, class com.almasb.fxgl.app.FXGLApplication$GameApplicationService, class com.almasb.fxgl.app.services.FXGLDialogService, class com.almasb.fxgl.app.services.IOTaskExecutorService, class com.almasb.fxgl.io.FileSystemService, class com.almasb.fxgl.localization.LocalizationService, class com.almasb.fxgl.app.services.SystemBundleService, class com.almasb.fxgl.profile.SaveLoadService, class com.almasb.fxgl.ui.FXGLUIFactoryServiceProvider, class com.almasb.fxgl.ui.FXGLDialogFactoryServiceProvider, class com.almasb.fxgl.audio.AudioPlayer, class com.almasb.fxgl.notification.impl.NotificationServiceProvider, class com.almasb.fxgl.achievement.AchievementService, class com.almasb.fxgl.cutscene.CutsceneService, class com.almasb.fxgl.minigames.MiniGameService, class com.almasb.fxgl.net.NetService, class com.almasb.fxgl.app.services.UpdaterService, class com.almasb.fxgl.dev.DevService]
17:44:36.177 [FXGL Background Thread 3 ] DEBUG Engine               - fontGame: Abel-Regular.ttf
17:44:36.177 [FXGL Background Thread 3 ] DEBUG Engine               - fontMono: TerminalLandMono-Regular.otf
17:44:36.177 [FXGL Background Thread 3 ] DEBUG Engine               - fontText: Courier-Prime.ttf
17:44:36.177 [FXGL Background Thread 3 ] DEBUG Engine               - fontUI: VarelaRound-Regular.ttf
17:44:36.178 [FXGL Background Thread 3 ] DEBUG Engine               - fullScreen: BooleanProperty [value: false]
17:44:36.178 [FXGL Background Thread 3 ] DEBUG Engine               - gameDifficulty: MEDIUM
17:44:36.178 [FXGL Background Thread 3 ] DEBUG Engine               - gameDifficultyProperty: ObjectProperty [value: MEDIUM]
17:44:36.178 [FXGL Background Thread 3 ] DEBUG Engine               - globalMusicVolume: 0.5
17:44:36.178 [FXGL Background Thread 3 ] DEBUG Engine               - globalMusicVolumeProperty: DoubleProperty [value: 0.5]
17:44:36.179 [FXGL Background Thread 3 ] DEBUG Engine               - globalSoundVolume: 0.5
17:44:36.179 [FXGL Background Thread 3 ] DEBUG Engine               - globalSoundVolumeProperty: DoubleProperty [value: 0.5]
17:44:36.179 [FXGL Background Thread 3 ] DEBUG Engine               - height: 1024
17:44:36.179 [FXGL Background Thread 3 ] DEBUG Engine               - is3D: false
17:44:36.179 [FXGL Background Thread 3 ] DEBUG Engine               - isAndroid: false
17:44:36.179 [FXGL Background Thread 3 ] DEBUG Engine               - isBrowser: false
17:44:36.179 [FXGL Background Thread 3 ] DEBUG Engine               - isClickFeedbackEnabled: false
17:44:36.180 [FXGL Background Thread 3 ] DEBUG Engine               - isCloseConfirmation: false
17:44:36.180 [FXGL Background Thread 3 ] DEBUG Engine               - isDesktop: true
17:44:36.180 [FXGL Background Thread 3 ] DEBUG Engine               - isDeveloperMenuEnabled: false
17:44:36.180 [FXGL Background Thread 3 ] DEBUG Engine               - isEmbedded: false
17:44:36.180 [FXGL Background Thread 3 ] DEBUG Engine               - isEntityPreloadEnabled: true
17:44:36.181 [FXGL Background Thread 3 ] DEBUG Engine               - isExperimentalTiledLargeMap: false
17:44:36.181 [FXGL Background Thread 3 ] DEBUG Engine               - isFileSystemWriteAllowed: true
17:44:36.181 [FXGL Background Thread 3 ] DEBUG Engine               - isFullScreenAllowed: false
17:44:36.181 [FXGL Background Thread 3 ] DEBUG Engine               - isFullScreenFromStart: false
17:44:36.181 [FXGL Background Thread 3 ] DEBUG Engine               - isGameMenuEnabled: true
17:44:36.181 [FXGL Background Thread 3 ] DEBUG Engine               - isIOS: false
17:44:36.181 [FXGL Background Thread 3 ] DEBUG Engine               - isIntroEnabled: false
17:44:36.182 [FXGL Background Thread 3 ] DEBUG Engine               - isLinux: false
17:44:36.182 [FXGL Background Thread 3 ] DEBUG Engine               - isMac: false
17:44:36.182 [FXGL Background Thread 3 ] DEBUG Engine               - isMainMenuEnabled: true
17:44:36.182 [FXGL Background Thread 3 ] DEBUG Engine               - isManualResizeEnabled: false
17:44:36.183 [FXGL Background Thread 3 ] DEBUG Engine               - isMobile: false
17:44:36.183 [FXGL Background Thread 3 ] DEBUG Engine               - isNative: false
17:44:36.183 [FXGL Background Thread 3 ] DEBUG Engine               - isPauseMusicWhenMinimized: true
17:44:36.183 [FXGL Background Thread 3 ] DEBUG Engine               - isPreserveResizeRatio: false
17:44:36.183 [FXGL Background Thread 3 ] DEBUG Engine               - isProfilingEnabled: false
17:44:36.184 [FXGL Background Thread 3 ] DEBUG Engine               - isScaleAffectedOnResize: true
17:44:36.184 [FXGL Background Thread 3 ] DEBUG Engine               - isSingleStep: false
17:44:36.184 [FXGL Background Thread 3 ] DEBUG Engine               - isUserProfileEnabled: false
17:44:36.184 [FXGL Background Thread 3 ] DEBUG Engine               - isWindows: true
17:44:36.184 [FXGL Background Thread 3 ] DEBUG Engine               - language: ObjectProperty [value: ENGLISH]
17:44:36.185 [FXGL Background Thread 3 ] DEBUG Engine               - menuKey: ESCAPE
17:44:36.185 [FXGL Background Thread 3 ] DEBUG Engine               - mouseSensitivity: 0.2
17:44:36.185 [FXGL Background Thread 3 ] DEBUG Engine               - notificationViewClass: class com.almasb.fxgl.notification.view.XboxNotificationView
17:44:36.185 [FXGL Background Thread 3 ] DEBUG Engine               - pixelsPerMeter: 50.0
17:44:36.185 [FXGL Background Thread 3 ] DEBUG Engine               - platform: WINDOWS
17:44:36.185 [FXGL Background Thread 3 ] DEBUG Engine               - prefHeightProperty: ReadOnlyDoubleProperty [value: 1024.0]
17:44:36.186 [FXGL Background Thread 3 ] DEBUG Engine               - prefWidthProperty: ReadOnlyDoubleProperty [value: 1024.0]
17:44:36.186 [FXGL Background Thread 3 ] DEBUG Engine               - profileDir: profiles/
17:44:36.186 [FXGL Background Thread 3 ] DEBUG Engine               - profileName: StringProperty [value: DEFAULT]
17:44:36.186 [FXGL Background Thread 3 ] DEBUG Engine               - randomSeed: -1
17:44:36.187 [FXGL Background Thread 3 ] DEBUG Engine               - runtimeInfo: RuntimeInfo(platform=WINDOWS, version=17.2, build=20.08.2022 16.50)
17:44:36.188 [FXGL Background Thread 3 ] DEBUG Engine               - saveFileExt: sav
17:44:36.188 [FXGL Background Thread 3 ] DEBUG Engine               - scaledHeightProp$fxgl: DoubleProperty [bound, value: 824.0]
17:44:36.188 [FXGL Background Thread 3 ] DEBUG Engine               - scaledWidthProp$fxgl: DoubleProperty [bound, value: 799.0]
17:44:36.188 [FXGL Background Thread 3 ] DEBUG Engine               - sceneFactory: myGame.DawnseekerApp$1@7e21bb19
17:44:36.188 [FXGL Background Thread 3 ] DEBUG Engine               - secondsIn24h: 60
17:44:36.188 [FXGL Background Thread 3 ] DEBUG Engine               - soundMenuBack: menu/back.wav
17:44:36.189 [FXGL Background Thread 3 ] DEBUG Engine               - soundMenuPress: menu/press.wav
17:44:36.189 [FXGL Background Thread 3 ] DEBUG Engine               - soundMenuSelect: menu/select.wav
17:44:36.189 [FXGL Background Thread 3 ] DEBUG Engine               - soundNotification: core/notification.wav
17:44:36.189 [FXGL Background Thread 3 ] DEBUG Engine               - stageStyle: DECORATED
17:44:36.189 [FXGL Background Thread 3 ] DEBUG Engine               - supportedLanguages: [ENGLISH, FRENCH, GERMAN, HUNGARIAN, RUSSIAN]
17:44:36.189 [FXGL Background Thread 3 ] DEBUG Engine               - ticksPerSecond: -1
17:44:36.190 [FXGL Background Thread 3 ] DEBUG Engine               - title: Dawnseeker
17:44:36.190 [FXGL Background Thread 3 ] DEBUG Engine               - urlGithub: https://github.com/AlmasB/FXGL
17:44:36.190 [FXGL Background Thread 3 ] DEBUG Engine               - urlLeaderboard: http://fxgl-top.herokuapp.com/
17:44:36.190 [FXGL Background Thread 3 ] DEBUG Engine               - urlPOM: https://raw.githubusercontent.com/AlmasB/FXGL/release/README.md
17:44:36.190 [FXGL Background Thread 3 ] DEBUG Engine               - userAppClass: class myGame.DawnseekerApp
17:44:36.190 [FXGL Background Thread 3 ] DEBUG Engine               - version: 0.4
17:44:36.190 [FXGL Background Thread 3 ] DEBUG Engine               - versionCheckDays: 7
17:44:36.190 [FXGL Background Thread 3 ] DEBUG Engine               - width: 1024
17:44:36.191 [FXGL Background Thread 3 ] DEBUG Engine               - Logging services
17:44:36.191 [FXGL Background Thread 3 ] DEBUG Engine               - class com.almasb.fxgl.app.services.FXGLAssetLoaderService
17:44:36.191 [FXGL Background Thread 3 ] DEBUG Engine               - class com.almasb.fxgl.app.FXGLApplication$GameApplicationService
17:44:36.191 [FXGL Background Thread 3 ] DEBUG Engine               - class com.almasb.fxgl.app.services.FXGLDialogService
17:44:36.191 [FXGL Background Thread 3 ] DEBUG Engine               - class com.almasb.fxgl.app.services.IOTaskExecutorService
17:44:36.191 [FXGL Background Thread 3 ] DEBUG Engine               - class com.almasb.fxgl.io.FileSystemService
17:44:36.191 [FXGL Background Thread 3 ] DEBUG Engine               - class com.almasb.fxgl.localization.LocalizationService
17:44:36.191 [FXGL Background Thread 3 ] DEBUG Engine               - class com.almasb.fxgl.app.services.SystemBundleService
17:44:36.192 [FXGL Background Thread 3 ] DEBUG Engine               - class com.almasb.fxgl.profile.SaveLoadService
17:44:36.192 [FXGL Background Thread 3 ] DEBUG Engine               - class com.almasb.fxgl.ui.FXGLUIFactoryServiceProvider
17:44:36.192 [FXGL Background Thread 3 ] DEBUG Engine               - class com.almasb.fxgl.ui.FXGLDialogFactoryServiceProvider
17:44:36.192 [FXGL Background Thread 3 ] DEBUG Engine               - class com.almasb.fxgl.audio.AudioPlayer
17:44:36.192 [FXGL Background Thread 3 ] DEBUG Engine               - class com.almasb.fxgl.notification.impl.NotificationServiceProvider
17:44:36.192 [FXGL Background Thread 3 ] DEBUG Engine               - class com.almasb.fxgl.achievement.AchievementService
17:44:36.192 [FXGL Background Thread 3 ] DEBUG Engine               - class com.almasb.fxgl.cutscene.CutsceneService
17:44:36.192 [FXGL Background Thread 3 ] DEBUG Engine               - class com.almasb.fxgl.minigames.MiniGameService
17:44:36.193 [FXGL Background Thread 3 ] DEBUG Engine               - class com.almasb.fxgl.net.NetService
17:44:36.193 [FXGL Background Thread 3 ] DEBUG Engine               - class com.almasb.fxgl.app.services.UpdaterService
17:44:36.193 [FXGL Background Thread 3 ] DEBUG Engine               - class com.almasb.fxgl.dev.DevService
17:44:40.562 [JavaFX Application Thread] DEBUG FXGLAssetLoaderServi - Loading from file system: file:/C:/Users/narro/git/CS4900G2Proj2/Dawnseeker/target/classes/assets/sounds/boom.wav
17:44:42.578 [JavaFX Application Thread] DEBUG PrimaryStageWindow   - Pop state: ShopTest
17:44:42.578 [JavaFX Application Thread] DEBUG Input                - Clearing active input actions
17:44:42.579 [JavaFX Application Thread] DEBUG GameApplicationServi - Removing overlay from ShopTest and adding to GameScene
17:44:42.579 [JavaFX Application Thread] DEBUG PrimaryStageWindow   - GameScene <- ShopTest
17:44:46.380 [JavaFX Application Thread] DEBUG FXGLAssetLoaderServi - Loading from file system: file:/C:/Users/narro/git/CS4900G2Proj2/Dawnseeker/target/classes/assets/sounds/player_oof.wav
17:44:47.173 [JavaFX Application Thread] DEBUG PrimaryStageWindow   - Push state: ShopTest
17:44:47.173 [JavaFX Application Thread] DEBUG Input                - Clearing active input actions
17:44:47.174 [JavaFX Application Thread] DEBUG GameApplicationServi - Removing overlay from GameScene and adding to ShopTest
17:44:47.174 [JavaFX Application Thread] DEBUG PrimaryStageWindow   - GameScene -> ShopTest
17:44:47.175 [JavaFX Application Thread] DEBUG Input                - Registered new binding: Close Shop - F
17:44:50.331 [JavaFX Application Thread] DEBUG FXGLApplication      - Exiting FXGL
17:44:50.331 [JavaFX Application Thread] DEBUG LoopRunner           - Stopping loop
17:44:50.332 [JavaFX Application Thread] DEBUG SystemBundleService  - Saving FXGL system data
17:44:50.337 [JavaFX Application Thread] DEBUG FileSystemAccess     - Writing to: C:\Users\narro\git\CS4900G2Proj2\Dawnseeker\system\fxgl.bundle
17:44:50.343 [JavaFX Application Thread] DEBUG Async                - Shutting down background threads
17:44:50.344 [JavaFX Application Thread] DEBUG PrimaryStageWindow   - Closing main window
17:44:50.363 [JavaFX Application Thread] DEBUG Logger               - Closing Logger
