18:49:03.605 [main                     ] DEBUG Logger               - Configured Logger
18:49:03.625 [main                     ] DEBUG GameApplication      - Logging settings
Title: Dawnseeker
Version: 0.4
Width: 1024
Height: 1024
Fullscreen: false
Intro: false
Profiling: false
Single step:false
App Mode: DEVELOPER
Menu Key: ESCAPE
Stage Style: DECORATED
Scene Factory: class myGame.DawnseekerApp$1

18:49:03.964 [JavaFX Application Thread] DEBUG FXGLApplication      - Initializing FXGL
18:49:03.968 [JavaFX Application Thread] INFO  Engine               - FXGL-17.2 (20.08.2022 16.50) on WINDOWS (J:18.0.2.1 FX:18)
18:49:03.968 [JavaFX Application Thread] DEBUG Engine               - JRE Vendor Name: Oracle Corporation
18:49:03.969 [JavaFX Application Thread] DEBUG Engine               - Running on OS: Windows 10 version 10.0
18:49:03.969 [JavaFX Application Thread] DEBUG Engine               - Architecture: amd64
18:49:03.971 [JavaFX Application Thread] INFO  Engine               - Source code and latest versions at: https://github.com/AlmasB/FXGL
18:49:03.971 [JavaFX Application Thread] INFO  Engine               -       Ask questions and discuss at: https://github.com/AlmasB/FXGL/discussions
18:49:03.971 [JavaFX Application Thread] INFO  Engine               -              Join the FXGL chat at: https://gitter.im/AlmasB/FXGL
18:49:04.062 [JavaFX Application Thread] DEBUG PrimaryStageWindow   - Creating a JavaFX scene
18:49:04.099 [JavaFX Application Thread] DEBUG PrimaryStageWindow   - Target settings size: 1024.0 x 1024.0
18:49:04.099 [JavaFX Application Thread] DEBUG PrimaryStageWindow   - Scaled scene size:    1024.0 x 1024.0
18:49:04.099 [JavaFX Application Thread] DEBUG PrimaryStageWindow   - Scaled ratio: (1.0, 1.0)
18:49:04.100 [JavaFX Application Thread] DEBUG PrimaryStageWindow   - Set initial scene to FXGLStartupScene
18:49:04.106 [JavaFX Application Thread] DEBUG PrimaryStageWindow   - Opening main window
18:49:04.177 [JavaFX Application Thread] DEBUG PrimaryStageWindow   - Window border size: (16.0, 39.0)
18:49:04.177 [JavaFX Application Thread] DEBUG PrimaryStageWindow   - Scaled size: 1024.0 x 1024.0
18:49:04.177 [JavaFX Application Thread] DEBUG PrimaryStageWindow   - Scaled ratio: (1.0, 1.0)
18:49:04.177 [JavaFX Application Thread] DEBUG PrimaryStageWindow   - Scene size: 1024.0 x 1024.0
18:49:04.177 [JavaFX Application Thread] DEBUG PrimaryStageWindow   - Stage size: 1040.0 x 1063.0
18:49:04.183 [FXGL Background Thread 1 ] DEBUG Engine               - Initializing environment variables
18:49:04.224 [FXGL Background Thread 1 ] DEBUG FXGLAssetLoaderServi - User app class for loading assets: class myGame.DawnseekerApp
18:49:04.224 [FXGL Background Thread 1 ] DEBUG GameApplicationServi - Applying CSS: fxgl_dark.css
18:49:04.224 [FXGL Background Thread 1 ] DEBUG FXGLAssetLoaderServi - Loading from file system: jar:file:/C:/Users/garre/.m2/repository/com/github/almasb/fxgl/17.2/fxgl-17.2.jar!/fxglassets/ui/css/fxgl_dark.css
18:49:04.257 [FXGL Background Thread 1 ] DEBUG GameApplicationServi - Initializing application scenes
18:49:04.292 [FXGL Background Thread 1 ] DEBUG GameWorld            - Game world initialized
18:49:04.336 [FXGL Background Thread 1 ] DEBUG PhysicsWorld         - Physics world initialized: appHeight=1024, physics.ppm=50.0
18:49:04.337 [FXGL Background Thread 1 ] DEBUG PhysicsWorld         - Using strategy: BRUTE_FORCE
18:49:04.339 [FXGL Background Thread 1 ] DEBUG GameScene            - Game scene initialized: 1024x1024
18:49:04.340 [FXGL Background Thread 1 ] DEBUG FXGLAssetLoaderServi - Loading from file system: file:/C:/Users/garre/git/CS4900G2Proj2/Dawnseeker/target/classes/assets/music/shop.mp3
18:49:04.455 [FXGL Background Thread 1 ] DEBUG AudioPlayer          - Playing music com.almasb.fxgl.audio.Music@736ddf06
18:49:04.470 [FXGL Background Thread 1 ] DEBUG FXGLAssetLoaderServi - Loading from file system: file:/C:/Users/garre/git/CS4900G2Proj2/Dawnseeker/target/classes/assets/textures/bg.png
18:49:04.531 [FXGL Background Thread 1 ] DEBUG FXGL.DefaultMenu     - createMenuBodyGameMenu()
18:49:04.542 [FXGL Background Thread 1 ] DEBUG FXGL.DefaultMenu     - createOptionsMenu()
18:49:04.547 [FXGL Background Thread 1 ] DEBUG FXGLAssetLoaderServi - Loading from file system: jar:file:/C:/Users/garre/.m2/repository/com/github/almasb/fxgl/17.2/fxgl-17.2.jar!/fxglassets/textures/particles/smoke.png
18:49:04.626 [FXGL Background Thread 1 ] DEBUG FXGLAssetLoaderServi - Loading from file system: jar:file:/C:/Users/garre/.m2/repository/com/github/almasb/fxgl/17.2/fxgl-17.2.jar!/fxglassets/textures/particles/trace_horizontal.png
18:49:04.640 [FXGL Background Thread 1 ] DEBUG GameApplicationServi - Application scenes initialized
18:49:04.649 [FXGL Background Thread 1 ] DEBUG SystemBundleService  - Loading FXGL system data
18:49:04.652 [FXGL Background Thread 1 ] DEBUG FileSystemAccess     - Reading from: C:\Users\garre\git\CS4900G2Proj2\Dawnseeker\system\fxgl.bundle
18:49:04.661 [FXGL Background Thread 1 ] DEBUG SystemBundleService  - Bundle FXGL: {}
18:49:04.661 [FXGL Background Thread 1 ] DEBUG UpdaterService       - Checking for updates
18:49:04.665 [FXGL Background Thread 4 ] DEBUG FXGLApplication      - Loading fonts
18:49:04.665 [FXGL Background Thread 4 ] DEBUG FXGLAssetLoaderServi - Loading from file system: jar:file:/C:/Users/garre/.m2/repository/com/github/almasb/fxgl/17.2/fxgl-17.2.jar!/fxglassets/ui/fonts/VarelaRound-Regular.ttf
18:49:04.666 [FXGL Background Thread 1 ] DEBUG FXGLApplication      - Loading default localization
18:49:04.666 [FXGL Background Thread 1 ] DEBUG FXGLAssetLoaderServi - Loading from file system: jar:file:/C:/Users/garre/.m2/repository/com/github/almasb/fxgl/17.2/fxgl-17.2.jar!/fxglassets/languages/english.lang
18:49:04.695 [FXGL Background Thread 1 ] INFO  FXGLApplication      - FXGL initialization took: 0.512 sec
18:49:04.700 [JavaFX Application Thread] DEBUG Input                - Registered new binding: action0 - LMB
18:49:04.704 [JavaFX Application Thread] DEBUG Input                - Registered new binding: Up - W
18:49:04.704 [JavaFX Application Thread] DEBUG Input                - Registered new binding: Down - S
18:49:04.705 [JavaFX Application Thread] DEBUG Input                - Registered new binding: Right - D
18:49:04.705 [JavaFX Application Thread] DEBUG Input                - Registered new binding: Left - A
18:49:04.705 [JavaFX Application Thread] DEBUG FXGLAssetLoaderServi - Loading from file system: jar:file:/C:/Users/garre/.m2/repository/com/github/almasb/fxgl/17.2/fxgl-17.2.jar!/fxglassets/textures/fxgl_icon.png
18:49:04.724 [JavaFX Application Thread] DEBUG FXGLAssetLoaderServi - Loading from file system: jar:file:/C:/Users/garre/.m2/repository/com/github/almasb/fxgl/17.2/fxgl-17.2.jar!/fxglassets/textures/fxgl_default_cursor.png
18:49:04.727 [FXGL Background Thread 4 ] DEBUG FXGLAssetLoaderServi - Loading from file system: jar:file:/C:/Users/garre/.m2/repository/com/github/almasb/fxgl/17.2/fxgl-17.2.jar!/fxglassets/ui/fonts/Abel-Regular.ttf
18:49:04.727 [JavaFX Application Thread] DEBUG Input                - Registered new binding: Screenshot - CTRL+8
18:49:04.727 [JavaFX Application Thread] DEBUG Input                - Registered new binding: System info dump - CTRL+9
18:49:04.728 [JavaFX Application Thread] DEBUG Input                - Registered new binding: Restart - CTRL+R
18:49:04.729 [JavaFX Application Thread] DEBUG Input                - Registered new binding: Toggle Debug Camera - CTRL+7
18:49:04.729 [FXGL Background Thread 4 ] DEBUG FXGLAssetLoaderServi - Loading from file system: jar:file:/C:/Users/garre/.m2/repository/com/github/almasb/fxgl/17.2/fxgl-17.2.jar!/fxglassets/ui/fonts/TerminalLandMono-Regular.otf
18:49:04.733 [FXGL Background Thread 4 ] DEBUG FXGLAssetLoaderServi - Loading from file system: jar:file:/C:/Users/garre/.m2/repository/com/github/almasb/fxgl/17.2/fxgl-17.2.jar!/fxglassets/ui/fonts/Courier-Prime.ttf
18:49:04.734 [JavaFX Application Thread] DEBUG LoopRunner           - Starting loop
18:49:04.734 [JavaFX Application Thread] DEBUG LoopRunner           - Initializing JavaFX AnimationTimerLoop
18:49:04.739 [JavaFX Application Thread] DEBUG Input                - Clearing active input actions
18:49:04.743 [JavaFX Application Thread] DEBUG GameApplicationServi - Removing overlay from FXGLStartupScene and adding to FXGLMainMenuDummyScene
18:49:04.743 [JavaFX Application Thread] DEBUG PrimaryStageWindow   - FXGLStartupScene -> FXGLMainMenuDummyScene
18:49:04.743 [JavaFX Application Thread] DEBUG PrimaryStageWindow   - Push state: DawnseekerMenu
18:49:04.743 [JavaFX Application Thread] DEBUG Input                - Clearing active input actions
18:49:04.750 [JavaFX Application Thread] DEBUG GameApplicationServi - Removing overlay from FXGLMainMenuDummyScene and adding to DawnseekerMenu
18:49:04.750 [JavaFX Application Thread] DEBUG PrimaryStageWindow   - FXGLMainMenuDummyScene -> DawnseekerMenu
18:49:04.750 [JavaFX Application Thread] DEBUG FXGLApplication      - Registering font factories with UI factory
18:49:05.029 [FXGL Background Thread 2 ] INFO  UpdaterService       - Your current version:  17.2
18:49:05.029 [FXGL Background Thread 2 ] INFO  UpdaterService       - Latest stable version: 17.3
18:49:05.530 [JavaFX Application Thread] DEBUG Menu                 - fireNewGame()
18:49:05.530 [JavaFX Application Thread] DEBUG GameApplicationServi - Starting new game
18:49:05.531 [JavaFX Application Thread] DEBUG PrimaryStageWindow   - Pop state: DawnseekerMenu
18:49:05.531 [JavaFX Application Thread] DEBUG Input                - Clearing active input actions
18:49:05.531 [JavaFX Application Thread] DEBUG GameApplicationServi - Removing overlay from DawnseekerMenu and adding to FXGLMainMenuDummyScene
18:49:05.531 [JavaFX Application Thread] DEBUG PrimaryStageWindow   - FXGLMainMenuDummyScene <- DawnseekerMenu
18:49:05.531 [JavaFX Application Thread] DEBUG Input                - Clearing active input actions
18:49:05.536 [JavaFX Application Thread] DEBUG GameApplicationServi - Removing overlay from FXGLMainMenuDummyScene and adding to FXGLLoadingScene
18:49:05.536 [JavaFX Application Thread] DEBUG PrimaryStageWindow   - FXGLMainMenuDummyScene -> FXGLLoadingScene
18:49:05.536 [JavaFX Application Thread] DEBUG GameApplicationServi - Clearing previous game
18:49:05.536 [JavaFX Application Thread] DEBUG GameScene            - Clearing game scene
18:49:05.536 [JavaFX Application Thread] DEBUG GameWorld            - Clearing game world
18:49:05.537 [JavaFX Application Thread] DEBUG PhysicsWorld         - Clearing physics world
18:49:05.538 [FXGL Background Thread 2 ] DEBUG FXGLApplication      - Initializing game
18:49:05.542 [FXGL Background Thread 2 ] DEBUG AudioPlayer          - Stopping music com.almasb.fxgl.audio.Music@736ddf06
18:49:05.543 [FXGL Background Thread 2 ] DEBUG FXGLAssetLoaderServi - Loading from file system: file:/C:/Users/garre/git/CS4900G2Proj2/Dawnseeker/target/classes/assets/music/heartache.mp3
18:49:05.545 [FXGL Background Thread 2 ] DEBUG AudioPlayer          - Playing music com.almasb.fxgl.audio.Music@1d5eb060
18:49:05.559 [FXGL Background Thread 2 ] DEBUG FXGLAssetLoaderServi - Loading from file system: file:/C:/Users/garre/git/CS4900G2Proj2/Dawnseeker/target/classes/assets/textures/DawnseekerPCV2.png
18:49:05.566 [FXGL Background Thread 2 ] DEBUG FXGLAssetLoaderServi - Loading from file system: file:/C:/Users/garre/git/CS4900G2Proj2/Dawnseeker/target/classes/assets/textures/DawnseekerPCV2Down.png
18:49:05.567 [FXGL Background Thread 2 ] DEBUG FXGLAssetLoaderServi - Loading from file system: file:/C:/Users/garre/git/CS4900G2Proj2/Dawnseeker/target/classes/assets/textures/DawnseekerPCV2Up.png
18:49:05.568 [FXGL Background Thread 2 ] DEBUG FXGLAssetLoaderServi - Loading from file system: file:/C:/Users/garre/git/CS4900G2Proj2/Dawnseeker/target/classes/assets/textures/DawnseekerPCV2Right.png
18:49:05.569 [FXGL Background Thread 2 ] DEBUG FXGLAssetLoaderServi - Loading from file system: file:/C:/Users/garre/git/CS4900G2Proj2/Dawnseeker/target/classes/assets/textures/DawnseekerPCV2Left.png
18:49:05.581 [FXGL Background Thread 2 ] WARN  GameWorld            - Entity is already attached to world
18:49:05.581 [FXGL Background Thread 2 ] WARN  Entity               - Entity already has component: com.almasb.fxgl.entity.components.CollidableComponent
18:49:05.582 [FXGL Background Thread 2 ] WARN  GameWorld            - Entity is already attached to world
18:49:05.582 [FXGL Background Thread 2 ] WARN  Entity               - Entity already has component: com.almasb.fxgl.entity.components.CollidableComponent
18:49:05.582 [FXGL Background Thread 2 ] WARN  GameWorld            - Entity is already attached to world
18:49:05.583 [FXGL Background Thread 2 ] WARN  Entity               - Entity already has component: com.almasb.fxgl.entity.components.CollidableComponent
18:49:05.583 [FXGL Background Thread 2 ] WARN  GameWorld            - Entity is already attached to world
18:49:05.583 [FXGL Background Thread 2 ] WARN  Entity               - Entity already has component: com.almasb.fxgl.entity.components.CollidableComponent
18:49:05.583 [FXGL Background Thread 2 ] WARN  GameWorld            - Entity is already attached to world
18:49:05.584 [FXGL Background Thread 2 ] WARN  GameWorld            - Entity is already attached to world
18:49:05.585 [FXGL Background Thread 2 ] WARN  GameWorld            - Entity is already attached to world
18:49:05.597 [FXGL Background Thread 2 ] INFO  FXGLApplication      - Game initialization took: 0.058 sec
18:49:05.599 [JavaFX Application Thread] DEBUG Input                - Clearing active input actions
18:49:05.607 [JavaFX Application Thread] DEBUG GameApplicationServi - Removing overlay from FXGLLoadingScene and adding to GameScene
18:49:05.607 [JavaFX Application Thread] DEBUG PrimaryStageWindow   - FXGLLoadingScene -> GameScene
18:49:06.066 [JavaFX Application Thread] DEBUG FXGLAssetLoaderServi - Loading from file system: file:/C:/Users/garre/git/CS4900G2Proj2/Dawnseeker/target/classes/assets/textures/EnemyDawnseeker.png
18:49:06.068 [JavaFX Application Thread] DEBUG FXGLAssetLoaderServi - Loading from file system: file:/C:/Users/garre/git/CS4900G2Proj2/Dawnseeker/target/classes/assets/textures/sussy.gif
18:49:06.466 [JavaFX Application Thread] DEBUG FXGLAssetLoaderServi - Loading from file system: file:/C:/Users/garre/git/CS4900G2Proj2/Dawnseeker/target/classes/assets/sounds/magic_missile.wav
18:49:06.473 [JavaFX Application Thread] DEBUG FXGLAssetLoaderServi - Loading from file system: file:/C:/Users/garre/git/CS4900G2Proj2/Dawnseeker/target/classes/assets/textures/FireBallProjectile.png
18:49:07.137 [JavaFX Application Thread] WARN  GameWorld            - Attempted to remove entity which is not active
18:49:07.138 [JavaFX Application Thread] DEBUG FXGLAssetLoaderServi - Loading from file system: file:/C:/Users/garre/git/CS4900G2Proj2/Dawnseeker/target/classes/assets/sounds/bong.wav
18:49:07.664 [FXGL Background Thread 3 ] DEBUG Engine               - Logging environment variables
18:49:07.664 [FXGL Background Thread 3 ] DEBUG Engine               - achievements: []
18:49:07.664 [FXGL Background Thread 3 ] DEBUG Engine               - actualHeight: 1024.0
18:49:07.664 [FXGL Background Thread 3 ] DEBUG Engine               - actualHeightProperty: ReadOnlyDoubleProperty [value: 1024.0]
18:49:07.664 [FXGL Background Thread 3 ] DEBUG Engine               - actualWidth: 1024.0
18:49:07.664 [FXGL Background Thread 3 ] DEBUG Engine               - actualWidthProperty: ReadOnlyDoubleProperty [value: 1024.0]
18:49:07.664 [FXGL Background Thread 3 ] DEBUG Engine               - appIcon: fxgl_icon.png
18:49:07.664 [FXGL Background Thread 3 ] DEBUG Engine               - applicationMode: DEVELOPER
18:49:07.664 [FXGL Background Thread 3 ] DEBUG Engine               - cSSList: [fxgl_dark.css]
18:49:07.664 [FXGL Background Thread 3 ] DEBUG Engine               - collisionDetectionStrategy: BRUTE_FORCE
18:49:07.664 [FXGL Background Thread 3 ] DEBUG Engine               - configClass: Optional.empty
18:49:07.665 [FXGL Background Thread 3 ] DEBUG Engine               - credits: []
18:49:07.667 [FXGL Background Thread 3 ] DEBUG Engine               - defaultCursor: CursorInfo(imageName=fxgl_default_cursor.png, hotspotX=7.0, hotspotY=6.0)
18:49:07.667 [FXGL Background Thread 3 ] DEBUG Engine               - devBBoxColorProperty: ObjectProperty [value: 0xff0000ff]
18:49:07.667 [FXGL Background Thread 3 ] DEBUG Engine               - devEnableDebugCameraProperty: BooleanProperty [value: false]
18:49:07.667 [FXGL Background Thread 3 ] DEBUG Engine               - devSensorColorProperty: ObjectProperty [value: 0xffff00ff]
18:49:07.667 [FXGL Background Thread 3 ] DEBUG Engine               - devShowBBoxProperty: BooleanProperty [value: false]
18:49:07.667 [FXGL Background Thread 3 ] DEBUG Engine               - devShowPositionProperty: BooleanProperty [value: false]
18:49:07.667 [FXGL Background Thread 3 ] DEBUG Engine               - enabledMenuItems: []
18:49:07.667 [FXGL Background Thread 3 ] DEBUG Engine               - engineServices: [class com.almasb.fxgl.app.services.FXGLAssetLoaderService, class com.almasb.fxgl.app.FXGLApplication$GameApplicationService, class com.almasb.fxgl.app.services.FXGLDialogService, class com.almasb.fxgl.app.services.IOTaskExecutorService, class com.almasb.fxgl.io.FileSystemService, class com.almasb.fxgl.localization.LocalizationService, class com.almasb.fxgl.app.services.SystemBundleService, class com.almasb.fxgl.profile.SaveLoadService, class com.almasb.fxgl.ui.FXGLUIFactoryServiceProvider, class com.almasb.fxgl.ui.FXGLDialogFactoryServiceProvider, class com.almasb.fxgl.audio.AudioPlayer, class com.almasb.fxgl.notification.impl.NotificationServiceProvider, class com.almasb.fxgl.achievement.AchievementService, class com.almasb.fxgl.cutscene.CutsceneService, class com.almasb.fxgl.minigames.MiniGameService, class com.almasb.fxgl.net.NetService, class com.almasb.fxgl.app.services.UpdaterService, class com.almasb.fxgl.dev.DevService]
18:49:07.667 [FXGL Background Thread 3 ] DEBUG Engine               - fontGame: Abel-Regular.ttf
18:49:07.667 [FXGL Background Thread 3 ] DEBUG Engine               - fontMono: TerminalLandMono-Regular.otf
18:49:07.667 [FXGL Background Thread 3 ] DEBUG Engine               - fontText: Courier-Prime.ttf
18:49:07.667 [FXGL Background Thread 3 ] DEBUG Engine               - fontUI: VarelaRound-Regular.ttf
18:49:07.667 [FXGL Background Thread 3 ] DEBUG Engine               - fullScreen: BooleanProperty [value: false]
18:49:07.667 [FXGL Background Thread 3 ] DEBUG Engine               - gameDifficulty: MEDIUM
18:49:07.667 [FXGL Background Thread 3 ] DEBUG Engine               - gameDifficultyProperty: ObjectProperty [value: MEDIUM]
18:49:07.668 [FXGL Background Thread 3 ] DEBUG Engine               - globalMusicVolume: 0.5
18:49:07.668 [FXGL Background Thread 3 ] DEBUG Engine               - globalMusicVolumeProperty: DoubleProperty [value: 0.5]
18:49:07.668 [FXGL Background Thread 3 ] DEBUG Engine               - globalSoundVolume: 0.5
18:49:07.668 [FXGL Background Thread 3 ] DEBUG Engine               - globalSoundVolumeProperty: DoubleProperty [value: 0.5]
18:49:07.668 [FXGL Background Thread 3 ] DEBUG Engine               - height: 1024
18:49:07.668 [FXGL Background Thread 3 ] DEBUG Engine               - is3D: false
18:49:07.668 [FXGL Background Thread 3 ] DEBUG Engine               - isAndroid: false
18:49:07.668 [FXGL Background Thread 3 ] DEBUG Engine               - isBrowser: false
18:49:07.668 [FXGL Background Thread 3 ] DEBUG Engine               - isClickFeedbackEnabled: false
18:49:07.668 [FXGL Background Thread 3 ] DEBUG Engine               - isCloseConfirmation: false
18:49:07.668 [FXGL Background Thread 3 ] DEBUG Engine               - isDesktop: true
18:49:07.668 [FXGL Background Thread 3 ] DEBUG Engine               - isDeveloperMenuEnabled: false
18:49:07.668 [FXGL Background Thread 3 ] DEBUG Engine               - isEmbedded: false
18:49:07.668 [FXGL Background Thread 3 ] DEBUG Engine               - isEntityPreloadEnabled: true
18:49:07.668 [FXGL Background Thread 3 ] DEBUG Engine               - isExperimentalTiledLargeMap: false
18:49:07.668 [FXGL Background Thread 3 ] DEBUG Engine               - isFileSystemWriteAllowed: true
18:49:07.668 [FXGL Background Thread 3 ] DEBUG Engine               - isFullScreenAllowed: false
18:49:07.668 [FXGL Background Thread 3 ] DEBUG Engine               - isFullScreenFromStart: false
18:49:07.668 [FXGL Background Thread 3 ] DEBUG Engine               - isGameMenuEnabled: true
18:49:07.668 [FXGL Background Thread 3 ] DEBUG Engine               - isIOS: false
18:49:07.668 [FXGL Background Thread 3 ] DEBUG Engine               - isIntroEnabled: false
18:49:07.668 [FXGL Background Thread 3 ] DEBUG Engine               - isLinux: false
18:49:07.668 [FXGL Background Thread 3 ] DEBUG Engine               - isMac: false
18:49:07.668 [FXGL Background Thread 3 ] DEBUG Engine               - isMainMenuEnabled: true
18:49:07.668 [FXGL Background Thread 3 ] DEBUG Engine               - isManualResizeEnabled: false
18:49:07.668 [FXGL Background Thread 3 ] DEBUG Engine               - isMobile: false
18:49:07.668 [FXGL Background Thread 3 ] DEBUG Engine               - isNative: false
18:49:07.668 [FXGL Background Thread 3 ] DEBUG Engine               - isPauseMusicWhenMinimized: true
18:49:07.668 [FXGL Background Thread 3 ] DEBUG Engine               - isPreserveResizeRatio: false
18:49:07.668 [FXGL Background Thread 3 ] DEBUG Engine               - isProfilingEnabled: false
18:49:07.668 [FXGL Background Thread 3 ] DEBUG Engine               - isScaleAffectedOnResize: true
18:49:07.668 [FXGL Background Thread 3 ] DEBUG Engine               - isSingleStep: false
18:49:07.668 [FXGL Background Thread 3 ] DEBUG Engine               - isUserProfileEnabled: false
18:49:07.668 [FXGL Background Thread 3 ] DEBUG Engine               - isWindows: true
18:49:07.668 [FXGL Background Thread 3 ] DEBUG Engine               - language: ObjectProperty [value: ENGLISH]
18:49:07.668 [FXGL Background Thread 3 ] DEBUG Engine               - menuKey: ESCAPE
18:49:07.668 [FXGL Background Thread 3 ] DEBUG Engine               - mouseSensitivity: 0.2
18:49:07.668 [FXGL Background Thread 3 ] DEBUG Engine               - notificationViewClass: class com.almasb.fxgl.notification.view.XboxNotificationView
18:49:07.669 [FXGL Background Thread 3 ] DEBUG Engine               - pixelsPerMeter: 50.0
18:49:07.669 [FXGL Background Thread 3 ] DEBUG Engine               - platform: WINDOWS
18:49:07.669 [FXGL Background Thread 3 ] DEBUG Engine               - prefHeightProperty: ReadOnlyDoubleProperty [value: 1024.0]
18:49:07.669 [FXGL Background Thread 3 ] DEBUG Engine               - prefWidthProperty: ReadOnlyDoubleProperty [value: 1024.0]
18:49:07.669 [FXGL Background Thread 3 ] DEBUG Engine               - profileDir: profiles/
18:49:07.669 [FXGL Background Thread 3 ] DEBUG Engine               - profileName: StringProperty [value: DEFAULT]
18:49:07.669 [FXGL Background Thread 3 ] DEBUG Engine               - randomSeed: -1
18:49:07.669 [FXGL Background Thread 3 ] DEBUG Engine               - runtimeInfo: RuntimeInfo(platform=WINDOWS, version=17.2, build=20.08.2022 16.50)
18:49:07.669 [FXGL Background Thread 3 ] DEBUG Engine               - saveFileExt: sav
18:49:07.669 [FXGL Background Thread 3 ] DEBUG Engine               - scaledHeightProp$fxgl: DoubleProperty [bound, value: 1024.0]
18:49:07.669 [FXGL Background Thread 3 ] DEBUG Engine               - scaledWidthProp$fxgl: DoubleProperty [bound, value: 1024.0]
18:49:07.669 [FXGL Background Thread 3 ] DEBUG Engine               - sceneFactory: myGame.DawnseekerApp$1@605e2e57
18:49:07.669 [FXGL Background Thread 3 ] DEBUG Engine               - secondsIn24h: 60
18:49:07.669 [FXGL Background Thread 3 ] DEBUG Engine               - soundMenuBack: menu/back.wav
18:49:07.669 [FXGL Background Thread 3 ] DEBUG Engine               - soundMenuPress: menu/press.wav
18:49:07.669 [FXGL Background Thread 3 ] DEBUG Engine               - soundMenuSelect: menu/select.wav
18:49:07.669 [FXGL Background Thread 3 ] DEBUG Engine               - soundNotification: core/notification.wav
18:49:07.669 [FXGL Background Thread 3 ] DEBUG Engine               - stageStyle: DECORATED
18:49:07.669 [FXGL Background Thread 3 ] DEBUG Engine               - supportedLanguages: [ENGLISH, FRENCH, GERMAN, HUNGARIAN, RUSSIAN]
18:49:07.669 [FXGL Background Thread 3 ] DEBUG Engine               - ticksPerSecond: -1
18:49:07.669 [FXGL Background Thread 3 ] DEBUG Engine               - title: Dawnseeker
18:49:07.669 [FXGL Background Thread 3 ] DEBUG Engine               - urlGithub: https://github.com/AlmasB/FXGL
18:49:07.669 [FXGL Background Thread 3 ] DEBUG Engine               - urlLeaderboard: http://fxgl-top.herokuapp.com/
18:49:07.669 [FXGL Background Thread 3 ] DEBUG Engine               - urlPOM: https://raw.githubusercontent.com/AlmasB/FXGL/release/README.md
18:49:07.669 [FXGL Background Thread 3 ] DEBUG Engine               - userAppClass: class myGame.DawnseekerApp
18:49:07.669 [FXGL Background Thread 3 ] DEBUG Engine               - version: 0.4
18:49:07.669 [FXGL Background Thread 3 ] DEBUG Engine               - versionCheckDays: 7
18:49:07.669 [FXGL Background Thread 3 ] DEBUG Engine               - width: 1024
18:49:07.669 [FXGL Background Thread 3 ] DEBUG Engine               - Logging services
18:49:07.669 [FXGL Background Thread 3 ] DEBUG Engine               - class com.almasb.fxgl.app.services.FXGLAssetLoaderService
18:49:07.669 [FXGL Background Thread 3 ] DEBUG Engine               - class com.almasb.fxgl.app.FXGLApplication$GameApplicationService
18:49:07.669 [FXGL Background Thread 3 ] DEBUG Engine               - class com.almasb.fxgl.app.services.FXGLDialogService
18:49:07.669 [FXGL Background Thread 3 ] DEBUG Engine               - class com.almasb.fxgl.app.services.IOTaskExecutorService
18:49:07.669 [FXGL Background Thread 3 ] DEBUG Engine               - class com.almasb.fxgl.io.FileSystemService
18:49:07.669 [FXGL Background Thread 3 ] DEBUG Engine               - class com.almasb.fxgl.localization.LocalizationService
18:49:07.669 [FXGL Background Thread 3 ] DEBUG Engine               - class com.almasb.fxgl.app.services.SystemBundleService
18:49:07.669 [FXGL Background Thread 3 ] DEBUG Engine               - class com.almasb.fxgl.profile.SaveLoadService
18:49:07.670 [FXGL Background Thread 3 ] DEBUG Engine               - class com.almasb.fxgl.ui.FXGLUIFactoryServiceProvider
18:49:07.670 [FXGL Background Thread 3 ] DEBUG Engine               - class com.almasb.fxgl.ui.FXGLDialogFactoryServiceProvider
18:49:07.670 [FXGL Background Thread 3 ] DEBUG Engine               - class com.almasb.fxgl.audio.AudioPlayer
18:49:07.670 [FXGL Background Thread 3 ] DEBUG Engine               - class com.almasb.fxgl.notification.impl.NotificationServiceProvider
18:49:07.670 [FXGL Background Thread 3 ] DEBUG Engine               - class com.almasb.fxgl.achievement.AchievementService
18:49:07.670 [FXGL Background Thread 3 ] DEBUG Engine               - class com.almasb.fxgl.cutscene.CutsceneService
18:49:07.670 [FXGL Background Thread 3 ] DEBUG Engine               - class com.almasb.fxgl.minigames.MiniGameService
18:49:07.670 [FXGL Background Thread 3 ] DEBUG Engine               - class com.almasb.fxgl.net.NetService
18:49:07.670 [FXGL Background Thread 3 ] DEBUG Engine               - class com.almasb.fxgl.app.services.UpdaterService
18:49:07.670 [FXGL Background Thread 3 ] DEBUG Engine               - class com.almasb.fxgl.dev.DevService
18:49:08.152 [JavaFX Application Thread] WARN  GameWorld            - Attempted to remove entity which is not active
18:49:08.200 [JavaFX Application Thread] WARN  GameWorld            - Attempted to remove entity which is not active
18:49:08.608 [JavaFX Application Thread] WARN  GameWorld            - Attempted to remove entity which is not active
18:49:09.068 [JavaFX Application Thread] WARN  GameWorld            - Attempted to remove entity which is not active
18:49:09.631 [JavaFX Application Thread] WARN  GameWorld            - Attempted to remove entity which is not active
18:49:09.824 [JavaFX Application Thread] WARN  GameWorld            - Attempted to remove entity which is not active
18:49:10.999 [JavaFX Application Thread] WARN  GameWorld            - Attempted to remove entity which is not active
18:49:11.297 [JavaFX Application Thread] WARN  GameWorld            - Attempted to remove entity which is not active
18:49:11.553 [JavaFX Application Thread] WARN  GameWorld            - Attempted to remove entity which is not active
18:49:11.672 [JavaFX Application Thread] WARN  GameWorld            - Attempted to remove entity which is not active
18:49:11.930 [JavaFX Application Thread] WARN  GameWorld            - Attempted to remove entity which is not active
18:49:14.561 [JavaFX Application Thread] WARN  GameWorld            - Attempted to remove entity which is not active
18:49:14.589 [JavaFX Application Thread] WARN  GameWorld            - Attempted to remove entity which is not active
18:49:15.105 [JavaFX Application Thread] WARN  GameWorld            - Attempted to remove entity which is not active
18:49:16.200 [JavaFX Application Thread] WARN  GameWorld            - Attempted to remove entity which is not active
18:49:16.298 [JavaFX Application Thread] WARN  GameWorld            - Attempted to remove entity which is not active
18:49:16.767 [JavaFX Application Thread] WARN  GameWorld            - Attempted to remove entity which is not active
18:49:16.832 [JavaFX Application Thread] WARN  GameWorld            - Attempted to remove entity which is not active
18:49:16.957 [JavaFX Application Thread] WARN  GameWorld            - Attempted to remove entity which is not active
18:49:17.033 [JavaFX Application Thread] WARN  GameWorld            - Attempted to remove entity which is not active
18:49:17.610 [JavaFX Application Thread] WARN  GameWorld            - Attempted to remove entity which is not active
18:49:18.519 [JavaFX Application Thread] WARN  GameWorld            - Attempted to remove entity which is not active
18:49:19.489 [JavaFX Application Thread] WARN  GameWorld            - Attempted to remove entity which is not active
18:49:20.255 [JavaFX Application Thread] WARN  GameWorld            - Attempted to remove entity which is not active
18:49:20.269 [JavaFX Application Thread] WARN  GameWorld            - Attempted to remove entity which is not active
18:49:20.480 [JavaFX Application Thread] WARN  GameWorld            - Attempted to remove entity which is not active
18:49:20.791 [JavaFX Application Thread] WARN  GameWorld            - Attempted to remove entity which is not active
18:49:21.415 [JavaFX Application Thread] WARN  GameWorld            - Attempted to remove entity which is not active
18:49:21.464 [JavaFX Application Thread] WARN  GameWorld            - Attempted to remove entity which is not active
18:49:21.969 [JavaFX Application Thread] DEBUG FXGLAssetLoaderServi - Loading from file system: file:/C:/Users/garre/git/CS4900G2Proj2/Dawnseeker/target/classes/assets/sounds/player_oof.wav
18:49:22.528 [JavaFX Application Thread] WARN  GameWorld            - Attempted to remove entity which is not active
18:49:22.880 [JavaFX Application Thread] WARN  GameWorld            - Attempted to remove entity which is not active
18:49:23.325 [JavaFX Application Thread] DEBUG FXGLAssetLoaderServi - Loading from file system: file:/C:/Users/garre/git/CS4900G2Proj2/Dawnseeker/target/classes/assets/sounds/coin_pickup.wav
18:49:23.464 [JavaFX Application Thread] WARN  GameWorld            - Attempted to remove entity which is not active
18:49:23.793 [JavaFX Application Thread] WARN  GameWorld            - Attempted to remove entity which is not active
18:49:23.898 [JavaFX Application Thread] WARN  GameWorld            - Attempted to remove entity which is not active
18:49:23.950 [JavaFX Application Thread] WARN  GameWorld            - Attempted to remove entity which is not active
18:49:24.173 [JavaFX Application Thread] WARN  GameWorld            - Attempted to remove entity which is not active
18:49:31.888 [JavaFX Application Thread] WARN  GameWorld            - Attempted to remove entity which is not active
18:49:32.738 [JavaFX Application Thread] DEBUG FXGLAssetLoaderServi - Loading from file system: file:/C:/Users/garre/git/CS4900G2Proj2/Dawnseeker/target/classes/assets/sounds/yoda_death.wav
18:49:32.740 [JavaFX Application Thread] DEBUG AudioPlayer          - Stopping music com.almasb.fxgl.audio.Music@736ddf06
18:49:32.740 [JavaFX Application Thread] DEBUG AudioPlayer          - Stopping music com.almasb.fxgl.audio.Music@1d5eb060
18:49:32.741 [JavaFX Application Thread] DEBUG Input                - Clearing active input actions
18:49:32.743 [JavaFX Application Thread] DEBUG GameApplicationServi - Removing overlay from GameScene and adding to FXGLMainMenuDummyScene
18:49:32.743 [JavaFX Application Thread] DEBUG PrimaryStageWindow   - GameScene -> FXGLMainMenuDummyScene
18:49:32.743 [JavaFX Application Thread] DEBUG PrimaryStageWindow   - Push state: DawnseekerMenu
18:49:32.743 [JavaFX Application Thread] DEBUG Input                - Clearing active input actions
18:49:32.743 [JavaFX Application Thread] DEBUG GameApplicationServi - Removing overlay from FXGLMainMenuDummyScene and adding to DawnseekerMenu
18:49:32.743 [JavaFX Application Thread] DEBUG PrimaryStageWindow   - FXGLMainMenuDummyScene -> DawnseekerMenu
18:49:32.744 [JavaFX Application Thread] DEBUG AudioPlayer          - Playing music com.almasb.fxgl.audio.Music@736ddf06
18:49:34.893 [JavaFX Application Thread] DEBUG FXGLApplication      - Exiting FXGL
18:49:34.893 [JavaFX Application Thread] DEBUG LoopRunner           - Stopping loop
18:49:34.893 [JavaFX Application Thread] DEBUG SystemBundleService  - Saving FXGL system data
18:49:34.894 [JavaFX Application Thread] DEBUG FileSystemAccess     - Writing to: C:\Users\garre\git\CS4900G2Proj2\Dawnseeker\system\fxgl.bundle
18:49:34.896 [JavaFX Application Thread] DEBUG Async                - Shutting down background threads
18:49:34.896 [JavaFX Application Thread] DEBUG PrimaryStageWindow   - Closing main window
18:49:34.905 [JavaFX Application Thread] DEBUG Logger               - Closing Logger
