12:21:23.658 [main                     ] DEBUG Logger               - Configured Logger
12:21:23.714 [main                     ] DEBUG GameApplication      - Logging settings
Title: Dawnseeker
Version: 0.2
Width: 1024
Height: 1024
Fullscreen: false
Intro: false
Profiling: false
Single step:false
App Mode: DEVELOPER
Menu Key: ESCAPE
Stage Style: DECORATED
Scene Factory: class myGame.DawnseekerApp$1

12:21:24.244 [JavaFX Application Thread] DEBUG FXGLApplication      - Initializing FXGL
12:21:24.252 [JavaFX Application Thread] INFO  Engine               - FXGL-17.2 (20.08.2022 16.50) on WINDOWS (J:19.0.2 FX:18)
12:21:24.253 [JavaFX Application Thread] DEBUG Engine               - JRE Vendor Name: Oracle Corporation
12:21:24.253 [JavaFX Application Thread] DEBUG Engine               - Running on OS: Windows 10 version 10.0
12:21:24.253 [JavaFX Application Thread] DEBUG Engine               - Architecture: amd64
12:21:24.253 [JavaFX Application Thread] INFO  Engine               - Source code and latest versions at: https://github.com/AlmasB/FXGL
12:21:24.253 [JavaFX Application Thread] INFO  Engine               -       Ask questions and discuss at: https://github.com/AlmasB/FXGL/discussions
12:21:24.254 [JavaFX Application Thread] INFO  Engine               -              Join the FXGL chat at: https://gitter.im/AlmasB/FXGL
12:21:24.437 [JavaFX Application Thread] DEBUG PrimaryStageWindow   - Creating a JavaFX scene
12:21:24.437 [JavaFX Application Thread] DEBUG PrimaryStageWindow   - Target size > screen size
12:21:24.496 [JavaFX Application Thread] DEBUG PrimaryStageWindow   - Target settings size: 1024.0 x 1024.0
12:21:24.496 [JavaFX Application Thread] DEBUG PrimaryStageWindow   - Scaled scene size:    799.0 x 824.0
12:21:24.496 [JavaFX Application Thread] DEBUG PrimaryStageWindow   - Scaled ratio: (0.7802734375, 0.8046875)
12:21:24.497 [JavaFX Application Thread] DEBUG PrimaryStageWindow   - Set initial scene to FXGLStartupScene
12:21:24.508 [JavaFX Application Thread] DEBUG PrimaryStageWindow   - Opening main window
12:21:24.629 [JavaFX Application Thread] DEBUG PrimaryStageWindow   - Window border size: (14.5999755859375, 37.5999755859375)
12:21:24.629 [JavaFX Application Thread] DEBUG PrimaryStageWindow   - Scaled size: 799.0 x 824.0
12:21:24.629 [JavaFX Application Thread] DEBUG PrimaryStageWindow   - Scaled ratio: (0.7802734375, 0.8046875)
12:21:24.630 [JavaFX Application Thread] DEBUG PrimaryStageWindow   - Scene size: 799.0 x 824.0
12:21:24.630 [JavaFX Application Thread] DEBUG PrimaryStageWindow   - Stage size: 813.5999755859375 x 861.5999755859375
12:21:24.644 [FXGL Background Thread 1 ] DEBUG Engine               - Initializing environment variables
12:21:24.744 [FXGL Background Thread 1 ] DEBUG FXGLAssetLoaderServi - User app class for loading assets: class myGame.DawnseekerApp
12:21:24.744 [FXGL Background Thread 1 ] DEBUG GameApplicationServi - Applying CSS: fxgl_dark.css
12:21:24.745 [FXGL Background Thread 1 ] DEBUG FXGLAssetLoaderServi - Loading from file system: jar:file:/C:/Users/narro/.m2/repository/com/github/almasb/fxgl/17.2/fxgl-17.2.jar!/fxglassets/ui/css/fxgl_dark.css
12:21:24.826 [FXGL Background Thread 1 ] DEBUG GameApplicationServi - Initializing application scenes
12:21:24.896 [FXGL Background Thread 1 ] DEBUG GameWorld            - Game world initialized
12:21:24.998 [FXGL Background Thread 1 ] DEBUG PhysicsWorld         - Physics world initialized: appHeight=1024, physics.ppm=50.0
12:21:24.998 [FXGL Background Thread 1 ] DEBUG PhysicsWorld         - Using strategy: BRUTE_FORCE
12:21:25.002 [FXGL Background Thread 1 ] DEBUG GameScene            - Game scene initialized: 1024x1024
12:21:25.019 [FXGL Background Thread 1 ] DEBUG FXGLAssetLoaderServi - Loading from file system: file:/C:/Users/narro/OneDrive/Documents/coleg/Spring%202023/CS%204900%20Senior%20Seminiar/Dawnseeker/Dawnseeker/target/classes/assets/textures/bg.png
12:21:25.114 [FXGL Background Thread 1 ] DEBUG FXGL.DefaultMenu     - createMenuBodyGameMenu()
12:21:25.131 [FXGL Background Thread 1 ] DEBUG FXGL.DefaultMenu     - createOptionsMenu()
12:21:25.142 [FXGL Background Thread 1 ] DEBUG FXGLAssetLoaderServi - Loading from file system: jar:file:/C:/Users/narro/.m2/repository/com/github/almasb/fxgl/17.2/fxgl-17.2.jar!/fxglassets/textures/particles/smoke.png
12:21:25.258 [FXGL Background Thread 1 ] DEBUG FXGLAssetLoaderServi - Loading from file system: jar:file:/C:/Users/narro/.m2/repository/com/github/almasb/fxgl/17.2/fxgl-17.2.jar!/fxglassets/textures/particles/trace_horizontal.png
12:21:25.280 [FXGL Background Thread 1 ] DEBUG GameApplicationServi - Application scenes initialized
12:21:25.296 [FXGL Background Thread 1 ] DEBUG SystemBundleService  - Loading FXGL system data
12:21:25.306 [FXGL Background Thread 1 ] DEBUG FileSystemAccess     - Reading from: C:\Users\narro\OneDrive\Documents\coleg\Spring 2023\CS 4900 Senior Seminiar\Dawnseeker\Dawnseeker\system\fxgl.bundle
12:21:25.317 [FXGL Background Thread 1 ] DEBUG SystemBundleService  - Bundle FXGL: {}
12:21:25.318 [FXGL Background Thread 1 ] DEBUG UpdaterService       - Checking for updates
12:21:25.323 [FXGL Background Thread 4 ] DEBUG FXGLApplication      - Loading fonts
12:21:25.324 [FXGL Background Thread 4 ] DEBUG FXGLAssetLoaderServi - Loading from file system: jar:file:/C:/Users/narro/.m2/repository/com/github/almasb/fxgl/17.2/fxgl-17.2.jar!/fxglassets/ui/fonts/VarelaRound-Regular.ttf
12:21:25.324 [FXGL Background Thread 1 ] DEBUG FXGLApplication      - Loading default localization
12:21:25.325 [FXGL Background Thread 1 ] DEBUG FXGLAssetLoaderServi - Loading from file system: jar:file:/C:/Users/narro/.m2/repository/com/github/almasb/fxgl/17.2/fxgl-17.2.jar!/fxglassets/languages/english.lang
12:21:25.367 [FXGL Background Thread 1 ] INFO  FXGLApplication      - FXGL initialization took: 0.723 sec
12:21:25.398 [JavaFX Application Thread] DEBUG Input                - Registered new binding: action0 - LMB
12:21:25.407 [JavaFX Application Thread] DEBUG Input                - Registered new binding: Up - W
12:21:25.407 [JavaFX Application Thread] DEBUG Input                - Registered new binding: Down - S
12:21:25.407 [JavaFX Application Thread] DEBUG Input                - Registered new binding: Right - D
12:21:25.408 [JavaFX Application Thread] DEBUG Input                - Registered new binding: Left - A
12:21:25.408 [JavaFX Application Thread] DEBUG FXGLAssetLoaderServi - Loading from file system: jar:file:/C:/Users/narro/.m2/repository/com/github/almasb/fxgl/17.2/fxgl-17.2.jar!/fxglassets/textures/fxgl_icon.png
12:21:25.434 [JavaFX Application Thread] DEBUG FXGLAssetLoaderServi - Loading from file system: jar:file:/C:/Users/narro/.m2/repository/com/github/almasb/fxgl/17.2/fxgl-17.2.jar!/fxglassets/textures/fxgl_default_cursor.png
12:21:25.437 [JavaFX Application Thread] DEBUG Input                - Registered new binding: Screenshot - CTRL+8
12:21:25.437 [JavaFX Application Thread] DEBUG Input                - Registered new binding: System info dump - CTRL+9
12:21:25.438 [JavaFX Application Thread] DEBUG Input                - Registered new binding: Restart - CTRL+R
12:21:25.439 [JavaFX Application Thread] DEBUG Input                - Registered new binding: Toggle Debug Camera - CTRL+7
12:21:25.444 [JavaFX Application Thread] DEBUG LoopRunner           - Starting loop
12:21:25.444 [JavaFX Application Thread] DEBUG LoopRunner           - Initializing JavaFX AnimationTimerLoop
12:21:25.445 [FXGL Background Thread 4 ] DEBUG FXGLAssetLoaderServi - Loading from file system: jar:file:/C:/Users/narro/.m2/repository/com/github/almasb/fxgl/17.2/fxgl-17.2.jar!/fxglassets/ui/fonts/Abel-Regular.ttf
12:21:25.448 [JavaFX Application Thread] DEBUG Input                - Clearing active input actions
12:21:25.458 [JavaFX Application Thread] DEBUG GameApplicationServi - Removing overlay from FXGLStartupScene and adding to FXGLMainMenuDummyScene
12:21:25.458 [JavaFX Application Thread] DEBUG PrimaryStageWindow   - FXGLStartupScene -> FXGLMainMenuDummyScene
12:21:25.459 [JavaFX Application Thread] DEBUG PrimaryStageWindow   - Push state: DawnseekerMenu
12:21:25.459 [JavaFX Application Thread] DEBUG Input                - Clearing active input actions
12:21:25.461 [FXGL Background Thread 4 ] DEBUG FXGLAssetLoaderServi - Loading from file system: jar:file:/C:/Users/narro/.m2/repository/com/github/almasb/fxgl/17.2/fxgl-17.2.jar!/fxglassets/ui/fonts/TerminalLandMono-Regular.otf
12:21:25.465 [JavaFX Application Thread] DEBUG GameApplicationServi - Removing overlay from FXGLMainMenuDummyScene and adding to DawnseekerMenu
12:21:25.466 [JavaFX Application Thread] DEBUG PrimaryStageWindow   - FXGLMainMenuDummyScene -> DawnseekerMenu
12:21:25.475 [FXGL Background Thread 4 ] DEBUG FXGLAssetLoaderServi - Loading from file system: jar:file:/C:/Users/narro/.m2/repository/com/github/almasb/fxgl/17.2/fxgl-17.2.jar!/fxglassets/ui/fonts/Courier-Prime.ttf
12:21:25.500 [JavaFX Application Thread] DEBUG FXGLApplication      - Registering font factories with UI factory
12:21:28.322 [FXGL Background Thread 3 ] DEBUG Engine               - Logging environment variables
12:21:28.324 [FXGL Background Thread 3 ] DEBUG Engine               - achievements: []
12:21:28.324 [FXGL Background Thread 3 ] DEBUG Engine               - actualHeight: 824.0
12:21:28.324 [FXGL Background Thread 3 ] DEBUG Engine               - actualHeightProperty: ReadOnlyDoubleProperty [value: 824.0]
12:21:28.324 [FXGL Background Thread 3 ] DEBUG Engine               - actualWidth: 799.0
12:21:28.325 [FXGL Background Thread 3 ] DEBUG Engine               - actualWidthProperty: ReadOnlyDoubleProperty [value: 799.0]
12:21:28.325 [FXGL Background Thread 3 ] DEBUG Engine               - appIcon: fxgl_icon.png
12:21:28.325 [FXGL Background Thread 3 ] DEBUG Engine               - applicationMode: DEVELOPER
12:21:28.325 [FXGL Background Thread 3 ] DEBUG Engine               - cSSList: [fxgl_dark.css]
12:21:28.326 [FXGL Background Thread 3 ] DEBUG Engine               - collisionDetectionStrategy: BRUTE_FORCE
12:21:28.326 [FXGL Background Thread 3 ] DEBUG Engine               - configClass: Optional.empty
12:21:28.326 [FXGL Background Thread 3 ] DEBUG Engine               - credits: []
12:21:28.327 [FXGL Background Thread 3 ] DEBUG Engine               - defaultCursor: CursorInfo(imageName=fxgl_default_cursor.png, hotspotX=7.0, hotspotY=6.0)
12:21:28.328 [FXGL Background Thread 3 ] DEBUG Engine               - devBBoxColorProperty: ObjectProperty [value: 0xff0000ff]
12:21:28.328 [FXGL Background Thread 3 ] DEBUG Engine               - devEnableDebugCameraProperty: BooleanProperty [value: false]
12:21:28.328 [FXGL Background Thread 3 ] DEBUG Engine               - devSensorColorProperty: ObjectProperty [value: 0xffff00ff]
12:21:28.329 [FXGL Background Thread 3 ] DEBUG Engine               - devShowBBoxProperty: BooleanProperty [value: false]
12:21:28.329 [FXGL Background Thread 3 ] DEBUG Engine               - devShowPositionProperty: BooleanProperty [value: false]
12:21:28.329 [FXGL Background Thread 3 ] DEBUG Engine               - enabledMenuItems: []
12:21:28.329 [FXGL Background Thread 3 ] DEBUG Engine               - engineServices: [class com.almasb.fxgl.app.services.FXGLAssetLoaderService, class com.almasb.fxgl.app.FXGLApplication$GameApplicationService, class com.almasb.fxgl.app.services.FXGLDialogService, class com.almasb.fxgl.app.services.IOTaskExecutorService, class com.almasb.fxgl.io.FileSystemService, class com.almasb.fxgl.localization.LocalizationService, class com.almasb.fxgl.app.services.SystemBundleService, class com.almasb.fxgl.profile.SaveLoadService, class com.almasb.fxgl.ui.FXGLUIFactoryServiceProvider, class com.almasb.fxgl.ui.FXGLDialogFactoryServiceProvider, class com.almasb.fxgl.audio.AudioPlayer, class com.almasb.fxgl.notification.impl.NotificationServiceProvider, class com.almasb.fxgl.achievement.AchievementService, class com.almasb.fxgl.cutscene.CutsceneService, class com.almasb.fxgl.minigames.MiniGameService, class com.almasb.fxgl.net.NetService, class com.almasb.fxgl.app.services.UpdaterService, class com.almasb.fxgl.dev.DevService]
12:21:28.329 [FXGL Background Thread 3 ] DEBUG Engine               - fontGame: Abel-Regular.ttf
12:21:28.330 [FXGL Background Thread 3 ] DEBUG Engine               - fontMono: TerminalLandMono-Regular.otf
12:21:28.330 [FXGL Background Thread 3 ] DEBUG Engine               - fontText: Courier-Prime.ttf
12:21:28.330 [FXGL Background Thread 3 ] DEBUG Engine               - fontUI: VarelaRound-Regular.ttf
12:21:28.330 [FXGL Background Thread 3 ] DEBUG Engine               - fullScreen: BooleanProperty [value: false]
12:21:28.331 [FXGL Background Thread 3 ] DEBUG Engine               - gameDifficulty: MEDIUM
12:21:28.331 [FXGL Background Thread 3 ] DEBUG Engine               - gameDifficultyProperty: ObjectProperty [value: MEDIUM]
12:21:28.331 [FXGL Background Thread 3 ] DEBUG Engine               - globalMusicVolume: 0.5
12:21:28.331 [FXGL Background Thread 3 ] DEBUG Engine               - globalMusicVolumeProperty: DoubleProperty [value: 0.5]
12:21:28.332 [FXGL Background Thread 3 ] DEBUG Engine               - globalSoundVolume: 0.5
12:21:28.332 [FXGL Background Thread 3 ] DEBUG Engine               - globalSoundVolumeProperty: DoubleProperty [value: 0.5]
12:21:28.332 [FXGL Background Thread 3 ] DEBUG Engine               - height: 1024
12:21:28.332 [FXGL Background Thread 3 ] DEBUG Engine               - is3D: false
12:21:28.333 [FXGL Background Thread 3 ] DEBUG Engine               - isAndroid: false
12:21:28.333 [FXGL Background Thread 3 ] DEBUG Engine               - isBrowser: false
12:21:28.333 [FXGL Background Thread 3 ] DEBUG Engine               - isClickFeedbackEnabled: false
12:21:28.333 [FXGL Background Thread 3 ] DEBUG Engine               - isCloseConfirmation: false
12:21:28.333 [FXGL Background Thread 3 ] DEBUG Engine               - isDesktop: true
12:21:28.334 [FXGL Background Thread 3 ] DEBUG Engine               - isDeveloperMenuEnabled: false
12:21:28.334 [FXGL Background Thread 3 ] DEBUG Engine               - isEmbedded: false
12:21:28.334 [FXGL Background Thread 3 ] DEBUG Engine               - isEntityPreloadEnabled: true
12:21:28.334 [FXGL Background Thread 3 ] DEBUG Engine               - isExperimentalTiledLargeMap: false
12:21:28.334 [FXGL Background Thread 3 ] DEBUG Engine               - isFileSystemWriteAllowed: true
12:21:28.335 [FXGL Background Thread 3 ] DEBUG Engine               - isFullScreenAllowed: false
12:21:28.335 [FXGL Background Thread 3 ] DEBUG Engine               - isFullScreenFromStart: false
12:21:28.335 [FXGL Background Thread 3 ] DEBUG Engine               - isGameMenuEnabled: true
12:21:28.335 [FXGL Background Thread 3 ] DEBUG Engine               - isIOS: false
12:21:28.336 [FXGL Background Thread 3 ] DEBUG Engine               - isIntroEnabled: false
12:21:28.336 [FXGL Background Thread 3 ] DEBUG Engine               - isLinux: false
12:21:28.336 [FXGL Background Thread 3 ] DEBUG Engine               - isMac: false
12:21:28.336 [FXGL Background Thread 3 ] DEBUG Engine               - isMainMenuEnabled: true
12:21:28.336 [FXGL Background Thread 3 ] DEBUG Engine               - isManualResizeEnabled: false
12:21:28.337 [FXGL Background Thread 3 ] DEBUG Engine               - isMobile: false
12:21:28.337 [FXGL Background Thread 3 ] DEBUG Engine               - isNative: false
12:21:28.337 [FXGL Background Thread 3 ] DEBUG Engine               - isPauseMusicWhenMinimized: true
12:21:28.337 [FXGL Background Thread 3 ] DEBUG Engine               - isPreserveResizeRatio: false
12:21:28.338 [FXGL Background Thread 3 ] DEBUG Engine               - isProfilingEnabled: false
12:21:28.338 [FXGL Background Thread 3 ] DEBUG Engine               - isScaleAffectedOnResize: true
12:21:28.338 [FXGL Background Thread 3 ] DEBUG Engine               - isSingleStep: false
12:21:28.338 [FXGL Background Thread 3 ] DEBUG Engine               - isUserProfileEnabled: false
12:21:28.339 [FXGL Background Thread 3 ] DEBUG Engine               - isWindows: true
12:21:28.339 [FXGL Background Thread 3 ] DEBUG Engine               - language: ObjectProperty [value: ENGLISH]
12:21:28.339 [FXGL Background Thread 3 ] DEBUG Engine               - menuKey: ESCAPE
12:21:28.339 [FXGL Background Thread 3 ] DEBUG Engine               - mouseSensitivity: 0.2
12:21:28.339 [FXGL Background Thread 3 ] DEBUG Engine               - notificationViewClass: class com.almasb.fxgl.notification.view.XboxNotificationView
12:21:28.340 [FXGL Background Thread 3 ] DEBUG Engine               - pixelsPerMeter: 50.0
12:21:28.340 [FXGL Background Thread 3 ] DEBUG Engine               - platform: WINDOWS
12:21:28.340 [FXGL Background Thread 3 ] DEBUG Engine               - prefHeightProperty: ReadOnlyDoubleProperty [value: 1024.0]
12:21:28.340 [FXGL Background Thread 3 ] DEBUG Engine               - prefWidthProperty: ReadOnlyDoubleProperty [value: 1024.0]
12:21:28.341 [FXGL Background Thread 3 ] DEBUG Engine               - profileDir: profiles/
12:21:28.341 [FXGL Background Thread 3 ] DEBUG Engine               - profileName: StringProperty [value: DEFAULT]
12:21:28.341 [FXGL Background Thread 3 ] DEBUG Engine               - randomSeed: -1
12:21:28.342 [FXGL Background Thread 3 ] DEBUG Engine               - runtimeInfo: RuntimeInfo(platform=WINDOWS, version=17.2, build=20.08.2022 16.50)
12:21:28.342 [FXGL Background Thread 3 ] DEBUG Engine               - saveFileExt: sav
12:21:28.342 [FXGL Background Thread 3 ] DEBUG Engine               - scaledHeightProp$fxgl: DoubleProperty [bound, value: 824.0]
12:21:28.342 [FXGL Background Thread 3 ] DEBUG Engine               - scaledWidthProp$fxgl: DoubleProperty [bound, value: 799.0]
12:21:28.343 [FXGL Background Thread 3 ] DEBUG Engine               - sceneFactory: myGame.DawnseekerApp$1@410601
12:21:28.343 [FXGL Background Thread 3 ] DEBUG Engine               - secondsIn24h: 60
12:21:28.343 [FXGL Background Thread 3 ] DEBUG Engine               - soundMenuBack: menu/back.wav
12:21:28.343 [FXGL Background Thread 3 ] DEBUG Engine               - soundMenuPress: menu/press.wav
12:21:28.343 [FXGL Background Thread 3 ] DEBUG Engine               - soundMenuSelect: menu/select.wav
12:21:28.344 [FXGL Background Thread 3 ] DEBUG Engine               - soundNotification: core/notification.wav
12:21:28.344 [FXGL Background Thread 3 ] DEBUG Engine               - stageStyle: DECORATED
12:21:28.344 [FXGL Background Thread 3 ] DEBUG Engine               - supportedLanguages: [ENGLISH, FRENCH, GERMAN, HUNGARIAN, RUSSIAN]
12:21:28.344 [FXGL Background Thread 3 ] DEBUG Engine               - ticksPerSecond: -1
12:21:28.344 [FXGL Background Thread 3 ] DEBUG Engine               - title: Dawnseeker
12:21:28.345 [FXGL Background Thread 3 ] DEBUG Engine               - urlGithub: https://github.com/AlmasB/FXGL
12:21:28.345 [FXGL Background Thread 3 ] DEBUG Engine               - urlLeaderboard: http://fxgl-top.herokuapp.com/
12:21:28.345 [FXGL Background Thread 3 ] DEBUG Engine               - urlPOM: https://raw.githubusercontent.com/AlmasB/FXGL/release/README.md
12:21:28.345 [FXGL Background Thread 3 ] DEBUG Engine               - userAppClass: class myGame.DawnseekerApp
12:21:28.345 [FXGL Background Thread 3 ] DEBUG Engine               - version: 0.2
12:21:28.345 [FXGL Background Thread 3 ] DEBUG Engine               - versionCheckDays: 7
12:21:28.346 [FXGL Background Thread 3 ] DEBUG Engine               - width: 1024
12:21:28.346 [FXGL Background Thread 3 ] DEBUG Engine               - Logging services
12:21:28.346 [FXGL Background Thread 3 ] DEBUG Engine               - class com.almasb.fxgl.app.services.FXGLAssetLoaderService
12:21:28.346 [FXGL Background Thread 3 ] DEBUG Engine               - class com.almasb.fxgl.app.FXGLApplication$GameApplicationService
12:21:28.346 [FXGL Background Thread 3 ] DEBUG Engine               - class com.almasb.fxgl.app.services.FXGLDialogService
12:21:28.347 [FXGL Background Thread 3 ] DEBUG Engine               - class com.almasb.fxgl.app.services.IOTaskExecutorService
12:21:28.347 [FXGL Background Thread 3 ] DEBUG Engine               - class com.almasb.fxgl.io.FileSystemService
12:21:28.347 [FXGL Background Thread 3 ] DEBUG Engine               - class com.almasb.fxgl.localization.LocalizationService
12:21:28.347 [FXGL Background Thread 3 ] DEBUG Engine               - class com.almasb.fxgl.app.services.SystemBundleService
12:21:28.348 [FXGL Background Thread 3 ] DEBUG Engine               - class com.almasb.fxgl.profile.SaveLoadService
12:21:28.348 [FXGL Background Thread 3 ] DEBUG Engine               - class com.almasb.fxgl.ui.FXGLUIFactoryServiceProvider
12:21:28.348 [FXGL Background Thread 3 ] DEBUG Engine               - class com.almasb.fxgl.ui.FXGLDialogFactoryServiceProvider
12:21:28.348 [FXGL Background Thread 3 ] DEBUG Engine               - class com.almasb.fxgl.audio.AudioPlayer
12:21:28.348 [FXGL Background Thread 3 ] DEBUG Engine               - class com.almasb.fxgl.notification.impl.NotificationServiceProvider
12:21:28.349 [FXGL Background Thread 3 ] DEBUG Engine               - class com.almasb.fxgl.achievement.AchievementService
12:21:28.349 [FXGL Background Thread 3 ] DEBUG Engine               - class com.almasb.fxgl.cutscene.CutsceneService
12:21:28.349 [FXGL Background Thread 3 ] DEBUG Engine               - class com.almasb.fxgl.minigames.MiniGameService
12:21:28.349 [FXGL Background Thread 3 ] DEBUG Engine               - class com.almasb.fxgl.net.NetService
12:21:28.350 [FXGL Background Thread 3 ] DEBUG Engine               - class com.almasb.fxgl.app.services.UpdaterService
12:21:28.350 [FXGL Background Thread 3 ] DEBUG Engine               - class com.almasb.fxgl.dev.DevService
12:21:31.842 [JavaFX Application Thread] DEBUG Menu                 - fireNewGame()
12:21:31.842 [JavaFX Application Thread] DEBUG GameApplicationServi - Starting new game
12:21:31.843 [JavaFX Application Thread] DEBUG PrimaryStageWindow   - Pop state: DawnseekerMenu
12:21:31.843 [JavaFX Application Thread] DEBUG Input                - Clearing active input actions
12:21:31.844 [JavaFX Application Thread] DEBUG GameApplicationServi - Removing overlay from DawnseekerMenu and adding to FXGLMainMenuDummyScene
12:21:31.846 [JavaFX Application Thread] DEBUG PrimaryStageWindow   - FXGLMainMenuDummyScene <- DawnseekerMenu
12:21:31.846 [JavaFX Application Thread] DEBUG Input                - Clearing active input actions
12:21:31.878 [JavaFX Application Thread] DEBUG GameApplicationServi - Removing overlay from FXGLMainMenuDummyScene and adding to FXGLLoadingScene
12:21:31.879 [JavaFX Application Thread] DEBUG PrimaryStageWindow   - FXGLMainMenuDummyScene -> FXGLLoadingScene
12:21:31.879 [JavaFX Application Thread] DEBUG GameApplicationServi - Clearing previous game
12:21:31.879 [JavaFX Application Thread] DEBUG GameScene            - Clearing game scene
12:21:31.880 [JavaFX Application Thread] DEBUG GameWorld            - Clearing game world
12:21:31.880 [JavaFX Application Thread] DEBUG PhysicsWorld         - Clearing physics world
12:21:31.884 [FXGL Background Thread 2 ] DEBUG FXGLApplication      - Initializing game
12:21:31.899 [FXGL Background Thread 2 ] DEBUG FXGLAssetLoaderServi - Loading from file system: file:/C:/Users/narro/OneDrive/Documents/coleg/Spring%202023/CS%204900%20Senior%20Seminiar/Dawnseeker/Dawnseeker/target/classes/assets/music/heartache.mp3
12:21:32.264 [FXGL Background Thread 2 ] DEBUG AudioPlayer          - Playing music com.almasb.fxgl.audio.Music@4e7f9bf6
12:21:32.288 [FXGL Background Thread 2 ] DEBUG FXGLAssetLoaderServi - Loading from file system: file:/C:/Users/narro/OneDrive/Documents/coleg/Spring%202023/CS%204900%20Senior%20Seminiar/Dawnseeker/Dawnseeker/target/classes/assets/textures/DawnseekerPCV2.png
12:21:32.298 [FXGL Background Thread 2 ] DEBUG FXGLAssetLoaderServi - Loading from file system: file:/C:/Users/narro/OneDrive/Documents/coleg/Spring%202023/CS%204900%20Senior%20Seminiar/Dawnseeker/Dawnseeker/target/classes/assets/textures/DawnseekerPCV2Down.png
12:21:32.301 [FXGL Background Thread 2 ] DEBUG FXGLAssetLoaderServi - Loading from file system: file:/C:/Users/narro/OneDrive/Documents/coleg/Spring%202023/CS%204900%20Senior%20Seminiar/Dawnseeker/Dawnseeker/target/classes/assets/textures/DawnseekerPCV2Up.png
12:21:32.305 [FXGL Background Thread 2 ] DEBUG FXGLAssetLoaderServi - Loading from file system: file:/C:/Users/narro/OneDrive/Documents/coleg/Spring%202023/CS%204900%20Senior%20Seminiar/Dawnseeker/Dawnseeker/target/classes/assets/textures/DawnseekerPCV2Right.png
12:21:32.309 [FXGL Background Thread 2 ] DEBUG FXGLAssetLoaderServi - Loading from file system: file:/C:/Users/narro/OneDrive/Documents/coleg/Spring%202023/CS%204900%20Senior%20Seminiar/Dawnseeker/Dawnseeker/target/classes/assets/textures/DawnseekerPCV2Left.png
12:21:32.339 [FXGL Background Thread 2 ] WARN  GameWorld            - Entity is already attached to world
12:21:32.342 [FXGL Background Thread 2 ] WARN  Entity               - Entity already has component: com.almasb.fxgl.entity.components.CollidableComponent
12:21:32.342 [FXGL Background Thread 2 ] WARN  GameWorld            - Entity is already attached to world
12:21:32.344 [FXGL Background Thread 2 ] WARN  Entity               - Entity already has component: com.almasb.fxgl.entity.components.CollidableComponent
12:21:32.344 [FXGL Background Thread 2 ] WARN  GameWorld            - Entity is already attached to world
12:21:32.346 [FXGL Background Thread 2 ] WARN  Entity               - Entity already has component: com.almasb.fxgl.entity.components.CollidableComponent
12:21:32.346 [FXGL Background Thread 2 ] WARN  GameWorld            - Entity is already attached to world
12:21:32.347 [FXGL Background Thread 2 ] WARN  Entity               - Entity already has component: com.almasb.fxgl.entity.components.CollidableComponent
12:21:32.348 [FXGL Background Thread 2 ] WARN  GameWorld            - Entity is already attached to world
12:21:32.349 [FXGL Background Thread 2 ] WARN  GameWorld            - Entity is already attached to world
12:21:32.381 [FXGL Background Thread 2 ] INFO  FXGLApplication      - Game initialization took: 0.497 sec
12:21:32.388 [JavaFX Application Thread] DEBUG Input                - Clearing active input actions
12:21:32.407 [JavaFX Application Thread] DEBUG GameApplicationServi - Removing overlay from FXGLLoadingScene and adding to GameScene
12:21:32.407 [JavaFX Application Thread] DEBUG PrimaryStageWindow   - FXGLLoadingScene -> GameScene
12:21:32.990 [JavaFX Application Thread] DEBUG FXGLAssetLoaderServi - Loading from file system: file:/C:/Users/narro/OneDrive/Documents/coleg/Spring%202023/CS%204900%20Senior%20Seminiar/Dawnseeker/Dawnseeker/target/classes/assets/textures/EnemyDawnseeker.png
12:21:33.659 [JavaFX Application Thread] DEBUG FXGLAssetLoaderServi - Loading from file system: file:/C:/Users/narro/OneDrive/Documents/coleg/Spring%202023/CS%204900%20Senior%20Seminiar/Dawnseeker/Dawnseeker/target/classes/assets/sounds/magic_missile.wav
12:21:33.710 [JavaFX Application Thread] DEBUG FXGLAssetLoaderServi - Loading from file system: file:/C:/Users/narro/OneDrive/Documents/coleg/Spring%202023/CS%204900%20Senior%20Seminiar/Dawnseeker/Dawnseeker/target/classes/assets/textures/FireBallProjectile.png
12:21:33.968 [JavaFX Application Thread] DEBUG FXGLAssetLoaderServi - Loading from file system: file:/C:/Users/narro/OneDrive/Documents/coleg/Spring%202023/CS%204900%20Senior%20Seminiar/Dawnseeker/Dawnseeker/target/classes/assets/sounds/bong.wav
12:21:40.076 [JavaFX Application Thread] DEBUG FXGLAssetLoaderServi - Loading from file system: file:/C:/Users/narro/OneDrive/Documents/coleg/Spring%202023/CS%204900%20Senior%20Seminiar/Dawnseeker/Dawnseeker/target/classes/assets/sounds/player_oof.wav
12:21:40.409 [JavaFX Application Thread] DEBUG FXGLAssetLoaderServi - Loading from file system: file:/C:/Users/narro/OneDrive/Documents/coleg/Spring%202023/CS%204900%20Senior%20Seminiar/Dawnseeker/Dawnseeker/target/classes/assets/sounds/yoda_death.wav
12:21:40.425 [JavaFX Application Thread] DEBUG Input                - Clearing active input actions
12:21:40.432 [JavaFX Application Thread] DEBUG GameApplicationServi - Removing overlay from GameScene and adding to FXGLMainMenuDummyScene
12:21:40.433 [JavaFX Application Thread] DEBUG PrimaryStageWindow   - GameScene -> FXGLMainMenuDummyScene
12:21:40.433 [JavaFX Application Thread] DEBUG PrimaryStageWindow   - Push state: DawnseekerMenu
12:21:40.433 [JavaFX Application Thread] DEBUG Input                - Clearing active input actions
12:21:40.433 [JavaFX Application Thread] DEBUG GameApplicationServi - Removing overlay from FXGLMainMenuDummyScene and adding to DawnseekerMenu
12:21:40.433 [JavaFX Application Thread] DEBUG PrimaryStageWindow   - FXGLMainMenuDummyScene -> DawnseekerMenu
12:21:48.291 [JavaFX Application Thread] DEBUG Menu                 - fireNewGame()
12:21:48.291 [JavaFX Application Thread] DEBUG GameApplicationServi - Starting new game
12:21:48.291 [JavaFX Application Thread] DEBUG PrimaryStageWindow   - Pop state: DawnseekerMenu
12:21:48.291 [JavaFX Application Thread] DEBUG Input                - Clearing active input actions
12:21:48.292 [JavaFX Application Thread] DEBUG GameApplicationServi - Removing overlay from DawnseekerMenu and adding to FXGLMainMenuDummyScene
12:21:48.292 [JavaFX Application Thread] DEBUG PrimaryStageWindow   - FXGLMainMenuDummyScene <- DawnseekerMenu
12:21:48.293 [JavaFX Application Thread] DEBUG Input                - Clearing active input actions
12:21:48.306 [JavaFX Application Thread] DEBUG GameApplicationServi - Removing overlay from FXGLMainMenuDummyScene and adding to FXGLLoadingScene
12:21:48.306 [JavaFX Application Thread] DEBUG PrimaryStageWindow   - FXGLMainMenuDummyScene -> FXGLLoadingScene
12:21:48.306 [JavaFX Application Thread] DEBUG GameApplicationServi - Clearing previous game
12:21:48.306 [JavaFX Application Thread] DEBUG GameScene            - Clearing game scene
12:21:48.307 [JavaFX Application Thread] DEBUG GameWorld            - Clearing game world
12:21:48.310 [JavaFX Application Thread] DEBUG PhysicsWorld         - Clearing physics world
12:21:48.311 [FXGL Background Thread 2 ] DEBUG FXGLApplication      - Initializing game
12:21:48.312 [FXGL Background Thread 2 ] DEBUG AudioPlayer          - Playing music com.almasb.fxgl.audio.Music@4e7f9bf6
12:21:48.316 [FXGL Background Thread 2 ] WARN  GameWorld            - Entity is already attached to world
12:21:48.318 [FXGL Background Thread 2 ] WARN  Entity               - Entity already has component: com.almasb.fxgl.entity.components.CollidableComponent
12:21:48.318 [FXGL Background Thread 2 ] WARN  GameWorld            - Entity is already attached to world
12:21:48.320 [FXGL Background Thread 2 ] WARN  Entity               - Entity already has component: com.almasb.fxgl.entity.components.CollidableComponent
12:21:48.320 [FXGL Background Thread 2 ] WARN  GameWorld            - Entity is already attached to world
12:21:48.321 [FXGL Background Thread 2 ] WARN  Entity               - Entity already has component: com.almasb.fxgl.entity.components.CollidableComponent
12:21:48.322 [FXGL Background Thread 2 ] WARN  GameWorld            - Entity is already attached to world
12:21:48.323 [FXGL Background Thread 2 ] WARN  Entity               - Entity already has component: com.almasb.fxgl.entity.components.CollidableComponent
12:21:48.324 [FXGL Background Thread 2 ] WARN  GameWorld            - Entity is already attached to world
12:21:48.325 [FXGL Background Thread 2 ] WARN  GameWorld            - Entity is already attached to world
12:21:48.336 [FXGL Background Thread 2 ] INFO  FXGLApplication      - Game initialization took: 0.024 sec
12:21:48.346 [JavaFX Application Thread] DEBUG Input                - Clearing active input actions
12:21:48.357 [JavaFX Application Thread] DEBUG GameApplicationServi - Removing overlay from FXGLLoadingScene and adding to GameScene
12:21:48.357 [JavaFX Application Thread] DEBUG PrimaryStageWindow   - FXGLLoadingScene -> GameScene
12:21:56.655 [JavaFX Application Thread] DEBUG FXGLAssetLoaderServi - Loading from file system: file:/C:/Users/narro/OneDrive/Documents/coleg/Spring%202023/CS%204900%20Senior%20Seminiar/Dawnseeker/Dawnseeker/target/classes/assets/sounds/coin_pickup.wav
12:22:01.035 [JavaFX Application Thread] DEBUG Input                - Clearing active input actions
12:22:01.045 [JavaFX Application Thread] DEBUG GameApplicationServi - Removing overlay from GameScene and adding to FXGLMainMenuDummyScene
12:22:01.045 [JavaFX Application Thread] DEBUG PrimaryStageWindow   - GameScene -> FXGLMainMenuDummyScene
12:22:01.046 [JavaFX Application Thread] DEBUG PrimaryStageWindow   - Push state: DawnseekerMenu
12:22:01.046 [JavaFX Application Thread] DEBUG Input                - Clearing active input actions
12:22:01.047 [JavaFX Application Thread] DEBUG GameApplicationServi - Removing overlay from FXGLMainMenuDummyScene and adding to DawnseekerMenu
12:22:01.047 [JavaFX Application Thread] DEBUG PrimaryStageWindow   - FXGLMainMenuDummyScene -> DawnseekerMenu
12:22:06.191 [JavaFX Application Thread] DEBUG FXGLApplication      - Exiting FXGL
12:22:06.191 [JavaFX Application Thread] DEBUG LoopRunner           - Stopping loop
12:22:06.191 [JavaFX Application Thread] DEBUG SystemBundleService  - Saving FXGL system data
12:22:06.197 [JavaFX Application Thread] DEBUG FileSystemAccess     - Writing to: C:\Users\narro\OneDrive\Documents\coleg\Spring 2023\CS 4900 Senior Seminiar\Dawnseeker\Dawnseeker\system\fxgl.bundle
12:22:06.203 [JavaFX Application Thread] DEBUG Async                - Shutting down background threads
12:22:06.203 [JavaFX Application Thread] DEBUG PrimaryStageWindow   - Closing main window
12:22:06.228 [JavaFX Application Thread] DEBUG Logger               - Closing Logger
