15:11:04.626 [main                     ] DEBUG Logger               - Configured Logger
15:11:04.665 [main                     ] DEBUG GameApplication      - Logging settings
Title: Simple Game App
Version: 1.0dev
Width: 1280
Height: 720
Fullscreen: false
Intro: true
Profiling: false
Single step:false
App Mode: DEVELOPER
Menu Key: ESCAPE
Stage Style: DECORATED
Scene Factory: class com.almasb.fxgl.app.scene.SceneFactory

15:11:05.355 [JavaFX Application Thread] DEBUG FXGLApplication      - Initializing FXGL
15:11:05.364 [JavaFX Application Thread] INFO  Engine               - FXGL-17.2 (20.08.2022 16.50) on WINDOWS (J:19.0.2 FX:18)
15:11:05.365 [JavaFX Application Thread] DEBUG Engine               - JRE Vendor Name: Oracle Corporation
15:11:05.367 [JavaFX Application Thread] DEBUG Engine               - Running on OS: Windows 10 version 10.0
15:11:05.367 [JavaFX Application Thread] DEBUG Engine               - Architecture: amd64
15:11:05.367 [JavaFX Application Thread] INFO  Engine               - Source code and latest versions at: https://github.com/AlmasB/FXGL
15:11:05.368 [JavaFX Application Thread] INFO  Engine               -       Ask questions and discuss at: https://github.com/AlmasB/FXGL/discussions
15:11:05.368 [JavaFX Application Thread] INFO  Engine               -              Join the FXGL chat at: https://gitter.im/AlmasB/FXGL
15:11:05.552 [JavaFX Application Thread] DEBUG PrimaryStageWindow   - Creating a JavaFX scene
15:11:05.623 [JavaFX Application Thread] DEBUG PrimaryStageWindow   - Target settings size: 1280.0 x 720.0
15:11:05.624 [JavaFX Application Thread] DEBUG PrimaryStageWindow   - Scaled scene size:    1280.0 x 720.0
15:11:05.624 [JavaFX Application Thread] DEBUG PrimaryStageWindow   - Scaled ratio: (1.0, 1.0)
15:11:05.627 [JavaFX Application Thread] DEBUG PrimaryStageWindow   - Set initial scene to FXGLStartupScene
15:11:05.639 [JavaFX Application Thread] DEBUG PrimaryStageWindow   - Opening main window
15:11:05.794 [JavaFX Application Thread] DEBUG PrimaryStageWindow   - Window border size: (14.4000244140625, 37.5999755859375)
15:11:05.795 [JavaFX Application Thread] DEBUG PrimaryStageWindow   - Scaled size: 1280.0 x 720.0
15:11:05.795 [JavaFX Application Thread] DEBUG PrimaryStageWindow   - Scaled ratio: (1.0, 1.0)
15:11:05.796 [JavaFX Application Thread] DEBUG PrimaryStageWindow   - Scene size: 1280.0 x 720.0
15:11:05.796 [JavaFX Application Thread] DEBUG PrimaryStageWindow   - Stage size: 1294.4000244140625 x 757.5999755859375
15:11:05.812 [FXGL Background Thread 1 ] DEBUG Engine               - Initializing environment variables
15:11:05.949 [FXGL Background Thread 1 ] DEBUG FXGLAssetLoaderServi - User app class for loading assets: class myGame.testest
15:11:05.949 [FXGL Background Thread 1 ] DEBUG GameApplicationServi - Applying CSS: fxgl_dark.css
15:11:05.955 [FXGL Background Thread 1 ] DEBUG FXGLAssetLoaderServi - Loading from file system: jar:file:/C:/Users/narro/.m2/repository/com/github/almasb/fxgl/17.2/fxgl-17.2.jar!/fxglassets/ui/css/fxgl_dark.css
15:11:06.078 [FXGL Background Thread 1 ] DEBUG GameApplicationServi - Initializing application scenes
15:11:06.160 [FXGL Background Thread 1 ] DEBUG GameWorld            - Game world initialized
15:11:06.275 [FXGL Background Thread 1 ] DEBUG PhysicsWorld         - Physics world initialized: appHeight=720, physics.ppm=50.0
15:11:06.275 [FXGL Background Thread 1 ] DEBUG PhysicsWorld         - Using strategy: BRUTE_FORCE
15:11:06.281 [FXGL Background Thread 1 ] DEBUG GameScene            - Game scene initialized: 1280x720
15:11:06.287 [FXGL Background Thread 1 ] DEBUG FXGLAssetLoaderServi - Loading from file system: jar:file:/C:/Users/narro/.m2/repository/com/github/almasb/fxgl/17.2/fxgl-17.2.jar!/fxglassets/textures/intro/fxgl_logo.png
15:11:06.324 [FXGL Background Thread 1 ] DEBUG FXGLAssetLoaderServi - Loading from file system: jar:file:/C:/Users/narro/.m2/repository/com/github/almasb/fxgl/17.2/fxgl-17.2.jar!/fxglassets/textures/intro/javafx_logo.png
15:11:06.471 [FXGL Background Thread 1 ] DEBUG FXGL.DefaultMenu     - createMenuBodyMainMenu()
15:11:06.493 [FXGL Background Thread 1 ] DEBUG FXGL.DefaultMenu     - createOptionsMenu()
15:11:06.505 [FXGL Background Thread 1 ] DEBUG FXGLAssetLoaderServi - Loading from file system: jar:file:/C:/Users/narro/.m2/repository/com/github/almasb/fxgl/17.2/fxgl-17.2.jar!/fxglassets/textures/particles/smoke.png
15:11:06.577 [FXGL Background Thread 1 ] DEBUG FXGLAssetLoaderServi - Loading from file system: jar:file:/C:/Users/narro/.m2/repository/com/github/almasb/fxgl/17.2/fxgl-17.2.jar!/fxglassets/textures/particles/trace_horizontal.png
15:11:06.598 [FXGL Background Thread 1 ] DEBUG FXGL.DefaultMenu     - createMenuBodyGameMenu()
15:11:06.599 [FXGL Background Thread 1 ] DEBUG FXGL.DefaultMenu     - createOptionsMenu()
15:11:06.620 [FXGL Background Thread 1 ] DEBUG GameApplicationServi - Application scenes initialized
15:11:06.638 [FXGL Background Thread 1 ] DEBUG SystemBundleService  - Loading FXGL system data
15:11:06.645 [FXGL Background Thread 1 ] DEBUG FileSystemAccess     - Reading from: C:\Users\narro\eclipse-workspace\Dawnseeker\system\fxgl.bundle
15:11:06.656 [FXGL Background Thread 1 ] DEBUG SystemBundleService  - Bundle FXGL: {}
15:11:06.657 [FXGL Background Thread 1 ] DEBUG UpdaterService       - Checking for updates
15:11:06.662 [FXGL Background Thread 4 ] DEBUG FXGLApplication      - Loading fonts
15:11:06.663 [FXGL Background Thread 4 ] DEBUG FXGLAssetLoaderServi - Loading from file system: jar:file:/C:/Users/narro/.m2/repository/com/github/almasb/fxgl/17.2/fxgl-17.2.jar!/fxglassets/ui/fonts/VarelaRound-Regular.ttf
15:11:06.664 [FXGL Background Thread 1 ] DEBUG FXGLApplication      - Loading default localization
15:11:06.665 [FXGL Background Thread 1 ] DEBUG FXGLAssetLoaderServi - Loading from file system: jar:file:/C:/Users/narro/.m2/repository/com/github/almasb/fxgl/17.2/fxgl-17.2.jar!/fxglassets/languages/english.lang
15:11:06.699 [FXGL Background Thread 1 ] INFO  FXGLApplication      - FXGL initialization took: 0.886 sec
15:11:06.723 [JavaFX Application Thread] DEBUG Input                - Registered new binding: action0 - D
15:11:06.723 [JavaFX Application Thread] DEBUG Input                - Registered new binding: action1 - A
15:11:06.724 [JavaFX Application Thread] DEBUG Input                - Registered new binding: action2 - W
15:11:06.724 [JavaFX Application Thread] DEBUG Input                - Registered new binding: action3 - S
15:11:06.725 [JavaFX Application Thread] DEBUG Input                - Registered new binding: action4 - F
15:11:06.725 [JavaFX Application Thread] DEBUG FXGLAssetLoaderServi - Loading from file system: jar:file:/C:/Users/narro/.m2/repository/com/github/almasb/fxgl/17.2/fxgl-17.2.jar!/fxglassets/textures/fxgl_icon.png
15:11:06.741 [JavaFX Application Thread] DEBUG FXGLAssetLoaderServi - Loading from file system: jar:file:/C:/Users/narro/.m2/repository/com/github/almasb/fxgl/17.2/fxgl-17.2.jar!/fxglassets/textures/fxgl_default_cursor.png
15:11:06.744 [JavaFX Application Thread] DEBUG Input                - Registered new binding: Screenshot - CTRL+8
15:11:06.745 [JavaFX Application Thread] DEBUG Input                - Registered new binding: System info dump - CTRL+9
15:11:06.746 [JavaFX Application Thread] DEBUG Input                - Registered new binding: Restart - CTRL+R
15:11:06.747 [JavaFX Application Thread] DEBUG Input                - Registered new binding: Toggle Debug Camera - CTRL+7
15:11:06.754 [JavaFX Application Thread] DEBUG LoopRunner           - Starting loop
15:11:06.754 [JavaFX Application Thread] DEBUG LoopRunner           - Initializing JavaFX AnimationTimerLoop
15:11:06.801 [FXGL Background Thread 4 ] DEBUG FXGLAssetLoaderServi - Loading from file system: jar:file:/C:/Users/narro/.m2/repository/com/github/almasb/fxgl/17.2/fxgl-17.2.jar!/fxglassets/ui/fonts/Abel-Regular.ttf
15:11:06.817 [FXGL Background Thread 4 ] DEBUG FXGLAssetLoaderServi - Loading from file system: jar:file:/C:/Users/narro/.m2/repository/com/github/almasb/fxgl/17.2/fxgl-17.2.jar!/fxglassets/ui/fonts/TerminalLandMono-Regular.otf
15:11:06.823 [JavaFX Application Thread] DEBUG Input                - Clearing active input actions
15:11:06.832 [FXGL Background Thread 4 ] DEBUG FXGLAssetLoaderServi - Loading from file system: jar:file:/C:/Users/narro/.m2/repository/com/github/almasb/fxgl/17.2/fxgl-17.2.jar!/fxglassets/ui/fonts/Courier-Prime.ttf
15:11:06.835 [JavaFX Application Thread] DEBUG GameApplicationServi - Removing overlay from FXGLStartupScene and adding to FXGLIntroScene
15:11:06.835 [JavaFX Application Thread] DEBUG PrimaryStageWindow   - FXGLStartupScene -> FXGLIntroScene
15:11:06.896 [JavaFX Application Thread] DEBUG FXGLApplication      - Registering font factories with UI factory
15:11:09.661 [FXGL Background Thread 3 ] DEBUG Engine               - Logging environment variables
15:11:09.663 [FXGL Background Thread 3 ] DEBUG Engine               - achievements: []
15:11:09.663 [FXGL Background Thread 3 ] DEBUG Engine               - actualHeight: 720.0
15:11:09.664 [FXGL Background Thread 3 ] DEBUG Engine               - actualHeightProperty: ReadOnlyDoubleProperty [value: 720.0]
15:11:09.664 [FXGL Background Thread 3 ] DEBUG Engine               - actualWidth: 1280.0
15:11:09.664 [FXGL Background Thread 3 ] DEBUG Engine               - actualWidthProperty: ReadOnlyDoubleProperty [value: 1280.0]
15:11:09.665 [FXGL Background Thread 3 ] DEBUG Engine               - appIcon: fxgl_icon.png
15:11:09.665 [FXGL Background Thread 3 ] DEBUG Engine               - applicationMode: DEVELOPER
15:11:09.665 [FXGL Background Thread 3 ] DEBUG Engine               - cSSList: [fxgl_dark.css]
15:11:09.665 [FXGL Background Thread 3 ] DEBUG Engine               - collisionDetectionStrategy: BRUTE_FORCE
15:11:09.666 [FXGL Background Thread 3 ] DEBUG Engine               - configClass: Optional.empty
15:11:09.666 [FXGL Background Thread 3 ] DEBUG Engine               - credits: []
15:11:09.668 [FXGL Background Thread 3 ] DEBUG Engine               - defaultCursor: CursorInfo(imageName=fxgl_default_cursor.png, hotspotX=7.0, hotspotY=6.0)
15:11:09.669 [FXGL Background Thread 3 ] DEBUG Engine               - devBBoxColorProperty: ObjectProperty [value: 0xff0000ff]
15:11:09.669 [FXGL Background Thread 3 ] DEBUG Engine               - devEnableDebugCameraProperty: BooleanProperty [value: false]
15:11:09.670 [FXGL Background Thread 3 ] DEBUG Engine               - devSensorColorProperty: ObjectProperty [value: 0xffff00ff]
15:11:09.671 [FXGL Background Thread 3 ] DEBUG Engine               - devShowBBoxProperty: BooleanProperty [value: false]
15:11:09.671 [FXGL Background Thread 3 ] DEBUG Engine               - devShowPositionProperty: BooleanProperty [value: false]
15:11:09.672 [FXGL Background Thread 3 ] DEBUG Engine               - enabledMenuItems: []
15:11:09.673 [FXGL Background Thread 3 ] DEBUG Engine               - engineServices: [class com.almasb.fxgl.app.services.FXGLAssetLoaderService, class com.almasb.fxgl.app.FXGLApplication$GameApplicationService, class com.almasb.fxgl.app.services.FXGLDialogService, class com.almasb.fxgl.app.services.IOTaskExecutorService, class com.almasb.fxgl.io.FileSystemService, class com.almasb.fxgl.localization.LocalizationService, class com.almasb.fxgl.app.services.SystemBundleService, class com.almasb.fxgl.profile.SaveLoadService, class com.almasb.fxgl.ui.FXGLUIFactoryServiceProvider, class com.almasb.fxgl.ui.FXGLDialogFactoryServiceProvider, class com.almasb.fxgl.audio.AudioPlayer, class com.almasb.fxgl.notification.impl.NotificationServiceProvider, class com.almasb.fxgl.achievement.AchievementService, class com.almasb.fxgl.cutscene.CutsceneService, class com.almasb.fxgl.minigames.MiniGameService, class com.almasb.fxgl.net.NetService, class com.almasb.fxgl.app.services.UpdaterService, class com.almasb.fxgl.dev.DevService]
15:11:09.673 [FXGL Background Thread 3 ] DEBUG Engine               - fontGame: Abel-Regular.ttf
15:11:09.673 [FXGL Background Thread 3 ] DEBUG Engine               - fontMono: TerminalLandMono-Regular.otf
15:11:09.674 [FXGL Background Thread 3 ] DEBUG Engine               - fontText: Courier-Prime.ttf
15:11:09.674 [FXGL Background Thread 3 ] DEBUG Engine               - fontUI: VarelaRound-Regular.ttf
15:11:09.674 [FXGL Background Thread 3 ] DEBUG Engine               - fullScreen: BooleanProperty [value: false]
15:11:09.674 [FXGL Background Thread 3 ] DEBUG Engine               - gameDifficulty: MEDIUM
15:11:09.674 [FXGL Background Thread 3 ] DEBUG Engine               - gameDifficultyProperty: ObjectProperty [value: MEDIUM]
15:11:09.675 [FXGL Background Thread 3 ] DEBUG Engine               - globalMusicVolume: 0.5
15:11:09.675 [FXGL Background Thread 3 ] DEBUG Engine               - globalMusicVolumeProperty: DoubleProperty [value: 0.5]
15:11:09.675 [FXGL Background Thread 3 ] DEBUG Engine               - globalSoundVolume: 0.5
15:11:09.676 [FXGL Background Thread 3 ] DEBUG Engine               - globalSoundVolumeProperty: DoubleProperty [value: 0.5]
15:11:09.676 [FXGL Background Thread 3 ] DEBUG Engine               - height: 720
15:11:09.676 [FXGL Background Thread 3 ] DEBUG Engine               - is3D: false
15:11:09.676 [FXGL Background Thread 3 ] DEBUG Engine               - isAndroid: false
15:11:09.677 [FXGL Background Thread 3 ] DEBUG Engine               - isBrowser: false
15:11:09.677 [FXGL Background Thread 3 ] DEBUG Engine               - isClickFeedbackEnabled: false
15:11:09.677 [FXGL Background Thread 3 ] DEBUG Engine               - isCloseConfirmation: false
15:11:09.677 [FXGL Background Thread 3 ] DEBUG Engine               - isDesktop: true
15:11:09.677 [FXGL Background Thread 3 ] DEBUG Engine               - isDeveloperMenuEnabled: false
15:11:09.678 [FXGL Background Thread 3 ] DEBUG Engine               - isEmbedded: false
15:11:09.678 [FXGL Background Thread 3 ] DEBUG Engine               - isEntityPreloadEnabled: true
15:11:09.678 [FXGL Background Thread 3 ] DEBUG Engine               - isExperimentalTiledLargeMap: false
15:11:09.678 [FXGL Background Thread 3 ] DEBUG Engine               - isFileSystemWriteAllowed: true
15:11:09.678 [FXGL Background Thread 3 ] DEBUG Engine               - isFullScreenAllowed: false
15:11:09.679 [FXGL Background Thread 3 ] DEBUG Engine               - isFullScreenFromStart: false
15:11:09.679 [FXGL Background Thread 3 ] DEBUG Engine               - isGameMenuEnabled: true
15:11:09.679 [FXGL Background Thread 3 ] DEBUG Engine               - isIOS: false
15:11:09.679 [FXGL Background Thread 3 ] DEBUG Engine               - isIntroEnabled: true
15:11:09.679 [FXGL Background Thread 3 ] DEBUG Engine               - isLinux: false
15:11:09.680 [FXGL Background Thread 3 ] DEBUG Engine               - isMac: false
15:11:09.680 [FXGL Background Thread 3 ] DEBUG Engine               - isMainMenuEnabled: true
15:11:09.680 [FXGL Background Thread 3 ] DEBUG Engine               - isManualResizeEnabled: false
15:11:09.680 [FXGL Background Thread 3 ] DEBUG Engine               - isMobile: false
15:11:09.680 [FXGL Background Thread 3 ] DEBUG Engine               - isNative: false
15:11:09.681 [FXGL Background Thread 3 ] DEBUG Engine               - isPauseMusicWhenMinimized: true
15:11:09.681 [FXGL Background Thread 3 ] DEBUG Engine               - isPreserveResizeRatio: false
15:11:09.681 [FXGL Background Thread 3 ] DEBUG Engine               - isProfilingEnabled: false
15:11:09.682 [FXGL Background Thread 3 ] DEBUG Engine               - isScaleAffectedOnResize: true
15:11:09.682 [FXGL Background Thread 3 ] DEBUG Engine               - isSingleStep: false
15:11:09.682 [FXGL Background Thread 3 ] DEBUG Engine               - isUserProfileEnabled: false
15:11:09.682 [FXGL Background Thread 3 ] DEBUG Engine               - isWindows: true
15:11:09.683 [FXGL Background Thread 3 ] DEBUG Engine               - language: ObjectProperty [value: ENGLISH]
15:11:09.683 [FXGL Background Thread 3 ] DEBUG Engine               - menuKey: ESCAPE
15:11:09.683 [FXGL Background Thread 3 ] DEBUG Engine               - mouseSensitivity: 0.2
15:11:09.683 [FXGL Background Thread 3 ] DEBUG Engine               - notificationViewClass: class com.almasb.fxgl.notification.view.XboxNotificationView
15:11:09.683 [FXGL Background Thread 3 ] DEBUG Engine               - pixelsPerMeter: 50.0
15:11:09.684 [FXGL Background Thread 3 ] DEBUG Engine               - platform: WINDOWS
15:11:09.684 [FXGL Background Thread 3 ] DEBUG Engine               - prefHeightProperty: ReadOnlyDoubleProperty [value: 720.0]
15:11:09.684 [FXGL Background Thread 3 ] DEBUG Engine               - prefWidthProperty: ReadOnlyDoubleProperty [value: 1280.0]
15:11:09.685 [FXGL Background Thread 3 ] DEBUG Engine               - profileDir: profiles/
15:11:09.685 [FXGL Background Thread 3 ] DEBUG Engine               - profileName: StringProperty [value: DEFAULT]
15:11:09.685 [FXGL Background Thread 3 ] DEBUG Engine               - randomSeed: -1
15:11:09.687 [FXGL Background Thread 3 ] DEBUG Engine               - runtimeInfo: RuntimeInfo(platform=WINDOWS, version=17.2, build=20.08.2022 16.50)
15:11:09.688 [FXGL Background Thread 3 ] DEBUG Engine               - saveFileExt: sav
15:11:09.688 [FXGL Background Thread 3 ] DEBUG Engine               - scaledHeightProp$fxgl: DoubleProperty [bound, value: 720.0]
15:11:09.689 [FXGL Background Thread 3 ] DEBUG Engine               - scaledWidthProp$fxgl: DoubleProperty [bound, value: 1280.0]
15:11:09.689 [FXGL Background Thread 3 ] DEBUG Engine               - sceneFactory: com.almasb.fxgl.app.scene.SceneFactory@2039aa8a
15:11:09.690 [FXGL Background Thread 3 ] DEBUG Engine               - secondsIn24h: 60
15:11:09.690 [FXGL Background Thread 3 ] DEBUG Engine               - soundMenuBack: menu/back.wav
15:11:09.690 [FXGL Background Thread 3 ] DEBUG Engine               - soundMenuPress: menu/press.wav
15:11:09.690 [FXGL Background Thread 3 ] DEBUG Engine               - soundMenuSelect: menu/select.wav
15:11:09.690 [FXGL Background Thread 3 ] DEBUG Engine               - soundNotification: core/notification.wav
15:11:09.691 [FXGL Background Thread 3 ] DEBUG Engine               - stageStyle: DECORATED
15:11:09.691 [FXGL Background Thread 3 ] DEBUG Engine               - supportedLanguages: [ENGLISH, FRENCH, GERMAN, HUNGARIAN, RUSSIAN]
15:11:09.691 [FXGL Background Thread 3 ] DEBUG Engine               - ticksPerSecond: -1
15:11:09.691 [FXGL Background Thread 3 ] DEBUG Engine               - title: Simple Game App
15:11:09.691 [FXGL Background Thread 3 ] DEBUG Engine               - urlGithub: https://github.com/AlmasB/FXGL
15:11:09.691 [FXGL Background Thread 3 ] DEBUG Engine               - urlLeaderboard: http://fxgl-top.herokuapp.com/
15:11:09.692 [FXGL Background Thread 3 ] DEBUG Engine               - urlPOM: https://raw.githubusercontent.com/AlmasB/FXGL/release/README.md
15:11:09.692 [FXGL Background Thread 3 ] DEBUG Engine               - userAppClass: class myGame.testest
15:11:09.692 [FXGL Background Thread 3 ] DEBUG Engine               - version: 1.0dev
15:11:09.692 [FXGL Background Thread 3 ] DEBUG Engine               - versionCheckDays: 7
15:11:09.693 [FXGL Background Thread 3 ] DEBUG Engine               - width: 1280
15:11:09.693 [FXGL Background Thread 3 ] DEBUG Engine               - Logging services
15:11:09.693 [FXGL Background Thread 3 ] DEBUG Engine               - class com.almasb.fxgl.app.services.FXGLAssetLoaderService
15:11:09.694 [FXGL Background Thread 3 ] DEBUG Engine               - class com.almasb.fxgl.app.FXGLApplication$GameApplicationService
15:11:09.694 [FXGL Background Thread 3 ] DEBUG Engine               - class com.almasb.fxgl.app.services.FXGLDialogService
15:11:09.694 [FXGL Background Thread 3 ] DEBUG Engine               - class com.almasb.fxgl.app.services.IOTaskExecutorService
15:11:09.695 [FXGL Background Thread 3 ] DEBUG Engine               - class com.almasb.fxgl.io.FileSystemService
15:11:09.695 [FXGL Background Thread 3 ] DEBUG Engine               - class com.almasb.fxgl.localization.LocalizationService
15:11:09.695 [FXGL Background Thread 3 ] DEBUG Engine               - class com.almasb.fxgl.app.services.SystemBundleService
15:11:09.695 [FXGL Background Thread 3 ] DEBUG Engine               - class com.almasb.fxgl.profile.SaveLoadService
15:11:09.695 [FXGL Background Thread 3 ] DEBUG Engine               - class com.almasb.fxgl.ui.FXGLUIFactoryServiceProvider
15:11:09.696 [FXGL Background Thread 3 ] DEBUG Engine               - class com.almasb.fxgl.ui.FXGLDialogFactoryServiceProvider
15:11:09.696 [FXGL Background Thread 3 ] DEBUG Engine               - class com.almasb.fxgl.audio.AudioPlayer
15:11:09.696 [FXGL Background Thread 3 ] DEBUG Engine               - class com.almasb.fxgl.notification.impl.NotificationServiceProvider
15:11:09.696 [FXGL Background Thread 3 ] DEBUG Engine               - class com.almasb.fxgl.achievement.AchievementService
15:11:09.697 [FXGL Background Thread 3 ] DEBUG Engine               - class com.almasb.fxgl.cutscene.CutsceneService
15:11:09.697 [FXGL Background Thread 3 ] DEBUG Engine               - class com.almasb.fxgl.minigames.MiniGameService
15:11:09.697 [FXGL Background Thread 3 ] DEBUG Engine               - class com.almasb.fxgl.net.NetService
15:11:09.697 [FXGL Background Thread 3 ] DEBUG Engine               - class com.almasb.fxgl.app.services.UpdaterService
15:11:09.697 [FXGL Background Thread 3 ] DEBUG Engine               - class com.almasb.fxgl.dev.DevService
15:11:14.784 [JavaFX Application Thread] DEBUG Input                - Clearing active input actions
15:11:14.814 [JavaFX Application Thread] DEBUG GameApplicationServi - Removing overlay from FXGLIntroScene and adding to FXGLMainMenuDummyScene
15:11:14.815 [JavaFX Application Thread] DEBUG PrimaryStageWindow   - FXGLIntroScene -> FXGLMainMenuDummyScene
15:11:14.816 [JavaFX Application Thread] DEBUG PrimaryStageWindow   - Push state: FXGLDefaultMenu
15:11:14.829 [JavaFX Application Thread] DEBUG Input                - Clearing active input actions
15:11:14.847 [JavaFX Application Thread] DEBUG GameApplicationServi - Removing overlay from FXGLMainMenuDummyScene and adding to FXGLDefaultMenu
15:11:14.848 [JavaFX Application Thread] DEBUG PrimaryStageWindow   - FXGLMainMenuDummyScene -> FXGLDefaultMenu
15:11:18.827 [JavaFX Application Thread] DEBUG FXGLApplication      - Exiting FXGL
15:11:18.827 [JavaFX Application Thread] DEBUG LoopRunner           - Stopping loop
15:11:18.827 [JavaFX Application Thread] DEBUG SystemBundleService  - Saving FXGL system data
15:11:18.832 [JavaFX Application Thread] DEBUG FileSystemAccess     - Writing to: C:\Users\narro\eclipse-workspace\Dawnseeker\system\fxgl.bundle
15:11:18.838 [JavaFX Application Thread] DEBUG Async                - Shutting down background threads
15:11:18.838 [JavaFX Application Thread] DEBUG PrimaryStageWindow   - Closing main window
15:11:18.855 [JavaFX Application Thread] DEBUG Logger               - Closing Logger
