21:18:21.550 [main                     ] DEBUG Logger               - Configured Logger
21:18:21.573 [main                     ] DEBUG GameApplication      - Logging settings
Title: Dawnseeker
Version: 0.4
Width: 1920
Height: 1080
Fullscreen: false
Intro: false
Profiling: false
Single step:false
App Mode: DEVELOPER
Menu Key: ESCAPE
Stage Style: DECORATED
Scene Factory: class myGame.DawnseekerApp$1

21:18:22.050 [JavaFX Application Thread] DEBUG FXGLApplication      - Initializing FXGL
21:18:22.055 [JavaFX Application Thread] INFO  Engine               - FXGL-17.2 (20.08.2022 16.50) on WINDOWS (J:19.0.2 FX:18)
21:18:22.055 [JavaFX Application Thread] DEBUG Engine               - JRE Vendor Name: Oracle Corporation
21:18:22.055 [JavaFX Application Thread] DEBUG Engine               - Running on OS: Windows 10 version 10.0
21:18:22.055 [JavaFX Application Thread] DEBUG Engine               - Architecture: amd64
21:18:22.055 [JavaFX Application Thread] INFO  Engine               - Source code and latest versions at: https://github.com/AlmasB/FXGL
21:18:22.056 [JavaFX Application Thread] INFO  Engine               -       Ask questions and discuss at: https://github.com/AlmasB/FXGL/discussions
21:18:22.056 [JavaFX Application Thread] INFO  Engine               -              Join the FXGL chat at: https://gitter.im/AlmasB/FXGL
21:18:22.174 [JavaFX Application Thread] DEBUG PrimaryStageWindow   - Creating a JavaFX scene
21:18:22.222 [JavaFX Application Thread] DEBUG PrimaryStageWindow   - Target settings size: 1920.0 x 1080.0
21:18:22.222 [JavaFX Application Thread] DEBUG PrimaryStageWindow   - Scaled scene size:    1920.0 x 1080.0
21:18:22.222 [JavaFX Application Thread] DEBUG PrimaryStageWindow   - Scaled ratio: (1.0, 1.0)
21:18:22.224 [JavaFX Application Thread] DEBUG PrimaryStageWindow   - Set initial scene to FXGLStartupScene
21:18:22.231 [JavaFX Application Thread] DEBUG PrimaryStageWindow   - Opening main window
21:18:22.314 [JavaFX Application Thread] DEBUG PrimaryStageWindow   - Window border size: (16.0, 39.0)
21:18:22.314 [JavaFX Application Thread] DEBUG PrimaryStageWindow   - Scaled size: 1920.0 x 1080.0
21:18:22.314 [JavaFX Application Thread] DEBUG PrimaryStageWindow   - Scaled ratio: (1.0, 1.0)
21:18:22.314 [JavaFX Application Thread] DEBUG PrimaryStageWindow   - Scene size: 1920.0 x 1080.0
21:18:22.315 [JavaFX Application Thread] DEBUG PrimaryStageWindow   - Stage size: 1936.0 x 1119.0
21:18:22.321 [FXGL Background Thread 1 ] DEBUG Engine               - Initializing environment variables
21:18:22.368 [FXGL Background Thread 1 ] DEBUG FXGLAssetLoaderServi - User app class for loading assets: class myGame.DawnseekerApp
21:18:22.368 [FXGL Background Thread 1 ] DEBUG GameApplicationServi - Applying CSS: fxgl_dark.css
21:18:22.369 [FXGL Background Thread 1 ] DEBUG FXGLAssetLoaderServi - Loading from file system: jar:file:/C:/Users/Morgan%20Johnson/.m2/repository/com/github/almasb/fxgl/17.2/fxgl-17.2.jar!/fxglassets/ui/css/fxgl_dark.css
21:18:22.408 [FXGL Background Thread 1 ] DEBUG GameApplicationServi - Initializing application scenes
21:18:22.442 [FXGL Background Thread 1 ] DEBUG GameWorld            - Game world initialized
21:18:22.501 [FXGL Background Thread 1 ] DEBUG PhysicsWorld         - Physics world initialized: appHeight=1080, physics.ppm=50.0
21:18:22.502 [FXGL Background Thread 1 ] DEBUG PhysicsWorld         - Using strategy: BRUTE_FORCE
21:18:22.505 [FXGL Background Thread 1 ] DEBUG GameScene            - Game scene initialized: 1920x1080
21:18:22.506 [FXGL Background Thread 1 ] DEBUG FXGLAssetLoaderServi - Loading from file system: file:/C:/Games/Schoolwork/Spring%2023/CS4900/DawnseekerWorkspace/CS4900G2Proj2/CS4900G2Proj2/Dawnseeker/target/classes/assets/music/shop.mp3
21:18:22.637 [FXGL Background Thread 1 ] DEBUG AudioPlayer          - Playing music com.almasb.fxgl.audio.Music@693a2e42
21:18:22.655 [FXGL Background Thread 1 ] DEBUG FXGLAssetLoaderServi - Loading from file system: file:/C:/Games/Schoolwork/Spring%2023/CS4900/DawnseekerWorkspace/CS4900G2Proj2/CS4900G2Proj2/Dawnseeker/target/classes/assets/textures/bg.png
21:18:22.741 [FXGL Background Thread 1 ] DEBUG FXGL.DefaultMenu     - createMenuBodyGameMenu()
21:18:22.754 [FXGL Background Thread 1 ] DEBUG FXGL.DefaultMenu     - createOptionsMenu()
21:18:22.761 [FXGL Background Thread 1 ] DEBUG FXGLAssetLoaderServi - Loading from file system: jar:file:/C:/Users/Morgan%20Johnson/.m2/repository/com/github/almasb/fxgl/17.2/fxgl-17.2.jar!/fxglassets/textures/particles/smoke.png
21:18:22.839 [FXGL Background Thread 1 ] DEBUG FXGLAssetLoaderServi - Loading from file system: jar:file:/C:/Users/Morgan%20Johnson/.m2/repository/com/github/almasb/fxgl/17.2/fxgl-17.2.jar!/fxglassets/textures/particles/trace_horizontal.png
21:18:22.859 [FXGL Background Thread 1 ] DEBUG GameApplicationServi - Application scenes initialized
21:18:22.874 [FXGL Background Thread 1 ] DEBUG SystemBundleService  - Loading FXGL system data
21:18:22.878 [FXGL Background Thread 1 ] DEBUG FileSystemAccess     - Reading from: C:\Games\Schoolwork\Spring 23\CS4900\DawnseekerWorkspace\CS4900G2Proj2\CS4900G2Proj2\Dawnseeker\system\fxgl.bundle
21:18:22.887 [FXGL Background Thread 1 ] DEBUG SystemBundleService  - Bundle FXGL: {}
21:18:22.887 [FXGL Background Thread 1 ] DEBUG UpdaterService       - Checking for updates
21:18:22.891 [FXGL Background Thread 4 ] DEBUG FXGLApplication      - Loading fonts
21:18:22.892 [FXGL Background Thread 4 ] DEBUG FXGLAssetLoaderServi - Loading from file system: jar:file:/C:/Users/Morgan%20Johnson/.m2/repository/com/github/almasb/fxgl/17.2/fxgl-17.2.jar!/fxglassets/ui/fonts/VarelaRound-Regular.ttf
21:18:22.892 [FXGL Background Thread 1 ] DEBUG FXGLApplication      - Loading default localization
21:18:22.893 [FXGL Background Thread 1 ] DEBUG FXGLAssetLoaderServi - Loading from file system: jar:file:/C:/Users/Morgan%20Johnson/.m2/repository/com/github/almasb/fxgl/17.2/fxgl-17.2.jar!/fxglassets/languages/english.lang
21:18:22.916 [FXGL Background Thread 1 ] INFO  FXGLApplication      - FXGL initialization took: 0.594 sec
21:18:22.921 [JavaFX Application Thread] DEBUG Input                - Registered new binding: action0 - LMB
21:18:22.928 [JavaFX Application Thread] DEBUG Input                - Registered new binding: Up - W
21:18:22.928 [JavaFX Application Thread] DEBUG Input                - Registered new binding: Down - S
21:18:22.929 [JavaFX Application Thread] DEBUG Input                - Registered new binding: Right - D
21:18:22.929 [JavaFX Application Thread] DEBUG Input                - Registered new binding: Left - A
21:18:22.930 [JavaFX Application Thread] DEBUG FXGLAssetLoaderServi - Loading from file system: jar:file:/C:/Users/Morgan%20Johnson/.m2/repository/com/github/almasb/fxgl/17.2/fxgl-17.2.jar!/fxglassets/textures/fxgl_icon.png
21:18:22.949 [JavaFX Application Thread] DEBUG FXGLAssetLoaderServi - Loading from file system: jar:file:/C:/Users/Morgan%20Johnson/.m2/repository/com/github/almasb/fxgl/17.2/fxgl-17.2.jar!/fxglassets/textures/fxgl_default_cursor.png
21:18:22.953 [JavaFX Application Thread] DEBUG Input                - Registered new binding: Screenshot - CTRL+8
21:18:22.954 [JavaFX Application Thread] DEBUG Input                - Registered new binding: System info dump - CTRL+9
21:18:22.955 [JavaFX Application Thread] DEBUG Input                - Registered new binding: Restart - CTRL+R
21:18:22.956 [JavaFX Application Thread] DEBUG Input                - Registered new binding: Toggle Debug Camera - CTRL+7
21:18:22.960 [JavaFX Application Thread] DEBUG LoopRunner           - Starting loop
21:18:22.960 [JavaFX Application Thread] DEBUG LoopRunner           - Initializing JavaFX AnimationTimerLoop
21:18:22.964 [JavaFX Application Thread] DEBUG Input                - Clearing active input actions
21:18:22.975 [JavaFX Application Thread] DEBUG GameApplicationServi - Removing overlay from FXGLStartupScene and adding to FXGLMainMenuDummyScene
21:18:22.975 [JavaFX Application Thread] DEBUG PrimaryStageWindow   - FXGLStartupScene -> FXGLMainMenuDummyScene
21:18:22.976 [JavaFX Application Thread] DEBUG PrimaryStageWindow   - Push state: DawnseekerMenu
21:18:22.976 [JavaFX Application Thread] DEBUG Input                - Clearing active input actions
21:18:22.984 [JavaFX Application Thread] DEBUG GameApplicationServi - Removing overlay from FXGLMainMenuDummyScene and adding to DawnseekerMenu
21:18:22.984 [JavaFX Application Thread] DEBUG PrimaryStageWindow   - FXGLMainMenuDummyScene -> DawnseekerMenu
21:18:22.998 [FXGL Background Thread 4 ] DEBUG FXGLAssetLoaderServi - Loading from file system: jar:file:/C:/Users/Morgan%20Johnson/.m2/repository/com/github/almasb/fxgl/17.2/fxgl-17.2.jar!/fxglassets/ui/fonts/Abel-Regular.ttf
21:18:23.002 [FXGL Background Thread 4 ] DEBUG FXGLAssetLoaderServi - Loading from file system: jar:file:/C:/Users/Morgan%20Johnson/.m2/repository/com/github/almasb/fxgl/17.2/fxgl-17.2.jar!/fxglassets/ui/fonts/TerminalLandMono-Regular.otf
21:18:23.008 [FXGL Background Thread 4 ] DEBUG FXGLAssetLoaderServi - Loading from file system: jar:file:/C:/Users/Morgan%20Johnson/.m2/repository/com/github/almasb/fxgl/17.2/fxgl-17.2.jar!/fxglassets/ui/fonts/Courier-Prime.ttf
21:18:23.016 [JavaFX Application Thread] DEBUG FXGLApplication      - Registering font factories with UI factory
21:18:23.285 [FXGL Background Thread 2 ] INFO  UpdaterService       - Your current version:  17.2
21:18:23.285 [FXGL Background Thread 2 ] INFO  UpdaterService       - Latest stable version: 17.3
21:18:23.882 [JavaFX Application Thread] DEBUG Menu                 - fireNewGame()
21:18:23.882 [JavaFX Application Thread] DEBUG GameApplicationServi - Starting new game
21:18:23.882 [JavaFX Application Thread] DEBUG PrimaryStageWindow   - Pop state: DawnseekerMenu
21:18:23.883 [JavaFX Application Thread] DEBUG Input                - Clearing active input actions
21:18:23.883 [JavaFX Application Thread] DEBUG GameApplicationServi - Removing overlay from DawnseekerMenu and adding to FXGLMainMenuDummyScene
21:18:23.883 [JavaFX Application Thread] DEBUG PrimaryStageWindow   - FXGLMainMenuDummyScene <- DawnseekerMenu
21:18:23.884 [JavaFX Application Thread] DEBUG Input                - Clearing active input actions
21:18:23.889 [JavaFX Application Thread] DEBUG GameApplicationServi - Removing overlay from FXGLMainMenuDummyScene and adding to FXGLLoadingScene
21:18:23.889 [JavaFX Application Thread] DEBUG PrimaryStageWindow   - FXGLMainMenuDummyScene -> FXGLLoadingScene
21:18:23.889 [JavaFX Application Thread] DEBUG GameApplicationServi - Clearing previous game
21:18:23.889 [JavaFX Application Thread] DEBUG GameScene            - Clearing game scene
21:18:23.890 [JavaFX Application Thread] DEBUG GameWorld            - Clearing game world
21:18:23.890 [JavaFX Application Thread] DEBUG PhysicsWorld         - Clearing physics world
21:18:23.891 [FXGL Background Thread 2 ] DEBUG FXGLApplication      - Initializing game
21:18:23.895 [FXGL Background Thread 2 ] DEBUG AudioPlayer          - Stopping music com.almasb.fxgl.audio.Music@693a2e42
21:18:23.896 [FXGL Background Thread 2 ] DEBUG FXGLAssetLoaderServi - Loading from file system: file:/C:/Games/Schoolwork/Spring%2023/CS4900/DawnseekerWorkspace/CS4900G2Proj2/CS4900G2Proj2/Dawnseeker/target/classes/assets/music/heartache.mp3
21:18:23.899 [FXGL Background Thread 2 ] DEBUG AudioPlayer          - Playing music com.almasb.fxgl.audio.Music@641ed2ab
21:18:23.912 [FXGL Background Thread 2 ] DEBUG FXGLAssetLoaderServi - Loading from file system: file:/C:/Games/Schoolwork/Spring%2023/CS4900/DawnseekerWorkspace/CS4900G2Proj2/CS4900G2Proj2/Dawnseeker/target/classes/assets/textures/DawnseekerPCV2.png
21:18:23.915 [FXGL Background Thread 2 ] DEBUG FXGLAssetLoaderServi - Loading from file system: file:/C:/Games/Schoolwork/Spring%2023/CS4900/DawnseekerWorkspace/CS4900G2Proj2/CS4900G2Proj2/Dawnseeker/target/classes/assets/textures/DawnseekerPCV2Down.png
21:18:23.918 [FXGL Background Thread 2 ] DEBUG FXGLAssetLoaderServi - Loading from file system: file:/C:/Games/Schoolwork/Spring%2023/CS4900/DawnseekerWorkspace/CS4900G2Proj2/CS4900G2Proj2/Dawnseeker/target/classes/assets/textures/DawnseekerPCV2Up.png
21:18:23.921 [FXGL Background Thread 2 ] DEBUG FXGLAssetLoaderServi - Loading from file system: file:/C:/Games/Schoolwork/Spring%2023/CS4900/DawnseekerWorkspace/CS4900G2Proj2/CS4900G2Proj2/Dawnseeker/target/classes/assets/textures/DawnseekerPCV2Right.png
21:18:23.923 [FXGL Background Thread 2 ] DEBUG FXGLAssetLoaderServi - Loading from file system: file:/C:/Games/Schoolwork/Spring%2023/CS4900/DawnseekerWorkspace/CS4900G2Proj2/CS4900G2Proj2/Dawnseeker/target/classes/assets/textures/DawnseekerPCV2Left.png
21:18:23.939 [FXGL Background Thread 2 ] DEBUG FXGLAssetLoaderServi - Loading from file system: file:/C:/Games/Schoolwork/Spring%2023/CS4900/DawnseekerWorkspace/CS4900G2Proj2/CS4900G2Proj2/Dawnseeker/target/classes/assets/textures/BackGroung.png
21:18:23.972 [FXGL Background Thread 2 ] WARN  GameWorld            - Entity is already attached to world
21:18:23.973 [FXGL Background Thread 2 ] DEBUG FXGLAssetLoaderServi - Loading from file system: file:/C:/Games/Schoolwork/Spring%2023/CS4900/DawnseekerWorkspace/CS4900G2Proj2/CS4900G2Proj2/Dawnseeker/target/classes/assets/textures/Rock1.png
21:18:23.974 [FXGL Background Thread 2 ] WARN  Entity               - Entity already has component: com.almasb.fxgl.entity.components.CollidableComponent
21:18:23.975 [FXGL Background Thread 2 ] WARN  GameWorld            - Entity is already attached to world
21:18:23.975 [FXGL Background Thread 2 ] DEBUG FXGLAssetLoaderServi - Loading from file system: file:/C:/Games/Schoolwork/Spring%2023/CS4900/DawnseekerWorkspace/CS4900G2Proj2/CS4900G2Proj2/Dawnseeker/target/classes/assets/textures/Rock2.png
21:18:23.977 [FXGL Background Thread 2 ] WARN  Entity               - Entity already has component: com.almasb.fxgl.entity.components.CollidableComponent
21:18:23.977 [FXGL Background Thread 2 ] WARN  GameWorld            - Entity is already attached to world
21:18:23.977 [FXGL Background Thread 2 ] DEBUG FXGLAssetLoaderServi - Loading from file system: file:/C:/Games/Schoolwork/Spring%2023/CS4900/DawnseekerWorkspace/CS4900G2Proj2/CS4900G2Proj2/Dawnseeker/target/classes/assets/textures/BigRock1.png
21:18:23.979 [FXGL Background Thread 2 ] WARN  Entity               - Entity already has component: com.almasb.fxgl.entity.components.CollidableComponent
21:18:23.979 [FXGL Background Thread 2 ] WARN  GameWorld            - Entity is already attached to world
21:18:23.980 [FXGL Background Thread 2 ] DEBUG FXGLAssetLoaderServi - Loading from file system: file:/C:/Games/Schoolwork/Spring%2023/CS4900/DawnseekerWorkspace/CS4900G2Proj2/CS4900G2Proj2/Dawnseeker/target/classes/assets/textures/Poison.gif
21:18:23.986 [FXGL Background Thread 2 ] WARN  GameWorld            - Entity is already attached to world
21:18:23.987 [FXGL Background Thread 2 ] DEBUG FXGLAssetLoaderServi - Loading from file system: file:/C:/Games/Schoolwork/Spring%2023/CS4900/DawnseekerWorkspace/CS4900G2Proj2/CS4900G2Proj2/Dawnseeker/target/classes/assets/textures/AnimShopTest.png
21:18:23.989 [FXGL Background Thread 2 ] WARN  GameWorld            - Entity is already attached to world
21:18:23.998 [FXGL Background Thread 2 ] INFO  FXGLApplication      - Game initialization took: 0.106 sec
21:18:23.999 [JavaFX Application Thread] DEBUG Input                - Clearing active input actions
21:18:24.008 [JavaFX Application Thread] DEBUG GameApplicationServi - Removing overlay from FXGLLoadingScene and adding to GameScene
21:18:24.008 [JavaFX Application Thread] DEBUG PrimaryStageWindow   - FXGLLoadingScene -> GameScene
21:18:24.853 [JavaFX Application Thread] DEBUG FXGLAssetLoaderServi - Loading from file system: file:/C:/Games/Schoolwork/Spring%2023/CS4900/DawnseekerWorkspace/CS4900G2Proj2/CS4900G2Proj2/Dawnseeker/target/classes/assets/textures/Skull.gif
21:18:24.857 [JavaFX Application Thread] DEBUG FXGLAssetLoaderServi - Loading from file system: file:/C:/Games/Schoolwork/Spring%2023/CS4900/DawnseekerWorkspace/CS4900G2Proj2/CS4900G2Proj2/Dawnseeker/target/classes/assets/textures/Ghost.gif
21:18:25.869 [JavaFX Application Thread] DEBUG FXGLAssetLoaderServi - Loading from file system: file:/C:/Games/Schoolwork/Spring%2023/CS4900/DawnseekerWorkspace/CS4900G2Proj2/CS4900G2Proj2/Dawnseeker/target/classes/assets/sounds/magic_missile.wav
21:18:25.877 [JavaFX Application Thread] DEBUG FXGLAssetLoaderServi - Loading from file system: file:/C:/Games/Schoolwork/Spring%2023/CS4900/DawnseekerWorkspace/CS4900G2Proj2/CS4900G2Proj2/Dawnseeker/target/classes/assets/textures/Fireball.gif
21:18:25.891 [FXGL Background Thread 3 ] DEBUG Engine               - Logging environment variables
21:18:25.891 [FXGL Background Thread 3 ] DEBUG Engine               - achievements: []
21:18:25.891 [FXGL Background Thread 3 ] DEBUG Engine               - actualHeight: 1080.0
21:18:25.891 [FXGL Background Thread 3 ] DEBUG Engine               - actualHeightProperty: ReadOnlyDoubleProperty [value: 1080.0]
21:18:25.891 [FXGL Background Thread 3 ] DEBUG Engine               - actualWidth: 1920.0
21:18:25.891 [FXGL Background Thread 3 ] DEBUG Engine               - actualWidthProperty: ReadOnlyDoubleProperty [value: 1920.0]
21:18:25.891 [FXGL Background Thread 3 ] DEBUG Engine               - appIcon: fxgl_icon.png
21:18:25.891 [FXGL Background Thread 3 ] DEBUG Engine               - applicationMode: DEVELOPER
21:18:25.891 [FXGL Background Thread 3 ] DEBUG Engine               - cSSList: [fxgl_dark.css]
21:18:25.891 [FXGL Background Thread 3 ] DEBUG Engine               - collisionDetectionStrategy: BRUTE_FORCE
21:18:25.891 [FXGL Background Thread 3 ] DEBUG Engine               - configClass: Optional.empty
21:18:25.892 [FXGL Background Thread 3 ] DEBUG Engine               - credits: []
21:18:25.892 [FXGL Background Thread 3 ] DEBUG Engine               - defaultCursor: CursorInfo(imageName=fxgl_default_cursor.png, hotspotX=7.0, hotspotY=6.0)
21:18:25.892 [FXGL Background Thread 3 ] DEBUG Engine               - devBBoxColorProperty: ObjectProperty [value: 0xff0000ff]
21:18:25.892 [FXGL Background Thread 3 ] DEBUG Engine               - devEnableDebugCameraProperty: BooleanProperty [value: false]
21:18:25.892 [FXGL Background Thread 3 ] DEBUG Engine               - devSensorColorProperty: ObjectProperty [value: 0xffff00ff]
21:18:25.892 [FXGL Background Thread 3 ] DEBUG Engine               - devShowBBoxProperty: BooleanProperty [value: false]
21:18:25.892 [FXGL Background Thread 3 ] DEBUG Engine               - devShowPositionProperty: BooleanProperty [value: false]
21:18:25.892 [FXGL Background Thread 3 ] DEBUG Engine               - enabledMenuItems: []
21:18:25.892 [FXGL Background Thread 3 ] DEBUG Engine               - engineServices: [class com.almasb.fxgl.app.services.FXGLAssetLoaderService, class com.almasb.fxgl.app.FXGLApplication$GameApplicationService, class com.almasb.fxgl.app.services.FXGLDialogService, class com.almasb.fxgl.app.services.IOTaskExecutorService, class com.almasb.fxgl.io.FileSystemService, class com.almasb.fxgl.localization.LocalizationService, class com.almasb.fxgl.app.services.SystemBundleService, class com.almasb.fxgl.profile.SaveLoadService, class com.almasb.fxgl.ui.FXGLUIFactoryServiceProvider, class com.almasb.fxgl.ui.FXGLDialogFactoryServiceProvider, class com.almasb.fxgl.audio.AudioPlayer, class com.almasb.fxgl.notification.impl.NotificationServiceProvider, class com.almasb.fxgl.achievement.AchievementService, class com.almasb.fxgl.cutscene.CutsceneService, class com.almasb.fxgl.minigames.MiniGameService, class com.almasb.fxgl.net.NetService, class com.almasb.fxgl.app.services.UpdaterService, class com.almasb.fxgl.dev.DevService]
21:18:25.892 [FXGL Background Thread 3 ] DEBUG Engine               - fontGame: Abel-Regular.ttf
21:18:25.892 [FXGL Background Thread 3 ] DEBUG Engine               - fontMono: TerminalLandMono-Regular.otf
21:18:25.892 [FXGL Background Thread 3 ] DEBUG Engine               - fontText: Courier-Prime.ttf
21:18:25.893 [FXGL Background Thread 3 ] DEBUG Engine               - fontUI: VarelaRound-Regular.ttf
21:18:25.893 [FXGL Background Thread 3 ] DEBUG Engine               - fullScreen: BooleanProperty [value: false]
21:18:25.893 [FXGL Background Thread 3 ] DEBUG Engine               - gameDifficulty: MEDIUM
21:18:25.893 [FXGL Background Thread 3 ] DEBUG Engine               - gameDifficultyProperty: ObjectProperty [value: MEDIUM]
21:18:25.893 [FXGL Background Thread 3 ] DEBUG Engine               - globalMusicVolume: 0.5
21:18:25.893 [FXGL Background Thread 3 ] DEBUG Engine               - globalMusicVolumeProperty: DoubleProperty [value: 0.5]
21:18:25.893 [FXGL Background Thread 3 ] DEBUG Engine               - globalSoundVolume: 0.5
21:18:25.893 [FXGL Background Thread 3 ] DEBUG Engine               - globalSoundVolumeProperty: DoubleProperty [value: 0.5]
21:18:25.893 [FXGL Background Thread 3 ] DEBUG Engine               - height: 1080
21:18:25.893 [FXGL Background Thread 3 ] DEBUG Engine               - is3D: false
21:18:25.893 [FXGL Background Thread 3 ] DEBUG Engine               - isAndroid: false
21:18:25.893 [FXGL Background Thread 3 ] DEBUG Engine               - isBrowser: false
21:18:25.893 [FXGL Background Thread 3 ] DEBUG Engine               - isClickFeedbackEnabled: false
21:18:25.893 [FXGL Background Thread 3 ] DEBUG Engine               - isCloseConfirmation: false
21:18:25.893 [FXGL Background Thread 3 ] DEBUG Engine               - isDesktop: true
21:18:25.893 [FXGL Background Thread 3 ] DEBUG Engine               - isDeveloperMenuEnabled: false
21:18:25.893 [FXGL Background Thread 3 ] DEBUG Engine               - isEmbedded: false
21:18:25.893 [FXGL Background Thread 3 ] DEBUG Engine               - isEntityPreloadEnabled: true
21:18:25.893 [FXGL Background Thread 3 ] DEBUG Engine               - isExperimentalTiledLargeMap: false
21:18:25.893 [FXGL Background Thread 3 ] DEBUG Engine               - isFileSystemWriteAllowed: true
21:18:25.893 [FXGL Background Thread 3 ] DEBUG Engine               - isFullScreenAllowed: false
21:18:25.893 [FXGL Background Thread 3 ] DEBUG Engine               - isFullScreenFromStart: false
21:18:25.893 [FXGL Background Thread 3 ] DEBUG Engine               - isGameMenuEnabled: true
21:18:25.893 [FXGL Background Thread 3 ] DEBUG Engine               - isIOS: false
21:18:25.893 [FXGL Background Thread 3 ] DEBUG Engine               - isIntroEnabled: false
21:18:25.893 [FXGL Background Thread 3 ] DEBUG Engine               - isLinux: false
21:18:25.893 [FXGL Background Thread 3 ] DEBUG Engine               - isMac: false
21:18:25.893 [FXGL Background Thread 3 ] DEBUG Engine               - isMainMenuEnabled: true
21:18:25.893 [FXGL Background Thread 3 ] DEBUG Engine               - isManualResizeEnabled: false
21:18:25.894 [FXGL Background Thread 3 ] DEBUG Engine               - isMobile: false
21:18:25.894 [FXGL Background Thread 3 ] DEBUG Engine               - isNative: false
21:18:25.894 [FXGL Background Thread 3 ] DEBUG Engine               - isPauseMusicWhenMinimized: true
21:18:25.894 [FXGL Background Thread 3 ] DEBUG Engine               - isPreserveResizeRatio: false
21:18:25.894 [FXGL Background Thread 3 ] DEBUG Engine               - isProfilingEnabled: false
21:18:25.894 [FXGL Background Thread 3 ] DEBUG Engine               - isScaleAffectedOnResize: true
21:18:25.894 [FXGL Background Thread 3 ] DEBUG Engine               - isSingleStep: false
21:18:25.894 [FXGL Background Thread 3 ] DEBUG Engine               - isUserProfileEnabled: false
21:18:25.894 [FXGL Background Thread 3 ] DEBUG Engine               - isWindows: true
21:18:25.894 [FXGL Background Thread 3 ] DEBUG Engine               - language: ObjectProperty [value: ENGLISH]
21:18:25.894 [FXGL Background Thread 3 ] DEBUG Engine               - menuKey: ESCAPE
21:18:25.894 [FXGL Background Thread 3 ] DEBUG Engine               - mouseSensitivity: 0.2
21:18:25.894 [FXGL Background Thread 3 ] DEBUG Engine               - notificationViewClass: class com.almasb.fxgl.notification.view.XboxNotificationView
21:18:25.894 [FXGL Background Thread 3 ] DEBUG Engine               - pixelsPerMeter: 50.0
21:18:25.894 [FXGL Background Thread 3 ] DEBUG Engine               - platform: WINDOWS
21:18:25.894 [FXGL Background Thread 3 ] DEBUG Engine               - prefHeightProperty: ReadOnlyDoubleProperty [value: 1080.0]
21:18:25.894 [FXGL Background Thread 3 ] DEBUG Engine               - prefWidthProperty: ReadOnlyDoubleProperty [value: 1920.0]
21:18:25.894 [FXGL Background Thread 3 ] DEBUG Engine               - profileDir: profiles/
21:18:25.894 [FXGL Background Thread 3 ] DEBUG Engine               - profileName: StringProperty [value: DEFAULT]
21:18:25.894 [FXGL Background Thread 3 ] DEBUG Engine               - randomSeed: -1
21:18:25.894 [FXGL Background Thread 3 ] DEBUG Engine               - runtimeInfo: RuntimeInfo(platform=WINDOWS, version=17.2, build=20.08.2022 16.50)
21:18:25.894 [FXGL Background Thread 3 ] DEBUG Engine               - saveFileExt: sav
21:18:25.894 [FXGL Background Thread 3 ] DEBUG Engine               - scaledHeightProp$fxgl: DoubleProperty [bound, value: 1080.0]
21:18:25.895 [FXGL Background Thread 3 ] DEBUG Engine               - scaledWidthProp$fxgl: DoubleProperty [bound, value: 1920.0]
21:18:25.895 [FXGL Background Thread 3 ] DEBUG Engine               - sceneFactory: myGame.DawnseekerApp$1@727d3e03
21:18:25.895 [FXGL Background Thread 3 ] DEBUG Engine               - secondsIn24h: 60
21:18:25.895 [FXGL Background Thread 3 ] DEBUG Engine               - soundMenuBack: menu/back.wav
21:18:25.895 [FXGL Background Thread 3 ] DEBUG Engine               - soundMenuPress: menu/press.wav
21:18:25.895 [FXGL Background Thread 3 ] DEBUG Engine               - soundMenuSelect: menu/select.wav
21:18:25.895 [FXGL Background Thread 3 ] DEBUG Engine               - soundNotification: core/notification.wav
21:18:25.895 [FXGL Background Thread 3 ] DEBUG Engine               - stageStyle: DECORATED
21:18:25.895 [FXGL Background Thread 3 ] DEBUG Engine               - supportedLanguages: [ENGLISH, FRENCH, GERMAN, HUNGARIAN, RUSSIAN]
21:18:25.895 [FXGL Background Thread 3 ] DEBUG Engine               - ticksPerSecond: -1
21:18:25.895 [FXGL Background Thread 3 ] DEBUG Engine               - title: Dawnseeker
21:18:25.895 [FXGL Background Thread 3 ] DEBUG Engine               - urlGithub: https://github.com/AlmasB/FXGL
21:18:25.895 [FXGL Background Thread 3 ] DEBUG Engine               - urlLeaderboard: http://fxgl-top.herokuapp.com/
21:18:25.895 [FXGL Background Thread 3 ] DEBUG Engine               - urlPOM: https://raw.githubusercontent.com/AlmasB/FXGL/release/README.md
21:18:25.895 [FXGL Background Thread 3 ] DEBUG Engine               - userAppClass: class myGame.DawnseekerApp
21:18:25.895 [FXGL Background Thread 3 ] DEBUG Engine               - version: 0.4
21:18:25.895 [FXGL Background Thread 3 ] DEBUG Engine               - versionCheckDays: 7
21:18:25.895 [FXGL Background Thread 3 ] DEBUG Engine               - width: 1920
21:18:25.895 [FXGL Background Thread 3 ] DEBUG Engine               - Logging services
21:18:25.895 [FXGL Background Thread 3 ] DEBUG Engine               - class com.almasb.fxgl.app.services.FXGLAssetLoaderService
21:18:25.895 [FXGL Background Thread 3 ] DEBUG Engine               - class com.almasb.fxgl.app.FXGLApplication$GameApplicationService
21:18:25.895 [FXGL Background Thread 3 ] DEBUG Engine               - class com.almasb.fxgl.app.services.FXGLDialogService
21:18:25.895 [FXGL Background Thread 3 ] DEBUG Engine               - class com.almasb.fxgl.app.services.IOTaskExecutorService
21:18:25.895 [FXGL Background Thread 3 ] DEBUG Engine               - class com.almasb.fxgl.io.FileSystemService
21:18:25.895 [FXGL Background Thread 3 ] DEBUG Engine               - class com.almasb.fxgl.localization.LocalizationService
21:18:25.895 [FXGL Background Thread 3 ] DEBUG Engine               - class com.almasb.fxgl.app.services.SystemBundleService
21:18:25.895 [FXGL Background Thread 3 ] DEBUG Engine               - class com.almasb.fxgl.profile.SaveLoadService
21:18:25.895 [FXGL Background Thread 3 ] DEBUG Engine               - class com.almasb.fxgl.ui.FXGLUIFactoryServiceProvider
21:18:25.895 [FXGL Background Thread 3 ] DEBUG Engine               - class com.almasb.fxgl.ui.FXGLDialogFactoryServiceProvider
21:18:25.895 [FXGL Background Thread 3 ] DEBUG Engine               - class com.almasb.fxgl.audio.AudioPlayer
21:18:25.895 [FXGL Background Thread 3 ] DEBUG Engine               - class com.almasb.fxgl.notification.impl.NotificationServiceProvider
21:18:25.896 [FXGL Background Thread 3 ] DEBUG Engine               - class com.almasb.fxgl.achievement.AchievementService
21:18:25.896 [FXGL Background Thread 3 ] DEBUG Engine               - class com.almasb.fxgl.cutscene.CutsceneService
21:18:25.896 [FXGL Background Thread 3 ] DEBUG Engine               - class com.almasb.fxgl.minigames.MiniGameService
21:18:25.896 [FXGL Background Thread 3 ] DEBUG Engine               - class com.almasb.fxgl.net.NetService
21:18:25.896 [FXGL Background Thread 3 ] DEBUG Engine               - class com.almasb.fxgl.app.services.UpdaterService
21:18:25.896 [FXGL Background Thread 3 ] DEBUG Engine               - class com.almasb.fxgl.dev.DevService
21:18:28.164 [JavaFX Application Thread] WARN  GameWorld            - Attempted to remove entity which is not active
21:18:28.165 [JavaFX Application Thread] DEBUG FXGLAssetLoaderServi - Loading from file system: file:/C:/Games/Schoolwork/Spring%2023/CS4900/DawnseekerWorkspace/CS4900G2Proj2/CS4900G2Proj2/Dawnseeker/target/classes/assets/textures/Coin.gif
21:18:28.167 [JavaFX Application Thread] DEBUG FXGLAssetLoaderServi - Loading from file system: file:/C:/Games/Schoolwork/Spring%2023/CS4900/DawnseekerWorkspace/CS4900G2Proj2/CS4900G2Proj2/Dawnseeker/target/classes/assets/sounds/bong.wav
21:18:28.692 [JavaFX Application Thread] WARN  GameWorld            - Attempted to remove entity which is not active
21:18:28.693 [JavaFX Application Thread] DEBUG FXGLAssetLoaderServi - Loading from file system: file:/C:/Games/Schoolwork/Spring%2023/CS4900/DawnseekerWorkspace/CS4900G2Proj2/CS4900G2Proj2/Dawnseeker/target/classes/assets/textures/PowerPotion.gif
21:18:28.932 [JavaFX Application Thread] WARN  GameWorld            - Attempted to remove entity which is not active
21:18:29.276 [JavaFX Application Thread] DEBUG FXGLApplication      - Exiting FXGL
21:18:29.276 [JavaFX Application Thread] DEBUG LoopRunner           - Stopping loop
21:18:29.276 [JavaFX Application Thread] DEBUG SystemBundleService  - Saving FXGL system data
21:18:29.278 [JavaFX Application Thread] DEBUG FileSystemAccess     - Writing to: C:\Games\Schoolwork\Spring 23\CS4900\DawnseekerWorkspace\CS4900G2Proj2\CS4900G2Proj2\Dawnseeker\system\fxgl.bundle
21:18:29.280 [JavaFX Application Thread] DEBUG Async                - Shutting down background threads
21:18:29.280 [JavaFX Application Thread] DEBUG PrimaryStageWindow   - Closing main window
21:18:29.287 [JavaFX Application Thread] DEBUG Logger               - Closing Logger
