16:23:21.209 [main                     ] DEBUG Logger               - Configured Logger
16:23:21.230 [main                     ] DEBUG GameApplication      - Logging settings
Title: Dawnseeker
Version: 0.5
Width: 1920
Height: 1080
Fullscreen: false
Intro: false
Profiling: false
Single step:false
App Mode: DEVELOPER
Menu Key: ESCAPE
Stage Style: DECORATED
Scene Factory: class myGame.DawnseekerApp$1

16:23:21.584 [JavaFX Application Thread] DEBUG FXGLApplication      - Initializing FXGL
16:23:21.588 [JavaFX Application Thread] INFO  Engine               - FXGL-17.2 (20.08.2022 16.50) on WINDOWS (J:19.0.2 FX:18)
16:23:21.588 [JavaFX Application Thread] DEBUG Engine               - JRE Vendor Name: Eclipse Adoptium
16:23:21.588 [JavaFX Application Thread] DEBUG Engine               - Running on OS: Windows 10 version 10.0
16:23:21.589 [JavaFX Application Thread] DEBUG Engine               - Architecture: amd64
16:23:21.589 [JavaFX Application Thread] INFO  Engine               - Source code and latest versions at: https://github.com/AlmasB/FXGL
16:23:21.589 [JavaFX Application Thread] INFO  Engine               -       Ask questions and discuss at: https://github.com/AlmasB/FXGL/discussions
16:23:21.589 [JavaFX Application Thread] INFO  Engine               -              Join the FXGL chat at: https://gitter.im/AlmasB/FXGL
16:23:21.681 [JavaFX Application Thread] DEBUG PrimaryStageWindow   - Creating a JavaFX scene
16:23:21.682 [JavaFX Application Thread] DEBUG PrimaryStageWindow   - Target size > screen size
16:23:21.742 [JavaFX Application Thread] DEBUG PrimaryStageWindow   - Target settings size: 1920.0 x 1080.0
16:23:21.743 [JavaFX Application Thread] DEBUG PrimaryStageWindow   - Scaled scene size:    1511.0 x 864.0
16:23:21.743 [JavaFX Application Thread] DEBUG PrimaryStageWindow   - Scaled ratio: (0.7869791666666667, 0.8)
16:23:21.744 [JavaFX Application Thread] DEBUG PrimaryStageWindow   - Set initial scene to FXGLStartupScene
16:23:21.752 [JavaFX Application Thread] DEBUG PrimaryStageWindow   - Opening main window
16:23:21.842 [JavaFX Application Thread] DEBUG PrimaryStageWindow   - Window border size: (14.5999755859375, 37.5999755859375)
16:23:21.843 [JavaFX Application Thread] DEBUG PrimaryStageWindow   - Scaled size: 1511.0 x 864.0
16:23:21.843 [JavaFX Application Thread] DEBUG PrimaryStageWindow   - Scaled ratio: (0.7869791666666667, 0.8)
16:23:21.843 [JavaFX Application Thread] DEBUG PrimaryStageWindow   - Scene size: 1511.0 x 864.0
16:23:21.843 [JavaFX Application Thread] DEBUG PrimaryStageWindow   - Stage size: 1525.5999755859375 x 901.5999755859375
16:23:21.852 [FXGL Background Thread 1 ] DEBUG Engine               - Initializing environment variables
16:23:21.915 [FXGL Background Thread 1 ] DEBUG FXGLAssetLoaderServi - User app class for loading assets: class myGame.DawnseekerApp
16:23:21.915 [FXGL Background Thread 1 ] DEBUG GameApplicationServi - Applying CSS: fxgl_dark.css
16:23:21.916 [FXGL Background Thread 1 ] DEBUG FXGLAssetLoaderServi - Loading from file system: jar:file:/C:/Users/Eartm/.m2/repository/com/github/almasb/fxgl/17.2/fxgl-17.2.jar!/fxglassets/ui/css/fxgl_dark.css
16:23:21.956 [FXGL Background Thread 1 ] DEBUG GameApplicationServi - Initializing application scenes
16:23:22.001 [FXGL Background Thread 1 ] DEBUG GameWorld            - Game world initialized
16:23:22.060 [FXGL Background Thread 1 ] DEBUG PhysicsWorld         - Physics world initialized: appHeight=1080, physics.ppm=50.0
16:23:22.060 [FXGL Background Thread 1 ] DEBUG PhysicsWorld         - Using strategy: BRUTE_FORCE
16:23:22.063 [FXGL Background Thread 1 ] DEBUG GameScene            - Game scene initialized: 1920x1080
16:23:22.063 [FXGL Background Thread 1 ] DEBUG FXGLAssetLoaderServi - Loading from file system: file:/C:/Games/CS4900%20Workspace/CS4900G2Proj2/CS4900G2Proj2/Dawnseeker/target/classes/assets/music/shop.mp3
16:23:22.256 [FXGL Background Thread 1 ] DEBUG AudioPlayer          - Playing music com.almasb.fxgl.audio.Music@7049b545
16:23:22.270 [FXGL Background Thread 1 ] DEBUG FXGLAssetLoaderServi - Loading from file system: file:/C:/Games/CS4900%20Workspace/CS4900G2Proj2/CS4900G2Proj2/Dawnseeker/target/classes/assets/textures/bg2.png
16:23:22.331 [FXGL Background Thread 1 ] DEBUG FXGL.DefaultMenu     - createMenuBodyGameMenu()
16:23:22.345 [FXGL Background Thread 1 ] DEBUG FXGL.DefaultMenu     - createOptionsMenu()
16:23:22.350 [FXGL Background Thread 1 ] DEBUG FXGLAssetLoaderServi - Loading from file system: jar:file:/C:/Users/Eartm/.m2/repository/com/github/almasb/fxgl/17.2/fxgl-17.2.jar!/fxglassets/textures/particles/smoke.png
16:23:22.439 [FXGL Background Thread 1 ] DEBUG FXGLAssetLoaderServi - Loading from file system: jar:file:/C:/Users/Eartm/.m2/repository/com/github/almasb/fxgl/17.2/fxgl-17.2.jar!/fxglassets/textures/particles/trace_horizontal.png
16:23:22.462 [FXGL Background Thread 1 ] DEBUG GameApplicationServi - Application scenes initialized
16:23:22.475 [FXGL Background Thread 1 ] DEBUG SystemBundleService  - Loading FXGL system data
16:23:22.479 [FXGL Background Thread 1 ] DEBUG FileSystemAccess     - Reading from: C:\Games\CS4900 Workspace\CS4900G2Proj2\CS4900G2Proj2\Dawnseeker\system\fxgl.bundle
16:23:22.490 [FXGL Background Thread 1 ] DEBUG SystemBundleService  - Bundle FXGL: {}
16:23:22.490 [FXGL Background Thread 1 ] DEBUG UpdaterService       - Checking for updates
16:23:22.494 [FXGL Background Thread 4 ] DEBUG FXGLApplication      - Loading fonts
16:23:22.495 [FXGL Background Thread 4 ] DEBUG FXGLAssetLoaderServi - Loading from file system: jar:file:/C:/Users/Eartm/.m2/repository/com/github/almasb/fxgl/17.2/fxgl-17.2.jar!/fxglassets/ui/fonts/VarelaRound-Regular.ttf
16:23:22.495 [FXGL Background Thread 1 ] DEBUG FXGLApplication      - Loading default localization
16:23:22.496 [FXGL Background Thread 1 ] DEBUG FXGLAssetLoaderServi - Loading from file system: jar:file:/C:/Users/Eartm/.m2/repository/com/github/almasb/fxgl/17.2/fxgl-17.2.jar!/fxglassets/languages/english.lang
16:23:22.519 [FXGL Background Thread 1 ] INFO  FXGLApplication      - FXGL initialization took: 0.665 sec
16:23:22.562 [FXGL Background Thread 4 ] DEBUG FXGLAssetLoaderServi - Loading from file system: jar:file:/C:/Users/Eartm/.m2/repository/com/github/almasb/fxgl/17.2/fxgl-17.2.jar!/fxglassets/ui/fonts/Abel-Regular.ttf
16:23:22.572 [FXGL Background Thread 4 ] DEBUG FXGLAssetLoaderServi - Loading from file system: jar:file:/C:/Users/Eartm/.m2/repository/com/github/almasb/fxgl/17.2/fxgl-17.2.jar!/fxglassets/ui/fonts/TerminalLandMono-Regular.otf
16:23:22.581 [FXGL Background Thread 4 ] DEBUG FXGLAssetLoaderServi - Loading from file system: jar:file:/C:/Users/Eartm/.m2/repository/com/github/almasb/fxgl/17.2/fxgl-17.2.jar!/fxglassets/ui/fonts/Courier-Prime.ttf
16:23:22.627 [JavaFX Application Thread] DEBUG Input                - Registered new binding: action0 - LMB
16:23:22.631 [JavaFX Application Thread] DEBUG Input                - Registered new binding: Up - W
16:23:22.631 [JavaFX Application Thread] DEBUG Input                - Registered new binding: Down - S
16:23:22.631 [JavaFX Application Thread] DEBUG Input                - Registered new binding: Right - D
16:23:22.631 [JavaFX Application Thread] DEBUG Input                - Registered new binding: Left - A
16:23:22.632 [JavaFX Application Thread] DEBUG FXGLAssetLoaderServi - Loading from file system: jar:file:/C:/Users/Eartm/.m2/repository/com/github/almasb/fxgl/17.2/fxgl-17.2.jar!/fxglassets/textures/fxgl_icon.png
16:23:22.648 [JavaFX Application Thread] DEBUG FXGLAssetLoaderServi - Loading from file system: jar:file:/C:/Users/Eartm/.m2/repository/com/github/almasb/fxgl/17.2/fxgl-17.2.jar!/fxglassets/textures/fxgl_default_cursor.png
16:23:22.650 [JavaFX Application Thread] DEBUG Input                - Registered new binding: Screenshot - CTRL+8
16:23:22.650 [JavaFX Application Thread] DEBUG Input                - Registered new binding: System info dump - CTRL+9
16:23:22.651 [JavaFX Application Thread] DEBUG Input                - Registered new binding: Restart - CTRL+R
16:23:22.652 [JavaFX Application Thread] DEBUG Input                - Registered new binding: Toggle Debug Camera - CTRL+7
16:23:22.653 [JavaFX Application Thread] DEBUG LoopRunner           - Starting loop
16:23:22.653 [JavaFX Application Thread] DEBUG LoopRunner           - Initializing JavaFX AnimationTimerLoop
16:23:22.657 [JavaFX Application Thread] DEBUG Input                - Clearing active input actions
16:23:22.667 [JavaFX Application Thread] DEBUG GameApplicationServi - Removing overlay from FXGLStartupScene and adding to FXGLMainMenuDummyScene
16:23:22.667 [JavaFX Application Thread] DEBUG PrimaryStageWindow   - FXGLStartupScene -> FXGLMainMenuDummyScene
16:23:22.667 [JavaFX Application Thread] DEBUG PrimaryStageWindow   - Push state: DawnseekerMenu
16:23:22.668 [JavaFX Application Thread] DEBUG Input                - Clearing active input actions
16:23:22.672 [JavaFX Application Thread] DEBUG GameApplicationServi - Removing overlay from FXGLMainMenuDummyScene and adding to DawnseekerMenu
16:23:22.673 [JavaFX Application Thread] DEBUG PrimaryStageWindow   - FXGLMainMenuDummyScene -> DawnseekerMenu
16:23:22.673 [JavaFX Application Thread] DEBUG FXGLApplication      - Registering font factories with UI factory
16:23:23.007 [FXGL Background Thread 2 ] INFO  UpdaterService       - Your current version:  17.2
16:23:23.007 [FXGL Background Thread 2 ] INFO  UpdaterService       - Latest stable version: 17.3
16:23:23.559 [JavaFX Application Thread] DEBUG Menu                 - fireNewGame()
16:23:23.559 [JavaFX Application Thread] DEBUG GameApplicationServi - Starting new game
16:23:23.559 [JavaFX Application Thread] DEBUG PrimaryStageWindow   - Pop state: DawnseekerMenu
16:23:23.559 [JavaFX Application Thread] DEBUG Input                - Clearing active input actions
16:23:23.560 [JavaFX Application Thread] DEBUG GameApplicationServi - Removing overlay from DawnseekerMenu and adding to FXGLMainMenuDummyScene
16:23:23.560 [JavaFX Application Thread] DEBUG PrimaryStageWindow   - FXGLMainMenuDummyScene <- DawnseekerMenu
16:23:23.560 [JavaFX Application Thread] DEBUG Input                - Clearing active input actions
16:23:23.565 [JavaFX Application Thread] DEBUG GameApplicationServi - Removing overlay from FXGLMainMenuDummyScene and adding to FXGLLoadingScene
16:23:23.565 [JavaFX Application Thread] DEBUG PrimaryStageWindow   - FXGLMainMenuDummyScene -> FXGLLoadingScene
16:23:23.565 [JavaFX Application Thread] DEBUG GameApplicationServi - Clearing previous game
16:23:23.565 [JavaFX Application Thread] DEBUG GameScene            - Clearing game scene
16:23:23.565 [JavaFX Application Thread] DEBUG GameWorld            - Clearing game world
16:23:23.565 [JavaFX Application Thread] DEBUG PhysicsWorld         - Clearing physics world
16:23:23.567 [JavaFX Application Thread] DEBUG AudioPlayer          - Stopping music com.almasb.fxgl.audio.Music@7049b545
16:23:23.567 [FXGL Background Thread 2 ] DEBUG FXGLApplication      - Initializing game
16:23:23.572 [FXGL Background Thread 2 ] DEBUG FXGLAssetLoaderServi - Loading from file system: file:/C:/Games/CS4900%20Workspace/CS4900G2Proj2/CS4900G2Proj2/Dawnseeker/target/classes/assets/music/heartache.mp3
16:23:23.576 [FXGL Background Thread 2 ] DEBUG AudioPlayer          - Playing music com.almasb.fxgl.audio.Music@72025bc8
16:23:23.590 [FXGL Background Thread 2 ] DEBUG FXGLAssetLoaderServi - Loading from file system: file:/C:/Games/CS4900%20Workspace/CS4900G2Proj2/CS4900G2Proj2/Dawnseeker/target/classes/assets/textures/DawnseekerPCV2.png
16:23:23.592 [FXGL Background Thread 2 ] DEBUG FXGLAssetLoaderServi - Loading from file system: file:/C:/Games/CS4900%20Workspace/CS4900G2Proj2/CS4900G2Proj2/Dawnseeker/target/classes/assets/textures/DawnseekerPCV2Down.png
16:23:23.593 [FXGL Background Thread 2 ] DEBUG FXGLAssetLoaderServi - Loading from file system: file:/C:/Games/CS4900%20Workspace/CS4900G2Proj2/CS4900G2Proj2/Dawnseeker/target/classes/assets/textures/DawnseekerPCV2Up.png
16:23:23.594 [FXGL Background Thread 2 ] DEBUG FXGLAssetLoaderServi - Loading from file system: file:/C:/Games/CS4900%20Workspace/CS4900G2Proj2/CS4900G2Proj2/Dawnseeker/target/classes/assets/textures/DawnseekerPCV2Right.png
16:23:23.595 [FXGL Background Thread 2 ] DEBUG FXGLAssetLoaderServi - Loading from file system: file:/C:/Games/CS4900%20Workspace/CS4900G2Proj2/CS4900G2Proj2/Dawnseeker/target/classes/assets/textures/DawnseekerPCV2Left.png
16:23:23.610 [FXGL Background Thread 2 ] DEBUG FXGLAssetLoaderServi - Loading from file system: file:/C:/Games/CS4900%20Workspace/CS4900G2Proj2/CS4900G2Proj2/Dawnseeker/target/classes/assets/textures/background.png
16:23:23.644 [FXGL Background Thread 2 ] WARN  GameWorld            - Entity is already attached to world
16:23:23.645 [FXGL Background Thread 2 ] DEBUG FXGLAssetLoaderServi - Loading from file system: file:/C:/Games/CS4900%20Workspace/CS4900G2Proj2/CS4900G2Proj2/Dawnseeker/target/classes/assets/textures/Rock1.png
16:23:23.646 [FXGL Background Thread 2 ] WARN  Entity               - Entity already has component: com.almasb.fxgl.entity.components.CollidableComponent
16:23:23.647 [FXGL Background Thread 2 ] WARN  GameWorld            - Entity is already attached to world
16:23:23.647 [FXGL Background Thread 2 ] DEBUG FXGLAssetLoaderServi - Loading from file system: file:/C:/Games/CS4900%20Workspace/CS4900G2Proj2/CS4900G2Proj2/Dawnseeker/target/classes/assets/textures/Rock2.png
16:23:23.648 [FXGL Background Thread 2 ] WARN  Entity               - Entity already has component: com.almasb.fxgl.entity.components.CollidableComponent
16:23:23.649 [FXGL Background Thread 2 ] WARN  GameWorld            - Entity is already attached to world
16:23:23.652 [FXGL Background Thread 2 ] DEBUG FXGLAssetLoaderServi - Loading from file system: file:/C:/Games/CS4900%20Workspace/CS4900G2Proj2/CS4900G2Proj2/Dawnseeker/target/classes/assets/textures/BigRock1.png
16:23:23.653 [FXGL Background Thread 2 ] WARN  Entity               - Entity already has component: com.almasb.fxgl.entity.components.CollidableComponent
16:23:23.654 [FXGL Background Thread 2 ] WARN  GameWorld            - Entity is already attached to world
16:23:23.655 [FXGL Background Thread 2 ] DEBUG FXGLAssetLoaderServi - Loading from file system: file:/C:/Games/CS4900%20Workspace/CS4900G2Proj2/CS4900G2Proj2/Dawnseeker/target/classes/assets/textures/AnimShop.png
16:23:23.657 [FXGL Background Thread 2 ] WARN  GameWorld            - Entity is already attached to world
16:23:23.682 [FXGL Background Thread 2 ] INFO  FXGLApplication      - Game initialization took: 0.114 sec
16:23:23.682 [JavaFX Application Thread] DEBUG Input                - Clearing active input actions
16:23:23.690 [JavaFX Application Thread] DEBUG GameApplicationServi - Removing overlay from FXGLLoadingScene and adding to GameScene
16:23:23.690 [JavaFX Application Thread] DEBUG PrimaryStageWindow   - FXGLLoadingScene -> GameScene
16:23:24.824 [JavaFX Application Thread] DEBUG FXGLAssetLoaderServi - Loading from file system: file:/C:/Games/CS4900%20Workspace/CS4900G2Proj2/CS4900G2Proj2/Dawnseeker/target/classes/assets/textures/Skull.gif
16:23:24.830 [JavaFX Application Thread] DEBUG FXGLAssetLoaderServi - Loading from file system: file:/C:/Games/CS4900%20Workspace/CS4900G2Proj2/CS4900G2Proj2/Dawnseeker/target/classes/assets/textures/Ghost.gif
16:23:25.493 [FXGL Background Thread 3 ] DEBUG Engine               - Logging environment variables
16:23:25.493 [FXGL Background Thread 3 ] DEBUG Engine               - achievements: []
16:23:25.493 [FXGL Background Thread 3 ] DEBUG Engine               - actualHeight: 864.0
16:23:25.493 [FXGL Background Thread 3 ] DEBUG Engine               - actualHeightProperty: ReadOnlyDoubleProperty [value: 864.0]
16:23:25.493 [FXGL Background Thread 3 ] DEBUG Engine               - actualWidth: 1511.0
16:23:25.493 [FXGL Background Thread 3 ] DEBUG Engine               - actualWidthProperty: ReadOnlyDoubleProperty [value: 1511.0]
16:23:25.493 [FXGL Background Thread 3 ] DEBUG Engine               - appIcon: fxgl_icon.png
16:23:25.494 [FXGL Background Thread 3 ] DEBUG Engine               - applicationMode: DEVELOPER
16:23:25.494 [FXGL Background Thread 3 ] DEBUG Engine               - cSSList: [fxgl_dark.css]
16:23:25.494 [FXGL Background Thread 3 ] DEBUG Engine               - collisionDetectionStrategy: BRUTE_FORCE
16:23:25.494 [FXGL Background Thread 3 ] DEBUG Engine               - configClass: Optional.empty
16:23:25.494 [FXGL Background Thread 3 ] DEBUG Engine               - credits: []
16:23:25.494 [FXGL Background Thread 3 ] DEBUG Engine               - defaultCursor: CursorInfo(imageName=fxgl_default_cursor.png, hotspotX=7.0, hotspotY=6.0)
16:23:25.494 [FXGL Background Thread 3 ] DEBUG Engine               - devBBoxColorProperty: ObjectProperty [value: 0xff0000ff]
16:23:25.494 [FXGL Background Thread 3 ] DEBUG Engine               - devEnableDebugCameraProperty: BooleanProperty [value: false]
16:23:25.494 [FXGL Background Thread 3 ] DEBUG Engine               - devSensorColorProperty: ObjectProperty [value: 0xffff00ff]
16:23:25.494 [FXGL Background Thread 3 ] DEBUG Engine               - devShowBBoxProperty: BooleanProperty [value: false]
16:23:25.494 [FXGL Background Thread 3 ] DEBUG Engine               - devShowPositionProperty: BooleanProperty [value: false]
16:23:25.494 [FXGL Background Thread 3 ] DEBUG Engine               - enabledMenuItems: []
16:23:25.494 [FXGL Background Thread 3 ] DEBUG Engine               - engineServices: [class com.almasb.fxgl.app.services.FXGLAssetLoaderService, class com.almasb.fxgl.app.FXGLApplication$GameApplicationService, class com.almasb.fxgl.app.services.FXGLDialogService, class com.almasb.fxgl.app.services.IOTaskExecutorService, class com.almasb.fxgl.io.FileSystemService, class com.almasb.fxgl.localization.LocalizationService, class com.almasb.fxgl.app.services.SystemBundleService, class com.almasb.fxgl.profile.SaveLoadService, class com.almasb.fxgl.ui.FXGLUIFactoryServiceProvider, class com.almasb.fxgl.ui.FXGLDialogFactoryServiceProvider, class com.almasb.fxgl.audio.AudioPlayer, class com.almasb.fxgl.notification.impl.NotificationServiceProvider, class com.almasb.fxgl.achievement.AchievementService, class com.almasb.fxgl.cutscene.CutsceneService, class com.almasb.fxgl.minigames.MiniGameService, class com.almasb.fxgl.net.NetService, class com.almasb.fxgl.app.services.UpdaterService, class com.almasb.fxgl.dev.DevService]
16:23:25.495 [FXGL Background Thread 3 ] DEBUG Engine               - fontGame: Abel-Regular.ttf
16:23:25.495 [FXGL Background Thread 3 ] DEBUG Engine               - fontMono: TerminalLandMono-Regular.otf
16:23:25.495 [FXGL Background Thread 3 ] DEBUG Engine               - fontText: Courier-Prime.ttf
16:23:25.495 [FXGL Background Thread 3 ] DEBUG Engine               - fontUI: VarelaRound-Regular.ttf
16:23:25.495 [FXGL Background Thread 3 ] DEBUG Engine               - fullScreen: BooleanProperty [value: false]
16:23:25.495 [FXGL Background Thread 3 ] DEBUG Engine               - gameDifficulty: MEDIUM
16:23:25.495 [FXGL Background Thread 3 ] DEBUG Engine               - gameDifficultyProperty: ObjectProperty [value: MEDIUM]
16:23:25.495 [FXGL Background Thread 3 ] DEBUG Engine               - globalMusicVolume: 0.5
16:23:25.495 [FXGL Background Thread 3 ] DEBUG Engine               - globalMusicVolumeProperty: DoubleProperty [value: 0.5]
16:23:25.495 [FXGL Background Thread 3 ] DEBUG Engine               - globalSoundVolume: 0.5
16:23:25.495 [FXGL Background Thread 3 ] DEBUG Engine               - globalSoundVolumeProperty: DoubleProperty [value: 0.5]
16:23:25.495 [FXGL Background Thread 3 ] DEBUG Engine               - height: 1080
16:23:25.495 [FXGL Background Thread 3 ] DEBUG Engine               - is3D: false
16:23:25.495 [FXGL Background Thread 3 ] DEBUG Engine               - isAndroid: false
16:23:25.495 [FXGL Background Thread 3 ] DEBUG Engine               - isBrowser: false
16:23:25.495 [FXGL Background Thread 3 ] DEBUG Engine               - isClickFeedbackEnabled: false
16:23:25.495 [FXGL Background Thread 3 ] DEBUG Engine               - isCloseConfirmation: false
16:23:25.495 [FXGL Background Thread 3 ] DEBUG Engine               - isDesktop: true
16:23:25.495 [FXGL Background Thread 3 ] DEBUG Engine               - isDeveloperMenuEnabled: false
16:23:25.495 [FXGL Background Thread 3 ] DEBUG Engine               - isEmbedded: false
16:23:25.495 [FXGL Background Thread 3 ] DEBUG Engine               - isEntityPreloadEnabled: true
16:23:25.495 [FXGL Background Thread 3 ] DEBUG Engine               - isExperimentalTiledLargeMap: false
16:23:25.495 [FXGL Background Thread 3 ] DEBUG Engine               - isFileSystemWriteAllowed: true
16:23:25.495 [FXGL Background Thread 3 ] DEBUG Engine               - isFullScreenAllowed: false
16:23:25.495 [FXGL Background Thread 3 ] DEBUG Engine               - isFullScreenFromStart: false
16:23:25.495 [FXGL Background Thread 3 ] DEBUG Engine               - isGameMenuEnabled: true
16:23:25.495 [FXGL Background Thread 3 ] DEBUG Engine               - isIOS: false
16:23:25.495 [FXGL Background Thread 3 ] DEBUG Engine               - isIntroEnabled: false
16:23:25.495 [FXGL Background Thread 3 ] DEBUG Engine               - isLinux: false
16:23:25.495 [FXGL Background Thread 3 ] DEBUG Engine               - isMac: false
16:23:25.495 [FXGL Background Thread 3 ] DEBUG Engine               - isMainMenuEnabled: true
16:23:25.495 [FXGL Background Thread 3 ] DEBUG Engine               - isManualResizeEnabled: false
16:23:25.495 [FXGL Background Thread 3 ] DEBUG Engine               - isMobile: false
16:23:25.496 [FXGL Background Thread 3 ] DEBUG Engine               - isNative: false
16:23:25.496 [FXGL Background Thread 3 ] DEBUG Engine               - isPauseMusicWhenMinimized: true
16:23:25.496 [FXGL Background Thread 3 ] DEBUG Engine               - isPreserveResizeRatio: false
16:23:25.496 [FXGL Background Thread 3 ] DEBUG Engine               - isProfilingEnabled: false
16:23:25.496 [FXGL Background Thread 3 ] DEBUG Engine               - isScaleAffectedOnResize: true
16:23:25.496 [FXGL Background Thread 3 ] DEBUG Engine               - isSingleStep: false
16:23:25.496 [FXGL Background Thread 3 ] DEBUG Engine               - isUserProfileEnabled: false
16:23:25.496 [FXGL Background Thread 3 ] DEBUG Engine               - isWindows: true
16:23:25.496 [FXGL Background Thread 3 ] DEBUG Engine               - language: ObjectProperty [value: ENGLISH]
16:23:25.496 [FXGL Background Thread 3 ] DEBUG Engine               - menuKey: ESCAPE
16:23:25.496 [FXGL Background Thread 3 ] DEBUG Engine               - mouseSensitivity: 0.2
16:23:25.496 [FXGL Background Thread 3 ] DEBUG Engine               - notificationViewClass: class com.almasb.fxgl.notification.view.XboxNotificationView
16:23:25.496 [FXGL Background Thread 3 ] DEBUG Engine               - pixelsPerMeter: 50.0
16:23:25.496 [FXGL Background Thread 3 ] DEBUG Engine               - platform: WINDOWS
16:23:25.496 [FXGL Background Thread 3 ] DEBUG Engine               - prefHeightProperty: ReadOnlyDoubleProperty [value: 1080.0]
16:23:25.496 [FXGL Background Thread 3 ] DEBUG Engine               - prefWidthProperty: ReadOnlyDoubleProperty [value: 1920.0]
16:23:25.496 [FXGL Background Thread 3 ] DEBUG Engine               - profileDir: profiles/
16:23:25.496 [FXGL Background Thread 3 ] DEBUG Engine               - profileName: StringProperty [value: DEFAULT]
16:23:25.496 [FXGL Background Thread 3 ] DEBUG Engine               - randomSeed: -1
16:23:25.496 [FXGL Background Thread 3 ] DEBUG Engine               - runtimeInfo: RuntimeInfo(platform=WINDOWS, version=17.2, build=20.08.2022 16.50)
16:23:25.496 [FXGL Background Thread 3 ] DEBUG Engine               - saveFileExt: sav
16:23:25.496 [FXGL Background Thread 3 ] DEBUG Engine               - scaledHeightProp$fxgl: DoubleProperty [bound, value: 864.0]
16:23:25.496 [FXGL Background Thread 3 ] DEBUG Engine               - scaledWidthProp$fxgl: DoubleProperty [bound, value: 1511.0]
16:23:25.496 [FXGL Background Thread 3 ] DEBUG Engine               - sceneFactory: myGame.DawnseekerApp$1@10c13afa
16:23:25.496 [FXGL Background Thread 3 ] DEBUG Engine               - secondsIn24h: 60
16:23:25.496 [FXGL Background Thread 3 ] DEBUG Engine               - soundMenuBack: menu/back.wav
16:23:25.496 [FXGL Background Thread 3 ] DEBUG Engine               - soundMenuPress: menu/press.wav
16:23:25.497 [FXGL Background Thread 3 ] DEBUG Engine               - soundMenuSelect: menu/select.wav
16:23:25.497 [FXGL Background Thread 3 ] DEBUG Engine               - soundNotification: core/notification.wav
16:23:25.497 [FXGL Background Thread 3 ] DEBUG Engine               - stageStyle: DECORATED
16:23:25.497 [FXGL Background Thread 3 ] DEBUG Engine               - supportedLanguages: [ENGLISH, FRENCH, GERMAN, HUNGARIAN, RUSSIAN]
16:23:25.498 [FXGL Background Thread 3 ] DEBUG Engine               - ticksPerSecond: -1
16:23:25.498 [FXGL Background Thread 3 ] DEBUG Engine               - title: Dawnseeker
16:23:25.498 [FXGL Background Thread 3 ] DEBUG Engine               - urlGithub: https://github.com/AlmasB/FXGL
16:23:25.498 [FXGL Background Thread 3 ] DEBUG Engine               - urlLeaderboard: http://fxgl-top.herokuapp.com/
16:23:25.498 [FXGL Background Thread 3 ] DEBUG Engine               - urlPOM: https://raw.githubusercontent.com/AlmasB/FXGL/release/README.md
16:23:25.498 [FXGL Background Thread 3 ] DEBUG Engine               - userAppClass: class myGame.DawnseekerApp
16:23:25.498 [FXGL Background Thread 3 ] DEBUG Engine               - version: 0.5
16:23:25.498 [FXGL Background Thread 3 ] DEBUG Engine               - versionCheckDays: 7
16:23:25.498 [FXGL Background Thread 3 ] DEBUG Engine               - width: 1920
16:23:25.498 [FXGL Background Thread 3 ] DEBUG Engine               - Logging services
16:23:25.498 [FXGL Background Thread 3 ] DEBUG Engine               - class com.almasb.fxgl.app.services.FXGLAssetLoaderService
16:23:25.498 [FXGL Background Thread 3 ] DEBUG Engine               - class com.almasb.fxgl.app.FXGLApplication$GameApplicationService
16:23:25.498 [FXGL Background Thread 3 ] DEBUG Engine               - class com.almasb.fxgl.app.services.FXGLDialogService
16:23:25.498 [FXGL Background Thread 3 ] DEBUG Engine               - class com.almasb.fxgl.app.services.IOTaskExecutorService
16:23:25.498 [FXGL Background Thread 3 ] DEBUG Engine               - class com.almasb.fxgl.io.FileSystemService
16:23:25.498 [FXGL Background Thread 3 ] DEBUG Engine               - class com.almasb.fxgl.localization.LocalizationService
16:23:25.498 [FXGL Background Thread 3 ] DEBUG Engine               - class com.almasb.fxgl.app.services.SystemBundleService
16:23:25.498 [FXGL Background Thread 3 ] DEBUG Engine               - class com.almasb.fxgl.profile.SaveLoadService
16:23:25.498 [FXGL Background Thread 3 ] DEBUG Engine               - class com.almasb.fxgl.ui.FXGLUIFactoryServiceProvider
16:23:25.498 [FXGL Background Thread 3 ] DEBUG Engine               - class com.almasb.fxgl.ui.FXGLDialogFactoryServiceProvider
16:23:25.498 [FXGL Background Thread 3 ] DEBUG Engine               - class com.almasb.fxgl.audio.AudioPlayer
16:23:25.498 [FXGL Background Thread 3 ] DEBUG Engine               - class com.almasb.fxgl.notification.impl.NotificationServiceProvider
16:23:25.498 [FXGL Background Thread 3 ] DEBUG Engine               - class com.almasb.fxgl.achievement.AchievementService
16:23:25.498 [FXGL Background Thread 3 ] DEBUG Engine               - class com.almasb.fxgl.cutscene.CutsceneService
16:23:25.498 [FXGL Background Thread 3 ] DEBUG Engine               - class com.almasb.fxgl.minigames.MiniGameService
16:23:25.498 [FXGL Background Thread 3 ] DEBUG Engine               - class com.almasb.fxgl.net.NetService
16:23:25.498 [FXGL Background Thread 3 ] DEBUG Engine               - class com.almasb.fxgl.app.services.UpdaterService
16:23:25.498 [FXGL Background Thread 3 ] DEBUG Engine               - class com.almasb.fxgl.dev.DevService
16:23:28.344 [JavaFX Application Thread] DEBUG FXGLAssetLoaderServi - Loading from file system: file:/C:/Games/CS4900%20Workspace/CS4900G2Proj2/CS4900G2Proj2/Dawnseeker/target/classes/assets/sounds/magic_missile.wav
16:23:28.353 [JavaFX Application Thread] DEBUG FXGLAssetLoaderServi - Loading from file system: file:/C:/Games/CS4900%20Workspace/CS4900G2Proj2/CS4900G2Proj2/Dawnseeker/target/classes/assets/textures/Fireball.gif
16:23:28.679 [JavaFX Application Thread] DEBUG FXGLAssetLoaderServi - Loading from file system: file:/C:/Games/CS4900%20Workspace/CS4900G2Proj2/CS4900G2Proj2/Dawnseeker/target/classes/assets/textures/Bonker.gif
16:23:28.934 [JavaFX Application Thread] WARN  GameWorld            - Attempted to remove entity which is not active
16:23:28.935 [JavaFX Application Thread] DEBUG FXGLAssetLoaderServi - Loading from file system: file:/C:/Games/CS4900%20Workspace/CS4900G2Proj2/CS4900G2Proj2/Dawnseeker/target/classes/assets/textures/Coin.gif
16:23:28.938 [JavaFX Application Thread] DEBUG FXGLAssetLoaderServi - Loading from file system: file:/C:/Games/CS4900%20Workspace/CS4900G2Proj2/CS4900G2Proj2/Dawnseeker/target/classes/assets/sounds/bong.wav
16:23:29.190 [JavaFX Application Thread] WARN  GameWorld            - Attempted to remove entity which is not active
16:23:29.527 [JavaFX Application Thread] WARN  GameWorld            - Attempted to remove entity which is not active
16:23:29.830 [JavaFX Application Thread] WARN  GameWorld            - Attempted to remove entity which is not active
16:23:31.461 [JavaFX Application Thread] DEBUG FXGLAssetLoaderServi - Loading from file system: file:/C:/Games/CS4900%20Workspace/CS4900G2Proj2/CS4900G2Proj2/Dawnseeker/target/classes/assets/sounds/coin_pickup.wav
16:23:33.127 [JavaFX Application Thread] DEBUG FXGLAssetLoaderServi - Loading from file system: file:/C:/Games/CS4900%20Workspace/CS4900G2Proj2/CS4900G2Proj2/Dawnseeker/target/classes/assets/textures/FireBallProjectile.png
16:23:33.461 [JavaFX Application Thread] WARN  GameWorld            - Attempted to remove entity which is not active
16:23:34.165 [JavaFX Application Thread] WARN  GameWorld            - Attempted to remove entity which is not active
16:23:34.793 [JavaFX Application Thread] WARN  GameWorld            - Attempted to remove entity which is not active
16:23:35.301 [JavaFX Application Thread] WARN  GameWorld            - Attempted to remove entity which is not active
16:23:35.302 [JavaFX Application Thread] DEBUG FXGLAssetLoaderServi - Loading from file system: file:/C:/Games/CS4900%20Workspace/CS4900G2Proj2/CS4900G2Proj2/Dawnseeker/target/classes/assets/textures/SpeedPotion.gif
16:23:35.959 [JavaFX Application Thread] WARN  GameWorld            - Attempted to remove entity which is not active
16:23:35.960 [JavaFX Application Thread] DEBUG FXGLAssetLoaderServi - Loading from file system: file:/C:/Games/CS4900%20Workspace/CS4900G2Proj2/CS4900G2Proj2/Dawnseeker/target/classes/assets/textures/PowerPotion.gif
16:23:36.501 [JavaFX Application Thread] WARN  GameWorld            - Attempted to remove entity which is not active
16:23:36.502 [JavaFX Application Thread] DEBUG FXGLAssetLoaderServi - Loading from file system: file:/C:/Games/CS4900%20Workspace/CS4900G2Proj2/CS4900G2Proj2/Dawnseeker/target/classes/assets/textures/FIRE.gif
16:23:36.503 [JavaFX Application Thread] WARN  GameWorld            - Entity is already attached to world
16:23:36.504 [JavaFX Application Thread] DEBUG FXGLAssetLoaderServi - Loading from file system: file:/C:/Games/CS4900%20Workspace/CS4900G2Proj2/CS4900G2Proj2/Dawnseeker/target/classes/assets/sounds/tom_scream.wav
16:23:36.613 [JavaFX Application Thread] WARN  GameWorld            - Attempted to remove entity which is not active
16:23:36.614 [JavaFX Application Thread] DEBUG FXGLAssetLoaderServi - Loading from file system: file:/C:/Games/CS4900%20Workspace/CS4900G2Proj2/CS4900G2Proj2/Dawnseeker/target/classes/assets/sounds/metal_pipe_fall.wav
16:23:36.758 [JavaFX Application Thread] WARN  GameWorld            - Attempted to remove entity which is not active
16:23:36.760 [JavaFX Application Thread] DEBUG FXGLAssetLoaderServi - Loading from file system: file:/C:/Games/CS4900%20Workspace/CS4900G2Proj2/CS4900G2Proj2/Dawnseeker/target/classes/assets/textures/HealthPotion.gif
16:23:37.142 [JavaFX Application Thread] WARN  GameWorld            - Attempted to remove entity which is not active
16:23:39.430 [JavaFX Application Thread] WARN  GameWorld            - Attempted to remove entity which is not active
16:23:39.685 [JavaFX Application Thread] WARN  GameWorld            - Attempted to remove entity which is not active
16:23:39.926 [JavaFX Application Thread] WARN  GameWorld            - Attempted to remove entity which is not active
16:23:39.927 [JavaFX Application Thread] WARN  GameWorld            - Entity is already attached to world
16:23:40.309 [JavaFX Application Thread] WARN  GameWorld            - Attempted to remove entity which is not active
16:23:40.997 [JavaFX Application Thread] WARN  GameWorld            - Attempted to remove entity which is not active
16:23:41.237 [JavaFX Application Thread] WARN  GameWorld            - Attempted to remove entity which is not active
16:23:41.334 [JavaFX Application Thread] WARN  GameWorld            - Attempted to remove entity which is not active
16:23:42.133 [JavaFX Application Thread] WARN  GameWorld            - Attempted to remove entity which is not active
16:23:42.277 [JavaFX Application Thread] WARN  GameWorld            - Attempted to remove entity which is not active
16:23:43.110 [JavaFX Application Thread] WARN  GameWorld            - Attempted to remove entity which is not active
16:23:43.286 [JavaFX Application Thread] WARN  GameWorld            - Attempted to remove entity which is not active
16:23:43.302 [JavaFX Application Thread] WARN  GameWorld            - Attempted to remove entity which is not active
16:23:43.525 [JavaFX Application Thread] WARN  GameWorld            - Attempted to remove entity which is not active
16:23:43.702 [JavaFX Application Thread] WARN  GameWorld            - Attempted to remove entity which is not active
16:23:43.893 [JavaFX Application Thread] WARN  GameWorld            - Attempted to remove entity which is not active
16:23:44.517 [JavaFX Application Thread] WARN  GameWorld            - Attempted to remove entity which is not active
16:23:44.837 [JavaFX Application Thread] WARN  GameWorld            - Attempted to remove entity which is not active
16:23:45.061 [JavaFX Application Thread] WARN  GameWorld            - Attempted to remove entity which is not active
16:23:45.413 [JavaFX Application Thread] WARN  GameWorld            - Attempted to remove entity which is not active
16:23:45.685 [JavaFX Application Thread] WARN  GameWorld            - Attempted to remove entity which is not active
16:23:46.008 [JavaFX Application Thread] WARN  GameWorld            - Attempted to remove entity which is not active
16:23:48.085 [JavaFX Application Thread] WARN  GameWorld            - Attempted to remove entity which is not active
16:23:48.149 [JavaFX Application Thread] WARN  GameWorld            - Attempted to remove entity which is not active
16:23:48.391 [JavaFX Application Thread] WARN  GameWorld            - Attempted to remove entity which is not active
16:23:48.661 [JavaFX Application Thread] WARN  GameWorld            - Attempted to remove entity which is not active
16:23:49.143 [JavaFX Application Thread] WARN  GameWorld            - Attempted to remove entity which is not active
16:23:49.382 [JavaFX Application Thread] WARN  GameWorld            - Attempted to remove entity which is not active
16:23:50.118 [JavaFX Application Thread] WARN  GameWorld            - Attempted to remove entity which is not active
16:23:50.693 [JavaFX Application Thread] WARN  GameWorld            - Attempted to remove entity which is not active
16:23:50.694 [JavaFX Application Thread] WARN  GameWorld            - Entity is already attached to world
16:23:50.695 [JavaFX Application Thread] WARN  GameWorld            - Attempted to remove entity which is not active
16:23:50.901 [JavaFX Application Thread] WARN  GameWorld            - Attempted to remove entity which is not active
16:23:50.981 [JavaFX Application Thread] WARN  GameWorld            - Attempted to remove entity which is not active
16:23:50.981 [JavaFX Application Thread] WARN  GameWorld            - Attempted to remove entity which is not active
16:23:51.207 [JavaFX Application Thread] WARN  GameWorld            - Attempted to remove entity which is not active
16:23:51.207 [JavaFX Application Thread] WARN  GameWorld            - Attempted to remove entity which is not active
16:23:51.558 [JavaFX Application Thread] WARN  GameWorld            - Attempted to remove entity which is not active
16:23:51.765 [JavaFX Application Thread] WARN  GameWorld            - Attempted to remove entity which is not active
16:23:51.910 [JavaFX Application Thread] WARN  GameWorld            - Attempted to remove entity which is not active
16:23:51.925 [JavaFX Application Thread] WARN  GameWorld            - Attempted to remove entity which is not active
16:23:51.958 [JavaFX Application Thread] WARN  GameWorld            - Attempted to remove entity which is not active
16:23:52.261 [JavaFX Application Thread] WARN  GameWorld            - Attempted to remove entity which is not active
16:23:52.261 [JavaFX Application Thread] WARN  GameWorld            - Attempted to remove entity which is not active
16:23:52.726 [JavaFX Application Thread] WARN  GameWorld            - Attempted to remove entity which is not active
16:23:53.126 [JavaFX Application Thread] WARN  GameWorld            - Attempted to remove entity which is not active
16:23:53.285 [JavaFX Application Thread] WARN  GameWorld            - Attempted to remove entity which is not active
16:23:53.349 [JavaFX Application Thread] WARN  GameWorld            - Attempted to remove entity which is not active
16:23:53.544 [JavaFX Application Thread] WARN  GameWorld            - Attempted to remove entity which is not active
16:23:53.544 [JavaFX Application Thread] WARN  GameWorld            - Attempted to remove entity which is not active
16:23:53.735 [JavaFX Application Thread] WARN  GameWorld            - Attempted to remove entity which is not active
16:23:54.502 [JavaFX Application Thread] WARN  GameWorld            - Attempted to remove entity which is not active
16:23:54.662 [JavaFX Application Thread] WARN  GameWorld            - Attempted to remove entity which is not active
16:23:55.061 [JavaFX Application Thread] WARN  GameWorld            - Attempted to remove entity which is not active
16:23:55.225 [JavaFX Application Thread] WARN  GameWorld            - Attempted to remove entity which is not active
16:23:55.226 [JavaFX Application Thread] WARN  GameWorld            - Entity is already attached to world
16:23:55.365 [JavaFX Application Thread] WARN  GameWorld            - Attempted to remove entity which is not active
16:23:55.397 [JavaFX Application Thread] WARN  GameWorld            - Attempted to remove entity which is not active
16:23:56.375 [JavaFX Application Thread] WARN  GameWorld            - Attempted to remove entity which is not active
16:23:56.694 [JavaFX Application Thread] WARN  GameWorld            - Attempted to remove entity which is not active
16:23:56.709 [JavaFX Application Thread] WARN  GameWorld            - Attempted to remove entity which is not active
16:23:56.710 [JavaFX Application Thread] WARN  GameWorld            - Attempted to remove entity which is not active
16:23:57.093 [JavaFX Application Thread] WARN  GameWorld            - Attempted to remove entity which is not active
16:23:57.606 [JavaFX Application Thread] WARN  GameWorld            - Attempted to remove entity which is not active
16:23:57.637 [JavaFX Application Thread] WARN  GameWorld            - Attempted to remove entity which is not active
16:23:57.701 [JavaFX Application Thread] WARN  GameWorld            - Attempted to remove entity which is not active
16:23:57.781 [JavaFX Application Thread] WARN  GameWorld            - Attempted to remove entity which is not active
16:23:57.861 [JavaFX Application Thread] WARN  GameWorld            - Attempted to remove entity which is not active
16:23:58.133 [JavaFX Application Thread] WARN  GameWorld            - Attempted to remove entity which is not active
16:23:58.133 [JavaFX Application Thread] WARN  GameWorld            - Attempted to remove entity which is not active
16:23:58.343 [JavaFX Application Thread] WARN  GameWorld            - Attempted to remove entity which is not active
16:23:58.393 [JavaFX Application Thread] WARN  GameWorld            - Attempted to remove entity which is not active
16:23:58.629 [JavaFX Application Thread] WARN  GameWorld            - Attempted to remove entity which is not active
16:23:58.661 [JavaFX Application Thread] WARN  GameWorld            - Attempted to remove entity which is not active
16:23:58.725 [JavaFX Application Thread] WARN  GameWorld            - Attempted to remove entity which is not active
16:23:58.934 [JavaFX Application Thread] WARN  GameWorld            - Attempted to remove entity which is not active
16:23:59.110 [JavaFX Application Thread] WARN  GameWorld            - Attempted to remove entity which is not active
16:23:59.302 [JavaFX Application Thread] WARN  GameWorld            - Attempted to remove entity which is not active
16:24:00.245 [JavaFX Application Thread] WARN  GameWorld            - Attempted to remove entity which is not active
16:24:00.341 [JavaFX Application Thread] WARN  GameWorld            - Attempted to remove entity which is not active
16:24:00.406 [JavaFX Application Thread] WARN  GameWorld            - Attempted to remove entity which is not active
16:24:00.501 [JavaFX Application Thread] WARN  GameWorld            - Attempted to remove entity which is not active
16:24:00.565 [JavaFX Application Thread] WARN  GameWorld            - Attempted to remove entity which is not active
16:24:01.127 [JavaFX Application Thread] WARN  GameWorld            - Attempted to remove entity which is not active
16:24:01.221 [JavaFX Application Thread] WARN  GameWorld            - Attempted to remove entity which is not active
16:24:01.286 [JavaFX Application Thread] WARN  GameWorld            - Attempted to remove entity which is not active
16:24:01.429 [JavaFX Application Thread] WARN  GameWorld            - Attempted to remove entity which is not active
16:24:01.974 [JavaFX Application Thread] WARN  GameWorld            - Attempted to remove entity which is not active
16:24:01.975 [JavaFX Application Thread] WARN  GameWorld            - Attempted to remove entity which is not active
16:24:02.007 [JavaFX Application Thread] WARN  GameWorld            - Attempted to remove entity which is not active
16:24:02.007 [JavaFX Application Thread] WARN  GameWorld            - Attempted to remove entity which is not active
16:24:02.709 [JavaFX Application Thread] WARN  GameWorld            - Attempted to remove entity which is not active
16:24:03.397 [JavaFX Application Thread] WARN  GameWorld            - Attempted to remove entity which is not active
16:24:03.397 [JavaFX Application Thread] WARN  GameWorld            - Attempted to remove entity which is not active
16:24:03.461 [JavaFX Application Thread] WARN  GameWorld            - Attempted to remove entity which is not active
16:24:03.622 [JavaFX Application Thread] WARN  GameWorld            - Attempted to remove entity which is not active
16:24:03.625 [JavaFX Application Thread] WARN  GameWorld            - Entity is already attached to world
16:24:03.637 [JavaFX Application Thread] WARN  GameWorld            - Attempted to remove entity which is not active
16:24:03.638 [JavaFX Application Thread] WARN  GameWorld            - Attempted to remove entity which is not active
16:24:04.213 [JavaFX Application Thread] WARN  GameWorld            - Attempted to remove entity which is not active
16:24:04.213 [JavaFX Application Thread] WARN  GameWorld            - Attempted to remove entity which is not active
16:24:04.213 [JavaFX Application Thread] WARN  GameWorld            - Attempted to remove entity which is not active
16:24:04.549 [JavaFX Application Thread] WARN  GameWorld            - Attempted to remove entity which is not active
16:24:05.621 [JavaFX Application Thread] WARN  GameWorld            - Attempted to remove entity which is not active
16:24:05.622 [JavaFX Application Thread] WARN  GameWorld            - Attempted to remove entity which is not active
16:24:05.623 [JavaFX Application Thread] WARN  GameWorld            - Attempted to remove entity which is not active
16:24:05.765 [JavaFX Application Thread] WARN  GameWorld            - Attempted to remove entity which is not active
16:24:05.893 [JavaFX Application Thread] WARN  GameWorld            - Attempted to remove entity which is not active
16:24:05.893 [JavaFX Application Thread] WARN  GameWorld            - Attempted to remove entity which is not active
16:24:05.926 [JavaFX Application Thread] WARN  GameWorld            - Attempted to remove entity which is not active
16:24:05.926 [JavaFX Application Thread] WARN  GameWorld            - Attempted to remove entity which is not active
16:24:06.007 [JavaFX Application Thread] WARN  GameWorld            - Attempted to remove entity which is not active
16:24:06.037 [JavaFX Application Thread] WARN  GameWorld            - Attempted to remove entity which is not active
16:24:06.165 [JavaFX Application Thread] WARN  GameWorld            - Attempted to remove entity which is not active
16:24:06.165 [JavaFX Application Thread] WARN  GameWorld            - Attempted to remove entity which is not active
16:24:06.645 [JavaFX Application Thread] WARN  GameWorld            - Attempted to remove entity which is not active
16:24:06.869 [JavaFX Application Thread] WARN  GameWorld            - Attempted to remove entity which is not active
16:24:06.869 [JavaFX Application Thread] WARN  GameWorld            - Attempted to remove entity which is not active
16:24:06.869 [JavaFX Application Thread] WARN  GameWorld            - Attempted to remove entity which is not active
16:24:07.285 [JavaFX Application Thread] WARN  GameWorld            - Attempted to remove entity which is not active
16:24:07.382 [JavaFX Application Thread] WARN  GameWorld            - Attempted to remove entity which is not active
16:24:07.445 [JavaFX Application Thread] WARN  GameWorld            - Attempted to remove entity which is not active
16:24:07.477 [JavaFX Application Thread] WARN  GameWorld            - Attempted to remove entity which is not active
16:24:07.558 [JavaFX Application Thread] WARN  GameWorld            - Attempted to remove entity which is not active
16:24:07.558 [JavaFX Application Thread] WARN  GameWorld            - Attempted to remove entity which is not active
16:24:07.622 [JavaFX Application Thread] WARN  GameWorld            - Attempted to remove entity which is not active
16:24:07.701 [JavaFX Application Thread] WARN  GameWorld            - Attempted to remove entity which is not active
16:24:07.701 [JavaFX Application Thread] WARN  GameWorld            - Attempted to remove entity which is not active
16:24:07.909 [JavaFX Application Thread] WARN  GameWorld            - Attempted to remove entity which is not active
16:24:07.941 [JavaFX Application Thread] WARN  GameWorld            - Attempted to remove entity which is not active
16:24:07.942 [JavaFX Application Thread] WARN  GameWorld            - Attempted to remove entity which is not active
16:24:07.942 [JavaFX Application Thread] WARN  GameWorld            - Attempted to remove entity which is not active
16:24:08.055 [JavaFX Application Thread] DEBUG FXGLAssetLoaderServi - Loading from file system: file:/C:/Games/CS4900%20Workspace/CS4900G2Proj2/CS4900G2Proj2/Dawnseeker/target/classes/assets/sounds/yoda_death.wav
16:24:08.057 [JavaFX Application Thread] DEBUG AudioPlayer          - Stopping music com.almasb.fxgl.audio.Music@7049b545
16:24:08.058 [JavaFX Application Thread] DEBUG AudioPlayer          - Stopping music com.almasb.fxgl.audio.Music@72025bc8
16:24:08.059 [JavaFX Application Thread] DEBUG Input                - Clearing active input actions
16:24:08.063 [JavaFX Application Thread] DEBUG GameApplicationServi - Removing overlay from GameScene and adding to FXGLMainMenuDummyScene
16:24:08.063 [JavaFX Application Thread] DEBUG PrimaryStageWindow   - GameScene -> FXGLMainMenuDummyScene
16:24:08.063 [JavaFX Application Thread] DEBUG PrimaryStageWindow   - Push state: DawnseekerMenu
16:24:08.063 [JavaFX Application Thread] DEBUG Input                - Clearing active input actions
16:24:08.063 [JavaFX Application Thread] DEBUG GameApplicationServi - Removing overlay from FXGLMainMenuDummyScene and adding to DawnseekerMenu
16:24:08.064 [JavaFX Application Thread] DEBUG PrimaryStageWindow   - FXGLMainMenuDummyScene -> DawnseekerMenu
16:24:08.064 [JavaFX Application Thread] DEBUG AudioPlayer          - Playing music com.almasb.fxgl.audio.Music@7049b545
16:24:08.064 [JavaFX Application Thread] DEBUG FXGLAssetLoaderServi - Loading from file system: file:/C:/Games/CS4900%20Workspace/CS4900G2Proj2/CS4900G2Proj2/Dawnseeker/target/classes/assets/sounds/player_oof.wav
16:24:09.377 [JavaFX Application Thread] DEBUG Menu                 - fireExit()
16:24:09.378 [JavaFX Application Thread] DEBUG PrimaryStageWindow   - Push state: DialogSubScene
16:24:09.378 [JavaFX Application Thread] DEBUG Input                - Clearing active input actions
16:24:09.378 [JavaFX Application Thread] DEBUG GameApplicationServi - Removing overlay from DawnseekerMenu and adding to DialogSubScene
16:24:09.380 [JavaFX Application Thread] DEBUG PrimaryStageWindow   - DawnseekerMenu -> DialogSubScene
16:24:10.496 [JavaFX Application Thread] DEBUG PrimaryStageWindow   - Pop state: DialogSubScene
16:24:10.496 [JavaFX Application Thread] DEBUG Input                - Clearing active input actions
16:24:10.496 [JavaFX Application Thread] DEBUG GameApplicationServi - Removing overlay from DialogSubScene and adding to DawnseekerMenu
16:24:10.496 [JavaFX Application Thread] DEBUG PrimaryStageWindow   - DawnseekerMenu <- DialogSubScene
16:24:10.496 [JavaFX Application Thread] DEBUG FXGLApplication      - Exiting FXGL
16:24:10.497 [JavaFX Application Thread] DEBUG LoopRunner           - Stopping loop
16:24:10.497 [JavaFX Application Thread] DEBUG SystemBundleService  - Saving FXGL system data
16:24:10.499 [JavaFX Application Thread] DEBUG FileSystemAccess     - Writing to: C:\Games\CS4900 Workspace\CS4900G2Proj2\CS4900G2Proj2\Dawnseeker\system\fxgl.bundle
16:24:10.501 [JavaFX Application Thread] DEBUG Async                - Shutting down background threads
16:24:10.501 [JavaFX Application Thread] DEBUG PrimaryStageWindow   - Closing main window
16:24:10.510 [JavaFX Application Thread] DEBUG Logger               - Closing Logger
