00:41:43.167 [main                     ] DEBUG Logger               - Configured Logger
00:41:43.190 [main                     ] DEBUG GameApplication      - Logging settings
Title: Dawnseeker
Version: 0.1
Width: 1024
Height: 1024
Fullscreen: false
Intro: false
Profiling: false
Single step:false
App Mode: DEVELOPER
Menu Key: ESCAPE
Stage Style: DECORATED
Scene Factory: class com.almasb.fxgl.app.scene.SceneFactory

00:41:43.652 [JavaFX Application Thread] DEBUG FXGLApplication      - Initializing FXGL
00:41:43.656 [JavaFX Application Thread] INFO  Engine               - FXGL-17.2 (20.08.2022 16.50) on WINDOWS (J:19.0.2 FX:18)
00:41:43.656 [JavaFX Application Thread] DEBUG Engine               - JRE Vendor Name: Oracle Corporation
00:41:43.657 [JavaFX Application Thread] DEBUG Engine               - Running on OS: Windows 10 version 10.0
00:41:43.657 [JavaFX Application Thread] DEBUG Engine               - Architecture: amd64
00:41:43.657 [JavaFX Application Thread] INFO  Engine               - Source code and latest versions at: https://github.com/AlmasB/FXGL
00:41:43.657 [JavaFX Application Thread] INFO  Engine               -       Ask questions and discuss at: https://github.com/AlmasB/FXGL/discussions
00:41:43.657 [JavaFX Application Thread] INFO  Engine               -              Join the FXGL chat at: https://gitter.im/AlmasB/FXGL
00:41:43.780 [JavaFX Application Thread] DEBUG PrimaryStageWindow   - Creating a JavaFX scene
00:41:43.828 [JavaFX Application Thread] DEBUG PrimaryStageWindow   - Target settings size: 1024.0 x 1024.0
00:41:43.828 [JavaFX Application Thread] DEBUG PrimaryStageWindow   - Scaled scene size:    1024.0 x 1024.0
00:41:43.828 [JavaFX Application Thread] DEBUG PrimaryStageWindow   - Scaled ratio: (1.0, 1.0)
00:41:43.829 [JavaFX Application Thread] DEBUG PrimaryStageWindow   - Set initial scene to FXGLStartupScene
00:41:43.836 [JavaFX Application Thread] DEBUG PrimaryStageWindow   - Opening main window
00:41:43.946 [JavaFX Application Thread] DEBUG PrimaryStageWindow   - Window border size: (16.0, 39.0)
00:41:43.946 [JavaFX Application Thread] DEBUG PrimaryStageWindow   - Scaled size: 1024.0 x 1024.0
00:41:43.947 [JavaFX Application Thread] DEBUG PrimaryStageWindow   - Scaled ratio: (1.0, 1.0)
00:41:43.947 [JavaFX Application Thread] DEBUG PrimaryStageWindow   - Scene size: 1024.0 x 1024.0
00:41:43.947 [JavaFX Application Thread] DEBUG PrimaryStageWindow   - Stage size: 1040.0 x 1063.0
00:41:43.953 [FXGL Background Thread 1 ] DEBUG Engine               - Initializing environment variables
00:41:43.997 [FXGL Background Thread 1 ] DEBUG FXGLAssetLoaderServi - User app class for loading assets: class myGame.DawnseekerApp
00:41:43.997 [FXGL Background Thread 1 ] DEBUG GameApplicationServi - Applying CSS: fxgl_dark.css
00:41:43.998 [FXGL Background Thread 1 ] DEBUG FXGLAssetLoaderServi - Loading from file system: jar:file:/C:/Users/Morgan%20Johnson/.m2/repository/com/github/almasb/fxgl/17.2/fxgl-17.2.jar!/fxglassets/ui/css/fxgl_dark.css
00:41:44.037 [FXGL Background Thread 1 ] DEBUG GameApplicationServi - Initializing application scenes
00:41:44.072 [FXGL Background Thread 1 ] DEBUG GameWorld            - Game world initialized
00:41:44.130 [FXGL Background Thread 1 ] DEBUG PhysicsWorld         - Physics world initialized: appHeight=1024, physics.ppm=50.0
00:41:44.130 [FXGL Background Thread 1 ] DEBUG PhysicsWorld         - Using strategy: BRUTE_FORCE
00:41:44.134 [FXGL Background Thread 1 ] DEBUG GameScene            - Game scene initialized: 1024x1024
00:41:44.146 [FXGL Background Thread 1 ] DEBUG FXGL.DefaultMenu     - createMenuBodyMainMenu()
00:41:44.168 [FXGL Background Thread 1 ] DEBUG FXGL.DefaultMenu     - createOptionsMenu()
00:41:44.179 [FXGL Background Thread 1 ] DEBUG FXGLAssetLoaderServi - Loading from file system: jar:file:/C:/Users/Morgan%20Johnson/.m2/repository/com/github/almasb/fxgl/17.2/fxgl-17.2.jar!/fxglassets/textures/particles/smoke.png
00:41:44.269 [FXGL Background Thread 1 ] DEBUG FXGLAssetLoaderServi - Loading from file system: jar:file:/C:/Users/Morgan%20Johnson/.m2/repository/com/github/almasb/fxgl/17.2/fxgl-17.2.jar!/fxglassets/textures/particles/trace_horizontal.png
00:41:44.297 [FXGL Background Thread 1 ] DEBUG FXGL.DefaultMenu     - createMenuBodyGameMenu()
00:41:44.298 [FXGL Background Thread 1 ] DEBUG FXGL.DefaultMenu     - createOptionsMenu()
00:41:44.312 [FXGL Background Thread 1 ] DEBUG GameApplicationServi - Application scenes initialized
00:41:44.323 [FXGL Background Thread 1 ] DEBUG SystemBundleService  - Loading FXGL system data
00:41:44.328 [FXGL Background Thread 1 ] DEBUG FileSystemAccess     - Reading from: C:\Games\Schoolwork\Spring 23\CS4900\DawnseekerWorkspace\CS4900G2Proj2\Dawnseeker\system\fxgl.bundle
00:41:44.336 [FXGL Background Thread 1 ] DEBUG SystemBundleService  - Bundle FXGL: {}
00:41:44.336 [FXGL Background Thread 1 ] DEBUG UpdaterService       - Checking for updates
00:41:44.340 [FXGL Background Thread 4 ] DEBUG FXGLApplication      - Loading fonts
00:41:44.340 [FXGL Background Thread 4 ] DEBUG FXGLAssetLoaderServi - Loading from file system: jar:file:/C:/Users/Morgan%20Johnson/.m2/repository/com/github/almasb/fxgl/17.2/fxgl-17.2.jar!/fxglassets/ui/fonts/VarelaRound-Regular.ttf
00:41:44.340 [FXGL Background Thread 1 ] DEBUG FXGLApplication      - Loading default localization
00:41:44.341 [FXGL Background Thread 1 ] DEBUG FXGLAssetLoaderServi - Loading from file system: jar:file:/C:/Users/Morgan%20Johnson/.m2/repository/com/github/almasb/fxgl/17.2/fxgl-17.2.jar!/fxglassets/languages/english.lang
00:41:44.359 [FXGL Background Thread 1 ] INFO  FXGLApplication      - FXGL initialization took: 0.406 sec
00:41:44.369 [JavaFX Application Thread] DEBUG Input                - Registered new binding: action0 - A
00:41:44.370 [JavaFX Application Thread] DEBUG Input                - Registered new binding: action1 - D
00:41:44.372 [JavaFX Application Thread] DEBUG Input                - Registered new binding: action2 - LMB
00:41:44.372 [JavaFX Application Thread] DEBUG Input                - Registered new binding: Up - W
00:41:44.372 [JavaFX Application Thread] DEBUG Input                - Registered new binding: Down - S
00:41:44.372 [JavaFX Application Thread] DEBUG FXGLAssetLoaderServi - Loading from file system: jar:file:/C:/Users/Morgan%20Johnson/.m2/repository/com/github/almasb/fxgl/17.2/fxgl-17.2.jar!/fxglassets/textures/fxgl_icon.png
00:41:44.396 [JavaFX Application Thread] DEBUG FXGLAssetLoaderServi - Loading from file system: jar:file:/C:/Users/Morgan%20Johnson/.m2/repository/com/github/almasb/fxgl/17.2/fxgl-17.2.jar!/fxglassets/textures/fxgl_default_cursor.png
00:41:44.399 [JavaFX Application Thread] DEBUG Input                - Registered new binding: Screenshot - CTRL+8
00:41:44.400 [JavaFX Application Thread] DEBUG Input                - Registered new binding: System info dump - CTRL+9
00:41:44.400 [JavaFX Application Thread] DEBUG Input                - Registered new binding: Restart - CTRL+R
00:41:44.401 [JavaFX Application Thread] DEBUG Input                - Registered new binding: Toggle Debug Camera - CTRL+7
00:41:44.403 [JavaFX Application Thread] DEBUG LoopRunner           - Starting loop
00:41:44.403 [JavaFX Application Thread] DEBUG LoopRunner           - Initializing JavaFX AnimationTimerLoop
00:41:44.407 [JavaFX Application Thread] DEBUG Input                - Clearing active input actions
00:41:44.414 [JavaFX Application Thread] DEBUG GameApplicationServi - Removing overlay from FXGLStartupScene and adding to FXGLMainMenuDummyScene
00:41:44.414 [JavaFX Application Thread] DEBUG PrimaryStageWindow   - FXGLStartupScene -> FXGLMainMenuDummyScene
00:41:44.414 [JavaFX Application Thread] DEBUG PrimaryStageWindow   - Push state: FXGLDefaultMenu
00:41:44.427 [JavaFX Application Thread] DEBUG Input                - Clearing active input actions
00:41:44.435 [FXGL Background Thread 4 ] DEBUG FXGLAssetLoaderServi - Loading from file system: jar:file:/C:/Users/Morgan%20Johnson/.m2/repository/com/github/almasb/fxgl/17.2/fxgl-17.2.jar!/fxglassets/ui/fonts/Abel-Regular.ttf
00:41:44.440 [FXGL Background Thread 4 ] DEBUG FXGLAssetLoaderServi - Loading from file system: jar:file:/C:/Users/Morgan%20Johnson/.m2/repository/com/github/almasb/fxgl/17.2/fxgl-17.2.jar!/fxglassets/ui/fonts/TerminalLandMono-Regular.otf
00:41:44.444 [JavaFX Application Thread] DEBUG GameApplicationServi - Removing overlay from FXGLMainMenuDummyScene and adding to FXGLDefaultMenu
00:41:44.445 [FXGL Background Thread 4 ] DEBUG FXGLAssetLoaderServi - Loading from file system: jar:file:/C:/Users/Morgan%20Johnson/.m2/repository/com/github/almasb/fxgl/17.2/fxgl-17.2.jar!/fxglassets/ui/fonts/Courier-Prime.ttf
00:41:44.445 [JavaFX Application Thread] DEBUG PrimaryStageWindow   - FXGLMainMenuDummyScene -> FXGLDefaultMenu
00:41:44.522 [JavaFX Application Thread] DEBUG FXGLApplication      - Registering font factories with UI factory
00:41:45.426 [JavaFX Application Thread] DEBUG Menu                 - fireNewGame()
00:41:45.426 [JavaFX Application Thread] DEBUG GameApplicationServi - Starting new game
00:41:45.428 [JavaFX Application Thread] DEBUG PrimaryStageWindow   - Pop state: FXGLDefaultMenu
00:41:45.428 [JavaFX Application Thread] DEBUG Input                - Clearing active input actions
00:41:45.429 [JavaFX Application Thread] DEBUG GameApplicationServi - Removing overlay from FXGLDefaultMenu and adding to FXGLMainMenuDummyScene
00:41:45.430 [JavaFX Application Thread] DEBUG PrimaryStageWindow   - FXGLMainMenuDummyScene <- FXGLDefaultMenu
00:41:45.430 [JavaFX Application Thread] DEBUG Input                - Clearing active input actions
00:41:45.436 [JavaFX Application Thread] DEBUG GameApplicationServi - Removing overlay from FXGLMainMenuDummyScene and adding to FXGLLoadingScene
00:41:45.436 [JavaFX Application Thread] DEBUG PrimaryStageWindow   - FXGLMainMenuDummyScene -> FXGLLoadingScene
00:41:45.436 [JavaFX Application Thread] DEBUG GameApplicationServi - Clearing previous game
00:41:45.437 [JavaFX Application Thread] DEBUG GameScene            - Clearing game scene
00:41:45.437 [JavaFX Application Thread] DEBUG GameWorld            - Clearing game world
00:41:45.437 [JavaFX Application Thread] DEBUG PhysicsWorld         - Clearing physics world
00:41:45.438 [FXGL Background Thread 2 ] DEBUG FXGLApplication      - Initializing game
00:41:45.450 [FXGL Background Thread 2 ] DEBUG FXGLAssetLoaderServi - Loading from file system: file:/C:/Games/Schoolwork/Spring%2023/CS4900/DawnseekerWorkspace/CS4900G2Proj2/Dawnseeker/target/classes/assets/textures/DawnseekerPCV2.png
00:41:45.458 [FXGL Background Thread 2 ] DEBUG FXGLAssetLoaderServi - Loading from file system: file:/C:/Games/Schoolwork/Spring%2023/CS4900/DawnseekerWorkspace/CS4900G2Proj2/Dawnseeker/target/classes/assets/textures/DawnseekerPCV2Down.png
00:41:45.460 [FXGL Background Thread 2 ] DEBUG FXGLAssetLoaderServi - Loading from file system: file:/C:/Games/Schoolwork/Spring%2023/CS4900/DawnseekerWorkspace/CS4900G2Proj2/Dawnseeker/target/classes/assets/textures/DawnseekerPCV2Up.png
00:41:45.462 [FXGL Background Thread 2 ] DEBUG FXGLAssetLoaderServi - Loading from file system: file:/C:/Games/Schoolwork/Spring%2023/CS4900/DawnseekerWorkspace/CS4900G2Proj2/Dawnseeker/target/classes/assets/textures/DawnseekerPCV2Right.png
00:41:45.463 [FXGL Background Thread 2 ] DEBUG FXGLAssetLoaderServi - Loading from file system: file:/C:/Games/Schoolwork/Spring%2023/CS4900/DawnseekerWorkspace/CS4900G2Proj2/Dawnseeker/target/classes/assets/textures/DawnseekerPCV2Left.png
00:41:45.479 [FXGL Background Thread 2 ] WARN  GameWorld            - Entity is already attached to world
00:41:45.480 [FXGL Background Thread 2 ] WARN  Entity               - Entity already has component: com.almasb.fxgl.entity.components.CollidableComponent
00:41:45.480 [FXGL Background Thread 2 ] WARN  GameWorld            - Entity is already attached to world
00:41:45.481 [FXGL Background Thread 2 ] WARN  Entity               - Entity already has component: com.almasb.fxgl.entity.components.CollidableComponent
00:41:45.481 [FXGL Background Thread 2 ] WARN  GameWorld            - Entity is already attached to world
00:41:45.482 [FXGL Background Thread 2 ] WARN  Entity               - Entity already has component: com.almasb.fxgl.entity.components.CollidableComponent
00:41:45.482 [FXGL Background Thread 2 ] WARN  GameWorld            - Entity is already attached to world
00:41:45.483 [FXGL Background Thread 2 ] WARN  Entity               - Entity already has component: com.almasb.fxgl.entity.components.CollidableComponent
00:41:45.483 [FXGL Background Thread 2 ] WARN  GameWorld            - Entity is already attached to world
00:41:45.494 [FXGL Background Thread 2 ] INFO  FXGLApplication      - Game initialization took: 0.055 sec
00:41:45.494 [JavaFX Application Thread] DEBUG Input                - Clearing active input actions
00:41:45.500 [JavaFX Application Thread] DEBUG GameApplicationServi - Removing overlay from FXGLLoadingScene and adding to GameScene
00:41:45.500 [JavaFX Application Thread] DEBUG PrimaryStageWindow   - FXGLLoadingScene -> GameScene
00:41:45.893 [JavaFX Application Thread] DEBUG FXGLAssetLoaderServi - Loading from file system: file:/C:/Games/Schoolwork/Spring%2023/CS4900/DawnseekerWorkspace/CS4900G2Proj2/Dawnseeker/target/classes/assets/textures/EnemyDawnseeker.png
00:41:47.339 [FXGL Background Thread 3 ] DEBUG Engine               - Logging environment variables
00:41:47.339 [FXGL Background Thread 3 ] DEBUG Engine               - achievements: []
00:41:47.339 [FXGL Background Thread 3 ] DEBUG Engine               - actualHeight: 1024.0
00:41:47.339 [FXGL Background Thread 3 ] DEBUG Engine               - actualHeightProperty: ReadOnlyDoubleProperty [value: 1024.0]
00:41:47.339 [FXGL Background Thread 3 ] DEBUG Engine               - actualWidth: 1024.0
00:41:47.339 [FXGL Background Thread 3 ] DEBUG Engine               - actualWidthProperty: ReadOnlyDoubleProperty [value: 1024.0]
00:41:47.339 [FXGL Background Thread 3 ] DEBUG Engine               - appIcon: fxgl_icon.png
00:41:47.339 [FXGL Background Thread 3 ] DEBUG Engine               - applicationMode: DEVELOPER
00:41:47.339 [FXGL Background Thread 3 ] DEBUG Engine               - cSSList: [fxgl_dark.css]
00:41:47.339 [FXGL Background Thread 3 ] DEBUG Engine               - collisionDetectionStrategy: BRUTE_FORCE
00:41:47.339 [FXGL Background Thread 3 ] DEBUG Engine               - configClass: Optional.empty
00:41:47.339 [FXGL Background Thread 3 ] DEBUG Engine               - credits: []
00:41:47.340 [FXGL Background Thread 3 ] DEBUG Engine               - defaultCursor: CursorInfo(imageName=fxgl_default_cursor.png, hotspotX=7.0, hotspotY=6.0)
00:41:47.340 [FXGL Background Thread 3 ] DEBUG Engine               - devBBoxColorProperty: ObjectProperty [value: 0xff0000ff]
00:41:47.340 [FXGL Background Thread 3 ] DEBUG Engine               - devEnableDebugCameraProperty: BooleanProperty [value: false]
00:41:47.340 [FXGL Background Thread 3 ] DEBUG Engine               - devSensorColorProperty: ObjectProperty [value: 0xffff00ff]
00:41:47.340 [FXGL Background Thread 3 ] DEBUG Engine               - devShowBBoxProperty: BooleanProperty [value: false]
00:41:47.340 [FXGL Background Thread 3 ] DEBUG Engine               - devShowPositionProperty: BooleanProperty [value: false]
00:41:47.340 [FXGL Background Thread 3 ] DEBUG Engine               - enabledMenuItems: []
00:41:47.340 [FXGL Background Thread 3 ] DEBUG Engine               - engineServices: [class com.almasb.fxgl.app.services.FXGLAssetLoaderService, class com.almasb.fxgl.app.FXGLApplication$GameApplicationService, class com.almasb.fxgl.app.services.FXGLDialogService, class com.almasb.fxgl.app.services.IOTaskExecutorService, class com.almasb.fxgl.io.FileSystemService, class com.almasb.fxgl.localization.LocalizationService, class com.almasb.fxgl.app.services.SystemBundleService, class com.almasb.fxgl.profile.SaveLoadService, class com.almasb.fxgl.ui.FXGLUIFactoryServiceProvider, class com.almasb.fxgl.ui.FXGLDialogFactoryServiceProvider, class com.almasb.fxgl.audio.AudioPlayer, class com.almasb.fxgl.notification.impl.NotificationServiceProvider, class com.almasb.fxgl.achievement.AchievementService, class com.almasb.fxgl.cutscene.CutsceneService, class com.almasb.fxgl.minigames.MiniGameService, class com.almasb.fxgl.net.NetService, class com.almasb.fxgl.app.services.UpdaterService, class com.almasb.fxgl.dev.DevService]
00:41:47.340 [FXGL Background Thread 3 ] DEBUG Engine               - fontGame: Abel-Regular.ttf
00:41:47.340 [FXGL Background Thread 3 ] DEBUG Engine               - fontMono: TerminalLandMono-Regular.otf
00:41:47.340 [FXGL Background Thread 3 ] DEBUG Engine               - fontText: Courier-Prime.ttf
00:41:47.340 [FXGL Background Thread 3 ] DEBUG Engine               - fontUI: VarelaRound-Regular.ttf
00:41:47.340 [FXGL Background Thread 3 ] DEBUG Engine               - fullScreen: BooleanProperty [value: false]
00:41:47.340 [FXGL Background Thread 3 ] DEBUG Engine               - gameDifficulty: MEDIUM
00:41:47.341 [FXGL Background Thread 3 ] DEBUG Engine               - gameDifficultyProperty: ObjectProperty [value: MEDIUM]
00:41:47.341 [FXGL Background Thread 3 ] DEBUG Engine               - globalMusicVolume: 0.5
00:41:47.341 [FXGL Background Thread 3 ] DEBUG Engine               - globalMusicVolumeProperty: DoubleProperty [value: 0.5]
00:41:47.341 [FXGL Background Thread 3 ] DEBUG Engine               - globalSoundVolume: 0.5
00:41:47.341 [FXGL Background Thread 3 ] DEBUG Engine               - globalSoundVolumeProperty: DoubleProperty [value: 0.5]
00:41:47.341 [FXGL Background Thread 3 ] DEBUG Engine               - height: 1024
00:41:47.341 [FXGL Background Thread 3 ] DEBUG Engine               - is3D: false
00:41:47.341 [FXGL Background Thread 3 ] DEBUG Engine               - isAndroid: false
00:41:47.341 [FXGL Background Thread 3 ] DEBUG Engine               - isBrowser: false
00:41:47.341 [FXGL Background Thread 3 ] DEBUG Engine               - isClickFeedbackEnabled: false
00:41:47.341 [FXGL Background Thread 3 ] DEBUG Engine               - isCloseConfirmation: false
00:41:47.341 [FXGL Background Thread 3 ] DEBUG Engine               - isDesktop: true
00:41:47.341 [FXGL Background Thread 3 ] DEBUG Engine               - isDeveloperMenuEnabled: false
00:41:47.341 [FXGL Background Thread 3 ] DEBUG Engine               - isEmbedded: false
00:41:47.341 [FXGL Background Thread 3 ] DEBUG Engine               - isEntityPreloadEnabled: true
00:41:47.341 [FXGL Background Thread 3 ] DEBUG Engine               - isExperimentalTiledLargeMap: false
00:41:47.341 [FXGL Background Thread 3 ] DEBUG Engine               - isFileSystemWriteAllowed: true
00:41:47.341 [FXGL Background Thread 3 ] DEBUG Engine               - isFullScreenAllowed: false
00:41:47.341 [FXGL Background Thread 3 ] DEBUG Engine               - isFullScreenFromStart: false
00:41:47.341 [FXGL Background Thread 3 ] DEBUG Engine               - isGameMenuEnabled: true
00:41:47.341 [FXGL Background Thread 3 ] DEBUG Engine               - isIOS: false
00:41:47.341 [FXGL Background Thread 3 ] DEBUG Engine               - isIntroEnabled: false
00:41:47.341 [FXGL Background Thread 3 ] DEBUG Engine               - isLinux: false
00:41:47.341 [FXGL Background Thread 3 ] DEBUG Engine               - isMac: false
00:41:47.341 [FXGL Background Thread 3 ] DEBUG Engine               - isMainMenuEnabled: true
00:41:47.341 [FXGL Background Thread 3 ] DEBUG Engine               - isManualResizeEnabled: false
00:41:47.341 [FXGL Background Thread 3 ] DEBUG Engine               - isMobile: false
00:41:47.341 [FXGL Background Thread 3 ] DEBUG Engine               - isNative: false
00:41:47.342 [FXGL Background Thread 3 ] DEBUG Engine               - isPauseMusicWhenMinimized: true
00:41:47.342 [FXGL Background Thread 3 ] DEBUG Engine               - isPreserveResizeRatio: false
00:41:47.342 [FXGL Background Thread 3 ] DEBUG Engine               - isProfilingEnabled: false
00:41:47.342 [FXGL Background Thread 3 ] DEBUG Engine               - isScaleAffectedOnResize: true
00:41:47.342 [FXGL Background Thread 3 ] DEBUG Engine               - isSingleStep: false
00:41:47.342 [FXGL Background Thread 3 ] DEBUG Engine               - isUserProfileEnabled: false
00:41:47.342 [FXGL Background Thread 3 ] DEBUG Engine               - isWindows: true
00:41:47.342 [FXGL Background Thread 3 ] DEBUG Engine               - language: ObjectProperty [value: ENGLISH]
00:41:47.342 [FXGL Background Thread 3 ] DEBUG Engine               - menuKey: ESCAPE
00:41:47.342 [FXGL Background Thread 3 ] DEBUG Engine               - mouseSensitivity: 0.2
00:41:47.342 [FXGL Background Thread 3 ] DEBUG Engine               - notificationViewClass: class com.almasb.fxgl.notification.view.XboxNotificationView
00:41:47.342 [FXGL Background Thread 3 ] DEBUG Engine               - pixelsPerMeter: 50.0
00:41:47.342 [FXGL Background Thread 3 ] DEBUG Engine               - platform: WINDOWS
00:41:47.342 [FXGL Background Thread 3 ] DEBUG Engine               - prefHeightProperty: ReadOnlyDoubleProperty [value: 1024.0]
00:41:47.342 [FXGL Background Thread 3 ] DEBUG Engine               - prefWidthProperty: ReadOnlyDoubleProperty [value: 1024.0]
00:41:47.342 [FXGL Background Thread 3 ] DEBUG Engine               - profileDir: profiles/
00:41:47.342 [FXGL Background Thread 3 ] DEBUG Engine               - profileName: StringProperty [value: DEFAULT]
00:41:47.342 [FXGL Background Thread 3 ] DEBUG Engine               - randomSeed: -1
00:41:47.342 [FXGL Background Thread 3 ] DEBUG Engine               - runtimeInfo: RuntimeInfo(platform=WINDOWS, version=17.2, build=20.08.2022 16.50)
00:41:47.342 [FXGL Background Thread 3 ] DEBUG Engine               - saveFileExt: sav
00:41:47.342 [FXGL Background Thread 3 ] DEBUG Engine               - scaledHeightProp$fxgl: DoubleProperty [bound, value: 1024.0]
00:41:47.342 [FXGL Background Thread 3 ] DEBUG Engine               - scaledWidthProp$fxgl: DoubleProperty [bound, value: 1024.0]
00:41:47.342 [FXGL Background Thread 3 ] DEBUG Engine               - sceneFactory: com.almasb.fxgl.app.scene.SceneFactory@544bc536
00:41:47.343 [FXGL Background Thread 3 ] DEBUG Engine               - secondsIn24h: 60
00:41:47.343 [FXGL Background Thread 3 ] DEBUG Engine               - soundMenuBack: menu/back.wav
00:41:47.343 [FXGL Background Thread 3 ] DEBUG Engine               - soundMenuPress: menu/press.wav
00:41:47.343 [FXGL Background Thread 3 ] DEBUG Engine               - soundMenuSelect: menu/select.wav
00:41:47.343 [FXGL Background Thread 3 ] DEBUG Engine               - soundNotification: core/notification.wav
00:41:47.343 [FXGL Background Thread 3 ] DEBUG Engine               - stageStyle: DECORATED
00:41:47.343 [FXGL Background Thread 3 ] DEBUG Engine               - supportedLanguages: [ENGLISH, FRENCH, GERMAN, HUNGARIAN, RUSSIAN]
00:41:47.343 [FXGL Background Thread 3 ] DEBUG Engine               - ticksPerSecond: -1
00:41:47.343 [FXGL Background Thread 3 ] DEBUG Engine               - title: Dawnseeker
00:41:47.343 [FXGL Background Thread 3 ] DEBUG Engine               - urlGithub: https://github.com/AlmasB/FXGL
00:41:47.343 [FXGL Background Thread 3 ] DEBUG Engine               - urlLeaderboard: http://fxgl-top.herokuapp.com/
00:41:47.343 [FXGL Background Thread 3 ] DEBUG Engine               - urlPOM: https://raw.githubusercontent.com/AlmasB/FXGL/release/README.md
00:41:47.343 [FXGL Background Thread 3 ] DEBUG Engine               - userAppClass: class myGame.DawnseekerApp
00:41:47.343 [FXGL Background Thread 3 ] DEBUG Engine               - version: 0.1
00:41:47.343 [FXGL Background Thread 3 ] DEBUG Engine               - versionCheckDays: 7
00:41:47.343 [FXGL Background Thread 3 ] DEBUG Engine               - width: 1024
00:41:47.343 [FXGL Background Thread 3 ] DEBUG Engine               - Logging services
00:41:47.343 [FXGL Background Thread 3 ] DEBUG Engine               - class com.almasb.fxgl.app.services.FXGLAssetLoaderService
00:41:47.343 [FXGL Background Thread 3 ] DEBUG Engine               - class com.almasb.fxgl.app.FXGLApplication$GameApplicationService
00:41:47.343 [FXGL Background Thread 3 ] DEBUG Engine               - class com.almasb.fxgl.app.services.FXGLDialogService
00:41:47.343 [FXGL Background Thread 3 ] DEBUG Engine               - class com.almasb.fxgl.app.services.IOTaskExecutorService
00:41:47.343 [FXGL Background Thread 3 ] DEBUG Engine               - class com.almasb.fxgl.io.FileSystemService
00:41:47.343 [FXGL Background Thread 3 ] DEBUG Engine               - class com.almasb.fxgl.localization.LocalizationService
00:41:47.343 [FXGL Background Thread 3 ] DEBUG Engine               - class com.almasb.fxgl.app.services.SystemBundleService
00:41:47.343 [FXGL Background Thread 3 ] DEBUG Engine               - class com.almasb.fxgl.profile.SaveLoadService
00:41:47.343 [FXGL Background Thread 3 ] DEBUG Engine               - class com.almasb.fxgl.ui.FXGLUIFactoryServiceProvider
00:41:47.343 [FXGL Background Thread 3 ] DEBUG Engine               - class com.almasb.fxgl.ui.FXGLDialogFactoryServiceProvider
00:41:47.343 [FXGL Background Thread 3 ] DEBUG Engine               - class com.almasb.fxgl.audio.AudioPlayer
00:41:47.343 [FXGL Background Thread 3 ] DEBUG Engine               - class com.almasb.fxgl.notification.impl.NotificationServiceProvider
00:41:47.343 [FXGL Background Thread 3 ] DEBUG Engine               - class com.almasb.fxgl.achievement.AchievementService
00:41:47.343 [FXGL Background Thread 3 ] DEBUG Engine               - class com.almasb.fxgl.cutscene.CutsceneService
00:41:47.343 [FXGL Background Thread 3 ] DEBUG Engine               - class com.almasb.fxgl.minigames.MiniGameService
00:41:47.344 [FXGL Background Thread 3 ] DEBUG Engine               - class com.almasb.fxgl.net.NetService
00:41:47.344 [FXGL Background Thread 3 ] DEBUG Engine               - class com.almasb.fxgl.app.services.UpdaterService
00:41:47.344 [FXGL Background Thread 3 ] DEBUG Engine               - class com.almasb.fxgl.dev.DevService
00:41:48.695 [JavaFX Application Thread] DEBUG FXGLAssetLoaderServi - Loading from file system: file:/C:/Games/Schoolwork/Spring%2023/CS4900/DawnseekerWorkspace/CS4900G2Proj2/Dawnseeker/target/classes/assets/textures/FireBallProjectile.png
00:41:49.779 [JavaFX Application Thread] DEBUG FXGLApplication      - Exiting FXGL
00:41:49.779 [JavaFX Application Thread] DEBUG LoopRunner           - Stopping loop
00:41:49.779 [JavaFX Application Thread] DEBUG SystemBundleService  - Saving FXGL system data
00:41:49.781 [JavaFX Application Thread] DEBUG FileSystemAccess     - Writing to: C:\Games\Schoolwork\Spring 23\CS4900\DawnseekerWorkspace\CS4900G2Proj2\Dawnseeker\system\fxgl.bundle
00:41:49.783 [JavaFX Application Thread] DEBUG Async                - Shutting down background threads
00:41:49.783 [JavaFX Application Thread] DEBUG PrimaryStageWindow   - Closing main window
00:41:49.799 [JavaFX Application Thread] DEBUG Logger               - Closing Logger
