12:42:47.279 [main                     ] DEBUG Logger               - Configured Logger
12:42:47.307 [main                     ] DEBUG GameApplication      - Logging settings
Title: Dawnseeker
Version: 0.1
Width: 1024
Height: 1024
Fullscreen: false
Intro: false
Profiling: false
Single step:false
App Mode: DEVELOPER
Menu Key: ESCAPE
Stage Style: DECORATED
Scene Factory: class com.almasb.fxgl.app.scene.SceneFactory

12:42:47.854 [JavaFX Application Thread] DEBUG FXGLApplication      - Initializing FXGL
12:42:47.858 [JavaFX Application Thread] INFO  Engine               - FXGL-17.2 (20.08.2022 16.50) on WINDOWS (J:19.0.2 FX:18)
12:42:47.858 [JavaFX Application Thread] DEBUG Engine               - JRE Vendor Name: Oracle Corporation
12:42:47.858 [JavaFX Application Thread] DEBUG Engine               - Running on OS: Windows 10 version 10.0
12:42:47.859 [JavaFX Application Thread] DEBUG Engine               - Architecture: amd64
12:42:47.859 [JavaFX Application Thread] INFO  Engine               - Source code and latest versions at: https://github.com/AlmasB/FXGL
12:42:47.859 [JavaFX Application Thread] INFO  Engine               -       Ask questions and discuss at: https://github.com/AlmasB/FXGL/discussions
12:42:47.859 [JavaFX Application Thread] INFO  Engine               -              Join the FXGL chat at: https://gitter.im/AlmasB/FXGL
12:42:47.971 [JavaFX Application Thread] DEBUG PrimaryStageWindow   - Creating a JavaFX scene
12:42:47.972 [JavaFX Application Thread] DEBUG PrimaryStageWindow   - Target size > screen size
12:42:48.046 [JavaFX Application Thread] DEBUG PrimaryStageWindow   - Target settings size: 1024.0 x 1024.0
12:42:48.046 [JavaFX Application Thread] DEBUG PrimaryStageWindow   - Scaled scene size:    799.0 x 824.0
12:42:48.046 [JavaFX Application Thread] DEBUG PrimaryStageWindow   - Scaled ratio: (0.7802734375, 0.8046875)
12:42:48.047 [JavaFX Application Thread] DEBUG PrimaryStageWindow   - Set initial scene to FXGLStartupScene
12:42:48.057 [JavaFX Application Thread] DEBUG PrimaryStageWindow   - Opening main window
12:42:48.219 [JavaFX Application Thread] DEBUG PrimaryStageWindow   - Window border size: (14.5999755859375, 37.5999755859375)
12:42:48.220 [JavaFX Application Thread] DEBUG PrimaryStageWindow   - Scaled size: 799.0 x 824.0
12:42:48.220 [JavaFX Application Thread] DEBUG PrimaryStageWindow   - Scaled ratio: (0.7802734375, 0.8046875)
12:42:48.220 [JavaFX Application Thread] DEBUG PrimaryStageWindow   - Scene size: 799.0 x 824.0
12:42:48.221 [JavaFX Application Thread] DEBUG PrimaryStageWindow   - Stage size: 813.5999755859375 x 861.5999755859375
12:42:48.236 [FXGL Background Thread 1 ] DEBUG Engine               - Initializing environment variables
12:42:48.331 [FXGL Background Thread 1 ] DEBUG FXGLAssetLoaderServi - User app class for loading assets: class myGame.DawnseekerApp
12:42:48.332 [FXGL Background Thread 1 ] DEBUG GameApplicationServi - Applying CSS: fxgl_dark.css
12:42:48.334 [FXGL Background Thread 1 ] DEBUG FXGLAssetLoaderServi - Loading from file system: jar:file:/C:/Users/narro/.m2/repository/com/github/almasb/fxgl/17.2/fxgl-17.2.jar!/fxglassets/ui/css/fxgl_dark.css
12:42:48.417 [FXGL Background Thread 1 ] DEBUG GameApplicationServi - Initializing application scenes
12:42:48.532 [FXGL Background Thread 1 ] DEBUG GameWorld            - Game world initialized
12:42:48.611 [FXGL Background Thread 1 ] DEBUG PhysicsWorld         - Physics world initialized: appHeight=1024, physics.ppm=50.0
12:42:48.611 [FXGL Background Thread 1 ] DEBUG PhysicsWorld         - Using strategy: BRUTE_FORCE
12:42:48.615 [FXGL Background Thread 1 ] DEBUG GameScene            - Game scene initialized: 1024x1024
12:42:48.631 [FXGL Background Thread 1 ] DEBUG FXGL.DefaultMenu     - createMenuBodyMainMenu()
12:42:48.650 [FXGL Background Thread 1 ] DEBUG FXGL.DefaultMenu     - createOptionsMenu()
12:42:48.659 [FXGL Background Thread 1 ] DEBUG FXGLAssetLoaderServi - Loading from file system: jar:file:/C:/Users/narro/.m2/repository/com/github/almasb/fxgl/17.2/fxgl-17.2.jar!/fxglassets/textures/particles/smoke.png
12:42:48.749 [FXGL Background Thread 1 ] DEBUG FXGLAssetLoaderServi - Loading from file system: jar:file:/C:/Users/narro/.m2/repository/com/github/almasb/fxgl/17.2/fxgl-17.2.jar!/fxglassets/textures/particles/trace_horizontal.png
12:42:48.772 [FXGL Background Thread 1 ] DEBUG FXGL.DefaultMenu     - createMenuBodyGameMenu()
12:42:48.773 [FXGL Background Thread 1 ] DEBUG FXGL.DefaultMenu     - createOptionsMenu()
12:42:48.783 [FXGL Background Thread 1 ] DEBUG GameApplicationServi - Application scenes initialized
12:42:48.793 [FXGL Background Thread 1 ] DEBUG SystemBundleService  - Loading FXGL system data
12:42:48.797 [FXGL Background Thread 1 ] DEBUG FileSystemAccess     - Reading from: C:\Users\narro\OneDrive\Documents\coleg\Spring 2023\CS 4900 Senior Seminiar\Dawnseeker\Dawnseeker\system\fxgl.bundle
12:42:48.807 [FXGL Background Thread 1 ] DEBUG SystemBundleService  - Bundle FXGL: {}
12:42:48.807 [FXGL Background Thread 1 ] DEBUG UpdaterService       - Checking for updates
12:42:48.810 [FXGL Background Thread 4 ] DEBUG FXGLApplication      - Loading fonts
12:42:48.811 [FXGL Background Thread 4 ] DEBUG FXGLAssetLoaderServi - Loading from file system: jar:file:/C:/Users/narro/.m2/repository/com/github/almasb/fxgl/17.2/fxgl-17.2.jar!/fxglassets/ui/fonts/VarelaRound-Regular.ttf
12:42:48.811 [FXGL Background Thread 1 ] DEBUG FXGLApplication      - Loading default localization
12:42:48.811 [FXGL Background Thread 1 ] DEBUG FXGLAssetLoaderServi - Loading from file system: jar:file:/C:/Users/narro/.m2/repository/com/github/almasb/fxgl/17.2/fxgl-17.2.jar!/fxglassets/languages/english.lang
12:42:48.836 [FXGL Background Thread 1 ] INFO  FXGLApplication      - FXGL initialization took: 0.598 sec
12:42:48.849 [JavaFX Application Thread] DEBUG Input                - Registered new binding: action0 - W
12:42:48.850 [JavaFX Application Thread] DEBUG Input                - Registered new binding: action1 - S
12:42:48.850 [JavaFX Application Thread] DEBUG Input                - Registered new binding: action2 - A
12:42:48.850 [JavaFX Application Thread] DEBUG Input                - Registered new binding: action3 - D
12:42:48.853 [JavaFX Application Thread] DEBUG Input                - Registered new binding: action4 - LMB
12:42:48.853 [JavaFX Application Thread] DEBUG FXGLAssetLoaderServi - Loading from file system: jar:file:/C:/Users/narro/.m2/repository/com/github/almasb/fxgl/17.2/fxgl-17.2.jar!/fxglassets/textures/fxgl_icon.png
12:42:48.871 [JavaFX Application Thread] DEBUG FXGLAssetLoaderServi - Loading from file system: jar:file:/C:/Users/narro/.m2/repository/com/github/almasb/fxgl/17.2/fxgl-17.2.jar!/fxglassets/textures/fxgl_default_cursor.png
12:42:48.874 [JavaFX Application Thread] DEBUG Input                - Registered new binding: Screenshot - CTRL+8
12:42:48.875 [JavaFX Application Thread] DEBUG Input                - Registered new binding: System info dump - CTRL+9
12:42:48.875 [JavaFX Application Thread] DEBUG Input                - Registered new binding: Restart - CTRL+R
12:42:48.876 [JavaFX Application Thread] DEBUG Input                - Registered new binding: Toggle Debug Camera - CTRL+7
12:42:48.879 [JavaFX Application Thread] DEBUG LoopRunner           - Starting loop
12:42:48.879 [JavaFX Application Thread] DEBUG LoopRunner           - Initializing JavaFX AnimationTimerLoop
12:42:48.883 [JavaFX Application Thread] DEBUG Input                - Clearing active input actions
12:42:48.895 [JavaFX Application Thread] DEBUG GameApplicationServi - Removing overlay from FXGLStartupScene and adding to FXGLMainMenuDummyScene
12:42:48.895 [JavaFX Application Thread] DEBUG PrimaryStageWindow   - FXGLStartupScene -> FXGLMainMenuDummyScene
12:42:48.895 [JavaFX Application Thread] DEBUG PrimaryStageWindow   - Push state: FXGLDefaultMenu
12:42:48.902 [FXGL Background Thread 4 ] DEBUG FXGLAssetLoaderServi - Loading from file system: jar:file:/C:/Users/narro/.m2/repository/com/github/almasb/fxgl/17.2/fxgl-17.2.jar!/fxglassets/ui/fonts/Abel-Regular.ttf
12:42:48.902 [JavaFX Application Thread] DEBUG Input                - Clearing active input actions
12:42:48.913 [FXGL Background Thread 4 ] DEBUG FXGLAssetLoaderServi - Loading from file system: jar:file:/C:/Users/narro/.m2/repository/com/github/almasb/fxgl/17.2/fxgl-17.2.jar!/fxglassets/ui/fonts/TerminalLandMono-Regular.otf
12:42:48.913 [JavaFX Application Thread] DEBUG GameApplicationServi - Removing overlay from FXGLMainMenuDummyScene and adding to FXGLDefaultMenu
12:42:48.914 [JavaFX Application Thread] DEBUG PrimaryStageWindow   - FXGLMainMenuDummyScene -> FXGLDefaultMenu
12:42:48.924 [FXGL Background Thread 4 ] DEBUG FXGLAssetLoaderServi - Loading from file system: jar:file:/C:/Users/narro/.m2/repository/com/github/almasb/fxgl/17.2/fxgl-17.2.jar!/fxglassets/ui/fonts/Courier-Prime.ttf
12:42:48.993 [JavaFX Application Thread] DEBUG FXGLApplication      - Registering font factories with UI factory
12:42:50.497 [JavaFX Application Thread] DEBUG Menu                 - fireNewGame()
12:42:50.498 [JavaFX Application Thread] DEBUG GameApplicationServi - Starting new game
12:42:50.501 [JavaFX Application Thread] DEBUG PrimaryStageWindow   - Pop state: FXGLDefaultMenu
12:42:50.501 [JavaFX Application Thread] DEBUG Input                - Clearing active input actions
12:42:50.502 [JavaFX Application Thread] DEBUG GameApplicationServi - Removing overlay from FXGLDefaultMenu and adding to FXGLMainMenuDummyScene
12:42:50.503 [JavaFX Application Thread] DEBUG PrimaryStageWindow   - FXGLMainMenuDummyScene <- FXGLDefaultMenu
12:42:50.503 [JavaFX Application Thread] DEBUG Input                - Clearing active input actions
12:42:50.515 [JavaFX Application Thread] DEBUG GameApplicationServi - Removing overlay from FXGLMainMenuDummyScene and adding to FXGLLoadingScene
12:42:50.516 [JavaFX Application Thread] DEBUG PrimaryStageWindow   - FXGLMainMenuDummyScene -> FXGLLoadingScene
12:42:50.516 [JavaFX Application Thread] DEBUG GameApplicationServi - Clearing previous game
12:42:50.516 [JavaFX Application Thread] DEBUG GameScene            - Clearing game scene
12:42:50.516 [JavaFX Application Thread] DEBUG GameWorld            - Clearing game world
12:42:50.517 [JavaFX Application Thread] DEBUG PhysicsWorld         - Clearing physics world
12:42:50.519 [FXGL Background Thread 2 ] DEBUG FXGLApplication      - Initializing game
12:42:50.553 [FXGL Background Thread 2 ] WARN  GameWorld            - Entity is already attached to world
12:42:50.555 [FXGL Background Thread 2 ] WARN  Entity               - Entity already has component: com.almasb.fxgl.entity.components.CollidableComponent
12:42:50.555 [FXGL Background Thread 2 ] WARN  GameWorld            - Entity is already attached to world
12:42:50.556 [FXGL Background Thread 2 ] WARN  Entity               - Entity already has component: com.almasb.fxgl.entity.components.CollidableComponent
12:42:50.556 [FXGL Background Thread 2 ] WARN  GameWorld            - Entity is already attached to world
12:42:50.557 [FXGL Background Thread 2 ] WARN  Entity               - Entity already has component: com.almasb.fxgl.entity.components.CollidableComponent
12:42:50.558 [FXGL Background Thread 2 ] WARN  GameWorld            - Entity is already attached to world
12:42:50.559 [FXGL Background Thread 2 ] WARN  Entity               - Entity already has component: com.almasb.fxgl.entity.components.CollidableComponent
12:42:50.560 [FXGL Background Thread 2 ] WARN  GameWorld            - Entity is already attached to world
12:42:50.588 [FXGL Background Thread 2 ] INFO  FXGLApplication      - Game initialization took: 0.068 sec
12:42:50.588 [JavaFX Application Thread] DEBUG Input                - Clearing active input actions
12:42:50.597 [JavaFX Application Thread] DEBUG GameApplicationServi - Removing overlay from FXGLLoadingScene and adding to GameScene
12:42:50.598 [JavaFX Application Thread] DEBUG PrimaryStageWindow   - FXGLLoadingScene -> GameScene
12:42:51.811 [FXGL Background Thread 3 ] DEBUG Engine               - Logging environment variables
12:42:51.812 [FXGL Background Thread 3 ] DEBUG Engine               - achievements: []
12:42:51.813 [FXGL Background Thread 3 ] DEBUG Engine               - actualHeight: 824.0
12:42:51.813 [FXGL Background Thread 3 ] DEBUG Engine               - actualHeightProperty: ReadOnlyDoubleProperty [value: 824.0]
12:42:51.813 [FXGL Background Thread 3 ] DEBUG Engine               - actualWidth: 799.0
12:42:51.814 [FXGL Background Thread 3 ] DEBUG Engine               - actualWidthProperty: ReadOnlyDoubleProperty [value: 799.0]
12:42:51.814 [FXGL Background Thread 3 ] DEBUG Engine               - appIcon: fxgl_icon.png
12:42:51.814 [FXGL Background Thread 3 ] DEBUG Engine               - applicationMode: DEVELOPER
12:42:51.815 [FXGL Background Thread 3 ] DEBUG Engine               - cSSList: [fxgl_dark.css]
12:42:51.815 [FXGL Background Thread 3 ] DEBUG Engine               - collisionDetectionStrategy: BRUTE_FORCE
12:42:51.815 [FXGL Background Thread 3 ] DEBUG Engine               - configClass: Optional.empty
12:42:51.816 [FXGL Background Thread 3 ] DEBUG Engine               - credits: []
12:42:51.817 [FXGL Background Thread 3 ] DEBUG Engine               - defaultCursor: CursorInfo(imageName=fxgl_default_cursor.png, hotspotX=7.0, hotspotY=6.0)
12:42:51.818 [FXGL Background Thread 3 ] DEBUG Engine               - devBBoxColorProperty: ObjectProperty [value: 0xff0000ff]
12:42:51.819 [FXGL Background Thread 3 ] DEBUG Engine               - devEnableDebugCameraProperty: BooleanProperty [value: false]
12:42:51.819 [FXGL Background Thread 3 ] DEBUG Engine               - devSensorColorProperty: ObjectProperty [value: 0xffff00ff]
12:42:51.819 [FXGL Background Thread 3 ] DEBUG Engine               - devShowBBoxProperty: BooleanProperty [value: false]
12:42:51.819 [FXGL Background Thread 3 ] DEBUG Engine               - devShowPositionProperty: BooleanProperty [value: false]
12:42:51.819 [FXGL Background Thread 3 ] DEBUG Engine               - enabledMenuItems: []
12:42:51.820 [FXGL Background Thread 3 ] DEBUG Engine               - engineServices: [class com.almasb.fxgl.app.services.FXGLAssetLoaderService, class com.almasb.fxgl.app.FXGLApplication$GameApplicationService, class com.almasb.fxgl.app.services.FXGLDialogService, class com.almasb.fxgl.app.services.IOTaskExecutorService, class com.almasb.fxgl.io.FileSystemService, class com.almasb.fxgl.localization.LocalizationService, class com.almasb.fxgl.app.services.SystemBundleService, class com.almasb.fxgl.profile.SaveLoadService, class com.almasb.fxgl.ui.FXGLUIFactoryServiceProvider, class com.almasb.fxgl.ui.FXGLDialogFactoryServiceProvider, class com.almasb.fxgl.audio.AudioPlayer, class com.almasb.fxgl.notification.impl.NotificationServiceProvider, class com.almasb.fxgl.achievement.AchievementService, class com.almasb.fxgl.cutscene.CutsceneService, class com.almasb.fxgl.minigames.MiniGameService, class com.almasb.fxgl.net.NetService, class com.almasb.fxgl.app.services.UpdaterService, class com.almasb.fxgl.dev.DevService]
12:42:51.820 [FXGL Background Thread 3 ] DEBUG Engine               - fontGame: Abel-Regular.ttf
12:42:51.820 [FXGL Background Thread 3 ] DEBUG Engine               - fontMono: TerminalLandMono-Regular.otf
12:42:51.820 [FXGL Background Thread 3 ] DEBUG Engine               - fontText: Courier-Prime.ttf
12:42:51.820 [FXGL Background Thread 3 ] DEBUG Engine               - fontUI: VarelaRound-Regular.ttf
12:42:51.821 [FXGL Background Thread 3 ] DEBUG Engine               - fullScreen: BooleanProperty [value: false]
12:42:51.821 [FXGL Background Thread 3 ] DEBUG Engine               - gameDifficulty: MEDIUM
12:42:51.821 [FXGL Background Thread 3 ] DEBUG Engine               - gameDifficultyProperty: ObjectProperty [value: MEDIUM]
12:42:51.821 [FXGL Background Thread 3 ] DEBUG Engine               - globalMusicVolume: 0.5
12:42:51.821 [FXGL Background Thread 3 ] DEBUG Engine               - globalMusicVolumeProperty: DoubleProperty [value: 0.5]
12:42:51.821 [FXGL Background Thread 3 ] DEBUG Engine               - globalSoundVolume: 0.5
12:42:51.822 [FXGL Background Thread 3 ] DEBUG Engine               - globalSoundVolumeProperty: DoubleProperty [value: 0.5]
12:42:51.822 [FXGL Background Thread 3 ] DEBUG Engine               - height: 1024
12:42:51.822 [FXGL Background Thread 3 ] DEBUG Engine               - is3D: false
12:42:51.822 [FXGL Background Thread 3 ] DEBUG Engine               - isAndroid: false
12:42:51.822 [FXGL Background Thread 3 ] DEBUG Engine               - isBrowser: false
12:42:51.822 [FXGL Background Thread 3 ] DEBUG Engine               - isClickFeedbackEnabled: false
12:42:51.822 [FXGL Background Thread 3 ] DEBUG Engine               - isCloseConfirmation: false
12:42:51.822 [FXGL Background Thread 3 ] DEBUG Engine               - isDesktop: true
12:42:51.823 [FXGL Background Thread 3 ] DEBUG Engine               - isDeveloperMenuEnabled: false
12:42:51.823 [FXGL Background Thread 3 ] DEBUG Engine               - isEmbedded: false
12:42:51.823 [FXGL Background Thread 3 ] DEBUG Engine               - isEntityPreloadEnabled: true
12:42:51.823 [FXGL Background Thread 3 ] DEBUG Engine               - isExperimentalTiledLargeMap: false
12:42:51.823 [FXGL Background Thread 3 ] DEBUG Engine               - isFileSystemWriteAllowed: true
12:42:51.823 [FXGL Background Thread 3 ] DEBUG Engine               - isFullScreenAllowed: false
12:42:51.823 [FXGL Background Thread 3 ] DEBUG Engine               - isFullScreenFromStart: false
12:42:51.823 [FXGL Background Thread 3 ] DEBUG Engine               - isGameMenuEnabled: true
12:42:51.824 [FXGL Background Thread 3 ] DEBUG Engine               - isIOS: false
12:42:51.824 [FXGL Background Thread 3 ] DEBUG Engine               - isIntroEnabled: false
12:42:51.824 [FXGL Background Thread 3 ] DEBUG Engine               - isLinux: false
12:42:51.824 [FXGL Background Thread 3 ] DEBUG Engine               - isMac: false
12:42:51.824 [FXGL Background Thread 3 ] DEBUG Engine               - isMainMenuEnabled: true
12:42:51.824 [FXGL Background Thread 3 ] DEBUG Engine               - isManualResizeEnabled: false
12:42:51.824 [FXGL Background Thread 3 ] DEBUG Engine               - isMobile: false
12:42:51.824 [FXGL Background Thread 3 ] DEBUG Engine               - isNative: false
12:42:51.825 [FXGL Background Thread 3 ] DEBUG Engine               - isPauseMusicWhenMinimized: true
12:42:51.825 [FXGL Background Thread 3 ] DEBUG Engine               - isPreserveResizeRatio: false
12:42:51.825 [FXGL Background Thread 3 ] DEBUG Engine               - isProfilingEnabled: false
12:42:51.825 [FXGL Background Thread 3 ] DEBUG Engine               - isScaleAffectedOnResize: true
12:42:51.825 [FXGL Background Thread 3 ] DEBUG Engine               - isSingleStep: false
12:42:51.825 [FXGL Background Thread 3 ] DEBUG Engine               - isUserProfileEnabled: false
12:42:51.825 [FXGL Background Thread 3 ] DEBUG Engine               - isWindows: true
12:42:51.825 [FXGL Background Thread 3 ] DEBUG Engine               - language: ObjectProperty [value: ENGLISH]
12:42:51.825 [FXGL Background Thread 3 ] DEBUG Engine               - menuKey: ESCAPE
12:42:51.826 [FXGL Background Thread 3 ] DEBUG Engine               - mouseSensitivity: 0.2
12:42:51.826 [FXGL Background Thread 3 ] DEBUG Engine               - notificationViewClass: class com.almasb.fxgl.notification.view.XboxNotificationView
12:42:51.826 [FXGL Background Thread 3 ] DEBUG Engine               - pixelsPerMeter: 50.0
12:42:51.826 [FXGL Background Thread 3 ] DEBUG Engine               - platform: WINDOWS
12:42:51.826 [FXGL Background Thread 3 ] DEBUG Engine               - prefHeightProperty: ReadOnlyDoubleProperty [value: 1024.0]
12:42:51.826 [FXGL Background Thread 3 ] DEBUG Engine               - prefWidthProperty: ReadOnlyDoubleProperty [value: 1024.0]
12:42:51.826 [FXGL Background Thread 3 ] DEBUG Engine               - profileDir: profiles/
12:42:51.827 [FXGL Background Thread 3 ] DEBUG Engine               - profileName: StringProperty [value: DEFAULT]
12:42:51.827 [FXGL Background Thread 3 ] DEBUG Engine               - randomSeed: -1
12:42:51.827 [FXGL Background Thread 3 ] DEBUG Engine               - runtimeInfo: RuntimeInfo(platform=WINDOWS, version=17.2, build=20.08.2022 16.50)
12:42:51.827 [FXGL Background Thread 3 ] DEBUG Engine               - saveFileExt: sav
12:42:51.827 [FXGL Background Thread 3 ] DEBUG Engine               - scaledHeightProp$fxgl: DoubleProperty [bound, value: 824.0]
12:42:51.827 [FXGL Background Thread 3 ] DEBUG Engine               - scaledWidthProp$fxgl: DoubleProperty [bound, value: 799.0]
12:42:51.828 [FXGL Background Thread 3 ] DEBUG Engine               - sceneFactory: com.almasb.fxgl.app.scene.SceneFactory@4591d050
12:42:51.828 [FXGL Background Thread 3 ] DEBUG Engine               - secondsIn24h: 60
12:42:51.828 [FXGL Background Thread 3 ] DEBUG Engine               - soundMenuBack: menu/back.wav
12:42:51.828 [FXGL Background Thread 3 ] DEBUG Engine               - soundMenuPress: menu/press.wav
12:42:51.828 [FXGL Background Thread 3 ] DEBUG Engine               - soundMenuSelect: menu/select.wav
12:42:51.828 [FXGL Background Thread 3 ] DEBUG Engine               - soundNotification: core/notification.wav
12:42:51.828 [FXGL Background Thread 3 ] DEBUG Engine               - stageStyle: DECORATED
12:42:51.828 [FXGL Background Thread 3 ] DEBUG Engine               - supportedLanguages: [ENGLISH, FRENCH, GERMAN, HUNGARIAN, RUSSIAN]
12:42:51.829 [FXGL Background Thread 3 ] DEBUG Engine               - ticksPerSecond: -1
12:42:51.829 [FXGL Background Thread 3 ] DEBUG Engine               - title: Dawnseeker
12:42:51.829 [FXGL Background Thread 3 ] DEBUG Engine               - urlGithub: https://github.com/AlmasB/FXGL
12:42:51.829 [FXGL Background Thread 3 ] DEBUG Engine               - urlLeaderboard: http://fxgl-top.herokuapp.com/
12:42:51.829 [FXGL Background Thread 3 ] DEBUG Engine               - urlPOM: https://raw.githubusercontent.com/AlmasB/FXGL/release/README.md
12:42:51.829 [FXGL Background Thread 3 ] DEBUG Engine               - userAppClass: class myGame.DawnseekerApp
12:42:51.829 [FXGL Background Thread 3 ] DEBUG Engine               - version: 0.1
12:42:51.829 [FXGL Background Thread 3 ] DEBUG Engine               - versionCheckDays: 7
12:42:51.829 [FXGL Background Thread 3 ] DEBUG Engine               - width: 1024
12:42:51.829 [FXGL Background Thread 3 ] DEBUG Engine               - Logging services
12:42:51.830 [FXGL Background Thread 3 ] DEBUG Engine               - class com.almasb.fxgl.app.services.FXGLAssetLoaderService
12:42:51.830 [FXGL Background Thread 3 ] DEBUG Engine               - class com.almasb.fxgl.app.FXGLApplication$GameApplicationService
12:42:51.830 [FXGL Background Thread 3 ] DEBUG Engine               - class com.almasb.fxgl.app.services.FXGLDialogService
12:42:51.830 [FXGL Background Thread 3 ] DEBUG Engine               - class com.almasb.fxgl.app.services.IOTaskExecutorService
12:42:51.830 [FXGL Background Thread 3 ] DEBUG Engine               - class com.almasb.fxgl.io.FileSystemService
12:42:51.830 [FXGL Background Thread 3 ] DEBUG Engine               - class com.almasb.fxgl.localization.LocalizationService
12:42:51.830 [FXGL Background Thread 3 ] DEBUG Engine               - class com.almasb.fxgl.app.services.SystemBundleService
12:42:51.830 [FXGL Background Thread 3 ] DEBUG Engine               - class com.almasb.fxgl.profile.SaveLoadService
12:42:51.830 [FXGL Background Thread 3 ] DEBUG Engine               - class com.almasb.fxgl.ui.FXGLUIFactoryServiceProvider
12:42:51.830 [FXGL Background Thread 3 ] DEBUG Engine               - class com.almasb.fxgl.ui.FXGLDialogFactoryServiceProvider
12:42:51.831 [FXGL Background Thread 3 ] DEBUG Engine               - class com.almasb.fxgl.audio.AudioPlayer
12:42:51.831 [FXGL Background Thread 3 ] DEBUG Engine               - class com.almasb.fxgl.notification.impl.NotificationServiceProvider
12:42:51.831 [FXGL Background Thread 3 ] DEBUG Engine               - class com.almasb.fxgl.achievement.AchievementService
12:42:51.831 [FXGL Background Thread 3 ] DEBUG Engine               - class com.almasb.fxgl.cutscene.CutsceneService
12:42:51.831 [FXGL Background Thread 3 ] DEBUG Engine               - class com.almasb.fxgl.minigames.MiniGameService
12:42:51.831 [FXGL Background Thread 3 ] DEBUG Engine               - class com.almasb.fxgl.net.NetService
12:42:51.831 [FXGL Background Thread 3 ] DEBUG Engine               - class com.almasb.fxgl.app.services.UpdaterService
12:42:51.831 [FXGL Background Thread 3 ] DEBUG Engine               - class com.almasb.fxgl.dev.DevService
12:43:54.605 [JavaFX Application Thread] DEBUG FXGLApplication      - Exiting FXGL
12:43:54.605 [JavaFX Application Thread] DEBUG LoopRunner           - Stopping loop
12:43:54.605 [JavaFX Application Thread] DEBUG SystemBundleService  - Saving FXGL system data
12:43:54.607 [JavaFX Application Thread] DEBUG FileSystemAccess     - Writing to: C:\Users\narro\OneDrive\Documents\coleg\Spring 2023\CS 4900 Senior Seminiar\Dawnseeker\Dawnseeker\system\fxgl.bundle
12:43:54.608 [JavaFX Application Thread] DEBUG Async                - Shutting down background threads
12:43:54.609 [JavaFX Application Thread] DEBUG PrimaryStageWindow   - Closing main window
12:43:54.615 [JavaFX Application Thread] DEBUG Logger               - Closing Logger
