12:41:32.820 [main                     ] DEBUG Logger               - Configured Logger
12:41:32.845 [main                     ] DEBUG GameApplication      - Logging settings
Title: Dawnseeker
Version: 0.1
Width: 1024
Height: 1024
Fullscreen: false
Intro: false
Profiling: false
Single step:false
App Mode: DEVELOPER
Menu Key: ESCAPE
Stage Style: DECORATED
Scene Factory: class com.almasb.fxgl.app.scene.SceneFactory

12:41:34.890 [JavaFX Application Thread] DEBUG FXGLApplication      - Initializing FXGL
12:41:34.895 [JavaFX Application Thread] INFO  Engine               - FXGL-17.2 (20.08.2022 16.50) on WINDOWS (J:19 FX:18)
12:41:34.895 [JavaFX Application Thread] DEBUG Engine               - JRE Vendor Name: Eclipse Adoptium
12:41:34.896 [JavaFX Application Thread] DEBUG Engine               - Running on OS: Windows 10 version 10.0
12:41:34.896 [JavaFX Application Thread] DEBUG Engine               - Architecture: amd64
12:41:34.896 [JavaFX Application Thread] INFO  Engine               - Source code and latest versions at: https://github.com/AlmasB/FXGL
12:41:34.896 [JavaFX Application Thread] INFO  Engine               -       Ask questions and discuss at: https://github.com/AlmasB/FXGL/discussions
12:41:34.896 [JavaFX Application Thread] INFO  Engine               -              Join the FXGL chat at: https://gitter.im/AlmasB/FXGL
12:41:35.001 [JavaFX Application Thread] DEBUG PrimaryStageWindow   - Creating a JavaFX scene
12:41:35.078 [JavaFX Application Thread] DEBUG PrimaryStageWindow   - Target settings size: 1024.0 x 1024.0
12:41:35.079 [JavaFX Application Thread] DEBUG PrimaryStageWindow   - Scaled scene size:    1024.0 x 1024.0
12:41:35.079 [JavaFX Application Thread] DEBUG PrimaryStageWindow   - Scaled ratio: (1.0, 1.0)
12:41:35.080 [JavaFX Application Thread] DEBUG PrimaryStageWindow   - Set initial scene to FXGLStartupScene
12:41:35.088 [JavaFX Application Thread] DEBUG PrimaryStageWindow   - Opening main window
12:41:35.355 [JavaFX Application Thread] DEBUG PrimaryStageWindow   - Window border size: (16.0, 39.0)
12:41:35.355 [JavaFX Application Thread] DEBUG PrimaryStageWindow   - Scaled size: 1024.0 x 1024.0
12:41:35.356 [JavaFX Application Thread] DEBUG PrimaryStageWindow   - Scaled ratio: (1.0, 1.0)
12:41:35.356 [JavaFX Application Thread] DEBUG PrimaryStageWindow   - Scene size: 1024.0 x 1024.0
12:41:35.357 [JavaFX Application Thread] DEBUG PrimaryStageWindow   - Stage size: 1040.0 x 1063.0
12:41:35.364 [FXGL Background Thread 1 ] DEBUG Engine               - Initializing environment variables
12:41:35.416 [FXGL Background Thread 1 ] DEBUG FXGLAssetLoaderServi - User app class for loading assets: class myGame.DawnseekerApp
12:41:35.417 [FXGL Background Thread 1 ] DEBUG GameApplicationServi - Applying CSS: fxgl_dark.css
12:41:35.417 [FXGL Background Thread 1 ] DEBUG FXGLAssetLoaderServi - Loading from file system: jar:file:/C:/Users/User/.m2/repository/com/github/almasb/fxgl/17.2/fxgl-17.2.jar!/fxglassets/ui/css/fxgl_dark.css
12:41:35.469 [FXGL Background Thread 1 ] DEBUG GameApplicationServi - Initializing application scenes
12:41:35.521 [FXGL Background Thread 1 ] DEBUG GameWorld            - Game world initialized
12:41:35.586 [FXGL Background Thread 1 ] DEBUG PhysicsWorld         - Physics world initialized: appHeight=1024, physics.ppm=50.0
12:41:35.586 [FXGL Background Thread 1 ] DEBUG PhysicsWorld         - Using strategy: BRUTE_FORCE
12:41:35.591 [FXGL Background Thread 1 ] DEBUG GameScene            - Game scene initialized: 1024x1024
12:41:35.603 [FXGL Background Thread 1 ] DEBUG FXGL.DefaultMenu     - createMenuBodyMainMenu()
12:41:35.620 [FXGL Background Thread 1 ] DEBUG FXGL.DefaultMenu     - createOptionsMenu()
12:41:35.633 [FXGL Background Thread 1 ] DEBUG FXGLAssetLoaderServi - Loading from file system: jar:file:/C:/Users/User/.m2/repository/com/github/almasb/fxgl/17.2/fxgl-17.2.jar!/fxglassets/textures/particles/smoke.png
12:41:35.740 [FXGL Background Thread 1 ] DEBUG FXGLAssetLoaderServi - Loading from file system: jar:file:/C:/Users/User/.m2/repository/com/github/almasb/fxgl/17.2/fxgl-17.2.jar!/fxglassets/textures/particles/trace_horizontal.png
12:41:35.766 [FXGL Background Thread 1 ] DEBUG FXGL.DefaultMenu     - createMenuBodyGameMenu()
12:41:35.766 [FXGL Background Thread 1 ] DEBUG FXGL.DefaultMenu     - createOptionsMenu()
12:41:35.777 [FXGL Background Thread 1 ] DEBUG GameApplicationServi - Application scenes initialized
12:41:35.789 [FXGL Background Thread 1 ] DEBUG SystemBundleService  - Loading FXGL system data
12:41:35.792 [FXGL Background Thread 1 ] DEBUG FileSystemAccess     - Reading from: C:\Users\User\Desktop\Spring2023\CS4900G2Proj2\Dawnseeker\system\fxgl.bundle
12:41:35.801 [FXGL Background Thread 1 ] DEBUG SystemBundleService  - Bundle FXGL: {}
12:41:35.801 [FXGL Background Thread 1 ] DEBUG UpdaterService       - Checking for updates
12:41:35.804 [FXGL Background Thread 4 ] DEBUG FXGLApplication      - Loading fonts
12:41:35.804 [FXGL Background Thread 4 ] DEBUG FXGLAssetLoaderServi - Loading from file system: jar:file:/C:/Users/User/.m2/repository/com/github/almasb/fxgl/17.2/fxgl-17.2.jar!/fxglassets/ui/fonts/VarelaRound-Regular.ttf
12:41:35.804 [FXGL Background Thread 1 ] DEBUG FXGLApplication      - Loading default localization
12:41:35.805 [FXGL Background Thread 1 ] DEBUG FXGLAssetLoaderServi - Loading from file system: jar:file:/C:/Users/User/.m2/repository/com/github/almasb/fxgl/17.2/fxgl-17.2.jar!/fxglassets/languages/english.lang
12:41:35.830 [FXGL Background Thread 1 ] INFO  FXGLApplication      - FXGL initialization took: 0.466 sec
12:41:35.848 [JavaFX Application Thread] DEBUG Input                - Registered new binding: action0 - W
12:41:35.849 [JavaFX Application Thread] DEBUG Input                - Registered new binding: action1 - S
12:41:35.849 [JavaFX Application Thread] DEBUG Input                - Registered new binding: action2 - A
12:41:35.850 [JavaFX Application Thread] DEBUG Input                - Registered new binding: action3 - D
12:41:35.852 [JavaFX Application Thread] DEBUG Input                - Registered new binding: action4 - LMB
12:41:35.853 [JavaFX Application Thread] DEBUG FXGLAssetLoaderServi - Loading from file system: jar:file:/C:/Users/User/.m2/repository/com/github/almasb/fxgl/17.2/fxgl-17.2.jar!/fxglassets/textures/fxgl_icon.png
12:41:35.877 [JavaFX Application Thread] DEBUG FXGLAssetLoaderServi - Loading from file system: jar:file:/C:/Users/User/.m2/repository/com/github/almasb/fxgl/17.2/fxgl-17.2.jar!/fxglassets/textures/fxgl_default_cursor.png
12:41:35.880 [JavaFX Application Thread] DEBUG Input                - Registered new binding: Screenshot - CTRL+8
12:41:35.881 [JavaFX Application Thread] DEBUG Input                - Registered new binding: System info dump - CTRL+9
12:41:35.881 [JavaFX Application Thread] DEBUG Input                - Registered new binding: Restart - CTRL+R
12:41:35.882 [JavaFX Application Thread] DEBUG Input                - Registered new binding: Toggle Debug Camera - CTRL+7
12:41:35.885 [JavaFX Application Thread] DEBUG LoopRunner           - Starting loop
12:41:35.885 [JavaFX Application Thread] DEBUG LoopRunner           - Initializing JavaFX AnimationTimerLoop
12:41:35.889 [JavaFX Application Thread] DEBUG Input                - Clearing active input actions
12:41:35.898 [JavaFX Application Thread] DEBUG GameApplicationServi - Removing overlay from FXGLStartupScene and adding to FXGLMainMenuDummyScene
12:41:35.899 [JavaFX Application Thread] DEBUG PrimaryStageWindow   - FXGLStartupScene -> FXGLMainMenuDummyScene
12:41:35.899 [JavaFX Application Thread] DEBUG PrimaryStageWindow   - Push state: FXGLDefaultMenu
12:41:35.906 [JavaFX Application Thread] DEBUG Input                - Clearing active input actions
12:41:35.917 [JavaFX Application Thread] DEBUG GameApplicationServi - Removing overlay from FXGLMainMenuDummyScene and adding to FXGLDefaultMenu
12:41:35.918 [JavaFX Application Thread] DEBUG PrimaryStageWindow   - FXGLMainMenuDummyScene -> FXGLDefaultMenu
12:41:35.961 [FXGL Background Thread 4 ] DEBUG FXGLAssetLoaderServi - Loading from file system: jar:file:/C:/Users/User/.m2/repository/com/github/almasb/fxgl/17.2/fxgl-17.2.jar!/fxglassets/ui/fonts/Abel-Regular.ttf
12:41:35.964 [FXGL Background Thread 4 ] DEBUG FXGLAssetLoaderServi - Loading from file system: jar:file:/C:/Users/User/.m2/repository/com/github/almasb/fxgl/17.2/fxgl-17.2.jar!/fxglassets/ui/fonts/TerminalLandMono-Regular.otf
12:41:35.967 [FXGL Background Thread 4 ] DEBUG FXGLAssetLoaderServi - Loading from file system: jar:file:/C:/Users/User/.m2/repository/com/github/almasb/fxgl/17.2/fxgl-17.2.jar!/fxglassets/ui/fonts/Courier-Prime.ttf
12:41:35.986 [JavaFX Application Thread] DEBUG FXGLApplication      - Registering font factories with UI factory
12:41:37.589 [JavaFX Application Thread] DEBUG Menu                 - fireNewGame()
12:41:37.590 [JavaFX Application Thread] DEBUG GameApplicationServi - Starting new game
12:41:37.593 [JavaFX Application Thread] DEBUG PrimaryStageWindow   - Pop state: FXGLDefaultMenu
12:41:37.593 [JavaFX Application Thread] DEBUG Input                - Clearing active input actions
12:41:37.594 [JavaFX Application Thread] DEBUG GameApplicationServi - Removing overlay from FXGLDefaultMenu and adding to FXGLMainMenuDummyScene
12:41:37.594 [JavaFX Application Thread] DEBUG PrimaryStageWindow   - FXGLMainMenuDummyScene <- FXGLDefaultMenu
12:41:37.594 [JavaFX Application Thread] DEBUG Input                - Clearing active input actions
12:41:37.604 [JavaFX Application Thread] DEBUG GameApplicationServi - Removing overlay from FXGLMainMenuDummyScene and adding to FXGLLoadingScene
12:41:37.605 [JavaFX Application Thread] DEBUG PrimaryStageWindow   - FXGLMainMenuDummyScene -> FXGLLoadingScene
12:41:37.605 [JavaFX Application Thread] DEBUG GameApplicationServi - Clearing previous game
12:41:37.605 [JavaFX Application Thread] DEBUG GameScene            - Clearing game scene
12:41:37.605 [JavaFX Application Thread] DEBUG GameWorld            - Clearing game world
12:41:37.605 [JavaFX Application Thread] DEBUG PhysicsWorld         - Clearing physics world
12:41:37.607 [FXGL Background Thread 2 ] DEBUG FXGLApplication      - Initializing game
12:41:37.635 [FXGL Background Thread 2 ] WARN  GameWorld            - Entity is already attached to world
12:41:37.637 [FXGL Background Thread 2 ] WARN  Entity               - Entity already has component: com.almasb.fxgl.entity.components.CollidableComponent
12:41:37.637 [FXGL Background Thread 2 ] WARN  GameWorld            - Entity is already attached to world
12:41:37.639 [FXGL Background Thread 2 ] WARN  Entity               - Entity already has component: com.almasb.fxgl.entity.components.CollidableComponent
12:41:37.639 [FXGL Background Thread 2 ] WARN  GameWorld            - Entity is already attached to world
12:41:37.640 [FXGL Background Thread 2 ] WARN  Entity               - Entity already has component: com.almasb.fxgl.entity.components.CollidableComponent
12:41:37.640 [FXGL Background Thread 2 ] WARN  GameWorld            - Entity is already attached to world
12:41:37.641 [FXGL Background Thread 2 ] WARN  Entity               - Entity already has component: com.almasb.fxgl.entity.components.CollidableComponent
12:41:37.641 [FXGL Background Thread 2 ] WARN  GameWorld            - Entity is already attached to world
12:41:37.657 [FXGL Background Thread 2 ] INFO  FXGLApplication      - Game initialization took: 0.050 sec
12:41:37.672 [JavaFX Application Thread] DEBUG Input                - Clearing active input actions
12:41:37.681 [JavaFX Application Thread] DEBUG GameApplicationServi - Removing overlay from FXGLLoadingScene and adding to GameScene
12:41:37.681 [JavaFX Application Thread] DEBUG PrimaryStageWindow   - FXGLLoadingScene -> GameScene
12:41:38.803 [FXGL Background Thread 3 ] DEBUG Engine               - Logging environment variables
12:41:38.803 [FXGL Background Thread 3 ] DEBUG Engine               - achievements: []
12:41:38.803 [FXGL Background Thread 3 ] DEBUG Engine               - actualHeight: 1024.0
12:41:38.803 [FXGL Background Thread 3 ] DEBUG Engine               - actualHeightProperty: ReadOnlyDoubleProperty [value: 1024.0]
12:41:38.803 [FXGL Background Thread 3 ] DEBUG Engine               - actualWidth: 1024.0
12:41:38.803 [FXGL Background Thread 3 ] DEBUG Engine               - actualWidthProperty: ReadOnlyDoubleProperty [value: 1024.0]
12:41:38.803 [FXGL Background Thread 3 ] DEBUG Engine               - appIcon: fxgl_icon.png
12:41:38.803 [FXGL Background Thread 3 ] DEBUG Engine               - applicationMode: DEVELOPER
12:41:38.804 [FXGL Background Thread 3 ] DEBUG Engine               - cSSList: [fxgl_dark.css]
12:41:38.804 [FXGL Background Thread 3 ] DEBUG Engine               - collisionDetectionStrategy: BRUTE_FORCE
12:41:38.804 [FXGL Background Thread 3 ] DEBUG Engine               - configClass: Optional.empty
12:41:38.804 [FXGL Background Thread 3 ] DEBUG Engine               - credits: []
12:41:38.804 [FXGL Background Thread 3 ] DEBUG Engine               - defaultCursor: CursorInfo(imageName=fxgl_default_cursor.png, hotspotX=7.0, hotspotY=6.0)
12:41:38.805 [FXGL Background Thread 3 ] DEBUG Engine               - devBBoxColorProperty: ObjectProperty [value: 0xff0000ff]
12:41:38.805 [FXGL Background Thread 3 ] DEBUG Engine               - devEnableDebugCameraProperty: BooleanProperty [value: false]
12:41:38.805 [FXGL Background Thread 3 ] DEBUG Engine               - devSensorColorProperty: ObjectProperty [value: 0xffff00ff]
12:41:38.805 [FXGL Background Thread 3 ] DEBUG Engine               - devShowBBoxProperty: BooleanProperty [value: false]
12:41:38.805 [FXGL Background Thread 3 ] DEBUG Engine               - devShowPositionProperty: BooleanProperty [value: false]
12:41:38.805 [FXGL Background Thread 3 ] DEBUG Engine               - enabledMenuItems: []
12:41:38.805 [FXGL Background Thread 3 ] DEBUG Engine               - engineServices: [class com.almasb.fxgl.app.services.FXGLAssetLoaderService, class com.almasb.fxgl.app.FXGLApplication$GameApplicationService, class com.almasb.fxgl.app.services.FXGLDialogService, class com.almasb.fxgl.app.services.IOTaskExecutorService, class com.almasb.fxgl.io.FileSystemService, class com.almasb.fxgl.localization.LocalizationService, class com.almasb.fxgl.app.services.SystemBundleService, class com.almasb.fxgl.profile.SaveLoadService, class com.almasb.fxgl.ui.FXGLUIFactoryServiceProvider, class com.almasb.fxgl.ui.FXGLDialogFactoryServiceProvider, class com.almasb.fxgl.audio.AudioPlayer, class com.almasb.fxgl.notification.impl.NotificationServiceProvider, class com.almasb.fxgl.achievement.AchievementService, class com.almasb.fxgl.cutscene.CutsceneService, class com.almasb.fxgl.minigames.MiniGameService, class com.almasb.fxgl.net.NetService, class com.almasb.fxgl.app.services.UpdaterService, class com.almasb.fxgl.dev.DevService]
12:41:38.805 [FXGL Background Thread 3 ] DEBUG Engine               - fontGame: Abel-Regular.ttf
12:41:38.805 [FXGL Background Thread 3 ] DEBUG Engine               - fontMono: TerminalLandMono-Regular.otf
12:41:38.805 [FXGL Background Thread 3 ] DEBUG Engine               - fontText: Courier-Prime.ttf
12:41:38.805 [FXGL Background Thread 3 ] DEBUG Engine               - fontUI: VarelaRound-Regular.ttf
12:41:38.805 [FXGL Background Thread 3 ] DEBUG Engine               - fullScreen: BooleanProperty [value: false]
12:41:38.805 [FXGL Background Thread 3 ] DEBUG Engine               - gameDifficulty: MEDIUM
12:41:38.805 [FXGL Background Thread 3 ] DEBUG Engine               - gameDifficultyProperty: ObjectProperty [value: MEDIUM]
12:41:38.806 [FXGL Background Thread 3 ] DEBUG Engine               - globalMusicVolume: 0.5
12:41:38.806 [FXGL Background Thread 3 ] DEBUG Engine               - globalMusicVolumeProperty: DoubleProperty [value: 0.5]
12:41:38.806 [FXGL Background Thread 3 ] DEBUG Engine               - globalSoundVolume: 0.5
12:41:38.806 [FXGL Background Thread 3 ] DEBUG Engine               - globalSoundVolumeProperty: DoubleProperty [value: 0.5]
12:41:38.806 [FXGL Background Thread 3 ] DEBUG Engine               - height: 1024
12:41:38.806 [FXGL Background Thread 3 ] DEBUG Engine               - is3D: false
12:41:38.806 [FXGL Background Thread 3 ] DEBUG Engine               - isAndroid: false
12:41:38.806 [FXGL Background Thread 3 ] DEBUG Engine               - isBrowser: false
12:41:38.806 [FXGL Background Thread 3 ] DEBUG Engine               - isClickFeedbackEnabled: false
12:41:38.806 [FXGL Background Thread 3 ] DEBUG Engine               - isCloseConfirmation: false
12:41:38.806 [FXGL Background Thread 3 ] DEBUG Engine               - isDesktop: true
12:41:38.806 [FXGL Background Thread 3 ] DEBUG Engine               - isDeveloperMenuEnabled: false
12:41:38.806 [FXGL Background Thread 3 ] DEBUG Engine               - isEmbedded: false
12:41:38.806 [FXGL Background Thread 3 ] DEBUG Engine               - isEntityPreloadEnabled: true
12:41:38.806 [FXGL Background Thread 3 ] DEBUG Engine               - isExperimentalTiledLargeMap: false
12:41:38.807 [FXGL Background Thread 3 ] DEBUG Engine               - isFileSystemWriteAllowed: true
12:41:38.807 [FXGL Background Thread 3 ] DEBUG Engine               - isFullScreenAllowed: false
12:41:38.807 [FXGL Background Thread 3 ] DEBUG Engine               - isFullScreenFromStart: false
12:41:38.807 [FXGL Background Thread 3 ] DEBUG Engine               - isGameMenuEnabled: true
12:41:38.807 [FXGL Background Thread 3 ] DEBUG Engine               - isIOS: false
12:41:38.807 [FXGL Background Thread 3 ] DEBUG Engine               - isIntroEnabled: false
12:41:38.807 [FXGL Background Thread 3 ] DEBUG Engine               - isLinux: false
12:41:38.807 [FXGL Background Thread 3 ] DEBUG Engine               - isMac: false
12:41:38.807 [FXGL Background Thread 3 ] DEBUG Engine               - isMainMenuEnabled: true
12:41:38.807 [FXGL Background Thread 3 ] DEBUG Engine               - isManualResizeEnabled: false
12:41:38.807 [FXGL Background Thread 3 ] DEBUG Engine               - isMobile: false
12:41:38.807 [FXGL Background Thread 3 ] DEBUG Engine               - isNative: false
12:41:38.807 [FXGL Background Thread 3 ] DEBUG Engine               - isPauseMusicWhenMinimized: true
12:41:38.807 [FXGL Background Thread 3 ] DEBUG Engine               - isPreserveResizeRatio: false
12:41:38.807 [FXGL Background Thread 3 ] DEBUG Engine               - isProfilingEnabled: false
12:41:38.807 [FXGL Background Thread 3 ] DEBUG Engine               - isScaleAffectedOnResize: true
12:41:38.808 [FXGL Background Thread 3 ] DEBUG Engine               - isSingleStep: false
12:41:38.808 [FXGL Background Thread 3 ] DEBUG Engine               - isUserProfileEnabled: false
12:41:38.808 [FXGL Background Thread 3 ] DEBUG Engine               - isWindows: true
12:41:38.808 [FXGL Background Thread 3 ] DEBUG Engine               - language: ObjectProperty [value: ENGLISH]
12:41:38.808 [FXGL Background Thread 3 ] DEBUG Engine               - menuKey: ESCAPE
12:41:38.808 [FXGL Background Thread 3 ] DEBUG Engine               - mouseSensitivity: 0.2
12:41:38.808 [FXGL Background Thread 3 ] DEBUG Engine               - notificationViewClass: class com.almasb.fxgl.notification.view.XboxNotificationView
12:41:38.808 [FXGL Background Thread 3 ] DEBUG Engine               - pixelsPerMeter: 50.0
12:41:38.808 [FXGL Background Thread 3 ] DEBUG Engine               - platform: WINDOWS
12:41:38.808 [FXGL Background Thread 3 ] DEBUG Engine               - prefHeightProperty: ReadOnlyDoubleProperty [value: 1024.0]
12:41:38.808 [FXGL Background Thread 3 ] DEBUG Engine               - prefWidthProperty: ReadOnlyDoubleProperty [value: 1024.0]
12:41:38.808 [FXGL Background Thread 3 ] DEBUG Engine               - profileDir: profiles/
12:41:38.808 [FXGL Background Thread 3 ] DEBUG Engine               - profileName: StringProperty [value: DEFAULT]
12:41:38.808 [FXGL Background Thread 3 ] DEBUG Engine               - randomSeed: -1
12:41:38.809 [FXGL Background Thread 3 ] DEBUG Engine               - runtimeInfo: RuntimeInfo(platform=WINDOWS, version=17.2, build=20.08.2022 16.50)
12:41:38.809 [FXGL Background Thread 3 ] DEBUG Engine               - saveFileExt: sav
12:41:38.809 [FXGL Background Thread 3 ] DEBUG Engine               - scaledHeightProp$fxgl: DoubleProperty [bound, value: 1024.0]
12:41:38.809 [FXGL Background Thread 3 ] DEBUG Engine               - scaledWidthProp$fxgl: DoubleProperty [bound, value: 1024.0]
12:41:38.809 [FXGL Background Thread 3 ] DEBUG Engine               - sceneFactory: com.almasb.fxgl.app.scene.SceneFactory@449bd0ed
12:41:38.809 [FXGL Background Thread 3 ] DEBUG Engine               - secondsIn24h: 60
12:41:38.809 [FXGL Background Thread 3 ] DEBUG Engine               - soundMenuBack: menu/back.wav
12:41:38.809 [FXGL Background Thread 3 ] DEBUG Engine               - soundMenuPress: menu/press.wav
12:41:38.809 [FXGL Background Thread 3 ] DEBUG Engine               - soundMenuSelect: menu/select.wav
12:41:38.809 [FXGL Background Thread 3 ] DEBUG Engine               - soundNotification: core/notification.wav
12:41:38.809 [FXGL Background Thread 3 ] DEBUG Engine               - stageStyle: DECORATED
12:41:38.809 [FXGL Background Thread 3 ] DEBUG Engine               - supportedLanguages: [ENGLISH, FRENCH, GERMAN, HUNGARIAN, RUSSIAN]
12:41:38.809 [FXGL Background Thread 3 ] DEBUG Engine               - ticksPerSecond: -1
12:41:38.809 [FXGL Background Thread 3 ] DEBUG Engine               - title: Dawnseeker
12:41:38.809 [FXGL Background Thread 3 ] DEBUG Engine               - urlGithub: https://github.com/AlmasB/FXGL
12:41:38.810 [FXGL Background Thread 3 ] DEBUG Engine               - urlLeaderboard: http://fxgl-top.herokuapp.com/
12:41:38.810 [FXGL Background Thread 3 ] DEBUG Engine               - urlPOM: https://raw.githubusercontent.com/AlmasB/FXGL/release/README.md
12:41:38.810 [FXGL Background Thread 3 ] DEBUG Engine               - userAppClass: class myGame.DawnseekerApp
12:41:38.810 [FXGL Background Thread 3 ] DEBUG Engine               - version: 0.1
12:41:38.810 [FXGL Background Thread 3 ] DEBUG Engine               - versionCheckDays: 7
12:41:38.810 [FXGL Background Thread 3 ] DEBUG Engine               - width: 1024
12:41:38.810 [FXGL Background Thread 3 ] DEBUG Engine               - Logging services
12:41:38.810 [FXGL Background Thread 3 ] DEBUG Engine               - class com.almasb.fxgl.app.services.FXGLAssetLoaderService
12:41:38.810 [FXGL Background Thread 3 ] DEBUG Engine               - class com.almasb.fxgl.app.FXGLApplication$GameApplicationService
12:41:38.810 [FXGL Background Thread 3 ] DEBUG Engine               - class com.almasb.fxgl.app.services.FXGLDialogService
12:41:38.810 [FXGL Background Thread 3 ] DEBUG Engine               - class com.almasb.fxgl.app.services.IOTaskExecutorService
12:41:38.810 [FXGL Background Thread 3 ] DEBUG Engine               - class com.almasb.fxgl.io.FileSystemService
12:41:38.810 [FXGL Background Thread 3 ] DEBUG Engine               - class com.almasb.fxgl.localization.LocalizationService
12:41:38.810 [FXGL Background Thread 3 ] DEBUG Engine               - class com.almasb.fxgl.app.services.SystemBundleService
12:41:38.810 [FXGL Background Thread 3 ] DEBUG Engine               - class com.almasb.fxgl.profile.SaveLoadService
12:41:38.810 [FXGL Background Thread 3 ] DEBUG Engine               - class com.almasb.fxgl.ui.FXGLUIFactoryServiceProvider
12:41:38.810 [FXGL Background Thread 3 ] DEBUG Engine               - class com.almasb.fxgl.ui.FXGLDialogFactoryServiceProvider
12:41:38.810 [FXGL Background Thread 3 ] DEBUG Engine               - class com.almasb.fxgl.audio.AudioPlayer
12:41:38.810 [FXGL Background Thread 3 ] DEBUG Engine               - class com.almasb.fxgl.notification.impl.NotificationServiceProvider
12:41:38.810 [FXGL Background Thread 3 ] DEBUG Engine               - class com.almasb.fxgl.achievement.AchievementService
12:41:38.810 [FXGL Background Thread 3 ] DEBUG Engine               - class com.almasb.fxgl.cutscene.CutsceneService
12:41:38.810 [FXGL Background Thread 3 ] DEBUG Engine               - class com.almasb.fxgl.minigames.MiniGameService
12:41:38.810 [FXGL Background Thread 3 ] DEBUG Engine               - class com.almasb.fxgl.net.NetService
12:41:38.810 [FXGL Background Thread 3 ] DEBUG Engine               - class com.almasb.fxgl.app.services.UpdaterService
12:41:38.810 [FXGL Background Thread 3 ] DEBUG Engine               - class com.almasb.fxgl.dev.DevService
12:41:46.872 [JavaFX Application Thread] DEBUG LoopRunner           - Stopping loop
12:41:46.875 [JavaFX Application Thread] FATAL FXGLApplication      - Uncaught Exception:
java.lang.NullPointerException: Parameter specified as non-null is null: method com.almasb.fxgl.entity.GameWorld.setLevel, parameter level
	at com.almasb.fxgl.entity.GameWorld.setLevel(GameWorld.kt)
	at myGame.DawnseekerApp.lambda$8(DawnseekerApp.java:119)
	at com.almasb.fxgl.dsl.FXGL$Companion$onCollisionBegin$1.onCollisionBegin(FXGL.kt:655)
	at com.almasb.fxgl.physics.CollisionPair.collisionBegin(CollisionPair.java:37)
	at com.almasb.fxgl.physics.PhysicsWorld.collisionBeginFor(PhysicsWorld.java:453)
	at com.almasb.fxgl.physics.PhysicsWorld.checkCollisionsInGroup(PhysicsWorld.java:405)
	at com.almasb.fxgl.physics.PhysicsWorld.checkCollisions(PhysicsWorld.java:373)
	at com.almasb.fxgl.physics.PhysicsWorld.onUpdate(PhysicsWorld.java:179)
	at com.almasb.fxgl.app.scene.GameScene.step(GameScene.kt:229)
	at com.almasb.fxgl.app.scene.GameScene.onUpdate(GameScene.kt:224)
	at com.almasb.fxgl.scene.Scene.update(Scene.kt:105)
	at com.almasb.fxgl.app.MainWindow$update$1.invoke(MainWindow.kt:115)
	at com.almasb.fxgl.app.MainWindow$update$1.invoke(MainWindow.kt:115)
	at com.almasb.fxgl.core.fsm.StateMachine.runOnActiveStates(StateMachine.kt:69)
	at com.almasb.fxgl.app.MainWindow.update(MainWindow.kt:115)
	at com.almasb.fxgl.app.FXGLApplication$GameApplicationService.onUpdate(FXGLApplication.kt:426)
	at com.almasb.fxgl.app.Engine.loop(Engine.kt:134)
	at com.almasb.fxgl.app.Engine.access$loop(Engine.kt:24)
	at com.almasb.fxgl.app.Engine$loop$1.invoke(Engine.kt:28)
	at com.almasb.fxgl.app.Engine$loop$1.invoke(Engine.kt:28)
	at com.almasb.fxgl.app.LoopRunner.frame(LoopRunner.kt:103)
	at com.almasb.fxgl.app.LoopRunner.access$frame(LoopRunner.kt:23)
	at com.almasb.fxgl.app.LoopRunner$impl$2$1.onTick(LoopRunner.kt:57)
	at com.almasb.fxgl.app.AnimationTimerLoop$timer$1.handle(LoopRunner.kt:137)
	at javafx.animation.AnimationTimer$AnimationTimerReceiver.lambda$handle$0(AnimationTimer.java:58)
	at java.base/java.security.AccessController.doPrivileged(AccessController.java:399)
	at javafx.animation.AnimationTimer$AnimationTimerReceiver.handle(AnimationTimer.java:57)
	at com.sun.scenario.animation.AbstractPrimaryTimer.timePulseImpl(AbstractPrimaryTimer.java:356)
	at com.sun.scenario.animation.AbstractPrimaryTimer$MainLoop.run(AbstractPrimaryTimer.java:266)
	at com.sun.javafx.tk.quantum.QuantumToolkit.pulse(QuantumToolkit.java:571)
	at com.sun.javafx.tk.quantum.QuantumToolkit.pulse(QuantumToolkit.java:555)
	at com.sun.javafx.tk.quantum.QuantumToolkit.pulseFromQueue(QuantumToolkit.java:548)
	at com.sun.javafx.tk.quantum.QuantumToolkit.lambda$runToolkit$11(QuantumToolkit.java:352)
	at com.sun.glass.ui.InvokeLaterDispatcher$Future.run(InvokeLaterDispatcher.java:96)
	at com.sun.glass.ui.win.WinApplication._runLoop(Native Method)
	at com.sun.glass.ui.win.WinApplication.lambda$runLoop$3(WinApplication.java:184)
	at java.base/java.lang.Thread.run(Thread.java:1589)

12:41:46.875 [JavaFX Application Thread] FATAL FXGLApplication      - Application will now exit
12:41:46.893 [JavaFX Application Thread] DEBUG PrimaryStageWindow   - Push state: ErrorSubScene
12:41:46.893 [JavaFX Application Thread] DEBUG Input                - Clearing active input actions
12:41:46.896 [JavaFX Application Thread] DEBUG GameApplicationServi - Removing overlay from GameScene and adding to ErrorSubScene
12:41:46.896 [JavaFX Application Thread] DEBUG PrimaryStageWindow   - GameScene -> ErrorSubScene
12:41:56.676 [JavaFX Application Thread] DEBUG FXGLApplication      - Exiting FXGL
12:41:56.676 [JavaFX Application Thread] DEBUG Async                - Shutting down background threads
12:41:56.676 [JavaFX Application Thread] DEBUG PrimaryStageWindow   - Closing main window
12:41:56.689 [JavaFX Application Thread] DEBUG Logger               - Closing Logger
