18:19:30.477 [main                     ] DEBUG Logger               - Configured Logger
18:19:30.499 [main                     ] DEBUG GameApplication      - Logging settings
Title: Dawnseeker
Version: 0.4
Width: 1920
Height: 1080
Fullscreen: false
Intro: false
Profiling: false
Single step:false
App Mode: DEVELOPER
Menu Key: ESCAPE
Stage Style: DECORATED
Scene Factory: class myGame.DawnseekerApp$1

18:19:30.949 [JavaFX Application Thread] DEBUG FXGLApplication      - Initializing FXGL
18:19:30.954 [JavaFX Application Thread] INFO  Engine               - FXGL-17.2 (20.08.2022 16.50) on WINDOWS (J:19.0.2 FX:18)
18:19:30.954 [JavaFX Application Thread] DEBUG Engine               - JRE Vendor Name: Oracle Corporation
18:19:30.954 [JavaFX Application Thread] DEBUG Engine               - Running on OS: Windows 10 version 10.0
18:19:30.954 [JavaFX Application Thread] DEBUG Engine               - Architecture: amd64
18:19:30.955 [JavaFX Application Thread] INFO  Engine               - Source code and latest versions at: https://github.com/AlmasB/FXGL
18:19:30.955 [JavaFX Application Thread] INFO  Engine               -       Ask questions and discuss at: https://github.com/AlmasB/FXGL/discussions
18:19:30.955 [JavaFX Application Thread] INFO  Engine               -              Join the FXGL chat at: https://gitter.im/AlmasB/FXGL
18:19:31.073 [JavaFX Application Thread] DEBUG PrimaryStageWindow   - Creating a JavaFX scene
18:19:31.120 [JavaFX Application Thread] DEBUG PrimaryStageWindow   - Target settings size: 1920.0 x 1080.0
18:19:31.120 [JavaFX Application Thread] DEBUG PrimaryStageWindow   - Scaled scene size:    1920.0 x 1080.0
18:19:31.120 [JavaFX Application Thread] DEBUG PrimaryStageWindow   - Scaled ratio: (1.0, 1.0)
18:19:31.122 [JavaFX Application Thread] DEBUG PrimaryStageWindow   - Set initial scene to FXGLStartupScene
18:19:31.129 [JavaFX Application Thread] DEBUG PrimaryStageWindow   - Opening main window
18:19:31.218 [JavaFX Application Thread] DEBUG PrimaryStageWindow   - Window border size: (16.0, 39.0)
18:19:31.218 [JavaFX Application Thread] DEBUG PrimaryStageWindow   - Scaled size: 1920.0 x 1080.0
18:19:31.218 [JavaFX Application Thread] DEBUG PrimaryStageWindow   - Scaled ratio: (1.0, 1.0)
18:19:31.218 [JavaFX Application Thread] DEBUG PrimaryStageWindow   - Scene size: 1920.0 x 1080.0
18:19:31.218 [JavaFX Application Thread] DEBUG PrimaryStageWindow   - Stage size: 1936.0 x 1119.0
18:19:31.225 [FXGL Background Thread 1 ] DEBUG Engine               - Initializing environment variables
18:19:31.271 [FXGL Background Thread 1 ] DEBUG FXGLAssetLoaderServi - User app class for loading assets: class myGame.DawnseekerApp
18:19:31.271 [FXGL Background Thread 1 ] DEBUG GameApplicationServi - Applying CSS: fxgl_dark.css
18:19:31.272 [FXGL Background Thread 1 ] DEBUG FXGLAssetLoaderServi - Loading from file system: jar:file:/C:/Users/Morgan%20Johnson/.m2/repository/com/github/almasb/fxgl/17.2/fxgl-17.2.jar!/fxglassets/ui/css/fxgl_dark.css
18:19:31.312 [FXGL Background Thread 1 ] DEBUG GameApplicationServi - Initializing application scenes
18:19:31.346 [FXGL Background Thread 1 ] DEBUG GameWorld            - Game world initialized
18:19:31.403 [FXGL Background Thread 1 ] DEBUG PhysicsWorld         - Physics world initialized: appHeight=1080, physics.ppm=50.0
18:19:31.403 [FXGL Background Thread 1 ] DEBUG PhysicsWorld         - Using strategy: BRUTE_FORCE
18:19:31.407 [FXGL Background Thread 1 ] DEBUG GameScene            - Game scene initialized: 1920x1080
18:19:31.407 [FXGL Background Thread 1 ] DEBUG FXGLAssetLoaderServi - Loading from file system: file:/C:/Games/Schoolwork/Spring%2023/CS4900/DawnseekerWorkspace/CS4900G2Proj2/CS4900G2Proj2/Dawnseeker/target/classes/assets/music/shop.mp3
18:19:31.538 [FXGL Background Thread 1 ] DEBUG AudioPlayer          - Playing music com.almasb.fxgl.audio.Music@2b69b58e
18:19:31.556 [FXGL Background Thread 1 ] DEBUG FXGLAssetLoaderServi - Loading from file system: file:/C:/Games/Schoolwork/Spring%2023/CS4900/DawnseekerWorkspace/CS4900G2Proj2/CS4900G2Proj2/Dawnseeker/target/classes/assets/textures/bg.png
18:19:31.641 [FXGL Background Thread 1 ] DEBUG FXGL.DefaultMenu     - createMenuBodyGameMenu()
18:19:31.654 [FXGL Background Thread 1 ] DEBUG FXGL.DefaultMenu     - createOptionsMenu()
18:19:31.660 [FXGL Background Thread 1 ] DEBUG FXGLAssetLoaderServi - Loading from file system: jar:file:/C:/Users/Morgan%20Johnson/.m2/repository/com/github/almasb/fxgl/17.2/fxgl-17.2.jar!/fxglassets/textures/particles/smoke.png
18:19:31.734 [FXGL Background Thread 1 ] DEBUG FXGLAssetLoaderServi - Loading from file system: jar:file:/C:/Users/Morgan%20Johnson/.m2/repository/com/github/almasb/fxgl/17.2/fxgl-17.2.jar!/fxglassets/textures/particles/trace_horizontal.png
18:19:31.750 [FXGL Background Thread 1 ] DEBUG GameApplicationServi - Application scenes initialized
18:19:31.764 [FXGL Background Thread 1 ] DEBUG SystemBundleService  - Loading FXGL system data
18:19:31.769 [FXGL Background Thread 1 ] DEBUG FileSystemAccess     - Reading from: C:\Games\Schoolwork\Spring 23\CS4900\DawnseekerWorkspace\CS4900G2Proj2\CS4900G2Proj2\Dawnseeker\system\fxgl.bundle
18:19:31.778 [FXGL Background Thread 1 ] DEBUG SystemBundleService  - Bundle FXGL: {}
18:19:31.778 [FXGL Background Thread 1 ] DEBUG UpdaterService       - Checking for updates
18:19:31.782 [FXGL Background Thread 4 ] DEBUG FXGLApplication      - Loading fonts
18:19:31.782 [FXGL Background Thread 4 ] DEBUG FXGLAssetLoaderServi - Loading from file system: jar:file:/C:/Users/Morgan%20Johnson/.m2/repository/com/github/almasb/fxgl/17.2/fxgl-17.2.jar!/fxglassets/ui/fonts/VarelaRound-Regular.ttf
18:19:31.782 [FXGL Background Thread 1 ] DEBUG FXGLApplication      - Loading default localization
18:19:31.783 [FXGL Background Thread 1 ] DEBUG FXGLAssetLoaderServi - Loading from file system: jar:file:/C:/Users/Morgan%20Johnson/.m2/repository/com/github/almasb/fxgl/17.2/fxgl-17.2.jar!/fxglassets/languages/english.lang
18:19:31.806 [FXGL Background Thread 1 ] INFO  FXGLApplication      - FXGL initialization took: 0.581 sec
18:19:31.812 [JavaFX Application Thread] DEBUG Input                - Registered new binding: action0 - LMB
18:19:31.819 [JavaFX Application Thread] DEBUG Input                - Registered new binding: Up - W
18:19:31.819 [JavaFX Application Thread] DEBUG Input                - Registered new binding: Down - S
18:19:31.819 [JavaFX Application Thread] DEBUG Input                - Registered new binding: Right - D
18:19:31.819 [JavaFX Application Thread] DEBUG Input                - Registered new binding: Left - A
18:19:31.820 [JavaFX Application Thread] DEBUG FXGLAssetLoaderServi - Loading from file system: jar:file:/C:/Users/Morgan%20Johnson/.m2/repository/com/github/almasb/fxgl/17.2/fxgl-17.2.jar!/fxglassets/textures/fxgl_icon.png
18:19:31.840 [JavaFX Application Thread] DEBUG FXGLAssetLoaderServi - Loading from file system: jar:file:/C:/Users/Morgan%20Johnson/.m2/repository/com/github/almasb/fxgl/17.2/fxgl-17.2.jar!/fxglassets/textures/fxgl_default_cursor.png
18:19:31.843 [JavaFX Application Thread] DEBUG Input                - Registered new binding: Screenshot - CTRL+8
18:19:31.843 [JavaFX Application Thread] DEBUG Input                - Registered new binding: System info dump - CTRL+9
18:19:31.844 [JavaFX Application Thread] DEBUG Input                - Registered new binding: Restart - CTRL+R
18:19:31.845 [JavaFX Application Thread] DEBUG Input                - Registered new binding: Toggle Debug Camera - CTRL+7
18:19:31.848 [JavaFX Application Thread] DEBUG LoopRunner           - Starting loop
18:19:31.849 [JavaFX Application Thread] DEBUG LoopRunner           - Initializing JavaFX AnimationTimerLoop
18:19:31.854 [JavaFX Application Thread] DEBUG Input                - Clearing active input actions
18:19:31.865 [JavaFX Application Thread] DEBUG GameApplicationServi - Removing overlay from FXGLStartupScene and adding to FXGLMainMenuDummyScene
18:19:31.865 [JavaFX Application Thread] DEBUG PrimaryStageWindow   - FXGLStartupScene -> FXGLMainMenuDummyScene
18:19:31.865 [JavaFX Application Thread] DEBUG PrimaryStageWindow   - Push state: DawnseekerMenu
18:19:31.865 [JavaFX Application Thread] DEBUG Input                - Clearing active input actions
18:19:31.873 [JavaFX Application Thread] DEBUG GameApplicationServi - Removing overlay from FXGLMainMenuDummyScene and adding to DawnseekerMenu
18:19:31.874 [JavaFX Application Thread] DEBUG PrimaryStageWindow   - FXGLMainMenuDummyScene -> DawnseekerMenu
18:19:31.887 [FXGL Background Thread 4 ] DEBUG FXGLAssetLoaderServi - Loading from file system: jar:file:/C:/Users/Morgan%20Johnson/.m2/repository/com/github/almasb/fxgl/17.2/fxgl-17.2.jar!/fxglassets/ui/fonts/Abel-Regular.ttf
18:19:31.892 [FXGL Background Thread 4 ] DEBUG FXGLAssetLoaderServi - Loading from file system: jar:file:/C:/Users/Morgan%20Johnson/.m2/repository/com/github/almasb/fxgl/17.2/fxgl-17.2.jar!/fxglassets/ui/fonts/TerminalLandMono-Regular.otf
18:19:31.897 [FXGL Background Thread 4 ] DEBUG FXGLAssetLoaderServi - Loading from file system: jar:file:/C:/Users/Morgan%20Johnson/.m2/repository/com/github/almasb/fxgl/17.2/fxgl-17.2.jar!/fxglassets/ui/fonts/Courier-Prime.ttf
18:19:31.907 [JavaFX Application Thread] DEBUG FXGLApplication      - Registering font factories with UI factory
18:19:32.165 [FXGL Background Thread 2 ] INFO  UpdaterService       - Your current version:  17.2
18:19:32.165 [FXGL Background Thread 2 ] INFO  UpdaterService       - Latest stable version: 17.3
18:19:32.707 [JavaFX Application Thread] DEBUG Menu                 - fireNewGame()
18:19:32.708 [JavaFX Application Thread] DEBUG GameApplicationServi - Starting new game
18:19:32.708 [JavaFX Application Thread] DEBUG PrimaryStageWindow   - Pop state: DawnseekerMenu
18:19:32.708 [JavaFX Application Thread] DEBUG Input                - Clearing active input actions
18:19:32.708 [JavaFX Application Thread] DEBUG GameApplicationServi - Removing overlay from DawnseekerMenu and adding to FXGLMainMenuDummyScene
18:19:32.708 [JavaFX Application Thread] DEBUG PrimaryStageWindow   - FXGLMainMenuDummyScene <- DawnseekerMenu
18:19:32.709 [JavaFX Application Thread] DEBUG Input                - Clearing active input actions
18:19:32.714 [JavaFX Application Thread] DEBUG GameApplicationServi - Removing overlay from FXGLMainMenuDummyScene and adding to FXGLLoadingScene
18:19:32.714 [JavaFX Application Thread] DEBUG PrimaryStageWindow   - FXGLMainMenuDummyScene -> FXGLLoadingScene
18:19:32.715 [JavaFX Application Thread] DEBUG GameApplicationServi - Clearing previous game
18:19:32.715 [JavaFX Application Thread] DEBUG GameScene            - Clearing game scene
18:19:32.715 [JavaFX Application Thread] DEBUG GameWorld            - Clearing game world
18:19:32.715 [JavaFX Application Thread] DEBUG PhysicsWorld         - Clearing physics world
18:19:32.716 [FXGL Background Thread 2 ] DEBUG FXGLApplication      - Initializing game
18:19:32.720 [FXGL Background Thread 2 ] DEBUG AudioPlayer          - Stopping music com.almasb.fxgl.audio.Music@2b69b58e
18:19:32.721 [FXGL Background Thread 2 ] DEBUG FXGLAssetLoaderServi - Loading from file system: file:/C:/Games/Schoolwork/Spring%2023/CS4900/DawnseekerWorkspace/CS4900G2Proj2/CS4900G2Proj2/Dawnseeker/target/classes/assets/music/heartache.mp3
18:19:32.724 [FXGL Background Thread 2 ] DEBUG AudioPlayer          - Playing music com.almasb.fxgl.audio.Music@135170f3
18:19:32.738 [FXGL Background Thread 2 ] DEBUG FXGLAssetLoaderServi - Loading from file system: file:/C:/Games/Schoolwork/Spring%2023/CS4900/DawnseekerWorkspace/CS4900G2Proj2/CS4900G2Proj2/Dawnseeker/target/classes/assets/textures/DawnseekerPCV2.png
18:19:32.741 [FXGL Background Thread 2 ] DEBUG FXGLAssetLoaderServi - Loading from file system: file:/C:/Games/Schoolwork/Spring%2023/CS4900/DawnseekerWorkspace/CS4900G2Proj2/CS4900G2Proj2/Dawnseeker/target/classes/assets/textures/DawnseekerPCV2Down.png
18:19:32.744 [FXGL Background Thread 2 ] DEBUG FXGLAssetLoaderServi - Loading from file system: file:/C:/Games/Schoolwork/Spring%2023/CS4900/DawnseekerWorkspace/CS4900G2Proj2/CS4900G2Proj2/Dawnseeker/target/classes/assets/textures/DawnseekerPCV2Up.png
18:19:32.746 [FXGL Background Thread 2 ] DEBUG FXGLAssetLoaderServi - Loading from file system: file:/C:/Games/Schoolwork/Spring%2023/CS4900/DawnseekerWorkspace/CS4900G2Proj2/CS4900G2Proj2/Dawnseeker/target/classes/assets/textures/DawnseekerPCV2Right.png
18:19:32.747 [FXGL Background Thread 2 ] DEBUG FXGLAssetLoaderServi - Loading from file system: file:/C:/Games/Schoolwork/Spring%2023/CS4900/DawnseekerWorkspace/CS4900G2Proj2/CS4900G2Proj2/Dawnseeker/target/classes/assets/textures/DawnseekerPCV2Left.png
18:19:32.760 [FXGL Background Thread 2 ] WARN  GameWorld            - Entity is already attached to world
18:19:32.761 [FXGL Background Thread 2 ] DEBUG FXGLAssetLoaderServi - Loading from file system: file:/C:/Games/Schoolwork/Spring%2023/CS4900/DawnseekerWorkspace/CS4900G2Proj2/CS4900G2Proj2/Dawnseeker/target/classes/assets/textures/Rock1.png
18:19:32.762 [FXGL Background Thread 2 ] WARN  Entity               - Entity already has component: com.almasb.fxgl.entity.components.CollidableComponent
18:19:32.762 [FXGL Background Thread 2 ] WARN  GameWorld            - Entity is already attached to world
18:19:32.763 [FXGL Background Thread 2 ] DEBUG FXGLAssetLoaderServi - Loading from file system: file:/C:/Games/Schoolwork/Spring%2023/CS4900/DawnseekerWorkspace/CS4900G2Proj2/CS4900G2Proj2/Dawnseeker/target/classes/assets/textures/Rock2.png
18:19:32.764 [FXGL Background Thread 2 ] WARN  Entity               - Entity already has component: com.almasb.fxgl.entity.components.CollidableComponent
18:19:32.764 [FXGL Background Thread 2 ] WARN  GameWorld            - Entity is already attached to world
18:19:32.765 [FXGL Background Thread 2 ] WARN  GameWorld            - Entity is already attached to world
18:19:32.766 [FXGL Background Thread 2 ] WARN  GameWorld            - Entity is already attached to world
18:19:32.779 [FXGL Background Thread 2 ] INFO  FXGLApplication      - Game initialization took: 0.063 sec
18:19:32.785 [JavaFX Application Thread] DEBUG Input                - Clearing active input actions
18:19:32.794 [JavaFX Application Thread] DEBUG GameApplicationServi - Removing overlay from FXGLLoadingScene and adding to GameScene
18:19:32.794 [JavaFX Application Thread] DEBUG PrimaryStageWindow   - FXGLLoadingScene -> GameScene
18:19:33.442 [JavaFX Application Thread] DEBUG FXGLAssetLoaderServi - Loading from file system: file:/C:/Games/Schoolwork/Spring%2023/CS4900/DawnseekerWorkspace/CS4900G2Proj2/CS4900G2Proj2/Dawnseeker/target/classes/assets/sounds/magic_missile.wav
18:19:33.450 [JavaFX Application Thread] DEBUG FXGLAssetLoaderServi - Loading from file system: file:/C:/Games/Schoolwork/Spring%2023/CS4900/DawnseekerWorkspace/CS4900G2Proj2/CS4900G2Proj2/Dawnseeker/target/classes/assets/textures/Fireball.gif
18:19:33.640 [JavaFX Application Thread] DEBUG FXGLAssetLoaderServi - Loading from file system: file:/C:/Games/Schoolwork/Spring%2023/CS4900/DawnseekerWorkspace/CS4900G2Proj2/CS4900G2Proj2/Dawnseeker/target/classes/assets/textures/Skull.gif
18:19:33.644 [JavaFX Application Thread] DEBUG FXGLAssetLoaderServi - Loading from file system: file:/C:/Games/Schoolwork/Spring%2023/CS4900/DawnseekerWorkspace/CS4900G2Proj2/CS4900G2Proj2/Dawnseeker/target/classes/assets/textures/Ghost.gif
18:19:34.782 [FXGL Background Thread 3 ] DEBUG Engine               - Logging environment variables
18:19:34.782 [FXGL Background Thread 3 ] DEBUG Engine               - achievements: []
18:19:34.782 [FXGL Background Thread 3 ] DEBUG Engine               - actualHeight: 1080.0
18:19:34.782 [FXGL Background Thread 3 ] DEBUG Engine               - actualHeightProperty: ReadOnlyDoubleProperty [value: 1080.0]
18:19:34.782 [FXGL Background Thread 3 ] DEBUG Engine               - actualWidth: 1920.0
18:19:34.782 [FXGL Background Thread 3 ] DEBUG Engine               - actualWidthProperty: ReadOnlyDoubleProperty [value: 1920.0]
18:19:34.782 [FXGL Background Thread 3 ] DEBUG Engine               - appIcon: fxgl_icon.png
18:19:34.782 [FXGL Background Thread 3 ] DEBUG Engine               - applicationMode: DEVELOPER
18:19:34.782 [FXGL Background Thread 3 ] DEBUG Engine               - cSSList: [fxgl_dark.css]
18:19:34.782 [FXGL Background Thread 3 ] DEBUG Engine               - collisionDetectionStrategy: BRUTE_FORCE
18:19:34.783 [FXGL Background Thread 3 ] DEBUG Engine               - configClass: Optional.empty
18:19:34.783 [FXGL Background Thread 3 ] DEBUG Engine               - credits: []
18:19:34.783 [FXGL Background Thread 3 ] DEBUG Engine               - defaultCursor: CursorInfo(imageName=fxgl_default_cursor.png, hotspotX=7.0, hotspotY=6.0)
18:19:34.783 [FXGL Background Thread 3 ] DEBUG Engine               - devBBoxColorProperty: ObjectProperty [value: 0xff0000ff]
18:19:34.783 [FXGL Background Thread 3 ] DEBUG Engine               - devEnableDebugCameraProperty: BooleanProperty [value: false]
18:19:34.783 [FXGL Background Thread 3 ] DEBUG Engine               - devSensorColorProperty: ObjectProperty [value: 0xffff00ff]
18:19:34.783 [FXGL Background Thread 3 ] DEBUG Engine               - devShowBBoxProperty: BooleanProperty [value: false]
18:19:34.783 [FXGL Background Thread 3 ] DEBUG Engine               - devShowPositionProperty: BooleanProperty [value: false]
18:19:34.783 [FXGL Background Thread 3 ] DEBUG Engine               - enabledMenuItems: []
18:19:34.783 [FXGL Background Thread 3 ] DEBUG Engine               - engineServices: [class com.almasb.fxgl.app.services.FXGLAssetLoaderService, class com.almasb.fxgl.app.FXGLApplication$GameApplicationService, class com.almasb.fxgl.app.services.FXGLDialogService, class com.almasb.fxgl.app.services.IOTaskExecutorService, class com.almasb.fxgl.io.FileSystemService, class com.almasb.fxgl.localization.LocalizationService, class com.almasb.fxgl.app.services.SystemBundleService, class com.almasb.fxgl.profile.SaveLoadService, class com.almasb.fxgl.ui.FXGLUIFactoryServiceProvider, class com.almasb.fxgl.ui.FXGLDialogFactoryServiceProvider, class com.almasb.fxgl.audio.AudioPlayer, class com.almasb.fxgl.notification.impl.NotificationServiceProvider, class com.almasb.fxgl.achievement.AchievementService, class com.almasb.fxgl.cutscene.CutsceneService, class com.almasb.fxgl.minigames.MiniGameService, class com.almasb.fxgl.net.NetService, class com.almasb.fxgl.app.services.UpdaterService, class com.almasb.fxgl.dev.DevService]
18:19:34.783 [FXGL Background Thread 3 ] DEBUG Engine               - fontGame: Abel-Regular.ttf
18:19:34.783 [FXGL Background Thread 3 ] DEBUG Engine               - fontMono: TerminalLandMono-Regular.otf
18:19:34.783 [FXGL Background Thread 3 ] DEBUG Engine               - fontText: Courier-Prime.ttf
18:19:34.783 [FXGL Background Thread 3 ] DEBUG Engine               - fontUI: VarelaRound-Regular.ttf
18:19:34.783 [FXGL Background Thread 3 ] DEBUG Engine               - fullScreen: BooleanProperty [value: false]
18:19:34.783 [FXGL Background Thread 3 ] DEBUG Engine               - gameDifficulty: MEDIUM
18:19:34.784 [FXGL Background Thread 3 ] DEBUG Engine               - gameDifficultyProperty: ObjectProperty [value: MEDIUM]
18:19:34.784 [FXGL Background Thread 3 ] DEBUG Engine               - globalMusicVolume: 0.5
18:19:34.784 [FXGL Background Thread 3 ] DEBUG Engine               - globalMusicVolumeProperty: DoubleProperty [value: 0.5]
18:19:34.784 [FXGL Background Thread 3 ] DEBUG Engine               - globalSoundVolume: 0.5
18:19:34.784 [FXGL Background Thread 3 ] DEBUG Engine               - globalSoundVolumeProperty: DoubleProperty [value: 0.5]
18:19:34.784 [FXGL Background Thread 3 ] DEBUG Engine               - height: 1080
18:19:34.784 [FXGL Background Thread 3 ] DEBUG Engine               - is3D: false
18:19:34.784 [FXGL Background Thread 3 ] DEBUG Engine               - isAndroid: false
18:19:34.784 [FXGL Background Thread 3 ] DEBUG Engine               - isBrowser: false
18:19:34.784 [FXGL Background Thread 3 ] DEBUG Engine               - isClickFeedbackEnabled: false
18:19:34.784 [FXGL Background Thread 3 ] DEBUG Engine               - isCloseConfirmation: false
18:19:34.784 [FXGL Background Thread 3 ] DEBUG Engine               - isDesktop: true
18:19:34.784 [FXGL Background Thread 3 ] DEBUG Engine               - isDeveloperMenuEnabled: false
18:19:34.784 [FXGL Background Thread 3 ] DEBUG Engine               - isEmbedded: false
18:19:34.784 [FXGL Background Thread 3 ] DEBUG Engine               - isEntityPreloadEnabled: true
18:19:34.784 [FXGL Background Thread 3 ] DEBUG Engine               - isExperimentalTiledLargeMap: false
18:19:34.784 [FXGL Background Thread 3 ] DEBUG Engine               - isFileSystemWriteAllowed: true
18:19:34.784 [FXGL Background Thread 3 ] DEBUG Engine               - isFullScreenAllowed: false
18:19:34.784 [FXGL Background Thread 3 ] DEBUG Engine               - isFullScreenFromStart: false
18:19:34.784 [FXGL Background Thread 3 ] DEBUG Engine               - isGameMenuEnabled: true
18:19:34.784 [FXGL Background Thread 3 ] DEBUG Engine               - isIOS: false
18:19:34.784 [FXGL Background Thread 3 ] DEBUG Engine               - isIntroEnabled: false
18:19:34.784 [FXGL Background Thread 3 ] DEBUG Engine               - isLinux: false
18:19:34.784 [FXGL Background Thread 3 ] DEBUG Engine               - isMac: false
18:19:34.784 [FXGL Background Thread 3 ] DEBUG Engine               - isMainMenuEnabled: true
18:19:34.784 [FXGL Background Thread 3 ] DEBUG Engine               - isManualResizeEnabled: false
18:19:34.784 [FXGL Background Thread 3 ] DEBUG Engine               - isMobile: false
18:19:34.784 [FXGL Background Thread 3 ] DEBUG Engine               - isNative: false
18:19:34.784 [FXGL Background Thread 3 ] DEBUG Engine               - isPauseMusicWhenMinimized: true
18:19:34.784 [FXGL Background Thread 3 ] DEBUG Engine               - isPreserveResizeRatio: false
18:19:34.785 [FXGL Background Thread 3 ] DEBUG Engine               - isProfilingEnabled: false
18:19:34.785 [FXGL Background Thread 3 ] DEBUG Engine               - isScaleAffectedOnResize: true
18:19:34.785 [FXGL Background Thread 3 ] DEBUG Engine               - isSingleStep: false
18:19:34.785 [FXGL Background Thread 3 ] DEBUG Engine               - isUserProfileEnabled: false
18:19:34.785 [FXGL Background Thread 3 ] DEBUG Engine               - isWindows: true
18:19:34.785 [FXGL Background Thread 3 ] DEBUG Engine               - language: ObjectProperty [value: ENGLISH]
18:19:34.785 [FXGL Background Thread 3 ] DEBUG Engine               - menuKey: ESCAPE
18:19:34.785 [FXGL Background Thread 3 ] DEBUG Engine               - mouseSensitivity: 0.2
18:19:34.785 [FXGL Background Thread 3 ] DEBUG Engine               - notificationViewClass: class com.almasb.fxgl.notification.view.XboxNotificationView
18:19:34.785 [FXGL Background Thread 3 ] DEBUG Engine               - pixelsPerMeter: 50.0
18:19:34.785 [FXGL Background Thread 3 ] DEBUG Engine               - platform: WINDOWS
18:19:34.785 [FXGL Background Thread 3 ] DEBUG Engine               - prefHeightProperty: ReadOnlyDoubleProperty [value: 1080.0]
18:19:34.785 [FXGL Background Thread 3 ] DEBUG Engine               - prefWidthProperty: ReadOnlyDoubleProperty [value: 1920.0]
18:19:34.785 [FXGL Background Thread 3 ] DEBUG Engine               - profileDir: profiles/
18:19:34.785 [FXGL Background Thread 3 ] DEBUG Engine               - profileName: StringProperty [value: DEFAULT]
18:19:34.785 [FXGL Background Thread 3 ] DEBUG Engine               - randomSeed: -1
18:19:34.785 [FXGL Background Thread 3 ] DEBUG Engine               - runtimeInfo: RuntimeInfo(platform=WINDOWS, version=17.2, build=20.08.2022 16.50)
18:19:34.785 [FXGL Background Thread 3 ] DEBUG Engine               - saveFileExt: sav
18:19:34.785 [FXGL Background Thread 3 ] DEBUG Engine               - scaledHeightProp$fxgl: DoubleProperty [bound, value: 1080.0]
18:19:34.785 [FXGL Background Thread 3 ] DEBUG Engine               - scaledWidthProp$fxgl: DoubleProperty [bound, value: 1920.0]
18:19:34.785 [FXGL Background Thread 3 ] DEBUG Engine               - sceneFactory: myGame.DawnseekerApp$1@36ac4c36
18:19:34.785 [FXGL Background Thread 3 ] DEBUG Engine               - secondsIn24h: 60
18:19:34.785 [FXGL Background Thread 3 ] DEBUG Engine               - soundMenuBack: menu/back.wav
18:19:34.785 [FXGL Background Thread 3 ] DEBUG Engine               - soundMenuPress: menu/press.wav
18:19:34.785 [FXGL Background Thread 3 ] DEBUG Engine               - soundMenuSelect: menu/select.wav
18:19:34.786 [FXGL Background Thread 3 ] DEBUG Engine               - soundNotification: core/notification.wav
18:19:34.786 [FXGL Background Thread 3 ] DEBUG Engine               - stageStyle: DECORATED
18:19:34.786 [FXGL Background Thread 3 ] DEBUG Engine               - supportedLanguages: [ENGLISH, FRENCH, GERMAN, HUNGARIAN, RUSSIAN]
18:19:34.786 [FXGL Background Thread 3 ] DEBUG Engine               - ticksPerSecond: -1
18:19:34.786 [FXGL Background Thread 3 ] DEBUG Engine               - title: Dawnseeker
18:19:34.786 [FXGL Background Thread 3 ] DEBUG Engine               - urlGithub: https://github.com/AlmasB/FXGL
18:19:34.786 [FXGL Background Thread 3 ] DEBUG Engine               - urlLeaderboard: http://fxgl-top.herokuapp.com/
18:19:34.786 [FXGL Background Thread 3 ] DEBUG Engine               - urlPOM: https://raw.githubusercontent.com/AlmasB/FXGL/release/README.md
18:19:34.786 [FXGL Background Thread 3 ] DEBUG Engine               - userAppClass: class myGame.DawnseekerApp
18:19:34.786 [FXGL Background Thread 3 ] DEBUG Engine               - version: 0.4
18:19:34.786 [FXGL Background Thread 3 ] DEBUG Engine               - versionCheckDays: 7
18:19:34.786 [FXGL Background Thread 3 ] DEBUG Engine               - width: 1920
18:19:34.786 [FXGL Background Thread 3 ] DEBUG Engine               - Logging services
18:19:34.786 [FXGL Background Thread 3 ] DEBUG Engine               - class com.almasb.fxgl.app.services.FXGLAssetLoaderService
18:19:34.786 [FXGL Background Thread 3 ] DEBUG Engine               - class com.almasb.fxgl.app.FXGLApplication$GameApplicationService
18:19:34.786 [FXGL Background Thread 3 ] DEBUG Engine               - class com.almasb.fxgl.app.services.FXGLDialogService
18:19:34.786 [FXGL Background Thread 3 ] DEBUG Engine               - class com.almasb.fxgl.app.services.IOTaskExecutorService
18:19:34.786 [FXGL Background Thread 3 ] DEBUG Engine               - class com.almasb.fxgl.io.FileSystemService
18:19:34.786 [FXGL Background Thread 3 ] DEBUG Engine               - class com.almasb.fxgl.localization.LocalizationService
18:19:34.786 [FXGL Background Thread 3 ] DEBUG Engine               - class com.almasb.fxgl.app.services.SystemBundleService
18:19:34.786 [FXGL Background Thread 3 ] DEBUG Engine               - class com.almasb.fxgl.profile.SaveLoadService
18:19:34.786 [FXGL Background Thread 3 ] DEBUG Engine               - class com.almasb.fxgl.ui.FXGLUIFactoryServiceProvider
18:19:34.786 [FXGL Background Thread 3 ] DEBUG Engine               - class com.almasb.fxgl.ui.FXGLDialogFactoryServiceProvider
18:19:34.786 [FXGL Background Thread 3 ] DEBUG Engine               - class com.almasb.fxgl.audio.AudioPlayer
18:19:34.786 [FXGL Background Thread 3 ] DEBUG Engine               - class com.almasb.fxgl.notification.impl.NotificationServiceProvider
18:19:34.786 [FXGL Background Thread 3 ] DEBUG Engine               - class com.almasb.fxgl.achievement.AchievementService
18:19:34.786 [FXGL Background Thread 3 ] DEBUG Engine               - class com.almasb.fxgl.cutscene.CutsceneService
18:19:34.786 [FXGL Background Thread 3 ] DEBUG Engine               - class com.almasb.fxgl.minigames.MiniGameService
18:19:34.786 [FXGL Background Thread 3 ] DEBUG Engine               - class com.almasb.fxgl.net.NetService
18:19:34.786 [FXGL Background Thread 3 ] DEBUG Engine               - class com.almasb.fxgl.app.services.UpdaterService
18:19:34.786 [FXGL Background Thread 3 ] DEBUG Engine               - class com.almasb.fxgl.dev.DevService
18:19:35.588 [JavaFX Application Thread] WARN  GameWorld            - Attempted to remove entity which is not active
18:19:35.589 [JavaFX Application Thread] DEBUG FXGLAssetLoaderServi - Loading from file system: file:/C:/Games/Schoolwork/Spring%2023/CS4900/DawnseekerWorkspace/CS4900G2Proj2/CS4900G2Proj2/Dawnseeker/target/classes/assets/textures/Coin.gif
18:19:35.591 [JavaFX Application Thread] DEBUG FXGLAssetLoaderServi - Loading from file system: file:/C:/Games/Schoolwork/Spring%2023/CS4900/DawnseekerWorkspace/CS4900G2Proj2/CS4900G2Proj2/Dawnseeker/target/classes/assets/sounds/bong.wav
18:19:36.312 [JavaFX Application Thread] WARN  GameWorld            - Attempted to remove entity which is not active
18:19:36.313 [JavaFX Application Thread] DEBUG FXGLAssetLoaderServi - Loading from file system: file:/C:/Games/Schoolwork/Spring%2023/CS4900/DawnseekerWorkspace/CS4900G2Proj2/CS4900G2Proj2/Dawnseeker/target/classes/assets/textures/SpeedPotion.gif
18:19:37.029 [JavaFX Application Thread] WARN  GameWorld            - Attempted to remove entity which is not active
18:19:37.191 [JavaFX Application Thread] WARN  GameWorld            - Attempted to remove entity which is not active
18:19:37.911 [JavaFX Application Thread] WARN  GameWorld            - Attempted to remove entity which is not active
18:19:37.912 [JavaFX Application Thread] DEBUG FXGLAssetLoaderServi - Loading from file system: file:/C:/Games/Schoolwork/Spring%2023/CS4900/DawnseekerWorkspace/CS4900G2Proj2/CS4900G2Proj2/Dawnseeker/target/classes/assets/textures/HealthPotion.gif
18:19:38.311 [JavaFX Application Thread] WARN  GameWorld            - Attempted to remove entity which is not active
18:19:38.903 [JavaFX Application Thread] WARN  GameWorld            - Attempted to remove entity which is not active
18:19:39.895 [JavaFX Application Thread] WARN  GameWorld            - Attempted to remove entity which is not active
18:19:40.199 [JavaFX Application Thread] WARN  GameWorld            - Attempted to remove entity which is not active
18:19:40.231 [JavaFX Application Thread] WARN  GameWorld            - Attempted to remove entity which is not active
18:19:40.390 [JavaFX Application Thread] WARN  GameWorld            - Attempted to remove entity which is not active
18:19:41.768 [JavaFX Application Thread] DEBUG FXGLAssetLoaderServi - Loading from file system: file:/C:/Games/Schoolwork/Spring%2023/CS4900/DawnseekerWorkspace/CS4900G2Proj2/CS4900G2Proj2/Dawnseeker/target/classes/assets/sounds/coin_pickup.wav
18:19:43.944 [JavaFX Application Thread] WARN  GameWorld            - Attempted to remove entity which is not active
18:19:44.804 [JavaFX Application Thread] WARN  GameWorld            - Attempted to remove entity which is not active
18:19:44.805 [JavaFX Application Thread] DEBUG FXGLAssetLoaderServi - Loading from file system: file:/C:/Games/Schoolwork/Spring%2023/CS4900/DawnseekerWorkspace/CS4900G2Proj2/CS4900G2Proj2/Dawnseeker/target/classes/assets/textures/PowerPotion.gif
18:19:45.240 [JavaFX Application Thread] WARN  GameWorld            - Attempted to remove entity which is not active
18:19:45.831 [JavaFX Application Thread] WARN  GameWorld            - Attempted to remove entity which is not active
18:19:45.925 [JavaFX Application Thread] WARN  GameWorld            - Attempted to remove entity which is not active
18:19:46.455 [JavaFX Application Thread] WARN  GameWorld            - Attempted to remove entity which is not active
18:19:47.366 [JavaFX Application Thread] WARN  GameWorld            - Attempted to remove entity which is not active
18:19:47.464 [JavaFX Application Thread] WARN  GameWorld            - Attempted to remove entity which is not active
18:19:47.847 [JavaFX Application Thread] WARN  GameWorld            - Attempted to remove entity which is not active
18:19:48.166 [JavaFX Application Thread] WARN  GameWorld            - Attempted to remove entity which is not active
18:19:52.327 [JavaFX Application Thread] DEBUG FXGLAssetLoaderServi - Loading from file system: file:/C:/Games/Schoolwork/Spring%2023/CS4900/DawnseekerWorkspace/CS4900G2Proj2/CS4900G2Proj2/Dawnseeker/target/classes/assets/sounds/yoda_death.wav
18:19:53.461 [JavaFX Application Thread] WARN  GameWorld            - Attempted to remove entity which is not active
18:19:53.701 [JavaFX Application Thread] WARN  GameWorld            - Attempted to remove entity which is not active
18:19:53.976 [JavaFX Application Thread] WARN  GameWorld            - Attempted to remove entity which is not active
18:19:54.024 [JavaFX Application Thread] WARN  GameWorld            - Attempted to remove entity which is not active
18:19:54.231 [JavaFX Application Thread] WARN  GameWorld            - Attempted to remove entity which is not active
18:19:54.775 [JavaFX Application Thread] WARN  GameWorld            - Attempted to remove entity which is not active
18:19:54.887 [JavaFX Application Thread] WARN  GameWorld            - Attempted to remove entity which is not active
18:19:54.981 [JavaFX Application Thread] WARN  GameWorld            - Attempted to remove entity which is not active
18:19:55.128 [JavaFX Application Thread] WARN  GameWorld            - Attempted to remove entity which is not active
18:19:55.528 [JavaFX Application Thread] DEBUG FXGLAssetLoaderServi - Loading from file system: file:/C:/Games/Schoolwork/Spring%2023/CS4900/DawnseekerWorkspace/CS4900G2Proj2/CS4900G2Proj2/Dawnseeker/target/classes/assets/sounds/player_oof.wav
18:19:55.911 [JavaFX Application Thread] WARN  GameWorld            - Attempted to remove entity which is not active
18:19:55.975 [JavaFX Application Thread] WARN  GameWorld            - Attempted to remove entity which is not active
18:19:56.887 [JavaFX Application Thread] WARN  GameWorld            - Attempted to remove entity which is not active
18:19:57.127 [JavaFX Application Thread] WARN  GameWorld            - Attempted to remove entity which is not active
18:19:57.416 [JavaFX Application Thread] WARN  GameWorld            - Attempted to remove entity which is not active
18:19:57.991 [JavaFX Application Thread] WARN  GameWorld            - Attempted to remove entity which is not active
18:19:58.183 [JavaFX Application Thread] WARN  GameWorld            - Attempted to remove entity which is not active
18:19:58.567 [JavaFX Application Thread] WARN  GameWorld            - Attempted to remove entity which is not active
18:19:59.127 [JavaFX Application Thread] WARN  GameWorld            - Attempted to remove entity which is not active
18:19:59.351 [JavaFX Application Thread] WARN  GameWorld            - Attempted to remove entity which is not active
18:19:59.592 [JavaFX Application Thread] WARN  GameWorld            - Attempted to remove entity which is not active
18:20:01.094 [JavaFX Application Thread] WARN  GameWorld            - Attempted to remove entity which is not active
18:20:01.431 [JavaFX Application Thread] WARN  GameWorld            - Attempted to remove entity which is not active
18:20:01.704 [JavaFX Application Thread] WARN  GameWorld            - Attempted to remove entity which is not active
18:20:01.879 [JavaFX Application Thread] WARN  GameWorld            - Attempted to remove entity which is not active
18:20:01.943 [JavaFX Application Thread] WARN  GameWorld            - Attempted to remove entity which is not active
18:20:02.103 [JavaFX Application Thread] WARN  GameWorld            - Attempted to remove entity which is not active
18:20:02.391 [JavaFX Application Thread] WARN  GameWorld            - Attempted to remove entity which is not active
18:20:03.078 [JavaFX Application Thread] WARN  GameWorld            - Attempted to remove entity which is not active
18:20:03.143 [JavaFX Application Thread] WARN  GameWorld            - Attempted to remove entity which is not active
18:20:03.383 [JavaFX Application Thread] WARN  GameWorld            - Attempted to remove entity which is not active
18:20:03.623 [JavaFX Application Thread] WARN  GameWorld            - Attempted to remove entity which is not active
18:20:03.959 [JavaFX Application Thread] WARN  GameWorld            - Attempted to remove entity which is not active
18:20:04.439 [JavaFX Application Thread] WARN  GameWorld            - Attempted to remove entity which is not active
18:20:04.519 [JavaFX Application Thread] WARN  GameWorld            - Attempted to remove entity which is not active
18:20:05.000 [JavaFX Application Thread] WARN  GameWorld            - Attempted to remove entity which is not active
18:20:05.415 [JavaFX Application Thread] WARN  GameWorld            - Attempted to remove entity which is not active
18:20:05.735 [JavaFX Application Thread] WARN  GameWorld            - Attempted to remove entity which is not active
18:20:05.879 [JavaFX Application Thread] WARN  GameWorld            - Attempted to remove entity which is not active
18:20:06.695 [JavaFX Application Thread] WARN  GameWorld            - Attempted to remove entity which is not active
18:20:06.775 [JavaFX Application Thread] WARN  GameWorld            - Attempted to remove entity which is not active
18:20:07.096 [JavaFX Application Thread] WARN  GameWorld            - Attempted to remove entity which is not active
18:20:07.254 [JavaFX Application Thread] WARN  GameWorld            - Attempted to remove entity which is not active
18:20:07.973 [JavaFX Application Thread] WARN  GameWorld            - Attempted to remove entity which is not active
18:20:08.071 [JavaFX Application Thread] WARN  GameWorld            - Attempted to remove entity which is not active
18:20:08.200 [JavaFX Application Thread] WARN  GameWorld            - Attempted to remove entity which is not active
18:20:08.328 [JavaFX Application Thread] WARN  GameWorld            - Attempted to remove entity which is not active
18:20:08.599 [JavaFX Application Thread] WARN  GameWorld            - Attempted to remove entity which is not active
18:20:08.711 [JavaFX Application Thread] WARN  GameWorld            - Attempted to remove entity which is not active
18:20:08.871 [JavaFX Application Thread] WARN  GameWorld            - Attempted to remove entity which is not active
18:20:09.063 [JavaFX Application Thread] WARN  GameWorld            - Attempted to remove entity which is not active
18:20:09.671 [JavaFX Application Thread] WARN  GameWorld            - Attempted to remove entity which is not active
18:20:09.735 [JavaFX Application Thread] WARN  GameWorld            - Attempted to remove entity which is not active
18:20:09.815 [JavaFX Application Thread] WARN  GameWorld            - Attempted to remove entity which is not active
18:20:09.943 [JavaFX Application Thread] WARN  GameWorld            - Attempted to remove entity which is not active
18:20:10.087 [JavaFX Application Thread] WARN  GameWorld            - Attempted to remove entity which is not active
18:20:10.375 [JavaFX Application Thread] WARN  GameWorld            - Attempted to remove entity which is not active
18:20:10.537 [JavaFX Application Thread] WARN  GameWorld            - Attempted to remove entity which is not active
18:20:10.759 [JavaFX Application Thread] WARN  GameWorld            - Attempted to remove entity which is not active
18:20:10.948 [JavaFX Application Thread] WARN  GameWorld            - Attempted to remove entity which is not active
18:20:11.143 [JavaFX Application Thread] WARN  GameWorld            - Attempted to remove entity which is not active
18:20:11.348 [JavaFX Application Thread] WARN  GameWorld            - Attempted to remove entity which is not active
18:20:11.512 [JavaFX Application Thread] WARN  GameWorld            - Attempted to remove entity which is not active
18:20:11.749 [JavaFX Application Thread] WARN  GameWorld            - Attempted to remove entity which is not active
18:20:11.927 [JavaFX Application Thread] WARN  GameWorld            - Attempted to remove entity which is not active
18:20:12.151 [JavaFX Application Thread] WARN  GameWorld            - Attempted to remove entity which is not active
18:20:12.375 [JavaFX Application Thread] WARN  GameWorld            - Attempted to remove entity which is not active
18:20:13.400 [JavaFX Application Thread] WARN  GameWorld            - Attempted to remove entity which is not active
18:20:13.559 [JavaFX Application Thread] WARN  GameWorld            - Attempted to remove entity which is not active
18:20:13.816 [JavaFX Application Thread] WARN  GameWorld            - Attempted to remove entity which is not active
18:20:14.455 [JavaFX Application Thread] WARN  GameWorld            - Attempted to remove entity which is not active
18:20:14.583 [JavaFX Application Thread] WARN  GameWorld            - Attempted to remove entity which is not active
18:20:14.711 [JavaFX Application Thread] WARN  GameWorld            - Attempted to remove entity which is not active
18:20:14.795 [JavaFX Application Thread] DEBUG AudioPlayer          - Stopping music com.almasb.fxgl.audio.Music@2b69b58e
18:20:14.795 [JavaFX Application Thread] DEBUG AudioPlayer          - Stopping music com.almasb.fxgl.audio.Music@135170f3
18:20:14.796 [JavaFX Application Thread] DEBUG Input                - Clearing active input actions
18:20:14.802 [JavaFX Application Thread] DEBUG GameApplicationServi - Removing overlay from GameScene and adding to FXGLMainMenuDummyScene
18:20:14.802 [JavaFX Application Thread] DEBUG PrimaryStageWindow   - GameScene -> FXGLMainMenuDummyScene
18:20:14.802 [JavaFX Application Thread] DEBUG PrimaryStageWindow   - Push state: DawnseekerMenu
18:20:14.802 [JavaFX Application Thread] DEBUG Input                - Clearing active input actions
18:20:14.803 [JavaFX Application Thread] DEBUG GameApplicationServi - Removing overlay from FXGLMainMenuDummyScene and adding to DawnseekerMenu
18:20:14.803 [JavaFX Application Thread] DEBUG PrimaryStageWindow   - FXGLMainMenuDummyScene -> DawnseekerMenu
18:20:14.803 [JavaFX Application Thread] DEBUG AudioPlayer          - Playing music com.almasb.fxgl.audio.Music@2b69b58e
18:20:15.862 [JavaFX Application Thread] DEBUG Menu                 - fireNewGame()
18:20:15.862 [JavaFX Application Thread] DEBUG GameApplicationServi - Starting new game
18:20:15.862 [JavaFX Application Thread] DEBUG PrimaryStageWindow   - Pop state: DawnseekerMenu
18:20:15.862 [JavaFX Application Thread] DEBUG Input                - Clearing active input actions
18:20:15.863 [JavaFX Application Thread] DEBUG GameApplicationServi - Removing overlay from DawnseekerMenu and adding to FXGLMainMenuDummyScene
18:20:15.863 [JavaFX Application Thread] DEBUG PrimaryStageWindow   - FXGLMainMenuDummyScene <- DawnseekerMenu
18:20:15.863 [JavaFX Application Thread] DEBUG Input                - Clearing active input actions
18:20:15.866 [JavaFX Application Thread] DEBUG GameApplicationServi - Removing overlay from FXGLMainMenuDummyScene and adding to FXGLLoadingScene
18:20:15.866 [JavaFX Application Thread] DEBUG PrimaryStageWindow   - FXGLMainMenuDummyScene -> FXGLLoadingScene
18:20:15.866 [JavaFX Application Thread] DEBUG GameApplicationServi - Clearing previous game
18:20:15.866 [JavaFX Application Thread] DEBUG GameScene            - Clearing game scene
18:20:15.866 [JavaFX Application Thread] DEBUG GameWorld            - Clearing game world
18:20:15.867 [JavaFX Application Thread] DEBUG PhysicsWorld         - Clearing physics world
18:20:15.868 [FXGL Background Thread 2 ] DEBUG FXGLApplication      - Initializing game
18:20:15.868 [FXGL Background Thread 2 ] DEBUG AudioPlayer          - Stopping music com.almasb.fxgl.audio.Music@2b69b58e
18:20:15.868 [FXGL Background Thread 2 ] DEBUG AudioPlayer          - Stopping music com.almasb.fxgl.audio.Music@135170f3
18:20:15.869 [FXGL Background Thread 2 ] DEBUG AudioPlayer          - Playing music com.almasb.fxgl.audio.Music@135170f3
18:20:15.870 [FXGL Background Thread 2 ] WARN  GameWorld            - Entity is already attached to world
18:20:15.870 [FXGL Background Thread 2 ] WARN  Entity               - Entity already has component: com.almasb.fxgl.entity.components.CollidableComponent
18:20:15.870 [FXGL Background Thread 2 ] WARN  GameWorld            - Entity is already attached to world
18:20:15.871 [FXGL Background Thread 2 ] WARN  Entity               - Entity already has component: com.almasb.fxgl.entity.components.CollidableComponent
18:20:15.871 [FXGL Background Thread 2 ] WARN  GameWorld            - Entity is already attached to world
18:20:15.871 [FXGL Background Thread 2 ] WARN  GameWorld            - Entity is already attached to world
18:20:15.871 [FXGL Background Thread 2 ] WARN  GameWorld            - Entity is already attached to world
18:20:15.872 [FXGL Background Thread 2 ] INFO  FXGLApplication      - Game initialization took: 0.005 sec
18:20:15.873 [JavaFX Application Thread] DEBUG Input                - Clearing active input actions
18:20:15.876 [JavaFX Application Thread] DEBUG GameApplicationServi - Removing overlay from FXGLLoadingScene and adding to GameScene
18:20:15.876 [JavaFX Application Thread] DEBUG PrimaryStageWindow   - FXGLLoadingScene -> GameScene
18:20:17.895 [JavaFX Application Thread] WARN  GameWorld            - Attempted to remove entity which is not active
18:20:20.263 [JavaFX Application Thread] WARN  GameWorld            - Attempted to remove entity which is not active
18:20:20.536 [JavaFX Application Thread] WARN  GameWorld            - Attempted to remove entity which is not active
18:20:20.791 [JavaFX Application Thread] WARN  GameWorld            - Attempted to remove entity which is not active
18:20:21.765 [JavaFX Application Thread] WARN  GameWorld            - Attempted to remove entity which is not active
18:20:22.135 [JavaFX Application Thread] WARN  GameWorld            - Attempted to remove entity which is not active
18:20:23.927 [JavaFX Application Thread] WARN  GameWorld            - Attempted to remove entity which is not active
18:20:24.103 [JavaFX Application Thread] WARN  GameWorld            - Attempted to remove entity which is not active
18:20:24.375 [JavaFX Application Thread] WARN  GameWorld            - Attempted to remove entity which is not active
18:20:27.399 [JavaFX Application Thread] WARN  GameWorld            - Attempted to remove entity which is not active
18:20:27.527 [JavaFX Application Thread] WARN  GameWorld            - Attempted to remove entity which is not active
18:20:27.863 [JavaFX Application Thread] WARN  GameWorld            - Attempted to remove entity which is not active
18:20:28.023 [JavaFX Application Thread] WARN  GameWorld            - Attempted to remove entity which is not active
18:20:28.247 [JavaFX Application Thread] WARN  GameWorld            - Attempted to remove entity which is not active
18:20:28.447 [JavaFX Application Thread] DEBUG FXGLApplication      - Exiting FXGL
18:20:28.447 [JavaFX Application Thread] DEBUG LoopRunner           - Stopping loop
18:20:28.447 [JavaFX Application Thread] DEBUG SystemBundleService  - Saving FXGL system data
18:20:28.448 [JavaFX Application Thread] DEBUG FileSystemAccess     - Writing to: C:\Games\Schoolwork\Spring 23\CS4900\DawnseekerWorkspace\CS4900G2Proj2\CS4900G2Proj2\Dawnseeker\system\fxgl.bundle
18:20:28.450 [JavaFX Application Thread] DEBUG Async                - Shutting down background threads
18:20:28.450 [JavaFX Application Thread] DEBUG PrimaryStageWindow   - Closing main window
18:20:28.459 [JavaFX Application Thread] DEBUG Logger               - Closing Logger
