15:47:09.479 [main                     ] DEBUG Logger               - Configured Logger
15:47:09.497 [main                     ] DEBUG GameApplication      - Logging settings
Title: Dawnseeker
Version: 0.2
Width: 1024
Height: 1024
Fullscreen: false
Intro: false
Profiling: false
Single step:false
App Mode: DEVELOPER
Menu Key: ESCAPE
Stage Style: DECORATED
Scene Factory: class myGame.DawnseekerApp$1

15:47:09.856 [JavaFX Application Thread] DEBUG FXGLApplication      - Initializing FXGL
15:47:09.863 [JavaFX Application Thread] INFO  Engine               - FXGL-17.2 (20.08.2022 16.50) on WINDOWS (J:18.0.2.1 FX:18)
15:47:09.863 [JavaFX Application Thread] DEBUG Engine               - JRE Vendor Name: Oracle Corporation
15:47:09.863 [JavaFX Application Thread] DEBUG Engine               - Running on OS: Windows 10 version 10.0
15:47:09.863 [JavaFX Application Thread] DEBUG Engine               - Architecture: amd64
15:47:09.864 [JavaFX Application Thread] INFO  Engine               - Source code and latest versions at: https://github.com/AlmasB/FXGL
15:47:09.864 [JavaFX Application Thread] INFO  Engine               -       Ask questions and discuss at: https://github.com/AlmasB/FXGL/discussions
15:47:09.864 [JavaFX Application Thread] INFO  Engine               -              Join the FXGL chat at: https://gitter.im/AlmasB/FXGL
15:47:09.952 [JavaFX Application Thread] DEBUG PrimaryStageWindow   - Creating a JavaFX scene
15:47:09.989 [JavaFX Application Thread] DEBUG PrimaryStageWindow   - Target settings size: 1024.0 x 1024.0
15:47:09.989 [JavaFX Application Thread] DEBUG PrimaryStageWindow   - Scaled scene size:    1024.0 x 1024.0
15:47:09.989 [JavaFX Application Thread] DEBUG PrimaryStageWindow   - Scaled ratio: (1.0, 1.0)
15:47:09.991 [JavaFX Application Thread] DEBUG PrimaryStageWindow   - Set initial scene to FXGLStartupScene
15:47:09.996 [JavaFX Application Thread] DEBUG PrimaryStageWindow   - Opening main window
15:47:10.066 [JavaFX Application Thread] DEBUG PrimaryStageWindow   - Window border size: (16.0, 39.0)
15:47:10.066 [JavaFX Application Thread] DEBUG PrimaryStageWindow   - Scaled size: 1024.0 x 1024.0
15:47:10.067 [JavaFX Application Thread] DEBUG PrimaryStageWindow   - Scaled ratio: (1.0, 1.0)
15:47:10.067 [JavaFX Application Thread] DEBUG PrimaryStageWindow   - Scene size: 1024.0 x 1024.0
15:47:10.067 [JavaFX Application Thread] DEBUG PrimaryStageWindow   - Stage size: 1040.0 x 1063.0
15:47:10.072 [FXGL Background Thread 1 ] DEBUG Engine               - Initializing environment variables
15:47:10.113 [FXGL Background Thread 1 ] DEBUG FXGLAssetLoaderServi - User app class for loading assets: class myGame.DawnseekerApp
15:47:10.113 [FXGL Background Thread 1 ] DEBUG GameApplicationServi - Applying CSS: fxgl_dark.css
15:47:10.114 [FXGL Background Thread 1 ] DEBUG FXGLAssetLoaderServi - Loading from file system: jar:file:/C:/Users/garre/.m2/repository/com/github/almasb/fxgl/17.2/fxgl-17.2.jar!/fxglassets/ui/css/fxgl_dark.css
15:47:10.150 [FXGL Background Thread 1 ] DEBUG GameApplicationServi - Initializing application scenes
15:47:10.187 [FXGL Background Thread 1 ] DEBUG GameWorld            - Game world initialized
15:47:10.233 [FXGL Background Thread 1 ] DEBUG PhysicsWorld         - Physics world initialized: appHeight=1024, physics.ppm=50.0
15:47:10.233 [FXGL Background Thread 1 ] DEBUG PhysicsWorld         - Using strategy: BRUTE_FORCE
15:47:10.237 [FXGL Background Thread 1 ] DEBUG GameScene            - Game scene initialized: 1024x1024
15:47:10.253 [FXGL Background Thread 1 ] DEBUG FXGL.DefaultMenu     - createMenuBodyGameMenu()
15:47:10.265 [FXGL Background Thread 1 ] DEBUG FXGL.DefaultMenu     - createOptionsMenu()
15:47:10.272 [FXGL Background Thread 1 ] DEBUG FXGLAssetLoaderServi - Loading from file system: jar:file:/C:/Users/garre/.m2/repository/com/github/almasb/fxgl/17.2/fxgl-17.2.jar!/fxglassets/textures/particles/smoke.png
15:47:10.348 [FXGL Background Thread 1 ] DEBUG FXGLAssetLoaderServi - Loading from file system: jar:file:/C:/Users/garre/.m2/repository/com/github/almasb/fxgl/17.2/fxgl-17.2.jar!/fxglassets/textures/particles/trace_horizontal.png
15:47:10.369 [FXGL Background Thread 1 ] DEBUG GameApplicationServi - Application scenes initialized
15:47:10.378 [FXGL Background Thread 1 ] DEBUG SystemBundleService  - Loading FXGL system data
15:47:10.381 [FXGL Background Thread 1 ] DEBUG FileSystemAccess     - Reading from: C:\Users\garre\git\CS4900G2Proj2\Dawnseeker\system\fxgl.bundle
15:47:10.387 [FXGL Background Thread 1 ] DEBUG SystemBundleService  - Bundle FXGL: {}
15:47:10.387 [FXGL Background Thread 1 ] DEBUG UpdaterService       - Checking for updates
15:47:10.389 [FXGL Background Thread 4 ] DEBUG FXGLApplication      - Loading fonts
15:47:10.390 [FXGL Background Thread 4 ] DEBUG FXGLAssetLoaderServi - Loading from file system: jar:file:/C:/Users/garre/.m2/repository/com/github/almasb/fxgl/17.2/fxgl-17.2.jar!/fxglassets/ui/fonts/VarelaRound-Regular.ttf
15:47:10.392 [FXGL Background Thread 1 ] DEBUG FXGLApplication      - Loading default localization
15:47:10.392 [FXGL Background Thread 1 ] DEBUG FXGLAssetLoaderServi - Loading from file system: jar:file:/C:/Users/garre/.m2/repository/com/github/almasb/fxgl/17.2/fxgl-17.2.jar!/fxglassets/languages/english.lang
15:47:10.417 [FXGL Background Thread 1 ] INFO  FXGLApplication      - FXGL initialization took: 0.343 sec
15:47:10.426 [JavaFX Application Thread] DEBUG Input                - Registered new binding: action0 - LMB
15:47:10.433 [JavaFX Application Thread] DEBUG Input                - Registered new binding: Up - W
15:47:10.433 [JavaFX Application Thread] DEBUG Input                - Registered new binding: Down - S
15:47:10.433 [JavaFX Application Thread] DEBUG Input                - Registered new binding: Right - D
15:47:10.433 [JavaFX Application Thread] DEBUG Input                - Registered new binding: Left - A
15:47:10.433 [JavaFX Application Thread] DEBUG FXGLAssetLoaderServi - Loading from file system: jar:file:/C:/Users/garre/.m2/repository/com/github/almasb/fxgl/17.2/fxgl-17.2.jar!/fxglassets/textures/fxgl_icon.png
15:47:10.448 [JavaFX Application Thread] DEBUG FXGLAssetLoaderServi - Loading from file system: jar:file:/C:/Users/garre/.m2/repository/com/github/almasb/fxgl/17.2/fxgl-17.2.jar!/fxglassets/textures/fxgl_default_cursor.png
15:47:10.451 [JavaFX Application Thread] DEBUG Input                - Registered new binding: Screenshot - CTRL+8
15:47:10.452 [JavaFX Application Thread] DEBUG Input                - Registered new binding: System info dump - CTRL+9
15:47:10.453 [JavaFX Application Thread] DEBUG Input                - Registered new binding: Restart - CTRL+R
15:47:10.453 [JavaFX Application Thread] DEBUG Input                - Registered new binding: Toggle Debug Camera - CTRL+7
15:47:10.456 [JavaFX Application Thread] DEBUG LoopRunner           - Starting loop
15:47:10.456 [JavaFX Application Thread] DEBUG LoopRunner           - Initializing JavaFX AnimationTimerLoop
15:47:10.461 [JavaFX Application Thread] DEBUG Input                - Clearing active input actions
15:47:10.467 [JavaFX Application Thread] DEBUG GameApplicationServi - Removing overlay from FXGLStartupScene and adding to FXGLMainMenuDummyScene
15:47:10.467 [JavaFX Application Thread] DEBUG PrimaryStageWindow   - FXGLStartupScene -> FXGLMainMenuDummyScene
15:47:10.467 [JavaFX Application Thread] DEBUG PrimaryStageWindow   - Push state: DawnseekerMenu
15:47:10.467 [JavaFX Application Thread] DEBUG Input                - Clearing active input actions
15:47:10.472 [JavaFX Application Thread] DEBUG GameApplicationServi - Removing overlay from FXGLMainMenuDummyScene and adding to DawnseekerMenu
15:47:10.472 [JavaFX Application Thread] DEBUG PrimaryStageWindow   - FXGLMainMenuDummyScene -> DawnseekerMenu
15:47:10.479 [FXGL Background Thread 4 ] DEBUG FXGLAssetLoaderServi - Loading from file system: jar:file:/C:/Users/garre/.m2/repository/com/github/almasb/fxgl/17.2/fxgl-17.2.jar!/fxglassets/ui/fonts/Abel-Regular.ttf
15:47:10.481 [FXGL Background Thread 4 ] DEBUG FXGLAssetLoaderServi - Loading from file system: jar:file:/C:/Users/garre/.m2/repository/com/github/almasb/fxgl/17.2/fxgl-17.2.jar!/fxglassets/ui/fonts/TerminalLandMono-Regular.otf
15:47:10.485 [FXGL Background Thread 4 ] DEBUG FXGLAssetLoaderServi - Loading from file system: jar:file:/C:/Users/garre/.m2/repository/com/github/almasb/fxgl/17.2/fxgl-17.2.jar!/fxglassets/ui/fonts/Courier-Prime.ttf
15:47:10.493 [JavaFX Application Thread] DEBUG FXGLApplication      - Registering font factories with UI factory
15:47:11.344 [JavaFX Application Thread] DEBUG Menu                 - fireNewGame()
15:47:11.344 [JavaFX Application Thread] DEBUG GameApplicationServi - Starting new game
15:47:11.345 [JavaFX Application Thread] DEBUG PrimaryStageWindow   - Pop state: DawnseekerMenu
15:47:11.345 [JavaFX Application Thread] DEBUG Input                - Clearing active input actions
15:47:11.345 [JavaFX Application Thread] DEBUG GameApplicationServi - Removing overlay from DawnseekerMenu and adding to FXGLMainMenuDummyScene
15:47:11.345 [JavaFX Application Thread] DEBUG PrimaryStageWindow   - FXGLMainMenuDummyScene <- DawnseekerMenu
15:47:11.345 [JavaFX Application Thread] DEBUG Input                - Clearing active input actions
15:47:11.350 [JavaFX Application Thread] DEBUG GameApplicationServi - Removing overlay from FXGLMainMenuDummyScene and adding to FXGLLoadingScene
15:47:11.351 [JavaFX Application Thread] DEBUG PrimaryStageWindow   - FXGLMainMenuDummyScene -> FXGLLoadingScene
15:47:11.351 [JavaFX Application Thread] DEBUG GameApplicationServi - Clearing previous game
15:47:11.351 [JavaFX Application Thread] DEBUG GameScene            - Clearing game scene
15:47:11.351 [JavaFX Application Thread] DEBUG GameWorld            - Clearing game world
15:47:11.351 [JavaFX Application Thread] DEBUG PhysicsWorld         - Clearing physics world
15:47:11.352 [FXGL Background Thread 2 ] DEBUG FXGLApplication      - Initializing game
15:47:11.355 [FXGL Background Thread 2 ] DEBUG FXGLAssetLoaderServi - Loading from file system: file:/C:/Users/garre/git/CS4900G2Proj2/Dawnseeker/target/classes/assets/music/heartache.mp3
15:47:11.480 [FXGL Background Thread 2 ] DEBUG AudioPlayer          - Playing music com.almasb.fxgl.audio.Music@6a670bd1
15:47:11.492 [FXGL Background Thread 2 ] DEBUG FXGLAssetLoaderServi - Loading from file system: file:/C:/Users/garre/git/CS4900G2Proj2/Dawnseeker/target/classes/assets/textures/DawnseekerPCV2.png
15:47:11.497 [FXGL Background Thread 2 ] DEBUG FXGLAssetLoaderServi - Loading from file system: file:/C:/Users/garre/git/CS4900G2Proj2/Dawnseeker/target/classes/assets/textures/DawnseekerPCV2Down.png
15:47:11.499 [FXGL Background Thread 2 ] DEBUG FXGLAssetLoaderServi - Loading from file system: file:/C:/Users/garre/git/CS4900G2Proj2/Dawnseeker/target/classes/assets/textures/DawnseekerPCV2Up.png
15:47:11.500 [FXGL Background Thread 2 ] DEBUG FXGLAssetLoaderServi - Loading from file system: file:/C:/Users/garre/git/CS4900G2Proj2/Dawnseeker/target/classes/assets/textures/DawnseekerPCV2Right.png
15:47:11.501 [FXGL Background Thread 2 ] DEBUG FXGLAssetLoaderServi - Loading from file system: file:/C:/Users/garre/git/CS4900G2Proj2/Dawnseeker/target/classes/assets/textures/DawnseekerPCV2Left.png
15:47:11.512 [FXGL Background Thread 2 ] WARN  GameWorld            - Entity is already attached to world
15:47:11.512 [FXGL Background Thread 2 ] WARN  Entity               - Entity already has component: com.almasb.fxgl.entity.components.CollidableComponent
15:47:11.512 [FXGL Background Thread 2 ] WARN  GameWorld            - Entity is already attached to world
15:47:11.513 [FXGL Background Thread 2 ] WARN  Entity               - Entity already has component: com.almasb.fxgl.entity.components.CollidableComponent
15:47:11.513 [FXGL Background Thread 2 ] WARN  GameWorld            - Entity is already attached to world
15:47:11.513 [FXGL Background Thread 2 ] WARN  Entity               - Entity already has component: com.almasb.fxgl.entity.components.CollidableComponent
15:47:11.513 [FXGL Background Thread 2 ] WARN  GameWorld            - Entity is already attached to world
15:47:11.514 [FXGL Background Thread 2 ] WARN  Entity               - Entity already has component: com.almasb.fxgl.entity.components.CollidableComponent
15:47:11.514 [FXGL Background Thread 2 ] WARN  GameWorld            - Entity is already attached to world
15:47:11.514 [FXGL Background Thread 2 ] WARN  GameWorld            - Entity is already attached to world
15:47:11.531 [FXGL Background Thread 2 ] INFO  FXGLApplication      - Game initialization took: 0.179 sec
15:47:11.534 [JavaFX Application Thread] DEBUG Input                - Clearing active input actions
15:47:11.542 [JavaFX Application Thread] DEBUG GameApplicationServi - Removing overlay from FXGLLoadingScene and adding to GameScene
15:47:11.542 [JavaFX Application Thread] DEBUG PrimaryStageWindow   - FXGLLoadingScene -> GameScene
15:47:11.795 [JavaFX Application Thread] DEBUG FXGLAssetLoaderServi - Loading from file system: file:/C:/Users/garre/git/CS4900G2Proj2/Dawnseeker/target/classes/assets/textures/EnemyDawnseeker.png
15:47:13.390 [FXGL Background Thread 3 ] DEBUG Engine               - Logging environment variables
15:47:13.390 [FXGL Background Thread 3 ] DEBUG Engine               - achievements: []
15:47:13.390 [FXGL Background Thread 3 ] DEBUG Engine               - actualHeight: 1024.0
15:47:13.390 [FXGL Background Thread 3 ] DEBUG Engine               - actualHeightProperty: ReadOnlyDoubleProperty [value: 1024.0]
15:47:13.390 [FXGL Background Thread 3 ] DEBUG Engine               - actualWidth: 1024.0
15:47:13.390 [FXGL Background Thread 3 ] DEBUG Engine               - actualWidthProperty: ReadOnlyDoubleProperty [value: 1024.0]
15:47:13.390 [FXGL Background Thread 3 ] DEBUG Engine               - appIcon: fxgl_icon.png
15:47:13.390 [FXGL Background Thread 3 ] DEBUG Engine               - applicationMode: DEVELOPER
15:47:13.390 [FXGL Background Thread 3 ] DEBUG Engine               - cSSList: [fxgl_dark.css]
15:47:13.390 [FXGL Background Thread 3 ] DEBUG Engine               - collisionDetectionStrategy: BRUTE_FORCE
15:47:13.390 [FXGL Background Thread 3 ] DEBUG Engine               - configClass: Optional.empty
15:47:13.390 [FXGL Background Thread 3 ] DEBUG Engine               - credits: []
15:47:13.391 [FXGL Background Thread 3 ] DEBUG Engine               - defaultCursor: CursorInfo(imageName=fxgl_default_cursor.png, hotspotX=7.0, hotspotY=6.0)
15:47:13.391 [FXGL Background Thread 3 ] DEBUG Engine               - devBBoxColorProperty: ObjectProperty [value: 0xff0000ff]
15:47:13.391 [FXGL Background Thread 3 ] DEBUG Engine               - devEnableDebugCameraProperty: BooleanProperty [value: false]
15:47:13.391 [FXGL Background Thread 3 ] DEBUG Engine               - devSensorColorProperty: ObjectProperty [value: 0xffff00ff]
15:47:13.391 [FXGL Background Thread 3 ] DEBUG Engine               - devShowBBoxProperty: BooleanProperty [value: false]
15:47:13.391 [FXGL Background Thread 3 ] DEBUG Engine               - devShowPositionProperty: BooleanProperty [value: false]
15:47:13.391 [FXGL Background Thread 3 ] DEBUG Engine               - enabledMenuItems: []
15:47:13.391 [FXGL Background Thread 3 ] DEBUG Engine               - engineServices: [class com.almasb.fxgl.app.services.FXGLAssetLoaderService, class com.almasb.fxgl.app.FXGLApplication$GameApplicationService, class com.almasb.fxgl.app.services.FXGLDialogService, class com.almasb.fxgl.app.services.IOTaskExecutorService, class com.almasb.fxgl.io.FileSystemService, class com.almasb.fxgl.localization.LocalizationService, class com.almasb.fxgl.app.services.SystemBundleService, class com.almasb.fxgl.profile.SaveLoadService, class com.almasb.fxgl.ui.FXGLUIFactoryServiceProvider, class com.almasb.fxgl.ui.FXGLDialogFactoryServiceProvider, class com.almasb.fxgl.audio.AudioPlayer, class com.almasb.fxgl.notification.impl.NotificationServiceProvider, class com.almasb.fxgl.achievement.AchievementService, class com.almasb.fxgl.cutscene.CutsceneService, class com.almasb.fxgl.minigames.MiniGameService, class com.almasb.fxgl.net.NetService, class com.almasb.fxgl.app.services.UpdaterService, class com.almasb.fxgl.dev.DevService]
15:47:13.391 [FXGL Background Thread 3 ] DEBUG Engine               - fontGame: Abel-Regular.ttf
15:47:13.391 [FXGL Background Thread 3 ] DEBUG Engine               - fontMono: TerminalLandMono-Regular.otf
15:47:13.391 [FXGL Background Thread 3 ] DEBUG Engine               - fontText: Courier-Prime.ttf
15:47:13.391 [FXGL Background Thread 3 ] DEBUG Engine               - fontUI: VarelaRound-Regular.ttf
15:47:13.391 [FXGL Background Thread 3 ] DEBUG Engine               - fullScreen: BooleanProperty [value: false]
15:47:13.391 [FXGL Background Thread 3 ] DEBUG Engine               - gameDifficulty: MEDIUM
15:47:13.391 [FXGL Background Thread 3 ] DEBUG Engine               - gameDifficultyProperty: ObjectProperty [value: MEDIUM]
15:47:13.391 [FXGL Background Thread 3 ] DEBUG Engine               - globalMusicVolume: 0.5
15:47:13.391 [FXGL Background Thread 3 ] DEBUG Engine               - globalMusicVolumeProperty: DoubleProperty [value: 0.5]
15:47:13.391 [FXGL Background Thread 3 ] DEBUG Engine               - globalSoundVolume: 0.5
15:47:13.391 [FXGL Background Thread 3 ] DEBUG Engine               - globalSoundVolumeProperty: DoubleProperty [value: 0.5]
15:47:13.391 [FXGL Background Thread 3 ] DEBUG Engine               - height: 1024
15:47:13.391 [FXGL Background Thread 3 ] DEBUG Engine               - is3D: false
15:47:13.391 [FXGL Background Thread 3 ] DEBUG Engine               - isAndroid: false
15:47:13.391 [FXGL Background Thread 3 ] DEBUG Engine               - isBrowser: false
15:47:13.391 [FXGL Background Thread 3 ] DEBUG Engine               - isClickFeedbackEnabled: false
15:47:13.392 [FXGL Background Thread 3 ] DEBUG Engine               - isCloseConfirmation: false
15:47:13.392 [FXGL Background Thread 3 ] DEBUG Engine               - isDesktop: true
15:47:13.392 [FXGL Background Thread 3 ] DEBUG Engine               - isDeveloperMenuEnabled: false
15:47:13.392 [FXGL Background Thread 3 ] DEBUG Engine               - isEmbedded: false
15:47:13.392 [FXGL Background Thread 3 ] DEBUG Engine               - isEntityPreloadEnabled: true
15:47:13.392 [FXGL Background Thread 3 ] DEBUG Engine               - isExperimentalTiledLargeMap: false
15:47:13.392 [FXGL Background Thread 3 ] DEBUG Engine               - isFileSystemWriteAllowed: true
15:47:13.392 [FXGL Background Thread 3 ] DEBUG Engine               - isFullScreenAllowed: false
15:47:13.392 [FXGL Background Thread 3 ] DEBUG Engine               - isFullScreenFromStart: false
15:47:13.392 [FXGL Background Thread 3 ] DEBUG Engine               - isGameMenuEnabled: true
15:47:13.392 [FXGL Background Thread 3 ] DEBUG Engine               - isIOS: false
15:47:13.392 [FXGL Background Thread 3 ] DEBUG Engine               - isIntroEnabled: false
15:47:13.392 [FXGL Background Thread 3 ] DEBUG Engine               - isLinux: false
15:47:13.392 [FXGL Background Thread 3 ] DEBUG Engine               - isMac: false
15:47:13.392 [FXGL Background Thread 3 ] DEBUG Engine               - isMainMenuEnabled: true
15:47:13.392 [FXGL Background Thread 3 ] DEBUG Engine               - isManualResizeEnabled: false
15:47:13.392 [FXGL Background Thread 3 ] DEBUG Engine               - isMobile: false
15:47:13.392 [FXGL Background Thread 3 ] DEBUG Engine               - isNative: false
15:47:13.392 [FXGL Background Thread 3 ] DEBUG Engine               - isPauseMusicWhenMinimized: true
15:47:13.392 [FXGL Background Thread 3 ] DEBUG Engine               - isPreserveResizeRatio: false
15:47:13.392 [FXGL Background Thread 3 ] DEBUG Engine               - isProfilingEnabled: false
15:47:13.392 [FXGL Background Thread 3 ] DEBUG Engine               - isScaleAffectedOnResize: true
15:47:13.392 [FXGL Background Thread 3 ] DEBUG Engine               - isSingleStep: false
15:47:13.392 [FXGL Background Thread 3 ] DEBUG Engine               - isUserProfileEnabled: false
15:47:13.392 [FXGL Background Thread 3 ] DEBUG Engine               - isWindows: true
15:47:13.392 [FXGL Background Thread 3 ] DEBUG Engine               - language: ObjectProperty [value: ENGLISH]
15:47:13.392 [FXGL Background Thread 3 ] DEBUG Engine               - menuKey: ESCAPE
15:47:13.392 [FXGL Background Thread 3 ] DEBUG Engine               - mouseSensitivity: 0.2
15:47:13.392 [FXGL Background Thread 3 ] DEBUG Engine               - notificationViewClass: class com.almasb.fxgl.notification.view.XboxNotificationView
15:47:13.392 [FXGL Background Thread 3 ] DEBUG Engine               - pixelsPerMeter: 50.0
15:47:13.392 [FXGL Background Thread 3 ] DEBUG Engine               - platform: WINDOWS
15:47:13.392 [FXGL Background Thread 3 ] DEBUG Engine               - prefHeightProperty: ReadOnlyDoubleProperty [value: 1024.0]
15:47:13.392 [FXGL Background Thread 3 ] DEBUG Engine               - prefWidthProperty: ReadOnlyDoubleProperty [value: 1024.0]
15:47:13.392 [FXGL Background Thread 3 ] DEBUG Engine               - profileDir: profiles/
15:47:13.392 [FXGL Background Thread 3 ] DEBUG Engine               - profileName: StringProperty [value: DEFAULT]
15:47:13.392 [FXGL Background Thread 3 ] DEBUG Engine               - randomSeed: -1
15:47:13.393 [FXGL Background Thread 3 ] DEBUG Engine               - runtimeInfo: RuntimeInfo(platform=WINDOWS, version=17.2, build=20.08.2022 16.50)
15:47:13.393 [FXGL Background Thread 3 ] DEBUG Engine               - saveFileExt: sav
15:47:13.393 [FXGL Background Thread 3 ] DEBUG Engine               - scaledHeightProp$fxgl: DoubleProperty [bound, value: 1024.0]
15:47:13.393 [FXGL Background Thread 3 ] DEBUG Engine               - scaledWidthProp$fxgl: DoubleProperty [bound, value: 1024.0]
15:47:13.393 [FXGL Background Thread 3 ] DEBUG Engine               - sceneFactory: myGame.DawnseekerApp$1@4e58c569
15:47:13.393 [FXGL Background Thread 3 ] DEBUG Engine               - secondsIn24h: 60
15:47:13.393 [FXGL Background Thread 3 ] DEBUG Engine               - soundMenuBack: menu/back.wav
15:47:13.393 [FXGL Background Thread 3 ] DEBUG Engine               - soundMenuPress: menu/press.wav
15:47:13.393 [FXGL Background Thread 3 ] DEBUG Engine               - soundMenuSelect: menu/select.wav
15:47:13.393 [FXGL Background Thread 3 ] DEBUG Engine               - soundNotification: core/notification.wav
15:47:13.393 [FXGL Background Thread 3 ] DEBUG Engine               - stageStyle: DECORATED
15:47:13.393 [FXGL Background Thread 3 ] DEBUG Engine               - supportedLanguages: [ENGLISH, FRENCH, GERMAN, HUNGARIAN, RUSSIAN]
15:47:13.393 [FXGL Background Thread 3 ] DEBUG Engine               - ticksPerSecond: -1
15:47:13.393 [FXGL Background Thread 3 ] DEBUG Engine               - title: Dawnseeker
15:47:13.393 [FXGL Background Thread 3 ] DEBUG Engine               - urlGithub: https://github.com/AlmasB/FXGL
15:47:13.394 [FXGL Background Thread 3 ] DEBUG Engine               - urlLeaderboard: http://fxgl-top.herokuapp.com/
15:47:13.394 [FXGL Background Thread 3 ] DEBUG Engine               - urlPOM: https://raw.githubusercontent.com/AlmasB/FXGL/release/README.md
15:47:13.394 [FXGL Background Thread 3 ] DEBUG Engine               - userAppClass: class myGame.DawnseekerApp
15:47:13.394 [FXGL Background Thread 3 ] DEBUG Engine               - version: 0.2
15:47:13.394 [FXGL Background Thread 3 ] DEBUG Engine               - versionCheckDays: 7
15:47:13.394 [FXGL Background Thread 3 ] DEBUG Engine               - width: 1024
15:47:13.394 [FXGL Background Thread 3 ] DEBUG Engine               - Logging services
15:47:13.394 [FXGL Background Thread 3 ] DEBUG Engine               - class com.almasb.fxgl.app.services.FXGLAssetLoaderService
15:47:13.394 [FXGL Background Thread 3 ] DEBUG Engine               - class com.almasb.fxgl.app.FXGLApplication$GameApplicationService
15:47:13.394 [FXGL Background Thread 3 ] DEBUG Engine               - class com.almasb.fxgl.app.services.FXGLDialogService
15:47:13.394 [FXGL Background Thread 3 ] DEBUG Engine               - class com.almasb.fxgl.app.services.IOTaskExecutorService
15:47:13.394 [FXGL Background Thread 3 ] DEBUG Engine               - class com.almasb.fxgl.io.FileSystemService
15:47:13.394 [FXGL Background Thread 3 ] DEBUG Engine               - class com.almasb.fxgl.localization.LocalizationService
15:47:13.394 [FXGL Background Thread 3 ] DEBUG Engine               - class com.almasb.fxgl.app.services.SystemBundleService
15:47:13.394 [FXGL Background Thread 3 ] DEBUG Engine               - class com.almasb.fxgl.profile.SaveLoadService
15:47:13.394 [FXGL Background Thread 3 ] DEBUG Engine               - class com.almasb.fxgl.ui.FXGLUIFactoryServiceProvider
15:47:13.394 [FXGL Background Thread 3 ] DEBUG Engine               - class com.almasb.fxgl.ui.FXGLDialogFactoryServiceProvider
15:47:13.394 [FXGL Background Thread 3 ] DEBUG Engine               - class com.almasb.fxgl.audio.AudioPlayer
15:47:13.394 [FXGL Background Thread 3 ] DEBUG Engine               - class com.almasb.fxgl.notification.impl.NotificationServiceProvider
15:47:13.394 [FXGL Background Thread 3 ] DEBUG Engine               - class com.almasb.fxgl.achievement.AchievementService
15:47:13.394 [FXGL Background Thread 3 ] DEBUG Engine               - class com.almasb.fxgl.cutscene.CutsceneService
15:47:13.394 [FXGL Background Thread 3 ] DEBUG Engine               - class com.almasb.fxgl.minigames.MiniGameService
15:47:13.394 [FXGL Background Thread 3 ] DEBUG Engine               - class com.almasb.fxgl.net.NetService
15:47:13.394 [FXGL Background Thread 3 ] DEBUG Engine               - class com.almasb.fxgl.app.services.UpdaterService
15:47:13.394 [FXGL Background Thread 3 ] DEBUG Engine               - class com.almasb.fxgl.dev.DevService
15:47:13.667 [JavaFX Application Thread] DEBUG FXGLAssetLoaderServi - Loading from file system: file:/C:/Users/garre/git/CS4900G2Proj2/Dawnseeker/target/classes/assets/sounds/player_oof.wav
15:47:17.390 [JavaFX Application Thread] DEBUG FXGLAssetLoaderServi - Loading from file system: file:/C:/Users/garre/git/CS4900G2Proj2/Dawnseeker/target/classes/assets/sounds/yoda_death.wav
15:47:17.392 [JavaFX Application Thread] DEBUG Input                - Clearing active input actions
15:47:17.394 [JavaFX Application Thread] DEBUG GameApplicationServi - Removing overlay from GameScene and adding to FXGLMainMenuDummyScene
15:47:17.394 [JavaFX Application Thread] DEBUG PrimaryStageWindow   - GameScene -> FXGLMainMenuDummyScene
15:47:17.394 [JavaFX Application Thread] DEBUG PrimaryStageWindow   - Push state: DawnseekerMenu
15:47:17.394 [JavaFX Application Thread] DEBUG Input                - Clearing active input actions
15:47:17.394 [JavaFX Application Thread] DEBUG GameApplicationServi - Removing overlay from FXGLMainMenuDummyScene and adding to DawnseekerMenu
15:47:17.394 [JavaFX Application Thread] DEBUG PrimaryStageWindow   - FXGLMainMenuDummyScene -> DawnseekerMenu
15:47:23.629 [JavaFX Application Thread] DEBUG Menu                 - fireNewGame()
15:47:23.629 [JavaFX Application Thread] DEBUG GameApplicationServi - Starting new game
15:47:23.629 [JavaFX Application Thread] DEBUG PrimaryStageWindow   - Pop state: DawnseekerMenu
15:47:23.629 [JavaFX Application Thread] DEBUG Input                - Clearing active input actions
15:47:23.629 [JavaFX Application Thread] DEBUG GameApplicationServi - Removing overlay from DawnseekerMenu and adding to FXGLMainMenuDummyScene
15:47:23.629 [JavaFX Application Thread] DEBUG PrimaryStageWindow   - FXGLMainMenuDummyScene <- DawnseekerMenu
15:47:23.629 [JavaFX Application Thread] DEBUG Input                - Clearing active input actions
15:47:23.632 [JavaFX Application Thread] DEBUG GameApplicationServi - Removing overlay from FXGLMainMenuDummyScene and adding to FXGLLoadingScene
15:47:23.632 [JavaFX Application Thread] DEBUG PrimaryStageWindow   - FXGLMainMenuDummyScene -> FXGLLoadingScene
15:47:23.632 [JavaFX Application Thread] DEBUG GameApplicationServi - Clearing previous game
15:47:23.632 [JavaFX Application Thread] DEBUG GameScene            - Clearing game scene
15:47:23.632 [JavaFX Application Thread] DEBUG GameWorld            - Clearing game world
15:47:23.633 [JavaFX Application Thread] DEBUG PhysicsWorld         - Clearing physics world
15:47:23.634 [FXGL Background Thread 2 ] DEBUG FXGLApplication      - Initializing game
15:47:23.634 [FXGL Background Thread 2 ] DEBUG AudioPlayer          - Playing music com.almasb.fxgl.audio.Music@6a670bd1
15:47:23.635 [FXGL Background Thread 2 ] WARN  GameWorld            - Entity is already attached to world
15:47:23.635 [FXGL Background Thread 2 ] WARN  Entity               - Entity already has component: com.almasb.fxgl.entity.components.CollidableComponent
15:47:23.635 [FXGL Background Thread 2 ] WARN  GameWorld            - Entity is already attached to world
15:47:23.635 [FXGL Background Thread 2 ] WARN  Entity               - Entity already has component: com.almasb.fxgl.entity.components.CollidableComponent
15:47:23.636 [FXGL Background Thread 2 ] WARN  GameWorld            - Entity is already attached to world
15:47:23.636 [FXGL Background Thread 2 ] WARN  Entity               - Entity already has component: com.almasb.fxgl.entity.components.CollidableComponent
15:47:23.636 [FXGL Background Thread 2 ] WARN  GameWorld            - Entity is already attached to world
15:47:23.636 [FXGL Background Thread 2 ] WARN  Entity               - Entity already has component: com.almasb.fxgl.entity.components.CollidableComponent
15:47:23.636 [FXGL Background Thread 2 ] WARN  GameWorld            - Entity is already attached to world
15:47:23.636 [FXGL Background Thread 2 ] WARN  GameWorld            - Entity is already attached to world
15:47:23.638 [FXGL Background Thread 2 ] INFO  FXGLApplication      - Game initialization took: 0.005 sec
15:47:23.639 [JavaFX Application Thread] DEBUG Input                - Clearing active input actions
15:47:23.643 [JavaFX Application Thread] DEBUG GameApplicationServi - Removing overlay from FXGLLoadingScene and adding to GameScene
15:47:23.643 [JavaFX Application Thread] DEBUG PrimaryStageWindow   - FXGLLoadingScene -> GameScene
15:47:41.045 [JavaFX Application Thread] DEBUG Input                - Clearing active input actions
15:47:41.047 [JavaFX Application Thread] DEBUG GameApplicationServi - Removing overlay from GameScene and adding to FXGLMainMenuDummyScene
15:47:41.047 [JavaFX Application Thread] DEBUG PrimaryStageWindow   - GameScene -> FXGLMainMenuDummyScene
15:47:41.047 [JavaFX Application Thread] DEBUG PrimaryStageWindow   - Push state: DawnseekerMenu
15:47:41.047 [JavaFX Application Thread] DEBUG Input                - Clearing active input actions
15:47:41.047 [JavaFX Application Thread] DEBUG GameApplicationServi - Removing overlay from FXGLMainMenuDummyScene and adding to DawnseekerMenu
15:47:41.047 [JavaFX Application Thread] DEBUG PrimaryStageWindow   - FXGLMainMenuDummyScene -> DawnseekerMenu
15:47:41.912 [JavaFX Application Thread] DEBUG Menu                 - fireNewGame()
15:47:41.912 [JavaFX Application Thread] DEBUG GameApplicationServi - Starting new game
15:47:41.912 [JavaFX Application Thread] DEBUG PrimaryStageWindow   - Pop state: DawnseekerMenu
15:47:41.912 [JavaFX Application Thread] DEBUG Input                - Clearing active input actions
15:47:41.912 [JavaFX Application Thread] DEBUG GameApplicationServi - Removing overlay from DawnseekerMenu and adding to FXGLMainMenuDummyScene
15:47:41.912 [JavaFX Application Thread] DEBUG PrimaryStageWindow   - FXGLMainMenuDummyScene <- DawnseekerMenu
15:47:41.912 [JavaFX Application Thread] DEBUG Input                - Clearing active input actions
15:47:41.914 [JavaFX Application Thread] DEBUG GameApplicationServi - Removing overlay from FXGLMainMenuDummyScene and adding to FXGLLoadingScene
15:47:41.914 [JavaFX Application Thread] DEBUG PrimaryStageWindow   - FXGLMainMenuDummyScene -> FXGLLoadingScene
15:47:41.914 [JavaFX Application Thread] DEBUG GameApplicationServi - Clearing previous game
15:47:41.914 [JavaFX Application Thread] DEBUG GameScene            - Clearing game scene
15:47:41.914 [JavaFX Application Thread] DEBUG GameWorld            - Clearing game world
15:47:41.915 [JavaFX Application Thread] DEBUG PhysicsWorld         - Clearing physics world
15:47:41.915 [FXGL Background Thread 2 ] DEBUG FXGLApplication      - Initializing game
15:47:41.915 [FXGL Background Thread 2 ] DEBUG AudioPlayer          - Playing music com.almasb.fxgl.audio.Music@6a670bd1
15:47:41.916 [FXGL Background Thread 2 ] WARN  GameWorld            - Entity is already attached to world
15:47:41.917 [FXGL Background Thread 2 ] WARN  Entity               - Entity already has component: com.almasb.fxgl.entity.components.CollidableComponent
15:47:41.917 [FXGL Background Thread 2 ] WARN  GameWorld            - Entity is already attached to world
15:47:41.917 [FXGL Background Thread 2 ] WARN  Entity               - Entity already has component: com.almasb.fxgl.entity.components.CollidableComponent
15:47:41.917 [FXGL Background Thread 2 ] WARN  GameWorld            - Entity is already attached to world
15:47:41.917 [FXGL Background Thread 2 ] WARN  Entity               - Entity already has component: com.almasb.fxgl.entity.components.CollidableComponent
15:47:41.917 [FXGL Background Thread 2 ] WARN  GameWorld            - Entity is already attached to world
15:47:41.917 [FXGL Background Thread 2 ] WARN  Entity               - Entity already has component: com.almasb.fxgl.entity.components.CollidableComponent
15:47:41.917 [FXGL Background Thread 2 ] WARN  GameWorld            - Entity is already attached to world
15:47:41.917 [FXGL Background Thread 2 ] WARN  GameWorld            - Entity is already attached to world
15:47:41.919 [FXGL Background Thread 2 ] INFO  FXGLApplication      - Game initialization took: 0.004 sec
15:47:41.919 [JavaFX Application Thread] DEBUG Input                - Clearing active input actions
15:47:41.923 [JavaFX Application Thread] DEBUG GameApplicationServi - Removing overlay from FXGLLoadingScene and adding to GameScene
15:47:41.923 [JavaFX Application Thread] DEBUG PrimaryStageWindow   - FXGLLoadingScene -> GameScene
15:47:44.099 [JavaFX Application Thread] DEBUG Input                - Clearing active input actions
15:47:44.101 [JavaFX Application Thread] DEBUG GameApplicationServi - Removing overlay from GameScene and adding to FXGLMainMenuDummyScene
15:47:44.101 [JavaFX Application Thread] DEBUG PrimaryStageWindow   - GameScene -> FXGLMainMenuDummyScene
15:47:44.101 [JavaFX Application Thread] DEBUG PrimaryStageWindow   - Push state: DawnseekerMenu
15:47:44.101 [JavaFX Application Thread] DEBUG Input                - Clearing active input actions
15:47:44.101 [JavaFX Application Thread] DEBUG GameApplicationServi - Removing overlay from FXGLMainMenuDummyScene and adding to DawnseekerMenu
15:47:44.101 [JavaFX Application Thread] DEBUG PrimaryStageWindow   - FXGLMainMenuDummyScene -> DawnseekerMenu
15:47:50.549 [JavaFX Application Thread] DEBUG Menu                 - fireNewGame()
15:47:50.549 [JavaFX Application Thread] DEBUG GameApplicationServi - Starting new game
15:47:50.549 [JavaFX Application Thread] DEBUG PrimaryStageWindow   - Pop state: DawnseekerMenu
15:47:50.549 [JavaFX Application Thread] DEBUG Input                - Clearing active input actions
15:47:50.549 [JavaFX Application Thread] DEBUG GameApplicationServi - Removing overlay from DawnseekerMenu and adding to FXGLMainMenuDummyScene
15:47:50.549 [JavaFX Application Thread] DEBUG PrimaryStageWindow   - FXGLMainMenuDummyScene <- DawnseekerMenu
15:47:50.549 [JavaFX Application Thread] DEBUG Input                - Clearing active input actions
15:47:50.554 [JavaFX Application Thread] DEBUG GameApplicationServi - Removing overlay from FXGLMainMenuDummyScene and adding to FXGLLoadingScene
15:47:50.554 [JavaFX Application Thread] DEBUG PrimaryStageWindow   - FXGLMainMenuDummyScene -> FXGLLoadingScene
15:47:50.554 [JavaFX Application Thread] DEBUG GameApplicationServi - Clearing previous game
15:47:50.554 [JavaFX Application Thread] DEBUG GameScene            - Clearing game scene
15:47:50.554 [JavaFX Application Thread] DEBUG GameWorld            - Clearing game world
15:47:50.554 [JavaFX Application Thread] DEBUG PhysicsWorld         - Clearing physics world
15:47:50.555 [FXGL Background Thread 2 ] DEBUG FXGLApplication      - Initializing game
15:47:50.555 [FXGL Background Thread 2 ] DEBUG AudioPlayer          - Playing music com.almasb.fxgl.audio.Music@6a670bd1
15:47:50.556 [FXGL Background Thread 2 ] WARN  GameWorld            - Entity is already attached to world
15:47:50.556 [FXGL Background Thread 2 ] WARN  Entity               - Entity already has component: com.almasb.fxgl.entity.components.CollidableComponent
15:47:50.556 [FXGL Background Thread 2 ] WARN  GameWorld            - Entity is already attached to world
15:47:50.556 [FXGL Background Thread 2 ] WARN  Entity               - Entity already has component: com.almasb.fxgl.entity.components.CollidableComponent
15:47:50.556 [FXGL Background Thread 2 ] WARN  GameWorld            - Entity is already attached to world
15:47:50.556 [FXGL Background Thread 2 ] WARN  Entity               - Entity already has component: com.almasb.fxgl.entity.components.CollidableComponent
15:47:50.556 [FXGL Background Thread 2 ] WARN  GameWorld            - Entity is already attached to world
15:47:50.557 [FXGL Background Thread 2 ] WARN  Entity               - Entity already has component: com.almasb.fxgl.entity.components.CollidableComponent
15:47:50.557 [FXGL Background Thread 2 ] WARN  GameWorld            - Entity is already attached to world
15:47:50.557 [FXGL Background Thread 2 ] WARN  GameWorld            - Entity is already attached to world
15:47:50.558 [FXGL Background Thread 2 ] INFO  FXGLApplication      - Game initialization took: 0.003 sec
15:47:50.558 [JavaFX Application Thread] DEBUG Input                - Clearing active input actions
15:47:50.560 [JavaFX Application Thread] DEBUG GameApplicationServi - Removing overlay from FXGLLoadingScene and adding to GameScene
15:47:50.560 [JavaFX Application Thread] DEBUG PrimaryStageWindow   - FXGLLoadingScene -> GameScene
15:47:56.436 [JavaFX Application Thread] DEBUG Input                - Clearing active input actions
15:47:56.438 [JavaFX Application Thread] DEBUG GameApplicationServi - Removing overlay from GameScene and adding to FXGLMainMenuDummyScene
15:47:56.438 [JavaFX Application Thread] DEBUG PrimaryStageWindow   - GameScene -> FXGLMainMenuDummyScene
15:47:56.438 [JavaFX Application Thread] DEBUG PrimaryStageWindow   - Push state: DawnseekerMenu
15:47:56.438 [JavaFX Application Thread] DEBUG Input                - Clearing active input actions
15:47:56.438 [JavaFX Application Thread] DEBUG GameApplicationServi - Removing overlay from FXGLMainMenuDummyScene and adding to DawnseekerMenu
15:47:56.438 [JavaFX Application Thread] DEBUG PrimaryStageWindow   - FXGLMainMenuDummyScene -> DawnseekerMenu
15:48:15.633 [JavaFX Application Thread] DEBUG Menu                 - fireNewGame()
15:48:15.633 [JavaFX Application Thread] DEBUG GameApplicationServi - Starting new game
15:48:15.633 [JavaFX Application Thread] DEBUG PrimaryStageWindow   - Pop state: DawnseekerMenu
15:48:15.633 [JavaFX Application Thread] DEBUG Input                - Clearing active input actions
15:48:15.633 [JavaFX Application Thread] DEBUG GameApplicationServi - Removing overlay from DawnseekerMenu and adding to FXGLMainMenuDummyScene
15:48:15.633 [JavaFX Application Thread] DEBUG PrimaryStageWindow   - FXGLMainMenuDummyScene <- DawnseekerMenu
15:48:15.633 [JavaFX Application Thread] DEBUG Input                - Clearing active input actions
15:48:15.635 [JavaFX Application Thread] DEBUG GameApplicationServi - Removing overlay from FXGLMainMenuDummyScene and adding to FXGLLoadingScene
15:48:15.635 [JavaFX Application Thread] DEBUG PrimaryStageWindow   - FXGLMainMenuDummyScene -> FXGLLoadingScene
15:48:15.635 [JavaFX Application Thread] DEBUG GameApplicationServi - Clearing previous game
15:48:15.635 [JavaFX Application Thread] DEBUG GameScene            - Clearing game scene
15:48:15.635 [JavaFX Application Thread] DEBUG GameWorld            - Clearing game world
15:48:15.635 [JavaFX Application Thread] DEBUG PhysicsWorld         - Clearing physics world
15:48:15.636 [FXGL Background Thread 2 ] DEBUG FXGLApplication      - Initializing game
15:48:15.636 [FXGL Background Thread 2 ] DEBUG AudioPlayer          - Playing music com.almasb.fxgl.audio.Music@6a670bd1
15:48:15.637 [FXGL Background Thread 2 ] WARN  GameWorld            - Entity is already attached to world
15:48:15.637 [FXGL Background Thread 2 ] WARN  Entity               - Entity already has component: com.almasb.fxgl.entity.components.CollidableComponent
15:48:15.637 [FXGL Background Thread 2 ] WARN  GameWorld            - Entity is already attached to world
15:48:15.637 [FXGL Background Thread 2 ] WARN  Entity               - Entity already has component: com.almasb.fxgl.entity.components.CollidableComponent
15:48:15.637 [FXGL Background Thread 2 ] WARN  GameWorld            - Entity is already attached to world
15:48:15.637 [FXGL Background Thread 2 ] WARN  Entity               - Entity already has component: com.almasb.fxgl.entity.components.CollidableComponent
15:48:15.637 [FXGL Background Thread 2 ] WARN  GameWorld            - Entity is already attached to world
15:48:15.638 [FXGL Background Thread 2 ] WARN  Entity               - Entity already has component: com.almasb.fxgl.entity.components.CollidableComponent
15:48:15.638 [FXGL Background Thread 2 ] WARN  GameWorld            - Entity is already attached to world
15:48:15.638 [FXGL Background Thread 2 ] WARN  GameWorld            - Entity is already attached to world
15:48:15.640 [FXGL Background Thread 2 ] INFO  FXGLApplication      - Game initialization took: 0.004 sec
15:48:15.640 [JavaFX Application Thread] DEBUG Input                - Clearing active input actions
15:48:15.641 [JavaFX Application Thread] DEBUG GameApplicationServi - Removing overlay from FXGLLoadingScene and adding to GameScene
15:48:15.641 [JavaFX Application Thread] DEBUG PrimaryStageWindow   - FXGLLoadingScene -> GameScene
15:48:16.250 [JavaFX Application Thread] DEBUG FXGLAssetLoaderServi - Loading from file system: file:/C:/Users/garre/git/CS4900G2Proj2/Dawnseeker/target/classes/assets/sounds/magic_missile.wav
15:48:16.252 [JavaFX Application Thread] DEBUG FXGLAssetLoaderServi - Loading from file system: file:/C:/Users/garre/git/CS4900G2Proj2/Dawnseeker/target/classes/assets/textures/FireBallProjectile.png
15:48:16.382 [JavaFX Application Thread] WARN  GameWorld            - Attempted to remove entity which is not active
15:48:16.383 [JavaFX Application Thread] DEBUG FXGLAssetLoaderServi - Loading from file system: file:/C:/Users/garre/git/CS4900G2Proj2/Dawnseeker/target/classes/assets/sounds/bong.wav
15:48:16.839 [JavaFX Application Thread] DEBUG Input                - Clearing active input actions
15:48:16.840 [JavaFX Application Thread] DEBUG GameApplicationServi - Removing overlay from GameScene and adding to FXGLMainMenuDummyScene
15:48:16.840 [JavaFX Application Thread] DEBUG PrimaryStageWindow   - GameScene -> FXGLMainMenuDummyScene
15:48:16.840 [JavaFX Application Thread] DEBUG PrimaryStageWindow   - Push state: DawnseekerMenu
15:48:16.840 [JavaFX Application Thread] DEBUG Input                - Clearing active input actions
15:48:16.840 [JavaFX Application Thread] DEBUG GameApplicationServi - Removing overlay from FXGLMainMenuDummyScene and adding to DawnseekerMenu
15:48:16.840 [JavaFX Application Thread] DEBUG PrimaryStageWindow   - FXGLMainMenuDummyScene -> DawnseekerMenu
15:48:17.714 [JavaFX Application Thread] DEBUG Menu                 - fireNewGame()
15:48:17.714 [JavaFX Application Thread] DEBUG GameApplicationServi - Starting new game
15:48:17.714 [JavaFX Application Thread] DEBUG PrimaryStageWindow   - Pop state: DawnseekerMenu
15:48:17.714 [JavaFX Application Thread] DEBUG Input                - Clearing active input actions
15:48:17.714 [JavaFX Application Thread] DEBUG GameApplicationServi - Removing overlay from DawnseekerMenu and adding to FXGLMainMenuDummyScene
15:48:17.714 [JavaFX Application Thread] DEBUG PrimaryStageWindow   - FXGLMainMenuDummyScene <- DawnseekerMenu
15:48:17.714 [JavaFX Application Thread] DEBUG Input                - Clearing active input actions
15:48:17.717 [JavaFX Application Thread] DEBUG GameApplicationServi - Removing overlay from FXGLMainMenuDummyScene and adding to FXGLLoadingScene
15:48:17.717 [JavaFX Application Thread] DEBUG PrimaryStageWindow   - FXGLMainMenuDummyScene -> FXGLLoadingScene
15:48:17.717 [JavaFX Application Thread] DEBUG GameApplicationServi - Clearing previous game
15:48:17.717 [JavaFX Application Thread] DEBUG GameScene            - Clearing game scene
15:48:17.717 [JavaFX Application Thread] DEBUG GameWorld            - Clearing game world
15:48:17.717 [JavaFX Application Thread] DEBUG PhysicsWorld         - Clearing physics world
15:48:17.717 [FXGL Background Thread 2 ] DEBUG FXGLApplication      - Initializing game
15:48:17.718 [FXGL Background Thread 2 ] DEBUG AudioPlayer          - Playing music com.almasb.fxgl.audio.Music@6a670bd1
15:48:17.718 [FXGL Background Thread 2 ] WARN  GameWorld            - Entity is already attached to world
15:48:17.718 [FXGL Background Thread 2 ] WARN  Entity               - Entity already has component: com.almasb.fxgl.entity.components.CollidableComponent
15:48:17.719 [FXGL Background Thread 2 ] WARN  GameWorld            - Entity is already attached to world
15:48:17.719 [FXGL Background Thread 2 ] WARN  Entity               - Entity already has component: com.almasb.fxgl.entity.components.CollidableComponent
15:48:17.719 [FXGL Background Thread 2 ] WARN  GameWorld            - Entity is already attached to world
15:48:17.719 [FXGL Background Thread 2 ] WARN  Entity               - Entity already has component: com.almasb.fxgl.entity.components.CollidableComponent
15:48:17.719 [FXGL Background Thread 2 ] WARN  GameWorld            - Entity is already attached to world
15:48:17.719 [FXGL Background Thread 2 ] WARN  Entity               - Entity already has component: com.almasb.fxgl.entity.components.CollidableComponent
15:48:17.719 [FXGL Background Thread 2 ] WARN  GameWorld            - Entity is already attached to world
15:48:17.719 [FXGL Background Thread 2 ] WARN  GameWorld            - Entity is already attached to world
15:48:17.720 [FXGL Background Thread 2 ] INFO  FXGLApplication      - Game initialization took: 0.003 sec
15:48:17.720 [JavaFX Application Thread] DEBUG Input                - Clearing active input actions
15:48:17.722 [JavaFX Application Thread] DEBUG GameApplicationServi - Removing overlay from FXGLLoadingScene and adding to GameScene
15:48:17.722 [JavaFX Application Thread] DEBUG PrimaryStageWindow   - FXGLLoadingScene -> GameScene
15:48:18.739 [JavaFX Application Thread] WARN  GameWorld            - Attempted to remove entity which is not active
15:48:19.307 [JavaFX Application Thread] WARN  GameWorld            - Attempted to remove entity which is not active
15:48:19.699 [JavaFX Application Thread] WARN  GameWorld            - Attempted to remove entity which is not active
15:48:19.709 [JavaFX Application Thread] WARN  GameWorld            - Attempted to remove entity which is not active
15:48:21.097 [JavaFX Application Thread] WARN  GameWorld            - Attempted to remove entity which is not active
15:48:21.340 [JavaFX Application Thread] WARN  GameWorld            - Attempted to remove entity which is not active
15:48:22.417 [JavaFX Application Thread] WARN  GameWorld            - Attempted to remove entity which is not active
15:48:22.507 [JavaFX Application Thread] DEBUG FXGLAssetLoaderServi - Loading from file system: file:/C:/Users/garre/git/CS4900G2Proj2/Dawnseeker/target/classes/assets/sounds/coin_pickup.wav
15:48:22.587 [JavaFX Application Thread] WARN  GameWorld            - Attempted to remove entity which is not active
15:48:23.917 [JavaFX Application Thread] WARN  GameWorld            - Attempted to remove entity which is not active
15:48:24.355 [JavaFX Application Thread] WARN  GameWorld            - Attempted to remove entity which is not active
15:48:24.467 [JavaFX Application Thread] WARN  GameWorld            - Attempted to remove entity which is not active
15:48:25.681 [JavaFX Application Thread] WARN  GameWorld            - Attempted to remove entity which is not active
15:48:25.882 [JavaFX Application Thread] WARN  GameWorld            - Attempted to remove entity which is not active
15:48:26.438 [JavaFX Application Thread] DEBUG Input                - Clearing active input actions
15:48:26.440 [JavaFX Application Thread] DEBUG GameApplicationServi - Removing overlay from GameScene and adding to FXGLMainMenuDummyScene
15:48:26.440 [JavaFX Application Thread] DEBUG PrimaryStageWindow   - GameScene -> FXGLMainMenuDummyScene
15:48:26.440 [JavaFX Application Thread] DEBUG PrimaryStageWindow   - Push state: DawnseekerMenu
15:48:26.440 [JavaFX Application Thread] DEBUG Input                - Clearing active input actions
15:48:26.440 [JavaFX Application Thread] DEBUG GameApplicationServi - Removing overlay from FXGLMainMenuDummyScene and adding to DawnseekerMenu
15:48:26.440 [JavaFX Application Thread] DEBUG PrimaryStageWindow   - FXGLMainMenuDummyScene -> DawnseekerMenu
15:48:27.329 [JavaFX Application Thread] DEBUG Menu                 - fireNewGame()
15:48:27.329 [JavaFX Application Thread] DEBUG GameApplicationServi - Starting new game
15:48:27.329 [JavaFX Application Thread] DEBUG PrimaryStageWindow   - Pop state: DawnseekerMenu
15:48:27.329 [JavaFX Application Thread] DEBUG Input                - Clearing active input actions
15:48:27.329 [JavaFX Application Thread] DEBUG GameApplicationServi - Removing overlay from DawnseekerMenu and adding to FXGLMainMenuDummyScene
15:48:27.329 [JavaFX Application Thread] DEBUG PrimaryStageWindow   - FXGLMainMenuDummyScene <- DawnseekerMenu
15:48:27.329 [JavaFX Application Thread] DEBUG Input                - Clearing active input actions
15:48:27.331 [JavaFX Application Thread] DEBUG GameApplicationServi - Removing overlay from FXGLMainMenuDummyScene and adding to FXGLLoadingScene
15:48:27.331 [JavaFX Application Thread] DEBUG PrimaryStageWindow   - FXGLMainMenuDummyScene -> FXGLLoadingScene
15:48:27.331 [JavaFX Application Thread] DEBUG GameApplicationServi - Clearing previous game
15:48:27.331 [JavaFX Application Thread] DEBUG GameScene            - Clearing game scene
15:48:27.331 [JavaFX Application Thread] DEBUG GameWorld            - Clearing game world
15:48:27.331 [JavaFX Application Thread] DEBUG PhysicsWorld         - Clearing physics world
15:48:27.331 [FXGL Background Thread 2 ] DEBUG FXGLApplication      - Initializing game
15:48:27.332 [FXGL Background Thread 2 ] DEBUG AudioPlayer          - Playing music com.almasb.fxgl.audio.Music@6a670bd1
15:48:27.333 [FXGL Background Thread 2 ] WARN  GameWorld            - Entity is already attached to world
15:48:27.333 [FXGL Background Thread 2 ] WARN  Entity               - Entity already has component: com.almasb.fxgl.entity.components.CollidableComponent
15:48:27.333 [FXGL Background Thread 2 ] WARN  GameWorld            - Entity is already attached to world
15:48:27.333 [FXGL Background Thread 2 ] WARN  Entity               - Entity already has component: com.almasb.fxgl.entity.components.CollidableComponent
15:48:27.333 [FXGL Background Thread 2 ] WARN  GameWorld            - Entity is already attached to world
15:48:27.333 [FXGL Background Thread 2 ] WARN  Entity               - Entity already has component: com.almasb.fxgl.entity.components.CollidableComponent
15:48:27.333 [FXGL Background Thread 2 ] WARN  GameWorld            - Entity is already attached to world
15:48:27.334 [FXGL Background Thread 2 ] WARN  Entity               - Entity already has component: com.almasb.fxgl.entity.components.CollidableComponent
15:48:27.334 [FXGL Background Thread 2 ] WARN  GameWorld            - Entity is already attached to world
15:48:27.334 [FXGL Background Thread 2 ] WARN  GameWorld            - Entity is already attached to world
15:48:27.335 [FXGL Background Thread 2 ] INFO  FXGLApplication      - Game initialization took: 0.003 sec
15:48:27.335 [JavaFX Application Thread] DEBUG Input                - Clearing active input actions
15:48:27.337 [JavaFX Application Thread] DEBUG GameApplicationServi - Removing overlay from FXGLLoadingScene and adding to GameScene
15:48:27.337 [JavaFX Application Thread] DEBUG PrimaryStageWindow   - FXGLLoadingScene -> GameScene
15:48:28.465 [JavaFX Application Thread] WARN  GameWorld            - Attempted to remove entity which is not active
15:48:29.069 [JavaFX Application Thread] WARN  GameWorld            - Attempted to remove entity which is not active
15:48:30.112 [JavaFX Application Thread] WARN  GameWorld            - Attempted to remove entity which is not active
15:48:30.445 [JavaFX Application Thread] WARN  GameWorld            - Attempted to remove entity which is not active
15:48:31.203 [JavaFX Application Thread] WARN  GameWorld            - Attempted to remove entity which is not active
15:48:31.647 [JavaFX Application Thread] WARN  GameWorld            - Attempted to remove entity which is not active
15:48:31.795 [JavaFX Application Thread] WARN  GameWorld            - Attempted to remove entity which is not active
15:48:32.285 [JavaFX Application Thread] WARN  GameWorld            - Attempted to remove entity which is not active
15:48:34.626 [JavaFX Application Thread] WARN  GameWorld            - Attempted to remove entity which is not active
15:48:34.778 [JavaFX Application Thread] WARN  GameWorld            - Attempted to remove entity which is not active
15:48:36.529 [JavaFX Application Thread] WARN  GameWorld            - Attempted to remove entity which is not active
15:48:36.855 [JavaFX Application Thread] WARN  GameWorld            - Attempted to remove entity which is not active
15:48:36.946 [JavaFX Application Thread] WARN  GameWorld            - Attempted to remove entity which is not active
15:48:37.266 [JavaFX Application Thread] WARN  GameWorld            - Attempted to remove entity which is not active
15:48:37.452 [JavaFX Application Thread] WARN  GameWorld            - Attempted to remove entity which is not active
15:48:40.222 [JavaFX Application Thread] WARN  GameWorld            - Attempted to remove entity which is not active
15:48:40.643 [JavaFX Application Thread] WARN  GameWorld            - Attempted to remove entity which is not active
15:48:40.799 [JavaFX Application Thread] WARN  GameWorld            - Attempted to remove entity which is not active
15:48:40.850 [JavaFX Application Thread] WARN  GameWorld            - Attempted to remove entity which is not active
15:48:40.972 [JavaFX Application Thread] WARN  GameWorld            - Attempted to remove entity which is not active
15:48:41.202 [JavaFX Application Thread] WARN  GameWorld            - Attempted to remove entity which is not active
15:48:41.907 [JavaFX Application Thread] WARN  GameWorld            - Attempted to remove entity which is not active
15:48:41.917 [JavaFX Application Thread] WARN  GameWorld            - Attempted to remove entity which is not active
15:48:42.174 [JavaFX Application Thread] WARN  GameWorld            - Attempted to remove entity which is not active
15:48:42.707 [JavaFX Application Thread] WARN  GameWorld            - Attempted to remove entity which is not active
15:48:43.646 [JavaFX Application Thread] WARN  GameWorld            - Attempted to remove entity which is not active
15:48:43.855 [JavaFX Application Thread] WARN  GameWorld            - Attempted to remove entity which is not active
15:48:44.018 [JavaFX Application Thread] WARN  GameWorld            - Attempted to remove entity which is not active
15:48:44.049 [JavaFX Application Thread] WARN  GameWorld            - Attempted to remove entity which is not active
15:48:44.459 [JavaFX Application Thread] WARN  GameWorld            - Attempted to remove entity which is not active
15:48:44.643 [JavaFX Application Thread] WARN  GameWorld            - Attempted to remove entity which is not active
15:48:44.924 [JavaFX Application Thread] WARN  GameWorld            - Attempted to remove entity which is not active
15:48:44.973 [JavaFX Application Thread] WARN  GameWorld            - Attempted to remove entity which is not active
15:48:45.075 [JavaFX Application Thread] WARN  GameWorld            - Attempted to remove entity which is not active
15:48:45.466 [JavaFX Application Thread] WARN  GameWorld            - Attempted to remove entity which is not active
15:48:45.651 [JavaFX Application Thread] WARN  GameWorld            - Attempted to remove entity which is not active
15:48:45.820 [JavaFX Application Thread] WARN  GameWorld            - Attempted to remove entity which is not active
15:48:45.970 [JavaFX Application Thread] WARN  GameWorld            - Attempted to remove entity which is not active
15:48:46.003 [JavaFX Application Thread] WARN  GameWorld            - Attempted to remove entity which is not active
15:48:46.202 [JavaFX Application Thread] WARN  GameWorld            - Attempted to remove entity which is not active
15:48:46.958 [JavaFX Application Thread] WARN  GameWorld            - Attempted to remove entity which is not active
15:48:47.059 [JavaFX Application Thread] WARN  GameWorld            - Attempted to remove entity which is not active
15:48:47.229 [JavaFX Application Thread] WARN  GameWorld            - Attempted to remove entity which is not active
15:48:47.341 [JavaFX Application Thread] WARN  GameWorld            - Attempted to remove entity which is not active
15:48:47.730 [JavaFX Application Thread] WARN  GameWorld            - Attempted to remove entity which is not active
15:48:48.419 [JavaFX Application Thread] WARN  GameWorld            - Attempted to remove entity which is not active
15:48:48.715 [JavaFX Application Thread] WARN  GameWorld            - Attempted to remove entity which is not active
15:48:49.516 [JavaFX Application Thread] DEBUG Input                - Clearing active input actions
15:48:49.518 [JavaFX Application Thread] DEBUG GameApplicationServi - Removing overlay from GameScene and adding to FXGLMainMenuDummyScene
15:48:49.518 [JavaFX Application Thread] DEBUG PrimaryStageWindow   - GameScene -> FXGLMainMenuDummyScene
15:48:49.518 [JavaFX Application Thread] DEBUG PrimaryStageWindow   - Push state: DawnseekerMenu
15:48:49.518 [JavaFX Application Thread] DEBUG Input                - Clearing active input actions
15:48:49.518 [JavaFX Application Thread] DEBUG GameApplicationServi - Removing overlay from FXGLMainMenuDummyScene and adding to DawnseekerMenu
15:48:49.518 [JavaFX Application Thread] DEBUG PrimaryStageWindow   - FXGLMainMenuDummyScene -> DawnseekerMenu
15:48:50.929 [JavaFX Application Thread] DEBUG FXGLApplication      - Exiting FXGL
15:48:50.929 [JavaFX Application Thread] DEBUG LoopRunner           - Stopping loop
15:48:50.929 [JavaFX Application Thread] DEBUG SystemBundleService  - Saving FXGL system data
15:48:50.931 [JavaFX Application Thread] DEBUG FileSystemAccess     - Writing to: C:\Users\garre\git\CS4900G2Proj2\Dawnseeker\system\fxgl.bundle
15:48:50.933 [JavaFX Application Thread] DEBUG Async                - Shutting down background threads
15:48:50.934 [JavaFX Application Thread] DEBUG PrimaryStageWindow   - Closing main window
15:48:50.943 [JavaFX Application Thread] DEBUG Logger               - Closing Logger
