13:41:28.150 [main                     ] DEBUG Logger               - Configured Logger
13:41:28.208 [main                     ] DEBUG GameApplication      - Logging settings
Title: Dawnseeker
Version: 0.4
Width: 1024
Height: 1024
Fullscreen: false
Intro: false
Profiling: false
Single step:false
App Mode: DEVELOPER
Menu Key: ESCAPE
Stage Style: DECORATED
Scene Factory: class myGame.DawnseekerApp$1

13:41:28.711 [JavaFX Application Thread] DEBUG FXGLApplication      - Initializing FXGL
13:41:28.717 [JavaFX Application Thread] INFO  Engine               - FXGL-17.2 (20.08.2022 16.50) on WINDOWS (J:19.0.2 FX:18)
13:41:28.717 [JavaFX Application Thread] DEBUG Engine               - JRE Vendor Name: Eclipse Adoptium
13:41:28.717 [JavaFX Application Thread] DEBUG Engine               - Running on OS: Windows 10 version 10.0
13:41:28.717 [JavaFX Application Thread] DEBUG Engine               - Architecture: amd64
13:41:28.718 [JavaFX Application Thread] INFO  Engine               - Source code and latest versions at: https://github.com/AlmasB/FXGL
13:41:28.718 [JavaFX Application Thread] INFO  Engine               -       Ask questions and discuss at: https://github.com/AlmasB/FXGL/discussions
13:41:28.718 [JavaFX Application Thread] INFO  Engine               -              Join the FXGL chat at: https://gitter.im/AlmasB/FXGL
13:41:28.908 [JavaFX Application Thread] DEBUG PrimaryStageWindow   - Creating a JavaFX scene
13:41:28.909 [JavaFX Application Thread] DEBUG PrimaryStageWindow   - Target size > screen size
13:41:28.992 [JavaFX Application Thread] DEBUG PrimaryStageWindow   - Target settings size: 1024.0 x 1024.0
13:41:28.993 [JavaFX Application Thread] DEBUG PrimaryStageWindow   - Scaled scene size:    839.0 x 864.0
13:41:28.993 [JavaFX Application Thread] DEBUG PrimaryStageWindow   - Scaled ratio: (0.8193359375, 0.84375)
13:41:28.994 [JavaFX Application Thread] DEBUG PrimaryStageWindow   - Set initial scene to FXGLStartupScene
13:41:29.007 [JavaFX Application Thread] DEBUG PrimaryStageWindow   - Opening main window
13:41:29.132 [JavaFX Application Thread] DEBUG PrimaryStageWindow   - Window border size: (14.5999755859375, 37.5999755859375)
13:41:29.132 [JavaFX Application Thread] DEBUG PrimaryStageWindow   - Scaled size: 839.0 x 864.0
13:41:29.133 [JavaFX Application Thread] DEBUG PrimaryStageWindow   - Scaled ratio: (0.8193359375, 0.84375)
13:41:29.133 [JavaFX Application Thread] DEBUG PrimaryStageWindow   - Scene size: 839.0 x 864.0
13:41:29.133 [JavaFX Application Thread] DEBUG PrimaryStageWindow   - Stage size: 853.5999755859375 x 901.5999755859375
13:41:29.147 [FXGL Background Thread 1 ] DEBUG Engine               - Initializing environment variables
13:41:29.234 [FXGL Background Thread 1 ] DEBUG FXGLAssetLoaderServi - User app class for loading assets: class myGame.DawnseekerApp
13:41:29.235 [FXGL Background Thread 1 ] DEBUG GameApplicationServi - Applying CSS: fxgl_dark.css
13:41:29.236 [FXGL Background Thread 1 ] DEBUG FXGLAssetLoaderServi - Loading from file system: jar:file:/C:/Users/Eartm/.m2/repository/com/github/almasb/fxgl/17.2/fxgl-17.2.jar!/fxglassets/ui/css/fxgl_dark.css
13:41:29.291 [FXGL Background Thread 1 ] DEBUG GameApplicationServi - Initializing application scenes
13:41:29.347 [FXGL Background Thread 1 ] DEBUG GameWorld            - Game world initialized
13:41:29.426 [FXGL Background Thread 1 ] DEBUG PhysicsWorld         - Physics world initialized: appHeight=1024, physics.ppm=50.0
13:41:29.426 [FXGL Background Thread 1 ] DEBUG PhysicsWorld         - Using strategy: BRUTE_FORCE
13:41:29.432 [FXGL Background Thread 1 ] DEBUG GameScene            - Game scene initialized: 1024x1024
13:41:29.432 [FXGL Background Thread 1 ] DEBUG FXGLAssetLoaderServi - Loading from file system: file:/C:/Games/CS4900%20Workspace/CS4900G2Proj2/Dawnseeker/target/classes/assets/music/shop.mp3
13:41:29.638 [FXGL Background Thread 1 ] DEBUG AudioPlayer          - Playing music com.almasb.fxgl.audio.Music@507cd52d
13:41:29.686 [FXGL Background Thread 1 ] DEBUG FXGLAssetLoaderServi - Loading from file system: file:/C:/Games/CS4900%20Workspace/CS4900G2Proj2/Dawnseeker/target/classes/assets/textures/bg.png
13:41:29.863 [FXGL Background Thread 1 ] DEBUG FXGL.DefaultMenu     - createMenuBodyGameMenu()
13:41:29.882 [FXGL Background Thread 1 ] DEBUG FXGL.DefaultMenu     - createOptionsMenu()
13:41:29.892 [FXGL Background Thread 1 ] DEBUG FXGLAssetLoaderServi - Loading from file system: jar:file:/C:/Users/Eartm/.m2/repository/com/github/almasb/fxgl/17.2/fxgl-17.2.jar!/fxglassets/textures/particles/smoke.png
13:41:30.004 [FXGL Background Thread 1 ] DEBUG FXGLAssetLoaderServi - Loading from file system: jar:file:/C:/Users/Eartm/.m2/repository/com/github/almasb/fxgl/17.2/fxgl-17.2.jar!/fxglassets/textures/particles/trace_horizontal.png
13:41:30.033 [FXGL Background Thread 1 ] DEBUG GameApplicationServi - Application scenes initialized
13:41:30.053 [FXGL Background Thread 1 ] DEBUG SystemBundleService  - Loading FXGL system data
13:41:30.072 [FXGL Background Thread 1 ] DEBUG FileSystemAccess     - Reading from: C:\Games\CS4900 Workspace\CS4900G2Proj2\Dawnseeker\system\fxgl.bundle
13:41:30.088 [FXGL Background Thread 1 ] DEBUG SystemBundleService  - Bundle FXGL: {}
13:41:30.088 [FXGL Background Thread 1 ] DEBUG UpdaterService       - Checking for updates
13:41:30.092 [FXGL Background Thread 4 ] DEBUG FXGLApplication      - Loading fonts
13:41:30.093 [FXGL Background Thread 4 ] DEBUG FXGLAssetLoaderServi - Loading from file system: jar:file:/C:/Users/Eartm/.m2/repository/com/github/almasb/fxgl/17.2/fxgl-17.2.jar!/fxglassets/ui/fonts/VarelaRound-Regular.ttf
13:41:30.093 [FXGL Background Thread 1 ] DEBUG FXGLApplication      - Loading default localization
13:41:30.094 [FXGL Background Thread 1 ] DEBUG FXGLAssetLoaderServi - Loading from file system: jar:file:/C:/Users/Eartm/.m2/repository/com/github/almasb/fxgl/17.2/fxgl-17.2.jar!/fxglassets/languages/english.lang
13:41:30.117 [FXGL Background Thread 1 ] INFO  FXGLApplication      - FXGL initialization took: 0.970 sec
13:41:30.125 [JavaFX Application Thread] DEBUG Input                - Registered new binding: action0 - LMB
13:41:30.138 [JavaFX Application Thread] DEBUG Input                - Registered new binding: Up - W
13:41:30.138 [JavaFX Application Thread] DEBUG Input                - Registered new binding: Down - S
13:41:30.138 [JavaFX Application Thread] DEBUG Input                - Registered new binding: Right - D
13:41:30.138 [JavaFX Application Thread] DEBUG Input                - Registered new binding: Left - A
13:41:30.139 [JavaFX Application Thread] DEBUG FXGLAssetLoaderServi - Loading from file system: jar:file:/C:/Users/Eartm/.m2/repository/com/github/almasb/fxgl/17.2/fxgl-17.2.jar!/fxglassets/textures/fxgl_icon.png
13:41:30.153 [JavaFX Application Thread] DEBUG FXGLAssetLoaderServi - Loading from file system: jar:file:/C:/Users/Eartm/.m2/repository/com/github/almasb/fxgl/17.2/fxgl-17.2.jar!/fxglassets/textures/fxgl_default_cursor.png
13:41:30.157 [JavaFX Application Thread] DEBUG Input                - Registered new binding: Screenshot - CTRL+8
13:41:30.157 [JavaFX Application Thread] DEBUG Input                - Registered new binding: System info dump - CTRL+9
13:41:30.157 [JavaFX Application Thread] DEBUG Input                - Registered new binding: Restart - CTRL+R
13:41:30.158 [JavaFX Application Thread] DEBUG Input                - Registered new binding: Toggle Debug Camera - CTRL+7
13:41:30.162 [JavaFX Application Thread] DEBUG LoopRunner           - Starting loop
13:41:30.162 [JavaFX Application Thread] DEBUG LoopRunner           - Initializing JavaFX AnimationTimerLoop
13:41:30.167 [JavaFX Application Thread] DEBUG Input                - Clearing active input actions
13:41:30.190 [JavaFX Application Thread] DEBUG GameApplicationServi - Removing overlay from FXGLStartupScene and adding to FXGLMainMenuDummyScene
13:41:30.191 [JavaFX Application Thread] DEBUG PrimaryStageWindow   - FXGLStartupScene -> FXGLMainMenuDummyScene
13:41:30.191 [JavaFX Application Thread] DEBUG PrimaryStageWindow   - Push state: DawnseekerMenu
13:41:30.191 [JavaFX Application Thread] DEBUG Input                - Clearing active input actions
13:41:30.198 [JavaFX Application Thread] DEBUG GameApplicationServi - Removing overlay from FXGLMainMenuDummyScene and adding to DawnseekerMenu
13:41:30.199 [JavaFX Application Thread] DEBUG PrimaryStageWindow   - FXGLMainMenuDummyScene -> DawnseekerMenu
13:41:30.213 [FXGL Background Thread 4 ] DEBUG FXGLAssetLoaderServi - Loading from file system: jar:file:/C:/Users/Eartm/.m2/repository/com/github/almasb/fxgl/17.2/fxgl-17.2.jar!/fxglassets/ui/fonts/Abel-Regular.ttf
13:41:30.230 [FXGL Background Thread 4 ] DEBUG FXGLAssetLoaderServi - Loading from file system: jar:file:/C:/Users/Eartm/.m2/repository/com/github/almasb/fxgl/17.2/fxgl-17.2.jar!/fxglassets/ui/fonts/TerminalLandMono-Regular.otf
13:41:30.248 [FXGL Background Thread 4 ] DEBUG FXGLAssetLoaderServi - Loading from file system: jar:file:/C:/Users/Eartm/.m2/repository/com/github/almasb/fxgl/17.2/fxgl-17.2.jar!/fxglassets/ui/fonts/Courier-Prime.ttf
13:41:30.274 [JavaFX Application Thread] DEBUG FXGLApplication      - Registering font factories with UI factory
13:41:30.814 [FXGL Background Thread 2 ] INFO  UpdaterService       - Your current version:  17.2
13:41:30.814 [FXGL Background Thread 2 ] INFO  UpdaterService       - Latest stable version: 17.3
13:41:31.234 [JavaFX Application Thread] DEBUG Menu                 - fireNewGame()
13:41:31.234 [JavaFX Application Thread] DEBUG GameApplicationServi - Starting new game
13:41:31.235 [JavaFX Application Thread] DEBUG PrimaryStageWindow   - Pop state: DawnseekerMenu
13:41:31.235 [JavaFX Application Thread] DEBUG Input                - Clearing active input actions
13:41:31.235 [JavaFX Application Thread] DEBUG GameApplicationServi - Removing overlay from DawnseekerMenu and adding to FXGLMainMenuDummyScene
13:41:31.236 [JavaFX Application Thread] DEBUG PrimaryStageWindow   - FXGLMainMenuDummyScene <- DawnseekerMenu
13:41:31.236 [JavaFX Application Thread] DEBUG Input                - Clearing active input actions
13:41:31.246 [JavaFX Application Thread] DEBUG GameApplicationServi - Removing overlay from FXGLMainMenuDummyScene and adding to FXGLLoadingScene
13:41:31.246 [JavaFX Application Thread] DEBUG PrimaryStageWindow   - FXGLMainMenuDummyScene -> FXGLLoadingScene
13:41:31.246 [JavaFX Application Thread] DEBUG GameApplicationServi - Clearing previous game
13:41:31.246 [JavaFX Application Thread] DEBUG GameScene            - Clearing game scene
13:41:31.246 [JavaFX Application Thread] DEBUG GameWorld            - Clearing game world
13:41:31.246 [JavaFX Application Thread] DEBUG PhysicsWorld         - Clearing physics world
13:41:31.249 [FXGL Background Thread 2 ] DEBUG FXGLApplication      - Initializing game
13:41:31.256 [FXGL Background Thread 2 ] DEBUG AudioPlayer          - Stopping music com.almasb.fxgl.audio.Music@507cd52d
13:41:31.258 [FXGL Background Thread 2 ] DEBUG FXGLAssetLoaderServi - Loading from file system: file:/C:/Games/CS4900%20Workspace/CS4900G2Proj2/Dawnseeker/target/classes/assets/music/heartache.mp3
13:41:31.263 [FXGL Background Thread 2 ] DEBUG AudioPlayer          - Playing music com.almasb.fxgl.audio.Music@2d7388b3
13:41:31.298 [FXGL Background Thread 2 ] DEBUG FXGLAssetLoaderServi - Loading from file system: file:/C:/Games/CS4900%20Workspace/CS4900G2Proj2/Dawnseeker/target/classes/assets/textures/DawnseekerPCV2.png
13:41:31.304 [FXGL Background Thread 2 ] DEBUG FXGLAssetLoaderServi - Loading from file system: file:/C:/Games/CS4900%20Workspace/CS4900G2Proj2/Dawnseeker/target/classes/assets/textures/DawnseekerPCV2Down.png
13:41:31.308 [FXGL Background Thread 2 ] DEBUG FXGLAssetLoaderServi - Loading from file system: file:/C:/Games/CS4900%20Workspace/CS4900G2Proj2/Dawnseeker/target/classes/assets/textures/DawnseekerPCV2Up.png
13:41:31.311 [FXGL Background Thread 2 ] DEBUG FXGLAssetLoaderServi - Loading from file system: file:/C:/Games/CS4900%20Workspace/CS4900G2Proj2/Dawnseeker/target/classes/assets/textures/DawnseekerPCV2Right.png
13:41:31.313 [FXGL Background Thread 2 ] DEBUG FXGLAssetLoaderServi - Loading from file system: file:/C:/Games/CS4900%20Workspace/CS4900G2Proj2/Dawnseeker/target/classes/assets/textures/DawnseekerPCV2Left.png
13:41:31.343 [FXGL Background Thread 2 ] WARN  GameWorld            - Entity is already attached to world
13:41:31.344 [FXGL Background Thread 2 ] WARN  Entity               - Entity already has component: com.almasb.fxgl.entity.components.CollidableComponent
13:41:31.345 [FXGL Background Thread 2 ] WARN  GameWorld            - Entity is already attached to world
13:41:31.347 [FXGL Background Thread 2 ] WARN  Entity               - Entity already has component: com.almasb.fxgl.entity.components.CollidableComponent
13:41:31.347 [FXGL Background Thread 2 ] WARN  GameWorld            - Entity is already attached to world
13:41:31.349 [FXGL Background Thread 2 ] WARN  Entity               - Entity already has component: com.almasb.fxgl.entity.components.CollidableComponent
13:41:31.350 [FXGL Background Thread 2 ] WARN  GameWorld            - Entity is already attached to world
13:41:31.351 [FXGL Background Thread 2 ] WARN  Entity               - Entity already has component: com.almasb.fxgl.entity.components.CollidableComponent
13:41:31.351 [FXGL Background Thread 2 ] WARN  GameWorld            - Entity is already attached to world
13:41:31.353 [FXGL Background Thread 2 ] WARN  GameWorld            - Entity is already attached to world
13:41:31.354 [FXGL Background Thread 2 ] WARN  GameWorld            - Entity is already attached to world
13:41:31.379 [FXGL Background Thread 2 ] INFO  FXGLApplication      - Game initialization took: 0.131 sec
13:41:31.405 [JavaFX Application Thread] DEBUG Input                - Clearing active input actions
13:41:31.420 [JavaFX Application Thread] DEBUG GameApplicationServi - Removing overlay from FXGLLoadingScene and adding to GameScene
13:41:31.423 [JavaFX Application Thread] DEBUG PrimaryStageWindow   - FXGLLoadingScene -> GameScene
13:41:32.244 [JavaFX Application Thread] DEBUG FXGLAssetLoaderServi - Loading from file system: file:/C:/Games/CS4900%20Workspace/CS4900G2Proj2/Dawnseeker/target/classes/assets/sounds/magic_missile.wav
13:41:32.262 [JavaFX Application Thread] DEBUG FXGLAssetLoaderServi - Loading from file system: file:/C:/Games/CS4900%20Workspace/CS4900G2Proj2/Dawnseeker/target/classes/assets/textures/Fireball.gif
13:41:32.555 [JavaFX Application Thread] DEBUG FXGLAssetLoaderServi - Loading from file system: file:/C:/Games/CS4900%20Workspace/CS4900G2Proj2/Dawnseeker/target/classes/assets/textures/EnemyDawnseeker.png
13:41:32.563 [JavaFX Application Thread] DEBUG FXGLAssetLoaderServi - Loading from file system: file:/C:/Games/CS4900%20Workspace/CS4900G2Proj2/Dawnseeker/target/classes/assets/textures/Ghost.gif
13:41:33.092 [FXGL Background Thread 3 ] DEBUG Engine               - Logging environment variables
13:41:33.093 [FXGL Background Thread 3 ] DEBUG Engine               - achievements: []
13:41:33.094 [FXGL Background Thread 3 ] DEBUG Engine               - actualHeight: 864.0
13:41:33.094 [FXGL Background Thread 3 ] DEBUG Engine               - actualHeightProperty: ReadOnlyDoubleProperty [value: 864.0]
13:41:33.094 [FXGL Background Thread 3 ] DEBUG Engine               - actualWidth: 839.0
13:41:33.094 [FXGL Background Thread 3 ] DEBUG Engine               - actualWidthProperty: ReadOnlyDoubleProperty [value: 839.0]
13:41:33.094 [FXGL Background Thread 3 ] DEBUG Engine               - appIcon: fxgl_icon.png
13:41:33.095 [FXGL Background Thread 3 ] DEBUG Engine               - applicationMode: DEVELOPER
13:41:33.095 [FXGL Background Thread 3 ] DEBUG Engine               - cSSList: [fxgl_dark.css]
13:41:33.095 [FXGL Background Thread 3 ] DEBUG Engine               - collisionDetectionStrategy: BRUTE_FORCE
13:41:33.095 [FXGL Background Thread 3 ] DEBUG Engine               - configClass: Optional.empty
13:41:33.095 [FXGL Background Thread 3 ] DEBUG Engine               - credits: []
13:41:33.096 [FXGL Background Thread 3 ] DEBUG Engine               - defaultCursor: CursorInfo(imageName=fxgl_default_cursor.png, hotspotX=7.0, hotspotY=6.0)
13:41:33.097 [FXGL Background Thread 3 ] DEBUG Engine               - devBBoxColorProperty: ObjectProperty [value: 0xff0000ff]
13:41:33.098 [FXGL Background Thread 3 ] DEBUG Engine               - devEnableDebugCameraProperty: BooleanProperty [value: false]
13:41:33.098 [FXGL Background Thread 3 ] DEBUG Engine               - devSensorColorProperty: ObjectProperty [value: 0xffff00ff]
13:41:33.098 [FXGL Background Thread 3 ] DEBUG Engine               - devShowBBoxProperty: BooleanProperty [value: false]
13:41:33.098 [FXGL Background Thread 3 ] DEBUG Engine               - devShowPositionProperty: BooleanProperty [value: false]
13:41:33.098 [FXGL Background Thread 3 ] DEBUG Engine               - enabledMenuItems: []
13:41:33.098 [FXGL Background Thread 3 ] DEBUG Engine               - engineServices: [class com.almasb.fxgl.app.services.FXGLAssetLoaderService, class com.almasb.fxgl.app.FXGLApplication$GameApplicationService, class com.almasb.fxgl.app.services.FXGLDialogService, class com.almasb.fxgl.app.services.IOTaskExecutorService, class com.almasb.fxgl.io.FileSystemService, class com.almasb.fxgl.localization.LocalizationService, class com.almasb.fxgl.app.services.SystemBundleService, class com.almasb.fxgl.profile.SaveLoadService, class com.almasb.fxgl.ui.FXGLUIFactoryServiceProvider, class com.almasb.fxgl.ui.FXGLDialogFactoryServiceProvider, class com.almasb.fxgl.audio.AudioPlayer, class com.almasb.fxgl.notification.impl.NotificationServiceProvider, class com.almasb.fxgl.achievement.AchievementService, class com.almasb.fxgl.cutscene.CutsceneService, class com.almasb.fxgl.minigames.MiniGameService, class com.almasb.fxgl.net.NetService, class com.almasb.fxgl.app.services.UpdaterService, class com.almasb.fxgl.dev.DevService]
13:41:33.099 [FXGL Background Thread 3 ] DEBUG Engine               - fontGame: Abel-Regular.ttf
13:41:33.099 [FXGL Background Thread 3 ] DEBUG Engine               - fontMono: TerminalLandMono-Regular.otf
13:41:33.099 [FXGL Background Thread 3 ] DEBUG Engine               - fontText: Courier-Prime.ttf
13:41:33.099 [FXGL Background Thread 3 ] DEBUG Engine               - fontUI: VarelaRound-Regular.ttf
13:41:33.099 [FXGL Background Thread 3 ] DEBUG Engine               - fullScreen: BooleanProperty [value: false]
13:41:33.099 [FXGL Background Thread 3 ] DEBUG Engine               - gameDifficulty: MEDIUM
13:41:33.100 [FXGL Background Thread 3 ] DEBUG Engine               - gameDifficultyProperty: ObjectProperty [value: MEDIUM]
13:41:33.100 [FXGL Background Thread 3 ] DEBUG Engine               - globalMusicVolume: 0.5
13:41:33.100 [FXGL Background Thread 3 ] DEBUG Engine               - globalMusicVolumeProperty: DoubleProperty [value: 0.5]
13:41:33.100 [FXGL Background Thread 3 ] DEBUG Engine               - globalSoundVolume: 0.5
13:41:33.100 [FXGL Background Thread 3 ] DEBUG Engine               - globalSoundVolumeProperty: DoubleProperty [value: 0.5]
13:41:33.101 [FXGL Background Thread 3 ] DEBUG Engine               - height: 1024
13:41:33.101 [FXGL Background Thread 3 ] DEBUG Engine               - is3D: false
13:41:33.101 [FXGL Background Thread 3 ] DEBUG Engine               - isAndroid: false
13:41:33.101 [FXGL Background Thread 3 ] DEBUG Engine               - isBrowser: false
13:41:33.101 [FXGL Background Thread 3 ] DEBUG Engine               - isClickFeedbackEnabled: false
13:41:33.102 [FXGL Background Thread 3 ] DEBUG Engine               - isCloseConfirmation: false
13:41:33.102 [FXGL Background Thread 3 ] DEBUG Engine               - isDesktop: true
13:41:33.102 [FXGL Background Thread 3 ] DEBUG Engine               - isDeveloperMenuEnabled: false
13:41:33.102 [FXGL Background Thread 3 ] DEBUG Engine               - isEmbedded: false
13:41:33.102 [FXGL Background Thread 3 ] DEBUG Engine               - isEntityPreloadEnabled: true
13:41:33.103 [FXGL Background Thread 3 ] DEBUG Engine               - isExperimentalTiledLargeMap: false
13:41:33.103 [FXGL Background Thread 3 ] DEBUG Engine               - isFileSystemWriteAllowed: true
13:41:33.103 [FXGL Background Thread 3 ] DEBUG Engine               - isFullScreenAllowed: false
13:41:33.103 [FXGL Background Thread 3 ] DEBUG Engine               - isFullScreenFromStart: false
13:41:33.103 [FXGL Background Thread 3 ] DEBUG Engine               - isGameMenuEnabled: true
13:41:33.103 [FXGL Background Thread 3 ] DEBUG Engine               - isIOS: false
13:41:33.103 [FXGL Background Thread 3 ] DEBUG Engine               - isIntroEnabled: false
13:41:33.103 [FXGL Background Thread 3 ] DEBUG Engine               - isLinux: false
13:41:33.103 [FXGL Background Thread 3 ] DEBUG Engine               - isMac: false
13:41:33.104 [FXGL Background Thread 3 ] DEBUG Engine               - isMainMenuEnabled: true
13:41:33.104 [FXGL Background Thread 3 ] DEBUG Engine               - isManualResizeEnabled: false
13:41:33.104 [FXGL Background Thread 3 ] DEBUG Engine               - isMobile: false
13:41:33.104 [FXGL Background Thread 3 ] DEBUG Engine               - isNative: false
13:41:33.104 [FXGL Background Thread 3 ] DEBUG Engine               - isPauseMusicWhenMinimized: true
13:41:33.104 [FXGL Background Thread 3 ] DEBUG Engine               - isPreserveResizeRatio: false
13:41:33.105 [FXGL Background Thread 3 ] DEBUG Engine               - isProfilingEnabled: false
13:41:33.105 [FXGL Background Thread 3 ] DEBUG Engine               - isScaleAffectedOnResize: true
13:41:33.105 [FXGL Background Thread 3 ] DEBUG Engine               - isSingleStep: false
13:41:33.105 [FXGL Background Thread 3 ] DEBUG Engine               - isUserProfileEnabled: false
13:41:33.105 [FXGL Background Thread 3 ] DEBUG Engine               - isWindows: true
13:41:33.105 [FXGL Background Thread 3 ] DEBUG Engine               - language: ObjectProperty [value: ENGLISH]
13:41:33.106 [FXGL Background Thread 3 ] DEBUG Engine               - menuKey: ESCAPE
13:41:33.106 [FXGL Background Thread 3 ] DEBUG Engine               - mouseSensitivity: 0.2
13:41:33.107 [FXGL Background Thread 3 ] DEBUG Engine               - notificationViewClass: class com.almasb.fxgl.notification.view.XboxNotificationView
13:41:33.107 [FXGL Background Thread 3 ] DEBUG Engine               - pixelsPerMeter: 50.0
13:41:33.107 [FXGL Background Thread 3 ] DEBUG Engine               - platform: WINDOWS
13:41:33.107 [FXGL Background Thread 3 ] DEBUG Engine               - prefHeightProperty: ReadOnlyDoubleProperty [value: 1024.0]
13:41:33.107 [FXGL Background Thread 3 ] DEBUG Engine               - prefWidthProperty: ReadOnlyDoubleProperty [value: 1024.0]
13:41:33.108 [FXGL Background Thread 3 ] DEBUG Engine               - profileDir: profiles/
13:41:33.108 [FXGL Background Thread 3 ] DEBUG Engine               - profileName: StringProperty [value: DEFAULT]
13:41:33.108 [FXGL Background Thread 3 ] DEBUG Engine               - randomSeed: -1
13:41:33.108 [FXGL Background Thread 3 ] DEBUG Engine               - runtimeInfo: RuntimeInfo(platform=WINDOWS, version=17.2, build=20.08.2022 16.50)
13:41:33.108 [FXGL Background Thread 3 ] DEBUG Engine               - saveFileExt: sav
13:41:33.108 [FXGL Background Thread 3 ] DEBUG Engine               - scaledHeightProp$fxgl: DoubleProperty [bound, value: 864.0]
13:41:33.109 [FXGL Background Thread 3 ] DEBUG Engine               - scaledWidthProp$fxgl: DoubleProperty [bound, value: 839.0]
13:41:33.109 [FXGL Background Thread 3 ] DEBUG Engine               - sceneFactory: myGame.DawnseekerApp$1@116ca7b5
13:41:33.109 [FXGL Background Thread 3 ] DEBUG Engine               - secondsIn24h: 60
13:41:33.109 [FXGL Background Thread 3 ] DEBUG Engine               - soundMenuBack: menu/back.wav
13:41:33.109 [FXGL Background Thread 3 ] DEBUG Engine               - soundMenuPress: menu/press.wav
13:41:33.110 [FXGL Background Thread 3 ] DEBUG Engine               - soundMenuSelect: menu/select.wav
13:41:33.110 [FXGL Background Thread 3 ] DEBUG Engine               - soundNotification: core/notification.wav
13:41:33.110 [FXGL Background Thread 3 ] DEBUG Engine               - stageStyle: DECORATED
13:41:33.111 [FXGL Background Thread 3 ] DEBUG Engine               - supportedLanguages: [ENGLISH, FRENCH, GERMAN, HUNGARIAN, RUSSIAN]
13:41:33.111 [FXGL Background Thread 3 ] DEBUG Engine               - ticksPerSecond: -1
13:41:33.111 [FXGL Background Thread 3 ] DEBUG Engine               - title: Dawnseeker
13:41:33.111 [FXGL Background Thread 3 ] DEBUG Engine               - urlGithub: https://github.com/AlmasB/FXGL
13:41:33.112 [FXGL Background Thread 3 ] DEBUG Engine               - urlLeaderboard: http://fxgl-top.herokuapp.com/
13:41:33.112 [FXGL Background Thread 3 ] DEBUG Engine               - urlPOM: https://raw.githubusercontent.com/AlmasB/FXGL/release/README.md
13:41:33.112 [FXGL Background Thread 3 ] DEBUG Engine               - userAppClass: class myGame.DawnseekerApp
13:41:33.112 [FXGL Background Thread 3 ] DEBUG Engine               - version: 0.4
13:41:33.112 [FXGL Background Thread 3 ] DEBUG Engine               - versionCheckDays: 7
13:41:33.112 [FXGL Background Thread 3 ] DEBUG Engine               - width: 1024
13:41:33.112 [FXGL Background Thread 3 ] DEBUG Engine               - Logging services
13:41:33.112 [FXGL Background Thread 3 ] DEBUG Engine               - class com.almasb.fxgl.app.services.FXGLAssetLoaderService
13:41:33.112 [FXGL Background Thread 3 ] DEBUG Engine               - class com.almasb.fxgl.app.FXGLApplication$GameApplicationService
13:41:33.112 [FXGL Background Thread 3 ] DEBUG Engine               - class com.almasb.fxgl.app.services.FXGLDialogService
13:41:33.112 [FXGL Background Thread 3 ] DEBUG Engine               - class com.almasb.fxgl.app.services.IOTaskExecutorService
13:41:33.113 [FXGL Background Thread 3 ] DEBUG Engine               - class com.almasb.fxgl.io.FileSystemService
13:41:33.113 [FXGL Background Thread 3 ] DEBUG Engine               - class com.almasb.fxgl.localization.LocalizationService
13:41:33.113 [FXGL Background Thread 3 ] DEBUG Engine               - class com.almasb.fxgl.app.services.SystemBundleService
13:41:33.113 [FXGL Background Thread 3 ] DEBUG Engine               - class com.almasb.fxgl.profile.SaveLoadService
13:41:33.113 [FXGL Background Thread 3 ] DEBUG Engine               - class com.almasb.fxgl.ui.FXGLUIFactoryServiceProvider
13:41:33.113 [FXGL Background Thread 3 ] DEBUG Engine               - class com.almasb.fxgl.ui.FXGLDialogFactoryServiceProvider
13:41:33.114 [FXGL Background Thread 3 ] DEBUG Engine               - class com.almasb.fxgl.audio.AudioPlayer
13:41:33.114 [FXGL Background Thread 3 ] DEBUG Engine               - class com.almasb.fxgl.notification.impl.NotificationServiceProvider
13:41:33.114 [FXGL Background Thread 3 ] DEBUG Engine               - class com.almasb.fxgl.achievement.AchievementService
13:41:33.115 [FXGL Background Thread 3 ] DEBUG Engine               - class com.almasb.fxgl.cutscene.CutsceneService
13:41:33.115 [FXGL Background Thread 3 ] DEBUG Engine               - class com.almasb.fxgl.minigames.MiniGameService
13:41:33.115 [FXGL Background Thread 3 ] DEBUG Engine               - class com.almasb.fxgl.net.NetService
13:41:33.115 [FXGL Background Thread 3 ] DEBUG Engine               - class com.almasb.fxgl.app.services.UpdaterService
13:41:33.115 [FXGL Background Thread 3 ] DEBUG Engine               - class com.almasb.fxgl.dev.DevService
13:41:36.418 [JavaFX Application Thread] WARN  GameWorld            - Attempted to remove entity which is not active
13:41:36.421 [JavaFX Application Thread] DEBUG FXGLAssetLoaderServi - Loading from file system: file:/C:/Games/CS4900%20Workspace/CS4900G2Proj2/Dawnseeker/target/classes/assets/textures/Coin.png
13:41:36.424 [JavaFX Application Thread] DEBUG FXGLAssetLoaderServi - Loading from file system: file:/C:/Games/CS4900%20Workspace/CS4900G2Proj2/Dawnseeker/target/classes/assets/sounds/bong.wav
13:41:37.538 [JavaFX Application Thread] WARN  GameWorld            - Attempted to remove entity which is not active
13:41:38.500 [JavaFX Application Thread] WARN  GameWorld            - Attempted to remove entity which is not active
13:41:38.738 [JavaFX Application Thread] WARN  GameWorld            - Attempted to remove entity which is not active
13:41:38.932 [JavaFX Application Thread] WARN  GameWorld            - Attempted to remove entity which is not active
13:41:39.108 [JavaFX Application Thread] WARN  GameWorld            - Attempted to remove entity which is not active
13:41:39.348 [JavaFX Application Thread] WARN  GameWorld            - Attempted to remove entity which is not active
13:41:39.350 [JavaFX Application Thread] DEBUG FXGLAssetLoaderServi - Loading from file system: file:/C:/Games/CS4900%20Workspace/CS4900G2Proj2/Dawnseeker/target/classes/assets/textures/Speed.png
13:41:40.180 [JavaFX Application Thread] WARN  GameWorld            - Attempted to remove entity which is not active
13:41:40.500 [JavaFX Application Thread] WARN  GameWorld            - Attempted to remove entity which is not active
13:41:40.503 [JavaFX Application Thread] DEBUG FXGLAssetLoaderServi - Loading from file system: file:/C:/Games/CS4900%20Workspace/CS4900G2Proj2/Dawnseeker/target/classes/assets/textures/HealthPotion.png
13:41:40.755 [JavaFX Application Thread] WARN  GameWorld            - Attempted to remove entity which is not active
13:41:41.684 [JavaFX Application Thread] WARN  GameWorld            - Attempted to remove entity which is not active
13:41:42.131 [JavaFX Application Thread] WARN  GameWorld            - Attempted to remove entity which is not active
13:41:42.436 [JavaFX Application Thread] WARN  GameWorld            - Attempted to remove entity which is not active
13:41:42.932 [JavaFX Application Thread] DEBUG FXGLAssetLoaderServi - Loading from file system: file:/C:/Games/CS4900%20Workspace/CS4900G2Proj2/Dawnseeker/target/classes/assets/sounds/coin_pickup.wav
13:41:43.844 [JavaFX Application Thread] WARN  GameWorld            - Attempted to remove entity which is not active
13:41:44.515 [JavaFX Application Thread] WARN  GameWorld            - Attempted to remove entity which is not active
13:41:45.076 [JavaFX Application Thread] WARN  GameWorld            - Attempted to remove entity which is not active
13:41:45.690 [JavaFX Application Thread] DEBUG FXGLAssetLoaderServi - Loading from file system: file:/C:/Games/CS4900%20Workspace/CS4900G2Proj2/Dawnseeker/target/classes/assets/sounds/player_oof.wav
13:41:46.228 [JavaFX Application Thread] WARN  GameWorld            - Attempted to remove entity which is not active
13:41:46.612 [JavaFX Application Thread] WARN  GameWorld            - Attempted to remove entity which is not active
13:41:47.460 [JavaFX Application Thread] WARN  GameWorld            - Attempted to remove entity which is not active
13:41:47.635 [JavaFX Application Thread] WARN  GameWorld            - Attempted to remove entity which is not active
13:41:48.149 [JavaFX Application Thread] WARN  GameWorld            - Attempted to remove entity which is not active
13:41:48.371 [JavaFX Application Thread] WARN  GameWorld            - Attempted to remove entity which is not active
13:41:48.691 [JavaFX Application Thread] WARN  GameWorld            - Attempted to remove entity which is not active
13:41:51.171 [JavaFX Application Thread] WARN  GameWorld            - Attempted to remove entity which is not active
13:41:51.460 [JavaFX Application Thread] WARN  GameWorld            - Attempted to remove entity which is not active
13:41:51.668 [JavaFX Application Thread] WARN  GameWorld            - Attempted to remove entity which is not active
13:41:52.003 [JavaFX Application Thread] WARN  GameWorld            - Attempted to remove entity which is not active
13:41:52.748 [JavaFX Application Thread] DEBUG FXGLApplication      - Exiting FXGL
13:41:52.748 [JavaFX Application Thread] DEBUG LoopRunner           - Stopping loop
13:41:52.748 [JavaFX Application Thread] DEBUG SystemBundleService  - Saving FXGL system data
13:41:52.751 [JavaFX Application Thread] DEBUG FileSystemAccess     - Writing to: C:\Games\CS4900 Workspace\CS4900G2Proj2\Dawnseeker\system\fxgl.bundle
13:41:52.754 [JavaFX Application Thread] DEBUG Async                - Shutting down background threads
13:41:52.754 [JavaFX Application Thread] DEBUG PrimaryStageWindow   - Closing main window
13:41:52.791 [JavaFX Application Thread] DEBUG Logger               - Closing Logger
