12:17:00.840 [main                     ] DEBUG Logger               - Configured Logger
12:17:00.867 [main                     ] DEBUG GameApplication      - Logging settings
Title: Simple Game App
Version: 1.0dev
Width: 1280
Height: 720
Fullscreen: false
Intro: true
Profiling: false
Single step:false
App Mode: DEVELOPER
Menu Key: ESCAPE
Stage Style: DECORATED
Scene Factory: class com.almasb.fxgl.app.scene.SceneFactory

12:17:01.245 [JavaFX Application Thread] DEBUG FXGLApplication      - Initializing FXGL
12:17:01.251 [JavaFX Application Thread] INFO  Engine               - FXGL-17.2 (20.08.2022 16.50) on WINDOWS (J:19.0.2 FX:18)
12:17:01.251 [JavaFX Application Thread] DEBUG Engine               - JRE Vendor Name: Oracle Corporation
12:17:01.251 [JavaFX Application Thread] DEBUG Engine               - Running on OS: Windows 10 version 10.0
12:17:01.252 [JavaFX Application Thread] DEBUG Engine               - Architecture: amd64
12:17:01.252 [JavaFX Application Thread] INFO  Engine               - Source code and latest versions at: https://github.com/AlmasB/FXGL
12:17:01.252 [JavaFX Application Thread] INFO  Engine               -       Ask questions and discuss at: https://github.com/AlmasB/FXGL/discussions
12:17:01.252 [JavaFX Application Thread] INFO  Engine               -              Join the FXGL chat at: https://gitter.im/AlmasB/FXGL
12:17:01.372 [JavaFX Application Thread] DEBUG PrimaryStageWindow   - Creating a JavaFX scene
12:17:01.422 [JavaFX Application Thread] DEBUG PrimaryStageWindow   - Target settings size: 1280.0 x 720.0
12:17:01.422 [JavaFX Application Thread] DEBUG PrimaryStageWindow   - Scaled scene size:    1280.0 x 720.0
12:17:01.422 [JavaFX Application Thread] DEBUG PrimaryStageWindow   - Scaled ratio: (1.0, 1.0)
12:17:01.424 [JavaFX Application Thread] DEBUG PrimaryStageWindow   - Set initial scene to FXGLStartupScene
12:17:01.431 [JavaFX Application Thread] DEBUG PrimaryStageWindow   - Opening main window
12:17:01.526 [JavaFX Application Thread] DEBUG PrimaryStageWindow   - Window border size: (14.4000244140625, 37.5999755859375)
12:17:01.526 [JavaFX Application Thread] DEBUG PrimaryStageWindow   - Scaled size: 1280.0 x 720.0
12:17:01.526 [JavaFX Application Thread] DEBUG PrimaryStageWindow   - Scaled ratio: (1.0, 1.0)
12:17:01.527 [JavaFX Application Thread] DEBUG PrimaryStageWindow   - Scene size: 1280.0 x 720.0
12:17:01.527 [JavaFX Application Thread] DEBUG PrimaryStageWindow   - Stage size: 1294.4000244140625 x 757.5999755859375
12:17:01.543 [FXGL Background Thread 1 ] DEBUG Engine               - Initializing environment variables
12:17:01.611 [FXGL Background Thread 1 ] DEBUG FXGLAssetLoaderServi - User app class for loading assets: class myGame.testest
12:17:01.612 [FXGL Background Thread 1 ] DEBUG GameApplicationServi - Applying CSS: fxgl_dark.css
12:17:01.613 [FXGL Background Thread 1 ] DEBUG FXGLAssetLoaderServi - Loading from file system: jar:file:/C:/Users/narro/.m2/repository/com/github/almasb/fxgl/17.2/fxgl-17.2.jar!/fxglassets/ui/css/fxgl_dark.css
12:17:01.701 [FXGL Background Thread 1 ] DEBUG GameApplicationServi - Initializing application scenes
12:17:01.774 [FXGL Background Thread 1 ] DEBUG GameWorld            - Game world initialized
12:17:01.879 [FXGL Background Thread 1 ] DEBUG PhysicsWorld         - Physics world initialized: appHeight=720, physics.ppm=50.0
12:17:01.880 [FXGL Background Thread 1 ] DEBUG PhysicsWorld         - Using strategy: BRUTE_FORCE
12:17:01.885 [FXGL Background Thread 1 ] DEBUG GameScene            - Game scene initialized: 1280x720
12:17:01.891 [FXGL Background Thread 1 ] DEBUG FXGLAssetLoaderServi - Loading from file system: jar:file:/C:/Users/narro/.m2/repository/com/github/almasb/fxgl/17.2/fxgl-17.2.jar!/fxglassets/textures/intro/fxgl_logo.png
12:17:01.928 [FXGL Background Thread 1 ] DEBUG FXGLAssetLoaderServi - Loading from file system: jar:file:/C:/Users/narro/.m2/repository/com/github/almasb/fxgl/17.2/fxgl-17.2.jar!/fxglassets/textures/intro/javafx_logo.png
12:17:02.092 [FXGL Background Thread 1 ] DEBUG FXGL.DefaultMenu     - createMenuBodyMainMenu()
12:17:02.118 [FXGL Background Thread 1 ] DEBUG FXGL.DefaultMenu     - createOptionsMenu()
12:17:02.134 [FXGL Background Thread 1 ] DEBUG FXGLAssetLoaderServi - Loading from file system: jar:file:/C:/Users/narro/.m2/repository/com/github/almasb/fxgl/17.2/fxgl-17.2.jar!/fxglassets/textures/particles/smoke.png
12:17:02.213 [FXGL Background Thread 1 ] DEBUG FXGLAssetLoaderServi - Loading from file system: jar:file:/C:/Users/narro/.m2/repository/com/github/almasb/fxgl/17.2/fxgl-17.2.jar!/fxglassets/textures/particles/trace_horizontal.png
12:17:02.234 [FXGL Background Thread 1 ] DEBUG FXGL.DefaultMenu     - createMenuBodyGameMenu()
12:17:02.235 [FXGL Background Thread 1 ] DEBUG FXGL.DefaultMenu     - createOptionsMenu()
12:17:02.253 [FXGL Background Thread 1 ] DEBUG GameApplicationServi - Application scenes initialized
12:17:02.269 [FXGL Background Thread 1 ] DEBUG SystemBundleService  - Loading FXGL system data
12:17:02.275 [FXGL Background Thread 1 ] DEBUG FileSystemAccess     - Reading from: C:\Users\narro\OneDrive\Documents\coleg\Spring 2023\CS 4900 Senior Seminiar\Dawnseeker\Dawnseeker\system\fxgl.bundle
12:17:02.287 [FXGL Background Thread 1 ] DEBUG SystemBundleService  - Bundle FXGL: {}
12:17:02.288 [FXGL Background Thread 1 ] DEBUG UpdaterService       - Checking for updates
12:17:02.293 [FXGL Background Thread 4 ] DEBUG FXGLApplication      - Loading fonts
12:17:02.293 [FXGL Background Thread 4 ] DEBUG FXGLAssetLoaderServi - Loading from file system: jar:file:/C:/Users/narro/.m2/repository/com/github/almasb/fxgl/17.2/fxgl-17.2.jar!/fxglassets/ui/fonts/VarelaRound-Regular.ttf
12:17:02.294 [FXGL Background Thread 1 ] DEBUG FXGLApplication      - Loading default localization
12:17:02.295 [FXGL Background Thread 1 ] DEBUG FXGLAssetLoaderServi - Loading from file system: jar:file:/C:/Users/narro/.m2/repository/com/github/almasb/fxgl/17.2/fxgl-17.2.jar!/fxglassets/languages/english.lang
12:17:02.323 [FXGL Background Thread 1 ] INFO  FXGLApplication      - FXGL initialization took: 0.780 sec
12:17:02.339 [JavaFX Application Thread] DEBUG Input                - Registered new binding: action0 - D
12:17:02.339 [JavaFX Application Thread] DEBUG Input                - Registered new binding: action1 - A
12:17:02.340 [JavaFX Application Thread] DEBUG Input                - Registered new binding: action2 - W
12:17:02.340 [JavaFX Application Thread] DEBUG Input                - Registered new binding: action3 - S
12:17:02.341 [JavaFX Application Thread] DEBUG Input                - Registered new binding: action4 - F
12:17:02.342 [JavaFX Application Thread] DEBUG FXGLAssetLoaderServi - Loading from file system: jar:file:/C:/Users/narro/.m2/repository/com/github/almasb/fxgl/17.2/fxgl-17.2.jar!/fxglassets/textures/fxgl_icon.png
12:17:02.356 [JavaFX Application Thread] DEBUG FXGLAssetLoaderServi - Loading from file system: jar:file:/C:/Users/narro/.m2/repository/com/github/almasb/fxgl/17.2/fxgl-17.2.jar!/fxglassets/textures/fxgl_default_cursor.png
12:17:02.358 [JavaFX Application Thread] DEBUG Input                - Registered new binding: Screenshot - CTRL+8
12:17:02.359 [JavaFX Application Thread] DEBUG Input                - Registered new binding: System info dump - CTRL+9
12:17:02.360 [JavaFX Application Thread] DEBUG Input                - Registered new binding: Restart - CTRL+R
12:17:02.361 [JavaFX Application Thread] DEBUG Input                - Registered new binding: Toggle Debug Camera - CTRL+7
12:17:02.365 [JavaFX Application Thread] DEBUG LoopRunner           - Starting loop
12:17:02.365 [JavaFX Application Thread] DEBUG LoopRunner           - Initializing JavaFX AnimationTimerLoop
12:17:02.420 [FXGL Background Thread 4 ] DEBUG FXGLAssetLoaderServi - Loading from file system: jar:file:/C:/Users/narro/.m2/repository/com/github/almasb/fxgl/17.2/fxgl-17.2.jar!/fxglassets/ui/fonts/Abel-Regular.ttf
12:17:02.429 [JavaFX Application Thread] DEBUG Input                - Clearing active input actions
12:17:02.435 [FXGL Background Thread 4 ] DEBUG FXGLAssetLoaderServi - Loading from file system: jar:file:/C:/Users/narro/.m2/repository/com/github/almasb/fxgl/17.2/fxgl-17.2.jar!/fxglassets/ui/fonts/TerminalLandMono-Regular.otf
12:17:02.438 [JavaFX Application Thread] DEBUG GameApplicationServi - Removing overlay from FXGLStartupScene and adding to FXGLIntroScene
12:17:02.439 [JavaFX Application Thread] DEBUG PrimaryStageWindow   - FXGLStartupScene -> FXGLIntroScene
12:17:02.450 [FXGL Background Thread 4 ] DEBUG FXGLAssetLoaderServi - Loading from file system: jar:file:/C:/Users/narro/.m2/repository/com/github/almasb/fxgl/17.2/fxgl-17.2.jar!/fxglassets/ui/fonts/Courier-Prime.ttf
12:17:02.501 [JavaFX Application Thread] DEBUG FXGLApplication      - Registering font factories with UI factory
12:17:05.291 [FXGL Background Thread 3 ] DEBUG Engine               - Logging environment variables
12:17:05.293 [FXGL Background Thread 3 ] DEBUG Engine               - achievements: []
12:17:05.293 [FXGL Background Thread 3 ] DEBUG Engine               - actualHeight: 720.0
12:17:05.294 [FXGL Background Thread 3 ] DEBUG Engine               - actualHeightProperty: ReadOnlyDoubleProperty [value: 720.0]
12:17:05.294 [FXGL Background Thread 3 ] DEBUG Engine               - actualWidth: 1280.0
12:17:05.294 [FXGL Background Thread 3 ] DEBUG Engine               - actualWidthProperty: ReadOnlyDoubleProperty [value: 1280.0]
12:17:05.295 [FXGL Background Thread 3 ] DEBUG Engine               - appIcon: fxgl_icon.png
12:17:05.295 [FXGL Background Thread 3 ] DEBUG Engine               - applicationMode: DEVELOPER
12:17:05.295 [FXGL Background Thread 3 ] DEBUG Engine               - cSSList: [fxgl_dark.css]
12:17:05.295 [FXGL Background Thread 3 ] DEBUG Engine               - collisionDetectionStrategy: BRUTE_FORCE
12:17:05.296 [FXGL Background Thread 3 ] DEBUG Engine               - configClass: Optional.empty
12:17:05.296 [FXGL Background Thread 3 ] DEBUG Engine               - credits: []
12:17:05.298 [FXGL Background Thread 3 ] DEBUG Engine               - defaultCursor: CursorInfo(imageName=fxgl_default_cursor.png, hotspotX=7.0, hotspotY=6.0)
12:17:05.299 [FXGL Background Thread 3 ] DEBUG Engine               - devBBoxColorProperty: ObjectProperty [value: 0xff0000ff]
12:17:05.299 [FXGL Background Thread 3 ] DEBUG Engine               - devEnableDebugCameraProperty: BooleanProperty [value: false]
12:17:05.300 [FXGL Background Thread 3 ] DEBUG Engine               - devSensorColorProperty: ObjectProperty [value: 0xffff00ff]
12:17:05.300 [FXGL Background Thread 3 ] DEBUG Engine               - devShowBBoxProperty: BooleanProperty [value: false]
12:17:05.301 [FXGL Background Thread 3 ] DEBUG Engine               - devShowPositionProperty: BooleanProperty [value: false]
12:17:05.302 [FXGL Background Thread 3 ] DEBUG Engine               - enabledMenuItems: []
12:17:05.302 [FXGL Background Thread 3 ] DEBUG Engine               - engineServices: [class com.almasb.fxgl.app.services.FXGLAssetLoaderService, class com.almasb.fxgl.app.FXGLApplication$GameApplicationService, class com.almasb.fxgl.app.services.FXGLDialogService, class com.almasb.fxgl.app.services.IOTaskExecutorService, class com.almasb.fxgl.io.FileSystemService, class com.almasb.fxgl.localization.LocalizationService, class com.almasb.fxgl.app.services.SystemBundleService, class com.almasb.fxgl.profile.SaveLoadService, class com.almasb.fxgl.ui.FXGLUIFactoryServiceProvider, class com.almasb.fxgl.ui.FXGLDialogFactoryServiceProvider, class com.almasb.fxgl.audio.AudioPlayer, class com.almasb.fxgl.notification.impl.NotificationServiceProvider, class com.almasb.fxgl.achievement.AchievementService, class com.almasb.fxgl.cutscene.CutsceneService, class com.almasb.fxgl.minigames.MiniGameService, class com.almasb.fxgl.net.NetService, class com.almasb.fxgl.app.services.UpdaterService, class com.almasb.fxgl.dev.DevService]
12:17:05.302 [FXGL Background Thread 3 ] DEBUG Engine               - fontGame: Abel-Regular.ttf
12:17:05.303 [FXGL Background Thread 3 ] DEBUG Engine               - fontMono: TerminalLandMono-Regular.otf
12:17:05.303 [FXGL Background Thread 3 ] DEBUG Engine               - fontText: Courier-Prime.ttf
12:17:05.303 [FXGL Background Thread 3 ] DEBUG Engine               - fontUI: VarelaRound-Regular.ttf
12:17:05.303 [FXGL Background Thread 3 ] DEBUG Engine               - fullScreen: BooleanProperty [value: false]
12:17:05.303 [FXGL Background Thread 3 ] DEBUG Engine               - gameDifficulty: MEDIUM
12:17:05.304 [FXGL Background Thread 3 ] DEBUG Engine               - gameDifficultyProperty: ObjectProperty [value: MEDIUM]
12:17:05.304 [FXGL Background Thread 3 ] DEBUG Engine               - globalMusicVolume: 0.5
12:17:05.304 [FXGL Background Thread 3 ] DEBUG Engine               - globalMusicVolumeProperty: DoubleProperty [value: 0.5]
12:17:05.305 [FXGL Background Thread 3 ] DEBUG Engine               - globalSoundVolume: 0.5
12:17:05.305 [FXGL Background Thread 3 ] DEBUG Engine               - globalSoundVolumeProperty: DoubleProperty [value: 0.5]
12:17:05.305 [FXGL Background Thread 3 ] DEBUG Engine               - height: 720
12:17:05.306 [FXGL Background Thread 3 ] DEBUG Engine               - is3D: false
12:17:05.306 [FXGL Background Thread 3 ] DEBUG Engine               - isAndroid: false
12:17:05.306 [FXGL Background Thread 3 ] DEBUG Engine               - isBrowser: false
12:17:05.306 [FXGL Background Thread 3 ] DEBUG Engine               - isClickFeedbackEnabled: false
12:17:05.306 [FXGL Background Thread 3 ] DEBUG Engine               - isCloseConfirmation: false
12:17:05.307 [FXGL Background Thread 3 ] DEBUG Engine               - isDesktop: true
12:17:05.307 [FXGL Background Thread 3 ] DEBUG Engine               - isDeveloperMenuEnabled: false
12:17:05.307 [FXGL Background Thread 3 ] DEBUG Engine               - isEmbedded: false
12:17:05.307 [FXGL Background Thread 3 ] DEBUG Engine               - isEntityPreloadEnabled: true
12:17:05.308 [FXGL Background Thread 3 ] DEBUG Engine               - isExperimentalTiledLargeMap: false
12:17:05.308 [FXGL Background Thread 3 ] DEBUG Engine               - isFileSystemWriteAllowed: true
12:17:05.308 [FXGL Background Thread 3 ] DEBUG Engine               - isFullScreenAllowed: false
12:17:05.308 [FXGL Background Thread 3 ] DEBUG Engine               - isFullScreenFromStart: false
12:17:05.308 [FXGL Background Thread 3 ] DEBUG Engine               - isGameMenuEnabled: true
12:17:05.309 [FXGL Background Thread 3 ] DEBUG Engine               - isIOS: false
12:17:05.309 [FXGL Background Thread 3 ] DEBUG Engine               - isIntroEnabled: true
12:17:05.309 [FXGL Background Thread 3 ] DEBUG Engine               - isLinux: false
12:17:05.309 [FXGL Background Thread 3 ] DEBUG Engine               - isMac: false
12:17:05.309 [FXGL Background Thread 3 ] DEBUG Engine               - isMainMenuEnabled: true
12:17:05.309 [FXGL Background Thread 3 ] DEBUG Engine               - isManualResizeEnabled: false
12:17:05.310 [FXGL Background Thread 3 ] DEBUG Engine               - isMobile: false
12:17:05.310 [FXGL Background Thread 3 ] DEBUG Engine               - isNative: false
12:17:05.310 [FXGL Background Thread 3 ] DEBUG Engine               - isPauseMusicWhenMinimized: true
12:17:05.310 [FXGL Background Thread 3 ] DEBUG Engine               - isPreserveResizeRatio: false
12:17:05.310 [FXGL Background Thread 3 ] DEBUG Engine               - isProfilingEnabled: false
12:17:05.310 [FXGL Background Thread 3 ] DEBUG Engine               - isScaleAffectedOnResize: true
12:17:05.311 [FXGL Background Thread 3 ] DEBUG Engine               - isSingleStep: false
12:17:05.311 [FXGL Background Thread 3 ] DEBUG Engine               - isUserProfileEnabled: false
12:17:05.311 [FXGL Background Thread 3 ] DEBUG Engine               - isWindows: true
12:17:05.311 [FXGL Background Thread 3 ] DEBUG Engine               - language: ObjectProperty [value: ENGLISH]
12:17:05.311 [FXGL Background Thread 3 ] DEBUG Engine               - menuKey: ESCAPE
12:17:05.311 [FXGL Background Thread 3 ] DEBUG Engine               - mouseSensitivity: 0.2
12:17:05.312 [FXGL Background Thread 3 ] DEBUG Engine               - notificationViewClass: class com.almasb.fxgl.notification.view.XboxNotificationView
12:17:05.312 [FXGL Background Thread 3 ] DEBUG Engine               - pixelsPerMeter: 50.0
12:17:05.312 [FXGL Background Thread 3 ] DEBUG Engine               - platform: WINDOWS
12:17:05.312 [FXGL Background Thread 3 ] DEBUG Engine               - prefHeightProperty: ReadOnlyDoubleProperty [value: 720.0]
12:17:05.312 [FXGL Background Thread 3 ] DEBUG Engine               - prefWidthProperty: ReadOnlyDoubleProperty [value: 1280.0]
12:17:05.313 [FXGL Background Thread 3 ] DEBUG Engine               - profileDir: profiles/
12:17:05.313 [FXGL Background Thread 3 ] DEBUG Engine               - profileName: StringProperty [value: DEFAULT]
12:17:05.313 [FXGL Background Thread 3 ] DEBUG Engine               - randomSeed: -1
12:17:05.314 [FXGL Background Thread 3 ] DEBUG Engine               - runtimeInfo: RuntimeInfo(platform=WINDOWS, version=17.2, build=20.08.2022 16.50)
12:17:05.314 [FXGL Background Thread 3 ] DEBUG Engine               - saveFileExt: sav
12:17:05.315 [FXGL Background Thread 3 ] DEBUG Engine               - scaledHeightProp$fxgl: DoubleProperty [bound, value: 720.0]
12:17:05.315 [FXGL Background Thread 3 ] DEBUG Engine               - scaledWidthProp$fxgl: DoubleProperty [bound, value: 1280.0]
12:17:05.315 [FXGL Background Thread 3 ] DEBUG Engine               - sceneFactory: com.almasb.fxgl.app.scene.SceneFactory@5745d4a2
12:17:05.315 [FXGL Background Thread 3 ] DEBUG Engine               - secondsIn24h: 60
12:17:05.315 [FXGL Background Thread 3 ] DEBUG Engine               - soundMenuBack: menu/back.wav
12:17:05.315 [FXGL Background Thread 3 ] DEBUG Engine               - soundMenuPress: menu/press.wav
12:17:05.316 [FXGL Background Thread 3 ] DEBUG Engine               - soundMenuSelect: menu/select.wav
12:17:05.316 [FXGL Background Thread 3 ] DEBUG Engine               - soundNotification: core/notification.wav
12:17:05.316 [FXGL Background Thread 3 ] DEBUG Engine               - stageStyle: DECORATED
12:17:05.316 [FXGL Background Thread 3 ] DEBUG Engine               - supportedLanguages: [ENGLISH, FRENCH, GERMAN, HUNGARIAN, RUSSIAN]
12:17:05.316 [FXGL Background Thread 3 ] DEBUG Engine               - ticksPerSecond: -1
12:17:05.316 [FXGL Background Thread 3 ] DEBUG Engine               - title: Simple Game App
12:17:05.316 [FXGL Background Thread 3 ] DEBUG Engine               - urlGithub: https://github.com/AlmasB/FXGL
12:17:05.317 [FXGL Background Thread 3 ] DEBUG Engine               - urlLeaderboard: http://fxgl-top.herokuapp.com/
12:17:05.317 [FXGL Background Thread 3 ] DEBUG Engine               - urlPOM: https://raw.githubusercontent.com/AlmasB/FXGL/release/README.md
12:17:05.317 [FXGL Background Thread 3 ] DEBUG Engine               - userAppClass: class myGame.testest
12:17:05.317 [FXGL Background Thread 3 ] DEBUG Engine               - version: 1.0dev
12:17:05.317 [FXGL Background Thread 3 ] DEBUG Engine               - versionCheckDays: 7
12:17:05.318 [FXGL Background Thread 3 ] DEBUG Engine               - width: 1280
12:17:05.318 [FXGL Background Thread 3 ] DEBUG Engine               - Logging services
12:17:05.318 [FXGL Background Thread 3 ] DEBUG Engine               - class com.almasb.fxgl.app.services.FXGLAssetLoaderService
12:17:05.318 [FXGL Background Thread 3 ] DEBUG Engine               - class com.almasb.fxgl.app.FXGLApplication$GameApplicationService
12:17:05.319 [FXGL Background Thread 3 ] DEBUG Engine               - class com.almasb.fxgl.app.services.FXGLDialogService
12:17:05.319 [FXGL Background Thread 3 ] DEBUG Engine               - class com.almasb.fxgl.app.services.IOTaskExecutorService
12:17:05.319 [FXGL Background Thread 3 ] DEBUG Engine               - class com.almasb.fxgl.io.FileSystemService
12:17:05.319 [FXGL Background Thread 3 ] DEBUG Engine               - class com.almasb.fxgl.localization.LocalizationService
12:17:05.319 [FXGL Background Thread 3 ] DEBUG Engine               - class com.almasb.fxgl.app.services.SystemBundleService
12:17:05.319 [FXGL Background Thread 3 ] DEBUG Engine               - class com.almasb.fxgl.profile.SaveLoadService
12:17:05.319 [FXGL Background Thread 3 ] DEBUG Engine               - class com.almasb.fxgl.ui.FXGLUIFactoryServiceProvider
12:17:05.319 [FXGL Background Thread 3 ] DEBUG Engine               - class com.almasb.fxgl.ui.FXGLDialogFactoryServiceProvider
12:17:05.319 [FXGL Background Thread 3 ] DEBUG Engine               - class com.almasb.fxgl.audio.AudioPlayer
12:17:05.319 [FXGL Background Thread 3 ] DEBUG Engine               - class com.almasb.fxgl.notification.impl.NotificationServiceProvider
12:17:05.319 [FXGL Background Thread 3 ] DEBUG Engine               - class com.almasb.fxgl.achievement.AchievementService
12:17:05.319 [FXGL Background Thread 3 ] DEBUG Engine               - class com.almasb.fxgl.cutscene.CutsceneService
12:17:05.320 [FXGL Background Thread 3 ] DEBUG Engine               - class com.almasb.fxgl.minigames.MiniGameService
12:17:05.320 [FXGL Background Thread 3 ] DEBUG Engine               - class com.almasb.fxgl.net.NetService
12:17:05.320 [FXGL Background Thread 3 ] DEBUG Engine               - class com.almasb.fxgl.app.services.UpdaterService
12:17:05.320 [FXGL Background Thread 3 ] DEBUG Engine               - class com.almasb.fxgl.dev.DevService
12:17:10.369 [JavaFX Application Thread] DEBUG Input                - Clearing active input actions
12:17:10.386 [JavaFX Application Thread] DEBUG GameApplicationServi - Removing overlay from FXGLIntroScene and adding to FXGLMainMenuDummyScene
12:17:10.386 [JavaFX Application Thread] DEBUG PrimaryStageWindow   - FXGLIntroScene -> FXGLMainMenuDummyScene
12:17:10.387 [JavaFX Application Thread] DEBUG PrimaryStageWindow   - Push state: FXGLDefaultMenu
12:17:10.396 [JavaFX Application Thread] DEBUG Input                - Clearing active input actions
12:17:10.409 [JavaFX Application Thread] DEBUG GameApplicationServi - Removing overlay from FXGLMainMenuDummyScene and adding to FXGLDefaultMenu
12:17:10.409 [JavaFX Application Thread] DEBUG PrimaryStageWindow   - FXGLMainMenuDummyScene -> FXGLDefaultMenu
12:17:14.172 [JavaFX Application Thread] DEBUG FXGLApplication      - Exiting FXGL
12:17:14.172 [JavaFX Application Thread] DEBUG LoopRunner           - Stopping loop
12:17:14.172 [JavaFX Application Thread] DEBUG SystemBundleService  - Saving FXGL system data
12:17:14.174 [JavaFX Application Thread] DEBUG FileSystemAccess     - Writing to: C:\Users\narro\OneDrive\Documents\coleg\Spring 2023\CS 4900 Senior Seminiar\Dawnseeker\Dawnseeker\system\fxgl.bundle
12:17:14.176 [JavaFX Application Thread] DEBUG Async                - Shutting down background threads
12:17:14.176 [JavaFX Application Thread] DEBUG PrimaryStageWindow   - Closing main window
12:17:14.195 [JavaFX Application Thread] DEBUG Logger               - Closing Logger
