13:09:54.695 [main                     ] DEBUG Logger               - Configured Logger
13:09:54.718 [main                     ] DEBUG GameApplication      - Logging settings
Title: Dawnseeker
Version: 0.4
Width: 1920
Height: 1080
Fullscreen: false
Intro: false
Profiling: false
Single step:false
App Mode: DEVELOPER
Menu Key: ESCAPE
Stage Style: DECORATED
Scene Factory: class myGame.DawnseekerApp$1

13:09:55.159 [JavaFX Application Thread] DEBUG FXGLApplication      - Initializing FXGL
13:09:55.163 [JavaFX Application Thread] INFO  Engine               - FXGL-17.2 (20.08.2022 16.50) on WINDOWS (J:19.0.2 FX:18)
13:09:55.164 [JavaFX Application Thread] DEBUG Engine               - JRE Vendor Name: Oracle Corporation
13:09:55.164 [JavaFX Application Thread] DEBUG Engine               - Running on OS: Windows 10 version 10.0
13:09:55.164 [JavaFX Application Thread] DEBUG Engine               - Architecture: amd64
13:09:55.164 [JavaFX Application Thread] INFO  Engine               - Source code and latest versions at: https://github.com/AlmasB/FXGL
13:09:55.164 [JavaFX Application Thread] INFO  Engine               -       Ask questions and discuss at: https://github.com/AlmasB/FXGL/discussions
13:09:55.164 [JavaFX Application Thread] INFO  Engine               -              Join the FXGL chat at: https://gitter.im/AlmasB/FXGL
13:09:55.282 [JavaFX Application Thread] DEBUG PrimaryStageWindow   - Creating a JavaFX scene
13:09:55.328 [JavaFX Application Thread] DEBUG PrimaryStageWindow   - Target settings size: 1920.0 x 1080.0
13:09:55.328 [JavaFX Application Thread] DEBUG PrimaryStageWindow   - Scaled scene size:    1920.0 x 1080.0
13:09:55.328 [JavaFX Application Thread] DEBUG PrimaryStageWindow   - Scaled ratio: (1.0, 1.0)
13:09:55.329 [JavaFX Application Thread] DEBUG PrimaryStageWindow   - Set initial scene to FXGLStartupScene
13:09:55.337 [JavaFX Application Thread] DEBUG PrimaryStageWindow   - Opening main window
13:09:55.421 [JavaFX Application Thread] DEBUG PrimaryStageWindow   - Window border size: (16.0, 39.0)
13:09:55.421 [JavaFX Application Thread] DEBUG PrimaryStageWindow   - Scaled size: 1920.0 x 1080.0
13:09:55.421 [JavaFX Application Thread] DEBUG PrimaryStageWindow   - Scaled ratio: (1.0, 1.0)
13:09:55.421 [JavaFX Application Thread] DEBUG PrimaryStageWindow   - Scene size: 1920.0 x 1080.0
13:09:55.421 [JavaFX Application Thread] DEBUG PrimaryStageWindow   - Stage size: 1936.0 x 1119.0
13:09:55.428 [FXGL Background Thread 1 ] DEBUG Engine               - Initializing environment variables
13:09:55.474 [FXGL Background Thread 1 ] DEBUG FXGLAssetLoaderServi - User app class for loading assets: class myGame.DawnseekerApp
13:09:55.474 [FXGL Background Thread 1 ] DEBUG GameApplicationServi - Applying CSS: fxgl_dark.css
13:09:55.475 [FXGL Background Thread 1 ] DEBUG FXGLAssetLoaderServi - Loading from file system: jar:file:/C:/Users/Morgan%20Johnson/.m2/repository/com/github/almasb/fxgl/17.2/fxgl-17.2.jar!/fxglassets/ui/css/fxgl_dark.css
13:09:55.515 [FXGL Background Thread 1 ] DEBUG GameApplicationServi - Initializing application scenes
13:09:55.549 [FXGL Background Thread 1 ] DEBUG GameWorld            - Game world initialized
13:09:55.605 [FXGL Background Thread 1 ] DEBUG PhysicsWorld         - Physics world initialized: appHeight=1080, physics.ppm=50.0
13:09:55.605 [FXGL Background Thread 1 ] DEBUG PhysicsWorld         - Using strategy: BRUTE_FORCE
13:09:55.609 [FXGL Background Thread 1 ] DEBUG GameScene            - Game scene initialized: 1920x1080
13:09:55.609 [FXGL Background Thread 1 ] DEBUG FXGLAssetLoaderServi - Loading from file system: file:/C:/Games/Schoolwork/Spring%2023/CS4900/DawnseekerWorkspace/CS4900G2Proj2/CS4900G2Proj2/Dawnseeker/target/classes/assets/music/shop.mp3
13:09:55.740 [FXGL Background Thread 1 ] DEBUG AudioPlayer          - Playing music com.almasb.fxgl.audio.Music@693a2e42
13:09:55.757 [FXGL Background Thread 1 ] DEBUG FXGLAssetLoaderServi - Loading from file system: file:/C:/Games/Schoolwork/Spring%2023/CS4900/DawnseekerWorkspace/CS4900G2Proj2/CS4900G2Proj2/Dawnseeker/target/classes/assets/textures/bg.png
13:09:55.847 [FXGL Background Thread 1 ] DEBUG FXGL.DefaultMenu     - createMenuBodyGameMenu()
13:09:55.861 [FXGL Background Thread 1 ] DEBUG FXGL.DefaultMenu     - createOptionsMenu()
13:09:55.867 [FXGL Background Thread 1 ] DEBUG FXGLAssetLoaderServi - Loading from file system: jar:file:/C:/Users/Morgan%20Johnson/.m2/repository/com/github/almasb/fxgl/17.2/fxgl-17.2.jar!/fxglassets/textures/particles/smoke.png
13:09:55.938 [FXGL Background Thread 1 ] DEBUG FXGLAssetLoaderServi - Loading from file system: jar:file:/C:/Users/Morgan%20Johnson/.m2/repository/com/github/almasb/fxgl/17.2/fxgl-17.2.jar!/fxglassets/textures/particles/trace_horizontal.png
13:09:55.954 [FXGL Background Thread 1 ] DEBUG GameApplicationServi - Application scenes initialized
13:09:55.967 [FXGL Background Thread 1 ] DEBUG SystemBundleService  - Loading FXGL system data
13:09:55.971 [FXGL Background Thread 1 ] DEBUG FileSystemAccess     - Reading from: C:\Games\Schoolwork\Spring 23\CS4900\DawnseekerWorkspace\CS4900G2Proj2\CS4900G2Proj2\Dawnseeker\system\fxgl.bundle
13:09:55.981 [FXGL Background Thread 1 ] DEBUG SystemBundleService  - Bundle FXGL: {}
13:09:55.981 [FXGL Background Thread 1 ] DEBUG UpdaterService       - Checking for updates
13:09:55.984 [FXGL Background Thread 4 ] DEBUG FXGLApplication      - Loading fonts
13:09:55.985 [FXGL Background Thread 4 ] DEBUG FXGLAssetLoaderServi - Loading from file system: jar:file:/C:/Users/Morgan%20Johnson/.m2/repository/com/github/almasb/fxgl/17.2/fxgl-17.2.jar!/fxglassets/ui/fonts/VarelaRound-Regular.ttf
13:09:55.985 [FXGL Background Thread 1 ] DEBUG FXGLApplication      - Loading default localization
13:09:55.985 [FXGL Background Thread 1 ] DEBUG FXGLAssetLoaderServi - Loading from file system: jar:file:/C:/Users/Morgan%20Johnson/.m2/repository/com/github/almasb/fxgl/17.2/fxgl-17.2.jar!/fxglassets/languages/english.lang
13:09:56.004 [FXGL Background Thread 1 ] INFO  FXGLApplication      - FXGL initialization took: 0.575 sec
13:09:56.009 [JavaFX Application Thread] DEBUG Input                - Registered new binding: action0 - LMB
13:09:56.016 [JavaFX Application Thread] DEBUG Input                - Registered new binding: Up - W
13:09:56.017 [JavaFX Application Thread] DEBUG Input                - Registered new binding: Down - S
13:09:56.017 [JavaFX Application Thread] DEBUG Input                - Registered new binding: Right - D
13:09:56.017 [JavaFX Application Thread] DEBUG Input                - Registered new binding: Left - A
13:09:56.018 [JavaFX Application Thread] DEBUG FXGLAssetLoaderServi - Loading from file system: jar:file:/C:/Users/Morgan%20Johnson/.m2/repository/com/github/almasb/fxgl/17.2/fxgl-17.2.jar!/fxglassets/textures/fxgl_icon.png
13:09:56.034 [JavaFX Application Thread] DEBUG FXGLAssetLoaderServi - Loading from file system: jar:file:/C:/Users/Morgan%20Johnson/.m2/repository/com/github/almasb/fxgl/17.2/fxgl-17.2.jar!/fxglassets/textures/fxgl_default_cursor.png
13:09:56.036 [JavaFX Application Thread] DEBUG Input                - Registered new binding: Screenshot - CTRL+8
13:09:56.037 [JavaFX Application Thread] DEBUG Input                - Registered new binding: System info dump - CTRL+9
13:09:56.037 [JavaFX Application Thread] DEBUG Input                - Registered new binding: Restart - CTRL+R
13:09:56.038 [JavaFX Application Thread] DEBUG Input                - Registered new binding: Toggle Debug Camera - CTRL+7
13:09:56.043 [JavaFX Application Thread] DEBUG LoopRunner           - Starting loop
13:09:56.043 [JavaFX Application Thread] DEBUG LoopRunner           - Initializing JavaFX AnimationTimerLoop
13:09:56.047 [JavaFX Application Thread] DEBUG Input                - Clearing active input actions
13:09:56.058 [JavaFX Application Thread] DEBUG GameApplicationServi - Removing overlay from FXGLStartupScene and adding to FXGLMainMenuDummyScene
13:09:56.058 [JavaFX Application Thread] DEBUG PrimaryStageWindow   - FXGLStartupScene -> FXGLMainMenuDummyScene
13:09:56.058 [JavaFX Application Thread] DEBUG PrimaryStageWindow   - Push state: DawnseekerMenu
13:09:56.058 [JavaFX Application Thread] DEBUG Input                - Clearing active input actions
13:09:56.066 [JavaFX Application Thread] DEBUG GameApplicationServi - Removing overlay from FXGLMainMenuDummyScene and adding to DawnseekerMenu
13:09:56.066 [JavaFX Application Thread] DEBUG PrimaryStageWindow   - FXGLMainMenuDummyScene -> DawnseekerMenu
13:09:56.081 [FXGL Background Thread 4 ] DEBUG FXGLAssetLoaderServi - Loading from file system: jar:file:/C:/Users/Morgan%20Johnson/.m2/repository/com/github/almasb/fxgl/17.2/fxgl-17.2.jar!/fxglassets/ui/fonts/Abel-Regular.ttf
13:09:56.085 [FXGL Background Thread 4 ] DEBUG FXGLAssetLoaderServi - Loading from file system: jar:file:/C:/Users/Morgan%20Johnson/.m2/repository/com/github/almasb/fxgl/17.2/fxgl-17.2.jar!/fxglassets/ui/fonts/TerminalLandMono-Regular.otf
13:09:56.090 [FXGL Background Thread 4 ] DEBUG FXGLAssetLoaderServi - Loading from file system: jar:file:/C:/Users/Morgan%20Johnson/.m2/repository/com/github/almasb/fxgl/17.2/fxgl-17.2.jar!/fxglassets/ui/fonts/Courier-Prime.ttf
13:09:56.098 [JavaFX Application Thread] DEBUG FXGLApplication      - Registering font factories with UI factory
13:09:56.356 [FXGL Background Thread 2 ] INFO  UpdaterService       - Your current version:  17.2
13:09:56.357 [FXGL Background Thread 2 ] INFO  UpdaterService       - Latest stable version: 17.3
13:09:56.888 [JavaFX Application Thread] DEBUG Menu                 - fireNewGame()
13:09:56.888 [JavaFX Application Thread] DEBUG GameApplicationServi - Starting new game
13:09:56.888 [JavaFX Application Thread] DEBUG PrimaryStageWindow   - Pop state: DawnseekerMenu
13:09:56.888 [JavaFX Application Thread] DEBUG Input                - Clearing active input actions
13:09:56.888 [JavaFX Application Thread] DEBUG GameApplicationServi - Removing overlay from DawnseekerMenu and adding to FXGLMainMenuDummyScene
13:09:56.889 [JavaFX Application Thread] DEBUG PrimaryStageWindow   - FXGLMainMenuDummyScene <- DawnseekerMenu
13:09:56.889 [JavaFX Application Thread] DEBUG Input                - Clearing active input actions
13:09:56.894 [JavaFX Application Thread] DEBUG GameApplicationServi - Removing overlay from FXGLMainMenuDummyScene and adding to FXGLLoadingScene
13:09:56.894 [JavaFX Application Thread] DEBUG PrimaryStageWindow   - FXGLMainMenuDummyScene -> FXGLLoadingScene
13:09:56.895 [JavaFX Application Thread] DEBUG GameApplicationServi - Clearing previous game
13:09:56.895 [JavaFX Application Thread] DEBUG GameScene            - Clearing game scene
13:09:56.895 [JavaFX Application Thread] DEBUG GameWorld            - Clearing game world
13:09:56.895 [JavaFX Application Thread] DEBUG PhysicsWorld         - Clearing physics world
13:09:56.896 [FXGL Background Thread 2 ] DEBUG FXGLApplication      - Initializing game
13:09:56.900 [FXGL Background Thread 2 ] DEBUG AudioPlayer          - Stopping music com.almasb.fxgl.audio.Music@693a2e42
13:09:56.901 [FXGL Background Thread 2 ] DEBUG FXGLAssetLoaderServi - Loading from file system: file:/C:/Games/Schoolwork/Spring%2023/CS4900/DawnseekerWorkspace/CS4900G2Proj2/CS4900G2Proj2/Dawnseeker/target/classes/assets/music/heartache.mp3
13:09:56.904 [FXGL Background Thread 2 ] DEBUG AudioPlayer          - Playing music com.almasb.fxgl.audio.Music@6a63e0ce
13:09:56.920 [FXGL Background Thread 2 ] DEBUG FXGLAssetLoaderServi - Loading from file system: file:/C:/Games/Schoolwork/Spring%2023/CS4900/DawnseekerWorkspace/CS4900G2Proj2/CS4900G2Proj2/Dawnseeker/target/classes/assets/textures/DawnseekerPCV2.png
13:09:56.922 [FXGL Background Thread 2 ] DEBUG FXGLAssetLoaderServi - Loading from file system: file:/C:/Games/Schoolwork/Spring%2023/CS4900/DawnseekerWorkspace/CS4900G2Proj2/CS4900G2Proj2/Dawnseeker/target/classes/assets/textures/DawnseekerPCV2Down.png
13:09:56.925 [FXGL Background Thread 2 ] DEBUG FXGLAssetLoaderServi - Loading from file system: file:/C:/Games/Schoolwork/Spring%2023/CS4900/DawnseekerWorkspace/CS4900G2Proj2/CS4900G2Proj2/Dawnseeker/target/classes/assets/textures/DawnseekerPCV2Up.png
13:09:56.929 [FXGL Background Thread 2 ] DEBUG FXGLAssetLoaderServi - Loading from file system: file:/C:/Games/Schoolwork/Spring%2023/CS4900/DawnseekerWorkspace/CS4900G2Proj2/CS4900G2Proj2/Dawnseeker/target/classes/assets/textures/DawnseekerPCV2Right.png
13:09:56.931 [FXGL Background Thread 2 ] DEBUG FXGLAssetLoaderServi - Loading from file system: file:/C:/Games/Schoolwork/Spring%2023/CS4900/DawnseekerWorkspace/CS4900G2Proj2/CS4900G2Proj2/Dawnseeker/target/classes/assets/textures/DawnseekerPCV2Left.png
13:09:56.946 [FXGL Background Thread 2 ] DEBUG FXGLAssetLoaderServi - Loading from file system: file:/C:/Games/Schoolwork/Spring%2023/CS4900/DawnseekerWorkspace/CS4900G2Proj2/CS4900G2Proj2/Dawnseeker/target/classes/assets/textures/BackGroung.png
13:09:56.981 [FXGL Background Thread 2 ] WARN  GameWorld            - Entity is already attached to world
13:09:56.982 [FXGL Background Thread 2 ] DEBUG FXGLAssetLoaderServi - Loading from file system: file:/C:/Games/Schoolwork/Spring%2023/CS4900/DawnseekerWorkspace/CS4900G2Proj2/CS4900G2Proj2/Dawnseeker/target/classes/assets/textures/Rock1.png
13:09:56.983 [FXGL Background Thread 2 ] WARN  Entity               - Entity already has component: com.almasb.fxgl.entity.components.CollidableComponent
13:09:56.983 [FXGL Background Thread 2 ] WARN  GameWorld            - Entity is already attached to world
13:09:56.984 [FXGL Background Thread 2 ] DEBUG FXGLAssetLoaderServi - Loading from file system: file:/C:/Games/Schoolwork/Spring%2023/CS4900/DawnseekerWorkspace/CS4900G2Proj2/CS4900G2Proj2/Dawnseeker/target/classes/assets/textures/Rock2.png
13:09:56.985 [FXGL Background Thread 2 ] WARN  Entity               - Entity already has component: com.almasb.fxgl.entity.components.CollidableComponent
13:09:56.985 [FXGL Background Thread 2 ] WARN  GameWorld            - Entity is already attached to world
13:09:56.986 [FXGL Background Thread 2 ] DEBUG FXGLAssetLoaderServi - Loading from file system: file:/C:/Games/Schoolwork/Spring%2023/CS4900/DawnseekerWorkspace/CS4900G2Proj2/CS4900G2Proj2/Dawnseeker/target/classes/assets/textures/BigRock1.png
13:09:56.987 [FXGL Background Thread 2 ] WARN  Entity               - Entity already has component: com.almasb.fxgl.entity.components.CollidableComponent
13:09:56.988 [FXGL Background Thread 2 ] WARN  GameWorld            - Entity is already attached to world
13:09:56.989 [FXGL Background Thread 2 ] DEBUG FXGLAssetLoaderServi - Loading from file system: file:/C:/Games/Schoolwork/Spring%2023/CS4900/DawnseekerWorkspace/CS4900G2Proj2/CS4900G2Proj2/Dawnseeker/target/classes/assets/textures/Poison.gif
13:09:56.995 [FXGL Background Thread 2 ] WARN  GameWorld            - Entity is already attached to world
13:09:56.996 [FXGL Background Thread 2 ] DEBUG FXGLAssetLoaderServi - Loading from file system: file:/C:/Games/Schoolwork/Spring%2023/CS4900/DawnseekerWorkspace/CS4900G2Proj2/CS4900G2Proj2/Dawnseeker/target/classes/assets/textures/Shop.png
13:09:56.996 [FXGL Background Thread 2 ] WARN  GameWorld            - Entity is already attached to world
13:09:57.007 [FXGL Background Thread 2 ] INFO  FXGLApplication      - Game initialization took: 0.110 sec
13:09:57.015 [JavaFX Application Thread] DEBUG Input                - Clearing active input actions
13:09:57.023 [JavaFX Application Thread] DEBUG GameApplicationServi - Removing overlay from FXGLLoadingScene and adding to GameScene
13:09:57.024 [JavaFX Application Thread] DEBUG PrimaryStageWindow   - FXGLLoadingScene -> GameScene
13:09:57.866 [JavaFX Application Thread] DEBUG FXGLAssetLoaderServi - Loading from file system: file:/C:/Games/Schoolwork/Spring%2023/CS4900/DawnseekerWorkspace/CS4900G2Proj2/CS4900G2Proj2/Dawnseeker/target/classes/assets/textures/Skull.gif
13:09:57.870 [JavaFX Application Thread] DEBUG FXGLAssetLoaderServi - Loading from file system: file:/C:/Games/Schoolwork/Spring%2023/CS4900/DawnseekerWorkspace/CS4900G2Proj2/CS4900G2Proj2/Dawnseeker/target/classes/assets/textures/Ghost.gif
13:09:58.984 [FXGL Background Thread 3 ] DEBUG Engine               - Logging environment variables
13:09:58.984 [FXGL Background Thread 3 ] DEBUG Engine               - achievements: []
13:09:58.984 [FXGL Background Thread 3 ] DEBUG Engine               - actualHeight: 1080.0
13:09:58.984 [FXGL Background Thread 3 ] DEBUG Engine               - actualHeightProperty: ReadOnlyDoubleProperty [value: 1080.0]
13:09:58.984 [FXGL Background Thread 3 ] DEBUG Engine               - actualWidth: 1920.0
13:09:58.984 [FXGL Background Thread 3 ] DEBUG Engine               - actualWidthProperty: ReadOnlyDoubleProperty [value: 1920.0]
13:09:58.984 [FXGL Background Thread 3 ] DEBUG Engine               - appIcon: fxgl_icon.png
13:09:58.984 [FXGL Background Thread 3 ] DEBUG Engine               - applicationMode: DEVELOPER
13:09:58.984 [FXGL Background Thread 3 ] DEBUG Engine               - cSSList: [fxgl_dark.css]
13:09:58.984 [FXGL Background Thread 3 ] DEBUG Engine               - collisionDetectionStrategy: BRUTE_FORCE
13:09:58.984 [FXGL Background Thread 3 ] DEBUG Engine               - configClass: Optional.empty
13:09:58.985 [FXGL Background Thread 3 ] DEBUG Engine               - credits: []
13:09:58.985 [FXGL Background Thread 3 ] DEBUG Engine               - defaultCursor: CursorInfo(imageName=fxgl_default_cursor.png, hotspotX=7.0, hotspotY=6.0)
13:09:58.985 [FXGL Background Thread 3 ] DEBUG Engine               - devBBoxColorProperty: ObjectProperty [value: 0xff0000ff]
13:09:58.985 [FXGL Background Thread 3 ] DEBUG Engine               - devEnableDebugCameraProperty: BooleanProperty [value: false]
13:09:58.985 [FXGL Background Thread 3 ] DEBUG Engine               - devSensorColorProperty: ObjectProperty [value: 0xffff00ff]
13:09:58.985 [FXGL Background Thread 3 ] DEBUG Engine               - devShowBBoxProperty: BooleanProperty [value: false]
13:09:58.985 [FXGL Background Thread 3 ] DEBUG Engine               - devShowPositionProperty: BooleanProperty [value: false]
13:09:58.985 [FXGL Background Thread 3 ] DEBUG Engine               - enabledMenuItems: []
13:09:58.985 [FXGL Background Thread 3 ] DEBUG Engine               - engineServices: [class com.almasb.fxgl.app.services.FXGLAssetLoaderService, class com.almasb.fxgl.app.FXGLApplication$GameApplicationService, class com.almasb.fxgl.app.services.FXGLDialogService, class com.almasb.fxgl.app.services.IOTaskExecutorService, class com.almasb.fxgl.io.FileSystemService, class com.almasb.fxgl.localization.LocalizationService, class com.almasb.fxgl.app.services.SystemBundleService, class com.almasb.fxgl.profile.SaveLoadService, class com.almasb.fxgl.ui.FXGLUIFactoryServiceProvider, class com.almasb.fxgl.ui.FXGLDialogFactoryServiceProvider, class com.almasb.fxgl.audio.AudioPlayer, class com.almasb.fxgl.notification.impl.NotificationServiceProvider, class com.almasb.fxgl.achievement.AchievementService, class com.almasb.fxgl.cutscene.CutsceneService, class com.almasb.fxgl.minigames.MiniGameService, class com.almasb.fxgl.net.NetService, class com.almasb.fxgl.app.services.UpdaterService, class com.almasb.fxgl.dev.DevService]
13:09:58.985 [FXGL Background Thread 3 ] DEBUG Engine               - fontGame: Abel-Regular.ttf
13:09:58.985 [FXGL Background Thread 3 ] DEBUG Engine               - fontMono: TerminalLandMono-Regular.otf
13:09:58.985 [FXGL Background Thread 3 ] DEBUG Engine               - fontText: Courier-Prime.ttf
13:09:58.986 [FXGL Background Thread 3 ] DEBUG Engine               - fontUI: VarelaRound-Regular.ttf
13:09:58.986 [FXGL Background Thread 3 ] DEBUG Engine               - fullScreen: BooleanProperty [value: false]
13:09:58.986 [FXGL Background Thread 3 ] DEBUG Engine               - gameDifficulty: MEDIUM
13:09:58.986 [FXGL Background Thread 3 ] DEBUG Engine               - gameDifficultyProperty: ObjectProperty [value: MEDIUM]
13:09:58.986 [FXGL Background Thread 3 ] DEBUG Engine               - globalMusicVolume: 0.5
13:09:58.986 [FXGL Background Thread 3 ] DEBUG Engine               - globalMusicVolumeProperty: DoubleProperty [value: 0.5]
13:09:58.986 [FXGL Background Thread 3 ] DEBUG Engine               - globalSoundVolume: 0.5
13:09:58.986 [FXGL Background Thread 3 ] DEBUG Engine               - globalSoundVolumeProperty: DoubleProperty [value: 0.5]
13:09:58.986 [FXGL Background Thread 3 ] DEBUG Engine               - height: 1080
13:09:58.986 [FXGL Background Thread 3 ] DEBUG Engine               - is3D: false
13:09:58.986 [FXGL Background Thread 3 ] DEBUG Engine               - isAndroid: false
13:09:58.986 [FXGL Background Thread 3 ] DEBUG Engine               - isBrowser: false
13:09:58.986 [FXGL Background Thread 3 ] DEBUG Engine               - isClickFeedbackEnabled: false
13:09:58.986 [FXGL Background Thread 3 ] DEBUG Engine               - isCloseConfirmation: false
13:09:58.986 [FXGL Background Thread 3 ] DEBUG Engine               - isDesktop: true
13:09:58.986 [FXGL Background Thread 3 ] DEBUG Engine               - isDeveloperMenuEnabled: false
13:09:58.986 [FXGL Background Thread 3 ] DEBUG Engine               - isEmbedded: false
13:09:58.986 [FXGL Background Thread 3 ] DEBUG Engine               - isEntityPreloadEnabled: true
13:09:58.986 [FXGL Background Thread 3 ] DEBUG Engine               - isExperimentalTiledLargeMap: false
13:09:58.986 [FXGL Background Thread 3 ] DEBUG Engine               - isFileSystemWriteAllowed: true
13:09:58.986 [FXGL Background Thread 3 ] DEBUG Engine               - isFullScreenAllowed: false
13:09:58.986 [FXGL Background Thread 3 ] DEBUG Engine               - isFullScreenFromStart: false
13:09:58.986 [FXGL Background Thread 3 ] DEBUG Engine               - isGameMenuEnabled: true
13:09:58.986 [FXGL Background Thread 3 ] DEBUG Engine               - isIOS: false
13:09:58.986 [FXGL Background Thread 3 ] DEBUG Engine               - isIntroEnabled: false
13:09:58.986 [FXGL Background Thread 3 ] DEBUG Engine               - isLinux: false
13:09:58.986 [FXGL Background Thread 3 ] DEBUG Engine               - isMac: false
13:09:58.986 [FXGL Background Thread 3 ] DEBUG Engine               - isMainMenuEnabled: true
13:09:58.986 [FXGL Background Thread 3 ] DEBUG Engine               - isManualResizeEnabled: false
13:09:58.987 [FXGL Background Thread 3 ] DEBUG Engine               - isMobile: false
13:09:58.987 [FXGL Background Thread 3 ] DEBUG Engine               - isNative: false
13:09:58.987 [FXGL Background Thread 3 ] DEBUG Engine               - isPauseMusicWhenMinimized: true
13:09:58.987 [FXGL Background Thread 3 ] DEBUG Engine               - isPreserveResizeRatio: false
13:09:58.987 [FXGL Background Thread 3 ] DEBUG Engine               - isProfilingEnabled: false
13:09:58.987 [FXGL Background Thread 3 ] DEBUG Engine               - isScaleAffectedOnResize: true
13:09:58.987 [FXGL Background Thread 3 ] DEBUG Engine               - isSingleStep: false
13:09:58.987 [FXGL Background Thread 3 ] DEBUG Engine               - isUserProfileEnabled: false
13:09:58.987 [FXGL Background Thread 3 ] DEBUG Engine               - isWindows: true
13:09:58.987 [FXGL Background Thread 3 ] DEBUG Engine               - language: ObjectProperty [value: ENGLISH]
13:09:58.987 [FXGL Background Thread 3 ] DEBUG Engine               - menuKey: ESCAPE
13:09:58.987 [FXGL Background Thread 3 ] DEBUG Engine               - mouseSensitivity: 0.2
13:09:58.987 [FXGL Background Thread 3 ] DEBUG Engine               - notificationViewClass: class com.almasb.fxgl.notification.view.XboxNotificationView
13:09:58.987 [FXGL Background Thread 3 ] DEBUG Engine               - pixelsPerMeter: 50.0
13:09:58.987 [FXGL Background Thread 3 ] DEBUG Engine               - platform: WINDOWS
13:09:58.987 [FXGL Background Thread 3 ] DEBUG Engine               - prefHeightProperty: ReadOnlyDoubleProperty [value: 1080.0]
13:09:58.987 [FXGL Background Thread 3 ] DEBUG Engine               - prefWidthProperty: ReadOnlyDoubleProperty [value: 1920.0]
13:09:58.987 [FXGL Background Thread 3 ] DEBUG Engine               - profileDir: profiles/
13:09:58.987 [FXGL Background Thread 3 ] DEBUG Engine               - profileName: StringProperty [value: DEFAULT]
13:09:58.987 [FXGL Background Thread 3 ] DEBUG Engine               - randomSeed: -1
13:09:58.987 [FXGL Background Thread 3 ] DEBUG Engine               - runtimeInfo: RuntimeInfo(platform=WINDOWS, version=17.2, build=20.08.2022 16.50)
13:09:58.987 [FXGL Background Thread 3 ] DEBUG Engine               - saveFileExt: sav
13:09:58.987 [FXGL Background Thread 3 ] DEBUG Engine               - scaledHeightProp$fxgl: DoubleProperty [bound, value: 1080.0]
13:09:58.988 [FXGL Background Thread 3 ] DEBUG Engine               - scaledWidthProp$fxgl: DoubleProperty [bound, value: 1920.0]
13:09:58.988 [FXGL Background Thread 3 ] DEBUG Engine               - sceneFactory: myGame.DawnseekerApp$1@5b2d5421
13:09:58.988 [FXGL Background Thread 3 ] DEBUG Engine               - secondsIn24h: 60
13:09:58.988 [FXGL Background Thread 3 ] DEBUG Engine               - soundMenuBack: menu/back.wav
13:09:58.988 [FXGL Background Thread 3 ] DEBUG Engine               - soundMenuPress: menu/press.wav
13:09:58.988 [FXGL Background Thread 3 ] DEBUG Engine               - soundMenuSelect: menu/select.wav
13:09:58.988 [FXGL Background Thread 3 ] DEBUG Engine               - soundNotification: core/notification.wav
13:09:58.988 [FXGL Background Thread 3 ] DEBUG Engine               - stageStyle: DECORATED
13:09:58.988 [FXGL Background Thread 3 ] DEBUG Engine               - supportedLanguages: [ENGLISH, FRENCH, GERMAN, HUNGARIAN, RUSSIAN]
13:09:58.988 [FXGL Background Thread 3 ] DEBUG Engine               - ticksPerSecond: -1
13:09:58.988 [FXGL Background Thread 3 ] DEBUG Engine               - title: Dawnseeker
13:09:58.988 [FXGL Background Thread 3 ] DEBUG Engine               - urlGithub: https://github.com/AlmasB/FXGL
13:09:58.988 [FXGL Background Thread 3 ] DEBUG Engine               - urlLeaderboard: http://fxgl-top.herokuapp.com/
13:09:58.988 [FXGL Background Thread 3 ] DEBUG Engine               - urlPOM: https://raw.githubusercontent.com/AlmasB/FXGL/release/README.md
13:09:58.988 [FXGL Background Thread 3 ] DEBUG Engine               - userAppClass: class myGame.DawnseekerApp
13:09:58.988 [FXGL Background Thread 3 ] DEBUG Engine               - version: 0.4
13:09:58.988 [FXGL Background Thread 3 ] DEBUG Engine               - versionCheckDays: 7
13:09:58.988 [FXGL Background Thread 3 ] DEBUG Engine               - width: 1920
13:09:58.988 [FXGL Background Thread 3 ] DEBUG Engine               - Logging services
13:09:58.988 [FXGL Background Thread 3 ] DEBUG Engine               - class com.almasb.fxgl.app.services.FXGLAssetLoaderService
13:09:58.988 [FXGL Background Thread 3 ] DEBUG Engine               - class com.almasb.fxgl.app.FXGLApplication$GameApplicationService
13:09:58.988 [FXGL Background Thread 3 ] DEBUG Engine               - class com.almasb.fxgl.app.services.FXGLDialogService
13:09:58.988 [FXGL Background Thread 3 ] DEBUG Engine               - class com.almasb.fxgl.app.services.IOTaskExecutorService
13:09:58.988 [FXGL Background Thread 3 ] DEBUG Engine               - class com.almasb.fxgl.io.FileSystemService
13:09:58.988 [FXGL Background Thread 3 ] DEBUG Engine               - class com.almasb.fxgl.localization.LocalizationService
13:09:58.988 [FXGL Background Thread 3 ] DEBUG Engine               - class com.almasb.fxgl.app.services.SystemBundleService
13:09:58.988 [FXGL Background Thread 3 ] DEBUG Engine               - class com.almasb.fxgl.profile.SaveLoadService
13:09:58.988 [FXGL Background Thread 3 ] DEBUG Engine               - class com.almasb.fxgl.ui.FXGLUIFactoryServiceProvider
13:09:58.988 [FXGL Background Thread 3 ] DEBUG Engine               - class com.almasb.fxgl.ui.FXGLDialogFactoryServiceProvider
13:09:58.988 [FXGL Background Thread 3 ] DEBUG Engine               - class com.almasb.fxgl.audio.AudioPlayer
13:09:58.988 [FXGL Background Thread 3 ] DEBUG Engine               - class com.almasb.fxgl.notification.impl.NotificationServiceProvider
13:09:58.988 [FXGL Background Thread 3 ] DEBUG Engine               - class com.almasb.fxgl.achievement.AchievementService
13:09:58.989 [FXGL Background Thread 3 ] DEBUG Engine               - class com.almasb.fxgl.cutscene.CutsceneService
13:09:58.989 [FXGL Background Thread 3 ] DEBUG Engine               - class com.almasb.fxgl.minigames.MiniGameService
13:09:58.989 [FXGL Background Thread 3 ] DEBUG Engine               - class com.almasb.fxgl.net.NetService
13:09:58.989 [FXGL Background Thread 3 ] DEBUG Engine               - class com.almasb.fxgl.app.services.UpdaterService
13:09:58.989 [FXGL Background Thread 3 ] DEBUG Engine               - class com.almasb.fxgl.dev.DevService
13:10:01.540 [JavaFX Application Thread] DEBUG FXGLAssetLoaderServi - Loading from file system: file:/C:/Games/Schoolwork/Spring%2023/CS4900/DawnseekerWorkspace/CS4900G2Proj2/CS4900G2Proj2/Dawnseeker/target/classes/assets/sounds/magic_missile.wav
13:10:01.548 [JavaFX Application Thread] DEBUG FXGLAssetLoaderServi - Loading from file system: file:/C:/Games/Schoolwork/Spring%2023/CS4900/DawnseekerWorkspace/CS4900G2Proj2/CS4900G2Proj2/Dawnseeker/target/classes/assets/textures/Fireball.gif
13:10:01.595 [JavaFX Application Thread] WARN  GameWorld            - Attempted to remove entity which is not active
13:10:01.596 [JavaFX Application Thread] DEBUG FXGLAssetLoaderServi - Loading from file system: file:/C:/Games/Schoolwork/Spring%2023/CS4900/DawnseekerWorkspace/CS4900G2Proj2/CS4900G2Proj2/Dawnseeker/target/classes/assets/textures/Coin.gif
13:10:01.598 [JavaFX Application Thread] DEBUG FXGLAssetLoaderServi - Loading from file system: file:/C:/Games/Schoolwork/Spring%2023/CS4900/DawnseekerWorkspace/CS4900G2Proj2/CS4900G2Proj2/Dawnseeker/target/classes/assets/sounds/bong.wav
13:10:02.265 [JavaFX Application Thread] WARN  GameWorld            - Attempted to remove entity which is not active
13:10:02.266 [JavaFX Application Thread] DEBUG FXGLAssetLoaderServi - Loading from file system: file:/C:/Games/Schoolwork/Spring%2023/CS4900/DawnseekerWorkspace/CS4900G2Proj2/CS4900G2Proj2/Dawnseeker/target/classes/assets/textures/HealthPotion.gif
13:10:02.537 [JavaFX Application Thread] WARN  GameWorld            - Attempted to remove entity which is not active
13:10:02.777 [JavaFX Application Thread] WARN  GameWorld            - Attempted to remove entity which is not active
13:10:02.937 [JavaFX Application Thread] DEBUG FXGLAssetLoaderServi - Loading from file system: file:/C:/Games/Schoolwork/Spring%2023/CS4900/DawnseekerWorkspace/CS4900G2Proj2/CS4900G2Proj2/Dawnseeker/target/classes/assets/sounds/coin_pickup.wav
13:10:03.098 [JavaFX Application Thread] WARN  GameWorld            - Attempted to remove entity which is not active
13:10:03.256 [JavaFX Application Thread] WARN  GameWorld            - Attempted to remove entity which is not active
13:10:04.713 [JavaFX Application Thread] WARN  GameWorld            - Attempted to remove entity which is not active
13:10:05.738 [JavaFX Application Thread] WARN  GameWorld            - Attempted to remove entity which is not active
13:10:06.202 [JavaFX Application Thread] WARN  GameWorld            - Attempted to remove entity which is not active
13:10:06.203 [JavaFX Application Thread] DEBUG FXGLAssetLoaderServi - Loading from file system: file:/C:/Games/Schoolwork/Spring%2023/CS4900/DawnseekerWorkspace/CS4900G2Proj2/CS4900G2Proj2/Dawnseeker/target/classes/assets/textures/SpeedPotion.gif
13:10:06.793 [JavaFX Application Thread] WARN  GameWorld            - Attempted to remove entity which is not active
13:10:06.969 [JavaFX Application Thread] WARN  GameWorld            - Attempted to remove entity which is not active
13:10:06.970 [JavaFX Application Thread] DEBUG FXGLAssetLoaderServi - Loading from file system: file:/C:/Games/Schoolwork/Spring%2023/CS4900/DawnseekerWorkspace/CS4900G2Proj2/CS4900G2Proj2/Dawnseeker/target/classes/assets/textures/PowerPotion.gif
13:10:08.217 [JavaFX Application Thread] WARN  GameWorld            - Attempted to remove entity which is not active
13:10:08.841 [JavaFX Application Thread] WARN  GameWorld            - Attempted to remove entity which is not active
13:10:09.912 [JavaFX Application Thread] WARN  GameWorld            - Attempted to remove entity which is not active
13:10:10.153 [JavaFX Application Thread] WARN  GameWorld            - Attempted to remove entity which is not active
13:10:10.311 [JavaFX Application Thread] WARN  GameWorld            - Attempted to remove entity which is not active
13:10:10.473 [JavaFX Application Thread] WARN  GameWorld            - Attempted to remove entity which is not active
13:10:10.712 [JavaFX Application Thread] WARN  GameWorld            - Attempted to remove entity which is not active
13:10:10.809 [JavaFX Application Thread] WARN  GameWorld            - Attempted to remove entity which is not active
13:10:11.032 [JavaFX Application Thread] WARN  GameWorld            - Attempted to remove entity which is not active
13:10:11.401 [JavaFX Application Thread] WARN  GameWorld            - Attempted to remove entity which is not active
13:10:14.170 [JavaFX Application Thread] WARN  GameWorld            - Attempted to remove entity which is not active
13:10:14.314 [JavaFX Application Thread] WARN  GameWorld            - Attempted to remove entity which is not active
13:10:14.521 [JavaFX Application Thread] WARN  GameWorld            - Attempted to remove entity which is not active
13:10:15.401 [JavaFX Application Thread] WARN  GameWorld            - Attempted to remove entity which is not active
13:10:15.609 [JavaFX Application Thread] WARN  GameWorld            - Attempted to remove entity which is not active
13:10:16.809 [JavaFX Application Thread] WARN  GameWorld            - Attempted to remove entity which is not active
13:10:17.082 [JavaFX Application Thread] WARN  GameWorld            - Attempted to remove entity which is not active
13:10:17.274 [JavaFX Application Thread] WARN  GameWorld            - Attempted to remove entity which is not active
13:10:18.282 [JavaFX Application Thread] WARN  GameWorld            - Attempted to remove entity which is not active
13:10:18.490 [JavaFX Application Thread] WARN  GameWorld            - Attempted to remove entity which is not active
13:10:18.793 [JavaFX Application Thread] WARN  GameWorld            - Attempted to remove entity which is not active
13:10:18.953 [JavaFX Application Thread] WARN  GameWorld            - Attempted to remove entity which is not active
13:10:19.208 [JavaFX Application Thread] WARN  GameWorld            - Attempted to remove entity which is not active
13:10:19.881 [JavaFX Application Thread] WARN  GameWorld            - Attempted to remove entity which is not active
13:10:22.297 [JavaFX Application Thread] WARN  GameWorld            - Attempted to remove entity which is not active
13:10:22.537 [JavaFX Application Thread] WARN  GameWorld            - Attempted to remove entity which is not active
13:10:22.905 [JavaFX Application Thread] WARN  GameWorld            - Attempted to remove entity which is not active
13:10:23.001 [JavaFX Application Thread] WARN  GameWorld            - Attempted to remove entity which is not active
13:10:23.577 [JavaFX Application Thread] WARN  GameWorld            - Attempted to remove entity which is not active
13:10:23.625 [JavaFX Application Thread] WARN  GameWorld            - Attempted to remove entity which is not active
13:10:24.826 [JavaFX Application Thread] WARN  GameWorld            - Attempted to remove entity which is not active
13:10:25.225 [JavaFX Application Thread] WARN  GameWorld            - Attempted to remove entity which is not active
13:10:26.281 [JavaFX Application Thread] WARN  GameWorld            - Attempted to remove entity which is not active
13:10:26.377 [JavaFX Application Thread] WARN  GameWorld            - Attempted to remove entity which is not active
13:10:26.521 [JavaFX Application Thread] WARN  GameWorld            - Attempted to remove entity which is not active
13:10:26.665 [JavaFX Application Thread] WARN  GameWorld            - Attempted to remove entity which is not active
13:10:27.098 [JavaFX Application Thread] WARN  GameWorld            - Attempted to remove entity which is not active
13:10:27.177 [JavaFX Application Thread] WARN  GameWorld            - Attempted to remove entity which is not active
13:10:27.481 [JavaFX Application Thread] WARN  GameWorld            - Attempted to remove entity which is not active
13:10:27.594 [JavaFX Application Thread] WARN  GameWorld            - Attempted to remove entity which is not active
13:10:28.842 [JavaFX Application Thread] WARN  GameWorld            - Attempted to remove entity which is not active
13:10:29.513 [JavaFX Application Thread] WARN  GameWorld            - Attempted to remove entity which is not active
13:10:29.529 [JavaFX Application Thread] WARN  GameWorld            - Attempted to remove entity which is not active
13:10:29.690 [JavaFX Application Thread] WARN  GameWorld            - Attempted to remove entity which is not active
13:10:30.009 [JavaFX Application Thread] WARN  GameWorld            - Attempted to remove entity which is not active
13:10:30.185 [JavaFX Application Thread] WARN  GameWorld            - Attempted to remove entity which is not active
13:10:30.440 [JavaFX Application Thread] WARN  GameWorld            - Attempted to remove entity which is not active
13:10:30.600 [JavaFX Application Thread] WARN  GameWorld            - Attempted to remove entity which is not active
13:10:30.874 [JavaFX Application Thread] DEBUG FXGLAssetLoaderServi - Loading from file system: file:/C:/Games/Schoolwork/Spring%2023/CS4900/DawnseekerWorkspace/CS4900G2Proj2/CS4900G2Proj2/Dawnseeker/target/classes/assets/sounds/player_oof.wav
13:10:31.066 [JavaFX Application Thread] WARN  GameWorld            - Attempted to remove entity which is not active
13:10:31.114 [JavaFX Application Thread] WARN  GameWorld            - Attempted to remove entity which is not active
13:10:31.289 [JavaFX Application Thread] WARN  GameWorld            - Attempted to remove entity which is not active
13:10:31.470 [JavaFX Application Thread] DEBUG FXGLAssetLoaderServi - Loading from file system: file:/C:/Games/Schoolwork/Spring%2023/CS4900/DawnseekerWorkspace/CS4900G2Proj2/CS4900G2Proj2/Dawnseeker/target/classes/assets/sounds/yoda_death.wav
13:10:31.473 [JavaFX Application Thread] DEBUG AudioPlayer          - Stopping music com.almasb.fxgl.audio.Music@693a2e42
13:10:31.473 [JavaFX Application Thread] DEBUG AudioPlayer          - Stopping music com.almasb.fxgl.audio.Music@6a63e0ce
13:10:31.474 [JavaFX Application Thread] DEBUG Input                - Clearing active input actions
13:10:31.478 [JavaFX Application Thread] DEBUG GameApplicationServi - Removing overlay from GameScene and adding to FXGLMainMenuDummyScene
13:10:31.478 [JavaFX Application Thread] DEBUG PrimaryStageWindow   - GameScene -> FXGLMainMenuDummyScene
13:10:31.478 [JavaFX Application Thread] DEBUG PrimaryStageWindow   - Push state: DawnseekerMenu
13:10:31.478 [JavaFX Application Thread] DEBUG Input                - Clearing active input actions
13:10:31.478 [JavaFX Application Thread] DEBUG GameApplicationServi - Removing overlay from FXGLMainMenuDummyScene and adding to DawnseekerMenu
13:10:31.478 [JavaFX Application Thread] DEBUG PrimaryStageWindow   - FXGLMainMenuDummyScene -> DawnseekerMenu
13:10:31.478 [JavaFX Application Thread] DEBUG AudioPlayer          - Playing music com.almasb.fxgl.audio.Music@693a2e42
13:10:32.598 [JavaFX Application Thread] DEBUG Menu                 - fireExit()
13:10:32.599 [JavaFX Application Thread] DEBUG PrimaryStageWindow   - Push state: DialogSubScene
13:10:32.599 [JavaFX Application Thread] DEBUG Input                - Clearing active input actions
13:10:32.599 [JavaFX Application Thread] DEBUG GameApplicationServi - Removing overlay from DawnseekerMenu and adding to DialogSubScene
13:10:32.599 [JavaFX Application Thread] DEBUG PrimaryStageWindow   - DawnseekerMenu -> DialogSubScene
13:10:33.754 [JavaFX Application Thread] DEBUG PrimaryStageWindow   - Pop state: DialogSubScene
13:10:33.754 [JavaFX Application Thread] DEBUG Input                - Clearing active input actions
13:10:33.754 [JavaFX Application Thread] DEBUG GameApplicationServi - Removing overlay from DialogSubScene and adding to DawnseekerMenu
13:10:33.754 [JavaFX Application Thread] DEBUG PrimaryStageWindow   - DawnseekerMenu <- DialogSubScene
13:10:33.754 [JavaFX Application Thread] DEBUG FXGLApplication      - Exiting FXGL
13:10:33.755 [JavaFX Application Thread] DEBUG LoopRunner           - Stopping loop
13:10:33.755 [JavaFX Application Thread] DEBUG SystemBundleService  - Saving FXGL system data
13:10:33.756 [JavaFX Application Thread] DEBUG FileSystemAccess     - Writing to: C:\Games\Schoolwork\Spring 23\CS4900\DawnseekerWorkspace\CS4900G2Proj2\CS4900G2Proj2\Dawnseeker\system\fxgl.bundle
13:10:33.758 [JavaFX Application Thread] DEBUG Async                - Shutting down background threads
13:10:33.758 [JavaFX Application Thread] DEBUG PrimaryStageWindow   - Closing main window
13:10:33.767 [JavaFX Application Thread] DEBUG Logger               - Closing Logger
