13:10:35.580 [main                     ] DEBUG Logger               - Configured Logger
13:10:35.606 [main                     ] DEBUG GameApplication      - Logging settings
Title: Dawnseeker
Version: 0.1
Width: 1024
Height: 1024
Fullscreen: false
Intro: false
Profiling: false
Single step:false
App Mode: DEVELOPER
Menu Key: ESCAPE
Stage Style: DECORATED
Scene Factory: class com.almasb.fxgl.app.scene.SceneFactory

13:10:36.136 [JavaFX Application Thread] DEBUG FXGLApplication      - Initializing FXGL
13:10:36.140 [JavaFX Application Thread] INFO  Engine               - FXGL-17.2 (20.08.2022 16.50) on WINDOWS (J:19 FX:18)
13:10:36.140 [JavaFX Application Thread] DEBUG Engine               - JRE Vendor Name: Eclipse Adoptium
13:10:36.141 [JavaFX Application Thread] DEBUG Engine               - Running on OS: Windows 10 version 10.0
13:10:36.141 [JavaFX Application Thread] DEBUG Engine               - Architecture: amd64
13:10:36.141 [JavaFX Application Thread] INFO  Engine               - Source code and latest versions at: https://github.com/AlmasB/FXGL
13:10:36.141 [JavaFX Application Thread] INFO  Engine               -       Ask questions and discuss at: https://github.com/AlmasB/FXGL/discussions
13:10:36.141 [JavaFX Application Thread] INFO  Engine               -              Join the FXGL chat at: https://gitter.im/AlmasB/FXGL
13:10:36.237 [JavaFX Application Thread] DEBUG PrimaryStageWindow   - Creating a JavaFX scene
13:10:36.310 [JavaFX Application Thread] DEBUG PrimaryStageWindow   - Target settings size: 1024.0 x 1024.0
13:10:36.310 [JavaFX Application Thread] DEBUG PrimaryStageWindow   - Scaled scene size:    1024.0 x 1024.0
13:10:36.310 [JavaFX Application Thread] DEBUG PrimaryStageWindow   - Scaled ratio: (1.0, 1.0)
13:10:36.311 [JavaFX Application Thread] DEBUG PrimaryStageWindow   - Set initial scene to FXGLStartupScene
13:10:36.318 [JavaFX Application Thread] DEBUG PrimaryStageWindow   - Opening main window
13:10:36.570 [JavaFX Application Thread] DEBUG PrimaryStageWindow   - Window border size: (16.0, 39.0)
13:10:36.570 [JavaFX Application Thread] DEBUG PrimaryStageWindow   - Scaled size: 1024.0 x 1024.0
13:10:36.571 [JavaFX Application Thread] DEBUG PrimaryStageWindow   - Scaled ratio: (1.0, 1.0)
13:10:36.571 [JavaFX Application Thread] DEBUG PrimaryStageWindow   - Scene size: 1024.0 x 1024.0
13:10:36.571 [JavaFX Application Thread] DEBUG PrimaryStageWindow   - Stage size: 1040.0 x 1063.0
13:10:36.580 [FXGL Background Thread 1 ] DEBUG Engine               - Initializing environment variables
13:10:36.643 [FXGL Background Thread 1 ] DEBUG FXGLAssetLoaderServi - User app class for loading assets: class myGame.DawnseekerApp
13:10:36.644 [FXGL Background Thread 1 ] DEBUG GameApplicationServi - Applying CSS: fxgl_dark.css
13:10:36.645 [FXGL Background Thread 1 ] DEBUG FXGLAssetLoaderServi - Loading from file system: jar:file:/C:/Users/User/.m2/repository/com/github/almasb/fxgl/17.2/fxgl-17.2.jar!/fxglassets/ui/css/fxgl_dark.css
13:10:36.694 [FXGL Background Thread 1 ] DEBUG GameApplicationServi - Initializing application scenes
13:10:36.738 [FXGL Background Thread 1 ] DEBUG GameWorld            - Game world initialized
13:10:36.810 [FXGL Background Thread 1 ] DEBUG PhysicsWorld         - Physics world initialized: appHeight=1024, physics.ppm=50.0
13:10:36.810 [FXGL Background Thread 1 ] DEBUG PhysicsWorld         - Using strategy: BRUTE_FORCE
13:10:36.815 [FXGL Background Thread 1 ] DEBUG GameScene            - Game scene initialized: 1024x1024
13:10:36.831 [FXGL Background Thread 1 ] DEBUG FXGL.DefaultMenu     - createMenuBodyMainMenu()
13:10:36.848 [FXGL Background Thread 1 ] DEBUG FXGL.DefaultMenu     - createOptionsMenu()
13:10:36.860 [FXGL Background Thread 1 ] DEBUG FXGLAssetLoaderServi - Loading from file system: jar:file:/C:/Users/User/.m2/repository/com/github/almasb/fxgl/17.2/fxgl-17.2.jar!/fxglassets/textures/particles/smoke.png
13:10:36.961 [FXGL Background Thread 1 ] DEBUG FXGLAssetLoaderServi - Loading from file system: jar:file:/C:/Users/User/.m2/repository/com/github/almasb/fxgl/17.2/fxgl-17.2.jar!/fxglassets/textures/particles/trace_horizontal.png
13:10:36.988 [FXGL Background Thread 1 ] DEBUG FXGL.DefaultMenu     - createMenuBodyGameMenu()
13:10:36.989 [FXGL Background Thread 1 ] DEBUG FXGL.DefaultMenu     - createOptionsMenu()
13:10:36.999 [FXGL Background Thread 1 ] DEBUG GameApplicationServi - Application scenes initialized
13:10:37.011 [FXGL Background Thread 1 ] DEBUG SystemBundleService  - Loading FXGL system data
13:10:37.015 [FXGL Background Thread 1 ] DEBUG FileSystemAccess     - Reading from: C:\Users\User\Desktop\Spring2023\CS4900G2Proj2\Dawnseeker\system\fxgl.bundle
13:10:37.024 [FXGL Background Thread 1 ] DEBUG SystemBundleService  - Bundle FXGL: {}
13:10:37.024 [FXGL Background Thread 1 ] DEBUG UpdaterService       - Checking for updates
13:10:37.028 [FXGL Background Thread 4 ] DEBUG FXGLApplication      - Loading fonts
13:10:37.028 [FXGL Background Thread 4 ] DEBUG FXGLAssetLoaderServi - Loading from file system: jar:file:/C:/Users/User/.m2/repository/com/github/almasb/fxgl/17.2/fxgl-17.2.jar!/fxglassets/ui/fonts/VarelaRound-Regular.ttf
13:10:37.028 [FXGL Background Thread 1 ] DEBUG FXGLApplication      - Loading default localization
13:10:37.029 [FXGL Background Thread 1 ] DEBUG FXGLAssetLoaderServi - Loading from file system: jar:file:/C:/Users/User/.m2/repository/com/github/almasb/fxgl/17.2/fxgl-17.2.jar!/fxglassets/languages/english.lang
13:10:37.062 [FXGL Background Thread 1 ] INFO  FXGLApplication      - FXGL initialization took: 0.483 sec
13:10:37.076 [JavaFX Application Thread] DEBUG Input                - Registered new binding: action0 - W
13:10:37.077 [JavaFX Application Thread] DEBUG Input                - Registered new binding: action1 - S
13:10:37.077 [JavaFX Application Thread] DEBUG Input                - Registered new binding: action2 - A
13:10:37.078 [JavaFX Application Thread] DEBUG Input                - Registered new binding: action3 - D
13:10:37.080 [JavaFX Application Thread] DEBUG Input                - Registered new binding: action4 - LMB
13:10:37.081 [JavaFX Application Thread] DEBUG FXGLAssetLoaderServi - Loading from file system: jar:file:/C:/Users/User/.m2/repository/com/github/almasb/fxgl/17.2/fxgl-17.2.jar!/fxglassets/textures/fxgl_icon.png
13:10:37.111 [JavaFX Application Thread] DEBUG FXGLAssetLoaderServi - Loading from file system: jar:file:/C:/Users/User/.m2/repository/com/github/almasb/fxgl/17.2/fxgl-17.2.jar!/fxglassets/textures/fxgl_default_cursor.png
13:10:37.113 [JavaFX Application Thread] DEBUG Input                - Registered new binding: Screenshot - CTRL+8
13:10:37.114 [JavaFX Application Thread] DEBUG Input                - Registered new binding: System info dump - CTRL+9
13:10:37.114 [JavaFX Application Thread] DEBUG Input                - Registered new binding: Restart - CTRL+R
13:10:37.115 [JavaFX Application Thread] DEBUG Input                - Registered new binding: Toggle Debug Camera - CTRL+7
13:10:37.119 [JavaFX Application Thread] DEBUG LoopRunner           - Starting loop
13:10:37.119 [JavaFX Application Thread] DEBUG LoopRunner           - Initializing JavaFX AnimationTimerLoop
13:10:37.122 [JavaFX Application Thread] DEBUG Input                - Clearing active input actions
13:10:37.131 [JavaFX Application Thread] DEBUG GameApplicationServi - Removing overlay from FXGLStartupScene and adding to FXGLMainMenuDummyScene
13:10:37.131 [JavaFX Application Thread] DEBUG PrimaryStageWindow   - FXGLStartupScene -> FXGLMainMenuDummyScene
13:10:37.131 [JavaFX Application Thread] DEBUG PrimaryStageWindow   - Push state: FXGLDefaultMenu
13:10:37.138 [JavaFX Application Thread] DEBUG Input                - Clearing active input actions
13:10:37.152 [JavaFX Application Thread] DEBUG GameApplicationServi - Removing overlay from FXGLMainMenuDummyScene and adding to FXGLDefaultMenu
13:10:37.152 [JavaFX Application Thread] DEBUG PrimaryStageWindow   - FXGLMainMenuDummyScene -> FXGLDefaultMenu
13:10:37.206 [FXGL Background Thread 4 ] DEBUG FXGLAssetLoaderServi - Loading from file system: jar:file:/C:/Users/User/.m2/repository/com/github/almasb/fxgl/17.2/fxgl-17.2.jar!/fxglassets/ui/fonts/Abel-Regular.ttf
13:10:37.210 [FXGL Background Thread 4 ] DEBUG FXGLAssetLoaderServi - Loading from file system: jar:file:/C:/Users/User/.m2/repository/com/github/almasb/fxgl/17.2/fxgl-17.2.jar!/fxglassets/ui/fonts/TerminalLandMono-Regular.otf
13:10:37.213 [FXGL Background Thread 4 ] DEBUG FXGLAssetLoaderServi - Loading from file system: jar:file:/C:/Users/User/.m2/repository/com/github/almasb/fxgl/17.2/fxgl-17.2.jar!/fxglassets/ui/fonts/Courier-Prime.ttf
13:10:37.243 [JavaFX Application Thread] DEBUG FXGLApplication      - Registering font factories with UI factory
13:10:38.817 [JavaFX Application Thread] DEBUG Menu                 - fireNewGame()
13:10:38.817 [JavaFX Application Thread] DEBUG GameApplicationServi - Starting new game
13:10:38.820 [JavaFX Application Thread] DEBUG PrimaryStageWindow   - Pop state: FXGLDefaultMenu
13:10:38.820 [JavaFX Application Thread] DEBUG Input                - Clearing active input actions
13:10:38.821 [JavaFX Application Thread] DEBUG GameApplicationServi - Removing overlay from FXGLDefaultMenu and adding to FXGLMainMenuDummyScene
13:10:38.822 [JavaFX Application Thread] DEBUG PrimaryStageWindow   - FXGLMainMenuDummyScene <- FXGLDefaultMenu
13:10:38.822 [JavaFX Application Thread] DEBUG Input                - Clearing active input actions
13:10:38.831 [JavaFX Application Thread] DEBUG GameApplicationServi - Removing overlay from FXGLMainMenuDummyScene and adding to FXGLLoadingScene
13:10:38.832 [JavaFX Application Thread] DEBUG PrimaryStageWindow   - FXGLMainMenuDummyScene -> FXGLLoadingScene
13:10:38.832 [JavaFX Application Thread] DEBUG GameApplicationServi - Clearing previous game
13:10:38.832 [JavaFX Application Thread] DEBUG GameScene            - Clearing game scene
13:10:38.832 [JavaFX Application Thread] DEBUG GameWorld            - Clearing game world
13:10:38.832 [JavaFX Application Thread] DEBUG PhysicsWorld         - Clearing physics world
13:10:38.835 [FXGL Background Thread 4 ] DEBUG FXGLApplication      - Initializing game
13:10:38.872 [FXGL Background Thread 4 ] WARN  GameWorld            - Entity is already attached to world
13:10:38.873 [FXGL Background Thread 4 ] WARN  Entity               - Entity already has component: com.almasb.fxgl.entity.components.CollidableComponent
13:10:38.873 [FXGL Background Thread 4 ] WARN  GameWorld            - Entity is already attached to world
13:10:38.875 [FXGL Background Thread 4 ] WARN  Entity               - Entity already has component: com.almasb.fxgl.entity.components.CollidableComponent
13:10:38.875 [FXGL Background Thread 4 ] WARN  GameWorld            - Entity is already attached to world
13:10:38.876 [FXGL Background Thread 4 ] WARN  Entity               - Entity already has component: com.almasb.fxgl.entity.components.CollidableComponent
13:10:38.876 [FXGL Background Thread 4 ] WARN  GameWorld            - Entity is already attached to world
13:10:38.877 [FXGL Background Thread 4 ] WARN  Entity               - Entity already has component: com.almasb.fxgl.entity.components.CollidableComponent
13:10:38.877 [FXGL Background Thread 4 ] WARN  GameWorld            - Entity is already attached to world
13:10:38.894 [FXGL Background Thread 4 ] INFO  FXGLApplication      - Game initialization took: 0.059 sec
13:10:38.900 [JavaFX Application Thread] DEBUG Input                - Clearing active input actions
13:10:38.906 [JavaFX Application Thread] DEBUG GameApplicationServi - Removing overlay from FXGLLoadingScene and adding to GameScene
13:10:38.907 [JavaFX Application Thread] DEBUG PrimaryStageWindow   - FXGLLoadingScene -> GameScene
13:10:40.027 [FXGL Background Thread 3 ] DEBUG Engine               - Logging environment variables
13:10:40.027 [FXGL Background Thread 3 ] DEBUG Engine               - achievements: []
13:10:40.027 [FXGL Background Thread 3 ] DEBUG Engine               - actualHeight: 1024.0
13:10:40.027 [FXGL Background Thread 3 ] DEBUG Engine               - actualHeightProperty: ReadOnlyDoubleProperty [value: 1024.0]
13:10:40.027 [FXGL Background Thread 3 ] DEBUG Engine               - actualWidth: 1024.0
13:10:40.027 [FXGL Background Thread 3 ] DEBUG Engine               - actualWidthProperty: ReadOnlyDoubleProperty [value: 1024.0]
13:10:40.027 [FXGL Background Thread 3 ] DEBUG Engine               - appIcon: fxgl_icon.png
13:10:40.027 [FXGL Background Thread 3 ] DEBUG Engine               - applicationMode: DEVELOPER
13:10:40.028 [FXGL Background Thread 3 ] DEBUG Engine               - cSSList: [fxgl_dark.css]
13:10:40.028 [FXGL Background Thread 3 ] DEBUG Engine               - collisionDetectionStrategy: BRUTE_FORCE
13:10:40.028 [FXGL Background Thread 3 ] DEBUG Engine               - configClass: Optional.empty
13:10:40.028 [FXGL Background Thread 3 ] DEBUG Engine               - credits: []
13:10:40.028 [FXGL Background Thread 3 ] DEBUG Engine               - defaultCursor: CursorInfo(imageName=fxgl_default_cursor.png, hotspotX=7.0, hotspotY=6.0)
13:10:40.028 [FXGL Background Thread 3 ] DEBUG Engine               - devBBoxColorProperty: ObjectProperty [value: 0xff0000ff]
13:10:40.028 [FXGL Background Thread 3 ] DEBUG Engine               - devEnableDebugCameraProperty: BooleanProperty [value: false]
13:10:40.028 [FXGL Background Thread 3 ] DEBUG Engine               - devSensorColorProperty: ObjectProperty [value: 0xffff00ff]
13:10:40.028 [FXGL Background Thread 3 ] DEBUG Engine               - devShowBBoxProperty: BooleanProperty [value: false]
13:10:40.028 [FXGL Background Thread 3 ] DEBUG Engine               - devShowPositionProperty: BooleanProperty [value: false]
13:10:40.029 [FXGL Background Thread 3 ] DEBUG Engine               - enabledMenuItems: []
13:10:40.029 [FXGL Background Thread 3 ] DEBUG Engine               - engineServices: [class com.almasb.fxgl.app.services.FXGLAssetLoaderService, class com.almasb.fxgl.app.FXGLApplication$GameApplicationService, class com.almasb.fxgl.app.services.FXGLDialogService, class com.almasb.fxgl.app.services.IOTaskExecutorService, class com.almasb.fxgl.io.FileSystemService, class com.almasb.fxgl.localization.LocalizationService, class com.almasb.fxgl.app.services.SystemBundleService, class com.almasb.fxgl.profile.SaveLoadService, class com.almasb.fxgl.ui.FXGLUIFactoryServiceProvider, class com.almasb.fxgl.ui.FXGLDialogFactoryServiceProvider, class com.almasb.fxgl.audio.AudioPlayer, class com.almasb.fxgl.notification.impl.NotificationServiceProvider, class com.almasb.fxgl.achievement.AchievementService, class com.almasb.fxgl.cutscene.CutsceneService, class com.almasb.fxgl.minigames.MiniGameService, class com.almasb.fxgl.net.NetService, class com.almasb.fxgl.app.services.UpdaterService, class com.almasb.fxgl.dev.DevService]
13:10:40.029 [FXGL Background Thread 3 ] DEBUG Engine               - fontGame: Abel-Regular.ttf
13:10:40.029 [FXGL Background Thread 3 ] DEBUG Engine               - fontMono: TerminalLandMono-Regular.otf
13:10:40.029 [FXGL Background Thread 3 ] DEBUG Engine               - fontText: Courier-Prime.ttf
13:10:40.029 [FXGL Background Thread 3 ] DEBUG Engine               - fontUI: VarelaRound-Regular.ttf
13:10:40.029 [FXGL Background Thread 3 ] DEBUG Engine               - fullScreen: BooleanProperty [value: false]
13:10:40.029 [FXGL Background Thread 3 ] DEBUG Engine               - gameDifficulty: MEDIUM
13:10:40.029 [FXGL Background Thread 3 ] DEBUG Engine               - gameDifficultyProperty: ObjectProperty [value: MEDIUM]
13:10:40.029 [FXGL Background Thread 3 ] DEBUG Engine               - globalMusicVolume: 0.5
13:10:40.029 [FXGL Background Thread 3 ] DEBUG Engine               - globalMusicVolumeProperty: DoubleProperty [value: 0.5]
13:10:40.029 [FXGL Background Thread 3 ] DEBUG Engine               - globalSoundVolume: 0.5
13:10:40.029 [FXGL Background Thread 3 ] DEBUG Engine               - globalSoundVolumeProperty: DoubleProperty [value: 0.5]
13:10:40.029 [FXGL Background Thread 3 ] DEBUG Engine               - height: 1024
13:10:40.029 [FXGL Background Thread 3 ] DEBUG Engine               - is3D: false
13:10:40.029 [FXGL Background Thread 3 ] DEBUG Engine               - isAndroid: false
13:10:40.029 [FXGL Background Thread 3 ] DEBUG Engine               - isBrowser: false
13:10:40.029 [FXGL Background Thread 3 ] DEBUG Engine               - isClickFeedbackEnabled: false
13:10:40.029 [FXGL Background Thread 3 ] DEBUG Engine               - isCloseConfirmation: false
13:10:40.029 [FXGL Background Thread 3 ] DEBUG Engine               - isDesktop: true
13:10:40.030 [FXGL Background Thread 3 ] DEBUG Engine               - isDeveloperMenuEnabled: false
13:10:40.030 [FXGL Background Thread 3 ] DEBUG Engine               - isEmbedded: false
13:10:40.030 [FXGL Background Thread 3 ] DEBUG Engine               - isEntityPreloadEnabled: true
13:10:40.030 [FXGL Background Thread 3 ] DEBUG Engine               - isExperimentalTiledLargeMap: false
13:10:40.030 [FXGL Background Thread 3 ] DEBUG Engine               - isFileSystemWriteAllowed: true
13:10:40.030 [FXGL Background Thread 3 ] DEBUG Engine               - isFullScreenAllowed: false
13:10:40.030 [FXGL Background Thread 3 ] DEBUG Engine               - isFullScreenFromStart: false
13:10:40.030 [FXGL Background Thread 3 ] DEBUG Engine               - isGameMenuEnabled: true
13:10:40.030 [FXGL Background Thread 3 ] DEBUG Engine               - isIOS: false
13:10:40.030 [FXGL Background Thread 3 ] DEBUG Engine               - isIntroEnabled: false
13:10:40.030 [FXGL Background Thread 3 ] DEBUG Engine               - isLinux: false
13:10:40.030 [FXGL Background Thread 3 ] DEBUG Engine               - isMac: false
13:10:40.030 [FXGL Background Thread 3 ] DEBUG Engine               - isMainMenuEnabled: true
13:10:40.030 [FXGL Background Thread 3 ] DEBUG Engine               - isManualResizeEnabled: false
13:10:40.030 [FXGL Background Thread 3 ] DEBUG Engine               - isMobile: false
13:10:40.030 [FXGL Background Thread 3 ] DEBUG Engine               - isNative: false
13:10:40.030 [FXGL Background Thread 3 ] DEBUG Engine               - isPauseMusicWhenMinimized: true
13:10:40.030 [FXGL Background Thread 3 ] DEBUG Engine               - isPreserveResizeRatio: false
13:10:40.030 [FXGL Background Thread 3 ] DEBUG Engine               - isProfilingEnabled: false
13:10:40.030 [FXGL Background Thread 3 ] DEBUG Engine               - isScaleAffectedOnResize: true
13:10:40.030 [FXGL Background Thread 3 ] DEBUG Engine               - isSingleStep: false
13:10:40.030 [FXGL Background Thread 3 ] DEBUG Engine               - isUserProfileEnabled: false
13:10:40.030 [FXGL Background Thread 3 ] DEBUG Engine               - isWindows: true
13:10:40.030 [FXGL Background Thread 3 ] DEBUG Engine               - language: ObjectProperty [value: ENGLISH]
13:10:40.030 [FXGL Background Thread 3 ] DEBUG Engine               - menuKey: ESCAPE
13:10:40.030 [FXGL Background Thread 3 ] DEBUG Engine               - mouseSensitivity: 0.2
13:10:40.030 [FXGL Background Thread 3 ] DEBUG Engine               - notificationViewClass: class com.almasb.fxgl.notification.view.XboxNotificationView
13:10:40.031 [FXGL Background Thread 3 ] DEBUG Engine               - pixelsPerMeter: 50.0
13:10:40.031 [FXGL Background Thread 3 ] DEBUG Engine               - platform: WINDOWS
13:10:40.031 [FXGL Background Thread 3 ] DEBUG Engine               - prefHeightProperty: ReadOnlyDoubleProperty [value: 1024.0]
13:10:40.031 [FXGL Background Thread 3 ] DEBUG Engine               - prefWidthProperty: ReadOnlyDoubleProperty [value: 1024.0]
13:10:40.031 [FXGL Background Thread 3 ] DEBUG Engine               - profileDir: profiles/
13:10:40.031 [FXGL Background Thread 3 ] DEBUG Engine               - profileName: StringProperty [value: DEFAULT]
13:10:40.031 [FXGL Background Thread 3 ] DEBUG Engine               - randomSeed: -1
13:10:40.031 [FXGL Background Thread 3 ] DEBUG Engine               - runtimeInfo: RuntimeInfo(platform=WINDOWS, version=17.2, build=20.08.2022 16.50)
13:10:40.031 [FXGL Background Thread 3 ] DEBUG Engine               - saveFileExt: sav
13:10:40.031 [FXGL Background Thread 3 ] DEBUG Engine               - scaledHeightProp$fxgl: DoubleProperty [bound, value: 1024.0]
13:10:40.031 [FXGL Background Thread 3 ] DEBUG Engine               - scaledWidthProp$fxgl: DoubleProperty [bound, value: 1024.0]
13:10:40.032 [FXGL Background Thread 3 ] DEBUG Engine               - sceneFactory: com.almasb.fxgl.app.scene.SceneFactory@68af6a4b
13:10:40.032 [FXGL Background Thread 3 ] DEBUG Engine               - secondsIn24h: 60
13:10:40.032 [FXGL Background Thread 3 ] DEBUG Engine               - soundMenuBack: menu/back.wav
13:10:40.032 [FXGL Background Thread 3 ] DEBUG Engine               - soundMenuPress: menu/press.wav
13:10:40.032 [FXGL Background Thread 3 ] DEBUG Engine               - soundMenuSelect: menu/select.wav
13:10:40.032 [FXGL Background Thread 3 ] DEBUG Engine               - soundNotification: core/notification.wav
13:10:40.032 [FXGL Background Thread 3 ] DEBUG Engine               - stageStyle: DECORATED
13:10:40.032 [FXGL Background Thread 3 ] DEBUG Engine               - supportedLanguages: [ENGLISH, FRENCH, GERMAN, HUNGARIAN, RUSSIAN]
13:10:40.032 [FXGL Background Thread 3 ] DEBUG Engine               - ticksPerSecond: -1
13:10:40.032 [FXGL Background Thread 3 ] DEBUG Engine               - title: Dawnseeker
13:10:40.032 [FXGL Background Thread 3 ] DEBUG Engine               - urlGithub: https://github.com/AlmasB/FXGL
13:10:40.032 [FXGL Background Thread 3 ] DEBUG Engine               - urlLeaderboard: http://fxgl-top.herokuapp.com/
13:10:40.032 [FXGL Background Thread 3 ] DEBUG Engine               - urlPOM: https://raw.githubusercontent.com/AlmasB/FXGL/release/README.md
13:10:40.032 [FXGL Background Thread 3 ] DEBUG Engine               - userAppClass: class myGame.DawnseekerApp
13:10:40.032 [FXGL Background Thread 3 ] DEBUG Engine               - version: 0.1
13:10:40.033 [FXGL Background Thread 3 ] DEBUG Engine               - versionCheckDays: 7
13:10:40.033 [FXGL Background Thread 3 ] DEBUG Engine               - width: 1024
13:10:40.033 [FXGL Background Thread 3 ] DEBUG Engine               - Logging services
13:10:40.033 [FXGL Background Thread 3 ] DEBUG Engine               - class com.almasb.fxgl.app.services.FXGLAssetLoaderService
13:10:40.033 [FXGL Background Thread 3 ] DEBUG Engine               - class com.almasb.fxgl.app.FXGLApplication$GameApplicationService
13:10:40.033 [FXGL Background Thread 3 ] DEBUG Engine               - class com.almasb.fxgl.app.services.FXGLDialogService
13:10:40.033 [FXGL Background Thread 3 ] DEBUG Engine               - class com.almasb.fxgl.app.services.IOTaskExecutorService
13:10:40.033 [FXGL Background Thread 3 ] DEBUG Engine               - class com.almasb.fxgl.io.FileSystemService
13:10:40.033 [FXGL Background Thread 3 ] DEBUG Engine               - class com.almasb.fxgl.localization.LocalizationService
13:10:40.033 [FXGL Background Thread 3 ] DEBUG Engine               - class com.almasb.fxgl.app.services.SystemBundleService
13:10:40.033 [FXGL Background Thread 3 ] DEBUG Engine               - class com.almasb.fxgl.profile.SaveLoadService
13:10:40.033 [FXGL Background Thread 3 ] DEBUG Engine               - class com.almasb.fxgl.ui.FXGLUIFactoryServiceProvider
13:10:40.033 [FXGL Background Thread 3 ] DEBUG Engine               - class com.almasb.fxgl.ui.FXGLDialogFactoryServiceProvider
13:10:40.033 [FXGL Background Thread 3 ] DEBUG Engine               - class com.almasb.fxgl.audio.AudioPlayer
13:10:40.034 [FXGL Background Thread 3 ] DEBUG Engine               - class com.almasb.fxgl.notification.impl.NotificationServiceProvider
13:10:40.034 [FXGL Background Thread 3 ] DEBUG Engine               - class com.almasb.fxgl.achievement.AchievementService
13:10:40.034 [FXGL Background Thread 3 ] DEBUG Engine               - class com.almasb.fxgl.cutscene.CutsceneService
13:10:40.034 [FXGL Background Thread 3 ] DEBUG Engine               - class com.almasb.fxgl.minigames.MiniGameService
13:10:40.034 [FXGL Background Thread 3 ] DEBUG Engine               - class com.almasb.fxgl.net.NetService
13:10:40.034 [FXGL Background Thread 3 ] DEBUG Engine               - class com.almasb.fxgl.app.services.UpdaterService
13:10:40.034 [FXGL Background Thread 3 ] DEBUG Engine               - class com.almasb.fxgl.dev.DevService
13:11:23.684 [JavaFX Application Thread] DEBUG PrimaryStageWindow   - Push state: FXGLDefaultMenu
13:11:23.684 [JavaFX Application Thread] DEBUG Input                - Clearing active input actions
13:11:23.686 [JavaFX Application Thread] DEBUG GameApplicationServi - Removing overlay from GameScene and adding to FXGLDefaultMenu
13:11:23.686 [JavaFX Application Thread] DEBUG PrimaryStageWindow   - GameScene -> FXGLDefaultMenu
13:11:27.784 [JavaFX Application Thread] DEBUG Menu                 - fireResume()
13:11:27.784 [JavaFX Application Thread] DEBUG PrimaryStageWindow   - Pop state: FXGLDefaultMenu
13:11:27.784 [JavaFX Application Thread] DEBUG Input                - Clearing active input actions
13:11:27.785 [JavaFX Application Thread] DEBUG GameApplicationServi - Removing overlay from FXGLDefaultMenu and adding to GameScene
13:11:27.785 [JavaFX Application Thread] DEBUG PrimaryStageWindow   - GameScene <- FXGLDefaultMenu
13:11:33.014 [JavaFX Application Thread] DEBUG PrimaryStageWindow   - Push state: FXGLDefaultMenu
13:11:33.015 [JavaFX Application Thread] DEBUG Input                - Clearing active input actions
13:11:33.016 [JavaFX Application Thread] DEBUG GameApplicationServi - Removing overlay from GameScene and adding to FXGLDefaultMenu
13:11:33.016 [JavaFX Application Thread] DEBUG PrimaryStageWindow   - GameScene -> FXGLDefaultMenu
13:11:36.797 [JavaFX Application Thread] DEBUG FXGLApplication      - Exiting FXGL
13:11:36.797 [JavaFX Application Thread] DEBUG LoopRunner           - Stopping loop
13:11:36.797 [JavaFX Application Thread] DEBUG SystemBundleService  - Saving FXGL system data
13:11:36.799 [JavaFX Application Thread] DEBUG FileSystemAccess     - Writing to: C:\Users\User\Desktop\Spring2023\CS4900G2Proj2\Dawnseeker\system\fxgl.bundle
13:11:36.802 [JavaFX Application Thread] DEBUG Async                - Shutting down background threads
13:11:36.802 [JavaFX Application Thread] DEBUG PrimaryStageWindow   - Closing main window
13:11:36.814 [JavaFX Application Thread] DEBUG Logger               - Closing Logger
