20:39:09.660 [main                     ] DEBUG Logger               - Configured Logger
20:39:09.682 [main                     ] DEBUG GameApplication      - Logging settings
Title: Dawnseeker
Version: 0.1
Width: 1024
Height: 1024
Fullscreen: false
Intro: false
Profiling: false
Single step:false
App Mode: DEVELOPER
Menu Key: ESCAPE
Stage Style: DECORATED
Scene Factory: class com.almasb.fxgl.app.scene.SceneFactory

20:39:09.998 [JavaFX Application Thread] DEBUG FXGLApplication      - Initializing FXGL
20:39:10.006 [JavaFX Application Thread] INFO  Engine               - FXGL-17.2 (20.08.2022 16.50) on WINDOWS (J:17.0.6 FX:18)
20:39:10.006 [JavaFX Application Thread] DEBUG Engine               - JRE Vendor Name: Eclipse Adoptium
20:39:10.006 [JavaFX Application Thread] DEBUG Engine               - Running on OS: Windows 10 version 10.0
20:39:10.007 [JavaFX Application Thread] DEBUG Engine               - Architecture: amd64
20:39:10.007 [JavaFX Application Thread] INFO  Engine               - Source code and latest versions at: https://github.com/AlmasB/FXGL
20:39:10.007 [JavaFX Application Thread] INFO  Engine               -       Ask questions and discuss at: https://github.com/AlmasB/FXGL/discussions
20:39:10.007 [JavaFX Application Thread] INFO  Engine               -              Join the FXGL chat at: https://gitter.im/AlmasB/FXGL
20:39:10.100 [JavaFX Application Thread] DEBUG PrimaryStageWindow   - Creating a JavaFX scene
20:39:10.136 [JavaFX Application Thread] DEBUG PrimaryStageWindow   - Target settings size: 1024.0 x 1024.0
20:39:10.136 [JavaFX Application Thread] DEBUG PrimaryStageWindow   - Scaled scene size:    1024.0 x 1024.0
20:39:10.136 [JavaFX Application Thread] DEBUG PrimaryStageWindow   - Scaled ratio: (1.0, 1.0)
20:39:10.137 [JavaFX Application Thread] DEBUG PrimaryStageWindow   - Set initial scene to FXGLStartupScene
20:39:10.143 [JavaFX Application Thread] DEBUG PrimaryStageWindow   - Opening main window
20:39:10.212 [JavaFX Application Thread] DEBUG PrimaryStageWindow   - Window border size: (16.0, 39.0)
20:39:10.212 [JavaFX Application Thread] DEBUG PrimaryStageWindow   - Scaled size: 1024.0 x 1024.0
20:39:10.212 [JavaFX Application Thread] DEBUG PrimaryStageWindow   - Scaled ratio: (1.0, 1.0)
20:39:10.213 [JavaFX Application Thread] DEBUG PrimaryStageWindow   - Scene size: 1024.0 x 1024.0
20:39:10.213 [JavaFX Application Thread] DEBUG PrimaryStageWindow   - Stage size: 1040.0 x 1063.0
20:39:10.218 [FXGL Background Thread 1 ] DEBUG Engine               - Initializing environment variables
20:39:10.248 [FXGL Background Thread 1 ] DEBUG FXGLAssetLoaderServi - User app class for loading assets: class myGame.DawnseekerApp
20:39:10.249 [FXGL Background Thread 1 ] DEBUG GameApplicationServi - Applying CSS: fxgl_dark.css
20:39:10.249 [FXGL Background Thread 1 ] DEBUG FXGLAssetLoaderServi - Loading from file system: jar:file:/C:/Users/garre/.m2/repository/com/github/almasb/fxgl/17.2/fxgl-17.2.jar!/fxglassets/ui/css/fxgl_dark.css
20:39:10.278 [FXGL Background Thread 1 ] DEBUG GameApplicationServi - Initializing application scenes
20:39:10.310 [FXGL Background Thread 1 ] DEBUG GameWorld            - Game world initialized
20:39:10.357 [FXGL Background Thread 1 ] DEBUG PhysicsWorld         - Physics world initialized: appHeight=1024, physics.ppm=50.0
20:39:10.357 [FXGL Background Thread 1 ] DEBUG PhysicsWorld         - Using strategy: BRUTE_FORCE
20:39:10.360 [FXGL Background Thread 1 ] DEBUG GameScene            - Game scene initialized: 1024x1024
20:39:10.375 [FXGL Background Thread 1 ] DEBUG FXGL.DefaultMenu     - createMenuBodyMainMenu()
20:39:10.387 [FXGL Background Thread 1 ] DEBUG FXGL.DefaultMenu     - createOptionsMenu()
20:39:10.395 [FXGL Background Thread 1 ] DEBUG FXGLAssetLoaderServi - Loading from file system: jar:file:/C:/Users/garre/.m2/repository/com/github/almasb/fxgl/17.2/fxgl-17.2.jar!/fxglassets/textures/particles/smoke.png
20:39:10.469 [FXGL Background Thread 1 ] DEBUG FXGLAssetLoaderServi - Loading from file system: jar:file:/C:/Users/garre/.m2/repository/com/github/almasb/fxgl/17.2/fxgl-17.2.jar!/fxglassets/textures/particles/trace_horizontal.png
20:39:10.490 [FXGL Background Thread 1 ] DEBUG FXGL.DefaultMenu     - createMenuBodyGameMenu()
20:39:10.491 [FXGL Background Thread 1 ] DEBUG FXGL.DefaultMenu     - createOptionsMenu()
20:39:10.503 [FXGL Background Thread 1 ] DEBUG GameApplicationServi - Application scenes initialized
20:39:10.512 [FXGL Background Thread 1 ] DEBUG SystemBundleService  - Loading FXGL system data
20:39:10.515 [FXGL Background Thread 1 ] DEBUG FileSystemAccess     - Reading from: C:\Users\garre\git\CS4900G2Proj2\Dawnseeker\system\fxgl.bundle
20:39:10.522 [FXGL Background Thread 1 ] DEBUG SystemBundleService  - Bundle FXGL: {}
20:39:10.522 [FXGL Background Thread 1 ] DEBUG UpdaterService       - Checking for updates
20:39:10.524 [FXGL Background Thread 4 ] DEBUG FXGLApplication      - Loading fonts
20:39:10.525 [FXGL Background Thread 1 ] DEBUG FXGLApplication      - Loading default localization
20:39:10.525 [FXGL Background Thread 4 ] DEBUG FXGLAssetLoaderServi - Loading from file system: jar:file:/C:/Users/garre/.m2/repository/com/github/almasb/fxgl/17.2/fxgl-17.2.jar!/fxglassets/ui/fonts/VarelaRound-Regular.ttf
20:39:10.525 [FXGL Background Thread 1 ] DEBUG FXGLAssetLoaderServi - Loading from file system: jar:file:/C:/Users/garre/.m2/repository/com/github/almasb/fxgl/17.2/fxgl-17.2.jar!/fxglassets/languages/english.lang
20:39:10.542 [FXGL Background Thread 1 ] INFO  FXGLApplication      - FXGL initialization took: 0.324 sec
20:39:10.550 [JavaFX Application Thread] DEBUG Input                - Registered new binding: action0 - W
20:39:10.551 [JavaFX Application Thread] DEBUG Input                - Registered new binding: action1 - S
20:39:10.552 [JavaFX Application Thread] DEBUG Input                - Registered new binding: action2 - A
20:39:10.552 [JavaFX Application Thread] DEBUG Input                - Registered new binding: action3 - D
20:39:10.553 [JavaFX Application Thread] DEBUG Input                - Registered new binding: action4 - LMB
20:39:10.553 [JavaFX Application Thread] DEBUG FXGLAssetLoaderServi - Loading from file system: jar:file:/C:/Users/garre/.m2/repository/com/github/almasb/fxgl/17.2/fxgl-17.2.jar!/fxglassets/textures/fxgl_icon.png
20:39:10.571 [JavaFX Application Thread] DEBUG FXGLAssetLoaderServi - Loading from file system: jar:file:/C:/Users/garre/.m2/repository/com/github/almasb/fxgl/17.2/fxgl-17.2.jar!/fxglassets/textures/fxgl_default_cursor.png
20:39:10.574 [JavaFX Application Thread] DEBUG Input                - Registered new binding: Screenshot - CTRL+8
20:39:10.575 [JavaFX Application Thread] DEBUG Input                - Registered new binding: System info dump - CTRL+9
20:39:10.575 [JavaFX Application Thread] DEBUG Input                - Registered new binding: Restart - CTRL+R
20:39:10.575 [JavaFX Application Thread] DEBUG Input                - Registered new binding: Toggle Debug Camera - CTRL+7
20:39:10.577 [JavaFX Application Thread] DEBUG LoopRunner           - Starting loop
20:39:10.577 [JavaFX Application Thread] DEBUG LoopRunner           - Initializing JavaFX AnimationTimerLoop
20:39:10.582 [JavaFX Application Thread] DEBUG Input                - Clearing active input actions
20:39:10.584 [FXGL Background Thread 4 ] DEBUG FXGLAssetLoaderServi - Loading from file system: jar:file:/C:/Users/garre/.m2/repository/com/github/almasb/fxgl/17.2/fxgl-17.2.jar!/fxglassets/ui/fonts/Abel-Regular.ttf
20:39:10.587 [JavaFX Application Thread] DEBUG GameApplicationServi - Removing overlay from FXGLStartupScene and adding to FXGLMainMenuDummyScene
20:39:10.587 [JavaFX Application Thread] DEBUG PrimaryStageWindow   - FXGLStartupScene -> FXGLMainMenuDummyScene
20:39:10.587 [JavaFX Application Thread] DEBUG PrimaryStageWindow   - Push state: FXGLDefaultMenu
20:39:10.592 [FXGL Background Thread 4 ] DEBUG FXGLAssetLoaderServi - Loading from file system: jar:file:/C:/Users/garre/.m2/repository/com/github/almasb/fxgl/17.2/fxgl-17.2.jar!/fxglassets/ui/fonts/TerminalLandMono-Regular.otf
20:39:10.599 [FXGL Background Thread 4 ] DEBUG FXGLAssetLoaderServi - Loading from file system: jar:file:/C:/Users/garre/.m2/repository/com/github/almasb/fxgl/17.2/fxgl-17.2.jar!/fxglassets/ui/fonts/Courier-Prime.ttf
20:39:10.600 [JavaFX Application Thread] DEBUG Input                - Clearing active input actions
20:39:10.612 [JavaFX Application Thread] DEBUG GameApplicationServi - Removing overlay from FXGLMainMenuDummyScene and adding to FXGLDefaultMenu
20:39:10.612 [JavaFX Application Thread] DEBUG PrimaryStageWindow   - FXGLMainMenuDummyScene -> FXGLDefaultMenu
20:39:10.687 [JavaFX Application Thread] DEBUG FXGLApplication      - Registering font factories with UI factory
20:39:11.458 [JavaFX Application Thread] DEBUG Menu                 - fireNewGame()
20:39:11.458 [JavaFX Application Thread] DEBUG GameApplicationServi - Starting new game
20:39:11.459 [JavaFX Application Thread] DEBUG PrimaryStageWindow   - Pop state: FXGLDefaultMenu
20:39:11.459 [JavaFX Application Thread] DEBUG Input                - Clearing active input actions
20:39:11.460 [JavaFX Application Thread] DEBUG GameApplicationServi - Removing overlay from FXGLDefaultMenu and adding to FXGLMainMenuDummyScene
20:39:11.460 [JavaFX Application Thread] DEBUG PrimaryStageWindow   - FXGLMainMenuDummyScene <- FXGLDefaultMenu
20:39:11.460 [JavaFX Application Thread] DEBUG Input                - Clearing active input actions
20:39:11.464 [JavaFX Application Thread] DEBUG GameApplicationServi - Removing overlay from FXGLMainMenuDummyScene and adding to FXGLLoadingScene
20:39:11.464 [JavaFX Application Thread] DEBUG PrimaryStageWindow   - FXGLMainMenuDummyScene -> FXGLLoadingScene
20:39:11.464 [JavaFX Application Thread] DEBUG GameApplicationServi - Clearing previous game
20:39:11.464 [JavaFX Application Thread] DEBUG GameScene            - Clearing game scene
20:39:11.464 [JavaFX Application Thread] DEBUG GameWorld            - Clearing game world
20:39:11.464 [JavaFX Application Thread] DEBUG PhysicsWorld         - Clearing physics world
20:39:11.467 [FXGL Background Thread 2 ] DEBUG FXGLApplication      - Initializing game
20:39:11.485 [FXGL Background Thread 2 ] WARN  GameWorld            - Entity is already attached to world
20:39:11.486 [FXGL Background Thread 2 ] WARN  Entity               - Entity already has component: com.almasb.fxgl.entity.components.CollidableComponent
20:39:11.486 [FXGL Background Thread 2 ] WARN  GameWorld            - Entity is already attached to world
20:39:11.487 [FXGL Background Thread 2 ] WARN  Entity               - Entity already has component: com.almasb.fxgl.entity.components.CollidableComponent
20:39:11.487 [FXGL Background Thread 2 ] WARN  GameWorld            - Entity is already attached to world
20:39:11.490 [FXGL Background Thread 2 ] WARN  Entity               - Entity already has component: com.almasb.fxgl.entity.components.CollidableComponent
20:39:11.491 [FXGL Background Thread 2 ] WARN  GameWorld            - Entity is already attached to world
20:39:11.491 [FXGL Background Thread 2 ] WARN  Entity               - Entity already has component: com.almasb.fxgl.entity.components.CollidableComponent
20:39:11.491 [FXGL Background Thread 2 ] WARN  GameWorld            - Entity is already attached to world
20:39:11.510 [FXGL Background Thread 2 ] INFO  FXGLApplication      - Game initialization took: 0.042 sec
20:39:11.510 [JavaFX Application Thread] DEBUG Input                - Clearing active input actions
20:39:11.514 [JavaFX Application Thread] DEBUG GameApplicationServi - Removing overlay from FXGLLoadingScene and adding to GameScene
20:39:11.514 [JavaFX Application Thread] DEBUG PrimaryStageWindow   - FXGLLoadingScene -> GameScene
20:39:13.526 [FXGL Background Thread 3 ] DEBUG Engine               - Logging environment variables
20:39:13.526 [FXGL Background Thread 3 ] DEBUG Engine               - achievements: []
20:39:13.526 [FXGL Background Thread 3 ] DEBUG Engine               - actualHeight: 1024.0
20:39:13.526 [FXGL Background Thread 3 ] DEBUG Engine               - actualHeightProperty: ReadOnlyDoubleProperty [value: 1024.0]
20:39:13.526 [FXGL Background Thread 3 ] DEBUG Engine               - actualWidth: 1024.0
20:39:13.526 [FXGL Background Thread 3 ] DEBUG Engine               - actualWidthProperty: ReadOnlyDoubleProperty [value: 1024.0]
20:39:13.526 [FXGL Background Thread 3 ] DEBUG Engine               - appIcon: fxgl_icon.png
20:39:13.526 [FXGL Background Thread 3 ] DEBUG Engine               - applicationMode: DEVELOPER
20:39:13.526 [FXGL Background Thread 3 ] DEBUG Engine               - cSSList: [fxgl_dark.css]
20:39:13.526 [FXGL Background Thread 3 ] DEBUG Engine               - collisionDetectionStrategy: BRUTE_FORCE
20:39:13.526 [FXGL Background Thread 3 ] DEBUG Engine               - configClass: Optional.empty
20:39:13.526 [FXGL Background Thread 3 ] DEBUG Engine               - credits: []
20:39:13.527 [FXGL Background Thread 3 ] DEBUG Engine               - defaultCursor: CursorInfo(imageName=fxgl_default_cursor.png, hotspotX=7.0, hotspotY=6.0)
20:39:13.527 [FXGL Background Thread 3 ] DEBUG Engine               - devBBoxColorProperty: ObjectProperty [value: 0xff0000ff]
20:39:13.527 [FXGL Background Thread 3 ] DEBUG Engine               - devEnableDebugCameraProperty: BooleanProperty [value: false]
20:39:13.527 [FXGL Background Thread 3 ] DEBUG Engine               - devSensorColorProperty: ObjectProperty [value: 0xffff00ff]
20:39:13.527 [FXGL Background Thread 3 ] DEBUG Engine               - devShowBBoxProperty: BooleanProperty [value: false]
20:39:13.527 [FXGL Background Thread 3 ] DEBUG Engine               - devShowPositionProperty: BooleanProperty [value: false]
20:39:13.527 [FXGL Background Thread 3 ] DEBUG Engine               - enabledMenuItems: []
20:39:13.527 [FXGL Background Thread 3 ] DEBUG Engine               - engineServices: [class com.almasb.fxgl.app.services.FXGLAssetLoaderService, class com.almasb.fxgl.app.FXGLApplication$GameApplicationService, class com.almasb.fxgl.app.services.FXGLDialogService, class com.almasb.fxgl.app.services.IOTaskExecutorService, class com.almasb.fxgl.io.FileSystemService, class com.almasb.fxgl.localization.LocalizationService, class com.almasb.fxgl.app.services.SystemBundleService, class com.almasb.fxgl.profile.SaveLoadService, class com.almasb.fxgl.ui.FXGLUIFactoryServiceProvider, class com.almasb.fxgl.ui.FXGLDialogFactoryServiceProvider, class com.almasb.fxgl.audio.AudioPlayer, class com.almasb.fxgl.notification.impl.NotificationServiceProvider, class com.almasb.fxgl.achievement.AchievementService, class com.almasb.fxgl.cutscene.CutsceneService, class com.almasb.fxgl.minigames.MiniGameService, class com.almasb.fxgl.net.NetService, class com.almasb.fxgl.app.services.UpdaterService, class com.almasb.fxgl.dev.DevService]
20:39:13.527 [FXGL Background Thread 3 ] DEBUG Engine               - fontGame: Abel-Regular.ttf
20:39:13.527 [FXGL Background Thread 3 ] DEBUG Engine               - fontMono: TerminalLandMono-Regular.otf
20:39:13.527 [FXGL Background Thread 3 ] DEBUG Engine               - fontText: Courier-Prime.ttf
20:39:13.527 [FXGL Background Thread 3 ] DEBUG Engine               - fontUI: VarelaRound-Regular.ttf
20:39:13.527 [FXGL Background Thread 3 ] DEBUG Engine               - fullScreen: BooleanProperty [value: false]
20:39:13.527 [FXGL Background Thread 3 ] DEBUG Engine               - gameDifficulty: MEDIUM
20:39:13.527 [FXGL Background Thread 3 ] DEBUG Engine               - gameDifficultyProperty: ObjectProperty [value: MEDIUM]
20:39:13.527 [FXGL Background Thread 3 ] DEBUG Engine               - globalMusicVolume: 0.5
20:39:13.527 [FXGL Background Thread 3 ] DEBUG Engine               - globalMusicVolumeProperty: DoubleProperty [value: 0.5]
20:39:13.527 [FXGL Background Thread 3 ] DEBUG Engine               - globalSoundVolume: 0.5
20:39:13.527 [FXGL Background Thread 3 ] DEBUG Engine               - globalSoundVolumeProperty: DoubleProperty [value: 0.5]
20:39:13.527 [FXGL Background Thread 3 ] DEBUG Engine               - height: 1024
20:39:13.527 [FXGL Background Thread 3 ] DEBUG Engine               - is3D: false
20:39:13.528 [FXGL Background Thread 3 ] DEBUG Engine               - isAndroid: false
20:39:13.528 [FXGL Background Thread 3 ] DEBUG Engine               - isBrowser: false
20:39:13.528 [FXGL Background Thread 3 ] DEBUG Engine               - isClickFeedbackEnabled: false
20:39:13.528 [FXGL Background Thread 3 ] DEBUG Engine               - isCloseConfirmation: false
20:39:13.528 [FXGL Background Thread 3 ] DEBUG Engine               - isDesktop: true
20:39:13.528 [FXGL Background Thread 3 ] DEBUG Engine               - isDeveloperMenuEnabled: false
20:39:13.528 [FXGL Background Thread 3 ] DEBUG Engine               - isEmbedded: false
20:39:13.528 [FXGL Background Thread 3 ] DEBUG Engine               - isEntityPreloadEnabled: true
20:39:13.528 [FXGL Background Thread 3 ] DEBUG Engine               - isExperimentalTiledLargeMap: false
20:39:13.528 [FXGL Background Thread 3 ] DEBUG Engine               - isFileSystemWriteAllowed: true
20:39:13.528 [FXGL Background Thread 3 ] DEBUG Engine               - isFullScreenAllowed: false
20:39:13.528 [FXGL Background Thread 3 ] DEBUG Engine               - isFullScreenFromStart: false
20:39:13.528 [FXGL Background Thread 3 ] DEBUG Engine               - isGameMenuEnabled: true
20:39:13.528 [FXGL Background Thread 3 ] DEBUG Engine               - isIOS: false
20:39:13.528 [FXGL Background Thread 3 ] DEBUG Engine               - isIntroEnabled: false
20:39:13.528 [FXGL Background Thread 3 ] DEBUG Engine               - isLinux: false
20:39:13.528 [FXGL Background Thread 3 ] DEBUG Engine               - isMac: false
20:39:13.528 [FXGL Background Thread 3 ] DEBUG Engine               - isMainMenuEnabled: true
20:39:13.528 [FXGL Background Thread 3 ] DEBUG Engine               - isManualResizeEnabled: false
20:39:13.528 [FXGL Background Thread 3 ] DEBUG Engine               - isMobile: false
20:39:13.528 [FXGL Background Thread 3 ] DEBUG Engine               - isNative: false
20:39:13.528 [FXGL Background Thread 3 ] DEBUG Engine               - isPauseMusicWhenMinimized: true
20:39:13.528 [FXGL Background Thread 3 ] DEBUG Engine               - isPreserveResizeRatio: false
20:39:13.528 [FXGL Background Thread 3 ] DEBUG Engine               - isProfilingEnabled: false
20:39:13.528 [FXGL Background Thread 3 ] DEBUG Engine               - isScaleAffectedOnResize: true
20:39:13.528 [FXGL Background Thread 3 ] DEBUG Engine               - isSingleStep: false
20:39:13.528 [FXGL Background Thread 3 ] DEBUG Engine               - isUserProfileEnabled: false
20:39:13.528 [FXGL Background Thread 3 ] DEBUG Engine               - isWindows: true
20:39:13.528 [FXGL Background Thread 3 ] DEBUG Engine               - language: ObjectProperty [value: ENGLISH]
20:39:13.528 [FXGL Background Thread 3 ] DEBUG Engine               - menuKey: ESCAPE
20:39:13.528 [FXGL Background Thread 3 ] DEBUG Engine               - mouseSensitivity: 0.2
20:39:13.528 [FXGL Background Thread 3 ] DEBUG Engine               - notificationViewClass: class com.almasb.fxgl.notification.view.XboxNotificationView
20:39:13.528 [FXGL Background Thread 3 ] DEBUG Engine               - pixelsPerMeter: 50.0
20:39:13.528 [FXGL Background Thread 3 ] DEBUG Engine               - platform: WINDOWS
20:39:13.529 [FXGL Background Thread 3 ] DEBUG Engine               - prefHeightProperty: ReadOnlyDoubleProperty [value: 1024.0]
20:39:13.529 [FXGL Background Thread 3 ] DEBUG Engine               - prefWidthProperty: ReadOnlyDoubleProperty [value: 1024.0]
20:39:13.529 [FXGL Background Thread 3 ] DEBUG Engine               - profileDir: profiles/
20:39:13.529 [FXGL Background Thread 3 ] DEBUG Engine               - profileName: StringProperty [value: DEFAULT]
20:39:13.529 [FXGL Background Thread 3 ] DEBUG Engine               - randomSeed: -1
20:39:13.529 [FXGL Background Thread 3 ] DEBUG Engine               - runtimeInfo: RuntimeInfo(platform=WINDOWS, version=17.2, build=20.08.2022 16.50)
20:39:13.529 [FXGL Background Thread 3 ] DEBUG Engine               - saveFileExt: sav
20:39:13.529 [FXGL Background Thread 3 ] DEBUG Engine               - scaledHeightProp$fxgl: DoubleProperty [bound, value: 1024.0]
20:39:13.529 [FXGL Background Thread 3 ] DEBUG Engine               - scaledWidthProp$fxgl: DoubleProperty [bound, value: 1024.0]
20:39:13.529 [FXGL Background Thread 3 ] DEBUG Engine               - sceneFactory: com.almasb.fxgl.app.scene.SceneFactory@a99ac14
20:39:13.529 [FXGL Background Thread 3 ] DEBUG Engine               - secondsIn24h: 60
20:39:13.529 [FXGL Background Thread 3 ] DEBUG Engine               - soundMenuBack: menu/back.wav
20:39:13.529 [FXGL Background Thread 3 ] DEBUG Engine               - soundMenuPress: menu/press.wav
20:39:13.529 [FXGL Background Thread 3 ] DEBUG Engine               - soundMenuSelect: menu/select.wav
20:39:13.529 [FXGL Background Thread 3 ] DEBUG Engine               - soundNotification: core/notification.wav
20:39:13.529 [FXGL Background Thread 3 ] DEBUG Engine               - stageStyle: DECORATED
20:39:13.529 [FXGL Background Thread 3 ] DEBUG Engine               - supportedLanguages: [ENGLISH, FRENCH, GERMAN, HUNGARIAN, RUSSIAN]
20:39:13.529 [FXGL Background Thread 3 ] DEBUG Engine               - ticksPerSecond: -1
20:39:13.529 [FXGL Background Thread 3 ] DEBUG Engine               - title: Dawnseeker
20:39:13.529 [FXGL Background Thread 3 ] DEBUG Engine               - urlGithub: https://github.com/AlmasB/FXGL
20:39:13.529 [FXGL Background Thread 3 ] DEBUG Engine               - urlLeaderboard: http://fxgl-top.herokuapp.com/
20:39:13.529 [FXGL Background Thread 3 ] DEBUG Engine               - urlPOM: https://raw.githubusercontent.com/AlmasB/FXGL/release/README.md
20:39:13.529 [FXGL Background Thread 3 ] DEBUG Engine               - userAppClass: class myGame.DawnseekerApp
20:39:13.529 [FXGL Background Thread 3 ] DEBUG Engine               - version: 0.1
20:39:13.529 [FXGL Background Thread 3 ] DEBUG Engine               - versionCheckDays: 7
20:39:13.529 [FXGL Background Thread 3 ] DEBUG Engine               - width: 1024
20:39:13.529 [FXGL Background Thread 3 ] DEBUG Engine               - Logging services
20:39:13.529 [FXGL Background Thread 3 ] DEBUG Engine               - class com.almasb.fxgl.app.services.FXGLAssetLoaderService
20:39:13.529 [FXGL Background Thread 3 ] DEBUG Engine               - class com.almasb.fxgl.app.FXGLApplication$GameApplicationService
20:39:13.529 [FXGL Background Thread 3 ] DEBUG Engine               - class com.almasb.fxgl.app.services.FXGLDialogService
20:39:13.529 [FXGL Background Thread 3 ] DEBUG Engine               - class com.almasb.fxgl.app.services.IOTaskExecutorService
20:39:13.529 [FXGL Background Thread 3 ] DEBUG Engine               - class com.almasb.fxgl.io.FileSystemService
20:39:13.529 [FXGL Background Thread 3 ] DEBUG Engine               - class com.almasb.fxgl.localization.LocalizationService
20:39:13.529 [FXGL Background Thread 3 ] DEBUG Engine               - class com.almasb.fxgl.app.services.SystemBundleService
20:39:13.529 [FXGL Background Thread 3 ] DEBUG Engine               - class com.almasb.fxgl.profile.SaveLoadService
20:39:13.530 [FXGL Background Thread 3 ] DEBUG Engine               - class com.almasb.fxgl.ui.FXGLUIFactoryServiceProvider
20:39:13.530 [FXGL Background Thread 3 ] DEBUG Engine               - class com.almasb.fxgl.ui.FXGLDialogFactoryServiceProvider
20:39:13.530 [FXGL Background Thread 3 ] DEBUG Engine               - class com.almasb.fxgl.audio.AudioPlayer
20:39:13.530 [FXGL Background Thread 3 ] DEBUG Engine               - class com.almasb.fxgl.notification.impl.NotificationServiceProvider
20:39:13.530 [FXGL Background Thread 3 ] DEBUG Engine               - class com.almasb.fxgl.achievement.AchievementService
20:39:13.530 [FXGL Background Thread 3 ] DEBUG Engine               - class com.almasb.fxgl.cutscene.CutsceneService
20:39:13.530 [FXGL Background Thread 3 ] DEBUG Engine               - class com.almasb.fxgl.minigames.MiniGameService
20:39:13.530 [FXGL Background Thread 3 ] DEBUG Engine               - class com.almasb.fxgl.net.NetService
20:39:13.530 [FXGL Background Thread 3 ] DEBUG Engine               - class com.almasb.fxgl.app.services.UpdaterService
20:39:13.530 [FXGL Background Thread 3 ] DEBUG Engine               - class com.almasb.fxgl.dev.DevService
20:39:31.982 [JavaFX Application Thread] DEBUG PrimaryStageWindow   - Push state: FXGLDefaultMenu
20:39:31.982 [JavaFX Application Thread] DEBUG Input                - Clearing active input actions
20:39:31.985 [JavaFX Application Thread] DEBUG GameApplicationServi - Removing overlay from GameScene and adding to FXGLDefaultMenu
20:39:31.986 [JavaFX Application Thread] DEBUG PrimaryStageWindow   - GameScene -> FXGLDefaultMenu
20:39:34.168 [JavaFX Application Thread] DEBUG Menu                 - fireExitToMainMenu()
20:39:34.170 [JavaFX Application Thread] DEBUG PrimaryStageWindow   - Push state: DialogSubScene
20:39:34.170 [JavaFX Application Thread] DEBUG Input                - Clearing active input actions
20:39:34.170 [JavaFX Application Thread] DEBUG GameApplicationServi - Removing overlay from FXGLDefaultMenu and adding to DialogSubScene
20:39:34.170 [JavaFX Application Thread] DEBUG PrimaryStageWindow   - FXGLDefaultMenu -> DialogSubScene
20:39:37.030 [JavaFX Application Thread] DEBUG PrimaryStageWindow   - Pop state: DialogSubScene
20:39:37.030 [JavaFX Application Thread] DEBUG Input                - Clearing active input actions
20:39:37.030 [JavaFX Application Thread] DEBUG GameApplicationServi - Removing overlay from DialogSubScene and adding to FXGLDefaultMenu
20:39:37.031 [JavaFX Application Thread] DEBUG PrimaryStageWindow   - FXGLDefaultMenu <- DialogSubScene
20:39:37.031 [JavaFX Application Thread] DEBUG PrimaryStageWindow   - Pop state: FXGLDefaultMenu
20:39:37.031 [JavaFX Application Thread] DEBUG Input                - Clearing active input actions
20:39:37.031 [JavaFX Application Thread] DEBUG GameApplicationServi - Removing overlay from FXGLDefaultMenu and adding to GameScene
20:39:37.031 [JavaFX Application Thread] DEBUG PrimaryStageWindow   - GameScene <- FXGLDefaultMenu
20:39:37.031 [JavaFX Application Thread] DEBUG Input                - Clearing active input actions
20:39:37.034 [JavaFX Application Thread] DEBUG GameApplicationServi - Removing overlay from GameScene and adding to FXGLMainMenuDummyScene
20:39:37.034 [JavaFX Application Thread] DEBUG PrimaryStageWindow   - GameScene -> FXGLMainMenuDummyScene
20:39:37.034 [JavaFX Application Thread] DEBUG PrimaryStageWindow   - Push state: FXGLDefaultMenu
20:39:37.034 [JavaFX Application Thread] DEBUG Input                - Clearing active input actions
20:39:37.035 [JavaFX Application Thread] DEBUG GameApplicationServi - Removing overlay from FXGLMainMenuDummyScene and adding to FXGLDefaultMenu
20:39:37.036 [JavaFX Application Thread] DEBUG PrimaryStageWindow   - FXGLMainMenuDummyScene -> FXGLDefaultMenu
20:39:38.071 [JavaFX Application Thread] DEBUG Menu                 - fireNewGame()
20:39:38.071 [JavaFX Application Thread] DEBUG GameApplicationServi - Starting new game
20:39:38.071 [JavaFX Application Thread] DEBUG PrimaryStageWindow   - Pop state: FXGLDefaultMenu
20:39:38.071 [JavaFX Application Thread] DEBUG Input                - Clearing active input actions
20:39:38.072 [JavaFX Application Thread] DEBUG GameApplicationServi - Removing overlay from FXGLDefaultMenu and adding to FXGLMainMenuDummyScene
20:39:38.072 [JavaFX Application Thread] DEBUG PrimaryStageWindow   - FXGLMainMenuDummyScene <- FXGLDefaultMenu
20:39:38.072 [JavaFX Application Thread] DEBUG Input                - Clearing active input actions
20:39:38.074 [JavaFX Application Thread] DEBUG GameApplicationServi - Removing overlay from FXGLMainMenuDummyScene and adding to FXGLLoadingScene
20:39:38.074 [JavaFX Application Thread] DEBUG PrimaryStageWindow   - FXGLMainMenuDummyScene -> FXGLLoadingScene
20:39:38.074 [JavaFX Application Thread] DEBUG GameApplicationServi - Clearing previous game
20:39:38.074 [JavaFX Application Thread] DEBUG GameScene            - Clearing game scene
20:39:38.074 [JavaFX Application Thread] DEBUG GameWorld            - Clearing game world
20:39:38.076 [JavaFX Application Thread] DEBUG PhysicsWorld         - Clearing physics world
20:39:38.076 [FXGL Background Thread 2 ] DEBUG FXGLApplication      - Initializing game
20:39:38.076 [FXGL Background Thread 2 ] WARN  GameWorld            - Entity is already attached to world
20:39:38.077 [FXGL Background Thread 2 ] WARN  Entity               - Entity already has component: com.almasb.fxgl.entity.components.CollidableComponent
20:39:38.077 [FXGL Background Thread 2 ] WARN  GameWorld            - Entity is already attached to world
20:39:38.077 [FXGL Background Thread 2 ] WARN  Entity               - Entity already has component: com.almasb.fxgl.entity.components.CollidableComponent
20:39:38.077 [FXGL Background Thread 2 ] WARN  GameWorld            - Entity is already attached to world
20:39:38.077 [FXGL Background Thread 2 ] WARN  Entity               - Entity already has component: com.almasb.fxgl.entity.components.CollidableComponent
20:39:38.077 [FXGL Background Thread 2 ] WARN  GameWorld            - Entity is already attached to world
20:39:38.078 [FXGL Background Thread 2 ] WARN  Entity               - Entity already has component: com.almasb.fxgl.entity.components.CollidableComponent
20:39:38.078 [FXGL Background Thread 2 ] WARN  GameWorld            - Entity is already attached to world
20:39:38.079 [FXGL Background Thread 2 ] INFO  FXGLApplication      - Game initialization took: 0.003 sec
20:39:38.081 [JavaFX Application Thread] DEBUG Input                - Clearing active input actions
20:39:38.083 [JavaFX Application Thread] DEBUG GameApplicationServi - Removing overlay from FXGLLoadingScene and adding to GameScene
20:39:38.083 [JavaFX Application Thread] DEBUG PrimaryStageWindow   - FXGLLoadingScene -> GameScene
20:39:49.617 [JavaFX Application Thread] DEBUG PrimaryStageWindow   - Push state: FXGLDefaultMenu
20:39:49.617 [JavaFX Application Thread] DEBUG Input                - Clearing active input actions
20:39:49.618 [JavaFX Application Thread] DEBUG GameApplicationServi - Removing overlay from GameScene and adding to FXGLDefaultMenu
20:39:49.618 [JavaFX Application Thread] DEBUG PrimaryStageWindow   - GameScene -> FXGLDefaultMenu
20:39:50.904 [JavaFX Application Thread] DEBUG Menu                 - fireExitToMainMenu()
20:39:50.905 [JavaFX Application Thread] DEBUG PrimaryStageWindow   - Push state: DialogSubScene
20:39:50.905 [JavaFX Application Thread] DEBUG Input                - Clearing active input actions
20:39:50.905 [JavaFX Application Thread] DEBUG GameApplicationServi - Removing overlay from FXGLDefaultMenu and adding to DialogSubScene
20:39:50.905 [JavaFX Application Thread] DEBUG PrimaryStageWindow   - FXGLDefaultMenu -> DialogSubScene
20:39:51.516 [JavaFX Application Thread] DEBUG PrimaryStageWindow   - Pop state: DialogSubScene
20:39:51.516 [JavaFX Application Thread] DEBUG Input                - Clearing active input actions
20:39:51.516 [JavaFX Application Thread] DEBUG GameApplicationServi - Removing overlay from DialogSubScene and adding to FXGLDefaultMenu
20:39:51.517 [JavaFX Application Thread] DEBUG PrimaryStageWindow   - FXGLDefaultMenu <- DialogSubScene
20:39:51.517 [JavaFX Application Thread] DEBUG PrimaryStageWindow   - Pop state: FXGLDefaultMenu
20:39:51.517 [JavaFX Application Thread] DEBUG Input                - Clearing active input actions
20:39:51.517 [JavaFX Application Thread] DEBUG GameApplicationServi - Removing overlay from FXGLDefaultMenu and adding to GameScene
20:39:51.517 [JavaFX Application Thread] DEBUG PrimaryStageWindow   - GameScene <- FXGLDefaultMenu
20:39:51.517 [JavaFX Application Thread] DEBUG Input                - Clearing active input actions
20:39:51.519 [JavaFX Application Thread] DEBUG GameApplicationServi - Removing overlay from GameScene and adding to FXGLMainMenuDummyScene
20:39:51.519 [JavaFX Application Thread] DEBUG PrimaryStageWindow   - GameScene -> FXGLMainMenuDummyScene
20:39:51.519 [JavaFX Application Thread] DEBUG PrimaryStageWindow   - Push state: FXGLDefaultMenu
20:39:51.519 [JavaFX Application Thread] DEBUG Input                - Clearing active input actions
20:39:51.520 [JavaFX Application Thread] DEBUG GameApplicationServi - Removing overlay from FXGLMainMenuDummyScene and adding to FXGLDefaultMenu
20:39:51.521 [JavaFX Application Thread] DEBUG PrimaryStageWindow   - FXGLMainMenuDummyScene -> FXGLDefaultMenu
20:39:53.123 [JavaFX Application Thread] DEBUG Menu                 - fireNewGame()
20:39:53.123 [JavaFX Application Thread] DEBUG GameApplicationServi - Starting new game
20:39:53.123 [JavaFX Application Thread] DEBUG PrimaryStageWindow   - Pop state: FXGLDefaultMenu
20:39:53.123 [JavaFX Application Thread] DEBUG Input                - Clearing active input actions
20:39:53.123 [JavaFX Application Thread] DEBUG GameApplicationServi - Removing overlay from FXGLDefaultMenu and adding to FXGLMainMenuDummyScene
20:39:53.123 [JavaFX Application Thread] DEBUG PrimaryStageWindow   - FXGLMainMenuDummyScene <- FXGLDefaultMenu
20:39:53.123 [JavaFX Application Thread] DEBUG Input                - Clearing active input actions
20:39:53.125 [JavaFX Application Thread] DEBUG GameApplicationServi - Removing overlay from FXGLMainMenuDummyScene and adding to FXGLLoadingScene
20:39:53.125 [JavaFX Application Thread] DEBUG PrimaryStageWindow   - FXGLMainMenuDummyScene -> FXGLLoadingScene
20:39:53.125 [JavaFX Application Thread] DEBUG GameApplicationServi - Clearing previous game
20:39:53.125 [JavaFX Application Thread] DEBUG GameScene            - Clearing game scene
20:39:53.125 [JavaFX Application Thread] DEBUG GameWorld            - Clearing game world
20:39:53.126 [JavaFX Application Thread] DEBUG PhysicsWorld         - Clearing physics world
20:39:53.127 [FXGL Background Thread 2 ] DEBUG FXGLApplication      - Initializing game
20:39:53.127 [FXGL Background Thread 2 ] WARN  GameWorld            - Entity is already attached to world
20:39:53.127 [FXGL Background Thread 2 ] WARN  Entity               - Entity already has component: com.almasb.fxgl.entity.components.CollidableComponent
20:39:53.127 [FXGL Background Thread 2 ] WARN  GameWorld            - Entity is already attached to world
20:39:53.127 [FXGL Background Thread 2 ] WARN  Entity               - Entity already has component: com.almasb.fxgl.entity.components.CollidableComponent
20:39:53.127 [FXGL Background Thread 2 ] WARN  GameWorld            - Entity is already attached to world
20:39:53.128 [FXGL Background Thread 2 ] WARN  Entity               - Entity already has component: com.almasb.fxgl.entity.components.CollidableComponent
20:39:53.128 [FXGL Background Thread 2 ] WARN  GameWorld            - Entity is already attached to world
20:39:53.128 [FXGL Background Thread 2 ] WARN  Entity               - Entity already has component: com.almasb.fxgl.entity.components.CollidableComponent
20:39:53.128 [FXGL Background Thread 2 ] WARN  GameWorld            - Entity is already attached to world
20:39:53.129 [FXGL Background Thread 2 ] INFO  FXGLApplication      - Game initialization took: 0.002 sec
20:39:53.129 [JavaFX Application Thread] DEBUG Input                - Clearing active input actions
20:39:53.131 [JavaFX Application Thread] DEBUG GameApplicationServi - Removing overlay from FXGLLoadingScene and adding to GameScene
20:39:53.131 [JavaFX Application Thread] DEBUG PrimaryStageWindow   - FXGLLoadingScene -> GameScene
20:39:57.361 [JavaFX Application Thread] DEBUG FXGLApplication      - Exiting FXGL
20:39:57.361 [JavaFX Application Thread] DEBUG LoopRunner           - Stopping loop
20:39:57.361 [JavaFX Application Thread] DEBUG SystemBundleService  - Saving FXGL system data
20:39:57.363 [JavaFX Application Thread] DEBUG FileSystemAccess     - Writing to: C:\Users\garre\git\CS4900G2Proj2\Dawnseeker\system\fxgl.bundle
20:39:57.364 [JavaFX Application Thread] DEBUG Async                - Shutting down background threads
20:39:57.364 [JavaFX Application Thread] DEBUG PrimaryStageWindow   - Closing main window
20:39:57.371 [JavaFX Application Thread] DEBUG Logger               - Closing Logger
