21:18:40.528 [main                     ] DEBUG Logger               - Configured Logger
21:18:40.551 [main                     ] DEBUG GameApplication      - Logging settings
Title: Dawnseeker
Version: 0.4
Width: 1920
Height: 1080
Fullscreen: false
Intro: false
Profiling: false
Single step:false
App Mode: DEVELOPER
Menu Key: ESCAPE
Stage Style: DECORATED
Scene Factory: class myGame.DawnseekerApp$1

21:18:41.008 [JavaFX Application Thread] DEBUG FXGLApplication      - Initializing FXGL
21:18:41.012 [JavaFX Application Thread] INFO  Engine               - FXGL-17.2 (20.08.2022 16.50) on WINDOWS (J:19.0.2 FX:18)
21:18:41.013 [JavaFX Application Thread] DEBUG Engine               - JRE Vendor Name: Oracle Corporation
21:18:41.013 [JavaFX Application Thread] DEBUG Engine               - Running on OS: Windows 10 version 10.0
21:18:41.013 [JavaFX Application Thread] DEBUG Engine               - Architecture: amd64
21:18:41.013 [JavaFX Application Thread] INFO  Engine               - Source code and latest versions at: https://github.com/AlmasB/FXGL
21:18:41.013 [JavaFX Application Thread] INFO  Engine               -       Ask questions and discuss at: https://github.com/AlmasB/FXGL/discussions
21:18:41.013 [JavaFX Application Thread] INFO  Engine               -              Join the FXGL chat at: https://gitter.im/AlmasB/FXGL
21:18:41.129 [JavaFX Application Thread] DEBUG PrimaryStageWindow   - Creating a JavaFX scene
21:18:41.178 [JavaFX Application Thread] DEBUG PrimaryStageWindow   - Target settings size: 1920.0 x 1080.0
21:18:41.178 [JavaFX Application Thread] DEBUG PrimaryStageWindow   - Scaled scene size:    1920.0 x 1080.0
21:18:41.178 [JavaFX Application Thread] DEBUG PrimaryStageWindow   - Scaled ratio: (1.0, 1.0)
21:18:41.179 [JavaFX Application Thread] DEBUG PrimaryStageWindow   - Set initial scene to FXGLStartupScene
21:18:41.187 [JavaFX Application Thread] DEBUG PrimaryStageWindow   - Opening main window
21:18:41.271 [JavaFX Application Thread] DEBUG PrimaryStageWindow   - Window border size: (16.0, 39.0)
21:18:41.271 [JavaFX Application Thread] DEBUG PrimaryStageWindow   - Scaled size: 1920.0 x 1080.0
21:18:41.271 [JavaFX Application Thread] DEBUG PrimaryStageWindow   - Scaled ratio: (1.0, 1.0)
21:18:41.272 [JavaFX Application Thread] DEBUG PrimaryStageWindow   - Scene size: 1920.0 x 1080.0
21:18:41.272 [JavaFX Application Thread] DEBUG PrimaryStageWindow   - Stage size: 1936.0 x 1119.0
21:18:41.279 [FXGL Background Thread 1 ] DEBUG Engine               - Initializing environment variables
21:18:41.326 [FXGL Background Thread 1 ] DEBUG FXGLAssetLoaderServi - User app class for loading assets: class myGame.DawnseekerApp
21:18:41.326 [FXGL Background Thread 1 ] DEBUG GameApplicationServi - Applying CSS: fxgl_dark.css
21:18:41.327 [FXGL Background Thread 1 ] DEBUG FXGLAssetLoaderServi - Loading from file system: jar:file:/C:/Users/Morgan%20Johnson/.m2/repository/com/github/almasb/fxgl/17.2/fxgl-17.2.jar!/fxglassets/ui/css/fxgl_dark.css
21:18:41.367 [FXGL Background Thread 1 ] DEBUG GameApplicationServi - Initializing application scenes
21:18:41.404 [FXGL Background Thread 1 ] DEBUG GameWorld            - Game world initialized
21:18:41.467 [FXGL Background Thread 1 ] DEBUG PhysicsWorld         - Physics world initialized: appHeight=1080, physics.ppm=50.0
21:18:41.467 [FXGL Background Thread 1 ] DEBUG PhysicsWorld         - Using strategy: BRUTE_FORCE
21:18:41.471 [FXGL Background Thread 1 ] DEBUG GameScene            - Game scene initialized: 1920x1080
21:18:41.471 [FXGL Background Thread 1 ] DEBUG FXGLAssetLoaderServi - Loading from file system: file:/C:/Games/Schoolwork/Spring%2023/CS4900/DawnseekerWorkspace/CS4900G2Proj2/CS4900G2Proj2/Dawnseeker/target/classes/assets/music/shop.mp3
21:18:41.596 [FXGL Background Thread 1 ] DEBUG AudioPlayer          - Playing music com.almasb.fxgl.audio.Music@6f3c2ea9
21:18:41.614 [FXGL Background Thread 1 ] DEBUG FXGLAssetLoaderServi - Loading from file system: file:/C:/Games/Schoolwork/Spring%2023/CS4900/DawnseekerWorkspace/CS4900G2Proj2/CS4900G2Proj2/Dawnseeker/target/classes/assets/textures/bg.png
21:18:41.704 [FXGL Background Thread 1 ] DEBUG FXGL.DefaultMenu     - createMenuBodyGameMenu()
21:18:41.718 [FXGL Background Thread 1 ] DEBUG FXGL.DefaultMenu     - createOptionsMenu()
21:18:41.724 [FXGL Background Thread 1 ] DEBUG FXGLAssetLoaderServi - Loading from file system: jar:file:/C:/Users/Morgan%20Johnson/.m2/repository/com/github/almasb/fxgl/17.2/fxgl-17.2.jar!/fxglassets/textures/particles/smoke.png
21:18:41.804 [FXGL Background Thread 1 ] DEBUG FXGLAssetLoaderServi - Loading from file system: jar:file:/C:/Users/Morgan%20Johnson/.m2/repository/com/github/almasb/fxgl/17.2/fxgl-17.2.jar!/fxglassets/textures/particles/trace_horizontal.png
21:18:41.828 [FXGL Background Thread 1 ] DEBUG GameApplicationServi - Application scenes initialized
21:18:41.841 [FXGL Background Thread 1 ] DEBUG SystemBundleService  - Loading FXGL system data
21:18:41.846 [FXGL Background Thread 1 ] DEBUG FileSystemAccess     - Reading from: C:\Games\Schoolwork\Spring 23\CS4900\DawnseekerWorkspace\CS4900G2Proj2\CS4900G2Proj2\Dawnseeker\system\fxgl.bundle
21:18:41.855 [FXGL Background Thread 1 ] DEBUG SystemBundleService  - Bundle FXGL: {}
21:18:41.855 [FXGL Background Thread 1 ] DEBUG UpdaterService       - Checking for updates
21:18:41.858 [FXGL Background Thread 4 ] DEBUG FXGLApplication      - Loading fonts
21:18:41.859 [FXGL Background Thread 4 ] DEBUG FXGLAssetLoaderServi - Loading from file system: jar:file:/C:/Users/Morgan%20Johnson/.m2/repository/com/github/almasb/fxgl/17.2/fxgl-17.2.jar!/fxglassets/ui/fonts/VarelaRound-Regular.ttf
21:18:41.859 [FXGL Background Thread 1 ] DEBUG FXGLApplication      - Loading default localization
21:18:41.860 [FXGL Background Thread 1 ] DEBUG FXGLAssetLoaderServi - Loading from file system: jar:file:/C:/Users/Morgan%20Johnson/.m2/repository/com/github/almasb/fxgl/17.2/fxgl-17.2.jar!/fxglassets/languages/english.lang
21:18:41.878 [FXGL Background Thread 1 ] INFO  FXGLApplication      - FXGL initialization took: 0.598 sec
21:18:41.884 [JavaFX Application Thread] DEBUG Input                - Registered new binding: action0 - LMB
21:18:41.892 [JavaFX Application Thread] DEBUG Input                - Registered new binding: Up - W
21:18:41.892 [JavaFX Application Thread] DEBUG Input                - Registered new binding: Down - S
21:18:41.893 [JavaFX Application Thread] DEBUG Input                - Registered new binding: Right - D
21:18:41.893 [JavaFX Application Thread] DEBUG Input                - Registered new binding: Left - A
21:18:41.893 [JavaFX Application Thread] DEBUG FXGLAssetLoaderServi - Loading from file system: jar:file:/C:/Users/Morgan%20Johnson/.m2/repository/com/github/almasb/fxgl/17.2/fxgl-17.2.jar!/fxglassets/textures/fxgl_icon.png
21:18:41.917 [JavaFX Application Thread] DEBUG FXGLAssetLoaderServi - Loading from file system: jar:file:/C:/Users/Morgan%20Johnson/.m2/repository/com/github/almasb/fxgl/17.2/fxgl-17.2.jar!/fxglassets/textures/fxgl_default_cursor.png
21:18:41.920 [JavaFX Application Thread] DEBUG Input                - Registered new binding: Screenshot - CTRL+8
21:18:41.921 [JavaFX Application Thread] DEBUG Input                - Registered new binding: System info dump - CTRL+9
21:18:41.921 [JavaFX Application Thread] DEBUG Input                - Registered new binding: Restart - CTRL+R
21:18:41.923 [JavaFX Application Thread] DEBUG Input                - Registered new binding: Toggle Debug Camera - CTRL+7
21:18:41.928 [JavaFX Application Thread] DEBUG LoopRunner           - Starting loop
21:18:41.928 [JavaFX Application Thread] DEBUG LoopRunner           - Initializing JavaFX AnimationTimerLoop
21:18:41.933 [JavaFX Application Thread] DEBUG Input                - Clearing active input actions
21:18:41.944 [JavaFX Application Thread] DEBUG GameApplicationServi - Removing overlay from FXGLStartupScene and adding to FXGLMainMenuDummyScene
21:18:41.944 [JavaFX Application Thread] DEBUG PrimaryStageWindow   - FXGLStartupScene -> FXGLMainMenuDummyScene
21:18:41.944 [JavaFX Application Thread] DEBUG PrimaryStageWindow   - Push state: DawnseekerMenu
21:18:41.945 [JavaFX Application Thread] DEBUG Input                - Clearing active input actions
21:18:41.952 [JavaFX Application Thread] DEBUG GameApplicationServi - Removing overlay from FXGLMainMenuDummyScene and adding to DawnseekerMenu
21:18:41.952 [JavaFX Application Thread] DEBUG PrimaryStageWindow   - FXGLMainMenuDummyScene -> DawnseekerMenu
21:18:41.961 [FXGL Background Thread 4 ] DEBUG FXGLAssetLoaderServi - Loading from file system: jar:file:/C:/Users/Morgan%20Johnson/.m2/repository/com/github/almasb/fxgl/17.2/fxgl-17.2.jar!/fxglassets/ui/fonts/Abel-Regular.ttf
21:18:41.965 [FXGL Background Thread 4 ] DEBUG FXGLAssetLoaderServi - Loading from file system: jar:file:/C:/Users/Morgan%20Johnson/.m2/repository/com/github/almasb/fxgl/17.2/fxgl-17.2.jar!/fxglassets/ui/fonts/TerminalLandMono-Regular.otf
21:18:41.969 [FXGL Background Thread 4 ] DEBUG FXGLAssetLoaderServi - Loading from file system: jar:file:/C:/Users/Morgan%20Johnson/.m2/repository/com/github/almasb/fxgl/17.2/fxgl-17.2.jar!/fxglassets/ui/fonts/Courier-Prime.ttf
21:18:41.977 [JavaFX Application Thread] DEBUG FXGLApplication      - Registering font factories with UI factory
21:18:42.226 [FXGL Background Thread 2 ] INFO  UpdaterService       - Your current version:  17.2
21:18:42.226 [FXGL Background Thread 2 ] INFO  UpdaterService       - Latest stable version: 17.3
21:18:42.780 [JavaFX Application Thread] DEBUG Menu                 - fireNewGame()
21:18:42.780 [JavaFX Application Thread] DEBUG GameApplicationServi - Starting new game
21:18:42.780 [JavaFX Application Thread] DEBUG PrimaryStageWindow   - Pop state: DawnseekerMenu
21:18:42.780 [JavaFX Application Thread] DEBUG Input                - Clearing active input actions
21:18:42.781 [JavaFX Application Thread] DEBUG GameApplicationServi - Removing overlay from DawnseekerMenu and adding to FXGLMainMenuDummyScene
21:18:42.781 [JavaFX Application Thread] DEBUG PrimaryStageWindow   - FXGLMainMenuDummyScene <- DawnseekerMenu
21:18:42.781 [JavaFX Application Thread] DEBUG Input                - Clearing active input actions
21:18:42.787 [JavaFX Application Thread] DEBUG GameApplicationServi - Removing overlay from FXGLMainMenuDummyScene and adding to FXGLLoadingScene
21:18:42.787 [JavaFX Application Thread] DEBUG PrimaryStageWindow   - FXGLMainMenuDummyScene -> FXGLLoadingScene
21:18:42.787 [JavaFX Application Thread] DEBUG GameApplicationServi - Clearing previous game
21:18:42.787 [JavaFX Application Thread] DEBUG GameScene            - Clearing game scene
21:18:42.787 [JavaFX Application Thread] DEBUG GameWorld            - Clearing game world
21:18:42.787 [JavaFX Application Thread] DEBUG PhysicsWorld         - Clearing physics world
21:18:42.789 [FXGL Background Thread 2 ] DEBUG FXGLApplication      - Initializing game
21:18:42.792 [FXGL Background Thread 2 ] DEBUG AudioPlayer          - Stopping music com.almasb.fxgl.audio.Music@6f3c2ea9
21:18:42.794 [FXGL Background Thread 2 ] DEBUG FXGLAssetLoaderServi - Loading from file system: file:/C:/Games/Schoolwork/Spring%2023/CS4900/DawnseekerWorkspace/CS4900G2Proj2/CS4900G2Proj2/Dawnseeker/target/classes/assets/music/heartache.mp3
21:18:42.797 [FXGL Background Thread 2 ] DEBUG AudioPlayer          - Playing music com.almasb.fxgl.audio.Music@4fb4f2df
21:18:42.811 [FXGL Background Thread 2 ] DEBUG FXGLAssetLoaderServi - Loading from file system: file:/C:/Games/Schoolwork/Spring%2023/CS4900/DawnseekerWorkspace/CS4900G2Proj2/CS4900G2Proj2/Dawnseeker/target/classes/assets/textures/DawnseekerPCV2.png
21:18:42.814 [FXGL Background Thread 2 ] DEBUG FXGLAssetLoaderServi - Loading from file system: file:/C:/Games/Schoolwork/Spring%2023/CS4900/DawnseekerWorkspace/CS4900G2Proj2/CS4900G2Proj2/Dawnseeker/target/classes/assets/textures/DawnseekerPCV2Down.png
21:18:42.817 [FXGL Background Thread 2 ] DEBUG FXGLAssetLoaderServi - Loading from file system: file:/C:/Games/Schoolwork/Spring%2023/CS4900/DawnseekerWorkspace/CS4900G2Proj2/CS4900G2Proj2/Dawnseeker/target/classes/assets/textures/DawnseekerPCV2Up.png
21:18:42.820 [FXGL Background Thread 2 ] DEBUG FXGLAssetLoaderServi - Loading from file system: file:/C:/Games/Schoolwork/Spring%2023/CS4900/DawnseekerWorkspace/CS4900G2Proj2/CS4900G2Proj2/Dawnseeker/target/classes/assets/textures/DawnseekerPCV2Right.png
21:18:42.821 [FXGL Background Thread 2 ] DEBUG FXGLAssetLoaderServi - Loading from file system: file:/C:/Games/Schoolwork/Spring%2023/CS4900/DawnseekerWorkspace/CS4900G2Proj2/CS4900G2Proj2/Dawnseeker/target/classes/assets/textures/DawnseekerPCV2Left.png
21:18:42.834 [FXGL Background Thread 2 ] DEBUG FXGLAssetLoaderServi - Loading from file system: file:/C:/Games/Schoolwork/Spring%2023/CS4900/DawnseekerWorkspace/CS4900G2Proj2/CS4900G2Proj2/Dawnseeker/target/classes/assets/textures/BackGroung.png
21:18:42.867 [FXGL Background Thread 2 ] WARN  GameWorld            - Entity is already attached to world
21:18:42.868 [FXGL Background Thread 2 ] DEBUG FXGLAssetLoaderServi - Loading from file system: file:/C:/Games/Schoolwork/Spring%2023/CS4900/DawnseekerWorkspace/CS4900G2Proj2/CS4900G2Proj2/Dawnseeker/target/classes/assets/textures/Rock1.png
21:18:42.870 [FXGL Background Thread 2 ] WARN  Entity               - Entity already has component: com.almasb.fxgl.entity.components.CollidableComponent
21:18:42.870 [FXGL Background Thread 2 ] WARN  GameWorld            - Entity is already attached to world
21:18:42.871 [FXGL Background Thread 2 ] DEBUG FXGLAssetLoaderServi - Loading from file system: file:/C:/Games/Schoolwork/Spring%2023/CS4900/DawnseekerWorkspace/CS4900G2Proj2/CS4900G2Proj2/Dawnseeker/target/classes/assets/textures/Rock2.png
21:18:42.872 [FXGL Background Thread 2 ] WARN  Entity               - Entity already has component: com.almasb.fxgl.entity.components.CollidableComponent
21:18:42.872 [FXGL Background Thread 2 ] WARN  GameWorld            - Entity is already attached to world
21:18:42.873 [FXGL Background Thread 2 ] DEBUG FXGLAssetLoaderServi - Loading from file system: file:/C:/Games/Schoolwork/Spring%2023/CS4900/DawnseekerWorkspace/CS4900G2Proj2/CS4900G2Proj2/Dawnseeker/target/classes/assets/textures/BigRock1.png
21:18:42.874 [FXGL Background Thread 2 ] WARN  Entity               - Entity already has component: com.almasb.fxgl.entity.components.CollidableComponent
21:18:42.874 [FXGL Background Thread 2 ] WARN  GameWorld            - Entity is already attached to world
21:18:42.875 [FXGL Background Thread 2 ] DEBUG FXGLAssetLoaderServi - Loading from file system: file:/C:/Games/Schoolwork/Spring%2023/CS4900/DawnseekerWorkspace/CS4900G2Proj2/CS4900G2Proj2/Dawnseeker/target/classes/assets/textures/Poison.gif
21:18:42.881 [FXGL Background Thread 2 ] WARN  GameWorld            - Entity is already attached to world
21:18:42.883 [FXGL Background Thread 2 ] DEBUG FXGLAssetLoaderServi - Loading from file system: file:/C:/Games/Schoolwork/Spring%2023/CS4900/DawnseekerWorkspace/CS4900G2Proj2/CS4900G2Proj2/Dawnseeker/target/classes/assets/textures/AnimShopTest.png
21:18:42.884 [FXGL Background Thread 2 ] WARN  GameWorld            - Entity is already attached to world
21:18:42.894 [FXGL Background Thread 2 ] INFO  FXGLApplication      - Game initialization took: 0.105 sec
21:18:42.895 [JavaFX Application Thread] DEBUG Input                - Clearing active input actions
21:18:42.903 [JavaFX Application Thread] DEBUG GameApplicationServi - Removing overlay from FXGLLoadingScene and adding to GameScene
21:18:42.904 [JavaFX Application Thread] DEBUG PrimaryStageWindow   - FXGLLoadingScene -> GameScene
21:18:43.742 [JavaFX Application Thread] DEBUG FXGLAssetLoaderServi - Loading from file system: file:/C:/Games/Schoolwork/Spring%2023/CS4900/DawnseekerWorkspace/CS4900G2Proj2/CS4900G2Proj2/Dawnseeker/target/classes/assets/textures/Skull.gif
21:18:43.746 [JavaFX Application Thread] DEBUG FXGLAssetLoaderServi - Loading from file system: file:/C:/Games/Schoolwork/Spring%2023/CS4900/DawnseekerWorkspace/CS4900G2Proj2/CS4900G2Proj2/Dawnseeker/target/classes/assets/textures/Ghost.gif
21:18:44.858 [FXGL Background Thread 3 ] DEBUG Engine               - Logging environment variables
21:18:44.858 [FXGL Background Thread 3 ] DEBUG Engine               - achievements: []
21:18:44.858 [FXGL Background Thread 3 ] DEBUG Engine               - actualHeight: 1080.0
21:18:44.858 [FXGL Background Thread 3 ] DEBUG Engine               - actualHeightProperty: ReadOnlyDoubleProperty [value: 1080.0]
21:18:44.858 [FXGL Background Thread 3 ] DEBUG Engine               - actualWidth: 1920.0
21:18:44.858 [FXGL Background Thread 3 ] DEBUG Engine               - actualWidthProperty: ReadOnlyDoubleProperty [value: 1920.0]
21:18:44.858 [FXGL Background Thread 3 ] DEBUG Engine               - appIcon: fxgl_icon.png
21:18:44.858 [FXGL Background Thread 3 ] DEBUG Engine               - applicationMode: DEVELOPER
21:18:44.858 [FXGL Background Thread 3 ] DEBUG Engine               - cSSList: [fxgl_dark.css]
21:18:44.858 [FXGL Background Thread 3 ] DEBUG Engine               - collisionDetectionStrategy: BRUTE_FORCE
21:18:44.858 [FXGL Background Thread 3 ] DEBUG Engine               - configClass: Optional.empty
21:18:44.859 [FXGL Background Thread 3 ] DEBUG Engine               - credits: []
21:18:44.859 [FXGL Background Thread 3 ] DEBUG Engine               - defaultCursor: CursorInfo(imageName=fxgl_default_cursor.png, hotspotX=7.0, hotspotY=6.0)
21:18:44.859 [FXGL Background Thread 3 ] DEBUG Engine               - devBBoxColorProperty: ObjectProperty [value: 0xff0000ff]
21:18:44.859 [FXGL Background Thread 3 ] DEBUG Engine               - devEnableDebugCameraProperty: BooleanProperty [value: false]
21:18:44.859 [FXGL Background Thread 3 ] DEBUG Engine               - devSensorColorProperty: ObjectProperty [value: 0xffff00ff]
21:18:44.860 [FXGL Background Thread 3 ] DEBUG Engine               - devShowBBoxProperty: BooleanProperty [value: false]
21:18:44.860 [FXGL Background Thread 3 ] DEBUG Engine               - devShowPositionProperty: BooleanProperty [value: false]
21:18:44.860 [FXGL Background Thread 3 ] DEBUG Engine               - enabledMenuItems: []
21:18:44.860 [FXGL Background Thread 3 ] DEBUG Engine               - engineServices: [class com.almasb.fxgl.app.services.FXGLAssetLoaderService, class com.almasb.fxgl.app.FXGLApplication$GameApplicationService, class com.almasb.fxgl.app.services.FXGLDialogService, class com.almasb.fxgl.app.services.IOTaskExecutorService, class com.almasb.fxgl.io.FileSystemService, class com.almasb.fxgl.localization.LocalizationService, class com.almasb.fxgl.app.services.SystemBundleService, class com.almasb.fxgl.profile.SaveLoadService, class com.almasb.fxgl.ui.FXGLUIFactoryServiceProvider, class com.almasb.fxgl.ui.FXGLDialogFactoryServiceProvider, class com.almasb.fxgl.audio.AudioPlayer, class com.almasb.fxgl.notification.impl.NotificationServiceProvider, class com.almasb.fxgl.achievement.AchievementService, class com.almasb.fxgl.cutscene.CutsceneService, class com.almasb.fxgl.minigames.MiniGameService, class com.almasb.fxgl.net.NetService, class com.almasb.fxgl.app.services.UpdaterService, class com.almasb.fxgl.dev.DevService]
21:18:44.860 [FXGL Background Thread 3 ] DEBUG Engine               - fontGame: Abel-Regular.ttf
21:18:44.860 [FXGL Background Thread 3 ] DEBUG Engine               - fontMono: TerminalLandMono-Regular.otf
21:18:44.860 [FXGL Background Thread 3 ] DEBUG Engine               - fontText: Courier-Prime.ttf
21:18:44.860 [FXGL Background Thread 3 ] DEBUG Engine               - fontUI: VarelaRound-Regular.ttf
21:18:44.860 [FXGL Background Thread 3 ] DEBUG Engine               - fullScreen: BooleanProperty [value: false]
21:18:44.860 [FXGL Background Thread 3 ] DEBUG Engine               - gameDifficulty: MEDIUM
21:18:44.860 [FXGL Background Thread 3 ] DEBUG Engine               - gameDifficultyProperty: ObjectProperty [value: MEDIUM]
21:18:44.860 [FXGL Background Thread 3 ] DEBUG Engine               - globalMusicVolume: 0.5
21:18:44.860 [FXGL Background Thread 3 ] DEBUG Engine               - globalMusicVolumeProperty: DoubleProperty [value: 0.5]
21:18:44.860 [FXGL Background Thread 3 ] DEBUG Engine               - globalSoundVolume: 0.5
21:18:44.860 [FXGL Background Thread 3 ] DEBUG Engine               - globalSoundVolumeProperty: DoubleProperty [value: 0.5]
21:18:44.860 [FXGL Background Thread 3 ] DEBUG Engine               - height: 1080
21:18:44.860 [FXGL Background Thread 3 ] DEBUG Engine               - is3D: false
21:18:44.860 [FXGL Background Thread 3 ] DEBUG Engine               - isAndroid: false
21:18:44.860 [FXGL Background Thread 3 ] DEBUG Engine               - isBrowser: false
21:18:44.860 [FXGL Background Thread 3 ] DEBUG Engine               - isClickFeedbackEnabled: false
21:18:44.860 [FXGL Background Thread 3 ] DEBUG Engine               - isCloseConfirmation: false
21:18:44.860 [FXGL Background Thread 3 ] DEBUG Engine               - isDesktop: true
21:18:44.860 [FXGL Background Thread 3 ] DEBUG Engine               - isDeveloperMenuEnabled: false
21:18:44.860 [FXGL Background Thread 3 ] DEBUG Engine               - isEmbedded: false
21:18:44.860 [FXGL Background Thread 3 ] DEBUG Engine               - isEntityPreloadEnabled: true
21:18:44.860 [FXGL Background Thread 3 ] DEBUG Engine               - isExperimentalTiledLargeMap: false
21:18:44.860 [FXGL Background Thread 3 ] DEBUG Engine               - isFileSystemWriteAllowed: true
21:18:44.861 [FXGL Background Thread 3 ] DEBUG Engine               - isFullScreenAllowed: false
21:18:44.861 [FXGL Background Thread 3 ] DEBUG Engine               - isFullScreenFromStart: false
21:18:44.861 [FXGL Background Thread 3 ] DEBUG Engine               - isGameMenuEnabled: true
21:18:44.861 [FXGL Background Thread 3 ] DEBUG Engine               - isIOS: false
21:18:44.861 [FXGL Background Thread 3 ] DEBUG Engine               - isIntroEnabled: false
21:18:44.861 [FXGL Background Thread 3 ] DEBUG Engine               - isLinux: false
21:18:44.861 [FXGL Background Thread 3 ] DEBUG Engine               - isMac: false
21:18:44.861 [FXGL Background Thread 3 ] DEBUG Engine               - isMainMenuEnabled: true
21:18:44.861 [FXGL Background Thread 3 ] DEBUG Engine               - isManualResizeEnabled: false
21:18:44.861 [FXGL Background Thread 3 ] DEBUG Engine               - isMobile: false
21:18:44.861 [FXGL Background Thread 3 ] DEBUG Engine               - isNative: false
21:18:44.861 [FXGL Background Thread 3 ] DEBUG Engine               - isPauseMusicWhenMinimized: true
21:18:44.861 [FXGL Background Thread 3 ] DEBUG Engine               - isPreserveResizeRatio: false
21:18:44.861 [FXGL Background Thread 3 ] DEBUG Engine               - isProfilingEnabled: false
21:18:44.861 [FXGL Background Thread 3 ] DEBUG Engine               - isScaleAffectedOnResize: true
21:18:44.861 [FXGL Background Thread 3 ] DEBUG Engine               - isSingleStep: false
21:18:44.861 [FXGL Background Thread 3 ] DEBUG Engine               - isUserProfileEnabled: false
21:18:44.861 [FXGL Background Thread 3 ] DEBUG Engine               - isWindows: true
21:18:44.861 [FXGL Background Thread 3 ] DEBUG Engine               - language: ObjectProperty [value: ENGLISH]
21:18:44.861 [FXGL Background Thread 3 ] DEBUG Engine               - menuKey: ESCAPE
21:18:44.861 [FXGL Background Thread 3 ] DEBUG Engine               - mouseSensitivity: 0.2
21:18:44.861 [FXGL Background Thread 3 ] DEBUG Engine               - notificationViewClass: class com.almasb.fxgl.notification.view.XboxNotificationView
21:18:44.861 [FXGL Background Thread 3 ] DEBUG Engine               - pixelsPerMeter: 50.0
21:18:44.861 [FXGL Background Thread 3 ] DEBUG Engine               - platform: WINDOWS
21:18:44.861 [FXGL Background Thread 3 ] DEBUG Engine               - prefHeightProperty: ReadOnlyDoubleProperty [value: 1080.0]
21:18:44.861 [FXGL Background Thread 3 ] DEBUG Engine               - prefWidthProperty: ReadOnlyDoubleProperty [value: 1920.0]
21:18:44.861 [FXGL Background Thread 3 ] DEBUG Engine               - profileDir: profiles/
21:18:44.861 [FXGL Background Thread 3 ] DEBUG Engine               - profileName: StringProperty [value: DEFAULT]
21:18:44.861 [FXGL Background Thread 3 ] DEBUG Engine               - randomSeed: -1
21:18:44.862 [FXGL Background Thread 3 ] DEBUG Engine               - runtimeInfo: RuntimeInfo(platform=WINDOWS, version=17.2, build=20.08.2022 16.50)
21:18:44.862 [FXGL Background Thread 3 ] DEBUG Engine               - saveFileExt: sav
21:18:44.862 [FXGL Background Thread 3 ] DEBUG Engine               - scaledHeightProp$fxgl: DoubleProperty [bound, value: 1080.0]
21:18:44.862 [FXGL Background Thread 3 ] DEBUG Engine               - scaledWidthProp$fxgl: DoubleProperty [bound, value: 1920.0]
21:18:44.862 [FXGL Background Thread 3 ] DEBUG Engine               - sceneFactory: myGame.DawnseekerApp$1@1906063f
21:18:44.862 [FXGL Background Thread 3 ] DEBUG Engine               - secondsIn24h: 60
21:18:44.862 [FXGL Background Thread 3 ] DEBUG Engine               - soundMenuBack: menu/back.wav
21:18:44.862 [FXGL Background Thread 3 ] DEBUG Engine               - soundMenuPress: menu/press.wav
21:18:44.862 [FXGL Background Thread 3 ] DEBUG Engine               - soundMenuSelect: menu/select.wav
21:18:44.862 [FXGL Background Thread 3 ] DEBUG Engine               - soundNotification: core/notification.wav
21:18:44.862 [FXGL Background Thread 3 ] DEBUG Engine               - stageStyle: DECORATED
21:18:44.862 [FXGL Background Thread 3 ] DEBUG Engine               - supportedLanguages: [ENGLISH, FRENCH, GERMAN, HUNGARIAN, RUSSIAN]
21:18:44.862 [FXGL Background Thread 3 ] DEBUG Engine               - ticksPerSecond: -1
21:18:44.862 [FXGL Background Thread 3 ] DEBUG Engine               - title: Dawnseeker
21:18:44.862 [FXGL Background Thread 3 ] DEBUG Engine               - urlGithub: https://github.com/AlmasB/FXGL
21:18:44.862 [FXGL Background Thread 3 ] DEBUG Engine               - urlLeaderboard: http://fxgl-top.herokuapp.com/
21:18:44.862 [FXGL Background Thread 3 ] DEBUG Engine               - urlPOM: https://raw.githubusercontent.com/AlmasB/FXGL/release/README.md
21:18:44.862 [FXGL Background Thread 3 ] DEBUG Engine               - userAppClass: class myGame.DawnseekerApp
21:18:44.862 [FXGL Background Thread 3 ] DEBUG Engine               - version: 0.4
21:18:44.862 [FXGL Background Thread 3 ] DEBUG Engine               - versionCheckDays: 7
21:18:44.862 [FXGL Background Thread 3 ] DEBUG Engine               - width: 1920
21:18:44.862 [FXGL Background Thread 3 ] DEBUG Engine               - Logging services
21:18:44.862 [FXGL Background Thread 3 ] DEBUG Engine               - class com.almasb.fxgl.app.services.FXGLAssetLoaderService
21:18:44.863 [FXGL Background Thread 3 ] DEBUG Engine               - class com.almasb.fxgl.app.FXGLApplication$GameApplicationService
21:18:44.863 [FXGL Background Thread 3 ] DEBUG Engine               - class com.almasb.fxgl.app.services.FXGLDialogService
21:18:44.863 [FXGL Background Thread 3 ] DEBUG Engine               - class com.almasb.fxgl.app.services.IOTaskExecutorService
21:18:44.863 [FXGL Background Thread 3 ] DEBUG Engine               - class com.almasb.fxgl.io.FileSystemService
21:18:44.863 [FXGL Background Thread 3 ] DEBUG Engine               - class com.almasb.fxgl.localization.LocalizationService
21:18:44.863 [FXGL Background Thread 3 ] DEBUG Engine               - class com.almasb.fxgl.app.services.SystemBundleService
21:18:44.863 [FXGL Background Thread 3 ] DEBUG Engine               - class com.almasb.fxgl.profile.SaveLoadService
21:18:44.863 [FXGL Background Thread 3 ] DEBUG Engine               - class com.almasb.fxgl.ui.FXGLUIFactoryServiceProvider
21:18:44.863 [FXGL Background Thread 3 ] DEBUG Engine               - class com.almasb.fxgl.ui.FXGLDialogFactoryServiceProvider
21:18:44.863 [FXGL Background Thread 3 ] DEBUG Engine               - class com.almasb.fxgl.audio.AudioPlayer
21:18:44.863 [FXGL Background Thread 3 ] DEBUG Engine               - class com.almasb.fxgl.notification.impl.NotificationServiceProvider
21:18:44.863 [FXGL Background Thread 3 ] DEBUG Engine               - class com.almasb.fxgl.achievement.AchievementService
21:18:44.863 [FXGL Background Thread 3 ] DEBUG Engine               - class com.almasb.fxgl.cutscene.CutsceneService
21:18:44.863 [FXGL Background Thread 3 ] DEBUG Engine               - class com.almasb.fxgl.minigames.MiniGameService
21:18:44.863 [FXGL Background Thread 3 ] DEBUG Engine               - class com.almasb.fxgl.net.NetService
21:18:44.863 [FXGL Background Thread 3 ] DEBUG Engine               - class com.almasb.fxgl.app.services.UpdaterService
21:18:44.863 [FXGL Background Thread 3 ] DEBUG Engine               - class com.almasb.fxgl.dev.DevService
21:18:48.217 [JavaFX Application Thread] DEBUG FXGLAssetLoaderServi - Loading from file system: file:/C:/Games/Schoolwork/Spring%2023/CS4900/DawnseekerWorkspace/CS4900G2Proj2/CS4900G2Proj2/Dawnseeker/target/classes/assets/sounds/magic_missile.wav
21:18:48.225 [JavaFX Application Thread] DEBUG FXGLAssetLoaderServi - Loading from file system: file:/C:/Games/Schoolwork/Spring%2023/CS4900/DawnseekerWorkspace/CS4900G2Proj2/CS4900G2Proj2/Dawnseeker/target/classes/assets/textures/Fireball.gif
21:18:48.525 [JavaFX Application Thread] WARN  GameWorld            - Attempted to remove entity which is not active
21:18:48.526 [JavaFX Application Thread] DEBUG FXGLAssetLoaderServi - Loading from file system: file:/C:/Games/Schoolwork/Spring%2023/CS4900/DawnseekerWorkspace/CS4900G2Proj2/CS4900G2Proj2/Dawnseeker/target/classes/assets/textures/PowerPotion.gif
21:18:48.528 [JavaFX Application Thread] DEBUG FXGLAssetLoaderServi - Loading from file system: file:/C:/Games/Schoolwork/Spring%2023/CS4900/DawnseekerWorkspace/CS4900G2Proj2/CS4900G2Proj2/Dawnseeker/target/classes/assets/sounds/bong.wav
21:18:49.852 [JavaFX Application Thread] WARN  GameWorld            - Attempted to remove entity which is not active
21:18:49.853 [JavaFX Application Thread] DEBUG FXGLAssetLoaderServi - Loading from file system: file:/C:/Games/Schoolwork/Spring%2023/CS4900/DawnseekerWorkspace/CS4900G2Proj2/CS4900G2Proj2/Dawnseeker/target/classes/assets/textures/Coin.gif
21:18:51.693 [JavaFX Application Thread] WARN  GameWorld            - Attempted to remove entity which is not active
21:18:51.949 [JavaFX Application Thread] WARN  GameWorld            - Attempted to remove entity which is not active
21:18:52.283 [JavaFX Application Thread] WARN  GameWorld            - Attempted to remove entity which is not active
21:18:52.284 [JavaFX Application Thread] DEBUG FXGLAssetLoaderServi - Loading from file system: file:/C:/Games/Schoolwork/Spring%2023/CS4900/DawnseekerWorkspace/CS4900G2Proj2/CS4900G2Proj2/Dawnseeker/target/classes/assets/textures/SpeedPotion.gif
21:18:52.509 [JavaFX Application Thread] WARN  GameWorld            - Attempted to remove entity which is not active
21:18:52.637 [JavaFX Application Thread] WARN  GameWorld            - Attempted to remove entity which is not active
21:18:53.168 [JavaFX Application Thread] DEBUG FXGLApplication      - Exiting FXGL
21:18:53.168 [JavaFX Application Thread] DEBUG LoopRunner           - Stopping loop
21:18:53.168 [JavaFX Application Thread] DEBUG SystemBundleService  - Saving FXGL system data
21:18:53.170 [JavaFX Application Thread] DEBUG FileSystemAccess     - Writing to: C:\Games\Schoolwork\Spring 23\CS4900\DawnseekerWorkspace\CS4900G2Proj2\CS4900G2Proj2\Dawnseeker\system\fxgl.bundle
21:18:53.172 [JavaFX Application Thread] DEBUG Async                - Shutting down background threads
21:18:53.172 [JavaFX Application Thread] DEBUG PrimaryStageWindow   - Closing main window
21:18:53.182 [JavaFX Application Thread] DEBUG Logger               - Closing Logger
