18:59:38.765 [main                     ] DEBUG Logger               - Configured Logger
18:59:38.785 [main                     ] DEBUG GameApplication      - Logging settings
Title: Dawnseeker
Version: 0.4
Width: 1024
Height: 1024
Fullscreen: false
Intro: false
Profiling: false
Single step:false
App Mode: DEVELOPER
Menu Key: ESCAPE
Stage Style: DECORATED
Scene Factory: class myGame.DawnseekerApp$1

18:59:39.116 [JavaFX Application Thread] DEBUG FXGLApplication      - Initializing FXGL
18:59:39.120 [JavaFX Application Thread] INFO  Engine               - FXGL-17.2 (20.08.2022 16.50) on WINDOWS (J:18.0.2.1 FX:18)
18:59:39.120 [JavaFX Application Thread] DEBUG Engine               - JRE Vendor Name: Oracle Corporation
18:59:39.120 [JavaFX Application Thread] DEBUG Engine               - Running on OS: Windows 10 version 10.0
18:59:39.120 [JavaFX Application Thread] DEBUG Engine               - Architecture: amd64
18:59:39.121 [JavaFX Application Thread] INFO  Engine               - Source code and latest versions at: https://github.com/AlmasB/FXGL
18:59:39.121 [JavaFX Application Thread] INFO  Engine               -       Ask questions and discuss at: https://github.com/AlmasB/FXGL/discussions
18:59:39.121 [JavaFX Application Thread] INFO  Engine               -              Join the FXGL chat at: https://gitter.im/AlmasB/FXGL
18:59:39.214 [JavaFX Application Thread] DEBUG PrimaryStageWindow   - Creating a JavaFX scene
18:59:39.250 [JavaFX Application Thread] DEBUG PrimaryStageWindow   - Target settings size: 1024.0 x 1024.0
18:59:39.250 [JavaFX Application Thread] DEBUG PrimaryStageWindow   - Scaled scene size:    1024.0 x 1024.0
18:59:39.250 [JavaFX Application Thread] DEBUG PrimaryStageWindow   - Scaled ratio: (1.0, 1.0)
18:59:39.251 [JavaFX Application Thread] DEBUG PrimaryStageWindow   - Set initial scene to FXGLStartupScene
18:59:39.256 [JavaFX Application Thread] DEBUG PrimaryStageWindow   - Opening main window
18:59:39.326 [JavaFX Application Thread] DEBUG PrimaryStageWindow   - Window border size: (16.0, 39.0)
18:59:39.326 [JavaFX Application Thread] DEBUG PrimaryStageWindow   - Scaled size: 1024.0 x 1024.0
18:59:39.326 [JavaFX Application Thread] DEBUG PrimaryStageWindow   - Scaled ratio: (1.0, 1.0)
18:59:39.326 [JavaFX Application Thread] DEBUG PrimaryStageWindow   - Scene size: 1024.0 x 1024.0
18:59:39.326 [JavaFX Application Thread] DEBUG PrimaryStageWindow   - Stage size: 1040.0 x 1063.0
18:59:39.331 [FXGL Background Thread 1 ] DEBUG Engine               - Initializing environment variables
18:59:39.369 [FXGL Background Thread 1 ] DEBUG FXGLAssetLoaderServi - User app class for loading assets: class myGame.DawnseekerApp
18:59:39.369 [FXGL Background Thread 1 ] DEBUG GameApplicationServi - Applying CSS: fxgl_dark.css
18:59:39.370 [FXGL Background Thread 1 ] DEBUG FXGLAssetLoaderServi - Loading from file system: jar:file:/C:/Users/garre/.m2/repository/com/github/almasb/fxgl/17.2/fxgl-17.2.jar!/fxglassets/ui/css/fxgl_dark.css
18:59:39.401 [FXGL Background Thread 1 ] DEBUG GameApplicationServi - Initializing application scenes
18:59:39.435 [FXGL Background Thread 1 ] DEBUG GameWorld            - Game world initialized
18:59:39.484 [FXGL Background Thread 1 ] DEBUG PhysicsWorld         - Physics world initialized: appHeight=1024, physics.ppm=50.0
18:59:39.484 [FXGL Background Thread 1 ] DEBUG PhysicsWorld         - Using strategy: BRUTE_FORCE
18:59:39.487 [FXGL Background Thread 1 ] DEBUG GameScene            - Game scene initialized: 1024x1024
18:59:39.487 [FXGL Background Thread 1 ] DEBUG FXGLAssetLoaderServi - Loading from file system: file:/C:/Users/garre/git/CS4900G2Proj2/Dawnseeker/target/classes/assets/music/shop.mp3
18:59:39.598 [FXGL Background Thread 1 ] DEBUG AudioPlayer          - Playing music com.almasb.fxgl.audio.Music@498d6307
18:59:39.613 [FXGL Background Thread 1 ] DEBUG FXGLAssetLoaderServi - Loading from file system: file:/C:/Users/garre/git/CS4900G2Proj2/Dawnseeker/target/classes/assets/textures/bg.png
18:59:39.673 [FXGL Background Thread 1 ] DEBUG FXGL.DefaultMenu     - createMenuBodyGameMenu()
18:59:39.683 [FXGL Background Thread 1 ] DEBUG FXGL.DefaultMenu     - createOptionsMenu()
18:59:39.688 [FXGL Background Thread 1 ] DEBUG FXGLAssetLoaderServi - Loading from file system: jar:file:/C:/Users/garre/.m2/repository/com/github/almasb/fxgl/17.2/fxgl-17.2.jar!/fxglassets/textures/particles/smoke.png
18:59:39.757 [FXGL Background Thread 1 ] DEBUG FXGLAssetLoaderServi - Loading from file system: jar:file:/C:/Users/garre/.m2/repository/com/github/almasb/fxgl/17.2/fxgl-17.2.jar!/fxglassets/textures/particles/trace_horizontal.png
18:59:39.769 [FXGL Background Thread 1 ] DEBUG GameApplicationServi - Application scenes initialized
18:59:39.779 [FXGL Background Thread 1 ] DEBUG SystemBundleService  - Loading FXGL system data
18:59:39.782 [FXGL Background Thread 1 ] DEBUG FileSystemAccess     - Reading from: C:\Users\garre\git\CS4900G2Proj2\Dawnseeker\system\fxgl.bundle
18:59:39.790 [FXGL Background Thread 1 ] DEBUG SystemBundleService  - Bundle FXGL: {}
18:59:39.790 [FXGL Background Thread 1 ] DEBUG UpdaterService       - Checking for updates
18:59:39.793 [FXGL Background Thread 4 ] DEBUG FXGLApplication      - Loading fonts
18:59:39.793 [FXGL Background Thread 4 ] DEBUG FXGLAssetLoaderServi - Loading from file system: jar:file:/C:/Users/garre/.m2/repository/com/github/almasb/fxgl/17.2/fxgl-17.2.jar!/fxglassets/ui/fonts/VarelaRound-Regular.ttf
18:59:39.793 [FXGL Background Thread 1 ] DEBUG FXGLApplication      - Loading default localization
18:59:39.794 [FXGL Background Thread 1 ] DEBUG FXGLAssetLoaderServi - Loading from file system: jar:file:/C:/Users/garre/.m2/repository/com/github/almasb/fxgl/17.2/fxgl-17.2.jar!/fxglassets/languages/english.lang
18:59:39.824 [FXGL Background Thread 1 ] INFO  FXGLApplication      - FXGL initialization took: 0.492 sec
18:59:39.829 [JavaFX Application Thread] DEBUG Input                - Registered new binding: action0 - LMB
18:59:39.834 [JavaFX Application Thread] DEBUG Input                - Registered new binding: Up - W
18:59:39.834 [JavaFX Application Thread] DEBUG Input                - Registered new binding: Down - S
18:59:39.835 [JavaFX Application Thread] DEBUG Input                - Registered new binding: Right - D
18:59:39.835 [JavaFX Application Thread] DEBUG Input                - Registered new binding: Left - A
18:59:39.836 [JavaFX Application Thread] DEBUG FXGLAssetLoaderServi - Loading from file system: jar:file:/C:/Users/garre/.m2/repository/com/github/almasb/fxgl/17.2/fxgl-17.2.jar!/fxglassets/textures/fxgl_icon.png
18:59:39.852 [FXGL Background Thread 4 ] DEBUG FXGLAssetLoaderServi - Loading from file system: jar:file:/C:/Users/garre/.m2/repository/com/github/almasb/fxgl/17.2/fxgl-17.2.jar!/fxglassets/ui/fonts/Abel-Regular.ttf
18:59:39.852 [JavaFX Application Thread] DEBUG FXGLAssetLoaderServi - Loading from file system: jar:file:/C:/Users/garre/.m2/repository/com/github/almasb/fxgl/17.2/fxgl-17.2.jar!/fxglassets/textures/fxgl_default_cursor.png
18:59:39.855 [FXGL Background Thread 4 ] DEBUG FXGLAssetLoaderServi - Loading from file system: jar:file:/C:/Users/garre/.m2/repository/com/github/almasb/fxgl/17.2/fxgl-17.2.jar!/fxglassets/ui/fonts/TerminalLandMono-Regular.otf
18:59:39.858 [JavaFX Application Thread] DEBUG Input                - Registered new binding: Screenshot - CTRL+8
18:59:39.859 [FXGL Background Thread 4 ] DEBUG FXGLAssetLoaderServi - Loading from file system: jar:file:/C:/Users/garre/.m2/repository/com/github/almasb/fxgl/17.2/fxgl-17.2.jar!/fxglassets/ui/fonts/Courier-Prime.ttf
18:59:39.859 [JavaFX Application Thread] DEBUG Input                - Registered new binding: System info dump - CTRL+9
18:59:39.859 [JavaFX Application Thread] DEBUG Input                - Registered new binding: Restart - CTRL+R
18:59:39.861 [JavaFX Application Thread] DEBUG Input                - Registered new binding: Toggle Debug Camera - CTRL+7
18:59:39.865 [JavaFX Application Thread] DEBUG LoopRunner           - Starting loop
18:59:39.866 [JavaFX Application Thread] DEBUG LoopRunner           - Initializing JavaFX AnimationTimerLoop
18:59:39.870 [JavaFX Application Thread] DEBUG Input                - Clearing active input actions
18:59:39.875 [JavaFX Application Thread] DEBUG GameApplicationServi - Removing overlay from FXGLStartupScene and adding to FXGLMainMenuDummyScene
18:59:39.875 [JavaFX Application Thread] DEBUG PrimaryStageWindow   - FXGLStartupScene -> FXGLMainMenuDummyScene
18:59:39.875 [JavaFX Application Thread] DEBUG PrimaryStageWindow   - Push state: DawnseekerMenu
18:59:39.875 [JavaFX Application Thread] DEBUG Input                - Clearing active input actions
18:59:39.881 [JavaFX Application Thread] DEBUG GameApplicationServi - Removing overlay from FXGLMainMenuDummyScene and adding to DawnseekerMenu
18:59:39.881 [JavaFX Application Thread] DEBUG PrimaryStageWindow   - FXGLMainMenuDummyScene -> DawnseekerMenu
18:59:39.881 [JavaFX Application Thread] DEBUG FXGLApplication      - Registering font factories with UI factory
18:59:40.298 [FXGL Background Thread 2 ] INFO  UpdaterService       - Your current version:  17.2
18:59:40.299 [FXGL Background Thread 2 ] INFO  UpdaterService       - Latest stable version: 17.3
18:59:41.054 [JavaFX Application Thread] DEBUG Menu                 - fireNewGame()
18:59:41.054 [JavaFX Application Thread] DEBUG GameApplicationServi - Starting new game
18:59:41.054 [JavaFX Application Thread] DEBUG PrimaryStageWindow   - Pop state: DawnseekerMenu
18:59:41.054 [JavaFX Application Thread] DEBUG Input                - Clearing active input actions
18:59:41.054 [JavaFX Application Thread] DEBUG GameApplicationServi - Removing overlay from DawnseekerMenu and adding to FXGLMainMenuDummyScene
18:59:41.055 [JavaFX Application Thread] DEBUG PrimaryStageWindow   - FXGLMainMenuDummyScene <- DawnseekerMenu
18:59:41.055 [JavaFX Application Thread] DEBUG Input                - Clearing active input actions
18:59:41.060 [JavaFX Application Thread] DEBUG GameApplicationServi - Removing overlay from FXGLMainMenuDummyScene and adding to FXGLLoadingScene
18:59:41.060 [JavaFX Application Thread] DEBUG PrimaryStageWindow   - FXGLMainMenuDummyScene -> FXGLLoadingScene
18:59:41.060 [JavaFX Application Thread] DEBUG GameApplicationServi - Clearing previous game
18:59:41.060 [JavaFX Application Thread] DEBUG GameScene            - Clearing game scene
18:59:41.060 [JavaFX Application Thread] DEBUG GameWorld            - Clearing game world
18:59:41.060 [JavaFX Application Thread] DEBUG PhysicsWorld         - Clearing physics world
18:59:41.062 [FXGL Background Thread 2 ] DEBUG FXGLApplication      - Initializing game
18:59:41.065 [FXGL Background Thread 2 ] DEBUG AudioPlayer          - Stopping music com.almasb.fxgl.audio.Music@498d6307
18:59:41.066 [FXGL Background Thread 2 ] DEBUG FXGLAssetLoaderServi - Loading from file system: file:/C:/Users/garre/git/CS4900G2Proj2/Dawnseeker/target/classes/assets/music/heartache.mp3
18:59:41.067 [FXGL Background Thread 2 ] DEBUG AudioPlayer          - Playing music com.almasb.fxgl.audio.Music@30436399
18:59:41.080 [FXGL Background Thread 2 ] DEBUG FXGLAssetLoaderServi - Loading from file system: file:/C:/Users/garre/git/CS4900G2Proj2/Dawnseeker/target/classes/assets/textures/DawnseekerPCV2.png
18:59:41.087 [FXGL Background Thread 2 ] DEBUG FXGLAssetLoaderServi - Loading from file system: file:/C:/Users/garre/git/CS4900G2Proj2/Dawnseeker/target/classes/assets/textures/DawnseekerPCV2Down.png
18:59:41.089 [FXGL Background Thread 2 ] DEBUG FXGLAssetLoaderServi - Loading from file system: file:/C:/Users/garre/git/CS4900G2Proj2/Dawnseeker/target/classes/assets/textures/DawnseekerPCV2Up.png
18:59:41.090 [FXGL Background Thread 2 ] DEBUG FXGLAssetLoaderServi - Loading from file system: file:/C:/Users/garre/git/CS4900G2Proj2/Dawnseeker/target/classes/assets/textures/DawnseekerPCV2Right.png
18:59:41.091 [FXGL Background Thread 2 ] DEBUG FXGLAssetLoaderServi - Loading from file system: file:/C:/Users/garre/git/CS4900G2Proj2/Dawnseeker/target/classes/assets/textures/DawnseekerPCV2Left.png
18:59:41.103 [FXGL Background Thread 2 ] WARN  GameWorld            - Entity is already attached to world
18:59:41.104 [FXGL Background Thread 2 ] WARN  Entity               - Entity already has component: com.almasb.fxgl.entity.components.CollidableComponent
18:59:41.104 [FXGL Background Thread 2 ] WARN  GameWorld            - Entity is already attached to world
18:59:41.105 [FXGL Background Thread 2 ] WARN  Entity               - Entity already has component: com.almasb.fxgl.entity.components.CollidableComponent
18:59:41.105 [FXGL Background Thread 2 ] WARN  GameWorld            - Entity is already attached to world
18:59:41.105 [FXGL Background Thread 2 ] WARN  Entity               - Entity already has component: com.almasb.fxgl.entity.components.CollidableComponent
18:59:41.105 [FXGL Background Thread 2 ] WARN  GameWorld            - Entity is already attached to world
18:59:41.106 [FXGL Background Thread 2 ] WARN  Entity               - Entity already has component: com.almasb.fxgl.entity.components.CollidableComponent
18:59:41.106 [FXGL Background Thread 2 ] WARN  GameWorld            - Entity is already attached to world
18:59:41.106 [FXGL Background Thread 2 ] WARN  GameWorld            - Entity is already attached to world
18:59:41.106 [FXGL Background Thread 2 ] WARN  GameWorld            - Entity is already attached to world
18:59:41.117 [FXGL Background Thread 2 ] INFO  FXGLApplication      - Game initialization took: 0.055 sec
18:59:41.118 [JavaFX Application Thread] DEBUG Input                - Clearing active input actions
18:59:41.124 [JavaFX Application Thread] DEBUG GameApplicationServi - Removing overlay from FXGLLoadingScene and adding to GameScene
18:59:41.124 [JavaFX Application Thread] DEBUG PrimaryStageWindow   - FXGLLoadingScene -> GameScene
18:59:41.579 [JavaFX Application Thread] DEBUG FXGLAssetLoaderServi - Loading from file system: file:/C:/Users/garre/git/CS4900G2Proj2/Dawnseeker/target/classes/assets/textures/EnemyDawnseeker.png
18:59:41.581 [JavaFX Application Thread] DEBUG FXGLAssetLoaderServi - Loading from file system: file:/C:/Users/garre/git/CS4900G2Proj2/Dawnseeker/target/classes/assets/textures/sussy.gif
18:59:42.626 [JavaFX Application Thread] DEBUG FXGLAssetLoaderServi - Loading from file system: file:/C:/Users/garre/git/CS4900G2Proj2/Dawnseeker/target/classes/assets/sounds/magic_missile.wav
18:59:42.631 [JavaFX Application Thread] DEBUG FXGLAssetLoaderServi - Loading from file system: file:/C:/Users/garre/git/CS4900G2Proj2/Dawnseeker/target/classes/assets/textures/FireBallProjectile.png
18:59:42.785 [JavaFX Application Thread] WARN  GameWorld            - Attempted to remove entity which is not active
18:59:42.786 [JavaFX Application Thread] DEBUG FXGLAssetLoaderServi - Loading from file system: file:/C:/Users/garre/git/CS4900G2Proj2/Dawnseeker/target/classes/assets/sounds/bong.wav
18:59:42.793 [FXGL Background Thread 3 ] DEBUG Engine               - Logging environment variables
18:59:42.793 [FXGL Background Thread 3 ] DEBUG Engine               - achievements: []
18:59:42.793 [FXGL Background Thread 3 ] DEBUG Engine               - actualHeight: 1024.0
18:59:42.793 [FXGL Background Thread 3 ] DEBUG Engine               - actualHeightProperty: ReadOnlyDoubleProperty [value: 1024.0]
18:59:42.793 [FXGL Background Thread 3 ] DEBUG Engine               - actualWidth: 1024.0
18:59:42.793 [FXGL Background Thread 3 ] DEBUG Engine               - actualWidthProperty: ReadOnlyDoubleProperty [value: 1024.0]
18:59:42.793 [FXGL Background Thread 3 ] DEBUG Engine               - appIcon: fxgl_icon.png
18:59:42.793 [FXGL Background Thread 3 ] DEBUG Engine               - applicationMode: DEVELOPER
18:59:42.793 [FXGL Background Thread 3 ] DEBUG Engine               - cSSList: [fxgl_dark.css]
18:59:42.793 [FXGL Background Thread 3 ] DEBUG Engine               - collisionDetectionStrategy: BRUTE_FORCE
18:59:42.793 [FXGL Background Thread 3 ] DEBUG Engine               - configClass: Optional.empty
18:59:42.793 [FXGL Background Thread 3 ] DEBUG Engine               - credits: []
18:59:42.794 [FXGL Background Thread 3 ] DEBUG Engine               - defaultCursor: CursorInfo(imageName=fxgl_default_cursor.png, hotspotX=7.0, hotspotY=6.0)
18:59:42.794 [FXGL Background Thread 3 ] DEBUG Engine               - devBBoxColorProperty: ObjectProperty [value: 0xff0000ff]
18:59:42.794 [FXGL Background Thread 3 ] DEBUG Engine               - devEnableDebugCameraProperty: BooleanProperty [value: false]
18:59:42.794 [FXGL Background Thread 3 ] DEBUG Engine               - devSensorColorProperty: ObjectProperty [value: 0xffff00ff]
18:59:42.794 [FXGL Background Thread 3 ] DEBUG Engine               - devShowBBoxProperty: BooleanProperty [value: false]
18:59:42.794 [FXGL Background Thread 3 ] DEBUG Engine               - devShowPositionProperty: BooleanProperty [value: false]
18:59:42.794 [FXGL Background Thread 3 ] DEBUG Engine               - enabledMenuItems: []
18:59:42.794 [FXGL Background Thread 3 ] DEBUG Engine               - engineServices: [class com.almasb.fxgl.app.services.FXGLAssetLoaderService, class com.almasb.fxgl.app.FXGLApplication$GameApplicationService, class com.almasb.fxgl.app.services.FXGLDialogService, class com.almasb.fxgl.app.services.IOTaskExecutorService, class com.almasb.fxgl.io.FileSystemService, class com.almasb.fxgl.localization.LocalizationService, class com.almasb.fxgl.app.services.SystemBundleService, class com.almasb.fxgl.profile.SaveLoadService, class com.almasb.fxgl.ui.FXGLUIFactoryServiceProvider, class com.almasb.fxgl.ui.FXGLDialogFactoryServiceProvider, class com.almasb.fxgl.audio.AudioPlayer, class com.almasb.fxgl.notification.impl.NotificationServiceProvider, class com.almasb.fxgl.achievement.AchievementService, class com.almasb.fxgl.cutscene.CutsceneService, class com.almasb.fxgl.minigames.MiniGameService, class com.almasb.fxgl.net.NetService, class com.almasb.fxgl.app.services.UpdaterService, class com.almasb.fxgl.dev.DevService]
18:59:42.794 [FXGL Background Thread 3 ] DEBUG Engine               - fontGame: Abel-Regular.ttf
18:59:42.794 [FXGL Background Thread 3 ] DEBUG Engine               - fontMono: TerminalLandMono-Regular.otf
18:59:42.794 [FXGL Background Thread 3 ] DEBUG Engine               - fontText: Courier-Prime.ttf
18:59:42.794 [FXGL Background Thread 3 ] DEBUG Engine               - fontUI: VarelaRound-Regular.ttf
18:59:42.794 [FXGL Background Thread 3 ] DEBUG Engine               - fullScreen: BooleanProperty [value: false]
18:59:42.794 [FXGL Background Thread 3 ] DEBUG Engine               - gameDifficulty: MEDIUM
18:59:42.794 [FXGL Background Thread 3 ] DEBUG Engine               - gameDifficultyProperty: ObjectProperty [value: MEDIUM]
18:59:42.794 [FXGL Background Thread 3 ] DEBUG Engine               - globalMusicVolume: 0.5
18:59:42.795 [FXGL Background Thread 3 ] DEBUG Engine               - globalMusicVolumeProperty: DoubleProperty [value: 0.5]
18:59:42.795 [FXGL Background Thread 3 ] DEBUG Engine               - globalSoundVolume: 0.5
18:59:42.795 [FXGL Background Thread 3 ] DEBUG Engine               - globalSoundVolumeProperty: DoubleProperty [value: 0.5]
18:59:42.795 [FXGL Background Thread 3 ] DEBUG Engine               - height: 1024
18:59:42.795 [FXGL Background Thread 3 ] DEBUG Engine               - is3D: false
18:59:42.795 [FXGL Background Thread 3 ] DEBUG Engine               - isAndroid: false
18:59:42.795 [FXGL Background Thread 3 ] DEBUG Engine               - isBrowser: false
18:59:42.795 [FXGL Background Thread 3 ] DEBUG Engine               - isClickFeedbackEnabled: false
18:59:42.795 [FXGL Background Thread 3 ] DEBUG Engine               - isCloseConfirmation: false
18:59:42.795 [FXGL Background Thread 3 ] DEBUG Engine               - isDesktop: true
18:59:42.795 [FXGL Background Thread 3 ] DEBUG Engine               - isDeveloperMenuEnabled: false
18:59:42.795 [FXGL Background Thread 3 ] DEBUG Engine               - isEmbedded: false
18:59:42.795 [FXGL Background Thread 3 ] DEBUG Engine               - isEntityPreloadEnabled: true
18:59:42.795 [FXGL Background Thread 3 ] DEBUG Engine               - isExperimentalTiledLargeMap: false
18:59:42.795 [FXGL Background Thread 3 ] DEBUG Engine               - isFileSystemWriteAllowed: true
18:59:42.795 [FXGL Background Thread 3 ] DEBUG Engine               - isFullScreenAllowed: false
18:59:42.795 [FXGL Background Thread 3 ] DEBUG Engine               - isFullScreenFromStart: false
18:59:42.795 [FXGL Background Thread 3 ] DEBUG Engine               - isGameMenuEnabled: true
18:59:42.795 [FXGL Background Thread 3 ] DEBUG Engine               - isIOS: false
18:59:42.795 [FXGL Background Thread 3 ] DEBUG Engine               - isIntroEnabled: false
18:59:42.795 [FXGL Background Thread 3 ] DEBUG Engine               - isLinux: false
18:59:42.795 [FXGL Background Thread 3 ] DEBUG Engine               - isMac: false
18:59:42.795 [FXGL Background Thread 3 ] DEBUG Engine               - isMainMenuEnabled: true
18:59:42.795 [FXGL Background Thread 3 ] DEBUG Engine               - isManualResizeEnabled: false
18:59:42.795 [FXGL Background Thread 3 ] DEBUG Engine               - isMobile: false
18:59:42.795 [FXGL Background Thread 3 ] DEBUG Engine               - isNative: false
18:59:42.795 [FXGL Background Thread 3 ] DEBUG Engine               - isPauseMusicWhenMinimized: true
18:59:42.795 [FXGL Background Thread 3 ] DEBUG Engine               - isPreserveResizeRatio: false
18:59:42.795 [FXGL Background Thread 3 ] DEBUG Engine               - isProfilingEnabled: false
18:59:42.795 [FXGL Background Thread 3 ] DEBUG Engine               - isScaleAffectedOnResize: true
18:59:42.795 [FXGL Background Thread 3 ] DEBUG Engine               - isSingleStep: false
18:59:42.795 [FXGL Background Thread 3 ] DEBUG Engine               - isUserProfileEnabled: false
18:59:42.795 [FXGL Background Thread 3 ] DEBUG Engine               - isWindows: true
18:59:42.795 [FXGL Background Thread 3 ] DEBUG Engine               - language: ObjectProperty [value: ENGLISH]
18:59:42.795 [FXGL Background Thread 3 ] DEBUG Engine               - menuKey: ESCAPE
18:59:42.795 [FXGL Background Thread 3 ] DEBUG Engine               - mouseSensitivity: 0.2
18:59:42.795 [FXGL Background Thread 3 ] DEBUG Engine               - notificationViewClass: class com.almasb.fxgl.notification.view.XboxNotificationView
18:59:42.795 [FXGL Background Thread 3 ] DEBUG Engine               - pixelsPerMeter: 50.0
18:59:42.795 [FXGL Background Thread 3 ] DEBUG Engine               - platform: WINDOWS
18:59:42.795 [FXGL Background Thread 3 ] DEBUG Engine               - prefHeightProperty: ReadOnlyDoubleProperty [value: 1024.0]
18:59:42.795 [FXGL Background Thread 3 ] DEBUG Engine               - prefWidthProperty: ReadOnlyDoubleProperty [value: 1024.0]
18:59:42.795 [FXGL Background Thread 3 ] DEBUG Engine               - profileDir: profiles/
18:59:42.796 [FXGL Background Thread 3 ] DEBUG Engine               - profileName: StringProperty [value: DEFAULT]
18:59:42.796 [FXGL Background Thread 3 ] DEBUG Engine               - randomSeed: -1
18:59:42.796 [FXGL Background Thread 3 ] DEBUG Engine               - runtimeInfo: RuntimeInfo(platform=WINDOWS, version=17.2, build=20.08.2022 16.50)
18:59:42.796 [FXGL Background Thread 3 ] DEBUG Engine               - saveFileExt: sav
18:59:42.796 [FXGL Background Thread 3 ] DEBUG Engine               - scaledHeightProp$fxgl: DoubleProperty [bound, value: 1024.0]
18:59:42.796 [FXGL Background Thread 3 ] DEBUG Engine               - scaledWidthProp$fxgl: DoubleProperty [bound, value: 1024.0]
18:59:42.796 [FXGL Background Thread 3 ] DEBUG Engine               - sceneFactory: myGame.DawnseekerApp$1@69bb7c17
18:59:42.796 [FXGL Background Thread 3 ] DEBUG Engine               - secondsIn24h: 60
18:59:42.796 [FXGL Background Thread 3 ] DEBUG Engine               - soundMenuBack: menu/back.wav
18:59:42.796 [FXGL Background Thread 3 ] DEBUG Engine               - soundMenuPress: menu/press.wav
18:59:42.796 [FXGL Background Thread 3 ] DEBUG Engine               - soundMenuSelect: menu/select.wav
18:59:42.796 [FXGL Background Thread 3 ] DEBUG Engine               - soundNotification: core/notification.wav
18:59:42.796 [FXGL Background Thread 3 ] DEBUG Engine               - stageStyle: DECORATED
18:59:42.796 [FXGL Background Thread 3 ] DEBUG Engine               - supportedLanguages: [ENGLISH, FRENCH, GERMAN, HUNGARIAN, RUSSIAN]
18:59:42.796 [FXGL Background Thread 3 ] DEBUG Engine               - ticksPerSecond: -1
18:59:42.796 [FXGL Background Thread 3 ] DEBUG Engine               - title: Dawnseeker
18:59:42.796 [FXGL Background Thread 3 ] DEBUG Engine               - urlGithub: https://github.com/AlmasB/FXGL
18:59:42.796 [FXGL Background Thread 3 ] DEBUG Engine               - urlLeaderboard: http://fxgl-top.herokuapp.com/
18:59:42.796 [FXGL Background Thread 3 ] DEBUG Engine               - urlPOM: https://raw.githubusercontent.com/AlmasB/FXGL/release/README.md
18:59:42.796 [FXGL Background Thread 3 ] DEBUG Engine               - userAppClass: class myGame.DawnseekerApp
18:59:42.796 [FXGL Background Thread 3 ] DEBUG Engine               - version: 0.4
18:59:42.796 [FXGL Background Thread 3 ] DEBUG Engine               - versionCheckDays: 7
18:59:42.796 [FXGL Background Thread 3 ] DEBUG Engine               - width: 1024
18:59:42.796 [FXGL Background Thread 3 ] DEBUG Engine               - Logging services
18:59:42.796 [FXGL Background Thread 3 ] DEBUG Engine               - class com.almasb.fxgl.app.services.FXGLAssetLoaderService
18:59:42.796 [FXGL Background Thread 3 ] DEBUG Engine               - class com.almasb.fxgl.app.FXGLApplication$GameApplicationService
18:59:42.796 [FXGL Background Thread 3 ] DEBUG Engine               - class com.almasb.fxgl.app.services.FXGLDialogService
18:59:42.796 [FXGL Background Thread 3 ] DEBUG Engine               - class com.almasb.fxgl.app.services.IOTaskExecutorService
18:59:42.796 [FXGL Background Thread 3 ] DEBUG Engine               - class com.almasb.fxgl.io.FileSystemService
18:59:42.796 [FXGL Background Thread 3 ] DEBUG Engine               - class com.almasb.fxgl.localization.LocalizationService
18:59:42.796 [FXGL Background Thread 3 ] DEBUG Engine               - class com.almasb.fxgl.app.services.SystemBundleService
18:59:42.796 [FXGL Background Thread 3 ] DEBUG Engine               - class com.almasb.fxgl.profile.SaveLoadService
18:59:42.796 [FXGL Background Thread 3 ] DEBUG Engine               - class com.almasb.fxgl.ui.FXGLUIFactoryServiceProvider
18:59:42.796 [FXGL Background Thread 3 ] DEBUG Engine               - class com.almasb.fxgl.ui.FXGLDialogFactoryServiceProvider
18:59:42.796 [FXGL Background Thread 3 ] DEBUG Engine               - class com.almasb.fxgl.audio.AudioPlayer
18:59:42.796 [FXGL Background Thread 3 ] DEBUG Engine               - class com.almasb.fxgl.notification.impl.NotificationServiceProvider
18:59:42.796 [FXGL Background Thread 3 ] DEBUG Engine               - class com.almasb.fxgl.achievement.AchievementService
18:59:42.796 [FXGL Background Thread 3 ] DEBUG Engine               - class com.almasb.fxgl.cutscene.CutsceneService
18:59:42.796 [FXGL Background Thread 3 ] DEBUG Engine               - class com.almasb.fxgl.minigames.MiniGameService
18:59:42.796 [FXGL Background Thread 3 ] DEBUG Engine               - class com.almasb.fxgl.net.NetService
18:59:42.797 [FXGL Background Thread 3 ] DEBUG Engine               - class com.almasb.fxgl.app.services.UpdaterService
18:59:42.797 [FXGL Background Thread 3 ] DEBUG Engine               - class com.almasb.fxgl.dev.DevService
18:59:43.753 [JavaFX Application Thread] WARN  GameWorld            - Attempted to remove entity which is not active
18:59:43.962 [JavaFX Application Thread] WARN  GameWorld            - Attempted to remove entity which is not active
18:59:45.384 [JavaFX Application Thread] WARN  GameWorld            - Attempted to remove entity which is not active
18:59:46.161 [JavaFX Application Thread] WARN  GameWorld            - Attempted to remove entity which is not active
18:59:46.578 [JavaFX Application Thread] WARN  GameWorld            - Attempted to remove entity which is not active
18:59:46.982 [JavaFX Application Thread] WARN  GameWorld            - Attempted to remove entity which is not active
18:59:47.789 [JavaFX Application Thread] WARN  GameWorld            - Attempted to remove entity which is not active
18:59:48.030 [JavaFX Application Thread] WARN  GameWorld            - Attempted to remove entity which is not active
18:59:48.513 [JavaFX Application Thread] WARN  GameWorld            - Attempted to remove entity which is not active
18:59:48.624 [JavaFX Application Thread] WARN  GameWorld            - Attempted to remove entity which is not active
18:59:49.184 [JavaFX Application Thread] WARN  GameWorld            - Attempted to remove entity which is not active
18:59:49.489 [JavaFX Application Thread] WARN  GameWorld            - Attempted to remove entity which is not active
18:59:49.822 [JavaFX Application Thread] WARN  GameWorld            - Attempted to remove entity which is not active
18:59:50.093 [JavaFX Application Thread] WARN  GameWorld            - Attempted to remove entity which is not active
18:59:50.905 [JavaFX Application Thread] WARN  GameWorld            - Attempted to remove entity which is not active
18:59:51.420 [JavaFX Application Thread] WARN  GameWorld            - Attempted to remove entity which is not active
18:59:52.329 [JavaFX Application Thread] WARN  GameWorld            - Attempted to remove entity which is not active
18:59:53.086 [JavaFX Application Thread] WARN  GameWorld            - Attempted to remove entity which is not active
18:59:53.232 [JavaFX Application Thread] WARN  GameWorld            - Attempted to remove entity which is not active
18:59:53.585 [JavaFX Application Thread] WARN  GameWorld            - Attempted to remove entity which is not active
18:59:53.801 [JavaFX Application Thread] WARN  GameWorld            - Attempted to remove entity which is not active
18:59:54.658 [JavaFX Application Thread] WARN  GameWorld            - Attempted to remove entity which is not active
18:59:55.090 [JavaFX Application Thread] WARN  GameWorld            - Attempted to remove entity which is not active
18:59:55.469 [JavaFX Application Thread] WARN  GameWorld            - Attempted to remove entity which is not active
18:59:55.999 [JavaFX Application Thread] WARN  GameWorld            - Attempted to remove entity which is not active
18:59:56.040 [JavaFX Application Thread] WARN  GameWorld            - Attempted to remove entity which is not active
18:59:57.090 [JavaFX Application Thread] WARN  GameWorld            - Attempted to remove entity which is not active
18:59:57.711 [JavaFX Application Thread] DEBUG FXGLAssetLoaderServi - Loading from file system: file:/C:/Users/garre/git/CS4900G2Proj2/Dawnseeker/target/classes/assets/sounds/coin_pickup.wav
18:59:57.756 [JavaFX Application Thread] WARN  GameWorld            - Attempted to remove entity which is not active
18:59:58.190 [JavaFX Application Thread] WARN  GameWorld            - Attempted to remove entity which is not active
18:59:58.449 [JavaFX Application Thread] WARN  GameWorld            - Attempted to remove entity which is not active
18:59:59.137 [JavaFX Application Thread] WARN  GameWorld            - Attempted to remove entity which is not active
18:59:59.506 [JavaFX Application Thread] WARN  GameWorld            - Attempted to remove entity which is not active
19:00:00.128 [JavaFX Application Thread] WARN  GameWorld            - Attempted to remove entity which is not active
19:00:00.364 [JavaFX Application Thread] WARN  GameWorld            - Attempted to remove entity which is not active
19:00:00.769 [JavaFX Application Thread] WARN  GameWorld            - Attempted to remove entity which is not active
19:00:00.892 [JavaFX Application Thread] WARN  GameWorld            - Attempted to remove entity which is not active
19:00:01.169 [JavaFX Application Thread] WARN  GameWorld            - Attempted to remove entity which is not active
19:00:01.322 [JavaFX Application Thread] WARN  GameWorld            - Attempted to remove entity which is not active
19:00:01.761 [JavaFX Application Thread] WARN  GameWorld            - Attempted to remove entity which is not active
19:00:02.170 [JavaFX Application Thread] WARN  GameWorld            - Attempted to remove entity which is not active
19:00:02.558 [JavaFX Application Thread] WARN  GameWorld            - Attempted to remove entity which is not active
19:00:02.635 [JavaFX Application Thread] WARN  GameWorld            - Attempted to remove entity which is not active
19:00:04.097 [JavaFX Application Thread] WARN  GameWorld            - Attempted to remove entity which is not active
19:00:04.794 [JavaFX Application Thread] WARN  GameWorld            - Attempted to remove entity which is not active
19:00:04.961 [JavaFX Application Thread] WARN  GameWorld            - Attempted to remove entity which is not active
19:00:05.756 [JavaFX Application Thread] WARN  GameWorld            - Attempted to remove entity which is not active
19:00:05.756 [JavaFX Application Thread] WARN  GameWorld            - Attempted to remove entity which is not active
19:00:06.287 [JavaFX Application Thread] WARN  GameWorld            - Attempted to remove entity which is not active
19:00:06.287 [JavaFX Application Thread] WARN  GameWorld            - Attempted to remove entity which is not active
19:00:07.329 [JavaFX Application Thread] WARN  GameWorld            - Attempted to remove entity which is not active
19:00:07.464 [JavaFX Application Thread] WARN  GameWorld            - Attempted to remove entity which is not active
19:00:07.537 [JavaFX Application Thread] WARN  GameWorld            - Attempted to remove entity which is not active
19:00:07.537 [JavaFX Application Thread] WARN  GameWorld            - Attempted to remove entity which is not active
19:00:08.586 [JavaFX Application Thread] WARN  GameWorld            - Attempted to remove entity which is not active
19:00:08.697 [JavaFX Application Thread] WARN  GameWorld            - Attempted to remove entity which is not active
19:00:08.913 [JavaFX Application Thread] WARN  GameWorld            - Attempted to remove entity which is not active
19:00:08.927 [JavaFX Application Thread] WARN  GameWorld            - Attempted to remove entity which is not active
19:00:09.503 [JavaFX Application Thread] WARN  GameWorld            - Attempted to remove entity which is not active
19:00:09.642 [JavaFX Application Thread] WARN  GameWorld            - Attempted to remove entity which is not active
19:00:10.107 [JavaFX Application Thread] WARN  GameWorld            - Attempted to remove entity which is not active
19:00:10.107 [JavaFX Application Thread] WARN  GameWorld            - Attempted to remove entity which is not active
19:00:10.916 [JavaFX Application Thread] WARN  GameWorld            - Attempted to remove entity which is not active
19:00:10.930 [JavaFX Application Thread] WARN  GameWorld            - Attempted to remove entity which is not active
19:00:10.930 [JavaFX Application Thread] WARN  GameWorld            - Attempted to remove entity which is not active
19:00:11.003 [JavaFX Application Thread] WARN  GameWorld            - Attempted to remove entity which is not active
19:00:11.178 [JavaFX Application Thread] WARN  GameWorld            - Attempted to remove entity which is not active
19:00:11.394 [JavaFX Application Thread] WARN  GameWorld            - Attempted to remove entity which is not active
19:00:11.437 [JavaFX Application Thread] WARN  GameWorld            - Attempted to remove entity which is not active
19:00:11.618 [JavaFX Application Thread] WARN  GameWorld            - Attempted to remove entity which is not active
19:00:11.618 [JavaFX Application Thread] WARN  GameWorld            - Attempted to remove entity which is not active
19:00:12.049 [JavaFX Application Thread] WARN  GameWorld            - Attempted to remove entity which is not active
19:00:12.829 [JavaFX Application Thread] WARN  GameWorld            - Attempted to remove entity which is not active
19:00:12.968 [JavaFX Application Thread] WARN  GameWorld            - Attempted to remove entity which is not active
19:00:13.280 [JavaFX Application Thread] WARN  GameWorld            - Attempted to remove entity which is not active
19:00:13.281 [JavaFX Application Thread] WARN  GameWorld            - Attempted to remove entity which is not active
19:00:13.517 [JavaFX Application Thread] WARN  GameWorld            - Attempted to remove entity which is not active
19:00:13.517 [JavaFX Application Thread] WARN  GameWorld            - Attempted to remove entity which is not active
19:00:13.794 [JavaFX Application Thread] WARN  GameWorld            - Attempted to remove entity which is not active
19:00:13.794 [JavaFX Application Thread] WARN  GameWorld            - Attempted to remove entity which is not active
19:00:13.802 [JavaFX Application Thread] WARN  GameWorld            - Attempted to remove entity which is not active
19:00:13.921 [JavaFX Application Thread] WARN  GameWorld            - Attempted to remove entity which is not active
19:00:14.142 [JavaFX Application Thread] WARN  GameWorld            - Attempted to remove entity which is not active
19:00:14.753 [JavaFX Application Thread] WARN  GameWorld            - Attempted to remove entity which is not active
19:00:14.753 [JavaFX Application Thread] WARN  GameWorld            - Attempted to remove entity which is not active
19:00:15.434 [JavaFX Application Thread] WARN  GameWorld            - Attempted to remove entity which is not active
19:00:15.553 [JavaFX Application Thread] WARN  GameWorld            - Attempted to remove entity which is not active
19:00:15.566 [JavaFX Application Thread] WARN  GameWorld            - Attempted to remove entity which is not active
19:00:15.681 [JavaFX Application Thread] WARN  GameWorld            - Attempted to remove entity which is not active
19:00:16.399 [JavaFX Application Thread] WARN  GameWorld            - Attempted to remove entity which is not active
19:00:16.412 [JavaFX Application Thread] WARN  GameWorld            - Attempted to remove entity which is not active
19:00:16.586 [JavaFX Application Thread] WARN  GameWorld            - Attempted to remove entity which is not active
19:00:16.737 [JavaFX Application Thread] WARN  GameWorld            - Attempted to remove entity which is not active
19:00:16.815 [JavaFX Application Thread] WARN  GameWorld            - Attempted to remove entity which is not active
19:00:16.906 [JavaFX Application Thread] WARN  GameWorld            - Attempted to remove entity which is not active
19:00:16.914 [JavaFX Application Thread] DEBUG FXGLAssetLoaderServi - Loading from file system: file:/C:/Users/garre/git/CS4900G2Proj2/Dawnseeker/target/classes/assets/sounds/player_oof.wav
19:00:16.916 [JavaFX Application Thread] WARN  GameWorld            - Attempted to remove entity which is not active
19:00:17.212 [JavaFX Application Thread] WARN  GameWorld            - Attempted to remove entity which is not active
19:00:17.246 [JavaFX Application Thread] WARN  GameWorld            - Attempted to remove entity which is not active
19:00:17.249 [JavaFX Application Thread] WARN  GameWorld            - Attempted to remove entity which is not active
19:00:17.265 [JavaFX Application Thread] WARN  GameWorld            - Attempted to remove entity which is not active
19:00:17.385 [JavaFX Application Thread] WARN  GameWorld            - Attempted to remove entity which is not active
19:00:17.503 [JavaFX Application Thread] WARN  GameWorld            - Attempted to remove entity which is not active
19:00:17.656 [JavaFX Application Thread] WARN  GameWorld            - Attempted to remove entity which is not active
19:00:17.851 [JavaFX Application Thread] WARN  GameWorld            - Attempted to remove entity which is not active
19:00:17.857 [JavaFX Application Thread] WARN  GameWorld            - Attempted to remove entity which is not active
19:00:18.045 [JavaFX Application Thread] WARN  GameWorld            - Attempted to remove entity which is not active
19:00:18.385 [JavaFX Application Thread] WARN  GameWorld            - Attempted to remove entity which is not active
19:00:18.393 [JavaFX Application Thread] WARN  GameWorld            - Attempted to remove entity which is not active
19:00:18.393 [JavaFX Application Thread] WARN  GameWorld            - Attempted to remove entity which is not active
19:00:18.400 [JavaFX Application Thread] WARN  GameWorld            - Attempted to remove entity which is not active
19:00:18.400 [JavaFX Application Thread] WARN  GameWorld            - Attempted to remove entity which is not active
19:00:18.400 [JavaFX Application Thread] WARN  GameWorld            - Attempted to remove entity which is not active
19:00:18.753 [JavaFX Application Thread] WARN  GameWorld            - Attempted to remove entity which is not active
19:00:18.912 [JavaFX Application Thread] WARN  GameWorld            - Attempted to remove entity which is not active
19:00:19.353 [JavaFX Application Thread] WARN  GameWorld            - Attempted to remove entity which is not active
19:00:19.617 [JavaFX Application Thread] WARN  GameWorld            - Attempted to remove entity which is not active
19:00:19.628 [JavaFX Application Thread] WARN  GameWorld            - Attempted to remove entity which is not active
19:00:19.691 [JavaFX Application Thread] WARN  GameWorld            - Attempted to remove entity which is not active
19:00:19.921 [JavaFX Application Thread] WARN  GameWorld            - Attempted to remove entity which is not active
19:00:19.921 [JavaFX Application Thread] WARN  GameWorld            - Attempted to remove entity which is not active
19:00:19.934 [JavaFX Application Thread] WARN  GameWorld            - Attempted to remove entity which is not active
19:00:20.113 [JavaFX Application Thread] WARN  GameWorld            - Attempted to remove entity which is not active
19:00:20.113 [JavaFX Application Thread] WARN  GameWorld            - Attempted to remove entity which is not active
19:00:20.122 [JavaFX Application Thread] WARN  GameWorld            - Attempted to remove entity which is not active
19:00:20.370 [JavaFX Application Thread] WARN  GameWorld            - Attempted to remove entity which is not active
19:00:20.370 [JavaFX Application Thread] WARN  GameWorld            - Attempted to remove entity which is not active
19:00:20.600 [JavaFX Application Thread] WARN  GameWorld            - Attempted to remove entity which is not active
19:00:20.780 [JavaFX Application Thread] WARN  GameWorld            - Attempted to remove entity which is not active
19:00:20.781 [JavaFX Application Thread] WARN  GameWorld            - Attempted to remove entity which is not active
19:00:20.945 [JavaFX Application Thread] WARN  GameWorld            - Attempted to remove entity which is not active
19:00:20.963 [JavaFX Application Thread] WARN  GameWorld            - Attempted to remove entity which is not active
19:00:21.185 [JavaFX Application Thread] WARN  GameWorld            - Attempted to remove entity which is not active
19:00:21.198 [JavaFX Application Thread] WARN  GameWorld            - Attempted to remove entity which is not active
19:00:21.406 [JavaFX Application Thread] WARN  GameWorld            - Attempted to remove entity which is not active
19:00:21.406 [JavaFX Application Thread] WARN  GameWorld            - Attempted to remove entity which is not active
19:00:21.406 [JavaFX Application Thread] WARN  GameWorld            - Attempted to remove entity which is not active
19:00:21.858 [JavaFX Application Thread] WARN  GameWorld            - Attempted to remove entity which is not active
19:00:21.858 [JavaFX Application Thread] WARN  GameWorld            - Attempted to remove entity which is not active
19:00:21.858 [JavaFX Application Thread] WARN  GameWorld            - Attempted to remove entity which is not active
19:00:22.009 [JavaFX Application Thread] DEBUG FXGLAssetLoaderServi - Loading from file system: file:/C:/Users/garre/git/CS4900G2Proj2/Dawnseeker/target/classes/assets/sounds/yoda_death.wav
19:00:22.011 [JavaFX Application Thread] DEBUG AudioPlayer          - Stopping music com.almasb.fxgl.audio.Music@498d6307
19:00:22.011 [JavaFX Application Thread] DEBUG AudioPlayer          - Stopping music com.almasb.fxgl.audio.Music@30436399
19:00:22.011 [JavaFX Application Thread] DEBUG Input                - Clearing active input actions
19:00:22.014 [JavaFX Application Thread] DEBUG GameApplicationServi - Removing overlay from GameScene and adding to FXGLMainMenuDummyScene
19:00:22.014 [JavaFX Application Thread] DEBUG PrimaryStageWindow   - GameScene -> FXGLMainMenuDummyScene
19:00:22.014 [JavaFX Application Thread] DEBUG PrimaryStageWindow   - Push state: DawnseekerMenu
19:00:22.014 [JavaFX Application Thread] DEBUG Input                - Clearing active input actions
19:00:22.015 [JavaFX Application Thread] DEBUG GameApplicationServi - Removing overlay from FXGLMainMenuDummyScene and adding to DawnseekerMenu
19:00:22.015 [JavaFX Application Thread] DEBUG PrimaryStageWindow   - FXGLMainMenuDummyScene -> DawnseekerMenu
19:00:22.015 [JavaFX Application Thread] DEBUG AudioPlayer          - Playing music com.almasb.fxgl.audio.Music@498d6307
19:00:23.698 [JavaFX Application Thread] DEBUG FXGLApplication      - Exiting FXGL
19:00:23.698 [JavaFX Application Thread] DEBUG LoopRunner           - Stopping loop
19:00:23.698 [JavaFX Application Thread] DEBUG SystemBundleService  - Saving FXGL system data
19:00:23.699 [JavaFX Application Thread] DEBUG FileSystemAccess     - Writing to: C:\Users\garre\git\CS4900G2Proj2\Dawnseeker\system\fxgl.bundle
19:00:23.703 [JavaFX Application Thread] DEBUG Async                - Shutting down background threads
19:00:23.703 [JavaFX Application Thread] DEBUG PrimaryStageWindow   - Closing main window
19:00:23.713 [JavaFX Application Thread] DEBUG Logger               - Closing Logger
