19:23:07.013 [main                     ] DEBUG Logger               - Configured Logger
19:23:07.037 [main                     ] DEBUG GameApplication      - Logging settings
Title: Dawnseeker
Version: 0.5
Width: 1920
Height: 1080
Fullscreen: false
Intro: false
Profiling: false
Single step:false
App Mode: DEVELOPER
Menu Key: ESCAPE
Stage Style: DECORATED
Scene Factory: class myGame.DawnseekerApp$1

19:23:07.486 [JavaFX Application Thread] DEBUG FXGLApplication      - Initializing FXGL
19:23:07.490 [JavaFX Application Thread] INFO  Engine               - FXGL-17.2 (20.08.2022 16.50) on WINDOWS (J:19.0.2 FX:18)
19:23:07.490 [JavaFX Application Thread] DEBUG Engine               - JRE Vendor Name: Eclipse Adoptium
19:23:07.490 [JavaFX Application Thread] DEBUG Engine               - Running on OS: Windows 10 version 10.0
19:23:07.490 [JavaFX Application Thread] DEBUG Engine               - Architecture: amd64
19:23:07.490 [JavaFX Application Thread] INFO  Engine               - Source code and latest versions at: https://github.com/AlmasB/FXGL
19:23:07.491 [JavaFX Application Thread] INFO  Engine               -       Ask questions and discuss at: https://github.com/AlmasB/FXGL/discussions
19:23:07.491 [JavaFX Application Thread] INFO  Engine               -              Join the FXGL chat at: https://gitter.im/AlmasB/FXGL
19:23:07.597 [JavaFX Application Thread] DEBUG PrimaryStageWindow   - Creating a JavaFX scene
19:23:07.598 [JavaFX Application Thread] DEBUG PrimaryStageWindow   - Target size > screen size
19:23:07.637 [JavaFX Application Thread] DEBUG PrimaryStageWindow   - Target settings size: 1920.0 x 1080.0
19:23:07.637 [JavaFX Application Thread] DEBUG PrimaryStageWindow   - Scaled scene size:    1511.0 x 864.0
19:23:07.637 [JavaFX Application Thread] DEBUG PrimaryStageWindow   - Scaled ratio: (0.7869791666666667, 0.8)
19:23:07.638 [JavaFX Application Thread] DEBUG PrimaryStageWindow   - Set initial scene to FXGLStartupScene
19:23:07.644 [JavaFX Application Thread] DEBUG PrimaryStageWindow   - Opening main window
19:23:07.729 [JavaFX Application Thread] DEBUG PrimaryStageWindow   - Window border size: (14.5999755859375, 37.5999755859375)
19:23:07.729 [JavaFX Application Thread] DEBUG PrimaryStageWindow   - Scaled size: 1511.0 x 864.0
19:23:07.729 [JavaFX Application Thread] DEBUG PrimaryStageWindow   - Scaled ratio: (0.7869791666666667, 0.8)
19:23:07.730 [JavaFX Application Thread] DEBUG PrimaryStageWindow   - Scene size: 1511.0 x 864.0
19:23:07.730 [JavaFX Application Thread] DEBUG PrimaryStageWindow   - Stage size: 1525.5999755859375 x 901.5999755859375
19:23:07.741 [FXGL Background Thread 1 ] DEBUG Engine               - Initializing environment variables
19:23:07.812 [FXGL Background Thread 1 ] DEBUG FXGLAssetLoaderServi - User app class for loading assets: class myGame.DawnseekerApp
19:23:07.813 [FXGL Background Thread 1 ] DEBUG GameApplicationServi - Applying CSS: fxgl_dark.css
19:23:07.813 [FXGL Background Thread 1 ] DEBUG FXGLAssetLoaderServi - Loading from file system: jar:file:/C:/Users/Eartm/.m2/repository/com/github/almasb/fxgl/17.2/fxgl-17.2.jar!/fxglassets/ui/css/fxgl_dark.css
19:23:07.848 [FXGL Background Thread 1 ] DEBUG GameApplicationServi - Initializing application scenes
19:23:07.892 [FXGL Background Thread 1 ] DEBUG GameWorld            - Game world initialized
19:23:07.966 [FXGL Background Thread 1 ] DEBUG PhysicsWorld         - Physics world initialized: appHeight=1080, physics.ppm=50.0
19:23:07.966 [FXGL Background Thread 1 ] DEBUG PhysicsWorld         - Using strategy: BRUTE_FORCE
19:23:07.971 [FXGL Background Thread 1 ] DEBUG GameScene            - Game scene initialized: 1920x1080
19:23:07.972 [FXGL Background Thread 1 ] DEBUG FXGLAssetLoaderServi - Loading from file system: file:/C:/Games/CS4900%20Workspace/CS4900G2Proj2/Dawnseeker/target/classes/assets/music/shop.mp3
19:23:08.083 [FXGL Background Thread 1 ] DEBUG AudioPlayer          - Playing music com.almasb.fxgl.audio.Music@1266be44
19:23:08.096 [FXGL Background Thread 1 ] DEBUG FXGLAssetLoaderServi - Loading from file system: file:/C:/Games/CS4900%20Workspace/CS4900G2Proj2/Dawnseeker/target/classes/assets/textures/bg2.png
19:23:08.168 [FXGL Background Thread 1 ] DEBUG FXGL.DefaultMenu     - createMenuBodyGameMenu()
19:23:08.183 [FXGL Background Thread 1 ] DEBUG FXGL.DefaultMenu     - createOptionsMenu()
19:23:08.190 [FXGL Background Thread 1 ] DEBUG FXGLAssetLoaderServi - Loading from file system: jar:file:/C:/Users/Eartm/.m2/repository/com/github/almasb/fxgl/17.2/fxgl-17.2.jar!/fxglassets/textures/particles/smoke.png
19:23:08.315 [FXGL Background Thread 1 ] DEBUG FXGLAssetLoaderServi - Loading from file system: jar:file:/C:/Users/Eartm/.m2/repository/com/github/almasb/fxgl/17.2/fxgl-17.2.jar!/fxglassets/textures/particles/trace_horizontal.png
19:23:08.351 [FXGL Background Thread 1 ] DEBUG GameApplicationServi - Application scenes initialized
19:23:08.380 [FXGL Background Thread 1 ] DEBUG SystemBundleService  - Loading FXGL system data
19:23:08.390 [FXGL Background Thread 1 ] DEBUG FileSystemAccess     - Reading from: C:\Games\CS4900 Workspace\CS4900G2Proj2\Dawnseeker\system\fxgl.bundle
19:23:08.406 [FXGL Background Thread 1 ] DEBUG SystemBundleService  - Bundle FXGL: {}
19:23:08.407 [FXGL Background Thread 1 ] DEBUG UpdaterService       - Checking for updates
19:23:08.413 [FXGL Background Thread 1 ] DEBUG FXGLApplication      - Loading default localization
19:23:08.414 [FXGL Background Thread 1 ] DEBUG FXGLAssetLoaderServi - Loading from file system: jar:file:/C:/Users/Eartm/.m2/repository/com/github/almasb/fxgl/17.2/fxgl-17.2.jar!/fxglassets/languages/english.lang
19:23:08.441 [FXGL Background Thread 1 ] INFO  FXGLApplication      - FXGL initialization took: 0.699 sec
19:23:08.459 [FXGL Background Thread 4 ] DEBUG FXGLApplication      - Loading fonts
19:23:08.461 [FXGL Background Thread 4 ] DEBUG FXGLAssetLoaderServi - Loading from file system: jar:file:/C:/Users/Eartm/.m2/repository/com/github/almasb/fxgl/17.2/fxgl-17.2.jar!/fxglassets/ui/fonts/VarelaRound-Regular.ttf
19:23:08.489 [JavaFX Application Thread] DEBUG Input                - Registered new binding: action0 - LMB
19:23:08.496 [JavaFX Application Thread] DEBUG Input                - Registered new binding: Up - W
19:23:08.496 [JavaFX Application Thread] DEBUG Input                - Registered new binding: Down - S
19:23:08.496 [JavaFX Application Thread] DEBUG Input                - Registered new binding: Right - D
19:23:08.496 [JavaFX Application Thread] DEBUG Input                - Registered new binding: Left - A
19:23:08.497 [JavaFX Application Thread] DEBUG FXGLAssetLoaderServi - Loading from file system: jar:file:/C:/Users/Eartm/.m2/repository/com/github/almasb/fxgl/17.2/fxgl-17.2.jar!/fxglassets/textures/fxgl_icon.png
19:23:08.519 [JavaFX Application Thread] DEBUG FXGLAssetLoaderServi - Loading from file system: jar:file:/C:/Users/Eartm/.m2/repository/com/github/almasb/fxgl/17.2/fxgl-17.2.jar!/fxglassets/textures/fxgl_default_cursor.png
19:23:08.531 [JavaFX Application Thread] DEBUG Input                - Registered new binding: Screenshot - CTRL+8
19:23:08.532 [JavaFX Application Thread] DEBUG Input                - Registered new binding: System info dump - CTRL+9
19:23:08.533 [JavaFX Application Thread] DEBUG Input                - Registered new binding: Restart - CTRL+R
19:23:08.533 [JavaFX Application Thread] DEBUG Input                - Registered new binding: Toggle Debug Camera - CTRL+7
19:23:08.536 [JavaFX Application Thread] DEBUG LoopRunner           - Starting loop
19:23:08.536 [JavaFX Application Thread] DEBUG LoopRunner           - Initializing JavaFX AnimationTimerLoop
19:23:08.540 [JavaFX Application Thread] DEBUG Input                - Clearing active input actions
19:23:08.551 [JavaFX Application Thread] DEBUG GameApplicationServi - Removing overlay from FXGLStartupScene and adding to FXGLMainMenuDummyScene
19:23:08.551 [JavaFX Application Thread] DEBUG PrimaryStageWindow   - FXGLStartupScene -> FXGLMainMenuDummyScene
19:23:08.551 [JavaFX Application Thread] DEBUG PrimaryStageWindow   - Push state: DawnseekerMenu
19:23:08.552 [JavaFX Application Thread] DEBUG Input                - Clearing active input actions
19:23:08.556 [JavaFX Application Thread] DEBUG GameApplicationServi - Removing overlay from FXGLMainMenuDummyScene and adding to DawnseekerMenu
19:23:08.556 [JavaFX Application Thread] DEBUG PrimaryStageWindow   - FXGLMainMenuDummyScene -> DawnseekerMenu
19:23:08.731 [FXGL Background Thread 4 ] DEBUG FXGLAssetLoaderServi - Loading from file system: jar:file:/C:/Users/Eartm/.m2/repository/com/github/almasb/fxgl/17.2/fxgl-17.2.jar!/fxglassets/ui/fonts/Abel-Regular.ttf
19:23:08.744 [FXGL Background Thread 4 ] DEBUG FXGLAssetLoaderServi - Loading from file system: jar:file:/C:/Users/Eartm/.m2/repository/com/github/almasb/fxgl/17.2/fxgl-17.2.jar!/fxglassets/ui/fonts/TerminalLandMono-Regular.otf
19:23:08.779 [FXGL Background Thread 4 ] DEBUG FXGLAssetLoaderServi - Loading from file system: jar:file:/C:/Users/Eartm/.m2/repository/com/github/almasb/fxgl/17.2/fxgl-17.2.jar!/fxglassets/ui/fonts/Courier-Prime.ttf
19:23:08.830 [JavaFX Application Thread] DEBUG FXGLApplication      - Registering font factories with UI factory
19:23:08.986 [FXGL Background Thread 2 ] INFO  UpdaterService       - Your current version:  17.2
19:23:08.986 [FXGL Background Thread 2 ] INFO  UpdaterService       - Latest stable version: 17.3
19:23:10.246 [JavaFX Application Thread] DEBUG Menu                 - fireNewGame()
19:23:10.246 [JavaFX Application Thread] DEBUG GameApplicationServi - Starting new game
19:23:10.246 [JavaFX Application Thread] DEBUG PrimaryStageWindow   - Pop state: DawnseekerMenu
19:23:10.246 [JavaFX Application Thread] DEBUG Input                - Clearing active input actions
19:23:10.247 [JavaFX Application Thread] DEBUG GameApplicationServi - Removing overlay from DawnseekerMenu and adding to FXGLMainMenuDummyScene
19:23:10.247 [JavaFX Application Thread] DEBUG PrimaryStageWindow   - FXGLMainMenuDummyScene <- DawnseekerMenu
19:23:10.247 [JavaFX Application Thread] DEBUG Input                - Clearing active input actions
19:23:10.253 [JavaFX Application Thread] DEBUG GameApplicationServi - Removing overlay from FXGLMainMenuDummyScene and adding to FXGLLoadingScene
19:23:10.253 [JavaFX Application Thread] DEBUG PrimaryStageWindow   - FXGLMainMenuDummyScene -> FXGLLoadingScene
19:23:10.253 [JavaFX Application Thread] DEBUG GameApplicationServi - Clearing previous game
19:23:10.253 [JavaFX Application Thread] DEBUG GameScene            - Clearing game scene
19:23:10.253 [JavaFX Application Thread] DEBUG GameWorld            - Clearing game world
19:23:10.253 [JavaFX Application Thread] DEBUG PhysicsWorld         - Clearing physics world
19:23:10.255 [JavaFX Application Thread] DEBUG AudioPlayer          - Stopping music com.almasb.fxgl.audio.Music@1266be44
19:23:10.255 [FXGL Background Thread 2 ] DEBUG FXGLApplication      - Initializing game
19:23:10.261 [FXGL Background Thread 2 ] DEBUG FXGLAssetLoaderServi - Loading from file system: file:/C:/Games/CS4900%20Workspace/CS4900G2Proj2/Dawnseeker/target/classes/assets/music/heartache.mp3
19:23:10.264 [FXGL Background Thread 2 ] DEBUG AudioPlayer          - Playing music com.almasb.fxgl.audio.Music@4e9c92d0
19:23:10.282 [FXGL Background Thread 2 ] DEBUG FXGLAssetLoaderServi - Loading from file system: file:/C:/Games/CS4900%20Workspace/CS4900G2Proj2/Dawnseeker/target/classes/assets/textures/DawnseekerPCV2.png
19:23:10.284 [FXGL Background Thread 2 ] DEBUG FXGLAssetLoaderServi - Loading from file system: file:/C:/Games/CS4900%20Workspace/CS4900G2Proj2/Dawnseeker/target/classes/assets/textures/DawnseekerPCV2Down.png
19:23:10.286 [FXGL Background Thread 2 ] DEBUG FXGLAssetLoaderServi - Loading from file system: file:/C:/Games/CS4900%20Workspace/CS4900G2Proj2/Dawnseeker/target/classes/assets/textures/DawnseekerPCV2Up.png
19:23:10.287 [FXGL Background Thread 2 ] DEBUG FXGLAssetLoaderServi - Loading from file system: file:/C:/Games/CS4900%20Workspace/CS4900G2Proj2/Dawnseeker/target/classes/assets/textures/DawnseekerPCV2Right.png
19:23:10.288 [FXGL Background Thread 2 ] DEBUG FXGLAssetLoaderServi - Loading from file system: file:/C:/Games/CS4900%20Workspace/CS4900G2Proj2/Dawnseeker/target/classes/assets/textures/DawnseekerPCV2Left.png
19:23:10.310 [FXGL Background Thread 2 ] DEBUG FXGLAssetLoaderServi - Loading from file system: file:/C:/Games/CS4900%20Workspace/CS4900G2Proj2/Dawnseeker/target/classes/assets/textures/background.png
19:23:10.361 [FXGL Background Thread 2 ] WARN  GameWorld            - Entity is already attached to world
19:23:10.362 [FXGL Background Thread 2 ] DEBUG FXGLAssetLoaderServi - Loading from file system: file:/C:/Games/CS4900%20Workspace/CS4900G2Proj2/Dawnseeker/target/classes/assets/textures/Rock1.png
19:23:10.364 [FXGL Background Thread 2 ] WARN  Entity               - Entity already has component: com.almasb.fxgl.entity.components.CollidableComponent
19:23:10.364 [FXGL Background Thread 2 ] WARN  GameWorld            - Entity is already attached to world
19:23:10.365 [FXGL Background Thread 2 ] DEBUG FXGLAssetLoaderServi - Loading from file system: file:/C:/Games/CS4900%20Workspace/CS4900G2Proj2/Dawnseeker/target/classes/assets/textures/Rock2.png
19:23:10.366 [FXGL Background Thread 2 ] WARN  Entity               - Entity already has component: com.almasb.fxgl.entity.components.CollidableComponent
19:23:10.367 [FXGL Background Thread 2 ] WARN  GameWorld            - Entity is already attached to world
19:23:10.368 [FXGL Background Thread 2 ] DEBUG FXGLAssetLoaderServi - Loading from file system: file:/C:/Games/CS4900%20Workspace/CS4900G2Proj2/Dawnseeker/target/classes/assets/textures/BigRock1.png
19:23:10.372 [FXGL Background Thread 2 ] WARN  Entity               - Entity already has component: com.almasb.fxgl.entity.components.CollidableComponent
19:23:10.373 [FXGL Background Thread 2 ] WARN  GameWorld            - Entity is already attached to world
19:23:10.374 [FXGL Background Thread 2 ] DEBUG FXGLAssetLoaderServi - Loading from file system: file:/C:/Games/CS4900%20Workspace/CS4900G2Proj2/Dawnseeker/target/classes/assets/textures/Poison.gif
19:23:10.381 [FXGL Background Thread 2 ] WARN  GameWorld            - Entity is already attached to world
19:23:10.382 [FXGL Background Thread 2 ] DEBUG FXGLAssetLoaderServi - Loading from file system: file:/C:/Games/CS4900%20Workspace/CS4900G2Proj2/Dawnseeker/target/classes/assets/textures/Shop.png
19:23:10.383 [FXGL Background Thread 2 ] WARN  GameWorld            - Entity is already attached to world
19:23:10.409 [FXGL Background Thread 2 ] INFO  FXGLApplication      - Game initialization took: 0.154 sec
19:23:10.410 [JavaFX Application Thread] DEBUG Input                - Clearing active input actions
19:23:10.423 [JavaFX Application Thread] DEBUG GameApplicationServi - Removing overlay from FXGLLoadingScene and adding to GameScene
19:23:10.423 [JavaFX Application Thread] DEBUG PrimaryStageWindow   - FXGLLoadingScene -> GameScene
19:23:11.411 [FXGL Background Thread 3 ] DEBUG Engine               - Logging environment variables
19:23:11.412 [FXGL Background Thread 3 ] DEBUG Engine               - achievements: []
19:23:11.412 [FXGL Background Thread 3 ] DEBUG Engine               - actualHeight: 864.0
19:23:11.412 [FXGL Background Thread 3 ] DEBUG Engine               - actualHeightProperty: ReadOnlyDoubleProperty [value: 864.0]
19:23:11.412 [FXGL Background Thread 3 ] DEBUG Engine               - actualWidth: 1511.0
19:23:11.412 [FXGL Background Thread 3 ] DEBUG Engine               - actualWidthProperty: ReadOnlyDoubleProperty [value: 1511.0]
19:23:11.412 [FXGL Background Thread 3 ] DEBUG Engine               - appIcon: fxgl_icon.png
19:23:11.412 [FXGL Background Thread 3 ] DEBUG Engine               - applicationMode: DEVELOPER
19:23:11.412 [FXGL Background Thread 3 ] DEBUG Engine               - cSSList: [fxgl_dark.css]
19:23:11.412 [FXGL Background Thread 3 ] DEBUG Engine               - collisionDetectionStrategy: BRUTE_FORCE
19:23:11.412 [FXGL Background Thread 3 ] DEBUG Engine               - configClass: Optional.empty
19:23:11.412 [FXGL Background Thread 3 ] DEBUG Engine               - credits: []
19:23:11.413 [FXGL Background Thread 3 ] DEBUG Engine               - defaultCursor: CursorInfo(imageName=fxgl_default_cursor.png, hotspotX=7.0, hotspotY=6.0)
19:23:11.413 [FXGL Background Thread 3 ] DEBUG Engine               - devBBoxColorProperty: ObjectProperty [value: 0xff0000ff]
19:23:11.413 [FXGL Background Thread 3 ] DEBUG Engine               - devEnableDebugCameraProperty: BooleanProperty [value: false]
19:23:11.413 [FXGL Background Thread 3 ] DEBUG Engine               - devSensorColorProperty: ObjectProperty [value: 0xffff00ff]
19:23:11.413 [FXGL Background Thread 3 ] DEBUG Engine               - devShowBBoxProperty: BooleanProperty [value: false]
19:23:11.413 [FXGL Background Thread 3 ] DEBUG Engine               - devShowPositionProperty: BooleanProperty [value: false]
19:23:11.413 [FXGL Background Thread 3 ] DEBUG Engine               - enabledMenuItems: []
19:23:11.413 [FXGL Background Thread 3 ] DEBUG Engine               - engineServices: [class com.almasb.fxgl.app.services.FXGLAssetLoaderService, class com.almasb.fxgl.app.FXGLApplication$GameApplicationService, class com.almasb.fxgl.app.services.FXGLDialogService, class com.almasb.fxgl.app.services.IOTaskExecutorService, class com.almasb.fxgl.io.FileSystemService, class com.almasb.fxgl.localization.LocalizationService, class com.almasb.fxgl.app.services.SystemBundleService, class com.almasb.fxgl.profile.SaveLoadService, class com.almasb.fxgl.ui.FXGLUIFactoryServiceProvider, class com.almasb.fxgl.ui.FXGLDialogFactoryServiceProvider, class com.almasb.fxgl.audio.AudioPlayer, class com.almasb.fxgl.notification.impl.NotificationServiceProvider, class com.almasb.fxgl.achievement.AchievementService, class com.almasb.fxgl.cutscene.CutsceneService, class com.almasb.fxgl.minigames.MiniGameService, class com.almasb.fxgl.net.NetService, class com.almasb.fxgl.app.services.UpdaterService, class com.almasb.fxgl.dev.DevService]
19:23:11.413 [FXGL Background Thread 3 ] DEBUG Engine               - fontGame: Abel-Regular.ttf
19:23:11.413 [FXGL Background Thread 3 ] DEBUG Engine               - fontMono: TerminalLandMono-Regular.otf
19:23:11.414 [FXGL Background Thread 3 ] DEBUG Engine               - fontText: Courier-Prime.ttf
19:23:11.414 [FXGL Background Thread 3 ] DEBUG Engine               - fontUI: VarelaRound-Regular.ttf
19:23:11.414 [FXGL Background Thread 3 ] DEBUG Engine               - fullScreen: BooleanProperty [value: false]
19:23:11.414 [FXGL Background Thread 3 ] DEBUG Engine               - gameDifficulty: MEDIUM
19:23:11.414 [FXGL Background Thread 3 ] DEBUG Engine               - gameDifficultyProperty: ObjectProperty [value: MEDIUM]
19:23:11.414 [FXGL Background Thread 3 ] DEBUG Engine               - globalMusicVolume: 0.5
19:23:11.414 [FXGL Background Thread 3 ] DEBUG Engine               - globalMusicVolumeProperty: DoubleProperty [value: 0.5]
19:23:11.414 [FXGL Background Thread 3 ] DEBUG Engine               - globalSoundVolume: 0.5
19:23:11.414 [FXGL Background Thread 3 ] DEBUG Engine               - globalSoundVolumeProperty: DoubleProperty [value: 0.5]
19:23:11.414 [FXGL Background Thread 3 ] DEBUG Engine               - height: 1080
19:23:11.414 [FXGL Background Thread 3 ] DEBUG Engine               - is3D: false
19:23:11.414 [FXGL Background Thread 3 ] DEBUG Engine               - isAndroid: false
19:23:11.414 [FXGL Background Thread 3 ] DEBUG Engine               - isBrowser: false
19:23:11.414 [FXGL Background Thread 3 ] DEBUG Engine               - isClickFeedbackEnabled: false
19:23:11.414 [FXGL Background Thread 3 ] DEBUG Engine               - isCloseConfirmation: false
19:23:11.414 [FXGL Background Thread 3 ] DEBUG Engine               - isDesktop: true
19:23:11.414 [FXGL Background Thread 3 ] DEBUG Engine               - isDeveloperMenuEnabled: false
19:23:11.414 [FXGL Background Thread 3 ] DEBUG Engine               - isEmbedded: false
19:23:11.415 [FXGL Background Thread 3 ] DEBUG Engine               - isEntityPreloadEnabled: true
19:23:11.415 [FXGL Background Thread 3 ] DEBUG Engine               - isExperimentalTiledLargeMap: false
19:23:11.415 [FXGL Background Thread 3 ] DEBUG Engine               - isFileSystemWriteAllowed: true
19:23:11.415 [FXGL Background Thread 3 ] DEBUG Engine               - isFullScreenAllowed: false
19:23:11.415 [FXGL Background Thread 3 ] DEBUG Engine               - isFullScreenFromStart: false
19:23:11.415 [FXGL Background Thread 3 ] DEBUG Engine               - isGameMenuEnabled: true
19:23:11.415 [FXGL Background Thread 3 ] DEBUG Engine               - isIOS: false
19:23:11.415 [FXGL Background Thread 3 ] DEBUG Engine               - isIntroEnabled: false
19:23:11.415 [FXGL Background Thread 3 ] DEBUG Engine               - isLinux: false
19:23:11.415 [FXGL Background Thread 3 ] DEBUG Engine               - isMac: false
19:23:11.415 [FXGL Background Thread 3 ] DEBUG Engine               - isMainMenuEnabled: true
19:23:11.415 [FXGL Background Thread 3 ] DEBUG Engine               - isManualResizeEnabled: false
19:23:11.415 [FXGL Background Thread 3 ] DEBUG Engine               - isMobile: false
19:23:11.415 [FXGL Background Thread 3 ] DEBUG Engine               - isNative: false
19:23:11.415 [FXGL Background Thread 3 ] DEBUG Engine               - isPauseMusicWhenMinimized: true
19:23:11.416 [FXGL Background Thread 3 ] DEBUG Engine               - isPreserveResizeRatio: false
19:23:11.416 [FXGL Background Thread 3 ] DEBUG Engine               - isProfilingEnabled: false
19:23:11.416 [FXGL Background Thread 3 ] DEBUG Engine               - isScaleAffectedOnResize: true
19:23:11.416 [FXGL Background Thread 3 ] DEBUG Engine               - isSingleStep: false
19:23:11.416 [FXGL Background Thread 3 ] DEBUG Engine               - isUserProfileEnabled: false
19:23:11.416 [FXGL Background Thread 3 ] DEBUG Engine               - isWindows: true
19:23:11.416 [FXGL Background Thread 3 ] DEBUG Engine               - language: ObjectProperty [value: ENGLISH]
19:23:11.416 [FXGL Background Thread 3 ] DEBUG Engine               - menuKey: ESCAPE
19:23:11.416 [FXGL Background Thread 3 ] DEBUG Engine               - mouseSensitivity: 0.2
19:23:11.416 [FXGL Background Thread 3 ] DEBUG Engine               - notificationViewClass: class com.almasb.fxgl.notification.view.XboxNotificationView
19:23:11.416 [FXGL Background Thread 3 ] DEBUG Engine               - pixelsPerMeter: 50.0
19:23:11.416 [FXGL Background Thread 3 ] DEBUG Engine               - platform: WINDOWS
19:23:11.416 [FXGL Background Thread 3 ] DEBUG Engine               - prefHeightProperty: ReadOnlyDoubleProperty [value: 1080.0]
19:23:11.416 [FXGL Background Thread 3 ] DEBUG Engine               - prefWidthProperty: ReadOnlyDoubleProperty [value: 1920.0]
19:23:11.416 [FXGL Background Thread 3 ] DEBUG Engine               - profileDir: profiles/
19:23:11.416 [FXGL Background Thread 3 ] DEBUG Engine               - profileName: StringProperty [value: DEFAULT]
19:23:11.416 [FXGL Background Thread 3 ] DEBUG Engine               - randomSeed: -1
19:23:11.417 [FXGL Background Thread 3 ] DEBUG Engine               - runtimeInfo: RuntimeInfo(platform=WINDOWS, version=17.2, build=20.08.2022 16.50)
19:23:11.417 [FXGL Background Thread 3 ] DEBUG Engine               - saveFileExt: sav
19:23:11.417 [FXGL Background Thread 3 ] DEBUG Engine               - scaledHeightProp$fxgl: DoubleProperty [bound, value: 864.0]
19:23:11.417 [FXGL Background Thread 3 ] DEBUG Engine               - scaledWidthProp$fxgl: DoubleProperty [bound, value: 1511.0]
19:23:11.417 [FXGL Background Thread 3 ] DEBUG Engine               - sceneFactory: myGame.DawnseekerApp$1@75ca0bd0
19:23:11.417 [FXGL Background Thread 3 ] DEBUG Engine               - secondsIn24h: 60
19:23:11.417 [FXGL Background Thread 3 ] DEBUG Engine               - soundMenuBack: menu/back.wav
19:23:11.417 [FXGL Background Thread 3 ] DEBUG Engine               - soundMenuPress: menu/press.wav
19:23:11.417 [FXGL Background Thread 3 ] DEBUG Engine               - soundMenuSelect: menu/select.wav
19:23:11.417 [FXGL Background Thread 3 ] DEBUG Engine               - soundNotification: core/notification.wav
19:23:11.417 [FXGL Background Thread 3 ] DEBUG Engine               - stageStyle: DECORATED
19:23:11.417 [FXGL Background Thread 3 ] DEBUG Engine               - supportedLanguages: [ENGLISH, FRENCH, GERMAN, HUNGARIAN, RUSSIAN]
19:23:11.417 [FXGL Background Thread 3 ] DEBUG Engine               - ticksPerSecond: -1
19:23:11.417 [FXGL Background Thread 3 ] DEBUG Engine               - title: Dawnseeker
19:23:11.417 [FXGL Background Thread 3 ] DEBUG Engine               - urlGithub: https://github.com/AlmasB/FXGL
19:23:11.417 [FXGL Background Thread 3 ] DEBUG Engine               - urlLeaderboard: http://fxgl-top.herokuapp.com/
19:23:11.417 [FXGL Background Thread 3 ] DEBUG Engine               - urlPOM: https://raw.githubusercontent.com/AlmasB/FXGL/release/README.md
19:23:11.417 [FXGL Background Thread 3 ] DEBUG Engine               - userAppClass: class myGame.DawnseekerApp
19:23:11.417 [FXGL Background Thread 3 ] DEBUG Engine               - version: 0.5
19:23:11.417 [FXGL Background Thread 3 ] DEBUG Engine               - versionCheckDays: 7
19:23:11.417 [FXGL Background Thread 3 ] DEBUG Engine               - width: 1920
19:23:11.417 [FXGL Background Thread 3 ] DEBUG Engine               - Logging services
19:23:11.417 [FXGL Background Thread 3 ] DEBUG Engine               - class com.almasb.fxgl.app.services.FXGLAssetLoaderService
19:23:11.418 [FXGL Background Thread 3 ] DEBUG Engine               - class com.almasb.fxgl.app.FXGLApplication$GameApplicationService
19:23:11.418 [FXGL Background Thread 3 ] DEBUG Engine               - class com.almasb.fxgl.app.services.FXGLDialogService
19:23:11.418 [FXGL Background Thread 3 ] DEBUG Engine               - class com.almasb.fxgl.app.services.IOTaskExecutorService
19:23:11.418 [FXGL Background Thread 3 ] DEBUG Engine               - class com.almasb.fxgl.io.FileSystemService
19:23:11.418 [FXGL Background Thread 3 ] DEBUG Engine               - class com.almasb.fxgl.localization.LocalizationService
19:23:11.418 [FXGL Background Thread 3 ] DEBUG Engine               - class com.almasb.fxgl.app.services.SystemBundleService
19:23:11.418 [FXGL Background Thread 3 ] DEBUG Engine               - class com.almasb.fxgl.profile.SaveLoadService
19:23:11.418 [FXGL Background Thread 3 ] DEBUG Engine               - class com.almasb.fxgl.ui.FXGLUIFactoryServiceProvider
19:23:11.418 [FXGL Background Thread 3 ] DEBUG Engine               - class com.almasb.fxgl.ui.FXGLDialogFactoryServiceProvider
19:23:11.418 [FXGL Background Thread 3 ] DEBUG Engine               - class com.almasb.fxgl.audio.AudioPlayer
19:23:11.418 [FXGL Background Thread 3 ] DEBUG Engine               - class com.almasb.fxgl.notification.impl.NotificationServiceProvider
19:23:11.418 [FXGL Background Thread 3 ] DEBUG Engine               - class com.almasb.fxgl.achievement.AchievementService
19:23:11.418 [FXGL Background Thread 3 ] DEBUG Engine               - class com.almasb.fxgl.cutscene.CutsceneService
19:23:11.418 [FXGL Background Thread 3 ] DEBUG Engine               - class com.almasb.fxgl.minigames.MiniGameService
19:23:11.418 [FXGL Background Thread 3 ] DEBUG Engine               - class com.almasb.fxgl.net.NetService
19:23:11.418 [FXGL Background Thread 3 ] DEBUG Engine               - class com.almasb.fxgl.app.services.UpdaterService
19:23:11.418 [FXGL Background Thread 3 ] DEBUG Engine               - class com.almasb.fxgl.dev.DevService
19:23:11.518 [JavaFX Application Thread] DEBUG FXGLAssetLoaderServi - Loading from file system: file:/C:/Games/CS4900%20Workspace/CS4900G2Proj2/Dawnseeker/target/classes/assets/textures/Skull.gif
19:23:11.527 [JavaFX Application Thread] DEBUG FXGLAssetLoaderServi - Loading from file system: file:/C:/Games/CS4900%20Workspace/CS4900G2Proj2/Dawnseeker/target/classes/assets/textures/Ghost.gif
19:23:12.846 [JavaFX Application Thread] DEBUG FXGLAssetLoaderServi - Loading from file system: file:/C:/Games/CS4900%20Workspace/CS4900G2Proj2/Dawnseeker/target/classes/assets/sounds/magic_missile.wav
19:23:12.858 [JavaFX Application Thread] DEBUG FXGLAssetLoaderServi - Loading from file system: file:/C:/Games/CS4900%20Workspace/CS4900G2Proj2/Dawnseeker/target/classes/assets/textures/Fireball.gif
19:23:14.189 [JavaFX Application Thread] WARN  GameWorld            - Attempted to remove entity which is not active
19:23:14.192 [JavaFX Application Thread] DEBUG FXGLAssetLoaderServi - Loading from file system: file:/C:/Games/CS4900%20Workspace/CS4900G2Proj2/Dawnseeker/target/classes/assets/textures/Coin.gif
19:23:14.194 [JavaFX Application Thread] DEBUG FXGLAssetLoaderServi - Loading from file system: file:/C:/Games/CS4900%20Workspace/CS4900G2Proj2/Dawnseeker/target/classes/assets/sounds/bong.wav
19:23:14.686 [JavaFX Application Thread] WARN  GameWorld            - Attempted to remove entity which is not active
19:23:14.689 [JavaFX Application Thread] DEBUG FXGLAssetLoaderServi - Loading from file system: file:/C:/Games/CS4900%20Workspace/CS4900G2Proj2/Dawnseeker/target/classes/assets/textures/SpeedPotion.gif
19:23:14.893 [JavaFX Application Thread] WARN  GameWorld            - Attempted to remove entity which is not active
19:23:15.166 [JavaFX Application Thread] WARN  GameWorld            - Attempted to remove entity which is not active
19:23:15.405 [JavaFX Application Thread] WARN  GameWorld            - Attempted to remove entity which is not active
19:23:15.471 [JavaFX Application Thread] DEBUG LoopRunner           - Stopping loop
19:23:15.474 [JavaFX Application Thread] FATAL FXGLApplication      - Uncaught Exception:
java.lang.IllegalArgumentException: No EntityFactory has a method annotated @Spawns(enemy3)
	at com.almasb.fxgl.entity.GameWorld.create(GameWorld.kt:413)
	at com.almasb.fxgl.entity.GameWorld.spawn(GameWorld.kt:396)
	at com.almasb.fxgl.entity.GameWorld.spawn(GameWorld.kt:384)
	at com.almasb.fxgl.entity.GameWorld.spawn(GameWorld.kt:359)
	at com.almasb.fxgl.dsl.FXGL$Companion.spawn(FXGL.kt:555)
	at com.almasb.fxgl.dsl.FXGL.spawn(FXGL.kt)
	at myGame.DawnseekerApp.lambda$3(DawnseekerApp.java:237)
	at com.almasb.fxgl.time.TimerAction.update(TimerAction.kt:69)
	at com.almasb.fxgl.time.Timer.update(Timer.kt:38)
	at com.almasb.fxgl.scene.Scene.update(Scene.kt:104)
	at com.almasb.fxgl.app.MainWindow$update$1.invoke(MainWindow.kt:115)
	at com.almasb.fxgl.app.MainWindow$update$1.invoke(MainWindow.kt:115)
	at com.almasb.fxgl.core.fsm.StateMachine.runOnActiveStates(StateMachine.kt:69)
	at com.almasb.fxgl.app.MainWindow.update(MainWindow.kt:115)
	at com.almasb.fxgl.app.FXGLApplication$GameApplicationService.onUpdate(FXGLApplication.kt:426)
	at com.almasb.fxgl.app.Engine.loop(Engine.kt:134)
	at com.almasb.fxgl.app.Engine.access$loop(Engine.kt:24)
	at com.almasb.fxgl.app.Engine$loop$1.invoke(Engine.kt:28)
	at com.almasb.fxgl.app.Engine$loop$1.invoke(Engine.kt:28)
	at com.almasb.fxgl.app.LoopRunner.frame(LoopRunner.kt:103)
	at com.almasb.fxgl.app.LoopRunner.access$frame(LoopRunner.kt:23)
	at com.almasb.fxgl.app.LoopRunner$impl$2$1.onTick(LoopRunner.kt:57)
	at com.almasb.fxgl.app.AnimationTimerLoop$timer$1.handle(LoopRunner.kt:137)
	at javafx.animation.AnimationTimer$AnimationTimerReceiver.lambda$handle$0(AnimationTimer.java:58)
	at java.base/java.security.AccessController.doPrivileged(AccessController.java:399)
	at javafx.animation.AnimationTimer$AnimationTimerReceiver.handle(AnimationTimer.java:57)
	at com.sun.scenario.animation.AbstractPrimaryTimer.timePulseImpl(AbstractPrimaryTimer.java:356)
	at com.sun.scenario.animation.AbstractPrimaryTimer$MainLoop.run(AbstractPrimaryTimer.java:266)
	at com.sun.javafx.tk.quantum.QuantumToolkit.pulse(QuantumToolkit.java:571)
	at com.sun.javafx.tk.quantum.QuantumToolkit.pulse(QuantumToolkit.java:555)
	at com.sun.javafx.tk.quantum.QuantumToolkit.pulseFromQueue(QuantumToolkit.java:548)
	at com.sun.javafx.tk.quantum.QuantumToolkit.lambda$runToolkit$11(QuantumToolkit.java:352)
	at com.sun.glass.ui.InvokeLaterDispatcher$Future.run(InvokeLaterDispatcher.java:96)
	at com.sun.glass.ui.win.WinApplication._runLoop(Native Method)
	at com.sun.glass.ui.win.WinApplication.lambda$runLoop$3(WinApplication.java:184)
	at java.base/java.lang.Thread.run(Thread.java:1589)

19:23:15.474 [JavaFX Application Thread] FATAL FXGLApplication      - Application will now exit
19:23:15.494 [JavaFX Application Thread] DEBUG PrimaryStageWindow   - Push state: ErrorSubScene
19:23:15.495 [JavaFX Application Thread] DEBUG Input                - Clearing active input actions
19:23:15.497 [JavaFX Application Thread] DEBUG GameApplicationServi - Removing overlay from GameScene and adding to ErrorSubScene
19:23:15.497 [JavaFX Application Thread] DEBUG PrimaryStageWindow   - GameScene -> ErrorSubScene
19:23:59.052 [JavaFX Application Thread] DEBUG FXGLApplication      - Exiting FXGL
19:23:59.052 [JavaFX Application Thread] DEBUG Async                - Shutting down background threads
19:23:59.052 [JavaFX Application Thread] DEBUG PrimaryStageWindow   - Closing main window
19:23:59.081 [JavaFX Application Thread] DEBUG Logger               - Closing Logger
