22:40:09.728 [main                     ] DEBUG Logger               - Configured Logger
22:40:09.753 [main                     ] DEBUG GameApplication      - Logging settings
Title: Dawnseeker
Version: 0.2
Width: 1024
Height: 1024
Fullscreen: false
Intro: false
Profiling: false
Single step:false
App Mode: DEVELOPER
Menu Key: ESCAPE
Stage Style: DECORATED
Scene Factory: class myGame.DawnseekerApp$1

22:40:10.249 [JavaFX Application Thread] DEBUG FXGLApplication      - Initializing FXGL
22:40:10.254 [JavaFX Application Thread] INFO  Engine               - FXGL-17.2 (20.08.2022 16.50) on WINDOWS (J:19.0.2 FX:18)
22:40:10.254 [JavaFX Application Thread] DEBUG Engine               - JRE Vendor Name: Oracle Corporation
22:40:10.254 [JavaFX Application Thread] DEBUG Engine               - Running on OS: Windows 10 version 10.0
22:40:10.255 [JavaFX Application Thread] DEBUG Engine               - Architecture: amd64
22:40:10.255 [JavaFX Application Thread] INFO  Engine               - Source code and latest versions at: https://github.com/AlmasB/FXGL
22:40:10.255 [JavaFX Application Thread] INFO  Engine               -       Ask questions and discuss at: https://github.com/AlmasB/FXGL/discussions
22:40:10.255 [JavaFX Application Thread] INFO  Engine               -              Join the FXGL chat at: https://gitter.im/AlmasB/FXGL
22:40:10.382 [JavaFX Application Thread] DEBUG PrimaryStageWindow   - Creating a JavaFX scene
22:40:10.435 [JavaFX Application Thread] DEBUG PrimaryStageWindow   - Target settings size: 1024.0 x 1024.0
22:40:10.435 [JavaFX Application Thread] DEBUG PrimaryStageWindow   - Scaled scene size:    1024.0 x 1024.0
22:40:10.435 [JavaFX Application Thread] DEBUG PrimaryStageWindow   - Scaled ratio: (1.0, 1.0)
22:40:10.436 [JavaFX Application Thread] DEBUG PrimaryStageWindow   - Set initial scene to FXGLStartupScene
22:40:10.445 [JavaFX Application Thread] DEBUG PrimaryStageWindow   - Opening main window
22:40:10.538 [JavaFX Application Thread] DEBUG PrimaryStageWindow   - Window border size: (16.0, 39.0)
22:40:10.538 [JavaFX Application Thread] DEBUG PrimaryStageWindow   - Scaled size: 1024.0 x 1024.0
22:40:10.539 [JavaFX Application Thread] DEBUG PrimaryStageWindow   - Scaled ratio: (1.0, 1.0)
22:40:10.539 [JavaFX Application Thread] DEBUG PrimaryStageWindow   - Scene size: 1024.0 x 1024.0
22:40:10.539 [JavaFX Application Thread] DEBUG PrimaryStageWindow   - Stage size: 1040.0 x 1063.0
22:40:10.547 [FXGL Background Thread 1 ] DEBUG Engine               - Initializing environment variables
22:40:10.599 [FXGL Background Thread 1 ] DEBUG FXGLAssetLoaderServi - User app class for loading assets: class myGame.DawnseekerApp
22:40:10.599 [FXGL Background Thread 1 ] DEBUG GameApplicationServi - Applying CSS: fxgl_dark.css
22:40:10.600 [FXGL Background Thread 1 ] DEBUG FXGLAssetLoaderServi - Loading from file system: jar:file:/C:/Users/Morgan%20Johnson/.m2/repository/com/github/almasb/fxgl/17.2/fxgl-17.2.jar!/fxglassets/ui/css/fxgl_dark.css
22:40:10.643 [FXGL Background Thread 1 ] DEBUG GameApplicationServi - Initializing application scenes
22:40:10.689 [FXGL Background Thread 1 ] DEBUG GameWorld            - Game world initialized
22:40:10.755 [FXGL Background Thread 1 ] DEBUG PhysicsWorld         - Physics world initialized: appHeight=1024, physics.ppm=50.0
22:40:10.756 [FXGL Background Thread 1 ] DEBUG PhysicsWorld         - Using strategy: BRUTE_FORCE
22:40:10.765 [FXGL Background Thread 1 ] DEBUG GameScene            - Game scene initialized: 1024x1024
22:40:10.785 [FXGL Background Thread 1 ] DEBUG FXGL.DefaultMenu     - createMenuBodyGameMenu()
22:40:10.802 [FXGL Background Thread 1 ] DEBUG FXGL.DefaultMenu     - createOptionsMenu()
22:40:10.812 [FXGL Background Thread 1 ] DEBUG FXGLAssetLoaderServi - Loading from file system: jar:file:/C:/Users/Morgan%20Johnson/.m2/repository/com/github/almasb/fxgl/17.2/fxgl-17.2.jar!/fxglassets/textures/particles/smoke.png
22:40:10.914 [FXGL Background Thread 1 ] DEBUG FXGLAssetLoaderServi - Loading from file system: jar:file:/C:/Users/Morgan%20Johnson/.m2/repository/com/github/almasb/fxgl/17.2/fxgl-17.2.jar!/fxglassets/textures/particles/trace_horizontal.png
22:40:10.943 [FXGL Background Thread 1 ] DEBUG GameApplicationServi - Application scenes initialized
22:40:10.958 [FXGL Background Thread 1 ] DEBUG SystemBundleService  - Loading FXGL system data
22:40:10.967 [FXGL Background Thread 1 ] DEBUG FileSystemAccess     - Reading from: C:\Games\Schoolwork\Spring 23\CS4900\DawnseekerWorkspace\CS4900G2Proj2\Dawnseeker\system\fxgl.bundle
22:40:10.976 [FXGL Background Thread 1 ] DEBUG SystemBundleService  - Bundle FXGL: {}
22:40:10.977 [FXGL Background Thread 1 ] DEBUG UpdaterService       - Checking for updates
22:40:10.981 [FXGL Background Thread 4 ] DEBUG FXGLApplication      - Loading fonts
22:40:10.981 [FXGL Background Thread 4 ] DEBUG FXGLAssetLoaderServi - Loading from file system: jar:file:/C:/Users/Morgan%20Johnson/.m2/repository/com/github/almasb/fxgl/17.2/fxgl-17.2.jar!/fxglassets/ui/fonts/VarelaRound-Regular.ttf
22:40:10.982 [FXGL Background Thread 1 ] DEBUG FXGLApplication      - Loading default localization
22:40:10.983 [FXGL Background Thread 1 ] DEBUG FXGLAssetLoaderServi - Loading from file system: jar:file:/C:/Users/Morgan%20Johnson/.m2/repository/com/github/almasb/fxgl/17.2/fxgl-17.2.jar!/fxglassets/languages/english.lang
22:40:11.010 [FXGL Background Thread 1 ] INFO  FXGLApplication      - FXGL initialization took: 0.464 sec
22:40:11.015 [JavaFX Application Thread] DEBUG Input                - Registered new binding: action0 - LMB
22:40:11.022 [JavaFX Application Thread] DEBUG Input                - Registered new binding: Up - W
22:40:11.022 [JavaFX Application Thread] DEBUG Input                - Registered new binding: Down - S
22:40:11.022 [JavaFX Application Thread] DEBUG Input                - Registered new binding: Right - D
22:40:11.022 [JavaFX Application Thread] DEBUG Input                - Registered new binding: Left - A
22:40:11.023 [JavaFX Application Thread] DEBUG FXGLAssetLoaderServi - Loading from file system: jar:file:/C:/Users/Morgan%20Johnson/.m2/repository/com/github/almasb/fxgl/17.2/fxgl-17.2.jar!/fxglassets/textures/fxgl_icon.png
22:40:11.049 [JavaFX Application Thread] DEBUG FXGLAssetLoaderServi - Loading from file system: jar:file:/C:/Users/Morgan%20Johnson/.m2/repository/com/github/almasb/fxgl/17.2/fxgl-17.2.jar!/fxglassets/textures/fxgl_default_cursor.png
22:40:11.052 [JavaFX Application Thread] DEBUG Input                - Registered new binding: Screenshot - CTRL+8
22:40:11.053 [JavaFX Application Thread] DEBUG Input                - Registered new binding: System info dump - CTRL+9
22:40:11.054 [JavaFX Application Thread] DEBUG Input                - Registered new binding: Restart - CTRL+R
22:40:11.055 [JavaFX Application Thread] DEBUG Input                - Registered new binding: Toggle Debug Camera - CTRL+7
22:40:11.059 [JavaFX Application Thread] DEBUG LoopRunner           - Starting loop
22:40:11.059 [JavaFX Application Thread] DEBUG LoopRunner           - Initializing JavaFX AnimationTimerLoop
22:40:11.064 [JavaFX Application Thread] DEBUG Input                - Clearing active input actions
22:40:11.074 [JavaFX Application Thread] DEBUG GameApplicationServi - Removing overlay from FXGLStartupScene and adding to FXGLMainMenuDummyScene
22:40:11.074 [JavaFX Application Thread] DEBUG PrimaryStageWindow   - FXGLStartupScene -> FXGLMainMenuDummyScene
22:40:11.075 [JavaFX Application Thread] DEBUG PrimaryStageWindow   - Push state: DawnseekerMenu
22:40:11.075 [JavaFX Application Thread] DEBUG Input                - Clearing active input actions
22:40:11.080 [JavaFX Application Thread] DEBUG GameApplicationServi - Removing overlay from FXGLMainMenuDummyScene and adding to DawnseekerMenu
22:40:11.081 [JavaFX Application Thread] DEBUG PrimaryStageWindow   - FXGLMainMenuDummyScene -> DawnseekerMenu
22:40:11.088 [FXGL Background Thread 4 ] DEBUG FXGLAssetLoaderServi - Loading from file system: jar:file:/C:/Users/Morgan%20Johnson/.m2/repository/com/github/almasb/fxgl/17.2/fxgl-17.2.jar!/fxglassets/ui/fonts/Abel-Regular.ttf
22:40:11.093 [FXGL Background Thread 4 ] DEBUG FXGLAssetLoaderServi - Loading from file system: jar:file:/C:/Users/Morgan%20Johnson/.m2/repository/com/github/almasb/fxgl/17.2/fxgl-17.2.jar!/fxglassets/ui/fonts/TerminalLandMono-Regular.otf
22:40:11.098 [FXGL Background Thread 4 ] DEBUG FXGLAssetLoaderServi - Loading from file system: jar:file:/C:/Users/Morgan%20Johnson/.m2/repository/com/github/almasb/fxgl/17.2/fxgl-17.2.jar!/fxglassets/ui/fonts/Courier-Prime.ttf
22:40:11.104 [JavaFX Application Thread] DEBUG FXGLApplication      - Registering font factories with UI factory
22:40:11.841 [JavaFX Application Thread] DEBUG Menu                 - fireNewGame()
22:40:11.842 [JavaFX Application Thread] DEBUG GameApplicationServi - Starting new game
22:40:11.842 [JavaFX Application Thread] DEBUG PrimaryStageWindow   - Pop state: DawnseekerMenu
22:40:11.842 [JavaFX Application Thread] DEBUG Input                - Clearing active input actions
22:40:11.842 [JavaFX Application Thread] DEBUG GameApplicationServi - Removing overlay from DawnseekerMenu and adding to FXGLMainMenuDummyScene
22:40:11.843 [JavaFX Application Thread] DEBUG PrimaryStageWindow   - FXGLMainMenuDummyScene <- DawnseekerMenu
22:40:11.843 [JavaFX Application Thread] DEBUG Input                - Clearing active input actions
22:40:11.850 [JavaFX Application Thread] DEBUG GameApplicationServi - Removing overlay from FXGLMainMenuDummyScene and adding to FXGLLoadingScene
22:40:11.850 [JavaFX Application Thread] DEBUG PrimaryStageWindow   - FXGLMainMenuDummyScene -> FXGLLoadingScene
22:40:11.850 [JavaFX Application Thread] DEBUG GameApplicationServi - Clearing previous game
22:40:11.850 [JavaFX Application Thread] DEBUG GameScene            - Clearing game scene
22:40:11.850 [JavaFX Application Thread] DEBUG GameWorld            - Clearing game world
22:40:11.850 [JavaFX Application Thread] DEBUG PhysicsWorld         - Clearing physics world
22:40:11.852 [FXGL Background Thread 2 ] DEBUG FXGLApplication      - Initializing game
22:40:11.856 [FXGL Background Thread 2 ] DEBUG FXGLAssetLoaderServi - Loading from file system: file:/C:/Games/Schoolwork/Spring%2023/CS4900/DawnseekerWorkspace/CS4900G2Proj2/Dawnseeker/target/classes/assets/music/heartache.mp3
22:40:11.995 [FXGL Background Thread 2 ] DEBUG AudioPlayer          - Playing music com.almasb.fxgl.audio.Music@70f9fab5
22:40:11.999 [JavaFX Application Thread] DEBUG LoopRunner           - Stopping loop
22:40:12.000 [JavaFX Application Thread] FATAL FXGLApplication      - Uncaught Exception:
java.lang.RuntimeException: Initialization failed
	at com.almasb.fxgl.app.FXGLApplication$InitAppTask.failed(FXGLApplication.kt:343)
	at javafx.concurrent.Task.setState(Task.java:710)
	at javafx.concurrent.Task$TaskCallable.lambda$call$2(Task.java:1456)
	at com.sun.javafx.application.PlatformImpl.lambda$runLater$10(PlatformImpl.java:457)
	at java.base/java.security.AccessController.doPrivileged(AccessController.java:399)
	at com.sun.javafx.application.PlatformImpl.lambda$runLater$11(PlatformImpl.java:456)
	at com.sun.glass.ui.InvokeLaterDispatcher$Future.run(InvokeLaterDispatcher.java:96)
	at com.sun.glass.ui.win.WinApplication._runLoop(Native Method)
	at com.sun.glass.ui.win.WinApplication.lambda$runLoop$3(WinApplication.java:184)
	at java.base/java.lang.Thread.run(Thread.java:1589)
Caused by: java.lang.Error: Unresolved compilation problems: 
	Syntax error on tokens, Expression expected instead
	Syntax error on tokens, QualifiedSuperReceiver expected instead
	Syntax error on token ">>>", invalid Expression

	at myGame.simplefactory.newPlayer(simplefactory.java:58)
	at java.base/jdk.internal.reflect.DirectMethodHandleAccessor.invoke(DirectMethodHandleAccessor.java:104)
	at java.base/java.lang.reflect.Method.invoke(Method.java:578)
	at com.almasb.fxgl.core.reflect.ReflectionUtils.call(ReflectionUtils.java:104)
	at com.almasb.fxgl.core.reflect.ReflectionUtils.lambda$mapToFunction$3(ReflectionUtils.java:111)
	at com.almasb.fxgl.entity.GameWorld$create$2.invoke(GameWorld.kt:430)
	at com.almasb.fxgl.entity.GameWorld$create$2.invoke(GameWorld.kt:430)
	at com.almasb.fxgl.core.util.DSLKt.tryCatchRoot(DSL.kt:34)
	at com.almasb.fxgl.entity.GameWorld.create(GameWorld.kt:430)
	at com.almasb.fxgl.entity.GameWorld.spawn(GameWorld.kt:396)
	at com.almasb.fxgl.entity.GameWorld.spawn(GameWorld.kt:384)
	at com.almasb.fxgl.dsl.FXGL$Companion.spawn(FXGL.kt:557)
	at com.almasb.fxgl.dsl.FXGL.spawn(FXGL.kt)
	at myGame.DawnseekerApp.initGame(DawnseekerApp.java:212)
	at com.almasb.fxgl.app.FXGLApplication$InitAppTask.initGame(FXGLApplication.kt:339)
	at com.almasb.fxgl.app.FXGLApplication$InitAppTask.call(FXGLApplication.kt:319)
	at com.almasb.fxgl.app.FXGLApplication$InitAppTask.call(FXGLApplication.kt:311)
	at javafx.concurrent.Task$TaskCallable.call(Task.java:1426)
	at java.base/java.util.concurrent.FutureTask.run(FutureTask.java:317)
	at java.base/java.util.concurrent.Executors$RunnableAdapter.call(Executors.java:577)
	at java.base/java.util.concurrent.FutureTask.run(FutureTask.java:317)
	at java.base/java.util.concurrent.ThreadPoolExecutor.runWorker(ThreadPoolExecutor.java:1144)
	at java.base/java.util.concurrent.ThreadPoolExecutor$Worker.run(ThreadPoolExecutor.java:642)
	... 1 more

22:40:12.001 [JavaFX Application Thread] FATAL FXGLApplication      - Application will now exit
22:40:12.020 [JavaFX Application Thread] DEBUG PrimaryStageWindow   - Push state: ErrorSubScene
22:40:12.020 [JavaFX Application Thread] DEBUG Input                - Clearing active input actions
22:40:12.025 [JavaFX Application Thread] DEBUG GameApplicationServi - Removing overlay from FXGLLoadingScene and adding to ErrorSubScene
22:40:12.025 [JavaFX Application Thread] DEBUG PrimaryStageWindow   - FXGLLoadingScene -> ErrorSubScene
22:40:13.981 [FXGL Background Thread 3 ] DEBUG Engine               - Logging environment variables
22:40:13.981 [FXGL Background Thread 3 ] DEBUG Engine               - achievements: []
22:40:13.981 [FXGL Background Thread 3 ] DEBUG Engine               - actualHeight: 1024.0
22:40:13.981 [FXGL Background Thread 3 ] DEBUG Engine               - actualHeightProperty: ReadOnlyDoubleProperty [value: 1024.0]
22:40:13.981 [FXGL Background Thread 3 ] DEBUG Engine               - actualWidth: 1024.0
22:40:13.981 [FXGL Background Thread 3 ] DEBUG Engine               - actualWidthProperty: ReadOnlyDoubleProperty [value: 1024.0]
22:40:13.981 [FXGL Background Thread 3 ] DEBUG Engine               - appIcon: fxgl_icon.png
22:40:13.981 [FXGL Background Thread 3 ] DEBUG Engine               - applicationMode: DEVELOPER
22:40:13.981 [FXGL Background Thread 3 ] DEBUG Engine               - cSSList: [fxgl_dark.css]
22:40:13.981 [FXGL Background Thread 3 ] DEBUG Engine               - collisionDetectionStrategy: BRUTE_FORCE
22:40:13.981 [FXGL Background Thread 3 ] DEBUG Engine               - configClass: Optional.empty
22:40:13.981 [FXGL Background Thread 3 ] DEBUG Engine               - credits: []
22:40:13.982 [FXGL Background Thread 3 ] DEBUG Engine               - defaultCursor: CursorInfo(imageName=fxgl_default_cursor.png, hotspotX=7.0, hotspotY=6.0)
22:40:13.982 [FXGL Background Thread 3 ] DEBUG Engine               - devBBoxColorProperty: ObjectProperty [value: 0xff0000ff]
22:40:13.982 [FXGL Background Thread 3 ] DEBUG Engine               - devEnableDebugCameraProperty: BooleanProperty [value: false]
22:40:13.982 [FXGL Background Thread 3 ] DEBUG Engine               - devSensorColorProperty: ObjectProperty [value: 0xffff00ff]
22:40:13.982 [FXGL Background Thread 3 ] DEBUG Engine               - devShowBBoxProperty: BooleanProperty [value: false]
22:40:13.982 [FXGL Background Thread 3 ] DEBUG Engine               - devShowPositionProperty: BooleanProperty [value: false]
22:40:13.982 [FXGL Background Thread 3 ] DEBUG Engine               - enabledMenuItems: []
22:40:13.982 [FXGL Background Thread 3 ] DEBUG Engine               - engineServices: [class com.almasb.fxgl.app.services.FXGLAssetLoaderService, class com.almasb.fxgl.app.FXGLApplication$GameApplicationService, class com.almasb.fxgl.app.services.FXGLDialogService, class com.almasb.fxgl.app.services.IOTaskExecutorService, class com.almasb.fxgl.io.FileSystemService, class com.almasb.fxgl.localization.LocalizationService, class com.almasb.fxgl.app.services.SystemBundleService, class com.almasb.fxgl.profile.SaveLoadService, class com.almasb.fxgl.ui.FXGLUIFactoryServiceProvider, class com.almasb.fxgl.ui.FXGLDialogFactoryServiceProvider, class com.almasb.fxgl.audio.AudioPlayer, class com.almasb.fxgl.notification.impl.NotificationServiceProvider, class com.almasb.fxgl.achievement.AchievementService, class com.almasb.fxgl.cutscene.CutsceneService, class com.almasb.fxgl.minigames.MiniGameService, class com.almasb.fxgl.net.NetService, class com.almasb.fxgl.app.services.UpdaterService, class com.almasb.fxgl.dev.DevService]
22:40:13.982 [FXGL Background Thread 3 ] DEBUG Engine               - fontGame: Abel-Regular.ttf
22:40:13.982 [FXGL Background Thread 3 ] DEBUG Engine               - fontMono: TerminalLandMono-Regular.otf
22:40:13.982 [FXGL Background Thread 3 ] DEBUG Engine               - fontText: Courier-Prime.ttf
22:40:13.982 [FXGL Background Thread 3 ] DEBUG Engine               - fontUI: VarelaRound-Regular.ttf
22:40:13.982 [FXGL Background Thread 3 ] DEBUG Engine               - fullScreen: BooleanProperty [value: false]
22:40:13.982 [FXGL Background Thread 3 ] DEBUG Engine               - gameDifficulty: MEDIUM
22:40:13.982 [FXGL Background Thread 3 ] DEBUG Engine               - gameDifficultyProperty: ObjectProperty [value: MEDIUM]
22:40:13.983 [FXGL Background Thread 3 ] DEBUG Engine               - globalMusicVolume: 0.5
22:40:13.983 [FXGL Background Thread 3 ] DEBUG Engine               - globalMusicVolumeProperty: DoubleProperty [value: 0.5]
22:40:13.983 [FXGL Background Thread 3 ] DEBUG Engine               - globalSoundVolume: 0.5
22:40:13.983 [FXGL Background Thread 3 ] DEBUG Engine               - globalSoundVolumeProperty: DoubleProperty [value: 0.5]
22:40:13.983 [FXGL Background Thread 3 ] DEBUG Engine               - height: 1024
22:40:13.983 [FXGL Background Thread 3 ] DEBUG Engine               - is3D: false
22:40:13.983 [FXGL Background Thread 3 ] DEBUG Engine               - isAndroid: false
22:40:13.983 [FXGL Background Thread 3 ] DEBUG Engine               - isBrowser: false
22:40:13.983 [FXGL Background Thread 3 ] DEBUG Engine               - isClickFeedbackEnabled: false
22:40:13.983 [FXGL Background Thread 3 ] DEBUG Engine               - isCloseConfirmation: false
22:40:13.983 [FXGL Background Thread 3 ] DEBUG Engine               - isDesktop: true
22:40:13.983 [FXGL Background Thread 3 ] DEBUG Engine               - isDeveloperMenuEnabled: false
22:40:13.983 [FXGL Background Thread 3 ] DEBUG Engine               - isEmbedded: false
22:40:13.983 [FXGL Background Thread 3 ] DEBUG Engine               - isEntityPreloadEnabled: true
22:40:13.983 [FXGL Background Thread 3 ] DEBUG Engine               - isExperimentalTiledLargeMap: false
22:40:13.983 [FXGL Background Thread 3 ] DEBUG Engine               - isFileSystemWriteAllowed: true
22:40:13.983 [FXGL Background Thread 3 ] DEBUG Engine               - isFullScreenAllowed: false
22:40:13.983 [FXGL Background Thread 3 ] DEBUG Engine               - isFullScreenFromStart: false
22:40:13.983 [FXGL Background Thread 3 ] DEBUG Engine               - isGameMenuEnabled: true
22:40:13.983 [FXGL Background Thread 3 ] DEBUG Engine               - isIOS: false
22:40:13.983 [FXGL Background Thread 3 ] DEBUG Engine               - isIntroEnabled: false
22:40:13.983 [FXGL Background Thread 3 ] DEBUG Engine               - isLinux: false
22:40:13.983 [FXGL Background Thread 3 ] DEBUG Engine               - isMac: false
22:40:13.983 [FXGL Background Thread 3 ] DEBUG Engine               - isMainMenuEnabled: true
22:40:13.983 [FXGL Background Thread 3 ] DEBUG Engine               - isManualResizeEnabled: false
22:40:13.983 [FXGL Background Thread 3 ] DEBUG Engine               - isMobile: false
22:40:13.984 [FXGL Background Thread 3 ] DEBUG Engine               - isNative: false
22:40:13.984 [FXGL Background Thread 3 ] DEBUG Engine               - isPauseMusicWhenMinimized: true
22:40:13.984 [FXGL Background Thread 3 ] DEBUG Engine               - isPreserveResizeRatio: false
22:40:13.984 [FXGL Background Thread 3 ] DEBUG Engine               - isProfilingEnabled: false
22:40:13.984 [FXGL Background Thread 3 ] DEBUG Engine               - isScaleAffectedOnResize: true
22:40:13.984 [FXGL Background Thread 3 ] DEBUG Engine               - isSingleStep: false
22:40:13.984 [FXGL Background Thread 3 ] DEBUG Engine               - isUserProfileEnabled: false
22:40:13.984 [FXGL Background Thread 3 ] DEBUG Engine               - isWindows: true
22:40:13.984 [FXGL Background Thread 3 ] DEBUG Engine               - language: ObjectProperty [value: ENGLISH]
22:40:13.984 [FXGL Background Thread 3 ] DEBUG Engine               - menuKey: ESCAPE
22:40:13.984 [FXGL Background Thread 3 ] DEBUG Engine               - mouseSensitivity: 0.2
22:40:13.984 [FXGL Background Thread 3 ] DEBUG Engine               - notificationViewClass: class com.almasb.fxgl.notification.view.XboxNotificationView
22:40:13.984 [FXGL Background Thread 3 ] DEBUG Engine               - pixelsPerMeter: 50.0
22:40:13.984 [FXGL Background Thread 3 ] DEBUG Engine               - platform: WINDOWS
22:40:13.984 [FXGL Background Thread 3 ] DEBUG Engine               - prefHeightProperty: ReadOnlyDoubleProperty [value: 1024.0]
22:40:13.984 [FXGL Background Thread 3 ] DEBUG Engine               - prefWidthProperty: ReadOnlyDoubleProperty [value: 1024.0]
22:40:13.984 [FXGL Background Thread 3 ] DEBUG Engine               - profileDir: profiles/
22:40:13.984 [FXGL Background Thread 3 ] DEBUG Engine               - profileName: StringProperty [value: DEFAULT]
22:40:13.984 [FXGL Background Thread 3 ] DEBUG Engine               - randomSeed: -1
22:40:13.984 [FXGL Background Thread 3 ] DEBUG Engine               - runtimeInfo: RuntimeInfo(platform=WINDOWS, version=17.2, build=20.08.2022 16.50)
22:40:13.984 [FXGL Background Thread 3 ] DEBUG Engine               - saveFileExt: sav
22:40:13.984 [FXGL Background Thread 3 ] DEBUG Engine               - scaledHeightProp$fxgl: DoubleProperty [bound, value: 1024.0]
22:40:13.985 [FXGL Background Thread 3 ] DEBUG Engine               - scaledWidthProp$fxgl: DoubleProperty [bound, value: 1024.0]
22:40:13.985 [FXGL Background Thread 3 ] DEBUG Engine               - sceneFactory: myGame.DawnseekerApp$1@5e19b040
22:40:13.985 [FXGL Background Thread 3 ] DEBUG Engine               - secondsIn24h: 60
22:40:13.985 [FXGL Background Thread 3 ] DEBUG Engine               - soundMenuBack: menu/back.wav
22:40:13.985 [FXGL Background Thread 3 ] DEBUG Engine               - soundMenuPress: menu/press.wav
22:40:13.985 [FXGL Background Thread 3 ] DEBUG Engine               - soundMenuSelect: menu/select.wav
22:40:13.985 [FXGL Background Thread 3 ] DEBUG Engine               - soundNotification: core/notification.wav
22:40:13.985 [FXGL Background Thread 3 ] DEBUG Engine               - stageStyle: DECORATED
22:40:13.985 [FXGL Background Thread 3 ] DEBUG Engine               - supportedLanguages: [ENGLISH, FRENCH, GERMAN, HUNGARIAN, RUSSIAN]
22:40:13.985 [FXGL Background Thread 3 ] DEBUG Engine               - ticksPerSecond: -1
22:40:13.985 [FXGL Background Thread 3 ] DEBUG Engine               - title: Dawnseeker
22:40:13.985 [FXGL Background Thread 3 ] DEBUG Engine               - urlGithub: https://github.com/AlmasB/FXGL
22:40:13.985 [FXGL Background Thread 3 ] DEBUG Engine               - urlLeaderboard: http://fxgl-top.herokuapp.com/
22:40:13.985 [FXGL Background Thread 3 ] DEBUG Engine               - urlPOM: https://raw.githubusercontent.com/AlmasB/FXGL/release/README.md
22:40:13.985 [FXGL Background Thread 3 ] DEBUG Engine               - userAppClass: class myGame.DawnseekerApp
22:40:13.985 [FXGL Background Thread 3 ] DEBUG Engine               - version: 0.2
22:40:13.985 [FXGL Background Thread 3 ] DEBUG Engine               - versionCheckDays: 7
22:40:13.985 [FXGL Background Thread 3 ] DEBUG Engine               - width: 1024
22:40:13.985 [FXGL Background Thread 3 ] DEBUG Engine               - Logging services
22:40:13.985 [FXGL Background Thread 3 ] DEBUG Engine               - class com.almasb.fxgl.app.services.FXGLAssetLoaderService
22:40:13.985 [FXGL Background Thread 3 ] DEBUG Engine               - class com.almasb.fxgl.app.FXGLApplication$GameApplicationService
22:40:13.985 [FXGL Background Thread 3 ] DEBUG Engine               - class com.almasb.fxgl.app.services.FXGLDialogService
22:40:13.985 [FXGL Background Thread 3 ] DEBUG Engine               - class com.almasb.fxgl.app.services.IOTaskExecutorService
22:40:13.985 [FXGL Background Thread 3 ] DEBUG Engine               - class com.almasb.fxgl.io.FileSystemService
22:40:13.985 [FXGL Background Thread 3 ] DEBUG Engine               - class com.almasb.fxgl.localization.LocalizationService
22:40:13.985 [FXGL Background Thread 3 ] DEBUG Engine               - class com.almasb.fxgl.app.services.SystemBundleService
22:40:13.985 [FXGL Background Thread 3 ] DEBUG Engine               - class com.almasb.fxgl.profile.SaveLoadService
22:40:13.985 [FXGL Background Thread 3 ] DEBUG Engine               - class com.almasb.fxgl.ui.FXGLUIFactoryServiceProvider
22:40:13.985 [FXGL Background Thread 3 ] DEBUG Engine               - class com.almasb.fxgl.ui.FXGLDialogFactoryServiceProvider
22:40:13.985 [FXGL Background Thread 3 ] DEBUG Engine               - class com.almasb.fxgl.audio.AudioPlayer
22:40:13.985 [FXGL Background Thread 3 ] DEBUG Engine               - class com.almasb.fxgl.notification.impl.NotificationServiceProvider
22:40:13.985 [FXGL Background Thread 3 ] DEBUG Engine               - class com.almasb.fxgl.achievement.AchievementService
22:40:13.986 [FXGL Background Thread 3 ] DEBUG Engine               - class com.almasb.fxgl.cutscene.CutsceneService
22:40:13.986 [FXGL Background Thread 3 ] DEBUG Engine               - class com.almasb.fxgl.minigames.MiniGameService
22:40:13.986 [FXGL Background Thread 3 ] DEBUG Engine               - class com.almasb.fxgl.net.NetService
22:40:13.986 [FXGL Background Thread 3 ] DEBUG Engine               - class com.almasb.fxgl.app.services.UpdaterService
22:40:13.986 [FXGL Background Thread 3 ] DEBUG Engine               - class com.almasb.fxgl.dev.DevService
22:40:23.488 [JavaFX Application Thread] DEBUG FXGLApplication      - Exiting FXGL
22:40:23.488 [JavaFX Application Thread] DEBUG Async                - Shutting down background threads
22:40:23.488 [JavaFX Application Thread] DEBUG PrimaryStageWindow   - Closing main window
22:40:23.499 [JavaFX Application Thread] DEBUG Logger               - Closing Logger
