15:13:05.351 [main                     ] DEBUG Logger               - Configured Logger
15:13:05.385 [main                     ] DEBUG GameApplication      - Logging settings
Title: Dawnseeker
Version: 0.1
Width: 1024
Height: 1024
Fullscreen: false
Intro: false
Profiling: false
Single step:false
App Mode: DEVELOPER
Menu Key: ESCAPE
Stage Style: DECORATED
Scene Factory: class com.almasb.fxgl.app.scene.SceneFactory

15:13:06.034 [JavaFX Application Thread] DEBUG FXGLApplication      - Initializing FXGL
15:13:06.043 [JavaFX Application Thread] INFO  Engine               - FXGL-17.2 (20.08.2022 16.50) on WINDOWS (J:19.0.2 FX:18)
15:13:06.043 [JavaFX Application Thread] DEBUG Engine               - JRE Vendor Name: Oracle Corporation
15:13:06.044 [JavaFX Application Thread] DEBUG Engine               - Running on OS: Windows 10 version 10.0
15:13:06.044 [JavaFX Application Thread] DEBUG Engine               - Architecture: amd64
15:13:06.044 [JavaFX Application Thread] INFO  Engine               - Source code and latest versions at: https://github.com/AlmasB/FXGL
15:13:06.045 [JavaFX Application Thread] INFO  Engine               -       Ask questions and discuss at: https://github.com/AlmasB/FXGL/discussions
15:13:06.045 [JavaFX Application Thread] INFO  Engine               -              Join the FXGL chat at: https://gitter.im/AlmasB/FXGL
15:13:06.248 [JavaFX Application Thread] DEBUG PrimaryStageWindow   - Creating a JavaFX scene
15:13:06.248 [JavaFX Application Thread] DEBUG PrimaryStageWindow   - Target size > screen size
15:13:06.318 [JavaFX Application Thread] DEBUG PrimaryStageWindow   - Target settings size: 1024.0 x 1024.0
15:13:06.319 [JavaFX Application Thread] DEBUG PrimaryStageWindow   - Scaled scene size:    799.0 x 824.0
15:13:06.319 [JavaFX Application Thread] DEBUG PrimaryStageWindow   - Scaled ratio: (0.7802734375, 0.8046875)
15:13:06.320 [JavaFX Application Thread] DEBUG PrimaryStageWindow   - Set initial scene to FXGLStartupScene
15:13:06.331 [JavaFX Application Thread] DEBUG PrimaryStageWindow   - Opening main window
15:13:06.460 [JavaFX Application Thread] DEBUG PrimaryStageWindow   - Window border size: (14.5999755859375, 37.5999755859375)
15:13:06.461 [JavaFX Application Thread] DEBUG PrimaryStageWindow   - Scaled size: 799.0 x 824.0
15:13:06.461 [JavaFX Application Thread] DEBUG PrimaryStageWindow   - Scaled ratio: (0.7802734375, 0.8046875)
15:13:06.462 [JavaFX Application Thread] DEBUG PrimaryStageWindow   - Scene size: 799.0 x 824.0
15:13:06.462 [JavaFX Application Thread] DEBUG PrimaryStageWindow   - Stage size: 813.5999755859375 x 861.5999755859375
15:13:06.479 [FXGL Background Thread 1 ] DEBUG Engine               - Initializing environment variables
15:13:06.580 [FXGL Background Thread 1 ] DEBUG FXGLAssetLoaderServi - User app class for loading assets: class myGame.DawnseekerInit
15:13:06.581 [FXGL Background Thread 1 ] DEBUG GameApplicationServi - Applying CSS: fxgl_dark.css
15:13:06.583 [FXGL Background Thread 1 ] DEBUG FXGLAssetLoaderServi - Loading from file system: jar:file:/C:/Users/narro/.m2/repository/com/github/almasb/fxgl/17.2/fxgl-17.2.jar!/fxglassets/ui/css/fxgl_dark.css
15:13:06.651 [FXGL Background Thread 1 ] DEBUG GameApplicationServi - Initializing application scenes
15:13:06.709 [FXGL Background Thread 1 ] DEBUG GameWorld            - Game world initialized
15:13:06.805 [FXGL Background Thread 1 ] DEBUG PhysicsWorld         - Physics world initialized: appHeight=1024, physics.ppm=50.0
15:13:06.805 [FXGL Background Thread 1 ] DEBUG PhysicsWorld         - Using strategy: BRUTE_FORCE
15:13:06.815 [FXGL Background Thread 1 ] DEBUG GameScene            - Game scene initialized: 1024x1024
15:13:06.836 [FXGL Background Thread 1 ] DEBUG FXGL.DefaultMenu     - createMenuBodyGameMenu()
15:13:06.856 [FXGL Background Thread 1 ] DEBUG FXGL.DefaultMenu     - createOptionsMenu()
15:13:06.870 [FXGL Background Thread 1 ] DEBUG FXGLAssetLoaderServi - Loading from file system: jar:file:/C:/Users/narro/.m2/repository/com/github/almasb/fxgl/17.2/fxgl-17.2.jar!/fxglassets/textures/particles/smoke.png
15:13:07.016 [FXGL Background Thread 1 ] DEBUG FXGLAssetLoaderServi - Loading from file system: jar:file:/C:/Users/narro/.m2/repository/com/github/almasb/fxgl/17.2/fxgl-17.2.jar!/fxglassets/textures/particles/trace_horizontal.png
15:13:07.054 [FXGL Background Thread 1 ] DEBUG GameApplicationServi - Application scenes initialized
15:13:07.070 [FXGL Background Thread 1 ] DEBUG SystemBundleService  - Loading FXGL system data
15:13:07.079 [FXGL Background Thread 1 ] DEBUG FileSystemAccess     - Reading from: C:\Users\narro\eclipse-workspace\Dawnseeker\system\fxgl.bundle
15:13:07.090 [FXGL Background Thread 1 ] DEBUG SystemBundleService  - Bundle FXGL: {}
15:13:07.090 [FXGL Background Thread 1 ] DEBUG UpdaterService       - Checking for updates
15:13:07.095 [FXGL Background Thread 4 ] DEBUG FXGLApplication      - Loading fonts
15:13:07.096 [FXGL Background Thread 4 ] DEBUG FXGLAssetLoaderServi - Loading from file system: jar:file:/C:/Users/narro/.m2/repository/com/github/almasb/fxgl/17.2/fxgl-17.2.jar!/fxglassets/ui/fonts/VarelaRound-Regular.ttf
15:13:07.096 [FXGL Background Thread 1 ] DEBUG FXGLApplication      - Loading default localization
15:13:07.097 [FXGL Background Thread 1 ] DEBUG FXGLAssetLoaderServi - Loading from file system: jar:file:/C:/Users/narro/.m2/repository/com/github/almasb/fxgl/17.2/fxgl-17.2.jar!/fxglassets/languages/english.lang
15:13:07.138 [FXGL Background Thread 1 ] INFO  FXGLApplication      - FXGL initialization took: 0.659 sec
15:13:07.140 [JavaFX Application Thread] DEBUG FXGLAssetLoaderServi - Loading from file system: jar:file:/C:/Users/narro/.m2/repository/com/github/almasb/fxgl/17.2/fxgl-17.2.jar!/fxglassets/textures/fxgl_icon.png
15:13:07.166 [JavaFX Application Thread] DEBUG FXGLAssetLoaderServi - Loading from file system: jar:file:/C:/Users/narro/.m2/repository/com/github/almasb/fxgl/17.2/fxgl-17.2.jar!/fxglassets/textures/fxgl_default_cursor.png
15:13:07.186 [JavaFX Application Thread] DEBUG Input                - Registered new binding: Screenshot - CTRL+8
15:13:07.187 [JavaFX Application Thread] DEBUG Input                - Registered new binding: System info dump - CTRL+9
15:13:07.187 [JavaFX Application Thread] DEBUG Input                - Registered new binding: Restart - CTRL+R
15:13:07.188 [JavaFX Application Thread] DEBUG Input                - Registered new binding: Toggle Debug Camera - CTRL+7
15:13:07.192 [JavaFX Application Thread] DEBUG LoopRunner           - Starting loop
15:13:07.192 [JavaFX Application Thread] DEBUG LoopRunner           - Initializing JavaFX AnimationTimerLoop
15:13:07.195 [JavaFX Application Thread] DEBUG GameApplicationServi - Starting new game
15:13:07.196 [JavaFX Application Thread] DEBUG Input                - Clearing active input actions
15:13:07.213 [JavaFX Application Thread] DEBUG GameApplicationServi - Removing overlay from FXGLStartupScene and adding to FXGLLoadingScene
15:13:07.214 [JavaFX Application Thread] DEBUG PrimaryStageWindow   - FXGLStartupScene -> FXGLLoadingScene
15:13:07.214 [JavaFX Application Thread] DEBUG GameApplicationServi - Clearing previous game
15:13:07.214 [JavaFX Application Thread] DEBUG GameScene            - Clearing game scene
15:13:07.214 [JavaFX Application Thread] DEBUG GameWorld            - Clearing game world
15:13:07.215 [JavaFX Application Thread] DEBUG PhysicsWorld         - Clearing physics world
15:13:07.217 [FXGL Background Thread 1 ] DEBUG FXGLApplication      - Initializing game
15:13:07.239 [FXGL Background Thread 4 ] DEBUG FXGLAssetLoaderServi - Loading from file system: jar:file:/C:/Users/narro/.m2/repository/com/github/almasb/fxgl/17.2/fxgl-17.2.jar!/fxglassets/ui/fonts/Abel-Regular.ttf
15:13:07.241 [FXGL Background Thread 1 ] WARN  GameWorld            - Entity is already attached to world
15:13:07.261 [FXGL Background Thread 4 ] DEBUG FXGLAssetLoaderServi - Loading from file system: jar:file:/C:/Users/narro/.m2/repository/com/github/almasb/fxgl/17.2/fxgl-17.2.jar!/fxglassets/ui/fonts/TerminalLandMono-Regular.otf
15:13:07.273 [FXGL Background Thread 1 ] WARN  GameWorld            - Entity is already attached to world
15:13:07.274 [FXGL Background Thread 1 ] WARN  GameWorld            - Entity is already attached to world
15:13:07.276 [FXGL Background Thread 1 ] WARN  GameWorld            - Entity is already attached to world
15:13:07.278 [FXGL Background Thread 1 ] WARN  GameWorld            - Entity is already attached to world
15:13:07.280 [FXGL Background Thread 4 ] DEBUG FXGLAssetLoaderServi - Loading from file system: jar:file:/C:/Users/narro/.m2/repository/com/github/almasb/fxgl/17.2/fxgl-17.2.jar!/fxglassets/ui/fonts/Courier-Prime.ttf
15:13:07.307 [FXGL Background Thread 1 ] INFO  FXGLApplication      - Game initialization took: 0.089 sec
15:13:07.442 [JavaFX Application Thread] DEBUG Input                - Clearing active input actions
15:13:07.457 [JavaFX Application Thread] DEBUG GameApplicationServi - Removing overlay from FXGLLoadingScene and adding to GameScene
15:13:07.457 [JavaFX Application Thread] DEBUG PrimaryStageWindow   - FXGLLoadingScene -> GameScene
15:13:07.458 [JavaFX Application Thread] DEBUG FXGLApplication      - Registering font factories with UI factory
15:13:10.097 [FXGL Background Thread 3 ] DEBUG Engine               - Logging environment variables
15:13:10.098 [FXGL Background Thread 3 ] DEBUG Engine               - achievements: []
15:13:10.099 [FXGL Background Thread 3 ] DEBUG Engine               - actualHeight: 824.0
15:13:10.099 [FXGL Background Thread 3 ] DEBUG Engine               - actualHeightProperty: ReadOnlyDoubleProperty [value: 824.0]
15:13:10.100 [FXGL Background Thread 3 ] DEBUG Engine               - actualWidth: 799.0
15:13:10.100 [FXGL Background Thread 3 ] DEBUG Engine               - actualWidthProperty: ReadOnlyDoubleProperty [value: 799.0]
15:13:10.100 [FXGL Background Thread 3 ] DEBUG Engine               - appIcon: fxgl_icon.png
15:13:10.100 [FXGL Background Thread 3 ] DEBUG Engine               - applicationMode: DEVELOPER
15:13:10.101 [FXGL Background Thread 3 ] DEBUG Engine               - cSSList: [fxgl_dark.css]
15:13:10.101 [FXGL Background Thread 3 ] DEBUG Engine               - collisionDetectionStrategy: BRUTE_FORCE
15:13:10.101 [FXGL Background Thread 3 ] DEBUG Engine               - configClass: Optional.empty
15:13:10.101 [FXGL Background Thread 3 ] DEBUG Engine               - credits: []
15:13:10.102 [FXGL Background Thread 3 ] DEBUG Engine               - defaultCursor: CursorInfo(imageName=fxgl_default_cursor.png, hotspotX=7.0, hotspotY=6.0)
15:13:10.103 [FXGL Background Thread 3 ] DEBUG Engine               - devBBoxColorProperty: ObjectProperty [value: 0xff0000ff]
15:13:10.103 [FXGL Background Thread 3 ] DEBUG Engine               - devEnableDebugCameraProperty: BooleanProperty [value: false]
15:13:10.104 [FXGL Background Thread 3 ] DEBUG Engine               - devSensorColorProperty: ObjectProperty [value: 0xffff00ff]
15:13:10.104 [FXGL Background Thread 3 ] DEBUG Engine               - devShowBBoxProperty: BooleanProperty [value: false]
15:13:10.104 [FXGL Background Thread 3 ] DEBUG Engine               - devShowPositionProperty: BooleanProperty [value: false]
15:13:10.104 [FXGL Background Thread 3 ] DEBUG Engine               - enabledMenuItems: []
15:13:10.105 [FXGL Background Thread 3 ] DEBUG Engine               - engineServices: [class com.almasb.fxgl.app.services.FXGLAssetLoaderService, class com.almasb.fxgl.app.FXGLApplication$GameApplicationService, class com.almasb.fxgl.app.services.FXGLDialogService, class com.almasb.fxgl.app.services.IOTaskExecutorService, class com.almasb.fxgl.io.FileSystemService, class com.almasb.fxgl.localization.LocalizationService, class com.almasb.fxgl.app.services.SystemBundleService, class com.almasb.fxgl.profile.SaveLoadService, class com.almasb.fxgl.ui.FXGLUIFactoryServiceProvider, class com.almasb.fxgl.ui.FXGLDialogFactoryServiceProvider, class com.almasb.fxgl.audio.AudioPlayer, class com.almasb.fxgl.notification.impl.NotificationServiceProvider, class com.almasb.fxgl.achievement.AchievementService, class com.almasb.fxgl.cutscene.CutsceneService, class com.almasb.fxgl.minigames.MiniGameService, class com.almasb.fxgl.net.NetService, class com.almasb.fxgl.app.services.UpdaterService, class com.almasb.fxgl.dev.DevService]
15:13:10.105 [FXGL Background Thread 3 ] DEBUG Engine               - fontGame: Abel-Regular.ttf
15:13:10.105 [FXGL Background Thread 3 ] DEBUG Engine               - fontMono: TerminalLandMono-Regular.otf
15:13:10.106 [FXGL Background Thread 3 ] DEBUG Engine               - fontText: Courier-Prime.ttf
15:13:10.106 [FXGL Background Thread 3 ] DEBUG Engine               - fontUI: VarelaRound-Regular.ttf
15:13:10.106 [FXGL Background Thread 3 ] DEBUG Engine               - fullScreen: BooleanProperty [value: false]
15:13:10.106 [FXGL Background Thread 3 ] DEBUG Engine               - gameDifficulty: MEDIUM
15:13:10.107 [FXGL Background Thread 3 ] DEBUG Engine               - gameDifficultyProperty: ObjectProperty [value: MEDIUM]
15:13:10.107 [FXGL Background Thread 3 ] DEBUG Engine               - globalMusicVolume: 0.5
15:13:10.110 [FXGL Background Thread 3 ] DEBUG Engine               - globalMusicVolumeProperty: DoubleProperty [value: 0.5]
15:13:10.110 [FXGL Background Thread 3 ] DEBUG Engine               - globalSoundVolume: 0.5
15:13:10.110 [FXGL Background Thread 3 ] DEBUG Engine               - globalSoundVolumeProperty: DoubleProperty [value: 0.5]
15:13:10.111 [FXGL Background Thread 3 ] DEBUG Engine               - height: 1024
15:13:10.111 [FXGL Background Thread 3 ] DEBUG Engine               - is3D: false
15:13:10.111 [FXGL Background Thread 3 ] DEBUG Engine               - isAndroid: false
15:13:10.112 [FXGL Background Thread 3 ] DEBUG Engine               - isBrowser: false
15:13:10.112 [FXGL Background Thread 3 ] DEBUG Engine               - isClickFeedbackEnabled: false
15:13:10.113 [FXGL Background Thread 3 ] DEBUG Engine               - isCloseConfirmation: false
15:13:10.113 [FXGL Background Thread 3 ] DEBUG Engine               - isDesktop: true
15:13:10.113 [FXGL Background Thread 3 ] DEBUG Engine               - isDeveloperMenuEnabled: false
15:13:10.114 [FXGL Background Thread 3 ] DEBUG Engine               - isEmbedded: false
15:13:10.114 [FXGL Background Thread 3 ] DEBUG Engine               - isEntityPreloadEnabled: true
15:13:10.114 [FXGL Background Thread 3 ] DEBUG Engine               - isExperimentalTiledLargeMap: false
15:13:10.114 [FXGL Background Thread 3 ] DEBUG Engine               - isFileSystemWriteAllowed: true
15:13:10.114 [FXGL Background Thread 3 ] DEBUG Engine               - isFullScreenAllowed: false
15:13:10.115 [FXGL Background Thread 3 ] DEBUG Engine               - isFullScreenFromStart: false
15:13:10.115 [FXGL Background Thread 3 ] DEBUG Engine               - isGameMenuEnabled: true
15:13:10.115 [FXGL Background Thread 3 ] DEBUG Engine               - isIOS: false
15:13:10.115 [FXGL Background Thread 3 ] DEBUG Engine               - isIntroEnabled: false
15:13:10.116 [FXGL Background Thread 3 ] DEBUG Engine               - isLinux: false
15:13:10.116 [FXGL Background Thread 3 ] DEBUG Engine               - isMac: false
15:13:10.116 [FXGL Background Thread 3 ] DEBUG Engine               - isMainMenuEnabled: false
15:13:10.116 [FXGL Background Thread 3 ] DEBUG Engine               - isManualResizeEnabled: false
15:13:10.117 [FXGL Background Thread 3 ] DEBUG Engine               - isMobile: false
15:13:10.117 [FXGL Background Thread 3 ] DEBUG Engine               - isNative: false
15:13:10.117 [FXGL Background Thread 3 ] DEBUG Engine               - isPauseMusicWhenMinimized: true
15:13:10.118 [FXGL Background Thread 3 ] DEBUG Engine               - isPreserveResizeRatio: false
15:13:10.118 [FXGL Background Thread 3 ] DEBUG Engine               - isProfilingEnabled: false
15:13:10.118 [FXGL Background Thread 3 ] DEBUG Engine               - isScaleAffectedOnResize: true
15:13:10.118 [FXGL Background Thread 3 ] DEBUG Engine               - isSingleStep: false
15:13:10.118 [FXGL Background Thread 3 ] DEBUG Engine               - isUserProfileEnabled: false
15:13:10.119 [FXGL Background Thread 3 ] DEBUG Engine               - isWindows: true
15:13:10.119 [FXGL Background Thread 3 ] DEBUG Engine               - language: ObjectProperty [value: ENGLISH]
15:13:10.119 [FXGL Background Thread 3 ] DEBUG Engine               - menuKey: ESCAPE
15:13:10.119 [FXGL Background Thread 3 ] DEBUG Engine               - mouseSensitivity: 0.2
15:13:10.120 [FXGL Background Thread 3 ] DEBUG Engine               - notificationViewClass: class com.almasb.fxgl.notification.view.XboxNotificationView
15:13:10.120 [FXGL Background Thread 3 ] DEBUG Engine               - pixelsPerMeter: 50.0
15:13:10.120 [FXGL Background Thread 3 ] DEBUG Engine               - platform: WINDOWS
15:13:10.121 [FXGL Background Thread 3 ] DEBUG Engine               - prefHeightProperty: ReadOnlyDoubleProperty [value: 1024.0]
15:13:10.121 [FXGL Background Thread 3 ] DEBUG Engine               - prefWidthProperty: ReadOnlyDoubleProperty [value: 1024.0]
15:13:10.121 [FXGL Background Thread 3 ] DEBUG Engine               - profileDir: profiles/
15:13:10.122 [FXGL Background Thread 3 ] DEBUG Engine               - profileName: StringProperty [value: DEFAULT]
15:13:10.122 [FXGL Background Thread 3 ] DEBUG Engine               - randomSeed: -1
15:13:10.123 [FXGL Background Thread 3 ] DEBUG Engine               - runtimeInfo: RuntimeInfo(platform=WINDOWS, version=17.2, build=20.08.2022 16.50)
15:13:10.123 [FXGL Background Thread 3 ] DEBUG Engine               - saveFileExt: sav
15:13:10.123 [FXGL Background Thread 3 ] DEBUG Engine               - scaledHeightProp$fxgl: DoubleProperty [bound, value: 824.0]
15:13:10.124 [FXGL Background Thread 3 ] DEBUG Engine               - scaledWidthProp$fxgl: DoubleProperty [bound, value: 799.0]
15:13:10.124 [FXGL Background Thread 3 ] DEBUG Engine               - sceneFactory: com.almasb.fxgl.app.scene.SceneFactory@716444a5
15:13:10.124 [FXGL Background Thread 3 ] DEBUG Engine               - secondsIn24h: 60
15:13:10.124 [FXGL Background Thread 3 ] DEBUG Engine               - soundMenuBack: menu/back.wav
15:13:10.125 [FXGL Background Thread 3 ] DEBUG Engine               - soundMenuPress: menu/press.wav
15:13:10.125 [FXGL Background Thread 3 ] DEBUG Engine               - soundMenuSelect: menu/select.wav
15:13:10.125 [FXGL Background Thread 3 ] DEBUG Engine               - soundNotification: core/notification.wav
15:13:10.126 [FXGL Background Thread 3 ] DEBUG Engine               - stageStyle: DECORATED
15:13:10.126 [FXGL Background Thread 3 ] DEBUG Engine               - supportedLanguages: [ENGLISH, FRENCH, GERMAN, HUNGARIAN, RUSSIAN]
15:13:10.127 [FXGL Background Thread 3 ] DEBUG Engine               - ticksPerSecond: -1
15:13:10.127 [FXGL Background Thread 3 ] DEBUG Engine               - title: Dawnseeker
15:13:10.128 [FXGL Background Thread 3 ] DEBUG Engine               - urlGithub: https://github.com/AlmasB/FXGL
15:13:10.128 [FXGL Background Thread 3 ] DEBUG Engine               - urlLeaderboard: http://fxgl-top.herokuapp.com/
15:13:10.129 [FXGL Background Thread 3 ] DEBUG Engine               - urlPOM: https://raw.githubusercontent.com/AlmasB/FXGL/release/README.md
15:13:10.130 [FXGL Background Thread 3 ] DEBUG Engine               - userAppClass: class myGame.DawnseekerInit
15:13:10.130 [FXGL Background Thread 3 ] DEBUG Engine               - version: 0.1
15:13:10.130 [FXGL Background Thread 3 ] DEBUG Engine               - versionCheckDays: 7
15:13:10.131 [FXGL Background Thread 3 ] DEBUG Engine               - width: 1024
15:13:10.131 [FXGL Background Thread 3 ] DEBUG Engine               - Logging services
15:13:10.132 [FXGL Background Thread 3 ] DEBUG Engine               - class com.almasb.fxgl.app.services.FXGLAssetLoaderService
15:13:10.132 [FXGL Background Thread 3 ] DEBUG Engine               - class com.almasb.fxgl.app.FXGLApplication$GameApplicationService
15:13:10.132 [FXGL Background Thread 3 ] DEBUG Engine               - class com.almasb.fxgl.app.services.FXGLDialogService
15:13:10.133 [FXGL Background Thread 3 ] DEBUG Engine               - class com.almasb.fxgl.app.services.IOTaskExecutorService
15:13:10.133 [FXGL Background Thread 3 ] DEBUG Engine               - class com.almasb.fxgl.io.FileSystemService
15:13:10.133 [FXGL Background Thread 3 ] DEBUG Engine               - class com.almasb.fxgl.localization.LocalizationService
15:13:10.133 [FXGL Background Thread 3 ] DEBUG Engine               - class com.almasb.fxgl.app.services.SystemBundleService
15:13:10.134 [FXGL Background Thread 3 ] DEBUG Engine               - class com.almasb.fxgl.profile.SaveLoadService
15:13:10.134 [FXGL Background Thread 3 ] DEBUG Engine               - class com.almasb.fxgl.ui.FXGLUIFactoryServiceProvider
15:13:10.134 [FXGL Background Thread 3 ] DEBUG Engine               - class com.almasb.fxgl.ui.FXGLDialogFactoryServiceProvider
15:13:10.134 [FXGL Background Thread 3 ] DEBUG Engine               - class com.almasb.fxgl.audio.AudioPlayer
15:13:10.135 [FXGL Background Thread 3 ] DEBUG Engine               - class com.almasb.fxgl.notification.impl.NotificationServiceProvider
15:13:10.135 [FXGL Background Thread 3 ] DEBUG Engine               - class com.almasb.fxgl.achievement.AchievementService
15:13:10.135 [FXGL Background Thread 3 ] DEBUG Engine               - class com.almasb.fxgl.cutscene.CutsceneService
15:13:10.136 [FXGL Background Thread 3 ] DEBUG Engine               - class com.almasb.fxgl.minigames.MiniGameService
15:13:10.136 [FXGL Background Thread 3 ] DEBUG Engine               - class com.almasb.fxgl.net.NetService
15:13:10.136 [FXGL Background Thread 3 ] DEBUG Engine               - class com.almasb.fxgl.app.services.UpdaterService
15:13:10.136 [FXGL Background Thread 3 ] DEBUG Engine               - class com.almasb.fxgl.dev.DevService
15:13:18.493 [JavaFX Application Thread] DEBUG FXGLApplication      - Exiting FXGL
15:13:18.493 [JavaFX Application Thread] DEBUG LoopRunner           - Stopping loop
15:13:18.494 [JavaFX Application Thread] DEBUG SystemBundleService  - Saving FXGL system data
15:13:18.499 [JavaFX Application Thread] DEBUG FileSystemAccess     - Writing to: C:\Users\narro\eclipse-workspace\Dawnseeker\system\fxgl.bundle
15:13:18.505 [JavaFX Application Thread] DEBUG Async                - Shutting down background threads
15:13:18.506 [JavaFX Application Thread] DEBUG PrimaryStageWindow   - Closing main window
15:13:18.543 [JavaFX Application Thread] DEBUG Logger               - Closing Logger
