12:15:48.334 [main                     ] DEBUG Logger               - Configured Logger
12:15:48.367 [main                     ] DEBUG GameApplication      - Logging settings
Title: Dawnseeker
Version: 0.1
Width: 1024
Height: 1024
Fullscreen: false
Intro: false
Profiling: false
Single step:false
App Mode: DEVELOPER
Menu Key: ESCAPE
Stage Style: DECORATED
Scene Factory: class com.almasb.fxgl.app.scene.SceneFactory

12:15:49.073 [JavaFX Application Thread] DEBUG FXGLApplication      - Initializing FXGL
12:15:49.079 [JavaFX Application Thread] INFO  Engine               - FXGL-17.2 (20.08.2022 16.50) on WINDOWS (J:19.0.2 FX:18)
12:15:49.080 [JavaFX Application Thread] DEBUG Engine               - JRE Vendor Name: Oracle Corporation
12:15:49.080 [JavaFX Application Thread] DEBUG Engine               - Running on OS: Windows 10 version 10.0
12:15:49.080 [JavaFX Application Thread] DEBUG Engine               - Architecture: amd64
12:15:49.081 [JavaFX Application Thread] INFO  Engine               - Source code and latest versions at: https://github.com/AlmasB/FXGL
12:15:49.081 [JavaFX Application Thread] INFO  Engine               -       Ask questions and discuss at: https://github.com/AlmasB/FXGL/discussions
12:15:49.081 [JavaFX Application Thread] INFO  Engine               -              Join the FXGL chat at: https://gitter.im/AlmasB/FXGL
12:15:49.254 [JavaFX Application Thread] DEBUG PrimaryStageWindow   - Creating a JavaFX scene
12:15:49.255 [JavaFX Application Thread] DEBUG PrimaryStageWindow   - Target size > screen size
12:15:49.385 [JavaFX Application Thread] DEBUG PrimaryStageWindow   - Target settings size: 1024.0 x 1024.0
12:15:49.386 [JavaFX Application Thread] DEBUG PrimaryStageWindow   - Scaled scene size:    799.0 x 824.0
12:15:49.387 [JavaFX Application Thread] DEBUG PrimaryStageWindow   - Scaled ratio: (0.7802734375, 0.8046875)
12:15:49.390 [JavaFX Application Thread] DEBUG PrimaryStageWindow   - Set initial scene to FXGLStartupScene
12:15:49.405 [JavaFX Application Thread] DEBUG PrimaryStageWindow   - Opening main window
12:15:49.640 [JavaFX Application Thread] DEBUG PrimaryStageWindow   - Window border size: (14.5999755859375, 37.5999755859375)
12:15:49.641 [JavaFX Application Thread] DEBUG PrimaryStageWindow   - Scaled size: 799.0 x 824.0
12:15:49.641 [JavaFX Application Thread] DEBUG PrimaryStageWindow   - Scaled ratio: (0.7802734375, 0.8046875)
12:15:49.642 [JavaFX Application Thread] DEBUG PrimaryStageWindow   - Scene size: 799.0 x 824.0
12:15:49.642 [JavaFX Application Thread] DEBUG PrimaryStageWindow   - Stage size: 813.5999755859375 x 861.5999755859375
12:15:49.662 [FXGL Background Thread 1 ] DEBUG Engine               - Initializing environment variables
12:15:49.809 [FXGL Background Thread 1 ] DEBUG FXGLAssetLoaderServi - User app class for loading assets: class myGame.DawnseekerApp
12:15:49.810 [FXGL Background Thread 1 ] DEBUG GameApplicationServi - Applying CSS: fxgl_dark.css
12:15:49.813 [FXGL Background Thread 1 ] DEBUG FXGLAssetLoaderServi - Loading from file system: jar:file:/C:/Users/narro/.m2/repository/com/github/almasb/fxgl/17.2/fxgl-17.2.jar!/fxglassets/ui/css/fxgl_dark.css
12:15:49.934 [FXGL Background Thread 1 ] DEBUG GameApplicationServi - Initializing application scenes
12:15:50.026 [FXGL Background Thread 1 ] DEBUG GameWorld            - Game world initialized
12:15:50.145 [FXGL Background Thread 1 ] DEBUG PhysicsWorld         - Physics world initialized: appHeight=1024, physics.ppm=50.0
12:15:50.145 [FXGL Background Thread 1 ] DEBUG PhysicsWorld         - Using strategy: BRUTE_FORCE
12:15:50.154 [FXGL Background Thread 1 ] DEBUG GameScene            - Game scene initialized: 1024x1024
12:15:50.179 [FXGL Background Thread 1 ] DEBUG FXGL.DefaultMenu     - createMenuBodyMainMenu()
12:15:50.209 [FXGL Background Thread 1 ] DEBUG FXGL.DefaultMenu     - createOptionsMenu()
12:15:50.224 [FXGL Background Thread 1 ] DEBUG FXGLAssetLoaderServi - Loading from file system: jar:file:/C:/Users/narro/.m2/repository/com/github/almasb/fxgl/17.2/fxgl-17.2.jar!/fxglassets/textures/particles/smoke.png
12:15:50.346 [FXGL Background Thread 1 ] DEBUG FXGLAssetLoaderServi - Loading from file system: jar:file:/C:/Users/narro/.m2/repository/com/github/almasb/fxgl/17.2/fxgl-17.2.jar!/fxglassets/textures/particles/trace_horizontal.png
12:15:50.379 [FXGL Background Thread 1 ] DEBUG FXGL.DefaultMenu     - createMenuBodyGameMenu()
12:15:50.380 [FXGL Background Thread 1 ] DEBUG FXGL.DefaultMenu     - createOptionsMenu()
12:15:50.394 [FXGL Background Thread 1 ] DEBUG GameApplicationServi - Application scenes initialized
12:15:50.408 [FXGL Background Thread 1 ] DEBUG SystemBundleService  - Loading FXGL system data
12:15:50.419 [FXGL Background Thread 1 ] DEBUG FileSystemAccess     - Reading from: C:\Users\narro\OneDrive\Documents\coleg\Spring 2023\CS 4900 Senior Seminiar\Dawnseeker\Dawnseeker\system\fxgl.bundle
12:15:50.432 [FXGL Background Thread 1 ] DEBUG SystemBundleService  - Bundle FXGL: {}
12:15:50.432 [FXGL Background Thread 1 ] DEBUG UpdaterService       - Checking for updates
12:15:50.435 [FXGL Background Thread 4 ] DEBUG FXGLApplication      - Loading fonts
12:15:50.436 [FXGL Background Thread 4 ] DEBUG FXGLAssetLoaderServi - Loading from file system: jar:file:/C:/Users/narro/.m2/repository/com/github/almasb/fxgl/17.2/fxgl-17.2.jar!/fxglassets/ui/fonts/VarelaRound-Regular.ttf
12:15:50.436 [FXGL Background Thread 1 ] DEBUG FXGLApplication      - Loading default localization
12:15:50.438 [FXGL Background Thread 1 ] DEBUG FXGLAssetLoaderServi - Loading from file system: jar:file:/C:/Users/narro/.m2/repository/com/github/almasb/fxgl/17.2/fxgl-17.2.jar!/fxglassets/languages/english.lang
12:15:50.473 [FXGL Background Thread 1 ] INFO  FXGLApplication      - FXGL initialization took: 0.811 sec
12:15:50.488 [JavaFX Application Thread] DEBUG Input                - Registered new binding: action0 - W
12:15:50.489 [JavaFX Application Thread] DEBUG Input                - Registered new binding: action1 - S
12:15:50.490 [JavaFX Application Thread] DEBUG Input                - Registered new binding: action2 - A
12:15:50.490 [JavaFX Application Thread] DEBUG Input                - Registered new binding: action3 - D
12:15:50.493 [JavaFX Application Thread] DEBUG Input                - Registered new binding: action4 - LMB
12:15:50.494 [JavaFX Application Thread] DEBUG FXGLAssetLoaderServi - Loading from file system: jar:file:/C:/Users/narro/.m2/repository/com/github/almasb/fxgl/17.2/fxgl-17.2.jar!/fxglassets/textures/fxgl_icon.png
12:15:50.519 [JavaFX Application Thread] DEBUG FXGLAssetLoaderServi - Loading from file system: jar:file:/C:/Users/narro/.m2/repository/com/github/almasb/fxgl/17.2/fxgl-17.2.jar!/fxglassets/textures/fxgl_default_cursor.png
12:15:50.523 [JavaFX Application Thread] DEBUG Input                - Registered new binding: Screenshot - CTRL+8
12:15:50.523 [JavaFX Application Thread] DEBUG Input                - Registered new binding: System info dump - CTRL+9
12:15:50.524 [JavaFX Application Thread] DEBUG Input                - Registered new binding: Restart - CTRL+R
12:15:50.525 [JavaFX Application Thread] DEBUG Input                - Registered new binding: Toggle Debug Camera - CTRL+7
12:15:50.528 [JavaFX Application Thread] DEBUG LoopRunner           - Starting loop
12:15:50.528 [JavaFX Application Thread] DEBUG LoopRunner           - Initializing JavaFX AnimationTimerLoop
12:15:50.533 [JavaFX Application Thread] DEBUG Input                - Clearing active input actions
12:15:50.543 [JavaFX Application Thread] DEBUG GameApplicationServi - Removing overlay from FXGLStartupScene and adding to FXGLMainMenuDummyScene
12:15:50.543 [JavaFX Application Thread] DEBUG PrimaryStageWindow   - FXGLStartupScene -> FXGLMainMenuDummyScene
12:15:50.544 [JavaFX Application Thread] DEBUG PrimaryStageWindow   - Push state: FXGLDefaultMenu
12:15:50.552 [JavaFX Application Thread] DEBUG Input                - Clearing active input actions
12:15:50.555 [FXGL Background Thread 4 ] DEBUG FXGLAssetLoaderServi - Loading from file system: jar:file:/C:/Users/narro/.m2/repository/com/github/almasb/fxgl/17.2/fxgl-17.2.jar!/fxglassets/ui/fonts/Abel-Regular.ttf
12:15:50.565 [JavaFX Application Thread] DEBUG GameApplicationServi - Removing overlay from FXGLMainMenuDummyScene and adding to FXGLDefaultMenu
12:15:50.566 [JavaFX Application Thread] DEBUG PrimaryStageWindow   - FXGLMainMenuDummyScene -> FXGLDefaultMenu
12:15:50.569 [FXGL Background Thread 4 ] DEBUG FXGLAssetLoaderServi - Loading from file system: jar:file:/C:/Users/narro/.m2/repository/com/github/almasb/fxgl/17.2/fxgl-17.2.jar!/fxglassets/ui/fonts/TerminalLandMono-Regular.otf
12:15:50.582 [FXGL Background Thread 4 ] DEBUG FXGLAssetLoaderServi - Loading from file system: jar:file:/C:/Users/narro/.m2/repository/com/github/almasb/fxgl/17.2/fxgl-17.2.jar!/fxglassets/ui/fonts/Courier-Prime.ttf
12:15:50.660 [JavaFX Application Thread] DEBUG FXGLApplication      - Registering font factories with UI factory
12:15:53.154 [JavaFX Application Thread] DEBUG Menu                 - fireNewGame()
12:15:53.154 [JavaFX Application Thread] DEBUG GameApplicationServi - Starting new game
12:15:53.157 [JavaFX Application Thread] DEBUG PrimaryStageWindow   - Pop state: FXGLDefaultMenu
12:15:53.157 [JavaFX Application Thread] DEBUG Input                - Clearing active input actions
12:15:53.158 [JavaFX Application Thread] DEBUG GameApplicationServi - Removing overlay from FXGLDefaultMenu and adding to FXGLMainMenuDummyScene
12:15:53.159 [JavaFX Application Thread] DEBUG PrimaryStageWindow   - FXGLMainMenuDummyScene <- FXGLDefaultMenu
12:15:53.159 [JavaFX Application Thread] DEBUG Input                - Clearing active input actions
12:15:53.175 [JavaFX Application Thread] DEBUG GameApplicationServi - Removing overlay from FXGLMainMenuDummyScene and adding to FXGLLoadingScene
12:15:53.175 [JavaFX Application Thread] DEBUG PrimaryStageWindow   - FXGLMainMenuDummyScene -> FXGLLoadingScene
12:15:53.176 [JavaFX Application Thread] DEBUG GameApplicationServi - Clearing previous game
12:15:53.176 [JavaFX Application Thread] DEBUG GameScene            - Clearing game scene
12:15:53.176 [JavaFX Application Thread] DEBUG GameWorld            - Clearing game world
12:15:53.176 [JavaFX Application Thread] DEBUG PhysicsWorld         - Clearing physics world
12:15:53.179 [FXGL Background Thread 2 ] DEBUG FXGLApplication      - Initializing game
12:15:53.216 [FXGL Background Thread 2 ] WARN  GameWorld            - Entity is already attached to world
12:15:53.217 [FXGL Background Thread 2 ] WARN  Entity               - Entity already has component: com.almasb.fxgl.entity.components.CollidableComponent
12:15:53.218 [FXGL Background Thread 2 ] WARN  GameWorld            - Entity is already attached to world
12:15:53.219 [FXGL Background Thread 2 ] WARN  Entity               - Entity already has component: com.almasb.fxgl.entity.components.CollidableComponent
12:15:53.219 [FXGL Background Thread 2 ] WARN  GameWorld            - Entity is already attached to world
12:15:53.221 [FXGL Background Thread 2 ] WARN  Entity               - Entity already has component: com.almasb.fxgl.entity.components.CollidableComponent
12:15:53.221 [FXGL Background Thread 2 ] WARN  GameWorld            - Entity is already attached to world
12:15:53.223 [FXGL Background Thread 2 ] WARN  Entity               - Entity already has component: com.almasb.fxgl.entity.components.CollidableComponent
12:15:53.224 [FXGL Background Thread 2 ] WARN  GameWorld            - Entity is already attached to world
12:15:53.226 [FXGL Background Thread 2 ] WARN  Entity               - Entity already has component: com.almasb.fxgl.entity.components.CollidableComponent
12:15:53.227 [FXGL Background Thread 2 ] WARN  GameWorld            - Entity is already attached to world
12:15:53.228 [FXGL Background Thread 2 ] WARN  Entity               - Entity already has component: com.almasb.fxgl.entity.components.CollidableComponent
12:15:53.228 [FXGL Background Thread 2 ] WARN  GameWorld            - Entity is already attached to world
12:15:53.229 [FXGL Background Thread 2 ] WARN  Entity               - Entity already has component: com.almasb.fxgl.entity.components.CollidableComponent
12:15:53.230 [FXGL Background Thread 2 ] WARN  GameWorld            - Entity is already attached to world
12:15:53.231 [FXGL Background Thread 2 ] WARN  Entity               - Entity already has component: com.almasb.fxgl.entity.components.CollidableComponent
12:15:53.231 [FXGL Background Thread 2 ] WARN  GameWorld            - Entity is already attached to world
12:15:53.260 [FXGL Background Thread 2 ] INFO  FXGLApplication      - Game initialization took: 0.081 sec
12:15:53.261 [JavaFX Application Thread] DEBUG Input                - Clearing active input actions
12:15:53.272 [JavaFX Application Thread] DEBUG GameApplicationServi - Removing overlay from FXGLLoadingScene and adding to GameScene
12:15:53.273 [JavaFX Application Thread] DEBUG PrimaryStageWindow   - FXGLLoadingScene -> GameScene
12:15:53.435 [FXGL Background Thread 3 ] DEBUG Engine               - Logging environment variables
12:15:53.435 [FXGL Background Thread 3 ] DEBUG Engine               - achievements: []
12:15:53.435 [FXGL Background Thread 3 ] DEBUG Engine               - actualHeight: 824.0
12:15:53.435 [FXGL Background Thread 3 ] DEBUG Engine               - actualHeightProperty: ReadOnlyDoubleProperty [value: 824.0]
12:15:53.436 [FXGL Background Thread 3 ] DEBUG Engine               - actualWidth: 799.0
12:15:53.436 [FXGL Background Thread 3 ] DEBUG Engine               - actualWidthProperty: ReadOnlyDoubleProperty [value: 799.0]
12:15:53.436 [FXGL Background Thread 3 ] DEBUG Engine               - appIcon: fxgl_icon.png
12:15:53.436 [FXGL Background Thread 3 ] DEBUG Engine               - applicationMode: DEVELOPER
12:15:53.436 [FXGL Background Thread 3 ] DEBUG Engine               - cSSList: [fxgl_dark.css]
12:15:53.436 [FXGL Background Thread 3 ] DEBUG Engine               - collisionDetectionStrategy: BRUTE_FORCE
12:15:53.436 [FXGL Background Thread 3 ] DEBUG Engine               - configClass: Optional.empty
12:15:53.436 [FXGL Background Thread 3 ] DEBUG Engine               - credits: []
12:15:53.436 [FXGL Background Thread 3 ] DEBUG Engine               - defaultCursor: CursorInfo(imageName=fxgl_default_cursor.png, hotspotX=7.0, hotspotY=6.0)
12:15:53.436 [FXGL Background Thread 3 ] DEBUG Engine               - devBBoxColorProperty: ObjectProperty [value: 0xff0000ff]
12:15:53.436 [FXGL Background Thread 3 ] DEBUG Engine               - devEnableDebugCameraProperty: BooleanProperty [value: false]
12:15:53.437 [FXGL Background Thread 3 ] DEBUG Engine               - devSensorColorProperty: ObjectProperty [value: 0xffff00ff]
12:15:53.437 [FXGL Background Thread 3 ] DEBUG Engine               - devShowBBoxProperty: BooleanProperty [value: false]
12:15:53.437 [FXGL Background Thread 3 ] DEBUG Engine               - devShowPositionProperty: BooleanProperty [value: false]
12:15:53.437 [FXGL Background Thread 3 ] DEBUG Engine               - enabledMenuItems: []
12:15:53.437 [FXGL Background Thread 3 ] DEBUG Engine               - engineServices: [class com.almasb.fxgl.app.services.FXGLAssetLoaderService, class com.almasb.fxgl.app.FXGLApplication$GameApplicationService, class com.almasb.fxgl.app.services.FXGLDialogService, class com.almasb.fxgl.app.services.IOTaskExecutorService, class com.almasb.fxgl.io.FileSystemService, class com.almasb.fxgl.localization.LocalizationService, class com.almasb.fxgl.app.services.SystemBundleService, class com.almasb.fxgl.profile.SaveLoadService, class com.almasb.fxgl.ui.FXGLUIFactoryServiceProvider, class com.almasb.fxgl.ui.FXGLDialogFactoryServiceProvider, class com.almasb.fxgl.audio.AudioPlayer, class com.almasb.fxgl.notification.impl.NotificationServiceProvider, class com.almasb.fxgl.achievement.AchievementService, class com.almasb.fxgl.cutscene.CutsceneService, class com.almasb.fxgl.minigames.MiniGameService, class com.almasb.fxgl.net.NetService, class com.almasb.fxgl.app.services.UpdaterService, class com.almasb.fxgl.dev.DevService]
12:15:53.437 [FXGL Background Thread 3 ] DEBUG Engine               - fontGame: Abel-Regular.ttf
12:15:53.437 [FXGL Background Thread 3 ] DEBUG Engine               - fontMono: TerminalLandMono-Regular.otf
12:15:53.437 [FXGL Background Thread 3 ] DEBUG Engine               - fontText: Courier-Prime.ttf
12:15:53.437 [FXGL Background Thread 3 ] DEBUG Engine               - fontUI: VarelaRound-Regular.ttf
12:15:53.437 [FXGL Background Thread 3 ] DEBUG Engine               - fullScreen: BooleanProperty [value: false]
12:15:53.437 [FXGL Background Thread 3 ] DEBUG Engine               - gameDifficulty: MEDIUM
12:15:53.437 [FXGL Background Thread 3 ] DEBUG Engine               - gameDifficultyProperty: ObjectProperty [value: MEDIUM]
12:15:53.437 [FXGL Background Thread 3 ] DEBUG Engine               - globalMusicVolume: 0.5
12:15:53.437 [FXGL Background Thread 3 ] DEBUG Engine               - globalMusicVolumeProperty: DoubleProperty [value: 0.5]
12:15:53.437 [FXGL Background Thread 3 ] DEBUG Engine               - globalSoundVolume: 0.5
12:15:53.437 [FXGL Background Thread 3 ] DEBUG Engine               - globalSoundVolumeProperty: DoubleProperty [value: 0.5]
12:15:53.438 [FXGL Background Thread 3 ] DEBUG Engine               - height: 1024
12:15:53.438 [FXGL Background Thread 3 ] DEBUG Engine               - is3D: false
12:15:53.438 [FXGL Background Thread 3 ] DEBUG Engine               - isAndroid: false
12:15:53.438 [FXGL Background Thread 3 ] DEBUG Engine               - isBrowser: false
12:15:53.438 [FXGL Background Thread 3 ] DEBUG Engine               - isClickFeedbackEnabled: false
12:15:53.438 [FXGL Background Thread 3 ] DEBUG Engine               - isCloseConfirmation: false
12:15:53.438 [FXGL Background Thread 3 ] DEBUG Engine               - isDesktop: true
12:15:53.438 [FXGL Background Thread 3 ] DEBUG Engine               - isDeveloperMenuEnabled: false
12:15:53.438 [FXGL Background Thread 3 ] DEBUG Engine               - isEmbedded: false
12:15:53.438 [FXGL Background Thread 3 ] DEBUG Engine               - isEntityPreloadEnabled: true
12:15:53.438 [FXGL Background Thread 3 ] DEBUG Engine               - isExperimentalTiledLargeMap: false
12:15:53.438 [FXGL Background Thread 3 ] DEBUG Engine               - isFileSystemWriteAllowed: true
12:15:53.438 [FXGL Background Thread 3 ] DEBUG Engine               - isFullScreenAllowed: false
12:15:53.438 [FXGL Background Thread 3 ] DEBUG Engine               - isFullScreenFromStart: false
12:15:53.438 [FXGL Background Thread 3 ] DEBUG Engine               - isGameMenuEnabled: true
12:15:53.438 [FXGL Background Thread 3 ] DEBUG Engine               - isIOS: false
12:15:53.438 [FXGL Background Thread 3 ] DEBUG Engine               - isIntroEnabled: false
12:15:53.438 [FXGL Background Thread 3 ] DEBUG Engine               - isLinux: false
12:15:53.438 [FXGL Background Thread 3 ] DEBUG Engine               - isMac: false
12:15:53.438 [FXGL Background Thread 3 ] DEBUG Engine               - isMainMenuEnabled: true
12:15:53.439 [FXGL Background Thread 3 ] DEBUG Engine               - isManualResizeEnabled: false
12:15:53.439 [FXGL Background Thread 3 ] DEBUG Engine               - isMobile: false
12:15:53.439 [FXGL Background Thread 3 ] DEBUG Engine               - isNative: false
12:15:53.439 [FXGL Background Thread 3 ] DEBUG Engine               - isPauseMusicWhenMinimized: true
12:15:53.439 [FXGL Background Thread 3 ] DEBUG Engine               - isPreserveResizeRatio: false
12:15:53.439 [FXGL Background Thread 3 ] DEBUG Engine               - isProfilingEnabled: false
12:15:53.439 [FXGL Background Thread 3 ] DEBUG Engine               - isScaleAffectedOnResize: true
12:15:53.439 [FXGL Background Thread 3 ] DEBUG Engine               - isSingleStep: false
12:15:53.439 [FXGL Background Thread 3 ] DEBUG Engine               - isUserProfileEnabled: false
12:15:53.439 [FXGL Background Thread 3 ] DEBUG Engine               - isWindows: true
12:15:53.439 [FXGL Background Thread 3 ] DEBUG Engine               - language: ObjectProperty [value: ENGLISH]
12:15:53.439 [FXGL Background Thread 3 ] DEBUG Engine               - menuKey: ESCAPE
12:15:53.439 [FXGL Background Thread 3 ] DEBUG Engine               - mouseSensitivity: 0.2
12:15:53.439 [FXGL Background Thread 3 ] DEBUG Engine               - notificationViewClass: class com.almasb.fxgl.notification.view.XboxNotificationView
12:15:53.440 [FXGL Background Thread 3 ] DEBUG Engine               - pixelsPerMeter: 50.0
12:15:53.440 [FXGL Background Thread 3 ] DEBUG Engine               - platform: WINDOWS
12:15:53.440 [FXGL Background Thread 3 ] DEBUG Engine               - prefHeightProperty: ReadOnlyDoubleProperty [value: 1024.0]
12:15:53.440 [FXGL Background Thread 3 ] DEBUG Engine               - prefWidthProperty: ReadOnlyDoubleProperty [value: 1024.0]
12:15:53.440 [FXGL Background Thread 3 ] DEBUG Engine               - profileDir: profiles/
12:15:53.440 [FXGL Background Thread 3 ] DEBUG Engine               - profileName: StringProperty [value: DEFAULT]
12:15:53.440 [FXGL Background Thread 3 ] DEBUG Engine               - randomSeed: -1
12:15:53.440 [FXGL Background Thread 3 ] DEBUG Engine               - runtimeInfo: RuntimeInfo(platform=WINDOWS, version=17.2, build=20.08.2022 16.50)
12:15:53.441 [FXGL Background Thread 3 ] DEBUG Engine               - saveFileExt: sav
12:15:53.441 [FXGL Background Thread 3 ] DEBUG Engine               - scaledHeightProp$fxgl: DoubleProperty [bound, value: 824.0]
12:15:53.441 [FXGL Background Thread 3 ] DEBUG Engine               - scaledWidthProp$fxgl: DoubleProperty [bound, value: 799.0]
12:15:53.441 [FXGL Background Thread 3 ] DEBUG Engine               - sceneFactory: com.almasb.fxgl.app.scene.SceneFactory@3e26d053
12:15:53.441 [FXGL Background Thread 3 ] DEBUG Engine               - secondsIn24h: 60
12:15:53.441 [FXGL Background Thread 3 ] DEBUG Engine               - soundMenuBack: menu/back.wav
12:15:53.441 [FXGL Background Thread 3 ] DEBUG Engine               - soundMenuPress: menu/press.wav
12:15:53.441 [FXGL Background Thread 3 ] DEBUG Engine               - soundMenuSelect: menu/select.wav
12:15:53.441 [FXGL Background Thread 3 ] DEBUG Engine               - soundNotification: core/notification.wav
12:15:53.441 [FXGL Background Thread 3 ] DEBUG Engine               - stageStyle: DECORATED
12:15:53.441 [FXGL Background Thread 3 ] DEBUG Engine               - supportedLanguages: [ENGLISH, FRENCH, GERMAN, HUNGARIAN, RUSSIAN]
12:15:53.441 [FXGL Background Thread 3 ] DEBUG Engine               - ticksPerSecond: -1
12:15:53.441 [FXGL Background Thread 3 ] DEBUG Engine               - title: Dawnseeker
12:15:53.442 [FXGL Background Thread 3 ] DEBUG Engine               - urlGithub: https://github.com/AlmasB/FXGL
12:15:53.442 [FXGL Background Thread 3 ] DEBUG Engine               - urlLeaderboard: http://fxgl-top.herokuapp.com/
12:15:53.442 [FXGL Background Thread 3 ] DEBUG Engine               - urlPOM: https://raw.githubusercontent.com/AlmasB/FXGL/release/README.md
12:15:53.442 [FXGL Background Thread 3 ] DEBUG Engine               - userAppClass: class myGame.DawnseekerApp
12:15:53.442 [FXGL Background Thread 3 ] DEBUG Engine               - version: 0.1
12:15:53.442 [FXGL Background Thread 3 ] DEBUG Engine               - versionCheckDays: 7
12:15:53.442 [FXGL Background Thread 3 ] DEBUG Engine               - width: 1024
12:15:53.442 [FXGL Background Thread 3 ] DEBUG Engine               - Logging services
12:15:53.442 [FXGL Background Thread 3 ] DEBUG Engine               - class com.almasb.fxgl.app.services.FXGLAssetLoaderService
12:15:53.442 [FXGL Background Thread 3 ] DEBUG Engine               - class com.almasb.fxgl.app.FXGLApplication$GameApplicationService
12:15:53.442 [FXGL Background Thread 3 ] DEBUG Engine               - class com.almasb.fxgl.app.services.FXGLDialogService
12:15:53.442 [FXGL Background Thread 3 ] DEBUG Engine               - class com.almasb.fxgl.app.services.IOTaskExecutorService
12:15:53.442 [FXGL Background Thread 3 ] DEBUG Engine               - class com.almasb.fxgl.io.FileSystemService
12:15:53.442 [FXGL Background Thread 3 ] DEBUG Engine               - class com.almasb.fxgl.localization.LocalizationService
12:15:53.442 [FXGL Background Thread 3 ] DEBUG Engine               - class com.almasb.fxgl.app.services.SystemBundleService
12:15:53.442 [FXGL Background Thread 3 ] DEBUG Engine               - class com.almasb.fxgl.profile.SaveLoadService
12:15:53.442 [FXGL Background Thread 3 ] DEBUG Engine               - class com.almasb.fxgl.ui.FXGLUIFactoryServiceProvider
12:15:53.442 [FXGL Background Thread 3 ] DEBUG Engine               - class com.almasb.fxgl.ui.FXGLDialogFactoryServiceProvider
12:15:53.443 [FXGL Background Thread 3 ] DEBUG Engine               - class com.almasb.fxgl.audio.AudioPlayer
12:15:53.443 [FXGL Background Thread 3 ] DEBUG Engine               - class com.almasb.fxgl.notification.impl.NotificationServiceProvider
12:15:53.443 [FXGL Background Thread 3 ] DEBUG Engine               - class com.almasb.fxgl.achievement.AchievementService
12:15:53.443 [FXGL Background Thread 3 ] DEBUG Engine               - class com.almasb.fxgl.cutscene.CutsceneService
12:15:53.443 [FXGL Background Thread 3 ] DEBUG Engine               - class com.almasb.fxgl.minigames.MiniGameService
12:15:53.443 [FXGL Background Thread 3 ] DEBUG Engine               - class com.almasb.fxgl.net.NetService
12:15:53.443 [FXGL Background Thread 3 ] DEBUG Engine               - class com.almasb.fxgl.app.services.UpdaterService
12:15:53.443 [FXGL Background Thread 3 ] DEBUG Engine               - class com.almasb.fxgl.dev.DevService
12:16:24.947 [JavaFX Application Thread] DEBUG FXGLApplication      - Exiting FXGL
12:16:24.947 [JavaFX Application Thread] DEBUG LoopRunner           - Stopping loop
12:16:24.947 [JavaFX Application Thread] DEBUG SystemBundleService  - Saving FXGL system data
12:16:24.949 [JavaFX Application Thread] DEBUG FileSystemAccess     - Writing to: C:\Users\narro\OneDrive\Documents\coleg\Spring 2023\CS 4900 Senior Seminiar\Dawnseeker\Dawnseeker\system\fxgl.bundle
12:16:24.952 [JavaFX Application Thread] DEBUG Async                - Shutting down background threads
12:16:24.952 [JavaFX Application Thread] DEBUG PrimaryStageWindow   - Closing main window
12:16:24.961 [JavaFX Application Thread] DEBUG Logger               - Closing Logger
