21:15:27.230 [main                     ] DEBUG Logger               - Configured Logger
21:15:27.253 [main                     ] DEBUG GameApplication      - Logging settings
Title: Dawnseeker
Version: 0.4
Width: 1920
Height: 1080
Fullscreen: false
Intro: false
Profiling: false
Single step:false
App Mode: DEVELOPER
Menu Key: ESCAPE
Stage Style: DECORATED
Scene Factory: class myGame.DawnseekerApp$1

21:15:27.706 [JavaFX Application Thread] DEBUG FXGLApplication      - Initializing FXGL
21:15:27.710 [JavaFX Application Thread] INFO  Engine               - FXGL-17.2 (20.08.2022 16.50) on WINDOWS (J:19.0.2 FX:18)
21:15:27.710 [JavaFX Application Thread] DEBUG Engine               - JRE Vendor Name: Oracle Corporation
21:15:27.711 [JavaFX Application Thread] DEBUG Engine               - Running on OS: Windows 10 version 10.0
21:15:27.711 [JavaFX Application Thread] DEBUG Engine               - Architecture: amd64
21:15:27.711 [JavaFX Application Thread] INFO  Engine               - Source code and latest versions at: https://github.com/AlmasB/FXGL
21:15:27.711 [JavaFX Application Thread] INFO  Engine               -       Ask questions and discuss at: https://github.com/AlmasB/FXGL/discussions
21:15:27.711 [JavaFX Application Thread] INFO  Engine               -              Join the FXGL chat at: https://gitter.im/AlmasB/FXGL
21:15:27.826 [JavaFX Application Thread] DEBUG PrimaryStageWindow   - Creating a JavaFX scene
21:15:27.872 [JavaFX Application Thread] DEBUG PrimaryStageWindow   - Target settings size: 1920.0 x 1080.0
21:15:27.872 [JavaFX Application Thread] DEBUG PrimaryStageWindow   - Scaled scene size:    1920.0 x 1080.0
21:15:27.872 [JavaFX Application Thread] DEBUG PrimaryStageWindow   - Scaled ratio: (1.0, 1.0)
21:15:27.873 [JavaFX Application Thread] DEBUG PrimaryStageWindow   - Set initial scene to FXGLStartupScene
21:15:27.880 [JavaFX Application Thread] DEBUG PrimaryStageWindow   - Opening main window
21:15:27.960 [JavaFX Application Thread] DEBUG PrimaryStageWindow   - Window border size: (16.0, 39.0)
21:15:27.961 [JavaFX Application Thread] DEBUG PrimaryStageWindow   - Scaled size: 1920.0 x 1080.0
21:15:27.961 [JavaFX Application Thread] DEBUG PrimaryStageWindow   - Scaled ratio: (1.0, 1.0)
21:15:27.961 [JavaFX Application Thread] DEBUG PrimaryStageWindow   - Scene size: 1920.0 x 1080.0
21:15:27.961 [JavaFX Application Thread] DEBUG PrimaryStageWindow   - Stage size: 1936.0 x 1119.0
21:15:27.968 [FXGL Background Thread 1 ] DEBUG Engine               - Initializing environment variables
21:15:28.021 [FXGL Background Thread 1 ] DEBUG FXGLAssetLoaderServi - User app class for loading assets: class myGame.DawnseekerApp
21:15:28.022 [FXGL Background Thread 1 ] DEBUG GameApplicationServi - Applying CSS: fxgl_dark.css
21:15:28.023 [FXGL Background Thread 1 ] DEBUG FXGLAssetLoaderServi - Loading from file system: jar:file:/C:/Users/Morgan%20Johnson/.m2/repository/com/github/almasb/fxgl/17.2/fxgl-17.2.jar!/fxglassets/ui/css/fxgl_dark.css
21:15:28.072 [FXGL Background Thread 1 ] DEBUG GameApplicationServi - Initializing application scenes
21:15:28.108 [FXGL Background Thread 1 ] DEBUG GameWorld            - Game world initialized
21:15:28.172 [FXGL Background Thread 1 ] DEBUG PhysicsWorld         - Physics world initialized: appHeight=1080, physics.ppm=50.0
21:15:28.172 [FXGL Background Thread 1 ] DEBUG PhysicsWorld         - Using strategy: BRUTE_FORCE
21:15:28.176 [FXGL Background Thread 1 ] DEBUG GameScene            - Game scene initialized: 1920x1080
21:15:28.176 [FXGL Background Thread 1 ] DEBUG FXGLAssetLoaderServi - Loading from file system: file:/C:/Games/Schoolwork/Spring%2023/CS4900/DawnseekerWorkspace/CS4900G2Proj2/CS4900G2Proj2/Dawnseeker/target/classes/assets/music/shop.mp3
21:15:28.303 [FXGL Background Thread 1 ] DEBUG AudioPlayer          - Playing music com.almasb.fxgl.audio.Music@1b30e0e7
21:15:28.319 [FXGL Background Thread 1 ] DEBUG FXGLAssetLoaderServi - Loading from file system: file:/C:/Games/Schoolwork/Spring%2023/CS4900/DawnseekerWorkspace/CS4900G2Proj2/CS4900G2Proj2/Dawnseeker/target/classes/assets/textures/bg.png
21:15:28.406 [FXGL Background Thread 1 ] DEBUG FXGL.DefaultMenu     - createMenuBodyGameMenu()
21:15:28.419 [FXGL Background Thread 1 ] DEBUG FXGL.DefaultMenu     - createOptionsMenu()
21:15:28.426 [FXGL Background Thread 1 ] DEBUG FXGLAssetLoaderServi - Loading from file system: jar:file:/C:/Users/Morgan%20Johnson/.m2/repository/com/github/almasb/fxgl/17.2/fxgl-17.2.jar!/fxglassets/textures/particles/smoke.png
21:15:28.499 [FXGL Background Thread 1 ] DEBUG FXGLAssetLoaderServi - Loading from file system: jar:file:/C:/Users/Morgan%20Johnson/.m2/repository/com/github/almasb/fxgl/17.2/fxgl-17.2.jar!/fxglassets/textures/particles/trace_horizontal.png
21:15:28.516 [FXGL Background Thread 1 ] DEBUG GameApplicationServi - Application scenes initialized
21:15:28.531 [FXGL Background Thread 1 ] DEBUG SystemBundleService  - Loading FXGL system data
21:15:28.535 [FXGL Background Thread 1 ] DEBUG FileSystemAccess     - Reading from: C:\Games\Schoolwork\Spring 23\CS4900\DawnseekerWorkspace\CS4900G2Proj2\CS4900G2Proj2\Dawnseeker\system\fxgl.bundle
21:15:28.545 [FXGL Background Thread 1 ] DEBUG SystemBundleService  - Bundle FXGL: {}
21:15:28.545 [FXGL Background Thread 1 ] DEBUG UpdaterService       - Checking for updates
21:15:28.549 [FXGL Background Thread 4 ] DEBUG FXGLApplication      - Loading fonts
21:15:28.550 [FXGL Background Thread 4 ] DEBUG FXGLAssetLoaderServi - Loading from file system: jar:file:/C:/Users/Morgan%20Johnson/.m2/repository/com/github/almasb/fxgl/17.2/fxgl-17.2.jar!/fxglassets/ui/fonts/VarelaRound-Regular.ttf
21:15:28.550 [FXGL Background Thread 1 ] DEBUG FXGLApplication      - Loading default localization
21:15:28.550 [FXGL Background Thread 1 ] DEBUG FXGLAssetLoaderServi - Loading from file system: jar:file:/C:/Users/Morgan%20Johnson/.m2/repository/com/github/almasb/fxgl/17.2/fxgl-17.2.jar!/fxglassets/languages/english.lang
21:15:28.570 [FXGL Background Thread 1 ] INFO  FXGLApplication      - FXGL initialization took: 0.601 sec
21:15:28.576 [JavaFX Application Thread] DEBUG Input                - Registered new binding: action0 - LMB
21:15:28.584 [JavaFX Application Thread] DEBUG Input                - Registered new binding: Up - W
21:15:28.584 [JavaFX Application Thread] DEBUG Input                - Registered new binding: Down - S
21:15:28.584 [JavaFX Application Thread] DEBUG Input                - Registered new binding: Right - D
21:15:28.584 [JavaFX Application Thread] DEBUG Input                - Registered new binding: Left - A
21:15:28.585 [JavaFX Application Thread] DEBUG FXGLAssetLoaderServi - Loading from file system: jar:file:/C:/Users/Morgan%20Johnson/.m2/repository/com/github/almasb/fxgl/17.2/fxgl-17.2.jar!/fxglassets/textures/fxgl_icon.png
21:15:28.605 [JavaFX Application Thread] DEBUG FXGLAssetLoaderServi - Loading from file system: jar:file:/C:/Users/Morgan%20Johnson/.m2/repository/com/github/almasb/fxgl/17.2/fxgl-17.2.jar!/fxglassets/textures/fxgl_default_cursor.png
21:15:28.608 [JavaFX Application Thread] DEBUG Input                - Registered new binding: Screenshot - CTRL+8
21:15:28.609 [JavaFX Application Thread] DEBUG Input                - Registered new binding: System info dump - CTRL+9
21:15:28.609 [JavaFX Application Thread] DEBUG Input                - Registered new binding: Restart - CTRL+R
21:15:28.610 [JavaFX Application Thread] DEBUG Input                - Registered new binding: Toggle Debug Camera - CTRL+7
21:15:28.613 [JavaFX Application Thread] DEBUG LoopRunner           - Starting loop
21:15:28.613 [JavaFX Application Thread] DEBUG LoopRunner           - Initializing JavaFX AnimationTimerLoop
21:15:28.616 [JavaFX Application Thread] DEBUG Input                - Clearing active input actions
21:15:28.629 [JavaFX Application Thread] DEBUG GameApplicationServi - Removing overlay from FXGLStartupScene and adding to FXGLMainMenuDummyScene
21:15:28.629 [JavaFX Application Thread] DEBUG PrimaryStageWindow   - FXGLStartupScene -> FXGLMainMenuDummyScene
21:15:28.630 [JavaFX Application Thread] DEBUG PrimaryStageWindow   - Push state: DawnseekerMenu
21:15:28.630 [JavaFX Application Thread] DEBUG Input                - Clearing active input actions
21:15:28.638 [JavaFX Application Thread] DEBUG GameApplicationServi - Removing overlay from FXGLMainMenuDummyScene and adding to DawnseekerMenu
21:15:28.638 [JavaFX Application Thread] DEBUG PrimaryStageWindow   - FXGLMainMenuDummyScene -> DawnseekerMenu
21:15:28.652 [FXGL Background Thread 4 ] DEBUG FXGLAssetLoaderServi - Loading from file system: jar:file:/C:/Users/Morgan%20Johnson/.m2/repository/com/github/almasb/fxgl/17.2/fxgl-17.2.jar!/fxglassets/ui/fonts/Abel-Regular.ttf
21:15:28.656 [FXGL Background Thread 4 ] DEBUG FXGLAssetLoaderServi - Loading from file system: jar:file:/C:/Users/Morgan%20Johnson/.m2/repository/com/github/almasb/fxgl/17.2/fxgl-17.2.jar!/fxglassets/ui/fonts/TerminalLandMono-Regular.otf
21:15:28.661 [FXGL Background Thread 4 ] DEBUG FXGLAssetLoaderServi - Loading from file system: jar:file:/C:/Users/Morgan%20Johnson/.m2/repository/com/github/almasb/fxgl/17.2/fxgl-17.2.jar!/fxglassets/ui/fonts/Courier-Prime.ttf
21:15:28.675 [JavaFX Application Thread] DEBUG FXGLApplication      - Registering font factories with UI factory
21:15:28.956 [FXGL Background Thread 2 ] INFO  UpdaterService       - Your current version:  17.2
21:15:28.956 [FXGL Background Thread 2 ] INFO  UpdaterService       - Latest stable version: 17.3
21:15:29.147 [JavaFX Application Thread] DEBUG Menu                 - fireNewGame()
21:15:29.147 [JavaFX Application Thread] DEBUG GameApplicationServi - Starting new game
21:15:29.147 [JavaFX Application Thread] DEBUG PrimaryStageWindow   - Pop state: DawnseekerMenu
21:15:29.148 [JavaFX Application Thread] DEBUG Input                - Clearing active input actions
21:15:29.148 [JavaFX Application Thread] DEBUG GameApplicationServi - Removing overlay from DawnseekerMenu and adding to FXGLMainMenuDummyScene
21:15:29.148 [JavaFX Application Thread] DEBUG PrimaryStageWindow   - FXGLMainMenuDummyScene <- DawnseekerMenu
21:15:29.149 [JavaFX Application Thread] DEBUG Input                - Clearing active input actions
21:15:29.154 [JavaFX Application Thread] DEBUG GameApplicationServi - Removing overlay from FXGLMainMenuDummyScene and adding to FXGLLoadingScene
21:15:29.154 [JavaFX Application Thread] DEBUG PrimaryStageWindow   - FXGLMainMenuDummyScene -> FXGLLoadingScene
21:15:29.154 [JavaFX Application Thread] DEBUG GameApplicationServi - Clearing previous game
21:15:29.155 [JavaFX Application Thread] DEBUG GameScene            - Clearing game scene
21:15:29.155 [JavaFX Application Thread] DEBUG GameWorld            - Clearing game world
21:15:29.155 [JavaFX Application Thread] DEBUG PhysicsWorld         - Clearing physics world
21:15:29.156 [FXGL Background Thread 2 ] DEBUG FXGLApplication      - Initializing game
21:15:29.160 [FXGL Background Thread 2 ] DEBUG AudioPlayer          - Stopping music com.almasb.fxgl.audio.Music@1b30e0e7
21:15:29.161 [FXGL Background Thread 2 ] DEBUG FXGLAssetLoaderServi - Loading from file system: file:/C:/Games/Schoolwork/Spring%2023/CS4900/DawnseekerWorkspace/CS4900G2Proj2/CS4900G2Proj2/Dawnseeker/target/classes/assets/music/heartache.mp3
21:15:29.164 [FXGL Background Thread 2 ] DEBUG AudioPlayer          - Playing music com.almasb.fxgl.audio.Music@641ed2ab
21:15:29.177 [FXGL Background Thread 2 ] DEBUG FXGLAssetLoaderServi - Loading from file system: file:/C:/Games/Schoolwork/Spring%2023/CS4900/DawnseekerWorkspace/CS4900G2Proj2/CS4900G2Proj2/Dawnseeker/target/classes/assets/textures/DawnseekerPCV2.png
21:15:29.181 [FXGL Background Thread 2 ] DEBUG FXGLAssetLoaderServi - Loading from file system: file:/C:/Games/Schoolwork/Spring%2023/CS4900/DawnseekerWorkspace/CS4900G2Proj2/CS4900G2Proj2/Dawnseeker/target/classes/assets/textures/DawnseekerPCV2Down.png
21:15:29.184 [FXGL Background Thread 2 ] DEBUG FXGLAssetLoaderServi - Loading from file system: file:/C:/Games/Schoolwork/Spring%2023/CS4900/DawnseekerWorkspace/CS4900G2Proj2/CS4900G2Proj2/Dawnseeker/target/classes/assets/textures/DawnseekerPCV2Up.png
21:15:29.186 [FXGL Background Thread 2 ] DEBUG FXGLAssetLoaderServi - Loading from file system: file:/C:/Games/Schoolwork/Spring%2023/CS4900/DawnseekerWorkspace/CS4900G2Proj2/CS4900G2Proj2/Dawnseeker/target/classes/assets/textures/DawnseekerPCV2Right.png
21:15:29.189 [FXGL Background Thread 2 ] DEBUG FXGLAssetLoaderServi - Loading from file system: file:/C:/Games/Schoolwork/Spring%2023/CS4900/DawnseekerWorkspace/CS4900G2Proj2/CS4900G2Proj2/Dawnseeker/target/classes/assets/textures/DawnseekerPCV2Left.png
21:15:29.203 [FXGL Background Thread 2 ] DEBUG FXGLAssetLoaderServi - Loading from file system: file:/C:/Games/Schoolwork/Spring%2023/CS4900/DawnseekerWorkspace/CS4900G2Proj2/CS4900G2Proj2/Dawnseeker/target/classes/assets/textures/BackGroung.png
21:15:29.236 [FXGL Background Thread 2 ] WARN  GameWorld            - Entity is already attached to world
21:15:29.237 [FXGL Background Thread 2 ] DEBUG FXGLAssetLoaderServi - Loading from file system: file:/C:/Games/Schoolwork/Spring%2023/CS4900/DawnseekerWorkspace/CS4900G2Proj2/CS4900G2Proj2/Dawnseeker/target/classes/assets/textures/Rock1.png
21:15:29.238 [FXGL Background Thread 2 ] WARN  Entity               - Entity already has component: com.almasb.fxgl.entity.components.CollidableComponent
21:15:29.238 [FXGL Background Thread 2 ] WARN  GameWorld            - Entity is already attached to world
21:15:29.239 [FXGL Background Thread 2 ] DEBUG FXGLAssetLoaderServi - Loading from file system: file:/C:/Games/Schoolwork/Spring%2023/CS4900/DawnseekerWorkspace/CS4900G2Proj2/CS4900G2Proj2/Dawnseeker/target/classes/assets/textures/Rock2.png
21:15:29.240 [FXGL Background Thread 2 ] WARN  Entity               - Entity already has component: com.almasb.fxgl.entity.components.CollidableComponent
21:15:29.240 [FXGL Background Thread 2 ] WARN  GameWorld            - Entity is already attached to world
21:15:29.241 [FXGL Background Thread 2 ] DEBUG FXGLAssetLoaderServi - Loading from file system: file:/C:/Games/Schoolwork/Spring%2023/CS4900/DawnseekerWorkspace/CS4900G2Proj2/CS4900G2Proj2/Dawnseeker/target/classes/assets/textures/BigRock1.png
21:15:29.242 [FXGL Background Thread 2 ] WARN  Entity               - Entity already has component: com.almasb.fxgl.entity.components.CollidableComponent
21:15:29.242 [FXGL Background Thread 2 ] WARN  GameWorld            - Entity is already attached to world
21:15:29.243 [FXGL Background Thread 2 ] DEBUG FXGLAssetLoaderServi - Loading from file system: file:/C:/Games/Schoolwork/Spring%2023/CS4900/DawnseekerWorkspace/CS4900G2Proj2/CS4900G2Proj2/Dawnseeker/target/classes/assets/textures/Poison.gif
21:15:29.249 [FXGL Background Thread 2 ] WARN  GameWorld            - Entity is already attached to world
21:15:29.250 [FXGL Background Thread 2 ] DEBUG FXGLAssetLoaderServi - Loading from file system: file:/C:/Games/Schoolwork/Spring%2023/CS4900/DawnseekerWorkspace/CS4900G2Proj2/CS4900G2Proj2/Dawnseeker/target/classes/assets/textures/AnimShop.png
21:15:29.251 [FXGL Background Thread 2 ] WARN  GameWorld            - Entity is already attached to world
21:15:29.261 [FXGL Background Thread 2 ] INFO  FXGLApplication      - Game initialization took: 0.105 sec
21:15:29.262 [JavaFX Application Thread] DEBUG Input                - Clearing active input actions
21:15:29.270 [JavaFX Application Thread] DEBUG GameApplicationServi - Removing overlay from FXGLLoadingScene and adding to GameScene
21:15:29.271 [JavaFX Application Thread] DEBUG PrimaryStageWindow   - FXGLLoadingScene -> GameScene
21:15:30.121 [JavaFX Application Thread] DEBUG FXGLAssetLoaderServi - Loading from file system: file:/C:/Games/Schoolwork/Spring%2023/CS4900/DawnseekerWorkspace/CS4900G2Proj2/CS4900G2Proj2/Dawnseeker/target/classes/assets/textures/Skull.gif
21:15:30.125 [JavaFX Application Thread] DEBUG FXGLAssetLoaderServi - Loading from file system: file:/C:/Games/Schoolwork/Spring%2023/CS4900/DawnseekerWorkspace/CS4900G2Proj2/CS4900G2Proj2/Dawnseeker/target/classes/assets/textures/Ghost.gif
21:15:31.210 [JavaFX Application Thread] DEBUG FXGLAssetLoaderServi - Loading from file system: file:/C:/Games/Schoolwork/Spring%2023/CS4900/DawnseekerWorkspace/CS4900G2Proj2/CS4900G2Proj2/Dawnseeker/target/classes/assets/sounds/magic_missile.wav
21:15:31.217 [JavaFX Application Thread] DEBUG FXGLAssetLoaderServi - Loading from file system: file:/C:/Games/Schoolwork/Spring%2023/CS4900/DawnseekerWorkspace/CS4900G2Proj2/CS4900G2Proj2/Dawnseeker/target/classes/assets/textures/Fireball.gif
21:15:31.547 [FXGL Background Thread 3 ] DEBUG Engine               - Logging environment variables
21:15:31.547 [FXGL Background Thread 3 ] DEBUG Engine               - achievements: []
21:15:31.547 [FXGL Background Thread 3 ] DEBUG Engine               - actualHeight: 1080.0
21:15:31.547 [FXGL Background Thread 3 ] DEBUG Engine               - actualHeightProperty: ReadOnlyDoubleProperty [value: 1080.0]
21:15:31.547 [FXGL Background Thread 3 ] DEBUG Engine               - actualWidth: 1920.0
21:15:31.547 [FXGL Background Thread 3 ] DEBUG Engine               - actualWidthProperty: ReadOnlyDoubleProperty [value: 1920.0]
21:15:31.547 [FXGL Background Thread 3 ] DEBUG Engine               - appIcon: fxgl_icon.png
21:15:31.547 [FXGL Background Thread 3 ] DEBUG Engine               - applicationMode: DEVELOPER
21:15:31.547 [FXGL Background Thread 3 ] DEBUG Engine               - cSSList: [fxgl_dark.css]
21:15:31.547 [FXGL Background Thread 3 ] DEBUG Engine               - collisionDetectionStrategy: BRUTE_FORCE
21:15:31.547 [FXGL Background Thread 3 ] DEBUG Engine               - configClass: Optional.empty
21:15:31.548 [FXGL Background Thread 3 ] DEBUG Engine               - credits: []
21:15:31.548 [FXGL Background Thread 3 ] DEBUG Engine               - defaultCursor: CursorInfo(imageName=fxgl_default_cursor.png, hotspotX=7.0, hotspotY=6.0)
21:15:31.548 [FXGL Background Thread 3 ] DEBUG Engine               - devBBoxColorProperty: ObjectProperty [value: 0xff0000ff]
21:15:31.548 [FXGL Background Thread 3 ] DEBUG Engine               - devEnableDebugCameraProperty: BooleanProperty [value: false]
21:15:31.548 [FXGL Background Thread 3 ] DEBUG Engine               - devSensorColorProperty: ObjectProperty [value: 0xffff00ff]
21:15:31.548 [FXGL Background Thread 3 ] DEBUG Engine               - devShowBBoxProperty: BooleanProperty [value: false]
21:15:31.548 [FXGL Background Thread 3 ] DEBUG Engine               - devShowPositionProperty: BooleanProperty [value: false]
21:15:31.548 [FXGL Background Thread 3 ] DEBUG Engine               - enabledMenuItems: []
21:15:31.548 [FXGL Background Thread 3 ] DEBUG Engine               - engineServices: [class com.almasb.fxgl.app.services.FXGLAssetLoaderService, class com.almasb.fxgl.app.FXGLApplication$GameApplicationService, class com.almasb.fxgl.app.services.FXGLDialogService, class com.almasb.fxgl.app.services.IOTaskExecutorService, class com.almasb.fxgl.io.FileSystemService, class com.almasb.fxgl.localization.LocalizationService, class com.almasb.fxgl.app.services.SystemBundleService, class com.almasb.fxgl.profile.SaveLoadService, class com.almasb.fxgl.ui.FXGLUIFactoryServiceProvider, class com.almasb.fxgl.ui.FXGLDialogFactoryServiceProvider, class com.almasb.fxgl.audio.AudioPlayer, class com.almasb.fxgl.notification.impl.NotificationServiceProvider, class com.almasb.fxgl.achievement.AchievementService, class com.almasb.fxgl.cutscene.CutsceneService, class com.almasb.fxgl.minigames.MiniGameService, class com.almasb.fxgl.net.NetService, class com.almasb.fxgl.app.services.UpdaterService, class com.almasb.fxgl.dev.DevService]
21:15:31.549 [FXGL Background Thread 3 ] DEBUG Engine               - fontGame: Abel-Regular.ttf
21:15:31.549 [FXGL Background Thread 3 ] DEBUG Engine               - fontMono: TerminalLandMono-Regular.otf
21:15:31.549 [FXGL Background Thread 3 ] DEBUG Engine               - fontText: Courier-Prime.ttf
21:15:31.549 [FXGL Background Thread 3 ] DEBUG Engine               - fontUI: VarelaRound-Regular.ttf
21:15:31.549 [FXGL Background Thread 3 ] DEBUG Engine               - fullScreen: BooleanProperty [value: false]
21:15:31.549 [FXGL Background Thread 3 ] DEBUG Engine               - gameDifficulty: MEDIUM
21:15:31.549 [FXGL Background Thread 3 ] DEBUG Engine               - gameDifficultyProperty: ObjectProperty [value: MEDIUM]
21:15:31.549 [FXGL Background Thread 3 ] DEBUG Engine               - globalMusicVolume: 0.5
21:15:31.549 [FXGL Background Thread 3 ] DEBUG Engine               - globalMusicVolumeProperty: DoubleProperty [value: 0.5]
21:15:31.549 [FXGL Background Thread 3 ] DEBUG Engine               - globalSoundVolume: 0.5
21:15:31.549 [FXGL Background Thread 3 ] DEBUG Engine               - globalSoundVolumeProperty: DoubleProperty [value: 0.5]
21:15:31.549 [FXGL Background Thread 3 ] DEBUG Engine               - height: 1080
21:15:31.549 [FXGL Background Thread 3 ] DEBUG Engine               - is3D: false
21:15:31.549 [FXGL Background Thread 3 ] DEBUG Engine               - isAndroid: false
21:15:31.549 [FXGL Background Thread 3 ] DEBUG Engine               - isBrowser: false
21:15:31.549 [FXGL Background Thread 3 ] DEBUG Engine               - isClickFeedbackEnabled: false
21:15:31.549 [FXGL Background Thread 3 ] DEBUG Engine               - isCloseConfirmation: false
21:15:31.549 [FXGL Background Thread 3 ] DEBUG Engine               - isDesktop: true
21:15:31.549 [FXGL Background Thread 3 ] DEBUG Engine               - isDeveloperMenuEnabled: false
21:15:31.549 [FXGL Background Thread 3 ] DEBUG Engine               - isEmbedded: false
21:15:31.549 [FXGL Background Thread 3 ] DEBUG Engine               - isEntityPreloadEnabled: true
21:15:31.549 [FXGL Background Thread 3 ] DEBUG Engine               - isExperimentalTiledLargeMap: false
21:15:31.549 [FXGL Background Thread 3 ] DEBUG Engine               - isFileSystemWriteAllowed: true
21:15:31.549 [FXGL Background Thread 3 ] DEBUG Engine               - isFullScreenAllowed: false
21:15:31.549 [FXGL Background Thread 3 ] DEBUG Engine               - isFullScreenFromStart: false
21:15:31.549 [FXGL Background Thread 3 ] DEBUG Engine               - isGameMenuEnabled: true
21:15:31.549 [FXGL Background Thread 3 ] DEBUG Engine               - isIOS: false
21:15:31.549 [FXGL Background Thread 3 ] DEBUG Engine               - isIntroEnabled: false
21:15:31.549 [FXGL Background Thread 3 ] DEBUG Engine               - isLinux: false
21:15:31.550 [FXGL Background Thread 3 ] DEBUG Engine               - isMac: false
21:15:31.550 [FXGL Background Thread 3 ] DEBUG Engine               - isMainMenuEnabled: true
21:15:31.550 [FXGL Background Thread 3 ] DEBUG Engine               - isManualResizeEnabled: false
21:15:31.550 [FXGL Background Thread 3 ] DEBUG Engine               - isMobile: false
21:15:31.550 [FXGL Background Thread 3 ] DEBUG Engine               - isNative: false
21:15:31.550 [FXGL Background Thread 3 ] DEBUG Engine               - isPauseMusicWhenMinimized: true
21:15:31.550 [FXGL Background Thread 3 ] DEBUG Engine               - isPreserveResizeRatio: false
21:15:31.550 [FXGL Background Thread 3 ] DEBUG Engine               - isProfilingEnabled: false
21:15:31.550 [FXGL Background Thread 3 ] DEBUG Engine               - isScaleAffectedOnResize: true
21:15:31.550 [FXGL Background Thread 3 ] DEBUG Engine               - isSingleStep: false
21:15:31.550 [FXGL Background Thread 3 ] DEBUG Engine               - isUserProfileEnabled: false
21:15:31.550 [FXGL Background Thread 3 ] DEBUG Engine               - isWindows: true
21:15:31.550 [FXGL Background Thread 3 ] DEBUG Engine               - language: ObjectProperty [value: ENGLISH]
21:15:31.550 [FXGL Background Thread 3 ] DEBUG Engine               - menuKey: ESCAPE
21:15:31.550 [FXGL Background Thread 3 ] DEBUG Engine               - mouseSensitivity: 0.2
21:15:31.550 [FXGL Background Thread 3 ] DEBUG Engine               - notificationViewClass: class com.almasb.fxgl.notification.view.XboxNotificationView
21:15:31.550 [FXGL Background Thread 3 ] DEBUG Engine               - pixelsPerMeter: 50.0
21:15:31.550 [FXGL Background Thread 3 ] DEBUG Engine               - platform: WINDOWS
21:15:31.550 [FXGL Background Thread 3 ] DEBUG Engine               - prefHeightProperty: ReadOnlyDoubleProperty [value: 1080.0]
21:15:31.550 [FXGL Background Thread 3 ] DEBUG Engine               - prefWidthProperty: ReadOnlyDoubleProperty [value: 1920.0]
21:15:31.550 [FXGL Background Thread 3 ] DEBUG Engine               - profileDir: profiles/
21:15:31.550 [FXGL Background Thread 3 ] DEBUG Engine               - profileName: StringProperty [value: DEFAULT]
21:15:31.550 [FXGL Background Thread 3 ] DEBUG Engine               - randomSeed: -1
21:15:31.551 [FXGL Background Thread 3 ] DEBUG Engine               - runtimeInfo: RuntimeInfo(platform=WINDOWS, version=17.2, build=20.08.2022 16.50)
21:15:31.551 [FXGL Background Thread 3 ] DEBUG Engine               - saveFileExt: sav
21:15:31.551 [FXGL Background Thread 3 ] DEBUG Engine               - scaledHeightProp$fxgl: DoubleProperty [bound, value: 1080.0]
21:15:31.551 [FXGL Background Thread 3 ] DEBUG Engine               - scaledWidthProp$fxgl: DoubleProperty [bound, value: 1920.0]
21:15:31.551 [FXGL Background Thread 3 ] DEBUG Engine               - sceneFactory: myGame.DawnseekerApp$1@727d3e03
21:15:31.551 [FXGL Background Thread 3 ] DEBUG Engine               - secondsIn24h: 60
21:15:31.551 [FXGL Background Thread 3 ] DEBUG Engine               - soundMenuBack: menu/back.wav
21:15:31.551 [FXGL Background Thread 3 ] DEBUG Engine               - soundMenuPress: menu/press.wav
21:15:31.551 [FXGL Background Thread 3 ] DEBUG Engine               - soundMenuSelect: menu/select.wav
21:15:31.551 [FXGL Background Thread 3 ] DEBUG Engine               - soundNotification: core/notification.wav
21:15:31.551 [FXGL Background Thread 3 ] DEBUG Engine               - stageStyle: DECORATED
21:15:31.551 [FXGL Background Thread 3 ] DEBUG Engine               - supportedLanguages: [ENGLISH, FRENCH, GERMAN, HUNGARIAN, RUSSIAN]
21:15:31.551 [FXGL Background Thread 3 ] DEBUG Engine               - ticksPerSecond: -1
21:15:31.551 [FXGL Background Thread 3 ] DEBUG Engine               - title: Dawnseeker
21:15:31.551 [FXGL Background Thread 3 ] DEBUG Engine               - urlGithub: https://github.com/AlmasB/FXGL
21:15:31.551 [FXGL Background Thread 3 ] DEBUG Engine               - urlLeaderboard: http://fxgl-top.herokuapp.com/
21:15:31.551 [FXGL Background Thread 3 ] DEBUG Engine               - urlPOM: https://raw.githubusercontent.com/AlmasB/FXGL/release/README.md
21:15:31.551 [FXGL Background Thread 3 ] DEBUG Engine               - userAppClass: class myGame.DawnseekerApp
21:15:31.551 [FXGL Background Thread 3 ] DEBUG Engine               - version: 0.4
21:15:31.551 [FXGL Background Thread 3 ] DEBUG Engine               - versionCheckDays: 7
21:15:31.551 [FXGL Background Thread 3 ] DEBUG Engine               - width: 1920
21:15:31.551 [FXGL Background Thread 3 ] DEBUG Engine               - Logging services
21:15:31.551 [FXGL Background Thread 3 ] DEBUG Engine               - class com.almasb.fxgl.app.services.FXGLAssetLoaderService
21:15:31.551 [FXGL Background Thread 3 ] DEBUG Engine               - class com.almasb.fxgl.app.FXGLApplication$GameApplicationService
21:15:31.551 [FXGL Background Thread 3 ] DEBUG Engine               - class com.almasb.fxgl.app.services.FXGLDialogService
21:15:31.551 [FXGL Background Thread 3 ] DEBUG Engine               - class com.almasb.fxgl.app.services.IOTaskExecutorService
21:15:31.551 [FXGL Background Thread 3 ] DEBUG Engine               - class com.almasb.fxgl.io.FileSystemService
21:15:31.552 [FXGL Background Thread 3 ] DEBUG Engine               - class com.almasb.fxgl.localization.LocalizationService
21:15:31.552 [FXGL Background Thread 3 ] DEBUG Engine               - class com.almasb.fxgl.app.services.SystemBundleService
21:15:31.552 [FXGL Background Thread 3 ] DEBUG Engine               - class com.almasb.fxgl.profile.SaveLoadService
21:15:31.552 [FXGL Background Thread 3 ] DEBUG Engine               - class com.almasb.fxgl.ui.FXGLUIFactoryServiceProvider
21:15:31.552 [FXGL Background Thread 3 ] DEBUG Engine               - class com.almasb.fxgl.ui.FXGLDialogFactoryServiceProvider
21:15:31.552 [FXGL Background Thread 3 ] DEBUG Engine               - class com.almasb.fxgl.audio.AudioPlayer
21:15:31.552 [FXGL Background Thread 3 ] DEBUG Engine               - class com.almasb.fxgl.notification.impl.NotificationServiceProvider
21:15:31.552 [FXGL Background Thread 3 ] DEBUG Engine               - class com.almasb.fxgl.achievement.AchievementService
21:15:31.552 [FXGL Background Thread 3 ] DEBUG Engine               - class com.almasb.fxgl.cutscene.CutsceneService
21:15:31.552 [FXGL Background Thread 3 ] DEBUG Engine               - class com.almasb.fxgl.minigames.MiniGameService
21:15:31.552 [FXGL Background Thread 3 ] DEBUG Engine               - class com.almasb.fxgl.net.NetService
21:15:31.552 [FXGL Background Thread 3 ] DEBUG Engine               - class com.almasb.fxgl.app.services.UpdaterService
21:15:31.552 [FXGL Background Thread 3 ] DEBUG Engine               - class com.almasb.fxgl.dev.DevService
21:15:32.264 [JavaFX Application Thread] WARN  GameWorld            - Attempted to remove entity which is not active
21:15:32.265 [JavaFX Application Thread] DEBUG FXGLAssetLoaderServi - Loading from file system: file:/C:/Games/Schoolwork/Spring%2023/CS4900/DawnseekerWorkspace/CS4900G2Proj2/CS4900G2Proj2/Dawnseeker/target/classes/assets/textures/PowerPotion.gif
21:15:32.267 [JavaFX Application Thread] DEBUG FXGLAssetLoaderServi - Loading from file system: file:/C:/Games/Schoolwork/Spring%2023/CS4900/DawnseekerWorkspace/CS4900G2Proj2/CS4900G2Proj2/Dawnseeker/target/classes/assets/sounds/bong.wav
21:15:33.033 [JavaFX Application Thread] WARN  GameWorld            - Attempted to remove entity which is not active
21:15:33.034 [JavaFX Application Thread] DEBUG FXGLAssetLoaderServi - Loading from file system: file:/C:/Games/Schoolwork/Spring%2023/CS4900/DawnseekerWorkspace/CS4900G2Proj2/CS4900G2Proj2/Dawnseeker/target/classes/assets/textures/Coin.gif
21:15:33.929 [JavaFX Application Thread] DEBUG FXGLAssetLoaderServi - Loading from file system: file:/C:/Games/Schoolwork/Spring%2023/CS4900/DawnseekerWorkspace/CS4900G2Proj2/CS4900G2Proj2/Dawnseeker/target/classes/assets/sounds/yoda_death.wav
21:15:37.337 [JavaFX Application Thread] WARN  GameWorld            - Attempted to remove entity which is not active
21:15:37.338 [JavaFX Application Thread] DEBUG FXGLAssetLoaderServi - Loading from file system: file:/C:/Games/Schoolwork/Spring%2023/CS4900/DawnseekerWorkspace/CS4900G2Proj2/CS4900G2Proj2/Dawnseeker/target/classes/assets/textures/SpeedPotion.gif
21:15:37.577 [JavaFX Application Thread] WARN  GameWorld            - Attempted to remove entity which is not active
21:15:39.064 [JavaFX Application Thread] WARN  GameWorld            - Attempted to remove entity which is not active
21:15:39.959 [JavaFX Application Thread] DEBUG FXGLAssetLoaderServi - Loading from file system: file:/C:/Games/Schoolwork/Spring%2023/CS4900/DawnseekerWorkspace/CS4900G2Proj2/CS4900G2Proj2/Dawnseeker/target/classes/assets/sounds/coin_pickup.wav
21:15:40.200 [JavaFX Application Thread] DEBUG FXGLAssetLoaderServi - Loading from file system: file:/C:/Games/Schoolwork/Spring%2023/CS4900/DawnseekerWorkspace/CS4900G2Proj2/CS4900G2Proj2/Dawnseeker/target/classes/assets/sounds/player_oof.wav
21:15:40.920 [JavaFX Application Thread] WARN  GameWorld            - Attempted to remove entity which is not active
21:15:41.176 [JavaFX Application Thread] WARN  GameWorld            - Attempted to remove entity which is not active
21:15:42.664 [JavaFX Application Thread] WARN  GameWorld            - Attempted to remove entity which is not active
21:15:43.208 [JavaFX Application Thread] WARN  GameWorld            - Attempted to remove entity which is not active
21:15:43.465 [JavaFX Application Thread] WARN  GameWorld            - Attempted to remove entity which is not active
21:15:43.653 [JavaFX Application Thread] WARN  GameWorld            - Attempted to remove entity which is not active
21:15:43.893 [JavaFX Application Thread] WARN  GameWorld            - Attempted to remove entity which is not active
21:15:44.614 [JavaFX Application Thread] WARN  GameWorld            - Attempted to remove entity which is not active
21:15:44.627 [JavaFX Application Thread] WARN  GameWorld            - Attempted to remove entity which is not active
21:15:48.064 [JavaFX Application Thread] DEBUG FXGLApplication      - Exiting FXGL
21:15:48.064 [JavaFX Application Thread] DEBUG LoopRunner           - Stopping loop
21:15:48.065 [JavaFX Application Thread] DEBUG SystemBundleService  - Saving FXGL system data
21:15:48.066 [JavaFX Application Thread] DEBUG FileSystemAccess     - Writing to: C:\Games\Schoolwork\Spring 23\CS4900\DawnseekerWorkspace\CS4900G2Proj2\CS4900G2Proj2\Dawnseeker\system\fxgl.bundle
21:15:48.068 [JavaFX Application Thread] DEBUG Async                - Shutting down background threads
21:15:48.068 [JavaFX Application Thread] DEBUG PrimaryStageWindow   - Closing main window
21:15:48.076 [JavaFX Application Thread] DEBUG Logger               - Closing Logger
