14:26:22.276 [main                     ] DEBUG Logger               - Configured Logger
14:26:22.334 [main                     ] DEBUG GameApplication      - Logging settings
Title: Dawnseeker
Version: 0.1
Width: 1024
Height: 1024
Fullscreen: false
Intro: false
Profiling: false
Single step:false
App Mode: DEVELOPER
Menu Key: ESCAPE
Stage Style: DECORATED
Scene Factory: class com.almasb.fxgl.app.scene.SceneFactory

14:26:23.139 [JavaFX Application Thread] DEBUG FXGLApplication      - Initializing FXGL
14:26:23.151 [JavaFX Application Thread] INFO  Engine               - FXGL-17.2 (20.08.2022 16.50) on WINDOWS (J:19.0.2 FX:18)
14:26:23.154 [JavaFX Application Thread] DEBUG Engine               - JRE Vendor Name: Oracle Corporation
14:26:23.155 [JavaFX Application Thread] DEBUG Engine               - Running on OS: Windows 10 version 10.0
14:26:23.156 [JavaFX Application Thread] DEBUG Engine               - Architecture: amd64
14:26:23.156 [JavaFX Application Thread] INFO  Engine               - Source code and latest versions at: https://github.com/AlmasB/FXGL
14:26:23.157 [JavaFX Application Thread] INFO  Engine               -       Ask questions and discuss at: https://github.com/AlmasB/FXGL/discussions
14:26:23.157 [JavaFX Application Thread] INFO  Engine               -              Join the FXGL chat at: https://gitter.im/AlmasB/FXGL
14:26:23.391 [JavaFX Application Thread] DEBUG PrimaryStageWindow   - Creating a JavaFX scene
14:26:23.391 [JavaFX Application Thread] DEBUG PrimaryStageWindow   - Target size > screen size
14:26:23.495 [JavaFX Application Thread] DEBUG PrimaryStageWindow   - Target settings size: 1024.0 x 1024.0
14:26:23.496 [JavaFX Application Thread] DEBUG PrimaryStageWindow   - Scaled scene size:    799.0 x 824.0
14:26:23.496 [JavaFX Application Thread] DEBUG PrimaryStageWindow   - Scaled ratio: (0.7802734375, 0.8046875)
14:26:23.498 [JavaFX Application Thread] DEBUG PrimaryStageWindow   - Set initial scene to FXGLStartupScene
14:26:23.512 [JavaFX Application Thread] DEBUG PrimaryStageWindow   - Opening main window
14:26:23.716 [JavaFX Application Thread] DEBUG PrimaryStageWindow   - Window border size: (14.5999755859375, 37.5999755859375)
14:26:23.717 [JavaFX Application Thread] DEBUG PrimaryStageWindow   - Scaled size: 799.0 x 824.0
14:26:23.717 [JavaFX Application Thread] DEBUG PrimaryStageWindow   - Scaled ratio: (0.7802734375, 0.8046875)
14:26:23.718 [JavaFX Application Thread] DEBUG PrimaryStageWindow   - Scene size: 799.0 x 824.0
14:26:23.718 [JavaFX Application Thread] DEBUG PrimaryStageWindow   - Stage size: 813.5999755859375 x 861.5999755859375
14:26:23.744 [FXGL Background Thread 1 ] DEBUG Engine               - Initializing environment variables
14:26:23.911 [FXGL Background Thread 1 ] DEBUG FXGLAssetLoaderServi - User app class for loading assets: class myGame.DawnseekerApp
14:26:23.912 [FXGL Background Thread 1 ] DEBUG GameApplicationServi - Applying CSS: fxgl_dark.css
14:26:23.914 [FXGL Background Thread 1 ] DEBUG FXGLAssetLoaderServi - Loading from file system: jar:file:/C:/Users/narro/.m2/repository/com/github/almasb/fxgl/17.2/fxgl-17.2.jar!/fxglassets/ui/css/fxgl_dark.css
14:26:24.058 [FXGL Background Thread 1 ] DEBUG GameApplicationServi - Initializing application scenes
14:26:24.144 [FXGL Background Thread 1 ] DEBUG GameWorld            - Game world initialized
14:26:24.277 [FXGL Background Thread 1 ] DEBUG PhysicsWorld         - Physics world initialized: appHeight=1024, physics.ppm=50.0
14:26:24.277 [FXGL Background Thread 1 ] DEBUG PhysicsWorld         - Using strategy: BRUTE_FORCE
14:26:24.287 [FXGL Background Thread 1 ] DEBUG GameScene            - Game scene initialized: 1024x1024
14:26:24.321 [FXGL Background Thread 1 ] DEBUG FXGL.DefaultMenu     - createMenuBodyMainMenu()
14:26:24.371 [FXGL Background Thread 1 ] DEBUG FXGL.DefaultMenu     - createOptionsMenu()
14:26:24.399 [FXGL Background Thread 1 ] DEBUG FXGLAssetLoaderServi - Loading from file system: jar:file:/C:/Users/narro/.m2/repository/com/github/almasb/fxgl/17.2/fxgl-17.2.jar!/fxglassets/textures/particles/smoke.png
14:26:24.572 [FXGL Background Thread 1 ] DEBUG FXGLAssetLoaderServi - Loading from file system: jar:file:/C:/Users/narro/.m2/repository/com/github/almasb/fxgl/17.2/fxgl-17.2.jar!/fxglassets/textures/particles/trace_horizontal.png
14:26:24.612 [FXGL Background Thread 1 ] DEBUG FXGL.DefaultMenu     - createMenuBodyGameMenu()
14:26:24.614 [FXGL Background Thread 1 ] DEBUG FXGL.DefaultMenu     - createOptionsMenu()
14:26:24.631 [FXGL Background Thread 1 ] DEBUG GameApplicationServi - Application scenes initialized
14:26:24.651 [FXGL Background Thread 1 ] DEBUG SystemBundleService  - Loading FXGL system data
14:26:24.656 [FXGL Background Thread 1 ] DEBUG FileSystemAccess     - Reading from: C:\Users\narro\OneDrive\Documents\coleg\Spring 2023\CS 4900 Senior Seminiar\Dawnseeker\Dawnseeker\system\fxgl.bundle
14:26:24.669 [FXGL Background Thread 1 ] DEBUG SystemBundleService  - Bundle FXGL: {}
14:26:24.669 [FXGL Background Thread 1 ] DEBUG UpdaterService       - Checking for updates
14:26:24.675 [FXGL Background Thread 4 ] DEBUG FXGLApplication      - Loading fonts
14:26:24.675 [FXGL Background Thread 4 ] DEBUG FXGLAssetLoaderServi - Loading from file system: jar:file:/C:/Users/narro/.m2/repository/com/github/almasb/fxgl/17.2/fxgl-17.2.jar!/fxglassets/ui/fonts/VarelaRound-Regular.ttf
14:26:24.676 [FXGL Background Thread 1 ] DEBUG FXGLApplication      - Loading default localization
14:26:24.676 [FXGL Background Thread 1 ] DEBUG FXGLAssetLoaderServi - Loading from file system: jar:file:/C:/Users/narro/.m2/repository/com/github/almasb/fxgl/17.2/fxgl-17.2.jar!/fxglassets/languages/english.lang
14:26:24.716 [FXGL Background Thread 1 ] INFO  FXGLApplication      - FXGL initialization took: 0.972 sec
14:26:24.734 [JavaFX Application Thread] DEBUG Input                - Registered new binding: action0 - W
14:26:24.735 [JavaFX Application Thread] DEBUG Input                - Registered new binding: action1 - S
14:26:24.736 [JavaFX Application Thread] DEBUG Input                - Registered new binding: action2 - A
14:26:24.736 [JavaFX Application Thread] DEBUG Input                - Registered new binding: action3 - D
14:26:24.740 [JavaFX Application Thread] DEBUG Input                - Registered new binding: action4 - LMB
14:26:24.741 [JavaFX Application Thread] DEBUG FXGLAssetLoaderServi - Loading from file system: jar:file:/C:/Users/narro/.m2/repository/com/github/almasb/fxgl/17.2/fxgl-17.2.jar!/fxglassets/textures/fxgl_icon.png
14:26:24.787 [JavaFX Application Thread] DEBUG FXGLAssetLoaderServi - Loading from file system: jar:file:/C:/Users/narro/.m2/repository/com/github/almasb/fxgl/17.2/fxgl-17.2.jar!/fxglassets/textures/fxgl_default_cursor.png
14:26:24.792 [JavaFX Application Thread] DEBUG Input                - Registered new binding: Screenshot - CTRL+8
14:26:24.793 [JavaFX Application Thread] DEBUG Input                - Registered new binding: System info dump - CTRL+9
14:26:24.793 [JavaFX Application Thread] DEBUG Input                - Registered new binding: Restart - CTRL+R
14:26:24.794 [JavaFX Application Thread] DEBUG Input                - Registered new binding: Toggle Debug Camera - CTRL+7
14:26:24.797 [JavaFX Application Thread] DEBUG LoopRunner           - Starting loop
14:26:24.797 [JavaFX Application Thread] DEBUG LoopRunner           - Initializing JavaFX AnimationTimerLoop
14:26:24.803 [JavaFX Application Thread] DEBUG Input                - Clearing active input actions
14:26:24.814 [JavaFX Application Thread] DEBUG GameApplicationServi - Removing overlay from FXGLStartupScene and adding to FXGLMainMenuDummyScene
14:26:24.815 [JavaFX Application Thread] DEBUG PrimaryStageWindow   - FXGLStartupScene -> FXGLMainMenuDummyScene
14:26:24.815 [JavaFX Application Thread] DEBUG PrimaryStageWindow   - Push state: FXGLDefaultMenu
14:26:24.825 [JavaFX Application Thread] DEBUG Input                - Clearing active input actions
14:26:24.843 [JavaFX Application Thread] DEBUG GameApplicationServi - Removing overlay from FXGLMainMenuDummyScene and adding to FXGLDefaultMenu
14:26:24.844 [JavaFX Application Thread] DEBUG PrimaryStageWindow   - FXGLMainMenuDummyScene -> FXGLDefaultMenu
14:26:24.939 [FXGL Background Thread 4 ] DEBUG FXGLAssetLoaderServi - Loading from file system: jar:file:/C:/Users/narro/.m2/repository/com/github/almasb/fxgl/17.2/fxgl-17.2.jar!/fxglassets/ui/fonts/Abel-Regular.ttf
14:26:24.963 [FXGL Background Thread 4 ] DEBUG FXGLAssetLoaderServi - Loading from file system: jar:file:/C:/Users/narro/.m2/repository/com/github/almasb/fxgl/17.2/fxgl-17.2.jar!/fxglassets/ui/fonts/TerminalLandMono-Regular.otf
14:26:25.002 [FXGL Background Thread 4 ] DEBUG FXGLAssetLoaderServi - Loading from file system: jar:file:/C:/Users/narro/.m2/repository/com/github/almasb/fxgl/17.2/fxgl-17.2.jar!/fxglassets/ui/fonts/Courier-Prime.ttf
14:26:25.207 [JavaFX Application Thread] DEBUG FXGLApplication      - Registering font factories with UI factory
14:26:27.281 [JavaFX Application Thread] DEBUG FXGLApplication      - Exiting FXGL
14:26:27.281 [JavaFX Application Thread] DEBUG LoopRunner           - Stopping loop
14:26:27.282 [JavaFX Application Thread] DEBUG SystemBundleService  - Saving FXGL system data
14:26:27.284 [JavaFX Application Thread] DEBUG FileSystemAccess     - Writing to: C:\Users\narro\OneDrive\Documents\coleg\Spring 2023\CS 4900 Senior Seminiar\Dawnseeker\Dawnseeker\system\fxgl.bundle
14:26:27.288 [JavaFX Application Thread] DEBUG Async                - Shutting down background threads
14:26:27.288 [JavaFX Application Thread] DEBUG PrimaryStageWindow   - Closing main window
14:26:27.315 [JavaFX Application Thread] DEBUG Logger               - Closing Logger
