15:17:27.097 [main                     ] DEBUG Logger               - Configured Logger
15:17:27.117 [main                     ] DEBUG GameApplication      - Logging settings
Title: Dawnseeker
Version: 0.2
Width: 1024
Height: 1024
Fullscreen: false
Intro: false
Profiling: false
Single step:false
App Mode: DEVELOPER
Menu Key: ESCAPE
Stage Style: DECORATED
Scene Factory: class myGame.DawnseekerApp$1

15:17:27.415 [JavaFX Application Thread] DEBUG FXGLApplication      - Initializing FXGL
15:17:27.419 [JavaFX Application Thread] INFO  Engine               - FXGL-17.2 (20.08.2022 16.50) on WINDOWS (J:19.0.2 FX:18)
15:17:27.419 [JavaFX Application Thread] DEBUG Engine               - JRE Vendor Name: Eclipse Adoptium
15:17:27.419 [JavaFX Application Thread] DEBUG Engine               - Running on OS: Windows 10 version 10.0
15:17:27.419 [JavaFX Application Thread] DEBUG Engine               - Architecture: amd64
15:17:27.419 [JavaFX Application Thread] INFO  Engine               - Source code and latest versions at: https://github.com/AlmasB/FXGL
15:17:27.420 [JavaFX Application Thread] INFO  Engine               -       Ask questions and discuss at: https://github.com/AlmasB/FXGL/discussions
15:17:27.420 [JavaFX Application Thread] INFO  Engine               -              Join the FXGL chat at: https://gitter.im/AlmasB/FXGL
15:17:27.509 [JavaFX Application Thread] DEBUG PrimaryStageWindow   - Creating a JavaFX scene
15:17:27.509 [JavaFX Application Thread] DEBUG PrimaryStageWindow   - Target size > screen size
15:17:27.544 [JavaFX Application Thread] DEBUG PrimaryStageWindow   - Target settings size: 1024.0 x 1024.0
15:17:27.544 [JavaFX Application Thread] DEBUG PrimaryStageWindow   - Scaled scene size:    839.0 x 864.0
15:17:27.545 [JavaFX Application Thread] DEBUG PrimaryStageWindow   - Scaled ratio: (0.8193359375, 0.84375)
15:17:27.546 [JavaFX Application Thread] DEBUG PrimaryStageWindow   - Set initial scene to FXGLStartupScene
15:17:27.553 [JavaFX Application Thread] DEBUG PrimaryStageWindow   - Opening main window
15:17:27.623 [JavaFX Application Thread] DEBUG PrimaryStageWindow   - Window border size: (14.5999755859375, 37.5999755859375)
15:17:27.624 [JavaFX Application Thread] DEBUG PrimaryStageWindow   - Scaled size: 839.0 x 864.0
15:17:27.624 [JavaFX Application Thread] DEBUG PrimaryStageWindow   - Scaled ratio: (0.8193359375, 0.84375)
15:17:27.624 [JavaFX Application Thread] DEBUG PrimaryStageWindow   - Scene size: 839.0 x 864.0
15:17:27.624 [JavaFX Application Thread] DEBUG PrimaryStageWindow   - Stage size: 853.5999755859375 x 901.5999755859375
15:17:27.631 [FXGL Background Thread 1 ] DEBUG Engine               - Initializing environment variables
15:17:27.687 [FXGL Background Thread 1 ] DEBUG FXGLAssetLoaderServi - User app class for loading assets: class myGame.DawnseekerApp
15:17:27.688 [FXGL Background Thread 1 ] DEBUG GameApplicationServi - Applying CSS: fxgl_dark.css
15:17:27.688 [FXGL Background Thread 1 ] DEBUG FXGLAssetLoaderServi - Loading from file system: jar:file:/C:/Users/Eartm/.m2/repository/com/github/almasb/fxgl/17.2/fxgl-17.2.jar!/fxglassets/ui/css/fxgl_dark.css
15:17:27.725 [FXGL Background Thread 1 ] DEBUG GameApplicationServi - Initializing application scenes
15:17:27.763 [FXGL Background Thread 1 ] DEBUG GameWorld            - Game world initialized
15:17:27.814 [FXGL Background Thread 1 ] DEBUG PhysicsWorld         - Physics world initialized: appHeight=1024, physics.ppm=50.0
15:17:27.814 [FXGL Background Thread 1 ] DEBUG PhysicsWorld         - Using strategy: BRUTE_FORCE
15:17:27.820 [FXGL Background Thread 1 ] DEBUG GameScene            - Game scene initialized: 1024x1024
15:17:27.831 [FXGL Background Thread 1 ] DEBUG FXGLAssetLoaderServi - Loading from file system: file:/C:/Games/CS4900%20Workspace/CS4900G2Proj2/Dawnseeker/target/classes/assets/textures/bg.png
15:17:27.895 [FXGL Background Thread 1 ] DEBUG FXGL.DefaultMenu     - createMenuBodyGameMenu()
15:17:27.907 [FXGL Background Thread 1 ] DEBUG FXGL.DefaultMenu     - createOptionsMenu()
15:17:27.912 [FXGL Background Thread 1 ] DEBUG FXGLAssetLoaderServi - Loading from file system: jar:file:/C:/Users/Eartm/.m2/repository/com/github/almasb/fxgl/17.2/fxgl-17.2.jar!/fxglassets/textures/particles/smoke.png
15:17:27.979 [FXGL Background Thread 1 ] DEBUG FXGLAssetLoaderServi - Loading from file system: jar:file:/C:/Users/Eartm/.m2/repository/com/github/almasb/fxgl/17.2/fxgl-17.2.jar!/fxglassets/textures/particles/trace_horizontal.png
15:17:27.994 [FXGL Background Thread 1 ] DEBUG GameApplicationServi - Application scenes initialized
15:17:28.005 [FXGL Background Thread 1 ] DEBUG SystemBundleService  - Loading FXGL system data
15:17:28.012 [FXGL Background Thread 1 ] DEBUG FileSystemAccess     - Reading from: C:\Games\CS4900 Workspace\CS4900G2Proj2\Dawnseeker\system\fxgl.bundle
15:17:28.020 [FXGL Background Thread 1 ] DEBUG SystemBundleService  - Bundle FXGL: {}
15:17:28.020 [FXGL Background Thread 1 ] DEBUG UpdaterService       - Checking for updates
15:17:28.026 [FXGL Background Thread 4 ] DEBUG FXGLApplication      - Loading fonts
15:17:28.027 [FXGL Background Thread 4 ] DEBUG FXGLAssetLoaderServi - Loading from file system: jar:file:/C:/Users/Eartm/.m2/repository/com/github/almasb/fxgl/17.2/fxgl-17.2.jar!/fxglassets/ui/fonts/VarelaRound-Regular.ttf
15:17:28.027 [FXGL Background Thread 1 ] DEBUG FXGLApplication      - Loading default localization
15:17:28.028 [FXGL Background Thread 1 ] DEBUG FXGLAssetLoaderServi - Loading from file system: jar:file:/C:/Users/Eartm/.m2/repository/com/github/almasb/fxgl/17.2/fxgl-17.2.jar!/fxglassets/languages/english.lang
15:17:28.046 [FXGL Background Thread 1 ] INFO  FXGLApplication      - FXGL initialization took: 0.414 sec
15:17:28.053 [JavaFX Application Thread] DEBUG Input                - Registered new binding: action0 - LMB
15:17:28.060 [JavaFX Application Thread] DEBUG Input                - Registered new binding: Up - W
15:17:28.060 [JavaFX Application Thread] DEBUG Input                - Registered new binding: Down - S
15:17:28.060 [JavaFX Application Thread] DEBUG Input                - Registered new binding: Right - D
15:17:28.061 [JavaFX Application Thread] DEBUG Input                - Registered new binding: Left - A
15:17:28.061 [JavaFX Application Thread] DEBUG FXGLAssetLoaderServi - Loading from file system: jar:file:/C:/Users/Eartm/.m2/repository/com/github/almasb/fxgl/17.2/fxgl-17.2.jar!/fxglassets/textures/fxgl_icon.png
15:17:28.079 [JavaFX Application Thread] DEBUG FXGLAssetLoaderServi - Loading from file system: jar:file:/C:/Users/Eartm/.m2/repository/com/github/almasb/fxgl/17.2/fxgl-17.2.jar!/fxglassets/textures/fxgl_default_cursor.png
15:17:28.080 [JavaFX Application Thread] DEBUG Input                - Registered new binding: Screenshot - CTRL+8
15:17:28.081 [JavaFX Application Thread] DEBUG Input                - Registered new binding: System info dump - CTRL+9
15:17:28.081 [JavaFX Application Thread] DEBUG Input                - Registered new binding: Restart - CTRL+R
15:17:28.082 [JavaFX Application Thread] DEBUG Input                - Registered new binding: Toggle Debug Camera - CTRL+7
15:17:28.084 [JavaFX Application Thread] DEBUG LoopRunner           - Starting loop
15:17:28.085 [JavaFX Application Thread] DEBUG LoopRunner           - Initializing JavaFX AnimationTimerLoop
15:17:28.087 [JavaFX Application Thread] DEBUG Input                - Clearing active input actions
15:17:28.093 [JavaFX Application Thread] DEBUG GameApplicationServi - Removing overlay from FXGLStartupScene and adding to FXGLMainMenuDummyScene
15:17:28.093 [JavaFX Application Thread] DEBUG PrimaryStageWindow   - FXGLStartupScene -> FXGLMainMenuDummyScene
15:17:28.093 [JavaFX Application Thread] DEBUG PrimaryStageWindow   - Push state: DawnseekerMenu
15:17:28.093 [JavaFX Application Thread] DEBUG Input                - Clearing active input actions
15:17:28.097 [FXGL Background Thread 4 ] DEBUG FXGLAssetLoaderServi - Loading from file system: jar:file:/C:/Users/Eartm/.m2/repository/com/github/almasb/fxgl/17.2/fxgl-17.2.jar!/fxglassets/ui/fonts/Abel-Regular.ttf
15:17:28.097 [JavaFX Application Thread] DEBUG GameApplicationServi - Removing overlay from FXGLMainMenuDummyScene and adding to DawnseekerMenu
15:17:28.098 [JavaFX Application Thread] DEBUG PrimaryStageWindow   - FXGLMainMenuDummyScene -> DawnseekerMenu
15:17:28.109 [FXGL Background Thread 4 ] DEBUG FXGLAssetLoaderServi - Loading from file system: jar:file:/C:/Users/Eartm/.m2/repository/com/github/almasb/fxgl/17.2/fxgl-17.2.jar!/fxglassets/ui/fonts/TerminalLandMono-Regular.otf
15:17:28.121 [FXGL Background Thread 4 ] DEBUG FXGLAssetLoaderServi - Loading from file system: jar:file:/C:/Users/Eartm/.m2/repository/com/github/almasb/fxgl/17.2/fxgl-17.2.jar!/fxglassets/ui/fonts/Courier-Prime.ttf
15:17:28.142 [JavaFX Application Thread] DEBUG FXGLApplication      - Registering font factories with UI factory
15:17:29.150 [JavaFX Application Thread] DEBUG Menu                 - fireNewGame()
15:17:29.150 [JavaFX Application Thread] DEBUG GameApplicationServi - Starting new game
15:17:29.150 [JavaFX Application Thread] DEBUG PrimaryStageWindow   - Pop state: DawnseekerMenu
15:17:29.150 [JavaFX Application Thread] DEBUG Input                - Clearing active input actions
15:17:29.151 [JavaFX Application Thread] DEBUG GameApplicationServi - Removing overlay from DawnseekerMenu and adding to FXGLMainMenuDummyScene
15:17:29.151 [JavaFX Application Thread] DEBUG PrimaryStageWindow   - FXGLMainMenuDummyScene <- DawnseekerMenu
15:17:29.151 [JavaFX Application Thread] DEBUG Input                - Clearing active input actions
15:17:29.159 [JavaFX Application Thread] DEBUG GameApplicationServi - Removing overlay from FXGLMainMenuDummyScene and adding to FXGLLoadingScene
15:17:29.159 [JavaFX Application Thread] DEBUG PrimaryStageWindow   - FXGLMainMenuDummyScene -> FXGLLoadingScene
15:17:29.159 [JavaFX Application Thread] DEBUG GameApplicationServi - Clearing previous game
15:17:29.159 [JavaFX Application Thread] DEBUG GameScene            - Clearing game scene
15:17:29.160 [JavaFX Application Thread] DEBUG GameWorld            - Clearing game world
15:17:29.160 [JavaFX Application Thread] DEBUG PhysicsWorld         - Clearing physics world
15:17:29.161 [FXGL Background Thread 2 ] DEBUG FXGLApplication      - Initializing game
15:17:29.166 [FXGL Background Thread 2 ] DEBUG FXGLAssetLoaderServi - Loading from file system: file:/C:/Games/CS4900%20Workspace/CS4900G2Proj2/Dawnseeker/target/classes/assets/music/heartache.mp3
15:17:29.290 [FXGL Background Thread 2 ] DEBUG AudioPlayer          - Playing music com.almasb.fxgl.audio.Music@508955fa
15:17:29.304 [FXGL Background Thread 2 ] DEBUG FXGLAssetLoaderServi - Loading from file system: file:/C:/Games/CS4900%20Workspace/CS4900G2Proj2/Dawnseeker/target/classes/assets/textures/DawnseekerPCV2.png
15:17:29.306 [FXGL Background Thread 2 ] DEBUG FXGLAssetLoaderServi - Loading from file system: file:/C:/Games/CS4900%20Workspace/CS4900G2Proj2/Dawnseeker/target/classes/assets/textures/DawnseekerPCV2Down.png
15:17:29.307 [FXGL Background Thread 2 ] DEBUG FXGLAssetLoaderServi - Loading from file system: file:/C:/Games/CS4900%20Workspace/CS4900G2Proj2/Dawnseeker/target/classes/assets/textures/DawnseekerPCV2Up.png
15:17:29.308 [FXGL Background Thread 2 ] DEBUG FXGLAssetLoaderServi - Loading from file system: file:/C:/Games/CS4900%20Workspace/CS4900G2Proj2/Dawnseeker/target/classes/assets/textures/DawnseekerPCV2Right.png
15:17:29.309 [FXGL Background Thread 2 ] DEBUG FXGLAssetLoaderServi - Loading from file system: file:/C:/Games/CS4900%20Workspace/CS4900G2Proj2/Dawnseeker/target/classes/assets/textures/DawnseekerPCV2Left.png
15:17:29.323 [FXGL Background Thread 2 ] WARN  GameWorld            - Entity is already attached to world
15:17:29.325 [FXGL Background Thread 2 ] WARN  Entity               - Entity already has component: com.almasb.fxgl.entity.components.CollidableComponent
15:17:29.325 [FXGL Background Thread 2 ] WARN  GameWorld            - Entity is already attached to world
15:17:29.326 [FXGL Background Thread 2 ] WARN  Entity               - Entity already has component: com.almasb.fxgl.entity.components.CollidableComponent
15:17:29.326 [FXGL Background Thread 2 ] WARN  GameWorld            - Entity is already attached to world
15:17:29.327 [FXGL Background Thread 2 ] WARN  Entity               - Entity already has component: com.almasb.fxgl.entity.components.CollidableComponent
15:17:29.327 [FXGL Background Thread 2 ] WARN  GameWorld            - Entity is already attached to world
15:17:29.328 [FXGL Background Thread 2 ] WARN  Entity               - Entity already has component: com.almasb.fxgl.entity.components.CollidableComponent
15:17:29.328 [FXGL Background Thread 2 ] WARN  GameWorld            - Entity is already attached to world
15:17:29.328 [FXGL Background Thread 2 ] WARN  GameWorld            - Entity is already attached to world
15:17:29.343 [FXGL Background Thread 2 ] INFO  FXGLApplication      - Game initialization took: 0.182 sec
15:17:29.351 [JavaFX Application Thread] DEBUG Input                - Clearing active input actions
15:17:29.360 [JavaFX Application Thread] DEBUG GameApplicationServi - Removing overlay from FXGLLoadingScene and adding to GameScene
15:17:29.361 [JavaFX Application Thread] DEBUG PrimaryStageWindow   - FXGLLoadingScene -> GameScene
15:17:30.526 [JavaFX Application Thread] DEBUG FXGLAssetLoaderServi - Loading from file system: file:/C:/Games/CS4900%20Workspace/CS4900G2Proj2/Dawnseeker/target/classes/assets/textures/EnemyDawnseeker.png
15:17:30.529 [JavaFX Application Thread] DEBUG FXGLAssetLoaderServi - Loading from file system: file:/C:/Games/CS4900%20Workspace/CS4900G2Proj2/Dawnseeker/target/classes/assets/textures/sussy.gif
15:17:31.026 [FXGL Background Thread 3 ] DEBUG Engine               - Logging environment variables
15:17:31.026 [FXGL Background Thread 3 ] DEBUG Engine               - achievements: []
15:17:31.026 [FXGL Background Thread 3 ] DEBUG Engine               - actualHeight: 864.0
15:17:31.026 [FXGL Background Thread 3 ] DEBUG Engine               - actualHeightProperty: ReadOnlyDoubleProperty [value: 864.0]
15:17:31.026 [FXGL Background Thread 3 ] DEBUG Engine               - actualWidth: 839.0
15:17:31.026 [FXGL Background Thread 3 ] DEBUG Engine               - actualWidthProperty: ReadOnlyDoubleProperty [value: 839.0]
15:17:31.027 [FXGL Background Thread 3 ] DEBUG Engine               - appIcon: fxgl_icon.png
15:17:31.027 [FXGL Background Thread 3 ] DEBUG Engine               - applicationMode: DEVELOPER
15:17:31.027 [FXGL Background Thread 3 ] DEBUG Engine               - cSSList: [fxgl_dark.css]
15:17:31.027 [FXGL Background Thread 3 ] DEBUG Engine               - collisionDetectionStrategy: BRUTE_FORCE
15:17:31.027 [FXGL Background Thread 3 ] DEBUG Engine               - configClass: Optional.empty
15:17:31.027 [FXGL Background Thread 3 ] DEBUG Engine               - credits: []
15:17:31.027 [FXGL Background Thread 3 ] DEBUG Engine               - defaultCursor: CursorInfo(imageName=fxgl_default_cursor.png, hotspotX=7.0, hotspotY=6.0)
15:17:31.027 [FXGL Background Thread 3 ] DEBUG Engine               - devBBoxColorProperty: ObjectProperty [value: 0xff0000ff]
15:17:31.027 [FXGL Background Thread 3 ] DEBUG Engine               - devEnableDebugCameraProperty: BooleanProperty [value: false]
15:17:31.027 [FXGL Background Thread 3 ] DEBUG Engine               - devSensorColorProperty: ObjectProperty [value: 0xffff00ff]
15:17:31.028 [FXGL Background Thread 3 ] DEBUG Engine               - devShowBBoxProperty: BooleanProperty [value: false]
15:17:31.028 [FXGL Background Thread 3 ] DEBUG Engine               - devShowPositionProperty: BooleanProperty [value: false]
15:17:31.028 [FXGL Background Thread 3 ] DEBUG Engine               - enabledMenuItems: []
15:17:31.028 [FXGL Background Thread 3 ] DEBUG Engine               - engineServices: [class com.almasb.fxgl.app.services.FXGLAssetLoaderService, class com.almasb.fxgl.app.FXGLApplication$GameApplicationService, class com.almasb.fxgl.app.services.FXGLDialogService, class com.almasb.fxgl.app.services.IOTaskExecutorService, class com.almasb.fxgl.io.FileSystemService, class com.almasb.fxgl.localization.LocalizationService, class com.almasb.fxgl.app.services.SystemBundleService, class com.almasb.fxgl.profile.SaveLoadService, class com.almasb.fxgl.ui.FXGLUIFactoryServiceProvider, class com.almasb.fxgl.ui.FXGLDialogFactoryServiceProvider, class com.almasb.fxgl.audio.AudioPlayer, class com.almasb.fxgl.notification.impl.NotificationServiceProvider, class com.almasb.fxgl.achievement.AchievementService, class com.almasb.fxgl.cutscene.CutsceneService, class com.almasb.fxgl.minigames.MiniGameService, class com.almasb.fxgl.net.NetService, class com.almasb.fxgl.app.services.UpdaterService, class com.almasb.fxgl.dev.DevService]
15:17:31.028 [FXGL Background Thread 3 ] DEBUG Engine               - fontGame: Abel-Regular.ttf
15:17:31.028 [FXGL Background Thread 3 ] DEBUG Engine               - fontMono: TerminalLandMono-Regular.otf
15:17:31.028 [FXGL Background Thread 3 ] DEBUG Engine               - fontText: Courier-Prime.ttf
15:17:31.028 [FXGL Background Thread 3 ] DEBUG Engine               - fontUI: VarelaRound-Regular.ttf
15:17:31.028 [FXGL Background Thread 3 ] DEBUG Engine               - fullScreen: BooleanProperty [value: false]
15:17:31.028 [FXGL Background Thread 3 ] DEBUG Engine               - gameDifficulty: MEDIUM
15:17:31.028 [FXGL Background Thread 3 ] DEBUG Engine               - gameDifficultyProperty: ObjectProperty [value: MEDIUM]
15:17:31.028 [FXGL Background Thread 3 ] DEBUG Engine               - globalMusicVolume: 0.5
15:17:31.028 [FXGL Background Thread 3 ] DEBUG Engine               - globalMusicVolumeProperty: DoubleProperty [value: 0.5]
15:17:31.028 [FXGL Background Thread 3 ] DEBUG Engine               - globalSoundVolume: 0.5
15:17:31.028 [FXGL Background Thread 3 ] DEBUG Engine               - globalSoundVolumeProperty: DoubleProperty [value: 0.5]
15:17:31.028 [FXGL Background Thread 3 ] DEBUG Engine               - height: 1024
15:17:31.028 [FXGL Background Thread 3 ] DEBUG Engine               - is3D: false
15:17:31.028 [FXGL Background Thread 3 ] DEBUG Engine               - isAndroid: false
15:17:31.028 [FXGL Background Thread 3 ] DEBUG Engine               - isBrowser: false
15:17:31.028 [FXGL Background Thread 3 ] DEBUG Engine               - isClickFeedbackEnabled: false
15:17:31.028 [FXGL Background Thread 3 ] DEBUG Engine               - isCloseConfirmation: false
15:17:31.028 [FXGL Background Thread 3 ] DEBUG Engine               - isDesktop: true
15:17:31.028 [FXGL Background Thread 3 ] DEBUG Engine               - isDeveloperMenuEnabled: false
15:17:31.028 [FXGL Background Thread 3 ] DEBUG Engine               - isEmbedded: false
15:17:31.028 [FXGL Background Thread 3 ] DEBUG Engine               - isEntityPreloadEnabled: true
15:17:31.028 [FXGL Background Thread 3 ] DEBUG Engine               - isExperimentalTiledLargeMap: false
15:17:31.028 [FXGL Background Thread 3 ] DEBUG Engine               - isFileSystemWriteAllowed: true
15:17:31.028 [FXGL Background Thread 3 ] DEBUG Engine               - isFullScreenAllowed: false
15:17:31.028 [FXGL Background Thread 3 ] DEBUG Engine               - isFullScreenFromStart: false
15:17:31.028 [FXGL Background Thread 3 ] DEBUG Engine               - isGameMenuEnabled: true
15:17:31.028 [FXGL Background Thread 3 ] DEBUG Engine               - isIOS: false
15:17:31.028 [FXGL Background Thread 3 ] DEBUG Engine               - isIntroEnabled: false
15:17:31.028 [FXGL Background Thread 3 ] DEBUG Engine               - isLinux: false
15:17:31.029 [FXGL Background Thread 3 ] DEBUG Engine               - isMac: false
15:17:31.029 [FXGL Background Thread 3 ] DEBUG Engine               - isMainMenuEnabled: true
15:17:31.029 [FXGL Background Thread 3 ] DEBUG Engine               - isManualResizeEnabled: false
15:17:31.029 [FXGL Background Thread 3 ] DEBUG Engine               - isMobile: false
15:17:31.029 [FXGL Background Thread 3 ] DEBUG Engine               - isNative: false
15:17:31.029 [FXGL Background Thread 3 ] DEBUG Engine               - isPauseMusicWhenMinimized: true
15:17:31.029 [FXGL Background Thread 3 ] DEBUG Engine               - isPreserveResizeRatio: false
15:17:31.029 [FXGL Background Thread 3 ] DEBUG Engine               - isProfilingEnabled: false
15:17:31.029 [FXGL Background Thread 3 ] DEBUG Engine               - isScaleAffectedOnResize: true
15:17:31.029 [FXGL Background Thread 3 ] DEBUG Engine               - isSingleStep: false
15:17:31.029 [FXGL Background Thread 3 ] DEBUG Engine               - isUserProfileEnabled: false
15:17:31.029 [FXGL Background Thread 3 ] DEBUG Engine               - isWindows: true
15:17:31.029 [FXGL Background Thread 3 ] DEBUG Engine               - language: ObjectProperty [value: ENGLISH]
15:17:31.029 [FXGL Background Thread 3 ] DEBUG Engine               - menuKey: ESCAPE
15:17:31.029 [FXGL Background Thread 3 ] DEBUG Engine               - mouseSensitivity: 0.2
15:17:31.029 [FXGL Background Thread 3 ] DEBUG Engine               - notificationViewClass: class com.almasb.fxgl.notification.view.XboxNotificationView
15:17:31.029 [FXGL Background Thread 3 ] DEBUG Engine               - pixelsPerMeter: 50.0
15:17:31.029 [FXGL Background Thread 3 ] DEBUG Engine               - platform: WINDOWS
15:17:31.029 [FXGL Background Thread 3 ] DEBUG Engine               - prefHeightProperty: ReadOnlyDoubleProperty [value: 1024.0]
15:17:31.029 [FXGL Background Thread 3 ] DEBUG Engine               - prefWidthProperty: ReadOnlyDoubleProperty [value: 1024.0]
15:17:31.029 [FXGL Background Thread 3 ] DEBUG Engine               - profileDir: profiles/
15:17:31.029 [FXGL Background Thread 3 ] DEBUG Engine               - profileName: StringProperty [value: DEFAULT]
15:17:31.029 [FXGL Background Thread 3 ] DEBUG Engine               - randomSeed: -1
15:17:31.030 [FXGL Background Thread 3 ] DEBUG Engine               - runtimeInfo: RuntimeInfo(platform=WINDOWS, version=17.2, build=20.08.2022 16.50)
15:17:31.030 [FXGL Background Thread 3 ] DEBUG Engine               - saveFileExt: sav
15:17:31.030 [FXGL Background Thread 3 ] DEBUG Engine               - scaledHeightProp$fxgl: DoubleProperty [bound, value: 864.0]
15:17:31.030 [FXGL Background Thread 3 ] DEBUG Engine               - scaledWidthProp$fxgl: DoubleProperty [bound, value: 839.0]
15:17:31.030 [FXGL Background Thread 3 ] DEBUG Engine               - sceneFactory: myGame.DawnseekerApp$1@1a79c44d
15:17:31.030 [FXGL Background Thread 3 ] DEBUG Engine               - secondsIn24h: 60
15:17:31.030 [FXGL Background Thread 3 ] DEBUG Engine               - soundMenuBack: menu/back.wav
15:17:31.030 [FXGL Background Thread 3 ] DEBUG Engine               - soundMenuPress: menu/press.wav
15:17:31.030 [FXGL Background Thread 3 ] DEBUG Engine               - soundMenuSelect: menu/select.wav
15:17:31.030 [FXGL Background Thread 3 ] DEBUG Engine               - soundNotification: core/notification.wav
15:17:31.030 [FXGL Background Thread 3 ] DEBUG Engine               - stageStyle: DECORATED
15:17:31.030 [FXGL Background Thread 3 ] DEBUG Engine               - supportedLanguages: [ENGLISH, FRENCH, GERMAN, HUNGARIAN, RUSSIAN]
15:17:31.030 [FXGL Background Thread 3 ] DEBUG Engine               - ticksPerSecond: -1
15:17:31.030 [FXGL Background Thread 3 ] DEBUG Engine               - title: Dawnseeker
15:17:31.030 [FXGL Background Thread 3 ] DEBUG Engine               - urlGithub: https://github.com/AlmasB/FXGL
15:17:31.030 [FXGL Background Thread 3 ] DEBUG Engine               - urlLeaderboard: http://fxgl-top.herokuapp.com/
15:17:31.030 [FXGL Background Thread 3 ] DEBUG Engine               - urlPOM: https://raw.githubusercontent.com/AlmasB/FXGL/release/README.md
15:17:31.030 [FXGL Background Thread 3 ] DEBUG Engine               - userAppClass: class myGame.DawnseekerApp
15:17:31.030 [FXGL Background Thread 3 ] DEBUG Engine               - version: 0.2
15:17:31.030 [FXGL Background Thread 3 ] DEBUG Engine               - versionCheckDays: 7
15:17:31.030 [FXGL Background Thread 3 ] DEBUG Engine               - width: 1024
15:17:31.030 [FXGL Background Thread 3 ] DEBUG Engine               - Logging services
15:17:31.030 [FXGL Background Thread 3 ] DEBUG Engine               - class com.almasb.fxgl.app.services.FXGLAssetLoaderService
15:17:31.030 [FXGL Background Thread 3 ] DEBUG Engine               - class com.almasb.fxgl.app.FXGLApplication$GameApplicationService
15:17:31.030 [FXGL Background Thread 3 ] DEBUG Engine               - class com.almasb.fxgl.app.services.FXGLDialogService
15:17:31.030 [FXGL Background Thread 3 ] DEBUG Engine               - class com.almasb.fxgl.app.services.IOTaskExecutorService
15:17:31.030 [FXGL Background Thread 3 ] DEBUG Engine               - class com.almasb.fxgl.io.FileSystemService
15:17:31.030 [FXGL Background Thread 3 ] DEBUG Engine               - class com.almasb.fxgl.localization.LocalizationService
15:17:31.030 [FXGL Background Thread 3 ] DEBUG Engine               - class com.almasb.fxgl.app.services.SystemBundleService
15:17:31.030 [FXGL Background Thread 3 ] DEBUG Engine               - class com.almasb.fxgl.profile.SaveLoadService
15:17:31.030 [FXGL Background Thread 3 ] DEBUG Engine               - class com.almasb.fxgl.ui.FXGLUIFactoryServiceProvider
15:17:31.030 [FXGL Background Thread 3 ] DEBUG Engine               - class com.almasb.fxgl.ui.FXGLDialogFactoryServiceProvider
15:17:31.030 [FXGL Background Thread 3 ] DEBUG Engine               - class com.almasb.fxgl.audio.AudioPlayer
15:17:31.031 [FXGL Background Thread 3 ] DEBUG Engine               - class com.almasb.fxgl.notification.impl.NotificationServiceProvider
15:17:31.031 [FXGL Background Thread 3 ] DEBUG Engine               - class com.almasb.fxgl.achievement.AchievementService
15:17:31.031 [FXGL Background Thread 3 ] DEBUG Engine               - class com.almasb.fxgl.cutscene.CutsceneService
15:17:31.031 [FXGL Background Thread 3 ] DEBUG Engine               - class com.almasb.fxgl.minigames.MiniGameService
15:17:31.031 [FXGL Background Thread 3 ] DEBUG Engine               - class com.almasb.fxgl.net.NetService
15:17:31.031 [FXGL Background Thread 3 ] DEBUG Engine               - class com.almasb.fxgl.app.services.UpdaterService
15:17:31.031 [FXGL Background Thread 3 ] DEBUG Engine               - class com.almasb.fxgl.dev.DevService
15:17:31.353 [JavaFX Application Thread] DEBUG FXGLAssetLoaderServi - Loading from file system: file:/C:/Games/CS4900%20Workspace/CS4900G2Proj2/Dawnseeker/target/classes/assets/sounds/magic_missile.wav
15:17:31.360 [JavaFX Application Thread] DEBUG FXGLAssetLoaderServi - Loading from file system: file:/C:/Games/CS4900%20Workspace/CS4900G2Proj2/Dawnseeker/target/classes/assets/textures/FireBallProjectile.png
15:17:31.535 [JavaFX Application Thread] WARN  GameWorld            - Attempted to remove entity which is not active
15:17:31.536 [JavaFX Application Thread] DEBUG FXGLAssetLoaderServi - Loading from file system: file:/C:/Games/CS4900%20Workspace/CS4900G2Proj2/Dawnseeker/target/classes/assets/textures/Coin.png
15:17:31.538 [JavaFX Application Thread] DEBUG FXGLAssetLoaderServi - Loading from file system: file:/C:/Games/CS4900%20Workspace/CS4900G2Proj2/Dawnseeker/target/classes/assets/sounds/bong.wav
15:17:31.772 [JavaFX Application Thread] WARN  GameWorld            - Attempted to remove entity which is not active
15:17:33.437 [JavaFX Application Thread] DEBUG FXGLAssetLoaderServi - Loading from file system: file:/C:/Games/CS4900%20Workspace/CS4900G2Proj2/Dawnseeker/target/classes/assets/sounds/coin_pickup.wav
15:17:35.772 [JavaFX Application Thread] WARN  GameWorld            - Attempted to remove entity which is not active
15:17:37.422 [JavaFX Application Thread] WARN  GameWorld            - Attempted to remove entity which is not active
15:17:37.981 [JavaFX Application Thread] WARN  GameWorld            - Attempted to remove entity which is not active
15:17:38.157 [JavaFX Application Thread] WARN  GameWorld            - Attempted to remove entity which is not active
15:17:38.637 [JavaFX Application Thread] DEBUG FXGLAssetLoaderServi - Loading from file system: file:/C:/Games/CS4900%20Workspace/CS4900G2Proj2/Dawnseeker/target/classes/assets/sounds/player_oof.wav
15:17:39.212 [JavaFX Application Thread] WARN  GameWorld            - Attempted to remove entity which is not active
15:17:40.430 [JavaFX Application Thread] WARN  GameWorld            - Attempted to remove entity which is not active
15:17:42.141 [JavaFX Application Thread] WARN  GameWorld            - Attempted to remove entity which is not active
15:17:43.053 [JavaFX Application Thread] WARN  GameWorld            - Attempted to remove entity which is not active
15:17:45.165 [JavaFX Application Thread] WARN  GameWorld            - Attempted to remove entity which is not active
15:17:45.981 [JavaFX Application Thread] WARN  GameWorld            - Attempted to remove entity which is not active
15:17:46.125 [JavaFX Application Thread] WARN  GameWorld            - Attempted to remove entity which is not active
15:17:46.653 [JavaFX Application Thread] WARN  GameWorld            - Attempted to remove entity which is not active
15:17:46.797 [JavaFX Application Thread] WARN  GameWorld            - Attempted to remove entity which is not active
15:17:47.069 [JavaFX Application Thread] WARN  GameWorld            - Attempted to remove entity which is not active
15:17:47.612 [JavaFX Application Thread] WARN  GameWorld            - Attempted to remove entity which is not active
15:17:50.718 [JavaFX Application Thread] WARN  GameWorld            - Attempted to remove entity which is not active
15:17:51.357 [JavaFX Application Thread] WARN  GameWorld            - Attempted to remove entity which is not active
15:17:51.613 [JavaFX Application Thread] WARN  GameWorld            - Attempted to remove entity which is not active
15:17:52.605 [JavaFX Application Thread] WARN  GameWorld            - Attempted to remove entity which is not active
15:17:52.780 [JavaFX Application Thread] WARN  GameWorld            - Attempted to remove entity which is not active
15:17:53.692 [JavaFX Application Thread] WARN  GameWorld            - Attempted to remove entity which is not active
15:17:54.205 [JavaFX Application Thread] WARN  GameWorld            - Attempted to remove entity which is not active
15:17:54.206 [JavaFX Application Thread] DEBUG FXGLAssetLoaderServi - Loading from file system: file:/C:/Games/CS4900%20Workspace/CS4900G2Proj2/Dawnseeker/target/classes/assets/textures/Power.png
15:17:56.045 [JavaFX Application Thread] WARN  GameWorld            - Attempted to remove entity which is not active
15:17:56.205 [JavaFX Application Thread] WARN  GameWorld            - Attempted to remove entity which is not active
15:17:56.397 [JavaFX Application Thread] WARN  GameWorld            - Attempted to remove entity which is not active
15:17:56.557 [JavaFX Application Thread] WARN  GameWorld            - Attempted to remove entity which is not active
15:17:56.558 [JavaFX Application Thread] DEBUG FXGLAssetLoaderServi - Loading from file system: file:/C:/Games/CS4900%20Workspace/CS4900G2Proj2/Dawnseeker/target/classes/assets/textures/HealthPotion.png
15:17:57.631 [JavaFX Application Thread] WARN  GameWorld            - Attempted to remove entity which is not active
15:17:57.692 [JavaFX Application Thread] WARN  GameWorld            - Attempted to remove entity which is not active
15:17:58.188 [JavaFX Application Thread] DEBUG FXGLAssetLoaderServi - Loading from file system: file:/C:/Games/CS4900%20Workspace/CS4900G2Proj2/Dawnseeker/target/classes/assets/sounds/yoda_death.wav
15:17:58.191 [JavaFX Application Thread] DEBUG Input                - Clearing active input actions
15:17:58.195 [JavaFX Application Thread] DEBUG GameApplicationServi - Removing overlay from GameScene and adding to FXGLMainMenuDummyScene
15:17:58.195 [JavaFX Application Thread] DEBUG PrimaryStageWindow   - GameScene -> FXGLMainMenuDummyScene
15:17:58.195 [JavaFX Application Thread] DEBUG PrimaryStageWindow   - Push state: DawnseekerMenu
15:17:58.195 [JavaFX Application Thread] DEBUG Input                - Clearing active input actions
15:17:58.195 [JavaFX Application Thread] DEBUG GameApplicationServi - Removing overlay from FXGLMainMenuDummyScene and adding to DawnseekerMenu
15:17:58.195 [JavaFX Application Thread] DEBUG PrimaryStageWindow   - FXGLMainMenuDummyScene -> DawnseekerMenu
15:17:59.868 [JavaFX Application Thread] DEBUG FXGLApplication      - Exiting FXGL
15:17:59.869 [JavaFX Application Thread] DEBUG LoopRunner           - Stopping loop
15:17:59.869 [JavaFX Application Thread] DEBUG SystemBundleService  - Saving FXGL system data
15:17:59.871 [JavaFX Application Thread] DEBUG FileSystemAccess     - Writing to: C:\Games\CS4900 Workspace\CS4900G2Proj2\Dawnseeker\system\fxgl.bundle
15:17:59.873 [JavaFX Application Thread] DEBUG Async                - Shutting down background threads
15:17:59.874 [JavaFX Application Thread] DEBUG PrimaryStageWindow   - Closing main window
15:17:59.885 [JavaFX Application Thread] DEBUG Logger               - Closing Logger
