18:27:24.850 [main                     ] DEBUG Logger               - Configured Logger
18:27:24.872 [main                     ] DEBUG GameApplication      - Logging settings
Title: Dawnseeker
Version: 0.4
Width: 1024
Height: 1024
Fullscreen: false
Intro: false
Profiling: false
Single step:false
App Mode: DEVELOPER
Menu Key: ESCAPE
Stage Style: DECORATED
Scene Factory: class myGame.DawnseekerApp$1

18:27:25.325 [JavaFX Application Thread] DEBUG FXGLApplication      - Initializing FXGL
18:27:25.331 [JavaFX Application Thread] INFO  Engine               - FXGL-17.2 (20.08.2022 16.50) on WINDOWS (J:19.0.2 FX:18)
18:27:25.332 [JavaFX Application Thread] DEBUG Engine               - JRE Vendor Name: Oracle Corporation
18:27:25.332 [JavaFX Application Thread] DEBUG Engine               - Running on OS: Windows 10 version 10.0
18:27:25.332 [JavaFX Application Thread] DEBUG Engine               - Architecture: amd64
18:27:25.332 [JavaFX Application Thread] INFO  Engine               - Source code and latest versions at: https://github.com/AlmasB/FXGL
18:27:25.332 [JavaFX Application Thread] INFO  Engine               -       Ask questions and discuss at: https://github.com/AlmasB/FXGL/discussions
18:27:25.333 [JavaFX Application Thread] INFO  Engine               -              Join the FXGL chat at: https://gitter.im/AlmasB/FXGL
18:27:25.454 [JavaFX Application Thread] DEBUG PrimaryStageWindow   - Creating a JavaFX scene
18:27:25.454 [JavaFX Application Thread] DEBUG PrimaryStageWindow   - Target size > screen size
18:27:25.499 [JavaFX Application Thread] DEBUG PrimaryStageWindow   - Target settings size: 1024.0 x 1024.0
18:27:25.499 [JavaFX Application Thread] DEBUG PrimaryStageWindow   - Scaled scene size:    799.0 x 824.0
18:27:25.500 [JavaFX Application Thread] DEBUG PrimaryStageWindow   - Scaled ratio: (0.7802734375, 0.8046875)
18:27:25.501 [JavaFX Application Thread] DEBUG PrimaryStageWindow   - Set initial scene to FXGLStartupScene
18:27:25.509 [JavaFX Application Thread] DEBUG PrimaryStageWindow   - Opening main window
18:27:25.610 [JavaFX Application Thread] DEBUG PrimaryStageWindow   - Window border size: (14.5999755859375, 37.5999755859375)
18:27:25.611 [JavaFX Application Thread] DEBUG PrimaryStageWindow   - Scaled size: 799.0 x 824.0
18:27:25.611 [JavaFX Application Thread] DEBUG PrimaryStageWindow   - Scaled ratio: (0.7802734375, 0.8046875)
18:27:25.611 [JavaFX Application Thread] DEBUG PrimaryStageWindow   - Scene size: 799.0 x 824.0
18:27:25.611 [JavaFX Application Thread] DEBUG PrimaryStageWindow   - Stage size: 813.5999755859375 x 861.5999755859375
18:27:25.627 [FXGL Background Thread 1 ] DEBUG Engine               - Initializing environment variables
18:27:25.718 [FXGL Background Thread 1 ] DEBUG FXGLAssetLoaderServi - User app class for loading assets: class myGame.DawnseekerApp
18:27:25.718 [FXGL Background Thread 1 ] DEBUG GameApplicationServi - Applying CSS: fxgl_dark.css
18:27:25.723 [FXGL Background Thread 1 ] DEBUG FXGLAssetLoaderServi - Loading from file system: jar:file:/C:/Users/narro/.m2/repository/com/github/almasb/fxgl/17.2/fxgl-17.2.jar!/fxglassets/ui/css/fxgl_dark.css
18:27:25.788 [FXGL Background Thread 1 ] DEBUG GameApplicationServi - Initializing application scenes
18:27:25.868 [FXGL Background Thread 1 ] DEBUG GameWorld            - Game world initialized
18:27:25.961 [FXGL Background Thread 1 ] DEBUG PhysicsWorld         - Physics world initialized: appHeight=1024, physics.ppm=50.0
18:27:25.961 [FXGL Background Thread 1 ] DEBUG PhysicsWorld         - Using strategy: BRUTE_FORCE
18:27:25.966 [FXGL Background Thread 1 ] DEBUG GameScene            - Game scene initialized: 1024x1024
18:27:25.967 [FXGL Background Thread 1 ] DEBUG FXGLAssetLoaderServi - Loading from file system: file:/C:/Users/narro/git/CS4900G2Proj2/Dawnseeker/target/classes/assets/music/shop.mp3
18:27:26.113 [FXGL Background Thread 1 ] DEBUG AudioPlayer          - Playing music com.almasb.fxgl.audio.Music@3fc4b5df
18:27:26.138 [FXGL Background Thread 1 ] DEBUG FXGLAssetLoaderServi - Loading from file system: file:/C:/Users/narro/git/CS4900G2Proj2/Dawnseeker/target/classes/assets/textures/bg.png
18:27:26.284 [FXGL Background Thread 1 ] DEBUG FXGL.DefaultMenu     - createMenuBodyGameMenu()
18:27:26.309 [FXGL Background Thread 1 ] DEBUG FXGL.DefaultMenu     - createOptionsMenu()
18:27:26.325 [FXGL Background Thread 1 ] DEBUG FXGLAssetLoaderServi - Loading from file system: jar:file:/C:/Users/narro/.m2/repository/com/github/almasb/fxgl/17.2/fxgl-17.2.jar!/fxglassets/textures/particles/smoke.png
18:27:26.466 [FXGL Background Thread 1 ] DEBUG FXGLAssetLoaderServi - Loading from file system: jar:file:/C:/Users/narro/.m2/repository/com/github/almasb/fxgl/17.2/fxgl-17.2.jar!/fxglassets/textures/particles/trace_horizontal.png
18:27:26.482 [FXGL Background Thread 1 ] DEBUG GameApplicationServi - Application scenes initialized
18:27:26.497 [FXGL Background Thread 1 ] DEBUG SystemBundleService  - Loading FXGL system data
18:27:26.504 [FXGL Background Thread 1 ] DEBUG FileSystemAccess     - Reading from: C:\Users\narro\git\CS4900G2Proj2\Dawnseeker\system\fxgl.bundle
18:27:26.512 [FXGL Background Thread 1 ] DEBUG SystemBundleService  - Bundle FXGL: {}
18:27:26.512 [FXGL Background Thread 1 ] DEBUG UpdaterService       - Checking for updates
18:27:26.516 [FXGL Background Thread 4 ] DEBUG FXGLApplication      - Loading fonts
18:27:26.516 [FXGL Background Thread 4 ] DEBUG FXGLAssetLoaderServi - Loading from file system: jar:file:/C:/Users/narro/.m2/repository/com/github/almasb/fxgl/17.2/fxgl-17.2.jar!/fxglassets/ui/fonts/VarelaRound-Regular.ttf
18:27:26.516 [FXGL Background Thread 1 ] DEBUG FXGLApplication      - Loading default localization
18:27:26.517 [FXGL Background Thread 1 ] DEBUG FXGLAssetLoaderServi - Loading from file system: jar:file:/C:/Users/narro/.m2/repository/com/github/almasb/fxgl/17.2/fxgl-17.2.jar!/fxglassets/languages/english.lang
18:27:26.552 [FXGL Background Thread 1 ] INFO  FXGLApplication      - FXGL initialization took: 0.924 sec
18:27:26.561 [JavaFX Application Thread] DEBUG Input                - Registered new binding: action0 - LMB
18:27:26.575 [JavaFX Application Thread] DEBUG Input                - Registered new binding: Up - W
18:27:26.576 [JavaFX Application Thread] DEBUG Input                - Registered new binding: Down - S
18:27:26.576 [JavaFX Application Thread] DEBUG Input                - Registered new binding: Right - D
18:27:26.576 [JavaFX Application Thread] DEBUG Input                - Registered new binding: Left - A
18:27:26.577 [JavaFX Application Thread] DEBUG FXGLAssetLoaderServi - Loading from file system: jar:file:/C:/Users/narro/.m2/repository/com/github/almasb/fxgl/17.2/fxgl-17.2.jar!/fxglassets/textures/fxgl_icon.png
18:27:26.598 [JavaFX Application Thread] DEBUG FXGLAssetLoaderServi - Loading from file system: jar:file:/C:/Users/narro/.m2/repository/com/github/almasb/fxgl/17.2/fxgl-17.2.jar!/fxglassets/textures/fxgl_default_cursor.png
18:27:26.605 [JavaFX Application Thread] DEBUG Input                - Registered new binding: Screenshot - CTRL+8
18:27:26.606 [JavaFX Application Thread] DEBUG Input                - Registered new binding: System info dump - CTRL+9
18:27:26.607 [JavaFX Application Thread] DEBUG Input                - Registered new binding: Restart - CTRL+R
18:27:26.608 [JavaFX Application Thread] DEBUG Input                - Registered new binding: Toggle Debug Camera - CTRL+7
18:27:26.612 [JavaFX Application Thread] DEBUG LoopRunner           - Starting loop
18:27:26.612 [JavaFX Application Thread] DEBUG LoopRunner           - Initializing JavaFX AnimationTimerLoop
18:27:26.616 [JavaFX Application Thread] DEBUG Input                - Clearing active input actions
18:27:26.631 [JavaFX Application Thread] DEBUG GameApplicationServi - Removing overlay from FXGLStartupScene and adding to FXGLMainMenuDummyScene
18:27:26.632 [JavaFX Application Thread] DEBUG PrimaryStageWindow   - FXGLStartupScene -> FXGLMainMenuDummyScene
18:27:26.632 [JavaFX Application Thread] DEBUG PrimaryStageWindow   - Push state: DawnseekerMenu
18:27:26.632 [JavaFX Application Thread] DEBUG Input                - Clearing active input actions
18:27:26.637 [JavaFX Application Thread] DEBUG GameApplicationServi - Removing overlay from FXGLMainMenuDummyScene and adding to DawnseekerMenu
18:27:26.637 [JavaFX Application Thread] DEBUG PrimaryStageWindow   - FXGLMainMenuDummyScene -> DawnseekerMenu
18:27:26.842 [FXGL Background Thread 4 ] DEBUG FXGLAssetLoaderServi - Loading from file system: jar:file:/C:/Users/narro/.m2/repository/com/github/almasb/fxgl/17.2/fxgl-17.2.jar!/fxglassets/ui/fonts/Abel-Regular.ttf
18:27:26.853 [FXGL Background Thread 4 ] DEBUG FXGLAssetLoaderServi - Loading from file system: jar:file:/C:/Users/narro/.m2/repository/com/github/almasb/fxgl/17.2/fxgl-17.2.jar!/fxglassets/ui/fonts/TerminalLandMono-Regular.otf
18:27:26.864 [FXGL Background Thread 4 ] DEBUG FXGLAssetLoaderServi - Loading from file system: jar:file:/C:/Users/narro/.m2/repository/com/github/almasb/fxgl/17.2/fxgl-17.2.jar!/fxglassets/ui/fonts/Courier-Prime.ttf
18:27:26.878 [JavaFX Application Thread] DEBUG FXGLApplication      - Registering font factories with UI factory
18:27:27.056 [FXGL Background Thread 2 ] INFO  UpdaterService       - Your current version:  17.2
18:27:27.056 [FXGL Background Thread 2 ] INFO  UpdaterService       - Latest stable version: 17.3
18:27:27.288 [JavaFX Application Thread] DEBUG Menu                 - fireNewGame()
18:27:27.288 [JavaFX Application Thread] DEBUG GameApplicationServi - Starting new game
18:27:27.288 [JavaFX Application Thread] DEBUG PrimaryStageWindow   - Pop state: DawnseekerMenu
18:27:27.288 [JavaFX Application Thread] DEBUG Input                - Clearing active input actions
18:27:27.289 [JavaFX Application Thread] DEBUG GameApplicationServi - Removing overlay from DawnseekerMenu and adding to FXGLMainMenuDummyScene
18:27:27.290 [JavaFX Application Thread] DEBUG PrimaryStageWindow   - FXGLMainMenuDummyScene <- DawnseekerMenu
18:27:27.290 [JavaFX Application Thread] DEBUG Input                - Clearing active input actions
18:27:27.297 [JavaFX Application Thread] DEBUG GameApplicationServi - Removing overlay from FXGLMainMenuDummyScene and adding to FXGLLoadingScene
18:27:27.298 [JavaFX Application Thread] DEBUG PrimaryStageWindow   - FXGLMainMenuDummyScene -> FXGLLoadingScene
18:27:27.298 [JavaFX Application Thread] DEBUG GameApplicationServi - Clearing previous game
18:27:27.298 [JavaFX Application Thread] DEBUG GameScene            - Clearing game scene
18:27:27.298 [JavaFX Application Thread] DEBUG GameWorld            - Clearing game world
18:27:27.298 [JavaFX Application Thread] DEBUG PhysicsWorld         - Clearing physics world
18:27:27.301 [JavaFX Application Thread] DEBUG AudioPlayer          - Stopping music com.almasb.fxgl.audio.Music@3fc4b5df
18:27:27.301 [FXGL Background Thread 2 ] DEBUG FXGLApplication      - Initializing game
18:27:27.313 [FXGL Background Thread 2 ] DEBUG FXGLAssetLoaderServi - Loading from file system: file:/C:/Users/narro/git/CS4900G2Proj2/Dawnseeker/target/classes/assets/music/heartache.mp3
18:27:27.316 [FXGL Background Thread 2 ] DEBUG AudioPlayer          - Playing music com.almasb.fxgl.audio.Music@6066fcf8
18:27:27.337 [FXGL Background Thread 2 ] DEBUG FXGLAssetLoaderServi - Loading from file system: file:/C:/Users/narro/git/CS4900G2Proj2/Dawnseeker/target/classes/assets/textures/DawnseekerPCV2.png
18:27:27.345 [FXGL Background Thread 2 ] DEBUG FXGLAssetLoaderServi - Loading from file system: file:/C:/Users/narro/git/CS4900G2Proj2/Dawnseeker/target/classes/assets/textures/DawnseekerPCV2Down.png
18:27:27.348 [FXGL Background Thread 2 ] DEBUG FXGLAssetLoaderServi - Loading from file system: file:/C:/Users/narro/git/CS4900G2Proj2/Dawnseeker/target/classes/assets/textures/DawnseekerPCV2Up.png
18:27:27.349 [FXGL Background Thread 2 ] DEBUG FXGLAssetLoaderServi - Loading from file system: file:/C:/Users/narro/git/CS4900G2Proj2/Dawnseeker/target/classes/assets/textures/DawnseekerPCV2Right.png
18:27:27.351 [FXGL Background Thread 2 ] DEBUG FXGLAssetLoaderServi - Loading from file system: file:/C:/Users/narro/git/CS4900G2Proj2/Dawnseeker/target/classes/assets/textures/DawnseekerPCV2Left.png
18:27:27.368 [FXGL Background Thread 2 ] WARN  GameWorld            - Entity is already attached to world
18:27:27.370 [FXGL Background Thread 2 ] WARN  Entity               - Entity already has component: com.almasb.fxgl.entity.components.CollidableComponent
18:27:27.371 [FXGL Background Thread 2 ] WARN  GameWorld            - Entity is already attached to world
18:27:27.372 [FXGL Background Thread 2 ] WARN  Entity               - Entity already has component: com.almasb.fxgl.entity.components.CollidableComponent
18:27:27.372 [FXGL Background Thread 2 ] WARN  GameWorld            - Entity is already attached to world
18:27:27.373 [FXGL Background Thread 2 ] WARN  Entity               - Entity already has component: com.almasb.fxgl.entity.components.CollidableComponent
18:27:27.374 [FXGL Background Thread 2 ] WARN  GameWorld            - Entity is already attached to world
18:27:27.375 [FXGL Background Thread 2 ] WARN  Entity               - Entity already has component: com.almasb.fxgl.entity.components.CollidableComponent
18:27:27.376 [FXGL Background Thread 2 ] WARN  GameWorld            - Entity is already attached to world
18:27:27.377 [FXGL Background Thread 2 ] WARN  GameWorld            - Entity is already attached to world
18:27:27.378 [FXGL Background Thread 2 ] WARN  GameWorld            - Entity is already attached to world
18:27:27.395 [FXGL Background Thread 2 ] INFO  FXGLApplication      - Game initialization took: 0.094 sec
18:27:27.409 [JavaFX Application Thread] DEBUG Input                - Clearing active input actions
18:27:27.423 [JavaFX Application Thread] DEBUG GameApplicationServi - Removing overlay from FXGLLoadingScene and adding to GameScene
18:27:27.424 [JavaFX Application Thread] DEBUG PrimaryStageWindow   - FXGLLoadingScene -> GameScene
18:27:28.507 [JavaFX Application Thread] DEBUG FXGLAssetLoaderServi - Loading from file system: file:/C:/Users/narro/git/CS4900G2Proj2/Dawnseeker/target/classes/assets/textures/EnemyDawnseeker.png
18:27:28.511 [JavaFX Application Thread] DEBUG FXGLAssetLoaderServi - Loading from file system: file:/C:/Users/narro/git/CS4900G2Proj2/Dawnseeker/target/classes/assets/textures/sussy.gif
18:27:29.515 [FXGL Background Thread 3 ] DEBUG Engine               - Logging environment variables
18:27:29.515 [FXGL Background Thread 3 ] DEBUG Engine               - achievements: []
18:27:29.515 [FXGL Background Thread 3 ] DEBUG Engine               - actualHeight: 824.0
18:27:29.516 [FXGL Background Thread 3 ] DEBUG Engine               - actualHeightProperty: ReadOnlyDoubleProperty [value: 824.0]
18:27:29.516 [FXGL Background Thread 3 ] DEBUG Engine               - actualWidth: 799.0
18:27:29.516 [FXGL Background Thread 3 ] DEBUG Engine               - actualWidthProperty: ReadOnlyDoubleProperty [value: 799.0]
18:27:29.516 [FXGL Background Thread 3 ] DEBUG Engine               - appIcon: fxgl_icon.png
18:27:29.516 [FXGL Background Thread 3 ] DEBUG Engine               - applicationMode: DEVELOPER
18:27:29.516 [FXGL Background Thread 3 ] DEBUG Engine               - cSSList: [fxgl_dark.css]
18:27:29.516 [FXGL Background Thread 3 ] DEBUG Engine               - collisionDetectionStrategy: BRUTE_FORCE
18:27:29.516 [FXGL Background Thread 3 ] DEBUG Engine               - configClass: Optional.empty
18:27:29.516 [FXGL Background Thread 3 ] DEBUG Engine               - credits: []
18:27:29.516 [FXGL Background Thread 3 ] DEBUG Engine               - defaultCursor: CursorInfo(imageName=fxgl_default_cursor.png, hotspotX=7.0, hotspotY=6.0)
18:27:29.516 [FXGL Background Thread 3 ] DEBUG Engine               - devBBoxColorProperty: ObjectProperty [value: 0xff0000ff]
18:27:29.516 [FXGL Background Thread 3 ] DEBUG Engine               - devEnableDebugCameraProperty: BooleanProperty [value: false]
18:27:29.517 [FXGL Background Thread 3 ] DEBUG Engine               - devSensorColorProperty: ObjectProperty [value: 0xffff00ff]
18:27:29.517 [FXGL Background Thread 3 ] DEBUG Engine               - devShowBBoxProperty: BooleanProperty [value: false]
18:27:29.517 [FXGL Background Thread 3 ] DEBUG Engine               - devShowPositionProperty: BooleanProperty [value: false]
18:27:29.517 [FXGL Background Thread 3 ] DEBUG Engine               - enabledMenuItems: []
18:27:29.517 [FXGL Background Thread 3 ] DEBUG Engine               - engineServices: [class com.almasb.fxgl.app.services.FXGLAssetLoaderService, class com.almasb.fxgl.app.FXGLApplication$GameApplicationService, class com.almasb.fxgl.app.services.FXGLDialogService, class com.almasb.fxgl.app.services.IOTaskExecutorService, class com.almasb.fxgl.io.FileSystemService, class com.almasb.fxgl.localization.LocalizationService, class com.almasb.fxgl.app.services.SystemBundleService, class com.almasb.fxgl.profile.SaveLoadService, class com.almasb.fxgl.ui.FXGLUIFactoryServiceProvider, class com.almasb.fxgl.ui.FXGLDialogFactoryServiceProvider, class com.almasb.fxgl.audio.AudioPlayer, class com.almasb.fxgl.notification.impl.NotificationServiceProvider, class com.almasb.fxgl.achievement.AchievementService, class com.almasb.fxgl.cutscene.CutsceneService, class com.almasb.fxgl.minigames.MiniGameService, class com.almasb.fxgl.net.NetService, class com.almasb.fxgl.app.services.UpdaterService, class com.almasb.fxgl.dev.DevService]
18:27:29.517 [FXGL Background Thread 3 ] DEBUG Engine               - fontGame: Abel-Regular.ttf
18:27:29.517 [FXGL Background Thread 3 ] DEBUG Engine               - fontMono: TerminalLandMono-Regular.otf
18:27:29.517 [FXGL Background Thread 3 ] DEBUG Engine               - fontText: Courier-Prime.ttf
18:27:29.517 [FXGL Background Thread 3 ] DEBUG Engine               - fontUI: VarelaRound-Regular.ttf
18:27:29.517 [FXGL Background Thread 3 ] DEBUG Engine               - fullScreen: BooleanProperty [value: false]
18:27:29.517 [FXGL Background Thread 3 ] DEBUG Engine               - gameDifficulty: MEDIUM
18:27:29.517 [FXGL Background Thread 3 ] DEBUG Engine               - gameDifficultyProperty: ObjectProperty [value: MEDIUM]
18:27:29.517 [FXGL Background Thread 3 ] DEBUG Engine               - globalMusicVolume: 0.5
18:27:29.517 [FXGL Background Thread 3 ] DEBUG Engine               - globalMusicVolumeProperty: DoubleProperty [value: 0.5]
18:27:29.517 [FXGL Background Thread 3 ] DEBUG Engine               - globalSoundVolume: 0.5
18:27:29.517 [FXGL Background Thread 3 ] DEBUG Engine               - globalSoundVolumeProperty: DoubleProperty [value: 0.5]
18:27:29.518 [FXGL Background Thread 3 ] DEBUG Engine               - height: 1024
18:27:29.518 [FXGL Background Thread 3 ] DEBUG Engine               - is3D: false
18:27:29.518 [FXGL Background Thread 3 ] DEBUG Engine               - isAndroid: false
18:27:29.518 [FXGL Background Thread 3 ] DEBUG Engine               - isBrowser: false
18:27:29.518 [FXGL Background Thread 3 ] DEBUG Engine               - isClickFeedbackEnabled: false
18:27:29.518 [FXGL Background Thread 3 ] DEBUG Engine               - isCloseConfirmation: false
18:27:29.518 [FXGL Background Thread 3 ] DEBUG Engine               - isDesktop: true
18:27:29.518 [FXGL Background Thread 3 ] DEBUG Engine               - isDeveloperMenuEnabled: false
18:27:29.518 [FXGL Background Thread 3 ] DEBUG Engine               - isEmbedded: false
18:27:29.518 [FXGL Background Thread 3 ] DEBUG Engine               - isEntityPreloadEnabled: true
18:27:29.518 [FXGL Background Thread 3 ] DEBUG Engine               - isExperimentalTiledLargeMap: false
18:27:29.518 [FXGL Background Thread 3 ] DEBUG Engine               - isFileSystemWriteAllowed: true
18:27:29.518 [FXGL Background Thread 3 ] DEBUG Engine               - isFullScreenAllowed: false
18:27:29.518 [FXGL Background Thread 3 ] DEBUG Engine               - isFullScreenFromStart: false
18:27:29.518 [FXGL Background Thread 3 ] DEBUG Engine               - isGameMenuEnabled: true
18:27:29.518 [FXGL Background Thread 3 ] DEBUG Engine               - isIOS: false
18:27:29.518 [FXGL Background Thread 3 ] DEBUG Engine               - isIntroEnabled: false
18:27:29.519 [FXGL Background Thread 3 ] DEBUG Engine               - isLinux: false
18:27:29.519 [FXGL Background Thread 3 ] DEBUG Engine               - isMac: false
18:27:29.519 [FXGL Background Thread 3 ] DEBUG Engine               - isMainMenuEnabled: true
18:27:29.519 [FXGL Background Thread 3 ] DEBUG Engine               - isManualResizeEnabled: false
18:27:29.519 [FXGL Background Thread 3 ] DEBUG Engine               - isMobile: false
18:27:29.519 [FXGL Background Thread 3 ] DEBUG Engine               - isNative: false
18:27:29.519 [FXGL Background Thread 3 ] DEBUG Engine               - isPauseMusicWhenMinimized: true
18:27:29.519 [FXGL Background Thread 3 ] DEBUG Engine               - isPreserveResizeRatio: false
18:27:29.519 [FXGL Background Thread 3 ] DEBUG Engine               - isProfilingEnabled: false
18:27:29.519 [FXGL Background Thread 3 ] DEBUG Engine               - isScaleAffectedOnResize: true
18:27:29.519 [FXGL Background Thread 3 ] DEBUG Engine               - isSingleStep: false
18:27:29.519 [FXGL Background Thread 3 ] DEBUG Engine               - isUserProfileEnabled: false
18:27:29.519 [FXGL Background Thread 3 ] DEBUG Engine               - isWindows: true
18:27:29.519 [FXGL Background Thread 3 ] DEBUG Engine               - language: ObjectProperty [value: ENGLISH]
18:27:29.519 [FXGL Background Thread 3 ] DEBUG Engine               - menuKey: ESCAPE
18:27:29.519 [FXGL Background Thread 3 ] DEBUG Engine               - mouseSensitivity: 0.2
18:27:29.520 [FXGL Background Thread 3 ] DEBUG Engine               - notificationViewClass: class com.almasb.fxgl.notification.view.XboxNotificationView
18:27:29.520 [FXGL Background Thread 3 ] DEBUG Engine               - pixelsPerMeter: 50.0
18:27:29.520 [FXGL Background Thread 3 ] DEBUG Engine               - platform: WINDOWS
18:27:29.520 [FXGL Background Thread 3 ] DEBUG Engine               - prefHeightProperty: ReadOnlyDoubleProperty [value: 1024.0]
18:27:29.520 [FXGL Background Thread 3 ] DEBUG Engine               - prefWidthProperty: ReadOnlyDoubleProperty [value: 1024.0]
18:27:29.521 [FXGL Background Thread 3 ] DEBUG Engine               - profileDir: profiles/
18:27:29.521 [FXGL Background Thread 3 ] DEBUG Engine               - profileName: StringProperty [value: DEFAULT]
18:27:29.521 [FXGL Background Thread 3 ] DEBUG Engine               - randomSeed: -1
18:27:29.523 [FXGL Background Thread 3 ] DEBUG Engine               - runtimeInfo: RuntimeInfo(platform=WINDOWS, version=17.2, build=20.08.2022 16.50)
18:27:29.524 [FXGL Background Thread 3 ] DEBUG Engine               - saveFileExt: sav
18:27:29.524 [FXGL Background Thread 3 ] DEBUG Engine               - scaledHeightProp$fxgl: DoubleProperty [bound, value: 824.0]
18:27:29.524 [FXGL Background Thread 3 ] DEBUG Engine               - scaledWidthProp$fxgl: DoubleProperty [bound, value: 799.0]
18:27:29.524 [FXGL Background Thread 3 ] DEBUG Engine               - sceneFactory: myGame.DawnseekerApp$1@67561930
18:27:29.524 [FXGL Background Thread 3 ] DEBUG Engine               - secondsIn24h: 60
18:27:29.524 [FXGL Background Thread 3 ] DEBUG Engine               - soundMenuBack: menu/back.wav
18:27:29.524 [FXGL Background Thread 3 ] DEBUG Engine               - soundMenuPress: menu/press.wav
18:27:29.524 [FXGL Background Thread 3 ] DEBUG Engine               - soundMenuSelect: menu/select.wav
18:27:29.524 [FXGL Background Thread 3 ] DEBUG Engine               - soundNotification: core/notification.wav
18:27:29.524 [FXGL Background Thread 3 ] DEBUG Engine               - stageStyle: DECORATED
18:27:29.525 [FXGL Background Thread 3 ] DEBUG Engine               - supportedLanguages: [ENGLISH, FRENCH, GERMAN, HUNGARIAN, RUSSIAN]
18:27:29.525 [FXGL Background Thread 3 ] DEBUG Engine               - ticksPerSecond: -1
18:27:29.525 [FXGL Background Thread 3 ] DEBUG Engine               - title: Dawnseeker
18:27:29.525 [FXGL Background Thread 3 ] DEBUG Engine               - urlGithub: https://github.com/AlmasB/FXGL
18:27:29.525 [FXGL Background Thread 3 ] DEBUG Engine               - urlLeaderboard: http://fxgl-top.herokuapp.com/
18:27:29.525 [FXGL Background Thread 3 ] DEBUG Engine               - urlPOM: https://raw.githubusercontent.com/AlmasB/FXGL/release/README.md
18:27:29.525 [FXGL Background Thread 3 ] DEBUG Engine               - userAppClass: class myGame.DawnseekerApp
18:27:29.525 [FXGL Background Thread 3 ] DEBUG Engine               - version: 0.4
18:27:29.525 [FXGL Background Thread 3 ] DEBUG Engine               - versionCheckDays: 7
18:27:29.525 [FXGL Background Thread 3 ] DEBUG Engine               - width: 1024
18:27:29.525 [FXGL Background Thread 3 ] DEBUG Engine               - Logging services
18:27:29.525 [FXGL Background Thread 3 ] DEBUG Engine               - class com.almasb.fxgl.app.services.FXGLAssetLoaderService
18:27:29.525 [FXGL Background Thread 3 ] DEBUG Engine               - class com.almasb.fxgl.app.FXGLApplication$GameApplicationService
18:27:29.526 [FXGL Background Thread 3 ] DEBUG Engine               - class com.almasb.fxgl.app.services.FXGLDialogService
18:27:29.526 [FXGL Background Thread 3 ] DEBUG Engine               - class com.almasb.fxgl.app.services.IOTaskExecutorService
18:27:29.526 [FXGL Background Thread 3 ] DEBUG Engine               - class com.almasb.fxgl.io.FileSystemService
18:27:29.526 [FXGL Background Thread 3 ] DEBUG Engine               - class com.almasb.fxgl.localization.LocalizationService
18:27:29.526 [FXGL Background Thread 3 ] DEBUG Engine               - class com.almasb.fxgl.app.services.SystemBundleService
18:27:29.526 [FXGL Background Thread 3 ] DEBUG Engine               - class com.almasb.fxgl.profile.SaveLoadService
18:27:29.526 [FXGL Background Thread 3 ] DEBUG Engine               - class com.almasb.fxgl.ui.FXGLUIFactoryServiceProvider
18:27:29.526 [FXGL Background Thread 3 ] DEBUG Engine               - class com.almasb.fxgl.ui.FXGLDialogFactoryServiceProvider
18:27:29.526 [FXGL Background Thread 3 ] DEBUG Engine               - class com.almasb.fxgl.audio.AudioPlayer
18:27:29.526 [FXGL Background Thread 3 ] DEBUG Engine               - class com.almasb.fxgl.notification.impl.NotificationServiceProvider
18:27:29.526 [FXGL Background Thread 3 ] DEBUG Engine               - class com.almasb.fxgl.achievement.AchievementService
18:27:29.526 [FXGL Background Thread 3 ] DEBUG Engine               - class com.almasb.fxgl.cutscene.CutsceneService
18:27:29.526 [FXGL Background Thread 3 ] DEBUG Engine               - class com.almasb.fxgl.minigames.MiniGameService
18:27:29.526 [FXGL Background Thread 3 ] DEBUG Engine               - class com.almasb.fxgl.net.NetService
18:27:29.526 [FXGL Background Thread 3 ] DEBUG Engine               - class com.almasb.fxgl.app.services.UpdaterService
18:27:29.526 [FXGL Background Thread 3 ] DEBUG Engine               - class com.almasb.fxgl.dev.DevService
18:27:29.626 [JavaFX Application Thread] DEBUG FXGLAssetLoaderServi - Loading from file system: file:/C:/Users/narro/git/CS4900G2Proj2/Dawnseeker/target/classes/assets/sounds/store_jingle.wav
18:27:29.635 [JavaFX Application Thread] DEBUG PrimaryStageWindow   - Push state: ShopTest
18:27:29.636 [JavaFX Application Thread] DEBUG Input                - Clearing active input actions
18:27:29.636 [JavaFX Application Thread] DEBUG GameApplicationServi - Removing overlay from GameScene and adding to ShopTest
18:27:29.638 [JavaFX Application Thread] DEBUG PrimaryStageWindow   - GameScene -> ShopTest
18:27:29.639 [JavaFX Application Thread] DEBUG Input                - Registered new binding: Close Shop - F
18:27:30.483 [JavaFX Application Thread] DEBUG FXGLAssetLoaderServi - Loading from file system: file:/C:/Users/narro/git/CS4900G2Proj2/Dawnseeker/target/classes/assets/sounds/boom.wav
18:27:31.394 [JavaFX Application Thread] DEBUG PrimaryStageWindow   - Pop state: ShopTest
18:27:31.394 [JavaFX Application Thread] DEBUG Input                - Clearing active input actions
18:27:31.394 [JavaFX Application Thread] DEBUG GameApplicationServi - Removing overlay from ShopTest and adding to GameScene
18:27:31.395 [JavaFX Application Thread] DEBUG PrimaryStageWindow   - GameScene <- ShopTest
18:27:32.061 [JavaFX Application Thread] DEBUG FXGLAssetLoaderServi - Loading from file system: file:/C:/Users/narro/git/CS4900G2Proj2/Dawnseeker/target/classes/assets/sounds/magic_missile.wav
18:27:32.063 [JavaFX Application Thread] DEBUG FXGLAssetLoaderServi - Loading from file system: file:/C:/Users/narro/git/CS4900G2Proj2/Dawnseeker/target/classes/assets/textures/FireBallProjectile.png
18:27:32.395 [JavaFX Application Thread] WARN  GameWorld            - Attempted to remove entity which is not active
18:27:32.397 [JavaFX Application Thread] DEBUG FXGLAssetLoaderServi - Loading from file system: file:/C:/Users/narro/git/CS4900G2Proj2/Dawnseeker/target/classes/assets/sounds/bong.wav
18:27:33.675 [JavaFX Application Thread] WARN  GameWorld            - Attempted to remove entity which is not active
18:27:34.059 [JavaFX Application Thread] DEBUG FXGLAssetLoaderServi - Loading from file system: file:/C:/Users/narro/git/CS4900G2Proj2/Dawnseeker/target/classes/assets/sounds/coin_pickup.wav
18:27:34.218 [JavaFX Application Thread] DEBUG PrimaryStageWindow   - Push state: ShopTest
18:27:34.219 [JavaFX Application Thread] DEBUG Input                - Clearing active input actions
18:27:34.219 [JavaFX Application Thread] DEBUG GameApplicationServi - Removing overlay from GameScene and adding to ShopTest
18:27:34.219 [JavaFX Application Thread] DEBUG PrimaryStageWindow   - GameScene -> ShopTest
18:27:34.219 [JavaFX Application Thread] DEBUG Input                - Registered new binding: Close Shop - F
18:27:35.061 [JavaFX Application Thread] DEBUG PrimaryStageWindow   - Pop state: ShopTest
18:27:35.061 [JavaFX Application Thread] DEBUG Input                - Clearing active input actions
18:27:35.061 [JavaFX Application Thread] DEBUG GameApplicationServi - Removing overlay from ShopTest and adding to GameScene
18:27:35.061 [JavaFX Application Thread] DEBUG PrimaryStageWindow   - GameScene <- ShopTest
18:27:43.772 [JavaFX Application Thread] DEBUG FXGLAssetLoaderServi - Loading from file system: file:/C:/Users/narro/git/CS4900G2Proj2/Dawnseeker/target/classes/assets/sounds/player_oof.wav
18:27:46.768 [JavaFX Application Thread] DEBUG FXGLApplication      - Exiting FXGL
18:27:46.768 [JavaFX Application Thread] DEBUG LoopRunner           - Stopping loop
18:27:46.768 [JavaFX Application Thread] DEBUG SystemBundleService  - Saving FXGL system data
18:27:46.770 [JavaFX Application Thread] DEBUG FileSystemAccess     - Writing to: C:\Users\narro\git\CS4900G2Proj2\Dawnseeker\system\fxgl.bundle
18:27:46.771 [JavaFX Application Thread] DEBUG Async                - Shutting down background threads
18:27:46.772 [JavaFX Application Thread] DEBUG PrimaryStageWindow   - Closing main window
18:27:46.788 [JavaFX Application Thread] DEBUG Logger               - Closing Logger
