13:20:53.252 [main                     ] DEBUG Logger               - Configured Logger
13:20:53.291 [main                     ] DEBUG GameApplication      - Logging settings
Title: Dawnseeker
Version: 0.4
Width: 1920
Height: 1080
Fullscreen: false
Intro: false
Profiling: false
Single step:false
App Mode: DEVELOPER
Menu Key: ESCAPE
Stage Style: DECORATED
Scene Factory: class myGame.DawnseekerApp$1

13:20:53.798 [JavaFX Application Thread] DEBUG FXGLApplication      - Initializing FXGL
13:20:53.806 [JavaFX Application Thread] INFO  Engine               - FXGL-17.2 (20.08.2022 16.50) on WINDOWS (J:19.0.2 FX:18)
13:20:53.807 [JavaFX Application Thread] DEBUG Engine               - JRE Vendor Name: Oracle Corporation
13:20:53.807 [JavaFX Application Thread] DEBUG Engine               - Running on OS: Windows 10 version 10.0
13:20:53.807 [JavaFX Application Thread] DEBUG Engine               - Architecture: amd64
13:20:53.807 [JavaFX Application Thread] INFO  Engine               - Source code and latest versions at: https://github.com/AlmasB/FXGL
13:20:53.808 [JavaFX Application Thread] INFO  Engine               -       Ask questions and discuss at: https://github.com/AlmasB/FXGL/discussions
13:20:53.808 [JavaFX Application Thread] INFO  Engine               -              Join the FXGL chat at: https://gitter.im/AlmasB/FXGL
13:20:53.956 [JavaFX Application Thread] DEBUG PrimaryStageWindow   - Creating a JavaFX scene
13:20:53.957 [JavaFX Application Thread] DEBUG PrimaryStageWindow   - Target size > screen size
13:20:54.013 [JavaFX Application Thread] DEBUG PrimaryStageWindow   - Target settings size: 1920.0 x 1080.0
13:20:54.013 [JavaFX Application Thread] DEBUG PrimaryStageWindow   - Scaled scene size:    1439.0 x 823.0
13:20:54.013 [JavaFX Application Thread] DEBUG PrimaryStageWindow   - Scaled ratio: (0.7494791666666667, 0.7620370370370371)
13:20:54.015 [JavaFX Application Thread] DEBUG PrimaryStageWindow   - Set initial scene to FXGLStartupScene
13:20:54.024 [JavaFX Application Thread] DEBUG PrimaryStageWindow   - Opening main window
13:20:54.169 [JavaFX Application Thread] DEBUG PrimaryStageWindow   - Window border size: (14.5999755859375, 37.79998779296875)
13:20:54.170 [JavaFX Application Thread] DEBUG PrimaryStageWindow   - Scaled size: 1439.0 x 823.0
13:20:54.170 [JavaFX Application Thread] DEBUG PrimaryStageWindow   - Scaled ratio: (0.7494791666666667, 0.7620370370370371)
13:20:54.171 [JavaFX Application Thread] DEBUG PrimaryStageWindow   - Scene size: 1439.0 x 823.0
13:20:54.171 [JavaFX Application Thread] DEBUG PrimaryStageWindow   - Stage size: 1453.5999755859375 x 860.7999877929688
13:20:54.188 [FXGL Background Thread 1 ] DEBUG Engine               - Initializing environment variables
13:20:54.314 [FXGL Background Thread 1 ] DEBUG FXGLAssetLoaderServi - User app class for loading assets: class myGame.DawnseekerApp
13:20:54.314 [FXGL Background Thread 1 ] DEBUG GameApplicationServi - Applying CSS: fxgl_dark.css
13:20:54.318 [FXGL Background Thread 1 ] DEBUG FXGLAssetLoaderServi - Loading from file system: jar:file:/C:/Users/narro/.m2/repository/com/github/almasb/fxgl/17.2/fxgl-17.2.jar!/fxglassets/ui/css/fxgl_dark.css
13:20:54.393 [FXGL Background Thread 1 ] DEBUG GameApplicationServi - Initializing application scenes
13:20:54.473 [FXGL Background Thread 1 ] DEBUG GameWorld            - Game world initialized
13:20:54.570 [FXGL Background Thread 1 ] DEBUG PhysicsWorld         - Physics world initialized: appHeight=1080, physics.ppm=50.0
13:20:54.570 [FXGL Background Thread 1 ] DEBUG PhysicsWorld         - Using strategy: BRUTE_FORCE
13:20:54.575 [FXGL Background Thread 1 ] DEBUG GameScene            - Game scene initialized: 1920x1080
13:20:54.576 [FXGL Background Thread 1 ] DEBUG FXGLAssetLoaderServi - Loading from file system: file:/C:/Users/narro/git/CS4900G2Proj2/Dawnseeker/target/classes/assets/music/shop.mp3
13:20:54.747 [FXGL Background Thread 1 ] DEBUG AudioPlayer          - Playing music com.almasb.fxgl.audio.Music@18b23dda
13:20:54.783 [FXGL Background Thread 1 ] DEBUG FXGLAssetLoaderServi - Loading from file system: file:/C:/Users/narro/git/CS4900G2Proj2/Dawnseeker/target/classes/assets/textures/bg.png
13:20:54.990 [FXGL Background Thread 1 ] DEBUG FXGL.DefaultMenu     - createMenuBodyGameMenu()
13:20:55.010 [FXGL Background Thread 1 ] DEBUG FXGL.DefaultMenu     - createOptionsMenu()
13:20:55.019 [FXGL Background Thread 1 ] DEBUG FXGLAssetLoaderServi - Loading from file system: jar:file:/C:/Users/narro/.m2/repository/com/github/almasb/fxgl/17.2/fxgl-17.2.jar!/fxglassets/textures/particles/smoke.png
13:20:55.129 [FXGL Background Thread 1 ] DEBUG FXGLAssetLoaderServi - Loading from file system: jar:file:/C:/Users/narro/.m2/repository/com/github/almasb/fxgl/17.2/fxgl-17.2.jar!/fxglassets/textures/particles/trace_horizontal.png
13:20:55.150 [FXGL Background Thread 1 ] DEBUG GameApplicationServi - Application scenes initialized
13:20:55.167 [FXGL Background Thread 1 ] DEBUG SystemBundleService  - Loading FXGL system data
13:20:55.174 [FXGL Background Thread 1 ] DEBUG FileSystemAccess     - Reading from: C:\Users\narro\git\CS4900G2Proj2\Dawnseeker\system\fxgl.bundle
13:20:55.187 [FXGL Background Thread 1 ] DEBUG SystemBundleService  - Bundle FXGL: {}
13:20:55.187 [FXGL Background Thread 1 ] DEBUG UpdaterService       - Checking for updates
13:20:55.193 [FXGL Background Thread 4 ] DEBUG FXGLApplication      - Loading fonts
13:20:55.194 [FXGL Background Thread 4 ] DEBUG FXGLAssetLoaderServi - Loading from file system: jar:file:/C:/Users/narro/.m2/repository/com/github/almasb/fxgl/17.2/fxgl-17.2.jar!/fxglassets/ui/fonts/VarelaRound-Regular.ttf
13:20:55.194 [FXGL Background Thread 1 ] DEBUG FXGLApplication      - Loading default localization
13:20:55.195 [FXGL Background Thread 1 ] DEBUG FXGLAssetLoaderServi - Loading from file system: jar:file:/C:/Users/narro/.m2/repository/com/github/almasb/fxgl/17.2/fxgl-17.2.jar!/fxglassets/languages/english.lang
13:20:55.228 [FXGL Background Thread 1 ] INFO  FXGLApplication      - FXGL initialization took: 1.040 sec
13:20:55.236 [JavaFX Application Thread] DEBUG Input                - Registered new binding: action0 - LMB
13:20:55.249 [JavaFX Application Thread] DEBUG Input                - Registered new binding: Up - W
13:20:55.250 [JavaFX Application Thread] DEBUG Input                - Registered new binding: Down - S
13:20:55.250 [JavaFX Application Thread] DEBUG Input                - Registered new binding: Right - D
13:20:55.250 [JavaFX Application Thread] DEBUG Input                - Registered new binding: Left - A
13:20:55.251 [JavaFX Application Thread] DEBUG FXGLAssetLoaderServi - Loading from file system: jar:file:/C:/Users/narro/.m2/repository/com/github/almasb/fxgl/17.2/fxgl-17.2.jar!/fxglassets/textures/fxgl_icon.png
13:20:55.272 [JavaFX Application Thread] DEBUG FXGLAssetLoaderServi - Loading from file system: jar:file:/C:/Users/narro/.m2/repository/com/github/almasb/fxgl/17.2/fxgl-17.2.jar!/fxglassets/textures/fxgl_default_cursor.png
13:20:55.277 [JavaFX Application Thread] DEBUG Input                - Registered new binding: Screenshot - CTRL+8
13:20:55.277 [JavaFX Application Thread] DEBUG Input                - Registered new binding: System info dump - CTRL+9
13:20:55.278 [JavaFX Application Thread] DEBUG Input                - Registered new binding: Restart - CTRL+R
13:20:55.279 [JavaFX Application Thread] DEBUG Input                - Registered new binding: Toggle Debug Camera - CTRL+7
13:20:55.282 [JavaFX Application Thread] DEBUG LoopRunner           - Starting loop
13:20:55.282 [JavaFX Application Thread] DEBUG LoopRunner           - Initializing JavaFX AnimationTimerLoop
13:20:55.285 [JavaFX Application Thread] DEBUG Input                - Clearing active input actions
13:20:55.302 [JavaFX Application Thread] DEBUG GameApplicationServi - Removing overlay from FXGLStartupScene and adding to FXGLMainMenuDummyScene
13:20:55.307 [JavaFX Application Thread] DEBUG PrimaryStageWindow   - FXGLStartupScene -> FXGLMainMenuDummyScene
13:20:55.307 [JavaFX Application Thread] DEBUG PrimaryStageWindow   - Push state: DawnseekerMenu
13:20:55.307 [JavaFX Application Thread] DEBUG Input                - Clearing active input actions
13:20:55.313 [JavaFX Application Thread] DEBUG GameApplicationServi - Removing overlay from FXGLMainMenuDummyScene and adding to DawnseekerMenu
13:20:55.314 [JavaFX Application Thread] DEBUG PrimaryStageWindow   - FXGLMainMenuDummyScene -> DawnseekerMenu
13:20:55.328 [FXGL Background Thread 4 ] DEBUG FXGLAssetLoaderServi - Loading from file system: jar:file:/C:/Users/narro/.m2/repository/com/github/almasb/fxgl/17.2/fxgl-17.2.jar!/fxglassets/ui/fonts/Abel-Regular.ttf
13:20:55.345 [FXGL Background Thread 4 ] DEBUG FXGLAssetLoaderServi - Loading from file system: jar:file:/C:/Users/narro/.m2/repository/com/github/almasb/fxgl/17.2/fxgl-17.2.jar!/fxglassets/ui/fonts/TerminalLandMono-Regular.otf
13:20:55.359 [FXGL Background Thread 4 ] DEBUG FXGLAssetLoaderServi - Loading from file system: jar:file:/C:/Users/narro/.m2/repository/com/github/almasb/fxgl/17.2/fxgl-17.2.jar!/fxglassets/ui/fonts/Courier-Prime.ttf
13:20:55.381 [JavaFX Application Thread] DEBUG FXGLApplication      - Registering font factories with UI factory
13:20:55.750 [FXGL Background Thread 2 ] INFO  UpdaterService       - Your current version:  17.2
13:20:55.750 [FXGL Background Thread 2 ] INFO  UpdaterService       - Latest stable version: 17.3
13:20:55.850 [JavaFX Application Thread] DEBUG Menu                 - fireNewGame()
13:20:55.850 [JavaFX Application Thread] DEBUG GameApplicationServi - Starting new game
13:20:55.850 [JavaFX Application Thread] DEBUG PrimaryStageWindow   - Pop state: DawnseekerMenu
13:20:55.851 [JavaFX Application Thread] DEBUG Input                - Clearing active input actions
13:20:55.851 [JavaFX Application Thread] DEBUG GameApplicationServi - Removing overlay from DawnseekerMenu and adding to FXGLMainMenuDummyScene
13:20:55.852 [JavaFX Application Thread] DEBUG PrimaryStageWindow   - FXGLMainMenuDummyScene <- DawnseekerMenu
13:20:55.852 [JavaFX Application Thread] DEBUG Input                - Clearing active input actions
13:20:55.863 [JavaFX Application Thread] DEBUG GameApplicationServi - Removing overlay from FXGLMainMenuDummyScene and adding to FXGLLoadingScene
13:20:55.864 [JavaFX Application Thread] DEBUG PrimaryStageWindow   - FXGLMainMenuDummyScene -> FXGLLoadingScene
13:20:55.864 [JavaFX Application Thread] DEBUG GameApplicationServi - Clearing previous game
13:20:55.864 [JavaFX Application Thread] DEBUG GameScene            - Clearing game scene
13:20:55.864 [JavaFX Application Thread] DEBUG GameWorld            - Clearing game world
13:20:55.864 [JavaFX Application Thread] DEBUG PhysicsWorld         - Clearing physics world
13:20:55.868 [JavaFX Application Thread] DEBUG AudioPlayer          - Stopping music com.almasb.fxgl.audio.Music@18b23dda
13:20:55.868 [FXGL Background Thread 2 ] DEBUG FXGLApplication      - Initializing game
13:20:55.875 [FXGL Background Thread 2 ] DEBUG FXGLAssetLoaderServi - Loading from file system: file:/C:/Users/narro/git/CS4900G2Proj2/Dawnseeker/target/classes/assets/music/heartache.mp3
13:20:55.879 [FXGL Background Thread 2 ] DEBUG AudioPlayer          - Playing music com.almasb.fxgl.audio.Music@3cf6d68c
13:20:55.905 [FXGL Background Thread 2 ] DEBUG FXGLAssetLoaderServi - Loading from file system: file:/C:/Users/narro/git/CS4900G2Proj2/Dawnseeker/target/classes/assets/textures/DawnseekerPCV2.png
13:20:55.910 [FXGL Background Thread 2 ] DEBUG FXGLAssetLoaderServi - Loading from file system: file:/C:/Users/narro/git/CS4900G2Proj2/Dawnseeker/target/classes/assets/textures/DawnseekerPCV2Down.png
13:20:55.913 [FXGL Background Thread 2 ] DEBUG FXGLAssetLoaderServi - Loading from file system: file:/C:/Users/narro/git/CS4900G2Proj2/Dawnseeker/target/classes/assets/textures/DawnseekerPCV2Up.png
13:20:55.915 [FXGL Background Thread 2 ] DEBUG FXGLAssetLoaderServi - Loading from file system: file:/C:/Users/narro/git/CS4900G2Proj2/Dawnseeker/target/classes/assets/textures/DawnseekerPCV2Right.png
13:20:55.917 [FXGL Background Thread 2 ] DEBUG FXGLAssetLoaderServi - Loading from file system: file:/C:/Users/narro/git/CS4900G2Proj2/Dawnseeker/target/classes/assets/textures/DawnseekerPCV2Left.png
13:20:55.942 [FXGL Background Thread 2 ] DEBUG FXGLAssetLoaderServi - Loading from file system: file:/C:/Users/narro/git/CS4900G2Proj2/Dawnseeker/target/classes/assets/textures/BackGroung.png
13:20:55.983 [FXGL Background Thread 2 ] WARN  GameWorld            - Entity is already attached to world
13:20:55.984 [FXGL Background Thread 2 ] DEBUG FXGLAssetLoaderServi - Loading from file system: file:/C:/Users/narro/git/CS4900G2Proj2/Dawnseeker/target/classes/assets/textures/Rock1.png
13:20:55.987 [FXGL Background Thread 2 ] WARN  Entity               - Entity already has component: com.almasb.fxgl.entity.components.CollidableComponent
13:20:55.988 [FXGL Background Thread 2 ] WARN  GameWorld            - Entity is already attached to world
13:20:55.991 [FXGL Background Thread 2 ] DEBUG FXGLAssetLoaderServi - Loading from file system: file:/C:/Users/narro/git/CS4900G2Proj2/Dawnseeker/target/classes/assets/textures/Rock2.png
13:20:55.994 [FXGL Background Thread 2 ] WARN  Entity               - Entity already has component: com.almasb.fxgl.entity.components.CollidableComponent
13:20:55.995 [FXGL Background Thread 2 ] WARN  GameWorld            - Entity is already attached to world
13:20:55.996 [FXGL Background Thread 2 ] DEBUG FXGLAssetLoaderServi - Loading from file system: file:/C:/Users/narro/git/CS4900G2Proj2/Dawnseeker/target/classes/assets/textures/BigRock1.png
13:20:55.998 [FXGL Background Thread 2 ] WARN  Entity               - Entity already has component: com.almasb.fxgl.entity.components.CollidableComponent
13:20:55.998 [FXGL Background Thread 2 ] WARN  GameWorld            - Entity is already attached to world
13:20:55.999 [FXGL Background Thread 2 ] DEBUG FXGLAssetLoaderServi - Loading from file system: file:/C:/Users/narro/git/CS4900G2Proj2/Dawnseeker/target/classes/assets/textures/Poison.gif
13:20:56.009 [FXGL Background Thread 2 ] WARN  GameWorld            - Entity is already attached to world
13:20:56.015 [FXGL Background Thread 2 ] DEBUG FXGLAssetLoaderServi - Loading from file system: file:/C:/Users/narro/git/CS4900G2Proj2/Dawnseeker/target/classes/assets/textures/AnimShop.png
13:20:56.017 [FXGL Background Thread 2 ] WARN  GameWorld            - Entity is already attached to world
13:20:56.054 [FXGL Background Thread 2 ] INFO  FXGLApplication      - Game initialization took: 0.186 sec
13:20:56.061 [JavaFX Application Thread] DEBUG Input                - Clearing active input actions
13:20:56.091 [JavaFX Application Thread] DEBUG GameApplicationServi - Removing overlay from FXGLLoadingScene and adding to GameScene
13:20:56.093 [JavaFX Application Thread] DEBUG PrimaryStageWindow   - FXGLLoadingScene -> GameScene
13:20:57.221 [JavaFX Application Thread] DEBUG FXGLAssetLoaderServi - Loading from file system: file:/C:/Users/narro/git/CS4900G2Proj2/Dawnseeker/target/classes/assets/textures/Skull.gif
13:20:57.233 [JavaFX Application Thread] DEBUG FXGLAssetLoaderServi - Loading from file system: file:/C:/Users/narro/git/CS4900G2Proj2/Dawnseeker/target/classes/assets/textures/Ghost.gif
13:20:58.192 [FXGL Background Thread 3 ] DEBUG Engine               - Logging environment variables
13:20:58.195 [FXGL Background Thread 3 ] DEBUG Engine               - achievements: []
13:20:58.195 [FXGL Background Thread 3 ] DEBUG Engine               - actualHeight: 823.0
13:20:58.196 [FXGL Background Thread 3 ] DEBUG Engine               - actualHeightProperty: ReadOnlyDoubleProperty [value: 823.0]
13:20:58.197 [FXGL Background Thread 3 ] DEBUG Engine               - actualWidth: 1439.0
13:20:58.198 [FXGL Background Thread 3 ] DEBUG Engine               - actualWidthProperty: ReadOnlyDoubleProperty [value: 1439.0]
13:20:58.198 [FXGL Background Thread 3 ] DEBUG Engine               - appIcon: fxgl_icon.png
13:20:58.199 [FXGL Background Thread 3 ] DEBUG Engine               - applicationMode: DEVELOPER
13:20:58.200 [FXGL Background Thread 3 ] DEBUG Engine               - cSSList: [fxgl_dark.css]
13:20:58.200 [FXGL Background Thread 3 ] DEBUG Engine               - collisionDetectionStrategy: BRUTE_FORCE
13:20:58.200 [FXGL Background Thread 3 ] DEBUG Engine               - configClass: Optional.empty
13:20:58.201 [FXGL Background Thread 3 ] DEBUG Engine               - credits: []
13:20:58.202 [FXGL Background Thread 3 ] DEBUG Engine               - defaultCursor: CursorInfo(imageName=fxgl_default_cursor.png, hotspotX=7.0, hotspotY=6.0)
13:20:58.203 [FXGL Background Thread 3 ] DEBUG Engine               - devBBoxColorProperty: ObjectProperty [value: 0xff0000ff]
13:20:58.203 [FXGL Background Thread 3 ] DEBUG Engine               - devEnableDebugCameraProperty: BooleanProperty [value: false]
13:20:58.203 [FXGL Background Thread 3 ] DEBUG Engine               - devSensorColorProperty: ObjectProperty [value: 0xffff00ff]
13:20:58.204 [FXGL Background Thread 3 ] DEBUG Engine               - devShowBBoxProperty: BooleanProperty [value: false]
13:20:58.204 [FXGL Background Thread 3 ] DEBUG Engine               - devShowPositionProperty: BooleanProperty [value: false]
13:20:58.204 [FXGL Background Thread 3 ] DEBUG Engine               - enabledMenuItems: []
13:20:58.204 [FXGL Background Thread 3 ] DEBUG Engine               - engineServices: [class com.almasb.fxgl.app.services.FXGLAssetLoaderService, class com.almasb.fxgl.app.FXGLApplication$GameApplicationService, class com.almasb.fxgl.app.services.FXGLDialogService, class com.almasb.fxgl.app.services.IOTaskExecutorService, class com.almasb.fxgl.io.FileSystemService, class com.almasb.fxgl.localization.LocalizationService, class com.almasb.fxgl.app.services.SystemBundleService, class com.almasb.fxgl.profile.SaveLoadService, class com.almasb.fxgl.ui.FXGLUIFactoryServiceProvider, class com.almasb.fxgl.ui.FXGLDialogFactoryServiceProvider, class com.almasb.fxgl.audio.AudioPlayer, class com.almasb.fxgl.notification.impl.NotificationServiceProvider, class com.almasb.fxgl.achievement.AchievementService, class com.almasb.fxgl.cutscene.CutsceneService, class com.almasb.fxgl.minigames.MiniGameService, class com.almasb.fxgl.net.NetService, class com.almasb.fxgl.app.services.UpdaterService, class com.almasb.fxgl.dev.DevService]
13:20:58.204 [FXGL Background Thread 3 ] DEBUG Engine               - fontGame: Abel-Regular.ttf
13:20:58.205 [FXGL Background Thread 3 ] DEBUG Engine               - fontMono: TerminalLandMono-Regular.otf
13:20:58.205 [FXGL Background Thread 3 ] DEBUG Engine               - fontText: Courier-Prime.ttf
13:20:58.205 [FXGL Background Thread 3 ] DEBUG Engine               - fontUI: VarelaRound-Regular.ttf
13:20:58.205 [FXGL Background Thread 3 ] DEBUG Engine               - fullScreen: BooleanProperty [value: false]
13:20:58.206 [FXGL Background Thread 3 ] DEBUG Engine               - gameDifficulty: MEDIUM
13:20:58.206 [FXGL Background Thread 3 ] DEBUG Engine               - gameDifficultyProperty: ObjectProperty [value: MEDIUM]
13:20:58.206 [FXGL Background Thread 3 ] DEBUG Engine               - globalMusicVolume: 0.5
13:20:58.207 [FXGL Background Thread 3 ] DEBUG Engine               - globalMusicVolumeProperty: DoubleProperty [value: 0.5]
13:20:58.207 [FXGL Background Thread 3 ] DEBUG Engine               - globalSoundVolume: 0.5
13:20:58.207 [FXGL Background Thread 3 ] DEBUG Engine               - globalSoundVolumeProperty: DoubleProperty [value: 0.5]
13:20:58.208 [FXGL Background Thread 3 ] DEBUG Engine               - height: 1080
13:20:58.208 [FXGL Background Thread 3 ] DEBUG Engine               - is3D: false
13:20:58.208 [FXGL Background Thread 3 ] DEBUG Engine               - isAndroid: false
13:20:58.209 [FXGL Background Thread 3 ] DEBUG Engine               - isBrowser: false
13:20:58.209 [FXGL Background Thread 3 ] DEBUG Engine               - isClickFeedbackEnabled: false
13:20:58.209 [FXGL Background Thread 3 ] DEBUG Engine               - isCloseConfirmation: false
13:20:58.210 [FXGL Background Thread 3 ] DEBUG Engine               - isDesktop: true
13:20:58.210 [FXGL Background Thread 3 ] DEBUG Engine               - isDeveloperMenuEnabled: false
13:20:58.210 [FXGL Background Thread 3 ] DEBUG Engine               - isEmbedded: false
13:20:58.211 [FXGL Background Thread 3 ] DEBUG Engine               - isEntityPreloadEnabled: true
13:20:58.211 [FXGL Background Thread 3 ] DEBUG Engine               - isExperimentalTiledLargeMap: false
13:20:58.211 [FXGL Background Thread 3 ] DEBUG Engine               - isFileSystemWriteAllowed: true
13:20:58.211 [FXGL Background Thread 3 ] DEBUG Engine               - isFullScreenAllowed: false
13:20:58.211 [FXGL Background Thread 3 ] DEBUG Engine               - isFullScreenFromStart: false
13:20:58.212 [FXGL Background Thread 3 ] DEBUG Engine               - isGameMenuEnabled: true
13:20:58.212 [FXGL Background Thread 3 ] DEBUG Engine               - isIOS: false
13:20:58.212 [FXGL Background Thread 3 ] DEBUG Engine               - isIntroEnabled: false
13:20:58.212 [FXGL Background Thread 3 ] DEBUG Engine               - isLinux: false
13:20:58.213 [FXGL Background Thread 3 ] DEBUG Engine               - isMac: false
13:20:58.213 [FXGL Background Thread 3 ] DEBUG Engine               - isMainMenuEnabled: true
13:20:58.213 [FXGL Background Thread 3 ] DEBUG Engine               - isManualResizeEnabled: false
13:20:58.213 [FXGL Background Thread 3 ] DEBUG Engine               - isMobile: false
13:20:58.214 [FXGL Background Thread 3 ] DEBUG Engine               - isNative: false
13:20:58.214 [FXGL Background Thread 3 ] DEBUG Engine               - isPauseMusicWhenMinimized: true
13:20:58.214 [FXGL Background Thread 3 ] DEBUG Engine               - isPreserveResizeRatio: false
13:20:58.215 [FXGL Background Thread 3 ] DEBUG Engine               - isProfilingEnabled: false
13:20:58.215 [FXGL Background Thread 3 ] DEBUG Engine               - isScaleAffectedOnResize: true
13:20:58.215 [FXGL Background Thread 3 ] DEBUG Engine               - isSingleStep: false
13:20:58.215 [FXGL Background Thread 3 ] DEBUG Engine               - isUserProfileEnabled: false
13:20:58.216 [FXGL Background Thread 3 ] DEBUG Engine               - isWindows: true
13:20:58.216 [FXGL Background Thread 3 ] DEBUG Engine               - language: ObjectProperty [value: ENGLISH]
13:20:58.217 [FXGL Background Thread 3 ] DEBUG Engine               - menuKey: ESCAPE
13:20:58.217 [FXGL Background Thread 3 ] DEBUG Engine               - mouseSensitivity: 0.2
13:20:58.217 [FXGL Background Thread 3 ] DEBUG Engine               - notificationViewClass: class com.almasb.fxgl.notification.view.XboxNotificationView
13:20:58.218 [FXGL Background Thread 3 ] DEBUG Engine               - pixelsPerMeter: 50.0
13:20:58.218 [FXGL Background Thread 3 ] DEBUG Engine               - platform: WINDOWS
13:20:58.218 [FXGL Background Thread 3 ] DEBUG Engine               - prefHeightProperty: ReadOnlyDoubleProperty [value: 1080.0]
13:20:58.219 [FXGL Background Thread 3 ] DEBUG Engine               - prefWidthProperty: ReadOnlyDoubleProperty [value: 1920.0]
13:20:58.219 [FXGL Background Thread 3 ] DEBUG Engine               - profileDir: profiles/
13:20:58.219 [FXGL Background Thread 3 ] DEBUG Engine               - profileName: StringProperty [value: DEFAULT]
13:20:58.220 [FXGL Background Thread 3 ] DEBUG Engine               - randomSeed: -1
13:20:58.222 [FXGL Background Thread 3 ] DEBUG Engine               - runtimeInfo: RuntimeInfo(platform=WINDOWS, version=17.2, build=20.08.2022 16.50)
13:20:58.222 [FXGL Background Thread 3 ] DEBUG Engine               - saveFileExt: sav
13:20:58.223 [FXGL Background Thread 3 ] DEBUG Engine               - scaledHeightProp$fxgl: DoubleProperty [bound, value: 823.0]
13:20:58.223 [FXGL Background Thread 3 ] DEBUG Engine               - scaledWidthProp$fxgl: DoubleProperty [bound, value: 1439.0]
13:20:58.224 [FXGL Background Thread 3 ] DEBUG Engine               - sceneFactory: myGame.DawnseekerApp$1@3d7dce7
13:20:58.224 [FXGL Background Thread 3 ] DEBUG Engine               - secondsIn24h: 60
13:20:58.224 [FXGL Background Thread 3 ] DEBUG Engine               - soundMenuBack: menu/back.wav
13:20:58.225 [FXGL Background Thread 3 ] DEBUG Engine               - soundMenuPress: menu/press.wav
13:20:58.225 [FXGL Background Thread 3 ] DEBUG Engine               - soundMenuSelect: menu/select.wav
13:20:58.225 [FXGL Background Thread 3 ] DEBUG Engine               - soundNotification: core/notification.wav
13:20:58.225 [FXGL Background Thread 3 ] DEBUG Engine               - stageStyle: DECORATED
13:20:58.226 [FXGL Background Thread 3 ] DEBUG Engine               - supportedLanguages: [ENGLISH, FRENCH, GERMAN, HUNGARIAN, RUSSIAN]
13:20:58.226 [FXGL Background Thread 3 ] DEBUG Engine               - ticksPerSecond: -1
13:20:58.226 [FXGL Background Thread 3 ] DEBUG Engine               - title: Dawnseeker
13:20:58.227 [FXGL Background Thread 3 ] DEBUG Engine               - urlGithub: https://github.com/AlmasB/FXGL
13:20:58.227 [FXGL Background Thread 3 ] DEBUG Engine               - urlLeaderboard: http://fxgl-top.herokuapp.com/
13:20:58.227 [FXGL Background Thread 3 ] DEBUG Engine               - urlPOM: https://raw.githubusercontent.com/AlmasB/FXGL/release/README.md
13:20:58.227 [FXGL Background Thread 3 ] DEBUG Engine               - userAppClass: class myGame.DawnseekerApp
13:20:58.228 [FXGL Background Thread 3 ] DEBUG Engine               - version: 0.4
13:20:58.228 [FXGL Background Thread 3 ] DEBUG Engine               - versionCheckDays: 7
13:20:58.228 [FXGL Background Thread 3 ] DEBUG Engine               - width: 1920
13:20:58.228 [FXGL Background Thread 3 ] DEBUG Engine               - Logging services
13:20:58.229 [FXGL Background Thread 3 ] DEBUG Engine               - class com.almasb.fxgl.app.services.FXGLAssetLoaderService
13:20:58.229 [FXGL Background Thread 3 ] DEBUG Engine               - class com.almasb.fxgl.app.FXGLApplication$GameApplicationService
13:20:58.229 [FXGL Background Thread 3 ] DEBUG Engine               - class com.almasb.fxgl.app.services.FXGLDialogService
13:20:58.230 [FXGL Background Thread 3 ] DEBUG Engine               - class com.almasb.fxgl.app.services.IOTaskExecutorService
13:20:58.230 [FXGL Background Thread 3 ] DEBUG Engine               - class com.almasb.fxgl.io.FileSystemService
13:20:58.230 [FXGL Background Thread 3 ] DEBUG Engine               - class com.almasb.fxgl.localization.LocalizationService
13:20:58.230 [FXGL Background Thread 3 ] DEBUG Engine               - class com.almasb.fxgl.app.services.SystemBundleService
13:20:58.231 [FXGL Background Thread 3 ] DEBUG Engine               - class com.almasb.fxgl.profile.SaveLoadService
13:20:58.231 [FXGL Background Thread 3 ] DEBUG Engine               - class com.almasb.fxgl.ui.FXGLUIFactoryServiceProvider
13:20:58.231 [FXGL Background Thread 3 ] DEBUG Engine               - class com.almasb.fxgl.ui.FXGLDialogFactoryServiceProvider
13:20:58.231 [FXGL Background Thread 3 ] DEBUG Engine               - class com.almasb.fxgl.audio.AudioPlayer
13:20:58.232 [FXGL Background Thread 3 ] DEBUG Engine               - class com.almasb.fxgl.notification.impl.NotificationServiceProvider
13:20:58.232 [FXGL Background Thread 3 ] DEBUG Engine               - class com.almasb.fxgl.achievement.AchievementService
13:20:58.232 [FXGL Background Thread 3 ] DEBUG Engine               - class com.almasb.fxgl.cutscene.CutsceneService
13:20:58.232 [FXGL Background Thread 3 ] DEBUG Engine               - class com.almasb.fxgl.minigames.MiniGameService
13:20:58.233 [FXGL Background Thread 3 ] DEBUG Engine               - class com.almasb.fxgl.net.NetService
13:20:58.233 [FXGL Background Thread 3 ] DEBUG Engine               - class com.almasb.fxgl.app.services.UpdaterService
13:20:58.233 [FXGL Background Thread 3 ] DEBUG Engine               - class com.almasb.fxgl.dev.DevService
13:20:59.731 [JavaFX Application Thread] DEBUG FXGLAssetLoaderServi - Loading from file system: file:/C:/Users/narro/git/CS4900G2Proj2/Dawnseeker/target/classes/assets/sounds/magic_missile.wav
13:20:59.752 [JavaFX Application Thread] DEBUG FXGLAssetLoaderServi - Loading from file system: file:/C:/Users/narro/git/CS4900G2Proj2/Dawnseeker/target/classes/assets/textures/Fireball.gif
13:21:00.018 [JavaFX Application Thread] WARN  GameWorld            - Attempted to remove entity which is not active
13:21:00.023 [JavaFX Application Thread] DEBUG FXGLAssetLoaderServi - Loading from file system: file:/C:/Users/narro/git/CS4900G2Proj2/Dawnseeker/target/classes/assets/textures/Coin.gif
13:21:00.028 [JavaFX Application Thread] DEBUG FXGLAssetLoaderServi - Loading from file system: file:/C:/Users/narro/git/CS4900G2Proj2/Dawnseeker/target/classes/assets/sounds/bong.wav
13:21:00.705 [JavaFX Application Thread] WARN  GameWorld            - Attempted to remove entity which is not active
13:21:01.028 [JavaFX Application Thread] DEBUG FXGLAssetLoaderServi - Loading from file system: file:/C:/Users/narro/git/CS4900G2Proj2/Dawnseeker/target/classes/assets/textures/slime.gif
13:21:02.415 [JavaFX Application Thread] DEBUG FXGLApplication      - Exiting FXGL
13:21:02.415 [JavaFX Application Thread] DEBUG LoopRunner           - Stopping loop
13:21:02.415 [JavaFX Application Thread] DEBUG SystemBundleService  - Saving FXGL system data
13:21:02.417 [JavaFX Application Thread] DEBUG FileSystemAccess     - Writing to: C:\Users\narro\git\CS4900G2Proj2\Dawnseeker\system\fxgl.bundle
13:21:02.420 [JavaFX Application Thread] DEBUG Async                - Shutting down background threads
13:21:02.420 [JavaFX Application Thread] DEBUG PrimaryStageWindow   - Closing main window
13:21:02.432 [JavaFX Application Thread] DEBUG Logger               - Closing Logger
