19:47:50.346 [main                     ] DEBUG Logger               - Configured Logger
19:47:50.369 [main                     ] DEBUG GameApplication      - Logging settings
Title: Dawnseeker
Version: 0.4
Width: 1920
Height: 1080
Fullscreen: false
Intro: false
Profiling: false
Single step:false
App Mode: DEVELOPER
Menu Key: ESCAPE
Stage Style: DECORATED
Scene Factory: class myGame.DawnseekerApp$1

19:47:50.832 [JavaFX Application Thread] DEBUG FXGLApplication      - Initializing FXGL
19:47:50.836 [JavaFX Application Thread] INFO  Engine               - FXGL-17.2 (20.08.2022 16.50) on WINDOWS (J:19.0.2 FX:18)
19:47:50.837 [JavaFX Application Thread] DEBUG Engine               - JRE Vendor Name: Oracle Corporation
19:47:50.837 [JavaFX Application Thread] DEBUG Engine               - Running on OS: Windows 10 version 10.0
19:47:50.837 [JavaFX Application Thread] DEBUG Engine               - Architecture: amd64
19:47:50.837 [JavaFX Application Thread] INFO  Engine               - Source code and latest versions at: https://github.com/AlmasB/FXGL
19:47:50.837 [JavaFX Application Thread] INFO  Engine               -       Ask questions and discuss at: https://github.com/AlmasB/FXGL/discussions
19:47:50.837 [JavaFX Application Thread] INFO  Engine               -              Join the FXGL chat at: https://gitter.im/AlmasB/FXGL
19:47:50.952 [JavaFX Application Thread] DEBUG PrimaryStageWindow   - Creating a JavaFX scene
19:47:50.999 [JavaFX Application Thread] DEBUG PrimaryStageWindow   - Target settings size: 1920.0 x 1080.0
19:47:50.999 [JavaFX Application Thread] DEBUG PrimaryStageWindow   - Scaled scene size:    1920.0 x 1080.0
19:47:51.000 [JavaFX Application Thread] DEBUG PrimaryStageWindow   - Scaled ratio: (1.0, 1.0)
19:47:51.001 [JavaFX Application Thread] DEBUG PrimaryStageWindow   - Set initial scene to FXGLStartupScene
19:47:51.008 [JavaFX Application Thread] DEBUG PrimaryStageWindow   - Opening main window
19:47:51.108 [JavaFX Application Thread] DEBUG PrimaryStageWindow   - Window border size: (16.0, 39.0)
19:47:51.108 [JavaFX Application Thread] DEBUG PrimaryStageWindow   - Scaled size: 1920.0 x 1080.0
19:47:51.109 [JavaFX Application Thread] DEBUG PrimaryStageWindow   - Scaled ratio: (1.0, 1.0)
19:47:51.109 [JavaFX Application Thread] DEBUG PrimaryStageWindow   - Scene size: 1920.0 x 1080.0
19:47:51.109 [JavaFX Application Thread] DEBUG PrimaryStageWindow   - Stage size: 1936.0 x 1119.0
19:47:51.115 [FXGL Background Thread 1 ] DEBUG Engine               - Initializing environment variables
19:47:51.162 [FXGL Background Thread 1 ] DEBUG FXGLAssetLoaderServi - User app class for loading assets: class myGame.DawnseekerApp
19:47:51.163 [FXGL Background Thread 1 ] DEBUG GameApplicationServi - Applying CSS: fxgl_dark.css
19:47:51.164 [FXGL Background Thread 1 ] DEBUG FXGLAssetLoaderServi - Loading from file system: jar:file:/C:/Users/Morgan%20Johnson/.m2/repository/com/github/almasb/fxgl/17.2/fxgl-17.2.jar!/fxglassets/ui/css/fxgl_dark.css
19:47:51.203 [FXGL Background Thread 1 ] DEBUG GameApplicationServi - Initializing application scenes
19:47:51.238 [FXGL Background Thread 1 ] DEBUG GameWorld            - Game world initialized
19:47:51.297 [FXGL Background Thread 1 ] DEBUG PhysicsWorld         - Physics world initialized: appHeight=1080, physics.ppm=50.0
19:47:51.297 [FXGL Background Thread 1 ] DEBUG PhysicsWorld         - Using strategy: BRUTE_FORCE
19:47:51.307 [FXGL Background Thread 1 ] DEBUG GameScene            - Game scene initialized: 1920x1080
19:47:51.307 [FXGL Background Thread 1 ] DEBUG FXGLAssetLoaderServi - Loading from file system: file:/C:/Games/Schoolwork/Spring%2023/CS4900/DawnseekerWorkspace/CS4900G2Proj2/CS4900G2Proj2/Dawnseeker/target/classes/assets/music/shop.mp3
19:47:51.432 [FXGL Background Thread 1 ] DEBUG AudioPlayer          - Playing music com.almasb.fxgl.audio.Music@6d154138
19:47:51.449 [FXGL Background Thread 1 ] DEBUG FXGLAssetLoaderServi - Loading from file system: file:/C:/Games/Schoolwork/Spring%2023/CS4900/DawnseekerWorkspace/CS4900G2Proj2/CS4900G2Proj2/Dawnseeker/target/classes/assets/textures/bg.png
19:47:51.535 [FXGL Background Thread 1 ] DEBUG FXGL.DefaultMenu     - createMenuBodyGameMenu()
19:47:51.549 [FXGL Background Thread 1 ] DEBUG FXGL.DefaultMenu     - createOptionsMenu()
19:47:51.555 [FXGL Background Thread 1 ] DEBUG FXGLAssetLoaderServi - Loading from file system: jar:file:/C:/Users/Morgan%20Johnson/.m2/repository/com/github/almasb/fxgl/17.2/fxgl-17.2.jar!/fxglassets/textures/particles/smoke.png
19:47:51.633 [FXGL Background Thread 1 ] DEBUG FXGLAssetLoaderServi - Loading from file system: jar:file:/C:/Users/Morgan%20Johnson/.m2/repository/com/github/almasb/fxgl/17.2/fxgl-17.2.jar!/fxglassets/textures/particles/trace_horizontal.png
19:47:51.649 [FXGL Background Thread 1 ] DEBUG GameApplicationServi - Application scenes initialized
19:47:51.663 [FXGL Background Thread 1 ] DEBUG SystemBundleService  - Loading FXGL system data
19:47:51.667 [FXGL Background Thread 1 ] DEBUG FileSystemAccess     - Reading from: C:\Games\Schoolwork\Spring 23\CS4900\DawnseekerWorkspace\CS4900G2Proj2\CS4900G2Proj2\Dawnseeker\system\fxgl.bundle
19:47:51.676 [FXGL Background Thread 1 ] DEBUG SystemBundleService  - Bundle FXGL: {}
19:47:51.677 [FXGL Background Thread 1 ] DEBUG UpdaterService       - Checking for updates
19:47:51.680 [FXGL Background Thread 4 ] DEBUG FXGLApplication      - Loading fonts
19:47:51.681 [FXGL Background Thread 4 ] DEBUG FXGLAssetLoaderServi - Loading from file system: jar:file:/C:/Users/Morgan%20Johnson/.m2/repository/com/github/almasb/fxgl/17.2/fxgl-17.2.jar!/fxglassets/ui/fonts/VarelaRound-Regular.ttf
19:47:51.681 [FXGL Background Thread 1 ] DEBUG FXGLApplication      - Loading default localization
19:47:51.681 [FXGL Background Thread 1 ] DEBUG FXGLAssetLoaderServi - Loading from file system: jar:file:/C:/Users/Morgan%20Johnson/.m2/repository/com/github/almasb/fxgl/17.2/fxgl-17.2.jar!/fxglassets/languages/english.lang
19:47:51.700 [FXGL Background Thread 1 ] INFO  FXGLApplication      - FXGL initialization took: 0.585 sec
19:47:51.707 [JavaFX Application Thread] DEBUG Input                - Registered new binding: action0 - LMB
19:47:51.715 [JavaFX Application Thread] DEBUG Input                - Registered new binding: Up - W
19:47:51.715 [JavaFX Application Thread] DEBUG Input                - Registered new binding: Down - S
19:47:51.715 [JavaFX Application Thread] DEBUG Input                - Registered new binding: Right - D
19:47:51.715 [JavaFX Application Thread] DEBUG Input                - Registered new binding: Left - A
19:47:51.716 [JavaFX Application Thread] DEBUG FXGLAssetLoaderServi - Loading from file system: jar:file:/C:/Users/Morgan%20Johnson/.m2/repository/com/github/almasb/fxgl/17.2/fxgl-17.2.jar!/fxglassets/textures/fxgl_icon.png
19:47:51.732 [JavaFX Application Thread] DEBUG FXGLAssetLoaderServi - Loading from file system: jar:file:/C:/Users/Morgan%20Johnson/.m2/repository/com/github/almasb/fxgl/17.2/fxgl-17.2.jar!/fxglassets/textures/fxgl_default_cursor.png
19:47:51.735 [JavaFX Application Thread] DEBUG Input                - Registered new binding: Screenshot - CTRL+8
19:47:51.736 [JavaFX Application Thread] DEBUG Input                - Registered new binding: System info dump - CTRL+9
19:47:51.736 [JavaFX Application Thread] DEBUG Input                - Registered new binding: Restart - CTRL+R
19:47:51.737 [JavaFX Application Thread] DEBUG Input                - Registered new binding: Toggle Debug Camera - CTRL+7
19:47:51.739 [JavaFX Application Thread] DEBUG LoopRunner           - Starting loop
19:47:51.739 [JavaFX Application Thread] DEBUG LoopRunner           - Initializing JavaFX AnimationTimerLoop
19:47:51.743 [JavaFX Application Thread] DEBUG Input                - Clearing active input actions
19:47:51.753 [JavaFX Application Thread] DEBUG GameApplicationServi - Removing overlay from FXGLStartupScene and adding to FXGLMainMenuDummyScene
19:47:51.754 [JavaFX Application Thread] DEBUG PrimaryStageWindow   - FXGLStartupScene -> FXGLMainMenuDummyScene
19:47:51.754 [JavaFX Application Thread] DEBUG PrimaryStageWindow   - Push state: DawnseekerMenu
19:47:51.754 [JavaFX Application Thread] DEBUG Input                - Clearing active input actions
19:47:51.760 [JavaFX Application Thread] DEBUG GameApplicationServi - Removing overlay from FXGLMainMenuDummyScene and adding to DawnseekerMenu
19:47:51.760 [JavaFX Application Thread] DEBUG PrimaryStageWindow   - FXGLMainMenuDummyScene -> DawnseekerMenu
19:47:51.780 [FXGL Background Thread 4 ] DEBUG FXGLAssetLoaderServi - Loading from file system: jar:file:/C:/Users/Morgan%20Johnson/.m2/repository/com/github/almasb/fxgl/17.2/fxgl-17.2.jar!/fxglassets/ui/fonts/Abel-Regular.ttf
19:47:51.785 [FXGL Background Thread 4 ] DEBUG FXGLAssetLoaderServi - Loading from file system: jar:file:/C:/Users/Morgan%20Johnson/.m2/repository/com/github/almasb/fxgl/17.2/fxgl-17.2.jar!/fxglassets/ui/fonts/TerminalLandMono-Regular.otf
19:47:51.790 [FXGL Background Thread 4 ] DEBUG FXGLAssetLoaderServi - Loading from file system: jar:file:/C:/Users/Morgan%20Johnson/.m2/repository/com/github/almasb/fxgl/17.2/fxgl-17.2.jar!/fxglassets/ui/fonts/Courier-Prime.ttf
19:47:51.798 [JavaFX Application Thread] DEBUG FXGLApplication      - Registering font factories with UI factory
19:47:52.066 [FXGL Background Thread 2 ] INFO  UpdaterService       - Your current version:  17.2
19:47:52.066 [FXGL Background Thread 2 ] INFO  UpdaterService       - Latest stable version: 17.3
19:47:52.727 [JavaFX Application Thread] DEBUG Menu                 - fireNewGame()
19:47:52.728 [JavaFX Application Thread] DEBUG GameApplicationServi - Starting new game
19:47:52.728 [JavaFX Application Thread] DEBUG PrimaryStageWindow   - Pop state: DawnseekerMenu
19:47:52.728 [JavaFX Application Thread] DEBUG Input                - Clearing active input actions
19:47:52.728 [JavaFX Application Thread] DEBUG GameApplicationServi - Removing overlay from DawnseekerMenu and adding to FXGLMainMenuDummyScene
19:47:52.729 [JavaFX Application Thread] DEBUG PrimaryStageWindow   - FXGLMainMenuDummyScene <- DawnseekerMenu
19:47:52.729 [JavaFX Application Thread] DEBUG Input                - Clearing active input actions
19:47:52.734 [JavaFX Application Thread] DEBUG GameApplicationServi - Removing overlay from FXGLMainMenuDummyScene and adding to FXGLLoadingScene
19:47:52.734 [JavaFX Application Thread] DEBUG PrimaryStageWindow   - FXGLMainMenuDummyScene -> FXGLLoadingScene
19:47:52.734 [JavaFX Application Thread] DEBUG GameApplicationServi - Clearing previous game
19:47:52.734 [JavaFX Application Thread] DEBUG GameScene            - Clearing game scene
19:47:52.735 [JavaFX Application Thread] DEBUG GameWorld            - Clearing game world
19:47:52.735 [JavaFX Application Thread] DEBUG PhysicsWorld         - Clearing physics world
19:47:52.736 [FXGL Background Thread 2 ] DEBUG FXGLApplication      - Initializing game
19:47:52.740 [FXGL Background Thread 2 ] DEBUG AudioPlayer          - Stopping music com.almasb.fxgl.audio.Music@6d154138
19:47:52.741 [FXGL Background Thread 2 ] DEBUG FXGLAssetLoaderServi - Loading from file system: file:/C:/Games/Schoolwork/Spring%2023/CS4900/DawnseekerWorkspace/CS4900G2Proj2/CS4900G2Proj2/Dawnseeker/target/classes/assets/music/heartache.mp3
19:47:52.744 [FXGL Background Thread 2 ] DEBUG AudioPlayer          - Playing music com.almasb.fxgl.audio.Music@bf81043
19:47:52.758 [FXGL Background Thread 2 ] DEBUG FXGLAssetLoaderServi - Loading from file system: file:/C:/Games/Schoolwork/Spring%2023/CS4900/DawnseekerWorkspace/CS4900G2Proj2/CS4900G2Proj2/Dawnseeker/target/classes/assets/textures/DawnseekerPCV2.png
19:47:52.761 [FXGL Background Thread 2 ] DEBUG FXGLAssetLoaderServi - Loading from file system: file:/C:/Games/Schoolwork/Spring%2023/CS4900/DawnseekerWorkspace/CS4900G2Proj2/CS4900G2Proj2/Dawnseeker/target/classes/assets/textures/DawnseekerPCV2Down.png
19:47:52.763 [FXGL Background Thread 2 ] DEBUG FXGLAssetLoaderServi - Loading from file system: file:/C:/Games/Schoolwork/Spring%2023/CS4900/DawnseekerWorkspace/CS4900G2Proj2/CS4900G2Proj2/Dawnseeker/target/classes/assets/textures/DawnseekerPCV2Up.png
19:47:52.766 [FXGL Background Thread 2 ] DEBUG FXGLAssetLoaderServi - Loading from file system: file:/C:/Games/Schoolwork/Spring%2023/CS4900/DawnseekerWorkspace/CS4900G2Proj2/CS4900G2Proj2/Dawnseeker/target/classes/assets/textures/DawnseekerPCV2Right.png
19:47:52.768 [FXGL Background Thread 2 ] DEBUG FXGLAssetLoaderServi - Loading from file system: file:/C:/Games/Schoolwork/Spring%2023/CS4900/DawnseekerWorkspace/CS4900G2Proj2/CS4900G2Proj2/Dawnseeker/target/classes/assets/textures/DawnseekerPCV2Left.png
19:47:52.781 [FXGL Background Thread 2 ] WARN  GameWorld            - Entity is already attached to world
19:47:52.782 [FXGL Background Thread 2 ] DEBUG FXGLAssetLoaderServi - Loading from file system: file:/C:/Games/Schoolwork/Spring%2023/CS4900/DawnseekerWorkspace/CS4900G2Proj2/CS4900G2Proj2/Dawnseeker/target/classes/assets/textures/Rock1.png
19:47:52.783 [FXGL Background Thread 2 ] WARN  Entity               - Entity already has component: com.almasb.fxgl.entity.components.CollidableComponent
19:47:52.783 [FXGL Background Thread 2 ] WARN  GameWorld            - Entity is already attached to world
19:47:52.784 [FXGL Background Thread 2 ] DEBUG FXGLAssetLoaderServi - Loading from file system: file:/C:/Games/Schoolwork/Spring%2023/CS4900/DawnseekerWorkspace/CS4900G2Proj2/CS4900G2Proj2/Dawnseeker/target/classes/assets/textures/Rock2.png
19:47:52.784 [FXGL Background Thread 2 ] WARN  Entity               - Entity already has component: com.almasb.fxgl.entity.components.CollidableComponent
19:47:52.785 [FXGL Background Thread 2 ] WARN  GameWorld            - Entity is already attached to world
19:47:52.785 [FXGL Background Thread 2 ] DEBUG FXGLAssetLoaderServi - Loading from file system: file:/C:/Games/Schoolwork/Spring%2023/CS4900/DawnseekerWorkspace/CS4900G2Proj2/CS4900G2Proj2/Dawnseeker/target/classes/assets/textures/BigRock1.png
19:47:52.786 [FXGL Background Thread 2 ] WARN  Entity               - Entity already has component: com.almasb.fxgl.entity.components.CollidableComponent
19:47:52.787 [FXGL Background Thread 2 ] WARN  GameWorld            - Entity is already attached to world
19:47:52.788 [FXGL Background Thread 2 ] WARN  GameWorld            - Entity is already attached to world
19:47:52.788 [FXGL Background Thread 2 ] WARN  GameWorld            - Entity is already attached to world
19:47:52.802 [FXGL Background Thread 2 ] INFO  FXGLApplication      - Game initialization took: 0.066 sec
19:47:52.807 [JavaFX Application Thread] DEBUG Input                - Clearing active input actions
19:47:52.816 [JavaFX Application Thread] DEBUG GameApplicationServi - Removing overlay from FXGLLoadingScene and adding to GameScene
19:47:52.816 [JavaFX Application Thread] DEBUG PrimaryStageWindow   - FXGLLoadingScene -> GameScene
19:47:53.457 [JavaFX Application Thread] DEBUG FXGLAssetLoaderServi - Loading from file system: file:/C:/Games/Schoolwork/Spring%2023/CS4900/DawnseekerWorkspace/CS4900G2Proj2/CS4900G2Proj2/Dawnseeker/target/classes/assets/sounds/magic_missile.wav
19:47:53.464 [JavaFX Application Thread] DEBUG FXGLAssetLoaderServi - Loading from file system: file:/C:/Games/Schoolwork/Spring%2023/CS4900/DawnseekerWorkspace/CS4900G2Proj2/CS4900G2Proj2/Dawnseeker/target/classes/assets/textures/Fireball.gif
19:47:53.663 [JavaFX Application Thread] DEBUG FXGLAssetLoaderServi - Loading from file system: file:/C:/Games/Schoolwork/Spring%2023/CS4900/DawnseekerWorkspace/CS4900G2Proj2/CS4900G2Proj2/Dawnseeker/target/classes/assets/textures/Skull.gif
19:47:53.667 [JavaFX Application Thread] DEBUG FXGLAssetLoaderServi - Loading from file system: file:/C:/Games/Schoolwork/Spring%2023/CS4900/DawnseekerWorkspace/CS4900G2Proj2/CS4900G2Proj2/Dawnseeker/target/classes/assets/textures/Ghost.gif
19:47:54.680 [FXGL Background Thread 3 ] DEBUG Engine               - Logging environment variables
19:47:54.680 [FXGL Background Thread 3 ] DEBUG Engine               - achievements: []
19:47:54.680 [FXGL Background Thread 3 ] DEBUG Engine               - actualHeight: 1080.0
19:47:54.680 [FXGL Background Thread 3 ] DEBUG Engine               - actualHeightProperty: ReadOnlyDoubleProperty [value: 1080.0]
19:47:54.680 [FXGL Background Thread 3 ] DEBUG Engine               - actualWidth: 1920.0
19:47:54.680 [FXGL Background Thread 3 ] DEBUG Engine               - actualWidthProperty: ReadOnlyDoubleProperty [value: 1920.0]
19:47:54.680 [FXGL Background Thread 3 ] DEBUG Engine               - appIcon: fxgl_icon.png
19:47:54.680 [FXGL Background Thread 3 ] DEBUG Engine               - applicationMode: DEVELOPER
19:47:54.680 [FXGL Background Thread 3 ] DEBUG Engine               - cSSList: [fxgl_dark.css]
19:47:54.680 [FXGL Background Thread 3 ] DEBUG Engine               - collisionDetectionStrategy: BRUTE_FORCE
19:47:54.681 [FXGL Background Thread 3 ] DEBUG Engine               - configClass: Optional.empty
19:47:54.681 [FXGL Background Thread 3 ] DEBUG Engine               - credits: []
19:47:54.681 [FXGL Background Thread 3 ] DEBUG Engine               - defaultCursor: CursorInfo(imageName=fxgl_default_cursor.png, hotspotX=7.0, hotspotY=6.0)
19:47:54.681 [FXGL Background Thread 3 ] DEBUG Engine               - devBBoxColorProperty: ObjectProperty [value: 0xff0000ff]
19:47:54.681 [FXGL Background Thread 3 ] DEBUG Engine               - devEnableDebugCameraProperty: BooleanProperty [value: false]
19:47:54.681 [FXGL Background Thread 3 ] DEBUG Engine               - devSensorColorProperty: ObjectProperty [value: 0xffff00ff]
19:47:54.681 [FXGL Background Thread 3 ] DEBUG Engine               - devShowBBoxProperty: BooleanProperty [value: false]
19:47:54.681 [FXGL Background Thread 3 ] DEBUG Engine               - devShowPositionProperty: BooleanProperty [value: false]
19:47:54.681 [FXGL Background Thread 3 ] DEBUG Engine               - enabledMenuItems: []
19:47:54.681 [FXGL Background Thread 3 ] DEBUG Engine               - engineServices: [class com.almasb.fxgl.app.services.FXGLAssetLoaderService, class com.almasb.fxgl.app.FXGLApplication$GameApplicationService, class com.almasb.fxgl.app.services.FXGLDialogService, class com.almasb.fxgl.app.services.IOTaskExecutorService, class com.almasb.fxgl.io.FileSystemService, class com.almasb.fxgl.localization.LocalizationService, class com.almasb.fxgl.app.services.SystemBundleService, class com.almasb.fxgl.profile.SaveLoadService, class com.almasb.fxgl.ui.FXGLUIFactoryServiceProvider, class com.almasb.fxgl.ui.FXGLDialogFactoryServiceProvider, class com.almasb.fxgl.audio.AudioPlayer, class com.almasb.fxgl.notification.impl.NotificationServiceProvider, class com.almasb.fxgl.achievement.AchievementService, class com.almasb.fxgl.cutscene.CutsceneService, class com.almasb.fxgl.minigames.MiniGameService, class com.almasb.fxgl.net.NetService, class com.almasb.fxgl.app.services.UpdaterService, class com.almasb.fxgl.dev.DevService]
19:47:54.681 [FXGL Background Thread 3 ] DEBUG Engine               - fontGame: Abel-Regular.ttf
19:47:54.681 [FXGL Background Thread 3 ] DEBUG Engine               - fontMono: TerminalLandMono-Regular.otf
19:47:54.681 [FXGL Background Thread 3 ] DEBUG Engine               - fontText: Courier-Prime.ttf
19:47:54.681 [FXGL Background Thread 3 ] DEBUG Engine               - fontUI: VarelaRound-Regular.ttf
19:47:54.681 [FXGL Background Thread 3 ] DEBUG Engine               - fullScreen: BooleanProperty [value: false]
19:47:54.682 [FXGL Background Thread 3 ] DEBUG Engine               - gameDifficulty: MEDIUM
19:47:54.682 [FXGL Background Thread 3 ] DEBUG Engine               - gameDifficultyProperty: ObjectProperty [value: MEDIUM]
19:47:54.682 [FXGL Background Thread 3 ] DEBUG Engine               - globalMusicVolume: 0.5
19:47:54.682 [FXGL Background Thread 3 ] DEBUG Engine               - globalMusicVolumeProperty: DoubleProperty [value: 0.5]
19:47:54.682 [FXGL Background Thread 3 ] DEBUG Engine               - globalSoundVolume: 0.5
19:47:54.682 [FXGL Background Thread 3 ] DEBUG Engine               - globalSoundVolumeProperty: DoubleProperty [value: 0.5]
19:47:54.682 [FXGL Background Thread 3 ] DEBUG Engine               - height: 1080
19:47:54.682 [FXGL Background Thread 3 ] DEBUG Engine               - is3D: false
19:47:54.682 [FXGL Background Thread 3 ] DEBUG Engine               - isAndroid: false
19:47:54.682 [FXGL Background Thread 3 ] DEBUG Engine               - isBrowser: false
19:47:54.682 [FXGL Background Thread 3 ] DEBUG Engine               - isClickFeedbackEnabled: false
19:47:54.682 [FXGL Background Thread 3 ] DEBUG Engine               - isCloseConfirmation: false
19:47:54.682 [FXGL Background Thread 3 ] DEBUG Engine               - isDesktop: true
19:47:54.682 [FXGL Background Thread 3 ] DEBUG Engine               - isDeveloperMenuEnabled: false
19:47:54.682 [FXGL Background Thread 3 ] DEBUG Engine               - isEmbedded: false
19:47:54.682 [FXGL Background Thread 3 ] DEBUG Engine               - isEntityPreloadEnabled: true
19:47:54.682 [FXGL Background Thread 3 ] DEBUG Engine               - isExperimentalTiledLargeMap: false
19:47:54.682 [FXGL Background Thread 3 ] DEBUG Engine               - isFileSystemWriteAllowed: true
19:47:54.682 [FXGL Background Thread 3 ] DEBUG Engine               - isFullScreenAllowed: false
19:47:54.682 [FXGL Background Thread 3 ] DEBUG Engine               - isFullScreenFromStart: false
19:47:54.682 [FXGL Background Thread 3 ] DEBUG Engine               - isGameMenuEnabled: true
19:47:54.682 [FXGL Background Thread 3 ] DEBUG Engine               - isIOS: false
19:47:54.682 [FXGL Background Thread 3 ] DEBUG Engine               - isIntroEnabled: false
19:47:54.682 [FXGL Background Thread 3 ] DEBUG Engine               - isLinux: false
19:47:54.682 [FXGL Background Thread 3 ] DEBUG Engine               - isMac: false
19:47:54.682 [FXGL Background Thread 3 ] DEBUG Engine               - isMainMenuEnabled: true
19:47:54.682 [FXGL Background Thread 3 ] DEBUG Engine               - isManualResizeEnabled: false
19:47:54.682 [FXGL Background Thread 3 ] DEBUG Engine               - isMobile: false
19:47:54.682 [FXGL Background Thread 3 ] DEBUG Engine               - isNative: false
19:47:54.682 [FXGL Background Thread 3 ] DEBUG Engine               - isPauseMusicWhenMinimized: true
19:47:54.682 [FXGL Background Thread 3 ] DEBUG Engine               - isPreserveResizeRatio: false
19:47:54.683 [FXGL Background Thread 3 ] DEBUG Engine               - isProfilingEnabled: false
19:47:54.683 [FXGL Background Thread 3 ] DEBUG Engine               - isScaleAffectedOnResize: true
19:47:54.683 [FXGL Background Thread 3 ] DEBUG Engine               - isSingleStep: false
19:47:54.683 [FXGL Background Thread 3 ] DEBUG Engine               - isUserProfileEnabled: false
19:47:54.683 [FXGL Background Thread 3 ] DEBUG Engine               - isWindows: true
19:47:54.683 [FXGL Background Thread 3 ] DEBUG Engine               - language: ObjectProperty [value: ENGLISH]
19:47:54.683 [FXGL Background Thread 3 ] DEBUG Engine               - menuKey: ESCAPE
19:47:54.683 [FXGL Background Thread 3 ] DEBUG Engine               - mouseSensitivity: 0.2
19:47:54.683 [FXGL Background Thread 3 ] DEBUG Engine               - notificationViewClass: class com.almasb.fxgl.notification.view.XboxNotificationView
19:47:54.683 [FXGL Background Thread 3 ] DEBUG Engine               - pixelsPerMeter: 50.0
19:47:54.683 [FXGL Background Thread 3 ] DEBUG Engine               - platform: WINDOWS
19:47:54.683 [FXGL Background Thread 3 ] DEBUG Engine               - prefHeightProperty: ReadOnlyDoubleProperty [value: 1080.0]
19:47:54.683 [FXGL Background Thread 3 ] DEBUG Engine               - prefWidthProperty: ReadOnlyDoubleProperty [value: 1920.0]
19:47:54.683 [FXGL Background Thread 3 ] DEBUG Engine               - profileDir: profiles/
19:47:54.683 [FXGL Background Thread 3 ] DEBUG Engine               - profileName: StringProperty [value: DEFAULT]
19:47:54.683 [FXGL Background Thread 3 ] DEBUG Engine               - randomSeed: -1
19:47:54.683 [FXGL Background Thread 3 ] DEBUG Engine               - runtimeInfo: RuntimeInfo(platform=WINDOWS, version=17.2, build=20.08.2022 16.50)
19:47:54.683 [FXGL Background Thread 3 ] DEBUG Engine               - saveFileExt: sav
19:47:54.683 [FXGL Background Thread 3 ] DEBUG Engine               - scaledHeightProp$fxgl: DoubleProperty [bound, value: 1080.0]
19:47:54.683 [FXGL Background Thread 3 ] DEBUG Engine               - scaledWidthProp$fxgl: DoubleProperty [bound, value: 1920.0]
19:47:54.683 [FXGL Background Thread 3 ] DEBUG Engine               - sceneFactory: myGame.DawnseekerApp$1@70db630d
19:47:54.683 [FXGL Background Thread 3 ] DEBUG Engine               - secondsIn24h: 60
19:47:54.683 [FXGL Background Thread 3 ] DEBUG Engine               - soundMenuBack: menu/back.wav
19:47:54.683 [FXGL Background Thread 3 ] DEBUG Engine               - soundMenuPress: menu/press.wav
19:47:54.683 [FXGL Background Thread 3 ] DEBUG Engine               - soundMenuSelect: menu/select.wav
19:47:54.683 [FXGL Background Thread 3 ] DEBUG Engine               - soundNotification: core/notification.wav
19:47:54.684 [FXGL Background Thread 3 ] DEBUG Engine               - stageStyle: DECORATED
19:47:54.684 [FXGL Background Thread 3 ] DEBUG Engine               - supportedLanguages: [ENGLISH, FRENCH, GERMAN, HUNGARIAN, RUSSIAN]
19:47:54.684 [FXGL Background Thread 3 ] DEBUG Engine               - ticksPerSecond: -1
19:47:54.684 [FXGL Background Thread 3 ] DEBUG Engine               - title: Dawnseeker
19:47:54.684 [FXGL Background Thread 3 ] DEBUG Engine               - urlGithub: https://github.com/AlmasB/FXGL
19:47:54.684 [FXGL Background Thread 3 ] DEBUG Engine               - urlLeaderboard: http://fxgl-top.herokuapp.com/
19:47:54.684 [FXGL Background Thread 3 ] DEBUG Engine               - urlPOM: https://raw.githubusercontent.com/AlmasB/FXGL/release/README.md
19:47:54.684 [FXGL Background Thread 3 ] DEBUG Engine               - userAppClass: class myGame.DawnseekerApp
19:47:54.684 [FXGL Background Thread 3 ] DEBUG Engine               - version: 0.4
19:47:54.684 [FXGL Background Thread 3 ] DEBUG Engine               - versionCheckDays: 7
19:47:54.684 [FXGL Background Thread 3 ] DEBUG Engine               - width: 1920
19:47:54.684 [FXGL Background Thread 3 ] DEBUG Engine               - Logging services
19:47:54.684 [FXGL Background Thread 3 ] DEBUG Engine               - class com.almasb.fxgl.app.services.FXGLAssetLoaderService
19:47:54.684 [FXGL Background Thread 3 ] DEBUG Engine               - class com.almasb.fxgl.app.FXGLApplication$GameApplicationService
19:47:54.684 [FXGL Background Thread 3 ] DEBUG Engine               - class com.almasb.fxgl.app.services.FXGLDialogService
19:47:54.684 [FXGL Background Thread 3 ] DEBUG Engine               - class com.almasb.fxgl.app.services.IOTaskExecutorService
19:47:54.684 [FXGL Background Thread 3 ] DEBUG Engine               - class com.almasb.fxgl.io.FileSystemService
19:47:54.684 [FXGL Background Thread 3 ] DEBUG Engine               - class com.almasb.fxgl.localization.LocalizationService
19:47:54.684 [FXGL Background Thread 3 ] DEBUG Engine               - class com.almasb.fxgl.app.services.SystemBundleService
19:47:54.684 [FXGL Background Thread 3 ] DEBUG Engine               - class com.almasb.fxgl.profile.SaveLoadService
19:47:54.684 [FXGL Background Thread 3 ] DEBUG Engine               - class com.almasb.fxgl.ui.FXGLUIFactoryServiceProvider
19:47:54.684 [FXGL Background Thread 3 ] DEBUG Engine               - class com.almasb.fxgl.ui.FXGLDialogFactoryServiceProvider
19:47:54.684 [FXGL Background Thread 3 ] DEBUG Engine               - class com.almasb.fxgl.audio.AudioPlayer
19:47:54.684 [FXGL Background Thread 3 ] DEBUG Engine               - class com.almasb.fxgl.notification.impl.NotificationServiceProvider
19:47:54.684 [FXGL Background Thread 3 ] DEBUG Engine               - class com.almasb.fxgl.achievement.AchievementService
19:47:54.684 [FXGL Background Thread 3 ] DEBUG Engine               - class com.almasb.fxgl.cutscene.CutsceneService
19:47:54.684 [FXGL Background Thread 3 ] DEBUG Engine               - class com.almasb.fxgl.minigames.MiniGameService
19:47:54.684 [FXGL Background Thread 3 ] DEBUG Engine               - class com.almasb.fxgl.net.NetService
19:47:54.684 [FXGL Background Thread 3 ] DEBUG Engine               - class com.almasb.fxgl.app.services.UpdaterService
19:47:54.684 [FXGL Background Thread 3 ] DEBUG Engine               - class com.almasb.fxgl.dev.DevService
19:47:55.680 [JavaFX Application Thread] WARN  GameWorld            - Attempted to remove entity which is not active
19:47:55.681 [JavaFX Application Thread] DEBUG FXGLAssetLoaderServi - Loading from file system: file:/C:/Games/Schoolwork/Spring%2023/CS4900/DawnseekerWorkspace/CS4900G2Proj2/CS4900G2Proj2/Dawnseeker/target/classes/assets/textures/Coin.gif
19:47:55.683 [JavaFX Application Thread] DEBUG FXGLAssetLoaderServi - Loading from file system: file:/C:/Games/Schoolwork/Spring%2023/CS4900/DawnseekerWorkspace/CS4900G2Proj2/CS4900G2Proj2/Dawnseeker/target/classes/assets/sounds/bong.wav
19:47:56.400 [JavaFX Application Thread] WARN  GameWorld            - Attempted to remove entity which is not active
19:47:56.816 [JavaFX Application Thread] WARN  GameWorld            - Attempted to remove entity which is not active
19:47:58.317 [JavaFX Application Thread] WARN  GameWorld            - Attempted to remove entity which is not active
19:47:58.318 [JavaFX Application Thread] DEBUG FXGLAssetLoaderServi - Loading from file system: file:/C:/Games/Schoolwork/Spring%2023/CS4900/DawnseekerWorkspace/CS4900G2Proj2/CS4900G2Proj2/Dawnseeker/target/classes/assets/textures/PowerPotion.gif
19:47:58.704 [JavaFX Application Thread] WARN  GameWorld            - Attempted to remove entity which is not active
19:47:58.912 [JavaFX Application Thread] WARN  GameWorld            - Attempted to remove entity which is not active
19:47:59.408 [JavaFX Application Thread] WARN  GameWorld            - Attempted to remove entity which is not active
19:48:00.736 [JavaFX Application Thread] WARN  GameWorld            - Attempted to remove entity which is not active
19:48:01.296 [JavaFX Application Thread] DEBUG FXGLAssetLoaderServi - Loading from file system: file:/C:/Games/Schoolwork/Spring%2023/CS4900/DawnseekerWorkspace/CS4900G2Proj2/CS4900G2Proj2/Dawnseeker/target/classes/assets/sounds/coin_pickup.wav
19:48:01.439 [JavaFX Application Thread] WARN  GameWorld            - Attempted to remove entity which is not active
19:48:01.728 [JavaFX Application Thread] WARN  GameWorld            - Attempted to remove entity which is not active
19:48:03.440 [JavaFX Application Thread] WARN  GameWorld            - Attempted to remove entity which is not active
19:48:04.304 [JavaFX Application Thread] WARN  GameWorld            - Attempted to remove entity which is not active
19:48:04.305 [JavaFX Application Thread] DEBUG FXGLAssetLoaderServi - Loading from file system: file:/C:/Games/Schoolwork/Spring%2023/CS4900/DawnseekerWorkspace/CS4900G2Proj2/CS4900G2Proj2/Dawnseeker/target/classes/assets/textures/HealthPotion.gif
19:48:05.295 [JavaFX Application Thread] WARN  GameWorld            - Attempted to remove entity which is not active
19:48:05.776 [JavaFX Application Thread] WARN  GameWorld            - Attempted to remove entity which is not active
19:48:05.936 [JavaFX Application Thread] WARN  GameWorld            - Attempted to remove entity which is not active
19:48:06.160 [JavaFX Application Thread] WARN  GameWorld            - Attempted to remove entity which is not active
19:48:06.256 [JavaFX Application Thread] WARN  GameWorld            - Attempted to remove entity which is not active
19:48:06.624 [JavaFX Application Thread] WARN  GameWorld            - Attempted to remove entity which is not active
19:48:06.784 [JavaFX Application Thread] WARN  GameWorld            - Attempted to remove entity which is not active
19:48:07.840 [JavaFX Application Thread] WARN  GameWorld            - Attempted to remove entity which is not active
19:48:08.224 [JavaFX Application Thread] WARN  GameWorld            - Attempted to remove entity which is not active
19:48:08.576 [JavaFX Application Thread] WARN  GameWorld            - Attempted to remove entity which is not active
19:48:09.696 [JavaFX Application Thread] WARN  GameWorld            - Attempted to remove entity which is not active
19:48:10.496 [JavaFX Application Thread] WARN  GameWorld            - Attempted to remove entity which is not active
19:48:11.247 [JavaFX Application Thread] WARN  GameWorld            - Attempted to remove entity which is not active
19:48:11.457 [JavaFX Application Thread] WARN  GameWorld            - Attempted to remove entity which is not active
19:48:13.870 [JavaFX Application Thread] WARN  GameWorld            - Attempted to remove entity which is not active
19:48:14.448 [JavaFX Application Thread] WARN  GameWorld            - Attempted to remove entity which is not active
19:48:14.545 [JavaFX Application Thread] DEBUG FXGLAssetLoaderServi - Loading from file system: file:/C:/Games/Schoolwork/Spring%2023/CS4900/DawnseekerWorkspace/CS4900G2Proj2/CS4900G2Proj2/Dawnseeker/target/classes/assets/sounds/player_oof.wav
19:48:15.264 [JavaFX Application Thread] WARN  GameWorld            - Attempted to remove entity which is not active
19:48:16.514 [JavaFX Application Thread] DEBUG FXGLAssetLoaderServi - Loading from file system: file:/C:/Games/Schoolwork/Spring%2023/CS4900/DawnseekerWorkspace/CS4900G2Proj2/CS4900G2Proj2/Dawnseeker/target/classes/assets/sounds/yoda_death.wav
19:48:16.517 [JavaFX Application Thread] DEBUG AudioPlayer          - Stopping music com.almasb.fxgl.audio.Music@6d154138
19:48:16.517 [JavaFX Application Thread] DEBUG AudioPlayer          - Stopping music com.almasb.fxgl.audio.Music@bf81043
19:48:16.518 [JavaFX Application Thread] DEBUG Input                - Clearing active input actions
19:48:16.521 [JavaFX Application Thread] DEBUG GameApplicationServi - Removing overlay from GameScene and adding to FXGLMainMenuDummyScene
19:48:16.522 [JavaFX Application Thread] DEBUG PrimaryStageWindow   - GameScene -> FXGLMainMenuDummyScene
19:48:16.522 [JavaFX Application Thread] DEBUG PrimaryStageWindow   - Push state: DawnseekerMenu
19:48:16.522 [JavaFX Application Thread] DEBUG Input                - Clearing active input actions
19:48:16.522 [JavaFX Application Thread] DEBUG GameApplicationServi - Removing overlay from FXGLMainMenuDummyScene and adding to DawnseekerMenu
19:48:16.522 [JavaFX Application Thread] DEBUG PrimaryStageWindow   - FXGLMainMenuDummyScene -> DawnseekerMenu
19:48:16.522 [JavaFX Application Thread] DEBUG AudioPlayer          - Playing music com.almasb.fxgl.audio.Music@6d154138
19:48:17.809 [JavaFX Application Thread] DEBUG Menu                 - fireExit()
19:48:17.810 [JavaFX Application Thread] DEBUG PrimaryStageWindow   - Push state: DialogSubScene
19:48:17.810 [JavaFX Application Thread] DEBUG Input                - Clearing active input actions
19:48:17.810 [JavaFX Application Thread] DEBUG GameApplicationServi - Removing overlay from DawnseekerMenu and adding to DialogSubScene
19:48:17.810 [JavaFX Application Thread] DEBUG PrimaryStageWindow   - DawnseekerMenu -> DialogSubScene
19:48:18.498 [JavaFX Application Thread] DEBUG PrimaryStageWindow   - Pop state: DialogSubScene
19:48:18.498 [JavaFX Application Thread] DEBUG Input                - Clearing active input actions
19:48:18.498 [JavaFX Application Thread] DEBUG GameApplicationServi - Removing overlay from DialogSubScene and adding to DawnseekerMenu
19:48:18.498 [JavaFX Application Thread] DEBUG PrimaryStageWindow   - DawnseekerMenu <- DialogSubScene
19:48:18.498 [JavaFX Application Thread] DEBUG FXGLApplication      - Exiting FXGL
19:48:18.498 [JavaFX Application Thread] DEBUG LoopRunner           - Stopping loop
19:48:18.498 [JavaFX Application Thread] DEBUG SystemBundleService  - Saving FXGL system data
19:48:18.500 [JavaFX Application Thread] DEBUG FileSystemAccess     - Writing to: C:\Games\Schoolwork\Spring 23\CS4900\DawnseekerWorkspace\CS4900G2Proj2\CS4900G2Proj2\Dawnseeker\system\fxgl.bundle
19:48:18.501 [JavaFX Application Thread] DEBUG Async                - Shutting down background threads
19:48:18.502 [JavaFX Application Thread] DEBUG PrimaryStageWindow   - Closing main window
19:48:18.514 [JavaFX Application Thread] DEBUG Logger               - Closing Logger
