20:17:52.653 [main                     ] DEBUG Logger               - Configured Logger
20:17:52.677 [main                     ] DEBUG GameApplication      - Logging settings
Title: Dawnseeker
Version: 0.2
Width: 1024
Height: 1024
Fullscreen: false
Intro: false
Profiling: false
Single step:false
App Mode: DEVELOPER
Menu Key: ESCAPE
Stage Style: DECORATED
Scene Factory: class com.almasb.fxgl.app.scene.SceneFactory

20:17:53.052 [JavaFX Application Thread] DEBUG FXGLApplication      - Initializing FXGL
20:17:53.056 [JavaFX Application Thread] INFO  Engine               - FXGL-17.2 (20.08.2022 16.50) on WINDOWS (J:19.0.2 FX:18)
20:17:53.057 [JavaFX Application Thread] DEBUG Engine               - JRE Vendor Name: Oracle Corporation
20:17:53.057 [JavaFX Application Thread] DEBUG Engine               - Running on OS: Windows 10 version 10.0
20:17:53.057 [JavaFX Application Thread] DEBUG Engine               - Architecture: amd64
20:17:53.057 [JavaFX Application Thread] INFO  Engine               - Source code and latest versions at: https://github.com/AlmasB/FXGL
20:17:53.057 [JavaFX Application Thread] INFO  Engine               -       Ask questions and discuss at: https://github.com/AlmasB/FXGL/discussions
20:17:53.057 [JavaFX Application Thread] INFO  Engine               -              Join the FXGL chat at: https://gitter.im/AlmasB/FXGL
20:17:53.179 [JavaFX Application Thread] DEBUG PrimaryStageWindow   - Creating a JavaFX scene
20:17:53.179 [JavaFX Application Thread] DEBUG PrimaryStageWindow   - Target size > screen size
20:17:53.223 [JavaFX Application Thread] DEBUG PrimaryStageWindow   - Target settings size: 1024.0 x 1024.0
20:17:53.223 [JavaFX Application Thread] DEBUG PrimaryStageWindow   - Scaled scene size:    799.0 x 824.0
20:17:53.225 [JavaFX Application Thread] DEBUG PrimaryStageWindow   - Scaled ratio: (0.7802734375, 0.8046875)
20:17:53.226 [JavaFX Application Thread] DEBUG PrimaryStageWindow   - Set initial scene to FXGLStartupScene
20:17:53.232 [JavaFX Application Thread] DEBUG PrimaryStageWindow   - Opening main window
20:17:53.334 [JavaFX Application Thread] DEBUG PrimaryStageWindow   - Window border size: (14.5999755859375, 37.5999755859375)
20:17:53.334 [JavaFX Application Thread] DEBUG PrimaryStageWindow   - Scaled size: 799.0 x 824.0
20:17:53.335 [JavaFX Application Thread] DEBUG PrimaryStageWindow   - Scaled ratio: (0.7802734375, 0.8046875)
20:17:53.335 [JavaFX Application Thread] DEBUG PrimaryStageWindow   - Scene size: 799.0 x 824.0
20:17:53.335 [JavaFX Application Thread] DEBUG PrimaryStageWindow   - Stage size: 813.5999755859375 x 861.5999755859375
20:17:53.346 [FXGL Background Thread 1 ] DEBUG Engine               - Initializing environment variables
20:17:53.417 [FXGL Background Thread 1 ] DEBUG FXGLAssetLoaderServi - User app class for loading assets: class myGame.DawnseekerApp
20:17:53.418 [FXGL Background Thread 1 ] DEBUG GameApplicationServi - Applying CSS: fxgl_dark.css
20:17:53.420 [FXGL Background Thread 1 ] DEBUG FXGLAssetLoaderServi - Loading from file system: jar:file:/C:/Users/narro/.m2/repository/com/github/almasb/fxgl/17.2/fxgl-17.2.jar!/fxglassets/ui/css/fxgl_dark.css
20:17:53.480 [FXGL Background Thread 1 ] DEBUG GameApplicationServi - Initializing application scenes
20:17:53.537 [FXGL Background Thread 1 ] DEBUG GameWorld            - Game world initialized
20:17:53.632 [FXGL Background Thread 1 ] DEBUG PhysicsWorld         - Physics world initialized: appHeight=1024, physics.ppm=50.0
20:17:53.632 [FXGL Background Thread 1 ] DEBUG PhysicsWorld         - Using strategy: BRUTE_FORCE
20:17:53.638 [FXGL Background Thread 1 ] DEBUG GameScene            - Game scene initialized: 1024x1024
20:17:53.654 [FXGL Background Thread 1 ] DEBUG FXGL.DefaultMenu     - createMenuBodyMainMenu()
20:17:53.674 [FXGL Background Thread 1 ] DEBUG FXGL.DefaultMenu     - createOptionsMenu()
20:17:53.685 [FXGL Background Thread 1 ] DEBUG FXGLAssetLoaderServi - Loading from file system: jar:file:/C:/Users/narro/.m2/repository/com/github/almasb/fxgl/17.2/fxgl-17.2.jar!/fxglassets/textures/particles/smoke.png
20:17:53.796 [FXGL Background Thread 1 ] DEBUG FXGLAssetLoaderServi - Loading from file system: jar:file:/C:/Users/narro/.m2/repository/com/github/almasb/fxgl/17.2/fxgl-17.2.jar!/fxglassets/textures/particles/trace_horizontal.png
20:17:53.826 [FXGL Background Thread 1 ] DEBUG FXGL.DefaultMenu     - createMenuBodyGameMenu()
20:17:53.827 [FXGL Background Thread 1 ] DEBUG FXGL.DefaultMenu     - createOptionsMenu()
20:17:53.841 [FXGL Background Thread 1 ] DEBUG GameApplicationServi - Application scenes initialized
20:17:53.856 [FXGL Background Thread 1 ] DEBUG SystemBundleService  - Loading FXGL system data
20:17:53.863 [FXGL Background Thread 1 ] DEBUG FileSystemAccess     - Reading from: C:\Users\narro\OneDrive\Documents\coleg\Spring 2023\CS 4900 Senior Seminiar\Dawnseeker\Dawnseeker\system\fxgl.bundle
20:17:53.870 [FXGL Background Thread 1 ] DEBUG SystemBundleService  - Bundle FXGL: {}
20:17:53.870 [FXGL Background Thread 1 ] DEBUG UpdaterService       - Checking for updates
20:17:53.874 [FXGL Background Thread 4 ] DEBUG FXGLApplication      - Loading fonts
20:17:53.874 [FXGL Background Thread 4 ] DEBUG FXGLAssetLoaderServi - Loading from file system: jar:file:/C:/Users/narro/.m2/repository/com/github/almasb/fxgl/17.2/fxgl-17.2.jar!/fxglassets/ui/fonts/VarelaRound-Regular.ttf
20:17:53.874 [FXGL Background Thread 1 ] DEBUG FXGLApplication      - Loading default localization
20:17:53.875 [FXGL Background Thread 1 ] DEBUG FXGLAssetLoaderServi - Loading from file system: jar:file:/C:/Users/narro/.m2/repository/com/github/almasb/fxgl/17.2/fxgl-17.2.jar!/fxglassets/languages/english.lang
20:17:53.907 [FXGL Background Thread 1 ] INFO  FXGLApplication      - FXGL initialization took: 0.560 sec
20:17:53.920 [JavaFX Application Thread] DEBUG Input                - Registered new binding: action0 - W
20:17:53.921 [JavaFX Application Thread] DEBUG Input                - Registered new binding: action1 - S
20:17:53.922 [JavaFX Application Thread] DEBUG Input                - Registered new binding: action2 - A
20:17:53.922 [JavaFX Application Thread] DEBUG Input                - Registered new binding: action3 - D
20:17:53.925 [JavaFX Application Thread] DEBUG Input                - Registered new binding: action4 - LMB
20:17:53.925 [JavaFX Application Thread] DEBUG FXGLAssetLoaderServi - Loading from file system: jar:file:/C:/Users/narro/.m2/repository/com/github/almasb/fxgl/17.2/fxgl-17.2.jar!/fxglassets/textures/fxgl_icon.png
20:17:53.958 [JavaFX Application Thread] DEBUG FXGLAssetLoaderServi - Loading from file system: jar:file:/C:/Users/narro/.m2/repository/com/github/almasb/fxgl/17.2/fxgl-17.2.jar!/fxglassets/textures/fxgl_default_cursor.png
20:17:53.962 [JavaFX Application Thread] DEBUG Input                - Registered new binding: Screenshot - CTRL+8
20:17:53.963 [JavaFX Application Thread] DEBUG Input                - Registered new binding: System info dump - CTRL+9
20:17:53.963 [JavaFX Application Thread] DEBUG Input                - Registered new binding: Restart - CTRL+R
20:17:53.964 [JavaFX Application Thread] DEBUG Input                - Registered new binding: Toggle Debug Camera - CTRL+7
20:17:53.967 [JavaFX Application Thread] DEBUG LoopRunner           - Starting loop
20:17:53.967 [JavaFX Application Thread] DEBUG LoopRunner           - Initializing JavaFX AnimationTimerLoop
20:17:53.971 [JavaFX Application Thread] DEBUG Input                - Clearing active input actions
20:17:53.971 [FXGL Background Thread 4 ] DEBUG FXGLAssetLoaderServi - Loading from file system: jar:file:/C:/Users/narro/.m2/repository/com/github/almasb/fxgl/17.2/fxgl-17.2.jar!/fxglassets/ui/fonts/Abel-Regular.ttf
20:17:53.981 [JavaFX Application Thread] DEBUG GameApplicationServi - Removing overlay from FXGLStartupScene and adding to FXGLMainMenuDummyScene
20:17:53.982 [JavaFX Application Thread] DEBUG PrimaryStageWindow   - FXGLStartupScene -> FXGLMainMenuDummyScene
20:17:53.982 [JavaFX Application Thread] DEBUG PrimaryStageWindow   - Push state: FXGLDefaultMenu
20:17:53.984 [FXGL Background Thread 4 ] DEBUG FXGLAssetLoaderServi - Loading from file system: jar:file:/C:/Users/narro/.m2/repository/com/github/almasb/fxgl/17.2/fxgl-17.2.jar!/fxglassets/ui/fonts/TerminalLandMono-Regular.otf
20:17:53.987 [JavaFX Application Thread] DEBUG Input                - Clearing active input actions
20:17:54.000 [FXGL Background Thread 4 ] DEBUG FXGLAssetLoaderServi - Loading from file system: jar:file:/C:/Users/narro/.m2/repository/com/github/almasb/fxgl/17.2/fxgl-17.2.jar!/fxglassets/ui/fonts/Courier-Prime.ttf
20:17:54.005 [JavaFX Application Thread] DEBUG GameApplicationServi - Removing overlay from FXGLMainMenuDummyScene and adding to FXGLDefaultMenu
20:17:54.005 [JavaFX Application Thread] DEBUG PrimaryStageWindow   - FXGLMainMenuDummyScene -> FXGLDefaultMenu
20:17:54.095 [JavaFX Application Thread] DEBUG FXGLApplication      - Registering font factories with UI factory
20:17:56.873 [FXGL Background Thread 3 ] DEBUG Engine               - Logging environment variables
20:17:56.875 [FXGL Background Thread 3 ] DEBUG Engine               - achievements: []
20:17:56.876 [FXGL Background Thread 3 ] DEBUG Engine               - actualHeight: 824.0
20:17:56.876 [FXGL Background Thread 3 ] DEBUG Engine               - actualHeightProperty: ReadOnlyDoubleProperty [value: 824.0]
20:17:56.876 [FXGL Background Thread 3 ] DEBUG Engine               - actualWidth: 799.0
20:17:56.876 [FXGL Background Thread 3 ] DEBUG Engine               - actualWidthProperty: ReadOnlyDoubleProperty [value: 799.0]
20:17:56.877 [FXGL Background Thread 3 ] DEBUG Engine               - appIcon: fxgl_icon.png
20:17:56.877 [FXGL Background Thread 3 ] DEBUG Engine               - applicationMode: DEVELOPER
20:17:56.877 [FXGL Background Thread 3 ] DEBUG Engine               - cSSList: [fxgl_dark.css]
20:17:56.877 [FXGL Background Thread 3 ] DEBUG Engine               - collisionDetectionStrategy: BRUTE_FORCE
20:17:56.877 [FXGL Background Thread 3 ] DEBUG Engine               - configClass: Optional.empty
20:17:56.877 [FXGL Background Thread 3 ] DEBUG Engine               - credits: []
20:17:56.878 [FXGL Background Thread 3 ] DEBUG Engine               - defaultCursor: CursorInfo(imageName=fxgl_default_cursor.png, hotspotX=7.0, hotspotY=6.0)
20:17:56.879 [FXGL Background Thread 3 ] DEBUG Engine               - devBBoxColorProperty: ObjectProperty [value: 0xff0000ff]
20:17:56.879 [FXGL Background Thread 3 ] DEBUG Engine               - devEnableDebugCameraProperty: BooleanProperty [value: false]
20:17:56.880 [FXGL Background Thread 3 ] DEBUG Engine               - devSensorColorProperty: ObjectProperty [value: 0xffff00ff]
20:17:56.880 [FXGL Background Thread 3 ] DEBUG Engine               - devShowBBoxProperty: BooleanProperty [value: false]
20:17:56.880 [FXGL Background Thread 3 ] DEBUG Engine               - devShowPositionProperty: BooleanProperty [value: false]
20:17:56.880 [FXGL Background Thread 3 ] DEBUG Engine               - enabledMenuItems: []
20:17:56.880 [FXGL Background Thread 3 ] DEBUG Engine               - engineServices: [class com.almasb.fxgl.app.services.FXGLAssetLoaderService, class com.almasb.fxgl.app.FXGLApplication$GameApplicationService, class com.almasb.fxgl.app.services.FXGLDialogService, class com.almasb.fxgl.app.services.IOTaskExecutorService, class com.almasb.fxgl.io.FileSystemService, class com.almasb.fxgl.localization.LocalizationService, class com.almasb.fxgl.app.services.SystemBundleService, class com.almasb.fxgl.profile.SaveLoadService, class com.almasb.fxgl.ui.FXGLUIFactoryServiceProvider, class com.almasb.fxgl.ui.FXGLDialogFactoryServiceProvider, class com.almasb.fxgl.audio.AudioPlayer, class com.almasb.fxgl.notification.impl.NotificationServiceProvider, class com.almasb.fxgl.achievement.AchievementService, class com.almasb.fxgl.cutscene.CutsceneService, class com.almasb.fxgl.minigames.MiniGameService, class com.almasb.fxgl.net.NetService, class com.almasb.fxgl.app.services.UpdaterService, class com.almasb.fxgl.dev.DevService]
20:17:56.880 [FXGL Background Thread 3 ] DEBUG Engine               - fontGame: Abel-Regular.ttf
20:17:56.880 [FXGL Background Thread 3 ] DEBUG Engine               - fontMono: TerminalLandMono-Regular.otf
20:17:56.880 [FXGL Background Thread 3 ] DEBUG Engine               - fontText: Courier-Prime.ttf
20:17:56.880 [FXGL Background Thread 3 ] DEBUG Engine               - fontUI: VarelaRound-Regular.ttf
20:17:56.880 [FXGL Background Thread 3 ] DEBUG Engine               - fullScreen: BooleanProperty [value: false]
20:17:56.880 [FXGL Background Thread 3 ] DEBUG Engine               - gameDifficulty: MEDIUM
20:17:56.880 [FXGL Background Thread 3 ] DEBUG Engine               - gameDifficultyProperty: ObjectProperty [value: MEDIUM]
20:17:56.880 [FXGL Background Thread 3 ] DEBUG Engine               - globalMusicVolume: 0.5
20:17:56.881 [FXGL Background Thread 3 ] DEBUG Engine               - globalMusicVolumeProperty: DoubleProperty [value: 0.5]
20:17:56.881 [FXGL Background Thread 3 ] DEBUG Engine               - globalSoundVolume: 0.5
20:17:56.881 [FXGL Background Thread 3 ] DEBUG Engine               - globalSoundVolumeProperty: DoubleProperty [value: 0.5]
20:17:56.881 [FXGL Background Thread 3 ] DEBUG Engine               - height: 1024
20:17:56.881 [FXGL Background Thread 3 ] DEBUG Engine               - is3D: false
20:17:56.881 [FXGL Background Thread 3 ] DEBUG Engine               - isAndroid: false
20:17:56.881 [FXGL Background Thread 3 ] DEBUG Engine               - isBrowser: false
20:17:56.881 [FXGL Background Thread 3 ] DEBUG Engine               - isClickFeedbackEnabled: false
20:17:56.881 [FXGL Background Thread 3 ] DEBUG Engine               - isCloseConfirmation: false
20:17:56.881 [FXGL Background Thread 3 ] DEBUG Engine               - isDesktop: true
20:17:56.881 [FXGL Background Thread 3 ] DEBUG Engine               - isDeveloperMenuEnabled: false
20:17:56.881 [FXGL Background Thread 3 ] DEBUG Engine               - isEmbedded: false
20:17:56.881 [FXGL Background Thread 3 ] DEBUG Engine               - isEntityPreloadEnabled: true
20:17:56.882 [FXGL Background Thread 3 ] DEBUG Engine               - isExperimentalTiledLargeMap: false
20:17:56.882 [FXGL Background Thread 3 ] DEBUG Engine               - isFileSystemWriteAllowed: true
20:17:56.882 [FXGL Background Thread 3 ] DEBUG Engine               - isFullScreenAllowed: false
20:17:56.882 [FXGL Background Thread 3 ] DEBUG Engine               - isFullScreenFromStart: false
20:17:56.882 [FXGL Background Thread 3 ] DEBUG Engine               - isGameMenuEnabled: true
20:17:56.882 [FXGL Background Thread 3 ] DEBUG Engine               - isIOS: false
20:17:56.882 [FXGL Background Thread 3 ] DEBUG Engine               - isIntroEnabled: false
20:17:56.882 [FXGL Background Thread 3 ] DEBUG Engine               - isLinux: false
20:17:56.882 [FXGL Background Thread 3 ] DEBUG Engine               - isMac: false
20:17:56.882 [FXGL Background Thread 3 ] DEBUG Engine               - isMainMenuEnabled: true
20:17:56.882 [FXGL Background Thread 3 ] DEBUG Engine               - isManualResizeEnabled: false
20:17:56.882 [FXGL Background Thread 3 ] DEBUG Engine               - isMobile: false
20:17:56.882 [FXGL Background Thread 3 ] DEBUG Engine               - isNative: false
20:17:56.883 [FXGL Background Thread 3 ] DEBUG Engine               - isPauseMusicWhenMinimized: true
20:17:56.883 [FXGL Background Thread 3 ] DEBUG Engine               - isPreserveResizeRatio: false
20:17:56.883 [FXGL Background Thread 3 ] DEBUG Engine               - isProfilingEnabled: false
20:17:56.883 [FXGL Background Thread 3 ] DEBUG Engine               - isScaleAffectedOnResize: true
20:17:56.883 [FXGL Background Thread 3 ] DEBUG Engine               - isSingleStep: false
20:17:56.883 [FXGL Background Thread 3 ] DEBUG Engine               - isUserProfileEnabled: false
20:17:56.883 [FXGL Background Thread 3 ] DEBUG Engine               - isWindows: true
20:17:56.883 [FXGL Background Thread 3 ] DEBUG Engine               - language: ObjectProperty [value: ENGLISH]
20:17:56.883 [FXGL Background Thread 3 ] DEBUG Engine               - menuKey: ESCAPE
20:17:56.883 [FXGL Background Thread 3 ] DEBUG Engine               - mouseSensitivity: 0.2
20:17:56.883 [FXGL Background Thread 3 ] DEBUG Engine               - notificationViewClass: class com.almasb.fxgl.notification.view.XboxNotificationView
20:17:56.884 [FXGL Background Thread 3 ] DEBUG Engine               - pixelsPerMeter: 50.0
20:17:56.884 [FXGL Background Thread 3 ] DEBUG Engine               - platform: WINDOWS
20:17:56.884 [FXGL Background Thread 3 ] DEBUG Engine               - prefHeightProperty: ReadOnlyDoubleProperty [value: 1024.0]
20:17:56.884 [FXGL Background Thread 3 ] DEBUG Engine               - prefWidthProperty: ReadOnlyDoubleProperty [value: 1024.0]
20:17:56.884 [FXGL Background Thread 3 ] DEBUG Engine               - profileDir: profiles/
20:17:56.884 [FXGL Background Thread 3 ] DEBUG Engine               - profileName: StringProperty [value: DEFAULT]
20:17:56.884 [FXGL Background Thread 3 ] DEBUG Engine               - randomSeed: -1
20:17:56.885 [FXGL Background Thread 3 ] DEBUG Engine               - runtimeInfo: RuntimeInfo(platform=WINDOWS, version=17.2, build=20.08.2022 16.50)
20:17:56.885 [FXGL Background Thread 3 ] DEBUG Engine               - saveFileExt: sav
20:17:56.885 [FXGL Background Thread 3 ] DEBUG Engine               - scaledHeightProp$fxgl: DoubleProperty [bound, value: 824.0]
20:17:56.885 [FXGL Background Thread 3 ] DEBUG Engine               - scaledWidthProp$fxgl: DoubleProperty [bound, value: 799.0]
20:17:56.885 [FXGL Background Thread 3 ] DEBUG Engine               - sceneFactory: com.almasb.fxgl.app.scene.SceneFactory@11feec44
20:17:56.885 [FXGL Background Thread 3 ] DEBUG Engine               - secondsIn24h: 60
20:17:56.885 [FXGL Background Thread 3 ] DEBUG Engine               - soundMenuBack: menu/back.wav
20:17:56.885 [FXGL Background Thread 3 ] DEBUG Engine               - soundMenuPress: menu/press.wav
20:17:56.885 [FXGL Background Thread 3 ] DEBUG Engine               - soundMenuSelect: menu/select.wav
20:17:56.885 [FXGL Background Thread 3 ] DEBUG Engine               - soundNotification: core/notification.wav
20:17:56.886 [FXGL Background Thread 3 ] DEBUG Engine               - stageStyle: DECORATED
20:17:56.886 [FXGL Background Thread 3 ] DEBUG Engine               - supportedLanguages: [ENGLISH, FRENCH, GERMAN, HUNGARIAN, RUSSIAN]
20:17:56.886 [FXGL Background Thread 3 ] DEBUG Engine               - ticksPerSecond: -1
20:17:56.886 [FXGL Background Thread 3 ] DEBUG Engine               - title: Dawnseeker
20:17:56.886 [FXGL Background Thread 3 ] DEBUG Engine               - urlGithub: https://github.com/AlmasB/FXGL
20:17:56.886 [FXGL Background Thread 3 ] DEBUG Engine               - urlLeaderboard: http://fxgl-top.herokuapp.com/
20:17:56.886 [FXGL Background Thread 3 ] DEBUG Engine               - urlPOM: https://raw.githubusercontent.com/AlmasB/FXGL/release/README.md
20:17:56.886 [FXGL Background Thread 3 ] DEBUG Engine               - userAppClass: class myGame.DawnseekerApp
20:17:56.886 [FXGL Background Thread 3 ] DEBUG Engine               - version: 0.2
20:17:56.886 [FXGL Background Thread 3 ] DEBUG Engine               - versionCheckDays: 7
20:17:56.887 [FXGL Background Thread 3 ] DEBUG Engine               - width: 1024
20:17:56.887 [FXGL Background Thread 3 ] DEBUG Engine               - Logging services
20:17:56.887 [FXGL Background Thread 3 ] DEBUG Engine               - class com.almasb.fxgl.app.services.FXGLAssetLoaderService
20:17:56.887 [FXGL Background Thread 3 ] DEBUG Engine               - class com.almasb.fxgl.app.FXGLApplication$GameApplicationService
20:17:56.887 [FXGL Background Thread 3 ] DEBUG Engine               - class com.almasb.fxgl.app.services.FXGLDialogService
20:17:56.887 [FXGL Background Thread 3 ] DEBUG Engine               - class com.almasb.fxgl.app.services.IOTaskExecutorService
20:17:56.887 [FXGL Background Thread 3 ] DEBUG Engine               - class com.almasb.fxgl.io.FileSystemService
20:17:56.887 [FXGL Background Thread 3 ] DEBUG Engine               - class com.almasb.fxgl.localization.LocalizationService
20:17:56.887 [FXGL Background Thread 3 ] DEBUG Engine               - class com.almasb.fxgl.app.services.SystemBundleService
20:17:56.887 [FXGL Background Thread 3 ] DEBUG Engine               - class com.almasb.fxgl.profile.SaveLoadService
20:17:56.887 [FXGL Background Thread 3 ] DEBUG Engine               - class com.almasb.fxgl.ui.FXGLUIFactoryServiceProvider
20:17:56.887 [FXGL Background Thread 3 ] DEBUG Engine               - class com.almasb.fxgl.ui.FXGLDialogFactoryServiceProvider
20:17:56.887 [FXGL Background Thread 3 ] DEBUG Engine               - class com.almasb.fxgl.audio.AudioPlayer
20:17:56.887 [FXGL Background Thread 3 ] DEBUG Engine               - class com.almasb.fxgl.notification.impl.NotificationServiceProvider
20:17:56.887 [FXGL Background Thread 3 ] DEBUG Engine               - class com.almasb.fxgl.achievement.AchievementService
20:17:56.887 [FXGL Background Thread 3 ] DEBUG Engine               - class com.almasb.fxgl.cutscene.CutsceneService
20:17:56.887 [FXGL Background Thread 3 ] DEBUG Engine               - class com.almasb.fxgl.minigames.MiniGameService
20:17:56.887 [FXGL Background Thread 3 ] DEBUG Engine               - class com.almasb.fxgl.net.NetService
20:17:56.888 [FXGL Background Thread 3 ] DEBUG Engine               - class com.almasb.fxgl.app.services.UpdaterService
20:17:56.888 [FXGL Background Thread 3 ] DEBUG Engine               - class com.almasb.fxgl.dev.DevService
20:17:56.961 [JavaFX Application Thread] DEBUG Menu                 - fireNewGame()
20:17:56.961 [JavaFX Application Thread] DEBUG GameApplicationServi - Starting new game
20:17:56.965 [JavaFX Application Thread] DEBUG PrimaryStageWindow   - Pop state: FXGLDefaultMenu
20:17:56.965 [JavaFX Application Thread] DEBUG Input                - Clearing active input actions
20:17:56.967 [JavaFX Application Thread] DEBUG GameApplicationServi - Removing overlay from FXGLDefaultMenu and adding to FXGLMainMenuDummyScene
20:17:56.967 [JavaFX Application Thread] DEBUG PrimaryStageWindow   - FXGLMainMenuDummyScene <- FXGLDefaultMenu
20:17:56.968 [JavaFX Application Thread] DEBUG Input                - Clearing active input actions
20:17:56.982 [JavaFX Application Thread] DEBUG GameApplicationServi - Removing overlay from FXGLMainMenuDummyScene and adding to FXGLLoadingScene
20:17:56.983 [JavaFX Application Thread] DEBUG PrimaryStageWindow   - FXGLMainMenuDummyScene -> FXGLLoadingScene
20:17:56.983 [JavaFX Application Thread] DEBUG GameApplicationServi - Clearing previous game
20:17:56.983 [JavaFX Application Thread] DEBUG GameScene            - Clearing game scene
20:17:56.983 [JavaFX Application Thread] DEBUG GameWorld            - Clearing game world
20:17:56.983 [JavaFX Application Thread] DEBUG PhysicsWorld         - Clearing physics world
20:17:56.985 [FXGL Background Thread 2 ] DEBUG FXGLApplication      - Initializing game
20:17:56.996 [FXGL Background Thread 2 ] DEBUG FXGLAssetLoaderServi - Loading from file system: file:/C:/Users/narro/OneDrive/Documents/coleg/Spring%202023/CS%204900%20Senior%20Seminiar/Dawnseeker/Dawnseeker/target/classes/assets/music/heartache.mp3
20:17:57.246 [FXGL Background Thread 2 ] DEBUG AudioPlayer          - Playing music com.almasb.fxgl.audio.Music@2fbf7865
20:17:57.254 [FXGL Background Thread 2 ] DEBUG FXGLAssetLoaderServi - Loading from file system: file:/C:/Users/narro/OneDrive/Documents/coleg/Spring%202023/CS%204900%20Senior%20Seminiar/Dawnseeker/Dawnseeker/target/classes/assets/textures/PlayerCharacterDawnseeker.png
20:17:57.283 [FXGL Background Thread 2 ] WARN  GameWorld            - Entity is already attached to world
20:17:57.284 [FXGL Background Thread 2 ] WARN  Entity               - Entity already has component: com.almasb.fxgl.entity.components.CollidableComponent
20:17:57.285 [FXGL Background Thread 2 ] WARN  GameWorld            - Entity is already attached to world
20:17:57.286 [FXGL Background Thread 2 ] WARN  Entity               - Entity already has component: com.almasb.fxgl.entity.components.CollidableComponent
20:17:57.286 [FXGL Background Thread 2 ] WARN  GameWorld            - Entity is already attached to world
20:17:57.288 [FXGL Background Thread 2 ] WARN  Entity               - Entity already has component: com.almasb.fxgl.entity.components.CollidableComponent
20:17:57.288 [FXGL Background Thread 2 ] WARN  GameWorld            - Entity is already attached to world
20:17:57.289 [FXGL Background Thread 2 ] WARN  Entity               - Entity already has component: com.almasb.fxgl.entity.components.CollidableComponent
20:17:57.290 [FXGL Background Thread 2 ] WARN  GameWorld            - Entity is already attached to world
20:17:57.330 [FXGL Background Thread 2 ] INFO  FXGLApplication      - Game initialization took: 0.344 sec
20:17:57.331 [JavaFX Application Thread] DEBUG Input                - Clearing active input actions
20:17:57.352 [JavaFX Application Thread] DEBUG GameApplicationServi - Removing overlay from FXGLLoadingScene and adding to GameScene
20:17:57.353 [JavaFX Application Thread] DEBUG PrimaryStageWindow   - FXGLLoadingScene -> GameScene
20:17:57.777 [JavaFX Application Thread] DEBUG FXGLAssetLoaderServi - Loading from file system: file:/C:/Users/narro/OneDrive/Documents/coleg/Spring%202023/CS%204900%20Senior%20Seminiar/Dawnseeker/Dawnseeker/target/classes/assets/textures/EnemyDawnseeker.png
20:17:58.592 [JavaFX Application Thread] DEBUG FXGLAssetLoaderServi - Loading from file system: file:/C:/Users/narro/OneDrive/Documents/coleg/Spring%202023/CS%204900%20Senior%20Seminiar/Dawnseeker/Dawnseeker/target/classes/assets/sounds/magic_missile.wav
20:17:58.600 [JavaFX Application Thread] DEBUG FXGLAssetLoaderServi - Loading from file system: file:/C:/Users/narro/OneDrive/Documents/coleg/Spring%202023/CS%204900%20Senior%20Seminiar/Dawnseeker/Dawnseeker/target/classes/assets/textures/FireBallProjectile.png
20:17:59.488 [JavaFX Application Thread] DEBUG FXGLAssetLoaderServi - Loading from file system: file:/C:/Users/narro/OneDrive/Documents/coleg/Spring%202023/CS%204900%20Senior%20Seminiar/Dawnseeker/Dawnseeker/target/classes/assets/sounds/bong.wav
20:18:01.087 [JavaFX Application Thread] DEBUG FXGLAssetLoaderServi - Loading from file system: file:/C:/Users/narro/OneDrive/Documents/coleg/Spring%202023/CS%204900%20Senior%20Seminiar/Dawnseeker/Dawnseeker/target/classes/assets/sounds/player_oof.wav
20:18:01.590 [JavaFX Application Thread] DEBUG FXGLAssetLoaderServi - Loading from file system: file:/C:/Users/narro/OneDrive/Documents/coleg/Spring%202023/CS%204900%20Senior%20Seminiar/Dawnseeker/Dawnseeker/target/classes/assets/sounds/yoda_death.wav
20:18:16.431 [JavaFX Application Thread] DEBUG FXGLAssetLoaderServi - Loading from file system: file:/C:/Users/narro/OneDrive/Documents/coleg/Spring%202023/CS%204900%20Senior%20Seminiar/Dawnseeker/Dawnseeker/target/classes/assets/sounds/coin_pickup.wav
20:18:23.654 [JavaFX Application Thread] DEBUG FXGLApplication      - Exiting FXGL
20:18:23.654 [JavaFX Application Thread] DEBUG LoopRunner           - Stopping loop
20:18:23.654 [JavaFX Application Thread] DEBUG SystemBundleService  - Saving FXGL system data
20:18:23.660 [JavaFX Application Thread] DEBUG FileSystemAccess     - Writing to: C:\Users\narro\OneDrive\Documents\coleg\Spring 2023\CS 4900 Senior Seminiar\Dawnseeker\Dawnseeker\system\fxgl.bundle
20:18:23.666 [JavaFX Application Thread] DEBUG Async                - Shutting down background threads
20:18:23.667 [JavaFX Application Thread] DEBUG PrimaryStageWindow   - Closing main window
20:18:23.698 [JavaFX Application Thread] DEBUG Logger               - Closing Logger
