18:43:41.555 [main                     ] DEBUG Logger               - Configured Logger
18:43:41.574 [main                     ] DEBUG GameApplication      - Logging settings
Title: Dawnseeker
Version: 0.4
Width: 1024
Height: 1024
Fullscreen: false
Intro: false
Profiling: false
Single step:false
App Mode: DEVELOPER
Menu Key: ESCAPE
Stage Style: DECORATED
Scene Factory: class myGame.DawnseekerApp$1

18:43:41.918 [JavaFX Application Thread] DEBUG FXGLApplication      - Initializing FXGL
18:43:41.925 [JavaFX Application Thread] INFO  Engine               - FXGL-17.2 (20.08.2022 16.50) on WINDOWS (J:18.0.2.1 FX:18)
18:43:41.925 [JavaFX Application Thread] DEBUG Engine               - JRE Vendor Name: Oracle Corporation
18:43:41.925 [JavaFX Application Thread] DEBUG Engine               - Running on OS: Windows 10 version 10.0
18:43:41.925 [JavaFX Application Thread] DEBUG Engine               - Architecture: amd64
18:43:41.925 [JavaFX Application Thread] INFO  Engine               - Source code and latest versions at: https://github.com/AlmasB/FXGL
18:43:41.926 [JavaFX Application Thread] INFO  Engine               -       Ask questions and discuss at: https://github.com/AlmasB/FXGL/discussions
18:43:41.926 [JavaFX Application Thread] INFO  Engine               -              Join the FXGL chat at: https://gitter.im/AlmasB/FXGL
18:43:42.007 [JavaFX Application Thread] DEBUG PrimaryStageWindow   - Creating a JavaFX scene
18:43:42.043 [JavaFX Application Thread] DEBUG PrimaryStageWindow   - Target settings size: 1024.0 x 1024.0
18:43:42.043 [JavaFX Application Thread] DEBUG PrimaryStageWindow   - Scaled scene size:    1024.0 x 1024.0
18:43:42.043 [JavaFX Application Thread] DEBUG PrimaryStageWindow   - Scaled ratio: (1.0, 1.0)
18:43:42.044 [JavaFX Application Thread] DEBUG PrimaryStageWindow   - Set initial scene to FXGLStartupScene
18:43:42.049 [JavaFX Application Thread] DEBUG PrimaryStageWindow   - Opening main window
18:43:42.118 [JavaFX Application Thread] DEBUG PrimaryStageWindow   - Window border size: (16.0, 39.0)
18:43:42.118 [JavaFX Application Thread] DEBUG PrimaryStageWindow   - Scaled size: 1024.0 x 1024.0
18:43:42.118 [JavaFX Application Thread] DEBUG PrimaryStageWindow   - Scaled ratio: (1.0, 1.0)
18:43:42.118 [JavaFX Application Thread] DEBUG PrimaryStageWindow   - Scene size: 1024.0 x 1024.0
18:43:42.119 [JavaFX Application Thread] DEBUG PrimaryStageWindow   - Stage size: 1040.0 x 1063.0
18:43:42.123 [FXGL Background Thread 1 ] DEBUG Engine               - Initializing environment variables
18:43:42.161 [FXGL Background Thread 1 ] DEBUG FXGLAssetLoaderServi - User app class for loading assets: class myGame.DawnseekerApp
18:43:42.161 [FXGL Background Thread 1 ] DEBUG GameApplicationServi - Applying CSS: fxgl_dark.css
18:43:42.162 [FXGL Background Thread 1 ] DEBUG FXGLAssetLoaderServi - Loading from file system: jar:file:/C:/Users/garre/.m2/repository/com/github/almasb/fxgl/17.2/fxgl-17.2.jar!/fxglassets/ui/css/fxgl_dark.css
18:43:42.196 [FXGL Background Thread 1 ] DEBUG GameApplicationServi - Initializing application scenes
18:43:42.231 [FXGL Background Thread 1 ] DEBUG GameWorld            - Game world initialized
18:43:42.285 [FXGL Background Thread 1 ] DEBUG PhysicsWorld         - Physics world initialized: appHeight=1024, physics.ppm=50.0
18:43:42.285 [FXGL Background Thread 1 ] DEBUG PhysicsWorld         - Using strategy: BRUTE_FORCE
18:43:42.288 [FXGL Background Thread 1 ] DEBUG GameScene            - Game scene initialized: 1024x1024
18:43:42.289 [FXGL Background Thread 1 ] DEBUG FXGLAssetLoaderServi - Loading from file system: file:/C:/Users/garre/git/CS4900G2Proj2/Dawnseeker/target/classes/assets/music/shop.mp3
18:43:42.402 [FXGL Background Thread 1 ] DEBUG AudioPlayer          - Playing music com.almasb.fxgl.audio.Music@58f7ef20
18:43:42.414 [FXGL Background Thread 1 ] DEBUG FXGLAssetLoaderServi - Loading from file system: file:/C:/Users/garre/git/CS4900G2Proj2/Dawnseeker/target/classes/assets/textures/bg.png
18:43:42.472 [FXGL Background Thread 1 ] DEBUG FXGL.DefaultMenu     - createMenuBodyGameMenu()
18:43:42.481 [FXGL Background Thread 1 ] DEBUG FXGL.DefaultMenu     - createOptionsMenu()
18:43:42.486 [FXGL Background Thread 1 ] DEBUG FXGLAssetLoaderServi - Loading from file system: jar:file:/C:/Users/garre/.m2/repository/com/github/almasb/fxgl/17.2/fxgl-17.2.jar!/fxglassets/textures/particles/smoke.png
18:43:42.561 [FXGL Background Thread 1 ] DEBUG FXGLAssetLoaderServi - Loading from file system: jar:file:/C:/Users/garre/.m2/repository/com/github/almasb/fxgl/17.2/fxgl-17.2.jar!/fxglassets/textures/particles/trace_horizontal.png
18:43:42.573 [FXGL Background Thread 1 ] DEBUG GameApplicationServi - Application scenes initialized
18:43:42.582 [FXGL Background Thread 1 ] DEBUG SystemBundleService  - Loading FXGL system data
18:43:42.585 [FXGL Background Thread 1 ] DEBUG FileSystemAccess     - Reading from: C:\Users\garre\git\CS4900G2Proj2\Dawnseeker\system\fxgl.bundle
18:43:42.592 [FXGL Background Thread 1 ] DEBUG SystemBundleService  - Bundle FXGL: {}
18:43:42.592 [FXGL Background Thread 1 ] DEBUG UpdaterService       - Checking for updates
18:43:42.595 [FXGL Background Thread 4 ] DEBUG FXGLApplication      - Loading fonts
18:43:42.595 [FXGL Background Thread 4 ] DEBUG FXGLAssetLoaderServi - Loading from file system: jar:file:/C:/Users/garre/.m2/repository/com/github/almasb/fxgl/17.2/fxgl-17.2.jar!/fxglassets/ui/fonts/VarelaRound-Regular.ttf
18:43:42.595 [FXGL Background Thread 1 ] DEBUG FXGLApplication      - Loading default localization
18:43:42.596 [FXGL Background Thread 1 ] DEBUG FXGLAssetLoaderServi - Loading from file system: jar:file:/C:/Users/garre/.m2/repository/com/github/almasb/fxgl/17.2/fxgl-17.2.jar!/fxglassets/languages/english.lang
18:43:42.615 [FXGL Background Thread 1 ] INFO  FXGLApplication      - FXGL initialization took: 0.492 sec
18:43:42.619 [JavaFX Application Thread] DEBUG Input                - Registered new binding: action0 - LMB
18:43:42.624 [JavaFX Application Thread] DEBUG Input                - Registered new binding: Up - W
18:43:42.625 [JavaFX Application Thread] DEBUG Input                - Registered new binding: Down - S
18:43:42.625 [JavaFX Application Thread] DEBUG Input                - Registered new binding: Right - D
18:43:42.625 [JavaFX Application Thread] DEBUG Input                - Registered new binding: Left - A
18:43:42.625 [JavaFX Application Thread] DEBUG FXGLAssetLoaderServi - Loading from file system: jar:file:/C:/Users/garre/.m2/repository/com/github/almasb/fxgl/17.2/fxgl-17.2.jar!/fxglassets/textures/fxgl_icon.png
18:43:42.641 [JavaFX Application Thread] DEBUG FXGLAssetLoaderServi - Loading from file system: jar:file:/C:/Users/garre/.m2/repository/com/github/almasb/fxgl/17.2/fxgl-17.2.jar!/fxglassets/textures/fxgl_default_cursor.png
18:43:42.645 [JavaFX Application Thread] DEBUG Input                - Registered new binding: Screenshot - CTRL+8
18:43:42.646 [JavaFX Application Thread] DEBUG Input                - Registered new binding: System info dump - CTRL+9
18:43:42.647 [JavaFX Application Thread] DEBUG Input                - Registered new binding: Restart - CTRL+R
18:43:42.648 [JavaFX Application Thread] DEBUG Input                - Registered new binding: Toggle Debug Camera - CTRL+7
18:43:42.653 [JavaFX Application Thread] DEBUG LoopRunner           - Starting loop
18:43:42.653 [JavaFX Application Thread] DEBUG LoopRunner           - Initializing JavaFX AnimationTimerLoop
18:43:42.654 [FXGL Background Thread 4 ] DEBUG FXGLAssetLoaderServi - Loading from file system: jar:file:/C:/Users/garre/.m2/repository/com/github/almasb/fxgl/17.2/fxgl-17.2.jar!/fxglassets/ui/fonts/Abel-Regular.ttf
18:43:42.657 [FXGL Background Thread 4 ] DEBUG FXGLAssetLoaderServi - Loading from file system: jar:file:/C:/Users/garre/.m2/repository/com/github/almasb/fxgl/17.2/fxgl-17.2.jar!/fxglassets/ui/fonts/TerminalLandMono-Regular.otf
18:43:42.657 [JavaFX Application Thread] DEBUG Input                - Clearing active input actions
18:43:42.661 [FXGL Background Thread 4 ] DEBUG FXGLAssetLoaderServi - Loading from file system: jar:file:/C:/Users/garre/.m2/repository/com/github/almasb/fxgl/17.2/fxgl-17.2.jar!/fxglassets/ui/fonts/Courier-Prime.ttf
18:43:42.661 [JavaFX Application Thread] DEBUG GameApplicationServi - Removing overlay from FXGLStartupScene and adding to FXGLMainMenuDummyScene
18:43:42.662 [JavaFX Application Thread] DEBUG PrimaryStageWindow   - FXGLStartupScene -> FXGLMainMenuDummyScene
18:43:42.662 [JavaFX Application Thread] DEBUG PrimaryStageWindow   - Push state: DawnseekerMenu
18:43:42.662 [JavaFX Application Thread] DEBUG Input                - Clearing active input actions
18:43:42.668 [JavaFX Application Thread] DEBUG GameApplicationServi - Removing overlay from FXGLMainMenuDummyScene and adding to DawnseekerMenu
18:43:42.668 [JavaFX Application Thread] DEBUG PrimaryStageWindow   - FXGLMainMenuDummyScene -> DawnseekerMenu
18:43:42.670 [JavaFX Application Thread] DEBUG FXGLApplication      - Registering font factories with UI factory
18:43:42.973 [FXGL Background Thread 2 ] INFO  UpdaterService       - Your current version:  17.2
18:43:42.974 [FXGL Background Thread 2 ] INFO  UpdaterService       - Latest stable version: 17.3
18:43:43.604 [JavaFX Application Thread] DEBUG Menu                 - fireNewGame()
18:43:43.604 [JavaFX Application Thread] DEBUG GameApplicationServi - Starting new game
18:43:43.604 [JavaFX Application Thread] DEBUG PrimaryStageWindow   - Pop state: DawnseekerMenu
18:43:43.604 [JavaFX Application Thread] DEBUG Input                - Clearing active input actions
18:43:43.604 [JavaFX Application Thread] DEBUG GameApplicationServi - Removing overlay from DawnseekerMenu and adding to FXGLMainMenuDummyScene
18:43:43.605 [JavaFX Application Thread] DEBUG PrimaryStageWindow   - FXGLMainMenuDummyScene <- DawnseekerMenu
18:43:43.605 [JavaFX Application Thread] DEBUG Input                - Clearing active input actions
18:43:43.609 [JavaFX Application Thread] DEBUG GameApplicationServi - Removing overlay from FXGLMainMenuDummyScene and adding to FXGLLoadingScene
18:43:43.610 [JavaFX Application Thread] DEBUG PrimaryStageWindow   - FXGLMainMenuDummyScene -> FXGLLoadingScene
18:43:43.610 [JavaFX Application Thread] DEBUG GameApplicationServi - Clearing previous game
18:43:43.610 [JavaFX Application Thread] DEBUG GameScene            - Clearing game scene
18:43:43.610 [JavaFX Application Thread] DEBUG GameWorld            - Clearing game world
18:43:43.610 [JavaFX Application Thread] DEBUG PhysicsWorld         - Clearing physics world
18:43:43.611 [FXGL Background Thread 2 ] DEBUG FXGLApplication      - Initializing game
18:43:43.614 [FXGL Background Thread 2 ] DEBUG AudioPlayer          - Stopping music com.almasb.fxgl.audio.Music@58f7ef20
18:43:43.615 [FXGL Background Thread 2 ] DEBUG FXGLAssetLoaderServi - Loading from file system: file:/C:/Users/garre/git/CS4900G2Proj2/Dawnseeker/target/classes/assets/music/heartache.mp3
18:43:43.617 [FXGL Background Thread 2 ] DEBUG AudioPlayer          - Playing music com.almasb.fxgl.audio.Music@387f218c
18:43:43.630 [FXGL Background Thread 2 ] DEBUG FXGLAssetLoaderServi - Loading from file system: file:/C:/Users/garre/git/CS4900G2Proj2/Dawnseeker/target/classes/assets/textures/DawnseekerPCV2.png
18:43:43.637 [FXGL Background Thread 2 ] DEBUG FXGLAssetLoaderServi - Loading from file system: file:/C:/Users/garre/git/CS4900G2Proj2/Dawnseeker/target/classes/assets/textures/DawnseekerPCV2Down.png
18:43:43.638 [FXGL Background Thread 2 ] DEBUG FXGLAssetLoaderServi - Loading from file system: file:/C:/Users/garre/git/CS4900G2Proj2/Dawnseeker/target/classes/assets/textures/DawnseekerPCV2Up.png
18:43:43.640 [FXGL Background Thread 2 ] DEBUG FXGLAssetLoaderServi - Loading from file system: file:/C:/Users/garre/git/CS4900G2Proj2/Dawnseeker/target/classes/assets/textures/DawnseekerPCV2Right.png
18:43:43.642 [FXGL Background Thread 2 ] DEBUG FXGLAssetLoaderServi - Loading from file system: file:/C:/Users/garre/git/CS4900G2Proj2/Dawnseeker/target/classes/assets/textures/DawnseekerPCV2Left.png
18:43:43.654 [FXGL Background Thread 2 ] WARN  GameWorld            - Entity is already attached to world
18:43:43.655 [FXGL Background Thread 2 ] WARN  Entity               - Entity already has component: com.almasb.fxgl.entity.components.CollidableComponent
18:43:43.655 [FXGL Background Thread 2 ] WARN  GameWorld            - Entity is already attached to world
18:43:43.655 [FXGL Background Thread 2 ] WARN  Entity               - Entity already has component: com.almasb.fxgl.entity.components.CollidableComponent
18:43:43.655 [FXGL Background Thread 2 ] WARN  GameWorld            - Entity is already attached to world
18:43:43.656 [FXGL Background Thread 2 ] WARN  Entity               - Entity already has component: com.almasb.fxgl.entity.components.CollidableComponent
18:43:43.656 [FXGL Background Thread 2 ] WARN  GameWorld            - Entity is already attached to world
18:43:43.656 [FXGL Background Thread 2 ] WARN  Entity               - Entity already has component: com.almasb.fxgl.entity.components.CollidableComponent
18:43:43.656 [FXGL Background Thread 2 ] WARN  GameWorld            - Entity is already attached to world
18:43:43.657 [FXGL Background Thread 2 ] WARN  GameWorld            - Entity is already attached to world
18:43:43.657 [FXGL Background Thread 2 ] WARN  GameWorld            - Entity is already attached to world
18:43:43.668 [FXGL Background Thread 2 ] INFO  FXGLApplication      - Game initialization took: 0.056 sec
18:43:43.677 [JavaFX Application Thread] DEBUG Input                - Clearing active input actions
18:43:43.684 [JavaFX Application Thread] DEBUG GameApplicationServi - Removing overlay from FXGLLoadingScene and adding to GameScene
18:43:43.684 [JavaFX Application Thread] DEBUG PrimaryStageWindow   - FXGLLoadingScene -> GameScene
18:43:44.140 [JavaFX Application Thread] DEBUG FXGLAssetLoaderServi - Loading from file system: file:/C:/Users/garre/git/CS4900G2Proj2/Dawnseeker/target/classes/assets/textures/EnemyDawnseeker.png
18:43:44.142 [JavaFX Application Thread] DEBUG FXGLAssetLoaderServi - Loading from file system: file:/C:/Users/garre/git/CS4900G2Proj2/Dawnseeker/target/classes/assets/textures/sussy.gif
18:43:44.363 [JavaFX Application Thread] DEBUG FXGLAssetLoaderServi - Loading from file system: file:/C:/Users/garre/git/CS4900G2Proj2/Dawnseeker/target/classes/assets/sounds/magic_missile.wav
18:43:44.369 [JavaFX Application Thread] DEBUG FXGLAssetLoaderServi - Loading from file system: file:/C:/Users/garre/git/CS4900G2Proj2/Dawnseeker/target/classes/assets/textures/FireBallProjectile.png
18:43:44.578 [JavaFX Application Thread] WARN  GameWorld            - Attempted to remove entity which is not active
18:43:44.579 [JavaFX Application Thread] DEBUG FXGLAssetLoaderServi - Loading from file system: file:/C:/Users/garre/git/CS4900G2Proj2/Dawnseeker/target/classes/assets/sounds/bong.wav
18:43:45.594 [FXGL Background Thread 3 ] DEBUG Engine               - Logging environment variables
18:43:45.594 [FXGL Background Thread 3 ] DEBUG Engine               - achievements: []
18:43:45.594 [FXGL Background Thread 3 ] DEBUG Engine               - actualHeight: 1024.0
18:43:45.594 [FXGL Background Thread 3 ] DEBUG Engine               - actualHeightProperty: ReadOnlyDoubleProperty [value: 1024.0]
18:43:45.594 [FXGL Background Thread 3 ] DEBUG Engine               - actualWidth: 1024.0
18:43:45.594 [FXGL Background Thread 3 ] DEBUG Engine               - actualWidthProperty: ReadOnlyDoubleProperty [value: 1024.0]
18:43:45.594 [FXGL Background Thread 3 ] DEBUG Engine               - appIcon: fxgl_icon.png
18:43:45.594 [FXGL Background Thread 3 ] DEBUG Engine               - applicationMode: DEVELOPER
18:43:45.594 [FXGL Background Thread 3 ] DEBUG Engine               - cSSList: [fxgl_dark.css]
18:43:45.594 [FXGL Background Thread 3 ] DEBUG Engine               - collisionDetectionStrategy: BRUTE_FORCE
18:43:45.594 [FXGL Background Thread 3 ] DEBUG Engine               - configClass: Optional.empty
18:43:45.594 [FXGL Background Thread 3 ] DEBUG Engine               - credits: []
18:43:45.595 [FXGL Background Thread 3 ] DEBUG Engine               - defaultCursor: CursorInfo(imageName=fxgl_default_cursor.png, hotspotX=7.0, hotspotY=6.0)
18:43:45.595 [FXGL Background Thread 3 ] DEBUG Engine               - devBBoxColorProperty: ObjectProperty [value: 0xff0000ff]
18:43:45.595 [FXGL Background Thread 3 ] DEBUG Engine               - devEnableDebugCameraProperty: BooleanProperty [value: false]
18:43:45.595 [FXGL Background Thread 3 ] DEBUG Engine               - devSensorColorProperty: ObjectProperty [value: 0xffff00ff]
18:43:45.595 [FXGL Background Thread 3 ] DEBUG Engine               - devShowBBoxProperty: BooleanProperty [value: false]
18:43:45.596 [FXGL Background Thread 3 ] DEBUG Engine               - devShowPositionProperty: BooleanProperty [value: false]
18:43:45.596 [FXGL Background Thread 3 ] DEBUG Engine               - enabledMenuItems: []
18:43:45.596 [FXGL Background Thread 3 ] DEBUG Engine               - engineServices: [class com.almasb.fxgl.app.services.FXGLAssetLoaderService, class com.almasb.fxgl.app.FXGLApplication$GameApplicationService, class com.almasb.fxgl.app.services.FXGLDialogService, class com.almasb.fxgl.app.services.IOTaskExecutorService, class com.almasb.fxgl.io.FileSystemService, class com.almasb.fxgl.localization.LocalizationService, class com.almasb.fxgl.app.services.SystemBundleService, class com.almasb.fxgl.profile.SaveLoadService, class com.almasb.fxgl.ui.FXGLUIFactoryServiceProvider, class com.almasb.fxgl.ui.FXGLDialogFactoryServiceProvider, class com.almasb.fxgl.audio.AudioPlayer, class com.almasb.fxgl.notification.impl.NotificationServiceProvider, class com.almasb.fxgl.achievement.AchievementService, class com.almasb.fxgl.cutscene.CutsceneService, class com.almasb.fxgl.minigames.MiniGameService, class com.almasb.fxgl.net.NetService, class com.almasb.fxgl.app.services.UpdaterService, class com.almasb.fxgl.dev.DevService]
18:43:45.596 [FXGL Background Thread 3 ] DEBUG Engine               - fontGame: Abel-Regular.ttf
18:43:45.596 [FXGL Background Thread 3 ] DEBUG Engine               - fontMono: TerminalLandMono-Regular.otf
18:43:45.596 [FXGL Background Thread 3 ] DEBUG Engine               - fontText: Courier-Prime.ttf
18:43:45.596 [FXGL Background Thread 3 ] DEBUG Engine               - fontUI: VarelaRound-Regular.ttf
18:43:45.596 [FXGL Background Thread 3 ] DEBUG Engine               - fullScreen: BooleanProperty [value: false]
18:43:45.596 [FXGL Background Thread 3 ] DEBUG Engine               - gameDifficulty: MEDIUM
18:43:45.596 [FXGL Background Thread 3 ] DEBUG Engine               - gameDifficultyProperty: ObjectProperty [value: MEDIUM]
18:43:45.596 [FXGL Background Thread 3 ] DEBUG Engine               - globalMusicVolume: 0.5
18:43:45.596 [FXGL Background Thread 3 ] DEBUG Engine               - globalMusicVolumeProperty: DoubleProperty [value: 0.5]
18:43:45.596 [FXGL Background Thread 3 ] DEBUG Engine               - globalSoundVolume: 0.5
18:43:45.596 [FXGL Background Thread 3 ] DEBUG Engine               - globalSoundVolumeProperty: DoubleProperty [value: 0.5]
18:43:45.596 [FXGL Background Thread 3 ] DEBUG Engine               - height: 1024
18:43:45.596 [FXGL Background Thread 3 ] DEBUG Engine               - is3D: false
18:43:45.596 [FXGL Background Thread 3 ] DEBUG Engine               - isAndroid: false
18:43:45.596 [FXGL Background Thread 3 ] DEBUG Engine               - isBrowser: false
18:43:45.596 [FXGL Background Thread 3 ] DEBUG Engine               - isClickFeedbackEnabled: false
18:43:45.596 [FXGL Background Thread 3 ] DEBUG Engine               - isCloseConfirmation: false
18:43:45.596 [FXGL Background Thread 3 ] DEBUG Engine               - isDesktop: true
18:43:45.596 [FXGL Background Thread 3 ] DEBUG Engine               - isDeveloperMenuEnabled: false
18:43:45.596 [FXGL Background Thread 3 ] DEBUG Engine               - isEmbedded: false
18:43:45.596 [FXGL Background Thread 3 ] DEBUG Engine               - isEntityPreloadEnabled: true
18:43:45.596 [FXGL Background Thread 3 ] DEBUG Engine               - isExperimentalTiledLargeMap: false
18:43:45.596 [FXGL Background Thread 3 ] DEBUG Engine               - isFileSystemWriteAllowed: true
18:43:45.596 [FXGL Background Thread 3 ] DEBUG Engine               - isFullScreenAllowed: false
18:43:45.596 [FXGL Background Thread 3 ] DEBUG Engine               - isFullScreenFromStart: false
18:43:45.596 [FXGL Background Thread 3 ] DEBUG Engine               - isGameMenuEnabled: true
18:43:45.596 [FXGL Background Thread 3 ] DEBUG Engine               - isIOS: false
18:43:45.596 [FXGL Background Thread 3 ] DEBUG Engine               - isIntroEnabled: false
18:43:45.596 [FXGL Background Thread 3 ] DEBUG Engine               - isLinux: false
18:43:45.596 [FXGL Background Thread 3 ] DEBUG Engine               - isMac: false
18:43:45.596 [FXGL Background Thread 3 ] DEBUG Engine               - isMainMenuEnabled: true
18:43:45.596 [FXGL Background Thread 3 ] DEBUG Engine               - isManualResizeEnabled: false
18:43:45.597 [FXGL Background Thread 3 ] DEBUG Engine               - isMobile: false
18:43:45.597 [FXGL Background Thread 3 ] DEBUG Engine               - isNative: false
18:43:45.597 [FXGL Background Thread 3 ] DEBUG Engine               - isPauseMusicWhenMinimized: true
18:43:45.597 [FXGL Background Thread 3 ] DEBUG Engine               - isPreserveResizeRatio: false
18:43:45.597 [FXGL Background Thread 3 ] DEBUG Engine               - isProfilingEnabled: false
18:43:45.597 [FXGL Background Thread 3 ] DEBUG Engine               - isScaleAffectedOnResize: true
18:43:45.597 [FXGL Background Thread 3 ] DEBUG Engine               - isSingleStep: false
18:43:45.597 [FXGL Background Thread 3 ] DEBUG Engine               - isUserProfileEnabled: false
18:43:45.597 [FXGL Background Thread 3 ] DEBUG Engine               - isWindows: true
18:43:45.597 [FXGL Background Thread 3 ] DEBUG Engine               - language: ObjectProperty [value: ENGLISH]
18:43:45.597 [FXGL Background Thread 3 ] DEBUG Engine               - menuKey: ESCAPE
18:43:45.597 [FXGL Background Thread 3 ] DEBUG Engine               - mouseSensitivity: 0.2
18:43:45.597 [FXGL Background Thread 3 ] DEBUG Engine               - notificationViewClass: class com.almasb.fxgl.notification.view.XboxNotificationView
18:43:45.597 [FXGL Background Thread 3 ] DEBUG Engine               - pixelsPerMeter: 50.0
18:43:45.597 [FXGL Background Thread 3 ] DEBUG Engine               - platform: WINDOWS
18:43:45.597 [FXGL Background Thread 3 ] DEBUG Engine               - prefHeightProperty: ReadOnlyDoubleProperty [value: 1024.0]
18:43:45.597 [FXGL Background Thread 3 ] DEBUG Engine               - prefWidthProperty: ReadOnlyDoubleProperty [value: 1024.0]
18:43:45.597 [FXGL Background Thread 3 ] DEBUG Engine               - profileDir: profiles/
18:43:45.597 [FXGL Background Thread 3 ] DEBUG Engine               - profileName: StringProperty [value: DEFAULT]
18:43:45.597 [FXGL Background Thread 3 ] DEBUG Engine               - randomSeed: -1
18:43:45.597 [FXGL Background Thread 3 ] DEBUG Engine               - runtimeInfo: RuntimeInfo(platform=WINDOWS, version=17.2, build=20.08.2022 16.50)
18:43:45.598 [FXGL Background Thread 3 ] DEBUG Engine               - saveFileExt: sav
18:43:45.598 [FXGL Background Thread 3 ] DEBUG Engine               - scaledHeightProp$fxgl: DoubleProperty [bound, value: 1024.0]
18:43:45.598 [FXGL Background Thread 3 ] DEBUG Engine               - scaledWidthProp$fxgl: DoubleProperty [bound, value: 1024.0]
18:43:45.598 [FXGL Background Thread 3 ] DEBUG Engine               - sceneFactory: myGame.DawnseekerApp$1@5f61ace5
18:43:45.598 [FXGL Background Thread 3 ] DEBUG Engine               - secondsIn24h: 60
18:43:45.598 [FXGL Background Thread 3 ] DEBUG Engine               - soundMenuBack: menu/back.wav
18:43:45.598 [FXGL Background Thread 3 ] DEBUG Engine               - soundMenuPress: menu/press.wav
18:43:45.598 [FXGL Background Thread 3 ] DEBUG Engine               - soundMenuSelect: menu/select.wav
18:43:45.598 [FXGL Background Thread 3 ] DEBUG Engine               - soundNotification: core/notification.wav
18:43:45.598 [FXGL Background Thread 3 ] DEBUG Engine               - stageStyle: DECORATED
18:43:45.598 [FXGL Background Thread 3 ] DEBUG Engine               - supportedLanguages: [ENGLISH, FRENCH, GERMAN, HUNGARIAN, RUSSIAN]
18:43:45.598 [FXGL Background Thread 3 ] DEBUG Engine               - ticksPerSecond: -1
18:43:45.598 [FXGL Background Thread 3 ] DEBUG Engine               - title: Dawnseeker
18:43:45.598 [FXGL Background Thread 3 ] DEBUG Engine               - urlGithub: https://github.com/AlmasB/FXGL
18:43:45.598 [FXGL Background Thread 3 ] DEBUG Engine               - urlLeaderboard: http://fxgl-top.herokuapp.com/
18:43:45.598 [FXGL Background Thread 3 ] DEBUG Engine               - urlPOM: https://raw.githubusercontent.com/AlmasB/FXGL/release/README.md
18:43:45.598 [FXGL Background Thread 3 ] DEBUG Engine               - userAppClass: class myGame.DawnseekerApp
18:43:45.598 [FXGL Background Thread 3 ] DEBUG Engine               - version: 0.4
18:43:45.598 [FXGL Background Thread 3 ] DEBUG Engine               - versionCheckDays: 7
18:43:45.598 [FXGL Background Thread 3 ] DEBUG Engine               - width: 1024
18:43:45.598 [FXGL Background Thread 3 ] DEBUG Engine               - Logging services
18:43:45.598 [FXGL Background Thread 3 ] DEBUG Engine               - class com.almasb.fxgl.app.services.FXGLAssetLoaderService
18:43:45.598 [FXGL Background Thread 3 ] DEBUG Engine               - class com.almasb.fxgl.app.FXGLApplication$GameApplicationService
18:43:45.598 [FXGL Background Thread 3 ] DEBUG Engine               - class com.almasb.fxgl.app.services.FXGLDialogService
18:43:45.598 [FXGL Background Thread 3 ] DEBUG Engine               - class com.almasb.fxgl.app.services.IOTaskExecutorService
18:43:45.598 [FXGL Background Thread 3 ] DEBUG Engine               - class com.almasb.fxgl.io.FileSystemService
18:43:45.598 [FXGL Background Thread 3 ] DEBUG Engine               - class com.almasb.fxgl.localization.LocalizationService
18:43:45.598 [FXGL Background Thread 3 ] DEBUG Engine               - class com.almasb.fxgl.app.services.SystemBundleService
18:43:45.598 [FXGL Background Thread 3 ] DEBUG Engine               - class com.almasb.fxgl.profile.SaveLoadService
18:43:45.598 [FXGL Background Thread 3 ] DEBUG Engine               - class com.almasb.fxgl.ui.FXGLUIFactoryServiceProvider
18:43:45.598 [FXGL Background Thread 3 ] DEBUG Engine               - class com.almasb.fxgl.ui.FXGLDialogFactoryServiceProvider
18:43:45.598 [FXGL Background Thread 3 ] DEBUG Engine               - class com.almasb.fxgl.audio.AudioPlayer
18:43:45.598 [FXGL Background Thread 3 ] DEBUG Engine               - class com.almasb.fxgl.notification.impl.NotificationServiceProvider
18:43:45.598 [FXGL Background Thread 3 ] DEBUG Engine               - class com.almasb.fxgl.achievement.AchievementService
18:43:45.598 [FXGL Background Thread 3 ] DEBUG Engine               - class com.almasb.fxgl.cutscene.CutsceneService
18:43:45.598 [FXGL Background Thread 3 ] DEBUG Engine               - class com.almasb.fxgl.minigames.MiniGameService
18:43:45.598 [FXGL Background Thread 3 ] DEBUG Engine               - class com.almasb.fxgl.net.NetService
18:43:45.598 [FXGL Background Thread 3 ] DEBUG Engine               - class com.almasb.fxgl.app.services.UpdaterService
18:43:45.598 [FXGL Background Thread 3 ] DEBUG Engine               - class com.almasb.fxgl.dev.DevService
18:43:47.897 [JavaFX Application Thread] WARN  GameWorld            - Attempted to remove entity which is not active
18:43:48.347 [JavaFX Application Thread] WARN  GameWorld            - Attempted to remove entity which is not active
18:43:48.383 [JavaFX Application Thread] WARN  GameWorld            - Attempted to remove entity which is not active
18:43:49.736 [JavaFX Application Thread] WARN  GameWorld            - Attempted to remove entity which is not active
18:43:49.882 [JavaFX Application Thread] WARN  GameWorld            - Attempted to remove entity which is not active
18:43:49.966 [JavaFX Application Thread] WARN  GameWorld            - Attempted to remove entity which is not active
18:43:50.764 [JavaFX Application Thread] DEBUG FXGLAssetLoaderServi - Loading from file system: file:/C:/Users/garre/git/CS4900G2Proj2/Dawnseeker/target/classes/assets/sounds/coin_pickup.wav
18:43:50.768 [JavaFX Application Thread] WARN  GameWorld            - Attempted to remove entity which is not active
18:43:50.992 [JavaFX Application Thread] WARN  GameWorld            - Attempted to remove entity which is not active
18:43:51.341 [JavaFX Application Thread] WARN  GameWorld            - Attempted to remove entity which is not active
18:43:52.111 [JavaFX Application Thread] WARN  GameWorld            - Attempted to remove entity which is not active
18:43:52.521 [JavaFX Application Thread] WARN  GameWorld            - Attempted to remove entity which is not active
18:43:53.122 [JavaFX Application Thread] WARN  GameWorld            - Attempted to remove entity which is not active
18:43:53.639 [JavaFX Application Thread] WARN  GameWorld            - Attempted to remove entity which is not active
18:43:54.028 [JavaFX Application Thread] WARN  GameWorld            - Attempted to remove entity which is not active
18:43:54.064 [JavaFX Application Thread] WARN  GameWorld            - Attempted to remove entity which is not active
18:43:54.640 [JavaFX Application Thread] WARN  GameWorld            - Attempted to remove entity which is not active
18:43:54.800 [JavaFX Application Thread] WARN  GameWorld            - Attempted to remove entity which is not active
18:43:54.910 [JavaFX Application Thread] WARN  GameWorld            - Attempted to remove entity which is not active
18:43:54.975 [JavaFX Application Thread] WARN  GameWorld            - Attempted to remove entity which is not active
18:43:55.584 [JavaFX Application Thread] WARN  GameWorld            - Attempted to remove entity which is not active
18:43:55.799 [JavaFX Application Thread] WARN  GameWorld            - Attempted to remove entity which is not active
18:43:56.870 [JavaFX Application Thread] WARN  GameWorld            - Attempted to remove entity which is not active
18:43:57.146 [JavaFX Application Thread] WARN  GameWorld            - Attempted to remove entity which is not active
18:43:57.983 [JavaFX Application Thread] DEBUG FXGLApplication      - Exiting FXGL
18:43:57.983 [JavaFX Application Thread] DEBUG LoopRunner           - Stopping loop
18:43:57.983 [JavaFX Application Thread] DEBUG SystemBundleService  - Saving FXGL system data
18:43:57.986 [JavaFX Application Thread] DEBUG FileSystemAccess     - Writing to: C:\Users\garre\git\CS4900G2Proj2\Dawnseeker\system\fxgl.bundle
18:43:57.988 [JavaFX Application Thread] DEBUG Async                - Shutting down background threads
18:43:57.988 [JavaFX Application Thread] DEBUG PrimaryStageWindow   - Closing main window
18:43:57.996 [JavaFX Application Thread] DEBUG Logger               - Closing Logger
