12:29:36.385 [main                     ] DEBUG Logger               - Configured Logger
12:29:36.409 [main                     ] DEBUG GameApplication      - Logging settings
Title: Dawnseeker
Version: 0.1
Width: 1024
Height: 1024
Fullscreen: false
Intro: false
Profiling: false
Single step:false
App Mode: DEVELOPER
Menu Key: ESCAPE
Stage Style: DECORATED
Scene Factory: class com.almasb.fxgl.app.scene.SceneFactory

12:29:36.974 [JavaFX Application Thread] DEBUG FXGLApplication      - Initializing FXGL
12:29:36.979 [JavaFX Application Thread] INFO  Engine               - FXGL-17.2 (20.08.2022 16.50) on WINDOWS (J:19 FX:18)
12:29:36.980 [JavaFX Application Thread] DEBUG Engine               - JRE Vendor Name: Eclipse Adoptium
12:29:36.980 [JavaFX Application Thread] DEBUG Engine               - Running on OS: Windows 10 version 10.0
12:29:36.980 [JavaFX Application Thread] DEBUG Engine               - Architecture: amd64
12:29:36.980 [JavaFX Application Thread] INFO  Engine               - Source code and latest versions at: https://github.com/AlmasB/FXGL
12:29:36.980 [JavaFX Application Thread] INFO  Engine               -       Ask questions and discuss at: https://github.com/AlmasB/FXGL/discussions
12:29:36.980 [JavaFX Application Thread] INFO  Engine               -              Join the FXGL chat at: https://gitter.im/AlmasB/FXGL
12:29:37.094 [JavaFX Application Thread] DEBUG PrimaryStageWindow   - Creating a JavaFX scene
12:29:37.173 [JavaFX Application Thread] DEBUG PrimaryStageWindow   - Target settings size: 1024.0 x 1024.0
12:29:37.173 [JavaFX Application Thread] DEBUG PrimaryStageWindow   - Scaled scene size:    1024.0 x 1024.0
12:29:37.173 [JavaFX Application Thread] DEBUG PrimaryStageWindow   - Scaled ratio: (1.0, 1.0)
12:29:37.175 [JavaFX Application Thread] DEBUG PrimaryStageWindow   - Set initial scene to FXGLStartupScene
12:29:37.181 [JavaFX Application Thread] DEBUG PrimaryStageWindow   - Opening main window
12:29:37.439 [JavaFX Application Thread] DEBUG PrimaryStageWindow   - Window border size: (16.0, 39.0)
12:29:37.439 [JavaFX Application Thread] DEBUG PrimaryStageWindow   - Scaled size: 1024.0 x 1024.0
12:29:37.440 [JavaFX Application Thread] DEBUG PrimaryStageWindow   - Scaled ratio: (1.0, 1.0)
12:29:37.440 [JavaFX Application Thread] DEBUG PrimaryStageWindow   - Scene size: 1024.0 x 1024.0
12:29:37.440 [JavaFX Application Thread] DEBUG PrimaryStageWindow   - Stage size: 1040.0 x 1063.0
12:29:37.447 [FXGL Background Thread 1 ] DEBUG Engine               - Initializing environment variables
12:29:37.513 [FXGL Background Thread 1 ] DEBUG FXGLAssetLoaderServi - User app class for loading assets: class myGame.DawnseekerApp
12:29:37.513 [FXGL Background Thread 1 ] DEBUG GameApplicationServi - Applying CSS: fxgl_dark.css
12:29:37.514 [FXGL Background Thread 1 ] DEBUG FXGLAssetLoaderServi - Loading from file system: jar:file:/C:/Users/User/.m2/repository/com/github/almasb/fxgl/17.2/fxgl-17.2.jar!/fxglassets/ui/css/fxgl_dark.css
12:29:37.563 [FXGL Background Thread 1 ] DEBUG GameApplicationServi - Initializing application scenes
12:29:37.607 [FXGL Background Thread 1 ] DEBUG GameWorld            - Game world initialized
12:29:37.672 [FXGL Background Thread 1 ] DEBUG PhysicsWorld         - Physics world initialized: appHeight=1024, physics.ppm=50.0
12:29:37.673 [FXGL Background Thread 1 ] DEBUG PhysicsWorld         - Using strategy: BRUTE_FORCE
12:29:37.676 [FXGL Background Thread 1 ] DEBUG GameScene            - Game scene initialized: 1024x1024
12:29:37.693 [FXGL Background Thread 1 ] DEBUG FXGL.DefaultMenu     - createMenuBodyMainMenu()
12:29:37.711 [FXGL Background Thread 1 ] DEBUG FXGL.DefaultMenu     - createOptionsMenu()
12:29:37.722 [FXGL Background Thread 1 ] DEBUG FXGLAssetLoaderServi - Loading from file system: jar:file:/C:/Users/User/.m2/repository/com/github/almasb/fxgl/17.2/fxgl-17.2.jar!/fxglassets/textures/particles/smoke.png
12:29:37.823 [FXGL Background Thread 1 ] DEBUG FXGLAssetLoaderServi - Loading from file system: jar:file:/C:/Users/User/.m2/repository/com/github/almasb/fxgl/17.2/fxgl-17.2.jar!/fxglassets/textures/particles/trace_horizontal.png
12:29:37.850 [FXGL Background Thread 1 ] DEBUG FXGL.DefaultMenu     - createMenuBodyGameMenu()
12:29:37.851 [FXGL Background Thread 1 ] DEBUG FXGL.DefaultMenu     - createOptionsMenu()
12:29:37.864 [FXGL Background Thread 1 ] DEBUG GameApplicationServi - Application scenes initialized
12:29:37.877 [FXGL Background Thread 1 ] DEBUG SystemBundleService  - Loading FXGL system data
12:29:37.881 [FXGL Background Thread 1 ] DEBUG FileSystemAccess     - Reading from: C:\Users\User\Desktop\Spring2023\CS4900G2Proj2\Dawnseeker\system\fxgl.bundle
12:29:37.890 [FXGL Background Thread 1 ] DEBUG SystemBundleService  - Bundle FXGL: {}
12:29:37.890 [FXGL Background Thread 1 ] DEBUG UpdaterService       - Checking for updates
12:29:37.894 [FXGL Background Thread 4 ] DEBUG FXGLApplication      - Loading fonts
12:29:37.894 [FXGL Background Thread 1 ] DEBUG FXGLApplication      - Loading default localization
12:29:37.894 [FXGL Background Thread 4 ] DEBUG FXGLAssetLoaderServi - Loading from file system: jar:file:/C:/Users/User/.m2/repository/com/github/almasb/fxgl/17.2/fxgl-17.2.jar!/fxglassets/ui/fonts/VarelaRound-Regular.ttf
12:29:37.895 [FXGL Background Thread 1 ] DEBUG FXGLAssetLoaderServi - Loading from file system: jar:file:/C:/Users/User/.m2/repository/com/github/almasb/fxgl/17.2/fxgl-17.2.jar!/fxglassets/languages/english.lang
12:29:37.921 [FXGL Background Thread 1 ] INFO  FXGLApplication      - FXGL initialization took: 0.473 sec
12:29:37.933 [JavaFX Application Thread] DEBUG Input                - Registered new binding: action0 - W
12:29:37.934 [JavaFX Application Thread] DEBUG Input                - Registered new binding: action1 - S
12:29:37.934 [JavaFX Application Thread] DEBUG Input                - Registered new binding: action2 - A
12:29:37.934 [JavaFX Application Thread] DEBUG Input                - Registered new binding: action3 - D
12:29:37.936 [JavaFX Application Thread] DEBUG Input                - Registered new binding: action4 - LMB
12:29:37.936 [JavaFX Application Thread] DEBUG FXGLAssetLoaderServi - Loading from file system: jar:file:/C:/Users/User/.m2/repository/com/github/almasb/fxgl/17.2/fxgl-17.2.jar!/fxglassets/textures/fxgl_icon.png
12:29:37.959 [JavaFX Application Thread] DEBUG FXGLAssetLoaderServi - Loading from file system: jar:file:/C:/Users/User/.m2/repository/com/github/almasb/fxgl/17.2/fxgl-17.2.jar!/fxglassets/textures/fxgl_default_cursor.png
12:29:37.962 [JavaFX Application Thread] DEBUG Input                - Registered new binding: Screenshot - CTRL+8
12:29:37.962 [JavaFX Application Thread] DEBUG Input                - Registered new binding: System info dump - CTRL+9
12:29:37.963 [JavaFX Application Thread] DEBUG Input                - Registered new binding: Restart - CTRL+R
12:29:37.963 [JavaFX Application Thread] DEBUG Input                - Registered new binding: Toggle Debug Camera - CTRL+7
12:29:37.966 [JavaFX Application Thread] DEBUG LoopRunner           - Starting loop
12:29:37.967 [JavaFX Application Thread] DEBUG LoopRunner           - Initializing JavaFX AnimationTimerLoop
12:29:37.969 [JavaFX Application Thread] DEBUG Input                - Clearing active input actions
12:29:37.977 [JavaFX Application Thread] DEBUG GameApplicationServi - Removing overlay from FXGLStartupScene and adding to FXGLMainMenuDummyScene
12:29:37.978 [JavaFX Application Thread] DEBUG PrimaryStageWindow   - FXGLStartupScene -> FXGLMainMenuDummyScene
12:29:37.978 [JavaFX Application Thread] DEBUG PrimaryStageWindow   - Push state: FXGLDefaultMenu
12:29:37.986 [JavaFX Application Thread] DEBUG Input                - Clearing active input actions
12:29:38.000 [JavaFX Application Thread] DEBUG GameApplicationServi - Removing overlay from FXGLMainMenuDummyScene and adding to FXGLDefaultMenu
12:29:38.000 [JavaFX Application Thread] DEBUG PrimaryStageWindow   - FXGLMainMenuDummyScene -> FXGLDefaultMenu
12:29:38.593 [FXGL Background Thread 4 ] DEBUG FXGLAssetLoaderServi - Loading from file system: jar:file:/C:/Users/User/.m2/repository/com/github/almasb/fxgl/17.2/fxgl-17.2.jar!/fxglassets/ui/fonts/Abel-Regular.ttf
12:29:38.596 [FXGL Background Thread 4 ] DEBUG FXGLAssetLoaderServi - Loading from file system: jar:file:/C:/Users/User/.m2/repository/com/github/almasb/fxgl/17.2/fxgl-17.2.jar!/fxglassets/ui/fonts/TerminalLandMono-Regular.otf
12:29:38.601 [FXGL Background Thread 4 ] DEBUG FXGLAssetLoaderServi - Loading from file system: jar:file:/C:/Users/User/.m2/repository/com/github/almasb/fxgl/17.2/fxgl-17.2.jar!/fxglassets/ui/fonts/Courier-Prime.ttf
12:29:38.616 [JavaFX Application Thread] DEBUG FXGLApplication      - Registering font factories with UI factory
12:29:39.960 [JavaFX Application Thread] DEBUG Menu                 - fireNewGame()
12:29:39.960 [JavaFX Application Thread] DEBUG GameApplicationServi - Starting new game
12:29:39.962 [JavaFX Application Thread] DEBUG PrimaryStageWindow   - Pop state: FXGLDefaultMenu
12:29:39.962 [JavaFX Application Thread] DEBUG Input                - Clearing active input actions
12:29:39.962 [JavaFX Application Thread] DEBUG GameApplicationServi - Removing overlay from FXGLDefaultMenu and adding to FXGLMainMenuDummyScene
12:29:39.963 [JavaFX Application Thread] DEBUG PrimaryStageWindow   - FXGLMainMenuDummyScene <- FXGLDefaultMenu
12:29:39.963 [JavaFX Application Thread] DEBUG Input                - Clearing active input actions
12:29:39.972 [JavaFX Application Thread] DEBUG GameApplicationServi - Removing overlay from FXGLMainMenuDummyScene and adding to FXGLLoadingScene
12:29:39.972 [JavaFX Application Thread] DEBUG PrimaryStageWindow   - FXGLMainMenuDummyScene -> FXGLLoadingScene
12:29:39.972 [JavaFX Application Thread] DEBUG GameApplicationServi - Clearing previous game
12:29:39.972 [JavaFX Application Thread] DEBUG GameScene            - Clearing game scene
12:29:39.972 [JavaFX Application Thread] DEBUG GameWorld            - Clearing game world
12:29:39.972 [JavaFX Application Thread] DEBUG PhysicsWorld         - Clearing physics world
12:29:39.975 [FXGL Background Thread 2 ] DEBUG FXGLApplication      - Initializing game
12:29:40.006 [FXGL Background Thread 2 ] WARN  GameWorld            - Entity is already attached to world
12:29:40.007 [FXGL Background Thread 2 ] WARN  Entity               - Entity already has component: com.almasb.fxgl.entity.components.CollidableComponent
12:29:40.008 [FXGL Background Thread 2 ] WARN  GameWorld            - Entity is already attached to world
12:29:40.008 [FXGL Background Thread 2 ] WARN  Entity               - Entity already has component: com.almasb.fxgl.entity.components.CollidableComponent
12:29:40.009 [FXGL Background Thread 2 ] WARN  GameWorld            - Entity is already attached to world
12:29:40.009 [FXGL Background Thread 2 ] WARN  Entity               - Entity already has component: com.almasb.fxgl.entity.components.CollidableComponent
12:29:40.009 [FXGL Background Thread 2 ] WARN  GameWorld            - Entity is already attached to world
12:29:40.010 [FXGL Background Thread 2 ] WARN  Entity               - Entity already has component: com.almasb.fxgl.entity.components.CollidableComponent
12:29:40.010 [FXGL Background Thread 2 ] WARN  GameWorld            - Entity is already attached to world
12:29:40.030 [FXGL Background Thread 2 ] INFO  FXGLApplication      - Game initialization took: 0.055 sec
12:29:40.036 [JavaFX Application Thread] DEBUG Input                - Clearing active input actions
12:29:40.044 [JavaFX Application Thread] DEBUG GameApplicationServi - Removing overlay from FXGLLoadingScene and adding to GameScene
12:29:40.045 [JavaFX Application Thread] DEBUG PrimaryStageWindow   - FXGLLoadingScene -> GameScene
12:29:40.894 [FXGL Background Thread 3 ] DEBUG Engine               - Logging environment variables
12:29:40.894 [FXGL Background Thread 3 ] DEBUG Engine               - achievements: []
12:29:40.894 [FXGL Background Thread 3 ] DEBUG Engine               - actualHeight: 1024.0
12:29:40.894 [FXGL Background Thread 3 ] DEBUG Engine               - actualHeightProperty: ReadOnlyDoubleProperty [value: 1024.0]
12:29:40.894 [FXGL Background Thread 3 ] DEBUG Engine               - actualWidth: 1024.0
12:29:40.894 [FXGL Background Thread 3 ] DEBUG Engine               - actualWidthProperty: ReadOnlyDoubleProperty [value: 1024.0]
12:29:40.895 [FXGL Background Thread 3 ] DEBUG Engine               - appIcon: fxgl_icon.png
12:29:40.895 [FXGL Background Thread 3 ] DEBUG Engine               - applicationMode: DEVELOPER
12:29:40.895 [FXGL Background Thread 3 ] DEBUG Engine               - cSSList: [fxgl_dark.css]
12:29:40.895 [FXGL Background Thread 3 ] DEBUG Engine               - collisionDetectionStrategy: BRUTE_FORCE
12:29:40.895 [FXGL Background Thread 3 ] DEBUG Engine               - configClass: Optional.empty
12:29:40.895 [FXGL Background Thread 3 ] DEBUG Engine               - credits: []
12:29:40.895 [FXGL Background Thread 3 ] DEBUG Engine               - defaultCursor: CursorInfo(imageName=fxgl_default_cursor.png, hotspotX=7.0, hotspotY=6.0)
12:29:40.895 [FXGL Background Thread 3 ] DEBUG Engine               - devBBoxColorProperty: ObjectProperty [value: 0xff0000ff]
12:29:40.895 [FXGL Background Thread 3 ] DEBUG Engine               - devEnableDebugCameraProperty: BooleanProperty [value: false]
12:29:40.895 [FXGL Background Thread 3 ] DEBUG Engine               - devSensorColorProperty: ObjectProperty [value: 0xffff00ff]
12:29:40.895 [FXGL Background Thread 3 ] DEBUG Engine               - devShowBBoxProperty: BooleanProperty [value: false]
12:29:40.895 [FXGL Background Thread 3 ] DEBUG Engine               - devShowPositionProperty: BooleanProperty [value: false]
12:29:40.895 [FXGL Background Thread 3 ] DEBUG Engine               - enabledMenuItems: []
12:29:40.895 [FXGL Background Thread 3 ] DEBUG Engine               - engineServices: [class com.almasb.fxgl.app.services.FXGLAssetLoaderService, class com.almasb.fxgl.app.FXGLApplication$GameApplicationService, class com.almasb.fxgl.app.services.FXGLDialogService, class com.almasb.fxgl.app.services.IOTaskExecutorService, class com.almasb.fxgl.io.FileSystemService, class com.almasb.fxgl.localization.LocalizationService, class com.almasb.fxgl.app.services.SystemBundleService, class com.almasb.fxgl.profile.SaveLoadService, class com.almasb.fxgl.ui.FXGLUIFactoryServiceProvider, class com.almasb.fxgl.ui.FXGLDialogFactoryServiceProvider, class com.almasb.fxgl.audio.AudioPlayer, class com.almasb.fxgl.notification.impl.NotificationServiceProvider, class com.almasb.fxgl.achievement.AchievementService, class com.almasb.fxgl.cutscene.CutsceneService, class com.almasb.fxgl.minigames.MiniGameService, class com.almasb.fxgl.net.NetService, class com.almasb.fxgl.app.services.UpdaterService, class com.almasb.fxgl.dev.DevService]
12:29:40.895 [FXGL Background Thread 3 ] DEBUG Engine               - fontGame: Abel-Regular.ttf
12:29:40.895 [FXGL Background Thread 3 ] DEBUG Engine               - fontMono: TerminalLandMono-Regular.otf
12:29:40.895 [FXGL Background Thread 3 ] DEBUG Engine               - fontText: Courier-Prime.ttf
12:29:40.896 [FXGL Background Thread 3 ] DEBUG Engine               - fontUI: VarelaRound-Regular.ttf
12:29:40.896 [FXGL Background Thread 3 ] DEBUG Engine               - fullScreen: BooleanProperty [value: false]
12:29:40.896 [FXGL Background Thread 3 ] DEBUG Engine               - gameDifficulty: MEDIUM
12:29:40.896 [FXGL Background Thread 3 ] DEBUG Engine               - gameDifficultyProperty: ObjectProperty [value: MEDIUM]
12:29:40.896 [FXGL Background Thread 3 ] DEBUG Engine               - globalMusicVolume: 0.5
12:29:40.896 [FXGL Background Thread 3 ] DEBUG Engine               - globalMusicVolumeProperty: DoubleProperty [value: 0.5]
12:29:40.896 [FXGL Background Thread 3 ] DEBUG Engine               - globalSoundVolume: 0.5
12:29:40.896 [FXGL Background Thread 3 ] DEBUG Engine               - globalSoundVolumeProperty: DoubleProperty [value: 0.5]
12:29:40.896 [FXGL Background Thread 3 ] DEBUG Engine               - height: 1024
12:29:40.896 [FXGL Background Thread 3 ] DEBUG Engine               - is3D: false
12:29:40.896 [FXGL Background Thread 3 ] DEBUG Engine               - isAndroid: false
12:29:40.896 [FXGL Background Thread 3 ] DEBUG Engine               - isBrowser: false
12:29:40.896 [FXGL Background Thread 3 ] DEBUG Engine               - isClickFeedbackEnabled: false
12:29:40.896 [FXGL Background Thread 3 ] DEBUG Engine               - isCloseConfirmation: false
12:29:40.896 [FXGL Background Thread 3 ] DEBUG Engine               - isDesktop: true
12:29:40.896 [FXGL Background Thread 3 ] DEBUG Engine               - isDeveloperMenuEnabled: false
12:29:40.896 [FXGL Background Thread 3 ] DEBUG Engine               - isEmbedded: false
12:29:40.896 [FXGL Background Thread 3 ] DEBUG Engine               - isEntityPreloadEnabled: true
12:29:40.896 [FXGL Background Thread 3 ] DEBUG Engine               - isExperimentalTiledLargeMap: false
12:29:40.896 [FXGL Background Thread 3 ] DEBUG Engine               - isFileSystemWriteAllowed: true
12:29:40.896 [FXGL Background Thread 3 ] DEBUG Engine               - isFullScreenAllowed: false
12:29:40.897 [FXGL Background Thread 3 ] DEBUG Engine               - isFullScreenFromStart: false
12:29:40.897 [FXGL Background Thread 3 ] DEBUG Engine               - isGameMenuEnabled: true
12:29:40.897 [FXGL Background Thread 3 ] DEBUG Engine               - isIOS: false
12:29:40.897 [FXGL Background Thread 3 ] DEBUG Engine               - isIntroEnabled: false
12:29:40.897 [FXGL Background Thread 3 ] DEBUG Engine               - isLinux: false
12:29:40.897 [FXGL Background Thread 3 ] DEBUG Engine               - isMac: false
12:29:40.897 [FXGL Background Thread 3 ] DEBUG Engine               - isMainMenuEnabled: true
12:29:40.897 [FXGL Background Thread 3 ] DEBUG Engine               - isManualResizeEnabled: false
12:29:40.897 [FXGL Background Thread 3 ] DEBUG Engine               - isMobile: false
12:29:40.897 [FXGL Background Thread 3 ] DEBUG Engine               - isNative: false
12:29:40.897 [FXGL Background Thread 3 ] DEBUG Engine               - isPauseMusicWhenMinimized: true
12:29:40.897 [FXGL Background Thread 3 ] DEBUG Engine               - isPreserveResizeRatio: false
12:29:40.897 [FXGL Background Thread 3 ] DEBUG Engine               - isProfilingEnabled: false
12:29:40.897 [FXGL Background Thread 3 ] DEBUG Engine               - isScaleAffectedOnResize: true
12:29:40.897 [FXGL Background Thread 3 ] DEBUG Engine               - isSingleStep: false
12:29:40.897 [FXGL Background Thread 3 ] DEBUG Engine               - isUserProfileEnabled: false
12:29:40.897 [FXGL Background Thread 3 ] DEBUG Engine               - isWindows: true
12:29:40.898 [FXGL Background Thread 3 ] DEBUG Engine               - language: ObjectProperty [value: ENGLISH]
12:29:40.898 [FXGL Background Thread 3 ] DEBUG Engine               - menuKey: ESCAPE
12:29:40.898 [FXGL Background Thread 3 ] DEBUG Engine               - mouseSensitivity: 0.2
12:29:40.898 [FXGL Background Thread 3 ] DEBUG Engine               - notificationViewClass: class com.almasb.fxgl.notification.view.XboxNotificationView
12:29:40.898 [FXGL Background Thread 3 ] DEBUG Engine               - pixelsPerMeter: 50.0
12:29:40.898 [FXGL Background Thread 3 ] DEBUG Engine               - platform: WINDOWS
12:29:40.898 [FXGL Background Thread 3 ] DEBUG Engine               - prefHeightProperty: ReadOnlyDoubleProperty [value: 1024.0]
12:29:40.898 [FXGL Background Thread 3 ] DEBUG Engine               - prefWidthProperty: ReadOnlyDoubleProperty [value: 1024.0]
12:29:40.898 [FXGL Background Thread 3 ] DEBUG Engine               - profileDir: profiles/
12:29:40.898 [FXGL Background Thread 3 ] DEBUG Engine               - profileName: StringProperty [value: DEFAULT]
12:29:40.898 [FXGL Background Thread 3 ] DEBUG Engine               - randomSeed: -1
12:29:40.899 [FXGL Background Thread 3 ] DEBUG Engine               - runtimeInfo: RuntimeInfo(platform=WINDOWS, version=17.2, build=20.08.2022 16.50)
12:29:40.899 [FXGL Background Thread 3 ] DEBUG Engine               - saveFileExt: sav
12:29:40.899 [FXGL Background Thread 3 ] DEBUG Engine               - scaledHeightProp$fxgl: DoubleProperty [bound, value: 1024.0]
12:29:40.899 [FXGL Background Thread 3 ] DEBUG Engine               - scaledWidthProp$fxgl: DoubleProperty [bound, value: 1024.0]
12:29:40.899 [FXGL Background Thread 3 ] DEBUG Engine               - sceneFactory: com.almasb.fxgl.app.scene.SceneFactory@40f961eb
12:29:40.899 [FXGL Background Thread 3 ] DEBUG Engine               - secondsIn24h: 60
12:29:40.899 [FXGL Background Thread 3 ] DEBUG Engine               - soundMenuBack: menu/back.wav
12:29:40.899 [FXGL Background Thread 3 ] DEBUG Engine               - soundMenuPress: menu/press.wav
12:29:40.899 [FXGL Background Thread 3 ] DEBUG Engine               - soundMenuSelect: menu/select.wav
12:29:40.899 [FXGL Background Thread 3 ] DEBUG Engine               - soundNotification: core/notification.wav
12:29:40.899 [FXGL Background Thread 3 ] DEBUG Engine               - stageStyle: DECORATED
12:29:40.899 [FXGL Background Thread 3 ] DEBUG Engine               - supportedLanguages: [ENGLISH, FRENCH, GERMAN, HUNGARIAN, RUSSIAN]
12:29:40.899 [FXGL Background Thread 3 ] DEBUG Engine               - ticksPerSecond: -1
12:29:40.899 [FXGL Background Thread 3 ] DEBUG Engine               - title: Dawnseeker
12:29:40.899 [FXGL Background Thread 3 ] DEBUG Engine               - urlGithub: https://github.com/AlmasB/FXGL
12:29:40.899 [FXGL Background Thread 3 ] DEBUG Engine               - urlLeaderboard: http://fxgl-top.herokuapp.com/
12:29:40.899 [FXGL Background Thread 3 ] DEBUG Engine               - urlPOM: https://raw.githubusercontent.com/AlmasB/FXGL/release/README.md
12:29:40.899 [FXGL Background Thread 3 ] DEBUG Engine               - userAppClass: class myGame.DawnseekerApp
12:29:40.899 [FXGL Background Thread 3 ] DEBUG Engine               - version: 0.1
12:29:40.900 [FXGL Background Thread 3 ] DEBUG Engine               - versionCheckDays: 7
12:29:40.900 [FXGL Background Thread 3 ] DEBUG Engine               - width: 1024
12:29:40.900 [FXGL Background Thread 3 ] DEBUG Engine               - Logging services
12:29:40.900 [FXGL Background Thread 3 ] DEBUG Engine               - class com.almasb.fxgl.app.services.FXGLAssetLoaderService
12:29:40.900 [FXGL Background Thread 3 ] DEBUG Engine               - class com.almasb.fxgl.app.FXGLApplication$GameApplicationService
12:29:40.900 [FXGL Background Thread 3 ] DEBUG Engine               - class com.almasb.fxgl.app.services.FXGLDialogService
12:29:40.900 [FXGL Background Thread 3 ] DEBUG Engine               - class com.almasb.fxgl.app.services.IOTaskExecutorService
12:29:40.900 [FXGL Background Thread 3 ] DEBUG Engine               - class com.almasb.fxgl.io.FileSystemService
12:29:40.900 [FXGL Background Thread 3 ] DEBUG Engine               - class com.almasb.fxgl.localization.LocalizationService
12:29:40.900 [FXGL Background Thread 3 ] DEBUG Engine               - class com.almasb.fxgl.app.services.SystemBundleService
12:29:40.900 [FXGL Background Thread 3 ] DEBUG Engine               - class com.almasb.fxgl.profile.SaveLoadService
12:29:40.900 [FXGL Background Thread 3 ] DEBUG Engine               - class com.almasb.fxgl.ui.FXGLUIFactoryServiceProvider
12:29:40.900 [FXGL Background Thread 3 ] DEBUG Engine               - class com.almasb.fxgl.ui.FXGLDialogFactoryServiceProvider
12:29:40.900 [FXGL Background Thread 3 ] DEBUG Engine               - class com.almasb.fxgl.audio.AudioPlayer
12:29:40.900 [FXGL Background Thread 3 ] DEBUG Engine               - class com.almasb.fxgl.notification.impl.NotificationServiceProvider
12:29:40.900 [FXGL Background Thread 3 ] DEBUG Engine               - class com.almasb.fxgl.achievement.AchievementService
12:29:40.900 [FXGL Background Thread 3 ] DEBUG Engine               - class com.almasb.fxgl.cutscene.CutsceneService
12:29:40.900 [FXGL Background Thread 3 ] DEBUG Engine               - class com.almasb.fxgl.minigames.MiniGameService
12:29:40.900 [FXGL Background Thread 3 ] DEBUG Engine               - class com.almasb.fxgl.net.NetService
12:29:40.900 [FXGL Background Thread 3 ] DEBUG Engine               - class com.almasb.fxgl.app.services.UpdaterService
12:29:40.900 [FXGL Background Thread 3 ] DEBUG Engine               - class com.almasb.fxgl.dev.DevService
12:29:51.260 [JavaFX Application Thread] DEBUG FXGLApplication      - Exiting FXGL
12:29:51.260 [JavaFX Application Thread] DEBUG LoopRunner           - Stopping loop
12:29:51.260 [JavaFX Application Thread] DEBUG SystemBundleService  - Saving FXGL system data
12:29:51.262 [JavaFX Application Thread] DEBUG FileSystemAccess     - Writing to: C:\Users\User\Desktop\Spring2023\CS4900G2Proj2\Dawnseeker\system\fxgl.bundle
12:29:51.264 [JavaFX Application Thread] DEBUG Async                - Shutting down background threads
12:29:51.264 [JavaFX Application Thread] DEBUG PrimaryStageWindow   - Closing main window
12:29:51.273 [JavaFX Application Thread] DEBUG Logger               - Closing Logger
