20:18:08.565 [main                     ] DEBUG Logger               - Configured Logger
20:18:08.588 [main                     ] DEBUG GameApplication      - Logging settings
Title: Dawnseeker
Version: 0.1
Width: 1024
Height: 1024
Fullscreen: false
Intro: false
Profiling: false
Single step:false
App Mode: DEVELOPER
Menu Key: ESCAPE
Stage Style: DECORATED
Scene Factory: class com.almasb.fxgl.app.scene.SceneFactory

20:18:08.907 [JavaFX Application Thread] DEBUG FXGLApplication      - Initializing FXGL
20:18:08.915 [JavaFX Application Thread] INFO  Engine               - FXGL-17.2 (20.08.2022 16.50) on WINDOWS (J:17.0.6 FX:18)
20:18:08.915 [JavaFX Application Thread] DEBUG Engine               - JRE Vendor Name: Eclipse Adoptium
20:18:08.916 [JavaFX Application Thread] DEBUG Engine               - Running on OS: Windows 10 version 10.0
20:18:08.916 [JavaFX Application Thread] DEBUG Engine               - Architecture: amd64
20:18:08.916 [JavaFX Application Thread] INFO  Engine               - Source code and latest versions at: https://github.com/AlmasB/FXGL
20:18:08.916 [JavaFX Application Thread] INFO  Engine               -       Ask questions and discuss at: https://github.com/AlmasB/FXGL/discussions
20:18:08.916 [JavaFX Application Thread] INFO  Engine               -              Join the FXGL chat at: https://gitter.im/AlmasB/FXGL
20:18:09.001 [JavaFX Application Thread] DEBUG PrimaryStageWindow   - Creating a JavaFX scene
20:18:09.034 [JavaFX Application Thread] DEBUG PrimaryStageWindow   - Target settings size: 1024.0 x 1024.0
20:18:09.034 [JavaFX Application Thread] DEBUG PrimaryStageWindow   - Scaled scene size:    1024.0 x 1024.0
20:18:09.035 [JavaFX Application Thread] DEBUG PrimaryStageWindow   - Scaled ratio: (1.0, 1.0)
20:18:09.036 [JavaFX Application Thread] DEBUG PrimaryStageWindow   - Set initial scene to FXGLStartupScene
20:18:09.042 [JavaFX Application Thread] DEBUG PrimaryStageWindow   - Opening main window
20:18:09.107 [JavaFX Application Thread] DEBUG PrimaryStageWindow   - Window border size: (16.0, 39.0)
20:18:09.107 [JavaFX Application Thread] DEBUG PrimaryStageWindow   - Scaled size: 1024.0 x 1024.0
20:18:09.107 [JavaFX Application Thread] DEBUG PrimaryStageWindow   - Scaled ratio: (1.0, 1.0)
20:18:09.108 [JavaFX Application Thread] DEBUG PrimaryStageWindow   - Scene size: 1024.0 x 1024.0
20:18:09.108 [JavaFX Application Thread] DEBUG PrimaryStageWindow   - Stage size: 1040.0 x 1063.0
20:18:09.113 [FXGL Background Thread 1 ] DEBUG Engine               - Initializing environment variables
20:18:09.141 [FXGL Background Thread 1 ] DEBUG FXGLAssetLoaderServi - User app class for loading assets: class myGame.DawnseekerApp
20:18:09.142 [FXGL Background Thread 1 ] DEBUG GameApplicationServi - Applying CSS: fxgl_dark.css
20:18:09.142 [FXGL Background Thread 1 ] DEBUG FXGLAssetLoaderServi - Loading from file system: jar:file:/C:/Users/garre/.m2/repository/com/github/almasb/fxgl/17.2/fxgl-17.2.jar!/fxglassets/ui/css/fxgl_dark.css
20:18:09.170 [FXGL Background Thread 1 ] DEBUG GameApplicationServi - Initializing application scenes
20:18:09.205 [FXGL Background Thread 1 ] DEBUG GameWorld            - Game world initialized
20:18:09.249 [FXGL Background Thread 1 ] DEBUG PhysicsWorld         - Physics world initialized: appHeight=1024, physics.ppm=50.0
20:18:09.250 [FXGL Background Thread 1 ] DEBUG PhysicsWorld         - Using strategy: BRUTE_FORCE
20:18:09.253 [FXGL Background Thread 1 ] DEBUG GameScene            - Game scene initialized: 1024x1024
20:18:09.265 [FXGL Background Thread 1 ] DEBUG FXGL.DefaultMenu     - createMenuBodyMainMenu()
20:18:09.278 [FXGL Background Thread 1 ] DEBUG FXGL.DefaultMenu     - createOptionsMenu()
20:18:09.286 [FXGL Background Thread 1 ] DEBUG FXGLAssetLoaderServi - Loading from file system: jar:file:/C:/Users/garre/.m2/repository/com/github/almasb/fxgl/17.2/fxgl-17.2.jar!/fxglassets/textures/particles/smoke.png
20:18:09.364 [FXGL Background Thread 1 ] DEBUG FXGLAssetLoaderServi - Loading from file system: jar:file:/C:/Users/garre/.m2/repository/com/github/almasb/fxgl/17.2/fxgl-17.2.jar!/fxglassets/textures/particles/trace_horizontal.png
20:18:09.387 [FXGL Background Thread 1 ] DEBUG FXGL.DefaultMenu     - createMenuBodyGameMenu()
20:18:09.389 [FXGL Background Thread 1 ] DEBUG FXGL.DefaultMenu     - createOptionsMenu()
20:18:09.405 [FXGL Background Thread 1 ] DEBUG GameApplicationServi - Application scenes initialized
20:18:09.413 [FXGL Background Thread 1 ] DEBUG SystemBundleService  - Loading FXGL system data
20:18:09.418 [FXGL Background Thread 1 ] DEBUG FileSystemAccess     - Reading from: C:\Users\garre\git\CS4900G2Proj2\Dawnseeker\system\fxgl.bundle
20:18:09.424 [FXGL Background Thread 1 ] DEBUG SystemBundleService  - Bundle FXGL: {}
20:18:09.424 [FXGL Background Thread 1 ] DEBUG UpdaterService       - Checking for updates
20:18:09.428 [FXGL Background Thread 4 ] DEBUG FXGLApplication      - Loading fonts
20:18:09.428 [FXGL Background Thread 4 ] DEBUG FXGLAssetLoaderServi - Loading from file system: jar:file:/C:/Users/garre/.m2/repository/com/github/almasb/fxgl/17.2/fxgl-17.2.jar!/fxglassets/ui/fonts/VarelaRound-Regular.ttf
20:18:09.430 [FXGL Background Thread 1 ] DEBUG FXGLApplication      - Loading default localization
20:18:09.430 [FXGL Background Thread 1 ] DEBUG FXGLAssetLoaderServi - Loading from file system: jar:file:/C:/Users/garre/.m2/repository/com/github/almasb/fxgl/17.2/fxgl-17.2.jar!/fxglassets/languages/english.lang
20:18:09.448 [FXGL Background Thread 1 ] INFO  FXGLApplication      - FXGL initialization took: 0.336 sec
20:18:09.457 [JavaFX Application Thread] DEBUG Input                - Registered new binding: action0 - W
20:18:09.458 [JavaFX Application Thread] DEBUG Input                - Registered new binding: action1 - S
20:18:09.458 [JavaFX Application Thread] DEBUG Input                - Registered new binding: action2 - A
20:18:09.458 [JavaFX Application Thread] DEBUG Input                - Registered new binding: action3 - D
20:18:09.460 [JavaFX Application Thread] DEBUG Input                - Registered new binding: action4 - LMB
20:18:09.460 [JavaFX Application Thread] DEBUG FXGLAssetLoaderServi - Loading from file system: jar:file:/C:/Users/garre/.m2/repository/com/github/almasb/fxgl/17.2/fxgl-17.2.jar!/fxglassets/textures/fxgl_icon.png
20:18:09.477 [JavaFX Application Thread] DEBUG FXGLAssetLoaderServi - Loading from file system: jar:file:/C:/Users/garre/.m2/repository/com/github/almasb/fxgl/17.2/fxgl-17.2.jar!/fxglassets/textures/fxgl_default_cursor.png
20:18:09.480 [JavaFX Application Thread] DEBUG Input                - Registered new binding: Screenshot - CTRL+8
20:18:09.481 [JavaFX Application Thread] DEBUG Input                - Registered new binding: System info dump - CTRL+9
20:18:09.482 [JavaFX Application Thread] DEBUG Input                - Registered new binding: Restart - CTRL+R
20:18:09.482 [JavaFX Application Thread] DEBUG Input                - Registered new binding: Toggle Debug Camera - CTRL+7
20:18:09.485 [JavaFX Application Thread] DEBUG LoopRunner           - Starting loop
20:18:09.485 [JavaFX Application Thread] DEBUG LoopRunner           - Initializing JavaFX AnimationTimerLoop
20:18:09.487 [FXGL Background Thread 4 ] DEBUG FXGLAssetLoaderServi - Loading from file system: jar:file:/C:/Users/garre/.m2/repository/com/github/almasb/fxgl/17.2/fxgl-17.2.jar!/fxglassets/ui/fonts/Abel-Regular.ttf
20:18:09.489 [JavaFX Application Thread] DEBUG Input                - Clearing active input actions
20:18:09.493 [FXGL Background Thread 4 ] DEBUG FXGLAssetLoaderServi - Loading from file system: jar:file:/C:/Users/garre/.m2/repository/com/github/almasb/fxgl/17.2/fxgl-17.2.jar!/fxglassets/ui/fonts/TerminalLandMono-Regular.otf
20:18:09.494 [JavaFX Application Thread] DEBUG GameApplicationServi - Removing overlay from FXGLStartupScene and adding to FXGLMainMenuDummyScene
20:18:09.494 [JavaFX Application Thread] DEBUG PrimaryStageWindow   - FXGLStartupScene -> FXGLMainMenuDummyScene
20:18:09.494 [JavaFX Application Thread] DEBUG PrimaryStageWindow   - Push state: FXGLDefaultMenu
20:18:09.499 [FXGL Background Thread 4 ] DEBUG FXGLAssetLoaderServi - Loading from file system: jar:file:/C:/Users/garre/.m2/repository/com/github/almasb/fxgl/17.2/fxgl-17.2.jar!/fxglassets/ui/fonts/Courier-Prime.ttf
20:18:09.504 [JavaFX Application Thread] DEBUG Input                - Clearing active input actions
20:18:09.511 [JavaFX Application Thread] DEBUG GameApplicationServi - Removing overlay from FXGLMainMenuDummyScene and adding to FXGLDefaultMenu
20:18:09.511 [JavaFX Application Thread] DEBUG PrimaryStageWindow   - FXGLMainMenuDummyScene -> FXGLDefaultMenu
20:18:09.575 [JavaFX Application Thread] DEBUG FXGLApplication      - Registering font factories with UI factory
20:18:10.542 [JavaFX Application Thread] DEBUG Menu                 - fireNewGame()
20:18:10.542 [JavaFX Application Thread] DEBUG GameApplicationServi - Starting new game
20:18:10.544 [JavaFX Application Thread] DEBUG PrimaryStageWindow   - Pop state: FXGLDefaultMenu
20:18:10.544 [JavaFX Application Thread] DEBUG Input                - Clearing active input actions
20:18:10.544 [JavaFX Application Thread] DEBUG GameApplicationServi - Removing overlay from FXGLDefaultMenu and adding to FXGLMainMenuDummyScene
20:18:10.545 [JavaFX Application Thread] DEBUG PrimaryStageWindow   - FXGLMainMenuDummyScene <- FXGLDefaultMenu
20:18:10.545 [JavaFX Application Thread] DEBUG Input                - Clearing active input actions
20:18:10.549 [JavaFX Application Thread] DEBUG GameApplicationServi - Removing overlay from FXGLMainMenuDummyScene and adding to FXGLLoadingScene
20:18:10.549 [JavaFX Application Thread] DEBUG PrimaryStageWindow   - FXGLMainMenuDummyScene -> FXGLLoadingScene
20:18:10.549 [JavaFX Application Thread] DEBUG GameApplicationServi - Clearing previous game
20:18:10.549 [JavaFX Application Thread] DEBUG GameScene            - Clearing game scene
20:18:10.549 [JavaFX Application Thread] DEBUG GameWorld            - Clearing game world
20:18:10.549 [JavaFX Application Thread] DEBUG PhysicsWorld         - Clearing physics world
20:18:10.552 [FXGL Background Thread 2 ] DEBUG FXGLApplication      - Initializing game
20:18:10.578 [FXGL Background Thread 2 ] WARN  GameWorld            - Entity is already attached to world
20:18:10.579 [FXGL Background Thread 2 ] WARN  Entity               - Entity already has component: com.almasb.fxgl.entity.components.CollidableComponent
20:18:10.579 [FXGL Background Thread 2 ] WARN  GameWorld            - Entity is already attached to world
20:18:10.580 [FXGL Background Thread 2 ] WARN  Entity               - Entity already has component: com.almasb.fxgl.entity.components.CollidableComponent
20:18:10.580 [FXGL Background Thread 2 ] WARN  GameWorld            - Entity is already attached to world
20:18:10.581 [FXGL Background Thread 2 ] WARN  Entity               - Entity already has component: com.almasb.fxgl.entity.components.CollidableComponent
20:18:10.581 [FXGL Background Thread 2 ] WARN  GameWorld            - Entity is already attached to world
20:18:10.582 [FXGL Background Thread 2 ] WARN  Entity               - Entity already has component: com.almasb.fxgl.entity.components.CollidableComponent
20:18:10.582 [FXGL Background Thread 2 ] WARN  GameWorld            - Entity is already attached to world
20:18:10.597 [FXGL Background Thread 2 ] INFO  FXGLApplication      - Game initialization took: 0.045 sec
20:18:10.598 [JavaFX Application Thread] DEBUG Input                - Clearing active input actions
20:18:10.601 [JavaFX Application Thread] DEBUG GameApplicationServi - Removing overlay from FXGLLoadingScene and adding to GameScene
20:18:10.602 [JavaFX Application Thread] DEBUG PrimaryStageWindow   - FXGLLoadingScene -> GameScene
20:18:12.428 [FXGL Background Thread 3 ] DEBUG Engine               - Logging environment variables
20:18:12.428 [FXGL Background Thread 3 ] DEBUG Engine               - achievements: []
20:18:12.428 [FXGL Background Thread 3 ] DEBUG Engine               - actualHeight: 1024.0
20:18:12.428 [FXGL Background Thread 3 ] DEBUG Engine               - actualHeightProperty: ReadOnlyDoubleProperty [value: 1024.0]
20:18:12.428 [FXGL Background Thread 3 ] DEBUG Engine               - actualWidth: 1024.0
20:18:12.428 [FXGL Background Thread 3 ] DEBUG Engine               - actualWidthProperty: ReadOnlyDoubleProperty [value: 1024.0]
20:18:12.428 [FXGL Background Thread 3 ] DEBUG Engine               - appIcon: fxgl_icon.png
20:18:12.428 [FXGL Background Thread 3 ] DEBUG Engine               - applicationMode: DEVELOPER
20:18:12.428 [FXGL Background Thread 3 ] DEBUG Engine               - cSSList: [fxgl_dark.css]
20:18:12.428 [FXGL Background Thread 3 ] DEBUG Engine               - collisionDetectionStrategy: BRUTE_FORCE
20:18:12.428 [FXGL Background Thread 3 ] DEBUG Engine               - configClass: Optional.empty
20:18:12.428 [FXGL Background Thread 3 ] DEBUG Engine               - credits: []
20:18:12.430 [FXGL Background Thread 3 ] DEBUG Engine               - defaultCursor: CursorInfo(imageName=fxgl_default_cursor.png, hotspotX=7.0, hotspotY=6.0)
20:18:12.430 [FXGL Background Thread 3 ] DEBUG Engine               - devBBoxColorProperty: ObjectProperty [value: 0xff0000ff]
20:18:12.430 [FXGL Background Thread 3 ] DEBUG Engine               - devEnableDebugCameraProperty: BooleanProperty [value: false]
20:18:12.430 [FXGL Background Thread 3 ] DEBUG Engine               - devSensorColorProperty: ObjectProperty [value: 0xffff00ff]
20:18:12.430 [FXGL Background Thread 3 ] DEBUG Engine               - devShowBBoxProperty: BooleanProperty [value: false]
20:18:12.430 [FXGL Background Thread 3 ] DEBUG Engine               - devShowPositionProperty: BooleanProperty [value: false]
20:18:12.430 [FXGL Background Thread 3 ] DEBUG Engine               - enabledMenuItems: []
20:18:12.430 [FXGL Background Thread 3 ] DEBUG Engine               - engineServices: [class com.almasb.fxgl.app.services.FXGLAssetLoaderService, class com.almasb.fxgl.app.FXGLApplication$GameApplicationService, class com.almasb.fxgl.app.services.FXGLDialogService, class com.almasb.fxgl.app.services.IOTaskExecutorService, class com.almasb.fxgl.io.FileSystemService, class com.almasb.fxgl.localization.LocalizationService, class com.almasb.fxgl.app.services.SystemBundleService, class com.almasb.fxgl.profile.SaveLoadService, class com.almasb.fxgl.ui.FXGLUIFactoryServiceProvider, class com.almasb.fxgl.ui.FXGLDialogFactoryServiceProvider, class com.almasb.fxgl.audio.AudioPlayer, class com.almasb.fxgl.notification.impl.NotificationServiceProvider, class com.almasb.fxgl.achievement.AchievementService, class com.almasb.fxgl.cutscene.CutsceneService, class com.almasb.fxgl.minigames.MiniGameService, class com.almasb.fxgl.net.NetService, class com.almasb.fxgl.app.services.UpdaterService, class com.almasb.fxgl.dev.DevService]
20:18:12.430 [FXGL Background Thread 3 ] DEBUG Engine               - fontGame: Abel-Regular.ttf
20:18:12.430 [FXGL Background Thread 3 ] DEBUG Engine               - fontMono: TerminalLandMono-Regular.otf
20:18:12.430 [FXGL Background Thread 3 ] DEBUG Engine               - fontText: Courier-Prime.ttf
20:18:12.430 [FXGL Background Thread 3 ] DEBUG Engine               - fontUI: VarelaRound-Regular.ttf
20:18:12.430 [FXGL Background Thread 3 ] DEBUG Engine               - fullScreen: BooleanProperty [value: false]
20:18:12.430 [FXGL Background Thread 3 ] DEBUG Engine               - gameDifficulty: MEDIUM
20:18:12.430 [FXGL Background Thread 3 ] DEBUG Engine               - gameDifficultyProperty: ObjectProperty [value: MEDIUM]
20:18:12.430 [FXGL Background Thread 3 ] DEBUG Engine               - globalMusicVolume: 0.5
20:18:12.431 [FXGL Background Thread 3 ] DEBUG Engine               - globalMusicVolumeProperty: DoubleProperty [value: 0.5]
20:18:12.431 [FXGL Background Thread 3 ] DEBUG Engine               - globalSoundVolume: 0.5
20:18:12.431 [FXGL Background Thread 3 ] DEBUG Engine               - globalSoundVolumeProperty: DoubleProperty [value: 0.5]
20:18:12.431 [FXGL Background Thread 3 ] DEBUG Engine               - height: 1024
20:18:12.431 [FXGL Background Thread 3 ] DEBUG Engine               - is3D: false
20:18:12.431 [FXGL Background Thread 3 ] DEBUG Engine               - isAndroid: false
20:18:12.431 [FXGL Background Thread 3 ] DEBUG Engine               - isBrowser: false
20:18:12.431 [FXGL Background Thread 3 ] DEBUG Engine               - isClickFeedbackEnabled: false
20:18:12.431 [FXGL Background Thread 3 ] DEBUG Engine               - isCloseConfirmation: false
20:18:12.431 [FXGL Background Thread 3 ] DEBUG Engine               - isDesktop: true
20:18:12.431 [FXGL Background Thread 3 ] DEBUG Engine               - isDeveloperMenuEnabled: false
20:18:12.431 [FXGL Background Thread 3 ] DEBUG Engine               - isEmbedded: false
20:18:12.431 [FXGL Background Thread 3 ] DEBUG Engine               - isEntityPreloadEnabled: true
20:18:12.431 [FXGL Background Thread 3 ] DEBUG Engine               - isExperimentalTiledLargeMap: false
20:18:12.431 [FXGL Background Thread 3 ] DEBUG Engine               - isFileSystemWriteAllowed: true
20:18:12.431 [FXGL Background Thread 3 ] DEBUG Engine               - isFullScreenAllowed: false
20:18:12.431 [FXGL Background Thread 3 ] DEBUG Engine               - isFullScreenFromStart: false
20:18:12.431 [FXGL Background Thread 3 ] DEBUG Engine               - isGameMenuEnabled: true
20:18:12.431 [FXGL Background Thread 3 ] DEBUG Engine               - isIOS: false
20:18:12.431 [FXGL Background Thread 3 ] DEBUG Engine               - isIntroEnabled: false
20:18:12.431 [FXGL Background Thread 3 ] DEBUG Engine               - isLinux: false
20:18:12.431 [FXGL Background Thread 3 ] DEBUG Engine               - isMac: false
20:18:12.431 [FXGL Background Thread 3 ] DEBUG Engine               - isMainMenuEnabled: true
20:18:12.431 [FXGL Background Thread 3 ] DEBUG Engine               - isManualResizeEnabled: false
20:18:12.431 [FXGL Background Thread 3 ] DEBUG Engine               - isMobile: false
20:18:12.431 [FXGL Background Thread 3 ] DEBUG Engine               - isNative: false
20:18:12.431 [FXGL Background Thread 3 ] DEBUG Engine               - isPauseMusicWhenMinimized: true
20:18:12.432 [FXGL Background Thread 3 ] DEBUG Engine               - isPreserveResizeRatio: false
20:18:12.432 [FXGL Background Thread 3 ] DEBUG Engine               - isProfilingEnabled: false
20:18:12.432 [FXGL Background Thread 3 ] DEBUG Engine               - isScaleAffectedOnResize: true
20:18:12.432 [FXGL Background Thread 3 ] DEBUG Engine               - isSingleStep: false
20:18:12.432 [FXGL Background Thread 3 ] DEBUG Engine               - isUserProfileEnabled: false
20:18:12.432 [FXGL Background Thread 3 ] DEBUG Engine               - isWindows: true
20:18:12.432 [FXGL Background Thread 3 ] DEBUG Engine               - language: ObjectProperty [value: ENGLISH]
20:18:12.432 [FXGL Background Thread 3 ] DEBUG Engine               - menuKey: ESCAPE
20:18:12.432 [FXGL Background Thread 3 ] DEBUG Engine               - mouseSensitivity: 0.2
20:18:12.432 [FXGL Background Thread 3 ] DEBUG Engine               - notificationViewClass: class com.almasb.fxgl.notification.view.XboxNotificationView
20:18:12.432 [FXGL Background Thread 3 ] DEBUG Engine               - pixelsPerMeter: 50.0
20:18:12.432 [FXGL Background Thread 3 ] DEBUG Engine               - platform: WINDOWS
20:18:12.432 [FXGL Background Thread 3 ] DEBUG Engine               - prefHeightProperty: ReadOnlyDoubleProperty [value: 1024.0]
20:18:12.432 [FXGL Background Thread 3 ] DEBUG Engine               - prefWidthProperty: ReadOnlyDoubleProperty [value: 1024.0]
20:18:12.432 [FXGL Background Thread 3 ] DEBUG Engine               - profileDir: profiles/
20:18:12.432 [FXGL Background Thread 3 ] DEBUG Engine               - profileName: StringProperty [value: DEFAULT]
20:18:12.432 [FXGL Background Thread 3 ] DEBUG Engine               - randomSeed: -1
20:18:12.432 [FXGL Background Thread 3 ] DEBUG Engine               - runtimeInfo: RuntimeInfo(platform=WINDOWS, version=17.2, build=20.08.2022 16.50)
20:18:12.432 [FXGL Background Thread 3 ] DEBUG Engine               - saveFileExt: sav
20:18:12.432 [FXGL Background Thread 3 ] DEBUG Engine               - scaledHeightProp$fxgl: DoubleProperty [bound, value: 1024.0]
20:18:12.432 [FXGL Background Thread 3 ] DEBUG Engine               - scaledWidthProp$fxgl: DoubleProperty [bound, value: 1024.0]
20:18:12.432 [FXGL Background Thread 3 ] DEBUG Engine               - sceneFactory: com.almasb.fxgl.app.scene.SceneFactory@2ab1e063
20:18:12.432 [FXGL Background Thread 3 ] DEBUG Engine               - secondsIn24h: 60
20:18:12.432 [FXGL Background Thread 3 ] DEBUG Engine               - soundMenuBack: menu/back.wav
20:18:12.432 [FXGL Background Thread 3 ] DEBUG Engine               - soundMenuPress: menu/press.wav
20:18:12.432 [FXGL Background Thread 3 ] DEBUG Engine               - soundMenuSelect: menu/select.wav
20:18:12.432 [FXGL Background Thread 3 ] DEBUG Engine               - soundNotification: core/notification.wav
20:18:12.432 [FXGL Background Thread 3 ] DEBUG Engine               - stageStyle: DECORATED
20:18:12.432 [FXGL Background Thread 3 ] DEBUG Engine               - supportedLanguages: [ENGLISH, FRENCH, GERMAN, HUNGARIAN, RUSSIAN]
20:18:12.433 [FXGL Background Thread 3 ] DEBUG Engine               - ticksPerSecond: -1
20:18:12.433 [FXGL Background Thread 3 ] DEBUG Engine               - title: Dawnseeker
20:18:12.433 [FXGL Background Thread 3 ] DEBUG Engine               - urlGithub: https://github.com/AlmasB/FXGL
20:18:12.433 [FXGL Background Thread 3 ] DEBUG Engine               - urlLeaderboard: http://fxgl-top.herokuapp.com/
20:18:12.433 [FXGL Background Thread 3 ] DEBUG Engine               - urlPOM: https://raw.githubusercontent.com/AlmasB/FXGL/release/README.md
20:18:12.433 [FXGL Background Thread 3 ] DEBUG Engine               - userAppClass: class myGame.DawnseekerApp
20:18:12.433 [FXGL Background Thread 3 ] DEBUG Engine               - version: 0.1
20:18:12.433 [FXGL Background Thread 3 ] DEBUG Engine               - versionCheckDays: 7
20:18:12.433 [FXGL Background Thread 3 ] DEBUG Engine               - width: 1024
20:18:12.433 [FXGL Background Thread 3 ] DEBUG Engine               - Logging services
20:18:12.433 [FXGL Background Thread 3 ] DEBUG Engine               - class com.almasb.fxgl.app.services.FXGLAssetLoaderService
20:18:12.433 [FXGL Background Thread 3 ] DEBUG Engine               - class com.almasb.fxgl.app.FXGLApplication$GameApplicationService
20:18:12.433 [FXGL Background Thread 3 ] DEBUG Engine               - class com.almasb.fxgl.app.services.FXGLDialogService
20:18:12.433 [FXGL Background Thread 3 ] DEBUG Engine               - class com.almasb.fxgl.app.services.IOTaskExecutorService
20:18:12.433 [FXGL Background Thread 3 ] DEBUG Engine               - class com.almasb.fxgl.io.FileSystemService
20:18:12.433 [FXGL Background Thread 3 ] DEBUG Engine               - class com.almasb.fxgl.localization.LocalizationService
20:18:12.433 [FXGL Background Thread 3 ] DEBUG Engine               - class com.almasb.fxgl.app.services.SystemBundleService
20:18:12.433 [FXGL Background Thread 3 ] DEBUG Engine               - class com.almasb.fxgl.profile.SaveLoadService
20:18:12.433 [FXGL Background Thread 3 ] DEBUG Engine               - class com.almasb.fxgl.ui.FXGLUIFactoryServiceProvider
20:18:12.433 [FXGL Background Thread 3 ] DEBUG Engine               - class com.almasb.fxgl.ui.FXGLDialogFactoryServiceProvider
20:18:12.433 [FXGL Background Thread 3 ] DEBUG Engine               - class com.almasb.fxgl.audio.AudioPlayer
20:18:12.433 [FXGL Background Thread 3 ] DEBUG Engine               - class com.almasb.fxgl.notification.impl.NotificationServiceProvider
20:18:12.433 [FXGL Background Thread 3 ] DEBUG Engine               - class com.almasb.fxgl.achievement.AchievementService
20:18:12.433 [FXGL Background Thread 3 ] DEBUG Engine               - class com.almasb.fxgl.cutscene.CutsceneService
20:18:12.433 [FXGL Background Thread 3 ] DEBUG Engine               - class com.almasb.fxgl.minigames.MiniGameService
20:18:12.433 [FXGL Background Thread 3 ] DEBUG Engine               - class com.almasb.fxgl.net.NetService
20:18:12.433 [FXGL Background Thread 3 ] DEBUG Engine               - class com.almasb.fxgl.app.services.UpdaterService
20:18:12.433 [FXGL Background Thread 3 ] DEBUG Engine               - class com.almasb.fxgl.dev.DevService
20:18:39.155 [JavaFX Application Thread] DEBUG FXGLApplication      - Exiting FXGL
20:18:39.155 [JavaFX Application Thread] DEBUG LoopRunner           - Stopping loop
20:18:39.155 [JavaFX Application Thread] DEBUG SystemBundleService  - Saving FXGL system data
20:18:39.156 [JavaFX Application Thread] DEBUG FileSystemAccess     - Writing to: C:\Users\garre\git\CS4900G2Proj2\Dawnseeker\system\fxgl.bundle
20:18:39.158 [JavaFX Application Thread] DEBUG Async                - Shutting down background threads
20:18:39.158 [JavaFX Application Thread] DEBUG PrimaryStageWindow   - Closing main window
20:18:39.165 [JavaFX Application Thread] DEBUG Logger               - Closing Logger
