15:34:13.885 [main                     ] DEBUG Logger               - Configured Logger
15:34:13.916 [main                     ] DEBUG GameApplication      - Logging settings
Title: Dawnseeker
Version: 0.2
Width: 1024
Height: 1024
Fullscreen: false
Intro: false
Profiling: false
Single step:false
App Mode: DEVELOPER
Menu Key: ESCAPE
Stage Style: DECORATED
Scene Factory: class com.almasb.fxgl.app.scene.SceneFactory

15:34:14.421 [JavaFX Application Thread] DEBUG FXGLApplication      - Initializing FXGL
15:34:14.426 [JavaFX Application Thread] INFO  Engine               - FXGL-17.2 (20.08.2022 16.50) on WINDOWS (J:19.0.2 FX:18)
15:34:14.426 [JavaFX Application Thread] DEBUG Engine               - JRE Vendor Name: Oracle Corporation
15:34:14.426 [JavaFX Application Thread] DEBUG Engine               - Running on OS: Windows 10 version 10.0
15:34:14.427 [JavaFX Application Thread] DEBUG Engine               - Architecture: amd64
15:34:14.427 [JavaFX Application Thread] INFO  Engine               - Source code and latest versions at: https://github.com/AlmasB/FXGL
15:34:14.427 [JavaFX Application Thread] INFO  Engine               -       Ask questions and discuss at: https://github.com/AlmasB/FXGL/discussions
15:34:14.427 [JavaFX Application Thread] INFO  Engine               -              Join the FXGL chat at: https://gitter.im/AlmasB/FXGL
15:34:14.557 [JavaFX Application Thread] DEBUG PrimaryStageWindow   - Creating a JavaFX scene
15:34:14.558 [JavaFX Application Thread] DEBUG PrimaryStageWindow   - Target size > screen size
15:34:14.609 [JavaFX Application Thread] DEBUG PrimaryStageWindow   - Target settings size: 1024.0 x 1024.0
15:34:14.610 [JavaFX Application Thread] DEBUG PrimaryStageWindow   - Scaled scene size:    799.0 x 824.0
15:34:14.610 [JavaFX Application Thread] DEBUG PrimaryStageWindow   - Scaled ratio: (0.7802734375, 0.8046875)
15:34:14.611 [JavaFX Application Thread] DEBUG PrimaryStageWindow   - Set initial scene to FXGLStartupScene
15:34:14.619 [JavaFX Application Thread] DEBUG PrimaryStageWindow   - Opening main window
15:34:14.726 [JavaFX Application Thread] DEBUG PrimaryStageWindow   - Window border size: (14.5999755859375, 37.5999755859375)
15:34:14.726 [JavaFX Application Thread] DEBUG PrimaryStageWindow   - Scaled size: 799.0 x 824.0
15:34:14.727 [JavaFX Application Thread] DEBUG PrimaryStageWindow   - Scaled ratio: (0.7802734375, 0.8046875)
15:34:14.727 [JavaFX Application Thread] DEBUG PrimaryStageWindow   - Scene size: 799.0 x 824.0
15:34:14.727 [JavaFX Application Thread] DEBUG PrimaryStageWindow   - Stage size: 813.5999755859375 x 861.5999755859375
15:34:14.739 [FXGL Background Thread 1 ] DEBUG Engine               - Initializing environment variables
15:34:14.827 [FXGL Background Thread 1 ] DEBUG FXGLAssetLoaderServi - User app class for loading assets: class myGame.DawnseekerApp
15:34:14.827 [FXGL Background Thread 1 ] DEBUG GameApplicationServi - Applying CSS: fxgl_dark.css
15:34:14.828 [FXGL Background Thread 1 ] DEBUG FXGLAssetLoaderServi - Loading from file system: jar:file:/C:/Users/narro/.m2/repository/com/github/almasb/fxgl/17.2/fxgl-17.2.jar!/fxglassets/ui/css/fxgl_dark.css
15:34:14.890 [FXGL Background Thread 1 ] DEBUG GameApplicationServi - Initializing application scenes
15:34:14.960 [FXGL Background Thread 1 ] DEBUG GameWorld            - Game world initialized
15:34:15.072 [FXGL Background Thread 1 ] DEBUG PhysicsWorld         - Physics world initialized: appHeight=1024, physics.ppm=50.0
15:34:15.073 [FXGL Background Thread 1 ] DEBUG PhysicsWorld         - Using strategy: BRUTE_FORCE
15:34:15.079 [FXGL Background Thread 1 ] DEBUG GameScene            - Game scene initialized: 1024x1024
15:34:15.104 [FXGL Background Thread 1 ] DEBUG FXGL.DefaultMenu     - createMenuBodyMainMenu()
15:34:15.132 [FXGL Background Thread 1 ] DEBUG FXGL.DefaultMenu     - createOptionsMenu()
15:34:15.148 [FXGL Background Thread 1 ] DEBUG FXGLAssetLoaderServi - Loading from file system: jar:file:/C:/Users/narro/.m2/repository/com/github/almasb/fxgl/17.2/fxgl-17.2.jar!/fxglassets/textures/particles/smoke.png
15:34:15.269 [FXGL Background Thread 1 ] DEBUG FXGLAssetLoaderServi - Loading from file system: jar:file:/C:/Users/narro/.m2/repository/com/github/almasb/fxgl/17.2/fxgl-17.2.jar!/fxglassets/textures/particles/trace_horizontal.png
15:34:15.301 [FXGL Background Thread 1 ] DEBUG FXGL.DefaultMenu     - createMenuBodyGameMenu()
15:34:15.302 [FXGL Background Thread 1 ] DEBUG FXGL.DefaultMenu     - createOptionsMenu()
15:34:15.320 [FXGL Background Thread 1 ] DEBUG GameApplicationServi - Application scenes initialized
15:34:15.332 [FXGL Background Thread 1 ] DEBUG SystemBundleService  - Loading FXGL system data
15:34:15.336 [FXGL Background Thread 1 ] DEBUG FileSystemAccess     - Reading from: C:\Users\narro\OneDrive\Documents\coleg\Spring 2023\CS 4900 Senior Seminiar\Dawnseeker\Dawnseeker\system\fxgl.bundle
15:34:15.344 [FXGL Background Thread 1 ] DEBUG SystemBundleService  - Bundle FXGL: {}
15:34:15.345 [FXGL Background Thread 1 ] DEBUG UpdaterService       - Checking for updates
15:34:15.349 [FXGL Background Thread 4 ] DEBUG FXGLApplication      - Loading fonts
15:34:15.350 [FXGL Background Thread 4 ] DEBUG FXGLAssetLoaderServi - Loading from file system: jar:file:/C:/Users/narro/.m2/repository/com/github/almasb/fxgl/17.2/fxgl-17.2.jar!/fxglassets/ui/fonts/VarelaRound-Regular.ttf
15:34:15.350 [FXGL Background Thread 1 ] DEBUG FXGLApplication      - Loading default localization
15:34:15.350 [FXGL Background Thread 1 ] DEBUG FXGLAssetLoaderServi - Loading from file system: jar:file:/C:/Users/narro/.m2/repository/com/github/almasb/fxgl/17.2/fxgl-17.2.jar!/fxglassets/languages/english.lang
15:34:15.383 [FXGL Background Thread 1 ] INFO  FXGLApplication      - FXGL initialization took: 0.644 sec
15:34:15.390 [JavaFX Application Thread] DEBUG Input                - Registered new binding: action0 - LMB
15:34:15.400 [JavaFX Application Thread] DEBUG Input                - Registered new binding: Up - W
15:34:15.400 [JavaFX Application Thread] DEBUG Input                - Registered new binding: Down - S
15:34:15.401 [JavaFX Application Thread] DEBUG Input                - Registered new binding: Right - D
15:34:15.401 [JavaFX Application Thread] DEBUG Input                - Registered new binding: Left - A
15:34:15.401 [JavaFX Application Thread] DEBUG FXGLAssetLoaderServi - Loading from file system: jar:file:/C:/Users/narro/.m2/repository/com/github/almasb/fxgl/17.2/fxgl-17.2.jar!/fxglassets/textures/fxgl_icon.png
15:34:15.431 [JavaFX Application Thread] DEBUG FXGLAssetLoaderServi - Loading from file system: jar:file:/C:/Users/narro/.m2/repository/com/github/almasb/fxgl/17.2/fxgl-17.2.jar!/fxglassets/textures/fxgl_default_cursor.png
15:34:15.435 [JavaFX Application Thread] DEBUG Input                - Registered new binding: Screenshot - CTRL+8
15:34:15.436 [JavaFX Application Thread] DEBUG Input                - Registered new binding: System info dump - CTRL+9
15:34:15.436 [JavaFX Application Thread] DEBUG Input                - Registered new binding: Restart - CTRL+R
15:34:15.437 [JavaFX Application Thread] DEBUG Input                - Registered new binding: Toggle Debug Camera - CTRL+7
15:34:15.440 [JavaFX Application Thread] DEBUG LoopRunner           - Starting loop
15:34:15.440 [JavaFX Application Thread] DEBUG LoopRunner           - Initializing JavaFX AnimationTimerLoop
15:34:15.444 [JavaFX Application Thread] DEBUG Input                - Clearing active input actions
15:34:15.453 [JavaFX Application Thread] DEBUG GameApplicationServi - Removing overlay from FXGLStartupScene and adding to FXGLMainMenuDummyScene
15:34:15.454 [JavaFX Application Thread] DEBUG PrimaryStageWindow   - FXGLStartupScene -> FXGLMainMenuDummyScene
15:34:15.454 [JavaFX Application Thread] DEBUG PrimaryStageWindow   - Push state: FXGLDefaultMenu
15:34:15.467 [JavaFX Application Thread] DEBUG Input                - Clearing active input actions
15:34:15.468 [FXGL Background Thread 4 ] DEBUG FXGLAssetLoaderServi - Loading from file system: jar:file:/C:/Users/narro/.m2/repository/com/github/almasb/fxgl/17.2/fxgl-17.2.jar!/fxglassets/ui/fonts/Abel-Regular.ttf
15:34:15.482 [FXGL Background Thread 4 ] DEBUG FXGLAssetLoaderServi - Loading from file system: jar:file:/C:/Users/narro/.m2/repository/com/github/almasb/fxgl/17.2/fxgl-17.2.jar!/fxglassets/ui/fonts/TerminalLandMono-Regular.otf
15:34:15.482 [JavaFX Application Thread] DEBUG GameApplicationServi - Removing overlay from FXGLMainMenuDummyScene and adding to FXGLDefaultMenu
15:34:15.483 [JavaFX Application Thread] DEBUG PrimaryStageWindow   - FXGLMainMenuDummyScene -> FXGLDefaultMenu
15:34:15.497 [FXGL Background Thread 4 ] DEBUG FXGLAssetLoaderServi - Loading from file system: jar:file:/C:/Users/narro/.m2/repository/com/github/almasb/fxgl/17.2/fxgl-17.2.jar!/fxglassets/ui/fonts/Courier-Prime.ttf
15:34:15.603 [JavaFX Application Thread] DEBUG FXGLApplication      - Registering font factories with UI factory
15:34:18.119 [JavaFX Application Thread] DEBUG FXGLApplication      - Exiting FXGL
15:34:18.119 [JavaFX Application Thread] DEBUG LoopRunner           - Stopping loop
15:34:18.119 [JavaFX Application Thread] DEBUG SystemBundleService  - Saving FXGL system data
15:34:18.121 [JavaFX Application Thread] DEBUG FileSystemAccess     - Writing to: C:\Users\narro\OneDrive\Documents\coleg\Spring 2023\CS 4900 Senior Seminiar\Dawnseeker\Dawnseeker\system\fxgl.bundle
15:34:18.123 [JavaFX Application Thread] DEBUG Async                - Shutting down background threads
15:34:18.123 [JavaFX Application Thread] DEBUG PrimaryStageWindow   - Closing main window
15:34:18.136 [JavaFX Application Thread] DEBUG Logger               - Closing Logger
