12:17:03.464 [main                     ] DEBUG Logger               - Configured Logger
12:17:03.505 [main                     ] DEBUG GameApplication      - Logging settings
Title: Dawnseeker
Version: 0.2
Width: 1024
Height: 1024
Fullscreen: false
Intro: false
Profiling: false
Single step:false
App Mode: DEVELOPER
Menu Key: ESCAPE
Stage Style: DECORATED
Scene Factory: class myGame.DawnseekerApp$1

12:17:04.079 [JavaFX Application Thread] DEBUG FXGLApplication      - Initializing FXGL
12:17:04.086 [JavaFX Application Thread] INFO  Engine               - FXGL-17.2 (20.08.2022 16.50) on WINDOWS (J:19.0.2 FX:18)
12:17:04.086 [JavaFX Application Thread] DEBUG Engine               - JRE Vendor Name: Oracle Corporation
12:17:04.087 [JavaFX Application Thread] DEBUG Engine               - Running on OS: Windows 10 version 10.0
12:17:04.087 [JavaFX Application Thread] DEBUG Engine               - Architecture: amd64
12:17:04.087 [JavaFX Application Thread] INFO  Engine               - Source code and latest versions at: https://github.com/AlmasB/FXGL
12:17:04.087 [JavaFX Application Thread] INFO  Engine               -       Ask questions and discuss at: https://github.com/AlmasB/FXGL/discussions
12:17:04.087 [JavaFX Application Thread] INFO  Engine               -              Join the FXGL chat at: https://gitter.im/AlmasB/FXGL
12:17:04.234 [JavaFX Application Thread] DEBUG PrimaryStageWindow   - Creating a JavaFX scene
12:17:04.234 [JavaFX Application Thread] DEBUG PrimaryStageWindow   - Target size > screen size
12:17:04.289 [JavaFX Application Thread] DEBUG PrimaryStageWindow   - Target settings size: 1024.0 x 1024.0
12:17:04.289 [JavaFX Application Thread] DEBUG PrimaryStageWindow   - Scaled scene size:    799.0 x 824.0
12:17:04.290 [JavaFX Application Thread] DEBUG PrimaryStageWindow   - Scaled ratio: (0.7802734375, 0.8046875)
12:17:04.291 [JavaFX Application Thread] DEBUG PrimaryStageWindow   - Set initial scene to FXGLStartupScene
12:17:04.301 [JavaFX Application Thread] DEBUG PrimaryStageWindow   - Opening main window
12:17:04.427 [JavaFX Application Thread] DEBUG PrimaryStageWindow   - Window border size: (14.5999755859375, 37.5999755859375)
12:17:04.428 [JavaFX Application Thread] DEBUG PrimaryStageWindow   - Scaled size: 799.0 x 824.0
12:17:04.428 [JavaFX Application Thread] DEBUG PrimaryStageWindow   - Scaled ratio: (0.7802734375, 0.8046875)
12:17:04.429 [JavaFX Application Thread] DEBUG PrimaryStageWindow   - Scene size: 799.0 x 824.0
12:17:04.429 [JavaFX Application Thread] DEBUG PrimaryStageWindow   - Stage size: 813.5999755859375 x 861.5999755859375
12:17:04.444 [FXGL Background Thread 1 ] DEBUG Engine               - Initializing environment variables
12:17:04.531 [FXGL Background Thread 1 ] DEBUG FXGLAssetLoaderServi - User app class for loading assets: class myGame.DawnseekerApp
12:17:04.531 [FXGL Background Thread 1 ] DEBUG GameApplicationServi - Applying CSS: fxgl_dark.css
12:17:04.532 [FXGL Background Thread 1 ] DEBUG FXGLAssetLoaderServi - Loading from file system: jar:file:/C:/Users/narro/.m2/repository/com/github/almasb/fxgl/17.2/fxgl-17.2.jar!/fxglassets/ui/css/fxgl_dark.css
12:17:04.601 [FXGL Background Thread 1 ] DEBUG GameApplicationServi - Initializing application scenes
12:17:04.664 [FXGL Background Thread 1 ] DEBUG GameWorld            - Game world initialized
12:17:04.766 [FXGL Background Thread 1 ] DEBUG PhysicsWorld         - Physics world initialized: appHeight=1024, physics.ppm=50.0
12:17:04.767 [FXGL Background Thread 1 ] DEBUG PhysicsWorld         - Using strategy: BRUTE_FORCE
12:17:04.773 [FXGL Background Thread 1 ] DEBUG GameScene            - Game scene initialized: 1024x1024
12:17:04.794 [FXGL Background Thread 1 ] WARN  FXGLAssetLoaderServi - Asset "/assets/textures/TempBG.png" was not found!
12:17:04.795 [FXGL Background Thread 1 ] WARN  FXGLAssetLoaderServi - Failed to load IMAGE
12:17:04.830 [JavaFX Application Thread] DEBUG LoopRunner           - Stopping loop
12:17:04.830 [JavaFX Application Thread] DEBUG LoopRunner           - Initializing JavaFX AnimationTimerLoop
12:17:04.840 [JavaFX Application Thread] FATAL FXGLApplication      - Uncaught Exception:
java.lang.IllegalArgumentException: Children: duplicate children added: parent = Pane@23ea6de7
	at javafx.scene.Parent$3.onProposedChange(Parent.java:561)
	at com.sun.javafx.collections.VetoableListDecorator.add(VetoableListDecorator.java:205)
	at myGame.DawnseekerMenu.<init>(DawnseekerMenu.java:36)
	at myGame.DawnseekerApp$1.newMainMenu(DawnseekerApp.java:112)
	at com.almasb.fxgl.app.FXGLApplication$GameApplicationService.initAppScenes(FXGLApplication.kt:457)
	at com.almasb.fxgl.app.FXGLApplication$GameApplicationService.onInit(FXGLApplication.kt:417)
	at com.almasb.fxgl.app.Engine.initServices(Engine.kt:85)
	at com.almasb.fxgl.app.FXGLApplication.startImpl$lambda-2(FXGLApplication.kt:138)
	at com.almasb.fxgl.core.concurrent.IOTask.lambda$ofVoid$5(IOTask.java:184)
	at com.almasb.fxgl.core.concurrent.IOTask$2.onExecute(IOTask.java:197)
	at com.almasb.fxgl.core.concurrent.IOTask$1.call(IOTask.java:148)
	at javafx.concurrent.Task$TaskCallable.call(Task.java:1426)
	at java.base/java.util.concurrent.FutureTask.run(FutureTask.java:317)
	at java.base/java.util.concurrent.Executors$RunnableAdapter.call(Executors.java:577)
	at java.base/java.util.concurrent.FutureTask.run(FutureTask.java:317)
	at java.base/java.util.concurrent.ThreadPoolExecutor.runWorker(ThreadPoolExecutor.java:1144)
	at java.base/java.util.concurrent.ThreadPoolExecutor$Worker.run(ThreadPoolExecutor.java:642)
	at java.base/java.lang.Thread.run(Thread.java:1589)

12:17:04.840 [JavaFX Application Thread] FATAL FXGLApplication      - Application will now exit
12:17:04.900 [JavaFX Application Thread] DEBUG PrimaryStageWindow   - Push state: ErrorSubScene
12:17:04.901 [JavaFX Application Thread] DEBUG Input                - Clearing active input actions
12:17:04.917 [JavaFX Application Thread] DEBUG GameApplicationServi - Removing overlay from FXGLStartupScene and adding to ErrorSubScene
12:17:04.917 [JavaFX Application Thread] DEBUG PrimaryStageWindow   - FXGLStartupScene -> ErrorSubScene
12:17:12.034 [JavaFX Application Thread] DEBUG FXGLApplication      - Exiting FXGL
12:17:12.034 [JavaFX Application Thread] DEBUG Async                - Shutting down background threads
12:17:12.035 [JavaFX Application Thread] DEBUG PrimaryStageWindow   - Closing main window
12:17:12.058 [JavaFX Application Thread] DEBUG Logger               - Closing Logger
