12:25:25.151 [main                     ] DEBUG Logger               - Configured Logger
12:25:25.174 [main                     ] DEBUG GameApplication      - Logging settings
Title: Dawnseeker
Version: 0.1
Width: 1024
Height: 1024
Fullscreen: false
Intro: true
Profiling: false
Single step:false
App Mode: DEVELOPER
Menu Key: ESCAPE
Stage Style: DECORATED
Scene Factory: class com.almasb.fxgl.app.scene.SceneFactory

12:25:25.542 [JavaFX Application Thread] DEBUG FXGLApplication      - Initializing FXGL
12:25:25.547 [JavaFX Application Thread] INFO  Engine               - FXGL-17.2 (20.08.2022 16.50) on WINDOWS (J:19.0.2 FX:18)
12:25:25.547 [JavaFX Application Thread] DEBUG Engine               - JRE Vendor Name: Oracle Corporation
12:25:25.547 [JavaFX Application Thread] DEBUG Engine               - Running on OS: Windows 10 version 10.0
12:25:25.547 [JavaFX Application Thread] DEBUG Engine               - Architecture: amd64
12:25:25.548 [JavaFX Application Thread] INFO  Engine               - Source code and latest versions at: https://github.com/AlmasB/FXGL
12:25:25.548 [JavaFX Application Thread] INFO  Engine               -       Ask questions and discuss at: https://github.com/AlmasB/FXGL/discussions
12:25:25.548 [JavaFX Application Thread] INFO  Engine               -              Join the FXGL chat at: https://gitter.im/AlmasB/FXGL
12:25:25.671 [JavaFX Application Thread] DEBUG PrimaryStageWindow   - Creating a JavaFX scene
12:25:25.671 [JavaFX Application Thread] DEBUG PrimaryStageWindow   - Target size > screen size
12:25:25.715 [JavaFX Application Thread] DEBUG PrimaryStageWindow   - Target settings size: 1024.0 x 1024.0
12:25:25.715 [JavaFX Application Thread] DEBUG PrimaryStageWindow   - Scaled scene size:    799.0 x 824.0
12:25:25.715 [JavaFX Application Thread] DEBUG PrimaryStageWindow   - Scaled ratio: (0.7802734375, 0.8046875)
12:25:25.719 [JavaFX Application Thread] DEBUG PrimaryStageWindow   - Set initial scene to FXGLStartupScene
12:25:25.726 [JavaFX Application Thread] DEBUG PrimaryStageWindow   - Opening main window
12:25:25.839 [JavaFX Application Thread] DEBUG PrimaryStageWindow   - Window border size: (14.5999755859375, 37.5999755859375)
12:25:25.840 [JavaFX Application Thread] DEBUG PrimaryStageWindow   - Scaled size: 799.0 x 824.0
12:25:25.840 [JavaFX Application Thread] DEBUG PrimaryStageWindow   - Scaled ratio: (0.7802734375, 0.8046875)
12:25:25.841 [JavaFX Application Thread] DEBUG PrimaryStageWindow   - Scene size: 799.0 x 824.0
12:25:25.842 [JavaFX Application Thread] DEBUG PrimaryStageWindow   - Stage size: 813.5999755859375 x 861.5999755859375
12:25:25.851 [FXGL Background Thread 1 ] DEBUG Engine               - Initializing environment variables
12:25:25.932 [FXGL Background Thread 1 ] DEBUG FXGLAssetLoaderServi - User app class for loading assets: class myGame.DawnseekerApp
12:25:25.933 [FXGL Background Thread 1 ] DEBUG GameApplicationServi - Applying CSS: fxgl_dark.css
12:25:25.935 [FXGL Background Thread 1 ] DEBUG FXGLAssetLoaderServi - Loading from file system: jar:file:/C:/Users/narro/.m2/repository/com/github/almasb/fxgl/17.2/fxgl-17.2.jar!/fxglassets/ui/css/fxgl_dark.css
12:25:26.009 [FXGL Background Thread 1 ] DEBUG GameApplicationServi - Initializing application scenes
12:25:26.073 [FXGL Background Thread 1 ] DEBUG GameWorld            - Game world initialized
12:25:26.162 [FXGL Background Thread 1 ] DEBUG PhysicsWorld         - Physics world initialized: appHeight=1024, physics.ppm=50.0
12:25:26.162 [FXGL Background Thread 1 ] DEBUG PhysicsWorld         - Using strategy: BRUTE_FORCE
12:25:26.168 [FXGL Background Thread 1 ] DEBUG GameScene            - Game scene initialized: 1024x1024
12:25:26.175 [FXGL Background Thread 1 ] DEBUG FXGLAssetLoaderServi - Loading from file system: jar:file:/C:/Users/narro/.m2/repository/com/github/almasb/fxgl/17.2/fxgl-17.2.jar!/fxglassets/textures/intro/fxgl_logo.png
12:25:26.211 [FXGL Background Thread 1 ] DEBUG FXGLAssetLoaderServi - Loading from file system: jar:file:/C:/Users/narro/.m2/repository/com/github/almasb/fxgl/17.2/fxgl-17.2.jar!/fxglassets/textures/intro/javafx_logo.png
12:25:26.365 [FXGL Background Thread 1 ] DEBUG FXGL.DefaultMenu     - createMenuBodyMainMenu()
12:25:26.384 [FXGL Background Thread 1 ] DEBUG FXGL.DefaultMenu     - createOptionsMenu()
12:25:26.396 [FXGL Background Thread 1 ] DEBUG FXGLAssetLoaderServi - Loading from file system: jar:file:/C:/Users/narro/.m2/repository/com/github/almasb/fxgl/17.2/fxgl-17.2.jar!/fxglassets/textures/particles/smoke.png
12:25:26.464 [FXGL Background Thread 1 ] DEBUG FXGLAssetLoaderServi - Loading from file system: jar:file:/C:/Users/narro/.m2/repository/com/github/almasb/fxgl/17.2/fxgl-17.2.jar!/fxglassets/textures/particles/trace_horizontal.png
12:25:26.490 [FXGL Background Thread 1 ] DEBUG FXGL.DefaultMenu     - createMenuBodyGameMenu()
12:25:26.491 [FXGL Background Thread 1 ] DEBUG FXGL.DefaultMenu     - createOptionsMenu()
12:25:26.505 [FXGL Background Thread 1 ] DEBUG GameApplicationServi - Application scenes initialized
12:25:26.525 [FXGL Background Thread 1 ] DEBUG SystemBundleService  - Loading FXGL system data
12:25:26.530 [FXGL Background Thread 1 ] DEBUG FileSystemAccess     - Reading from: C:\Users\narro\OneDrive\Documents\coleg\Spring 2023\CS 4900 Senior Seminiar\Dawnseeker\Dawnseeker\system\fxgl.bundle
12:25:26.542 [FXGL Background Thread 1 ] DEBUG SystemBundleService  - Bundle FXGL: {}
12:25:26.542 [FXGL Background Thread 1 ] DEBUG UpdaterService       - Checking for updates
12:25:26.547 [FXGL Background Thread 4 ] DEBUG FXGLApplication      - Loading fonts
12:25:26.548 [FXGL Background Thread 4 ] DEBUG FXGLAssetLoaderServi - Loading from file system: jar:file:/C:/Users/narro/.m2/repository/com/github/almasb/fxgl/17.2/fxgl-17.2.jar!/fxglassets/ui/fonts/VarelaRound-Regular.ttf
12:25:26.548 [FXGL Background Thread 1 ] DEBUG FXGLApplication      - Loading default localization
12:25:26.549 [FXGL Background Thread 1 ] DEBUG FXGLAssetLoaderServi - Loading from file system: jar:file:/C:/Users/narro/.m2/repository/com/github/almasb/fxgl/17.2/fxgl-17.2.jar!/fxglassets/languages/english.lang
12:25:26.583 [FXGL Background Thread 1 ] INFO  FXGLApplication      - FXGL initialization took: 0.733 sec
12:25:26.600 [JavaFX Application Thread] DEBUG Input                - Registered new binding: action0 - W
12:25:26.601 [JavaFX Application Thread] DEBUG Input                - Registered new binding: action1 - S
12:25:26.601 [JavaFX Application Thread] DEBUG Input                - Registered new binding: action2 - A
12:25:26.601 [JavaFX Application Thread] DEBUG Input                - Registered new binding: action3 - D
12:25:26.605 [JavaFX Application Thread] DEBUG Input                - Registered new binding: action4 - LMB
12:25:26.606 [JavaFX Application Thread] DEBUG FXGLAssetLoaderServi - Loading from file system: jar:file:/C:/Users/narro/.m2/repository/com/github/almasb/fxgl/17.2/fxgl-17.2.jar!/fxglassets/textures/fxgl_icon.png
12:25:26.626 [JavaFX Application Thread] DEBUG FXGLAssetLoaderServi - Loading from file system: jar:file:/C:/Users/narro/.m2/repository/com/github/almasb/fxgl/17.2/fxgl-17.2.jar!/fxglassets/textures/fxgl_default_cursor.png
12:25:26.629 [JavaFX Application Thread] DEBUG Input                - Registered new binding: Screenshot - CTRL+8
12:25:26.629 [JavaFX Application Thread] DEBUG Input                - Registered new binding: System info dump - CTRL+9
12:25:26.630 [JavaFX Application Thread] DEBUG Input                - Registered new binding: Restart - CTRL+R
12:25:26.631 [JavaFX Application Thread] DEBUG Input                - Registered new binding: Toggle Debug Camera - CTRL+7
12:25:26.633 [JavaFX Application Thread] DEBUG LoopRunner           - Starting loop
12:25:26.634 [JavaFX Application Thread] DEBUG LoopRunner           - Initializing JavaFX AnimationTimerLoop
12:25:26.668 [FXGL Background Thread 4 ] DEBUG FXGLAssetLoaderServi - Loading from file system: jar:file:/C:/Users/narro/.m2/repository/com/github/almasb/fxgl/17.2/fxgl-17.2.jar!/fxglassets/ui/fonts/Abel-Regular.ttf
12:25:26.682 [FXGL Background Thread 4 ] DEBUG FXGLAssetLoaderServi - Loading from file system: jar:file:/C:/Users/narro/.m2/repository/com/github/almasb/fxgl/17.2/fxgl-17.2.jar!/fxglassets/ui/fonts/TerminalLandMono-Regular.otf
12:25:26.695 [JavaFX Application Thread] DEBUG Input                - Clearing active input actions
12:25:26.695 [FXGL Background Thread 4 ] DEBUG FXGLAssetLoaderServi - Loading from file system: jar:file:/C:/Users/narro/.m2/repository/com/github/almasb/fxgl/17.2/fxgl-17.2.jar!/fxglassets/ui/fonts/Courier-Prime.ttf
12:25:26.704 [JavaFX Application Thread] DEBUG GameApplicationServi - Removing overlay from FXGLStartupScene and adding to FXGLIntroScene
12:25:26.705 [JavaFX Application Thread] DEBUG PrimaryStageWindow   - FXGLStartupScene -> FXGLIntroScene
12:25:26.751 [JavaFX Application Thread] DEBUG FXGLApplication      - Registering font factories with UI factory
12:25:29.547 [FXGL Background Thread 3 ] DEBUG Engine               - Logging environment variables
12:25:29.549 [FXGL Background Thread 3 ] DEBUG Engine               - achievements: []
12:25:29.549 [FXGL Background Thread 3 ] DEBUG Engine               - actualHeight: 824.0
12:25:29.549 [FXGL Background Thread 3 ] DEBUG Engine               - actualHeightProperty: ReadOnlyDoubleProperty [value: 824.0]
12:25:29.550 [FXGL Background Thread 3 ] DEBUG Engine               - actualWidth: 799.0
12:25:29.550 [FXGL Background Thread 3 ] DEBUG Engine               - actualWidthProperty: ReadOnlyDoubleProperty [value: 799.0]
12:25:29.550 [FXGL Background Thread 3 ] DEBUG Engine               - appIcon: fxgl_icon.png
12:25:29.550 [FXGL Background Thread 3 ] DEBUG Engine               - applicationMode: DEVELOPER
12:25:29.550 [FXGL Background Thread 3 ] DEBUG Engine               - cSSList: [fxgl_dark.css]
12:25:29.551 [FXGL Background Thread 3 ] DEBUG Engine               - collisionDetectionStrategy: BRUTE_FORCE
12:25:29.551 [FXGL Background Thread 3 ] DEBUG Engine               - configClass: Optional.empty
12:25:29.551 [FXGL Background Thread 3 ] DEBUG Engine               - credits: []
12:25:29.552 [FXGL Background Thread 3 ] DEBUG Engine               - defaultCursor: CursorInfo(imageName=fxgl_default_cursor.png, hotspotX=7.0, hotspotY=6.0)
12:25:29.552 [FXGL Background Thread 3 ] DEBUG Engine               - devBBoxColorProperty: ObjectProperty [value: 0xff0000ff]
12:25:29.553 [FXGL Background Thread 3 ] DEBUG Engine               - devEnableDebugCameraProperty: BooleanProperty [value: false]
12:25:29.553 [FXGL Background Thread 3 ] DEBUG Engine               - devSensorColorProperty: ObjectProperty [value: 0xffff00ff]
12:25:29.553 [FXGL Background Thread 3 ] DEBUG Engine               - devShowBBoxProperty: BooleanProperty [value: false]
12:25:29.553 [FXGL Background Thread 3 ] DEBUG Engine               - devShowPositionProperty: BooleanProperty [value: false]
12:25:29.554 [FXGL Background Thread 3 ] DEBUG Engine               - enabledMenuItems: []
12:25:29.554 [FXGL Background Thread 3 ] DEBUG Engine               - engineServices: [class com.almasb.fxgl.app.services.FXGLAssetLoaderService, class com.almasb.fxgl.app.FXGLApplication$GameApplicationService, class com.almasb.fxgl.app.services.FXGLDialogService, class com.almasb.fxgl.app.services.IOTaskExecutorService, class com.almasb.fxgl.io.FileSystemService, class com.almasb.fxgl.localization.LocalizationService, class com.almasb.fxgl.app.services.SystemBundleService, class com.almasb.fxgl.profile.SaveLoadService, class com.almasb.fxgl.ui.FXGLUIFactoryServiceProvider, class com.almasb.fxgl.ui.FXGLDialogFactoryServiceProvider, class com.almasb.fxgl.audio.AudioPlayer, class com.almasb.fxgl.notification.impl.NotificationServiceProvider, class com.almasb.fxgl.achievement.AchievementService, class com.almasb.fxgl.cutscene.CutsceneService, class com.almasb.fxgl.minigames.MiniGameService, class com.almasb.fxgl.net.NetService, class com.almasb.fxgl.app.services.UpdaterService, class com.almasb.fxgl.dev.DevService]
12:25:29.554 [FXGL Background Thread 3 ] DEBUG Engine               - fontGame: Abel-Regular.ttf
12:25:29.555 [FXGL Background Thread 3 ] DEBUG Engine               - fontMono: TerminalLandMono-Regular.otf
12:25:29.555 [FXGL Background Thread 3 ] DEBUG Engine               - fontText: Courier-Prime.ttf
12:25:29.555 [FXGL Background Thread 3 ] DEBUG Engine               - fontUI: VarelaRound-Regular.ttf
12:25:29.555 [FXGL Background Thread 3 ] DEBUG Engine               - fullScreen: BooleanProperty [value: false]
12:25:29.555 [FXGL Background Thread 3 ] DEBUG Engine               - gameDifficulty: MEDIUM
12:25:29.556 [FXGL Background Thread 3 ] DEBUG Engine               - gameDifficultyProperty: ObjectProperty [value: MEDIUM]
12:25:29.556 [FXGL Background Thread 3 ] DEBUG Engine               - globalMusicVolume: 0.5
12:25:29.556 [FXGL Background Thread 3 ] DEBUG Engine               - globalMusicVolumeProperty: DoubleProperty [value: 0.5]
12:25:29.556 [FXGL Background Thread 3 ] DEBUG Engine               - globalSoundVolume: 0.5
12:25:29.557 [FXGL Background Thread 3 ] DEBUG Engine               - globalSoundVolumeProperty: DoubleProperty [value: 0.5]
12:25:29.557 [FXGL Background Thread 3 ] DEBUG Engine               - height: 1024
12:25:29.557 [FXGL Background Thread 3 ] DEBUG Engine               - is3D: false
12:25:29.557 [FXGL Background Thread 3 ] DEBUG Engine               - isAndroid: false
12:25:29.558 [FXGL Background Thread 3 ] DEBUG Engine               - isBrowser: false
12:25:29.558 [FXGL Background Thread 3 ] DEBUG Engine               - isClickFeedbackEnabled: false
12:25:29.558 [FXGL Background Thread 3 ] DEBUG Engine               - isCloseConfirmation: false
12:25:29.558 [FXGL Background Thread 3 ] DEBUG Engine               - isDesktop: true
12:25:29.559 [FXGL Background Thread 3 ] DEBUG Engine               - isDeveloperMenuEnabled: false
12:25:29.559 [FXGL Background Thread 3 ] DEBUG Engine               - isEmbedded: false
12:25:29.559 [FXGL Background Thread 3 ] DEBUG Engine               - isEntityPreloadEnabled: true
12:25:29.560 [FXGL Background Thread 3 ] DEBUG Engine               - isExperimentalTiledLargeMap: false
12:25:29.560 [FXGL Background Thread 3 ] DEBUG Engine               - isFileSystemWriteAllowed: true
12:25:29.561 [FXGL Background Thread 3 ] DEBUG Engine               - isFullScreenAllowed: false
12:25:29.561 [FXGL Background Thread 3 ] DEBUG Engine               - isFullScreenFromStart: false
12:25:29.561 [FXGL Background Thread 3 ] DEBUG Engine               - isGameMenuEnabled: true
12:25:29.561 [FXGL Background Thread 3 ] DEBUG Engine               - isIOS: false
12:25:29.561 [FXGL Background Thread 3 ] DEBUG Engine               - isIntroEnabled: true
12:25:29.562 [FXGL Background Thread 3 ] DEBUG Engine               - isLinux: false
12:25:29.562 [FXGL Background Thread 3 ] DEBUG Engine               - isMac: false
12:25:29.562 [FXGL Background Thread 3 ] DEBUG Engine               - isMainMenuEnabled: true
12:25:29.562 [FXGL Background Thread 3 ] DEBUG Engine               - isManualResizeEnabled: false
12:25:29.563 [FXGL Background Thread 3 ] DEBUG Engine               - isMobile: false
12:25:29.563 [FXGL Background Thread 3 ] DEBUG Engine               - isNative: false
12:25:29.563 [FXGL Background Thread 3 ] DEBUG Engine               - isPauseMusicWhenMinimized: true
12:25:29.563 [FXGL Background Thread 3 ] DEBUG Engine               - isPreserveResizeRatio: false
12:25:29.564 [FXGL Background Thread 3 ] DEBUG Engine               - isProfilingEnabled: false
12:25:29.564 [FXGL Background Thread 3 ] DEBUG Engine               - isScaleAffectedOnResize: true
12:25:29.565 [FXGL Background Thread 3 ] DEBUG Engine               - isSingleStep: false
12:25:29.565 [FXGL Background Thread 3 ] DEBUG Engine               - isUserProfileEnabled: false
12:25:29.565 [FXGL Background Thread 3 ] DEBUG Engine               - isWindows: true
12:25:29.565 [FXGL Background Thread 3 ] DEBUG Engine               - language: ObjectProperty [value: ENGLISH]
12:25:29.565 [FXGL Background Thread 3 ] DEBUG Engine               - menuKey: ESCAPE
12:25:29.566 [FXGL Background Thread 3 ] DEBUG Engine               - mouseSensitivity: 0.2
12:25:29.566 [FXGL Background Thread 3 ] DEBUG Engine               - notificationViewClass: class com.almasb.fxgl.notification.view.XboxNotificationView
12:25:29.566 [FXGL Background Thread 3 ] DEBUG Engine               - pixelsPerMeter: 50.0
12:25:29.566 [FXGL Background Thread 3 ] DEBUG Engine               - platform: WINDOWS
12:25:29.566 [FXGL Background Thread 3 ] DEBUG Engine               - prefHeightProperty: ReadOnlyDoubleProperty [value: 1024.0]
12:25:29.567 [FXGL Background Thread 3 ] DEBUG Engine               - prefWidthProperty: ReadOnlyDoubleProperty [value: 1024.0]
12:25:29.567 [FXGL Background Thread 3 ] DEBUG Engine               - profileDir: profiles/
12:25:29.567 [FXGL Background Thread 3 ] DEBUG Engine               - profileName: StringProperty [value: DEFAULT]
12:25:29.567 [FXGL Background Thread 3 ] DEBUG Engine               - randomSeed: -1
12:25:29.568 [FXGL Background Thread 3 ] DEBUG Engine               - runtimeInfo: RuntimeInfo(platform=WINDOWS, version=17.2, build=20.08.2022 16.50)
12:25:29.568 [FXGL Background Thread 3 ] DEBUG Engine               - saveFileExt: sav
12:25:29.568 [FXGL Background Thread 3 ] DEBUG Engine               - scaledHeightProp$fxgl: DoubleProperty [bound, value: 824.0]
12:25:29.568 [FXGL Background Thread 3 ] DEBUG Engine               - scaledWidthProp$fxgl: DoubleProperty [bound, value: 799.0]
12:25:29.569 [FXGL Background Thread 3 ] DEBUG Engine               - sceneFactory: com.almasb.fxgl.app.scene.SceneFactory@4d1d5df8
12:25:29.569 [FXGL Background Thread 3 ] DEBUG Engine               - secondsIn24h: 60
12:25:29.569 [FXGL Background Thread 3 ] DEBUG Engine               - soundMenuBack: menu/back.wav
12:25:29.569 [FXGL Background Thread 3 ] DEBUG Engine               - soundMenuPress: menu/press.wav
12:25:29.569 [FXGL Background Thread 3 ] DEBUG Engine               - soundMenuSelect: menu/select.wav
12:25:29.569 [FXGL Background Thread 3 ] DEBUG Engine               - soundNotification: core/notification.wav
12:25:29.569 [FXGL Background Thread 3 ] DEBUG Engine               - stageStyle: DECORATED
12:25:29.569 [FXGL Background Thread 3 ] DEBUG Engine               - supportedLanguages: [ENGLISH, FRENCH, GERMAN, HUNGARIAN, RUSSIAN]
12:25:29.570 [FXGL Background Thread 3 ] DEBUG Engine               - ticksPerSecond: -1
12:25:29.570 [FXGL Background Thread 3 ] DEBUG Engine               - title: Dawnseeker
12:25:29.570 [FXGL Background Thread 3 ] DEBUG Engine               - urlGithub: https://github.com/AlmasB/FXGL
12:25:29.570 [FXGL Background Thread 3 ] DEBUG Engine               - urlLeaderboard: http://fxgl-top.herokuapp.com/
12:25:29.570 [FXGL Background Thread 3 ] DEBUG Engine               - urlPOM: https://raw.githubusercontent.com/AlmasB/FXGL/release/README.md
12:25:29.570 [FXGL Background Thread 3 ] DEBUG Engine               - userAppClass: class myGame.DawnseekerApp
12:25:29.570 [FXGL Background Thread 3 ] DEBUG Engine               - version: 0.1
12:25:29.570 [FXGL Background Thread 3 ] DEBUG Engine               - versionCheckDays: 7
12:25:29.570 [FXGL Background Thread 3 ] DEBUG Engine               - width: 1024
12:25:29.571 [FXGL Background Thread 3 ] DEBUG Engine               - Logging services
12:25:29.571 [FXGL Background Thread 3 ] DEBUG Engine               - class com.almasb.fxgl.app.services.FXGLAssetLoaderService
12:25:29.571 [FXGL Background Thread 3 ] DEBUG Engine               - class com.almasb.fxgl.app.FXGLApplication$GameApplicationService
12:25:29.571 [FXGL Background Thread 3 ] DEBUG Engine               - class com.almasb.fxgl.app.services.FXGLDialogService
12:25:29.571 [FXGL Background Thread 3 ] DEBUG Engine               - class com.almasb.fxgl.app.services.IOTaskExecutorService
12:25:29.571 [FXGL Background Thread 3 ] DEBUG Engine               - class com.almasb.fxgl.io.FileSystemService
12:25:29.571 [FXGL Background Thread 3 ] DEBUG Engine               - class com.almasb.fxgl.localization.LocalizationService
12:25:29.572 [FXGL Background Thread 3 ] DEBUG Engine               - class com.almasb.fxgl.app.services.SystemBundleService
12:25:29.572 [FXGL Background Thread 3 ] DEBUG Engine               - class com.almasb.fxgl.profile.SaveLoadService
12:25:29.572 [FXGL Background Thread 3 ] DEBUG Engine               - class com.almasb.fxgl.ui.FXGLUIFactoryServiceProvider
12:25:29.572 [FXGL Background Thread 3 ] DEBUG Engine               - class com.almasb.fxgl.ui.FXGLDialogFactoryServiceProvider
12:25:29.572 [FXGL Background Thread 3 ] DEBUG Engine               - class com.almasb.fxgl.audio.AudioPlayer
12:25:29.572 [FXGL Background Thread 3 ] DEBUG Engine               - class com.almasb.fxgl.notification.impl.NotificationServiceProvider
12:25:29.573 [FXGL Background Thread 3 ] DEBUG Engine               - class com.almasb.fxgl.achievement.AchievementService
12:25:29.573 [FXGL Background Thread 3 ] DEBUG Engine               - class com.almasb.fxgl.cutscene.CutsceneService
12:25:29.573 [FXGL Background Thread 3 ] DEBUG Engine               - class com.almasb.fxgl.minigames.MiniGameService
12:25:29.573 [FXGL Background Thread 3 ] DEBUG Engine               - class com.almasb.fxgl.net.NetService
12:25:29.573 [FXGL Background Thread 3 ] DEBUG Engine               - class com.almasb.fxgl.app.services.UpdaterService
12:25:29.573 [FXGL Background Thread 3 ] DEBUG Engine               - class com.almasb.fxgl.dev.DevService
12:25:34.603 [JavaFX Application Thread] DEBUG Input                - Clearing active input actions
12:25:34.624 [JavaFX Application Thread] DEBUG GameApplicationServi - Removing overlay from FXGLIntroScene and adding to FXGLMainMenuDummyScene
12:25:34.624 [JavaFX Application Thread] DEBUG PrimaryStageWindow   - FXGLIntroScene -> FXGLMainMenuDummyScene
12:25:34.625 [JavaFX Application Thread] DEBUG PrimaryStageWindow   - Push state: FXGLDefaultMenu
12:25:34.633 [JavaFX Application Thread] DEBUG Input                - Clearing active input actions
12:25:34.648 [JavaFX Application Thread] DEBUG GameApplicationServi - Removing overlay from FXGLMainMenuDummyScene and adding to FXGLDefaultMenu
12:25:34.648 [JavaFX Application Thread] DEBUG PrimaryStageWindow   - FXGLMainMenuDummyScene -> FXGLDefaultMenu
12:26:28.264 [JavaFX Application Thread] DEBUG Menu                 - fireNewGame()
12:26:28.264 [JavaFX Application Thread] DEBUG GameApplicationServi - Starting new game
12:26:28.267 [JavaFX Application Thread] DEBUG PrimaryStageWindow   - Pop state: FXGLDefaultMenu
12:26:28.267 [JavaFX Application Thread] DEBUG Input                - Clearing active input actions
12:26:28.268 [JavaFX Application Thread] DEBUG GameApplicationServi - Removing overlay from FXGLDefaultMenu and adding to FXGLMainMenuDummyScene
12:26:28.269 [JavaFX Application Thread] DEBUG PrimaryStageWindow   - FXGLMainMenuDummyScene <- FXGLDefaultMenu
12:26:28.269 [JavaFX Application Thread] DEBUG Input                - Clearing active input actions
12:26:28.276 [JavaFX Application Thread] DEBUG GameApplicationServi - Removing overlay from FXGLMainMenuDummyScene and adding to FXGLLoadingScene
12:26:28.276 [JavaFX Application Thread] DEBUG PrimaryStageWindow   - FXGLMainMenuDummyScene -> FXGLLoadingScene
12:26:28.276 [JavaFX Application Thread] DEBUG GameApplicationServi - Clearing previous game
12:26:28.276 [JavaFX Application Thread] DEBUG GameScene            - Clearing game scene
12:26:28.277 [JavaFX Application Thread] DEBUG GameWorld            - Clearing game world
12:26:28.277 [JavaFX Application Thread] DEBUG PhysicsWorld         - Clearing physics world
12:26:28.282 [FXGL Background Thread 5 ] DEBUG FXGLApplication      - Initializing game
12:26:28.318 [FXGL Background Thread 5 ] WARN  GameWorld            - Entity is already attached to world
12:26:28.320 [FXGL Background Thread 5 ] WARN  Entity               - Entity already has component: com.almasb.fxgl.entity.components.CollidableComponent
12:26:28.320 [FXGL Background Thread 5 ] WARN  GameWorld            - Entity is already attached to world
12:26:28.321 [FXGL Background Thread 5 ] WARN  Entity               - Entity already has component: com.almasb.fxgl.entity.components.CollidableComponent
12:26:28.322 [FXGL Background Thread 5 ] WARN  GameWorld            - Entity is already attached to world
12:26:28.323 [FXGL Background Thread 5 ] WARN  Entity               - Entity already has component: com.almasb.fxgl.entity.components.CollidableComponent
12:26:28.324 [FXGL Background Thread 5 ] WARN  GameWorld            - Entity is already attached to world
12:26:28.326 [FXGL Background Thread 5 ] WARN  Entity               - Entity already has component: com.almasb.fxgl.entity.components.CollidableComponent
12:26:28.327 [FXGL Background Thread 5 ] WARN  GameWorld            - Entity is already attached to world
12:26:28.328 [FXGL Background Thread 5 ] WARN  Entity               - Entity already has component: com.almasb.fxgl.entity.components.CollidableComponent
12:26:28.328 [FXGL Background Thread 5 ] WARN  GameWorld            - Entity is already attached to world
12:26:28.332 [FXGL Background Thread 5 ] WARN  Entity               - Entity already has component: com.almasb.fxgl.entity.components.CollidableComponent
12:26:28.332 [FXGL Background Thread 5 ] WARN  GameWorld            - Entity is already attached to world
12:26:28.333 [FXGL Background Thread 5 ] WARN  Entity               - Entity already has component: com.almasb.fxgl.entity.components.CollidableComponent
12:26:28.334 [FXGL Background Thread 5 ] WARN  GameWorld            - Entity is already attached to world
12:26:28.335 [FXGL Background Thread 5 ] WARN  Entity               - Entity already has component: com.almasb.fxgl.entity.components.CollidableComponent
12:26:28.335 [FXGL Background Thread 5 ] WARN  GameWorld            - Entity is already attached to world
12:26:28.359 [FXGL Background Thread 5 ] INFO  FXGLApplication      - Game initialization took: 0.076 sec
12:26:28.359 [JavaFX Application Thread] DEBUG Input                - Clearing active input actions
12:26:28.369 [JavaFX Application Thread] DEBUG GameApplicationServi - Removing overlay from FXGLLoadingScene and adding to GameScene
12:26:28.369 [JavaFX Application Thread] DEBUG PrimaryStageWindow   - FXGLLoadingScene -> GameScene
12:26:33.293 [JavaFX Application Thread] DEBUG FXGLApplication      - Exiting FXGL
12:26:33.293 [JavaFX Application Thread] DEBUG LoopRunner           - Stopping loop
12:26:33.293 [JavaFX Application Thread] DEBUG SystemBundleService  - Saving FXGL system data
12:26:33.295 [JavaFX Application Thread] DEBUG FileSystemAccess     - Writing to: C:\Users\narro\OneDrive\Documents\coleg\Spring 2023\CS 4900 Senior Seminiar\Dawnseeker\Dawnseeker\system\fxgl.bundle
12:26:33.299 [JavaFX Application Thread] DEBUG Async                - Shutting down background threads
12:26:33.299 [JavaFX Application Thread] DEBUG PrimaryStageWindow   - Closing main window
12:26:33.307 [JavaFX Application Thread] DEBUG Logger               - Closing Logger
