17:55:47.669 [main                     ] DEBUG Logger               - Configured Logger
17:55:47.722 [main                     ] DEBUG GameApplication      - Logging settings
Title: Dawnseeker
Version: 0.5
Width: 1920
Height: 1080
Fullscreen: false
Intro: false
Profiling: false
Single step:false
App Mode: DEVELOPER
Menu Key: ESCAPE
Stage Style: DECORATED
Scene Factory: class myGame.DawnseekerApp$1

17:55:48.594 [JavaFX Application Thread] DEBUG FXGLApplication      - Initializing FXGL
17:55:48.608 [JavaFX Application Thread] INFO  Engine               - FXGL-17.2 (20.08.2022 16.50) on WINDOWS (J:19.0.2 FX:18)
17:55:48.609 [JavaFX Application Thread] DEBUG Engine               - JRE Vendor Name: Oracle Corporation
17:55:48.610 [JavaFX Application Thread] DEBUG Engine               - Running on OS: Windows 10 version 10.0
17:55:48.610 [JavaFX Application Thread] DEBUG Engine               - Architecture: amd64
17:55:48.611 [JavaFX Application Thread] INFO  Engine               - Source code and latest versions at: https://github.com/AlmasB/FXGL
17:55:48.611 [JavaFX Application Thread] INFO  Engine               -       Ask questions and discuss at: https://github.com/AlmasB/FXGL/discussions
17:55:48.611 [JavaFX Application Thread] INFO  Engine               -              Join the FXGL chat at: https://gitter.im/AlmasB/FXGL
17:55:48.896 [JavaFX Application Thread] DEBUG PrimaryStageWindow   - Creating a JavaFX scene
17:55:48.896 [JavaFX Application Thread] DEBUG PrimaryStageWindow   - Target size > screen size
17:55:49.065 [JavaFX Application Thread] DEBUG PrimaryStageWindow   - Target settings size: 1920.0 x 1080.0
17:55:49.068 [JavaFX Application Thread] DEBUG PrimaryStageWindow   - Scaled scene size:    1439.0 x 823.0
17:55:49.070 [JavaFX Application Thread] DEBUG PrimaryStageWindow   - Scaled ratio: (0.7494791666666667, 0.7620370370370371)
17:55:49.076 [JavaFX Application Thread] DEBUG PrimaryStageWindow   - Set initial scene to FXGLStartupScene
17:55:49.101 [JavaFX Application Thread] DEBUG PrimaryStageWindow   - Opening main window
17:55:49.387 [JavaFX Application Thread] DEBUG PrimaryStageWindow   - Window border size: (14.5999755859375, 37.79998779296875)
17:55:49.388 [JavaFX Application Thread] DEBUG PrimaryStageWindow   - Scaled size: 1439.0 x 823.0
17:55:49.388 [JavaFX Application Thread] DEBUG PrimaryStageWindow   - Scaled ratio: (0.7494791666666667, 0.7620370370370371)
17:55:49.389 [JavaFX Application Thread] DEBUG PrimaryStageWindow   - Scene size: 1439.0 x 823.0
17:55:49.389 [JavaFX Application Thread] DEBUG PrimaryStageWindow   - Stage size: 1453.5999755859375 x 860.7999877929688
17:55:49.423 [FXGL Background Thread 1 ] DEBUG Engine               - Initializing environment variables
17:55:49.794 [FXGL Background Thread 1 ] DEBUG FXGLAssetLoaderServi - User app class for loading assets: class myGame.DawnseekerApp
17:55:49.795 [FXGL Background Thread 1 ] DEBUG GameApplicationServi - Applying CSS: fxgl_dark.css
17:55:49.799 [FXGL Background Thread 1 ] DEBUG FXGLAssetLoaderServi - Loading from file system: jar:file:/C:/Users/narro/.m2/repository/com/github/almasb/fxgl/17.2/fxgl-17.2.jar!/fxglassets/ui/css/fxgl_dark.css
17:55:49.907 [FXGL Background Thread 1 ] DEBUG GameApplicationServi - Initializing application scenes
17:55:49.990 [FXGL Background Thread 1 ] DEBUG GameWorld            - Game world initialized
17:55:50.101 [FXGL Background Thread 1 ] DEBUG PhysicsWorld         - Physics world initialized: appHeight=1080, physics.ppm=50.0
17:55:50.101 [FXGL Background Thread 1 ] DEBUG PhysicsWorld         - Using strategy: BRUTE_FORCE
17:55:50.109 [FXGL Background Thread 1 ] DEBUG GameScene            - Game scene initialized: 1920x1080
17:55:50.110 [FXGL Background Thread 1 ] DEBUG FXGLAssetLoaderServi - Loading from file system: file:/C:/Users/narro/git/CS4900G2Proj2/Dawnseeker/target/classes/assets/music/shop.mp3
17:55:50.352 [FXGL Background Thread 1 ] DEBUG AudioPlayer          - Playing music com.almasb.fxgl.audio.Music@5f4e0a74
17:55:50.382 [FXGL Background Thread 1 ] DEBUG FXGLAssetLoaderServi - Loading from file system: file:/C:/Users/narro/git/CS4900G2Proj2/Dawnseeker/target/classes/assets/textures/bg2.png
17:55:50.545 [FXGL Background Thread 1 ] DEBUG FXGL.DefaultMenu     - createMenuBodyGameMenu()
17:55:50.589 [FXGL Background Thread 1 ] DEBUG FXGL.DefaultMenu     - createOptionsMenu()
17:55:50.606 [FXGL Background Thread 1 ] DEBUG FXGLAssetLoaderServi - Loading from file system: jar:file:/C:/Users/narro/.m2/repository/com/github/almasb/fxgl/17.2/fxgl-17.2.jar!/fxglassets/textures/particles/smoke.png
17:55:50.781 [FXGL Background Thread 1 ] DEBUG FXGLAssetLoaderServi - Loading from file system: jar:file:/C:/Users/narro/.m2/repository/com/github/almasb/fxgl/17.2/fxgl-17.2.jar!/fxglassets/textures/particles/trace_horizontal.png
17:55:50.839 [FXGL Background Thread 1 ] DEBUG GameApplicationServi - Application scenes initialized
17:55:50.864 [FXGL Background Thread 1 ] DEBUG SystemBundleService  - Loading FXGL system data
17:55:50.871 [FXGL Background Thread 1 ] DEBUG FileSystemAccess     - Reading from: C:\Users\narro\git\CS4900G2Proj2\Dawnseeker\system\fxgl.bundle
17:55:50.888 [FXGL Background Thread 1 ] DEBUG SystemBundleService  - Bundle FXGL: {}
17:55:50.888 [FXGL Background Thread 1 ] DEBUG UpdaterService       - Checking for updates
17:55:50.895 [FXGL Background Thread 4 ] DEBUG FXGLApplication      - Loading fonts
17:55:50.898 [FXGL Background Thread 1 ] DEBUG FXGLApplication      - Loading default localization
17:55:50.899 [FXGL Background Thread 4 ] DEBUG FXGLAssetLoaderServi - Loading from file system: jar:file:/C:/Users/narro/.m2/repository/com/github/almasb/fxgl/17.2/fxgl-17.2.jar!/fxglassets/ui/fonts/VarelaRound-Regular.ttf
17:55:50.899 [FXGL Background Thread 1 ] DEBUG FXGLAssetLoaderServi - Loading from file system: jar:file:/C:/Users/narro/.m2/repository/com/github/almasb/fxgl/17.2/fxgl-17.2.jar!/fxglassets/languages/english.lang
17:55:50.944 [FXGL Background Thread 1 ] INFO  FXGLApplication      - FXGL initialization took: 1.521 sec
17:55:50.966 [JavaFX Application Thread] DEBUG Input                - Registered new binding: action0 - LMB
17:55:50.978 [JavaFX Application Thread] DEBUG Input                - Registered new binding: Up - W
17:55:50.979 [JavaFX Application Thread] DEBUG Input                - Registered new binding: Down - S
17:55:50.979 [JavaFX Application Thread] DEBUG Input                - Registered new binding: Right - D
17:55:50.979 [JavaFX Application Thread] DEBUG Input                - Registered new binding: Left - A
17:55:50.981 [JavaFX Application Thread] DEBUG FXGLAssetLoaderServi - Loading from file system: jar:file:/C:/Users/narro/.m2/repository/com/github/almasb/fxgl/17.2/fxgl-17.2.jar!/fxglassets/textures/fxgl_icon.png
17:55:51.042 [JavaFX Application Thread] DEBUG FXGLAssetLoaderServi - Loading from file system: jar:file:/C:/Users/narro/.m2/repository/com/github/almasb/fxgl/17.2/fxgl-17.2.jar!/fxglassets/textures/fxgl_default_cursor.png
17:55:51.050 [JavaFX Application Thread] DEBUG Input                - Registered new binding: Screenshot - CTRL+8
17:55:51.052 [JavaFX Application Thread] DEBUG Input                - Registered new binding: System info dump - CTRL+9
17:55:51.052 [JavaFX Application Thread] DEBUG Input                - Registered new binding: Restart - CTRL+R
17:55:51.053 [JavaFX Application Thread] DEBUG Input                - Registered new binding: Toggle Debug Camera - CTRL+7
17:55:51.060 [JavaFX Application Thread] DEBUG LoopRunner           - Starting loop
17:55:51.063 [JavaFX Application Thread] DEBUG LoopRunner           - Initializing JavaFX AnimationTimerLoop
17:55:51.072 [JavaFX Application Thread] DEBUG Input                - Clearing active input actions
17:55:51.141 [JavaFX Application Thread] DEBUG GameApplicationServi - Removing overlay from FXGLStartupScene and adding to FXGLMainMenuDummyScene
17:55:51.145 [JavaFX Application Thread] DEBUG PrimaryStageWindow   - FXGLStartupScene -> FXGLMainMenuDummyScene
17:55:51.145 [JavaFX Application Thread] DEBUG PrimaryStageWindow   - Push state: DawnseekerMenu
17:55:51.155 [JavaFX Application Thread] DEBUG Input                - Clearing active input actions
17:55:51.164 [FXGL Background Thread 4 ] DEBUG FXGLAssetLoaderServi - Loading from file system: jar:file:/C:/Users/narro/.m2/repository/com/github/almasb/fxgl/17.2/fxgl-17.2.jar!/fxglassets/ui/fonts/Abel-Regular.ttf
17:55:51.164 [JavaFX Application Thread] DEBUG GameApplicationServi - Removing overlay from FXGLMainMenuDummyScene and adding to DawnseekerMenu
17:55:51.165 [JavaFX Application Thread] DEBUG PrimaryStageWindow   - FXGLMainMenuDummyScene -> DawnseekerMenu
17:55:51.215 [FXGL Background Thread 4 ] DEBUG FXGLAssetLoaderServi - Loading from file system: jar:file:/C:/Users/narro/.m2/repository/com/github/almasb/fxgl/17.2/fxgl-17.2.jar!/fxglassets/ui/fonts/TerminalLandMono-Regular.otf
17:55:51.291 [FXGL Background Thread 4 ] DEBUG FXGLAssetLoaderServi - Loading from file system: jar:file:/C:/Users/narro/.m2/repository/com/github/almasb/fxgl/17.2/fxgl-17.2.jar!/fxglassets/ui/fonts/Courier-Prime.ttf
17:55:51.329 [JavaFX Application Thread] DEBUG FXGLApplication      - Registering font factories with UI factory
17:55:52.105 [FXGL Background Thread 2 ] INFO  UpdaterService       - Your current version:  17.2
17:55:52.106 [FXGL Background Thread 2 ] INFO  UpdaterService       - Latest stable version: 17.3
17:55:53.893 [FXGL Background Thread 3 ] DEBUG Engine               - Logging environment variables
17:55:53.895 [FXGL Background Thread 3 ] DEBUG Engine               - achievements: []
17:55:53.896 [FXGL Background Thread 3 ] DEBUG Engine               - actualHeight: 823.0
17:55:53.896 [FXGL Background Thread 3 ] DEBUG Engine               - actualHeightProperty: ReadOnlyDoubleProperty [value: 823.0]
17:55:53.896 [FXGL Background Thread 3 ] DEBUG Engine               - actualWidth: 1439.0
17:55:53.897 [FXGL Background Thread 3 ] DEBUG Engine               - actualWidthProperty: ReadOnlyDoubleProperty [value: 1439.0]
17:55:53.897 [FXGL Background Thread 3 ] DEBUG Engine               - appIcon: fxgl_icon.png
17:55:53.897 [FXGL Background Thread 3 ] DEBUG Engine               - applicationMode: DEVELOPER
17:55:53.898 [FXGL Background Thread 3 ] DEBUG Engine               - cSSList: [fxgl_dark.css]
17:55:53.898 [FXGL Background Thread 3 ] DEBUG Engine               - collisionDetectionStrategy: BRUTE_FORCE
17:55:53.898 [FXGL Background Thread 3 ] DEBUG Engine               - configClass: Optional.empty
17:55:53.899 [FXGL Background Thread 3 ] DEBUG Engine               - credits: []
17:55:53.900 [FXGL Background Thread 3 ] DEBUG Engine               - defaultCursor: CursorInfo(imageName=fxgl_default_cursor.png, hotspotX=7.0, hotspotY=6.0)
17:55:53.901 [FXGL Background Thread 3 ] DEBUG Engine               - devBBoxColorProperty: ObjectProperty [value: 0xff0000ff]
17:55:53.901 [FXGL Background Thread 3 ] DEBUG Engine               - devEnableDebugCameraProperty: BooleanProperty [value: false]
17:55:53.902 [FXGL Background Thread 3 ] DEBUG Engine               - devSensorColorProperty: ObjectProperty [value: 0xffff00ff]
17:55:53.902 [FXGL Background Thread 3 ] DEBUG Engine               - devShowBBoxProperty: BooleanProperty [value: false]
17:55:53.902 [FXGL Background Thread 3 ] DEBUG Engine               - devShowPositionProperty: BooleanProperty [value: false]
17:55:53.902 [FXGL Background Thread 3 ] DEBUG Engine               - enabledMenuItems: []
17:55:53.903 [FXGL Background Thread 3 ] DEBUG Engine               - engineServices: [class com.almasb.fxgl.app.services.FXGLAssetLoaderService, class com.almasb.fxgl.app.FXGLApplication$GameApplicationService, class com.almasb.fxgl.app.services.FXGLDialogService, class com.almasb.fxgl.app.services.IOTaskExecutorService, class com.almasb.fxgl.io.FileSystemService, class com.almasb.fxgl.localization.LocalizationService, class com.almasb.fxgl.app.services.SystemBundleService, class com.almasb.fxgl.profile.SaveLoadService, class com.almasb.fxgl.ui.FXGLUIFactoryServiceProvider, class com.almasb.fxgl.ui.FXGLDialogFactoryServiceProvider, class com.almasb.fxgl.audio.AudioPlayer, class com.almasb.fxgl.notification.impl.NotificationServiceProvider, class com.almasb.fxgl.achievement.AchievementService, class com.almasb.fxgl.cutscene.CutsceneService, class com.almasb.fxgl.minigames.MiniGameService, class com.almasb.fxgl.net.NetService, class com.almasb.fxgl.app.services.UpdaterService, class com.almasb.fxgl.dev.DevService]
17:55:53.903 [FXGL Background Thread 3 ] DEBUG Engine               - fontGame: Abel-Regular.ttf
17:55:53.903 [FXGL Background Thread 3 ] DEBUG Engine               - fontMono: TerminalLandMono-Regular.otf
17:55:53.903 [FXGL Background Thread 3 ] DEBUG Engine               - fontText: Courier-Prime.ttf
17:55:53.904 [FXGL Background Thread 3 ] DEBUG Engine               - fontUI: VarelaRound-Regular.ttf
17:55:53.904 [FXGL Background Thread 3 ] DEBUG Engine               - fullScreen: BooleanProperty [value: false]
17:55:53.904 [FXGL Background Thread 3 ] DEBUG Engine               - gameDifficulty: MEDIUM
17:55:53.904 [FXGL Background Thread 3 ] DEBUG Engine               - gameDifficultyProperty: ObjectProperty [value: MEDIUM]
17:55:53.905 [FXGL Background Thread 3 ] DEBUG Engine               - globalMusicVolume: 0.5
17:55:53.905 [FXGL Background Thread 3 ] DEBUG Engine               - globalMusicVolumeProperty: DoubleProperty [value: 0.5]
17:55:53.905 [FXGL Background Thread 3 ] DEBUG Engine               - globalSoundVolume: 0.5
17:55:53.906 [FXGL Background Thread 3 ] DEBUG Engine               - globalSoundVolumeProperty: DoubleProperty [value: 0.5]
17:55:53.906 [FXGL Background Thread 3 ] DEBUG Engine               - height: 1080
17:55:53.906 [FXGL Background Thread 3 ] DEBUG Engine               - is3D: false
17:55:53.907 [FXGL Background Thread 3 ] DEBUG Engine               - isAndroid: false
17:55:53.907 [FXGL Background Thread 3 ] DEBUG Engine               - isBrowser: false
17:55:53.907 [FXGL Background Thread 3 ] DEBUG Engine               - isClickFeedbackEnabled: false
17:55:53.908 [FXGL Background Thread 3 ] DEBUG Engine               - isCloseConfirmation: false
17:55:53.908 [FXGL Background Thread 3 ] DEBUG Engine               - isDesktop: true
17:55:53.908 [FXGL Background Thread 3 ] DEBUG Engine               - isDeveloperMenuEnabled: false
17:55:53.909 [FXGL Background Thread 3 ] DEBUG Engine               - isEmbedded: false
17:55:53.909 [FXGL Background Thread 3 ] DEBUG Engine               - isEntityPreloadEnabled: true
17:55:53.910 [FXGL Background Thread 3 ] DEBUG Engine               - isExperimentalTiledLargeMap: false
17:55:53.910 [FXGL Background Thread 3 ] DEBUG Engine               - isFileSystemWriteAllowed: true
17:55:53.910 [FXGL Background Thread 3 ] DEBUG Engine               - isFullScreenAllowed: false
17:55:53.911 [FXGL Background Thread 3 ] DEBUG Engine               - isFullScreenFromStart: false
17:55:53.911 [FXGL Background Thread 3 ] DEBUG Engine               - isGameMenuEnabled: true
17:55:53.911 [FXGL Background Thread 3 ] DEBUG Engine               - isIOS: false
17:55:53.912 [FXGL Background Thread 3 ] DEBUG Engine               - isIntroEnabled: false
17:55:53.912 [FXGL Background Thread 3 ] DEBUG Engine               - isLinux: false
17:55:53.913 [FXGL Background Thread 3 ] DEBUG Engine               - isMac: false
17:55:53.913 [FXGL Background Thread 3 ] DEBUG Engine               - isMainMenuEnabled: true
17:55:53.913 [FXGL Background Thread 3 ] DEBUG Engine               - isManualResizeEnabled: false
17:55:53.914 [FXGL Background Thread 3 ] DEBUG Engine               - isMobile: false
17:55:53.914 [FXGL Background Thread 3 ] DEBUG Engine               - isNative: false
17:55:53.915 [FXGL Background Thread 3 ] DEBUG Engine               - isPauseMusicWhenMinimized: true
17:55:53.915 [FXGL Background Thread 3 ] DEBUG Engine               - isPreserveResizeRatio: false
17:55:53.915 [FXGL Background Thread 3 ] DEBUG Engine               - isProfilingEnabled: false
17:55:53.915 [FXGL Background Thread 3 ] DEBUG Engine               - isScaleAffectedOnResize: true
17:55:53.916 [FXGL Background Thread 3 ] DEBUG Engine               - isSingleStep: false
17:55:53.916 [FXGL Background Thread 3 ] DEBUG Engine               - isUserProfileEnabled: false
17:55:53.916 [FXGL Background Thread 3 ] DEBUG Engine               - isWindows: true
17:55:53.917 [FXGL Background Thread 3 ] DEBUG Engine               - language: ObjectProperty [value: ENGLISH]
17:55:53.917 [FXGL Background Thread 3 ] DEBUG Engine               - menuKey: ESCAPE
17:55:53.917 [FXGL Background Thread 3 ] DEBUG Engine               - mouseSensitivity: 0.2
17:55:53.917 [FXGL Background Thread 3 ] DEBUG Engine               - notificationViewClass: class com.almasb.fxgl.notification.view.XboxNotificationView
17:55:53.917 [FXGL Background Thread 3 ] DEBUG Engine               - pixelsPerMeter: 50.0
17:55:53.918 [FXGL Background Thread 3 ] DEBUG Engine               - platform: WINDOWS
17:55:53.918 [FXGL Background Thread 3 ] DEBUG Engine               - prefHeightProperty: ReadOnlyDoubleProperty [value: 1080.0]
17:55:53.918 [FXGL Background Thread 3 ] DEBUG Engine               - prefWidthProperty: ReadOnlyDoubleProperty [value: 1920.0]
17:55:53.918 [FXGL Background Thread 3 ] DEBUG Engine               - profileDir: profiles/
17:55:53.919 [FXGL Background Thread 3 ] DEBUG Engine               - profileName: StringProperty [value: DEFAULT]
17:55:53.919 [FXGL Background Thread 3 ] DEBUG Engine               - randomSeed: -1
17:55:53.920 [FXGL Background Thread 3 ] DEBUG Engine               - runtimeInfo: RuntimeInfo(platform=WINDOWS, version=17.2, build=20.08.2022 16.50)
17:55:53.920 [FXGL Background Thread 3 ] DEBUG Engine               - saveFileExt: sav
17:55:53.920 [FXGL Background Thread 3 ] DEBUG Engine               - scaledHeightProp$fxgl: DoubleProperty [bound, value: 823.0]
17:55:53.920 [FXGL Background Thread 3 ] DEBUG Engine               - scaledWidthProp$fxgl: DoubleProperty [bound, value: 1439.0]
17:55:53.921 [FXGL Background Thread 3 ] DEBUG Engine               - sceneFactory: myGame.DawnseekerApp$1@e2bfd38
17:55:53.921 [FXGL Background Thread 3 ] DEBUG Engine               - secondsIn24h: 60
17:55:53.921 [FXGL Background Thread 3 ] DEBUG Engine               - soundMenuBack: menu/back.wav
17:55:53.921 [FXGL Background Thread 3 ] DEBUG Engine               - soundMenuPress: menu/press.wav
17:55:53.921 [FXGL Background Thread 3 ] DEBUG Engine               - soundMenuSelect: menu/select.wav
17:55:53.922 [FXGL Background Thread 3 ] DEBUG Engine               - soundNotification: core/notification.wav
17:55:53.922 [FXGL Background Thread 3 ] DEBUG Engine               - stageStyle: DECORATED
17:55:53.922 [FXGL Background Thread 3 ] DEBUG Engine               - supportedLanguages: [ENGLISH, FRENCH, GERMAN, HUNGARIAN, RUSSIAN]
17:55:53.922 [FXGL Background Thread 3 ] DEBUG Engine               - ticksPerSecond: -1
17:55:53.923 [FXGL Background Thread 3 ] DEBUG Engine               - title: Dawnseeker
17:55:53.923 [FXGL Background Thread 3 ] DEBUG Engine               - urlGithub: https://github.com/AlmasB/FXGL
17:55:53.923 [FXGL Background Thread 3 ] DEBUG Engine               - urlLeaderboard: http://fxgl-top.herokuapp.com/
17:55:53.924 [FXGL Background Thread 3 ] DEBUG Engine               - urlPOM: https://raw.githubusercontent.com/AlmasB/FXGL/release/README.md
17:55:53.924 [FXGL Background Thread 3 ] DEBUG Engine               - userAppClass: class myGame.DawnseekerApp
17:55:53.925 [FXGL Background Thread 3 ] DEBUG Engine               - version: 0.5
17:55:53.925 [FXGL Background Thread 3 ] DEBUG Engine               - versionCheckDays: 7
17:55:53.925 [FXGL Background Thread 3 ] DEBUG Engine               - width: 1920
17:55:53.925 [FXGL Background Thread 3 ] DEBUG Engine               - Logging services
17:55:53.926 [FXGL Background Thread 3 ] DEBUG Engine               - class com.almasb.fxgl.app.services.FXGLAssetLoaderService
17:55:53.926 [FXGL Background Thread 3 ] DEBUG Engine               - class com.almasb.fxgl.app.FXGLApplication$GameApplicationService
17:55:53.926 [FXGL Background Thread 3 ] DEBUG Engine               - class com.almasb.fxgl.app.services.FXGLDialogService
17:55:53.927 [FXGL Background Thread 3 ] DEBUG Engine               - class com.almasb.fxgl.app.services.IOTaskExecutorService
17:55:53.927 [FXGL Background Thread 3 ] DEBUG Engine               - class com.almasb.fxgl.io.FileSystemService
17:55:53.927 [FXGL Background Thread 3 ] DEBUG Engine               - class com.almasb.fxgl.localization.LocalizationService
17:55:53.927 [FXGL Background Thread 3 ] DEBUG Engine               - class com.almasb.fxgl.app.services.SystemBundleService
17:55:53.928 [FXGL Background Thread 3 ] DEBUG Engine               - class com.almasb.fxgl.profile.SaveLoadService
17:55:53.928 [FXGL Background Thread 3 ] DEBUG Engine               - class com.almasb.fxgl.ui.FXGLUIFactoryServiceProvider
17:55:53.928 [FXGL Background Thread 3 ] DEBUG Engine               - class com.almasb.fxgl.ui.FXGLDialogFactoryServiceProvider
17:55:53.928 [FXGL Background Thread 3 ] DEBUG Engine               - class com.almasb.fxgl.audio.AudioPlayer
17:55:53.929 [FXGL Background Thread 3 ] DEBUG Engine               - class com.almasb.fxgl.notification.impl.NotificationServiceProvider
17:55:53.929 [FXGL Background Thread 3 ] DEBUG Engine               - class com.almasb.fxgl.achievement.AchievementService
17:55:53.929 [FXGL Background Thread 3 ] DEBUG Engine               - class com.almasb.fxgl.cutscene.CutsceneService
17:55:53.929 [FXGL Background Thread 3 ] DEBUG Engine               - class com.almasb.fxgl.minigames.MiniGameService
17:55:53.930 [FXGL Background Thread 3 ] DEBUG Engine               - class com.almasb.fxgl.net.NetService
17:55:53.930 [FXGL Background Thread 3 ] DEBUG Engine               - class com.almasb.fxgl.app.services.UpdaterService
17:55:53.930 [FXGL Background Thread 3 ] DEBUG Engine               - class com.almasb.fxgl.dev.DevService
17:56:15.340 [JavaFX Application Thread] DEBUG Menu                 - fireNewGame()
17:56:15.340 [JavaFX Application Thread] DEBUG GameApplicationServi - Starting new game
17:56:15.340 [JavaFX Application Thread] DEBUG PrimaryStageWindow   - Pop state: DawnseekerMenu
17:56:15.340 [JavaFX Application Thread] DEBUG Input                - Clearing active input actions
17:56:15.341 [JavaFX Application Thread] DEBUG GameApplicationServi - Removing overlay from DawnseekerMenu and adding to FXGLMainMenuDummyScene
17:56:15.341 [JavaFX Application Thread] DEBUG PrimaryStageWindow   - FXGLMainMenuDummyScene <- DawnseekerMenu
17:56:15.342 [JavaFX Application Thread] DEBUG Input                - Clearing active input actions
17:56:15.349 [JavaFX Application Thread] DEBUG GameApplicationServi - Removing overlay from FXGLMainMenuDummyScene and adding to FXGLLoadingScene
17:56:15.349 [JavaFX Application Thread] DEBUG PrimaryStageWindow   - FXGLMainMenuDummyScene -> FXGLLoadingScene
17:56:15.349 [JavaFX Application Thread] DEBUG GameApplicationServi - Clearing previous game
17:56:15.349 [JavaFX Application Thread] DEBUG GameScene            - Clearing game scene
17:56:15.349 [JavaFX Application Thread] DEBUG GameWorld            - Clearing game world
17:56:15.349 [JavaFX Application Thread] DEBUG PhysicsWorld         - Clearing physics world
17:56:15.351 [JavaFX Application Thread] DEBUG AudioPlayer          - Stopping music com.almasb.fxgl.audio.Music@5f4e0a74
17:56:15.351 [FXGL Background Thread 2 ] DEBUG FXGLApplication      - Initializing game
17:56:15.358 [FXGL Background Thread 2 ] DEBUG FXGLAssetLoaderServi - Loading from file system: file:/C:/Users/narro/git/CS4900G2Proj2/Dawnseeker/target/classes/assets/music/heartache.mp3
17:56:15.363 [FXGL Background Thread 2 ] DEBUG AudioPlayer          - Playing music com.almasb.fxgl.audio.Music@391cb060
17:56:15.390 [FXGL Background Thread 2 ] DEBUG FXGLAssetLoaderServi - Loading from file system: file:/C:/Users/narro/git/CS4900G2Proj2/Dawnseeker/target/classes/assets/textures/DawnseekerPCV2.png
17:56:15.395 [FXGL Background Thread 2 ] DEBUG FXGLAssetLoaderServi - Loading from file system: file:/C:/Users/narro/git/CS4900G2Proj2/Dawnseeker/target/classes/assets/textures/DawnseekerPCV2Down.png
17:56:15.397 [FXGL Background Thread 2 ] DEBUG FXGLAssetLoaderServi - Loading from file system: file:/C:/Users/narro/git/CS4900G2Proj2/Dawnseeker/target/classes/assets/textures/DawnseekerPCV2Up.png
17:56:15.398 [FXGL Background Thread 2 ] DEBUG FXGLAssetLoaderServi - Loading from file system: file:/C:/Users/narro/git/CS4900G2Proj2/Dawnseeker/target/classes/assets/textures/DawnseekerPCV2Right.png
17:56:15.400 [FXGL Background Thread 2 ] DEBUG FXGLAssetLoaderServi - Loading from file system: file:/C:/Users/narro/git/CS4900G2Proj2/Dawnseeker/target/classes/assets/textures/DawnseekerPCV2Left.png
17:56:15.425 [FXGL Background Thread 2 ] DEBUG FXGLAssetLoaderServi - Loading from file system: file:/C:/Users/narro/git/CS4900G2Proj2/Dawnseeker/target/classes/assets/textures/background.png
17:56:15.484 [FXGL Background Thread 2 ] WARN  GameWorld            - Entity is already attached to world
17:56:15.485 [FXGL Background Thread 2 ] DEBUG FXGLAssetLoaderServi - Loading from file system: file:/C:/Users/narro/git/CS4900G2Proj2/Dawnseeker/target/classes/assets/textures/Rock1.png
17:56:15.490 [FXGL Background Thread 2 ] WARN  Entity               - Entity already has component: com.almasb.fxgl.entity.components.CollidableComponent
17:56:15.492 [FXGL Background Thread 2 ] WARN  GameWorld            - Entity is already attached to world
17:56:15.495 [FXGL Background Thread 2 ] DEBUG FXGLAssetLoaderServi - Loading from file system: file:/C:/Users/narro/git/CS4900G2Proj2/Dawnseeker/target/classes/assets/textures/Rock2.png
17:56:15.498 [FXGL Background Thread 2 ] WARN  Entity               - Entity already has component: com.almasb.fxgl.entity.components.CollidableComponent
17:56:15.499 [FXGL Background Thread 2 ] WARN  GameWorld            - Entity is already attached to world
17:56:15.503 [FXGL Background Thread 2 ] DEBUG FXGLAssetLoaderServi - Loading from file system: file:/C:/Users/narro/git/CS4900G2Proj2/Dawnseeker/target/classes/assets/textures/BigRock1.png
17:56:15.507 [FXGL Background Thread 2 ] WARN  Entity               - Entity already has component: com.almasb.fxgl.entity.components.CollidableComponent
17:56:15.508 [FXGL Background Thread 2 ] WARN  GameWorld            - Entity is already attached to world
17:56:15.510 [FXGL Background Thread 2 ] DEBUG FXGLAssetLoaderServi - Loading from file system: file:/C:/Users/narro/git/CS4900G2Proj2/Dawnseeker/target/classes/assets/textures/Poison.gif
17:56:15.530 [FXGL Background Thread 2 ] WARN  GameWorld            - Entity is already attached to world
17:56:15.537 [FXGL Background Thread 2 ] DEBUG FXGLAssetLoaderServi - Loading from file system: file:/C:/Users/narro/git/CS4900G2Proj2/Dawnseeker/target/classes/assets/textures/AnimShop.png
17:56:15.542 [FXGL Background Thread 2 ] WARN  GameWorld            - Entity is already attached to world
17:56:15.596 [FXGL Background Thread 2 ] INFO  FXGLApplication      - Game initialization took: 0.245 sec
17:56:15.605 [JavaFX Application Thread] DEBUG Input                - Clearing active input actions
17:56:15.640 [JavaFX Application Thread] DEBUG GameApplicationServi - Removing overlay from FXGLLoadingScene and adding to GameScene
17:56:15.641 [JavaFX Application Thread] DEBUG PrimaryStageWindow   - FXGLLoadingScene -> GameScene
17:56:16.992 [JavaFX Application Thread] DEBUG FXGLAssetLoaderServi - Loading from file system: file:/C:/Users/narro/git/CS4900G2Proj2/Dawnseeker/target/classes/assets/textures/Skull.gif
17:56:17.006 [JavaFX Application Thread] DEBUG FXGLAssetLoaderServi - Loading from file system: file:/C:/Users/narro/git/CS4900G2Proj2/Dawnseeker/target/classes/assets/textures/Ghost.gif
17:56:19.184 [JavaFX Application Thread] DEBUG FXGLAssetLoaderServi - Loading from file system: file:/C:/Users/narro/git/CS4900G2Proj2/Dawnseeker/target/classes/assets/sounds/store_jingle.wav
17:56:19.223 [JavaFX Application Thread] DEBUG PrimaryStageWindow   - Push state: ShopTest
17:56:19.223 [JavaFX Application Thread] DEBUG Input                - Clearing active input actions
17:56:19.226 [JavaFX Application Thread] DEBUG GameApplicationServi - Removing overlay from GameScene and adding to ShopTest
17:56:19.226 [JavaFX Application Thread] DEBUG PrimaryStageWindow   - GameScene -> ShopTest
17:56:19.227 [JavaFX Application Thread] DEBUG Input                - Registered new binding: Close Shop - F
17:56:21.269 [JavaFX Application Thread] DEBUG FXGLAssetLoaderServi - Loading from file system: file:/C:/Users/narro/git/CS4900G2Proj2/Dawnseeker/target/classes/assets/sounds/boom.wav
17:56:47.409 [JavaFX Application Thread] DEBUG PrimaryStageWindow   - Pop state: ShopTest
17:56:47.409 [JavaFX Application Thread] DEBUG Input                - Clearing active input actions
17:56:47.410 [JavaFX Application Thread] DEBUG GameApplicationServi - Removing overlay from ShopTest and adding to GameScene
17:56:47.411 [JavaFX Application Thread] DEBUG PrimaryStageWindow   - GameScene <- ShopTest
17:56:47.789 [JavaFX Application Thread] DEBUG FXGLAssetLoaderServi - Loading from file system: file:/C:/Users/narro/git/CS4900G2Proj2/Dawnseeker/target/classes/assets/sounds/player_oof.wav
17:56:49.940 [JavaFX Application Thread] DEBUG PrimaryStageWindow   - Push state: ShopTest
17:56:49.940 [JavaFX Application Thread] DEBUG Input                - Clearing active input actions
17:56:49.942 [JavaFX Application Thread] DEBUG GameApplicationServi - Removing overlay from GameScene and adding to ShopTest
17:56:49.942 [JavaFX Application Thread] DEBUG PrimaryStageWindow   - GameScene -> ShopTest
17:56:49.943 [JavaFX Application Thread] DEBUG Input                - Registered new binding: Close Shop - F
17:57:19.855 [JavaFX Application Thread] DEBUG PrimaryStageWindow   - Pop state: ShopTest
17:57:19.855 [JavaFX Application Thread] DEBUG Input                - Clearing active input actions
17:57:19.856 [JavaFX Application Thread] DEBUG GameApplicationServi - Removing overlay from ShopTest and adding to GameScene
17:57:19.856 [JavaFX Application Thread] DEBUG PrimaryStageWindow   - GameScene <- ShopTest
17:57:22.512 [JavaFX Application Thread] DEBUG FXGLAssetLoaderServi - Loading from file system: file:/C:/Users/narro/git/CS4900G2Proj2/Dawnseeker/target/classes/assets/textures/slime.gif
17:57:27.517 [JavaFX Application Thread] DEBUG FXGLAssetLoaderServi - Loading from file system: file:/C:/Users/narro/git/CS4900G2Proj2/Dawnseeker/target/classes/assets/sounds/magic_missile.wav
17:57:27.525 [JavaFX Application Thread] DEBUG FXGLAssetLoaderServi - Loading from file system: file:/C:/Users/narro/git/CS4900G2Proj2/Dawnseeker/target/classes/assets/textures/Fireball.gif
17:57:27.790 [JavaFX Application Thread] WARN  GameWorld            - Attempted to remove entity which is not active
17:57:27.791 [JavaFX Application Thread] DEBUG FXGLAssetLoaderServi - Loading from file system: file:/C:/Users/narro/git/CS4900G2Proj2/Dawnseeker/target/classes/assets/textures/Coin.gif
17:57:27.797 [JavaFX Application Thread] DEBUG FXGLAssetLoaderServi - Loading from file system: file:/C:/Users/narro/git/CS4900G2Proj2/Dawnseeker/target/classes/assets/sounds/bong.wav
17:57:29.852 [JavaFX Application Thread] WARN  GameWorld            - Attempted to remove entity which is not active
17:57:30.204 [JavaFX Application Thread] WARN  GameWorld            - Attempted to remove entity which is not active
17:57:30.205 [JavaFX Application Thread] DEBUG FXGLAssetLoaderServi - Loading from file system: file:/C:/Users/narro/git/CS4900G2Proj2/Dawnseeker/target/classes/assets/textures/HealthPotion.gif
17:57:30.587 [JavaFX Application Thread] WARN  GameWorld            - Attempted to remove entity which is not active
17:57:30.796 [JavaFX Application Thread] WARN  GameWorld            - Attempted to remove entity which is not active
17:57:30.860 [JavaFX Application Thread] DEBUG FXGLAssetLoaderServi - Loading from file system: file:/C:/Users/narro/git/CS4900G2Proj2/Dawnseeker/target/classes/assets/sounds/coin_pickup.wav
17:57:32.061 [JavaFX Application Thread] WARN  GameWorld            - Attempted to remove entity which is not active
17:57:32.204 [JavaFX Application Thread] WARN  GameWorld            - Attempted to remove entity which is not active
17:57:33.471 [JavaFX Application Thread] WARN  GameWorld            - Attempted to remove entity which is not active
17:57:33.857 [JavaFX Application Thread] WARN  GameWorld            - Attempted to remove entity which is not active
17:57:34.764 [JavaFX Application Thread] WARN  GameWorld            - Attempted to remove entity which is not active
17:57:34.908 [JavaFX Application Thread] WARN  GameWorld            - Attempted to remove entity which is not active
17:57:35.069 [JavaFX Application Thread] WARN  GameWorld            - Attempted to remove entity which is not active
17:57:36.114 [JavaFX Application Thread] WARN  GameWorld            - Attempted to remove entity which is not active
17:57:36.331 [JavaFX Application Thread] WARN  GameWorld            - Attempted to remove entity which is not active
17:57:36.491 [JavaFX Application Thread] WARN  GameWorld            - Attempted to remove entity which is not active
17:57:36.670 [JavaFX Application Thread] WARN  GameWorld            - Attempted to remove entity which is not active
17:57:36.989 [JavaFX Application Thread] WARN  GameWorld            - Attempted to remove entity which is not active
17:57:37.116 [JavaFX Application Thread] WARN  GameWorld            - Attempted to remove entity which is not active
17:57:37.259 [JavaFX Application Thread] WARN  GameWorld            - Attempted to remove entity which is not active
17:57:37.773 [JavaFX Application Thread] WARN  GameWorld            - Attempted to remove entity which is not active
17:57:37.986 [JavaFX Application Thread] WARN  GameWorld            - Attempted to remove entity which is not active
17:57:38.588 [JavaFX Application Thread] WARN  GameWorld            - Attempted to remove entity which is not active
17:57:39.468 [JavaFX Application Thread] WARN  GameWorld            - Attempted to remove entity which is not active
17:57:39.533 [JavaFX Application Thread] WARN  GameWorld            - Attempted to remove entity which is not active
17:57:39.534 [JavaFX Application Thread] DEBUG FXGLAssetLoaderServi - Loading from file system: file:/C:/Users/narro/git/CS4900G2Proj2/Dawnseeker/target/classes/assets/textures/PowerPotion.gif
17:57:39.817 [JavaFX Application Thread] DEBUG FXGLAssetLoaderServi - Loading from file system: file:/C:/Users/narro/git/CS4900G2Proj2/Dawnseeker/target/classes/assets/sounds/yoda_death.wav
17:57:39.826 [JavaFX Application Thread] DEBUG AudioPlayer          - Stopping music com.almasb.fxgl.audio.Music@5f4e0a74
17:57:39.828 [JavaFX Application Thread] DEBUG AudioPlayer          - Stopping music com.almasb.fxgl.audio.Music@391cb060
17:57:39.830 [JavaFX Application Thread] DEBUG Input                - Clearing active input actions
17:57:39.847 [JavaFX Application Thread] DEBUG GameApplicationServi - Removing overlay from GameScene and adding to FXGLMainMenuDummyScene
17:57:39.847 [JavaFX Application Thread] DEBUG PrimaryStageWindow   - GameScene -> FXGLMainMenuDummyScene
17:57:39.847 [JavaFX Application Thread] DEBUG PrimaryStageWindow   - Push state: DawnseekerMenu
17:57:39.847 [JavaFX Application Thread] DEBUG Input                - Clearing active input actions
17:57:39.848 [JavaFX Application Thread] DEBUG GameApplicationServi - Removing overlay from FXGLMainMenuDummyScene and adding to DawnseekerMenu
17:57:39.848 [JavaFX Application Thread] DEBUG PrimaryStageWindow   - FXGLMainMenuDummyScene -> DawnseekerMenu
17:57:39.849 [JavaFX Application Thread] DEBUG AudioPlayer          - Playing music com.almasb.fxgl.audio.Music@5f4e0a74
17:57:41.034 [JavaFX Application Thread] DEBUG Menu                 - fireNewGame()
17:57:41.034 [JavaFX Application Thread] DEBUG GameApplicationServi - Starting new game
17:57:41.034 [JavaFX Application Thread] DEBUG PrimaryStageWindow   - Pop state: DawnseekerMenu
17:57:41.034 [JavaFX Application Thread] DEBUG Input                - Clearing active input actions
17:57:41.035 [JavaFX Application Thread] DEBUG GameApplicationServi - Removing overlay from DawnseekerMenu and adding to FXGLMainMenuDummyScene
17:57:41.035 [JavaFX Application Thread] DEBUG PrimaryStageWindow   - FXGLMainMenuDummyScene <- DawnseekerMenu
17:57:41.035 [JavaFX Application Thread] DEBUG Input                - Clearing active input actions
17:57:41.040 [JavaFX Application Thread] DEBUG GameApplicationServi - Removing overlay from FXGLMainMenuDummyScene and adding to FXGLLoadingScene
17:57:41.040 [JavaFX Application Thread] DEBUG PrimaryStageWindow   - FXGLMainMenuDummyScene -> FXGLLoadingScene
17:57:41.040 [JavaFX Application Thread] DEBUG GameApplicationServi - Clearing previous game
17:57:41.040 [JavaFX Application Thread] DEBUG GameScene            - Clearing game scene
17:57:41.040 [JavaFX Application Thread] DEBUG GameWorld            - Clearing game world
17:57:41.042 [JavaFX Application Thread] DEBUG PhysicsWorld         - Clearing physics world
17:57:41.043 [JavaFX Application Thread] DEBUG AudioPlayer          - Stopping music com.almasb.fxgl.audio.Music@5f4e0a74
17:57:41.043 [FXGL Background Thread 5 ] DEBUG FXGLApplication      - Initializing game
17:57:41.044 [JavaFX Application Thread] DEBUG AudioPlayer          - Stopping music com.almasb.fxgl.audio.Music@391cb060
17:57:41.044 [FXGL Background Thread 5 ] DEBUG AudioPlayer          - Playing music com.almasb.fxgl.audio.Music@391cb060
17:57:41.046 [FXGL Background Thread 5 ] WARN  GameWorld            - Entity is already attached to world
17:57:41.046 [FXGL Background Thread 5 ] WARN  Entity               - Entity already has component: com.almasb.fxgl.entity.components.CollidableComponent
17:57:41.047 [FXGL Background Thread 5 ] WARN  GameWorld            - Entity is already attached to world
17:57:41.047 [FXGL Background Thread 5 ] WARN  Entity               - Entity already has component: com.almasb.fxgl.entity.components.CollidableComponent
17:57:41.047 [FXGL Background Thread 5 ] WARN  GameWorld            - Entity is already attached to world
17:57:41.048 [FXGL Background Thread 5 ] WARN  Entity               - Entity already has component: com.almasb.fxgl.entity.components.CollidableComponent
17:57:41.048 [FXGL Background Thread 5 ] WARN  GameWorld            - Entity is already attached to world
17:57:41.048 [FXGL Background Thread 5 ] WARN  GameWorld            - Entity is already attached to world
17:57:41.049 [FXGL Background Thread 5 ] WARN  GameWorld            - Entity is already attached to world
17:57:41.052 [FXGL Background Thread 5 ] INFO  FXGLApplication      - Game initialization took: 0.009 sec
17:57:41.056 [JavaFX Application Thread] DEBUG Input                - Clearing active input actions
17:57:41.066 [JavaFX Application Thread] DEBUG GameApplicationServi - Removing overlay from FXGLLoadingScene and adding to GameScene
17:57:41.066 [JavaFX Application Thread] DEBUG PrimaryStageWindow   - FXGLLoadingScene -> GameScene
17:57:44.539 [JavaFX Application Thread] WARN  GameWorld            - Attempted to remove entity which is not active
17:57:45.261 [JavaFX Application Thread] WARN  GameWorld            - Attempted to remove entity which is not active
17:57:45.548 [JavaFX Application Thread] WARN  GameWorld            - Attempted to remove entity which is not active
17:57:46.861 [JavaFX Application Thread] WARN  GameWorld            - Attempted to remove entity which is not active
17:57:47.085 [JavaFX Application Thread] WARN  GameWorld            - Attempted to remove entity which is not active
17:57:47.522 [JavaFX Application Thread] WARN  GameWorld            - Attempted to remove entity which is not active
17:57:48.700 [JavaFX Application Thread] WARN  GameWorld            - Attempted to remove entity which is not active
17:57:48.909 [JavaFX Application Thread] WARN  GameWorld            - Attempted to remove entity which is not active
17:57:52.190 [JavaFX Application Thread] WARN  GameWorld            - Attempted to remove entity which is not active
17:57:52.830 [JavaFX Application Thread] DEBUG FXGLAssetLoaderServi - Loading from file system: file:/C:/Users/narro/git/CS4900G2Proj2/Dawnseeker/target/classes/assets/textures/FireBallProjectile.png
17:57:53.316 [JavaFX Application Thread] WARN  GameWorld            - Attempted to remove entity which is not active
17:57:54.093 [JavaFX Application Thread] WARN  GameWorld            - Attempted to remove entity which is not active
17:57:54.177 [JavaFX Application Thread] WARN  GameWorld            - Attempted to remove entity which is not active
17:57:54.204 [JavaFX Application Thread] WARN  GameWorld            - Attempted to remove entity which is not active
17:57:54.446 [JavaFX Application Thread] WARN  GameWorld            - Attempted to remove entity which is not active
17:57:55.196 [JavaFX Application Thread] WARN  GameWorld            - Attempted to remove entity which is not active
17:57:55.307 [JavaFX Application Thread] WARN  GameWorld            - Attempted to remove entity which is not active
17:57:55.500 [JavaFX Application Thread] WARN  GameWorld            - Attempted to remove entity which is not active
17:57:55.934 [JavaFX Application Thread] WARN  GameWorld            - Attempted to remove entity which is not active
17:57:56.061 [JavaFX Application Thread] WARN  GameWorld            - Attempted to remove entity which is not active
17:57:56.114 [JavaFX Application Thread] WARN  GameWorld            - Attempted to remove entity which is not active
17:57:56.450 [JavaFX Application Thread] WARN  GameWorld            - Attempted to remove entity which is not active
17:57:57.036 [JavaFX Application Thread] WARN  GameWorld            - Attempted to remove entity which is not active
17:57:58.173 [JavaFX Application Thread] WARN  GameWorld            - Attempted to remove entity which is not active
17:57:58.350 [JavaFX Application Thread] WARN  GameWorld            - Attempted to remove entity which is not active
17:57:59.020 [JavaFX Application Thread] WARN  GameWorld            - Attempted to remove entity which is not active
17:57:59.262 [JavaFX Application Thread] WARN  GameWorld            - Attempted to remove entity which is not active
17:57:59.565 [JavaFX Application Thread] WARN  GameWorld            - Attempted to remove entity which is not active
17:57:59.756 [JavaFX Application Thread] WARN  GameWorld            - Attempted to remove entity which is not active
17:58:00.000 [JavaFX Application Thread] WARN  GameWorld            - Attempted to remove entity which is not active
17:58:00.332 [JavaFX Application Thread] WARN  GameWorld            - Attempted to remove entity which is not active
17:58:00.542 [JavaFX Application Thread] WARN  GameWorld            - Attempted to remove entity which is not active
17:58:00.766 [JavaFX Application Thread] WARN  GameWorld            - Attempted to remove entity which is not active
17:58:01.405 [JavaFX Application Thread] WARN  GameWorld            - Attempted to remove entity which is not active
17:58:01.692 [JavaFX Application Thread] WARN  GameWorld            - Attempted to remove entity which is not active
17:58:01.915 [JavaFX Application Thread] WARN  GameWorld            - Attempted to remove entity which is not active
17:58:02.171 [JavaFX Application Thread] WARN  GameWorld            - Attempted to remove entity which is not active
17:58:02.285 [JavaFX Application Thread] WARN  GameWorld            - Attempted to remove entity which is not active
17:58:02.509 [JavaFX Application Thread] WARN  GameWorld            - Attempted to remove entity which is not active
17:58:02.925 [JavaFX Application Thread] WARN  GameWorld            - Attempted to remove entity which is not active
17:58:05.311 [JavaFX Application Thread] WARN  GameWorld            - Attempted to remove entity which is not active
17:58:05.548 [JavaFX Application Thread] WARN  GameWorld            - Attempted to remove entity which is not active
17:58:05.917 [JavaFX Application Thread] WARN  GameWorld            - Attempted to remove entity which is not active
17:58:06.004 [JavaFX Application Thread] WARN  GameWorld            - Attempted to remove entity which is not active
17:58:06.592 [JavaFX Application Thread] WARN  GameWorld            - Attempted to remove entity which is not active
17:58:07.134 [JavaFX Application Thread] WARN  GameWorld            - Attempted to remove entity which is not active
17:58:07.548 [JavaFX Application Thread] WARN  GameWorld            - Attempted to remove entity which is not active
17:58:09.373 [JavaFX Application Thread] WARN  GameWorld            - Attempted to remove entity which is not active
17:58:09.612 [JavaFX Application Thread] WARN  GameWorld            - Attempted to remove entity which is not active
17:58:09.727 [JavaFX Application Thread] WARN  GameWorld            - Attempted to remove entity which is not active
17:58:09.757 [JavaFX Application Thread] WARN  GameWorld            - Attempted to remove entity which is not active
17:58:09.807 [JavaFX Application Thread] WARN  GameWorld            - Attempted to remove entity which is not active
17:58:09.869 [JavaFX Application Thread] WARN  GameWorld            - Attempted to remove entity which is not active
17:58:10.190 [JavaFX Application Thread] WARN  GameWorld            - Attempted to remove entity which is not active
17:58:10.381 [JavaFX Application Thread] WARN  GameWorld            - Attempted to remove entity which is not active
17:58:10.749 [JavaFX Application Thread] WARN  GameWorld            - Attempted to remove entity which is not active
17:58:10.749 [JavaFX Application Thread] WARN  GameWorld            - Attempted to remove entity which is not active
17:58:10.846 [JavaFX Application Thread] WARN  GameWorld            - Attempted to remove entity which is not active
17:58:10.847 [JavaFX Application Thread] WARN  GameWorld            - Attempted to remove entity which is not active
17:58:10.976 [JavaFX Application Thread] WARN  GameWorld            - Attempted to remove entity which is not active
17:58:11.149 [JavaFX Application Thread] WARN  GameWorld            - Attempted to remove entity which is not active
17:58:11.153 [JavaFX Application Thread] DEBUG FXGLAssetLoaderServi - Loading from file system: file:/C:/Users/narro/git/CS4900G2Proj2/Dawnseeker/target/classes/assets/textures/SpeedPotion.gif
17:58:11.230 [JavaFX Application Thread] WARN  GameWorld            - Attempted to remove entity which is not active
17:58:11.375 [JavaFX Application Thread] WARN  GameWorld            - Attempted to remove entity which is not active
17:58:11.469 [JavaFX Application Thread] WARN  GameWorld            - Attempted to remove entity which is not active
17:58:11.613 [JavaFX Application Thread] WARN  GameWorld            - Attempted to remove entity which is not active
17:58:11.644 [JavaFX Application Thread] WARN  GameWorld            - Attempted to remove entity which is not active
17:58:11.805 [JavaFX Application Thread] WARN  GameWorld            - Attempted to remove entity which is not active
17:58:11.998 [JavaFX Application Thread] WARN  GameWorld            - Attempted to remove entity which is not active
17:58:12.052 [JavaFX Application Thread] WARN  GameWorld            - Attempted to remove entity which is not active
17:58:12.190 [JavaFX Application Thread] WARN  GameWorld            - Attempted to remove entity which is not active
17:58:12.364 [JavaFX Application Thread] WARN  GameWorld            - Attempted to remove entity which is not active
17:58:12.382 [JavaFX Application Thread] WARN  GameWorld            - Attempted to remove entity which is not active
17:58:12.526 [JavaFX Application Thread] WARN  GameWorld            - Attempted to remove entity which is not active
17:58:13.095 [JavaFX Application Thread] WARN  GameWorld            - Attempted to remove entity which is not active
17:58:13.096 [JavaFX Application Thread] WARN  GameWorld            - Attempted to remove entity which is not active
17:58:13.261 [JavaFX Application Thread] WARN  GameWorld            - Attempted to remove entity which is not active
17:58:13.292 [JavaFX Application Thread] WARN  GameWorld            - Attempted to remove entity which is not active
17:58:13.327 [JavaFX Application Thread] WARN  GameWorld            - Attempted to remove entity which is not active
17:58:13.599 [JavaFX Application Thread] WARN  GameWorld            - Attempted to remove entity which is not active
17:58:14.140 [JavaFX Application Thread] WARN  GameWorld            - Attempted to remove entity which is not active
17:58:14.204 [JavaFX Application Thread] WARN  GameWorld            - Attempted to remove entity which is not active
17:58:14.786 [JavaFX Application Thread] WARN  GameWorld            - Attempted to remove entity which is not active
17:58:14.787 [JavaFX Application Thread] WARN  GameWorld            - Attempted to remove entity which is not active
17:58:14.962 [JavaFX Application Thread] WARN  GameWorld            - Attempted to remove entity which is not active
17:58:15.037 [JavaFX Application Thread] WARN  GameWorld            - Attempted to remove entity which is not active
17:58:15.037 [JavaFX Application Thread] WARN  GameWorld            - Attempted to remove entity which is not active
17:58:15.549 [JavaFX Application Thread] WARN  GameWorld            - Attempted to remove entity which is not active
17:58:15.550 [JavaFX Application Thread] WARN  GameWorld            - Attempted to remove entity which is not active
17:58:15.904 [JavaFX Application Thread] WARN  GameWorld            - Attempted to remove entity which is not active
17:58:15.933 [JavaFX Application Thread] WARN  GameWorld            - Attempted to remove entity which is not active
17:58:15.954 [JavaFX Application Thread] WARN  GameWorld            - Attempted to remove entity which is not active
17:58:16.028 [JavaFX Application Thread] WARN  GameWorld            - Attempted to remove entity which is not active
17:58:16.125 [JavaFX Application Thread] WARN  GameWorld            - Attempted to remove entity which is not active
17:58:16.205 [JavaFX Application Thread] WARN  GameWorld            - Attempted to remove entity which is not active
17:58:19.790 [JavaFX Application Thread] WARN  GameWorld            - Attempted to remove entity which is not active
17:58:19.791 [JavaFX Application Thread] WARN  GameWorld            - Attempted to remove entity which is not active
17:58:19.791 [JavaFX Application Thread] WARN  GameWorld            - Attempted to remove entity which is not active
17:58:19.885 [JavaFX Application Thread] WARN  GameWorld            - Attempted to remove entity which is not active
17:58:19.907 [JavaFX Application Thread] WARN  GameWorld            - Attempted to remove entity which is not active
17:58:19.907 [JavaFX Application Thread] WARN  GameWorld            - Attempted to remove entity which is not active
17:58:20.047 [JavaFX Application Thread] WARN  GameWorld            - Attempted to remove entity which is not active
17:58:20.047 [JavaFX Application Thread] WARN  GameWorld            - Attempted to remove entity which is not active
17:58:20.204 [JavaFX Application Thread] WARN  GameWorld            - Attempted to remove entity which is not active
17:58:20.302 [JavaFX Application Thread] WARN  GameWorld            - Attempted to remove entity which is not active
17:58:20.303 [JavaFX Application Thread] WARN  GameWorld            - Attempted to remove entity which is not active
17:58:20.347 [JavaFX Application Thread] WARN  GameWorld            - Attempted to remove entity which is not active
17:58:20.654 [JavaFX Application Thread] WARN  GameWorld            - Attempted to remove entity which is not active
17:58:20.654 [JavaFX Application Thread] WARN  GameWorld            - Attempted to remove entity which is not active
17:58:20.654 [JavaFX Application Thread] WARN  GameWorld            - Attempted to remove entity which is not active
17:58:20.781 [JavaFX Application Thread] WARN  GameWorld            - Attempted to remove entity which is not active
17:58:21.183 [JavaFX Application Thread] WARN  GameWorld            - Attempted to remove entity which is not active
17:58:21.184 [JavaFX Application Thread] WARN  GameWorld            - Attempted to remove entity which is not active
17:58:21.184 [JavaFX Application Thread] WARN  GameWorld            - Attempted to remove entity which is not active
17:58:21.184 [JavaFX Application Thread] WARN  GameWorld            - Attempted to remove entity which is not active
17:58:24.431 [JavaFX Application Thread] WARN  GameWorld            - Attempted to remove entity which is not active
17:58:24.431 [JavaFX Application Thread] WARN  GameWorld            - Attempted to remove entity which is not active
17:58:24.637 [JavaFX Application Thread] WARN  GameWorld            - Attempted to remove entity which is not active
17:58:24.926 [JavaFX Application Thread] WARN  GameWorld            - Attempted to remove entity which is not active
17:58:24.957 [JavaFX Application Thread] WARN  GameWorld            - Attempted to remove entity which is not active
17:58:24.991 [JavaFX Application Thread] WARN  GameWorld            - Attempted to remove entity which is not active
17:58:25.180 [JavaFX Application Thread] WARN  GameWorld            - Attempted to remove entity which is not active
17:58:25.211 [JavaFX Application Thread] WARN  GameWorld            - Attempted to remove entity which is not active
17:58:25.212 [JavaFX Application Thread] WARN  GameWorld            - Attempted to remove entity which is not active
17:58:25.250 [JavaFX Application Thread] WARN  GameWorld            - Attempted to remove entity which is not active
17:58:25.612 [JavaFX Application Thread] WARN  GameWorld            - Attempted to remove entity which is not active
17:58:25.646 [JavaFX Application Thread] WARN  GameWorld            - Attempted to remove entity which is not active
17:58:25.757 [JavaFX Application Thread] WARN  GameWorld            - Attempted to remove entity which is not active
17:58:25.789 [JavaFX Application Thread] WARN  GameWorld            - Attempted to remove entity which is not active
17:58:25.918 [JavaFX Application Thread] WARN  GameWorld            - Attempted to remove entity which is not active
17:58:25.919 [JavaFX Application Thread] WARN  GameWorld            - Attempted to remove entity which is not active
17:58:26.158 [JavaFX Application Thread] WARN  GameWorld            - Attempted to remove entity which is not active
17:58:26.190 [JavaFX Application Thread] WARN  GameWorld            - Attempted to remove entity which is not active
17:58:26.190 [JavaFX Application Thread] WARN  GameWorld            - Attempted to remove entity which is not active
17:58:26.191 [JavaFX Application Thread] WARN  GameWorld            - Attempted to remove entity which is not active
17:58:26.288 [JavaFX Application Thread] WARN  GameWorld            - Attempted to remove entity which is not active
17:58:26.332 [JavaFX Application Thread] WARN  GameWorld            - Attempted to remove entity which is not active
17:58:26.332 [JavaFX Application Thread] WARN  GameWorld            - Attempted to remove entity which is not active
17:58:26.508 [JavaFX Application Thread] WARN  GameWorld            - Attempted to remove entity which is not active
17:58:26.509 [JavaFX Application Thread] WARN  GameWorld            - Attempted to remove entity which is not active
17:58:26.860 [JavaFX Application Thread] WARN  GameWorld            - Attempted to remove entity which is not active
17:58:26.958 [JavaFX Application Thread] WARN  GameWorld            - Attempted to remove entity which is not active
17:58:26.959 [JavaFX Application Thread] WARN  GameWorld            - Attempted to remove entity which is not active
17:58:26.959 [JavaFX Application Thread] WARN  GameWorld            - Attempted to remove entity which is not active
17:58:27.117 [JavaFX Application Thread] WARN  GameWorld            - Attempted to remove entity which is not active
17:58:27.148 [JavaFX Application Thread] WARN  GameWorld            - Attempted to remove entity which is not active
17:58:27.165 [JavaFX Application Thread] WARN  GameWorld            - Attempted to remove entity which is not active
17:58:27.276 [JavaFX Application Thread] WARN  GameWorld            - Attempted to remove entity which is not active
17:58:27.293 [JavaFX Application Thread] WARN  GameWorld            - Attempted to remove entity which is not active
17:58:27.293 [JavaFX Application Thread] WARN  GameWorld            - Attempted to remove entity which is not active
17:58:27.485 [JavaFX Application Thread] WARN  GameWorld            - Attempted to remove entity which is not active
17:58:27.486 [JavaFX Application Thread] WARN  GameWorld            - Attempted to remove entity which is not active
17:58:27.486 [JavaFX Application Thread] WARN  GameWorld            - Attempted to remove entity which is not active
17:58:27.726 [JavaFX Application Thread] WARN  GameWorld            - Attempted to remove entity which is not active
17:58:27.726 [JavaFX Application Thread] WARN  GameWorld            - Attempted to remove entity which is not active
17:58:27.726 [JavaFX Application Thread] WARN  GameWorld            - Attempted to remove entity which is not active
17:58:27.883 [JavaFX Application Thread] WARN  GameWorld            - Attempted to remove entity which is not active
17:58:27.884 [JavaFX Application Thread] WARN  GameWorld            - Attempted to remove entity which is not active
17:58:28.111 [JavaFX Application Thread] WARN  GameWorld            - Attempted to remove entity which is not active
17:58:28.111 [JavaFX Application Thread] WARN  GameWorld            - Attempted to remove entity which is not active
17:58:28.111 [JavaFX Application Thread] WARN  GameWorld            - Attempted to remove entity which is not active
17:58:28.111 [JavaFX Application Thread] WARN  GameWorld            - Attempted to remove entity which is not active
17:58:28.252 [JavaFX Application Thread] WARN  GameWorld            - Attempted to remove entity which is not active
17:58:28.334 [JavaFX Application Thread] WARN  GameWorld            - Attempted to remove entity which is not active
17:58:28.366 [JavaFX Application Thread] WARN  GameWorld            - Attempted to remove entity which is not active
17:58:28.465 [JavaFX Application Thread] WARN  GameWorld            - Attempted to remove entity which is not active
17:58:28.573 [JavaFX Application Thread] WARN  GameWorld            - Attempted to remove entity which is not active
17:58:28.700 [JavaFX Application Thread] WARN  GameWorld            - Attempted to remove entity which is not active
17:58:29.037 [JavaFX Application Thread] WARN  GameWorld            - Attempted to remove entity which is not active
17:58:29.172 [JavaFX Application Thread] WARN  GameWorld            - Attempted to remove entity which is not active
17:58:29.173 [JavaFX Application Thread] WARN  GameWorld            - Attempted to remove entity which is not active
17:58:29.174 [JavaFX Application Thread] WARN  GameWorld            - Attempted to remove entity which is not active
17:58:29.309 [JavaFX Application Thread] WARN  GameWorld            - Attempted to remove entity which is not active
17:58:29.310 [JavaFX Application Thread] WARN  GameWorld            - Attempted to remove entity which is not active
17:58:29.468 [JavaFX Application Thread] DEBUG AudioPlayer          - Stopping music com.almasb.fxgl.audio.Music@5f4e0a74
17:58:29.469 [JavaFX Application Thread] DEBUG AudioPlayer          - Stopping music com.almasb.fxgl.audio.Music@391cb060
17:58:29.511 [JavaFX Application Thread] DEBUG Input                - Clearing active input actions
17:58:29.520 [JavaFX Application Thread] DEBUG GameApplicationServi - Removing overlay from GameScene and adding to FXGLMainMenuDummyScene
17:58:29.520 [JavaFX Application Thread] DEBUG PrimaryStageWindow   - GameScene -> FXGLMainMenuDummyScene
17:58:29.520 [JavaFX Application Thread] DEBUG PrimaryStageWindow   - Push state: DawnseekerMenu
17:58:29.520 [JavaFX Application Thread] DEBUG Input                - Clearing active input actions
17:58:29.521 [JavaFX Application Thread] DEBUG GameApplicationServi - Removing overlay from FXGLMainMenuDummyScene and adding to DawnseekerMenu
17:58:29.521 [JavaFX Application Thread] DEBUG PrimaryStageWindow   - FXGLMainMenuDummyScene -> DawnseekerMenu
17:58:29.521 [JavaFX Application Thread] DEBUG AudioPlayer          - Playing music com.almasb.fxgl.audio.Music@5f4e0a74
17:58:30.636 [JavaFX Application Thread] DEBUG Menu                 - fireNewGame()
17:58:30.636 [JavaFX Application Thread] DEBUG GameApplicationServi - Starting new game
17:58:30.636 [JavaFX Application Thread] DEBUG PrimaryStageWindow   - Pop state: DawnseekerMenu
17:58:30.636 [JavaFX Application Thread] DEBUG Input                - Clearing active input actions
17:58:30.637 [JavaFX Application Thread] DEBUG GameApplicationServi - Removing overlay from DawnseekerMenu and adding to FXGLMainMenuDummyScene
17:58:30.637 [JavaFX Application Thread] DEBUG PrimaryStageWindow   - FXGLMainMenuDummyScene <- DawnseekerMenu
17:58:30.637 [JavaFX Application Thread] DEBUG Input                - Clearing active input actions
17:58:30.640 [JavaFX Application Thread] DEBUG GameApplicationServi - Removing overlay from FXGLMainMenuDummyScene and adding to FXGLLoadingScene
17:58:30.640 [JavaFX Application Thread] DEBUG PrimaryStageWindow   - FXGLMainMenuDummyScene -> FXGLLoadingScene
17:58:30.640 [JavaFX Application Thread] DEBUG GameApplicationServi - Clearing previous game
17:58:30.640 [JavaFX Application Thread] DEBUG GameScene            - Clearing game scene
17:58:30.640 [JavaFX Application Thread] DEBUG GameWorld            - Clearing game world
17:58:30.642 [JavaFX Application Thread] DEBUG PhysicsWorld         - Clearing physics world
17:58:30.642 [JavaFX Application Thread] DEBUG AudioPlayer          - Stopping music com.almasb.fxgl.audio.Music@5f4e0a74
17:58:30.642 [FXGL Background Thread 5 ] DEBUG FXGLApplication      - Initializing game
17:58:30.642 [JavaFX Application Thread] DEBUG AudioPlayer          - Stopping music com.almasb.fxgl.audio.Music@391cb060
17:58:30.643 [FXGL Background Thread 5 ] DEBUG AudioPlayer          - Playing music com.almasb.fxgl.audio.Music@391cb060
17:58:30.644 [FXGL Background Thread 5 ] WARN  GameWorld            - Entity is already attached to world
17:58:30.644 [FXGL Background Thread 5 ] WARN  Entity               - Entity already has component: com.almasb.fxgl.entity.components.CollidableComponent
17:58:30.644 [FXGL Background Thread 5 ] WARN  GameWorld            - Entity is already attached to world
17:58:30.645 [FXGL Background Thread 5 ] WARN  Entity               - Entity already has component: com.almasb.fxgl.entity.components.CollidableComponent
17:58:30.645 [FXGL Background Thread 5 ] WARN  GameWorld            - Entity is already attached to world
17:58:30.645 [FXGL Background Thread 5 ] WARN  Entity               - Entity already has component: com.almasb.fxgl.entity.components.CollidableComponent
17:58:30.645 [FXGL Background Thread 5 ] WARN  GameWorld            - Entity is already attached to world
17:58:30.645 [FXGL Background Thread 5 ] WARN  GameWorld            - Entity is already attached to world
17:58:30.645 [FXGL Background Thread 5 ] WARN  GameWorld            - Entity is already attached to world
17:58:30.647 [FXGL Background Thread 5 ] INFO  FXGLApplication      - Game initialization took: 0.005 sec
17:58:30.647 [JavaFX Application Thread] DEBUG Input                - Clearing active input actions
17:58:30.651 [JavaFX Application Thread] DEBUG GameApplicationServi - Removing overlay from FXGLLoadingScene and adding to GameScene
17:58:30.651 [JavaFX Application Thread] DEBUG PrimaryStageWindow   - FXGLLoadingScene -> GameScene
17:58:32.333 [JavaFX Application Thread] DEBUG PrimaryStageWindow   - Push state: ShopTest
17:58:32.333 [JavaFX Application Thread] DEBUG Input                - Clearing active input actions
17:58:32.334 [JavaFX Application Thread] DEBUG GameApplicationServi - Removing overlay from GameScene and adding to ShopTest
17:58:32.334 [JavaFX Application Thread] DEBUG PrimaryStageWindow   - GameScene -> ShopTest
17:58:32.334 [JavaFX Application Thread] DEBUG Input                - Registered new binding: Close Shop - F
17:58:36.409 [JavaFX Application Thread] DEBUG PrimaryStageWindow   - Pop state: ShopTest
17:58:36.409 [JavaFX Application Thread] DEBUG Input                - Clearing active input actions
17:58:36.409 [JavaFX Application Thread] DEBUG GameApplicationServi - Removing overlay from ShopTest and adding to GameScene
17:58:36.410 [JavaFX Application Thread] DEBUG PrimaryStageWindow   - GameScene <- ShopTest
17:58:39.324 [JavaFX Application Thread] WARN  GameWorld            - Attempted to remove entity which is not active
17:58:39.565 [JavaFX Application Thread] WARN  GameWorld            - Attempted to remove entity which is not active
17:58:41.437 [JavaFX Application Thread] WARN  GameWorld            - Attempted to remove entity which is not active
17:58:41.884 [JavaFX Application Thread] WARN  GameWorld            - Attempted to remove entity which is not active
17:58:42.587 [JavaFX Application Thread] WARN  GameWorld            - Attempted to remove entity which is not active
17:58:46.369 [JavaFX Application Thread] WARN  GameWorld            - Attempted to remove entity which is not active
17:58:46.635 [JavaFX Application Thread] WARN  GameWorld            - Attempted to remove entity which is not active
17:58:47.004 [JavaFX Application Thread] WARN  GameWorld            - Attempted to remove entity which is not active
17:58:47.452 [JavaFX Application Thread] WARN  GameWorld            - Attempted to remove entity which is not active
17:58:48.476 [JavaFX Application Thread] WARN  GameWorld            - Attempted to remove entity which is not active
17:58:48.508 [JavaFX Application Thread] WARN  GameWorld            - Attempted to remove entity which is not active
17:58:48.620 [JavaFX Application Thread] WARN  GameWorld            - Attempted to remove entity which is not active
17:58:49.420 [JavaFX Application Thread] WARN  GameWorld            - Attempted to remove entity which is not active
17:58:49.420 [JavaFX Application Thread] WARN  GameWorld            - Attempted to remove entity which is not active
17:58:49.473 [JavaFX Application Thread] WARN  GameWorld            - Attempted to remove entity which is not active
17:58:50.189 [JavaFX Application Thread] WARN  GameWorld            - Attempted to remove entity which is not active
17:58:50.364 [JavaFX Application Thread] WARN  GameWorld            - Attempted to remove entity which is not active
17:58:50.622 [JavaFX Application Thread] WARN  GameWorld            - Attempted to remove entity which is not active
17:58:52.300 [JavaFX Application Thread] WARN  GameWorld            - Attempted to remove entity which is not active
17:58:53.214 [JavaFX Application Thread] WARN  GameWorld            - Attempted to remove entity which is not active
17:58:53.245 [JavaFX Application Thread] WARN  GameWorld            - Attempted to remove entity which is not active
17:58:53.437 [JavaFX Application Thread] WARN  GameWorld            - Attempted to remove entity which is not active
17:58:53.648 [JavaFX Application Thread] WARN  GameWorld            - Attempted to remove entity which is not active
17:58:53.852 [JavaFX Application Thread] WARN  GameWorld            - Attempted to remove entity which is not active
17:58:53.967 [JavaFX Application Thread] WARN  GameWorld            - Attempted to remove entity which is not active
17:58:56.492 [JavaFX Application Thread] WARN  GameWorld            - Attempted to remove entity which is not active
17:58:56.763 [JavaFX Application Thread] WARN  GameWorld            - Attempted to remove entity which is not active
17:58:57.489 [JavaFX Application Thread] WARN  GameWorld            - Attempted to remove entity which is not active
17:58:58.300 [JavaFX Application Thread] WARN  GameWorld            - Attempted to remove entity which is not active
17:59:02.222 [JavaFX Application Thread] DEBUG PrimaryStageWindow   - Push state: ShopTest
17:59:02.223 [JavaFX Application Thread] DEBUG Input                - Clearing active input actions
17:59:02.223 [JavaFX Application Thread] DEBUG GameApplicationServi - Removing overlay from GameScene and adding to ShopTest
17:59:02.223 [JavaFX Application Thread] DEBUG PrimaryStageWindow   - GameScene -> ShopTest
17:59:02.223 [JavaFX Application Thread] DEBUG Input                - Registered new binding: Close Shop - F
17:59:07.148 [JavaFX Application Thread] DEBUG PrimaryStageWindow   - Pop state: ShopTest
17:59:07.148 [JavaFX Application Thread] DEBUG Input                - Clearing active input actions
17:59:07.148 [JavaFX Application Thread] DEBUG GameApplicationServi - Removing overlay from ShopTest and adding to GameScene
17:59:07.148 [JavaFX Application Thread] DEBUG PrimaryStageWindow   - GameScene <- ShopTest
17:59:12.220 [JavaFX Application Thread] WARN  GameWorld            - Attempted to remove entity which is not active
17:59:12.331 [JavaFX Application Thread] WARN  GameWorld            - Attempted to remove entity which is not active
17:59:12.332 [JavaFX Application Thread] WARN  GameWorld            - Attempted to remove entity which is not active
17:59:12.445 [JavaFX Application Thread] WARN  GameWorld            - Attempted to remove entity which is not active
17:59:12.561 [JavaFX Application Thread] WARN  GameWorld            - Attempted to remove entity which is not active
17:59:12.878 [JavaFX Application Thread] WARN  GameWorld            - Attempted to remove entity which is not active
17:59:12.926 [JavaFX Application Thread] WARN  GameWorld            - Attempted to remove entity which is not active
17:59:12.989 [JavaFX Application Thread] WARN  GameWorld            - Attempted to remove entity which is not active
17:59:14.448 [JavaFX Application Thread] WARN  GameWorld            - Attempted to remove entity which is not active
17:59:14.573 [JavaFX Application Thread] WARN  GameWorld            - Attempted to remove entity which is not active
17:59:14.667 [JavaFX Application Thread] WARN  GameWorld            - Attempted to remove entity which is not active
17:59:14.668 [JavaFX Application Thread] WARN  GameWorld            - Attempted to remove entity which is not active
17:59:14.749 [JavaFX Application Thread] WARN  GameWorld            - Attempted to remove entity which is not active
17:59:14.781 [JavaFX Application Thread] WARN  GameWorld            - Attempted to remove entity which is not active
17:59:15.116 [JavaFX Application Thread] WARN  GameWorld            - Attempted to remove entity which is not active
17:59:15.408 [JavaFX Application Thread] WARN  GameWorld            - Attempted to remove entity which is not active
17:59:15.489 [JavaFX Application Thread] WARN  GameWorld            - Attempted to remove entity which is not active
17:59:15.566 [JavaFX Application Thread] WARN  GameWorld            - Attempted to remove entity which is not active
17:59:15.645 [JavaFX Application Thread] WARN  GameWorld            - Attempted to remove entity which is not active
17:59:15.693 [JavaFX Application Thread] WARN  GameWorld            - Attempted to remove entity which is not active
17:59:15.840 [JavaFX Application Thread] WARN  GameWorld            - Attempted to remove entity which is not active
17:59:15.956 [JavaFX Application Thread] WARN  GameWorld            - Attempted to remove entity which is not active
17:59:16.109 [JavaFX Application Thread] WARN  GameWorld            - Attempted to remove entity which is not active
17:59:16.381 [JavaFX Application Thread] WARN  GameWorld            - Attempted to remove entity which is not active
17:59:16.572 [JavaFX Application Thread] WARN  GameWorld            - Attempted to remove entity which is not active
17:59:16.636 [JavaFX Application Thread] WARN  GameWorld            - Attempted to remove entity which is not active
17:59:17.549 [JavaFX Application Thread] WARN  GameWorld            - Attempted to remove entity which is not active
17:59:17.680 [JavaFX Application Thread] WARN  GameWorld            - Attempted to remove entity which is not active
17:59:17.680 [JavaFX Application Thread] WARN  GameWorld            - Attempted to remove entity which is not active
17:59:17.804 [JavaFX Application Thread] WARN  GameWorld            - Attempted to remove entity which is not active
17:59:17.835 [JavaFX Application Thread] WARN  GameWorld            - Attempted to remove entity which is not active
17:59:18.066 [JavaFX Application Thread] WARN  GameWorld            - Attempted to remove entity which is not active
17:59:18.066 [JavaFX Application Thread] WARN  GameWorld            - Attempted to remove entity which is not active
17:59:18.445 [JavaFX Application Thread] WARN  GameWorld            - Attempted to remove entity which is not active
17:59:20.799 [JavaFX Application Thread] DEBUG AudioPlayer          - Stopping music com.almasb.fxgl.audio.Music@5f4e0a74
17:59:20.799 [JavaFX Application Thread] DEBUG AudioPlayer          - Stopping music com.almasb.fxgl.audio.Music@391cb060
17:59:20.800 [JavaFX Application Thread] DEBUG Input                - Clearing active input actions
17:59:20.808 [JavaFX Application Thread] DEBUG GameApplicationServi - Removing overlay from GameScene and adding to FXGLMainMenuDummyScene
17:59:20.809 [JavaFX Application Thread] DEBUG PrimaryStageWindow   - GameScene -> FXGLMainMenuDummyScene
17:59:20.809 [JavaFX Application Thread] DEBUG PrimaryStageWindow   - Push state: DawnseekerMenu
17:59:20.809 [JavaFX Application Thread] DEBUG Input                - Clearing active input actions
17:59:20.810 [JavaFX Application Thread] DEBUG GameApplicationServi - Removing overlay from FXGLMainMenuDummyScene and adding to DawnseekerMenu
17:59:20.810 [JavaFX Application Thread] DEBUG PrimaryStageWindow   - FXGLMainMenuDummyScene -> DawnseekerMenu
17:59:20.811 [JavaFX Application Thread] DEBUG AudioPlayer          - Playing music com.almasb.fxgl.audio.Music@5f4e0a74
17:59:30.067 [JavaFX Application Thread] DEBUG Menu                 - fireExit()
17:59:30.069 [JavaFX Application Thread] DEBUG PrimaryStageWindow   - Push state: DialogSubScene
17:59:30.069 [JavaFX Application Thread] DEBUG Input                - Clearing active input actions
17:59:30.069 [JavaFX Application Thread] DEBUG GameApplicationServi - Removing overlay from DawnseekerMenu and adding to DialogSubScene
17:59:30.069 [JavaFX Application Thread] DEBUG PrimaryStageWindow   - DawnseekerMenu -> DialogSubScene
17:59:31.084 [JavaFX Application Thread] DEBUG PrimaryStageWindow   - Pop state: DialogSubScene
17:59:31.084 [JavaFX Application Thread] DEBUG Input                - Clearing active input actions
17:59:31.085 [JavaFX Application Thread] DEBUG GameApplicationServi - Removing overlay from DialogSubScene and adding to DawnseekerMenu
17:59:31.085 [JavaFX Application Thread] DEBUG PrimaryStageWindow   - DawnseekerMenu <- DialogSubScene
17:59:31.085 [JavaFX Application Thread] DEBUG FXGLApplication      - Exiting FXGL
17:59:31.085 [JavaFX Application Thread] DEBUG LoopRunner           - Stopping loop
17:59:31.085 [JavaFX Application Thread] DEBUG SystemBundleService  - Saving FXGL system data
17:59:31.087 [JavaFX Application Thread] DEBUG FileSystemAccess     - Writing to: C:\Users\narro\git\CS4900G2Proj2\Dawnseeker\system\fxgl.bundle
17:59:31.089 [JavaFX Application Thread] DEBUG Async                - Shutting down background threads
17:59:31.090 [JavaFX Application Thread] DEBUG PrimaryStageWindow   - Closing main window
17:59:31.109 [JavaFX Application Thread] DEBUG Logger               - Closing Logger
