17:29:42.922 [main                     ] DEBUG Logger               - Configured Logger
17:29:42.952 [main                     ] DEBUG GameApplication      - Logging settings
Title: Dawnseeker
Version: 0.2
Width: 1024
Height: 1024
Fullscreen: false
Intro: false
Profiling: false
Single step:false
App Mode: DEVELOPER
Menu Key: ESCAPE
Stage Style: DECORATED
Scene Factory: class myGame.DawnseekerApp$1

17:29:43.347 [JavaFX Application Thread] DEBUG FXGLApplication      - Initializing FXGL
17:29:43.351 [JavaFX Application Thread] INFO  Engine               - FXGL-17.2 (20.08.2022 16.50) on WINDOWS (J:19.0.2 FX:18)
17:29:43.351 [JavaFX Application Thread] DEBUG Engine               - JRE Vendor Name: Oracle Corporation
17:29:43.351 [JavaFX Application Thread] DEBUG Engine               - Running on OS: Windows 10 version 10.0
17:29:43.351 [JavaFX Application Thread] DEBUG Engine               - Architecture: amd64
17:29:43.351 [JavaFX Application Thread] INFO  Engine               - Source code and latest versions at: https://github.com/AlmasB/FXGL
17:29:43.351 [JavaFX Application Thread] INFO  Engine               -       Ask questions and discuss at: https://github.com/AlmasB/FXGL/discussions
17:29:43.351 [JavaFX Application Thread] INFO  Engine               -              Join the FXGL chat at: https://gitter.im/AlmasB/FXGL
17:29:43.448 [JavaFX Application Thread] DEBUG PrimaryStageWindow   - Creating a JavaFX scene
17:29:43.448 [JavaFX Application Thread] DEBUG PrimaryStageWindow   - Target size > screen size
17:29:43.486 [JavaFX Application Thread] DEBUG PrimaryStageWindow   - Target settings size: 1024.0 x 1024.0
17:29:43.486 [JavaFX Application Thread] DEBUG PrimaryStageWindow   - Scaled scene size:    799.0 x 824.0
17:29:43.487 [JavaFX Application Thread] DEBUG PrimaryStageWindow   - Scaled ratio: (0.7802734375, 0.8046875)
17:29:43.487 [JavaFX Application Thread] DEBUG PrimaryStageWindow   - Set initial scene to FXGLStartupScene
17:29:43.495 [JavaFX Application Thread] DEBUG PrimaryStageWindow   - Opening main window
17:29:43.581 [JavaFX Application Thread] DEBUG PrimaryStageWindow   - Window border size: (14.5999755859375, 37.5999755859375)
17:29:43.581 [JavaFX Application Thread] DEBUG PrimaryStageWindow   - Scaled size: 799.0 x 824.0
17:29:43.581 [JavaFX Application Thread] DEBUG PrimaryStageWindow   - Scaled ratio: (0.7802734375, 0.8046875)
17:29:43.582 [JavaFX Application Thread] DEBUG PrimaryStageWindow   - Scene size: 799.0 x 824.0
17:29:43.582 [JavaFX Application Thread] DEBUG PrimaryStageWindow   - Stage size: 813.5999755859375 x 861.5999755859375
17:29:43.594 [FXGL Background Thread 1 ] DEBUG Engine               - Initializing environment variables
17:29:43.663 [FXGL Background Thread 1 ] DEBUG FXGLAssetLoaderServi - User app class for loading assets: class myGame.DawnseekerApp
17:29:43.664 [FXGL Background Thread 1 ] DEBUG GameApplicationServi - Applying CSS: fxgl_dark.css
17:29:43.666 [FXGL Background Thread 1 ] DEBUG FXGLAssetLoaderServi - Loading from file system: jar:file:/C:/Users/narro/.m2/repository/com/github/almasb/fxgl/17.2/fxgl-17.2.jar!/fxglassets/ui/css/fxgl_dark.css
17:29:43.724 [FXGL Background Thread 1 ] DEBUG GameApplicationServi - Initializing application scenes
17:29:43.774 [FXGL Background Thread 1 ] DEBUG GameWorld            - Game world initialized
17:29:43.851 [FXGL Background Thread 1 ] DEBUG PhysicsWorld         - Physics world initialized: appHeight=1024, physics.ppm=50.0
17:29:43.853 [FXGL Background Thread 1 ] DEBUG PhysicsWorld         - Using strategy: BRUTE_FORCE
17:29:43.860 [FXGL Background Thread 1 ] DEBUG GameScene            - Game scene initialized: 1024x1024
17:29:43.878 [FXGL Background Thread 1 ] DEBUG FXGLAssetLoaderServi - Loading from file system: file:/C:/Users/narro/OneDrive/Documents/coleg/Spring%202023/CS%204900%20Senior%20Seminiar/CS4900G2Proj2/Dawnseeker/target/classes/assets/textures/bg.png
17:29:43.938 [FXGL Background Thread 1 ] DEBUG FXGL.DefaultMenu     - createMenuBodyGameMenu()
17:29:43.950 [FXGL Background Thread 1 ] DEBUG FXGL.DefaultMenu     - createOptionsMenu()
17:29:43.955 [FXGL Background Thread 1 ] DEBUG FXGLAssetLoaderServi - Loading from file system: jar:file:/C:/Users/narro/.m2/repository/com/github/almasb/fxgl/17.2/fxgl-17.2.jar!/fxglassets/textures/particles/smoke.png
17:29:44.027 [FXGL Background Thread 1 ] DEBUG FXGLAssetLoaderServi - Loading from file system: jar:file:/C:/Users/narro/.m2/repository/com/github/almasb/fxgl/17.2/fxgl-17.2.jar!/fxglassets/textures/particles/trace_horizontal.png
17:29:44.042 [FXGL Background Thread 1 ] DEBUG GameApplicationServi - Application scenes initialized
17:29:44.053 [FXGL Background Thread 1 ] DEBUG SystemBundleService  - Loading FXGL system data
17:29:44.056 [FXGL Background Thread 1 ] DEBUG FileSystemAccess     - Reading from: C:\Users\narro\OneDrive\Documents\coleg\Spring 2023\CS 4900 Senior Seminiar\CS4900G2Proj2\Dawnseeker\system\fxgl.bundle
17:29:44.063 [FXGL Background Thread 1 ] DEBUG SystemBundleService  - Bundle FXGL: {}
17:29:44.063 [FXGL Background Thread 1 ] DEBUG UpdaterService       - Checking for updates
17:29:44.066 [FXGL Background Thread 4 ] DEBUG FXGLApplication      - Loading fonts
17:29:44.067 [FXGL Background Thread 4 ] DEBUG FXGLAssetLoaderServi - Loading from file system: jar:file:/C:/Users/narro/.m2/repository/com/github/almasb/fxgl/17.2/fxgl-17.2.jar!/fxglassets/ui/fonts/VarelaRound-Regular.ttf
17:29:44.067 [FXGL Background Thread 1 ] DEBUG FXGLApplication      - Loading default localization
17:29:44.067 [FXGL Background Thread 1 ] DEBUG FXGLAssetLoaderServi - Loading from file system: jar:file:/C:/Users/narro/.m2/repository/com/github/almasb/fxgl/17.2/fxgl-17.2.jar!/fxglassets/languages/english.lang
17:29:44.095 [FXGL Background Thread 1 ] INFO  FXGLApplication      - FXGL initialization took: 0.502 sec
17:29:44.103 [JavaFX Application Thread] DEBUG Input                - Registered new binding: action0 - LMB
17:29:44.108 [JavaFX Application Thread] DEBUG Input                - Registered new binding: Up - W
17:29:44.108 [JavaFX Application Thread] DEBUG Input                - Registered new binding: Down - S
17:29:44.108 [JavaFX Application Thread] DEBUG Input                - Registered new binding: Right - D
17:29:44.109 [JavaFX Application Thread] DEBUG Input                - Registered new binding: Left - A
17:29:44.109 [JavaFX Application Thread] DEBUG FXGLAssetLoaderServi - Loading from file system: jar:file:/C:/Users/narro/.m2/repository/com/github/almasb/fxgl/17.2/fxgl-17.2.jar!/fxglassets/textures/fxgl_icon.png
17:29:44.128 [JavaFX Application Thread] DEBUG FXGLAssetLoaderServi - Loading from file system: jar:file:/C:/Users/narro/.m2/repository/com/github/almasb/fxgl/17.2/fxgl-17.2.jar!/fxglassets/textures/fxgl_default_cursor.png
17:29:44.130 [JavaFX Application Thread] DEBUG Input                - Registered new binding: Screenshot - CTRL+8
17:29:44.131 [JavaFX Application Thread] DEBUG Input                - Registered new binding: System info dump - CTRL+9
17:29:44.132 [JavaFX Application Thread] DEBUG Input                - Registered new binding: Restart - CTRL+R
17:29:44.133 [JavaFX Application Thread] DEBUG Input                - Registered new binding: Toggle Debug Camera - CTRL+7
17:29:44.137 [JavaFX Application Thread] DEBUG LoopRunner           - Starting loop
17:29:44.137 [JavaFX Application Thread] DEBUG LoopRunner           - Initializing JavaFX AnimationTimerLoop
17:29:44.141 [JavaFX Application Thread] DEBUG Input                - Clearing active input actions
17:29:44.150 [JavaFX Application Thread] DEBUG GameApplicationServi - Removing overlay from FXGLStartupScene and adding to FXGLMainMenuDummyScene
17:29:44.151 [JavaFX Application Thread] DEBUG PrimaryStageWindow   - FXGLStartupScene -> FXGLMainMenuDummyScene
17:29:44.151 [JavaFX Application Thread] DEBUG PrimaryStageWindow   - Push state: DawnseekerMenu
17:29:44.151 [JavaFX Application Thread] DEBUG Input                - Clearing active input actions
17:29:44.157 [JavaFX Application Thread] DEBUG GameApplicationServi - Removing overlay from FXGLMainMenuDummyScene and adding to DawnseekerMenu
17:29:44.158 [JavaFX Application Thread] DEBUG PrimaryStageWindow   - FXGLMainMenuDummyScene -> DawnseekerMenu
17:29:44.159 [FXGL Background Thread 4 ] DEBUG FXGLAssetLoaderServi - Loading from file system: jar:file:/C:/Users/narro/.m2/repository/com/github/almasb/fxgl/17.2/fxgl-17.2.jar!/fxglassets/ui/fonts/Abel-Regular.ttf
17:29:44.172 [FXGL Background Thread 4 ] DEBUG FXGLAssetLoaderServi - Loading from file system: jar:file:/C:/Users/narro/.m2/repository/com/github/almasb/fxgl/17.2/fxgl-17.2.jar!/fxglassets/ui/fonts/TerminalLandMono-Regular.otf
17:29:44.187 [FXGL Background Thread 4 ] DEBUG FXGLAssetLoaderServi - Loading from file system: jar:file:/C:/Users/narro/.m2/repository/com/github/almasb/fxgl/17.2/fxgl-17.2.jar!/fxglassets/ui/fonts/Courier-Prime.ttf
17:29:44.212 [JavaFX Application Thread] DEBUG FXGLApplication      - Registering font factories with UI factory
17:29:44.762 [JavaFX Application Thread] DEBUG Menu                 - fireNewGame()
17:29:44.762 [JavaFX Application Thread] DEBUG GameApplicationServi - Starting new game
17:29:44.763 [JavaFX Application Thread] DEBUG PrimaryStageWindow   - Pop state: DawnseekerMenu
17:29:44.763 [JavaFX Application Thread] DEBUG Input                - Clearing active input actions
17:29:44.763 [JavaFX Application Thread] DEBUG GameApplicationServi - Removing overlay from DawnseekerMenu and adding to FXGLMainMenuDummyScene
17:29:44.764 [JavaFX Application Thread] DEBUG PrimaryStageWindow   - FXGLMainMenuDummyScene <- DawnseekerMenu
17:29:44.764 [JavaFX Application Thread] DEBUG Input                - Clearing active input actions
17:29:44.775 [JavaFX Application Thread] DEBUG GameApplicationServi - Removing overlay from FXGLMainMenuDummyScene and adding to FXGLLoadingScene
17:29:44.776 [JavaFX Application Thread] DEBUG PrimaryStageWindow   - FXGLMainMenuDummyScene -> FXGLLoadingScene
17:29:44.776 [JavaFX Application Thread] DEBUG GameApplicationServi - Clearing previous game
17:29:44.776 [JavaFX Application Thread] DEBUG GameScene            - Clearing game scene
17:29:44.776 [JavaFX Application Thread] DEBUG GameWorld            - Clearing game world
17:29:44.776 [JavaFX Application Thread] DEBUG PhysicsWorld         - Clearing physics world
17:29:44.777 [FXGL Background Thread 2 ] DEBUG FXGLApplication      - Initializing game
17:29:44.783 [FXGL Background Thread 2 ] DEBUG FXGLAssetLoaderServi - Loading from file system: file:/C:/Users/narro/OneDrive/Documents/coleg/Spring%202023/CS%204900%20Senior%20Seminiar/CS4900G2Proj2/Dawnseeker/target/classes/assets/music/heartache.mp3
17:29:44.950 [FXGL Background Thread 2 ] DEBUG AudioPlayer          - Playing music com.almasb.fxgl.audio.Music@66bc65cc
17:29:44.978 [FXGL Background Thread 2 ] DEBUG FXGLAssetLoaderServi - Loading from file system: file:/C:/Users/narro/OneDrive/Documents/coleg/Spring%202023/CS%204900%20Senior%20Seminiar/CS4900G2Proj2/Dawnseeker/target/classes/assets/textures/DawnseekerPCV2.png
17:29:44.983 [FXGL Background Thread 2 ] DEBUG FXGLAssetLoaderServi - Loading from file system: file:/C:/Users/narro/OneDrive/Documents/coleg/Spring%202023/CS%204900%20Senior%20Seminiar/CS4900G2Proj2/Dawnseeker/target/classes/assets/textures/DawnseekerPCV2Down.png
17:29:44.986 [FXGL Background Thread 2 ] DEBUG FXGLAssetLoaderServi - Loading from file system: file:/C:/Users/narro/OneDrive/Documents/coleg/Spring%202023/CS%204900%20Senior%20Seminiar/CS4900G2Proj2/Dawnseeker/target/classes/assets/textures/DawnseekerPCV2Up.png
17:29:44.991 [FXGL Background Thread 2 ] DEBUG FXGLAssetLoaderServi - Loading from file system: file:/C:/Users/narro/OneDrive/Documents/coleg/Spring%202023/CS%204900%20Senior%20Seminiar/CS4900G2Proj2/Dawnseeker/target/classes/assets/textures/DawnseekerPCV2Right.png
17:29:44.993 [FXGL Background Thread 2 ] DEBUG FXGLAssetLoaderServi - Loading from file system: file:/C:/Users/narro/OneDrive/Documents/coleg/Spring%202023/CS%204900%20Senior%20Seminiar/CS4900G2Proj2/Dawnseeker/target/classes/assets/textures/DawnseekerPCV2Left.png
17:29:45.014 [FXGL Background Thread 2 ] WARN  GameWorld            - Entity is already attached to world
17:29:45.016 [FXGL Background Thread 2 ] WARN  Entity               - Entity already has component: com.almasb.fxgl.entity.components.CollidableComponent
17:29:45.016 [FXGL Background Thread 2 ] WARN  GameWorld            - Entity is already attached to world
17:29:45.018 [FXGL Background Thread 2 ] WARN  Entity               - Entity already has component: com.almasb.fxgl.entity.components.CollidableComponent
17:29:45.019 [FXGL Background Thread 2 ] WARN  GameWorld            - Entity is already attached to world
17:29:45.022 [FXGL Background Thread 2 ] WARN  Entity               - Entity already has component: com.almasb.fxgl.entity.components.CollidableComponent
17:29:45.023 [FXGL Background Thread 2 ] WARN  GameWorld            - Entity is already attached to world
17:29:45.024 [FXGL Background Thread 2 ] WARN  Entity               - Entity already has component: com.almasb.fxgl.entity.components.CollidableComponent
17:29:45.025 [FXGL Background Thread 2 ] WARN  GameWorld            - Entity is already attached to world
17:29:45.026 [FXGL Background Thread 2 ] WARN  GameWorld            - Entity is already attached to world
17:29:45.049 [FXGL Background Thread 2 ] INFO  FXGLApplication      - Game initialization took: 0.272 sec
17:29:45.053 [JavaFX Application Thread] DEBUG Input                - Clearing active input actions
17:29:45.063 [JavaFX Application Thread] DEBUG GameApplicationServi - Removing overlay from FXGLLoadingScene and adding to GameScene
17:29:45.064 [JavaFX Application Thread] DEBUG PrimaryStageWindow   - FXGLLoadingScene -> GameScene
17:29:46.136 [JavaFX Application Thread] DEBUG FXGLAssetLoaderServi - Loading from file system: file:/C:/Users/narro/OneDrive/Documents/coleg/Spring%202023/CS%204900%20Senior%20Seminiar/CS4900G2Proj2/Dawnseeker/target/classes/assets/textures/EnemyDawnseeker.png
17:29:46.138 [JavaFX Application Thread] DEBUG FXGLAssetLoaderServi - Loading from file system: file:/C:/Users/narro/OneDrive/Documents/coleg/Spring%202023/CS%204900%20Senior%20Seminiar/CS4900G2Proj2/Dawnseeker/target/classes/assets/textures/sussy.gif
17:29:46.988 [JavaFX Application Thread] DEBUG FXGLAssetLoaderServi - Loading from file system: file:/C:/Users/narro/OneDrive/Documents/coleg/Spring%202023/CS%204900%20Senior%20Seminiar/CS4900G2Proj2/Dawnseeker/target/classes/assets/sounds/magic_missile.wav
17:29:46.997 [JavaFX Application Thread] DEBUG FXGLAssetLoaderServi - Loading from file system: file:/C:/Users/narro/OneDrive/Documents/coleg/Spring%202023/CS%204900%20Senior%20Seminiar/CS4900G2Proj2/Dawnseeker/target/classes/assets/textures/FireBallProjectile.png
17:29:47.065 [FXGL Background Thread 3 ] DEBUG Engine               - Logging environment variables
17:29:47.066 [FXGL Background Thread 3 ] DEBUG Engine               - achievements: []
17:29:47.066 [FXGL Background Thread 3 ] DEBUG Engine               - actualHeight: 824.0
17:29:47.066 [FXGL Background Thread 3 ] DEBUG Engine               - actualHeightProperty: ReadOnlyDoubleProperty [value: 824.0]
17:29:47.066 [FXGL Background Thread 3 ] DEBUG Engine               - actualWidth: 799.0
17:29:47.066 [FXGL Background Thread 3 ] DEBUG Engine               - actualWidthProperty: ReadOnlyDoubleProperty [value: 799.0]
17:29:47.066 [FXGL Background Thread 3 ] DEBUG Engine               - appIcon: fxgl_icon.png
17:29:47.066 [FXGL Background Thread 3 ] DEBUG Engine               - applicationMode: DEVELOPER
17:29:47.066 [FXGL Background Thread 3 ] DEBUG Engine               - cSSList: [fxgl_dark.css]
17:29:47.066 [FXGL Background Thread 3 ] DEBUG Engine               - collisionDetectionStrategy: BRUTE_FORCE
17:29:47.066 [FXGL Background Thread 3 ] DEBUG Engine               - configClass: Optional.empty
17:29:47.066 [FXGL Background Thread 3 ] DEBUG Engine               - credits: []
17:29:47.067 [FXGL Background Thread 3 ] DEBUG Engine               - defaultCursor: CursorInfo(imageName=fxgl_default_cursor.png, hotspotX=7.0, hotspotY=6.0)
17:29:47.067 [FXGL Background Thread 3 ] DEBUG Engine               - devBBoxColorProperty: ObjectProperty [value: 0xff0000ff]
17:29:47.067 [FXGL Background Thread 3 ] DEBUG Engine               - devEnableDebugCameraProperty: BooleanProperty [value: false]
17:29:47.067 [FXGL Background Thread 3 ] DEBUG Engine               - devSensorColorProperty: ObjectProperty [value: 0xffff00ff]
17:29:47.067 [FXGL Background Thread 3 ] DEBUG Engine               - devShowBBoxProperty: BooleanProperty [value: false]
17:29:47.067 [FXGL Background Thread 3 ] DEBUG Engine               - devShowPositionProperty: BooleanProperty [value: false]
17:29:47.067 [FXGL Background Thread 3 ] DEBUG Engine               - enabledMenuItems: []
17:29:47.067 [FXGL Background Thread 3 ] DEBUG Engine               - engineServices: [class com.almasb.fxgl.app.services.FXGLAssetLoaderService, class com.almasb.fxgl.app.FXGLApplication$GameApplicationService, class com.almasb.fxgl.app.services.FXGLDialogService, class com.almasb.fxgl.app.services.IOTaskExecutorService, class com.almasb.fxgl.io.FileSystemService, class com.almasb.fxgl.localization.LocalizationService, class com.almasb.fxgl.app.services.SystemBundleService, class com.almasb.fxgl.profile.SaveLoadService, class com.almasb.fxgl.ui.FXGLUIFactoryServiceProvider, class com.almasb.fxgl.ui.FXGLDialogFactoryServiceProvider, class com.almasb.fxgl.audio.AudioPlayer, class com.almasb.fxgl.notification.impl.NotificationServiceProvider, class com.almasb.fxgl.achievement.AchievementService, class com.almasb.fxgl.cutscene.CutsceneService, class com.almasb.fxgl.minigames.MiniGameService, class com.almasb.fxgl.net.NetService, class com.almasb.fxgl.app.services.UpdaterService, class com.almasb.fxgl.dev.DevService]
17:29:47.067 [FXGL Background Thread 3 ] DEBUG Engine               - fontGame: Abel-Regular.ttf
17:29:47.067 [FXGL Background Thread 3 ] DEBUG Engine               - fontMono: TerminalLandMono-Regular.otf
17:29:47.067 [FXGL Background Thread 3 ] DEBUG Engine               - fontText: Courier-Prime.ttf
17:29:47.067 [FXGL Background Thread 3 ] DEBUG Engine               - fontUI: VarelaRound-Regular.ttf
17:29:47.067 [FXGL Background Thread 3 ] DEBUG Engine               - fullScreen: BooleanProperty [value: false]
17:29:47.067 [FXGL Background Thread 3 ] DEBUG Engine               - gameDifficulty: MEDIUM
17:29:47.067 [FXGL Background Thread 3 ] DEBUG Engine               - gameDifficultyProperty: ObjectProperty [value: MEDIUM]
17:29:47.067 [FXGL Background Thread 3 ] DEBUG Engine               - globalMusicVolume: 0.5
17:29:47.068 [FXGL Background Thread 3 ] DEBUG Engine               - globalMusicVolumeProperty: DoubleProperty [value: 0.5]
17:29:47.068 [FXGL Background Thread 3 ] DEBUG Engine               - globalSoundVolume: 0.5
17:29:47.068 [FXGL Background Thread 3 ] DEBUG Engine               - globalSoundVolumeProperty: DoubleProperty [value: 0.5]
17:29:47.068 [FXGL Background Thread 3 ] DEBUG Engine               - height: 1024
17:29:47.068 [FXGL Background Thread 3 ] DEBUG Engine               - is3D: false
17:29:47.069 [FXGL Background Thread 3 ] DEBUG Engine               - isAndroid: false
17:29:47.069 [FXGL Background Thread 3 ] DEBUG Engine               - isBrowser: false
17:29:47.069 [FXGL Background Thread 3 ] DEBUG Engine               - isClickFeedbackEnabled: false
17:29:47.069 [FXGL Background Thread 3 ] DEBUG Engine               - isCloseConfirmation: false
17:29:47.070 [FXGL Background Thread 3 ] DEBUG Engine               - isDesktop: true
17:29:47.070 [FXGL Background Thread 3 ] DEBUG Engine               - isDeveloperMenuEnabled: false
17:29:47.070 [FXGL Background Thread 3 ] DEBUG Engine               - isEmbedded: false
17:29:47.070 [FXGL Background Thread 3 ] DEBUG Engine               - isEntityPreloadEnabled: true
17:29:47.070 [FXGL Background Thread 3 ] DEBUG Engine               - isExperimentalTiledLargeMap: false
17:29:47.070 [FXGL Background Thread 3 ] DEBUG Engine               - isFileSystemWriteAllowed: true
17:29:47.070 [FXGL Background Thread 3 ] DEBUG Engine               - isFullScreenAllowed: false
17:29:47.070 [FXGL Background Thread 3 ] DEBUG Engine               - isFullScreenFromStart: false
17:29:47.070 [FXGL Background Thread 3 ] DEBUG Engine               - isGameMenuEnabled: true
17:29:47.070 [FXGL Background Thread 3 ] DEBUG Engine               - isIOS: false
17:29:47.071 [FXGL Background Thread 3 ] DEBUG Engine               - isIntroEnabled: false
17:29:47.071 [FXGL Background Thread 3 ] DEBUG Engine               - isLinux: false
17:29:47.071 [FXGL Background Thread 3 ] DEBUG Engine               - isMac: false
17:29:47.071 [FXGL Background Thread 3 ] DEBUG Engine               - isMainMenuEnabled: true
17:29:47.071 [FXGL Background Thread 3 ] DEBUG Engine               - isManualResizeEnabled: false
17:29:47.071 [FXGL Background Thread 3 ] DEBUG Engine               - isMobile: false
17:29:47.072 [FXGL Background Thread 3 ] DEBUG Engine               - isNative: false
17:29:47.072 [FXGL Background Thread 3 ] DEBUG Engine               - isPauseMusicWhenMinimized: true
17:29:47.072 [FXGL Background Thread 3 ] DEBUG Engine               - isPreserveResizeRatio: false
17:29:47.072 [FXGL Background Thread 3 ] DEBUG Engine               - isProfilingEnabled: false
17:29:47.072 [FXGL Background Thread 3 ] DEBUG Engine               - isScaleAffectedOnResize: true
17:29:47.072 [FXGL Background Thread 3 ] DEBUG Engine               - isSingleStep: false
17:29:47.072 [FXGL Background Thread 3 ] DEBUG Engine               - isUserProfileEnabled: false
17:29:47.072 [FXGL Background Thread 3 ] DEBUG Engine               - isWindows: true
17:29:47.072 [FXGL Background Thread 3 ] DEBUG Engine               - language: ObjectProperty [value: ENGLISH]
17:29:47.072 [FXGL Background Thread 3 ] DEBUG Engine               - menuKey: ESCAPE
17:29:47.072 [FXGL Background Thread 3 ] DEBUG Engine               - mouseSensitivity: 0.2
17:29:47.072 [FXGL Background Thread 3 ] DEBUG Engine               - notificationViewClass: class com.almasb.fxgl.notification.view.XboxNotificationView
17:29:47.073 [FXGL Background Thread 3 ] DEBUG Engine               - pixelsPerMeter: 50.0
17:29:47.073 [FXGL Background Thread 3 ] DEBUG Engine               - platform: WINDOWS
17:29:47.073 [FXGL Background Thread 3 ] DEBUG Engine               - prefHeightProperty: ReadOnlyDoubleProperty [value: 1024.0]
17:29:47.073 [FXGL Background Thread 3 ] DEBUG Engine               - prefWidthProperty: ReadOnlyDoubleProperty [value: 1024.0]
17:29:47.073 [FXGL Background Thread 3 ] DEBUG Engine               - profileDir: profiles/
17:29:47.073 [FXGL Background Thread 3 ] DEBUG Engine               - profileName: StringProperty [value: DEFAULT]
17:29:47.073 [FXGL Background Thread 3 ] DEBUG Engine               - randomSeed: -1
17:29:47.074 [FXGL Background Thread 3 ] DEBUG Engine               - runtimeInfo: RuntimeInfo(platform=WINDOWS, version=17.2, build=20.08.2022 16.50)
17:29:47.074 [FXGL Background Thread 3 ] DEBUG Engine               - saveFileExt: sav
17:29:47.075 [FXGL Background Thread 3 ] DEBUG Engine               - scaledHeightProp$fxgl: DoubleProperty [bound, value: 824.0]
17:29:47.075 [FXGL Background Thread 3 ] DEBUG Engine               - scaledWidthProp$fxgl: DoubleProperty [bound, value: 799.0]
17:29:47.075 [FXGL Background Thread 3 ] DEBUG Engine               - sceneFactory: myGame.DawnseekerApp$1@410601
17:29:47.075 [FXGL Background Thread 3 ] DEBUG Engine               - secondsIn24h: 60
17:29:47.075 [FXGL Background Thread 3 ] DEBUG Engine               - soundMenuBack: menu/back.wav
17:29:47.075 [FXGL Background Thread 3 ] DEBUG Engine               - soundMenuPress: menu/press.wav
17:29:47.075 [FXGL Background Thread 3 ] DEBUG Engine               - soundMenuSelect: menu/select.wav
17:29:47.075 [FXGL Background Thread 3 ] DEBUG Engine               - soundNotification: core/notification.wav
17:29:47.075 [FXGL Background Thread 3 ] DEBUG Engine               - stageStyle: DECORATED
17:29:47.075 [FXGL Background Thread 3 ] DEBUG Engine               - supportedLanguages: [ENGLISH, FRENCH, GERMAN, HUNGARIAN, RUSSIAN]
17:29:47.075 [FXGL Background Thread 3 ] DEBUG Engine               - ticksPerSecond: -1
17:29:47.075 [FXGL Background Thread 3 ] DEBUG Engine               - title: Dawnseeker
17:29:47.075 [FXGL Background Thread 3 ] DEBUG Engine               - urlGithub: https://github.com/AlmasB/FXGL
17:29:47.075 [FXGL Background Thread 3 ] DEBUG Engine               - urlLeaderboard: http://fxgl-top.herokuapp.com/
17:29:47.075 [FXGL Background Thread 3 ] DEBUG Engine               - urlPOM: https://raw.githubusercontent.com/AlmasB/FXGL/release/README.md
17:29:47.075 [FXGL Background Thread 3 ] DEBUG Engine               - userAppClass: class myGame.DawnseekerApp
17:29:47.075 [FXGL Background Thread 3 ] DEBUG Engine               - version: 0.2
17:29:47.075 [FXGL Background Thread 3 ] DEBUG Engine               - versionCheckDays: 7
17:29:47.075 [FXGL Background Thread 3 ] DEBUG Engine               - width: 1024
17:29:47.075 [FXGL Background Thread 3 ] DEBUG Engine               - Logging services
17:29:47.076 [FXGL Background Thread 3 ] DEBUG Engine               - class com.almasb.fxgl.app.services.FXGLAssetLoaderService
17:29:47.076 [FXGL Background Thread 3 ] DEBUG Engine               - class com.almasb.fxgl.app.FXGLApplication$GameApplicationService
17:29:47.076 [FXGL Background Thread 3 ] DEBUG Engine               - class com.almasb.fxgl.app.services.FXGLDialogService
17:29:47.076 [FXGL Background Thread 3 ] DEBUG Engine               - class com.almasb.fxgl.app.services.IOTaskExecutorService
17:29:47.076 [FXGL Background Thread 3 ] DEBUG Engine               - class com.almasb.fxgl.io.FileSystemService
17:29:47.076 [FXGL Background Thread 3 ] DEBUG Engine               - class com.almasb.fxgl.localization.LocalizationService
17:29:47.076 [FXGL Background Thread 3 ] DEBUG Engine               - class com.almasb.fxgl.app.services.SystemBundleService
17:29:47.076 [FXGL Background Thread 3 ] DEBUG Engine               - class com.almasb.fxgl.profile.SaveLoadService
17:29:47.076 [FXGL Background Thread 3 ] DEBUG Engine               - class com.almasb.fxgl.ui.FXGLUIFactoryServiceProvider
17:29:47.076 [FXGL Background Thread 3 ] DEBUG Engine               - class com.almasb.fxgl.ui.FXGLDialogFactoryServiceProvider
17:29:47.076 [FXGL Background Thread 3 ] DEBUG Engine               - class com.almasb.fxgl.audio.AudioPlayer
17:29:47.076 [FXGL Background Thread 3 ] DEBUG Engine               - class com.almasb.fxgl.notification.impl.NotificationServiceProvider
17:29:47.076 [FXGL Background Thread 3 ] DEBUG Engine               - class com.almasb.fxgl.achievement.AchievementService
17:29:47.076 [FXGL Background Thread 3 ] DEBUG Engine               - class com.almasb.fxgl.cutscene.CutsceneService
17:29:47.076 [FXGL Background Thread 3 ] DEBUG Engine               - class com.almasb.fxgl.minigames.MiniGameService
17:29:47.076 [FXGL Background Thread 3 ] DEBUG Engine               - class com.almasb.fxgl.net.NetService
17:29:47.076 [FXGL Background Thread 3 ] DEBUG Engine               - class com.almasb.fxgl.app.services.UpdaterService
17:29:47.076 [FXGL Background Thread 3 ] DEBUG Engine               - class com.almasb.fxgl.dev.DevService
17:29:47.160 [JavaFX Application Thread] WARN  GameWorld            - Attempted to remove entity which is not active
17:29:47.162 [JavaFX Application Thread] DEBUG FXGLAssetLoaderServi - Loading from file system: file:/C:/Users/narro/OneDrive/Documents/coleg/Spring%202023/CS%204900%20Senior%20Seminiar/CS4900G2Proj2/Dawnseeker/target/classes/assets/sounds/bong.wav
17:29:48.264 [JavaFX Application Thread] WARN  GameWorld            - Attempted to remove entity which is not active
17:29:49.015 [JavaFX Application Thread] WARN  GameWorld            - Attempted to remove entity which is not active
17:29:49.879 [JavaFX Application Thread] WARN  GameWorld            - Attempted to remove entity which is not active
17:29:52.093 [JavaFX Application Thread] DEBUG FXGLAssetLoaderServi - Loading from file system: file:/C:/Users/narro/OneDrive/Documents/coleg/Spring%202023/CS%204900%20Senior%20Seminiar/CS4900G2Proj2/Dawnseeker/target/classes/assets/sounds/player_oof.wav
17:29:53.432 [JavaFX Application Thread] WARN  GameWorld            - Attempted to remove entity which is not active
17:29:53.864 [JavaFX Application Thread] WARN  GameWorld            - Attempted to remove entity which is not active
17:29:54.615 [JavaFX Application Thread] WARN  GameWorld            - Attempted to remove entity which is not active
17:29:55.847 [JavaFX Application Thread] WARN  GameWorld            - Attempted to remove entity which is not active
17:29:56.152 [JavaFX Application Thread] DEBUG LoopRunner           - Stopping loop
17:29:56.154 [JavaFX Application Thread] FATAL FXGLApplication      - Uncaught Exception:
java.lang.IllegalArgumentException: Property Health does not exist
	at com.almasb.fxgl.core.collection.PropertyMap.get(PropertyMap.kt:251)
	at com.almasb.fxgl.core.collection.PropertyMap.intProperty(PropertyMap.kt:162)
	at com.almasb.fxgl.core.collection.PropertyMap.getInt(PropertyMap.kt:152)
	at com.almasb.fxgl.entity.Entity.getInt(Entity.java:312)
	at myGame.DawnseekerApp.lambda$11(DawnseekerApp.java:321)
	at com.almasb.fxgl.dsl.FXGL$Companion$onCollision$1.onCollision(FXGL.kt:663)
	at com.almasb.fxgl.physics.CollisionPair.collision(CollisionPair.java:41)
	at com.almasb.fxgl.physics.PhysicsWorld.notifyCollisions(PhysicsWorld.java:486)
	at com.almasb.fxgl.physics.PhysicsWorld.onUpdate(PhysicsWorld.java:180)
	at com.almasb.fxgl.app.scene.GameScene.step(GameScene.kt:229)
	at com.almasb.fxgl.app.scene.GameScene.onUpdate(GameScene.kt:224)
	at com.almasb.fxgl.scene.Scene.update(Scene.kt:105)
	at com.almasb.fxgl.app.MainWindow$update$1.invoke(MainWindow.kt:115)
	at com.almasb.fxgl.app.MainWindow$update$1.invoke(MainWindow.kt:115)
	at com.almasb.fxgl.core.fsm.StateMachine.runOnActiveStates(StateMachine.kt:69)
	at com.almasb.fxgl.app.MainWindow.update(MainWindow.kt:115)
	at com.almasb.fxgl.app.FXGLApplication$GameApplicationService.onUpdate(FXGLApplication.kt:426)
	at com.almasb.fxgl.app.Engine.loop(Engine.kt:134)
	at com.almasb.fxgl.app.Engine.access$loop(Engine.kt:24)
	at com.almasb.fxgl.app.Engine$loop$1.invoke(Engine.kt:28)
	at com.almasb.fxgl.app.Engine$loop$1.invoke(Engine.kt:28)
	at com.almasb.fxgl.app.LoopRunner.frame(LoopRunner.kt:103)
	at com.almasb.fxgl.app.LoopRunner.access$frame(LoopRunner.kt:23)
	at com.almasb.fxgl.app.LoopRunner$impl$2$1.onTick(LoopRunner.kt:57)
	at com.almasb.fxgl.app.AnimationTimerLoop$timer$1.handle(LoopRunner.kt:137)
	at javafx.animation.AnimationTimer$AnimationTimerReceiver.lambda$handle$0(AnimationTimer.java:58)
	at java.base/java.security.AccessController.doPrivileged(AccessController.java:399)
	at javafx.animation.AnimationTimer$AnimationTimerReceiver.handle(AnimationTimer.java:57)
	at com.sun.scenario.animation.AbstractPrimaryTimer.timePulseImpl(AbstractPrimaryTimer.java:356)
	at com.sun.scenario.animation.AbstractPrimaryTimer$MainLoop.run(AbstractPrimaryTimer.java:266)
	at com.sun.javafx.tk.quantum.QuantumToolkit.pulse(QuantumToolkit.java:571)
	at com.sun.javafx.tk.quantum.QuantumToolkit.pulse(QuantumToolkit.java:555)
	at com.sun.javafx.tk.quantum.QuantumToolkit.pulseFromQueue(QuantumToolkit.java:548)
	at com.sun.javafx.tk.quantum.QuantumToolkit.lambda$runToolkit$11(QuantumToolkit.java:352)
	at com.sun.glass.ui.InvokeLaterDispatcher$Future.run(InvokeLaterDispatcher.java:96)
	at com.sun.glass.ui.win.WinApplication._runLoop(Native Method)
	at com.sun.glass.ui.win.WinApplication.lambda$runLoop$3(WinApplication.java:184)
	at java.base/java.lang.Thread.run(Thread.java:1589)

17:29:56.154 [JavaFX Application Thread] FATAL FXGLApplication      - Application will now exit
17:29:56.193 [JavaFX Application Thread] DEBUG PrimaryStageWindow   - Push state: ErrorSubScene
17:29:56.193 [JavaFX Application Thread] DEBUG Input                - Clearing active input actions
17:29:56.195 [JavaFX Application Thread] DEBUG GameApplicationServi - Removing overlay from GameScene and adding to ErrorSubScene
17:29:56.195 [JavaFX Application Thread] DEBUG PrimaryStageWindow   - GameScene -> ErrorSubScene
17:30:01.493 [JavaFX Application Thread] DEBUG FXGLApplication      - Exiting FXGL
17:30:01.493 [JavaFX Application Thread] DEBUG Async                - Shutting down background threads
17:30:01.493 [JavaFX Application Thread] DEBUG PrimaryStageWindow   - Closing main window
17:30:01.504 [JavaFX Application Thread] DEBUG Logger               - Closing Logger
