15:39:39.119 [main                     ] DEBUG Logger               - Configured Logger
15:39:39.136 [main                     ] DEBUG GameApplication      - Logging settings
Title: Dawnseeker
Version: 0.2
Width: 1024
Height: 1024
Fullscreen: false
Intro: false
Profiling: false
Single step:false
App Mode: DEVELOPER
Menu Key: ESCAPE
Stage Style: DECORATED
Scene Factory: class myGame.DawnseekerApp$1

15:39:39.495 [JavaFX Application Thread] DEBUG FXGLApplication      - Initializing FXGL
15:39:39.499 [JavaFX Application Thread] INFO  Engine               - FXGL-17.2 (20.08.2022 16.50) on WINDOWS (J:18.0.2.1 FX:18)
15:39:39.500 [JavaFX Application Thread] DEBUG Engine               - JRE Vendor Name: Oracle Corporation
15:39:39.500 [JavaFX Application Thread] DEBUG Engine               - Running on OS: Windows 10 version 10.0
15:39:39.500 [JavaFX Application Thread] DEBUG Engine               - Architecture: amd64
15:39:39.500 [JavaFX Application Thread] INFO  Engine               - Source code and latest versions at: https://github.com/AlmasB/FXGL
15:39:39.500 [JavaFX Application Thread] INFO  Engine               -       Ask questions and discuss at: https://github.com/AlmasB/FXGL/discussions
15:39:39.500 [JavaFX Application Thread] INFO  Engine               -              Join the FXGL chat at: https://gitter.im/AlmasB/FXGL
15:39:39.592 [JavaFX Application Thread] DEBUG PrimaryStageWindow   - Creating a JavaFX scene
15:39:39.627 [JavaFX Application Thread] DEBUG PrimaryStageWindow   - Target settings size: 1024.0 x 1024.0
15:39:39.627 [JavaFX Application Thread] DEBUG PrimaryStageWindow   - Scaled scene size:    1024.0 x 1024.0
15:39:39.627 [JavaFX Application Thread] DEBUG PrimaryStageWindow   - Scaled ratio: (1.0, 1.0)
15:39:39.628 [JavaFX Application Thread] DEBUG PrimaryStageWindow   - Set initial scene to FXGLStartupScene
15:39:39.634 [JavaFX Application Thread] DEBUG PrimaryStageWindow   - Opening main window
15:39:39.705 [JavaFX Application Thread] DEBUG PrimaryStageWindow   - Window border size: (16.0, 39.0)
15:39:39.705 [JavaFX Application Thread] DEBUG PrimaryStageWindow   - Scaled size: 1024.0 x 1024.0
15:39:39.705 [JavaFX Application Thread] DEBUG PrimaryStageWindow   - Scaled ratio: (1.0, 1.0)
15:39:39.705 [JavaFX Application Thread] DEBUG PrimaryStageWindow   - Scene size: 1024.0 x 1024.0
15:39:39.705 [JavaFX Application Thread] DEBUG PrimaryStageWindow   - Stage size: 1040.0 x 1063.0
15:39:39.711 [FXGL Background Thread 1 ] DEBUG Engine               - Initializing environment variables
15:39:39.750 [FXGL Background Thread 1 ] DEBUG FXGLAssetLoaderServi - User app class for loading assets: class myGame.DawnseekerApp
15:39:39.750 [FXGL Background Thread 1 ] DEBUG GameApplicationServi - Applying CSS: fxgl_dark.css
15:39:39.751 [FXGL Background Thread 1 ] DEBUG FXGLAssetLoaderServi - Loading from file system: jar:file:/C:/Users/garre/.m2/repository/com/github/almasb/fxgl/17.2/fxgl-17.2.jar!/fxglassets/ui/css/fxgl_dark.css
15:39:39.783 [FXGL Background Thread 1 ] DEBUG GameApplicationServi - Initializing application scenes
15:39:39.816 [FXGL Background Thread 1 ] DEBUG GameWorld            - Game world initialized
15:39:39.867 [FXGL Background Thread 1 ] DEBUG PhysicsWorld         - Physics world initialized: appHeight=1024, physics.ppm=50.0
15:39:39.868 [FXGL Background Thread 1 ] DEBUG PhysicsWorld         - Using strategy: BRUTE_FORCE
15:39:39.870 [FXGL Background Thread 1 ] DEBUG GameScene            - Game scene initialized: 1024x1024
15:39:39.886 [FXGL Background Thread 1 ] DEBUG FXGL.DefaultMenu     - createMenuBodyGameMenu()
15:39:39.897 [FXGL Background Thread 1 ] DEBUG FXGL.DefaultMenu     - createOptionsMenu()
15:39:39.905 [FXGL Background Thread 1 ] DEBUG FXGLAssetLoaderServi - Loading from file system: jar:file:/C:/Users/garre/.m2/repository/com/github/almasb/fxgl/17.2/fxgl-17.2.jar!/fxglassets/textures/particles/smoke.png
15:39:39.986 [FXGL Background Thread 1 ] DEBUG FXGLAssetLoaderServi - Loading from file system: jar:file:/C:/Users/garre/.m2/repository/com/github/almasb/fxgl/17.2/fxgl-17.2.jar!/fxglassets/textures/particles/trace_horizontal.png
15:39:40.007 [FXGL Background Thread 1 ] DEBUG GameApplicationServi - Application scenes initialized
15:39:40.016 [FXGL Background Thread 1 ] DEBUG SystemBundleService  - Loading FXGL system data
15:39:40.019 [FXGL Background Thread 1 ] DEBUG FileSystemAccess     - Reading from: C:\Users\garre\git\CS4900G2Proj2\Dawnseeker\system\fxgl.bundle
15:39:40.025 [FXGL Background Thread 1 ] DEBUG SystemBundleService  - Bundle FXGL: {}
15:39:40.025 [FXGL Background Thread 1 ] DEBUG UpdaterService       - Checking for updates
15:39:40.028 [FXGL Background Thread 4 ] DEBUG FXGLApplication      - Loading fonts
15:39:40.028 [FXGL Background Thread 1 ] DEBUG FXGLApplication      - Loading default localization
15:39:40.028 [FXGL Background Thread 4 ] DEBUG FXGLAssetLoaderServi - Loading from file system: jar:file:/C:/Users/garre/.m2/repository/com/github/almasb/fxgl/17.2/fxgl-17.2.jar!/fxglassets/ui/fonts/VarelaRound-Regular.ttf
15:39:40.029 [FXGL Background Thread 1 ] DEBUG FXGLAssetLoaderServi - Loading from file system: jar:file:/C:/Users/garre/.m2/repository/com/github/almasb/fxgl/17.2/fxgl-17.2.jar!/fxglassets/languages/english.lang
15:39:40.065 [FXGL Background Thread 1 ] INFO  FXGLApplication      - FXGL initialization took: 0.355 sec
15:39:40.070 [JavaFX Application Thread] DEBUG Input                - Registered new binding: action0 - LMB
15:39:40.074 [JavaFX Application Thread] DEBUG Input                - Registered new binding: Up - W
15:39:40.075 [JavaFX Application Thread] DEBUG Input                - Registered new binding: Down - S
15:39:40.075 [JavaFX Application Thread] DEBUG Input                - Registered new binding: Right - D
15:39:40.075 [JavaFX Application Thread] DEBUG Input                - Registered new binding: Left - A
15:39:40.075 [JavaFX Application Thread] DEBUG FXGLAssetLoaderServi - Loading from file system: jar:file:/C:/Users/garre/.m2/repository/com/github/almasb/fxgl/17.2/fxgl-17.2.jar!/fxglassets/textures/fxgl_icon.png
15:39:40.093 [JavaFX Application Thread] DEBUG FXGLAssetLoaderServi - Loading from file system: jar:file:/C:/Users/garre/.m2/repository/com/github/almasb/fxgl/17.2/fxgl-17.2.jar!/fxglassets/textures/fxgl_default_cursor.png
15:39:40.098 [JavaFX Application Thread] DEBUG Input                - Registered new binding: Screenshot - CTRL+8
15:39:40.099 [JavaFX Application Thread] DEBUG Input                - Registered new binding: System info dump - CTRL+9
15:39:40.100 [JavaFX Application Thread] DEBUG Input                - Registered new binding: Restart - CTRL+R
15:39:40.101 [JavaFX Application Thread] DEBUG Input                - Registered new binding: Toggle Debug Camera - CTRL+7
15:39:40.106 [JavaFX Application Thread] DEBUG LoopRunner           - Starting loop
15:39:40.106 [JavaFX Application Thread] DEBUG LoopRunner           - Initializing JavaFX AnimationTimerLoop
15:39:40.108 [FXGL Background Thread 4 ] DEBUG FXGLAssetLoaderServi - Loading from file system: jar:file:/C:/Users/garre/.m2/repository/com/github/almasb/fxgl/17.2/fxgl-17.2.jar!/fxglassets/ui/fonts/Abel-Regular.ttf
15:39:40.111 [FXGL Background Thread 4 ] DEBUG FXGLAssetLoaderServi - Loading from file system: jar:file:/C:/Users/garre/.m2/repository/com/github/almasb/fxgl/17.2/fxgl-17.2.jar!/fxglassets/ui/fonts/TerminalLandMono-Regular.otf
15:39:40.112 [JavaFX Application Thread] DEBUG Input                - Clearing active input actions
15:39:40.114 [FXGL Background Thread 4 ] DEBUG FXGLAssetLoaderServi - Loading from file system: jar:file:/C:/Users/garre/.m2/repository/com/github/almasb/fxgl/17.2/fxgl-17.2.jar!/fxglassets/ui/fonts/Courier-Prime.ttf
15:39:40.117 [JavaFX Application Thread] DEBUG GameApplicationServi - Removing overlay from FXGLStartupScene and adding to FXGLMainMenuDummyScene
15:39:40.117 [JavaFX Application Thread] DEBUG PrimaryStageWindow   - FXGLStartupScene -> FXGLMainMenuDummyScene
15:39:40.117 [JavaFX Application Thread] DEBUG PrimaryStageWindow   - Push state: DawnseekerMenu
15:39:40.117 [JavaFX Application Thread] DEBUG Input                - Clearing active input actions
15:39:40.121 [JavaFX Application Thread] DEBUG GameApplicationServi - Removing overlay from FXGLMainMenuDummyScene and adding to DawnseekerMenu
15:39:40.122 [JavaFX Application Thread] DEBUG PrimaryStageWindow   - FXGLMainMenuDummyScene -> DawnseekerMenu
15:39:40.122 [JavaFX Application Thread] DEBUG FXGLApplication      - Registering font factories with UI factory
15:39:43.028 [FXGL Background Thread 3 ] DEBUG Engine               - Logging environment variables
15:39:43.029 [FXGL Background Thread 3 ] DEBUG Engine               - achievements: []
15:39:43.030 [FXGL Background Thread 3 ] DEBUG Engine               - actualHeight: 1024.0
15:39:43.030 [FXGL Background Thread 3 ] DEBUG Engine               - actualHeightProperty: ReadOnlyDoubleProperty [value: 1024.0]
15:39:43.030 [FXGL Background Thread 3 ] DEBUG Engine               - actualWidth: 1024.0
15:39:43.031 [FXGL Background Thread 3 ] DEBUG Engine               - actualWidthProperty: ReadOnlyDoubleProperty [value: 1024.0]
15:39:43.031 [FXGL Background Thread 3 ] DEBUG Engine               - appIcon: fxgl_icon.png
15:39:43.031 [FXGL Background Thread 3 ] DEBUG Engine               - applicationMode: DEVELOPER
15:39:43.031 [FXGL Background Thread 3 ] DEBUG Engine               - cSSList: [fxgl_dark.css]
15:39:43.032 [FXGL Background Thread 3 ] DEBUG Engine               - collisionDetectionStrategy: BRUTE_FORCE
15:39:43.032 [FXGL Background Thread 3 ] DEBUG Engine               - configClass: Optional.empty
15:39:43.032 [FXGL Background Thread 3 ] DEBUG Engine               - credits: []
15:39:43.033 [FXGL Background Thread 3 ] DEBUG Engine               - defaultCursor: CursorInfo(imageName=fxgl_default_cursor.png, hotspotX=7.0, hotspotY=6.0)
15:39:43.033 [FXGL Background Thread 3 ] DEBUG Engine               - devBBoxColorProperty: ObjectProperty [value: 0xff0000ff]
15:39:43.033 [FXGL Background Thread 3 ] DEBUG Engine               - devEnableDebugCameraProperty: BooleanProperty [value: false]
15:39:43.033 [FXGL Background Thread 3 ] DEBUG Engine               - devSensorColorProperty: ObjectProperty [value: 0xffff00ff]
15:39:43.033 [FXGL Background Thread 3 ] DEBUG Engine               - devShowBBoxProperty: BooleanProperty [value: false]
15:39:43.033 [FXGL Background Thread 3 ] DEBUG Engine               - devShowPositionProperty: BooleanProperty [value: false]
15:39:43.034 [FXGL Background Thread 3 ] DEBUG Engine               - enabledMenuItems: []
15:39:43.034 [FXGL Background Thread 3 ] DEBUG Engine               - engineServices: [class com.almasb.fxgl.app.services.FXGLAssetLoaderService, class com.almasb.fxgl.app.FXGLApplication$GameApplicationService, class com.almasb.fxgl.app.services.FXGLDialogService, class com.almasb.fxgl.app.services.IOTaskExecutorService, class com.almasb.fxgl.io.FileSystemService, class com.almasb.fxgl.localization.LocalizationService, class com.almasb.fxgl.app.services.SystemBundleService, class com.almasb.fxgl.profile.SaveLoadService, class com.almasb.fxgl.ui.FXGLUIFactoryServiceProvider, class com.almasb.fxgl.ui.FXGLDialogFactoryServiceProvider, class com.almasb.fxgl.audio.AudioPlayer, class com.almasb.fxgl.notification.impl.NotificationServiceProvider, class com.almasb.fxgl.achievement.AchievementService, class com.almasb.fxgl.cutscene.CutsceneService, class com.almasb.fxgl.minigames.MiniGameService, class com.almasb.fxgl.net.NetService, class com.almasb.fxgl.app.services.UpdaterService, class com.almasb.fxgl.dev.DevService]
15:39:43.034 [FXGL Background Thread 3 ] DEBUG Engine               - fontGame: Abel-Regular.ttf
15:39:43.034 [FXGL Background Thread 3 ] DEBUG Engine               - fontMono: TerminalLandMono-Regular.otf
15:39:43.034 [FXGL Background Thread 3 ] DEBUG Engine               - fontText: Courier-Prime.ttf
15:39:43.034 [FXGL Background Thread 3 ] DEBUG Engine               - fontUI: VarelaRound-Regular.ttf
15:39:43.034 [FXGL Background Thread 3 ] DEBUG Engine               - fullScreen: BooleanProperty [value: false]
15:39:43.034 [FXGL Background Thread 3 ] DEBUG Engine               - gameDifficulty: MEDIUM
15:39:43.034 [FXGL Background Thread 3 ] DEBUG Engine               - gameDifficultyProperty: ObjectProperty [value: MEDIUM]
15:39:43.034 [FXGL Background Thread 3 ] DEBUG Engine               - globalMusicVolume: 0.5
15:39:43.034 [FXGL Background Thread 3 ] DEBUG Engine               - globalMusicVolumeProperty: DoubleProperty [value: 0.5]
15:39:43.034 [FXGL Background Thread 3 ] DEBUG Engine               - globalSoundVolume: 0.5
15:39:43.034 [FXGL Background Thread 3 ] DEBUG Engine               - globalSoundVolumeProperty: DoubleProperty [value: 0.5]
15:39:43.034 [FXGL Background Thread 3 ] DEBUG Engine               - height: 1024
15:39:43.034 [FXGL Background Thread 3 ] DEBUG Engine               - is3D: false
15:39:43.034 [FXGL Background Thread 3 ] DEBUG Engine               - isAndroid: false
15:39:43.034 [FXGL Background Thread 3 ] DEBUG Engine               - isBrowser: false
15:39:43.034 [FXGL Background Thread 3 ] DEBUG Engine               - isClickFeedbackEnabled: false
15:39:43.034 [FXGL Background Thread 3 ] DEBUG Engine               - isCloseConfirmation: false
15:39:43.034 [FXGL Background Thread 3 ] DEBUG Engine               - isDesktop: true
15:39:43.034 [FXGL Background Thread 3 ] DEBUG Engine               - isDeveloperMenuEnabled: false
15:39:43.034 [FXGL Background Thread 3 ] DEBUG Engine               - isEmbedded: false
15:39:43.034 [FXGL Background Thread 3 ] DEBUG Engine               - isEntityPreloadEnabled: true
15:39:43.034 [FXGL Background Thread 3 ] DEBUG Engine               - isExperimentalTiledLargeMap: false
15:39:43.034 [FXGL Background Thread 3 ] DEBUG Engine               - isFileSystemWriteAllowed: true
15:39:43.035 [FXGL Background Thread 3 ] DEBUG Engine               - isFullScreenAllowed: false
15:39:43.035 [FXGL Background Thread 3 ] DEBUG Engine               - isFullScreenFromStart: false
15:39:43.035 [FXGL Background Thread 3 ] DEBUG Engine               - isGameMenuEnabled: true
15:39:43.035 [FXGL Background Thread 3 ] DEBUG Engine               - isIOS: false
15:39:43.035 [FXGL Background Thread 3 ] DEBUG Engine               - isIntroEnabled: false
15:39:43.035 [FXGL Background Thread 3 ] DEBUG Engine               - isLinux: false
15:39:43.035 [FXGL Background Thread 3 ] DEBUG Engine               - isMac: false
15:39:43.035 [FXGL Background Thread 3 ] DEBUG Engine               - isMainMenuEnabled: true
15:39:43.035 [FXGL Background Thread 3 ] DEBUG Engine               - isManualResizeEnabled: false
15:39:43.035 [FXGL Background Thread 3 ] DEBUG Engine               - isMobile: false
15:39:43.035 [FXGL Background Thread 3 ] DEBUG Engine               - isNative: false
15:39:43.035 [FXGL Background Thread 3 ] DEBUG Engine               - isPauseMusicWhenMinimized: true
15:39:43.035 [FXGL Background Thread 3 ] DEBUG Engine               - isPreserveResizeRatio: false
15:39:43.035 [FXGL Background Thread 3 ] DEBUG Engine               - isProfilingEnabled: false
15:39:43.035 [FXGL Background Thread 3 ] DEBUG Engine               - isScaleAffectedOnResize: true
15:39:43.035 [FXGL Background Thread 3 ] DEBUG Engine               - isSingleStep: false
15:39:43.035 [FXGL Background Thread 3 ] DEBUG Engine               - isUserProfileEnabled: false
15:39:43.035 [FXGL Background Thread 3 ] DEBUG Engine               - isWindows: true
15:39:43.035 [FXGL Background Thread 3 ] DEBUG Engine               - language: ObjectProperty [value: ENGLISH]
15:39:43.035 [FXGL Background Thread 3 ] DEBUG Engine               - menuKey: ESCAPE
15:39:43.035 [FXGL Background Thread 3 ] DEBUG Engine               - mouseSensitivity: 0.2
15:39:43.035 [FXGL Background Thread 3 ] DEBUG Engine               - notificationViewClass: class com.almasb.fxgl.notification.view.XboxNotificationView
15:39:43.035 [FXGL Background Thread 3 ] DEBUG Engine               - pixelsPerMeter: 50.0
15:39:43.035 [FXGL Background Thread 3 ] DEBUG Engine               - platform: WINDOWS
15:39:43.035 [FXGL Background Thread 3 ] DEBUG Engine               - prefHeightProperty: ReadOnlyDoubleProperty [value: 1024.0]
15:39:43.035 [FXGL Background Thread 3 ] DEBUG Engine               - prefWidthProperty: ReadOnlyDoubleProperty [value: 1024.0]
15:39:43.035 [FXGL Background Thread 3 ] DEBUG Engine               - profileDir: profiles/
15:39:43.036 [FXGL Background Thread 3 ] DEBUG Engine               - profileName: StringProperty [value: DEFAULT]
15:39:43.036 [FXGL Background Thread 3 ] DEBUG Engine               - randomSeed: -1
15:39:43.037 [FXGL Background Thread 3 ] DEBUG Engine               - runtimeInfo: RuntimeInfo(platform=WINDOWS, version=17.2, build=20.08.2022 16.50)
15:39:43.037 [FXGL Background Thread 3 ] DEBUG Engine               - saveFileExt: sav
15:39:43.037 [FXGL Background Thread 3 ] DEBUG Engine               - scaledHeightProp$fxgl: DoubleProperty [bound, value: 1024.0]
15:39:43.037 [FXGL Background Thread 3 ] DEBUG Engine               - scaledWidthProp$fxgl: DoubleProperty [bound, value: 1024.0]
15:39:43.037 [FXGL Background Thread 3 ] DEBUG Engine               - sceneFactory: myGame.DawnseekerApp$1@4e58c569
15:39:43.037 [FXGL Background Thread 3 ] DEBUG Engine               - secondsIn24h: 60
15:39:43.037 [FXGL Background Thread 3 ] DEBUG Engine               - soundMenuBack: menu/back.wav
15:39:43.037 [FXGL Background Thread 3 ] DEBUG Engine               - soundMenuPress: menu/press.wav
15:39:43.037 [FXGL Background Thread 3 ] DEBUG Engine               - soundMenuSelect: menu/select.wav
15:39:43.037 [FXGL Background Thread 3 ] DEBUG Engine               - soundNotification: core/notification.wav
15:39:43.037 [FXGL Background Thread 3 ] DEBUG Engine               - stageStyle: DECORATED
15:39:43.037 [FXGL Background Thread 3 ] DEBUG Engine               - supportedLanguages: [ENGLISH, FRENCH, GERMAN, HUNGARIAN, RUSSIAN]
15:39:43.037 [FXGL Background Thread 3 ] DEBUG Engine               - ticksPerSecond: -1
15:39:43.037 [FXGL Background Thread 3 ] DEBUG Engine               - title: Dawnseeker
15:39:43.037 [FXGL Background Thread 3 ] DEBUG Engine               - urlGithub: https://github.com/AlmasB/FXGL
15:39:43.037 [FXGL Background Thread 3 ] DEBUG Engine               - urlLeaderboard: http://fxgl-top.herokuapp.com/
15:39:43.037 [FXGL Background Thread 3 ] DEBUG Engine               - urlPOM: https://raw.githubusercontent.com/AlmasB/FXGL/release/README.md
15:39:43.037 [FXGL Background Thread 3 ] DEBUG Engine               - userAppClass: class myGame.DawnseekerApp
15:39:43.037 [FXGL Background Thread 3 ] DEBUG Engine               - version: 0.2
15:39:43.038 [FXGL Background Thread 3 ] DEBUG Engine               - versionCheckDays: 7
15:39:43.038 [FXGL Background Thread 3 ] DEBUG Engine               - width: 1024
15:39:43.038 [FXGL Background Thread 3 ] DEBUG Engine               - Logging services
15:39:43.038 [FXGL Background Thread 3 ] DEBUG Engine               - class com.almasb.fxgl.app.services.FXGLAssetLoaderService
15:39:43.038 [FXGL Background Thread 3 ] DEBUG Engine               - class com.almasb.fxgl.app.FXGLApplication$GameApplicationService
15:39:43.038 [FXGL Background Thread 3 ] DEBUG Engine               - class com.almasb.fxgl.app.services.FXGLDialogService
15:39:43.038 [FXGL Background Thread 3 ] DEBUG Engine               - class com.almasb.fxgl.app.services.IOTaskExecutorService
15:39:43.038 [FXGL Background Thread 3 ] DEBUG Engine               - class com.almasb.fxgl.io.FileSystemService
15:39:43.038 [FXGL Background Thread 3 ] DEBUG Engine               - class com.almasb.fxgl.localization.LocalizationService
15:39:43.038 [FXGL Background Thread 3 ] DEBUG Engine               - class com.almasb.fxgl.app.services.SystemBundleService
15:39:43.038 [FXGL Background Thread 3 ] DEBUG Engine               - class com.almasb.fxgl.profile.SaveLoadService
15:39:43.038 [FXGL Background Thread 3 ] DEBUG Engine               - class com.almasb.fxgl.ui.FXGLUIFactoryServiceProvider
15:39:43.038 [FXGL Background Thread 3 ] DEBUG Engine               - class com.almasb.fxgl.ui.FXGLDialogFactoryServiceProvider
15:39:43.038 [FXGL Background Thread 3 ] DEBUG Engine               - class com.almasb.fxgl.audio.AudioPlayer
15:39:43.038 [FXGL Background Thread 3 ] DEBUG Engine               - class com.almasb.fxgl.notification.impl.NotificationServiceProvider
15:39:43.038 [FXGL Background Thread 3 ] DEBUG Engine               - class com.almasb.fxgl.achievement.AchievementService
15:39:43.038 [FXGL Background Thread 3 ] DEBUG Engine               - class com.almasb.fxgl.cutscene.CutsceneService
15:39:43.038 [FXGL Background Thread 3 ] DEBUG Engine               - class com.almasb.fxgl.minigames.MiniGameService
15:39:43.038 [FXGL Background Thread 3 ] DEBUG Engine               - class com.almasb.fxgl.net.NetService
15:39:43.038 [FXGL Background Thread 3 ] DEBUG Engine               - class com.almasb.fxgl.app.services.UpdaterService
15:39:43.038 [FXGL Background Thread 3 ] DEBUG Engine               - class com.almasb.fxgl.dev.DevService
15:39:44.636 [JavaFX Application Thread] DEBUG Menu                 - fireNewGame()
15:39:44.637 [JavaFX Application Thread] DEBUG GameApplicationServi - Starting new game
15:39:44.637 [JavaFX Application Thread] DEBUG PrimaryStageWindow   - Pop state: DawnseekerMenu
15:39:44.637 [JavaFX Application Thread] DEBUG Input                - Clearing active input actions
15:39:44.637 [JavaFX Application Thread] DEBUG GameApplicationServi - Removing overlay from DawnseekerMenu and adding to FXGLMainMenuDummyScene
15:39:44.637 [JavaFX Application Thread] DEBUG PrimaryStageWindow   - FXGLMainMenuDummyScene <- DawnseekerMenu
15:39:44.638 [JavaFX Application Thread] DEBUG Input                - Clearing active input actions
15:39:44.643 [JavaFX Application Thread] DEBUG GameApplicationServi - Removing overlay from FXGLMainMenuDummyScene and adding to FXGLLoadingScene
15:39:44.643 [JavaFX Application Thread] DEBUG PrimaryStageWindow   - FXGLMainMenuDummyScene -> FXGLLoadingScene
15:39:44.643 [JavaFX Application Thread] DEBUG GameApplicationServi - Clearing previous game
15:39:44.643 [JavaFX Application Thread] DEBUG GameScene            - Clearing game scene
15:39:44.643 [JavaFX Application Thread] DEBUG GameWorld            - Clearing game world
15:39:44.643 [JavaFX Application Thread] DEBUG PhysicsWorld         - Clearing physics world
15:39:44.645 [FXGL Background Thread 2 ] DEBUG FXGLApplication      - Initializing game
15:39:44.649 [FXGL Background Thread 2 ] DEBUG FXGLAssetLoaderServi - Loading from file system: file:/C:/Users/garre/git/CS4900G2Proj2/Dawnseeker/target/classes/assets/music/heartache.mp3
15:39:44.775 [FXGL Background Thread 2 ] DEBUG AudioPlayer          - Playing music com.almasb.fxgl.audio.Music@53c6ee30
15:39:44.788 [FXGL Background Thread 2 ] DEBUG FXGLAssetLoaderServi - Loading from file system: file:/C:/Users/garre/git/CS4900G2Proj2/Dawnseeker/target/classes/assets/textures/DawnseekerPCV2.png
15:39:44.792 [FXGL Background Thread 2 ] DEBUG FXGLAssetLoaderServi - Loading from file system: file:/C:/Users/garre/git/CS4900G2Proj2/Dawnseeker/target/classes/assets/textures/DawnseekerPCV2Down.png
15:39:44.794 [FXGL Background Thread 2 ] DEBUG FXGLAssetLoaderServi - Loading from file system: file:/C:/Users/garre/git/CS4900G2Proj2/Dawnseeker/target/classes/assets/textures/DawnseekerPCV2Up.png
15:39:44.795 [FXGL Background Thread 2 ] DEBUG FXGLAssetLoaderServi - Loading from file system: file:/C:/Users/garre/git/CS4900G2Proj2/Dawnseeker/target/classes/assets/textures/DawnseekerPCV2Right.png
15:39:44.796 [FXGL Background Thread 2 ] DEBUG FXGLAssetLoaderServi - Loading from file system: file:/C:/Users/garre/git/CS4900G2Proj2/Dawnseeker/target/classes/assets/textures/DawnseekerPCV2Left.png
15:39:44.807 [FXGL Background Thread 2 ] WARN  GameWorld            - Entity is already attached to world
15:39:44.808 [FXGL Background Thread 2 ] WARN  Entity               - Entity already has component: com.almasb.fxgl.entity.components.CollidableComponent
15:39:44.808 [FXGL Background Thread 2 ] WARN  GameWorld            - Entity is already attached to world
15:39:44.808 [FXGL Background Thread 2 ] WARN  Entity               - Entity already has component: com.almasb.fxgl.entity.components.CollidableComponent
15:39:44.808 [FXGL Background Thread 2 ] WARN  GameWorld            - Entity is already attached to world
15:39:44.809 [FXGL Background Thread 2 ] WARN  Entity               - Entity already has component: com.almasb.fxgl.entity.components.CollidableComponent
15:39:44.809 [FXGL Background Thread 2 ] WARN  GameWorld            - Entity is already attached to world
15:39:44.809 [FXGL Background Thread 2 ] WARN  Entity               - Entity already has component: com.almasb.fxgl.entity.components.CollidableComponent
15:39:44.809 [FXGL Background Thread 2 ] WARN  GameWorld            - Entity is already attached to world
15:39:44.810 [FXGL Background Thread 2 ] WARN  GameWorld            - Entity is already attached to world
15:39:44.826 [FXGL Background Thread 2 ] INFO  FXGLApplication      - Game initialization took: 0.181 sec
15:39:45.366 [JavaFX Application Thread] DEBUG Input                - Clearing active input actions
15:39:45.374 [JavaFX Application Thread] DEBUG GameApplicationServi - Removing overlay from FXGLLoadingScene and adding to GameScene
15:39:45.375 [JavaFX Application Thread] DEBUG PrimaryStageWindow   - FXGLLoadingScene -> GameScene
15:39:45.790 [JavaFX Application Thread] DEBUG FXGLAssetLoaderServi - Loading from file system: file:/C:/Users/garre/git/CS4900G2Proj2/Dawnseeker/target/classes/assets/textures/EnemyDawnseeker.png
15:39:45.794 [JavaFX Application Thread] DEBUG FXGLAssetLoaderServi - Loading from file system: file:/C:/Users/garre/git/CS4900G2Proj2/Dawnseeker/target/classes/assets/sounds/player_oof.wav
15:40:00.167 [JavaFX Application Thread] DEBUG FXGLApplication      - Exiting FXGL
15:40:00.167 [JavaFX Application Thread] DEBUG LoopRunner           - Stopping loop
15:40:00.167 [JavaFX Application Thread] DEBUG SystemBundleService  - Saving FXGL system data
15:40:00.168 [JavaFX Application Thread] DEBUG FileSystemAccess     - Writing to: C:\Users\garre\git\CS4900G2Proj2\Dawnseeker\system\fxgl.bundle
15:40:00.171 [JavaFX Application Thread] DEBUG Async                - Shutting down background threads
15:40:00.171 [JavaFX Application Thread] DEBUG PrimaryStageWindow   - Closing main window
15:40:00.179 [JavaFX Application Thread] DEBUG Logger               - Closing Logger
