18:29:24.297 [main                     ] DEBUG Logger               - Configured Logger
18:29:24.325 [main                     ] DEBUG GameApplication      - Logging settings
Title: Dawnseeker
Version: 0.2
Width: 1024
Height: 1024
Fullscreen: false
Intro: false
Profiling: false
Single step:false
App Mode: DEVELOPER
Menu Key: ESCAPE
Stage Style: DECORATED
Scene Factory: class com.almasb.fxgl.app.scene.SceneFactory

18:29:24.834 [JavaFX Application Thread] DEBUG FXGLApplication      - Initializing FXGL
18:29:24.838 [JavaFX Application Thread] INFO  Engine               - FXGL-17.2 (20.08.2022 16.50) on WINDOWS (J:19.0.2 FX:18)
18:29:24.838 [JavaFX Application Thread] DEBUG Engine               - JRE Vendor Name: Eclipse Adoptium
18:29:24.838 [JavaFX Application Thread] DEBUG Engine               - Running on OS: Windows 10 version 10.0
18:29:24.838 [JavaFX Application Thread] DEBUG Engine               - Architecture: amd64
18:29:24.839 [JavaFX Application Thread] INFO  Engine               - Source code and latest versions at: https://github.com/AlmasB/FXGL
18:29:24.839 [JavaFX Application Thread] INFO  Engine               -       Ask questions and discuss at: https://github.com/AlmasB/FXGL/discussions
18:29:24.839 [JavaFX Application Thread] INFO  Engine               -              Join the FXGL chat at: https://gitter.im/AlmasB/FXGL
18:29:24.954 [JavaFX Application Thread] DEBUG PrimaryStageWindow   - Creating a JavaFX scene
18:29:24.954 [JavaFX Application Thread] DEBUG PrimaryStageWindow   - Target size > screen size
18:29:25.000 [JavaFX Application Thread] DEBUG PrimaryStageWindow   - Target settings size: 1024.0 x 1024.0
18:29:25.000 [JavaFX Application Thread] DEBUG PrimaryStageWindow   - Scaled scene size:    839.0 x 864.0
18:29:25.001 [JavaFX Application Thread] DEBUG PrimaryStageWindow   - Scaled ratio: (0.8193359375, 0.84375)
18:29:25.002 [JavaFX Application Thread] DEBUG PrimaryStageWindow   - Set initial scene to FXGLStartupScene
18:29:25.011 [JavaFX Application Thread] DEBUG PrimaryStageWindow   - Opening main window
18:29:25.150 [JavaFX Application Thread] DEBUG PrimaryStageWindow   - Window border size: (14.5999755859375, 37.5999755859375)
18:29:25.150 [JavaFX Application Thread] DEBUG PrimaryStageWindow   - Scaled size: 839.0 x 864.0
18:29:25.150 [JavaFX Application Thread] DEBUG PrimaryStageWindow   - Scaled ratio: (0.8193359375, 0.84375)
18:29:25.151 [JavaFX Application Thread] DEBUG PrimaryStageWindow   - Scene size: 839.0 x 864.0
18:29:25.151 [JavaFX Application Thread] DEBUG PrimaryStageWindow   - Stage size: 853.5999755859375 x 901.5999755859375
18:29:25.162 [FXGL Background Thread 1 ] DEBUG Engine               - Initializing environment variables
18:29:25.260 [FXGL Background Thread 1 ] DEBUG FXGLAssetLoaderServi - User app class for loading assets: class myGame.DawnseekerApp
18:29:25.260 [FXGL Background Thread 1 ] DEBUG GameApplicationServi - Applying CSS: fxgl_dark.css
18:29:25.261 [FXGL Background Thread 1 ] DEBUG FXGLAssetLoaderServi - Loading from file system: jar:file:/C:/Users/Eartm/.m2/repository/com/github/almasb/fxgl/17.2/fxgl-17.2.jar!/fxglassets/ui/css/fxgl_dark.css
18:29:25.351 [FXGL Background Thread 1 ] DEBUG GameApplicationServi - Initializing application scenes
18:29:25.415 [FXGL Background Thread 1 ] DEBUG GameWorld            - Game world initialized
18:29:25.478 [FXGL Background Thread 1 ] DEBUG PhysicsWorld         - Physics world initialized: appHeight=1024, physics.ppm=50.0
18:29:25.478 [FXGL Background Thread 1 ] DEBUG PhysicsWorld         - Using strategy: BRUTE_FORCE
18:29:25.482 [FXGL Background Thread 1 ] DEBUG GameScene            - Game scene initialized: 1024x1024
18:29:25.497 [FXGL Background Thread 1 ] DEBUG FXGL.DefaultMenu     - createMenuBodyMainMenu()
18:29:25.519 [FXGL Background Thread 1 ] DEBUG FXGL.DefaultMenu     - createOptionsMenu()
18:29:25.536 [FXGL Background Thread 1 ] DEBUG FXGLAssetLoaderServi - Loading from file system: jar:file:/C:/Users/Eartm/.m2/repository/com/github/almasb/fxgl/17.2/fxgl-17.2.jar!/fxglassets/textures/particles/smoke.png
18:29:25.683 [FXGL Background Thread 1 ] DEBUG FXGLAssetLoaderServi - Loading from file system: jar:file:/C:/Users/Eartm/.m2/repository/com/github/almasb/fxgl/17.2/fxgl-17.2.jar!/fxglassets/textures/particles/trace_horizontal.png
18:29:25.720 [FXGL Background Thread 1 ] DEBUG FXGL.DefaultMenu     - createMenuBodyGameMenu()
18:29:25.721 [FXGL Background Thread 1 ] DEBUG FXGL.DefaultMenu     - createOptionsMenu()
18:29:25.743 [FXGL Background Thread 1 ] DEBUG GameApplicationServi - Application scenes initialized
18:29:25.760 [FXGL Background Thread 1 ] DEBUG SystemBundleService  - Loading FXGL system data
18:29:25.767 [FXGL Background Thread 1 ] DEBUG FileSystemAccess     - Reading from: C:\Users\Eartm\git\CS4900G2Proj2\Dawnseeker\system\fxgl.bundle
18:29:25.781 [FXGL Background Thread 1 ] DEBUG SystemBundleService  - Bundle FXGL: {}
18:29:25.781 [FXGL Background Thread 1 ] DEBUG UpdaterService       - Checking for updates
18:29:25.790 [FXGL Background Thread 4 ] DEBUG FXGLApplication      - Loading fonts
18:29:25.791 [FXGL Background Thread 1 ] DEBUG FXGLApplication      - Loading default localization
18:29:25.791 [FXGL Background Thread 4 ] DEBUG FXGLAssetLoaderServi - Loading from file system: jar:file:/C:/Users/Eartm/.m2/repository/com/github/almasb/fxgl/17.2/fxgl-17.2.jar!/fxglassets/ui/fonts/VarelaRound-Regular.ttf
18:29:25.792 [FXGL Background Thread 1 ] DEBUG FXGLAssetLoaderServi - Loading from file system: jar:file:/C:/Users/Eartm/.m2/repository/com/github/almasb/fxgl/17.2/fxgl-17.2.jar!/fxglassets/languages/english.lang
18:29:25.844 [FXGL Background Thread 1 ] INFO  FXGLApplication      - FXGL initialization took: 0.681 sec
18:29:25.851 [JavaFX Application Thread] DEBUG Input                - Registered new binding: action0 - LMB
18:29:25.860 [JavaFX Application Thread] DEBUG Input                - Registered new binding: Up - W
18:29:25.860 [JavaFX Application Thread] DEBUG Input                - Registered new binding: Down - S
18:29:25.860 [JavaFX Application Thread] DEBUG Input                - Registered new binding: Right - D
18:29:25.860 [JavaFX Application Thread] DEBUG Input                - Registered new binding: Left - A
18:29:25.861 [JavaFX Application Thread] DEBUG FXGLAssetLoaderServi - Loading from file system: jar:file:/C:/Users/Eartm/.m2/repository/com/github/almasb/fxgl/17.2/fxgl-17.2.jar!/fxglassets/textures/fxgl_icon.png
18:29:25.885 [JavaFX Application Thread] DEBUG FXGLAssetLoaderServi - Loading from file system: jar:file:/C:/Users/Eartm/.m2/repository/com/github/almasb/fxgl/17.2/fxgl-17.2.jar!/fxglassets/textures/fxgl_default_cursor.png
18:29:25.888 [JavaFX Application Thread] DEBUG Input                - Registered new binding: Screenshot - CTRL+8
18:29:25.889 [JavaFX Application Thread] DEBUG Input                - Registered new binding: System info dump - CTRL+9
18:29:25.890 [JavaFX Application Thread] DEBUG Input                - Registered new binding: Restart - CTRL+R
18:29:25.891 [JavaFX Application Thread] DEBUG Input                - Registered new binding: Toggle Debug Camera - CTRL+7
18:29:25.894 [JavaFX Application Thread] DEBUG LoopRunner           - Starting loop
18:29:25.894 [JavaFX Application Thread] DEBUG LoopRunner           - Initializing JavaFX AnimationTimerLoop
18:29:25.897 [JavaFX Application Thread] DEBUG Input                - Clearing active input actions
18:29:25.900 [FXGL Background Thread 4 ] DEBUG FXGLAssetLoaderServi - Loading from file system: jar:file:/C:/Users/Eartm/.m2/repository/com/github/almasb/fxgl/17.2/fxgl-17.2.jar!/fxglassets/ui/fonts/Abel-Regular.ttf
18:29:25.906 [JavaFX Application Thread] DEBUG GameApplicationServi - Removing overlay from FXGLStartupScene and adding to FXGLMainMenuDummyScene
18:29:25.907 [JavaFX Application Thread] DEBUG PrimaryStageWindow   - FXGLStartupScene -> FXGLMainMenuDummyScene
18:29:25.907 [JavaFX Application Thread] DEBUG PrimaryStageWindow   - Push state: FXGLDefaultMenu
18:29:25.914 [JavaFX Application Thread] DEBUG Input                - Clearing active input actions
18:29:25.915 [FXGL Background Thread 4 ] DEBUG FXGLAssetLoaderServi - Loading from file system: jar:file:/C:/Users/Eartm/.m2/repository/com/github/almasb/fxgl/17.2/fxgl-17.2.jar!/fxglassets/ui/fonts/TerminalLandMono-Regular.otf
18:29:25.927 [JavaFX Application Thread] DEBUG GameApplicationServi - Removing overlay from FXGLMainMenuDummyScene and adding to FXGLDefaultMenu
18:29:25.928 [JavaFX Application Thread] DEBUG PrimaryStageWindow   - FXGLMainMenuDummyScene -> FXGLDefaultMenu
18:29:25.929 [FXGL Background Thread 4 ] DEBUG FXGLAssetLoaderServi - Loading from file system: jar:file:/C:/Users/Eartm/.m2/repository/com/github/almasb/fxgl/17.2/fxgl-17.2.jar!/fxglassets/ui/fonts/Courier-Prime.ttf
18:29:26.015 [JavaFX Application Thread] DEBUG FXGLApplication      - Registering font factories with UI factory
18:29:26.860 [JavaFX Application Thread] DEBUG Menu                 - fireNewGame()
18:29:26.860 [JavaFX Application Thread] DEBUG GameApplicationServi - Starting new game
18:29:26.864 [JavaFX Application Thread] DEBUG PrimaryStageWindow   - Pop state: FXGLDefaultMenu
18:29:26.864 [JavaFX Application Thread] DEBUG Input                - Clearing active input actions
18:29:26.865 [JavaFX Application Thread] DEBUG GameApplicationServi - Removing overlay from FXGLDefaultMenu and adding to FXGLMainMenuDummyScene
18:29:26.865 [JavaFX Application Thread] DEBUG PrimaryStageWindow   - FXGLMainMenuDummyScene <- FXGLDefaultMenu
18:29:26.866 [JavaFX Application Thread] DEBUG Input                - Clearing active input actions
18:29:26.885 [JavaFX Application Thread] DEBUG GameApplicationServi - Removing overlay from FXGLMainMenuDummyScene and adding to FXGLLoadingScene
18:29:26.885 [JavaFX Application Thread] DEBUG PrimaryStageWindow   - FXGLMainMenuDummyScene -> FXGLLoadingScene
18:29:26.885 [JavaFX Application Thread] DEBUG GameApplicationServi - Clearing previous game
18:29:26.885 [JavaFX Application Thread] DEBUG GameScene            - Clearing game scene
18:29:26.885 [JavaFX Application Thread] DEBUG GameWorld            - Clearing game world
18:29:26.885 [JavaFX Application Thread] DEBUG PhysicsWorld         - Clearing physics world
18:29:26.888 [FXGL Background Thread 2 ] DEBUG FXGLApplication      - Initializing game
18:29:26.895 [FXGL Background Thread 2 ] DEBUG FXGLAssetLoaderServi - Loading from file system: file:/C:/Users/Eartm/git/CS4900G2Proj2/Dawnseeker/target/classes/assets/music/heartache.mp3
18:29:27.100 [FXGL Background Thread 2 ] DEBUG AudioPlayer          - Playing music com.almasb.fxgl.audio.Music@32691c68
18:29:27.112 [FXGL Background Thread 2 ] DEBUG FXGLAssetLoaderServi - Loading from file system: file:/C:/Users/Eartm/git/CS4900G2Proj2/Dawnseeker/target/classes/assets/textures/DawnseekerPCV2.png
18:29:27.125 [FXGL Background Thread 2 ] DEBUG FXGLAssetLoaderServi - Loading from file system: file:/C:/Users/Eartm/git/CS4900G2Proj2/Dawnseeker/target/classes/assets/textures/DawnseekerPCV2Down.png
18:29:27.127 [FXGL Background Thread 2 ] DEBUG FXGLAssetLoaderServi - Loading from file system: file:/C:/Users/Eartm/git/CS4900G2Proj2/Dawnseeker/target/classes/assets/textures/DawnseekerPCV2Up.png
18:29:27.129 [FXGL Background Thread 2 ] DEBUG FXGLAssetLoaderServi - Loading from file system: file:/C:/Users/Eartm/git/CS4900G2Proj2/Dawnseeker/target/classes/assets/textures/DawnseekerPCV2Right.png
18:29:27.131 [FXGL Background Thread 2 ] DEBUG FXGLAssetLoaderServi - Loading from file system: file:/C:/Users/Eartm/git/CS4900G2Proj2/Dawnseeker/target/classes/assets/textures/DawnseekerPCV2Left.png
18:29:27.152 [FXGL Background Thread 2 ] WARN  GameWorld            - Entity is already attached to world
18:29:27.155 [FXGL Background Thread 2 ] WARN  Entity               - Entity already has component: com.almasb.fxgl.entity.components.CollidableComponent
18:29:27.156 [FXGL Background Thread 2 ] WARN  GameWorld            - Entity is already attached to world
18:29:27.157 [FXGL Background Thread 2 ] WARN  Entity               - Entity already has component: com.almasb.fxgl.entity.components.CollidableComponent
18:29:27.157 [FXGL Background Thread 2 ] WARN  GameWorld            - Entity is already attached to world
18:29:27.158 [FXGL Background Thread 2 ] WARN  Entity               - Entity already has component: com.almasb.fxgl.entity.components.CollidableComponent
18:29:27.158 [FXGL Background Thread 2 ] WARN  GameWorld            - Entity is already attached to world
18:29:27.159 [FXGL Background Thread 2 ] WARN  Entity               - Entity already has component: com.almasb.fxgl.entity.components.CollidableComponent
18:29:27.159 [FXGL Background Thread 2 ] WARN  GameWorld            - Entity is already attached to world
18:29:27.180 [FXGL Background Thread 2 ] INFO  FXGLApplication      - Game initialization took: 0.292 sec
18:29:27.181 [JavaFX Application Thread] DEBUG Input                - Clearing active input actions
18:29:27.187 [JavaFX Application Thread] DEBUG GameApplicationServi - Removing overlay from FXGLLoadingScene and adding to GameScene
18:29:27.188 [JavaFX Application Thread] DEBUG PrimaryStageWindow   - FXGLLoadingScene -> GameScene
18:29:27.519 [JavaFX Application Thread] DEBUG FXGLAssetLoaderServi - Loading from file system: file:/C:/Users/Eartm/git/CS4900G2Proj2/Dawnseeker/target/classes/assets/sounds/magic_missile.wav
18:29:27.534 [JavaFX Application Thread] DEBUG FXGLAssetLoaderServi - Loading from file system: file:/C:/Users/Eartm/git/CS4900G2Proj2/Dawnseeker/target/classes/assets/textures/FireBallProjectile.png
18:29:27.730 [JavaFX Application Thread] DEBUG FXGLAssetLoaderServi - Loading from file system: file:/C:/Users/Eartm/git/CS4900G2Proj2/Dawnseeker/target/classes/assets/textures/EnemyDawnseeker.png
18:29:28.787 [FXGL Background Thread 3 ] DEBUG Engine               - Logging environment variables
18:29:28.789 [FXGL Background Thread 3 ] DEBUG Engine               - achievements: []
18:29:28.789 [FXGL Background Thread 3 ] DEBUG Engine               - actualHeight: 864.0
18:29:28.790 [FXGL Background Thread 3 ] DEBUG Engine               - actualHeightProperty: ReadOnlyDoubleProperty [value: 864.0]
18:29:28.790 [FXGL Background Thread 3 ] DEBUG Engine               - actualWidth: 839.0
18:29:28.790 [FXGL Background Thread 3 ] DEBUG Engine               - actualWidthProperty: ReadOnlyDoubleProperty [value: 839.0]
18:29:28.791 [FXGL Background Thread 3 ] DEBUG Engine               - appIcon: fxgl_icon.png
18:29:28.791 [FXGL Background Thread 3 ] DEBUG Engine               - applicationMode: DEVELOPER
18:29:28.791 [FXGL Background Thread 3 ] DEBUG Engine               - cSSList: [fxgl_dark.css]
18:29:28.791 [FXGL Background Thread 3 ] DEBUG Engine               - collisionDetectionStrategy: BRUTE_FORCE
18:29:28.791 [FXGL Background Thread 3 ] DEBUG Engine               - configClass: Optional.empty
18:29:28.791 [FXGL Background Thread 3 ] DEBUG Engine               - credits: []
18:29:28.792 [FXGL Background Thread 3 ] DEBUG Engine               - defaultCursor: CursorInfo(imageName=fxgl_default_cursor.png, hotspotX=7.0, hotspotY=6.0)
18:29:28.792 [FXGL Background Thread 3 ] DEBUG Engine               - devBBoxColorProperty: ObjectProperty [value: 0xff0000ff]
18:29:28.792 [FXGL Background Thread 3 ] DEBUG Engine               - devEnableDebugCameraProperty: BooleanProperty [value: false]
18:29:28.792 [FXGL Background Thread 3 ] DEBUG Engine               - devSensorColorProperty: ObjectProperty [value: 0xffff00ff]
18:29:28.793 [FXGL Background Thread 3 ] DEBUG Engine               - devShowBBoxProperty: BooleanProperty [value: false]
18:29:28.793 [FXGL Background Thread 3 ] DEBUG Engine               - devShowPositionProperty: BooleanProperty [value: false]
18:29:28.793 [FXGL Background Thread 3 ] DEBUG Engine               - enabledMenuItems: []
18:29:28.794 [FXGL Background Thread 3 ] DEBUG Engine               - engineServices: [class com.almasb.fxgl.app.services.FXGLAssetLoaderService, class com.almasb.fxgl.app.FXGLApplication$GameApplicationService, class com.almasb.fxgl.app.services.FXGLDialogService, class com.almasb.fxgl.app.services.IOTaskExecutorService, class com.almasb.fxgl.io.FileSystemService, class com.almasb.fxgl.localization.LocalizationService, class com.almasb.fxgl.app.services.SystemBundleService, class com.almasb.fxgl.profile.SaveLoadService, class com.almasb.fxgl.ui.FXGLUIFactoryServiceProvider, class com.almasb.fxgl.ui.FXGLDialogFactoryServiceProvider, class com.almasb.fxgl.audio.AudioPlayer, class com.almasb.fxgl.notification.impl.NotificationServiceProvider, class com.almasb.fxgl.achievement.AchievementService, class com.almasb.fxgl.cutscene.CutsceneService, class com.almasb.fxgl.minigames.MiniGameService, class com.almasb.fxgl.net.NetService, class com.almasb.fxgl.app.services.UpdaterService, class com.almasb.fxgl.dev.DevService]
18:29:28.794 [FXGL Background Thread 3 ] DEBUG Engine               - fontGame: Abel-Regular.ttf
18:29:28.794 [FXGL Background Thread 3 ] DEBUG Engine               - fontMono: TerminalLandMono-Regular.otf
18:29:28.794 [FXGL Background Thread 3 ] DEBUG Engine               - fontText: Courier-Prime.ttf
18:29:28.794 [FXGL Background Thread 3 ] DEBUG Engine               - fontUI: VarelaRound-Regular.ttf
18:29:28.794 [FXGL Background Thread 3 ] DEBUG Engine               - fullScreen: BooleanProperty [value: false]
18:29:28.794 [FXGL Background Thread 3 ] DEBUG Engine               - gameDifficulty: MEDIUM
18:29:28.794 [FXGL Background Thread 3 ] DEBUG Engine               - gameDifficultyProperty: ObjectProperty [value: MEDIUM]
18:29:28.795 [FXGL Background Thread 3 ] DEBUG Engine               - globalMusicVolume: 0.5
18:29:28.795 [FXGL Background Thread 3 ] DEBUG Engine               - globalMusicVolumeProperty: DoubleProperty [value: 0.5]
18:29:28.795 [FXGL Background Thread 3 ] DEBUG Engine               - globalSoundVolume: 0.5
18:29:28.795 [FXGL Background Thread 3 ] DEBUG Engine               - globalSoundVolumeProperty: DoubleProperty [value: 0.5]
18:29:28.795 [FXGL Background Thread 3 ] DEBUG Engine               - height: 1024
18:29:28.795 [FXGL Background Thread 3 ] DEBUG Engine               - is3D: false
18:29:28.795 [FXGL Background Thread 3 ] DEBUG Engine               - isAndroid: false
18:29:28.795 [FXGL Background Thread 3 ] DEBUG Engine               - isBrowser: false
18:29:28.796 [FXGL Background Thread 3 ] DEBUG Engine               - isClickFeedbackEnabled: false
18:29:28.796 [FXGL Background Thread 3 ] DEBUG Engine               - isCloseConfirmation: false
18:29:28.796 [FXGL Background Thread 3 ] DEBUG Engine               - isDesktop: true
18:29:28.796 [FXGL Background Thread 3 ] DEBUG Engine               - isDeveloperMenuEnabled: false
18:29:28.796 [FXGL Background Thread 3 ] DEBUG Engine               - isEmbedded: false
18:29:28.796 [FXGL Background Thread 3 ] DEBUG Engine               - isEntityPreloadEnabled: true
18:29:28.796 [FXGL Background Thread 3 ] DEBUG Engine               - isExperimentalTiledLargeMap: false
18:29:28.796 [FXGL Background Thread 3 ] DEBUG Engine               - isFileSystemWriteAllowed: true
18:29:28.796 [FXGL Background Thread 3 ] DEBUG Engine               - isFullScreenAllowed: false
18:29:28.796 [FXGL Background Thread 3 ] DEBUG Engine               - isFullScreenFromStart: false
18:29:28.797 [FXGL Background Thread 3 ] DEBUG Engine               - isGameMenuEnabled: true
18:29:28.797 [FXGL Background Thread 3 ] DEBUG Engine               - isIOS: false
18:29:28.797 [FXGL Background Thread 3 ] DEBUG Engine               - isIntroEnabled: false
18:29:28.797 [FXGL Background Thread 3 ] DEBUG Engine               - isLinux: false
18:29:28.797 [FXGL Background Thread 3 ] DEBUG Engine               - isMac: false
18:29:28.797 [FXGL Background Thread 3 ] DEBUG Engine               - isMainMenuEnabled: true
18:29:28.797 [FXGL Background Thread 3 ] DEBUG Engine               - isManualResizeEnabled: false
18:29:28.797 [FXGL Background Thread 3 ] DEBUG Engine               - isMobile: false
18:29:28.797 [FXGL Background Thread 3 ] DEBUG Engine               - isNative: false
18:29:28.798 [FXGL Background Thread 3 ] DEBUG Engine               - isPauseMusicWhenMinimized: true
18:29:28.798 [FXGL Background Thread 3 ] DEBUG Engine               - isPreserveResizeRatio: false
18:29:28.798 [FXGL Background Thread 3 ] DEBUG Engine               - isProfilingEnabled: false
18:29:28.798 [FXGL Background Thread 3 ] DEBUG Engine               - isScaleAffectedOnResize: true
18:29:28.798 [FXGL Background Thread 3 ] DEBUG Engine               - isSingleStep: false
18:29:28.798 [FXGL Background Thread 3 ] DEBUG Engine               - isUserProfileEnabled: false
18:29:28.799 [FXGL Background Thread 3 ] DEBUG Engine               - isWindows: true
18:29:28.799 [FXGL Background Thread 3 ] DEBUG Engine               - language: ObjectProperty [value: ENGLISH]
18:29:28.799 [FXGL Background Thread 3 ] DEBUG Engine               - menuKey: ESCAPE
18:29:28.799 [FXGL Background Thread 3 ] DEBUG Engine               - mouseSensitivity: 0.2
18:29:28.799 [FXGL Background Thread 3 ] DEBUG Engine               - notificationViewClass: class com.almasb.fxgl.notification.view.XboxNotificationView
18:29:28.799 [FXGL Background Thread 3 ] DEBUG Engine               - pixelsPerMeter: 50.0
18:29:28.799 [FXGL Background Thread 3 ] DEBUG Engine               - platform: WINDOWS
18:29:28.799 [FXGL Background Thread 3 ] DEBUG Engine               - prefHeightProperty: ReadOnlyDoubleProperty [value: 1024.0]
18:29:28.799 [FXGL Background Thread 3 ] DEBUG Engine               - prefWidthProperty: ReadOnlyDoubleProperty [value: 1024.0]
18:29:28.800 [FXGL Background Thread 3 ] DEBUG Engine               - profileDir: profiles/
18:29:28.800 [FXGL Background Thread 3 ] DEBUG Engine               - profileName: StringProperty [value: DEFAULT]
18:29:28.800 [FXGL Background Thread 3 ] DEBUG Engine               - randomSeed: -1
18:29:28.801 [FXGL Background Thread 3 ] DEBUG Engine               - runtimeInfo: RuntimeInfo(platform=WINDOWS, version=17.2, build=20.08.2022 16.50)
18:29:28.801 [FXGL Background Thread 3 ] DEBUG Engine               - saveFileExt: sav
18:29:28.802 [FXGL Background Thread 3 ] DEBUG Engine               - scaledHeightProp$fxgl: DoubleProperty [bound, value: 864.0]
18:29:28.802 [FXGL Background Thread 3 ] DEBUG Engine               - scaledWidthProp$fxgl: DoubleProperty [bound, value: 839.0]
18:29:28.802 [FXGL Background Thread 3 ] DEBUG Engine               - sceneFactory: com.almasb.fxgl.app.scene.SceneFactory@7c50ac23
18:29:28.802 [FXGL Background Thread 3 ] DEBUG Engine               - secondsIn24h: 60
18:29:28.802 [FXGL Background Thread 3 ] DEBUG Engine               - soundMenuBack: menu/back.wav
18:29:28.802 [FXGL Background Thread 3 ] DEBUG Engine               - soundMenuPress: menu/press.wav
18:29:28.802 [FXGL Background Thread 3 ] DEBUG Engine               - soundMenuSelect: menu/select.wav
18:29:28.802 [FXGL Background Thread 3 ] DEBUG Engine               - soundNotification: core/notification.wav
18:29:28.802 [FXGL Background Thread 3 ] DEBUG Engine               - stageStyle: DECORATED
18:29:28.803 [FXGL Background Thread 3 ] DEBUG Engine               - supportedLanguages: [ENGLISH, FRENCH, GERMAN, HUNGARIAN, RUSSIAN]
18:29:28.803 [FXGL Background Thread 3 ] DEBUG Engine               - ticksPerSecond: -1
18:29:28.803 [FXGL Background Thread 3 ] DEBUG Engine               - title: Dawnseeker
18:29:28.803 [FXGL Background Thread 3 ] DEBUG Engine               - urlGithub: https://github.com/AlmasB/FXGL
18:29:28.803 [FXGL Background Thread 3 ] DEBUG Engine               - urlLeaderboard: http://fxgl-top.herokuapp.com/
18:29:28.803 [FXGL Background Thread 3 ] DEBUG Engine               - urlPOM: https://raw.githubusercontent.com/AlmasB/FXGL/release/README.md
18:29:28.803 [FXGL Background Thread 3 ] DEBUG Engine               - userAppClass: class myGame.DawnseekerApp
18:29:28.803 [FXGL Background Thread 3 ] DEBUG Engine               - version: 0.2
18:29:28.803 [FXGL Background Thread 3 ] DEBUG Engine               - versionCheckDays: 7
18:29:28.804 [FXGL Background Thread 3 ] DEBUG Engine               - width: 1024
18:29:28.804 [FXGL Background Thread 3 ] DEBUG Engine               - Logging services
18:29:28.804 [FXGL Background Thread 3 ] DEBUG Engine               - class com.almasb.fxgl.app.services.FXGLAssetLoaderService
18:29:28.804 [FXGL Background Thread 3 ] DEBUG Engine               - class com.almasb.fxgl.app.FXGLApplication$GameApplicationService
18:29:28.804 [FXGL Background Thread 3 ] DEBUG Engine               - class com.almasb.fxgl.app.services.FXGLDialogService
18:29:28.805 [FXGL Background Thread 3 ] DEBUG Engine               - class com.almasb.fxgl.app.services.IOTaskExecutorService
18:29:28.805 [FXGL Background Thread 3 ] DEBUG Engine               - class com.almasb.fxgl.io.FileSystemService
18:29:28.805 [FXGL Background Thread 3 ] DEBUG Engine               - class com.almasb.fxgl.localization.LocalizationService
18:29:28.805 [FXGL Background Thread 3 ] DEBUG Engine               - class com.almasb.fxgl.app.services.SystemBundleService
18:29:28.806 [FXGL Background Thread 3 ] DEBUG Engine               - class com.almasb.fxgl.profile.SaveLoadService
18:29:28.806 [FXGL Background Thread 3 ] DEBUG Engine               - class com.almasb.fxgl.ui.FXGLUIFactoryServiceProvider
18:29:28.806 [FXGL Background Thread 3 ] DEBUG Engine               - class com.almasb.fxgl.ui.FXGLDialogFactoryServiceProvider
18:29:28.806 [FXGL Background Thread 3 ] DEBUG Engine               - class com.almasb.fxgl.audio.AudioPlayer
18:29:28.806 [FXGL Background Thread 3 ] DEBUG Engine               - class com.almasb.fxgl.notification.impl.NotificationServiceProvider
18:29:28.806 [FXGL Background Thread 3 ] DEBUG Engine               - class com.almasb.fxgl.achievement.AchievementService
18:29:28.806 [FXGL Background Thread 3 ] DEBUG Engine               - class com.almasb.fxgl.cutscene.CutsceneService
18:29:28.806 [FXGL Background Thread 3 ] DEBUG Engine               - class com.almasb.fxgl.minigames.MiniGameService
18:29:28.806 [FXGL Background Thread 3 ] DEBUG Engine               - class com.almasb.fxgl.net.NetService
18:29:28.806 [FXGL Background Thread 3 ] DEBUG Engine               - class com.almasb.fxgl.app.services.UpdaterService
18:29:28.807 [FXGL Background Thread 3 ] DEBUG Engine               - class com.almasb.fxgl.dev.DevService
18:29:32.308 [JavaFX Application Thread] DEBUG FXGLAssetLoaderServi - Loading from file system: file:/C:/Users/Eartm/git/CS4900G2Proj2/Dawnseeker/target/classes/assets/sounds/bong.wav
18:29:36.739 [JavaFX Application Thread] DEBUG FXGLAssetLoaderServi - Loading from file system: file:/C:/Users/Eartm/git/CS4900G2Proj2/Dawnseeker/target/classes/assets/sounds/player_oof.wav
18:29:39.858 [JavaFX Application Thread] DEBUG FXGLAssetLoaderServi - Loading from file system: file:/C:/Users/Eartm/git/CS4900G2Proj2/Dawnseeker/target/classes/assets/sounds/coin_pickup.wav
18:29:40.317 [JavaFX Application Thread] DEBUG FXGLAssetLoaderServi - Loading from file system: file:/C:/Users/Eartm/git/CS4900G2Proj2/Dawnseeker/target/classes/assets/sounds/yoda_death.wav
18:29:40.472 [JavaFX Application Thread] DEBUG FXGLApplication      - Exiting FXGL
18:29:40.473 [JavaFX Application Thread] DEBUG LoopRunner           - Stopping loop
18:29:40.473 [JavaFX Application Thread] DEBUG SystemBundleService  - Saving FXGL system data
18:29:40.476 [JavaFX Application Thread] DEBUG FileSystemAccess     - Writing to: C:\Users\Eartm\git\CS4900G2Proj2\Dawnseeker\system\fxgl.bundle
18:29:40.479 [JavaFX Application Thread] DEBUG Async                - Shutting down background threads
18:29:40.479 [JavaFX Application Thread] DEBUG PrimaryStageWindow   - Closing main window
18:29:40.511 [JavaFX Application Thread] DEBUG Logger               - Closing Logger
