21:02:22.795 [main                     ] DEBUG Logger               - Configured Logger
21:02:22.817 [main                     ] DEBUG GameApplication      - Logging settings
Title: Dawnseeker
Version: 0.1
Width: 1024
Height: 1024
Fullscreen: false
Intro: false
Profiling: false
Single step:false
App Mode: DEVELOPER
Menu Key: ESCAPE
Stage Style: DECORATED
Scene Factory: class com.almasb.fxgl.app.scene.SceneFactory

21:02:23.148 [JavaFX Application Thread] DEBUG FXGLApplication      - Initializing FXGL
21:02:23.152 [JavaFX Application Thread] INFO  Engine               - FXGL-17.2 (20.08.2022 16.50) on WINDOWS (J:17.0.6 FX:18)
21:02:23.152 [JavaFX Application Thread] DEBUG Engine               - JRE Vendor Name: Eclipse Adoptium
21:02:23.152 [JavaFX Application Thread] DEBUG Engine               - Running on OS: Windows 10 version 10.0
21:02:23.152 [JavaFX Application Thread] DEBUG Engine               - Architecture: amd64
21:02:23.152 [JavaFX Application Thread] INFO  Engine               - Source code and latest versions at: https://github.com/AlmasB/FXGL
21:02:23.153 [JavaFX Application Thread] INFO  Engine               -       Ask questions and discuss at: https://github.com/AlmasB/FXGL/discussions
21:02:23.153 [JavaFX Application Thread] INFO  Engine               -              Join the FXGL chat at: https://gitter.im/AlmasB/FXGL
21:02:23.240 [JavaFX Application Thread] DEBUG PrimaryStageWindow   - Creating a JavaFX scene
21:02:23.274 [JavaFX Application Thread] DEBUG PrimaryStageWindow   - Target settings size: 1024.0 x 1024.0
21:02:23.274 [JavaFX Application Thread] DEBUG PrimaryStageWindow   - Scaled scene size:    1024.0 x 1024.0
21:02:23.274 [JavaFX Application Thread] DEBUG PrimaryStageWindow   - Scaled ratio: (1.0, 1.0)
21:02:23.276 [JavaFX Application Thread] DEBUG PrimaryStageWindow   - Set initial scene to FXGLStartupScene
21:02:23.282 [JavaFX Application Thread] DEBUG PrimaryStageWindow   - Opening main window
21:02:23.353 [JavaFX Application Thread] DEBUG PrimaryStageWindow   - Window border size: (16.0, 39.0)
21:02:23.353 [JavaFX Application Thread] DEBUG PrimaryStageWindow   - Scaled size: 1024.0 x 1024.0
21:02:23.353 [JavaFX Application Thread] DEBUG PrimaryStageWindow   - Scaled ratio: (1.0, 1.0)
21:02:23.353 [JavaFX Application Thread] DEBUG PrimaryStageWindow   - Scene size: 1024.0 x 1024.0
21:02:23.353 [JavaFX Application Thread] DEBUG PrimaryStageWindow   - Stage size: 1040.0 x 1063.0
21:02:23.359 [FXGL Background Thread 1 ] DEBUG Engine               - Initializing environment variables
21:02:23.390 [FXGL Background Thread 1 ] DEBUG FXGLAssetLoaderServi - User app class for loading assets: class myGame.DawnseekerApp
21:02:23.390 [FXGL Background Thread 1 ] DEBUG GameApplicationServi - Applying CSS: fxgl_dark.css
21:02:23.390 [FXGL Background Thread 1 ] DEBUG FXGLAssetLoaderServi - Loading from file system: jar:file:/C:/Users/garre/.m2/repository/com/github/almasb/fxgl/17.2/fxgl-17.2.jar!/fxglassets/ui/css/fxgl_dark.css
21:02:23.424 [FXGL Background Thread 1 ] DEBUG GameApplicationServi - Initializing application scenes
21:02:23.456 [FXGL Background Thread 1 ] DEBUG GameWorld            - Game world initialized
21:02:23.502 [FXGL Background Thread 1 ] DEBUG PhysicsWorld         - Physics world initialized: appHeight=1024, physics.ppm=50.0
21:02:23.502 [FXGL Background Thread 1 ] DEBUG PhysicsWorld         - Using strategy: BRUTE_FORCE
21:02:23.506 [FXGL Background Thread 1 ] DEBUG GameScene            - Game scene initialized: 1024x1024
21:02:23.520 [FXGL Background Thread 1 ] DEBUG FXGL.DefaultMenu     - createMenuBodyMainMenu()
21:02:23.532 [FXGL Background Thread 1 ] DEBUG FXGL.DefaultMenu     - createOptionsMenu()
21:02:23.541 [FXGL Background Thread 1 ] DEBUG FXGLAssetLoaderServi - Loading from file system: jar:file:/C:/Users/garre/.m2/repository/com/github/almasb/fxgl/17.2/fxgl-17.2.jar!/fxglassets/textures/particles/smoke.png
21:02:23.620 [FXGL Background Thread 1 ] DEBUG FXGLAssetLoaderServi - Loading from file system: jar:file:/C:/Users/garre/.m2/repository/com/github/almasb/fxgl/17.2/fxgl-17.2.jar!/fxglassets/textures/particles/trace_horizontal.png
21:02:23.643 [FXGL Background Thread 1 ] DEBUG FXGL.DefaultMenu     - createMenuBodyGameMenu()
21:02:23.644 [FXGL Background Thread 1 ] DEBUG FXGL.DefaultMenu     - createOptionsMenu()
21:02:23.656 [FXGL Background Thread 1 ] DEBUG GameApplicationServi - Application scenes initialized
21:02:23.666 [FXGL Background Thread 1 ] DEBUG SystemBundleService  - Loading FXGL system data
21:02:23.671 [FXGL Background Thread 1 ] DEBUG FileSystemAccess     - Reading from: C:\Users\garre\git\CS4900G2Proj2\Dawnseeker\system\fxgl.bundle
21:02:23.676 [FXGL Background Thread 1 ] DEBUG SystemBundleService  - Bundle FXGL: {}
21:02:23.676 [FXGL Background Thread 1 ] DEBUG UpdaterService       - Checking for updates
21:02:23.679 [FXGL Background Thread 4 ] DEBUG FXGLApplication      - Loading fonts
21:02:23.679 [FXGL Background Thread 1 ] DEBUG FXGLApplication      - Loading default localization
21:02:23.679 [FXGL Background Thread 4 ] DEBUG FXGLAssetLoaderServi - Loading from file system: jar:file:/C:/Users/garre/.m2/repository/com/github/almasb/fxgl/17.2/fxgl-17.2.jar!/fxglassets/ui/fonts/VarelaRound-Regular.ttf
21:02:23.680 [FXGL Background Thread 1 ] DEBUG FXGLAssetLoaderServi - Loading from file system: jar:file:/C:/Users/garre/.m2/repository/com/github/almasb/fxgl/17.2/fxgl-17.2.jar!/fxglassets/languages/english.lang
21:02:23.700 [FXGL Background Thread 1 ] INFO  FXGLApplication      - FXGL initialization took: 0.341 sec
21:02:23.709 [JavaFX Application Thread] DEBUG Input                - Registered new binding: action0 - W
21:02:23.710 [JavaFX Application Thread] DEBUG Input                - Registered new binding: action1 - S
21:02:23.710 [JavaFX Application Thread] DEBUG Input                - Registered new binding: action2 - A
21:02:23.710 [JavaFX Application Thread] DEBUG Input                - Registered new binding: action3 - D
21:02:23.712 [JavaFX Application Thread] DEBUG Input                - Registered new binding: action4 - LMB
21:02:23.712 [JavaFX Application Thread] DEBUG FXGLAssetLoaderServi - Loading from file system: jar:file:/C:/Users/garre/.m2/repository/com/github/almasb/fxgl/17.2/fxgl-17.2.jar!/fxglassets/textures/fxgl_icon.png
21:02:23.731 [JavaFX Application Thread] DEBUG FXGLAssetLoaderServi - Loading from file system: jar:file:/C:/Users/garre/.m2/repository/com/github/almasb/fxgl/17.2/fxgl-17.2.jar!/fxglassets/textures/fxgl_default_cursor.png
21:02:23.733 [JavaFX Application Thread] DEBUG Input                - Registered new binding: Screenshot - CTRL+8
21:02:23.733 [JavaFX Application Thread] DEBUG Input                - Registered new binding: System info dump - CTRL+9
21:02:23.733 [JavaFX Application Thread] DEBUG Input                - Registered new binding: Restart - CTRL+R
21:02:23.734 [JavaFX Application Thread] DEBUG Input                - Registered new binding: Toggle Debug Camera - CTRL+7
21:02:23.737 [JavaFX Application Thread] DEBUG LoopRunner           - Starting loop
21:02:23.737 [JavaFX Application Thread] DEBUG LoopRunner           - Initializing JavaFX AnimationTimerLoop
21:02:23.739 [FXGL Background Thread 4 ] DEBUG FXGLAssetLoaderServi - Loading from file system: jar:file:/C:/Users/garre/.m2/repository/com/github/almasb/fxgl/17.2/fxgl-17.2.jar!/fxglassets/ui/fonts/Abel-Regular.ttf
21:02:23.742 [JavaFX Application Thread] DEBUG Input                - Clearing active input actions
21:02:23.746 [FXGL Background Thread 4 ] DEBUG FXGLAssetLoaderServi - Loading from file system: jar:file:/C:/Users/garre/.m2/repository/com/github/almasb/fxgl/17.2/fxgl-17.2.jar!/fxglassets/ui/fonts/TerminalLandMono-Regular.otf
21:02:23.746 [JavaFX Application Thread] DEBUG GameApplicationServi - Removing overlay from FXGLStartupScene and adding to FXGLMainMenuDummyScene
21:02:23.746 [JavaFX Application Thread] DEBUG PrimaryStageWindow   - FXGLStartupScene -> FXGLMainMenuDummyScene
21:02:23.746 [JavaFX Application Thread] DEBUG PrimaryStageWindow   - Push state: FXGLDefaultMenu
21:02:23.752 [FXGL Background Thread 4 ] DEBUG FXGLAssetLoaderServi - Loading from file system: jar:file:/C:/Users/garre/.m2/repository/com/github/almasb/fxgl/17.2/fxgl-17.2.jar!/fxglassets/ui/fonts/Courier-Prime.ttf
21:02:23.757 [JavaFX Application Thread] DEBUG Input                - Clearing active input actions
21:02:23.766 [JavaFX Application Thread] DEBUG GameApplicationServi - Removing overlay from FXGLMainMenuDummyScene and adding to FXGLDefaultMenu
21:02:23.767 [JavaFX Application Thread] DEBUG PrimaryStageWindow   - FXGLMainMenuDummyScene -> FXGLDefaultMenu
21:02:23.841 [JavaFX Application Thread] DEBUG FXGLApplication      - Registering font factories with UI factory
21:02:24.718 [JavaFX Application Thread] DEBUG Menu                 - fireNewGame()
21:02:24.718 [JavaFX Application Thread] DEBUG GameApplicationServi - Starting new game
21:02:24.719 [JavaFX Application Thread] DEBUG PrimaryStageWindow   - Pop state: FXGLDefaultMenu
21:02:24.719 [JavaFX Application Thread] DEBUG Input                - Clearing active input actions
21:02:24.720 [JavaFX Application Thread] DEBUG GameApplicationServi - Removing overlay from FXGLDefaultMenu and adding to FXGLMainMenuDummyScene
21:02:24.720 [JavaFX Application Thread] DEBUG PrimaryStageWindow   - FXGLMainMenuDummyScene <- FXGLDefaultMenu
21:02:24.720 [JavaFX Application Thread] DEBUG Input                - Clearing active input actions
21:02:24.725 [JavaFX Application Thread] DEBUG GameApplicationServi - Removing overlay from FXGLMainMenuDummyScene and adding to FXGLLoadingScene
21:02:24.725 [JavaFX Application Thread] DEBUG PrimaryStageWindow   - FXGLMainMenuDummyScene -> FXGLLoadingScene
21:02:24.725 [JavaFX Application Thread] DEBUG GameApplicationServi - Clearing previous game
21:02:24.725 [JavaFX Application Thread] DEBUG GameScene            - Clearing game scene
21:02:24.725 [JavaFX Application Thread] DEBUG GameWorld            - Clearing game world
21:02:24.725 [JavaFX Application Thread] DEBUG PhysicsWorld         - Clearing physics world
21:02:24.728 [FXGL Background Thread 2 ] DEBUG FXGLApplication      - Initializing game
21:02:24.749 [FXGL Background Thread 2 ] WARN  GameWorld            - Entity is already attached to world
21:02:24.749 [FXGL Background Thread 2 ] WARN  Entity               - Entity already has component: com.almasb.fxgl.entity.components.CollidableComponent
21:02:24.750 [FXGL Background Thread 2 ] WARN  GameWorld            - Entity is already attached to world
21:02:24.750 [FXGL Background Thread 2 ] WARN  Entity               - Entity already has component: com.almasb.fxgl.entity.components.CollidableComponent
21:02:24.750 [FXGL Background Thread 2 ] WARN  GameWorld            - Entity is already attached to world
21:02:24.751 [FXGL Background Thread 2 ] WARN  Entity               - Entity already has component: com.almasb.fxgl.entity.components.CollidableComponent
21:02:24.751 [FXGL Background Thread 2 ] WARN  GameWorld            - Entity is already attached to world
21:02:24.751 [FXGL Background Thread 2 ] WARN  Entity               - Entity already has component: com.almasb.fxgl.entity.components.CollidableComponent
21:02:24.752 [FXGL Background Thread 2 ] WARN  GameWorld            - Entity is already attached to world
21:02:24.766 [FXGL Background Thread 2 ] INFO  FXGLApplication      - Game initialization took: 0.038 sec
21:02:24.766 [JavaFX Application Thread] DEBUG Input                - Clearing active input actions
21:02:24.771 [JavaFX Application Thread] DEBUG GameApplicationServi - Removing overlay from FXGLLoadingScene and adding to GameScene
21:02:24.771 [JavaFX Application Thread] DEBUG PrimaryStageWindow   - FXGLLoadingScene -> GameScene
21:02:26.680 [FXGL Background Thread 3 ] DEBUG Engine               - Logging environment variables
21:02:26.680 [FXGL Background Thread 3 ] DEBUG Engine               - achievements: []
21:02:26.680 [FXGL Background Thread 3 ] DEBUG Engine               - actualHeight: 1024.0
21:02:26.680 [FXGL Background Thread 3 ] DEBUG Engine               - actualHeightProperty: ReadOnlyDoubleProperty [value: 1024.0]
21:02:26.680 [FXGL Background Thread 3 ] DEBUG Engine               - actualWidth: 1024.0
21:02:26.680 [FXGL Background Thread 3 ] DEBUG Engine               - actualWidthProperty: ReadOnlyDoubleProperty [value: 1024.0]
21:02:26.680 [FXGL Background Thread 3 ] DEBUG Engine               - appIcon: fxgl_icon.png
21:02:26.680 [FXGL Background Thread 3 ] DEBUG Engine               - applicationMode: DEVELOPER
21:02:26.680 [FXGL Background Thread 3 ] DEBUG Engine               - cSSList: [fxgl_dark.css]
21:02:26.680 [FXGL Background Thread 3 ] DEBUG Engine               - collisionDetectionStrategy: BRUTE_FORCE
21:02:26.680 [FXGL Background Thread 3 ] DEBUG Engine               - configClass: Optional.empty
21:02:26.680 [FXGL Background Thread 3 ] DEBUG Engine               - credits: []
21:02:26.681 [FXGL Background Thread 3 ] DEBUG Engine               - defaultCursor: CursorInfo(imageName=fxgl_default_cursor.png, hotspotX=7.0, hotspotY=6.0)
21:02:26.681 [FXGL Background Thread 3 ] DEBUG Engine               - devBBoxColorProperty: ObjectProperty [value: 0xff0000ff]
21:02:26.681 [FXGL Background Thread 3 ] DEBUG Engine               - devEnableDebugCameraProperty: BooleanProperty [value: false]
21:02:26.681 [FXGL Background Thread 3 ] DEBUG Engine               - devSensorColorProperty: ObjectProperty [value: 0xffff00ff]
21:02:26.681 [FXGL Background Thread 3 ] DEBUG Engine               - devShowBBoxProperty: BooleanProperty [value: false]
21:02:26.681 [FXGL Background Thread 3 ] DEBUG Engine               - devShowPositionProperty: BooleanProperty [value: false]
21:02:26.681 [FXGL Background Thread 3 ] DEBUG Engine               - enabledMenuItems: []
21:02:26.681 [FXGL Background Thread 3 ] DEBUG Engine               - engineServices: [class com.almasb.fxgl.app.services.FXGLAssetLoaderService, class com.almasb.fxgl.app.FXGLApplication$GameApplicationService, class com.almasb.fxgl.app.services.FXGLDialogService, class com.almasb.fxgl.app.services.IOTaskExecutorService, class com.almasb.fxgl.io.FileSystemService, class com.almasb.fxgl.localization.LocalizationService, class com.almasb.fxgl.app.services.SystemBundleService, class com.almasb.fxgl.profile.SaveLoadService, class com.almasb.fxgl.ui.FXGLUIFactoryServiceProvider, class com.almasb.fxgl.ui.FXGLDialogFactoryServiceProvider, class com.almasb.fxgl.audio.AudioPlayer, class com.almasb.fxgl.notification.impl.NotificationServiceProvider, class com.almasb.fxgl.achievement.AchievementService, class com.almasb.fxgl.cutscene.CutsceneService, class com.almasb.fxgl.minigames.MiniGameService, class com.almasb.fxgl.net.NetService, class com.almasb.fxgl.app.services.UpdaterService, class com.almasb.fxgl.dev.DevService]
21:02:26.681 [FXGL Background Thread 3 ] DEBUG Engine               - fontGame: Abel-Regular.ttf
21:02:26.681 [FXGL Background Thread 3 ] DEBUG Engine               - fontMono: TerminalLandMono-Regular.otf
21:02:26.681 [FXGL Background Thread 3 ] DEBUG Engine               - fontText: Courier-Prime.ttf
21:02:26.681 [FXGL Background Thread 3 ] DEBUG Engine               - fontUI: VarelaRound-Regular.ttf
21:02:26.681 [FXGL Background Thread 3 ] DEBUG Engine               - fullScreen: BooleanProperty [value: false]
21:02:26.681 [FXGL Background Thread 3 ] DEBUG Engine               - gameDifficulty: MEDIUM
21:02:26.681 [FXGL Background Thread 3 ] DEBUG Engine               - gameDifficultyProperty: ObjectProperty [value: MEDIUM]
21:02:26.681 [FXGL Background Thread 3 ] DEBUG Engine               - globalMusicVolume: 0.5
21:02:26.681 [FXGL Background Thread 3 ] DEBUG Engine               - globalMusicVolumeProperty: DoubleProperty [value: 0.5]
21:02:26.681 [FXGL Background Thread 3 ] DEBUG Engine               - globalSoundVolume: 0.5
21:02:26.681 [FXGL Background Thread 3 ] DEBUG Engine               - globalSoundVolumeProperty: DoubleProperty [value: 0.5]
21:02:26.681 [FXGL Background Thread 3 ] DEBUG Engine               - height: 1024
21:02:26.681 [FXGL Background Thread 3 ] DEBUG Engine               - is3D: false
21:02:26.682 [FXGL Background Thread 3 ] DEBUG Engine               - isAndroid: false
21:02:26.682 [FXGL Background Thread 3 ] DEBUG Engine               - isBrowser: false
21:02:26.682 [FXGL Background Thread 3 ] DEBUG Engine               - isClickFeedbackEnabled: false
21:02:26.682 [FXGL Background Thread 3 ] DEBUG Engine               - isCloseConfirmation: false
21:02:26.682 [FXGL Background Thread 3 ] DEBUG Engine               - isDesktop: true
21:02:26.682 [FXGL Background Thread 3 ] DEBUG Engine               - isDeveloperMenuEnabled: false
21:02:26.682 [FXGL Background Thread 3 ] DEBUG Engine               - isEmbedded: false
21:02:26.682 [FXGL Background Thread 3 ] DEBUG Engine               - isEntityPreloadEnabled: true
21:02:26.682 [FXGL Background Thread 3 ] DEBUG Engine               - isExperimentalTiledLargeMap: false
21:02:26.682 [FXGL Background Thread 3 ] DEBUG Engine               - isFileSystemWriteAllowed: true
21:02:26.682 [FXGL Background Thread 3 ] DEBUG Engine               - isFullScreenAllowed: false
21:02:26.682 [FXGL Background Thread 3 ] DEBUG Engine               - isFullScreenFromStart: false
21:02:26.682 [FXGL Background Thread 3 ] DEBUG Engine               - isGameMenuEnabled: true
21:02:26.682 [FXGL Background Thread 3 ] DEBUG Engine               - isIOS: false
21:02:26.682 [FXGL Background Thread 3 ] DEBUG Engine               - isIntroEnabled: false
21:02:26.682 [FXGL Background Thread 3 ] DEBUG Engine               - isLinux: false
21:02:26.682 [FXGL Background Thread 3 ] DEBUG Engine               - isMac: false
21:02:26.682 [FXGL Background Thread 3 ] DEBUG Engine               - isMainMenuEnabled: true
21:02:26.682 [FXGL Background Thread 3 ] DEBUG Engine               - isManualResizeEnabled: false
21:02:26.682 [FXGL Background Thread 3 ] DEBUG Engine               - isMobile: false
21:02:26.682 [FXGL Background Thread 3 ] DEBUG Engine               - isNative: false
21:02:26.682 [FXGL Background Thread 3 ] DEBUG Engine               - isPauseMusicWhenMinimized: true
21:02:26.682 [FXGL Background Thread 3 ] DEBUG Engine               - isPreserveResizeRatio: false
21:02:26.682 [FXGL Background Thread 3 ] DEBUG Engine               - isProfilingEnabled: false
21:02:26.682 [FXGL Background Thread 3 ] DEBUG Engine               - isScaleAffectedOnResize: true
21:02:26.682 [FXGL Background Thread 3 ] DEBUG Engine               - isSingleStep: false
21:02:26.682 [FXGL Background Thread 3 ] DEBUG Engine               - isUserProfileEnabled: false
21:02:26.682 [FXGL Background Thread 3 ] DEBUG Engine               - isWindows: true
21:02:26.682 [FXGL Background Thread 3 ] DEBUG Engine               - language: ObjectProperty [value: ENGLISH]
21:02:26.682 [FXGL Background Thread 3 ] DEBUG Engine               - menuKey: ESCAPE
21:02:26.682 [FXGL Background Thread 3 ] DEBUG Engine               - mouseSensitivity: 0.2
21:02:26.682 [FXGL Background Thread 3 ] DEBUG Engine               - notificationViewClass: class com.almasb.fxgl.notification.view.XboxNotificationView
21:02:26.683 [FXGL Background Thread 3 ] DEBUG Engine               - pixelsPerMeter: 50.0
21:02:26.683 [FXGL Background Thread 3 ] DEBUG Engine               - platform: WINDOWS
21:02:26.683 [FXGL Background Thread 3 ] DEBUG Engine               - prefHeightProperty: ReadOnlyDoubleProperty [value: 1024.0]
21:02:26.683 [FXGL Background Thread 3 ] DEBUG Engine               - prefWidthProperty: ReadOnlyDoubleProperty [value: 1024.0]
21:02:26.683 [FXGL Background Thread 3 ] DEBUG Engine               - profileDir: profiles/
21:02:26.683 [FXGL Background Thread 3 ] DEBUG Engine               - profileName: StringProperty [value: DEFAULT]
21:02:26.683 [FXGL Background Thread 3 ] DEBUG Engine               - randomSeed: -1
21:02:26.683 [FXGL Background Thread 3 ] DEBUG Engine               - runtimeInfo: RuntimeInfo(platform=WINDOWS, version=17.2, build=20.08.2022 16.50)
21:02:26.683 [FXGL Background Thread 3 ] DEBUG Engine               - saveFileExt: sav
21:02:26.683 [FXGL Background Thread 3 ] DEBUG Engine               - scaledHeightProp$fxgl: DoubleProperty [bound, value: 1024.0]
21:02:26.683 [FXGL Background Thread 3 ] DEBUG Engine               - scaledWidthProp$fxgl: DoubleProperty [bound, value: 1024.0]
21:02:26.683 [FXGL Background Thread 3 ] DEBUG Engine               - sceneFactory: com.almasb.fxgl.app.scene.SceneFactory@7d9fbb2c
21:02:26.683 [FXGL Background Thread 3 ] DEBUG Engine               - secondsIn24h: 60
21:02:26.683 [FXGL Background Thread 3 ] DEBUG Engine               - soundMenuBack: menu/back.wav
21:02:26.683 [FXGL Background Thread 3 ] DEBUG Engine               - soundMenuPress: menu/press.wav
21:02:26.683 [FXGL Background Thread 3 ] DEBUG Engine               - soundMenuSelect: menu/select.wav
21:02:26.683 [FXGL Background Thread 3 ] DEBUG Engine               - soundNotification: core/notification.wav
21:02:26.684 [FXGL Background Thread 3 ] DEBUG Engine               - stageStyle: DECORATED
21:02:26.684 [FXGL Background Thread 3 ] DEBUG Engine               - supportedLanguages: [ENGLISH, FRENCH, GERMAN, HUNGARIAN, RUSSIAN]
21:02:26.684 [FXGL Background Thread 3 ] DEBUG Engine               - ticksPerSecond: -1
21:02:26.684 [FXGL Background Thread 3 ] DEBUG Engine               - title: Dawnseeker
21:02:26.684 [FXGL Background Thread 3 ] DEBUG Engine               - urlGithub: https://github.com/AlmasB/FXGL
21:02:26.684 [FXGL Background Thread 3 ] DEBUG Engine               - urlLeaderboard: http://fxgl-top.herokuapp.com/
21:02:26.684 [FXGL Background Thread 3 ] DEBUG Engine               - urlPOM: https://raw.githubusercontent.com/AlmasB/FXGL/release/README.md
21:02:26.684 [FXGL Background Thread 3 ] DEBUG Engine               - userAppClass: class myGame.DawnseekerApp
21:02:26.684 [FXGL Background Thread 3 ] DEBUG Engine               - version: 0.1
21:02:26.684 [FXGL Background Thread 3 ] DEBUG Engine               - versionCheckDays: 7
21:02:26.684 [FXGL Background Thread 3 ] DEBUG Engine               - width: 1024
21:02:26.684 [FXGL Background Thread 3 ] DEBUG Engine               - Logging services
21:02:26.684 [FXGL Background Thread 3 ] DEBUG Engine               - class com.almasb.fxgl.app.services.FXGLAssetLoaderService
21:02:26.684 [FXGL Background Thread 3 ] DEBUG Engine               - class com.almasb.fxgl.app.FXGLApplication$GameApplicationService
21:02:26.684 [FXGL Background Thread 3 ] DEBUG Engine               - class com.almasb.fxgl.app.services.FXGLDialogService
21:02:26.684 [FXGL Background Thread 3 ] DEBUG Engine               - class com.almasb.fxgl.app.services.IOTaskExecutorService
21:02:26.684 [FXGL Background Thread 3 ] DEBUG Engine               - class com.almasb.fxgl.io.FileSystemService
21:02:26.684 [FXGL Background Thread 3 ] DEBUG Engine               - class com.almasb.fxgl.localization.LocalizationService
21:02:26.684 [FXGL Background Thread 3 ] DEBUG Engine               - class com.almasb.fxgl.app.services.SystemBundleService
21:02:26.684 [FXGL Background Thread 3 ] DEBUG Engine               - class com.almasb.fxgl.profile.SaveLoadService
21:02:26.684 [FXGL Background Thread 3 ] DEBUG Engine               - class com.almasb.fxgl.ui.FXGLUIFactoryServiceProvider
21:02:26.684 [FXGL Background Thread 3 ] DEBUG Engine               - class com.almasb.fxgl.ui.FXGLDialogFactoryServiceProvider
21:02:26.684 [FXGL Background Thread 3 ] DEBUG Engine               - class com.almasb.fxgl.audio.AudioPlayer
21:02:26.684 [FXGL Background Thread 3 ] DEBUG Engine               - class com.almasb.fxgl.notification.impl.NotificationServiceProvider
21:02:26.684 [FXGL Background Thread 3 ] DEBUG Engine               - class com.almasb.fxgl.achievement.AchievementService
21:02:26.684 [FXGL Background Thread 3 ] DEBUG Engine               - class com.almasb.fxgl.cutscene.CutsceneService
21:02:26.684 [FXGL Background Thread 3 ] DEBUG Engine               - class com.almasb.fxgl.minigames.MiniGameService
21:02:26.684 [FXGL Background Thread 3 ] DEBUG Engine               - class com.almasb.fxgl.net.NetService
21:02:26.684 [FXGL Background Thread 3 ] DEBUG Engine               - class com.almasb.fxgl.app.services.UpdaterService
21:02:26.684 [FXGL Background Thread 3 ] DEBUG Engine               - class com.almasb.fxgl.dev.DevService
21:03:17.503 [JavaFX Application Thread] DEBUG FXGLApplication      - Exiting FXGL
21:03:17.503 [JavaFX Application Thread] DEBUG LoopRunner           - Stopping loop
21:03:17.503 [JavaFX Application Thread] DEBUG SystemBundleService  - Saving FXGL system data
21:03:17.505 [JavaFX Application Thread] DEBUG FileSystemAccess     - Writing to: C:\Users\garre\git\CS4900G2Proj2\Dawnseeker\system\fxgl.bundle
21:03:17.506 [JavaFX Application Thread] DEBUG Async                - Shutting down background threads
21:03:17.506 [JavaFX Application Thread] DEBUG PrimaryStageWindow   - Closing main window
21:03:17.514 [JavaFX Application Thread] DEBUG Logger               - Closing Logger
