17:35:41.522 [main                     ] DEBUG Logger               - Configured Logger
17:35:41.576 [main                     ] DEBUG GameApplication      - Logging settings
Title: Dawnseeker
Version: 0.4
Width: 1024
Height: 1024
Fullscreen: false
Intro: false
Profiling: false
Single step:false
App Mode: DEVELOPER
Menu Key: ESCAPE
Stage Style: DECORATED
Scene Factory: class myGame.DawnseekerApp$1

17:35:42.092 [JavaFX Application Thread] DEBUG FXGLApplication      - Initializing FXGL
17:35:42.102 [JavaFX Application Thread] INFO  Engine               - FXGL-17.2 (20.08.2022 16.50) on WINDOWS (J:19.0.2 FX:18)
17:35:42.102 [JavaFX Application Thread] DEBUG Engine               - JRE Vendor Name: Oracle Corporation
17:35:42.102 [JavaFX Application Thread] DEBUG Engine               - Running on OS: Windows 10 version 10.0
17:35:42.102 [JavaFX Application Thread] DEBUG Engine               - Architecture: amd64
17:35:42.102 [JavaFX Application Thread] INFO  Engine               - Source code and latest versions at: https://github.com/AlmasB/FXGL
17:35:42.103 [JavaFX Application Thread] INFO  Engine               -       Ask questions and discuss at: https://github.com/AlmasB/FXGL/discussions
17:35:42.103 [JavaFX Application Thread] INFO  Engine               -              Join the FXGL chat at: https://gitter.im/AlmasB/FXGL
17:35:42.261 [JavaFX Application Thread] DEBUG PrimaryStageWindow   - Creating a JavaFX scene
17:35:42.261 [JavaFX Application Thread] DEBUG PrimaryStageWindow   - Target size > screen size
17:35:42.317 [JavaFX Application Thread] DEBUG PrimaryStageWindow   - Target settings size: 1024.0 x 1024.0
17:35:42.318 [JavaFX Application Thread] DEBUG PrimaryStageWindow   - Scaled scene size:    799.0 x 824.0
17:35:42.318 [JavaFX Application Thread] DEBUG PrimaryStageWindow   - Scaled ratio: (0.7802734375, 0.8046875)
17:35:42.319 [JavaFX Application Thread] DEBUG PrimaryStageWindow   - Set initial scene to FXGLStartupScene
17:35:42.328 [JavaFX Application Thread] DEBUG PrimaryStageWindow   - Opening main window
17:35:42.452 [JavaFX Application Thread] DEBUG PrimaryStageWindow   - Window border size: (14.5999755859375, 37.5999755859375)
17:35:42.452 [JavaFX Application Thread] DEBUG PrimaryStageWindow   - Scaled size: 799.0 x 824.0
17:35:42.452 [JavaFX Application Thread] DEBUG PrimaryStageWindow   - Scaled ratio: (0.7802734375, 0.8046875)
17:35:42.453 [JavaFX Application Thread] DEBUG PrimaryStageWindow   - Scene size: 799.0 x 824.0
17:35:42.453 [JavaFX Application Thread] DEBUG PrimaryStageWindow   - Stage size: 813.5999755859375 x 861.5999755859375
17:35:42.467 [FXGL Background Thread 1 ] DEBUG Engine               - Initializing environment variables
17:35:42.558 [FXGL Background Thread 1 ] DEBUG FXGLAssetLoaderServi - User app class for loading assets: class myGame.DawnseekerApp
17:35:42.559 [FXGL Background Thread 1 ] DEBUG GameApplicationServi - Applying CSS: fxgl_dark.css
17:35:42.560 [FXGL Background Thread 1 ] DEBUG FXGLAssetLoaderServi - Loading from file system: jar:file:/C:/Users/narro/.m2/repository/com/github/almasb/fxgl/17.2/fxgl-17.2.jar!/fxglassets/ui/css/fxgl_dark.css
17:35:42.634 [FXGL Background Thread 1 ] DEBUG GameApplicationServi - Initializing application scenes
17:35:42.706 [FXGL Background Thread 1 ] DEBUG GameWorld            - Game world initialized
17:35:42.801 [FXGL Background Thread 1 ] DEBUG PhysicsWorld         - Physics world initialized: appHeight=1024, physics.ppm=50.0
17:35:42.801 [FXGL Background Thread 1 ] DEBUG PhysicsWorld         - Using strategy: BRUTE_FORCE
17:35:42.806 [FXGL Background Thread 1 ] DEBUG GameScene            - Game scene initialized: 1024x1024
17:35:42.806 [FXGL Background Thread 1 ] DEBUG FXGLAssetLoaderServi - Loading from file system: file:/C:/Users/narro/git/CS4900G2Proj2/Dawnseeker/target/classes/assets/music/shop.mp3
17:35:42.970 [FXGL Background Thread 1 ] DEBUG AudioPlayer          - Playing music com.almasb.fxgl.audio.Music@3e6d01e0
17:35:42.988 [FXGL Background Thread 1 ] DEBUG FXGLAssetLoaderServi - Loading from file system: file:/C:/Users/narro/git/CS4900G2Proj2/Dawnseeker/target/classes/assets/textures/bg.png
17:35:43.099 [FXGL Background Thread 1 ] DEBUG FXGL.DefaultMenu     - createMenuBodyGameMenu()
17:35:43.120 [FXGL Background Thread 1 ] DEBUG FXGL.DefaultMenu     - createOptionsMenu()
17:35:43.130 [FXGL Background Thread 1 ] DEBUG FXGLAssetLoaderServi - Loading from file system: jar:file:/C:/Users/narro/.m2/repository/com/github/almasb/fxgl/17.2/fxgl-17.2.jar!/fxglassets/textures/particles/smoke.png
17:35:43.249 [FXGL Background Thread 1 ] DEBUG FXGLAssetLoaderServi - Loading from file system: jar:file:/C:/Users/narro/.m2/repository/com/github/almasb/fxgl/17.2/fxgl-17.2.jar!/fxglassets/textures/particles/trace_horizontal.png
17:35:43.270 [FXGL Background Thread 1 ] DEBUG GameApplicationServi - Application scenes initialized
17:35:43.290 [FXGL Background Thread 1 ] DEBUG SystemBundleService  - Loading FXGL system data
17:35:43.295 [FXGL Background Thread 1 ] DEBUG FileSystemAccess     - Reading from: C:\Users\narro\git\CS4900G2Proj2\Dawnseeker\system\fxgl.bundle
17:35:43.306 [FXGL Background Thread 1 ] DEBUG SystemBundleService  - Bundle FXGL: {}
17:35:43.306 [FXGL Background Thread 1 ] DEBUG UpdaterService       - Checking for updates
17:35:43.313 [FXGL Background Thread 4 ] DEBUG FXGLApplication      - Loading fonts
17:35:43.314 [FXGL Background Thread 4 ] DEBUG FXGLAssetLoaderServi - Loading from file system: jar:file:/C:/Users/narro/.m2/repository/com/github/almasb/fxgl/17.2/fxgl-17.2.jar!/fxglassets/ui/fonts/VarelaRound-Regular.ttf
17:35:43.314 [FXGL Background Thread 1 ] DEBUG FXGLApplication      - Loading default localization
17:35:43.315 [FXGL Background Thread 1 ] DEBUG FXGLAssetLoaderServi - Loading from file system: jar:file:/C:/Users/narro/.m2/repository/com/github/almasb/fxgl/17.2/fxgl-17.2.jar!/fxglassets/languages/english.lang
17:35:43.350 [FXGL Background Thread 1 ] INFO  FXGLApplication      - FXGL initialization took: 0.883 sec
17:35:43.358 [JavaFX Application Thread] DEBUG Input                - Registered new binding: action0 - LMB
17:35:43.367 [JavaFX Application Thread] DEBUG Input                - Registered new binding: Up - W
17:35:43.367 [JavaFX Application Thread] DEBUG Input                - Registered new binding: Down - S
17:35:43.368 [JavaFX Application Thread] DEBUG Input                - Registered new binding: Right - D
17:35:43.368 [JavaFX Application Thread] DEBUG Input                - Registered new binding: Left - A
17:35:43.370 [JavaFX Application Thread] DEBUG Input                - Registered new binding: Close Shop - F
17:35:43.371 [JavaFX Application Thread] DEBUG Input                - Registered new binding: Open Shop - F
17:35:43.372 [JavaFX Application Thread] DEBUG FXGLAssetLoaderServi - Loading from file system: jar:file:/C:/Users/narro/.m2/repository/com/github/almasb/fxgl/17.2/fxgl-17.2.jar!/fxglassets/textures/fxgl_icon.png
17:35:43.395 [JavaFX Application Thread] DEBUG FXGLAssetLoaderServi - Loading from file system: jar:file:/C:/Users/narro/.m2/repository/com/github/almasb/fxgl/17.2/fxgl-17.2.jar!/fxglassets/textures/fxgl_default_cursor.png
17:35:43.398 [JavaFX Application Thread] DEBUG Input                - Registered new binding: Screenshot - CTRL+8
17:35:43.399 [JavaFX Application Thread] DEBUG Input                - Registered new binding: System info dump - CTRL+9
17:35:43.400 [JavaFX Application Thread] DEBUG Input                - Registered new binding: Restart - CTRL+R
17:35:43.401 [JavaFX Application Thread] DEBUG Input                - Registered new binding: Toggle Debug Camera - CTRL+7
17:35:43.404 [JavaFX Application Thread] DEBUG LoopRunner           - Starting loop
17:35:43.404 [JavaFX Application Thread] DEBUG LoopRunner           - Initializing JavaFX AnimationTimerLoop
17:35:43.409 [JavaFX Application Thread] DEBUG Input                - Clearing active input actions
17:35:43.425 [JavaFX Application Thread] DEBUG GameApplicationServi - Removing overlay from FXGLStartupScene and adding to FXGLMainMenuDummyScene
17:35:43.425 [JavaFX Application Thread] DEBUG PrimaryStageWindow   - FXGLStartupScene -> FXGLMainMenuDummyScene
17:35:43.426 [JavaFX Application Thread] DEBUG PrimaryStageWindow   - Push state: DawnseekerMenu
17:35:43.426 [JavaFX Application Thread] DEBUG Input                - Clearing active input actions
17:35:43.432 [JavaFX Application Thread] DEBUG GameApplicationServi - Removing overlay from FXGLMainMenuDummyScene and adding to DawnseekerMenu
17:35:43.433 [JavaFX Application Thread] DEBUG PrimaryStageWindow   - FXGLMainMenuDummyScene -> DawnseekerMenu
17:35:43.440 [FXGL Background Thread 4 ] DEBUG FXGLAssetLoaderServi - Loading from file system: jar:file:/C:/Users/narro/.m2/repository/com/github/almasb/fxgl/17.2/fxgl-17.2.jar!/fxglassets/ui/fonts/Abel-Regular.ttf
17:35:43.454 [FXGL Background Thread 4 ] DEBUG FXGLAssetLoaderServi - Loading from file system: jar:file:/C:/Users/narro/.m2/repository/com/github/almasb/fxgl/17.2/fxgl-17.2.jar!/fxglassets/ui/fonts/TerminalLandMono-Regular.otf
17:35:43.470 [FXGL Background Thread 4 ] DEBUG FXGLAssetLoaderServi - Loading from file system: jar:file:/C:/Users/narro/.m2/repository/com/github/almasb/fxgl/17.2/fxgl-17.2.jar!/fxglassets/ui/fonts/Courier-Prime.ttf
17:35:43.490 [JavaFX Application Thread] DEBUG FXGLApplication      - Registering font factories with UI factory
17:35:44.206 [FXGL Background Thread 2 ] INFO  UpdaterService       - Your current version:  17.2
17:35:44.206 [FXGL Background Thread 2 ] INFO  UpdaterService       - Latest stable version: 17.3
17:35:44.747 [JavaFX Application Thread] DEBUG Menu                 - fireNewGame()
17:35:44.747 [JavaFX Application Thread] DEBUG GameApplicationServi - Starting new game
17:35:44.748 [JavaFX Application Thread] DEBUG PrimaryStageWindow   - Pop state: DawnseekerMenu
17:35:44.748 [JavaFX Application Thread] DEBUG Input                - Clearing active input actions
17:35:44.749 [JavaFX Application Thread] DEBUG GameApplicationServi - Removing overlay from DawnseekerMenu and adding to FXGLMainMenuDummyScene
17:35:44.751 [JavaFX Application Thread] DEBUG PrimaryStageWindow   - FXGLMainMenuDummyScene <- DawnseekerMenu
17:35:44.751 [JavaFX Application Thread] DEBUG Input                - Clearing active input actions
17:35:44.781 [JavaFX Application Thread] DEBUG GameApplicationServi - Removing overlay from FXGLMainMenuDummyScene and adding to FXGLLoadingScene
17:35:44.782 [JavaFX Application Thread] DEBUG PrimaryStageWindow   - FXGLMainMenuDummyScene -> FXGLLoadingScene
17:35:44.782 [JavaFX Application Thread] DEBUG GameApplicationServi - Clearing previous game
17:35:44.782 [JavaFX Application Thread] DEBUG GameScene            - Clearing game scene
17:35:44.782 [JavaFX Application Thread] DEBUG GameWorld            - Clearing game world
17:35:44.782 [JavaFX Application Thread] DEBUG PhysicsWorld         - Clearing physics world
17:35:44.786 [FXGL Background Thread 2 ] DEBUG FXGLApplication      - Initializing game
17:35:44.793 [FXGL Background Thread 2 ] DEBUG FXGLAssetLoaderServi - Loading from file system: file:/C:/Users/narro/git/CS4900G2Proj2/Dawnseeker/target/classes/assets/music/heartache.mp3
17:35:44.796 [FXGL Background Thread 2 ] DEBUG AudioPlayer          - Playing music com.almasb.fxgl.audio.Music@45cd1898
17:35:44.819 [FXGL Background Thread 2 ] DEBUG FXGLAssetLoaderServi - Loading from file system: file:/C:/Users/narro/git/CS4900G2Proj2/Dawnseeker/target/classes/assets/textures/DawnseekerPCV2.png
17:35:44.828 [FXGL Background Thread 2 ] DEBUG FXGLAssetLoaderServi - Loading from file system: file:/C:/Users/narro/git/CS4900G2Proj2/Dawnseeker/target/classes/assets/textures/DawnseekerPCV2Down.png
17:35:44.832 [FXGL Background Thread 2 ] DEBUG FXGLAssetLoaderServi - Loading from file system: file:/C:/Users/narro/git/CS4900G2Proj2/Dawnseeker/target/classes/assets/textures/DawnseekerPCV2Up.png
17:35:44.834 [FXGL Background Thread 2 ] DEBUG FXGLAssetLoaderServi - Loading from file system: file:/C:/Users/narro/git/CS4900G2Proj2/Dawnseeker/target/classes/assets/textures/DawnseekerPCV2Right.png
17:35:44.835 [FXGL Background Thread 2 ] DEBUG FXGLAssetLoaderServi - Loading from file system: file:/C:/Users/narro/git/CS4900G2Proj2/Dawnseeker/target/classes/assets/textures/DawnseekerPCV2Left.png
17:35:44.863 [FXGL Background Thread 2 ] WARN  GameWorld            - Entity is already attached to world
17:35:44.864 [FXGL Background Thread 2 ] WARN  Entity               - Entity already has component: com.almasb.fxgl.entity.components.CollidableComponent
17:35:44.865 [FXGL Background Thread 2 ] WARN  GameWorld            - Entity is already attached to world
17:35:44.866 [FXGL Background Thread 2 ] WARN  Entity               - Entity already has component: com.almasb.fxgl.entity.components.CollidableComponent
17:35:44.867 [FXGL Background Thread 2 ] WARN  GameWorld            - Entity is already attached to world
17:35:44.868 [FXGL Background Thread 2 ] WARN  Entity               - Entity already has component: com.almasb.fxgl.entity.components.CollidableComponent
17:35:44.869 [FXGL Background Thread 2 ] WARN  GameWorld            - Entity is already attached to world
17:35:44.870 [FXGL Background Thread 2 ] WARN  Entity               - Entity already has component: com.almasb.fxgl.entity.components.CollidableComponent
17:35:44.871 [FXGL Background Thread 2 ] WARN  GameWorld            - Entity is already attached to world
17:35:44.872 [FXGL Background Thread 2 ] WARN  GameWorld            - Entity is already attached to world
17:35:44.873 [FXGL Background Thread 2 ] WARN  GameWorld            - Entity is already attached to world
17:35:44.905 [FXGL Background Thread 2 ] INFO  FXGLApplication      - Game initialization took: 0.119 sec
17:35:44.912 [JavaFX Application Thread] DEBUG Input                - Clearing active input actions
17:35:44.931 [JavaFX Application Thread] DEBUG GameApplicationServi - Removing overlay from FXGLLoadingScene and adding to GameScene
17:35:44.932 [JavaFX Application Thread] DEBUG PrimaryStageWindow   - FXGLLoadingScene -> GameScene
17:35:45.833 [JavaFX Application Thread] DEBUG FXGLAssetLoaderServi - Loading from file system: file:/C:/Users/narro/git/CS4900G2Proj2/Dawnseeker/target/classes/assets/textures/EnemyDawnseeker.png
17:35:45.843 [JavaFX Application Thread] DEBUG FXGLAssetLoaderServi - Loading from file system: file:/C:/Users/narro/git/CS4900G2Proj2/Dawnseeker/target/classes/assets/textures/sussy.gif
17:35:46.312 [FXGL Background Thread 3 ] DEBUG Engine               - Logging environment variables
17:35:46.314 [FXGL Background Thread 3 ] DEBUG Engine               - achievements: []
17:35:46.314 [FXGL Background Thread 3 ] DEBUG Engine               - actualHeight: 824.0
17:35:46.314 [FXGL Background Thread 3 ] DEBUG Engine               - actualHeightProperty: ReadOnlyDoubleProperty [value: 824.0]
17:35:46.315 [FXGL Background Thread 3 ] DEBUG Engine               - actualWidth: 799.0
17:35:46.315 [FXGL Background Thread 3 ] DEBUG Engine               - actualWidthProperty: ReadOnlyDoubleProperty [value: 799.0]
17:35:46.315 [FXGL Background Thread 3 ] DEBUG Engine               - appIcon: fxgl_icon.png
17:35:46.315 [FXGL Background Thread 3 ] DEBUG Engine               - applicationMode: DEVELOPER
17:35:46.315 [FXGL Background Thread 3 ] DEBUG Engine               - cSSList: [fxgl_dark.css]
17:35:46.315 [FXGL Background Thread 3 ] DEBUG Engine               - collisionDetectionStrategy: BRUTE_FORCE
17:35:46.315 [FXGL Background Thread 3 ] DEBUG Engine               - configClass: Optional.empty
17:35:46.315 [FXGL Background Thread 3 ] DEBUG Engine               - credits: []
17:35:46.316 [FXGL Background Thread 3 ] DEBUG Engine               - defaultCursor: CursorInfo(imageName=fxgl_default_cursor.png, hotspotX=7.0, hotspotY=6.0)
17:35:46.317 [FXGL Background Thread 3 ] DEBUG Engine               - devBBoxColorProperty: ObjectProperty [value: 0xff0000ff]
17:35:46.317 [FXGL Background Thread 3 ] DEBUG Engine               - devEnableDebugCameraProperty: BooleanProperty [value: false]
17:35:46.317 [FXGL Background Thread 3 ] DEBUG Engine               - devSensorColorProperty: ObjectProperty [value: 0xffff00ff]
17:35:46.318 [FXGL Background Thread 3 ] DEBUG Engine               - devShowBBoxProperty: BooleanProperty [value: false]
17:35:46.318 [FXGL Background Thread 3 ] DEBUG Engine               - devShowPositionProperty: BooleanProperty [value: false]
17:35:46.318 [FXGL Background Thread 3 ] DEBUG Engine               - enabledMenuItems: []
17:35:46.318 [FXGL Background Thread 3 ] DEBUG Engine               - engineServices: [class com.almasb.fxgl.app.services.FXGLAssetLoaderService, class com.almasb.fxgl.app.FXGLApplication$GameApplicationService, class com.almasb.fxgl.app.services.FXGLDialogService, class com.almasb.fxgl.app.services.IOTaskExecutorService, class com.almasb.fxgl.io.FileSystemService, class com.almasb.fxgl.localization.LocalizationService, class com.almasb.fxgl.app.services.SystemBundleService, class com.almasb.fxgl.profile.SaveLoadService, class com.almasb.fxgl.ui.FXGLUIFactoryServiceProvider, class com.almasb.fxgl.ui.FXGLDialogFactoryServiceProvider, class com.almasb.fxgl.audio.AudioPlayer, class com.almasb.fxgl.notification.impl.NotificationServiceProvider, class com.almasb.fxgl.achievement.AchievementService, class com.almasb.fxgl.cutscene.CutsceneService, class com.almasb.fxgl.minigames.MiniGameService, class com.almasb.fxgl.net.NetService, class com.almasb.fxgl.app.services.UpdaterService, class com.almasb.fxgl.dev.DevService]
17:35:46.318 [FXGL Background Thread 3 ] DEBUG Engine               - fontGame: Abel-Regular.ttf
17:35:46.318 [FXGL Background Thread 3 ] DEBUG Engine               - fontMono: TerminalLandMono-Regular.otf
17:35:46.318 [FXGL Background Thread 3 ] DEBUG Engine               - fontText: Courier-Prime.ttf
17:35:46.318 [FXGL Background Thread 3 ] DEBUG Engine               - fontUI: VarelaRound-Regular.ttf
17:35:46.318 [FXGL Background Thread 3 ] DEBUG Engine               - fullScreen: BooleanProperty [value: false]
17:35:46.318 [FXGL Background Thread 3 ] DEBUG Engine               - gameDifficulty: MEDIUM
17:35:46.318 [FXGL Background Thread 3 ] DEBUG Engine               - gameDifficultyProperty: ObjectProperty [value: MEDIUM]
17:35:46.318 [FXGL Background Thread 3 ] DEBUG Engine               - globalMusicVolume: 0.5
17:35:46.319 [FXGL Background Thread 3 ] DEBUG Engine               - globalMusicVolumeProperty: DoubleProperty [value: 0.5]
17:35:46.319 [FXGL Background Thread 3 ] DEBUG Engine               - globalSoundVolume: 0.5
17:35:46.319 [FXGL Background Thread 3 ] DEBUG Engine               - globalSoundVolumeProperty: DoubleProperty [value: 0.5]
17:35:46.319 [FXGL Background Thread 3 ] DEBUG Engine               - height: 1024
17:35:46.319 [FXGL Background Thread 3 ] DEBUG Engine               - is3D: false
17:35:46.319 [FXGL Background Thread 3 ] DEBUG Engine               - isAndroid: false
17:35:46.319 [FXGL Background Thread 3 ] DEBUG Engine               - isBrowser: false
17:35:46.319 [FXGL Background Thread 3 ] DEBUG Engine               - isClickFeedbackEnabled: false
17:35:46.319 [FXGL Background Thread 3 ] DEBUG Engine               - isCloseConfirmation: false
17:35:46.319 [FXGL Background Thread 3 ] DEBUG Engine               - isDesktop: true
17:35:46.320 [FXGL Background Thread 3 ] DEBUG Engine               - isDeveloperMenuEnabled: false
17:35:46.320 [FXGL Background Thread 3 ] DEBUG Engine               - isEmbedded: false
17:35:46.320 [FXGL Background Thread 3 ] DEBUG Engine               - isEntityPreloadEnabled: true
17:35:46.320 [FXGL Background Thread 3 ] DEBUG Engine               - isExperimentalTiledLargeMap: false
17:35:46.320 [FXGL Background Thread 3 ] DEBUG Engine               - isFileSystemWriteAllowed: true
17:35:46.320 [FXGL Background Thread 3 ] DEBUG Engine               - isFullScreenAllowed: false
17:35:46.320 [FXGL Background Thread 3 ] DEBUG Engine               - isFullScreenFromStart: false
17:35:46.320 [FXGL Background Thread 3 ] DEBUG Engine               - isGameMenuEnabled: true
17:35:46.320 [FXGL Background Thread 3 ] DEBUG Engine               - isIOS: false
17:35:46.320 [FXGL Background Thread 3 ] DEBUG Engine               - isIntroEnabled: false
17:35:46.320 [FXGL Background Thread 3 ] DEBUG Engine               - isLinux: false
17:35:46.320 [FXGL Background Thread 3 ] DEBUG Engine               - isMac: false
17:35:46.320 [FXGL Background Thread 3 ] DEBUG Engine               - isMainMenuEnabled: true
17:35:46.321 [FXGL Background Thread 3 ] DEBUG Engine               - isManualResizeEnabled: false
17:35:46.321 [FXGL Background Thread 3 ] DEBUG Engine               - isMobile: false
17:35:46.321 [FXGL Background Thread 3 ] DEBUG Engine               - isNative: false
17:35:46.321 [FXGL Background Thread 3 ] DEBUG Engine               - isPauseMusicWhenMinimized: true
17:35:46.321 [FXGL Background Thread 3 ] DEBUG Engine               - isPreserveResizeRatio: false
17:35:46.321 [FXGL Background Thread 3 ] DEBUG Engine               - isProfilingEnabled: false
17:35:46.321 [FXGL Background Thread 3 ] DEBUG Engine               - isScaleAffectedOnResize: true
17:35:46.321 [FXGL Background Thread 3 ] DEBUG Engine               - isSingleStep: false
17:35:46.321 [FXGL Background Thread 3 ] DEBUG Engine               - isUserProfileEnabled: false
17:35:46.321 [FXGL Background Thread 3 ] DEBUG Engine               - isWindows: true
17:35:46.321 [FXGL Background Thread 3 ] DEBUG Engine               - language: ObjectProperty [value: ENGLISH]
17:35:46.321 [FXGL Background Thread 3 ] DEBUG Engine               - menuKey: ESCAPE
17:35:46.322 [FXGL Background Thread 3 ] DEBUG Engine               - mouseSensitivity: 0.2
17:35:46.322 [FXGL Background Thread 3 ] DEBUG Engine               - notificationViewClass: class com.almasb.fxgl.notification.view.XboxNotificationView
17:35:46.322 [FXGL Background Thread 3 ] DEBUG Engine               - pixelsPerMeter: 50.0
17:35:46.322 [FXGL Background Thread 3 ] DEBUG Engine               - platform: WINDOWS
17:35:46.322 [FXGL Background Thread 3 ] DEBUG Engine               - prefHeightProperty: ReadOnlyDoubleProperty [value: 1024.0]
17:35:46.322 [FXGL Background Thread 3 ] DEBUG Engine               - prefWidthProperty: ReadOnlyDoubleProperty [value: 1024.0]
17:35:46.322 [FXGL Background Thread 3 ] DEBUG Engine               - profileDir: profiles/
17:35:46.322 [FXGL Background Thread 3 ] DEBUG Engine               - profileName: StringProperty [value: DEFAULT]
17:35:46.322 [FXGL Background Thread 3 ] DEBUG Engine               - randomSeed: -1
17:35:46.323 [FXGL Background Thread 3 ] DEBUG Engine               - runtimeInfo: RuntimeInfo(platform=WINDOWS, version=17.2, build=20.08.2022 16.50)
17:35:46.323 [FXGL Background Thread 3 ] DEBUG Engine               - saveFileExt: sav
17:35:46.323 [FXGL Background Thread 3 ] DEBUG Engine               - scaledHeightProp$fxgl: DoubleProperty [bound, value: 824.0]
17:35:46.323 [FXGL Background Thread 3 ] DEBUG Engine               - scaledWidthProp$fxgl: DoubleProperty [bound, value: 799.0]
17:35:46.323 [FXGL Background Thread 3 ] DEBUG Engine               - sceneFactory: myGame.DawnseekerApp$1@f423c8
17:35:46.323 [FXGL Background Thread 3 ] DEBUG Engine               - secondsIn24h: 60
17:35:46.323 [FXGL Background Thread 3 ] DEBUG Engine               - soundMenuBack: menu/back.wav
17:35:46.323 [FXGL Background Thread 3 ] DEBUG Engine               - soundMenuPress: menu/press.wav
17:35:46.323 [FXGL Background Thread 3 ] DEBUG Engine               - soundMenuSelect: menu/select.wav
17:35:46.323 [FXGL Background Thread 3 ] DEBUG Engine               - soundNotification: core/notification.wav
17:35:46.323 [FXGL Background Thread 3 ] DEBUG Engine               - stageStyle: DECORATED
17:35:46.323 [FXGL Background Thread 3 ] DEBUG Engine               - supportedLanguages: [ENGLISH, FRENCH, GERMAN, HUNGARIAN, RUSSIAN]
17:35:46.323 [FXGL Background Thread 3 ] DEBUG Engine               - ticksPerSecond: -1
17:35:46.323 [FXGL Background Thread 3 ] DEBUG Engine               - title: Dawnseeker
17:35:46.324 [FXGL Background Thread 3 ] DEBUG Engine               - urlGithub: https://github.com/AlmasB/FXGL
17:35:46.324 [FXGL Background Thread 3 ] DEBUG Engine               - urlLeaderboard: http://fxgl-top.herokuapp.com/
17:35:46.324 [FXGL Background Thread 3 ] DEBUG Engine               - urlPOM: https://raw.githubusercontent.com/AlmasB/FXGL/release/README.md
17:35:46.324 [FXGL Background Thread 3 ] DEBUG Engine               - userAppClass: class myGame.DawnseekerApp
17:35:46.324 [FXGL Background Thread 3 ] DEBUG Engine               - version: 0.4
17:35:46.324 [FXGL Background Thread 3 ] DEBUG Engine               - versionCheckDays: 7
17:35:46.324 [FXGL Background Thread 3 ] DEBUG Engine               - width: 1024
17:35:46.324 [FXGL Background Thread 3 ] DEBUG Engine               - Logging services
17:35:46.324 [FXGL Background Thread 3 ] DEBUG Engine               - class com.almasb.fxgl.app.services.FXGLAssetLoaderService
17:35:46.324 [FXGL Background Thread 3 ] DEBUG Engine               - class com.almasb.fxgl.app.FXGLApplication$GameApplicationService
17:35:46.324 [FXGL Background Thread 3 ] DEBUG Engine               - class com.almasb.fxgl.app.services.FXGLDialogService
17:35:46.324 [FXGL Background Thread 3 ] DEBUG Engine               - class com.almasb.fxgl.app.services.IOTaskExecutorService
17:35:46.324 [FXGL Background Thread 3 ] DEBUG Engine               - class com.almasb.fxgl.io.FileSystemService
17:35:46.324 [FXGL Background Thread 3 ] DEBUG Engine               - class com.almasb.fxgl.localization.LocalizationService
17:35:46.324 [FXGL Background Thread 3 ] DEBUG Engine               - class com.almasb.fxgl.app.services.SystemBundleService
17:35:46.324 [FXGL Background Thread 3 ] DEBUG Engine               - class com.almasb.fxgl.profile.SaveLoadService
17:35:46.325 [FXGL Background Thread 3 ] DEBUG Engine               - class com.almasb.fxgl.ui.FXGLUIFactoryServiceProvider
17:35:46.325 [FXGL Background Thread 3 ] DEBUG Engine               - class com.almasb.fxgl.ui.FXGLDialogFactoryServiceProvider
17:35:46.325 [FXGL Background Thread 3 ] DEBUG Engine               - class com.almasb.fxgl.audio.AudioPlayer
17:35:46.325 [FXGL Background Thread 3 ] DEBUG Engine               - class com.almasb.fxgl.notification.impl.NotificationServiceProvider
17:35:46.325 [FXGL Background Thread 3 ] DEBUG Engine               - class com.almasb.fxgl.achievement.AchievementService
17:35:46.325 [FXGL Background Thread 3 ] DEBUG Engine               - class com.almasb.fxgl.cutscene.CutsceneService
17:35:46.325 [FXGL Background Thread 3 ] DEBUG Engine               - class com.almasb.fxgl.minigames.MiniGameService
17:35:46.325 [FXGL Background Thread 3 ] DEBUG Engine               - class com.almasb.fxgl.net.NetService
17:35:46.325 [FXGL Background Thread 3 ] DEBUG Engine               - class com.almasb.fxgl.app.services.UpdaterService
17:35:46.325 [FXGL Background Thread 3 ] DEBUG Engine               - class com.almasb.fxgl.dev.DevService
17:35:47.826 [JavaFX Application Thread] DEBUG FXGLAssetLoaderServi - Loading from file system: file:/C:/Users/narro/git/CS4900G2Proj2/Dawnseeker/target/classes/assets/sounds/player_oof.wav
17:35:48.732 [JavaFX Application Thread] DEBUG FXGLAssetLoaderServi - Loading from file system: file:/C:/Users/narro/git/CS4900G2Proj2/Dawnseeker/target/classes/assets/sounds/yoda_death.wav
17:35:48.740 [JavaFX Application Thread] DEBUG AudioPlayer          - Stopping music com.almasb.fxgl.audio.Music@3e6d01e0
17:35:48.743 [JavaFX Application Thread] DEBUG AudioPlayer          - Stopping music com.almasb.fxgl.audio.Music@45cd1898
17:35:48.745 [JavaFX Application Thread] DEBUG Input                - Clearing active input actions
17:35:48.757 [JavaFX Application Thread] DEBUG GameApplicationServi - Removing overlay from GameScene and adding to FXGLMainMenuDummyScene
17:35:48.758 [JavaFX Application Thread] DEBUG PrimaryStageWindow   - GameScene -> FXGLMainMenuDummyScene
17:35:48.758 [JavaFX Application Thread] DEBUG PrimaryStageWindow   - Push state: DawnseekerMenu
17:35:48.758 [JavaFX Application Thread] DEBUG Input                - Clearing active input actions
17:35:48.758 [JavaFX Application Thread] DEBUG GameApplicationServi - Removing overlay from FXGLMainMenuDummyScene and adding to DawnseekerMenu
17:35:48.759 [JavaFX Application Thread] DEBUG PrimaryStageWindow   - FXGLMainMenuDummyScene -> DawnseekerMenu
17:35:48.759 [JavaFX Application Thread] DEBUG AudioPlayer          - Playing music com.almasb.fxgl.audio.Music@3e6d01e0
17:35:50.389 [JavaFX Application Thread] DEBUG Menu                 - fireNewGame()
17:35:50.389 [JavaFX Application Thread] DEBUG GameApplicationServi - Starting new game
17:35:50.389 [JavaFX Application Thread] DEBUG PrimaryStageWindow   - Pop state: DawnseekerMenu
17:35:50.389 [JavaFX Application Thread] DEBUG Input                - Clearing active input actions
17:35:50.390 [JavaFX Application Thread] DEBUG GameApplicationServi - Removing overlay from DawnseekerMenu and adding to FXGLMainMenuDummyScene
17:35:50.391 [JavaFX Application Thread] DEBUG PrimaryStageWindow   - FXGLMainMenuDummyScene <- DawnseekerMenu
17:35:50.391 [JavaFX Application Thread] DEBUG Input                - Clearing active input actions
17:35:50.405 [JavaFX Application Thread] DEBUG GameApplicationServi - Removing overlay from FXGLMainMenuDummyScene and adding to FXGLLoadingScene
17:35:50.406 [JavaFX Application Thread] DEBUG PrimaryStageWindow   - FXGLMainMenuDummyScene -> FXGLLoadingScene
17:35:50.406 [JavaFX Application Thread] DEBUG GameApplicationServi - Clearing previous game
17:35:50.406 [JavaFX Application Thread] DEBUG GameScene            - Clearing game scene
17:35:50.406 [JavaFX Application Thread] DEBUG GameWorld            - Clearing game world
17:35:50.414 [JavaFX Application Thread] DEBUG PhysicsWorld         - Clearing physics world
17:35:50.415 [FXGL Background Thread 2 ] DEBUG FXGLApplication      - Initializing game
17:35:50.417 [FXGL Background Thread 2 ] DEBUG AudioPlayer          - Playing music com.almasb.fxgl.audio.Music@45cd1898
17:35:50.423 [FXGL Background Thread 2 ] WARN  GameWorld            - Entity is already attached to world
17:35:50.424 [FXGL Background Thread 2 ] WARN  Entity               - Entity already has component: com.almasb.fxgl.entity.components.CollidableComponent
17:35:50.425 [FXGL Background Thread 2 ] WARN  GameWorld            - Entity is already attached to world
17:35:50.426 [FXGL Background Thread 2 ] WARN  Entity               - Entity already has component: com.almasb.fxgl.entity.components.CollidableComponent
17:35:50.427 [FXGL Background Thread 2 ] WARN  GameWorld            - Entity is already attached to world
17:35:50.428 [FXGL Background Thread 2 ] WARN  Entity               - Entity already has component: com.almasb.fxgl.entity.components.CollidableComponent
17:35:50.428 [FXGL Background Thread 2 ] WARN  GameWorld            - Entity is already attached to world
17:35:50.430 [FXGL Background Thread 2 ] WARN  Entity               - Entity already has component: com.almasb.fxgl.entity.components.CollidableComponent
17:35:50.431 [FXGL Background Thread 2 ] WARN  GameWorld            - Entity is already attached to world
17:35:50.433 [FXGL Background Thread 2 ] WARN  GameWorld            - Entity is already attached to world
17:35:50.435 [FXGL Background Thread 2 ] WARN  GameWorld            - Entity is already attached to world
17:35:50.440 [FXGL Background Thread 2 ] INFO  FXGLApplication      - Game initialization took: 0.026 sec
17:35:50.449 [JavaFX Application Thread] DEBUG Input                - Clearing active input actions
17:35:50.464 [JavaFX Application Thread] DEBUG GameApplicationServi - Removing overlay from FXGLLoadingScene and adding to GameScene
17:35:50.465 [JavaFX Application Thread] DEBUG PrimaryStageWindow   - FXGLLoadingScene -> GameScene
17:35:55.195 [JavaFX Application Thread] DEBUG AudioPlayer          - Stopping music com.almasb.fxgl.audio.Music@3e6d01e0
17:35:55.195 [JavaFX Application Thread] DEBUG AudioPlayer          - Stopping music com.almasb.fxgl.audio.Music@45cd1898
17:35:55.196 [JavaFX Application Thread] DEBUG Input                - Clearing active input actions
17:35:55.204 [JavaFX Application Thread] DEBUG GameApplicationServi - Removing overlay from GameScene and adding to FXGLMainMenuDummyScene
17:35:55.205 [JavaFX Application Thread] DEBUG PrimaryStageWindow   - GameScene -> FXGLMainMenuDummyScene
17:35:55.205 [JavaFX Application Thread] DEBUG PrimaryStageWindow   - Push state: DawnseekerMenu
17:35:55.205 [JavaFX Application Thread] DEBUG Input                - Clearing active input actions
17:35:55.205 [JavaFX Application Thread] DEBUG GameApplicationServi - Removing overlay from FXGLMainMenuDummyScene and adding to DawnseekerMenu
17:35:55.206 [JavaFX Application Thread] DEBUG PrimaryStageWindow   - FXGLMainMenuDummyScene -> DawnseekerMenu
17:35:55.206 [JavaFX Application Thread] DEBUG AudioPlayer          - Playing music com.almasb.fxgl.audio.Music@3e6d01e0
17:35:56.733 [JavaFX Application Thread] DEBUG Menu                 - fireNewGame()
17:35:56.733 [JavaFX Application Thread] DEBUG GameApplicationServi - Starting new game
17:35:56.733 [JavaFX Application Thread] DEBUG PrimaryStageWindow   - Pop state: DawnseekerMenu
17:35:56.733 [JavaFX Application Thread] DEBUG Input                - Clearing active input actions
17:35:56.734 [JavaFX Application Thread] DEBUG GameApplicationServi - Removing overlay from DawnseekerMenu and adding to FXGLMainMenuDummyScene
17:35:56.734 [JavaFX Application Thread] DEBUG PrimaryStageWindow   - FXGLMainMenuDummyScene <- DawnseekerMenu
17:35:56.735 [JavaFX Application Thread] DEBUG Input                - Clearing active input actions
17:35:56.744 [JavaFX Application Thread] DEBUG GameApplicationServi - Removing overlay from FXGLMainMenuDummyScene and adding to FXGLLoadingScene
17:35:56.744 [JavaFX Application Thread] DEBUG PrimaryStageWindow   - FXGLMainMenuDummyScene -> FXGLLoadingScene
17:35:56.744 [JavaFX Application Thread] DEBUG GameApplicationServi - Clearing previous game
17:35:56.744 [JavaFX Application Thread] DEBUG GameScene            - Clearing game scene
17:35:56.744 [JavaFX Application Thread] DEBUG GameWorld            - Clearing game world
17:35:56.747 [JavaFX Application Thread] DEBUG PhysicsWorld         - Clearing physics world
17:35:56.748 [FXGL Background Thread 2 ] DEBUG FXGLApplication      - Initializing game
17:35:56.750 [FXGL Background Thread 2 ] DEBUG AudioPlayer          - Playing music com.almasb.fxgl.audio.Music@45cd1898
17:35:56.757 [FXGL Background Thread 2 ] WARN  GameWorld            - Entity is already attached to world
17:35:56.759 [FXGL Background Thread 2 ] WARN  Entity               - Entity already has component: com.almasb.fxgl.entity.components.CollidableComponent
17:35:56.759 [FXGL Background Thread 2 ] WARN  GameWorld            - Entity is already attached to world
17:35:56.761 [FXGL Background Thread 2 ] WARN  Entity               - Entity already has component: com.almasb.fxgl.entity.components.CollidableComponent
17:35:56.762 [FXGL Background Thread 2 ] WARN  GameWorld            - Entity is already attached to world
17:35:56.763 [FXGL Background Thread 2 ] WARN  Entity               - Entity already has component: com.almasb.fxgl.entity.components.CollidableComponent
17:35:56.764 [FXGL Background Thread 2 ] WARN  GameWorld            - Entity is already attached to world
17:35:56.765 [FXGL Background Thread 2 ] WARN  Entity               - Entity already has component: com.almasb.fxgl.entity.components.CollidableComponent
17:35:56.766 [FXGL Background Thread 2 ] WARN  GameWorld            - Entity is already attached to world
17:35:56.767 [FXGL Background Thread 2 ] WARN  GameWorld            - Entity is already attached to world
17:35:56.769 [FXGL Background Thread 2 ] WARN  GameWorld            - Entity is already attached to world
17:35:56.775 [FXGL Background Thread 2 ] INFO  FXGLApplication      - Game initialization took: 0.027 sec
17:35:56.787 [JavaFX Application Thread] DEBUG Input                - Clearing active input actions
17:35:56.797 [JavaFX Application Thread] DEBUG GameApplicationServi - Removing overlay from FXGLLoadingScene and adding to GameScene
17:35:56.798 [JavaFX Application Thread] DEBUG PrimaryStageWindow   - FXGLLoadingScene -> GameScene
17:36:02.656 [JavaFX Application Thread] DEBUG AudioPlayer          - Stopping music com.almasb.fxgl.audio.Music@3e6d01e0
17:36:02.658 [JavaFX Application Thread] DEBUG AudioPlayer          - Stopping music com.almasb.fxgl.audio.Music@45cd1898
17:36:02.659 [JavaFX Application Thread] DEBUG Input                - Clearing active input actions
17:36:02.677 [JavaFX Application Thread] DEBUG GameApplicationServi - Removing overlay from GameScene and adding to FXGLMainMenuDummyScene
17:36:02.678 [JavaFX Application Thread] DEBUG PrimaryStageWindow   - GameScene -> FXGLMainMenuDummyScene
17:36:02.678 [JavaFX Application Thread] DEBUG PrimaryStageWindow   - Push state: DawnseekerMenu
17:36:02.678 [JavaFX Application Thread] DEBUG Input                - Clearing active input actions
17:36:02.679 [JavaFX Application Thread] DEBUG GameApplicationServi - Removing overlay from FXGLMainMenuDummyScene and adding to DawnseekerMenu
17:36:02.679 [JavaFX Application Thread] DEBUG PrimaryStageWindow   - FXGLMainMenuDummyScene -> DawnseekerMenu
17:36:02.679 [JavaFX Application Thread] DEBUG AudioPlayer          - Playing music com.almasb.fxgl.audio.Music@3e6d01e0
17:36:04.169 [JavaFX Application Thread] DEBUG Menu                 - fireNewGame()
17:36:04.170 [JavaFX Application Thread] DEBUG GameApplicationServi - Starting new game
17:36:04.170 [JavaFX Application Thread] DEBUG PrimaryStageWindow   - Pop state: DawnseekerMenu
17:36:04.170 [JavaFX Application Thread] DEBUG Input                - Clearing active input actions
17:36:04.170 [JavaFX Application Thread] DEBUG GameApplicationServi - Removing overlay from DawnseekerMenu and adding to FXGLMainMenuDummyScene
17:36:04.171 [JavaFX Application Thread] DEBUG PrimaryStageWindow   - FXGLMainMenuDummyScene <- DawnseekerMenu
17:36:04.171 [JavaFX Application Thread] DEBUG Input                - Clearing active input actions
17:36:04.179 [JavaFX Application Thread] DEBUG GameApplicationServi - Removing overlay from FXGLMainMenuDummyScene and adding to FXGLLoadingScene
17:36:04.179 [JavaFX Application Thread] DEBUG PrimaryStageWindow   - FXGLMainMenuDummyScene -> FXGLLoadingScene
17:36:04.179 [JavaFX Application Thread] DEBUG GameApplicationServi - Clearing previous game
17:36:04.179 [JavaFX Application Thread] DEBUG GameScene            - Clearing game scene
17:36:04.179 [JavaFX Application Thread] DEBUG GameWorld            - Clearing game world
17:36:04.183 [JavaFX Application Thread] DEBUG PhysicsWorld         - Clearing physics world
17:36:04.183 [FXGL Background Thread 2 ] DEBUG FXGLApplication      - Initializing game
17:36:04.185 [FXGL Background Thread 2 ] DEBUG AudioPlayer          - Playing music com.almasb.fxgl.audio.Music@45cd1898
17:36:04.191 [FXGL Background Thread 2 ] WARN  GameWorld            - Entity is already attached to world
17:36:04.192 [FXGL Background Thread 2 ] WARN  Entity               - Entity already has component: com.almasb.fxgl.entity.components.CollidableComponent
17:36:04.192 [FXGL Background Thread 2 ] WARN  GameWorld            - Entity is already attached to world
17:36:04.193 [FXGL Background Thread 2 ] WARN  Entity               - Entity already has component: com.almasb.fxgl.entity.components.CollidableComponent
17:36:04.193 [FXGL Background Thread 2 ] WARN  GameWorld            - Entity is already attached to world
17:36:04.194 [FXGL Background Thread 2 ] WARN  Entity               - Entity already has component: com.almasb.fxgl.entity.components.CollidableComponent
17:36:04.195 [FXGL Background Thread 2 ] WARN  GameWorld            - Entity is already attached to world
17:36:04.197 [FXGL Background Thread 2 ] WARN  Entity               - Entity already has component: com.almasb.fxgl.entity.components.CollidableComponent
17:36:04.197 [FXGL Background Thread 2 ] WARN  GameWorld            - Entity is already attached to world
17:36:04.199 [FXGL Background Thread 2 ] WARN  GameWorld            - Entity is already attached to world
17:36:04.200 [FXGL Background Thread 2 ] WARN  GameWorld            - Entity is already attached to world
17:36:04.205 [FXGL Background Thread 2 ] INFO  FXGLApplication      - Game initialization took: 0.021 sec
17:36:04.207 [JavaFX Application Thread] DEBUG Input                - Clearing active input actions
17:36:04.218 [JavaFX Application Thread] DEBUG GameApplicationServi - Removing overlay from FXGLLoadingScene and adding to GameScene
17:36:04.219 [JavaFX Application Thread] DEBUG PrimaryStageWindow   - FXGLLoadingScene -> GameScene
17:36:05.367 [JavaFX Application Thread] DEBUG FXGLApplication      - Exiting FXGL
17:36:05.367 [JavaFX Application Thread] DEBUG LoopRunner           - Stopping loop
17:36:05.367 [JavaFX Application Thread] DEBUG SystemBundleService  - Saving FXGL system data
17:36:05.372 [JavaFX Application Thread] DEBUG FileSystemAccess     - Writing to: C:\Users\narro\git\CS4900G2Proj2\Dawnseeker\system\fxgl.bundle
17:36:05.377 [JavaFX Application Thread] DEBUG Async                - Shutting down background threads
17:36:05.378 [JavaFX Application Thread] DEBUG PrimaryStageWindow   - Closing main window
17:36:05.396 [JavaFX Application Thread] DEBUG Logger               - Closing Logger
