11:14:28.533 [main                     ] DEBUG Logger               - Configured Logger
11:14:28.587 [main                     ] DEBUG GameApplication      - Logging settings
Title: Dawnseeker
Version: 0.5
Width: 1920
Height: 1080
Fullscreen: false
Intro: false
Profiling: false
Single step:false
App Mode: DEVELOPER
Menu Key: ESCAPE
Stage Style: DECORATED
Scene Factory: class myGame.DawnseekerApp$1

11:14:29.166 [JavaFX Application Thread] DEBUG FXGLApplication      - Initializing FXGL
11:14:29.171 [JavaFX Application Thread] INFO  Engine               - FXGL-17.2 (20.08.2022 16.50) on WINDOWS (J:19.0.2 FX:18)
11:14:29.171 [JavaFX Application Thread] DEBUG Engine               - JRE Vendor Name: Oracle Corporation
11:14:29.172 [JavaFX Application Thread] DEBUG Engine               - Running on OS: Windows 10 version 10.0
11:14:29.172 [JavaFX Application Thread] DEBUG Engine               - Architecture: amd64
11:14:29.172 [JavaFX Application Thread] INFO  Engine               - Source code and latest versions at: https://github.com/AlmasB/FXGL
11:14:29.172 [JavaFX Application Thread] INFO  Engine               -       Ask questions and discuss at: https://github.com/AlmasB/FXGL/discussions
11:14:29.172 [JavaFX Application Thread] INFO  Engine               -              Join the FXGL chat at: https://gitter.im/AlmasB/FXGL
11:14:29.299 [JavaFX Application Thread] DEBUG PrimaryStageWindow   - Creating a JavaFX scene
11:14:29.300 [JavaFX Application Thread] DEBUG PrimaryStageWindow   - Target size > screen size
11:14:29.375 [JavaFX Application Thread] DEBUG PrimaryStageWindow   - Target settings size: 1920.0 x 1080.0
11:14:29.375 [JavaFX Application Thread] DEBUG PrimaryStageWindow   - Scaled scene size:    1439.0 x 823.0
11:14:29.376 [JavaFX Application Thread] DEBUG PrimaryStageWindow   - Scaled ratio: (0.7494791666666667, 0.7620370370370371)
11:14:29.377 [JavaFX Application Thread] DEBUG PrimaryStageWindow   - Set initial scene to FXGLStartupScene
11:14:29.384 [JavaFX Application Thread] DEBUG PrimaryStageWindow   - Opening main window
11:14:29.494 [JavaFX Application Thread] DEBUG PrimaryStageWindow   - Window border size: (14.5999755859375, 37.79998779296875)
11:14:29.494 [JavaFX Application Thread] DEBUG PrimaryStageWindow   - Scaled size: 1439.0 x 823.0
11:14:29.495 [JavaFX Application Thread] DEBUG PrimaryStageWindow   - Scaled ratio: (0.7494791666666667, 0.7620370370370371)
11:14:29.495 [JavaFX Application Thread] DEBUG PrimaryStageWindow   - Scene size: 1439.0 x 823.0
11:14:29.496 [JavaFX Application Thread] DEBUG PrimaryStageWindow   - Stage size: 1453.5999755859375 x 860.7999877929688
11:14:29.511 [FXGL Background Thread 1 ] DEBUG Engine               - Initializing environment variables
11:14:29.600 [FXGL Background Thread 1 ] DEBUG FXGLAssetLoaderServi - User app class for loading assets: class myGame.DawnseekerApp
11:14:29.601 [FXGL Background Thread 1 ] DEBUG GameApplicationServi - Applying CSS: fxgl_dark.css
11:14:29.602 [FXGL Background Thread 1 ] DEBUG FXGLAssetLoaderServi - Loading from file system: jar:file:/C:/Users/narro/.m2/repository/com/github/almasb/fxgl/17.2/fxgl-17.2.jar!/fxglassets/ui/css/fxgl_dark.css
11:14:29.670 [FXGL Background Thread 1 ] DEBUG GameApplicationServi - Initializing application scenes
11:14:29.776 [FXGL Background Thread 1 ] DEBUG GameWorld            - Game world initialized
11:14:29.856 [FXGL Background Thread 1 ] DEBUG PhysicsWorld         - Physics world initialized: appHeight=1080, physics.ppm=50.0
11:14:29.856 [FXGL Background Thread 1 ] DEBUG PhysicsWorld         - Using strategy: BRUTE_FORCE
11:14:29.862 [FXGL Background Thread 1 ] DEBUG GameScene            - Game scene initialized: 1920x1080
11:14:29.863 [FXGL Background Thread 1 ] DEBUG FXGLAssetLoaderServi - Loading from file system: file:/C:/Users/narro/git/CS4900G2Proj2/Dawnseeker/target/classes/assets/music/shop.mp3
11:14:30.171 [FXGL Background Thread 1 ] DEBUG AudioPlayer          - Playing music com.almasb.fxgl.audio.Music@713b2e30
11:14:30.204 [FXGL Background Thread 1 ] DEBUG FXGLAssetLoaderServi - Loading from file system: file:/C:/Users/narro/git/CS4900G2Proj2/Dawnseeker/target/classes/assets/textures/bg2.png
11:14:30.277 [FXGL Background Thread 1 ] DEBUG FXGL.DefaultMenu     - createMenuBodyGameMenu()
11:14:30.290 [FXGL Background Thread 1 ] DEBUG FXGL.DefaultMenu     - createOptionsMenu()
11:14:30.294 [FXGL Background Thread 1 ] DEBUG FXGLAssetLoaderServi - Loading from file system: jar:file:/C:/Users/narro/.m2/repository/com/github/almasb/fxgl/17.2/fxgl-17.2.jar!/fxglassets/textures/particles/smoke.png
11:14:30.372 [FXGL Background Thread 1 ] DEBUG FXGLAssetLoaderServi - Loading from file system: jar:file:/C:/Users/narro/.m2/repository/com/github/almasb/fxgl/17.2/fxgl-17.2.jar!/fxglassets/textures/particles/trace_horizontal.png
11:14:30.389 [FXGL Background Thread 1 ] DEBUG GameApplicationServi - Application scenes initialized
11:14:30.401 [FXGL Background Thread 1 ] DEBUG SystemBundleService  - Loading FXGL system data
11:14:30.406 [FXGL Background Thread 1 ] DEBUG FileSystemAccess     - Reading from: C:\Users\narro\git\CS4900G2Proj2\Dawnseeker\system\fxgl.bundle
11:14:30.417 [FXGL Background Thread 1 ] DEBUG SystemBundleService  - Bundle FXGL: {}
11:14:30.418 [FXGL Background Thread 1 ] DEBUG UpdaterService       - Checking for updates
11:14:30.421 [FXGL Background Thread 4 ] DEBUG FXGLApplication      - Loading fonts
11:14:30.421 [FXGL Background Thread 4 ] DEBUG FXGLAssetLoaderServi - Loading from file system: jar:file:/C:/Users/narro/.m2/repository/com/github/almasb/fxgl/17.2/fxgl-17.2.jar!/fxglassets/ui/fonts/VarelaRound-Regular.ttf
11:14:30.422 [FXGL Background Thread 1 ] DEBUG FXGLApplication      - Loading default localization
11:14:30.422 [FXGL Background Thread 1 ] DEBUG FXGLAssetLoaderServi - Loading from file system: jar:file:/C:/Users/narro/.m2/repository/com/github/almasb/fxgl/17.2/fxgl-17.2.jar!/fxglassets/languages/english.lang
11:14:30.449 [FXGL Background Thread 1 ] INFO  FXGLApplication      - FXGL initialization took: 0.939 sec
11:14:30.455 [JavaFX Application Thread] DEBUG Input                - Registered new binding: action0 - LMB
11:14:30.461 [JavaFX Application Thread] DEBUG Input                - Registered new binding: Up - W
11:14:30.462 [JavaFX Application Thread] DEBUG Input                - Registered new binding: Down - S
11:14:30.462 [JavaFX Application Thread] DEBUG Input                - Registered new binding: Right - D
11:14:30.462 [JavaFX Application Thread] DEBUG Input                - Registered new binding: Left - A
11:14:30.462 [JavaFX Application Thread] DEBUG FXGLAssetLoaderServi - Loading from file system: jar:file:/C:/Users/narro/.m2/repository/com/github/almasb/fxgl/17.2/fxgl-17.2.jar!/fxglassets/textures/fxgl_icon.png
11:14:30.480 [JavaFX Application Thread] DEBUG FXGLAssetLoaderServi - Loading from file system: jar:file:/C:/Users/narro/.m2/repository/com/github/almasb/fxgl/17.2/fxgl-17.2.jar!/fxglassets/textures/fxgl_default_cursor.png
11:14:30.482 [JavaFX Application Thread] DEBUG Input                - Registered new binding: Screenshot - CTRL+8
11:14:30.483 [JavaFX Application Thread] DEBUG Input                - Registered new binding: System info dump - CTRL+9
11:14:30.484 [JavaFX Application Thread] DEBUG Input                - Registered new binding: Restart - CTRL+R
11:14:30.484 [JavaFX Application Thread] DEBUG Input                - Registered new binding: Toggle Debug Camera - CTRL+7
11:14:30.487 [JavaFX Application Thread] DEBUG LoopRunner           - Starting loop
11:14:30.487 [JavaFX Application Thread] DEBUG LoopRunner           - Initializing JavaFX AnimationTimerLoop
11:14:30.491 [JavaFX Application Thread] DEBUG Input                - Clearing active input actions
11:14:30.497 [FXGL Background Thread 4 ] DEBUG FXGLAssetLoaderServi - Loading from file system: jar:file:/C:/Users/narro/.m2/repository/com/github/almasb/fxgl/17.2/fxgl-17.2.jar!/fxglassets/ui/fonts/Abel-Regular.ttf
11:14:30.503 [JavaFX Application Thread] DEBUG GameApplicationServi - Removing overlay from FXGLStartupScene and adding to FXGLMainMenuDummyScene
11:14:30.504 [JavaFX Application Thread] DEBUG PrimaryStageWindow   - FXGLStartupScene -> FXGLMainMenuDummyScene
11:14:30.504 [JavaFX Application Thread] DEBUG PrimaryStageWindow   - Push state: DawnseekerMenu
11:14:30.504 [JavaFX Application Thread] DEBUG Input                - Clearing active input actions
11:14:30.507 [FXGL Background Thread 4 ] DEBUG FXGLAssetLoaderServi - Loading from file system: jar:file:/C:/Users/narro/.m2/repository/com/github/almasb/fxgl/17.2/fxgl-17.2.jar!/fxglassets/ui/fonts/TerminalLandMono-Regular.otf
11:14:30.509 [JavaFX Application Thread] DEBUG GameApplicationServi - Removing overlay from FXGLMainMenuDummyScene and adding to DawnseekerMenu
11:14:30.510 [JavaFX Application Thread] DEBUG PrimaryStageWindow   - FXGLMainMenuDummyScene -> DawnseekerMenu
11:14:30.517 [FXGL Background Thread 4 ] DEBUG FXGLAssetLoaderServi - Loading from file system: jar:file:/C:/Users/narro/.m2/repository/com/github/almasb/fxgl/17.2/fxgl-17.2.jar!/fxglassets/ui/fonts/Courier-Prime.ttf
11:14:30.530 [JavaFX Application Thread] DEBUG FXGLApplication      - Registering font factories with UI factory
11:14:31.321 [FXGL Background Thread 2 ] INFO  UpdaterService       - Your current version:  17.2
11:14:31.322 [FXGL Background Thread 2 ] INFO  UpdaterService       - Latest stable version: 17.3
11:14:31.844 [JavaFX Application Thread] DEBUG Menu                 - fireNewGame()
11:14:31.844 [JavaFX Application Thread] DEBUG GameApplicationServi - Starting new game
11:14:31.844 [JavaFX Application Thread] DEBUG PrimaryStageWindow   - Pop state: DawnseekerMenu
11:14:31.844 [JavaFX Application Thread] DEBUG Input                - Clearing active input actions
11:14:31.845 [JavaFX Application Thread] DEBUG GameApplicationServi - Removing overlay from DawnseekerMenu and adding to FXGLMainMenuDummyScene
11:14:31.845 [JavaFX Application Thread] DEBUG PrimaryStageWindow   - FXGLMainMenuDummyScene <- DawnseekerMenu
11:14:31.845 [JavaFX Application Thread] DEBUG Input                - Clearing active input actions
11:14:31.850 [JavaFX Application Thread] DEBUG GameApplicationServi - Removing overlay from FXGLMainMenuDummyScene and adding to FXGLLoadingScene
11:14:31.850 [JavaFX Application Thread] DEBUG PrimaryStageWindow   - FXGLMainMenuDummyScene -> FXGLLoadingScene
11:14:31.850 [JavaFX Application Thread] DEBUG GameApplicationServi - Clearing previous game
11:14:31.850 [JavaFX Application Thread] DEBUG GameScene            - Clearing game scene
11:14:31.850 [JavaFX Application Thread] DEBUG GameWorld            - Clearing game world
11:14:31.851 [JavaFX Application Thread] DEBUG PhysicsWorld         - Clearing physics world
11:14:31.852 [FXGL Background Thread 2 ] DEBUG FXGLApplication      - Initializing game
11:14:31.858 [FXGL Background Thread 2 ] DEBUG FXGLAssetLoaderServi - Loading from file system: file:/C:/Users/narro/git/CS4900G2Proj2/Dawnseeker/target/classes/assets/music/heartache.mp3
11:14:31.865 [FXGL Background Thread 2 ] DEBUG AudioPlayer          - Playing music com.almasb.fxgl.audio.Music@40d7d313
11:14:31.881 [FXGL Background Thread 2 ] DEBUG FXGLAssetLoaderServi - Loading from file system: file:/C:/Users/narro/git/CS4900G2Proj2/Dawnseeker/target/classes/assets/textures/DawnseekerPCV2.png
11:14:31.883 [FXGL Background Thread 2 ] DEBUG FXGLAssetLoaderServi - Loading from file system: file:/C:/Users/narro/git/CS4900G2Proj2/Dawnseeker/target/classes/assets/textures/DawnseekerPCV2Down.png
11:14:31.884 [FXGL Background Thread 2 ] DEBUG FXGLAssetLoaderServi - Loading from file system: file:/C:/Users/narro/git/CS4900G2Proj2/Dawnseeker/target/classes/assets/textures/DawnseekerPCV2Up.png
11:14:31.886 [FXGL Background Thread 2 ] DEBUG FXGLAssetLoaderServi - Loading from file system: file:/C:/Users/narro/git/CS4900G2Proj2/Dawnseeker/target/classes/assets/textures/DawnseekerPCV2Right.png
11:14:31.887 [FXGL Background Thread 2 ] DEBUG FXGLAssetLoaderServi - Loading from file system: file:/C:/Users/narro/git/CS4900G2Proj2/Dawnseeker/target/classes/assets/textures/DawnseekerPCV2Left.png
11:14:31.901 [FXGL Background Thread 2 ] DEBUG FXGLAssetLoaderServi - Loading from file system: file:/C:/Users/narro/git/CS4900G2Proj2/Dawnseeker/target/classes/assets/textures/background.png
11:14:31.935 [FXGL Background Thread 2 ] WARN  GameWorld            - Entity is already attached to world
11:14:31.936 [FXGL Background Thread 2 ] DEBUG FXGLAssetLoaderServi - Loading from file system: file:/C:/Users/narro/git/CS4900G2Proj2/Dawnseeker/target/classes/assets/textures/Rock1.png
11:14:31.939 [FXGL Background Thread 2 ] WARN  Entity               - Entity already has component: com.almasb.fxgl.entity.components.CollidableComponent
11:14:31.939 [FXGL Background Thread 2 ] WARN  GameWorld            - Entity is already attached to world
11:14:31.941 [FXGL Background Thread 2 ] DEBUG FXGLAssetLoaderServi - Loading from file system: file:/C:/Users/narro/git/CS4900G2Proj2/Dawnseeker/target/classes/assets/textures/Rock2.png
11:14:31.944 [FXGL Background Thread 2 ] WARN  Entity               - Entity already has component: com.almasb.fxgl.entity.components.CollidableComponent
11:14:31.944 [FXGL Background Thread 2 ] WARN  GameWorld            - Entity is already attached to world
11:14:31.948 [FXGL Background Thread 2 ] DEBUG FXGLAssetLoaderServi - Loading from file system: file:/C:/Users/narro/git/CS4900G2Proj2/Dawnseeker/target/classes/assets/textures/BigRock1.png
11:14:31.951 [FXGL Background Thread 2 ] WARN  Entity               - Entity already has component: com.almasb.fxgl.entity.components.CollidableComponent
11:14:31.951 [FXGL Background Thread 2 ] WARN  GameWorld            - Entity is already attached to world
11:14:31.953 [FXGL Background Thread 2 ] DEBUG FXGLAssetLoaderServi - Loading from file system: file:/C:/Users/narro/git/CS4900G2Proj2/Dawnseeker/target/classes/assets/textures/AnimShop.png
11:14:31.955 [FXGL Background Thread 2 ] WARN  GameWorld            - Entity is already attached to world
11:14:31.974 [FXGL Background Thread 2 ] INFO  FXGLApplication      - Game initialization took: 0.122 sec
11:14:31.977 [JavaFX Application Thread] DEBUG Input                - Clearing active input actions
11:14:31.987 [JavaFX Application Thread] DEBUG GameApplicationServi - Removing overlay from FXGLLoadingScene and adding to GameScene
11:14:31.987 [JavaFX Application Thread] DEBUG PrimaryStageWindow   - FXGLLoadingScene -> GameScene
11:14:32.908 [JavaFX Application Thread] DEBUG FXGLAssetLoaderServi - Loading from file system: file:/C:/Users/narro/git/CS4900G2Proj2/Dawnseeker/target/classes/assets/textures/Skull.gif
11:14:32.918 [JavaFX Application Thread] DEBUG FXGLAssetLoaderServi - Loading from file system: file:/C:/Users/narro/git/CS4900G2Proj2/Dawnseeker/target/classes/assets/textures/Ghost.gif
11:14:33.422 [FXGL Background Thread 3 ] DEBUG Engine               - Logging environment variables
11:14:33.422 [FXGL Background Thread 3 ] DEBUG Engine               - achievements: []
11:14:33.422 [FXGL Background Thread 3 ] DEBUG Engine               - actualHeight: 823.0
11:14:33.422 [FXGL Background Thread 3 ] DEBUG Engine               - actualHeightProperty: ReadOnlyDoubleProperty [value: 823.0]
11:14:33.422 [FXGL Background Thread 3 ] DEBUG Engine               - actualWidth: 1439.0
11:14:33.422 [FXGL Background Thread 3 ] DEBUG Engine               - actualWidthProperty: ReadOnlyDoubleProperty [value: 1439.0]
11:14:33.422 [FXGL Background Thread 3 ] DEBUG Engine               - appIcon: fxgl_icon.png
11:14:33.422 [FXGL Background Thread 3 ] DEBUG Engine               - applicationMode: DEVELOPER
11:14:33.422 [FXGL Background Thread 3 ] DEBUG Engine               - cSSList: [fxgl_dark.css]
11:14:33.423 [FXGL Background Thread 3 ] DEBUG Engine               - collisionDetectionStrategy: BRUTE_FORCE
11:14:33.423 [FXGL Background Thread 3 ] DEBUG Engine               - configClass: Optional.empty
11:14:33.423 [FXGL Background Thread 3 ] DEBUG Engine               - credits: []
11:14:33.423 [FXGL Background Thread 3 ] DEBUG Engine               - defaultCursor: CursorInfo(imageName=fxgl_default_cursor.png, hotspotX=7.0, hotspotY=6.0)
11:14:33.423 [FXGL Background Thread 3 ] DEBUG Engine               - devBBoxColorProperty: ObjectProperty [value: 0xff0000ff]
11:14:33.423 [FXGL Background Thread 3 ] DEBUG Engine               - devEnableDebugCameraProperty: BooleanProperty [value: false]
11:14:33.423 [FXGL Background Thread 3 ] DEBUG Engine               - devSensorColorProperty: ObjectProperty [value: 0xffff00ff]
11:14:33.423 [FXGL Background Thread 3 ] DEBUG Engine               - devShowBBoxProperty: BooleanProperty [value: false]
11:14:33.423 [FXGL Background Thread 3 ] DEBUG Engine               - devShowPositionProperty: BooleanProperty [value: false]
11:14:33.423 [FXGL Background Thread 3 ] DEBUG Engine               - enabledMenuItems: []
11:14:33.423 [FXGL Background Thread 3 ] DEBUG Engine               - engineServices: [class com.almasb.fxgl.app.services.FXGLAssetLoaderService, class com.almasb.fxgl.app.FXGLApplication$GameApplicationService, class com.almasb.fxgl.app.services.FXGLDialogService, class com.almasb.fxgl.app.services.IOTaskExecutorService, class com.almasb.fxgl.io.FileSystemService, class com.almasb.fxgl.localization.LocalizationService, class com.almasb.fxgl.app.services.SystemBundleService, class com.almasb.fxgl.profile.SaveLoadService, class com.almasb.fxgl.ui.FXGLUIFactoryServiceProvider, class com.almasb.fxgl.ui.FXGLDialogFactoryServiceProvider, class com.almasb.fxgl.audio.AudioPlayer, class com.almasb.fxgl.notification.impl.NotificationServiceProvider, class com.almasb.fxgl.achievement.AchievementService, class com.almasb.fxgl.cutscene.CutsceneService, class com.almasb.fxgl.minigames.MiniGameService, class com.almasb.fxgl.net.NetService, class com.almasb.fxgl.app.services.UpdaterService, class com.almasb.fxgl.dev.DevService]
11:14:33.423 [FXGL Background Thread 3 ] DEBUG Engine               - fontGame: Abel-Regular.ttf
11:14:33.423 [FXGL Background Thread 3 ] DEBUG Engine               - fontMono: TerminalLandMono-Regular.otf
11:14:33.423 [FXGL Background Thread 3 ] DEBUG Engine               - fontText: Courier-Prime.ttf
11:14:33.424 [FXGL Background Thread 3 ] DEBUG Engine               - fontUI: VarelaRound-Regular.ttf
11:14:33.424 [FXGL Background Thread 3 ] DEBUG Engine               - fullScreen: BooleanProperty [value: false]
11:14:33.424 [FXGL Background Thread 3 ] DEBUG Engine               - gameDifficulty: MEDIUM
11:14:33.424 [FXGL Background Thread 3 ] DEBUG Engine               - gameDifficultyProperty: ObjectProperty [value: MEDIUM]
11:14:33.424 [FXGL Background Thread 3 ] DEBUG Engine               - globalMusicVolume: 0.5
11:14:33.424 [FXGL Background Thread 3 ] DEBUG Engine               - globalMusicVolumeProperty: DoubleProperty [value: 0.5]
11:14:33.424 [FXGL Background Thread 3 ] DEBUG Engine               - globalSoundVolume: 0.5
11:14:33.424 [FXGL Background Thread 3 ] DEBUG Engine               - globalSoundVolumeProperty: DoubleProperty [value: 0.5]
11:14:33.424 [FXGL Background Thread 3 ] DEBUG Engine               - height: 1080
11:14:33.424 [FXGL Background Thread 3 ] DEBUG Engine               - is3D: false
11:14:33.424 [FXGL Background Thread 3 ] DEBUG Engine               - isAndroid: false
11:14:33.424 [FXGL Background Thread 3 ] DEBUG Engine               - isBrowser: false
11:14:33.424 [FXGL Background Thread 3 ] DEBUG Engine               - isClickFeedbackEnabled: false
11:14:33.424 [FXGL Background Thread 3 ] DEBUG Engine               - isCloseConfirmation: false
11:14:33.424 [FXGL Background Thread 3 ] DEBUG Engine               - isDesktop: true
11:14:33.424 [FXGL Background Thread 3 ] DEBUG Engine               - isDeveloperMenuEnabled: false
11:14:33.424 [FXGL Background Thread 3 ] DEBUG Engine               - isEmbedded: false
11:14:33.424 [FXGL Background Thread 3 ] DEBUG Engine               - isEntityPreloadEnabled: true
11:14:33.424 [FXGL Background Thread 3 ] DEBUG Engine               - isExperimentalTiledLargeMap: false
11:14:33.424 [FXGL Background Thread 3 ] DEBUG Engine               - isFileSystemWriteAllowed: true
11:14:33.424 [FXGL Background Thread 3 ] DEBUG Engine               - isFullScreenAllowed: false
11:14:33.424 [FXGL Background Thread 3 ] DEBUG Engine               - isFullScreenFromStart: false
11:14:33.424 [FXGL Background Thread 3 ] DEBUG Engine               - isGameMenuEnabled: true
11:14:33.425 [FXGL Background Thread 3 ] DEBUG Engine               - isIOS: false
11:14:33.425 [FXGL Background Thread 3 ] DEBUG Engine               - isIntroEnabled: false
11:14:33.425 [FXGL Background Thread 3 ] DEBUG Engine               - isLinux: false
11:14:33.425 [FXGL Background Thread 3 ] DEBUG Engine               - isMac: false
11:14:33.425 [FXGL Background Thread 3 ] DEBUG Engine               - isMainMenuEnabled: true
11:14:33.425 [FXGL Background Thread 3 ] DEBUG Engine               - isManualResizeEnabled: false
11:14:33.425 [FXGL Background Thread 3 ] DEBUG Engine               - isMobile: false
11:14:33.425 [FXGL Background Thread 3 ] DEBUG Engine               - isNative: false
11:14:33.425 [FXGL Background Thread 3 ] DEBUG Engine               - isPauseMusicWhenMinimized: true
11:14:33.425 [FXGL Background Thread 3 ] DEBUG Engine               - isPreserveResizeRatio: false
11:14:33.425 [FXGL Background Thread 3 ] DEBUG Engine               - isProfilingEnabled: false
11:14:33.425 [FXGL Background Thread 3 ] DEBUG Engine               - isScaleAffectedOnResize: true
11:14:33.425 [FXGL Background Thread 3 ] DEBUG Engine               - isSingleStep: false
11:14:33.425 [FXGL Background Thread 3 ] DEBUG Engine               - isUserProfileEnabled: false
11:14:33.425 [FXGL Background Thread 3 ] DEBUG Engine               - isWindows: true
11:14:33.425 [FXGL Background Thread 3 ] DEBUG Engine               - language: ObjectProperty [value: ENGLISH]
11:14:33.425 [FXGL Background Thread 3 ] DEBUG Engine               - menuKey: ESCAPE
11:14:33.426 [FXGL Background Thread 3 ] DEBUG Engine               - mouseSensitivity: 0.2
11:14:33.426 [FXGL Background Thread 3 ] DEBUG Engine               - notificationViewClass: class com.almasb.fxgl.notification.view.XboxNotificationView
11:14:33.426 [FXGL Background Thread 3 ] DEBUG Engine               - pixelsPerMeter: 50.0
11:14:33.426 [FXGL Background Thread 3 ] DEBUG Engine               - platform: WINDOWS
11:14:33.426 [FXGL Background Thread 3 ] DEBUG Engine               - prefHeightProperty: ReadOnlyDoubleProperty [value: 1080.0]
11:14:33.426 [FXGL Background Thread 3 ] DEBUG Engine               - prefWidthProperty: ReadOnlyDoubleProperty [value: 1920.0]
11:14:33.426 [FXGL Background Thread 3 ] DEBUG Engine               - profileDir: profiles/
11:14:33.426 [FXGL Background Thread 3 ] DEBUG Engine               - profileName: StringProperty [value: DEFAULT]
11:14:33.426 [FXGL Background Thread 3 ] DEBUG Engine               - randomSeed: -1
11:14:33.427 [FXGL Background Thread 3 ] DEBUG Engine               - runtimeInfo: RuntimeInfo(platform=WINDOWS, version=17.2, build=20.08.2022 16.50)
11:14:33.428 [FXGL Background Thread 3 ] DEBUG Engine               - saveFileExt: sav
11:14:33.428 [FXGL Background Thread 3 ] DEBUG Engine               - scaledHeightProp$fxgl: DoubleProperty [bound, value: 823.0]
11:14:33.428 [FXGL Background Thread 3 ] DEBUG Engine               - scaledWidthProp$fxgl: DoubleProperty [bound, value: 1439.0]
11:14:33.428 [FXGL Background Thread 3 ] DEBUG Engine               - sceneFactory: myGame.DawnseekerApp$1@78e6b1a1
11:14:33.428 [FXGL Background Thread 3 ] DEBUG Engine               - secondsIn24h: 60
11:14:33.428 [FXGL Background Thread 3 ] DEBUG Engine               - soundMenuBack: menu/back.wav
11:14:33.428 [FXGL Background Thread 3 ] DEBUG Engine               - soundMenuPress: menu/press.wav
11:14:33.428 [FXGL Background Thread 3 ] DEBUG Engine               - soundMenuSelect: menu/select.wav
11:14:33.428 [FXGL Background Thread 3 ] DEBUG Engine               - soundNotification: core/notification.wav
11:14:33.428 [FXGL Background Thread 3 ] DEBUG Engine               - stageStyle: DECORATED
11:14:33.428 [FXGL Background Thread 3 ] DEBUG Engine               - supportedLanguages: [ENGLISH, FRENCH, GERMAN, HUNGARIAN, RUSSIAN]
11:14:33.428 [FXGL Background Thread 3 ] DEBUG Engine               - ticksPerSecond: -1
11:14:33.428 [FXGL Background Thread 3 ] DEBUG Engine               - title: Dawnseeker
11:14:33.428 [FXGL Background Thread 3 ] DEBUG Engine               - urlGithub: https://github.com/AlmasB/FXGL
11:14:33.428 [FXGL Background Thread 3 ] DEBUG Engine               - urlLeaderboard: http://fxgl-top.herokuapp.com/
11:14:33.428 [FXGL Background Thread 3 ] DEBUG Engine               - urlPOM: https://raw.githubusercontent.com/AlmasB/FXGL/release/README.md
11:14:33.428 [FXGL Background Thread 3 ] DEBUG Engine               - userAppClass: class myGame.DawnseekerApp
11:14:33.428 [FXGL Background Thread 3 ] DEBUG Engine               - version: 0.5
11:14:33.428 [FXGL Background Thread 3 ] DEBUG Engine               - versionCheckDays: 7
11:14:33.429 [FXGL Background Thread 3 ] DEBUG Engine               - width: 1920
11:14:33.429 [FXGL Background Thread 3 ] DEBUG Engine               - Logging services
11:14:33.429 [FXGL Background Thread 3 ] DEBUG Engine               - class com.almasb.fxgl.app.services.FXGLAssetLoaderService
11:14:33.429 [FXGL Background Thread 3 ] DEBUG Engine               - class com.almasb.fxgl.app.FXGLApplication$GameApplicationService
11:14:33.429 [FXGL Background Thread 3 ] DEBUG Engine               - class com.almasb.fxgl.app.services.FXGLDialogService
11:14:33.429 [FXGL Background Thread 3 ] DEBUG Engine               - class com.almasb.fxgl.app.services.IOTaskExecutorService
11:14:33.429 [FXGL Background Thread 3 ] DEBUG Engine               - class com.almasb.fxgl.io.FileSystemService
11:14:33.429 [FXGL Background Thread 3 ] DEBUG Engine               - class com.almasb.fxgl.localization.LocalizationService
11:14:33.429 [FXGL Background Thread 3 ] DEBUG Engine               - class com.almasb.fxgl.app.services.SystemBundleService
11:14:33.430 [FXGL Background Thread 3 ] DEBUG Engine               - class com.almasb.fxgl.profile.SaveLoadService
11:14:33.430 [FXGL Background Thread 3 ] DEBUG Engine               - class com.almasb.fxgl.ui.FXGLUIFactoryServiceProvider
11:14:33.430 [FXGL Background Thread 3 ] DEBUG Engine               - class com.almasb.fxgl.ui.FXGLDialogFactoryServiceProvider
11:14:33.430 [FXGL Background Thread 3 ] DEBUG Engine               - class com.almasb.fxgl.audio.AudioPlayer
11:14:33.430 [FXGL Background Thread 3 ] DEBUG Engine               - class com.almasb.fxgl.notification.impl.NotificationServiceProvider
11:14:33.430 [FXGL Background Thread 3 ] DEBUG Engine               - class com.almasb.fxgl.achievement.AchievementService
11:14:33.430 [FXGL Background Thread 3 ] DEBUG Engine               - class com.almasb.fxgl.cutscene.CutsceneService
11:14:33.430 [FXGL Background Thread 3 ] DEBUG Engine               - class com.almasb.fxgl.minigames.MiniGameService
11:14:33.430 [FXGL Background Thread 3 ] DEBUG Engine               - class com.almasb.fxgl.net.NetService
11:14:33.430 [FXGL Background Thread 3 ] DEBUG Engine               - class com.almasb.fxgl.app.services.UpdaterService
11:14:33.430 [FXGL Background Thread 3 ] DEBUG Engine               - class com.almasb.fxgl.dev.DevService
11:14:35.272 [JavaFX Application Thread] DEBUG FXGLAssetLoaderServi - Loading from file system: file:/C:/Users/narro/git/CS4900G2Proj2/Dawnseeker/target/classes/assets/sounds/magic_missile.wav
11:14:35.287 [JavaFX Application Thread] DEBUG FXGLAssetLoaderServi - Loading from file system: file:/C:/Users/narro/git/CS4900G2Proj2/Dawnseeker/target/classes/assets/textures/Fireball.gif
11:14:35.437 [JavaFX Application Thread] WARN  GameWorld            - Attempted to remove entity which is not active
11:14:35.439 [JavaFX Application Thread] DEBUG FXGLAssetLoaderServi - Loading from file system: file:/C:/Users/narro/git/CS4900G2Proj2/Dawnseeker/target/classes/assets/textures/Coin.gif
11:14:35.441 [JavaFX Application Thread] DEBUG FXGLAssetLoaderServi - Loading from file system: file:/C:/Users/narro/git/CS4900G2Proj2/Dawnseeker/target/classes/assets/sounds/bong.wav
11:14:36.365 [JavaFX Application Thread] DEBUG FXGLAssetLoaderServi - Loading from file system: file:/C:/Users/narro/git/CS4900G2Proj2/Dawnseeker/target/classes/assets/sounds/coin_pickup.wav
11:14:36.400 [JavaFX Application Thread] DEBUG FXGLAssetLoaderServi - Loading from file system: file:/C:/Users/narro/git/CS4900G2Proj2/Dawnseeker/target/classes/assets/textures/slime.gif
11:14:37.019 [JavaFX Application Thread] DEBUG FXGLAssetLoaderServi - Loading from file system: file:/C:/Users/narro/git/CS4900G2Proj2/Dawnseeker/target/classes/assets/sounds/store_jingle.wav
11:14:37.038 [JavaFX Application Thread] DEBUG PrimaryStageWindow   - Push state: ShopTest
11:14:37.038 [JavaFX Application Thread] DEBUG Input                - Clearing active input actions
11:14:37.039 [JavaFX Application Thread] DEBUG GameApplicationServi - Removing overlay from GameScene and adding to ShopTest
11:14:37.039 [JavaFX Application Thread] DEBUG PrimaryStageWindow   - GameScene -> ShopTest
11:14:37.039 [JavaFX Application Thread] DEBUG Input                - Registered new binding: Close Shop - F
11:14:38.886 [JavaFX Application Thread] DEBUG FXGLAssetLoaderServi - Loading from file system: file:/C:/Users/narro/git/CS4900G2Proj2/Dawnseeker/target/classes/assets/sounds/boom.wav
11:14:40.140 [JavaFX Application Thread] DEBUG PrimaryStageWindow   - Pop state: ShopTest
11:14:40.140 [JavaFX Application Thread] DEBUG Input                - Clearing active input actions
11:14:40.140 [JavaFX Application Thread] DEBUG GameApplicationServi - Removing overlay from ShopTest and adding to GameScene
11:14:40.141 [JavaFX Application Thread] DEBUG PrimaryStageWindow   - GameScene <- ShopTest
11:14:43.627 [JavaFX Application Thread] WARN  GameWorld            - Attempted to remove entity which is not active
11:14:43.819 [JavaFX Application Thread] WARN  GameWorld            - Attempted to remove entity which is not active
11:14:46.908 [JavaFX Application Thread] WARN  GameWorld            - Attempted to remove entity which is not active
11:14:47.438 [JavaFX Application Thread] WARN  GameWorld            - Attempted to remove entity which is not active
11:14:48.108 [JavaFX Application Thread] WARN  GameWorld            - Attempted to remove entity which is not active
11:14:48.572 [JavaFX Application Thread] WARN  GameWorld            - Attempted to remove entity which is not active
11:14:49.500 [JavaFX Application Thread] WARN  GameWorld            - Attempted to remove entity which is not active
11:14:49.821 [JavaFX Application Thread] WARN  GameWorld            - Attempted to remove entity which is not active
11:14:49.979 [JavaFX Application Thread] WARN  GameWorld            - Attempted to remove entity which is not active
11:14:49.980 [JavaFX Application Thread] DEBUG FXGLAssetLoaderServi - Loading from file system: file:/C:/Users/narro/git/CS4900G2Proj2/Dawnseeker/target/classes/assets/textures/HealthPotion.gif
11:14:50.155 [JavaFX Application Thread] WARN  GameWorld            - Attempted to remove entity which is not active
11:14:50.316 [JavaFX Application Thread] WARN  GameWorld            - Attempted to remove entity which is not active
11:14:50.411 [JavaFX Application Thread] WARN  GameWorld            - Attempted to remove entity which is not active
11:14:50.572 [JavaFX Application Thread] WARN  GameWorld            - Attempted to remove entity which is not active
11:14:51.147 [JavaFX Application Thread] WARN  GameWorld            - Attempted to remove entity which is not active
11:14:51.148 [JavaFX Application Thread] DEBUG FXGLAssetLoaderServi - Loading from file system: file:/C:/Users/narro/git/CS4900G2Proj2/Dawnseeker/target/classes/assets/textures/Poison.gif
11:14:51.155 [JavaFX Application Thread] WARN  GameWorld            - Entity is already attached to world
11:14:51.155 [JavaFX Application Thread] DEBUG FXGLAssetLoaderServi - Loading from file system: file:/C:/Users/narro/git/CS4900G2Proj2/Dawnseeker/target/classes/assets/sounds/tom_scream.wav
11:14:53.324 [JavaFX Application Thread] DEBUG PrimaryStageWindow   - Push state: ShopTest
11:14:53.325 [JavaFX Application Thread] DEBUG Input                - Clearing active input actions
11:14:53.325 [JavaFX Application Thread] DEBUG GameApplicationServi - Removing overlay from GameScene and adding to ShopTest
11:14:53.325 [JavaFX Application Thread] DEBUG PrimaryStageWindow   - GameScene -> ShopTest
11:14:53.325 [JavaFX Application Thread] DEBUG Input                - Registered new binding: Close Shop - F
11:14:58.771 [JavaFX Application Thread] DEBUG PrimaryStageWindow   - Pop state: ShopTest
11:14:58.771 [JavaFX Application Thread] DEBUG Input                - Clearing active input actions
11:14:58.771 [JavaFX Application Thread] DEBUG GameApplicationServi - Removing overlay from ShopTest and adding to GameScene
11:14:58.771 [JavaFX Application Thread] DEBUG PrimaryStageWindow   - GameScene <- ShopTest
11:14:59.005 [JavaFX Application Thread] DEBUG FXGLAssetLoaderServi - Loading from file system: file:/C:/Users/narro/git/CS4900G2Proj2/Dawnseeker/target/classes/assets/textures/FireBallProjectile.png
11:14:59.115 [JavaFX Application Thread] WARN  GameWorld            - Attempted to remove entity which is not active
11:14:59.132 [JavaFX Application Thread] WARN  GameWorld            - Attempted to remove entity which is not active
11:14:59.547 [JavaFX Application Thread] WARN  GameWorld            - Attempted to remove entity which is not active
11:14:59.596 [JavaFX Application Thread] WARN  GameWorld            - Attempted to remove entity which is not active
11:14:59.693 [JavaFX Application Thread] WARN  GameWorld            - Attempted to remove entity which is not active
11:14:59.696 [JavaFX Application Thread] DEBUG FXGLAssetLoaderServi - Loading from file system: file:/C:/Users/narro/git/CS4900G2Proj2/Dawnseeker/target/classes/assets/textures/PowerPotion.gif
11:14:59.884 [JavaFX Application Thread] WARN  GameWorld            - Attempted to remove entity which is not active
11:15:00.013 [JavaFX Application Thread] WARN  GameWorld            - Attempted to remove entity which is not active
11:15:00.076 [JavaFX Application Thread] DEBUG FXGLAssetLoaderServi - Loading from file system: file:/C:/Users/narro/git/CS4900G2Proj2/Dawnseeker/target/classes/assets/sounds/player_oof.wav
11:15:00.155 [JavaFX Application Thread] WARN  GameWorld            - Attempted to remove entity which is not active
11:15:00.220 [JavaFX Application Thread] WARN  GameWorld            - Attempted to remove entity which is not active
11:15:00.221 [JavaFX Application Thread] WARN  GameWorld            - Attempted to remove entity which is not active
11:15:00.798 [JavaFX Application Thread] WARN  GameWorld            - Attempted to remove entity which is not active
11:15:02.923 [JavaFX Application Thread] WARN  GameWorld            - Attempted to remove entity which is not active
11:15:03.035 [JavaFX Application Thread] WARN  GameWorld            - Attempted to remove entity which is not active
11:15:03.804 [JavaFX Application Thread] DEBUG PrimaryStageWindow   - Push state: ShopTest
11:15:03.804 [JavaFX Application Thread] DEBUG Input                - Clearing active input actions
11:15:03.804 [JavaFX Application Thread] DEBUG GameApplicationServi - Removing overlay from GameScene and adding to ShopTest
11:15:03.805 [JavaFX Application Thread] DEBUG PrimaryStageWindow   - GameScene -> ShopTest
11:15:03.806 [JavaFX Application Thread] DEBUG Input                - Registered new binding: Close Shop - F
11:15:07.354 [JavaFX Application Thread] DEBUG PrimaryStageWindow   - Pop state: ShopTest
11:15:07.354 [JavaFX Application Thread] DEBUG Input                - Clearing active input actions
11:15:07.355 [JavaFX Application Thread] DEBUG GameApplicationServi - Removing overlay from ShopTest and adding to GameScene
11:15:07.355 [JavaFX Application Thread] DEBUG PrimaryStageWindow   - GameScene <- ShopTest
11:15:07.756 [JavaFX Application Thread] WARN  GameWorld            - Attempted to remove entity which is not active
11:15:07.869 [JavaFX Application Thread] WARN  GameWorld            - Attempted to remove entity which is not active
11:15:08.076 [JavaFX Application Thread] WARN  GameWorld            - Attempted to remove entity which is not active
11:15:08.555 [JavaFX Application Thread] WARN  GameWorld            - Attempted to remove entity which is not active
11:15:08.558 [JavaFX Application Thread] WARN  GameWorld            - Entity is already attached to world
11:15:08.559 [JavaFX Application Thread] DEBUG FXGLAssetLoaderServi - Loading from file system: file:/C:/Users/narro/git/CS4900G2Proj2/Dawnseeker/target/classes/assets/textures/SpeedPotion.gif
11:15:08.684 [JavaFX Application Thread] WARN  GameWorld            - Attempted to remove entity which is not active
11:15:08.684 [JavaFX Application Thread] DEBUG FXGLAssetLoaderServi - Loading from file system: file:/C:/Users/narro/git/CS4900G2Proj2/Dawnseeker/target/classes/assets/sounds/metal_pipe_fall.wav
11:15:09.149 [JavaFX Application Thread] WARN  GameWorld            - Attempted to remove entity which is not active
11:15:09.451 [JavaFX Application Thread] WARN  GameWorld            - Attempted to remove entity which is not active
11:15:09.484 [JavaFX Application Thread] WARN  GameWorld            - Attempted to remove entity which is not active
11:15:09.691 [JavaFX Application Thread] WARN  GameWorld            - Attempted to remove entity which is not active
11:15:11.276 [JavaFX Application Thread] WARN  GameWorld            - Attempted to remove entity which is not active
11:15:12.028 [JavaFX Application Thread] WARN  GameWorld            - Attempted to remove entity which is not active
11:15:12.092 [JavaFX Application Thread] WARN  GameWorld            - Attempted to remove entity which is not active
11:15:12.350 [JavaFX Application Thread] WARN  GameWorld            - Attempted to remove entity which is not active
11:15:12.351 [JavaFX Application Thread] WARN  GameWorld            - Attempted to remove entity which is not active
11:15:12.684 [JavaFX Application Thread] WARN  GameWorld            - Attempted to remove entity which is not active
11:15:12.955 [JavaFX Application Thread] WARN  GameWorld            - Attempted to remove entity which is not active
11:15:12.955 [JavaFX Application Thread] WARN  GameWorld            - Attempted to remove entity which is not active
11:15:13.036 [JavaFX Application Thread] WARN  GameWorld            - Attempted to remove entity which is not active
11:15:13.038 [JavaFX Application Thread] WARN  GameWorld            - Entity is already attached to world
11:15:13.147 [JavaFX Application Thread] WARN  GameWorld            - Attempted to remove entity which is not active
11:15:13.740 [JavaFX Application Thread] WARN  GameWorld            - Attempted to remove entity which is not active
11:15:14.062 [JavaFX Application Thread] WARN  GameWorld            - Attempted to remove entity which is not active
11:15:14.526 [JavaFX Application Thread] WARN  GameWorld            - Attempted to remove entity which is not active
11:15:14.619 [JavaFX Application Thread] WARN  GameWorld            - Attempted to remove entity which is not active
11:15:14.795 [JavaFX Application Thread] WARN  GameWorld            - Attempted to remove entity which is not active
11:15:14.795 [JavaFX Application Thread] WARN  GameWorld            - Attempted to remove entity which is not active
11:15:14.844 [JavaFX Application Thread] WARN  GameWorld            - Attempted to remove entity which is not active
11:15:15.243 [JavaFX Application Thread] WARN  GameWorld            - Attempted to remove entity which is not active
11:15:15.293 [JavaFX Application Thread] WARN  GameWorld            - Attempted to remove entity which is not active
11:15:17.595 [JavaFX Application Thread] DEBUG PrimaryStageWindow   - Push state: ShopTest
11:15:17.596 [JavaFX Application Thread] DEBUG Input                - Clearing active input actions
11:15:17.596 [JavaFX Application Thread] DEBUG GameApplicationServi - Removing overlay from GameScene and adding to ShopTest
11:15:17.596 [JavaFX Application Thread] DEBUG PrimaryStageWindow   - GameScene -> ShopTest
11:15:17.596 [JavaFX Application Thread] DEBUG Input                - Registered new binding: Close Shop - F
11:15:23.329 [JavaFX Application Thread] DEBUG PrimaryStageWindow   - Pop state: ShopTest
11:15:23.329 [JavaFX Application Thread] DEBUG Input                - Clearing active input actions
11:15:23.329 [JavaFX Application Thread] DEBUG GameApplicationServi - Removing overlay from ShopTest and adding to GameScene
11:15:23.329 [JavaFX Application Thread] DEBUG PrimaryStageWindow   - GameScene <- ShopTest
11:15:23.789 [JavaFX Application Thread] WARN  GameWorld            - Attempted to remove entity which is not active
11:15:23.789 [JavaFX Application Thread] WARN  GameWorld            - Attempted to remove entity which is not active
11:15:23.963 [JavaFX Application Thread] WARN  GameWorld            - Attempted to remove entity which is not active
11:15:25.868 [JavaFX Application Thread] WARN  GameWorld            - Attempted to remove entity which is not active
11:15:26.684 [JavaFX Application Thread] DEBUG PrimaryStageWindow   - Push state: ShopTest
11:15:26.684 [JavaFX Application Thread] DEBUG Input                - Clearing active input actions
11:15:26.684 [JavaFX Application Thread] DEBUG GameApplicationServi - Removing overlay from GameScene and adding to ShopTest
11:15:26.684 [JavaFX Application Thread] DEBUG PrimaryStageWindow   - GameScene -> ShopTest
11:15:26.685 [JavaFX Application Thread] DEBUG Input                - Registered new binding: Close Shop - F
11:15:33.616 [JavaFX Application Thread] DEBUG PrimaryStageWindow   - Pop state: ShopTest
11:15:33.616 [JavaFX Application Thread] DEBUG Input                - Clearing active input actions
11:15:33.616 [JavaFX Application Thread] DEBUG GameApplicationServi - Removing overlay from ShopTest and adding to GameScene
11:15:33.616 [JavaFX Application Thread] DEBUG PrimaryStageWindow   - GameScene <- ShopTest
11:15:37.762 [JavaFX Application Thread] DEBUG FXGLAssetLoaderServi - Loading from file system: file:/C:/Users/narro/git/CS4900G2Proj2/Dawnseeker/target/classes/assets/sounds/yoda_death.wav
11:15:37.774 [JavaFX Application Thread] DEBUG AudioPlayer          - Stopping music com.almasb.fxgl.audio.Music@713b2e30
11:15:37.776 [JavaFX Application Thread] DEBUG AudioPlayer          - Stopping music com.almasb.fxgl.audio.Music@40d7d313
11:15:37.777 [JavaFX Application Thread] DEBUG Input                - Clearing active input actions
11:15:37.782 [JavaFX Application Thread] DEBUG GameApplicationServi - Removing overlay from GameScene and adding to FXGLMainMenuDummyScene
11:15:37.782 [JavaFX Application Thread] DEBUG PrimaryStageWindow   - GameScene -> FXGLMainMenuDummyScene
11:15:37.782 [JavaFX Application Thread] DEBUG PrimaryStageWindow   - Push state: DawnseekerMenu
11:15:37.782 [JavaFX Application Thread] DEBUG Input                - Clearing active input actions
11:15:37.782 [JavaFX Application Thread] DEBUG GameApplicationServi - Removing overlay from FXGLMainMenuDummyScene and adding to DawnseekerMenu
11:15:37.782 [JavaFX Application Thread] DEBUG PrimaryStageWindow   - FXGLMainMenuDummyScene -> DawnseekerMenu
11:15:37.783 [JavaFX Application Thread] DEBUG AudioPlayer          - Playing music com.almasb.fxgl.audio.Music@713b2e30
11:15:37.783 [JavaFX Application Thread] DEBUG FXGLAssetLoaderServi - Loading from file system: file:/C:/Users/narro/git/CS4900G2Proj2/Dawnseeker/target/classes/assets/sounds/bonk.wav
11:15:40.005 [JavaFX Application Thread] DEBUG FXGLApplication      - Exiting FXGL
11:15:40.005 [JavaFX Application Thread] DEBUG LoopRunner           - Stopping loop
11:15:40.005 [JavaFX Application Thread] DEBUG SystemBundleService  - Saving FXGL system data
11:15:40.012 [JavaFX Application Thread] DEBUG FileSystemAccess     - Writing to: C:\Users\narro\git\CS4900G2Proj2\Dawnseeker\system\fxgl.bundle
11:15:40.014 [JavaFX Application Thread] DEBUG Async                - Shutting down background threads
11:15:40.014 [JavaFX Application Thread] DEBUG PrimaryStageWindow   - Closing main window
11:15:40.024 [JavaFX Application Thread] DEBUG Logger               - Closing Logger
