17:32:23.782 [main                     ] DEBUG Logger               - Configured Logger
17:32:23.817 [main                     ] DEBUG GameApplication      - Logging settings
Title: Dawnseeker
Version: 0.4
Width: 1024
Height: 1024
Fullscreen: false
Intro: false
Profiling: false
Single step:false
App Mode: DEVELOPER
Menu Key: ESCAPE
Stage Style: DECORATED
Scene Factory: class myGame.DawnseekerApp$1

17:32:24.274 [JavaFX Application Thread] DEBUG FXGLApplication      - Initializing FXGL
17:32:24.283 [JavaFX Application Thread] INFO  Engine               - FXGL-17.2 (20.08.2022 16.50) on WINDOWS (J:19.0.2 FX:18)
17:32:24.283 [JavaFX Application Thread] DEBUG Engine               - JRE Vendor Name: Oracle Corporation
17:32:24.283 [JavaFX Application Thread] DEBUG Engine               - Running on OS: Windows 10 version 10.0
17:32:24.283 [JavaFX Application Thread] DEBUG Engine               - Architecture: amd64
17:32:24.284 [JavaFX Application Thread] INFO  Engine               - Source code and latest versions at: https://github.com/AlmasB/FXGL
17:32:24.284 [JavaFX Application Thread] INFO  Engine               -       Ask questions and discuss at: https://github.com/AlmasB/FXGL/discussions
17:32:24.284 [JavaFX Application Thread] INFO  Engine               -              Join the FXGL chat at: https://gitter.im/AlmasB/FXGL
17:32:24.446 [JavaFX Application Thread] DEBUG PrimaryStageWindow   - Creating a JavaFX scene
17:32:24.446 [JavaFX Application Thread] DEBUG PrimaryStageWindow   - Target size > screen size
17:32:24.502 [JavaFX Application Thread] DEBUG PrimaryStageWindow   - Target settings size: 1024.0 x 1024.0
17:32:24.502 [JavaFX Application Thread] DEBUG PrimaryStageWindow   - Scaled scene size:    799.0 x 824.0
17:32:24.503 [JavaFX Application Thread] DEBUG PrimaryStageWindow   - Scaled ratio: (0.7802734375, 0.8046875)
17:32:24.504 [JavaFX Application Thread] DEBUG PrimaryStageWindow   - Set initial scene to FXGLStartupScene
17:32:24.513 [JavaFX Application Thread] DEBUG PrimaryStageWindow   - Opening main window
17:32:24.640 [JavaFX Application Thread] DEBUG PrimaryStageWindow   - Window border size: (14.5999755859375, 37.5999755859375)
17:32:24.641 [JavaFX Application Thread] DEBUG PrimaryStageWindow   - Scaled size: 799.0 x 824.0
17:32:24.641 [JavaFX Application Thread] DEBUG PrimaryStageWindow   - Scaled ratio: (0.7802734375, 0.8046875)
17:32:24.641 [JavaFX Application Thread] DEBUG PrimaryStageWindow   - Scene size: 799.0 x 824.0
17:32:24.642 [JavaFX Application Thread] DEBUG PrimaryStageWindow   - Stage size: 813.5999755859375 x 861.5999755859375
17:32:24.654 [FXGL Background Thread 1 ] DEBUG Engine               - Initializing environment variables
17:32:24.750 [FXGL Background Thread 1 ] DEBUG FXGLAssetLoaderServi - User app class for loading assets: class myGame.DawnseekerApp
17:32:24.750 [FXGL Background Thread 1 ] DEBUG GameApplicationServi - Applying CSS: fxgl_dark.css
17:32:24.752 [FXGL Background Thread 1 ] DEBUG FXGLAssetLoaderServi - Loading from file system: jar:file:/C:/Users/narro/.m2/repository/com/github/almasb/fxgl/17.2/fxgl-17.2.jar!/fxglassets/ui/css/fxgl_dark.css
17:32:24.831 [FXGL Background Thread 1 ] DEBUG GameApplicationServi - Initializing application scenes
17:32:24.910 [FXGL Background Thread 1 ] DEBUG GameWorld            - Game world initialized
17:32:25.002 [FXGL Background Thread 1 ] DEBUG PhysicsWorld         - Physics world initialized: appHeight=1024, physics.ppm=50.0
17:32:25.004 [FXGL Background Thread 1 ] DEBUG PhysicsWorld         - Using strategy: BRUTE_FORCE
17:32:25.011 [FXGL Background Thread 1 ] DEBUG GameScene            - Game scene initialized: 1024x1024
17:32:25.011 [FXGL Background Thread 1 ] DEBUG FXGLAssetLoaderServi - Loading from file system: file:/C:/Users/narro/git/CS4900G2Proj2/Dawnseeker/target/classes/assets/music/shop.mp3
17:32:25.194 [FXGL Background Thread 1 ] DEBUG AudioPlayer          - Playing music com.almasb.fxgl.audio.Music@7bc5c188
17:32:25.229 [FXGL Background Thread 1 ] DEBUG FXGLAssetLoaderServi - Loading from file system: file:/C:/Users/narro/git/CS4900G2Proj2/Dawnseeker/target/classes/assets/textures/bg.png
17:32:25.390 [FXGL Background Thread 1 ] DEBUG FXGL.DefaultMenu     - createMenuBodyGameMenu()
17:32:25.406 [FXGL Background Thread 1 ] DEBUG FXGL.DefaultMenu     - createOptionsMenu()
17:32:25.418 [FXGL Background Thread 1 ] DEBUG FXGLAssetLoaderServi - Loading from file system: jar:file:/C:/Users/narro/.m2/repository/com/github/almasb/fxgl/17.2/fxgl-17.2.jar!/fxglassets/textures/particles/smoke.png
17:32:25.553 [FXGL Background Thread 1 ] DEBUG FXGLAssetLoaderServi - Loading from file system: jar:file:/C:/Users/narro/.m2/repository/com/github/almasb/fxgl/17.2/fxgl-17.2.jar!/fxglassets/textures/particles/trace_horizontal.png
17:32:25.613 [FXGL Background Thread 1 ] DEBUG GameApplicationServi - Application scenes initialized
17:32:25.638 [FXGL Background Thread 1 ] DEBUG SystemBundleService  - Loading FXGL system data
17:32:25.644 [FXGL Background Thread 1 ] DEBUG FileSystemAccess     - Reading from: C:\Users\narro\git\CS4900G2Proj2\Dawnseeker\system\fxgl.bundle
17:32:25.657 [FXGL Background Thread 1 ] DEBUG SystemBundleService  - Bundle FXGL: {}
17:32:25.657 [FXGL Background Thread 1 ] DEBUG UpdaterService       - Checking for updates
17:32:25.664 [FXGL Background Thread 4 ] DEBUG FXGLApplication      - Loading fonts
17:32:25.665 [FXGL Background Thread 1 ] DEBUG FXGLApplication      - Loading default localization
17:32:25.665 [FXGL Background Thread 4 ] DEBUG FXGLAssetLoaderServi - Loading from file system: jar:file:/C:/Users/narro/.m2/repository/com/github/almasb/fxgl/17.2/fxgl-17.2.jar!/fxglassets/ui/fonts/VarelaRound-Regular.ttf
17:32:25.665 [FXGL Background Thread 1 ] DEBUG FXGLAssetLoaderServi - Loading from file system: jar:file:/C:/Users/narro/.m2/repository/com/github/almasb/fxgl/17.2/fxgl-17.2.jar!/fxglassets/languages/english.lang
17:32:25.701 [FXGL Background Thread 1 ] INFO  FXGLApplication      - FXGL initialization took: 1.047 sec
17:32:25.710 [JavaFX Application Thread] DEBUG Input                - Registered new binding: action0 - LMB
17:32:25.718 [JavaFX Application Thread] DEBUG Input                - Registered new binding: Up - W
17:32:25.718 [JavaFX Application Thread] DEBUG Input                - Registered new binding: Down - S
17:32:25.718 [JavaFX Application Thread] DEBUG Input                - Registered new binding: Right - D
17:32:25.718 [JavaFX Application Thread] DEBUG Input                - Registered new binding: Left - A
17:32:25.720 [JavaFX Application Thread] DEBUG Input                - Registered new binding: Close Shop - F
17:32:25.721 [JavaFX Application Thread] DEBUG Input                - Registered new binding: Open Shop - F
17:32:25.722 [JavaFX Application Thread] DEBUG FXGLAssetLoaderServi - Loading from file system: jar:file:/C:/Users/narro/.m2/repository/com/github/almasb/fxgl/17.2/fxgl-17.2.jar!/fxglassets/textures/fxgl_icon.png
17:32:25.739 [JavaFX Application Thread] DEBUG FXGLAssetLoaderServi - Loading from file system: jar:file:/C:/Users/narro/.m2/repository/com/github/almasb/fxgl/17.2/fxgl-17.2.jar!/fxglassets/textures/fxgl_default_cursor.png
17:32:25.742 [JavaFX Application Thread] DEBUG Input                - Registered new binding: Screenshot - CTRL+8
17:32:25.743 [JavaFX Application Thread] DEBUG Input                - Registered new binding: System info dump - CTRL+9
17:32:25.744 [JavaFX Application Thread] DEBUG Input                - Registered new binding: Restart - CTRL+R
17:32:25.745 [JavaFX Application Thread] DEBUG Input                - Registered new binding: Toggle Debug Camera - CTRL+7
17:32:25.752 [JavaFX Application Thread] DEBUG LoopRunner           - Starting loop
17:32:25.753 [JavaFX Application Thread] DEBUG LoopRunner           - Initializing JavaFX AnimationTimerLoop
17:32:25.756 [JavaFX Application Thread] DEBUG Input                - Clearing active input actions
17:32:25.770 [JavaFX Application Thread] DEBUG GameApplicationServi - Removing overlay from FXGLStartupScene and adding to FXGLMainMenuDummyScene
17:32:25.771 [JavaFX Application Thread] DEBUG PrimaryStageWindow   - FXGLStartupScene -> FXGLMainMenuDummyScene
17:32:25.771 [JavaFX Application Thread] DEBUG PrimaryStageWindow   - Push state: DawnseekerMenu
17:32:25.771 [JavaFX Application Thread] DEBUG Input                - Clearing active input actions
17:32:25.778 [JavaFX Application Thread] DEBUG GameApplicationServi - Removing overlay from FXGLMainMenuDummyScene and adding to DawnseekerMenu
17:32:25.779 [JavaFX Application Thread] DEBUG PrimaryStageWindow   - FXGLMainMenuDummyScene -> DawnseekerMenu
17:32:25.800 [FXGL Background Thread 4 ] DEBUG FXGLAssetLoaderServi - Loading from file system: jar:file:/C:/Users/narro/.m2/repository/com/github/almasb/fxgl/17.2/fxgl-17.2.jar!/fxglassets/ui/fonts/Abel-Regular.ttf
17:32:25.817 [FXGL Background Thread 4 ] DEBUG FXGLAssetLoaderServi - Loading from file system: jar:file:/C:/Users/narro/.m2/repository/com/github/almasb/fxgl/17.2/fxgl-17.2.jar!/fxglassets/ui/fonts/TerminalLandMono-Regular.otf
17:32:25.833 [FXGL Background Thread 4 ] DEBUG FXGLAssetLoaderServi - Loading from file system: jar:file:/C:/Users/narro/.m2/repository/com/github/almasb/fxgl/17.2/fxgl-17.2.jar!/fxglassets/ui/fonts/Courier-Prime.ttf
17:32:25.854 [JavaFX Application Thread] DEBUG FXGLApplication      - Registering font factories with UI factory
17:32:26.196 [FXGL Background Thread 2 ] INFO  UpdaterService       - Your current version:  17.2
17:32:26.196 [FXGL Background Thread 2 ] INFO  UpdaterService       - Latest stable version: 17.3
17:32:26.907 [JavaFX Application Thread] DEBUG Menu                 - fireNewGame()
17:32:26.907 [JavaFX Application Thread] DEBUG GameApplicationServi - Starting new game
17:32:26.907 [JavaFX Application Thread] DEBUG PrimaryStageWindow   - Pop state: DawnseekerMenu
17:32:26.907 [JavaFX Application Thread] DEBUG Input                - Clearing active input actions
17:32:26.909 [JavaFX Application Thread] DEBUG GameApplicationServi - Removing overlay from DawnseekerMenu and adding to FXGLMainMenuDummyScene
17:32:26.910 [JavaFX Application Thread] DEBUG PrimaryStageWindow   - FXGLMainMenuDummyScene <- DawnseekerMenu
17:32:26.911 [JavaFX Application Thread] DEBUG Input                - Clearing active input actions
17:32:26.931 [JavaFX Application Thread] DEBUG GameApplicationServi - Removing overlay from FXGLMainMenuDummyScene and adding to FXGLLoadingScene
17:32:26.932 [JavaFX Application Thread] DEBUG PrimaryStageWindow   - FXGLMainMenuDummyScene -> FXGLLoadingScene
17:32:26.932 [JavaFX Application Thread] DEBUG GameApplicationServi - Clearing previous game
17:32:26.933 [JavaFX Application Thread] DEBUG GameScene            - Clearing game scene
17:32:26.933 [JavaFX Application Thread] DEBUG GameWorld            - Clearing game world
17:32:26.933 [JavaFX Application Thread] DEBUG PhysicsWorld         - Clearing physics world
17:32:26.941 [FXGL Background Thread 2 ] DEBUG FXGLApplication      - Initializing game
17:32:26.956 [FXGL Background Thread 2 ] DEBUG AudioPlayer          - Stopping music com.almasb.fxgl.audio.Music@7bc5c188
17:32:26.962 [FXGL Background Thread 2 ] DEBUG FXGLAssetLoaderServi - Loading from file system: file:/C:/Users/narro/git/CS4900G2Proj2/Dawnseeker/target/classes/assets/music/heartache.mp3
17:32:26.971 [FXGL Background Thread 2 ] DEBUG AudioPlayer          - Playing music com.almasb.fxgl.audio.Music@3cbb715d
17:32:27.016 [FXGL Background Thread 2 ] DEBUG FXGLAssetLoaderServi - Loading from file system: file:/C:/Users/narro/git/CS4900G2Proj2/Dawnseeker/target/classes/assets/textures/DawnseekerPCV2.png
17:32:27.028 [FXGL Background Thread 2 ] DEBUG FXGLAssetLoaderServi - Loading from file system: file:/C:/Users/narro/git/CS4900G2Proj2/Dawnseeker/target/classes/assets/textures/DawnseekerPCV2Down.png
17:32:27.031 [FXGL Background Thread 2 ] DEBUG FXGLAssetLoaderServi - Loading from file system: file:/C:/Users/narro/git/CS4900G2Proj2/Dawnseeker/target/classes/assets/textures/DawnseekerPCV2Up.png
17:32:27.032 [FXGL Background Thread 2 ] DEBUG FXGLAssetLoaderServi - Loading from file system: file:/C:/Users/narro/git/CS4900G2Proj2/Dawnseeker/target/classes/assets/textures/DawnseekerPCV2Right.png
17:32:27.034 [FXGL Background Thread 2 ] DEBUG FXGLAssetLoaderServi - Loading from file system: file:/C:/Users/narro/git/CS4900G2Proj2/Dawnseeker/target/classes/assets/textures/DawnseekerPCV2Left.png
17:32:27.059 [FXGL Background Thread 2 ] WARN  GameWorld            - Entity is already attached to world
17:32:27.061 [FXGL Background Thread 2 ] WARN  Entity               - Entity already has component: com.almasb.fxgl.entity.components.CollidableComponent
17:32:27.061 [FXGL Background Thread 2 ] WARN  GameWorld            - Entity is already attached to world
17:32:27.062 [FXGL Background Thread 2 ] WARN  Entity               - Entity already has component: com.almasb.fxgl.entity.components.CollidableComponent
17:32:27.063 [FXGL Background Thread 2 ] WARN  GameWorld            - Entity is already attached to world
17:32:27.064 [FXGL Background Thread 2 ] WARN  Entity               - Entity already has component: com.almasb.fxgl.entity.components.CollidableComponent
17:32:27.064 [FXGL Background Thread 2 ] WARN  GameWorld            - Entity is already attached to world
17:32:27.065 [FXGL Background Thread 2 ] WARN  Entity               - Entity already has component: com.almasb.fxgl.entity.components.CollidableComponent
17:32:27.065 [FXGL Background Thread 2 ] WARN  GameWorld            - Entity is already attached to world
17:32:27.066 [FXGL Background Thread 2 ] WARN  GameWorld            - Entity is already attached to world
17:32:27.067 [FXGL Background Thread 2 ] WARN  GameWorld            - Entity is already attached to world
17:32:27.088 [FXGL Background Thread 2 ] INFO  FXGLApplication      - Game initialization took: 0.147 sec
17:32:27.096 [JavaFX Application Thread] DEBUG Input                - Clearing active input actions
17:32:27.112 [JavaFX Application Thread] DEBUG GameApplicationServi - Removing overlay from FXGLLoadingScene and adding to GameScene
17:32:27.113 [JavaFX Application Thread] DEBUG PrimaryStageWindow   - FXGLLoadingScene -> GameScene
17:32:28.034 [JavaFX Application Thread] DEBUG FXGLAssetLoaderServi - Loading from file system: file:/C:/Users/narro/git/CS4900G2Proj2/Dawnseeker/target/classes/assets/textures/EnemyDawnseeker.png
17:32:28.045 [JavaFX Application Thread] DEBUG FXGLAssetLoaderServi - Loading from file system: file:/C:/Users/narro/git/CS4900G2Proj2/Dawnseeker/target/classes/assets/textures/sussy.gif
17:32:28.656 [JavaFX Application Thread] DEBUG FXGLAssetLoaderServi - Loading from file system: file:/C:/Users/narro/git/CS4900G2Proj2/Dawnseeker/target/classes/assets/sounds/player_oof.wav
17:32:28.661 [FXGL Background Thread 3 ] DEBUG Engine               - Logging environment variables
17:32:28.663 [FXGL Background Thread 3 ] DEBUG Engine               - achievements: []
17:32:28.663 [FXGL Background Thread 3 ] DEBUG Engine               - actualHeight: 824.0
17:32:28.663 [FXGL Background Thread 3 ] DEBUG Engine               - actualHeightProperty: ReadOnlyDoubleProperty [value: 824.0]
17:32:28.663 [FXGL Background Thread 3 ] DEBUG Engine               - actualWidth: 799.0
17:32:28.664 [FXGL Background Thread 3 ] DEBUG Engine               - actualWidthProperty: ReadOnlyDoubleProperty [value: 799.0]
17:32:28.664 [FXGL Background Thread 3 ] DEBUG Engine               - appIcon: fxgl_icon.png
17:32:28.664 [FXGL Background Thread 3 ] DEBUG Engine               - applicationMode: DEVELOPER
17:32:28.664 [FXGL Background Thread 3 ] DEBUG Engine               - cSSList: [fxgl_dark.css]
17:32:28.664 [FXGL Background Thread 3 ] DEBUG Engine               - collisionDetectionStrategy: BRUTE_FORCE
17:32:28.665 [FXGL Background Thread 3 ] DEBUG Engine               - configClass: Optional.empty
17:32:28.665 [FXGL Background Thread 3 ] DEBUG Engine               - credits: []
17:32:28.666 [FXGL Background Thread 3 ] DEBUG Engine               - defaultCursor: CursorInfo(imageName=fxgl_default_cursor.png, hotspotX=7.0, hotspotY=6.0)
17:32:28.666 [FXGL Background Thread 3 ] DEBUG Engine               - devBBoxColorProperty: ObjectProperty [value: 0xff0000ff]
17:32:28.667 [FXGL Background Thread 3 ] DEBUG Engine               - devEnableDebugCameraProperty: BooleanProperty [value: false]
17:32:28.667 [FXGL Background Thread 3 ] DEBUG Engine               - devSensorColorProperty: ObjectProperty [value: 0xffff00ff]
17:32:28.668 [FXGL Background Thread 3 ] DEBUG Engine               - devShowBBoxProperty: BooleanProperty [value: false]
17:32:28.668 [FXGL Background Thread 3 ] DEBUG Engine               - devShowPositionProperty: BooleanProperty [value: false]
17:32:28.668 [FXGL Background Thread 3 ] DEBUG Engine               - enabledMenuItems: []
17:32:28.668 [FXGL Background Thread 3 ] DEBUG Engine               - engineServices: [class com.almasb.fxgl.app.services.FXGLAssetLoaderService, class com.almasb.fxgl.app.FXGLApplication$GameApplicationService, class com.almasb.fxgl.app.services.FXGLDialogService, class com.almasb.fxgl.app.services.IOTaskExecutorService, class com.almasb.fxgl.io.FileSystemService, class com.almasb.fxgl.localization.LocalizationService, class com.almasb.fxgl.app.services.SystemBundleService, class com.almasb.fxgl.profile.SaveLoadService, class com.almasb.fxgl.ui.FXGLUIFactoryServiceProvider, class com.almasb.fxgl.ui.FXGLDialogFactoryServiceProvider, class com.almasb.fxgl.audio.AudioPlayer, class com.almasb.fxgl.notification.impl.NotificationServiceProvider, class com.almasb.fxgl.achievement.AchievementService, class com.almasb.fxgl.cutscene.CutsceneService, class com.almasb.fxgl.minigames.MiniGameService, class com.almasb.fxgl.net.NetService, class com.almasb.fxgl.app.services.UpdaterService, class com.almasb.fxgl.dev.DevService]
17:32:28.669 [FXGL Background Thread 3 ] DEBUG Engine               - fontGame: Abel-Regular.ttf
17:32:28.669 [FXGL Background Thread 3 ] DEBUG Engine               - fontMono: TerminalLandMono-Regular.otf
17:32:28.669 [FXGL Background Thread 3 ] DEBUG Engine               - fontText: Courier-Prime.ttf
17:32:28.669 [FXGL Background Thread 3 ] DEBUG Engine               - fontUI: VarelaRound-Regular.ttf
17:32:28.670 [FXGL Background Thread 3 ] DEBUG Engine               - fullScreen: BooleanProperty [value: false]
17:32:28.670 [FXGL Background Thread 3 ] DEBUG Engine               - gameDifficulty: MEDIUM
17:32:28.670 [FXGL Background Thread 3 ] DEBUG Engine               - gameDifficultyProperty: ObjectProperty [value: MEDIUM]
17:32:28.671 [FXGL Background Thread 3 ] DEBUG Engine               - globalMusicVolume: 0.5
17:32:28.671 [FXGL Background Thread 3 ] DEBUG Engine               - globalMusicVolumeProperty: DoubleProperty [value: 0.5]
17:32:28.671 [FXGL Background Thread 3 ] DEBUG Engine               - globalSoundVolume: 0.5
17:32:28.672 [FXGL Background Thread 3 ] DEBUG Engine               - globalSoundVolumeProperty: DoubleProperty [value: 0.5]
17:32:28.672 [FXGL Background Thread 3 ] DEBUG Engine               - height: 1024
17:32:28.672 [FXGL Background Thread 3 ] DEBUG Engine               - is3D: false
17:32:28.672 [FXGL Background Thread 3 ] DEBUG Engine               - isAndroid: false
17:32:28.673 [FXGL Background Thread 3 ] DEBUG Engine               - isBrowser: false
17:32:28.673 [FXGL Background Thread 3 ] DEBUG Engine               - isClickFeedbackEnabled: false
17:32:28.673 [FXGL Background Thread 3 ] DEBUG Engine               - isCloseConfirmation: false
17:32:28.673 [FXGL Background Thread 3 ] DEBUG Engine               - isDesktop: true
17:32:28.673 [FXGL Background Thread 3 ] DEBUG Engine               - isDeveloperMenuEnabled: false
17:32:28.674 [FXGL Background Thread 3 ] DEBUG Engine               - isEmbedded: false
17:32:28.674 [FXGL Background Thread 3 ] DEBUG Engine               - isEntityPreloadEnabled: true
17:32:28.674 [FXGL Background Thread 3 ] DEBUG Engine               - isExperimentalTiledLargeMap: false
17:32:28.674 [FXGL Background Thread 3 ] DEBUG Engine               - isFileSystemWriteAllowed: true
17:32:28.674 [FXGL Background Thread 3 ] DEBUG Engine               - isFullScreenAllowed: false
17:32:28.674 [FXGL Background Thread 3 ] DEBUG Engine               - isFullScreenFromStart: false
17:32:28.675 [FXGL Background Thread 3 ] DEBUG Engine               - isGameMenuEnabled: true
17:32:28.675 [FXGL Background Thread 3 ] DEBUG Engine               - isIOS: false
17:32:28.675 [FXGL Background Thread 3 ] DEBUG Engine               - isIntroEnabled: false
17:32:28.675 [FXGL Background Thread 3 ] DEBUG Engine               - isLinux: false
17:32:28.675 [FXGL Background Thread 3 ] DEBUG Engine               - isMac: false
17:32:28.676 [FXGL Background Thread 3 ] DEBUG Engine               - isMainMenuEnabled: true
17:32:28.676 [FXGL Background Thread 3 ] DEBUG Engine               - isManualResizeEnabled: false
17:32:28.676 [FXGL Background Thread 3 ] DEBUG Engine               - isMobile: false
17:32:28.676 [FXGL Background Thread 3 ] DEBUG Engine               - isNative: false
17:32:28.676 [FXGL Background Thread 3 ] DEBUG Engine               - isPauseMusicWhenMinimized: true
17:32:28.677 [FXGL Background Thread 3 ] DEBUG Engine               - isPreserveResizeRatio: false
17:32:28.677 [FXGL Background Thread 3 ] DEBUG Engine               - isProfilingEnabled: false
17:32:28.677 [FXGL Background Thread 3 ] DEBUG Engine               - isScaleAffectedOnResize: true
17:32:28.677 [FXGL Background Thread 3 ] DEBUG Engine               - isSingleStep: false
17:32:28.677 [FXGL Background Thread 3 ] DEBUG Engine               - isUserProfileEnabled: false
17:32:28.677 [FXGL Background Thread 3 ] DEBUG Engine               - isWindows: true
17:32:28.678 [FXGL Background Thread 3 ] DEBUG Engine               - language: ObjectProperty [value: ENGLISH]
17:32:28.678 [FXGL Background Thread 3 ] DEBUG Engine               - menuKey: ESCAPE
17:32:28.678 [FXGL Background Thread 3 ] DEBUG Engine               - mouseSensitivity: 0.2
17:32:28.678 [FXGL Background Thread 3 ] DEBUG Engine               - notificationViewClass: class com.almasb.fxgl.notification.view.XboxNotificationView
17:32:28.678 [FXGL Background Thread 3 ] DEBUG Engine               - pixelsPerMeter: 50.0
17:32:28.679 [FXGL Background Thread 3 ] DEBUG Engine               - platform: WINDOWS
17:32:28.679 [FXGL Background Thread 3 ] DEBUG Engine               - prefHeightProperty: ReadOnlyDoubleProperty [value: 1024.0]
17:32:28.679 [FXGL Background Thread 3 ] DEBUG Engine               - prefWidthProperty: ReadOnlyDoubleProperty [value: 1024.0]
17:32:28.679 [FXGL Background Thread 3 ] DEBUG Engine               - profileDir: profiles/
17:32:28.680 [FXGL Background Thread 3 ] DEBUG Engine               - profileName: StringProperty [value: DEFAULT]
17:32:28.680 [FXGL Background Thread 3 ] DEBUG Engine               - randomSeed: -1
17:32:28.681 [FXGL Background Thread 3 ] DEBUG Engine               - runtimeInfo: RuntimeInfo(platform=WINDOWS, version=17.2, build=20.08.2022 16.50)
17:32:28.681 [FXGL Background Thread 3 ] DEBUG Engine               - saveFileExt: sav
17:32:28.681 [FXGL Background Thread 3 ] DEBUG Engine               - scaledHeightProp$fxgl: DoubleProperty [bound, value: 824.0]
17:32:28.682 [FXGL Background Thread 3 ] DEBUG Engine               - scaledWidthProp$fxgl: DoubleProperty [bound, value: 799.0]
17:32:28.682 [FXGL Background Thread 3 ] DEBUG Engine               - sceneFactory: myGame.DawnseekerApp$1@32162f56
17:32:28.682 [FXGL Background Thread 3 ] DEBUG Engine               - secondsIn24h: 60
17:32:28.682 [FXGL Background Thread 3 ] DEBUG Engine               - soundMenuBack: menu/back.wav
17:32:28.683 [FXGL Background Thread 3 ] DEBUG Engine               - soundMenuPress: menu/press.wav
17:32:28.683 [FXGL Background Thread 3 ] DEBUG Engine               - soundMenuSelect: menu/select.wav
17:32:28.683 [FXGL Background Thread 3 ] DEBUG Engine               - soundNotification: core/notification.wav
17:32:28.683 [FXGL Background Thread 3 ] DEBUG Engine               - stageStyle: DECORATED
17:32:28.684 [FXGL Background Thread 3 ] DEBUG Engine               - supportedLanguages: [ENGLISH, FRENCH, GERMAN, HUNGARIAN, RUSSIAN]
17:32:28.684 [FXGL Background Thread 3 ] DEBUG Engine               - ticksPerSecond: -1
17:32:28.684 [FXGL Background Thread 3 ] DEBUG Engine               - title: Dawnseeker
17:32:28.684 [FXGL Background Thread 3 ] DEBUG Engine               - urlGithub: https://github.com/AlmasB/FXGL
17:32:28.684 [FXGL Background Thread 3 ] DEBUG Engine               - urlLeaderboard: http://fxgl-top.herokuapp.com/
17:32:28.685 [FXGL Background Thread 3 ] DEBUG Engine               - urlPOM: https://raw.githubusercontent.com/AlmasB/FXGL/release/README.md
17:32:28.685 [FXGL Background Thread 3 ] DEBUG Engine               - userAppClass: class myGame.DawnseekerApp
17:32:28.685 [FXGL Background Thread 3 ] DEBUG Engine               - version: 0.4
17:32:28.685 [FXGL Background Thread 3 ] DEBUG Engine               - versionCheckDays: 7
17:32:28.685 [FXGL Background Thread 3 ] DEBUG Engine               - width: 1024
17:32:28.686 [FXGL Background Thread 3 ] DEBUG Engine               - Logging services
17:32:28.686 [FXGL Background Thread 3 ] DEBUG Engine               - class com.almasb.fxgl.app.services.FXGLAssetLoaderService
17:32:28.686 [FXGL Background Thread 3 ] DEBUG Engine               - class com.almasb.fxgl.app.FXGLApplication$GameApplicationService
17:32:28.686 [FXGL Background Thread 3 ] DEBUG Engine               - class com.almasb.fxgl.app.services.FXGLDialogService
17:32:28.686 [FXGL Background Thread 3 ] DEBUG Engine               - class com.almasb.fxgl.app.services.IOTaskExecutorService
17:32:28.687 [FXGL Background Thread 3 ] DEBUG Engine               - class com.almasb.fxgl.io.FileSystemService
17:32:28.687 [FXGL Background Thread 3 ] DEBUG Engine               - class com.almasb.fxgl.localization.LocalizationService
17:32:28.687 [FXGL Background Thread 3 ] DEBUG Engine               - class com.almasb.fxgl.app.services.SystemBundleService
17:32:28.687 [FXGL Background Thread 3 ] DEBUG Engine               - class com.almasb.fxgl.profile.SaveLoadService
17:32:28.687 [FXGL Background Thread 3 ] DEBUG Engine               - class com.almasb.fxgl.ui.FXGLUIFactoryServiceProvider
17:32:28.687 [FXGL Background Thread 3 ] DEBUG Engine               - class com.almasb.fxgl.ui.FXGLDialogFactoryServiceProvider
17:32:28.688 [FXGL Background Thread 3 ] DEBUG Engine               - class com.almasb.fxgl.audio.AudioPlayer
17:32:28.688 [FXGL Background Thread 3 ] DEBUG Engine               - class com.almasb.fxgl.notification.impl.NotificationServiceProvider
17:32:28.688 [FXGL Background Thread 3 ] DEBUG Engine               - class com.almasb.fxgl.achievement.AchievementService
17:32:28.688 [FXGL Background Thread 3 ] DEBUG Engine               - class com.almasb.fxgl.cutscene.CutsceneService
17:32:28.688 [FXGL Background Thread 3 ] DEBUG Engine               - class com.almasb.fxgl.minigames.MiniGameService
17:32:28.688 [FXGL Background Thread 3 ] DEBUG Engine               - class com.almasb.fxgl.net.NetService
17:32:28.688 [FXGL Background Thread 3 ] DEBUG Engine               - class com.almasb.fxgl.app.services.UpdaterService
17:32:28.689 [FXGL Background Thread 3 ] DEBUG Engine               - class com.almasb.fxgl.dev.DevService
17:32:29.135 [JavaFX Application Thread] DEBUG FXGLAssetLoaderServi - Loading from file system: file:/C:/Users/narro/git/CS4900G2Proj2/Dawnseeker/target/classes/assets/sounds/yoda_death.wav
17:32:30.898 [JavaFX Application Thread] DEBUG FXGLAssetLoaderServi - Loading from file system: file:/C:/Users/narro/git/CS4900G2Proj2/Dawnseeker/target/classes/assets/sounds/magic_missile.wav
17:32:30.907 [JavaFX Application Thread] DEBUG FXGLAssetLoaderServi - Loading from file system: file:/C:/Users/narro/git/CS4900G2Proj2/Dawnseeker/target/classes/assets/textures/FireBallProjectile.png
17:32:31.123 [JavaFX Application Thread] WARN  GameWorld            - Attempted to remove entity which is not active
17:32:31.127 [JavaFX Application Thread] DEBUG FXGLAssetLoaderServi - Loading from file system: file:/C:/Users/narro/git/CS4900G2Proj2/Dawnseeker/target/classes/assets/sounds/bong.wav
17:32:31.263 [JavaFX Application Thread] WARN  GameWorld            - Attempted to remove entity which is not active
17:32:31.694 [JavaFX Application Thread] WARN  GameWorld            - Attempted to remove entity which is not active
17:32:32.463 [JavaFX Application Thread] WARN  GameWorld            - Attempted to remove entity which is not active
17:32:32.497 [JavaFX Application Thread] DEBUG FXGLAssetLoaderServi - Loading from file system: file:/C:/Users/narro/git/CS4900G2Proj2/Dawnseeker/target/classes/assets/sounds/coin_pickup.wav
17:32:33.166 [JavaFX Application Thread] WARN  GameWorld            - Attempted to remove entity which is not active
17:32:33.675 [JavaFX Application Thread] WARN  GameWorld            - Attempted to remove entity which is not active
17:32:33.903 [JavaFX Application Thread] WARN  GameWorld            - Attempted to remove entity which is not active
17:32:34.287 [JavaFX Application Thread] WARN  GameWorld            - Attempted to remove entity which is not active
17:32:34.799 [JavaFX Application Thread] WARN  GameWorld            - Attempted to remove entity which is not active
17:32:35.103 [JavaFX Application Thread] WARN  GameWorld            - Attempted to remove entity which is not active
17:32:35.726 [JavaFX Application Thread] WARN  GameWorld            - Attempted to remove entity which is not active
17:32:36.271 [JavaFX Application Thread] WARN  GameWorld            - Attempted to remove entity which is not active
17:32:36.593 [JavaFX Application Thread] DEBUG PrimaryStageWindow   - Push state: ShopTest
17:32:36.593 [JavaFX Application Thread] DEBUG Input                - Clearing active input actions
17:32:36.595 [JavaFX Application Thread] DEBUG GameApplicationServi - Removing overlay from GameScene and adding to ShopTest
17:32:36.595 [JavaFX Application Thread] DEBUG PrimaryStageWindow   - GameScene -> ShopTest
17:32:37.827 [JavaFX Application Thread] DEBUG FXGLAssetLoaderServi - Loading from file system: file:/C:/Users/narro/git/CS4900G2Proj2/Dawnseeker/target/classes/assets/sounds/boom.wav
17:32:38.882 [JavaFX Application Thread] DEBUG PrimaryStageWindow   - Pop state: ShopTest
17:32:38.882 [JavaFX Application Thread] DEBUG Input                - Clearing active input actions
17:32:38.883 [JavaFX Application Thread] DEBUG GameApplicationServi - Removing overlay from ShopTest and adding to GameScene
17:32:38.884 [JavaFX Application Thread] DEBUG PrimaryStageWindow   - GameScene <- ShopTest
17:32:45.838 [JavaFX Application Thread] WARN  GameWorld            - Attempted to remove entity which is not active
17:32:45.966 [JavaFX Application Thread] WARN  GameWorld            - Attempted to remove entity which is not active
17:32:46.144 [JavaFX Application Thread] WARN  GameWorld            - Attempted to remove entity which is not active
17:32:46.286 [JavaFX Application Thread] WARN  GameWorld            - Attempted to remove entity which is not active
17:32:46.398 [JavaFX Application Thread] WARN  GameWorld            - Attempted to remove entity which is not active
17:32:46.544 [JavaFX Application Thread] WARN  GameWorld            - Attempted to remove entity which is not active
17:32:46.718 [JavaFX Application Thread] WARN  GameWorld            - Attempted to remove entity which is not active
17:32:46.782 [JavaFX Application Thread] WARN  GameWorld            - Attempted to remove entity which is not active
17:32:47.022 [JavaFX Application Thread] WARN  GameWorld            - Attempted to remove entity which is not active
17:32:47.134 [JavaFX Application Thread] WARN  GameWorld            - Attempted to remove entity which is not active
17:32:47.486 [JavaFX Application Thread] WARN  GameWorld            - Attempted to remove entity which is not active
17:32:47.743 [JavaFX Application Thread] WARN  GameWorld            - Attempted to remove entity which is not active
17:32:49.023 [JavaFX Application Thread] WARN  GameWorld            - Attempted to remove entity which is not active
17:32:49.358 [JavaFX Application Thread] WARN  GameWorld            - Attempted to remove entity which is not active
17:32:49.534 [JavaFX Application Thread] WARN  GameWorld            - Attempted to remove entity which is not active
17:33:03.949 [JavaFX Application Thread] DEBUG PrimaryStageWindow   - Push state: FXGLDefaultMenu
17:33:03.954 [JavaFX Application Thread] DEBUG Input                - Clearing active input actions
17:33:03.957 [JavaFX Application Thread] DEBUG GameApplicationServi - Removing overlay from GameScene and adding to FXGLDefaultMenu
17:33:03.958 [JavaFX Application Thread] DEBUG PrimaryStageWindow   - GameScene -> FXGLDefaultMenu
17:33:05.095 [JavaFX Application Thread] DEBUG Menu                 - fireExitToMainMenu()
17:33:05.098 [JavaFX Application Thread] DEBUG PrimaryStageWindow   - Push state: DialogSubScene
17:33:05.098 [JavaFX Application Thread] DEBUG Input                - Clearing active input actions
17:33:05.100 [JavaFX Application Thread] DEBUG GameApplicationServi - Removing overlay from FXGLDefaultMenu and adding to DialogSubScene
17:33:05.100 [JavaFX Application Thread] DEBUG PrimaryStageWindow   - FXGLDefaultMenu -> DialogSubScene
17:33:05.799 [JavaFX Application Thread] DEBUG PrimaryStageWindow   - Pop state: DialogSubScene
17:33:05.800 [JavaFX Application Thread] DEBUG Input                - Clearing active input actions
17:33:05.802 [JavaFX Application Thread] DEBUG GameApplicationServi - Removing overlay from DialogSubScene and adding to FXGLDefaultMenu
17:33:05.802 [JavaFX Application Thread] DEBUG PrimaryStageWindow   - FXGLDefaultMenu <- DialogSubScene
17:33:05.804 [JavaFX Application Thread] DEBUG PrimaryStageWindow   - Pop state: FXGLDefaultMenu
17:33:05.804 [JavaFX Application Thread] DEBUG Input                - Clearing active input actions
17:33:05.804 [JavaFX Application Thread] DEBUG GameApplicationServi - Removing overlay from FXGLDefaultMenu and adding to GameScene
17:33:05.804 [JavaFX Application Thread] DEBUG PrimaryStageWindow   - GameScene <- FXGLDefaultMenu
17:33:05.804 [JavaFX Application Thread] DEBUG Input                - Clearing active input actions
17:33:05.818 [JavaFX Application Thread] DEBUG GameApplicationServi - Removing overlay from GameScene and adding to FXGLMainMenuDummyScene
17:33:05.818 [JavaFX Application Thread] DEBUG PrimaryStageWindow   - GameScene -> FXGLMainMenuDummyScene
17:33:05.818 [JavaFX Application Thread] DEBUG PrimaryStageWindow   - Push state: DawnseekerMenu
17:33:05.818 [JavaFX Application Thread] DEBUG Input                - Clearing active input actions
17:33:05.818 [JavaFX Application Thread] DEBUG GameApplicationServi - Removing overlay from FXGLMainMenuDummyScene and adding to DawnseekerMenu
17:33:05.818 [JavaFX Application Thread] DEBUG PrimaryStageWindow   - FXGLMainMenuDummyScene -> DawnseekerMenu
17:33:06.740 [JavaFX Application Thread] DEBUG Menu                 - fireNewGame()
17:33:06.740 [JavaFX Application Thread] DEBUG GameApplicationServi - Starting new game
17:33:06.740 [JavaFX Application Thread] DEBUG PrimaryStageWindow   - Pop state: DawnseekerMenu
17:33:06.740 [JavaFX Application Thread] DEBUG Input                - Clearing active input actions
17:33:06.741 [JavaFX Application Thread] DEBUG GameApplicationServi - Removing overlay from DawnseekerMenu and adding to FXGLMainMenuDummyScene
17:33:06.741 [JavaFX Application Thread] DEBUG PrimaryStageWindow   - FXGLMainMenuDummyScene <- DawnseekerMenu
17:33:06.741 [JavaFX Application Thread] DEBUG Input                - Clearing active input actions
17:33:06.768 [JavaFX Application Thread] DEBUG GameApplicationServi - Removing overlay from FXGLMainMenuDummyScene and adding to FXGLLoadingScene
17:33:06.769 [JavaFX Application Thread] DEBUG PrimaryStageWindow   - FXGLMainMenuDummyScene -> FXGLLoadingScene
17:33:06.769 [JavaFX Application Thread] DEBUG GameApplicationServi - Clearing previous game
17:33:06.769 [JavaFX Application Thread] DEBUG GameScene            - Clearing game scene
17:33:06.769 [JavaFX Application Thread] DEBUG GameWorld            - Clearing game world
17:33:06.773 [JavaFX Application Thread] DEBUG PhysicsWorld         - Clearing physics world
17:33:06.775 [FXGL Background Thread 2 ] DEBUG FXGLApplication      - Initializing game
17:33:06.776 [FXGL Background Thread 2 ] DEBUG AudioPlayer          - Stopping music com.almasb.fxgl.audio.Music@7bc5c188
17:33:06.787 [JavaFX Application Thread] DEBUG LoopRunner           - Stopping loop
17:33:06.792 [JavaFX Application Thread] FATAL FXGLApplication      - Uncaught Exception:
java.lang.RuntimeException: Initialization failed
	at com.almasb.fxgl.app.FXGLApplication$InitAppTask.failed(FXGLApplication.kt:343)
	at javafx.concurrent.Task.setState(Task.java:710)
	at javafx.concurrent.Task$TaskCallable.lambda$call$2(Task.java:1456)
	at com.sun.javafx.application.PlatformImpl.lambda$runLater$10(PlatformImpl.java:457)
	at java.base/java.security.AccessController.doPrivileged(AccessController.java:399)
	at com.sun.javafx.application.PlatformImpl.lambda$runLater$11(PlatformImpl.java:456)
	at com.sun.glass.ui.InvokeLaterDispatcher$Future.run(InvokeLaterDispatcher.java:96)
	at com.sun.glass.ui.win.WinApplication._runLoop(Native Method)
	at com.sun.glass.ui.win.WinApplication.lambda$runLoop$3(WinApplication.java:184)
	at java.base/java.lang.Thread.run(Thread.java:1589)
Caused by: java.lang.IllegalArgumentException: #iterator() cannot be used nested.
	at com.almasb.fxgl.core.collection.Array$ArrayIterator.hasNext(Array.java:704)
	at com.almasb.fxgl.audio.AudioPlayer.stopAllMusic(AudioPlayer.kt:204)
	at myGame.DawnseekerApp.initGame(DawnseekerApp.java:191)
	at com.almasb.fxgl.app.FXGLApplication$InitAppTask.initGame(FXGLApplication.kt:339)
	at com.almasb.fxgl.app.FXGLApplication$InitAppTask.call(FXGLApplication.kt:319)
	at com.almasb.fxgl.app.FXGLApplication$InitAppTask.call(FXGLApplication.kt:311)
	at javafx.concurrent.Task$TaskCallable.call(Task.java:1426)
	at java.base/java.util.concurrent.FutureTask.run(FutureTask.java:317)
	at java.base/java.util.concurrent.Executors$RunnableAdapter.call(Executors.java:577)
	at java.base/java.util.concurrent.FutureTask.run(FutureTask.java:317)
	at java.base/java.util.concurrent.ThreadPoolExecutor.runWorker(ThreadPoolExecutor.java:1144)
	at java.base/java.util.concurrent.ThreadPoolExecutor$Worker.run(ThreadPoolExecutor.java:642)
	... 1 more

17:33:06.793 [JavaFX Application Thread] FATAL FXGLApplication      - Application will now exit
17:33:06.857 [JavaFX Application Thread] DEBUG PrimaryStageWindow   - Push state: ErrorSubScene
17:33:06.857 [JavaFX Application Thread] DEBUG Input                - Clearing active input actions
17:33:06.864 [JavaFX Application Thread] DEBUG GameApplicationServi - Removing overlay from FXGLLoadingScene and adding to ErrorSubScene
17:33:06.864 [JavaFX Application Thread] DEBUG PrimaryStageWindow   - FXGLLoadingScene -> ErrorSubScene
17:33:12.164 [JavaFX Application Thread] DEBUG FXGLApplication      - Exiting FXGL
17:33:12.164 [JavaFX Application Thread] DEBUG Async                - Shutting down background threads
17:33:12.165 [JavaFX Application Thread] DEBUG PrimaryStageWindow   - Closing main window
17:33:12.190 [JavaFX Application Thread] DEBUG Logger               - Closing Logger
