20:35:33.746 [main                     ] DEBUG Logger               - Configured Logger
20:35:33.770 [main                     ] DEBUG GameApplication      - Logging settings
Title: Dawnseeker
Version: 0.4
Width: 1920
Height: 1080
Fullscreen: false
Intro: false
Profiling: false
Single step:false
App Mode: DEVELOPER
Menu Key: ESCAPE
Stage Style: DECORATED
Scene Factory: class myGame.DawnseekerApp$1

20:35:34.239 [JavaFX Application Thread] DEBUG FXGLApplication      - Initializing FXGL
20:35:34.243 [JavaFX Application Thread] INFO  Engine               - FXGL-17.2 (20.08.2022 16.50) on WINDOWS (J:19.0.2 FX:18)
20:35:34.243 [JavaFX Application Thread] DEBUG Engine               - JRE Vendor Name: Oracle Corporation
20:35:34.243 [JavaFX Application Thread] DEBUG Engine               - Running on OS: Windows 10 version 10.0
20:35:34.243 [JavaFX Application Thread] DEBUG Engine               - Architecture: amd64
20:35:34.244 [JavaFX Application Thread] INFO  Engine               - Source code and latest versions at: https://github.com/AlmasB/FXGL
20:35:34.244 [JavaFX Application Thread] INFO  Engine               -       Ask questions and discuss at: https://github.com/AlmasB/FXGL/discussions
20:35:34.244 [JavaFX Application Thread] INFO  Engine               -              Join the FXGL chat at: https://gitter.im/AlmasB/FXGL
20:35:34.359 [JavaFX Application Thread] DEBUG PrimaryStageWindow   - Creating a JavaFX scene
20:35:34.406 [JavaFX Application Thread] DEBUG PrimaryStageWindow   - Target settings size: 1920.0 x 1080.0
20:35:34.407 [JavaFX Application Thread] DEBUG PrimaryStageWindow   - Scaled scene size:    1920.0 x 1080.0
20:35:34.407 [JavaFX Application Thread] DEBUG PrimaryStageWindow   - Scaled ratio: (1.0, 1.0)
20:35:34.408 [JavaFX Application Thread] DEBUG PrimaryStageWindow   - Set initial scene to FXGLStartupScene
20:35:34.415 [JavaFX Application Thread] DEBUG PrimaryStageWindow   - Opening main window
20:35:34.523 [JavaFX Application Thread] DEBUG PrimaryStageWindow   - Window border size: (16.0, 39.0)
20:35:34.523 [JavaFX Application Thread] DEBUG PrimaryStageWindow   - Scaled size: 1920.0 x 1080.0
20:35:34.524 [JavaFX Application Thread] DEBUG PrimaryStageWindow   - Scaled ratio: (1.0, 1.0)
20:35:34.524 [JavaFX Application Thread] DEBUG PrimaryStageWindow   - Scene size: 1920.0 x 1080.0
20:35:34.524 [JavaFX Application Thread] DEBUG PrimaryStageWindow   - Stage size: 1936.0 x 1119.0
20:35:34.531 [FXGL Background Thread 1 ] DEBUG Engine               - Initializing environment variables
20:35:34.579 [FXGL Background Thread 1 ] DEBUG FXGLAssetLoaderServi - User app class for loading assets: class myGame.DawnseekerApp
20:35:34.580 [FXGL Background Thread 1 ] DEBUG GameApplicationServi - Applying CSS: fxgl_dark.css
20:35:34.581 [FXGL Background Thread 1 ] DEBUG FXGLAssetLoaderServi - Loading from file system: jar:file:/C:/Users/Morgan%20Johnson/.m2/repository/com/github/almasb/fxgl/17.2/fxgl-17.2.jar!/fxglassets/ui/css/fxgl_dark.css
20:35:34.620 [FXGL Background Thread 1 ] DEBUG GameApplicationServi - Initializing application scenes
20:35:34.657 [FXGL Background Thread 1 ] DEBUG GameWorld            - Game world initialized
20:35:34.714 [FXGL Background Thread 1 ] DEBUG PhysicsWorld         - Physics world initialized: appHeight=1080, physics.ppm=50.0
20:35:34.715 [FXGL Background Thread 1 ] DEBUG PhysicsWorld         - Using strategy: BRUTE_FORCE
20:35:34.718 [FXGL Background Thread 1 ] DEBUG GameScene            - Game scene initialized: 1920x1080
20:35:34.719 [FXGL Background Thread 1 ] DEBUG FXGLAssetLoaderServi - Loading from file system: file:/C:/Games/Schoolwork/Spring%2023/CS4900/DawnseekerWorkspace/CS4900G2Proj2/CS4900G2Proj2/Dawnseeker/target/classes/assets/music/shop.mp3
20:35:34.848 [FXGL Background Thread 1 ] DEBUG AudioPlayer          - Playing music com.almasb.fxgl.audio.Music@63542898
20:35:34.872 [FXGL Background Thread 1 ] DEBUG FXGLAssetLoaderServi - Loading from file system: file:/C:/Games/Schoolwork/Spring%2023/CS4900/DawnseekerWorkspace/CS4900G2Proj2/CS4900G2Proj2/Dawnseeker/target/classes/assets/textures/bg.png
20:35:34.964 [FXGL Background Thread 1 ] DEBUG FXGL.DefaultMenu     - createMenuBodyGameMenu()
20:35:34.977 [FXGL Background Thread 1 ] DEBUG FXGL.DefaultMenu     - createOptionsMenu()
20:35:34.983 [FXGL Background Thread 1 ] DEBUG FXGLAssetLoaderServi - Loading from file system: jar:file:/C:/Users/Morgan%20Johnson/.m2/repository/com/github/almasb/fxgl/17.2/fxgl-17.2.jar!/fxglassets/textures/particles/smoke.png
20:35:35.056 [FXGL Background Thread 1 ] DEBUG FXGLAssetLoaderServi - Loading from file system: jar:file:/C:/Users/Morgan%20Johnson/.m2/repository/com/github/almasb/fxgl/17.2/fxgl-17.2.jar!/fxglassets/textures/particles/trace_horizontal.png
20:35:35.073 [FXGL Background Thread 1 ] DEBUG GameApplicationServi - Application scenes initialized
20:35:35.087 [FXGL Background Thread 1 ] DEBUG SystemBundleService  - Loading FXGL system data
20:35:35.092 [FXGL Background Thread 1 ] DEBUG FileSystemAccess     - Reading from: C:\Games\Schoolwork\Spring 23\CS4900\DawnseekerWorkspace\CS4900G2Proj2\CS4900G2Proj2\Dawnseeker\system\fxgl.bundle
20:35:35.100 [FXGL Background Thread 1 ] DEBUG SystemBundleService  - Bundle FXGL: {}
20:35:35.101 [FXGL Background Thread 1 ] DEBUG UpdaterService       - Checking for updates
20:35:35.104 [FXGL Background Thread 4 ] DEBUG FXGLApplication      - Loading fonts
20:35:35.105 [FXGL Background Thread 4 ] DEBUG FXGLAssetLoaderServi - Loading from file system: jar:file:/C:/Users/Morgan%20Johnson/.m2/repository/com/github/almasb/fxgl/17.2/fxgl-17.2.jar!/fxglassets/ui/fonts/VarelaRound-Regular.ttf
20:35:35.105 [FXGL Background Thread 1 ] DEBUG FXGLApplication      - Loading default localization
20:35:35.106 [FXGL Background Thread 1 ] DEBUG FXGLAssetLoaderServi - Loading from file system: jar:file:/C:/Users/Morgan%20Johnson/.m2/repository/com/github/almasb/fxgl/17.2/fxgl-17.2.jar!/fxglassets/languages/english.lang
20:35:35.125 [FXGL Background Thread 1 ] INFO  FXGLApplication      - FXGL initialization took: 0.594 sec
20:35:35.131 [JavaFX Application Thread] DEBUG Input                - Registered new binding: action0 - LMB
20:35:35.138 [JavaFX Application Thread] DEBUG Input                - Registered new binding: Up - W
20:35:35.138 [JavaFX Application Thread] DEBUG Input                - Registered new binding: Down - S
20:35:35.138 [JavaFX Application Thread] DEBUG Input                - Registered new binding: Right - D
20:35:35.139 [JavaFX Application Thread] DEBUG Input                - Registered new binding: Left - A
20:35:35.140 [JavaFX Application Thread] DEBUG FXGLAssetLoaderServi - Loading from file system: jar:file:/C:/Users/Morgan%20Johnson/.m2/repository/com/github/almasb/fxgl/17.2/fxgl-17.2.jar!/fxglassets/textures/fxgl_icon.png
20:35:35.155 [JavaFX Application Thread] DEBUG FXGLAssetLoaderServi - Loading from file system: jar:file:/C:/Users/Morgan%20Johnson/.m2/repository/com/github/almasb/fxgl/17.2/fxgl-17.2.jar!/fxglassets/textures/fxgl_default_cursor.png
20:35:35.158 [JavaFX Application Thread] DEBUG Input                - Registered new binding: Screenshot - CTRL+8
20:35:35.159 [JavaFX Application Thread] DEBUG Input                - Registered new binding: System info dump - CTRL+9
20:35:35.159 [JavaFX Application Thread] DEBUG Input                - Registered new binding: Restart - CTRL+R
20:35:35.160 [JavaFX Application Thread] DEBUG Input                - Registered new binding: Toggle Debug Camera - CTRL+7
20:35:35.163 [JavaFX Application Thread] DEBUG LoopRunner           - Starting loop
20:35:35.163 [JavaFX Application Thread] DEBUG LoopRunner           - Initializing JavaFX AnimationTimerLoop
20:35:35.167 [JavaFX Application Thread] DEBUG Input                - Clearing active input actions
20:35:35.179 [JavaFX Application Thread] DEBUG GameApplicationServi - Removing overlay from FXGLStartupScene and adding to FXGLMainMenuDummyScene
20:35:35.180 [JavaFX Application Thread] DEBUG PrimaryStageWindow   - FXGLStartupScene -> FXGLMainMenuDummyScene
20:35:35.180 [JavaFX Application Thread] DEBUG PrimaryStageWindow   - Push state: DawnseekerMenu
20:35:35.180 [JavaFX Application Thread] DEBUG Input                - Clearing active input actions
20:35:35.187 [JavaFX Application Thread] DEBUG GameApplicationServi - Removing overlay from FXGLMainMenuDummyScene and adding to DawnseekerMenu
20:35:35.187 [JavaFX Application Thread] DEBUG PrimaryStageWindow   - FXGLMainMenuDummyScene -> DawnseekerMenu
20:35:35.207 [FXGL Background Thread 4 ] DEBUG FXGLAssetLoaderServi - Loading from file system: jar:file:/C:/Users/Morgan%20Johnson/.m2/repository/com/github/almasb/fxgl/17.2/fxgl-17.2.jar!/fxglassets/ui/fonts/Abel-Regular.ttf
20:35:35.212 [FXGL Background Thread 4 ] DEBUG FXGLAssetLoaderServi - Loading from file system: jar:file:/C:/Users/Morgan%20Johnson/.m2/repository/com/github/almasb/fxgl/17.2/fxgl-17.2.jar!/fxglassets/ui/fonts/TerminalLandMono-Regular.otf
20:35:35.218 [FXGL Background Thread 4 ] DEBUG FXGLAssetLoaderServi - Loading from file system: jar:file:/C:/Users/Morgan%20Johnson/.m2/repository/com/github/almasb/fxgl/17.2/fxgl-17.2.jar!/fxglassets/ui/fonts/Courier-Prime.ttf
20:35:35.228 [JavaFX Application Thread] DEBUG FXGLApplication      - Registering font factories with UI factory
20:35:35.489 [FXGL Background Thread 2 ] INFO  UpdaterService       - Your current version:  17.2
20:35:35.489 [FXGL Background Thread 2 ] INFO  UpdaterService       - Latest stable version: 17.3
20:35:35.978 [JavaFX Application Thread] DEBUG Menu                 - fireNewGame()
20:35:35.978 [JavaFX Application Thread] DEBUG GameApplicationServi - Starting new game
20:35:35.978 [JavaFX Application Thread] DEBUG PrimaryStageWindow   - Pop state: DawnseekerMenu
20:35:35.978 [JavaFX Application Thread] DEBUG Input                - Clearing active input actions
20:35:35.978 [JavaFX Application Thread] DEBUG GameApplicationServi - Removing overlay from DawnseekerMenu and adding to FXGLMainMenuDummyScene
20:35:35.979 [JavaFX Application Thread] DEBUG PrimaryStageWindow   - FXGLMainMenuDummyScene <- DawnseekerMenu
20:35:35.979 [JavaFX Application Thread] DEBUG Input                - Clearing active input actions
20:35:35.984 [JavaFX Application Thread] DEBUG GameApplicationServi - Removing overlay from FXGLMainMenuDummyScene and adding to FXGLLoadingScene
20:35:35.984 [JavaFX Application Thread] DEBUG PrimaryStageWindow   - FXGLMainMenuDummyScene -> FXGLLoadingScene
20:35:35.984 [JavaFX Application Thread] DEBUG GameApplicationServi - Clearing previous game
20:35:35.985 [JavaFX Application Thread] DEBUG GameScene            - Clearing game scene
20:35:35.985 [JavaFX Application Thread] DEBUG GameWorld            - Clearing game world
20:35:35.985 [JavaFX Application Thread] DEBUG PhysicsWorld         - Clearing physics world
20:35:35.986 [FXGL Background Thread 2 ] DEBUG FXGLApplication      - Initializing game
20:35:35.990 [FXGL Background Thread 2 ] DEBUG AudioPlayer          - Stopping music com.almasb.fxgl.audio.Music@63542898
20:35:35.992 [FXGL Background Thread 2 ] DEBUG FXGLAssetLoaderServi - Loading from file system: file:/C:/Games/Schoolwork/Spring%2023/CS4900/DawnseekerWorkspace/CS4900G2Proj2/CS4900G2Proj2/Dawnseeker/target/classes/assets/music/heartache.mp3
20:35:35.994 [FXGL Background Thread 2 ] DEBUG AudioPlayer          - Playing music com.almasb.fxgl.audio.Music@4b3ea0a2
20:35:36.010 [FXGL Background Thread 2 ] DEBUG FXGLAssetLoaderServi - Loading from file system: file:/C:/Games/Schoolwork/Spring%2023/CS4900/DawnseekerWorkspace/CS4900G2Proj2/CS4900G2Proj2/Dawnseeker/target/classes/assets/textures/DawnseekerPCV2.png
20:35:36.013 [FXGL Background Thread 2 ] DEBUG FXGLAssetLoaderServi - Loading from file system: file:/C:/Games/Schoolwork/Spring%2023/CS4900/DawnseekerWorkspace/CS4900G2Proj2/CS4900G2Proj2/Dawnseeker/target/classes/assets/textures/DawnseekerPCV2Down.png
20:35:36.016 [FXGL Background Thread 2 ] DEBUG FXGLAssetLoaderServi - Loading from file system: file:/C:/Games/Schoolwork/Spring%2023/CS4900/DawnseekerWorkspace/CS4900G2Proj2/CS4900G2Proj2/Dawnseeker/target/classes/assets/textures/DawnseekerPCV2Up.png
20:35:36.019 [FXGL Background Thread 2 ] DEBUG FXGLAssetLoaderServi - Loading from file system: file:/C:/Games/Schoolwork/Spring%2023/CS4900/DawnseekerWorkspace/CS4900G2Proj2/CS4900G2Proj2/Dawnseeker/target/classes/assets/textures/DawnseekerPCV2Right.png
20:35:36.021 [FXGL Background Thread 2 ] DEBUG FXGLAssetLoaderServi - Loading from file system: file:/C:/Games/Schoolwork/Spring%2023/CS4900/DawnseekerWorkspace/CS4900G2Proj2/CS4900G2Proj2/Dawnseeker/target/classes/assets/textures/DawnseekerPCV2Left.png
20:35:36.036 [FXGL Background Thread 2 ] DEBUG FXGLAssetLoaderServi - Loading from file system: file:/C:/Games/Schoolwork/Spring%2023/CS4900/DawnseekerWorkspace/CS4900G2Proj2/CS4900G2Proj2/Dawnseeker/target/classes/assets/textures/BackGroung.png
20:35:36.069 [FXGL Background Thread 2 ] WARN  GameWorld            - Entity is already attached to world
20:35:36.069 [FXGL Background Thread 2 ] DEBUG FXGLAssetLoaderServi - Loading from file system: file:/C:/Games/Schoolwork/Spring%2023/CS4900/DawnseekerWorkspace/CS4900G2Proj2/CS4900G2Proj2/Dawnseeker/target/classes/assets/textures/Rock1.png
20:35:36.071 [FXGL Background Thread 2 ] WARN  Entity               - Entity already has component: com.almasb.fxgl.entity.components.CollidableComponent
20:35:36.071 [FXGL Background Thread 2 ] WARN  GameWorld            - Entity is already attached to world
20:35:36.072 [FXGL Background Thread 2 ] DEBUG FXGLAssetLoaderServi - Loading from file system: file:/C:/Games/Schoolwork/Spring%2023/CS4900/DawnseekerWorkspace/CS4900G2Proj2/CS4900G2Proj2/Dawnseeker/target/classes/assets/textures/Rock2.png
20:35:36.073 [FXGL Background Thread 2 ] WARN  Entity               - Entity already has component: com.almasb.fxgl.entity.components.CollidableComponent
20:35:36.073 [FXGL Background Thread 2 ] WARN  GameWorld            - Entity is already attached to world
20:35:36.074 [FXGL Background Thread 2 ] DEBUG FXGLAssetLoaderServi - Loading from file system: file:/C:/Games/Schoolwork/Spring%2023/CS4900/DawnseekerWorkspace/CS4900G2Proj2/CS4900G2Proj2/Dawnseeker/target/classes/assets/textures/BigRock1.png
20:35:36.075 [FXGL Background Thread 2 ] WARN  Entity               - Entity already has component: com.almasb.fxgl.entity.components.CollidableComponent
20:35:36.075 [FXGL Background Thread 2 ] WARN  GameWorld            - Entity is already attached to world
20:35:36.076 [FXGL Background Thread 2 ] WARN  GameWorld            - Entity is already attached to world
20:35:36.077 [FXGL Background Thread 2 ] WARN  GameWorld            - Entity is already attached to world
20:35:36.090 [FXGL Background Thread 2 ] INFO  FXGLApplication      - Game initialization took: 0.103 sec
20:35:36.090 [JavaFX Application Thread] DEBUG Input                - Clearing active input actions
20:35:36.099 [JavaFX Application Thread] DEBUG GameApplicationServi - Removing overlay from FXGLLoadingScene and adding to GameScene
20:35:36.099 [JavaFX Application Thread] DEBUG PrimaryStageWindow   - FXGLLoadingScene -> GameScene
20:35:36.941 [JavaFX Application Thread] DEBUG FXGLAssetLoaderServi - Loading from file system: file:/C:/Games/Schoolwork/Spring%2023/CS4900/DawnseekerWorkspace/CS4900G2Proj2/CS4900G2Proj2/Dawnseeker/target/classes/assets/textures/Skull.gif
20:35:36.946 [JavaFX Application Thread] DEBUG FXGLAssetLoaderServi - Loading from file system: file:/C:/Games/Schoolwork/Spring%2023/CS4900/DawnseekerWorkspace/CS4900G2Proj2/CS4900G2Proj2/Dawnseeker/target/classes/assets/textures/Ghost.gif
20:35:37.066 [JavaFX Application Thread] DEBUG FXGLAssetLoaderServi - Loading from file system: file:/C:/Games/Schoolwork/Spring%2023/CS4900/DawnseekerWorkspace/CS4900G2Proj2/CS4900G2Proj2/Dawnseeker/target/classes/assets/sounds/magic_missile.wav
20:35:37.074 [JavaFX Application Thread] DEBUG FXGLAssetLoaderServi - Loading from file system: file:/C:/Games/Schoolwork/Spring%2023/CS4900/DawnseekerWorkspace/CS4900G2Proj2/CS4900G2Proj2/Dawnseeker/target/classes/assets/textures/Fireball.gif
20:35:38.103 [FXGL Background Thread 3 ] DEBUG Engine               - Logging environment variables
20:35:38.103 [FXGL Background Thread 3 ] DEBUG Engine               - achievements: []
20:35:38.103 [FXGL Background Thread 3 ] DEBUG Engine               - actualHeight: 1080.0
20:35:38.103 [FXGL Background Thread 3 ] DEBUG Engine               - actualHeightProperty: ReadOnlyDoubleProperty [value: 1080.0]
20:35:38.103 [FXGL Background Thread 3 ] DEBUG Engine               - actualWidth: 1920.0
20:35:38.103 [FXGL Background Thread 3 ] DEBUG Engine               - actualWidthProperty: ReadOnlyDoubleProperty [value: 1920.0]
20:35:38.103 [FXGL Background Thread 3 ] DEBUG Engine               - appIcon: fxgl_icon.png
20:35:38.103 [FXGL Background Thread 3 ] DEBUG Engine               - applicationMode: DEVELOPER
20:35:38.103 [FXGL Background Thread 3 ] DEBUG Engine               - cSSList: [fxgl_dark.css]
20:35:38.103 [FXGL Background Thread 3 ] DEBUG Engine               - collisionDetectionStrategy: BRUTE_FORCE
20:35:38.104 [FXGL Background Thread 3 ] DEBUG Engine               - configClass: Optional.empty
20:35:38.104 [FXGL Background Thread 3 ] DEBUG Engine               - credits: []
20:35:38.104 [FXGL Background Thread 3 ] DEBUG Engine               - defaultCursor: CursorInfo(imageName=fxgl_default_cursor.png, hotspotX=7.0, hotspotY=6.0)
20:35:38.104 [FXGL Background Thread 3 ] DEBUG Engine               - devBBoxColorProperty: ObjectProperty [value: 0xff0000ff]
20:35:38.104 [FXGL Background Thread 3 ] DEBUG Engine               - devEnableDebugCameraProperty: BooleanProperty [value: false]
20:35:38.104 [FXGL Background Thread 3 ] DEBUG Engine               - devSensorColorProperty: ObjectProperty [value: 0xffff00ff]
20:35:38.104 [FXGL Background Thread 3 ] DEBUG Engine               - devShowBBoxProperty: BooleanProperty [value: false]
20:35:38.104 [FXGL Background Thread 3 ] DEBUG Engine               - devShowPositionProperty: BooleanProperty [value: false]
20:35:38.104 [FXGL Background Thread 3 ] DEBUG Engine               - enabledMenuItems: []
20:35:38.104 [FXGL Background Thread 3 ] DEBUG Engine               - engineServices: [class com.almasb.fxgl.app.services.FXGLAssetLoaderService, class com.almasb.fxgl.app.FXGLApplication$GameApplicationService, class com.almasb.fxgl.app.services.FXGLDialogService, class com.almasb.fxgl.app.services.IOTaskExecutorService, class com.almasb.fxgl.io.FileSystemService, class com.almasb.fxgl.localization.LocalizationService, class com.almasb.fxgl.app.services.SystemBundleService, class com.almasb.fxgl.profile.SaveLoadService, class com.almasb.fxgl.ui.FXGLUIFactoryServiceProvider, class com.almasb.fxgl.ui.FXGLDialogFactoryServiceProvider, class com.almasb.fxgl.audio.AudioPlayer, class com.almasb.fxgl.notification.impl.NotificationServiceProvider, class com.almasb.fxgl.achievement.AchievementService, class com.almasb.fxgl.cutscene.CutsceneService, class com.almasb.fxgl.minigames.MiniGameService, class com.almasb.fxgl.net.NetService, class com.almasb.fxgl.app.services.UpdaterService, class com.almasb.fxgl.dev.DevService]
20:35:38.104 [FXGL Background Thread 3 ] DEBUG Engine               - fontGame: Abel-Regular.ttf
20:35:38.104 [FXGL Background Thread 3 ] DEBUG Engine               - fontMono: TerminalLandMono-Regular.otf
20:35:38.104 [FXGL Background Thread 3 ] DEBUG Engine               - fontText: Courier-Prime.ttf
20:35:38.104 [FXGL Background Thread 3 ] DEBUG Engine               - fontUI: VarelaRound-Regular.ttf
20:35:38.104 [FXGL Background Thread 3 ] DEBUG Engine               - fullScreen: BooleanProperty [value: false]
20:35:38.104 [FXGL Background Thread 3 ] DEBUG Engine               - gameDifficulty: MEDIUM
20:35:38.104 [FXGL Background Thread 3 ] DEBUG Engine               - gameDifficultyProperty: ObjectProperty [value: MEDIUM]
20:35:38.105 [FXGL Background Thread 3 ] DEBUG Engine               - globalMusicVolume: 0.5
20:35:38.105 [FXGL Background Thread 3 ] DEBUG Engine               - globalMusicVolumeProperty: DoubleProperty [value: 0.5]
20:35:38.105 [FXGL Background Thread 3 ] DEBUG Engine               - globalSoundVolume: 0.5
20:35:38.105 [FXGL Background Thread 3 ] DEBUG Engine               - globalSoundVolumeProperty: DoubleProperty [value: 0.5]
20:35:38.105 [FXGL Background Thread 3 ] DEBUG Engine               - height: 1080
20:35:38.105 [FXGL Background Thread 3 ] DEBUG Engine               - is3D: false
20:35:38.105 [FXGL Background Thread 3 ] DEBUG Engine               - isAndroid: false
20:35:38.105 [FXGL Background Thread 3 ] DEBUG Engine               - isBrowser: false
20:35:38.105 [FXGL Background Thread 3 ] DEBUG Engine               - isClickFeedbackEnabled: false
20:35:38.105 [FXGL Background Thread 3 ] DEBUG Engine               - isCloseConfirmation: false
20:35:38.105 [FXGL Background Thread 3 ] DEBUG Engine               - isDesktop: true
20:35:38.105 [FXGL Background Thread 3 ] DEBUG Engine               - isDeveloperMenuEnabled: false
20:35:38.105 [FXGL Background Thread 3 ] DEBUG Engine               - isEmbedded: false
20:35:38.105 [FXGL Background Thread 3 ] DEBUG Engine               - isEntityPreloadEnabled: true
20:35:38.105 [FXGL Background Thread 3 ] DEBUG Engine               - isExperimentalTiledLargeMap: false
20:35:38.105 [FXGL Background Thread 3 ] DEBUG Engine               - isFileSystemWriteAllowed: true
20:35:38.105 [FXGL Background Thread 3 ] DEBUG Engine               - isFullScreenAllowed: false
20:35:38.105 [FXGL Background Thread 3 ] DEBUG Engine               - isFullScreenFromStart: false
20:35:38.105 [FXGL Background Thread 3 ] DEBUG Engine               - isGameMenuEnabled: true
20:35:38.105 [FXGL Background Thread 3 ] DEBUG Engine               - isIOS: false
20:35:38.105 [FXGL Background Thread 3 ] DEBUG Engine               - isIntroEnabled: false
20:35:38.105 [FXGL Background Thread 3 ] DEBUG Engine               - isLinux: false
20:35:38.105 [FXGL Background Thread 3 ] DEBUG Engine               - isMac: false
20:35:38.105 [FXGL Background Thread 3 ] DEBUG Engine               - isMainMenuEnabled: true
20:35:38.105 [FXGL Background Thread 3 ] DEBUG Engine               - isManualResizeEnabled: false
20:35:38.105 [FXGL Background Thread 3 ] DEBUG Engine               - isMobile: false
20:35:38.105 [FXGL Background Thread 3 ] DEBUG Engine               - isNative: false
20:35:38.105 [FXGL Background Thread 3 ] DEBUG Engine               - isPauseMusicWhenMinimized: true
20:35:38.106 [FXGL Background Thread 3 ] DEBUG Engine               - isPreserveResizeRatio: false
20:35:38.106 [FXGL Background Thread 3 ] DEBUG Engine               - isProfilingEnabled: false
20:35:38.106 [FXGL Background Thread 3 ] DEBUG Engine               - isScaleAffectedOnResize: true
20:35:38.106 [FXGL Background Thread 3 ] DEBUG Engine               - isSingleStep: false
20:35:38.106 [FXGL Background Thread 3 ] DEBUG Engine               - isUserProfileEnabled: false
20:35:38.106 [FXGL Background Thread 3 ] DEBUG Engine               - isWindows: true
20:35:38.106 [FXGL Background Thread 3 ] DEBUG Engine               - language: ObjectProperty [value: ENGLISH]
20:35:38.106 [FXGL Background Thread 3 ] DEBUG Engine               - menuKey: ESCAPE
20:35:38.106 [FXGL Background Thread 3 ] DEBUG Engine               - mouseSensitivity: 0.2
20:35:38.106 [FXGL Background Thread 3 ] DEBUG Engine               - notificationViewClass: class com.almasb.fxgl.notification.view.XboxNotificationView
20:35:38.106 [FXGL Background Thread 3 ] DEBUG Engine               - pixelsPerMeter: 50.0
20:35:38.106 [FXGL Background Thread 3 ] DEBUG Engine               - platform: WINDOWS
20:35:38.106 [FXGL Background Thread 3 ] DEBUG Engine               - prefHeightProperty: ReadOnlyDoubleProperty [value: 1080.0]
20:35:38.106 [FXGL Background Thread 3 ] DEBUG Engine               - prefWidthProperty: ReadOnlyDoubleProperty [value: 1920.0]
20:35:38.106 [FXGL Background Thread 3 ] DEBUG Engine               - profileDir: profiles/
20:35:38.106 [FXGL Background Thread 3 ] DEBUG Engine               - profileName: StringProperty [value: DEFAULT]
20:35:38.106 [FXGL Background Thread 3 ] DEBUG Engine               - randomSeed: -1
20:35:38.106 [FXGL Background Thread 3 ] DEBUG Engine               - runtimeInfo: RuntimeInfo(platform=WINDOWS, version=17.2, build=20.08.2022 16.50)
20:35:38.106 [FXGL Background Thread 3 ] DEBUG Engine               - saveFileExt: sav
20:35:38.106 [FXGL Background Thread 3 ] DEBUG Engine               - scaledHeightProp$fxgl: DoubleProperty [bound, value: 1080.0]
20:35:38.106 [FXGL Background Thread 3 ] DEBUG Engine               - scaledWidthProp$fxgl: DoubleProperty [bound, value: 1920.0]
20:35:38.106 [FXGL Background Thread 3 ] DEBUG Engine               - sceneFactory: myGame.DawnseekerApp$1@b8787c1
20:35:38.106 [FXGL Background Thread 3 ] DEBUG Engine               - secondsIn24h: 60
20:35:38.107 [FXGL Background Thread 3 ] DEBUG Engine               - soundMenuBack: menu/back.wav
20:35:38.107 [FXGL Background Thread 3 ] DEBUG Engine               - soundMenuPress: menu/press.wav
20:35:38.107 [FXGL Background Thread 3 ] DEBUG Engine               - soundMenuSelect: menu/select.wav
20:35:38.107 [FXGL Background Thread 3 ] DEBUG Engine               - soundNotification: core/notification.wav
20:35:38.107 [FXGL Background Thread 3 ] DEBUG Engine               - stageStyle: DECORATED
20:35:38.107 [FXGL Background Thread 3 ] DEBUG Engine               - supportedLanguages: [ENGLISH, FRENCH, GERMAN, HUNGARIAN, RUSSIAN]
20:35:38.107 [FXGL Background Thread 3 ] DEBUG Engine               - ticksPerSecond: -1
20:35:38.107 [FXGL Background Thread 3 ] DEBUG Engine               - title: Dawnseeker
20:35:38.107 [FXGL Background Thread 3 ] DEBUG Engine               - urlGithub: https://github.com/AlmasB/FXGL
20:35:38.107 [FXGL Background Thread 3 ] DEBUG Engine               - urlLeaderboard: http://fxgl-top.herokuapp.com/
20:35:38.107 [FXGL Background Thread 3 ] DEBUG Engine               - urlPOM: https://raw.githubusercontent.com/AlmasB/FXGL/release/README.md
20:35:38.107 [FXGL Background Thread 3 ] DEBUG Engine               - userAppClass: class myGame.DawnseekerApp
20:35:38.107 [FXGL Background Thread 3 ] DEBUG Engine               - version: 0.4
20:35:38.107 [FXGL Background Thread 3 ] DEBUG Engine               - versionCheckDays: 7
20:35:38.107 [FXGL Background Thread 3 ] DEBUG Engine               - width: 1920
20:35:38.107 [FXGL Background Thread 3 ] DEBUG Engine               - Logging services
20:35:38.107 [FXGL Background Thread 3 ] DEBUG Engine               - class com.almasb.fxgl.app.services.FXGLAssetLoaderService
20:35:38.107 [FXGL Background Thread 3 ] DEBUG Engine               - class com.almasb.fxgl.app.FXGLApplication$GameApplicationService
20:35:38.107 [FXGL Background Thread 3 ] DEBUG Engine               - class com.almasb.fxgl.app.services.FXGLDialogService
20:35:38.107 [FXGL Background Thread 3 ] DEBUG Engine               - class com.almasb.fxgl.app.services.IOTaskExecutorService
20:35:38.107 [FXGL Background Thread 3 ] DEBUG Engine               - class com.almasb.fxgl.io.FileSystemService
20:35:38.107 [FXGL Background Thread 3 ] DEBUG Engine               - class com.almasb.fxgl.localization.LocalizationService
20:35:38.107 [FXGL Background Thread 3 ] DEBUG Engine               - class com.almasb.fxgl.app.services.SystemBundleService
20:35:38.107 [FXGL Background Thread 3 ] DEBUG Engine               - class com.almasb.fxgl.profile.SaveLoadService
20:35:38.107 [FXGL Background Thread 3 ] DEBUG Engine               - class com.almasb.fxgl.ui.FXGLUIFactoryServiceProvider
20:35:38.107 [FXGL Background Thread 3 ] DEBUG Engine               - class com.almasb.fxgl.ui.FXGLDialogFactoryServiceProvider
20:35:38.107 [FXGL Background Thread 3 ] DEBUG Engine               - class com.almasb.fxgl.audio.AudioPlayer
20:35:38.107 [FXGL Background Thread 3 ] DEBUG Engine               - class com.almasb.fxgl.notification.impl.NotificationServiceProvider
20:35:38.107 [FXGL Background Thread 3 ] DEBUG Engine               - class com.almasb.fxgl.achievement.AchievementService
20:35:38.107 [FXGL Background Thread 3 ] DEBUG Engine               - class com.almasb.fxgl.cutscene.CutsceneService
20:35:38.107 [FXGL Background Thread 3 ] DEBUG Engine               - class com.almasb.fxgl.minigames.MiniGameService
20:35:38.107 [FXGL Background Thread 3 ] DEBUG Engine               - class com.almasb.fxgl.net.NetService
20:35:38.107 [FXGL Background Thread 3 ] DEBUG Engine               - class com.almasb.fxgl.app.services.UpdaterService
20:35:38.108 [FXGL Background Thread 3 ] DEBUG Engine               - class com.almasb.fxgl.dev.DevService
20:35:38.475 [JavaFX Application Thread] WARN  GameWorld            - Attempted to remove entity which is not active
20:35:38.476 [JavaFX Application Thread] DEBUG FXGLAssetLoaderServi - Loading from file system: file:/C:/Games/Schoolwork/Spring%2023/CS4900/DawnseekerWorkspace/CS4900G2Proj2/CS4900G2Proj2/Dawnseeker/target/classes/assets/textures/Coin.gif
20:35:38.477 [JavaFX Application Thread] DEBUG FXGLAssetLoaderServi - Loading from file system: file:/C:/Games/Schoolwork/Spring%2023/CS4900/DawnseekerWorkspace/CS4900G2Proj2/CS4900G2Proj2/Dawnseeker/target/classes/assets/sounds/bong.wav
20:35:39.651 [JavaFX Application Thread] DEBUG FXGLApplication      - Exiting FXGL
20:35:39.651 [JavaFX Application Thread] DEBUG LoopRunner           - Stopping loop
20:35:39.651 [JavaFX Application Thread] DEBUG SystemBundleService  - Saving FXGL system data
20:35:39.653 [JavaFX Application Thread] DEBUG FileSystemAccess     - Writing to: C:\Games\Schoolwork\Spring 23\CS4900\DawnseekerWorkspace\CS4900G2Proj2\CS4900G2Proj2\Dawnseeker\system\fxgl.bundle
20:35:39.655 [JavaFX Application Thread] DEBUG Async                - Shutting down background threads
20:35:39.655 [JavaFX Application Thread] DEBUG PrimaryStageWindow   - Closing main window
20:35:39.672 [JavaFX Application Thread] DEBUG Logger               - Closing Logger
