17:50:25.329 [main                     ] DEBUG Logger               - Configured Logger
17:50:25.353 [main                     ] DEBUG GameApplication      - Logging settings
Title: Dawnseeker
Version: 0.4
Width: 1024
Height: 1024
Fullscreen: false
Intro: false
Profiling: false
Single step:false
App Mode: DEVELOPER
Menu Key: ESCAPE
Stage Style: DECORATED
Scene Factory: class myGame.DawnseekerApp$1

17:50:25.839 [JavaFX Application Thread] DEBUG FXGLApplication      - Initializing FXGL
17:50:25.844 [JavaFX Application Thread] INFO  Engine               - FXGL-17.2 (20.08.2022 16.50) on WINDOWS (J:19.0.2 FX:18)
17:50:25.845 [JavaFX Application Thread] DEBUG Engine               - JRE Vendor Name: Oracle Corporation
17:50:25.845 [JavaFX Application Thread] DEBUG Engine               - Running on OS: Windows 10 version 10.0
17:50:25.845 [JavaFX Application Thread] DEBUG Engine               - Architecture: amd64
17:50:25.845 [JavaFX Application Thread] INFO  Engine               - Source code and latest versions at: https://github.com/AlmasB/FXGL
17:50:25.845 [JavaFX Application Thread] INFO  Engine               -       Ask questions and discuss at: https://github.com/AlmasB/FXGL/discussions
17:50:25.846 [JavaFX Application Thread] INFO  Engine               -              Join the FXGL chat at: https://gitter.im/AlmasB/FXGL
17:50:25.981 [JavaFX Application Thread] DEBUG PrimaryStageWindow   - Creating a JavaFX scene
17:50:26.035 [JavaFX Application Thread] DEBUG PrimaryStageWindow   - Target settings size: 1024.0 x 1024.0
17:50:26.035 [JavaFX Application Thread] DEBUG PrimaryStageWindow   - Scaled scene size:    1024.0 x 1024.0
17:50:26.035 [JavaFX Application Thread] DEBUG PrimaryStageWindow   - Scaled ratio: (1.0, 1.0)
17:50:26.037 [JavaFX Application Thread] DEBUG PrimaryStageWindow   - Set initial scene to FXGLStartupScene
17:50:26.045 [JavaFX Application Thread] DEBUG PrimaryStageWindow   - Opening main window
17:50:26.135 [JavaFX Application Thread] DEBUG PrimaryStageWindow   - Window border size: (16.0, 39.0)
17:50:26.135 [JavaFX Application Thread] DEBUG PrimaryStageWindow   - Scaled size: 1024.0 x 1024.0
17:50:26.135 [JavaFX Application Thread] DEBUG PrimaryStageWindow   - Scaled ratio: (1.0, 1.0)
17:50:26.136 [JavaFX Application Thread] DEBUG PrimaryStageWindow   - Scene size: 1024.0 x 1024.0
17:50:26.136 [JavaFX Application Thread] DEBUG PrimaryStageWindow   - Stage size: 1040.0 x 1063.0
17:50:26.143 [FXGL Background Thread 1 ] DEBUG Engine               - Initializing environment variables
17:50:26.190 [FXGL Background Thread 1 ] DEBUG FXGLAssetLoaderServi - User app class for loading assets: class myGame.DawnseekerApp
17:50:26.191 [FXGL Background Thread 1 ] DEBUG GameApplicationServi - Applying CSS: fxgl_dark.css
17:50:26.191 [FXGL Background Thread 1 ] DEBUG FXGLAssetLoaderServi - Loading from file system: jar:file:/C:/Users/Morgan%20Johnson/.m2/repository/com/github/almasb/fxgl/17.2/fxgl-17.2.jar!/fxglassets/ui/css/fxgl_dark.css
17:50:26.232 [FXGL Background Thread 1 ] DEBUG GameApplicationServi - Initializing application scenes
17:50:26.269 [FXGL Background Thread 1 ] DEBUG GameWorld            - Game world initialized
17:50:26.326 [FXGL Background Thread 1 ] DEBUG PhysicsWorld         - Physics world initialized: appHeight=1024, physics.ppm=50.0
17:50:26.327 [FXGL Background Thread 1 ] DEBUG PhysicsWorld         - Using strategy: BRUTE_FORCE
17:50:26.330 [FXGL Background Thread 1 ] DEBUG GameScene            - Game scene initialized: 1024x1024
17:50:26.331 [FXGL Background Thread 1 ] DEBUG FXGLAssetLoaderServi - Loading from file system: file:/C:/Games/Schoolwork/Spring%2023/CS4900/DawnseekerWorkspace/CS4900G2Proj2/CS4900G2Proj2/Dawnseeker/target/classes/assets/music/shop.mp3
17:50:26.471 [FXGL Background Thread 1 ] DEBUG AudioPlayer          - Playing music com.almasb.fxgl.audio.Music@568751e5
17:50:26.487 [FXGL Background Thread 1 ] DEBUG FXGLAssetLoaderServi - Loading from file system: file:/C:/Games/Schoolwork/Spring%2023/CS4900/DawnseekerWorkspace/CS4900G2Proj2/CS4900G2Proj2/Dawnseeker/target/classes/assets/textures/bg.png
17:50:26.574 [FXGL Background Thread 1 ] DEBUG FXGL.DefaultMenu     - createMenuBodyGameMenu()
17:50:26.587 [FXGL Background Thread 1 ] DEBUG FXGL.DefaultMenu     - createOptionsMenu()
17:50:26.593 [FXGL Background Thread 1 ] DEBUG FXGLAssetLoaderServi - Loading from file system: jar:file:/C:/Users/Morgan%20Johnson/.m2/repository/com/github/almasb/fxgl/17.2/fxgl-17.2.jar!/fxglassets/textures/particles/smoke.png
17:50:26.666 [FXGL Background Thread 1 ] DEBUG FXGLAssetLoaderServi - Loading from file system: jar:file:/C:/Users/Morgan%20Johnson/.m2/repository/com/github/almasb/fxgl/17.2/fxgl-17.2.jar!/fxglassets/textures/particles/trace_horizontal.png
17:50:26.682 [FXGL Background Thread 1 ] DEBUG GameApplicationServi - Application scenes initialized
17:50:26.695 [FXGL Background Thread 1 ] DEBUG SystemBundleService  - Loading FXGL system data
17:50:26.699 [FXGL Background Thread 1 ] DEBUG FileSystemAccess     - Reading from: C:\Games\Schoolwork\Spring 23\CS4900\DawnseekerWorkspace\CS4900G2Proj2\CS4900G2Proj2\Dawnseeker\system\fxgl.bundle
17:50:26.708 [FXGL Background Thread 1 ] DEBUG SystemBundleService  - Bundle FXGL: {}
17:50:26.708 [FXGL Background Thread 1 ] DEBUG UpdaterService       - Checking for updates
17:50:26.712 [FXGL Background Thread 4 ] DEBUG FXGLApplication      - Loading fonts
17:50:26.712 [FXGL Background Thread 1 ] DEBUG FXGLApplication      - Loading default localization
17:50:26.713 [FXGL Background Thread 4 ] DEBUG FXGLAssetLoaderServi - Loading from file system: jar:file:/C:/Users/Morgan%20Johnson/.m2/repository/com/github/almasb/fxgl/17.2/fxgl-17.2.jar!/fxglassets/ui/fonts/VarelaRound-Regular.ttf
17:50:26.713 [FXGL Background Thread 1 ] DEBUG FXGLAssetLoaderServi - Loading from file system: jar:file:/C:/Users/Morgan%20Johnson/.m2/repository/com/github/almasb/fxgl/17.2/fxgl-17.2.jar!/fxglassets/languages/english.lang
17:50:26.737 [FXGL Background Thread 1 ] INFO  FXGLApplication      - FXGL initialization took: 0.594 sec
17:50:26.742 [JavaFX Application Thread] DEBUG Input                - Registered new binding: action0 - LMB
17:50:26.749 [JavaFX Application Thread] DEBUG Input                - Registered new binding: Up - W
17:50:26.750 [JavaFX Application Thread] DEBUG Input                - Registered new binding: Down - S
17:50:26.750 [JavaFX Application Thread] DEBUG Input                - Registered new binding: Right - D
17:50:26.750 [JavaFX Application Thread] DEBUG Input                - Registered new binding: Left - A
17:50:26.751 [JavaFX Application Thread] DEBUG FXGLAssetLoaderServi - Loading from file system: jar:file:/C:/Users/Morgan%20Johnson/.m2/repository/com/github/almasb/fxgl/17.2/fxgl-17.2.jar!/fxglassets/textures/fxgl_icon.png
17:50:26.768 [JavaFX Application Thread] DEBUG FXGLAssetLoaderServi - Loading from file system: jar:file:/C:/Users/Morgan%20Johnson/.m2/repository/com/github/almasb/fxgl/17.2/fxgl-17.2.jar!/fxglassets/textures/fxgl_default_cursor.png
17:50:26.771 [JavaFX Application Thread] DEBUG Input                - Registered new binding: Screenshot - CTRL+8
17:50:26.772 [JavaFX Application Thread] DEBUG Input                - Registered new binding: System info dump - CTRL+9
17:50:26.773 [JavaFX Application Thread] DEBUG Input                - Registered new binding: Restart - CTRL+R
17:50:26.774 [JavaFX Application Thread] DEBUG Input                - Registered new binding: Toggle Debug Camera - CTRL+7
17:50:26.778 [JavaFX Application Thread] DEBUG LoopRunner           - Starting loop
17:50:26.778 [JavaFX Application Thread] DEBUG LoopRunner           - Initializing JavaFX AnimationTimerLoop
17:50:26.781 [JavaFX Application Thread] DEBUG Input                - Clearing active input actions
17:50:26.794 [JavaFX Application Thread] DEBUG GameApplicationServi - Removing overlay from FXGLStartupScene and adding to FXGLMainMenuDummyScene
17:50:26.794 [JavaFX Application Thread] DEBUG PrimaryStageWindow   - FXGLStartupScene -> FXGLMainMenuDummyScene
17:50:26.794 [JavaFX Application Thread] DEBUG PrimaryStageWindow   - Push state: DawnseekerMenu
17:50:26.794 [JavaFX Application Thread] DEBUG Input                - Clearing active input actions
17:50:26.802 [JavaFX Application Thread] DEBUG GameApplicationServi - Removing overlay from FXGLMainMenuDummyScene and adding to DawnseekerMenu
17:50:26.803 [JavaFX Application Thread] DEBUG PrimaryStageWindow   - FXGLMainMenuDummyScene -> DawnseekerMenu
17:50:26.817 [FXGL Background Thread 4 ] DEBUG FXGLAssetLoaderServi - Loading from file system: jar:file:/C:/Users/Morgan%20Johnson/.m2/repository/com/github/almasb/fxgl/17.2/fxgl-17.2.jar!/fxglassets/ui/fonts/Abel-Regular.ttf
17:50:26.822 [FXGL Background Thread 4 ] DEBUG FXGLAssetLoaderServi - Loading from file system: jar:file:/C:/Users/Morgan%20Johnson/.m2/repository/com/github/almasb/fxgl/17.2/fxgl-17.2.jar!/fxglassets/ui/fonts/TerminalLandMono-Regular.otf
17:50:26.828 [FXGL Background Thread 4 ] DEBUG FXGLAssetLoaderServi - Loading from file system: jar:file:/C:/Users/Morgan%20Johnson/.m2/repository/com/github/almasb/fxgl/17.2/fxgl-17.2.jar!/fxglassets/ui/fonts/Courier-Prime.ttf
17:50:26.836 [JavaFX Application Thread] DEBUG FXGLApplication      - Registering font factories with UI factory
17:50:27.114 [FXGL Background Thread 2 ] INFO  UpdaterService       - Your current version:  17.2
17:50:27.114 [FXGL Background Thread 2 ] INFO  UpdaterService       - Latest stable version: 17.3
17:50:28.074 [JavaFX Application Thread] DEBUG Menu                 - fireNewGame()
17:50:28.075 [JavaFX Application Thread] DEBUG GameApplicationServi - Starting new game
17:50:28.075 [JavaFX Application Thread] DEBUG PrimaryStageWindow   - Pop state: DawnseekerMenu
17:50:28.075 [JavaFX Application Thread] DEBUG Input                - Clearing active input actions
17:50:28.075 [JavaFX Application Thread] DEBUG GameApplicationServi - Removing overlay from DawnseekerMenu and adding to FXGLMainMenuDummyScene
17:50:28.075 [JavaFX Application Thread] DEBUG PrimaryStageWindow   - FXGLMainMenuDummyScene <- DawnseekerMenu
17:50:28.076 [JavaFX Application Thread] DEBUG Input                - Clearing active input actions
17:50:28.081 [JavaFX Application Thread] DEBUG GameApplicationServi - Removing overlay from FXGLMainMenuDummyScene and adding to FXGLLoadingScene
17:50:28.081 [JavaFX Application Thread] DEBUG PrimaryStageWindow   - FXGLMainMenuDummyScene -> FXGLLoadingScene
17:50:28.082 [JavaFX Application Thread] DEBUG GameApplicationServi - Clearing previous game
17:50:28.082 [JavaFX Application Thread] DEBUG GameScene            - Clearing game scene
17:50:28.082 [JavaFX Application Thread] DEBUG GameWorld            - Clearing game world
17:50:28.082 [JavaFX Application Thread] DEBUG PhysicsWorld         - Clearing physics world
17:50:28.083 [FXGL Background Thread 2 ] DEBUG FXGLApplication      - Initializing game
17:50:28.087 [FXGL Background Thread 2 ] DEBUG AudioPlayer          - Stopping music com.almasb.fxgl.audio.Music@568751e5
17:50:28.088 [FXGL Background Thread 2 ] DEBUG FXGLAssetLoaderServi - Loading from file system: file:/C:/Games/Schoolwork/Spring%2023/CS4900/DawnseekerWorkspace/CS4900G2Proj2/CS4900G2Proj2/Dawnseeker/target/classes/assets/music/heartache.mp3
17:50:28.091 [FXGL Background Thread 2 ] DEBUG AudioPlayer          - Playing music com.almasb.fxgl.audio.Music@732723e0
17:50:28.106 [FXGL Background Thread 2 ] DEBUG FXGLAssetLoaderServi - Loading from file system: file:/C:/Games/Schoolwork/Spring%2023/CS4900/DawnseekerWorkspace/CS4900G2Proj2/CS4900G2Proj2/Dawnseeker/target/classes/assets/textures/DawnseekerPCV2.png
17:50:28.109 [FXGL Background Thread 2 ] DEBUG FXGLAssetLoaderServi - Loading from file system: file:/C:/Games/Schoolwork/Spring%2023/CS4900/DawnseekerWorkspace/CS4900G2Proj2/CS4900G2Proj2/Dawnseeker/target/classes/assets/textures/DawnseekerPCV2Down.png
17:50:28.111 [FXGL Background Thread 2 ] DEBUG FXGLAssetLoaderServi - Loading from file system: file:/C:/Games/Schoolwork/Spring%2023/CS4900/DawnseekerWorkspace/CS4900G2Proj2/CS4900G2Proj2/Dawnseeker/target/classes/assets/textures/DawnseekerPCV2Up.png
17:50:28.113 [FXGL Background Thread 2 ] DEBUG FXGLAssetLoaderServi - Loading from file system: file:/C:/Games/Schoolwork/Spring%2023/CS4900/DawnseekerWorkspace/CS4900G2Proj2/CS4900G2Proj2/Dawnseeker/target/classes/assets/textures/DawnseekerPCV2Right.png
17:50:28.115 [FXGL Background Thread 2 ] DEBUG FXGLAssetLoaderServi - Loading from file system: file:/C:/Games/Schoolwork/Spring%2023/CS4900/DawnseekerWorkspace/CS4900G2Proj2/CS4900G2Proj2/Dawnseeker/target/classes/assets/textures/DawnseekerPCV2Left.png
17:50:28.129 [FXGL Background Thread 2 ] WARN  GameWorld            - Entity is already attached to world
17:50:28.130 [FXGL Background Thread 2 ] WARN  Entity               - Entity already has component: com.almasb.fxgl.entity.components.CollidableComponent
17:50:28.130 [FXGL Background Thread 2 ] WARN  GameWorld            - Entity is already attached to world
17:50:28.131 [FXGL Background Thread 2 ] WARN  Entity               - Entity already has component: com.almasb.fxgl.entity.components.CollidableComponent
17:50:28.131 [FXGL Background Thread 2 ] WARN  GameWorld            - Entity is already attached to world
17:50:28.132 [FXGL Background Thread 2 ] WARN  Entity               - Entity already has component: com.almasb.fxgl.entity.components.CollidableComponent
17:50:28.132 [FXGL Background Thread 2 ] WARN  GameWorld            - Entity is already attached to world
17:50:28.133 [FXGL Background Thread 2 ] WARN  Entity               - Entity already has component: com.almasb.fxgl.entity.components.CollidableComponent
17:50:28.133 [FXGL Background Thread 2 ] WARN  GameWorld            - Entity is already attached to world
17:50:28.134 [FXGL Background Thread 2 ] WARN  GameWorld            - Entity is already attached to world
17:50:28.135 [FXGL Background Thread 2 ] WARN  GameWorld            - Entity is already attached to world
17:50:28.148 [FXGL Background Thread 2 ] INFO  FXGLApplication      - Game initialization took: 0.065 sec
17:50:28.156 [JavaFX Application Thread] DEBUG Input                - Clearing active input actions
17:50:28.164 [JavaFX Application Thread] DEBUG GameApplicationServi - Removing overlay from FXGLLoadingScene and adding to GameScene
17:50:28.165 [JavaFX Application Thread] DEBUG PrimaryStageWindow   - FXGLLoadingScene -> GameScene
17:50:28.763 [JavaFX Application Thread] DEBUG FXGLAssetLoaderServi - Loading from file system: file:/C:/Games/Schoolwork/Spring%2023/CS4900/DawnseekerWorkspace/CS4900G2Proj2/CS4900G2Proj2/Dawnseeker/target/classes/assets/sounds/magic_missile.wav
17:50:28.772 [JavaFX Application Thread] DEBUG FXGLAssetLoaderServi - Loading from file system: file:/C:/Games/Schoolwork/Spring%2023/CS4900/DawnseekerWorkspace/CS4900G2Proj2/CS4900G2Proj2/Dawnseeker/target/classes/assets/textures/Fireball.gif
17:50:29.010 [JavaFX Application Thread] DEBUG FXGLAssetLoaderServi - Loading from file system: file:/C:/Games/Schoolwork/Spring%2023/CS4900/DawnseekerWorkspace/CS4900G2Proj2/CS4900G2Proj2/Dawnseeker/target/classes/assets/textures/Skull.gif
17:50:29.013 [JavaFX Application Thread] DEBUG FXGLAssetLoaderServi - Loading from file system: file:/C:/Games/Schoolwork/Spring%2023/CS4900/DawnseekerWorkspace/CS4900G2Proj2/CS4900G2Proj2/Dawnseeker/target/classes/assets/textures/Ghost.gif
17:50:29.711 [FXGL Background Thread 3 ] DEBUG Engine               - Logging environment variables
17:50:29.711 [FXGL Background Thread 3 ] DEBUG Engine               - achievements: []
17:50:29.711 [FXGL Background Thread 3 ] DEBUG Engine               - actualHeight: 1024.0
17:50:29.711 [FXGL Background Thread 3 ] DEBUG Engine               - actualHeightProperty: ReadOnlyDoubleProperty [value: 1024.0]
17:50:29.711 [FXGL Background Thread 3 ] DEBUG Engine               - actualWidth: 1024.0
17:50:29.711 [FXGL Background Thread 3 ] DEBUG Engine               - actualWidthProperty: ReadOnlyDoubleProperty [value: 1024.0]
17:50:29.711 [FXGL Background Thread 3 ] DEBUG Engine               - appIcon: fxgl_icon.png
17:50:29.711 [FXGL Background Thread 3 ] DEBUG Engine               - applicationMode: DEVELOPER
17:50:29.711 [FXGL Background Thread 3 ] DEBUG Engine               - cSSList: [fxgl_dark.css]
17:50:29.711 [FXGL Background Thread 3 ] DEBUG Engine               - collisionDetectionStrategy: BRUTE_FORCE
17:50:29.711 [FXGL Background Thread 3 ] DEBUG Engine               - configClass: Optional.empty
17:50:29.712 [FXGL Background Thread 3 ] DEBUG Engine               - credits: []
17:50:29.712 [FXGL Background Thread 3 ] DEBUG Engine               - defaultCursor: CursorInfo(imageName=fxgl_default_cursor.png, hotspotX=7.0, hotspotY=6.0)
17:50:29.712 [FXGL Background Thread 3 ] DEBUG Engine               - devBBoxColorProperty: ObjectProperty [value: 0xff0000ff]
17:50:29.712 [FXGL Background Thread 3 ] DEBUG Engine               - devEnableDebugCameraProperty: BooleanProperty [value: false]
17:50:29.712 [FXGL Background Thread 3 ] DEBUG Engine               - devSensorColorProperty: ObjectProperty [value: 0xffff00ff]
17:50:29.712 [FXGL Background Thread 3 ] DEBUG Engine               - devShowBBoxProperty: BooleanProperty [value: false]
17:50:29.712 [FXGL Background Thread 3 ] DEBUG Engine               - devShowPositionProperty: BooleanProperty [value: false]
17:50:29.712 [FXGL Background Thread 3 ] DEBUG Engine               - enabledMenuItems: []
17:50:29.712 [FXGL Background Thread 3 ] DEBUG Engine               - engineServices: [class com.almasb.fxgl.app.services.FXGLAssetLoaderService, class com.almasb.fxgl.app.FXGLApplication$GameApplicationService, class com.almasb.fxgl.app.services.FXGLDialogService, class com.almasb.fxgl.app.services.IOTaskExecutorService, class com.almasb.fxgl.io.FileSystemService, class com.almasb.fxgl.localization.LocalizationService, class com.almasb.fxgl.app.services.SystemBundleService, class com.almasb.fxgl.profile.SaveLoadService, class com.almasb.fxgl.ui.FXGLUIFactoryServiceProvider, class com.almasb.fxgl.ui.FXGLDialogFactoryServiceProvider, class com.almasb.fxgl.audio.AudioPlayer, class com.almasb.fxgl.notification.impl.NotificationServiceProvider, class com.almasb.fxgl.achievement.AchievementService, class com.almasb.fxgl.cutscene.CutsceneService, class com.almasb.fxgl.minigames.MiniGameService, class com.almasb.fxgl.net.NetService, class com.almasb.fxgl.app.services.UpdaterService, class com.almasb.fxgl.dev.DevService]
17:50:29.712 [FXGL Background Thread 3 ] DEBUG Engine               - fontGame: Abel-Regular.ttf
17:50:29.712 [FXGL Background Thread 3 ] DEBUG Engine               - fontMono: TerminalLandMono-Regular.otf
17:50:29.712 [FXGL Background Thread 3 ] DEBUG Engine               - fontText: Courier-Prime.ttf
17:50:29.712 [FXGL Background Thread 3 ] DEBUG Engine               - fontUI: VarelaRound-Regular.ttf
17:50:29.712 [FXGL Background Thread 3 ] DEBUG Engine               - fullScreen: BooleanProperty [value: false]
17:50:29.712 [FXGL Background Thread 3 ] DEBUG Engine               - gameDifficulty: MEDIUM
17:50:29.713 [FXGL Background Thread 3 ] DEBUG Engine               - gameDifficultyProperty: ObjectProperty [value: MEDIUM]
17:50:29.713 [FXGL Background Thread 3 ] DEBUG Engine               - globalMusicVolume: 0.5
17:50:29.713 [FXGL Background Thread 3 ] DEBUG Engine               - globalMusicVolumeProperty: DoubleProperty [value: 0.5]
17:50:29.713 [FXGL Background Thread 3 ] DEBUG Engine               - globalSoundVolume: 0.5
17:50:29.713 [FXGL Background Thread 3 ] DEBUG Engine               - globalSoundVolumeProperty: DoubleProperty [value: 0.5]
17:50:29.713 [FXGL Background Thread 3 ] DEBUG Engine               - height: 1024
17:50:29.713 [FXGL Background Thread 3 ] DEBUG Engine               - is3D: false
17:50:29.713 [FXGL Background Thread 3 ] DEBUG Engine               - isAndroid: false
17:50:29.713 [FXGL Background Thread 3 ] DEBUG Engine               - isBrowser: false
17:50:29.713 [FXGL Background Thread 3 ] DEBUG Engine               - isClickFeedbackEnabled: false
17:50:29.713 [FXGL Background Thread 3 ] DEBUG Engine               - isCloseConfirmation: false
17:50:29.713 [FXGL Background Thread 3 ] DEBUG Engine               - isDesktop: true
17:50:29.713 [FXGL Background Thread 3 ] DEBUG Engine               - isDeveloperMenuEnabled: false
17:50:29.713 [FXGL Background Thread 3 ] DEBUG Engine               - isEmbedded: false
17:50:29.713 [FXGL Background Thread 3 ] DEBUG Engine               - isEntityPreloadEnabled: true
17:50:29.713 [FXGL Background Thread 3 ] DEBUG Engine               - isExperimentalTiledLargeMap: false
17:50:29.713 [FXGL Background Thread 3 ] DEBUG Engine               - isFileSystemWriteAllowed: true
17:50:29.713 [FXGL Background Thread 3 ] DEBUG Engine               - isFullScreenAllowed: false
17:50:29.713 [FXGL Background Thread 3 ] DEBUG Engine               - isFullScreenFromStart: false
17:50:29.713 [FXGL Background Thread 3 ] DEBUG Engine               - isGameMenuEnabled: true
17:50:29.713 [FXGL Background Thread 3 ] DEBUG Engine               - isIOS: false
17:50:29.713 [FXGL Background Thread 3 ] DEBUG Engine               - isIntroEnabled: false
17:50:29.713 [FXGL Background Thread 3 ] DEBUG Engine               - isLinux: false
17:50:29.713 [FXGL Background Thread 3 ] DEBUG Engine               - isMac: false
17:50:29.713 [FXGL Background Thread 3 ] DEBUG Engine               - isMainMenuEnabled: true
17:50:29.713 [FXGL Background Thread 3 ] DEBUG Engine               - isManualResizeEnabled: false
17:50:29.713 [FXGL Background Thread 3 ] DEBUG Engine               - isMobile: false
17:50:29.713 [FXGL Background Thread 3 ] DEBUG Engine               - isNative: false
17:50:29.713 [FXGL Background Thread 3 ] DEBUG Engine               - isPauseMusicWhenMinimized: true
17:50:29.714 [FXGL Background Thread 3 ] DEBUG Engine               - isPreserveResizeRatio: false
17:50:29.714 [FXGL Background Thread 3 ] DEBUG Engine               - isProfilingEnabled: false
17:50:29.714 [FXGL Background Thread 3 ] DEBUG Engine               - isScaleAffectedOnResize: true
17:50:29.714 [FXGL Background Thread 3 ] DEBUG Engine               - isSingleStep: false
17:50:29.714 [FXGL Background Thread 3 ] DEBUG Engine               - isUserProfileEnabled: false
17:50:29.714 [FXGL Background Thread 3 ] DEBUG Engine               - isWindows: true
17:50:29.714 [FXGL Background Thread 3 ] DEBUG Engine               - language: ObjectProperty [value: ENGLISH]
17:50:29.714 [FXGL Background Thread 3 ] DEBUG Engine               - menuKey: ESCAPE
17:50:29.714 [FXGL Background Thread 3 ] DEBUG Engine               - mouseSensitivity: 0.2
17:50:29.714 [FXGL Background Thread 3 ] DEBUG Engine               - notificationViewClass: class com.almasb.fxgl.notification.view.XboxNotificationView
17:50:29.714 [FXGL Background Thread 3 ] DEBUG Engine               - pixelsPerMeter: 50.0
17:50:29.714 [FXGL Background Thread 3 ] DEBUG Engine               - platform: WINDOWS
17:50:29.714 [FXGL Background Thread 3 ] DEBUG Engine               - prefHeightProperty: ReadOnlyDoubleProperty [value: 1024.0]
17:50:29.714 [FXGL Background Thread 3 ] DEBUG Engine               - prefWidthProperty: ReadOnlyDoubleProperty [value: 1024.0]
17:50:29.714 [FXGL Background Thread 3 ] DEBUG Engine               - profileDir: profiles/
17:50:29.714 [FXGL Background Thread 3 ] DEBUG Engine               - profileName: StringProperty [value: DEFAULT]
17:50:29.714 [FXGL Background Thread 3 ] DEBUG Engine               - randomSeed: -1
17:50:29.714 [FXGL Background Thread 3 ] DEBUG Engine               - runtimeInfo: RuntimeInfo(platform=WINDOWS, version=17.2, build=20.08.2022 16.50)
17:50:29.714 [FXGL Background Thread 3 ] DEBUG Engine               - saveFileExt: sav
17:50:29.714 [FXGL Background Thread 3 ] DEBUG Engine               - scaledHeightProp$fxgl: DoubleProperty [bound, value: 1024.0]
17:50:29.715 [FXGL Background Thread 3 ] DEBUG Engine               - scaledWidthProp$fxgl: DoubleProperty [bound, value: 1024.0]
17:50:29.715 [FXGL Background Thread 3 ] DEBUG Engine               - sceneFactory: myGame.DawnseekerApp$1@1ee8fbef
17:50:29.715 [FXGL Background Thread 3 ] DEBUG Engine               - secondsIn24h: 60
17:50:29.715 [FXGL Background Thread 3 ] DEBUG Engine               - soundMenuBack: menu/back.wav
17:50:29.715 [FXGL Background Thread 3 ] DEBUG Engine               - soundMenuPress: menu/press.wav
17:50:29.715 [FXGL Background Thread 3 ] DEBUG Engine               - soundMenuSelect: menu/select.wav
17:50:29.715 [FXGL Background Thread 3 ] DEBUG Engine               - soundNotification: core/notification.wav
17:50:29.715 [FXGL Background Thread 3 ] DEBUG Engine               - stageStyle: DECORATED
17:50:29.715 [FXGL Background Thread 3 ] DEBUG Engine               - supportedLanguages: [ENGLISH, FRENCH, GERMAN, HUNGARIAN, RUSSIAN]
17:50:29.715 [FXGL Background Thread 3 ] DEBUG Engine               - ticksPerSecond: -1
17:50:29.715 [FXGL Background Thread 3 ] DEBUG Engine               - title: Dawnseeker
17:50:29.715 [FXGL Background Thread 3 ] DEBUG Engine               - urlGithub: https://github.com/AlmasB/FXGL
17:50:29.715 [FXGL Background Thread 3 ] DEBUG Engine               - urlLeaderboard: http://fxgl-top.herokuapp.com/
17:50:29.715 [FXGL Background Thread 3 ] DEBUG Engine               - urlPOM: https://raw.githubusercontent.com/AlmasB/FXGL/release/README.md
17:50:29.715 [FXGL Background Thread 3 ] DEBUG Engine               - userAppClass: class myGame.DawnseekerApp
17:50:29.715 [FXGL Background Thread 3 ] DEBUG Engine               - version: 0.4
17:50:29.715 [FXGL Background Thread 3 ] DEBUG Engine               - versionCheckDays: 7
17:50:29.715 [FXGL Background Thread 3 ] DEBUG Engine               - width: 1024
17:50:29.715 [FXGL Background Thread 3 ] DEBUG Engine               - Logging services
17:50:29.715 [FXGL Background Thread 3 ] DEBUG Engine               - class com.almasb.fxgl.app.services.FXGLAssetLoaderService
17:50:29.715 [FXGL Background Thread 3 ] DEBUG Engine               - class com.almasb.fxgl.app.FXGLApplication$GameApplicationService
17:50:29.715 [FXGL Background Thread 3 ] DEBUG Engine               - class com.almasb.fxgl.app.services.FXGLDialogService
17:50:29.715 [FXGL Background Thread 3 ] DEBUG Engine               - class com.almasb.fxgl.app.services.IOTaskExecutorService
17:50:29.715 [FXGL Background Thread 3 ] DEBUG Engine               - class com.almasb.fxgl.io.FileSystemService
17:50:29.715 [FXGL Background Thread 3 ] DEBUG Engine               - class com.almasb.fxgl.localization.LocalizationService
17:50:29.715 [FXGL Background Thread 3 ] DEBUG Engine               - class com.almasb.fxgl.app.services.SystemBundleService
17:50:29.715 [FXGL Background Thread 3 ] DEBUG Engine               - class com.almasb.fxgl.profile.SaveLoadService
17:50:29.715 [FXGL Background Thread 3 ] DEBUG Engine               - class com.almasb.fxgl.ui.FXGLUIFactoryServiceProvider
17:50:29.715 [FXGL Background Thread 3 ] DEBUG Engine               - class com.almasb.fxgl.ui.FXGLDialogFactoryServiceProvider
17:50:29.715 [FXGL Background Thread 3 ] DEBUG Engine               - class com.almasb.fxgl.audio.AudioPlayer
17:50:29.716 [FXGL Background Thread 3 ] DEBUG Engine               - class com.almasb.fxgl.notification.impl.NotificationServiceProvider
17:50:29.716 [FXGL Background Thread 3 ] DEBUG Engine               - class com.almasb.fxgl.achievement.AchievementService
17:50:29.716 [FXGL Background Thread 3 ] DEBUG Engine               - class com.almasb.fxgl.cutscene.CutsceneService
17:50:29.716 [FXGL Background Thread 3 ] DEBUG Engine               - class com.almasb.fxgl.minigames.MiniGameService
17:50:29.716 [FXGL Background Thread 3 ] DEBUG Engine               - class com.almasb.fxgl.net.NetService
17:50:29.716 [FXGL Background Thread 3 ] DEBUG Engine               - class com.almasb.fxgl.app.services.UpdaterService
17:50:29.716 [FXGL Background Thread 3 ] DEBUG Engine               - class com.almasb.fxgl.dev.DevService
17:50:31.249 [JavaFX Application Thread] WARN  GameWorld            - Attempted to remove entity which is not active
17:50:31.250 [JavaFX Application Thread] DEBUG FXGLAssetLoaderServi - Loading from file system: file:/C:/Games/Schoolwork/Spring%2023/CS4900/DawnseekerWorkspace/CS4900G2Proj2/CS4900G2Proj2/Dawnseeker/target/classes/assets/textures/Coin.gif
17:50:31.252 [JavaFX Application Thread] DEBUG FXGLAssetLoaderServi - Loading from file system: file:/C:/Games/Schoolwork/Spring%2023/CS4900/DawnseekerWorkspace/CS4900G2Proj2/CS4900G2Proj2/Dawnseeker/target/classes/assets/sounds/bong.wav
17:50:31.581 [JavaFX Application Thread] WARN  GameWorld            - Attempted to remove entity which is not active
17:50:31.582 [JavaFX Application Thread] DEBUG FXGLAssetLoaderServi - Loading from file system: file:/C:/Games/Schoolwork/Spring%2023/CS4900/DawnseekerWorkspace/CS4900G2Proj2/CS4900G2Proj2/Dawnseeker/target/classes/assets/textures/SpeedPotion.gif
17:50:31.745 [JavaFX Application Thread] WARN  GameWorld            - Attempted to remove entity which is not active
17:50:32.017 [JavaFX Application Thread] WARN  GameWorld            - Attempted to remove entity which is not active
17:50:33.041 [JavaFX Application Thread] DEBUG FXGLAssetLoaderServi - Loading from file system: file:/C:/Games/Schoolwork/Spring%2023/CS4900/DawnseekerWorkspace/CS4900G2Proj2/CS4900G2Proj2/Dawnseeker/target/classes/assets/sounds/coin_pickup.wav
17:50:33.729 [JavaFX Application Thread] WARN  GameWorld            - Attempted to remove entity which is not active
17:50:34.001 [JavaFX Application Thread] WARN  GameWorld            - Attempted to remove entity which is not active
17:50:35.425 [JavaFX Application Thread] WARN  GameWorld            - Attempted to remove entity which is not active
17:50:35.744 [JavaFX Application Thread] WARN  GameWorld            - Attempted to remove entity which is not active
17:50:35.983 [JavaFX Application Thread] WARN  GameWorld            - Attempted to remove entity which is not active
17:50:37.025 [JavaFX Application Thread] DEBUG FXGLAssetLoaderServi - Loading from file system: file:/C:/Games/Schoolwork/Spring%2023/CS4900/DawnseekerWorkspace/CS4900G2Proj2/CS4900G2Proj2/Dawnseeker/target/classes/assets/sounds/player_oof.wav
17:50:37.714 [JavaFX Application Thread] WARN  GameWorld            - Attempted to remove entity which is not active
17:50:38.417 [JavaFX Application Thread] WARN  GameWorld            - Attempted to remove entity which is not active
17:50:39.120 [JavaFX Application Thread] WARN  GameWorld            - Attempted to remove entity which is not active
17:50:39.265 [JavaFX Application Thread] WARN  GameWorld            - Attempted to remove entity which is not active
17:50:39.265 [JavaFX Application Thread] DEBUG FXGLAssetLoaderServi - Loading from file system: file:/C:/Games/Schoolwork/Spring%2023/CS4900/DawnseekerWorkspace/CS4900G2Proj2/CS4900G2Proj2/Dawnseeker/target/classes/assets/textures/HealthPotion.gif
17:50:39.665 [JavaFX Application Thread] WARN  GameWorld            - Attempted to remove entity which is not active
17:50:39.825 [JavaFX Application Thread] WARN  GameWorld            - Attempted to remove entity which is not active
17:50:40.434 [JavaFX Application Thread] WARN  GameWorld            - Attempted to remove entity which is not active
17:50:42.081 [JavaFX Application Thread] WARN  GameWorld            - Attempted to remove entity which is not active
17:50:42.097 [JavaFX Application Thread] WARN  GameWorld            - Attempted to remove entity which is not active
17:50:42.241 [JavaFX Application Thread] WARN  GameWorld            - Attempted to remove entity which is not active
17:50:43.039 [JavaFX Application Thread] WARN  GameWorld            - Attempted to remove entity which is not active
17:50:43.057 [JavaFX Application Thread] WARN  GameWorld            - Attempted to remove entity which is not active
17:50:43.680 [JavaFX Application Thread] WARN  GameWorld            - Attempted to remove entity which is not active
17:50:44.544 [JavaFX Application Thread] WARN  GameWorld            - Attempted to remove entity which is not active
17:50:44.801 [JavaFX Application Thread] WARN  GameWorld            - Attempted to remove entity which is not active
17:50:44.993 [JavaFX Application Thread] WARN  GameWorld            - Attempted to remove entity which is not active
17:50:46.174 [JavaFX Application Thread] WARN  GameWorld            - Attempted to remove entity which is not active
17:50:46.864 [JavaFX Application Thread] WARN  GameWorld            - Attempted to remove entity which is not active
17:50:47.089 [JavaFX Application Thread] WARN  GameWorld            - Attempted to remove entity which is not active
17:50:47.090 [JavaFX Application Thread] WARN  GameWorld            - Attempted to remove entity which is not active
17:50:47.313 [JavaFX Application Thread] WARN  GameWorld            - Attempted to remove entity which is not active
17:50:47.313 [JavaFX Application Thread] DEBUG FXGLAssetLoaderServi - Loading from file system: file:/C:/Games/Schoolwork/Spring%2023/CS4900/DawnseekerWorkspace/CS4900G2Proj2/CS4900G2Proj2/Dawnseeker/target/classes/assets/textures/PowerPotion.gif
17:50:48.016 [JavaFX Application Thread] WARN  GameWorld            - Attempted to remove entity which is not active
17:50:48.814 [JavaFX Application Thread] WARN  GameWorld            - Attempted to remove entity which is not active
17:50:49.040 [JavaFX Application Thread] WARN  GameWorld            - Attempted to remove entity which is not active
17:50:49.777 [JavaFX Application Thread] WARN  GameWorld            - Attempted to remove entity which is not active
17:50:50.015 [JavaFX Application Thread] WARN  GameWorld            - Attempted to remove entity which is not active
17:50:50.224 [JavaFX Application Thread] WARN  GameWorld            - Attempted to remove entity which is not active
17:50:51.073 [JavaFX Application Thread] WARN  GameWorld            - Attempted to remove entity which is not active
17:50:51.633 [JavaFX Application Thread] WARN  GameWorld            - Attempted to remove entity which is not active
17:50:52.352 [JavaFX Application Thread] WARN  GameWorld            - Attempted to remove entity which is not active
17:50:52.529 [JavaFX Application Thread] WARN  GameWorld            - Attempted to remove entity which is not active
17:50:52.736 [JavaFX Application Thread] WARN  GameWorld            - Attempted to remove entity which is not active
17:50:53.216 [JavaFX Application Thread] WARN  GameWorld            - Attempted to remove entity which is not active
17:50:53.360 [JavaFX Application Thread] WARN  GameWorld            - Attempted to remove entity which is not active
17:50:53.617 [JavaFX Application Thread] WARN  GameWorld            - Attempted to remove entity which is not active
17:50:53.745 [JavaFX Application Thread] WARN  GameWorld            - Attempted to remove entity which is not active
17:50:54.433 [JavaFX Application Thread] WARN  GameWorld            - Attempted to remove entity which is not active
17:50:54.590 [JavaFX Application Thread] WARN  GameWorld            - Attempted to remove entity which is not active
17:50:55.070 [JavaFX Application Thread] WARN  GameWorld            - Attempted to remove entity which is not active
17:50:55.600 [JavaFX Application Thread] WARN  GameWorld            - Attempted to remove entity which is not active
17:50:55.728 [JavaFX Application Thread] WARN  GameWorld            - Attempted to remove entity which is not active
17:50:56.561 [JavaFX Application Thread] WARN  GameWorld            - Attempted to remove entity which is not active
17:50:56.750 [JavaFX Application Thread] WARN  GameWorld            - Attempted to remove entity which is not active
17:50:57.153 [JavaFX Application Thread] WARN  GameWorld            - Attempted to remove entity which is not active
17:50:57.169 [JavaFX Application Thread] WARN  GameWorld            - Attempted to remove entity which is not active
17:50:57.345 [JavaFX Application Thread] WARN  GameWorld            - Attempted to remove entity which is not active
17:50:57.631 [JavaFX Application Thread] WARN  GameWorld            - Attempted to remove entity which is not active
17:50:58.177 [JavaFX Application Thread] WARN  GameWorld            - Attempted to remove entity which is not active
17:50:58.407 [JavaFX Application Thread] DEBUG FXGLAssetLoaderServi - Loading from file system: file:/C:/Games/Schoolwork/Spring%2023/CS4900/DawnseekerWorkspace/CS4900G2Proj2/CS4900G2Proj2/Dawnseeker/target/classes/assets/sounds/yoda_death.wav
17:50:58.410 [JavaFX Application Thread] DEBUG AudioPlayer          - Stopping music com.almasb.fxgl.audio.Music@568751e5
17:50:58.410 [JavaFX Application Thread] DEBUG AudioPlayer          - Stopping music com.almasb.fxgl.audio.Music@732723e0
17:50:58.411 [JavaFX Application Thread] DEBUG Input                - Clearing active input actions
17:50:58.414 [JavaFX Application Thread] DEBUG GameApplicationServi - Removing overlay from GameScene and adding to FXGLMainMenuDummyScene
17:50:58.414 [JavaFX Application Thread] DEBUG PrimaryStageWindow   - GameScene -> FXGLMainMenuDummyScene
17:50:58.414 [JavaFX Application Thread] DEBUG PrimaryStageWindow   - Push state: DawnseekerMenu
17:50:58.414 [JavaFX Application Thread] DEBUG Input                - Clearing active input actions
17:50:58.415 [JavaFX Application Thread] DEBUG GameApplicationServi - Removing overlay from FXGLMainMenuDummyScene and adding to DawnseekerMenu
17:50:58.415 [JavaFX Application Thread] DEBUG PrimaryStageWindow   - FXGLMainMenuDummyScene -> DawnseekerMenu
17:50:58.415 [JavaFX Application Thread] DEBUG AudioPlayer          - Playing music com.almasb.fxgl.audio.Music@568751e5
17:50:59.988 [JavaFX Application Thread] DEBUG Menu                 - fireExit()
17:50:59.989 [JavaFX Application Thread] DEBUG PrimaryStageWindow   - Push state: DialogSubScene
17:50:59.989 [JavaFX Application Thread] DEBUG Input                - Clearing active input actions
17:50:59.990 [JavaFX Application Thread] DEBUG GameApplicationServi - Removing overlay from DawnseekerMenu and adding to DialogSubScene
17:50:59.990 [JavaFX Application Thread] DEBUG PrimaryStageWindow   - DawnseekerMenu -> DialogSubScene
17:51:01.146 [JavaFX Application Thread] DEBUG PrimaryStageWindow   - Pop state: DialogSubScene
17:51:01.146 [JavaFX Application Thread] DEBUG Input                - Clearing active input actions
17:51:01.147 [JavaFX Application Thread] DEBUG GameApplicationServi - Removing overlay from DialogSubScene and adding to DawnseekerMenu
17:51:01.147 [JavaFX Application Thread] DEBUG PrimaryStageWindow   - DawnseekerMenu <- DialogSubScene
17:51:01.147 [JavaFX Application Thread] DEBUG FXGLApplication      - Exiting FXGL
17:51:01.147 [JavaFX Application Thread] DEBUG LoopRunner           - Stopping loop
17:51:01.147 [JavaFX Application Thread] DEBUG SystemBundleService  - Saving FXGL system data
17:51:01.148 [JavaFX Application Thread] DEBUG FileSystemAccess     - Writing to: C:\Games\Schoolwork\Spring 23\CS4900\DawnseekerWorkspace\CS4900G2Proj2\CS4900G2Proj2\Dawnseeker\system\fxgl.bundle
17:51:01.150 [JavaFX Application Thread] DEBUG Async                - Shutting down background threads
17:51:01.150 [JavaFX Application Thread] DEBUG PrimaryStageWindow   - Closing main window
17:51:01.160 [JavaFX Application Thread] DEBUG Logger               - Closing Logger
