15:53:04.025 [main                     ] DEBUG Logger               - Configured Logger
15:53:04.056 [main                     ] DEBUG GameApplication      - Logging settings
Title: Dawnseeker
Version: 0.5
Width: 1920
Height: 1080
Fullscreen: false
Intro: false
Profiling: false
Single step:false
App Mode: DEVELOPER
Menu Key: ESCAPE
Stage Style: DECORATED
Scene Factory: class myGame.DawnseekerApp$1

15:53:04.382 [JavaFX Application Thread] DEBUG FXGLApplication      - Initializing FXGL
15:53:04.386 [JavaFX Application Thread] INFO  Engine               - FXGL-17.2 (20.08.2022 16.50) on WINDOWS (J:19.0.2 FX:18)
15:53:04.387 [JavaFX Application Thread] DEBUG Engine               - JRE Vendor Name: Oracle Corporation
15:53:04.387 [JavaFX Application Thread] DEBUG Engine               - Running on OS: Windows 10 version 10.0
15:53:04.387 [JavaFX Application Thread] DEBUG Engine               - Architecture: amd64
15:53:04.387 [JavaFX Application Thread] INFO  Engine               - Source code and latest versions at: https://github.com/AlmasB/FXGL
15:53:04.387 [JavaFX Application Thread] INFO  Engine               -       Ask questions and discuss at: https://github.com/AlmasB/FXGL/discussions
15:53:04.388 [JavaFX Application Thread] INFO  Engine               -              Join the FXGL chat at: https://gitter.im/AlmasB/FXGL
15:53:04.490 [JavaFX Application Thread] DEBUG PrimaryStageWindow   - Creating a JavaFX scene
15:53:04.490 [JavaFX Application Thread] DEBUG PrimaryStageWindow   - Target size > screen size
15:53:04.529 [JavaFX Application Thread] DEBUG PrimaryStageWindow   - Target settings size: 1920.0 x 1080.0
15:53:04.529 [JavaFX Application Thread] DEBUG PrimaryStageWindow   - Scaled scene size:    1439.0 x 823.0
15:53:04.530 [JavaFX Application Thread] DEBUG PrimaryStageWindow   - Scaled ratio: (0.7494791666666667, 0.7620370370370371)
15:53:04.531 [JavaFX Application Thread] DEBUG PrimaryStageWindow   - Set initial scene to FXGLStartupScene
15:53:04.537 [JavaFX Application Thread] DEBUG PrimaryStageWindow   - Opening main window
15:53:04.620 [JavaFX Application Thread] DEBUG PrimaryStageWindow   - Window border size: (14.5999755859375, 37.79998779296875)
15:53:04.621 [JavaFX Application Thread] DEBUG PrimaryStageWindow   - Scaled size: 1439.0 x 823.0
15:53:04.621 [JavaFX Application Thread] DEBUG PrimaryStageWindow   - Scaled ratio: (0.7494791666666667, 0.7620370370370371)
15:53:04.622 [JavaFX Application Thread] DEBUG PrimaryStageWindow   - Scene size: 1439.0 x 823.0
15:53:04.622 [JavaFX Application Thread] DEBUG PrimaryStageWindow   - Stage size: 1453.5999755859375 x 860.7999877929688
15:53:04.636 [FXGL Background Thread 1 ] DEBUG Engine               - Initializing environment variables
15:53:04.717 [FXGL Background Thread 1 ] DEBUG FXGLAssetLoaderServi - User app class for loading assets: class myGame.DawnseekerApp
15:53:04.718 [FXGL Background Thread 1 ] DEBUG GameApplicationServi - Applying CSS: fxgl_dark.css
15:53:04.721 [FXGL Background Thread 1 ] DEBUG FXGLAssetLoaderServi - Loading from file system: jar:file:/C:/Users/narro/.m2/repository/com/github/almasb/fxgl/17.2/fxgl-17.2.jar!/fxglassets/ui/css/fxgl_dark.css
15:53:04.771 [FXGL Background Thread 1 ] DEBUG GameApplicationServi - Initializing application scenes
15:53:04.821 [FXGL Background Thread 1 ] DEBUG GameWorld            - Game world initialized
15:53:04.903 [FXGL Background Thread 1 ] DEBUG PhysicsWorld         - Physics world initialized: appHeight=1080, physics.ppm=50.0
15:53:04.903 [FXGL Background Thread 1 ] DEBUG PhysicsWorld         - Using strategy: BRUTE_FORCE
15:53:04.908 [FXGL Background Thread 1 ] DEBUG GameScene            - Game scene initialized: 1920x1080
15:53:04.908 [FXGL Background Thread 1 ] DEBUG FXGLAssetLoaderServi - Loading from file system: file:/C:/Users/narro/git/CS4900G2Proj2/Dawnseeker/target/classes/assets/music/shop.mp3
15:53:05.034 [FXGL Background Thread 1 ] DEBUG AudioPlayer          - Playing music com.almasb.fxgl.audio.Music@5d6dba2
15:53:05.048 [FXGL Background Thread 1 ] DEBUG FXGLAssetLoaderServi - Loading from file system: file:/C:/Users/narro/git/CS4900G2Proj2/Dawnseeker/target/classes/assets/textures/bg2.png
15:53:05.120 [FXGL Background Thread 1 ] DEBUG FXGL.DefaultMenu     - createMenuBodyGameMenu()
15:53:05.133 [FXGL Background Thread 1 ] DEBUG FXGL.DefaultMenu     - createOptionsMenu()
15:53:05.139 [FXGL Background Thread 1 ] DEBUG FXGLAssetLoaderServi - Loading from file system: jar:file:/C:/Users/narro/.m2/repository/com/github/almasb/fxgl/17.2/fxgl-17.2.jar!/fxglassets/textures/particles/smoke.png
15:53:05.219 [FXGL Background Thread 1 ] DEBUG FXGLAssetLoaderServi - Loading from file system: jar:file:/C:/Users/narro/.m2/repository/com/github/almasb/fxgl/17.2/fxgl-17.2.jar!/fxglassets/textures/particles/trace_horizontal.png
15:53:05.239 [FXGL Background Thread 1 ] DEBUG GameApplicationServi - Application scenes initialized
15:53:05.254 [FXGL Background Thread 1 ] DEBUG SystemBundleService  - Loading FXGL system data
15:53:05.259 [FXGL Background Thread 1 ] DEBUG FileSystemAccess     - Reading from: C:\Users\narro\git\CS4900G2Proj2\Dawnseeker\system\fxgl.bundle
15:53:05.269 [FXGL Background Thread 1 ] DEBUG SystemBundleService  - Bundle FXGL: {}
15:53:05.270 [FXGL Background Thread 1 ] DEBUG UpdaterService       - Checking for updates
15:53:05.273 [FXGL Background Thread 4 ] DEBUG FXGLApplication      - Loading fonts
15:53:05.273 [FXGL Background Thread 4 ] DEBUG FXGLAssetLoaderServi - Loading from file system: jar:file:/C:/Users/narro/.m2/repository/com/github/almasb/fxgl/17.2/fxgl-17.2.jar!/fxglassets/ui/fonts/VarelaRound-Regular.ttf
15:53:05.274 [FXGL Background Thread 1 ] DEBUG FXGLAssetLoaderServi - Loading from file system: jar:file:/C:/Users/narro/.m2/repository/com/github/almasb/fxgl/17.2/fxgl-17.2.jar!/fxglassets/languages/english.lang
15:53:05.298 [FXGL Background Thread 1 ] INFO  FXGLApplication      - FXGL initialization took: 0.661 sec
15:53:05.303 [JavaFX Application Thread] DEBUG Input                - Registered new binding: action0 - LMB
15:53:05.312 [JavaFX Application Thread] DEBUG Input                - Registered new binding: Up - W
15:53:05.312 [JavaFX Application Thread] DEBUG Input                - Registered new binding: Down - S
15:53:05.312 [JavaFX Application Thread] DEBUG Input                - Registered new binding: Right - D
15:53:05.312 [JavaFX Application Thread] DEBUG Input                - Registered new binding: Left - A
15:53:05.313 [JavaFX Application Thread] DEBUG FXGLAssetLoaderServi - Loading from file system: jar:file:/C:/Users/narro/.m2/repository/com/github/almasb/fxgl/17.2/fxgl-17.2.jar!/fxglassets/textures/fxgl_icon.png
15:53:05.332 [JavaFX Application Thread] DEBUG FXGLAssetLoaderServi - Loading from file system: jar:file:/C:/Users/narro/.m2/repository/com/github/almasb/fxgl/17.2/fxgl-17.2.jar!/fxglassets/textures/fxgl_default_cursor.png
15:53:05.334 [JavaFX Application Thread] DEBUG Input                - Registered new binding: Screenshot - CTRL+8
15:53:05.334 [JavaFX Application Thread] DEBUG Input                - Registered new binding: System info dump - CTRL+9
15:53:05.334 [JavaFX Application Thread] DEBUG Input                - Registered new binding: Restart - CTRL+R
15:53:05.335 [JavaFX Application Thread] DEBUG Input                - Registered new binding: Toggle Debug Camera - CTRL+7
15:53:05.337 [JavaFX Application Thread] DEBUG LoopRunner           - Starting loop
15:53:05.337 [JavaFX Application Thread] DEBUG LoopRunner           - Initializing JavaFX AnimationTimerLoop
15:53:05.339 [JavaFX Application Thread] DEBUG Input                - Clearing active input actions
15:53:05.351 [JavaFX Application Thread] DEBUG GameApplicationServi - Removing overlay from FXGLStartupScene and adding to FXGLMainMenuDummyScene
15:53:05.352 [JavaFX Application Thread] DEBUG PrimaryStageWindow   - FXGLStartupScene -> FXGLMainMenuDummyScene
15:53:05.352 [JavaFX Application Thread] DEBUG PrimaryStageWindow   - Push state: DawnseekerMenu
15:53:05.352 [JavaFX Application Thread] DEBUG Input                - Clearing active input actions
15:53:05.357 [JavaFX Application Thread] DEBUG GameApplicationServi - Removing overlay from FXGLMainMenuDummyScene and adding to DawnseekerMenu
15:53:05.358 [JavaFX Application Thread] DEBUG PrimaryStageWindow   - FXGLMainMenuDummyScene -> DawnseekerMenu
15:53:05.377 [FXGL Background Thread 4 ] DEBUG FXGLAssetLoaderServi - Loading from file system: jar:file:/C:/Users/narro/.m2/repository/com/github/almasb/fxgl/17.2/fxgl-17.2.jar!/fxglassets/ui/fonts/Abel-Regular.ttf
15:53:05.399 [FXGL Background Thread 4 ] DEBUG FXGLAssetLoaderServi - Loading from file system: jar:file:/C:/Users/narro/.m2/repository/com/github/almasb/fxgl/17.2/fxgl-17.2.jar!/fxglassets/ui/fonts/TerminalLandMono-Regular.otf
15:53:05.415 [FXGL Background Thread 4 ] DEBUG FXGLAssetLoaderServi - Loading from file system: jar:file:/C:/Users/narro/.m2/repository/com/github/almasb/fxgl/17.2/fxgl-17.2.jar!/fxglassets/ui/fonts/Courier-Prime.ttf
15:53:05.449 [JavaFX Application Thread] DEBUG FXGLApplication      - Registering font factories with UI factory
15:53:05.721 [FXGL Background Thread 2 ] INFO  UpdaterService       - Your current version:  17.2
15:53:05.721 [FXGL Background Thread 2 ] INFO  UpdaterService       - Latest stable version: 17.3
15:53:06.312 [JavaFX Application Thread] DEBUG Menu                 - fireNewGame()
15:53:06.312 [JavaFX Application Thread] DEBUG GameApplicationServi - Starting new game
15:53:06.312 [JavaFX Application Thread] DEBUG PrimaryStageWindow   - Pop state: DawnseekerMenu
15:53:06.312 [JavaFX Application Thread] DEBUG Input                - Clearing active input actions
15:53:06.312 [JavaFX Application Thread] DEBUG GameApplicationServi - Removing overlay from DawnseekerMenu and adding to FXGLMainMenuDummyScene
15:53:06.313 [JavaFX Application Thread] DEBUG PrimaryStageWindow   - FXGLMainMenuDummyScene <- DawnseekerMenu
15:53:06.313 [JavaFX Application Thread] DEBUG Input                - Clearing active input actions
15:53:06.319 [JavaFX Application Thread] DEBUG GameApplicationServi - Removing overlay from FXGLMainMenuDummyScene and adding to FXGLLoadingScene
15:53:06.319 [JavaFX Application Thread] DEBUG PrimaryStageWindow   - FXGLMainMenuDummyScene -> FXGLLoadingScene
15:53:06.319 [JavaFX Application Thread] DEBUG GameApplicationServi - Clearing previous game
15:53:06.319 [JavaFX Application Thread] DEBUG GameScene            - Clearing game scene
15:53:06.319 [JavaFX Application Thread] DEBUG GameWorld            - Clearing game world
15:53:06.319 [JavaFX Application Thread] DEBUG PhysicsWorld         - Clearing physics world
15:53:06.320 [FXGL Background Thread 2 ] DEBUG FXGLApplication      - Initializing game
15:53:06.320 [JavaFX Application Thread] DEBUG AudioPlayer          - Stopping music com.almasb.fxgl.audio.Music@5d6dba2
15:53:06.325 [FXGL Background Thread 2 ] DEBUG FXGLAssetLoaderServi - Loading from file system: file:/C:/Users/narro/git/CS4900G2Proj2/Dawnseeker/target/classes/assets/music/heartache.mp3
15:53:06.328 [FXGL Background Thread 2 ] DEBUG AudioPlayer          - Playing music com.almasb.fxgl.audio.Music@6b5561ad
15:53:06.343 [FXGL Background Thread 2 ] DEBUG FXGLAssetLoaderServi - Loading from file system: file:/C:/Users/narro/git/CS4900G2Proj2/Dawnseeker/target/classes/assets/textures/DawnseekerPCV2.png
15:53:06.345 [FXGL Background Thread 2 ] DEBUG FXGLAssetLoaderServi - Loading from file system: file:/C:/Users/narro/git/CS4900G2Proj2/Dawnseeker/target/classes/assets/textures/DawnseekerPCV2Down.png
15:53:06.347 [FXGL Background Thread 2 ] DEBUG FXGLAssetLoaderServi - Loading from file system: file:/C:/Users/narro/git/CS4900G2Proj2/Dawnseeker/target/classes/assets/textures/DawnseekerPCV2Up.png
15:53:06.348 [FXGL Background Thread 2 ] DEBUG FXGLAssetLoaderServi - Loading from file system: file:/C:/Users/narro/git/CS4900G2Proj2/Dawnseeker/target/classes/assets/textures/DawnseekerPCV2Right.png
15:53:06.349 [FXGL Background Thread 2 ] DEBUG FXGLAssetLoaderServi - Loading from file system: file:/C:/Users/narro/git/CS4900G2Proj2/Dawnseeker/target/classes/assets/textures/DawnseekerPCV2Left.png
15:53:06.368 [FXGL Background Thread 2 ] DEBUG FXGLAssetLoaderServi - Loading from file system: file:/C:/Users/narro/git/CS4900G2Proj2/Dawnseeker/target/classes/assets/textures/background.png
15:53:06.400 [FXGL Background Thread 2 ] WARN  GameWorld            - Entity is already attached to world
15:53:06.401 [FXGL Background Thread 2 ] DEBUG FXGLAssetLoaderServi - Loading from file system: file:/C:/Users/narro/git/CS4900G2Proj2/Dawnseeker/target/classes/assets/textures/Rock1.png
15:53:06.403 [FXGL Background Thread 2 ] WARN  Entity               - Entity already has component: com.almasb.fxgl.entity.components.CollidableComponent
15:53:06.403 [FXGL Background Thread 2 ] WARN  GameWorld            - Entity is already attached to world
15:53:06.404 [FXGL Background Thread 2 ] DEBUG FXGLAssetLoaderServi - Loading from file system: file:/C:/Users/narro/git/CS4900G2Proj2/Dawnseeker/target/classes/assets/textures/Rock2.png
15:53:06.406 [FXGL Background Thread 2 ] WARN  Entity               - Entity already has component: com.almasb.fxgl.entity.components.CollidableComponent
15:53:06.406 [FXGL Background Thread 2 ] WARN  GameWorld            - Entity is already attached to world
15:53:06.407 [FXGL Background Thread 2 ] DEBUG FXGLAssetLoaderServi - Loading from file system: file:/C:/Users/narro/git/CS4900G2Proj2/Dawnseeker/target/classes/assets/textures/BigRock1.png
15:53:06.411 [FXGL Background Thread 2 ] WARN  Entity               - Entity already has component: com.almasb.fxgl.entity.components.CollidableComponent
15:53:06.412 [FXGL Background Thread 2 ] WARN  GameWorld            - Entity is already attached to world
15:53:06.415 [FXGL Background Thread 2 ] DEBUG FXGLAssetLoaderServi - Loading from file system: file:/C:/Users/narro/git/CS4900G2Proj2/Dawnseeker/target/classes/assets/textures/AnimShop.png
15:53:06.417 [FXGL Background Thread 2 ] WARN  GameWorld            - Entity is already attached to world
15:53:06.438 [FXGL Background Thread 2 ] INFO  FXGLApplication      - Game initialization took: 0.118 sec
15:53:06.446 [JavaFX Application Thread] DEBUG Input                - Clearing active input actions
15:53:06.459 [JavaFX Application Thread] DEBUG GameApplicationServi - Removing overlay from FXGLLoadingScene and adding to GameScene
15:53:06.460 [JavaFX Application Thread] DEBUG PrimaryStageWindow   - FXGLLoadingScene -> GameScene
15:53:07.522 [JavaFX Application Thread] DEBUG FXGLAssetLoaderServi - Loading from file system: file:/C:/Users/narro/git/CS4900G2Proj2/Dawnseeker/target/classes/assets/textures/Skull.gif
15:53:07.527 [JavaFX Application Thread] DEBUG FXGLAssetLoaderServi - Loading from file system: file:/C:/Users/narro/git/CS4900G2Proj2/Dawnseeker/target/classes/assets/textures/Ghost.gif
15:53:08.273 [FXGL Background Thread 3 ] DEBUG Engine               - Logging environment variables
15:53:08.273 [FXGL Background Thread 3 ] DEBUG Engine               - achievements: []
15:53:08.273 [FXGL Background Thread 3 ] DEBUG Engine               - actualHeight: 823.0
15:53:08.273 [FXGL Background Thread 3 ] DEBUG Engine               - actualHeightProperty: ReadOnlyDoubleProperty [value: 823.0]
15:53:08.273 [FXGL Background Thread 3 ] DEBUG Engine               - actualWidth: 1439.0
15:53:08.273 [FXGL Background Thread 3 ] DEBUG Engine               - actualWidthProperty: ReadOnlyDoubleProperty [value: 1439.0]
15:53:08.273 [FXGL Background Thread 3 ] DEBUG Engine               - appIcon: fxgl_icon.png
15:53:08.274 [FXGL Background Thread 3 ] DEBUG Engine               - applicationMode: DEVELOPER
15:53:08.274 [FXGL Background Thread 3 ] DEBUG Engine               - cSSList: [fxgl_dark.css]
15:53:08.274 [FXGL Background Thread 3 ] DEBUG Engine               - collisionDetectionStrategy: BRUTE_FORCE
15:53:08.274 [FXGL Background Thread 3 ] DEBUG Engine               - configClass: Optional.empty
15:53:08.274 [FXGL Background Thread 3 ] DEBUG Engine               - credits: []
15:53:08.274 [FXGL Background Thread 3 ] DEBUG Engine               - defaultCursor: CursorInfo(imageName=fxgl_default_cursor.png, hotspotX=7.0, hotspotY=6.0)
15:53:08.274 [FXGL Background Thread 3 ] DEBUG Engine               - devBBoxColorProperty: ObjectProperty [value: 0xff0000ff]
15:53:08.274 [FXGL Background Thread 3 ] DEBUG Engine               - devEnableDebugCameraProperty: BooleanProperty [value: false]
15:53:08.274 [FXGL Background Thread 3 ] DEBUG Engine               - devSensorColorProperty: ObjectProperty [value: 0xffff00ff]
15:53:08.274 [FXGL Background Thread 3 ] DEBUG Engine               - devShowBBoxProperty: BooleanProperty [value: false]
15:53:08.274 [FXGL Background Thread 3 ] DEBUG Engine               - devShowPositionProperty: BooleanProperty [value: false]
15:53:08.274 [FXGL Background Thread 3 ] DEBUG Engine               - enabledMenuItems: []
15:53:08.274 [FXGL Background Thread 3 ] DEBUG Engine               - engineServices: [class com.almasb.fxgl.app.services.FXGLAssetLoaderService, class com.almasb.fxgl.app.FXGLApplication$GameApplicationService, class com.almasb.fxgl.app.services.FXGLDialogService, class com.almasb.fxgl.app.services.IOTaskExecutorService, class com.almasb.fxgl.io.FileSystemService, class com.almasb.fxgl.localization.LocalizationService, class com.almasb.fxgl.app.services.SystemBundleService, class com.almasb.fxgl.profile.SaveLoadService, class com.almasb.fxgl.ui.FXGLUIFactoryServiceProvider, class com.almasb.fxgl.ui.FXGLDialogFactoryServiceProvider, class com.almasb.fxgl.audio.AudioPlayer, class com.almasb.fxgl.notification.impl.NotificationServiceProvider, class com.almasb.fxgl.achievement.AchievementService, class com.almasb.fxgl.cutscene.CutsceneService, class com.almasb.fxgl.minigames.MiniGameService, class com.almasb.fxgl.net.NetService, class com.almasb.fxgl.app.services.UpdaterService, class com.almasb.fxgl.dev.DevService]
15:53:08.275 [FXGL Background Thread 3 ] DEBUG Engine               - fontGame: Abel-Regular.ttf
15:53:08.275 [FXGL Background Thread 3 ] DEBUG Engine               - fontMono: TerminalLandMono-Regular.otf
15:53:08.275 [FXGL Background Thread 3 ] DEBUG Engine               - fontText: Courier-Prime.ttf
15:53:08.275 [FXGL Background Thread 3 ] DEBUG Engine               - fontUI: VarelaRound-Regular.ttf
15:53:08.275 [FXGL Background Thread 3 ] DEBUG Engine               - fullScreen: BooleanProperty [value: false]
15:53:08.275 [FXGL Background Thread 3 ] DEBUG Engine               - gameDifficulty: MEDIUM
15:53:08.275 [FXGL Background Thread 3 ] DEBUG Engine               - gameDifficultyProperty: ObjectProperty [value: MEDIUM]
15:53:08.275 [FXGL Background Thread 3 ] DEBUG Engine               - globalMusicVolume: 0.5
15:53:08.275 [FXGL Background Thread 3 ] DEBUG Engine               - globalMusicVolumeProperty: DoubleProperty [value: 0.5]
15:53:08.275 [FXGL Background Thread 3 ] DEBUG Engine               - globalSoundVolume: 0.5
15:53:08.275 [FXGL Background Thread 3 ] DEBUG Engine               - globalSoundVolumeProperty: DoubleProperty [value: 0.5]
15:53:08.275 [FXGL Background Thread 3 ] DEBUG Engine               - height: 1080
15:53:08.275 [FXGL Background Thread 3 ] DEBUG Engine               - is3D: false
15:53:08.275 [FXGL Background Thread 3 ] DEBUG Engine               - isAndroid: false
15:53:08.275 [FXGL Background Thread 3 ] DEBUG Engine               - isBrowser: false
15:53:08.275 [FXGL Background Thread 3 ] DEBUG Engine               - isClickFeedbackEnabled: false
15:53:08.275 [FXGL Background Thread 3 ] DEBUG Engine               - isCloseConfirmation: false
15:53:08.275 [FXGL Background Thread 3 ] DEBUG Engine               - isDesktop: true
15:53:08.275 [FXGL Background Thread 3 ] DEBUG Engine               - isDeveloperMenuEnabled: false
15:53:08.276 [FXGL Background Thread 3 ] DEBUG Engine               - isEmbedded: false
15:53:08.276 [FXGL Background Thread 3 ] DEBUG Engine               - isEntityPreloadEnabled: true
15:53:08.276 [FXGL Background Thread 3 ] DEBUG Engine               - isExperimentalTiledLargeMap: false
15:53:08.276 [FXGL Background Thread 3 ] DEBUG Engine               - isFileSystemWriteAllowed: true
15:53:08.276 [FXGL Background Thread 3 ] DEBUG Engine               - isFullScreenAllowed: false
15:53:08.276 [FXGL Background Thread 3 ] DEBUG Engine               - isFullScreenFromStart: false
15:53:08.276 [FXGL Background Thread 3 ] DEBUG Engine               - isGameMenuEnabled: true
15:53:08.276 [FXGL Background Thread 3 ] DEBUG Engine               - isIOS: false
15:53:08.276 [FXGL Background Thread 3 ] DEBUG Engine               - isIntroEnabled: false
15:53:08.276 [FXGL Background Thread 3 ] DEBUG Engine               - isLinux: false
15:53:08.276 [FXGL Background Thread 3 ] DEBUG Engine               - isMac: false
15:53:08.276 [FXGL Background Thread 3 ] DEBUG Engine               - isMainMenuEnabled: true
15:53:08.276 [FXGL Background Thread 3 ] DEBUG Engine               - isManualResizeEnabled: false
15:53:08.276 [FXGL Background Thread 3 ] DEBUG Engine               - isMobile: false
15:53:08.276 [FXGL Background Thread 3 ] DEBUG Engine               - isNative: false
15:53:08.276 [FXGL Background Thread 3 ] DEBUG Engine               - isPauseMusicWhenMinimized: true
15:53:08.276 [FXGL Background Thread 3 ] DEBUG Engine               - isPreserveResizeRatio: false
15:53:08.276 [FXGL Background Thread 3 ] DEBUG Engine               - isProfilingEnabled: false
15:53:08.276 [FXGL Background Thread 3 ] DEBUG Engine               - isScaleAffectedOnResize: true
15:53:08.276 [FXGL Background Thread 3 ] DEBUG Engine               - isSingleStep: false
15:53:08.276 [FXGL Background Thread 3 ] DEBUG Engine               - isUserProfileEnabled: false
15:53:08.276 [FXGL Background Thread 3 ] DEBUG Engine               - isWindows: true
15:53:08.277 [FXGL Background Thread 3 ] DEBUG Engine               - language: ObjectProperty [value: ENGLISH]
15:53:08.277 [FXGL Background Thread 3 ] DEBUG Engine               - menuKey: ESCAPE
15:53:08.277 [FXGL Background Thread 3 ] DEBUG Engine               - mouseSensitivity: 0.2
15:53:08.277 [FXGL Background Thread 3 ] DEBUG Engine               - notificationViewClass: class com.almasb.fxgl.notification.view.XboxNotificationView
15:53:08.277 [FXGL Background Thread 3 ] DEBUG Engine               - pixelsPerMeter: 50.0
15:53:08.277 [FXGL Background Thread 3 ] DEBUG Engine               - platform: WINDOWS
15:53:08.277 [FXGL Background Thread 3 ] DEBUG Engine               - prefHeightProperty: ReadOnlyDoubleProperty [value: 1080.0]
15:53:08.277 [FXGL Background Thread 3 ] DEBUG Engine               - prefWidthProperty: ReadOnlyDoubleProperty [value: 1920.0]
15:53:08.277 [FXGL Background Thread 3 ] DEBUG Engine               - profileDir: profiles/
15:53:08.277 [FXGL Background Thread 3 ] DEBUG Engine               - profileName: StringProperty [value: DEFAULT]
15:53:08.277 [FXGL Background Thread 3 ] DEBUG Engine               - randomSeed: -1
15:53:08.278 [FXGL Background Thread 3 ] DEBUG Engine               - runtimeInfo: RuntimeInfo(platform=WINDOWS, version=17.2, build=20.08.2022 16.50)
15:53:08.279 [FXGL Background Thread 3 ] DEBUG Engine               - saveFileExt: sav
15:53:08.279 [FXGL Background Thread 3 ] DEBUG Engine               - scaledHeightProp$fxgl: DoubleProperty [bound, value: 823.0]
15:53:08.279 [FXGL Background Thread 3 ] DEBUG Engine               - scaledWidthProp$fxgl: DoubleProperty [bound, value: 1439.0]
15:53:08.279 [FXGL Background Thread 3 ] DEBUG Engine               - sceneFactory: myGame.DawnseekerApp$1@570f9854
15:53:08.279 [FXGL Background Thread 3 ] DEBUG Engine               - secondsIn24h: 60
15:53:08.279 [FXGL Background Thread 3 ] DEBUG Engine               - soundMenuBack: menu/back.wav
15:53:08.279 [FXGL Background Thread 3 ] DEBUG Engine               - soundMenuPress: menu/press.wav
15:53:08.279 [FXGL Background Thread 3 ] DEBUG Engine               - soundMenuSelect: menu/select.wav
15:53:08.279 [FXGL Background Thread 3 ] DEBUG Engine               - soundNotification: core/notification.wav
15:53:08.279 [FXGL Background Thread 3 ] DEBUG Engine               - stageStyle: DECORATED
15:53:08.279 [FXGL Background Thread 3 ] DEBUG Engine               - supportedLanguages: [ENGLISH, FRENCH, GERMAN, HUNGARIAN, RUSSIAN]
15:53:08.279 [FXGL Background Thread 3 ] DEBUG Engine               - ticksPerSecond: -1
15:53:08.279 [FXGL Background Thread 3 ] DEBUG Engine               - title: Dawnseeker
15:53:08.279 [FXGL Background Thread 3 ] DEBUG Engine               - urlGithub: https://github.com/AlmasB/FXGL
15:53:08.280 [FXGL Background Thread 3 ] DEBUG Engine               - urlLeaderboard: http://fxgl-top.herokuapp.com/
15:53:08.280 [FXGL Background Thread 3 ] DEBUG Engine               - urlPOM: https://raw.githubusercontent.com/AlmasB/FXGL/release/README.md
15:53:08.280 [FXGL Background Thread 3 ] DEBUG Engine               - userAppClass: class myGame.DawnseekerApp
15:53:08.280 [FXGL Background Thread 3 ] DEBUG Engine               - version: 0.5
15:53:08.280 [FXGL Background Thread 3 ] DEBUG Engine               - versionCheckDays: 7
15:53:08.280 [FXGL Background Thread 3 ] DEBUG Engine               - width: 1920
15:53:08.280 [FXGL Background Thread 3 ] DEBUG Engine               - Logging services
15:53:08.280 [FXGL Background Thread 3 ] DEBUG Engine               - class com.almasb.fxgl.app.services.FXGLAssetLoaderService
15:53:08.280 [FXGL Background Thread 3 ] DEBUG Engine               - class com.almasb.fxgl.app.FXGLApplication$GameApplicationService
15:53:08.280 [FXGL Background Thread 3 ] DEBUG Engine               - class com.almasb.fxgl.app.services.FXGLDialogService
15:53:08.280 [FXGL Background Thread 3 ] DEBUG Engine               - class com.almasb.fxgl.app.services.IOTaskExecutorService
15:53:08.280 [FXGL Background Thread 3 ] DEBUG Engine               - class com.almasb.fxgl.io.FileSystemService
15:53:08.280 [FXGL Background Thread 3 ] DEBUG Engine               - class com.almasb.fxgl.localization.LocalizationService
15:53:08.280 [FXGL Background Thread 3 ] DEBUG Engine               - class com.almasb.fxgl.app.services.SystemBundleService
15:53:08.281 [FXGL Background Thread 3 ] DEBUG Engine               - class com.almasb.fxgl.profile.SaveLoadService
15:53:08.281 [FXGL Background Thread 3 ] DEBUG Engine               - class com.almasb.fxgl.ui.FXGLUIFactoryServiceProvider
15:53:08.281 [FXGL Background Thread 3 ] DEBUG Engine               - class com.almasb.fxgl.ui.FXGLDialogFactoryServiceProvider
15:53:08.281 [FXGL Background Thread 3 ] DEBUG Engine               - class com.almasb.fxgl.audio.AudioPlayer
15:53:08.281 [FXGL Background Thread 3 ] DEBUG Engine               - class com.almasb.fxgl.notification.impl.NotificationServiceProvider
15:53:08.281 [FXGL Background Thread 3 ] DEBUG Engine               - class com.almasb.fxgl.achievement.AchievementService
15:53:08.281 [FXGL Background Thread 3 ] DEBUG Engine               - class com.almasb.fxgl.cutscene.CutsceneService
15:53:08.281 [FXGL Background Thread 3 ] DEBUG Engine               - class com.almasb.fxgl.minigames.MiniGameService
15:53:08.281 [FXGL Background Thread 3 ] DEBUG Engine               - class com.almasb.fxgl.net.NetService
15:53:08.281 [FXGL Background Thread 3 ] DEBUG Engine               - class com.almasb.fxgl.app.services.UpdaterService
15:53:08.281 [FXGL Background Thread 3 ] DEBUG Engine               - class com.almasb.fxgl.dev.DevService
15:53:09.148 [JavaFX Application Thread] DEBUG FXGLAssetLoaderServi - Loading from file system: file:/C:/Users/narro/git/CS4900G2Proj2/Dawnseeker/target/classes/assets/sounds/magic_missile.wav
15:53:09.158 [JavaFX Application Thread] DEBUG FXGLAssetLoaderServi - Loading from file system: file:/C:/Users/narro/git/CS4900G2Proj2/Dawnseeker/target/classes/assets/textures/Fireball.gif
15:53:09.507 [JavaFX Application Thread] WARN  GameWorld            - Attempted to remove entity which is not active
15:53:09.509 [JavaFX Application Thread] DEBUG FXGLAssetLoaderServi - Loading from file system: file:/C:/Users/narro/git/CS4900G2Proj2/Dawnseeker/target/classes/assets/textures/Coin.gif
15:53:09.512 [JavaFX Application Thread] DEBUG FXGLAssetLoaderServi - Loading from file system: file:/C:/Users/narro/git/CS4900G2Proj2/Dawnseeker/target/classes/assets/sounds/bong.wav
15:53:10.672 [JavaFX Application Thread] WARN  GameWorld            - Attempted to remove entity which is not active
15:53:10.673 [JavaFX Application Thread] DEBUG FXGLAssetLoaderServi - Loading from file system: file:/C:/Users/narro/git/CS4900G2Proj2/Dawnseeker/target/classes/assets/textures/PowerPotion.gif
15:53:11.426 [JavaFX Application Thread] DEBUG FXGLAssetLoaderServi - Loading from file system: file:/C:/Users/narro/git/CS4900G2Proj2/Dawnseeker/target/classes/assets/textures/slime.gif
15:53:12.771 [JavaFX Application Thread] WARN  GameWorld            - Attempted to remove entity which is not active
15:53:12.865 [JavaFX Application Thread] WARN  GameWorld            - Attempted to remove entity which is not active
15:53:13.713 [JavaFX Application Thread] WARN  GameWorld            - Attempted to remove entity which is not active
15:53:13.905 [JavaFX Application Thread] WARN  GameWorld            - Attempted to remove entity which is not active
15:53:14.129 [JavaFX Application Thread] WARN  GameWorld            - Attempted to remove entity which is not active
15:53:14.273 [JavaFX Application Thread] WARN  GameWorld            - Attempted to remove entity which is not active
15:53:15.057 [JavaFX Application Thread] WARN  GameWorld            - Attempted to remove entity which is not active
15:53:15.058 [JavaFX Application Thread] DEBUG FXGLAssetLoaderServi - Loading from file system: file:/C:/Users/narro/git/CS4900G2Proj2/Dawnseeker/target/classes/assets/textures/SpeedPotion.gif
15:53:15.154 [JavaFX Application Thread] DEBUG FXGLAssetLoaderServi - Loading from file system: file:/C:/Users/narro/git/CS4900G2Proj2/Dawnseeker/target/classes/assets/sounds/coin_pickup.wav
15:53:16.018 [JavaFX Application Thread] WARN  GameWorld            - Attempted to remove entity which is not active
15:53:16.022 [JavaFX Application Thread] DEBUG FXGLAssetLoaderServi - Loading from file system: file:/C:/Users/narro/git/CS4900G2Proj2/Dawnseeker/target/classes/assets/textures/Poison.gif
15:53:16.024 [JavaFX Application Thread] WARN  GameWorld            - Entity is already attached to world
15:53:16.025 [JavaFX Application Thread] DEBUG FXGLAssetLoaderServi - Loading from file system: file:/C:/Users/narro/git/CS4900G2Proj2/Dawnseeker/target/classes/assets/sounds/much_higher.wav
15:53:17.778 [JavaFX Application Thread] DEBUG FXGLAssetLoaderServi - Loading from file system: file:/C:/Users/narro/git/CS4900G2Proj2/Dawnseeker/target/classes/assets/sounds/player_oof.wav
15:53:21.653 [JavaFX Application Thread] DEBUG FXGLAssetLoaderServi - Loading from file system: file:/C:/Users/narro/git/CS4900G2Proj2/Dawnseeker/target/classes/assets/textures/FireBallProjectile.png
15:53:21.745 [JavaFX Application Thread] WARN  GameWorld            - Attempted to remove entity which is not active
15:53:22.009 [JavaFX Application Thread] DEBUG FXGLAssetLoaderServi - Loading from file system: file:/C:/Users/narro/git/CS4900G2Proj2/Dawnseeker/target/classes/assets/sounds/yoda_death.wav
15:53:22.011 [JavaFX Application Thread] DEBUG AudioPlayer          - Stopping music com.almasb.fxgl.audio.Music@5d6dba2
15:53:22.011 [JavaFX Application Thread] DEBUG AudioPlayer          - Stopping music com.almasb.fxgl.audio.Music@6b5561ad
15:53:22.011 [JavaFX Application Thread] DEBUG Input                - Clearing active input actions
15:53:22.020 [JavaFX Application Thread] DEBUG GameApplicationServi - Removing overlay from GameScene and adding to FXGLMainMenuDummyScene
15:53:22.020 [JavaFX Application Thread] DEBUG PrimaryStageWindow   - GameScene -> FXGLMainMenuDummyScene
15:53:22.020 [JavaFX Application Thread] DEBUG PrimaryStageWindow   - Push state: DawnseekerMenu
15:53:22.020 [JavaFX Application Thread] DEBUG Input                - Clearing active input actions
15:53:22.020 [JavaFX Application Thread] DEBUG GameApplicationServi - Removing overlay from FXGLMainMenuDummyScene and adding to DawnseekerMenu
15:53:22.020 [JavaFX Application Thread] DEBUG PrimaryStageWindow   - FXGLMainMenuDummyScene -> DawnseekerMenu
15:53:22.020 [JavaFX Application Thread] DEBUG AudioPlayer          - Playing music com.almasb.fxgl.audio.Music@5d6dba2
15:53:23.472 [JavaFX Application Thread] DEBUG Menu                 - fireNewGame()
15:53:23.472 [JavaFX Application Thread] DEBUG GameApplicationServi - Starting new game
15:53:23.472 [JavaFX Application Thread] DEBUG PrimaryStageWindow   - Pop state: DawnseekerMenu
15:53:23.472 [JavaFX Application Thread] DEBUG Input                - Clearing active input actions
15:53:23.474 [JavaFX Application Thread] DEBUG GameApplicationServi - Removing overlay from DawnseekerMenu and adding to FXGLMainMenuDummyScene
15:53:23.474 [JavaFX Application Thread] DEBUG PrimaryStageWindow   - FXGLMainMenuDummyScene <- DawnseekerMenu
15:53:23.474 [JavaFX Application Thread] DEBUG Input                - Clearing active input actions
15:53:23.482 [JavaFX Application Thread] DEBUG GameApplicationServi - Removing overlay from FXGLMainMenuDummyScene and adding to FXGLLoadingScene
15:53:23.482 [JavaFX Application Thread] DEBUG PrimaryStageWindow   - FXGLMainMenuDummyScene -> FXGLLoadingScene
15:53:23.482 [JavaFX Application Thread] DEBUG GameApplicationServi - Clearing previous game
15:53:23.482 [JavaFX Application Thread] DEBUG GameScene            - Clearing game scene
15:53:23.482 [JavaFX Application Thread] DEBUG GameWorld            - Clearing game world
15:53:23.483 [JavaFX Application Thread] DEBUG PhysicsWorld         - Clearing physics world
15:53:23.484 [JavaFX Application Thread] DEBUG AudioPlayer          - Stopping music com.almasb.fxgl.audio.Music@5d6dba2
15:53:23.484 [FXGL Background Thread 2 ] DEBUG FXGLApplication      - Initializing game
15:53:23.484 [JavaFX Application Thread] DEBUG AudioPlayer          - Stopping music com.almasb.fxgl.audio.Music@6b5561ad
15:53:23.484 [FXGL Background Thread 2 ] DEBUG AudioPlayer          - Playing music com.almasb.fxgl.audio.Music@6b5561ad
15:53:23.486 [FXGL Background Thread 2 ] WARN  GameWorld            - Entity is already attached to world
15:53:23.487 [FXGL Background Thread 2 ] WARN  Entity               - Entity already has component: com.almasb.fxgl.entity.components.CollidableComponent
15:53:23.487 [FXGL Background Thread 2 ] WARN  GameWorld            - Entity is already attached to world
15:53:23.487 [FXGL Background Thread 2 ] WARN  Entity               - Entity already has component: com.almasb.fxgl.entity.components.CollidableComponent
15:53:23.487 [FXGL Background Thread 2 ] WARN  GameWorld            - Entity is already attached to world
15:53:23.488 [FXGL Background Thread 2 ] WARN  Entity               - Entity already has component: com.almasb.fxgl.entity.components.CollidableComponent
15:53:23.488 [FXGL Background Thread 2 ] WARN  GameWorld            - Entity is already attached to world
15:53:23.489 [FXGL Background Thread 2 ] WARN  GameWorld            - Entity is already attached to world
15:53:23.490 [FXGL Background Thread 2 ] INFO  FXGLApplication      - Game initialization took: 0.006 sec
15:53:23.491 [JavaFX Application Thread] DEBUG Input                - Clearing active input actions
15:53:23.497 [JavaFX Application Thread] DEBUG GameApplicationServi - Removing overlay from FXGLLoadingScene and adding to GameScene
15:53:23.497 [JavaFX Application Thread] DEBUG PrimaryStageWindow   - FXGLLoadingScene -> GameScene
15:53:26.529 [JavaFX Application Thread] WARN  GameWorld            - Attempted to remove entity which is not active
15:53:26.530 [JavaFX Application Thread] DEBUG FXGLAssetLoaderServi - Loading from file system: file:/C:/Users/narro/git/CS4900G2Proj2/Dawnseeker/target/classes/assets/textures/HealthPotion.gif
15:53:26.801 [JavaFX Application Thread] WARN  GameWorld            - Attempted to remove entity which is not active
15:53:27.761 [JavaFX Application Thread] WARN  GameWorld            - Attempted to remove entity which is not active
15:53:28.786 [JavaFX Application Thread] WARN  GameWorld            - Attempted to remove entity which is not active
15:53:28.787 [JavaFX Application Thread] WARN  GameWorld            - Entity is already attached to world
15:53:32.993 [JavaFX Application Thread] WARN  GameWorld            - Attempted to remove entity which is not active
15:53:33.201 [JavaFX Application Thread] WARN  GameWorld            - Attempted to remove entity which is not active
15:53:33.233 [JavaFX Application Thread] WARN  GameWorld            - Attempted to remove entity which is not active
15:53:35.489 [JavaFX Application Thread] WARN  GameWorld            - Attempted to remove entity which is not active
15:53:36.129 [JavaFX Application Thread] WARN  GameWorld            - Attempted to remove entity which is not active
15:53:36.801 [JavaFX Application Thread] WARN  GameWorld            - Attempted to remove entity which is not active
15:53:38.194 [JavaFX Application Thread] WARN  GameWorld            - Attempted to remove entity which is not active
15:53:38.337 [JavaFX Application Thread] WARN  GameWorld            - Attempted to remove entity which is not active
15:53:40.723 [JavaFX Application Thread] DEBUG FXGLAssetLoaderServi - Loading from file system: file:/C:/Users/narro/git/CS4900G2Proj2/Dawnseeker/target/classes/assets/sounds/bonk.wav
15:53:41.632 [JavaFX Application Thread] WARN  GameWorld            - Attempted to remove entity which is not active
15:53:41.808 [JavaFX Application Thread] WARN  GameWorld            - Attempted to remove entity which is not active
15:53:43.088 [JavaFX Application Thread] WARN  GameWorld            - Attempted to remove entity which is not active
15:53:43.089 [JavaFX Application Thread] WARN  GameWorld            - Entity is already attached to world
15:53:43.602 [JavaFX Application Thread] WARN  GameWorld            - Attempted to remove entity which is not active
15:53:44.033 [JavaFX Application Thread] WARN  GameWorld            - Attempted to remove entity which is not active
15:53:44.578 [JavaFX Application Thread] WARN  GameWorld            - Attempted to remove entity which is not active
15:53:44.682 [JavaFX Application Thread] DEBUG AudioPlayer          - Stopping music com.almasb.fxgl.audio.Music@5d6dba2
15:53:44.682 [JavaFX Application Thread] DEBUG AudioPlayer          - Stopping music com.almasb.fxgl.audio.Music@6b5561ad
15:53:44.683 [JavaFX Application Thread] DEBUG Input                - Clearing active input actions
15:53:44.687 [JavaFX Application Thread] DEBUG GameApplicationServi - Removing overlay from GameScene and adding to FXGLMainMenuDummyScene
15:53:44.687 [JavaFX Application Thread] DEBUG PrimaryStageWindow   - GameScene -> FXGLMainMenuDummyScene
15:53:44.687 [JavaFX Application Thread] DEBUG PrimaryStageWindow   - Push state: DawnseekerMenu
15:53:44.687 [JavaFX Application Thread] DEBUG Input                - Clearing active input actions
15:53:44.687 [JavaFX Application Thread] DEBUG GameApplicationServi - Removing overlay from FXGLMainMenuDummyScene and adding to DawnseekerMenu
15:53:44.687 [JavaFX Application Thread] DEBUG PrimaryStageWindow   - FXGLMainMenuDummyScene -> DawnseekerMenu
15:53:44.688 [JavaFX Application Thread] DEBUG AudioPlayer          - Playing music com.almasb.fxgl.audio.Music@5d6dba2
15:53:46.996 [JavaFX Application Thread] DEBUG FXGLApplication      - Exiting FXGL
15:53:46.996 [JavaFX Application Thread] DEBUG LoopRunner           - Stopping loop
15:53:46.996 [JavaFX Application Thread] DEBUG SystemBundleService  - Saving FXGL system data
15:53:46.997 [JavaFX Application Thread] DEBUG FileSystemAccess     - Writing to: C:\Users\narro\git\CS4900G2Proj2\Dawnseeker\system\fxgl.bundle
15:53:46.999 [JavaFX Application Thread] DEBUG Async                - Shutting down background threads
15:53:46.999 [JavaFX Application Thread] DEBUG PrimaryStageWindow   - Closing main window
15:53:47.006 [JavaFX Application Thread] DEBUG Logger               - Closing Logger
