17:45:41.697 [main                     ] DEBUG Logger               - Configured Logger
17:45:41.715 [main                     ] DEBUG GameApplication      - Logging settings
Title: Dawnseeker
Version: 0.4
Width: 1024
Height: 1024
Fullscreen: false
Intro: false
Profiling: false
Single step:false
App Mode: DEVELOPER
Menu Key: ESCAPE
Stage Style: DECORATED
Scene Factory: class myGame.DawnseekerApp$1

17:45:42.049 [JavaFX Application Thread] DEBUG FXGLApplication      - Initializing FXGL
17:45:42.056 [JavaFX Application Thread] INFO  Engine               - FXGL-17.2 (20.08.2022 16.50) on WINDOWS (J:19.0.2 FX:18)
17:45:42.056 [JavaFX Application Thread] DEBUG Engine               - JRE Vendor Name: Oracle Corporation
17:45:42.056 [JavaFX Application Thread] DEBUG Engine               - Running on OS: Windows 10 version 10.0
17:45:42.057 [JavaFX Application Thread] DEBUG Engine               - Architecture: amd64
17:45:42.057 [JavaFX Application Thread] INFO  Engine               - Source code and latest versions at: https://github.com/AlmasB/FXGL
17:45:42.057 [JavaFX Application Thread] INFO  Engine               -       Ask questions and discuss at: https://github.com/AlmasB/FXGL/discussions
17:45:42.057 [JavaFX Application Thread] INFO  Engine               -              Join the FXGL chat at: https://gitter.im/AlmasB/FXGL
17:45:42.170 [JavaFX Application Thread] DEBUG PrimaryStageWindow   - Creating a JavaFX scene
17:45:42.170 [JavaFX Application Thread] DEBUG PrimaryStageWindow   - Target size > screen size
17:45:42.215 [JavaFX Application Thread] DEBUG PrimaryStageWindow   - Target settings size: 1024.0 x 1024.0
17:45:42.215 [JavaFX Application Thread] DEBUG PrimaryStageWindow   - Scaled scene size:    799.0 x 824.0
17:45:42.216 [JavaFX Application Thread] DEBUG PrimaryStageWindow   - Scaled ratio: (0.7802734375, 0.8046875)
17:45:42.216 [JavaFX Application Thread] DEBUG PrimaryStageWindow   - Set initial scene to FXGLStartupScene
17:45:42.223 [JavaFX Application Thread] DEBUG PrimaryStageWindow   - Opening main window
17:45:42.326 [JavaFX Application Thread] DEBUG PrimaryStageWindow   - Window border size: (14.5999755859375, 37.5999755859375)
17:45:42.327 [JavaFX Application Thread] DEBUG PrimaryStageWindow   - Scaled size: 799.0 x 824.0
17:45:42.327 [JavaFX Application Thread] DEBUG PrimaryStageWindow   - Scaled ratio: (0.7802734375, 0.8046875)
17:45:42.328 [JavaFX Application Thread] DEBUG PrimaryStageWindow   - Scene size: 799.0 x 824.0
17:45:42.328 [JavaFX Application Thread] DEBUG PrimaryStageWindow   - Stage size: 813.5999755859375 x 861.5999755859375
17:45:42.340 [FXGL Background Thread 1 ] DEBUG Engine               - Initializing environment variables
17:45:42.414 [FXGL Background Thread 1 ] DEBUG FXGLAssetLoaderServi - User app class for loading assets: class myGame.DawnseekerApp
17:45:42.414 [FXGL Background Thread 1 ] DEBUG GameApplicationServi - Applying CSS: fxgl_dark.css
17:45:42.416 [FXGL Background Thread 1 ] DEBUG FXGLAssetLoaderServi - Loading from file system: jar:file:/C:/Users/narro/.m2/repository/com/github/almasb/fxgl/17.2/fxgl-17.2.jar!/fxglassets/ui/css/fxgl_dark.css
17:45:42.469 [FXGL Background Thread 1 ] DEBUG GameApplicationServi - Initializing application scenes
17:45:42.524 [FXGL Background Thread 1 ] DEBUG GameWorld            - Game world initialized
17:45:42.589 [FXGL Background Thread 1 ] DEBUG PhysicsWorld         - Physics world initialized: appHeight=1024, physics.ppm=50.0
17:45:42.591 [FXGL Background Thread 1 ] DEBUG PhysicsWorld         - Using strategy: BRUTE_FORCE
17:45:42.598 [FXGL Background Thread 1 ] DEBUG GameScene            - Game scene initialized: 1024x1024
17:45:42.598 [FXGL Background Thread 1 ] DEBUG FXGLAssetLoaderServi - Loading from file system: file:/C:/Users/narro/git/CS4900G2Proj2/Dawnseeker/target/classes/assets/music/shop.mp3
17:45:42.713 [FXGL Background Thread 1 ] DEBUG AudioPlayer          - Playing music com.almasb.fxgl.audio.Music@4dd5583b
17:45:42.726 [FXGL Background Thread 1 ] DEBUG FXGLAssetLoaderServi - Loading from file system: file:/C:/Users/narro/git/CS4900G2Proj2/Dawnseeker/target/classes/assets/textures/bg.png
17:45:42.803 [FXGL Background Thread 1 ] DEBUG FXGL.DefaultMenu     - createMenuBodyGameMenu()
17:45:42.814 [FXGL Background Thread 1 ] DEBUG FXGL.DefaultMenu     - createOptionsMenu()
17:45:42.821 [FXGL Background Thread 1 ] DEBUG FXGLAssetLoaderServi - Loading from file system: jar:file:/C:/Users/narro/.m2/repository/com/github/almasb/fxgl/17.2/fxgl-17.2.jar!/fxglassets/textures/particles/smoke.png
17:45:42.899 [FXGL Background Thread 1 ] DEBUG FXGLAssetLoaderServi - Loading from file system: jar:file:/C:/Users/narro/.m2/repository/com/github/almasb/fxgl/17.2/fxgl-17.2.jar!/fxglassets/textures/particles/trace_horizontal.png
17:45:42.916 [FXGL Background Thread 1 ] DEBUG GameApplicationServi - Application scenes initialized
17:45:42.931 [FXGL Background Thread 1 ] DEBUG SystemBundleService  - Loading FXGL system data
17:45:42.936 [FXGL Background Thread 1 ] DEBUG FileSystemAccess     - Reading from: C:\Users\narro\git\CS4900G2Proj2\Dawnseeker\system\fxgl.bundle
17:45:42.945 [FXGL Background Thread 1 ] DEBUG SystemBundleService  - Bundle FXGL: {}
17:45:42.945 [FXGL Background Thread 1 ] DEBUG UpdaterService       - Checking for updates
17:45:42.949 [FXGL Background Thread 4 ] DEBUG FXGLApplication      - Loading fonts
17:45:42.949 [FXGL Background Thread 4 ] DEBUG FXGLAssetLoaderServi - Loading from file system: jar:file:/C:/Users/narro/.m2/repository/com/github/almasb/fxgl/17.2/fxgl-17.2.jar!/fxglassets/ui/fonts/VarelaRound-Regular.ttf
17:45:42.950 [FXGL Background Thread 1 ] DEBUG FXGLApplication      - Loading default localization
17:45:42.950 [FXGL Background Thread 1 ] DEBUG FXGLAssetLoaderServi - Loading from file system: jar:file:/C:/Users/narro/.m2/repository/com/github/almasb/fxgl/17.2/fxgl-17.2.jar!/fxglassets/languages/english.lang
17:45:42.976 [FXGL Background Thread 1 ] INFO  FXGLApplication      - FXGL initialization took: 0.635 sec
17:45:42.982 [JavaFX Application Thread] DEBUG Input                - Registered new binding: action0 - LMB
17:45:42.988 [JavaFX Application Thread] DEBUG Input                - Registered new binding: Up - W
17:45:42.988 [JavaFX Application Thread] DEBUG Input                - Registered new binding: Down - S
17:45:42.989 [JavaFX Application Thread] DEBUG Input                - Registered new binding: Right - D
17:45:42.989 [JavaFX Application Thread] DEBUG Input                - Registered new binding: Left - A
17:45:42.989 [JavaFX Application Thread] DEBUG FXGLAssetLoaderServi - Loading from file system: jar:file:/C:/Users/narro/.m2/repository/com/github/almasb/fxgl/17.2/fxgl-17.2.jar!/fxglassets/textures/fxgl_icon.png
17:45:43.004 [JavaFX Application Thread] DEBUG FXGLAssetLoaderServi - Loading from file system: jar:file:/C:/Users/narro/.m2/repository/com/github/almasb/fxgl/17.2/fxgl-17.2.jar!/fxglassets/textures/fxgl_default_cursor.png
17:45:43.006 [JavaFX Application Thread] DEBUG Input                - Registered new binding: Screenshot - CTRL+8
17:45:43.007 [JavaFX Application Thread] DEBUG Input                - Registered new binding: System info dump - CTRL+9
17:45:43.008 [JavaFX Application Thread] DEBUG Input                - Registered new binding: Restart - CTRL+R
17:45:43.009 [JavaFX Application Thread] DEBUG Input                - Registered new binding: Toggle Debug Camera - CTRL+7
17:45:43.012 [JavaFX Application Thread] DEBUG LoopRunner           - Starting loop
17:45:43.012 [JavaFX Application Thread] DEBUG LoopRunner           - Initializing JavaFX AnimationTimerLoop
17:45:43.015 [JavaFX Application Thread] DEBUG Input                - Clearing active input actions
17:45:43.027 [JavaFX Application Thread] DEBUG GameApplicationServi - Removing overlay from FXGLStartupScene and adding to FXGLMainMenuDummyScene
17:45:43.027 [JavaFX Application Thread] DEBUG PrimaryStageWindow   - FXGLStartupScene -> FXGLMainMenuDummyScene
17:45:43.027 [JavaFX Application Thread] DEBUG PrimaryStageWindow   - Push state: DawnseekerMenu
17:45:43.027 [JavaFX Application Thread] DEBUG Input                - Clearing active input actions
17:45:43.032 [JavaFX Application Thread] DEBUG GameApplicationServi - Removing overlay from FXGLMainMenuDummyScene and adding to DawnseekerMenu
17:45:43.033 [JavaFX Application Thread] DEBUG PrimaryStageWindow   - FXGLMainMenuDummyScene -> DawnseekerMenu
17:45:43.039 [FXGL Background Thread 4 ] DEBUG FXGLAssetLoaderServi - Loading from file system: jar:file:/C:/Users/narro/.m2/repository/com/github/almasb/fxgl/17.2/fxgl-17.2.jar!/fxglassets/ui/fonts/Abel-Regular.ttf
17:45:43.050 [FXGL Background Thread 4 ] DEBUG FXGLAssetLoaderServi - Loading from file system: jar:file:/C:/Users/narro/.m2/repository/com/github/almasb/fxgl/17.2/fxgl-17.2.jar!/fxglassets/ui/fonts/TerminalLandMono-Regular.otf
17:45:43.063 [FXGL Background Thread 4 ] DEBUG FXGLAssetLoaderServi - Loading from file system: jar:file:/C:/Users/narro/.m2/repository/com/github/almasb/fxgl/17.2/fxgl-17.2.jar!/fxglassets/ui/fonts/Courier-Prime.ttf
17:45:43.079 [JavaFX Application Thread] DEBUG FXGLApplication      - Registering font factories with UI factory
17:45:43.372 [FXGL Background Thread 2 ] INFO  UpdaterService       - Your current version:  17.2
17:45:43.373 [FXGL Background Thread 2 ] INFO  UpdaterService       - Latest stable version: 17.3
17:45:43.957 [JavaFX Application Thread] DEBUG Menu                 - fireNewGame()
17:45:43.957 [JavaFX Application Thread] DEBUG GameApplicationServi - Starting new game
17:45:43.957 [JavaFX Application Thread] DEBUG PrimaryStageWindow   - Pop state: DawnseekerMenu
17:45:43.957 [JavaFX Application Thread] DEBUG Input                - Clearing active input actions
17:45:43.957 [JavaFX Application Thread] DEBUG GameApplicationServi - Removing overlay from DawnseekerMenu and adding to FXGLMainMenuDummyScene
17:45:43.958 [JavaFX Application Thread] DEBUG PrimaryStageWindow   - FXGLMainMenuDummyScene <- DawnseekerMenu
17:45:43.958 [JavaFX Application Thread] DEBUG Input                - Clearing active input actions
17:45:43.963 [JavaFX Application Thread] DEBUG GameApplicationServi - Removing overlay from FXGLMainMenuDummyScene and adding to FXGLLoadingScene
17:45:43.963 [JavaFX Application Thread] DEBUG PrimaryStageWindow   - FXGLMainMenuDummyScene -> FXGLLoadingScene
17:45:43.963 [JavaFX Application Thread] DEBUG GameApplicationServi - Clearing previous game
17:45:43.963 [JavaFX Application Thread] DEBUG GameScene            - Clearing game scene
17:45:43.963 [JavaFX Application Thread] DEBUG GameWorld            - Clearing game world
17:45:43.963 [JavaFX Application Thread] DEBUG PhysicsWorld         - Clearing physics world
17:45:43.965 [FXGL Background Thread 2 ] DEBUG FXGLApplication      - Initializing game
17:45:43.965 [JavaFX Application Thread] DEBUG AudioPlayer          - Stopping music com.almasb.fxgl.audio.Music@4dd5583b
17:45:43.969 [FXGL Background Thread 2 ] DEBUG FXGLAssetLoaderServi - Loading from file system: file:/C:/Users/narro/git/CS4900G2Proj2/Dawnseeker/target/classes/assets/music/heartache.mp3
17:45:43.972 [FXGL Background Thread 2 ] DEBUG AudioPlayer          - Playing music com.almasb.fxgl.audio.Music@f02ff8e
17:45:43.986 [FXGL Background Thread 2 ] DEBUG FXGLAssetLoaderServi - Loading from file system: file:/C:/Users/narro/git/CS4900G2Proj2/Dawnseeker/target/classes/assets/textures/DawnseekerPCV2.png
17:45:43.991 [FXGL Background Thread 2 ] DEBUG FXGLAssetLoaderServi - Loading from file system: file:/C:/Users/narro/git/CS4900G2Proj2/Dawnseeker/target/classes/assets/textures/DawnseekerPCV2Down.png
17:45:43.993 [FXGL Background Thread 2 ] DEBUG FXGLAssetLoaderServi - Loading from file system: file:/C:/Users/narro/git/CS4900G2Proj2/Dawnseeker/target/classes/assets/textures/DawnseekerPCV2Up.png
17:45:43.995 [FXGL Background Thread 2 ] DEBUG FXGLAssetLoaderServi - Loading from file system: file:/C:/Users/narro/git/CS4900G2Proj2/Dawnseeker/target/classes/assets/textures/DawnseekerPCV2Right.png
17:45:43.997 [FXGL Background Thread 2 ] DEBUG FXGLAssetLoaderServi - Loading from file system: file:/C:/Users/narro/git/CS4900G2Proj2/Dawnseeker/target/classes/assets/textures/DawnseekerPCV2Left.png
17:45:44.011 [FXGL Background Thread 2 ] WARN  GameWorld            - Entity is already attached to world
17:45:44.012 [FXGL Background Thread 2 ] WARN  Entity               - Entity already has component: com.almasb.fxgl.entity.components.CollidableComponent
17:45:44.012 [FXGL Background Thread 2 ] WARN  GameWorld            - Entity is already attached to world
17:45:44.013 [FXGL Background Thread 2 ] WARN  Entity               - Entity already has component: com.almasb.fxgl.entity.components.CollidableComponent
17:45:44.013 [FXGL Background Thread 2 ] WARN  GameWorld            - Entity is already attached to world
17:45:44.014 [FXGL Background Thread 2 ] WARN  Entity               - Entity already has component: com.almasb.fxgl.entity.components.CollidableComponent
17:45:44.014 [FXGL Background Thread 2 ] WARN  GameWorld            - Entity is already attached to world
17:45:44.015 [FXGL Background Thread 2 ] WARN  Entity               - Entity already has component: com.almasb.fxgl.entity.components.CollidableComponent
17:45:44.015 [FXGL Background Thread 2 ] WARN  GameWorld            - Entity is already attached to world
17:45:44.016 [FXGL Background Thread 2 ] WARN  GameWorld            - Entity is already attached to world
17:45:44.017 [FXGL Background Thread 2 ] WARN  GameWorld            - Entity is already attached to world
17:45:44.029 [FXGL Background Thread 2 ] INFO  FXGLApplication      - Game initialization took: 0.064 sec
17:45:44.035 [JavaFX Application Thread] DEBUG Input                - Clearing active input actions
17:45:44.048 [JavaFX Application Thread] DEBUG GameApplicationServi - Removing overlay from FXGLLoadingScene and adding to GameScene
17:45:44.048 [JavaFX Application Thread] DEBUG PrimaryStageWindow   - FXGLLoadingScene -> GameScene
17:45:45.094 [JavaFX Application Thread] DEBUG FXGLAssetLoaderServi - Loading from file system: file:/C:/Users/narro/git/CS4900G2Proj2/Dawnseeker/target/classes/assets/textures/EnemyDawnseeker.png
17:45:45.097 [JavaFX Application Thread] DEBUG FXGLAssetLoaderServi - Loading from file system: file:/C:/Users/narro/git/CS4900G2Proj2/Dawnseeker/target/classes/assets/textures/sussy.gif
17:45:45.316 [JavaFX Application Thread] DEBUG FXGLAssetLoaderServi - Loading from file system: file:/C:/Users/narro/git/CS4900G2Proj2/Dawnseeker/target/classes/assets/sounds/yoda_death.wav
17:45:45.326 [JavaFX Application Thread] DEBUG PrimaryStageWindow   - Push state: ShopTest
17:45:45.326 [JavaFX Application Thread] DEBUG Input                - Clearing active input actions
17:45:45.327 [JavaFX Application Thread] DEBUG GameApplicationServi - Removing overlay from GameScene and adding to ShopTest
17:45:45.327 [JavaFX Application Thread] DEBUG PrimaryStageWindow   - GameScene -> ShopTest
17:45:45.327 [JavaFX Application Thread] DEBUG Input                - Registered new binding: Close Shop - F
17:45:45.948 [FXGL Background Thread 3 ] DEBUG Engine               - Logging environment variables
17:45:45.950 [FXGL Background Thread 3 ] DEBUG Engine               - achievements: []
17:45:45.950 [FXGL Background Thread 3 ] DEBUG Engine               - actualHeight: 824.0
17:45:45.950 [FXGL Background Thread 3 ] DEBUG Engine               - actualHeightProperty: ReadOnlyDoubleProperty [value: 824.0]
17:45:45.951 [FXGL Background Thread 3 ] DEBUG Engine               - actualWidth: 799.0
17:45:45.951 [FXGL Background Thread 3 ] DEBUG Engine               - actualWidthProperty: ReadOnlyDoubleProperty [value: 799.0]
17:45:45.951 [FXGL Background Thread 3 ] DEBUG Engine               - appIcon: fxgl_icon.png
17:45:45.951 [FXGL Background Thread 3 ] DEBUG Engine               - applicationMode: DEVELOPER
17:45:45.951 [FXGL Background Thread 3 ] DEBUG Engine               - cSSList: [fxgl_dark.css]
17:45:45.952 [FXGL Background Thread 3 ] DEBUG Engine               - collisionDetectionStrategy: BRUTE_FORCE
17:45:45.952 [FXGL Background Thread 3 ] DEBUG Engine               - configClass: Optional.empty
17:45:45.952 [FXGL Background Thread 3 ] DEBUG Engine               - credits: []
17:45:45.953 [FXGL Background Thread 3 ] DEBUG Engine               - defaultCursor: CursorInfo(imageName=fxgl_default_cursor.png, hotspotX=7.0, hotspotY=6.0)
17:45:45.954 [FXGL Background Thread 3 ] DEBUG Engine               - devBBoxColorProperty: ObjectProperty [value: 0xff0000ff]
17:45:45.954 [FXGL Background Thread 3 ] DEBUG Engine               - devEnableDebugCameraProperty: BooleanProperty [value: false]
17:45:45.955 [FXGL Background Thread 3 ] DEBUG Engine               - devSensorColorProperty: ObjectProperty [value: 0xffff00ff]
17:45:45.955 [FXGL Background Thread 3 ] DEBUG Engine               - devShowBBoxProperty: BooleanProperty [value: false]
17:45:45.956 [FXGL Background Thread 3 ] DEBUG Engine               - devShowPositionProperty: BooleanProperty [value: false]
17:45:45.956 [FXGL Background Thread 3 ] DEBUG Engine               - enabledMenuItems: []
17:45:45.956 [FXGL Background Thread 3 ] DEBUG Engine               - engineServices: [class com.almasb.fxgl.app.services.FXGLAssetLoaderService, class com.almasb.fxgl.app.FXGLApplication$GameApplicationService, class com.almasb.fxgl.app.services.FXGLDialogService, class com.almasb.fxgl.app.services.IOTaskExecutorService, class com.almasb.fxgl.io.FileSystemService, class com.almasb.fxgl.localization.LocalizationService, class com.almasb.fxgl.app.services.SystemBundleService, class com.almasb.fxgl.profile.SaveLoadService, class com.almasb.fxgl.ui.FXGLUIFactoryServiceProvider, class com.almasb.fxgl.ui.FXGLDialogFactoryServiceProvider, class com.almasb.fxgl.audio.AudioPlayer, class com.almasb.fxgl.notification.impl.NotificationServiceProvider, class com.almasb.fxgl.achievement.AchievementService, class com.almasb.fxgl.cutscene.CutsceneService, class com.almasb.fxgl.minigames.MiniGameService, class com.almasb.fxgl.net.NetService, class com.almasb.fxgl.app.services.UpdaterService, class com.almasb.fxgl.dev.DevService]
17:45:45.957 [FXGL Background Thread 3 ] DEBUG Engine               - fontGame: Abel-Regular.ttf
17:45:45.957 [FXGL Background Thread 3 ] DEBUG Engine               - fontMono: TerminalLandMono-Regular.otf
17:45:45.957 [FXGL Background Thread 3 ] DEBUG Engine               - fontText: Courier-Prime.ttf
17:45:45.957 [FXGL Background Thread 3 ] DEBUG Engine               - fontUI: VarelaRound-Regular.ttf
17:45:45.958 [FXGL Background Thread 3 ] DEBUG Engine               - fullScreen: BooleanProperty [value: false]
17:45:45.958 [FXGL Background Thread 3 ] DEBUG Engine               - gameDifficulty: MEDIUM
17:45:45.958 [FXGL Background Thread 3 ] DEBUG Engine               - gameDifficultyProperty: ObjectProperty [value: MEDIUM]
17:45:45.958 [FXGL Background Thread 3 ] DEBUG Engine               - globalMusicVolume: 0.5
17:45:45.959 [FXGL Background Thread 3 ] DEBUG Engine               - globalMusicVolumeProperty: DoubleProperty [value: 0.5]
17:45:45.959 [FXGL Background Thread 3 ] DEBUG Engine               - globalSoundVolume: 0.5
17:45:45.959 [FXGL Background Thread 3 ] DEBUG Engine               - globalSoundVolumeProperty: DoubleProperty [value: 0.5]
17:45:45.959 [FXGL Background Thread 3 ] DEBUG Engine               - height: 1024
17:45:45.959 [FXGL Background Thread 3 ] DEBUG Engine               - is3D: false
17:45:45.960 [FXGL Background Thread 3 ] DEBUG Engine               - isAndroid: false
17:45:45.960 [FXGL Background Thread 3 ] DEBUG Engine               - isBrowser: false
17:45:45.960 [FXGL Background Thread 3 ] DEBUG Engine               - isClickFeedbackEnabled: false
17:45:45.960 [FXGL Background Thread 3 ] DEBUG Engine               - isCloseConfirmation: false
17:45:45.960 [FXGL Background Thread 3 ] DEBUG Engine               - isDesktop: true
17:45:45.960 [FXGL Background Thread 3 ] DEBUG Engine               - isDeveloperMenuEnabled: false
17:45:45.960 [FXGL Background Thread 3 ] DEBUG Engine               - isEmbedded: false
17:45:45.960 [FXGL Background Thread 3 ] DEBUG Engine               - isEntityPreloadEnabled: true
17:45:45.961 [FXGL Background Thread 3 ] DEBUG Engine               - isExperimentalTiledLargeMap: false
17:45:45.961 [FXGL Background Thread 3 ] DEBUG Engine               - isFileSystemWriteAllowed: true
17:45:45.961 [FXGL Background Thread 3 ] DEBUG Engine               - isFullScreenAllowed: false
17:45:45.961 [FXGL Background Thread 3 ] DEBUG Engine               - isFullScreenFromStart: false
17:45:45.961 [FXGL Background Thread 3 ] DEBUG Engine               - isGameMenuEnabled: true
17:45:45.961 [FXGL Background Thread 3 ] DEBUG Engine               - isIOS: false
17:45:45.961 [FXGL Background Thread 3 ] DEBUG Engine               - isIntroEnabled: false
17:45:45.962 [FXGL Background Thread 3 ] DEBUG Engine               - isLinux: false
17:45:45.962 [FXGL Background Thread 3 ] DEBUG Engine               - isMac: false
17:45:45.962 [FXGL Background Thread 3 ] DEBUG Engine               - isMainMenuEnabled: true
17:45:45.962 [FXGL Background Thread 3 ] DEBUG Engine               - isManualResizeEnabled: false
17:45:45.962 [FXGL Background Thread 3 ] DEBUG Engine               - isMobile: false
17:45:45.962 [FXGL Background Thread 3 ] DEBUG Engine               - isNative: false
17:45:45.962 [FXGL Background Thread 3 ] DEBUG Engine               - isPauseMusicWhenMinimized: true
17:45:45.963 [FXGL Background Thread 3 ] DEBUG Engine               - isPreserveResizeRatio: false
17:45:45.963 [FXGL Background Thread 3 ] DEBUG Engine               - isProfilingEnabled: false
17:45:45.963 [FXGL Background Thread 3 ] DEBUG Engine               - isScaleAffectedOnResize: true
17:45:45.963 [FXGL Background Thread 3 ] DEBUG Engine               - isSingleStep: false
17:45:45.963 [FXGL Background Thread 3 ] DEBUG Engine               - isUserProfileEnabled: false
17:45:45.963 [FXGL Background Thread 3 ] DEBUG Engine               - isWindows: true
17:45:45.963 [FXGL Background Thread 3 ] DEBUG Engine               - language: ObjectProperty [value: ENGLISH]
17:45:45.963 [FXGL Background Thread 3 ] DEBUG Engine               - menuKey: ESCAPE
17:45:45.963 [FXGL Background Thread 3 ] DEBUG Engine               - mouseSensitivity: 0.2
17:45:45.964 [FXGL Background Thread 3 ] DEBUG Engine               - notificationViewClass: class com.almasb.fxgl.notification.view.XboxNotificationView
17:45:45.964 [FXGL Background Thread 3 ] DEBUG Engine               - pixelsPerMeter: 50.0
17:45:45.964 [FXGL Background Thread 3 ] DEBUG Engine               - platform: WINDOWS
17:45:45.964 [FXGL Background Thread 3 ] DEBUG Engine               - prefHeightProperty: ReadOnlyDoubleProperty [value: 1024.0]
17:45:45.964 [FXGL Background Thread 3 ] DEBUG Engine               - prefWidthProperty: ReadOnlyDoubleProperty [value: 1024.0]
17:45:45.964 [FXGL Background Thread 3 ] DEBUG Engine               - profileDir: profiles/
17:45:45.964 [FXGL Background Thread 3 ] DEBUG Engine               - profileName: StringProperty [value: DEFAULT]
17:45:45.964 [FXGL Background Thread 3 ] DEBUG Engine               - randomSeed: -1
17:45:45.965 [FXGL Background Thread 3 ] DEBUG Engine               - runtimeInfo: RuntimeInfo(platform=WINDOWS, version=17.2, build=20.08.2022 16.50)
17:45:45.965 [FXGL Background Thread 3 ] DEBUG Engine               - saveFileExt: sav
17:45:45.965 [FXGL Background Thread 3 ] DEBUG Engine               - scaledHeightProp$fxgl: DoubleProperty [bound, value: 824.0]
17:45:45.966 [FXGL Background Thread 3 ] DEBUG Engine               - scaledWidthProp$fxgl: DoubleProperty [bound, value: 799.0]
17:45:45.966 [FXGL Background Thread 3 ] DEBUG Engine               - sceneFactory: myGame.DawnseekerApp$1@3344220c
17:45:45.966 [FXGL Background Thread 3 ] DEBUG Engine               - secondsIn24h: 60
17:45:45.966 [FXGL Background Thread 3 ] DEBUG Engine               - soundMenuBack: menu/back.wav
17:45:45.966 [FXGL Background Thread 3 ] DEBUG Engine               - soundMenuPress: menu/press.wav
17:45:45.966 [FXGL Background Thread 3 ] DEBUG Engine               - soundMenuSelect: menu/select.wav
17:45:45.966 [FXGL Background Thread 3 ] DEBUG Engine               - soundNotification: core/notification.wav
17:45:45.966 [FXGL Background Thread 3 ] DEBUG Engine               - stageStyle: DECORATED
17:45:45.966 [FXGL Background Thread 3 ] DEBUG Engine               - supportedLanguages: [ENGLISH, FRENCH, GERMAN, HUNGARIAN, RUSSIAN]
17:45:45.966 [FXGL Background Thread 3 ] DEBUG Engine               - ticksPerSecond: -1
17:45:45.966 [FXGL Background Thread 3 ] DEBUG Engine               - title: Dawnseeker
17:45:45.966 [FXGL Background Thread 3 ] DEBUG Engine               - urlGithub: https://github.com/AlmasB/FXGL
17:45:45.966 [FXGL Background Thread 3 ] DEBUG Engine               - urlLeaderboard: http://fxgl-top.herokuapp.com/
17:45:45.966 [FXGL Background Thread 3 ] DEBUG Engine               - urlPOM: https://raw.githubusercontent.com/AlmasB/FXGL/release/README.md
17:45:45.966 [FXGL Background Thread 3 ] DEBUG Engine               - userAppClass: class myGame.DawnseekerApp
17:45:45.966 [FXGL Background Thread 3 ] DEBUG Engine               - version: 0.4
17:45:45.966 [FXGL Background Thread 3 ] DEBUG Engine               - versionCheckDays: 7
17:45:45.966 [FXGL Background Thread 3 ] DEBUG Engine               - width: 1024
17:45:45.966 [FXGL Background Thread 3 ] DEBUG Engine               - Logging services
17:45:45.966 [FXGL Background Thread 3 ] DEBUG Engine               - class com.almasb.fxgl.app.services.FXGLAssetLoaderService
17:45:45.966 [FXGL Background Thread 3 ] DEBUG Engine               - class com.almasb.fxgl.app.FXGLApplication$GameApplicationService
17:45:45.967 [FXGL Background Thread 3 ] DEBUG Engine               - class com.almasb.fxgl.app.services.FXGLDialogService
17:45:45.967 [FXGL Background Thread 3 ] DEBUG Engine               - class com.almasb.fxgl.app.services.IOTaskExecutorService
17:45:45.967 [FXGL Background Thread 3 ] DEBUG Engine               - class com.almasb.fxgl.io.FileSystemService
17:45:45.967 [FXGL Background Thread 3 ] DEBUG Engine               - class com.almasb.fxgl.localization.LocalizationService
17:45:45.967 [FXGL Background Thread 3 ] DEBUG Engine               - class com.almasb.fxgl.app.services.SystemBundleService
17:45:45.967 [FXGL Background Thread 3 ] DEBUG Engine               - class com.almasb.fxgl.profile.SaveLoadService
17:45:45.967 [FXGL Background Thread 3 ] DEBUG Engine               - class com.almasb.fxgl.ui.FXGLUIFactoryServiceProvider
17:45:45.967 [FXGL Background Thread 3 ] DEBUG Engine               - class com.almasb.fxgl.ui.FXGLDialogFactoryServiceProvider
17:45:45.967 [FXGL Background Thread 3 ] DEBUG Engine               - class com.almasb.fxgl.audio.AudioPlayer
17:45:45.967 [FXGL Background Thread 3 ] DEBUG Engine               - class com.almasb.fxgl.notification.impl.NotificationServiceProvider
17:45:45.967 [FXGL Background Thread 3 ] DEBUG Engine               - class com.almasb.fxgl.achievement.AchievementService
17:45:45.967 [FXGL Background Thread 3 ] DEBUG Engine               - class com.almasb.fxgl.cutscene.CutsceneService
17:45:45.967 [FXGL Background Thread 3 ] DEBUG Engine               - class com.almasb.fxgl.minigames.MiniGameService
17:45:45.967 [FXGL Background Thread 3 ] DEBUG Engine               - class com.almasb.fxgl.net.NetService
17:45:45.967 [FXGL Background Thread 3 ] DEBUG Engine               - class com.almasb.fxgl.app.services.UpdaterService
17:45:45.967 [FXGL Background Thread 3 ] DEBUG Engine               - class com.almasb.fxgl.dev.DevService
17:45:48.264 [JavaFX Application Thread] DEBUG PrimaryStageWindow   - Pop state: ShopTest
17:45:48.265 [JavaFX Application Thread] DEBUG Input                - Clearing active input actions
17:45:48.265 [JavaFX Application Thread] DEBUG GameApplicationServi - Removing overlay from ShopTest and adding to GameScene
17:45:48.266 [JavaFX Application Thread] DEBUG PrimaryStageWindow   - GameScene <- ShopTest
17:45:52.324 [JavaFX Application Thread] DEBUG PrimaryStageWindow   - Push state: ShopTest
17:45:52.324 [JavaFX Application Thread] DEBUG Input                - Clearing active input actions
17:45:52.325 [JavaFX Application Thread] DEBUG GameApplicationServi - Removing overlay from GameScene and adding to ShopTest
17:45:52.326 [JavaFX Application Thread] DEBUG PrimaryStageWindow   - GameScene -> ShopTest
17:45:52.326 [JavaFX Application Thread] DEBUG Input                - Registered new binding: Close Shop - F
17:45:53.303 [JavaFX Application Thread] DEBUG PrimaryStageWindow   - Pop state: ShopTest
17:45:53.304 [JavaFX Application Thread] DEBUG Input                - Clearing active input actions
17:45:53.304 [JavaFX Application Thread] DEBUG GameApplicationServi - Removing overlay from ShopTest and adding to GameScene
17:45:53.305 [JavaFX Application Thread] DEBUG PrimaryStageWindow   - GameScene <- ShopTest
17:45:53.881 [JavaFX Application Thread] DEBUG FXGLAssetLoaderServi - Loading from file system: file:/C:/Users/narro/git/CS4900G2Proj2/Dawnseeker/target/classes/assets/sounds/magic_missile.wav
17:45:53.882 [JavaFX Application Thread] DEBUG FXGLAssetLoaderServi - Loading from file system: file:/C:/Users/narro/git/CS4900G2Proj2/Dawnseeker/target/classes/assets/textures/FireBallProjectile.png
17:45:53.941 [JavaFX Application Thread] WARN  GameWorld            - Attempted to remove entity which is not active
17:45:53.942 [JavaFX Application Thread] DEBUG FXGLAssetLoaderServi - Loading from file system: file:/C:/Users/narro/git/CS4900G2Proj2/Dawnseeker/target/classes/assets/sounds/bong.wav
17:45:54.740 [JavaFX Application Thread] DEBUG PrimaryStageWindow   - Push state: ShopTest
17:45:54.740 [JavaFX Application Thread] DEBUG Input                - Clearing active input actions
17:45:54.740 [JavaFX Application Thread] DEBUG GameApplicationServi - Removing overlay from GameScene and adding to ShopTest
17:45:54.741 [JavaFX Application Thread] DEBUG PrimaryStageWindow   - GameScene -> ShopTest
17:45:54.741 [JavaFX Application Thread] DEBUG Input                - Registered new binding: Close Shop - F
17:45:55.172 [JavaFX Application Thread] DEBUG PrimaryStageWindow   - Pop state: ShopTest
17:45:55.172 [JavaFX Application Thread] DEBUG Input                - Clearing active input actions
17:45:55.173 [JavaFX Application Thread] DEBUG GameApplicationServi - Removing overlay from ShopTest and adding to GameScene
17:45:55.173 [JavaFX Application Thread] DEBUG PrimaryStageWindow   - GameScene <- ShopTest
17:45:56.358 [JavaFX Application Thread] DEBUG FXGLAssetLoaderServi - Loading from file system: file:/C:/Users/narro/git/CS4900G2Proj2/Dawnseeker/target/classes/assets/sounds/player_oof.wav
17:45:57.459 [JavaFX Application Thread] DEBUG PrimaryStageWindow   - Push state: ShopTest
17:45:57.460 [JavaFX Application Thread] DEBUG Input                - Clearing active input actions
17:45:57.460 [JavaFX Application Thread] DEBUG GameApplicationServi - Removing overlay from GameScene and adding to ShopTest
17:45:57.460 [JavaFX Application Thread] DEBUG PrimaryStageWindow   - GameScene -> ShopTest
17:45:57.460 [JavaFX Application Thread] DEBUG Input                - Registered new binding: Close Shop - F
17:45:58.684 [JavaFX Application Thread] DEBUG PrimaryStageWindow   - Pop state: ShopTest
17:45:58.684 [JavaFX Application Thread] DEBUG Input                - Clearing active input actions
17:45:58.685 [JavaFX Application Thread] DEBUG GameApplicationServi - Removing overlay from ShopTest and adding to GameScene
17:45:58.685 [JavaFX Application Thread] DEBUG PrimaryStageWindow   - GameScene <- ShopTest
17:45:59.044 [JavaFX Application Thread] WARN  GameWorld            - Attempted to remove entity which is not active
17:45:59.284 [JavaFX Application Thread] WARN  GameWorld            - Attempted to remove entity which is not active
17:46:00.020 [JavaFX Application Thread] DEBUG PrimaryStageWindow   - Push state: ShopTest
17:46:00.020 [JavaFX Application Thread] DEBUG Input                - Clearing active input actions
17:46:00.021 [JavaFX Application Thread] DEBUG GameApplicationServi - Removing overlay from GameScene and adding to ShopTest
17:46:00.021 [JavaFX Application Thread] DEBUG PrimaryStageWindow   - GameScene -> ShopTest
17:46:00.021 [JavaFX Application Thread] DEBUG Input                - Registered new binding: Close Shop - F
17:46:02.037 [JavaFX Application Thread] DEBUG PrimaryStageWindow   - Pop state: ShopTest
17:46:02.037 [JavaFX Application Thread] DEBUG Input                - Clearing active input actions
17:46:02.037 [JavaFX Application Thread] DEBUG GameApplicationServi - Removing overlay from ShopTest and adding to GameScene
17:46:02.037 [JavaFX Application Thread] DEBUG PrimaryStageWindow   - GameScene <- ShopTest
17:46:02.388 [JavaFX Application Thread] DEBUG PrimaryStageWindow   - Push state: ShopTest
17:46:02.388 [JavaFX Application Thread] DEBUG Input                - Clearing active input actions
17:46:02.389 [JavaFX Application Thread] DEBUG GameApplicationServi - Removing overlay from GameScene and adding to ShopTest
17:46:02.389 [JavaFX Application Thread] DEBUG PrimaryStageWindow   - GameScene -> ShopTest
17:46:02.389 [JavaFX Application Thread] DEBUG Input                - Registered new binding: Close Shop - F
17:46:03.066 [JavaFX Application Thread] DEBUG PrimaryStageWindow   - Pop state: ShopTest
17:46:03.066 [JavaFX Application Thread] DEBUG Input                - Clearing active input actions
17:46:03.067 [JavaFX Application Thread] DEBUG GameApplicationServi - Removing overlay from ShopTest and adding to GameScene
17:46:03.067 [JavaFX Application Thread] DEBUG PrimaryStageWindow   - GameScene <- ShopTest
17:46:03.411 [JavaFX Application Thread] DEBUG FXGLAssetLoaderServi - Loading from file system: file:/C:/Users/narro/git/CS4900G2Proj2/Dawnseeker/target/classes/assets/sounds/coin_pickup.wav
17:46:03.878 [JavaFX Application Thread] DEBUG AudioPlayer          - Stopping music com.almasb.fxgl.audio.Music@4dd5583b
17:46:03.878 [JavaFX Application Thread] DEBUG AudioPlayer          - Stopping music com.almasb.fxgl.audio.Music@f02ff8e
17:46:03.878 [JavaFX Application Thread] DEBUG Input                - Clearing active input actions
17:46:03.885 [JavaFX Application Thread] DEBUG GameApplicationServi - Removing overlay from GameScene and adding to FXGLMainMenuDummyScene
17:46:03.885 [JavaFX Application Thread] DEBUG PrimaryStageWindow   - GameScene -> FXGLMainMenuDummyScene
17:46:03.885 [JavaFX Application Thread] DEBUG PrimaryStageWindow   - Push state: DawnseekerMenu
17:46:03.885 [JavaFX Application Thread] DEBUG Input                - Clearing active input actions
17:46:03.885 [JavaFX Application Thread] DEBUG GameApplicationServi - Removing overlay from FXGLMainMenuDummyScene and adding to DawnseekerMenu
17:46:03.886 [JavaFX Application Thread] DEBUG PrimaryStageWindow   - FXGLMainMenuDummyScene -> DawnseekerMenu
17:46:03.886 [JavaFX Application Thread] DEBUG AudioPlayer          - Playing music com.almasb.fxgl.audio.Music@4dd5583b
17:46:05.804 [JavaFX Application Thread] DEBUG FXGLApplication      - Exiting FXGL
17:46:05.804 [JavaFX Application Thread] DEBUG LoopRunner           - Stopping loop
17:46:05.804 [JavaFX Application Thread] DEBUG SystemBundleService  - Saving FXGL system data
17:46:05.806 [JavaFX Application Thread] DEBUG FileSystemAccess     - Writing to: C:\Users\narro\git\CS4900G2Proj2\Dawnseeker\system\fxgl.bundle
17:46:05.807 [JavaFX Application Thread] DEBUG Async                - Shutting down background threads
17:46:05.808 [JavaFX Application Thread] DEBUG PrimaryStageWindow   - Closing main window
17:46:05.814 [JavaFX Application Thread] DEBUG Logger               - Closing Logger
