13:20:17.859 [main                     ] DEBUG Logger               - Configured Logger
13:20:17.897 [main                     ] DEBUG GameApplication      - Logging settings
Title: Dawnseeker
Version: 0.4
Width: 1920
Height: 1080
Fullscreen: false
Intro: false
Profiling: false
Single step:false
App Mode: DEVELOPER
Menu Key: ESCAPE
Stage Style: DECORATED
Scene Factory: class myGame.DawnseekerApp$1

13:20:18.374 [JavaFX Application Thread] DEBUG FXGLApplication      - Initializing FXGL
13:20:18.382 [JavaFX Application Thread] INFO  Engine               - FXGL-17.2 (20.08.2022 16.50) on WINDOWS (J:19.0.2 FX:18)
13:20:18.383 [JavaFX Application Thread] DEBUG Engine               - JRE Vendor Name: Oracle Corporation
13:20:18.383 [JavaFX Application Thread] DEBUG Engine               - Running on OS: Windows 10 version 10.0
13:20:18.383 [JavaFX Application Thread] DEBUG Engine               - Architecture: amd64
13:20:18.383 [JavaFX Application Thread] INFO  Engine               - Source code and latest versions at: https://github.com/AlmasB/FXGL
13:20:18.384 [JavaFX Application Thread] INFO  Engine               -       Ask questions and discuss at: https://github.com/AlmasB/FXGL/discussions
13:20:18.384 [JavaFX Application Thread] INFO  Engine               -              Join the FXGL chat at: https://gitter.im/AlmasB/FXGL
13:20:18.537 [JavaFX Application Thread] DEBUG PrimaryStageWindow   - Creating a JavaFX scene
13:20:18.538 [JavaFX Application Thread] DEBUG PrimaryStageWindow   - Target size > screen size
13:20:18.595 [JavaFX Application Thread] DEBUG PrimaryStageWindow   - Target settings size: 1920.0 x 1080.0
13:20:18.595 [JavaFX Application Thread] DEBUG PrimaryStageWindow   - Scaled scene size:    1439.0 x 823.0
13:20:18.595 [JavaFX Application Thread] DEBUG PrimaryStageWindow   - Scaled ratio: (0.7494791666666667, 0.7620370370370371)
13:20:18.596 [JavaFX Application Thread] DEBUG PrimaryStageWindow   - Set initial scene to FXGLStartupScene
13:20:18.605 [JavaFX Application Thread] DEBUG PrimaryStageWindow   - Opening main window
13:20:18.725 [JavaFX Application Thread] DEBUG PrimaryStageWindow   - Window border size: (14.5999755859375, 37.79998779296875)
13:20:18.726 [JavaFX Application Thread] DEBUG PrimaryStageWindow   - Scaled size: 1439.0 x 823.0
13:20:18.727 [JavaFX Application Thread] DEBUG PrimaryStageWindow   - Scaled ratio: (0.7494791666666667, 0.7620370370370371)
13:20:18.728 [JavaFX Application Thread] DEBUG PrimaryStageWindow   - Scene size: 1439.0 x 823.0
13:20:18.729 [JavaFX Application Thread] DEBUG PrimaryStageWindow   - Stage size: 1453.5999755859375 x 860.7999877929688
13:20:18.745 [FXGL Background Thread 1 ] DEBUG Engine               - Initializing environment variables
13:20:18.841 [FXGL Background Thread 1 ] DEBUG FXGLAssetLoaderServi - User app class for loading assets: class myGame.DawnseekerApp
13:20:18.842 [FXGL Background Thread 1 ] DEBUG GameApplicationServi - Applying CSS: fxgl_dark.css
13:20:18.844 [FXGL Background Thread 1 ] DEBUG FXGLAssetLoaderServi - Loading from file system: jar:file:/C:/Users/narro/.m2/repository/com/github/almasb/fxgl/17.2/fxgl-17.2.jar!/fxglassets/ui/css/fxgl_dark.css
13:20:18.923 [FXGL Background Thread 1 ] DEBUG GameApplicationServi - Initializing application scenes
13:20:19.006 [FXGL Background Thread 1 ] DEBUG GameWorld            - Game world initialized
13:20:19.096 [FXGL Background Thread 1 ] DEBUG PhysicsWorld         - Physics world initialized: appHeight=1080, physics.ppm=50.0
13:20:19.096 [FXGL Background Thread 1 ] DEBUG PhysicsWorld         - Using strategy: BRUTE_FORCE
13:20:19.103 [FXGL Background Thread 1 ] DEBUG GameScene            - Game scene initialized: 1920x1080
13:20:19.104 [FXGL Background Thread 1 ] DEBUG FXGLAssetLoaderServi - Loading from file system: file:/C:/Users/narro/git/CS4900G2Proj2/Dawnseeker/target/classes/assets/music/shop.mp3
13:20:19.281 [FXGL Background Thread 1 ] DEBUG AudioPlayer          - Playing music com.almasb.fxgl.audio.Music@2bf429a6
13:20:19.303 [FXGL Background Thread 1 ] DEBUG FXGLAssetLoaderServi - Loading from file system: file:/C:/Users/narro/git/CS4900G2Proj2/Dawnseeker/target/classes/assets/textures/bg.png
13:20:19.432 [FXGL Background Thread 1 ] DEBUG FXGL.DefaultMenu     - createMenuBodyGameMenu()
13:20:19.451 [FXGL Background Thread 1 ] DEBUG FXGL.DefaultMenu     - createOptionsMenu()
13:20:19.464 [FXGL Background Thread 1 ] DEBUG FXGLAssetLoaderServi - Loading from file system: jar:file:/C:/Users/narro/.m2/repository/com/github/almasb/fxgl/17.2/fxgl-17.2.jar!/fxglassets/textures/particles/smoke.png
13:20:19.582 [FXGL Background Thread 1 ] DEBUG FXGLAssetLoaderServi - Loading from file system: jar:file:/C:/Users/narro/.m2/repository/com/github/almasb/fxgl/17.2/fxgl-17.2.jar!/fxglassets/textures/particles/trace_horizontal.png
13:20:19.611 [FXGL Background Thread 1 ] DEBUG GameApplicationServi - Application scenes initialized
13:20:19.631 [FXGL Background Thread 1 ] DEBUG SystemBundleService  - Loading FXGL system data
13:20:19.639 [FXGL Background Thread 1 ] DEBUG FileSystemAccess     - Reading from: C:\Users\narro\git\CS4900G2Proj2\Dawnseeker\system\fxgl.bundle
13:20:19.651 [FXGL Background Thread 1 ] DEBUG SystemBundleService  - Bundle FXGL: {}
13:20:19.651 [FXGL Background Thread 1 ] DEBUG UpdaterService       - Checking for updates
13:20:19.656 [FXGL Background Thread 4 ] DEBUG FXGLApplication      - Loading fonts
13:20:19.657 [FXGL Background Thread 4 ] DEBUG FXGLAssetLoaderServi - Loading from file system: jar:file:/C:/Users/narro/.m2/repository/com/github/almasb/fxgl/17.2/fxgl-17.2.jar!/fxglassets/ui/fonts/VarelaRound-Regular.ttf
13:20:19.658 [FXGL Background Thread 1 ] DEBUG FXGLApplication      - Loading default localization
13:20:19.659 [FXGL Background Thread 1 ] DEBUG FXGLAssetLoaderServi - Loading from file system: jar:file:/C:/Users/narro/.m2/repository/com/github/almasb/fxgl/17.2/fxgl-17.2.jar!/fxglassets/languages/english.lang
13:20:19.699 [FXGL Background Thread 1 ] INFO  FXGLApplication      - FXGL initialization took: 0.953 sec
13:20:19.706 [JavaFX Application Thread] DEBUG Input                - Registered new binding: action0 - LMB
13:20:19.718 [JavaFX Application Thread] DEBUG Input                - Registered new binding: Up - W
13:20:19.719 [JavaFX Application Thread] DEBUG Input                - Registered new binding: Down - S
13:20:19.719 [JavaFX Application Thread] DEBUG Input                - Registered new binding: Right - D
13:20:19.719 [JavaFX Application Thread] DEBUG Input                - Registered new binding: Left - A
13:20:19.720 [JavaFX Application Thread] DEBUG FXGLAssetLoaderServi - Loading from file system: jar:file:/C:/Users/narro/.m2/repository/com/github/almasb/fxgl/17.2/fxgl-17.2.jar!/fxglassets/textures/fxgl_icon.png
13:20:19.736 [JavaFX Application Thread] DEBUG FXGLAssetLoaderServi - Loading from file system: jar:file:/C:/Users/narro/.m2/repository/com/github/almasb/fxgl/17.2/fxgl-17.2.jar!/fxglassets/textures/fxgl_default_cursor.png
13:20:19.740 [JavaFX Application Thread] DEBUG Input                - Registered new binding: Screenshot - CTRL+8
13:20:19.740 [JavaFX Application Thread] DEBUG Input                - Registered new binding: System info dump - CTRL+9
13:20:19.741 [JavaFX Application Thread] DEBUG Input                - Registered new binding: Restart - CTRL+R
13:20:19.743 [JavaFX Application Thread] DEBUG Input                - Registered new binding: Toggle Debug Camera - CTRL+7
13:20:19.747 [JavaFX Application Thread] DEBUG LoopRunner           - Starting loop
13:20:19.747 [JavaFX Application Thread] DEBUG LoopRunner           - Initializing JavaFX AnimationTimerLoop
13:20:19.752 [JavaFX Application Thread] DEBUG Input                - Clearing active input actions
13:20:19.771 [JavaFX Application Thread] DEBUG GameApplicationServi - Removing overlay from FXGLStartupScene and adding to FXGLMainMenuDummyScene
13:20:19.772 [JavaFX Application Thread] DEBUG PrimaryStageWindow   - FXGLStartupScene -> FXGLMainMenuDummyScene
13:20:19.772 [JavaFX Application Thread] DEBUG PrimaryStageWindow   - Push state: DawnseekerMenu
13:20:19.772 [JavaFX Application Thread] DEBUG Input                - Clearing active input actions
13:20:19.779 [JavaFX Application Thread] DEBUG GameApplicationServi - Removing overlay from FXGLMainMenuDummyScene and adding to DawnseekerMenu
13:20:19.780 [JavaFX Application Thread] DEBUG PrimaryStageWindow   - FXGLMainMenuDummyScene -> DawnseekerMenu
13:20:19.803 [FXGL Background Thread 4 ] DEBUG FXGLAssetLoaderServi - Loading from file system: jar:file:/C:/Users/narro/.m2/repository/com/github/almasb/fxgl/17.2/fxgl-17.2.jar!/fxglassets/ui/fonts/Abel-Regular.ttf
13:20:19.822 [FXGL Background Thread 4 ] DEBUG FXGLAssetLoaderServi - Loading from file system: jar:file:/C:/Users/narro/.m2/repository/com/github/almasb/fxgl/17.2/fxgl-17.2.jar!/fxglassets/ui/fonts/TerminalLandMono-Regular.otf
13:20:19.840 [FXGL Background Thread 4 ] DEBUG FXGLAssetLoaderServi - Loading from file system: jar:file:/C:/Users/narro/.m2/repository/com/github/almasb/fxgl/17.2/fxgl-17.2.jar!/fxglassets/ui/fonts/Courier-Prime.ttf
13:20:19.860 [JavaFX Application Thread] DEBUG FXGLApplication      - Registering font factories with UI factory
13:20:20.305 [FXGL Background Thread 2 ] INFO  UpdaterService       - Your current version:  17.2
13:20:20.306 [FXGL Background Thread 2 ] INFO  UpdaterService       - Latest stable version: 17.3
13:20:20.589 [JavaFX Application Thread] DEBUG Menu                 - fireNewGame()
13:20:20.589 [JavaFX Application Thread] DEBUG GameApplicationServi - Starting new game
13:20:20.589 [JavaFX Application Thread] DEBUG PrimaryStageWindow   - Pop state: DawnseekerMenu
13:20:20.589 [JavaFX Application Thread] DEBUG Input                - Clearing active input actions
13:20:20.590 [JavaFX Application Thread] DEBUG GameApplicationServi - Removing overlay from DawnseekerMenu and adding to FXGLMainMenuDummyScene
13:20:20.590 [JavaFX Application Thread] DEBUG PrimaryStageWindow   - FXGLMainMenuDummyScene <- DawnseekerMenu
13:20:20.591 [JavaFX Application Thread] DEBUG Input                - Clearing active input actions
13:20:20.599 [JavaFX Application Thread] DEBUG GameApplicationServi - Removing overlay from FXGLMainMenuDummyScene and adding to FXGLLoadingScene
13:20:20.599 [JavaFX Application Thread] DEBUG PrimaryStageWindow   - FXGLMainMenuDummyScene -> FXGLLoadingScene
13:20:20.599 [JavaFX Application Thread] DEBUG GameApplicationServi - Clearing previous game
13:20:20.599 [JavaFX Application Thread] DEBUG GameScene            - Clearing game scene
13:20:20.599 [JavaFX Application Thread] DEBUG GameWorld            - Clearing game world
13:20:20.600 [JavaFX Application Thread] DEBUG PhysicsWorld         - Clearing physics world
13:20:20.604 [JavaFX Application Thread] DEBUG AudioPlayer          - Stopping music com.almasb.fxgl.audio.Music@2bf429a6
13:20:20.604 [FXGL Background Thread 2 ] DEBUG FXGLApplication      - Initializing game
13:20:20.611 [FXGL Background Thread 2 ] DEBUG FXGLAssetLoaderServi - Loading from file system: file:/C:/Users/narro/git/CS4900G2Proj2/Dawnseeker/target/classes/assets/music/heartache.mp3
13:20:20.614 [FXGL Background Thread 2 ] DEBUG AudioPlayer          - Playing music com.almasb.fxgl.audio.Music@7420fc64
13:20:20.640 [FXGL Background Thread 2 ] DEBUG FXGLAssetLoaderServi - Loading from file system: file:/C:/Users/narro/git/CS4900G2Proj2/Dawnseeker/target/classes/assets/textures/DawnseekerPCV2.png
13:20:20.647 [FXGL Background Thread 2 ] DEBUG FXGLAssetLoaderServi - Loading from file system: file:/C:/Users/narro/git/CS4900G2Proj2/Dawnseeker/target/classes/assets/textures/DawnseekerPCV2Down.png
13:20:20.650 [FXGL Background Thread 2 ] DEBUG FXGLAssetLoaderServi - Loading from file system: file:/C:/Users/narro/git/CS4900G2Proj2/Dawnseeker/target/classes/assets/textures/DawnseekerPCV2Up.png
13:20:20.652 [FXGL Background Thread 2 ] DEBUG FXGLAssetLoaderServi - Loading from file system: file:/C:/Users/narro/git/CS4900G2Proj2/Dawnseeker/target/classes/assets/textures/DawnseekerPCV2Right.png
13:20:20.655 [FXGL Background Thread 2 ] DEBUG FXGLAssetLoaderServi - Loading from file system: file:/C:/Users/narro/git/CS4900G2Proj2/Dawnseeker/target/classes/assets/textures/DawnseekerPCV2Left.png
13:20:20.676 [FXGL Background Thread 2 ] DEBUG FXGLAssetLoaderServi - Loading from file system: file:/C:/Users/narro/git/CS4900G2Proj2/Dawnseeker/target/classes/assets/textures/BackGroung.png
13:20:20.714 [FXGL Background Thread 2 ] WARN  GameWorld            - Entity is already attached to world
13:20:20.716 [FXGL Background Thread 2 ] DEBUG FXGLAssetLoaderServi - Loading from file system: file:/C:/Users/narro/git/CS4900G2Proj2/Dawnseeker/target/classes/assets/textures/Rock1.png
13:20:20.719 [FXGL Background Thread 2 ] WARN  Entity               - Entity already has component: com.almasb.fxgl.entity.components.CollidableComponent
13:20:20.720 [FXGL Background Thread 2 ] WARN  GameWorld            - Entity is already attached to world
13:20:20.723 [FXGL Background Thread 2 ] DEBUG FXGLAssetLoaderServi - Loading from file system: file:/C:/Users/narro/git/CS4900G2Proj2/Dawnseeker/target/classes/assets/textures/Rock2.png
13:20:20.726 [FXGL Background Thread 2 ] WARN  Entity               - Entity already has component: com.almasb.fxgl.entity.components.CollidableComponent
13:20:20.727 [FXGL Background Thread 2 ] WARN  GameWorld            - Entity is already attached to world
13:20:20.730 [FXGL Background Thread 2 ] DEBUG FXGLAssetLoaderServi - Loading from file system: file:/C:/Users/narro/git/CS4900G2Proj2/Dawnseeker/target/classes/assets/textures/BigRock1.png
13:20:20.732 [FXGL Background Thread 2 ] WARN  Entity               - Entity already has component: com.almasb.fxgl.entity.components.CollidableComponent
13:20:20.733 [FXGL Background Thread 2 ] WARN  GameWorld            - Entity is already attached to world
13:20:20.736 [FXGL Background Thread 2 ] DEBUG FXGLAssetLoaderServi - Loading from file system: file:/C:/Users/narro/git/CS4900G2Proj2/Dawnseeker/target/classes/assets/textures/Poison.gif
13:20:20.750 [FXGL Background Thread 2 ] WARN  GameWorld            - Entity is already attached to world
13:20:20.752 [FXGL Background Thread 2 ] DEBUG FXGLAssetLoaderServi - Loading from file system: file:/C:/Users/narro/git/CS4900G2Proj2/Dawnseeker/target/classes/assets/textures/AnimShop.png
13:20:20.754 [FXGL Background Thread 2 ] WARN  GameWorld            - Entity is already attached to world
13:20:20.789 [FXGL Background Thread 2 ] INFO  FXGLApplication      - Game initialization took: 0.185 sec
13:20:20.796 [JavaFX Application Thread] DEBUG Input                - Clearing active input actions
13:20:20.825 [JavaFX Application Thread] DEBUG GameApplicationServi - Removing overlay from FXGLLoadingScene and adding to GameScene
13:20:20.826 [JavaFX Application Thread] DEBUG PrimaryStageWindow   - FXGLLoadingScene -> GameScene
13:20:21.911 [JavaFX Application Thread] DEBUG FXGLAssetLoaderServi - Loading from file system: file:/C:/Users/narro/git/CS4900G2Proj2/Dawnseeker/target/classes/assets/textures/Skull.gif
13:20:21.927 [JavaFX Application Thread] DEBUG FXGLAssetLoaderServi - Loading from file system: file:/C:/Users/narro/git/CS4900G2Proj2/Dawnseeker/target/classes/assets/textures/Ghost.gif
13:20:22.655 [FXGL Background Thread 3 ] DEBUG Engine               - Logging environment variables
13:20:22.657 [FXGL Background Thread 3 ] DEBUG Engine               - achievements: []
13:20:22.657 [FXGL Background Thread 3 ] DEBUG Engine               - actualHeight: 823.0
13:20:22.657 [FXGL Background Thread 3 ] DEBUG Engine               - actualHeightProperty: ReadOnlyDoubleProperty [value: 823.0]
13:20:22.658 [FXGL Background Thread 3 ] DEBUG Engine               - actualWidth: 1439.0
13:20:22.658 [FXGL Background Thread 3 ] DEBUG Engine               - actualWidthProperty: ReadOnlyDoubleProperty [value: 1439.0]
13:20:22.658 [FXGL Background Thread 3 ] DEBUG Engine               - appIcon: fxgl_icon.png
13:20:22.658 [FXGL Background Thread 3 ] DEBUG Engine               - applicationMode: DEVELOPER
13:20:22.658 [FXGL Background Thread 3 ] DEBUG Engine               - cSSList: [fxgl_dark.css]
13:20:22.659 [FXGL Background Thread 3 ] DEBUG Engine               - collisionDetectionStrategy: BRUTE_FORCE
13:20:22.659 [FXGL Background Thread 3 ] DEBUG Engine               - configClass: Optional.empty
13:20:22.659 [FXGL Background Thread 3 ] DEBUG Engine               - credits: []
13:20:22.661 [FXGL Background Thread 3 ] DEBUG Engine               - defaultCursor: CursorInfo(imageName=fxgl_default_cursor.png, hotspotX=7.0, hotspotY=6.0)
13:20:22.662 [FXGL Background Thread 3 ] DEBUG Engine               - devBBoxColorProperty: ObjectProperty [value: 0xff0000ff]
13:20:22.662 [FXGL Background Thread 3 ] DEBUG Engine               - devEnableDebugCameraProperty: BooleanProperty [value: false]
13:20:22.663 [FXGL Background Thread 3 ] DEBUG Engine               - devSensorColorProperty: ObjectProperty [value: 0xffff00ff]
13:20:22.663 [FXGL Background Thread 3 ] DEBUG Engine               - devShowBBoxProperty: BooleanProperty [value: false]
13:20:22.663 [FXGL Background Thread 3 ] DEBUG Engine               - devShowPositionProperty: BooleanProperty [value: false]
13:20:22.664 [FXGL Background Thread 3 ] DEBUG Engine               - enabledMenuItems: []
13:20:22.664 [FXGL Background Thread 3 ] DEBUG Engine               - engineServices: [class com.almasb.fxgl.app.services.FXGLAssetLoaderService, class com.almasb.fxgl.app.FXGLApplication$GameApplicationService, class com.almasb.fxgl.app.services.FXGLDialogService, class com.almasb.fxgl.app.services.IOTaskExecutorService, class com.almasb.fxgl.io.FileSystemService, class com.almasb.fxgl.localization.LocalizationService, class com.almasb.fxgl.app.services.SystemBundleService, class com.almasb.fxgl.profile.SaveLoadService, class com.almasb.fxgl.ui.FXGLUIFactoryServiceProvider, class com.almasb.fxgl.ui.FXGLDialogFactoryServiceProvider, class com.almasb.fxgl.audio.AudioPlayer, class com.almasb.fxgl.notification.impl.NotificationServiceProvider, class com.almasb.fxgl.achievement.AchievementService, class com.almasb.fxgl.cutscene.CutsceneService, class com.almasb.fxgl.minigames.MiniGameService, class com.almasb.fxgl.net.NetService, class com.almasb.fxgl.app.services.UpdaterService, class com.almasb.fxgl.dev.DevService]
13:20:22.664 [FXGL Background Thread 3 ] DEBUG Engine               - fontGame: Abel-Regular.ttf
13:20:22.665 [FXGL Background Thread 3 ] DEBUG Engine               - fontMono: TerminalLandMono-Regular.otf
13:20:22.666 [FXGL Background Thread 3 ] DEBUG Engine               - fontText: Courier-Prime.ttf
13:20:22.666 [FXGL Background Thread 3 ] DEBUG Engine               - fontUI: VarelaRound-Regular.ttf
13:20:22.666 [FXGL Background Thread 3 ] DEBUG Engine               - fullScreen: BooleanProperty [value: false]
13:20:22.667 [FXGL Background Thread 3 ] DEBUG Engine               - gameDifficulty: MEDIUM
13:20:22.667 [FXGL Background Thread 3 ] DEBUG Engine               - gameDifficultyProperty: ObjectProperty [value: MEDIUM]
13:20:22.668 [FXGL Background Thread 3 ] DEBUG Engine               - globalMusicVolume: 0.5
13:20:22.668 [FXGL Background Thread 3 ] DEBUG Engine               - globalMusicVolumeProperty: DoubleProperty [value: 0.5]
13:20:22.668 [FXGL Background Thread 3 ] DEBUG Engine               - globalSoundVolume: 0.5
13:20:22.669 [FXGL Background Thread 3 ] DEBUG Engine               - globalSoundVolumeProperty: DoubleProperty [value: 0.5]
13:20:22.669 [FXGL Background Thread 3 ] DEBUG Engine               - height: 1080
13:20:22.669 [FXGL Background Thread 3 ] DEBUG Engine               - is3D: false
13:20:22.670 [FXGL Background Thread 3 ] DEBUG Engine               - isAndroid: false
13:20:22.670 [FXGL Background Thread 3 ] DEBUG Engine               - isBrowser: false
13:20:22.670 [FXGL Background Thread 3 ] DEBUG Engine               - isClickFeedbackEnabled: false
13:20:22.670 [FXGL Background Thread 3 ] DEBUG Engine               - isCloseConfirmation: false
13:20:22.671 [FXGL Background Thread 3 ] DEBUG Engine               - isDesktop: true
13:20:22.671 [FXGL Background Thread 3 ] DEBUG Engine               - isDeveloperMenuEnabled: false
13:20:22.671 [FXGL Background Thread 3 ] DEBUG Engine               - isEmbedded: false
13:20:22.671 [FXGL Background Thread 3 ] DEBUG Engine               - isEntityPreloadEnabled: true
13:20:22.671 [FXGL Background Thread 3 ] DEBUG Engine               - isExperimentalTiledLargeMap: false
13:20:22.671 [FXGL Background Thread 3 ] DEBUG Engine               - isFileSystemWriteAllowed: true
13:20:22.672 [FXGL Background Thread 3 ] DEBUG Engine               - isFullScreenAllowed: false
13:20:22.672 [FXGL Background Thread 3 ] DEBUG Engine               - isFullScreenFromStart: false
13:20:22.672 [FXGL Background Thread 3 ] DEBUG Engine               - isGameMenuEnabled: true
13:20:22.672 [FXGL Background Thread 3 ] DEBUG Engine               - isIOS: false
13:20:22.673 [FXGL Background Thread 3 ] DEBUG Engine               - isIntroEnabled: false
13:20:22.673 [FXGL Background Thread 3 ] DEBUG Engine               - isLinux: false
13:20:22.673 [FXGL Background Thread 3 ] DEBUG Engine               - isMac: false
13:20:22.673 [FXGL Background Thread 3 ] DEBUG Engine               - isMainMenuEnabled: true
13:20:22.673 [FXGL Background Thread 3 ] DEBUG Engine               - isManualResizeEnabled: false
13:20:22.673 [FXGL Background Thread 3 ] DEBUG Engine               - isMobile: false
13:20:22.674 [FXGL Background Thread 3 ] DEBUG Engine               - isNative: false
13:20:22.674 [FXGL Background Thread 3 ] DEBUG Engine               - isPauseMusicWhenMinimized: true
13:20:22.674 [FXGL Background Thread 3 ] DEBUG Engine               - isPreserveResizeRatio: false
13:20:22.674 [FXGL Background Thread 3 ] DEBUG Engine               - isProfilingEnabled: false
13:20:22.675 [FXGL Background Thread 3 ] DEBUG Engine               - isScaleAffectedOnResize: true
13:20:22.675 [FXGL Background Thread 3 ] DEBUG Engine               - isSingleStep: false
13:20:22.675 [FXGL Background Thread 3 ] DEBUG Engine               - isUserProfileEnabled: false
13:20:22.675 [FXGL Background Thread 3 ] DEBUG Engine               - isWindows: true
13:20:22.676 [FXGL Background Thread 3 ] DEBUG Engine               - language: ObjectProperty [value: ENGLISH]
13:20:22.676 [FXGL Background Thread 3 ] DEBUG Engine               - menuKey: ESCAPE
13:20:22.676 [FXGL Background Thread 3 ] DEBUG Engine               - mouseSensitivity: 0.2
13:20:22.677 [FXGL Background Thread 3 ] DEBUG Engine               - notificationViewClass: class com.almasb.fxgl.notification.view.XboxNotificationView
13:20:22.677 [FXGL Background Thread 3 ] DEBUG Engine               - pixelsPerMeter: 50.0
13:20:22.677 [FXGL Background Thread 3 ] DEBUG Engine               - platform: WINDOWS
13:20:22.678 [FXGL Background Thread 3 ] DEBUG Engine               - prefHeightProperty: ReadOnlyDoubleProperty [value: 1080.0]
13:20:22.678 [FXGL Background Thread 3 ] DEBUG Engine               - prefWidthProperty: ReadOnlyDoubleProperty [value: 1920.0]
13:20:22.679 [FXGL Background Thread 3 ] DEBUG Engine               - profileDir: profiles/
13:20:22.679 [FXGL Background Thread 3 ] DEBUG Engine               - profileName: StringProperty [value: DEFAULT]
13:20:22.680 [FXGL Background Thread 3 ] DEBUG Engine               - randomSeed: -1
13:20:22.681 [FXGL Background Thread 3 ] DEBUG Engine               - runtimeInfo: RuntimeInfo(platform=WINDOWS, version=17.2, build=20.08.2022 16.50)
13:20:22.681 [FXGL Background Thread 3 ] DEBUG Engine               - saveFileExt: sav
13:20:22.682 [FXGL Background Thread 3 ] DEBUG Engine               - scaledHeightProp$fxgl: DoubleProperty [bound, value: 823.0]
13:20:22.682 [FXGL Background Thread 3 ] DEBUG Engine               - scaledWidthProp$fxgl: DoubleProperty [bound, value: 1439.0]
13:20:22.682 [FXGL Background Thread 3 ] DEBUG Engine               - sceneFactory: myGame.DawnseekerApp$1@6ac407c7
13:20:22.682 [FXGL Background Thread 3 ] DEBUG Engine               - secondsIn24h: 60
13:20:22.683 [FXGL Background Thread 3 ] DEBUG Engine               - soundMenuBack: menu/back.wav
13:20:22.683 [FXGL Background Thread 3 ] DEBUG Engine               - soundMenuPress: menu/press.wav
13:20:22.684 [FXGL Background Thread 3 ] DEBUG Engine               - soundMenuSelect: menu/select.wav
13:20:22.684 [FXGL Background Thread 3 ] DEBUG Engine               - soundNotification: core/notification.wav
13:20:22.684 [FXGL Background Thread 3 ] DEBUG Engine               - stageStyle: DECORATED
13:20:22.685 [FXGL Background Thread 3 ] DEBUG Engine               - supportedLanguages: [ENGLISH, FRENCH, GERMAN, HUNGARIAN, RUSSIAN]
13:20:22.685 [FXGL Background Thread 3 ] DEBUG Engine               - ticksPerSecond: -1
13:20:22.685 [FXGL Background Thread 3 ] DEBUG Engine               - title: Dawnseeker
13:20:22.685 [FXGL Background Thread 3 ] DEBUG Engine               - urlGithub: https://github.com/AlmasB/FXGL
13:20:22.686 [FXGL Background Thread 3 ] DEBUG Engine               - urlLeaderboard: http://fxgl-top.herokuapp.com/
13:20:22.686 [FXGL Background Thread 3 ] DEBUG Engine               - urlPOM: https://raw.githubusercontent.com/AlmasB/FXGL/release/README.md
13:20:22.686 [FXGL Background Thread 3 ] DEBUG Engine               - userAppClass: class myGame.DawnseekerApp
13:20:22.686 [FXGL Background Thread 3 ] DEBUG Engine               - version: 0.4
13:20:22.686 [FXGL Background Thread 3 ] DEBUG Engine               - versionCheckDays: 7
13:20:22.687 [FXGL Background Thread 3 ] DEBUG Engine               - width: 1920
13:20:22.687 [FXGL Background Thread 3 ] DEBUG Engine               - Logging services
13:20:22.687 [FXGL Background Thread 3 ] DEBUG Engine               - class com.almasb.fxgl.app.services.FXGLAssetLoaderService
13:20:22.687 [FXGL Background Thread 3 ] DEBUG Engine               - class com.almasb.fxgl.app.FXGLApplication$GameApplicationService
13:20:22.687 [FXGL Background Thread 3 ] DEBUG Engine               - class com.almasb.fxgl.app.services.FXGLDialogService
13:20:22.687 [FXGL Background Thread 3 ] DEBUG Engine               - class com.almasb.fxgl.app.services.IOTaskExecutorService
13:20:22.688 [FXGL Background Thread 3 ] DEBUG Engine               - class com.almasb.fxgl.io.FileSystemService
13:20:22.688 [FXGL Background Thread 3 ] DEBUG Engine               - class com.almasb.fxgl.localization.LocalizationService
13:20:22.688 [FXGL Background Thread 3 ] DEBUG Engine               - class com.almasb.fxgl.app.services.SystemBundleService
13:20:22.688 [FXGL Background Thread 3 ] DEBUG Engine               - class com.almasb.fxgl.profile.SaveLoadService
13:20:22.688 [FXGL Background Thread 3 ] DEBUG Engine               - class com.almasb.fxgl.ui.FXGLUIFactoryServiceProvider
13:20:22.688 [FXGL Background Thread 3 ] DEBUG Engine               - class com.almasb.fxgl.ui.FXGLDialogFactoryServiceProvider
13:20:22.689 [FXGL Background Thread 3 ] DEBUG Engine               - class com.almasb.fxgl.audio.AudioPlayer
13:20:22.689 [FXGL Background Thread 3 ] DEBUG Engine               - class com.almasb.fxgl.notification.impl.NotificationServiceProvider
13:20:22.689 [FXGL Background Thread 3 ] DEBUG Engine               - class com.almasb.fxgl.achievement.AchievementService
13:20:22.689 [FXGL Background Thread 3 ] DEBUG Engine               - class com.almasb.fxgl.cutscene.CutsceneService
13:20:22.689 [FXGL Background Thread 3 ] DEBUG Engine               - class com.almasb.fxgl.minigames.MiniGameService
13:20:22.689 [FXGL Background Thread 3 ] DEBUG Engine               - class com.almasb.fxgl.net.NetService
13:20:22.689 [FXGL Background Thread 3 ] DEBUG Engine               - class com.almasb.fxgl.app.services.UpdaterService
13:20:22.690 [FXGL Background Thread 3 ] DEBUG Engine               - class com.almasb.fxgl.dev.DevService
13:20:25.206 [JavaFX Application Thread] DEBUG FXGLApplication      - Exiting FXGL
13:20:25.206 [JavaFX Application Thread] DEBUG LoopRunner           - Stopping loop
13:20:25.206 [JavaFX Application Thread] DEBUG SystemBundleService  - Saving FXGL system data
13:20:25.208 [JavaFX Application Thread] DEBUG FileSystemAccess     - Writing to: C:\Users\narro\git\CS4900G2Proj2\Dawnseeker\system\fxgl.bundle
13:20:25.211 [JavaFX Application Thread] DEBUG Async                - Shutting down background threads
13:20:25.211 [JavaFX Application Thread] DEBUG PrimaryStageWindow   - Closing main window
13:20:25.222 [JavaFX Application Thread] DEBUG Logger               - Closing Logger
