15:40:15.137 [main                     ] DEBUG Logger               - Configured Logger
15:40:15.167 [main                     ] DEBUG GameApplication      - Logging settings
Title: Dawnseeker
Version: 0.5
Width: 1920
Height: 1080
Fullscreen: false
Intro: false
Profiling: false
Single step:false
App Mode: DEVELOPER
Menu Key: ESCAPE
Stage Style: DECORATED
Scene Factory: class myGame.DawnseekerApp$1

15:40:15.635 [JavaFX Application Thread] DEBUG FXGLApplication      - Initializing FXGL
15:40:15.642 [JavaFX Application Thread] INFO  Engine               - FXGL-17.2 (20.08.2022 16.50) on WINDOWS (J:19.0.2 FX:18)
15:40:15.642 [JavaFX Application Thread] DEBUG Engine               - JRE Vendor Name: Oracle Corporation
15:40:15.643 [JavaFX Application Thread] DEBUG Engine               - Running on OS: Windows 10 version 10.0
15:40:15.643 [JavaFX Application Thread] DEBUG Engine               - Architecture: amd64
15:40:15.643 [JavaFX Application Thread] INFO  Engine               - Source code and latest versions at: https://github.com/AlmasB/FXGL
15:40:15.643 [JavaFX Application Thread] INFO  Engine               -       Ask questions and discuss at: https://github.com/AlmasB/FXGL/discussions
15:40:15.643 [JavaFX Application Thread] INFO  Engine               -              Join the FXGL chat at: https://gitter.im/AlmasB/FXGL
15:40:15.783 [JavaFX Application Thread] DEBUG PrimaryStageWindow   - Creating a JavaFX scene
15:40:15.783 [JavaFX Application Thread] DEBUG PrimaryStageWindow   - Target size > screen size
15:40:15.832 [JavaFX Application Thread] DEBUG PrimaryStageWindow   - Target settings size: 1920.0 x 1080.0
15:40:15.832 [JavaFX Application Thread] DEBUG PrimaryStageWindow   - Scaled scene size:    1439.0 x 823.0
15:40:15.833 [JavaFX Application Thread] DEBUG PrimaryStageWindow   - Scaled ratio: (0.7494791666666667, 0.7620370370370371)
15:40:15.834 [JavaFX Application Thread] DEBUG PrimaryStageWindow   - Set initial scene to FXGLStartupScene
15:40:15.842 [JavaFX Application Thread] DEBUG PrimaryStageWindow   - Opening main window
15:40:15.955 [JavaFX Application Thread] DEBUG PrimaryStageWindow   - Window border size: (14.5999755859375, 37.79998779296875)
15:40:15.957 [JavaFX Application Thread] DEBUG PrimaryStageWindow   - Scaled size: 1439.0 x 823.0
15:40:15.958 [JavaFX Application Thread] DEBUG PrimaryStageWindow   - Scaled ratio: (0.7494791666666667, 0.7620370370370371)
15:40:15.958 [JavaFX Application Thread] DEBUG PrimaryStageWindow   - Scene size: 1439.0 x 823.0
15:40:15.958 [JavaFX Application Thread] DEBUG PrimaryStageWindow   - Stage size: 1453.5999755859375 x 860.7999877929688
15:40:15.973 [FXGL Background Thread 1 ] DEBUG Engine               - Initializing environment variables
15:40:16.075 [FXGL Background Thread 1 ] DEBUG FXGLAssetLoaderServi - User app class for loading assets: class myGame.DawnseekerApp
15:40:16.076 [FXGL Background Thread 1 ] DEBUG GameApplicationServi - Applying CSS: fxgl_dark.css
15:40:16.077 [FXGL Background Thread 1 ] DEBUG FXGLAssetLoaderServi - Loading from file system: jar:file:/C:/Users/narro/.m2/repository/com/github/almasb/fxgl/17.2/fxgl-17.2.jar!/fxglassets/ui/css/fxgl_dark.css
15:40:16.154 [FXGL Background Thread 1 ] DEBUG GameApplicationServi - Initializing application scenes
15:40:16.232 [FXGL Background Thread 1 ] DEBUG GameWorld            - Game world initialized
15:40:16.318 [FXGL Background Thread 1 ] DEBUG PhysicsWorld         - Physics world initialized: appHeight=1080, physics.ppm=50.0
15:40:16.318 [FXGL Background Thread 1 ] DEBUG PhysicsWorld         - Using strategy: BRUTE_FORCE
15:40:16.323 [FXGL Background Thread 1 ] DEBUG GameScene            - Game scene initialized: 1920x1080
15:40:16.323 [FXGL Background Thread 1 ] DEBUG FXGLAssetLoaderServi - Loading from file system: file:/C:/Users/narro/git/CS4900G2Proj2/Dawnseeker/target/classes/assets/music/shop.mp3
15:40:16.473 [FXGL Background Thread 1 ] DEBUG AudioPlayer          - Playing music com.almasb.fxgl.audio.Music@7a797f86
15:40:16.494 [FXGL Background Thread 1 ] DEBUG FXGLAssetLoaderServi - Loading from file system: file:/C:/Users/narro/git/CS4900G2Proj2/Dawnseeker/target/classes/assets/textures/bg2.png
15:40:16.591 [FXGL Background Thread 1 ] DEBUG FXGL.DefaultMenu     - createMenuBodyGameMenu()
15:40:16.617 [FXGL Background Thread 1 ] DEBUG FXGL.DefaultMenu     - createOptionsMenu()
15:40:16.630 [FXGL Background Thread 1 ] DEBUG FXGLAssetLoaderServi - Loading from file system: jar:file:/C:/Users/narro/.m2/repository/com/github/almasb/fxgl/17.2/fxgl-17.2.jar!/fxglassets/textures/particles/smoke.png
15:40:16.752 [FXGL Background Thread 1 ] DEBUG FXGLAssetLoaderServi - Loading from file system: jar:file:/C:/Users/narro/.m2/repository/com/github/almasb/fxgl/17.2/fxgl-17.2.jar!/fxglassets/textures/particles/trace_horizontal.png
15:40:16.805 [FXGL Background Thread 1 ] DEBUG GameApplicationServi - Application scenes initialized
15:40:16.818 [FXGL Background Thread 1 ] DEBUG SystemBundleService  - Loading FXGL system data
15:40:16.824 [FXGL Background Thread 1 ] DEBUG FileSystemAccess     - Reading from: C:\Users\narro\git\CS4900G2Proj2\Dawnseeker\system\fxgl.bundle
15:40:16.834 [FXGL Background Thread 1 ] DEBUG SystemBundleService  - Bundle FXGL: {}
15:40:16.835 [FXGL Background Thread 1 ] DEBUG UpdaterService       - Checking for updates
15:40:16.840 [FXGL Background Thread 4 ] DEBUG FXGLApplication      - Loading fonts
15:40:16.840 [FXGL Background Thread 4 ] DEBUG FXGLAssetLoaderServi - Loading from file system: jar:file:/C:/Users/narro/.m2/repository/com/github/almasb/fxgl/17.2/fxgl-17.2.jar!/fxglassets/ui/fonts/VarelaRound-Regular.ttf
15:40:16.841 [FXGL Background Thread 1 ] DEBUG FXGLApplication      - Loading default localization
15:40:16.841 [FXGL Background Thread 1 ] DEBUG FXGLAssetLoaderServi - Loading from file system: jar:file:/C:/Users/narro/.m2/repository/com/github/almasb/fxgl/17.2/fxgl-17.2.jar!/fxglassets/languages/english.lang
15:40:16.875 [FXGL Background Thread 1 ] INFO  FXGLApplication      - FXGL initialization took: 0.901 sec
15:40:16.883 [JavaFX Application Thread] DEBUG Input                - Registered new binding: action0 - LMB
15:40:16.892 [JavaFX Application Thread] DEBUG Input                - Registered new binding: Up - W
15:40:16.892 [JavaFX Application Thread] DEBUG Input                - Registered new binding: Down - S
15:40:16.892 [JavaFX Application Thread] DEBUG Input                - Registered new binding: Right - D
15:40:16.892 [JavaFX Application Thread] DEBUG Input                - Registered new binding: Left - A
15:40:16.893 [JavaFX Application Thread] DEBUG FXGLAssetLoaderServi - Loading from file system: jar:file:/C:/Users/narro/.m2/repository/com/github/almasb/fxgl/17.2/fxgl-17.2.jar!/fxglassets/textures/fxgl_icon.png
15:40:16.915 [JavaFX Application Thread] DEBUG FXGLAssetLoaderServi - Loading from file system: jar:file:/C:/Users/narro/.m2/repository/com/github/almasb/fxgl/17.2/fxgl-17.2.jar!/fxglassets/textures/fxgl_default_cursor.png
15:40:16.918 [JavaFX Application Thread] DEBUG Input                - Registered new binding: Screenshot - CTRL+8
15:40:16.919 [JavaFX Application Thread] DEBUG Input                - Registered new binding: System info dump - CTRL+9
15:40:16.923 [JavaFX Application Thread] DEBUG Input                - Registered new binding: Restart - CTRL+R
15:40:16.923 [JavaFX Application Thread] DEBUG Input                - Registered new binding: Toggle Debug Camera - CTRL+7
15:40:16.926 [JavaFX Application Thread] DEBUG LoopRunner           - Starting loop
15:40:16.926 [JavaFX Application Thread] DEBUG LoopRunner           - Initializing JavaFX AnimationTimerLoop
15:40:16.930 [JavaFX Application Thread] DEBUG Input                - Clearing active input actions
15:40:16.948 [JavaFX Application Thread] DEBUG GameApplicationServi - Removing overlay from FXGLStartupScene and adding to FXGLMainMenuDummyScene
15:40:16.949 [JavaFX Application Thread] DEBUG PrimaryStageWindow   - FXGLStartupScene -> FXGLMainMenuDummyScene
15:40:16.949 [JavaFX Application Thread] DEBUG PrimaryStageWindow   - Push state: DawnseekerMenu
15:40:16.949 [JavaFX Application Thread] DEBUG Input                - Clearing active input actions
15:40:16.956 [JavaFX Application Thread] DEBUG GameApplicationServi - Removing overlay from FXGLMainMenuDummyScene and adding to DawnseekerMenu
15:40:16.956 [JavaFX Application Thread] DEBUG PrimaryStageWindow   - FXGLMainMenuDummyScene -> DawnseekerMenu
15:40:16.980 [FXGL Background Thread 4 ] DEBUG FXGLAssetLoaderServi - Loading from file system: jar:file:/C:/Users/narro/.m2/repository/com/github/almasb/fxgl/17.2/fxgl-17.2.jar!/fxglassets/ui/fonts/Abel-Regular.ttf
15:40:16.994 [FXGL Background Thread 4 ] DEBUG FXGLAssetLoaderServi - Loading from file system: jar:file:/C:/Users/narro/.m2/repository/com/github/almasb/fxgl/17.2/fxgl-17.2.jar!/fxglassets/ui/fonts/TerminalLandMono-Regular.otf
15:40:17.013 [FXGL Background Thread 4 ] DEBUG FXGLAssetLoaderServi - Loading from file system: jar:file:/C:/Users/narro/.m2/repository/com/github/almasb/fxgl/17.2/fxgl-17.2.jar!/fxglassets/ui/fonts/Courier-Prime.ttf
15:40:17.030 [JavaFX Application Thread] DEBUG FXGLApplication      - Registering font factories with UI factory
15:40:17.788 [JavaFX Application Thread] DEBUG Menu                 - fireNewGame()
15:40:17.788 [JavaFX Application Thread] DEBUG GameApplicationServi - Starting new game
15:40:17.788 [JavaFX Application Thread] DEBUG PrimaryStageWindow   - Pop state: DawnseekerMenu
15:40:17.789 [JavaFX Application Thread] DEBUG Input                - Clearing active input actions
15:40:17.790 [JavaFX Application Thread] DEBUG GameApplicationServi - Removing overlay from DawnseekerMenu and adding to FXGLMainMenuDummyScene
15:40:17.792 [JavaFX Application Thread] DEBUG PrimaryStageWindow   - FXGLMainMenuDummyScene <- DawnseekerMenu
15:40:17.792 [JavaFX Application Thread] DEBUG Input                - Clearing active input actions
15:40:17.817 [JavaFX Application Thread] DEBUG GameApplicationServi - Removing overlay from FXGLMainMenuDummyScene and adding to FXGLLoadingScene
15:40:17.818 [JavaFX Application Thread] DEBUG PrimaryStageWindow   - FXGLMainMenuDummyScene -> FXGLLoadingScene
15:40:17.819 [JavaFX Application Thread] DEBUG GameApplicationServi - Clearing previous game
15:40:17.819 [JavaFX Application Thread] DEBUG GameScene            - Clearing game scene
15:40:17.819 [JavaFX Application Thread] DEBUG GameWorld            - Clearing game world
15:40:17.820 [JavaFX Application Thread] DEBUG PhysicsWorld         - Clearing physics world
15:40:17.826 [FXGL Background Thread 4 ] DEBUG FXGLApplication      - Initializing game
15:40:17.825 [JavaFX Application Thread] DEBUG AudioPlayer          - Stopping music com.almasb.fxgl.audio.Music@7a797f86
15:40:17.847 [FXGL Background Thread 4 ] DEBUG FXGLAssetLoaderServi - Loading from file system: file:/C:/Users/narro/git/CS4900G2Proj2/Dawnseeker/target/classes/assets/music/heartache.mp3
15:40:17.858 [FXGL Background Thread 4 ] DEBUG AudioPlayer          - Playing music com.almasb.fxgl.audio.Music@1ee1eec9
15:40:17.903 [FXGL Background Thread 4 ] DEBUG FXGLAssetLoaderServi - Loading from file system: file:/C:/Users/narro/git/CS4900G2Proj2/Dawnseeker/target/classes/assets/textures/DawnseekerPCV2.png
15:40:17.907 [FXGL Background Thread 4 ] DEBUG FXGLAssetLoaderServi - Loading from file system: file:/C:/Users/narro/git/CS4900G2Proj2/Dawnseeker/target/classes/assets/textures/DawnseekerPCV2Down.png
15:40:17.910 [FXGL Background Thread 4 ] DEBUG FXGLAssetLoaderServi - Loading from file system: file:/C:/Users/narro/git/CS4900G2Proj2/Dawnseeker/target/classes/assets/textures/DawnseekerPCV2Up.png
15:40:17.914 [FXGL Background Thread 4 ] DEBUG FXGLAssetLoaderServi - Loading from file system: file:/C:/Users/narro/git/CS4900G2Proj2/Dawnseeker/target/classes/assets/textures/DawnseekerPCV2Right.png
15:40:17.916 [FXGL Background Thread 4 ] DEBUG FXGLAssetLoaderServi - Loading from file system: file:/C:/Users/narro/git/CS4900G2Proj2/Dawnseeker/target/classes/assets/textures/DawnseekerPCV2Left.png
15:40:17.937 [FXGL Background Thread 4 ] DEBUG FXGLAssetLoaderServi - Loading from file system: file:/C:/Users/narro/git/CS4900G2Proj2/Dawnseeker/target/classes/assets/textures/background.png
15:40:17.985 [FXGL Background Thread 4 ] WARN  GameWorld            - Entity is already attached to world
15:40:17.986 [FXGL Background Thread 4 ] DEBUG FXGLAssetLoaderServi - Loading from file system: file:/C:/Users/narro/git/CS4900G2Proj2/Dawnseeker/target/classes/assets/textures/Rock1.png
15:40:17.988 [FXGL Background Thread 4 ] WARN  Entity               - Entity already has component: com.almasb.fxgl.entity.components.CollidableComponent
15:40:17.989 [FXGL Background Thread 4 ] WARN  GameWorld            - Entity is already attached to world
15:40:17.990 [FXGL Background Thread 4 ] DEBUG FXGLAssetLoaderServi - Loading from file system: file:/C:/Users/narro/git/CS4900G2Proj2/Dawnseeker/target/classes/assets/textures/Rock2.png
15:40:17.994 [FXGL Background Thread 4 ] WARN  Entity               - Entity already has component: com.almasb.fxgl.entity.components.CollidableComponent
15:40:17.995 [FXGL Background Thread 4 ] WARN  GameWorld            - Entity is already attached to world
15:40:17.997 [FXGL Background Thread 4 ] DEBUG FXGLAssetLoaderServi - Loading from file system: file:/C:/Users/narro/git/CS4900G2Proj2/Dawnseeker/target/classes/assets/textures/BigRock1.png
15:40:18.001 [FXGL Background Thread 4 ] WARN  Entity               - Entity already has component: com.almasb.fxgl.entity.components.CollidableComponent
15:40:18.002 [FXGL Background Thread 4 ] WARN  GameWorld            - Entity is already attached to world
15:40:18.004 [FXGL Background Thread 4 ] DEBUG FXGLAssetLoaderServi - Loading from file system: file:/C:/Users/narro/git/CS4900G2Proj2/Dawnseeker/target/classes/assets/textures/Poison.gif
15:40:18.020 [FXGL Background Thread 4 ] WARN  GameWorld            - Entity is already attached to world
15:40:18.026 [FXGL Background Thread 4 ] DEBUG FXGLAssetLoaderServi - Loading from file system: file:/C:/Users/narro/git/CS4900G2Proj2/Dawnseeker/target/classes/assets/textures/AnimShop.png
15:40:18.028 [FXGL Background Thread 4 ] WARN  GameWorld            - Entity is already attached to world
15:40:18.067 [FXGL Background Thread 4 ] INFO  FXGLApplication      - Game initialization took: 0.241 sec
15:40:18.070 [JavaFX Application Thread] DEBUG Input                - Clearing active input actions
15:40:18.093 [JavaFX Application Thread] DEBUG GameApplicationServi - Removing overlay from FXGLLoadingScene and adding to GameScene
15:40:18.094 [JavaFX Application Thread] DEBUG PrimaryStageWindow   - FXGLLoadingScene -> GameScene
15:40:18.208 [FXGL Background Thread 2 ] INFO  UpdaterService       - Your current version:  17.2
15:40:18.208 [FXGL Background Thread 2 ] INFO  UpdaterService       - Latest stable version: 17.3
15:40:19.155 [JavaFX Application Thread] DEBUG FXGLAssetLoaderServi - Loading from file system: file:/C:/Users/narro/git/CS4900G2Proj2/Dawnseeker/target/classes/assets/textures/Skull.gif
15:40:19.171 [JavaFX Application Thread] DEBUG FXGLAssetLoaderServi - Loading from file system: file:/C:/Users/narro/git/CS4900G2Proj2/Dawnseeker/target/classes/assets/textures/Ghost.gif
15:40:19.839 [FXGL Background Thread 3 ] DEBUG Engine               - Logging environment variables
15:40:19.842 [FXGL Background Thread 3 ] DEBUG Engine               - achievements: []
15:40:19.842 [FXGL Background Thread 3 ] DEBUG Engine               - actualHeight: 823.0
15:40:19.843 [FXGL Background Thread 3 ] DEBUG Engine               - actualHeightProperty: ReadOnlyDoubleProperty [value: 823.0]
15:40:19.843 [FXGL Background Thread 3 ] DEBUG Engine               - actualWidth: 1439.0
15:40:19.843 [FXGL Background Thread 3 ] DEBUG Engine               - actualWidthProperty: ReadOnlyDoubleProperty [value: 1439.0]
15:40:19.844 [FXGL Background Thread 3 ] DEBUG Engine               - appIcon: fxgl_icon.png
15:40:19.844 [FXGL Background Thread 3 ] DEBUG Engine               - applicationMode: DEVELOPER
15:40:19.844 [FXGL Background Thread 3 ] DEBUG Engine               - cSSList: [fxgl_dark.css]
15:40:19.845 [FXGL Background Thread 3 ] DEBUG Engine               - collisionDetectionStrategy: BRUTE_FORCE
15:40:19.845 [FXGL Background Thread 3 ] DEBUG Engine               - configClass: Optional.empty
15:40:19.845 [FXGL Background Thread 3 ] DEBUG Engine               - credits: []
15:40:19.847 [FXGL Background Thread 3 ] DEBUG Engine               - defaultCursor: CursorInfo(imageName=fxgl_default_cursor.png, hotspotX=7.0, hotspotY=6.0)
15:40:19.848 [FXGL Background Thread 3 ] DEBUG Engine               - devBBoxColorProperty: ObjectProperty [value: 0xff0000ff]
15:40:19.848 [FXGL Background Thread 3 ] DEBUG Engine               - devEnableDebugCameraProperty: BooleanProperty [value: false]
15:40:19.849 [FXGL Background Thread 3 ] DEBUG Engine               - devSensorColorProperty: ObjectProperty [value: 0xffff00ff]
15:40:19.849 [FXGL Background Thread 3 ] DEBUG Engine               - devShowBBoxProperty: BooleanProperty [value: false]
15:40:19.849 [FXGL Background Thread 3 ] DEBUG Engine               - devShowPositionProperty: BooleanProperty [value: false]
15:40:19.849 [FXGL Background Thread 3 ] DEBUG Engine               - enabledMenuItems: []
15:40:19.850 [FXGL Background Thread 3 ] DEBUG Engine               - engineServices: [class com.almasb.fxgl.app.services.FXGLAssetLoaderService, class com.almasb.fxgl.app.FXGLApplication$GameApplicationService, class com.almasb.fxgl.app.services.FXGLDialogService, class com.almasb.fxgl.app.services.IOTaskExecutorService, class com.almasb.fxgl.io.FileSystemService, class com.almasb.fxgl.localization.LocalizationService, class com.almasb.fxgl.app.services.SystemBundleService, class com.almasb.fxgl.profile.SaveLoadService, class com.almasb.fxgl.ui.FXGLUIFactoryServiceProvider, class com.almasb.fxgl.ui.FXGLDialogFactoryServiceProvider, class com.almasb.fxgl.audio.AudioPlayer, class com.almasb.fxgl.notification.impl.NotificationServiceProvider, class com.almasb.fxgl.achievement.AchievementService, class com.almasb.fxgl.cutscene.CutsceneService, class com.almasb.fxgl.minigames.MiniGameService, class com.almasb.fxgl.net.NetService, class com.almasb.fxgl.app.services.UpdaterService, class com.almasb.fxgl.dev.DevService]
15:40:19.850 [FXGL Background Thread 3 ] DEBUG Engine               - fontGame: Abel-Regular.ttf
15:40:19.850 [FXGL Background Thread 3 ] DEBUG Engine               - fontMono: TerminalLandMono-Regular.otf
15:40:19.850 [FXGL Background Thread 3 ] DEBUG Engine               - fontText: Courier-Prime.ttf
15:40:19.851 [FXGL Background Thread 3 ] DEBUG Engine               - fontUI: VarelaRound-Regular.ttf
15:40:19.851 [FXGL Background Thread 3 ] DEBUG Engine               - fullScreen: BooleanProperty [value: false]
15:40:19.851 [FXGL Background Thread 3 ] DEBUG Engine               - gameDifficulty: MEDIUM
15:40:19.852 [FXGL Background Thread 3 ] DEBUG Engine               - gameDifficultyProperty: ObjectProperty [value: MEDIUM]
15:40:19.852 [FXGL Background Thread 3 ] DEBUG Engine               - globalMusicVolume: 0.5
15:40:19.853 [FXGL Background Thread 3 ] DEBUG Engine               - globalMusicVolumeProperty: DoubleProperty [value: 0.5]
15:40:19.853 [FXGL Background Thread 3 ] DEBUG Engine               - globalSoundVolume: 0.5
15:40:19.854 [FXGL Background Thread 3 ] DEBUG Engine               - globalSoundVolumeProperty: DoubleProperty [value: 0.5]
15:40:19.854 [FXGL Background Thread 3 ] DEBUG Engine               - height: 1080
15:40:19.854 [FXGL Background Thread 3 ] DEBUG Engine               - is3D: false
15:40:19.855 [FXGL Background Thread 3 ] DEBUG Engine               - isAndroid: false
15:40:19.855 [FXGL Background Thread 3 ] DEBUG Engine               - isBrowser: false
15:40:19.856 [FXGL Background Thread 3 ] DEBUG Engine               - isClickFeedbackEnabled: false
15:40:19.857 [FXGL Background Thread 3 ] DEBUG Engine               - isCloseConfirmation: false
15:40:19.858 [FXGL Background Thread 3 ] DEBUG Engine               - isDesktop: true
15:40:19.859 [FXGL Background Thread 3 ] DEBUG Engine               - isDeveloperMenuEnabled: false
15:40:19.859 [FXGL Background Thread 3 ] DEBUG Engine               - isEmbedded: false
15:40:19.859 [FXGL Background Thread 3 ] DEBUG Engine               - isEntityPreloadEnabled: true
15:40:19.859 [FXGL Background Thread 3 ] DEBUG Engine               - isExperimentalTiledLargeMap: false
15:40:19.860 [FXGL Background Thread 3 ] DEBUG Engine               - isFileSystemWriteAllowed: true
15:40:19.860 [FXGL Background Thread 3 ] DEBUG Engine               - isFullScreenAllowed: false
15:40:19.860 [FXGL Background Thread 3 ] DEBUG Engine               - isFullScreenFromStart: false
15:40:19.860 [FXGL Background Thread 3 ] DEBUG Engine               - isGameMenuEnabled: true
15:40:19.861 [FXGL Background Thread 3 ] DEBUG Engine               - isIOS: false
15:40:19.861 [FXGL Background Thread 3 ] DEBUG Engine               - isIntroEnabled: false
15:40:19.861 [FXGL Background Thread 3 ] DEBUG Engine               - isLinux: false
15:40:19.861 [FXGL Background Thread 3 ] DEBUG Engine               - isMac: false
15:40:19.862 [FXGL Background Thread 3 ] DEBUG Engine               - isMainMenuEnabled: true
15:40:19.862 [FXGL Background Thread 3 ] DEBUG Engine               - isManualResizeEnabled: false
15:40:19.862 [FXGL Background Thread 3 ] DEBUG Engine               - isMobile: false
15:40:19.863 [FXGL Background Thread 3 ] DEBUG Engine               - isNative: false
15:40:19.863 [FXGL Background Thread 3 ] DEBUG Engine               - isPauseMusicWhenMinimized: true
15:40:19.863 [FXGL Background Thread 3 ] DEBUG Engine               - isPreserveResizeRatio: false
15:40:19.864 [FXGL Background Thread 3 ] DEBUG Engine               - isProfilingEnabled: false
15:40:19.864 [FXGL Background Thread 3 ] DEBUG Engine               - isScaleAffectedOnResize: true
15:40:19.864 [FXGL Background Thread 3 ] DEBUG Engine               - isSingleStep: false
15:40:19.864 [FXGL Background Thread 3 ] DEBUG Engine               - isUserProfileEnabled: false
15:40:19.864 [FXGL Background Thread 3 ] DEBUG Engine               - isWindows: true
15:40:19.865 [FXGL Background Thread 3 ] DEBUG Engine               - language: ObjectProperty [value: ENGLISH]
15:40:19.865 [FXGL Background Thread 3 ] DEBUG Engine               - menuKey: ESCAPE
15:40:19.866 [FXGL Background Thread 3 ] DEBUG Engine               - mouseSensitivity: 0.2
15:40:19.866 [FXGL Background Thread 3 ] DEBUG Engine               - notificationViewClass: class com.almasb.fxgl.notification.view.XboxNotificationView
15:40:19.866 [FXGL Background Thread 3 ] DEBUG Engine               - pixelsPerMeter: 50.0
15:40:19.867 [FXGL Background Thread 3 ] DEBUG Engine               - platform: WINDOWS
15:40:19.867 [FXGL Background Thread 3 ] DEBUG Engine               - prefHeightProperty: ReadOnlyDoubleProperty [value: 1080.0]
15:40:19.867 [FXGL Background Thread 3 ] DEBUG Engine               - prefWidthProperty: ReadOnlyDoubleProperty [value: 1920.0]
15:40:19.868 [FXGL Background Thread 3 ] DEBUG Engine               - profileDir: profiles/
15:40:19.868 [FXGL Background Thread 3 ] DEBUG Engine               - profileName: StringProperty [value: DEFAULT]
15:40:19.869 [FXGL Background Thread 3 ] DEBUG Engine               - randomSeed: -1
15:40:19.870 [FXGL Background Thread 3 ] DEBUG Engine               - runtimeInfo: RuntimeInfo(platform=WINDOWS, version=17.2, build=20.08.2022 16.50)
15:40:19.871 [FXGL Background Thread 3 ] DEBUG Engine               - saveFileExt: sav
15:40:19.872 [FXGL Background Thread 3 ] DEBUG Engine               - scaledHeightProp$fxgl: DoubleProperty [bound, value: 823.0]
15:40:19.873 [FXGL Background Thread 3 ] DEBUG Engine               - scaledWidthProp$fxgl: DoubleProperty [bound, value: 1439.0]
15:40:19.874 [FXGL Background Thread 3 ] DEBUG Engine               - sceneFactory: myGame.DawnseekerApp$1@5889986c
15:40:19.874 [FXGL Background Thread 3 ] DEBUG Engine               - secondsIn24h: 60
15:40:19.875 [FXGL Background Thread 3 ] DEBUG Engine               - soundMenuBack: menu/back.wav
15:40:19.875 [FXGL Background Thread 3 ] DEBUG Engine               - soundMenuPress: menu/press.wav
15:40:19.875 [FXGL Background Thread 3 ] DEBUG Engine               - soundMenuSelect: menu/select.wav
15:40:19.875 [FXGL Background Thread 3 ] DEBUG Engine               - soundNotification: core/notification.wav
15:40:19.875 [FXGL Background Thread 3 ] DEBUG Engine               - stageStyle: DECORATED
15:40:19.876 [FXGL Background Thread 3 ] DEBUG Engine               - supportedLanguages: [ENGLISH, FRENCH, GERMAN, HUNGARIAN, RUSSIAN]
15:40:19.876 [FXGL Background Thread 3 ] DEBUG Engine               - ticksPerSecond: -1
15:40:19.876 [FXGL Background Thread 3 ] DEBUG Engine               - title: Dawnseeker
15:40:19.876 [FXGL Background Thread 3 ] DEBUG Engine               - urlGithub: https://github.com/AlmasB/FXGL
15:40:19.876 [FXGL Background Thread 3 ] DEBUG Engine               - urlLeaderboard: http://fxgl-top.herokuapp.com/
15:40:19.877 [FXGL Background Thread 3 ] DEBUG Engine               - urlPOM: https://raw.githubusercontent.com/AlmasB/FXGL/release/README.md
15:40:19.877 [FXGL Background Thread 3 ] DEBUG Engine               - userAppClass: class myGame.DawnseekerApp
15:40:19.877 [FXGL Background Thread 3 ] DEBUG Engine               - version: 0.5
15:40:19.877 [FXGL Background Thread 3 ] DEBUG Engine               - versionCheckDays: 7
15:40:19.877 [FXGL Background Thread 3 ] DEBUG Engine               - width: 1920
15:40:19.877 [FXGL Background Thread 3 ] DEBUG Engine               - Logging services
15:40:19.878 [FXGL Background Thread 3 ] DEBUG Engine               - class com.almasb.fxgl.app.services.FXGLAssetLoaderService
15:40:19.878 [FXGL Background Thread 3 ] DEBUG Engine               - class com.almasb.fxgl.app.FXGLApplication$GameApplicationService
15:40:19.878 [FXGL Background Thread 3 ] DEBUG Engine               - class com.almasb.fxgl.app.services.FXGLDialogService
15:40:19.878 [FXGL Background Thread 3 ] DEBUG Engine               - class com.almasb.fxgl.app.services.IOTaskExecutorService
15:40:19.878 [FXGL Background Thread 3 ] DEBUG Engine               - class com.almasb.fxgl.io.FileSystemService
15:40:19.878 [FXGL Background Thread 3 ] DEBUG Engine               - class com.almasb.fxgl.localization.LocalizationService
15:40:19.878 [FXGL Background Thread 3 ] DEBUG Engine               - class com.almasb.fxgl.app.services.SystemBundleService
15:40:19.879 [FXGL Background Thread 3 ] DEBUG Engine               - class com.almasb.fxgl.profile.SaveLoadService
15:40:19.879 [FXGL Background Thread 3 ] DEBUG Engine               - class com.almasb.fxgl.ui.FXGLUIFactoryServiceProvider
15:40:19.879 [FXGL Background Thread 3 ] DEBUG Engine               - class com.almasb.fxgl.ui.FXGLDialogFactoryServiceProvider
15:40:19.879 [FXGL Background Thread 3 ] DEBUG Engine               - class com.almasb.fxgl.audio.AudioPlayer
15:40:19.879 [FXGL Background Thread 3 ] DEBUG Engine               - class com.almasb.fxgl.notification.impl.NotificationServiceProvider
15:40:19.879 [FXGL Background Thread 3 ] DEBUG Engine               - class com.almasb.fxgl.achievement.AchievementService
15:40:19.879 [FXGL Background Thread 3 ] DEBUG Engine               - class com.almasb.fxgl.cutscene.CutsceneService
15:40:19.880 [FXGL Background Thread 3 ] DEBUG Engine               - class com.almasb.fxgl.minigames.MiniGameService
15:40:19.880 [FXGL Background Thread 3 ] DEBUG Engine               - class com.almasb.fxgl.net.NetService
15:40:19.880 [FXGL Background Thread 3 ] DEBUG Engine               - class com.almasb.fxgl.app.services.UpdaterService
15:40:19.880 [FXGL Background Thread 3 ] DEBUG Engine               - class com.almasb.fxgl.dev.DevService
15:40:20.458 [JavaFX Application Thread] DEBUG FXGLAssetLoaderServi - Loading from file system: file:/C:/Users/narro/git/CS4900G2Proj2/Dawnseeker/target/classes/assets/sounds/magic_missile.wav
15:40:20.481 [JavaFX Application Thread] DEBUG FXGLAssetLoaderServi - Loading from file system: file:/C:/Users/narro/git/CS4900G2Proj2/Dawnseeker/target/classes/assets/textures/Fireball.gif
15:40:20.804 [JavaFX Application Thread] WARN  GameWorld            - Attempted to remove entity which is not active
15:40:20.810 [JavaFX Application Thread] DEBUG FXGLAssetLoaderServi - Loading from file system: file:/C:/Users/narro/git/CS4900G2Proj2/Dawnseeker/target/classes/assets/textures/Coin.gif
15:40:20.814 [JavaFX Application Thread] DEBUG FXGLAssetLoaderServi - Loading from file system: file:/C:/Users/narro/git/CS4900G2Proj2/Dawnseeker/target/classes/assets/sounds/bong.wav
15:40:21.025 [JavaFX Application Thread] WARN  GameWorld            - Attempted to remove entity which is not active
15:40:22.896 [JavaFX Application Thread] DEBUG FXGLAssetLoaderServi - Loading from file system: file:/C:/Users/narro/git/CS4900G2Proj2/Dawnseeker/target/classes/assets/textures/slime.gif
15:40:25.150 [JavaFX Application Thread] WARN  GameWorld            - Attempted to remove entity which is not active
15:40:25.490 [JavaFX Application Thread] WARN  GameWorld            - Attempted to remove entity which is not active
15:40:25.695 [JavaFX Application Thread] WARN  GameWorld            - Attempted to remove entity which is not active
15:40:28.447 [JavaFX Application Thread] DEBUG FXGLAssetLoaderServi - Loading from file system: file:/C:/Users/narro/git/CS4900G2Proj2/Dawnseeker/target/classes/assets/sounds/coin_pickup.wav
15:40:30.078 [JavaFX Application Thread] WARN  GameWorld            - Attempted to remove entity which is not active
15:40:30.719 [JavaFX Application Thread] WARN  GameWorld            - Attempted to remove entity which is not active
15:40:31.038 [JavaFX Application Thread] WARN  GameWorld            - Attempted to remove entity which is not active
15:40:31.614 [JavaFX Application Thread] WARN  GameWorld            - Attempted to remove entity which is not active
15:40:32.001 [JavaFX Application Thread] DEBUG FXGLAssetLoaderServi - Loading from file system: file:/C:/Users/narro/git/CS4900G2Proj2/Dawnseeker/target/classes/assets/sounds/player_oof.wav
15:40:32.032 [JavaFX Application Thread] DEBUG FXGLAssetLoaderServi - Loading from file system: file:/C:/Users/narro/git/CS4900G2Proj2/Dawnseeker/target/classes/assets/sounds/bonk.wav
15:40:32.688 [JavaFX Application Thread] WARN  GameWorld            - Attempted to remove entity which is not active
15:40:33.393 [JavaFX Application Thread] WARN  GameWorld            - Attempted to remove entity which is not active
15:40:33.395 [JavaFX Application Thread] DEBUG FXGLAssetLoaderServi - Loading from file system: file:/C:/Users/narro/git/CS4900G2Proj2/Dawnseeker/target/classes/assets/textures/HealthPotion.gif
15:40:33.838 [JavaFX Application Thread] WARN  GameWorld            - Attempted to remove entity which is not active
15:40:34.095 [JavaFX Application Thread] WARN  GameWorld            - Attempted to remove entity which is not active
15:40:34.654 [JavaFX Application Thread] WARN  GameWorld            - Attempted to remove entity which is not active
15:40:34.929 [JavaFX Application Thread] WARN  GameWorld            - Attempted to remove entity which is not active
15:40:35.230 [JavaFX Application Thread] WARN  GameWorld            - Attempted to remove entity which is not active
15:40:35.598 [JavaFX Application Thread] WARN  GameWorld            - Attempted to remove entity which is not active
15:40:35.808 [JavaFX Application Thread] WARN  GameWorld            - Attempted to remove entity which is not active
15:40:35.810 [JavaFX Application Thread] DEBUG FXGLAssetLoaderServi - Loading from file system: file:/C:/Users/narro/git/CS4900G2Proj2/Dawnseeker/target/classes/assets/textures/PowerPotion.gif
15:40:36.654 [JavaFX Application Thread] WARN  GameWorld            - Attempted to remove entity which is not active
15:40:36.818 [JavaFX Application Thread] WARN  GameWorld            - Attempted to remove entity which is not active
15:40:37.134 [JavaFX Application Thread] WARN  GameWorld            - Attempted to remove entity which is not active
15:40:37.729 [JavaFX Application Thread] WARN  GameWorld            - Attempted to remove entity which is not active
15:40:38.944 [JavaFX Application Thread] WARN  GameWorld            - Attempted to remove entity which is not active
15:40:39.394 [JavaFX Application Thread] WARN  GameWorld            - Attempted to remove entity which is not active
15:40:39.470 [JavaFX Application Thread] WARN  GameWorld            - Attempted to remove entity which is not active
15:40:39.598 [JavaFX Application Thread] WARN  GameWorld            - Attempted to remove entity which is not active
15:40:39.603 [JavaFX Application Thread] WARN  GameWorld            - Attempted to remove entity which is not active
15:40:39.808 [JavaFX Application Thread] WARN  GameWorld            - Attempted to remove entity which is not active
15:40:40.143 [JavaFX Application Thread] WARN  GameWorld            - Attempted to remove entity which is not active
15:40:41.006 [JavaFX Application Thread] WARN  GameWorld            - Attempted to remove entity which is not active
15:40:41.376 [JavaFX Application Thread] WARN  GameWorld            - Attempted to remove entity which is not active
15:40:41.582 [JavaFX Application Thread] WARN  GameWorld            - Attempted to remove entity which is not active
15:40:41.902 [JavaFX Application Thread] WARN  GameWorld            - Attempted to remove entity which is not active
15:40:42.415 [JavaFX Application Thread] WARN  GameWorld            - Attempted to remove entity which is not active
15:40:42.911 [JavaFX Application Thread] WARN  GameWorld            - Attempted to remove entity which is not active
15:40:43.454 [JavaFX Application Thread] WARN  GameWorld            - Attempted to remove entity which is not active
15:40:43.614 [JavaFX Application Thread] WARN  GameWorld            - Attempted to remove entity which is not active
15:40:44.399 [JavaFX Application Thread] WARN  GameWorld            - Attempted to remove entity which is not active
15:40:44.607 [JavaFX Application Thread] WARN  GameWorld            - Attempted to remove entity which is not active
15:40:44.799 [JavaFX Application Thread] WARN  GameWorld            - Attempted to remove entity which is not active
15:40:44.879 [JavaFX Application Thread] WARN  GameWorld            - Attempted to remove entity which is not active
15:40:45.102 [JavaFX Application Thread] WARN  GameWorld            - Attempted to remove entity which is not active
15:40:45.311 [JavaFX Application Thread] WARN  GameWorld            - Attempted to remove entity which is not active
15:40:46.505 [JavaFX Application Thread] DEBUG FXGLAssetLoaderServi - Loading from file system: file:/C:/Users/narro/git/CS4900G2Proj2/Dawnseeker/target/classes/assets/textures/FireBallProjectile.png
15:40:46.766 [JavaFX Application Thread] WARN  GameWorld            - Attempted to remove entity which is not active
15:40:46.767 [JavaFX Application Thread] WARN  GameWorld            - Attempted to remove entity which is not active
15:40:46.863 [JavaFX Application Thread] WARN  GameWorld            - Attempted to remove entity which is not active
15:40:46.864 [JavaFX Application Thread] WARN  GameWorld            - Attempted to remove entity which is not active
15:40:46.880 [JavaFX Application Thread] WARN  GameWorld            - Attempted to remove entity which is not active
15:40:46.881 [JavaFX Application Thread] DEBUG FXGLAssetLoaderServi - Loading from file system: file:/C:/Users/narro/git/CS4900G2Proj2/Dawnseeker/target/classes/assets/textures/SpeedPotion.gif
15:40:47.006 [JavaFX Application Thread] WARN  GameWorld            - Attempted to remove entity which is not active
15:40:47.264 [JavaFX Application Thread] WARN  GameWorld            - Attempted to remove entity which is not active
15:40:49.103 [JavaFX Application Thread] WARN  GameWorld            - Attempted to remove entity which is not active
15:40:49.239 [JavaFX Application Thread] DEBUG FXGLAssetLoaderServi - Loading from file system: file:/C:/Users/narro/git/CS4900G2Proj2/Dawnseeker/target/classes/assets/sounds/yoda_death.wav
15:40:49.242 [JavaFX Application Thread] DEBUG AudioPlayer          - Stopping music com.almasb.fxgl.audio.Music@7a797f86
15:40:49.243 [JavaFX Application Thread] DEBUG AudioPlayer          - Stopping music com.almasb.fxgl.audio.Music@1ee1eec9
15:40:49.244 [JavaFX Application Thread] DEBUG Input                - Clearing active input actions
15:40:49.255 [JavaFX Application Thread] DEBUG GameApplicationServi - Removing overlay from GameScene and adding to FXGLMainMenuDummyScene
15:40:49.255 [JavaFX Application Thread] DEBUG PrimaryStageWindow   - GameScene -> FXGLMainMenuDummyScene
15:40:49.255 [JavaFX Application Thread] DEBUG PrimaryStageWindow   - Push state: DawnseekerMenu
15:40:49.255 [JavaFX Application Thread] DEBUG Input                - Clearing active input actions
15:40:49.256 [JavaFX Application Thread] DEBUG GameApplicationServi - Removing overlay from FXGLMainMenuDummyScene and adding to DawnseekerMenu
15:40:49.256 [JavaFX Application Thread] DEBUG PrimaryStageWindow   - FXGLMainMenuDummyScene -> DawnseekerMenu
15:40:49.256 [JavaFX Application Thread] DEBUG AudioPlayer          - Playing music com.almasb.fxgl.audio.Music@7a797f86
15:40:50.650 [JavaFX Application Thread] DEBUG FXGLApplication      - Exiting FXGL
15:40:50.650 [JavaFX Application Thread] DEBUG LoopRunner           - Stopping loop
15:40:50.650 [JavaFX Application Thread] DEBUG SystemBundleService  - Saving FXGL system data
15:40:50.652 [JavaFX Application Thread] DEBUG FileSystemAccess     - Writing to: C:\Users\narro\git\CS4900G2Proj2\Dawnseeker\system\fxgl.bundle
15:40:50.655 [JavaFX Application Thread] DEBUG Async                - Shutting down background threads
15:40:50.655 [JavaFX Application Thread] DEBUG PrimaryStageWindow   - Closing main window
15:40:50.672 [JavaFX Application Thread] DEBUG Logger               - Closing Logger
