16:57:15.760 [main                     ] DEBUG Logger               - Configured Logger
16:57:15.791 [main                     ] DEBUG GameApplication      - Logging settings
Title: Simple Game App
Version: 1.0dev
Width: 1280
Height: 720
Fullscreen: false
Intro: true
Profiling: false
Single step:false
App Mode: DEVELOPER
Menu Key: ESCAPE
Stage Style: DECORATED
Scene Factory: class com.almasb.fxgl.app.scene.SceneFactory

16:57:16.253 [JavaFX Application Thread] DEBUG FXGLApplication      - Initializing FXGL
16:57:16.261 [JavaFX Application Thread] INFO  Engine               - FXGL-17.2 (20.08.2022 16.50) on WINDOWS (J:19.0.2 FX:18)
16:57:16.261 [JavaFX Application Thread] DEBUG Engine               - JRE Vendor Name: Oracle Corporation
16:57:16.262 [JavaFX Application Thread] DEBUG Engine               - Running on OS: Windows 10 version 10.0
16:57:16.262 [JavaFX Application Thread] DEBUG Engine               - Architecture: amd64
16:57:16.262 [JavaFX Application Thread] INFO  Engine               - Source code and latest versions at: https://github.com/AlmasB/FXGL
16:57:16.262 [JavaFX Application Thread] INFO  Engine               -       Ask questions and discuss at: https://github.com/AlmasB/FXGL/discussions
16:57:16.262 [JavaFX Application Thread] INFO  Engine               -              Join the FXGL chat at: https://gitter.im/AlmasB/FXGL
16:57:16.433 [JavaFX Application Thread] DEBUG PrimaryStageWindow   - Creating a JavaFX scene
16:57:16.496 [JavaFX Application Thread] DEBUG PrimaryStageWindow   - Target settings size: 1280.0 x 720.0
16:57:16.496 [JavaFX Application Thread] DEBUG PrimaryStageWindow   - Scaled scene size:    1280.0 x 720.0
16:57:16.497 [JavaFX Application Thread] DEBUG PrimaryStageWindow   - Scaled ratio: (1.0, 1.0)
16:57:16.499 [JavaFX Application Thread] DEBUG PrimaryStageWindow   - Set initial scene to FXGLStartupScene
16:57:16.508 [JavaFX Application Thread] DEBUG PrimaryStageWindow   - Opening main window
16:57:16.630 [JavaFX Application Thread] DEBUG PrimaryStageWindow   - Window border size: (14.4000244140625, 37.5999755859375)
16:57:16.631 [JavaFX Application Thread] DEBUG PrimaryStageWindow   - Scaled size: 1280.0 x 720.0
16:57:16.631 [JavaFX Application Thread] DEBUG PrimaryStageWindow   - Scaled ratio: (1.0, 1.0)
16:57:16.632 [JavaFX Application Thread] DEBUG PrimaryStageWindow   - Scene size: 1280.0 x 720.0
16:57:16.632 [JavaFX Application Thread] DEBUG PrimaryStageWindow   - Stage size: 1294.4000244140625 x 757.5999755859375
16:57:16.648 [FXGL Background Thread 1 ] DEBUG Engine               - Initializing environment variables
16:57:16.752 [FXGL Background Thread 1 ] DEBUG FXGLAssetLoaderServi - User app class for loading assets: class myGame.testest
16:57:16.752 [FXGL Background Thread 1 ] DEBUG GameApplicationServi - Applying CSS: fxgl_dark.css
16:57:16.754 [FXGL Background Thread 1 ] DEBUG FXGLAssetLoaderServi - Loading from file system: jar:file:/C:/Users/narro/.m2/repository/com/github/almasb/fxgl/17.2/fxgl-17.2.jar!/fxglassets/ui/css/fxgl_dark.css
16:57:16.832 [FXGL Background Thread 1 ] DEBUG GameApplicationServi - Initializing application scenes
16:57:16.901 [FXGL Background Thread 1 ] DEBUG GameWorld            - Game world initialized
16:57:16.989 [FXGL Background Thread 1 ] DEBUG PhysicsWorld         - Physics world initialized: appHeight=720, physics.ppm=50.0
16:57:16.989 [FXGL Background Thread 1 ] DEBUG PhysicsWorld         - Using strategy: BRUTE_FORCE
16:57:16.996 [FXGL Background Thread 1 ] DEBUG GameScene            - Game scene initialized: 1280x720
16:57:17.002 [FXGL Background Thread 1 ] DEBUG FXGLAssetLoaderServi - Loading from file system: jar:file:/C:/Users/narro/.m2/repository/com/github/almasb/fxgl/17.2/fxgl-17.2.jar!/fxglassets/textures/intro/fxgl_logo.png
16:57:17.037 [FXGL Background Thread 1 ] DEBUG FXGLAssetLoaderServi - Loading from file system: jar:file:/C:/Users/narro/.m2/repository/com/github/almasb/fxgl/17.2/fxgl-17.2.jar!/fxglassets/textures/intro/javafx_logo.png
16:57:17.208 [FXGL Background Thread 1 ] DEBUG FXGL.DefaultMenu     - createMenuBodyGameMenu()
16:57:17.228 [FXGL Background Thread 1 ] DEBUG FXGL.DefaultMenu     - createOptionsMenu()
16:57:17.241 [FXGL Background Thread 1 ] DEBUG FXGLAssetLoaderServi - Loading from file system: jar:file:/C:/Users/narro/.m2/repository/com/github/almasb/fxgl/17.2/fxgl-17.2.jar!/fxglassets/textures/particles/smoke.png
16:57:17.317 [FXGL Background Thread 1 ] DEBUG FXGLAssetLoaderServi - Loading from file system: jar:file:/C:/Users/narro/.m2/repository/com/github/almasb/fxgl/17.2/fxgl-17.2.jar!/fxglassets/textures/particles/trace_horizontal.png
16:57:17.337 [FXGL Background Thread 1 ] DEBUG GameApplicationServi - Application scenes initialized
16:57:17.357 [FXGL Background Thread 1 ] DEBUG SystemBundleService  - Loading FXGL system data
16:57:17.365 [FXGL Background Thread 1 ] DEBUG FileSystemAccess     - Reading from: C:\Users\narro\eclipse-workspace\Dawnseeker\system\fxgl.bundle
16:57:17.377 [FXGL Background Thread 1 ] DEBUG SystemBundleService  - Bundle FXGL: {}
16:57:17.377 [FXGL Background Thread 1 ] DEBUG UpdaterService       - Checking for updates
16:57:17.384 [FXGL Background Thread 4 ] DEBUG FXGLApplication      - Loading fonts
16:57:17.385 [FXGL Background Thread 4 ] DEBUG FXGLAssetLoaderServi - Loading from file system: jar:file:/C:/Users/narro/.m2/repository/com/github/almasb/fxgl/17.2/fxgl-17.2.jar!/fxglassets/ui/fonts/VarelaRound-Regular.ttf
16:57:17.385 [FXGL Background Thread 1 ] DEBUG FXGLApplication      - Loading default localization
16:57:17.386 [FXGL Background Thread 1 ] DEBUG FXGLAssetLoaderServi - Loading from file system: jar:file:/C:/Users/narro/.m2/repository/com/github/almasb/fxgl/17.2/fxgl-17.2.jar!/fxglassets/languages/english.lang
16:57:17.418 [FXGL Background Thread 1 ] INFO  FXGLApplication      - FXGL initialization took: 0.770 sec
16:57:17.435 [JavaFX Application Thread] DEBUG Input                - Registered new binding: action0 - D
16:57:17.436 [JavaFX Application Thread] DEBUG Input                - Registered new binding: action1 - A
16:57:17.436 [JavaFX Application Thread] DEBUG Input                - Registered new binding: action2 - W
16:57:17.437 [JavaFX Application Thread] DEBUG Input                - Registered new binding: action3 - S
16:57:17.438 [JavaFX Application Thread] DEBUG Input                - Registered new binding: action4 - F
16:57:17.439 [JavaFX Application Thread] DEBUG FXGLAssetLoaderServi - Loading from file system: jar:file:/C:/Users/narro/.m2/repository/com/github/almasb/fxgl/17.2/fxgl-17.2.jar!/fxglassets/textures/fxgl_icon.png
16:57:17.456 [JavaFX Application Thread] DEBUG FXGLAssetLoaderServi - Loading from file system: jar:file:/C:/Users/narro/.m2/repository/com/github/almasb/fxgl/17.2/fxgl-17.2.jar!/fxglassets/textures/fxgl_default_cursor.png
16:57:17.461 [JavaFX Application Thread] DEBUG Input                - Registered new binding: Screenshot - CTRL+8
16:57:17.462 [JavaFX Application Thread] DEBUG Input                - Registered new binding: System info dump - CTRL+9
16:57:17.463 [JavaFX Application Thread] DEBUG Input                - Registered new binding: Restart - CTRL+R
16:57:17.464 [JavaFX Application Thread] DEBUG Input                - Registered new binding: Toggle Debug Camera - CTRL+7
16:57:17.467 [JavaFX Application Thread] DEBUG LoopRunner           - Starting loop
16:57:17.467 [JavaFX Application Thread] DEBUG LoopRunner           - Initializing JavaFX AnimationTimerLoop
16:57:17.542 [FXGL Background Thread 4 ] DEBUG FXGLAssetLoaderServi - Loading from file system: jar:file:/C:/Users/narro/.m2/repository/com/github/almasb/fxgl/17.2/fxgl-17.2.jar!/fxglassets/ui/fonts/Abel-Regular.ttf
16:57:17.543 [JavaFX Application Thread] DEBUG Input                - Clearing active input actions
16:57:17.554 [JavaFX Application Thread] DEBUG GameApplicationServi - Removing overlay from FXGLStartupScene and adding to FXGLIntroScene
16:57:17.555 [JavaFX Application Thread] DEBUG PrimaryStageWindow   - FXGLStartupScene -> FXGLIntroScene
16:57:17.558 [FXGL Background Thread 4 ] DEBUG FXGLAssetLoaderServi - Loading from file system: jar:file:/C:/Users/narro/.m2/repository/com/github/almasb/fxgl/17.2/fxgl-17.2.jar!/fxglassets/ui/fonts/TerminalLandMono-Regular.otf
16:57:17.573 [FXGL Background Thread 4 ] DEBUG FXGLAssetLoaderServi - Loading from file system: jar:file:/C:/Users/narro/.m2/repository/com/github/almasb/fxgl/17.2/fxgl-17.2.jar!/fxglassets/ui/fonts/Courier-Prime.ttf
16:57:17.611 [JavaFX Application Thread] DEBUG FXGLApplication      - Registering font factories with UI factory
16:57:20.383 [FXGL Background Thread 3 ] DEBUG Engine               - Logging environment variables
16:57:20.385 [FXGL Background Thread 3 ] DEBUG Engine               - achievements: []
16:57:20.385 [FXGL Background Thread 3 ] DEBUG Engine               - actualHeight: 720.0
16:57:20.385 [FXGL Background Thread 3 ] DEBUG Engine               - actualHeightProperty: ReadOnlyDoubleProperty [value: 720.0]
16:57:20.386 [FXGL Background Thread 3 ] DEBUG Engine               - actualWidth: 1280.0
16:57:20.386 [FXGL Background Thread 3 ] DEBUG Engine               - actualWidthProperty: ReadOnlyDoubleProperty [value: 1280.0]
16:57:20.386 [FXGL Background Thread 3 ] DEBUG Engine               - appIcon: fxgl_icon.png
16:57:20.386 [FXGL Background Thread 3 ] DEBUG Engine               - applicationMode: DEVELOPER
16:57:20.387 [FXGL Background Thread 3 ] DEBUG Engine               - cSSList: [fxgl_dark.css]
16:57:20.387 [FXGL Background Thread 3 ] DEBUG Engine               - collisionDetectionStrategy: BRUTE_FORCE
16:57:20.388 [FXGL Background Thread 3 ] DEBUG Engine               - configClass: Optional.empty
16:57:20.388 [FXGL Background Thread 3 ] DEBUG Engine               - credits: []
16:57:20.389 [FXGL Background Thread 3 ] DEBUG Engine               - defaultCursor: CursorInfo(imageName=fxgl_default_cursor.png, hotspotX=7.0, hotspotY=6.0)
16:57:20.390 [FXGL Background Thread 3 ] DEBUG Engine               - devBBoxColorProperty: ObjectProperty [value: 0xff0000ff]
16:57:20.390 [FXGL Background Thread 3 ] DEBUG Engine               - devEnableDebugCameraProperty: BooleanProperty [value: false]
16:57:20.391 [FXGL Background Thread 3 ] DEBUG Engine               - devSensorColorProperty: ObjectProperty [value: 0xffff00ff]
16:57:20.391 [FXGL Background Thread 3 ] DEBUG Engine               - devShowBBoxProperty: BooleanProperty [value: false]
16:57:20.391 [FXGL Background Thread 3 ] DEBUG Engine               - devShowPositionProperty: BooleanProperty [value: false]
16:57:20.391 [FXGL Background Thread 3 ] DEBUG Engine               - enabledMenuItems: []
16:57:20.392 [FXGL Background Thread 3 ] DEBUG Engine               - engineServices: [class com.almasb.fxgl.app.services.FXGLAssetLoaderService, class com.almasb.fxgl.app.FXGLApplication$GameApplicationService, class com.almasb.fxgl.app.services.FXGLDialogService, class com.almasb.fxgl.app.services.IOTaskExecutorService, class com.almasb.fxgl.io.FileSystemService, class com.almasb.fxgl.localization.LocalizationService, class com.almasb.fxgl.app.services.SystemBundleService, class com.almasb.fxgl.profile.SaveLoadService, class com.almasb.fxgl.ui.FXGLUIFactoryServiceProvider, class com.almasb.fxgl.ui.FXGLDialogFactoryServiceProvider, class com.almasb.fxgl.audio.AudioPlayer, class com.almasb.fxgl.notification.impl.NotificationServiceProvider, class com.almasb.fxgl.achievement.AchievementService, class com.almasb.fxgl.cutscene.CutsceneService, class com.almasb.fxgl.minigames.MiniGameService, class com.almasb.fxgl.net.NetService, class com.almasb.fxgl.app.services.UpdaterService, class com.almasb.fxgl.dev.DevService]
16:57:20.392 [FXGL Background Thread 3 ] DEBUG Engine               - fontGame: Abel-Regular.ttf
16:57:20.392 [FXGL Background Thread 3 ] DEBUG Engine               - fontMono: TerminalLandMono-Regular.otf
16:57:20.392 [FXGL Background Thread 3 ] DEBUG Engine               - fontText: Courier-Prime.ttf
16:57:20.393 [FXGL Background Thread 3 ] DEBUG Engine               - fontUI: VarelaRound-Regular.ttf
16:57:20.393 [FXGL Background Thread 3 ] DEBUG Engine               - fullScreen: BooleanProperty [value: false]
16:57:20.394 [FXGL Background Thread 3 ] DEBUG Engine               - gameDifficulty: MEDIUM
16:57:20.394 [FXGL Background Thread 3 ] DEBUG Engine               - gameDifficultyProperty: ObjectProperty [value: MEDIUM]
16:57:20.395 [FXGL Background Thread 3 ] DEBUG Engine               - globalMusicVolume: 0.5
16:57:20.395 [FXGL Background Thread 3 ] DEBUG Engine               - globalMusicVolumeProperty: DoubleProperty [value: 0.5]
16:57:20.396 [FXGL Background Thread 3 ] DEBUG Engine               - globalSoundVolume: 0.5
16:57:20.396 [FXGL Background Thread 3 ] DEBUG Engine               - globalSoundVolumeProperty: DoubleProperty [value: 0.5]
16:57:20.397 [FXGL Background Thread 3 ] DEBUG Engine               - height: 720
16:57:20.398 [FXGL Background Thread 3 ] DEBUG Engine               - is3D: false
16:57:20.398 [FXGL Background Thread 3 ] DEBUG Engine               - isAndroid: false
16:57:20.399 [FXGL Background Thread 3 ] DEBUG Engine               - isBrowser: false
16:57:20.399 [FXGL Background Thread 3 ] DEBUG Engine               - isClickFeedbackEnabled: false
16:57:20.399 [FXGL Background Thread 3 ] DEBUG Engine               - isCloseConfirmation: false
16:57:20.400 [FXGL Background Thread 3 ] DEBUG Engine               - isDesktop: true
16:57:20.400 [FXGL Background Thread 3 ] DEBUG Engine               - isDeveloperMenuEnabled: false
16:57:20.400 [FXGL Background Thread 3 ] DEBUG Engine               - isEmbedded: false
16:57:20.400 [FXGL Background Thread 3 ] DEBUG Engine               - isEntityPreloadEnabled: true
16:57:20.400 [FXGL Background Thread 3 ] DEBUG Engine               - isExperimentalTiledLargeMap: false
16:57:20.401 [FXGL Background Thread 3 ] DEBUG Engine               - isFileSystemWriteAllowed: true
16:57:20.401 [FXGL Background Thread 3 ] DEBUG Engine               - isFullScreenAllowed: false
16:57:20.401 [FXGL Background Thread 3 ] DEBUG Engine               - isFullScreenFromStart: false
16:57:20.401 [FXGL Background Thread 3 ] DEBUG Engine               - isGameMenuEnabled: true
16:57:20.402 [FXGL Background Thread 3 ] DEBUG Engine               - isIOS: false
16:57:20.402 [FXGL Background Thread 3 ] DEBUG Engine               - isIntroEnabled: true
16:57:20.402 [FXGL Background Thread 3 ] DEBUG Engine               - isLinux: false
16:57:20.402 [FXGL Background Thread 3 ] DEBUG Engine               - isMac: false
16:57:20.403 [FXGL Background Thread 3 ] DEBUG Engine               - isMainMenuEnabled: false
16:57:20.403 [FXGL Background Thread 3 ] DEBUG Engine               - isManualResizeEnabled: false
16:57:20.403 [FXGL Background Thread 3 ] DEBUG Engine               - isMobile: false
16:57:20.404 [FXGL Background Thread 3 ] DEBUG Engine               - isNative: false
16:57:20.404 [FXGL Background Thread 3 ] DEBUG Engine               - isPauseMusicWhenMinimized: true
16:57:20.404 [FXGL Background Thread 3 ] DEBUG Engine               - isPreserveResizeRatio: false
16:57:20.405 [FXGL Background Thread 3 ] DEBUG Engine               - isProfilingEnabled: false
16:57:20.405 [FXGL Background Thread 3 ] DEBUG Engine               - isScaleAffectedOnResize: true
16:57:20.405 [FXGL Background Thread 3 ] DEBUG Engine               - isSingleStep: false
16:57:20.405 [FXGL Background Thread 3 ] DEBUG Engine               - isUserProfileEnabled: false
16:57:20.405 [FXGL Background Thread 3 ] DEBUG Engine               - isWindows: true
16:57:20.406 [FXGL Background Thread 3 ] DEBUG Engine               - language: ObjectProperty [value: ENGLISH]
16:57:20.406 [FXGL Background Thread 3 ] DEBUG Engine               - menuKey: ESCAPE
16:57:20.406 [FXGL Background Thread 3 ] DEBUG Engine               - mouseSensitivity: 0.2
16:57:20.406 [FXGL Background Thread 3 ] DEBUG Engine               - notificationViewClass: class com.almasb.fxgl.notification.view.XboxNotificationView
16:57:20.407 [FXGL Background Thread 3 ] DEBUG Engine               - pixelsPerMeter: 50.0
16:57:20.407 [FXGL Background Thread 3 ] DEBUG Engine               - platform: WINDOWS
16:57:20.407 [FXGL Background Thread 3 ] DEBUG Engine               - prefHeightProperty: ReadOnlyDoubleProperty [value: 720.0]
16:57:20.407 [FXGL Background Thread 3 ] DEBUG Engine               - prefWidthProperty: ReadOnlyDoubleProperty [value: 1280.0]
16:57:20.408 [FXGL Background Thread 3 ] DEBUG Engine               - profileDir: profiles/
16:57:20.408 [FXGL Background Thread 3 ] DEBUG Engine               - profileName: StringProperty [value: DEFAULT]
16:57:20.408 [FXGL Background Thread 3 ] DEBUG Engine               - randomSeed: -1
16:57:20.409 [FXGL Background Thread 3 ] DEBUG Engine               - runtimeInfo: RuntimeInfo(platform=WINDOWS, version=17.2, build=20.08.2022 16.50)
16:57:20.409 [FXGL Background Thread 3 ] DEBUG Engine               - saveFileExt: sav
16:57:20.410 [FXGL Background Thread 3 ] DEBUG Engine               - scaledHeightProp$fxgl: DoubleProperty [bound, value: 720.0]
16:57:20.410 [FXGL Background Thread 3 ] DEBUG Engine               - scaledWidthProp$fxgl: DoubleProperty [bound, value: 1280.0]
16:57:20.410 [FXGL Background Thread 3 ] DEBUG Engine               - sceneFactory: com.almasb.fxgl.app.scene.SceneFactory@422061e
16:57:20.411 [FXGL Background Thread 3 ] DEBUG Engine               - secondsIn24h: 60
16:57:20.411 [FXGL Background Thread 3 ] DEBUG Engine               - soundMenuBack: menu/back.wav
16:57:20.411 [FXGL Background Thread 3 ] DEBUG Engine               - soundMenuPress: menu/press.wav
16:57:20.411 [FXGL Background Thread 3 ] DEBUG Engine               - soundMenuSelect: menu/select.wav
16:57:20.412 [FXGL Background Thread 3 ] DEBUG Engine               - soundNotification: core/notification.wav
16:57:20.412 [FXGL Background Thread 3 ] DEBUG Engine               - stageStyle: DECORATED
16:57:20.412 [FXGL Background Thread 3 ] DEBUG Engine               - supportedLanguages: [ENGLISH, FRENCH, GERMAN, HUNGARIAN, RUSSIAN]
16:57:20.412 [FXGL Background Thread 3 ] DEBUG Engine               - ticksPerSecond: -1
16:57:20.412 [FXGL Background Thread 3 ] DEBUG Engine               - title: Simple Game App
16:57:20.413 [FXGL Background Thread 3 ] DEBUG Engine               - urlGithub: https://github.com/AlmasB/FXGL
16:57:20.413 [FXGL Background Thread 3 ] DEBUG Engine               - urlLeaderboard: http://fxgl-top.herokuapp.com/
16:57:20.413 [FXGL Background Thread 3 ] DEBUG Engine               - urlPOM: https://raw.githubusercontent.com/AlmasB/FXGL/release/README.md
16:57:20.414 [FXGL Background Thread 3 ] DEBUG Engine               - userAppClass: class myGame.testest
16:57:20.414 [FXGL Background Thread 3 ] DEBUG Engine               - version: 1.0dev
16:57:20.414 [FXGL Background Thread 3 ] DEBUG Engine               - versionCheckDays: 7
16:57:20.415 [FXGL Background Thread 3 ] DEBUG Engine               - width: 1280
16:57:20.415 [FXGL Background Thread 3 ] DEBUG Engine               - Logging services
16:57:20.415 [FXGL Background Thread 3 ] DEBUG Engine               - class com.almasb.fxgl.app.services.FXGLAssetLoaderService
16:57:20.415 [FXGL Background Thread 3 ] DEBUG Engine               - class com.almasb.fxgl.app.FXGLApplication$GameApplicationService
16:57:20.416 [FXGL Background Thread 3 ] DEBUG Engine               - class com.almasb.fxgl.app.services.FXGLDialogService
16:57:20.416 [FXGL Background Thread 3 ] DEBUG Engine               - class com.almasb.fxgl.app.services.IOTaskExecutorService
16:57:20.416 [FXGL Background Thread 3 ] DEBUG Engine               - class com.almasb.fxgl.io.FileSystemService
16:57:20.416 [FXGL Background Thread 3 ] DEBUG Engine               - class com.almasb.fxgl.localization.LocalizationService
16:57:20.417 [FXGL Background Thread 3 ] DEBUG Engine               - class com.almasb.fxgl.app.services.SystemBundleService
16:57:20.417 [FXGL Background Thread 3 ] DEBUG Engine               - class com.almasb.fxgl.profile.SaveLoadService
16:57:20.417 [FXGL Background Thread 3 ] DEBUG Engine               - class com.almasb.fxgl.ui.FXGLUIFactoryServiceProvider
16:57:20.417 [FXGL Background Thread 3 ] DEBUG Engine               - class com.almasb.fxgl.ui.FXGLDialogFactoryServiceProvider
16:57:20.417 [FXGL Background Thread 3 ] DEBUG Engine               - class com.almasb.fxgl.audio.AudioPlayer
16:57:20.417 [FXGL Background Thread 3 ] DEBUG Engine               - class com.almasb.fxgl.notification.impl.NotificationServiceProvider
16:57:20.418 [FXGL Background Thread 3 ] DEBUG Engine               - class com.almasb.fxgl.achievement.AchievementService
16:57:20.418 [FXGL Background Thread 3 ] DEBUG Engine               - class com.almasb.fxgl.cutscene.CutsceneService
16:57:20.418 [FXGL Background Thread 3 ] DEBUG Engine               - class com.almasb.fxgl.minigames.MiniGameService
16:57:20.418 [FXGL Background Thread 3 ] DEBUG Engine               - class com.almasb.fxgl.net.NetService
16:57:20.418 [FXGL Background Thread 3 ] DEBUG Engine               - class com.almasb.fxgl.app.services.UpdaterService
16:57:20.418 [FXGL Background Thread 3 ] DEBUG Engine               - class com.almasb.fxgl.dev.DevService
16:57:25.529 [JavaFX Application Thread] DEBUG GameApplicationServi - Starting new game
16:57:25.532 [JavaFX Application Thread] DEBUG Input                - Clearing active input actions
16:57:25.574 [JavaFX Application Thread] DEBUG GameApplicationServi - Removing overlay from FXGLIntroScene and adding to FXGLLoadingScene
16:57:25.575 [JavaFX Application Thread] DEBUG PrimaryStageWindow   - FXGLIntroScene -> FXGLLoadingScene
16:57:25.575 [JavaFX Application Thread] DEBUG GameApplicationServi - Clearing previous game
16:57:25.575 [JavaFX Application Thread] DEBUG GameScene            - Clearing game scene
16:57:25.575 [JavaFX Application Thread] DEBUG GameWorld            - Clearing game world
16:57:25.576 [JavaFX Application Thread] DEBUG PhysicsWorld         - Clearing physics world
16:57:25.580 [FXGL Background Thread 2 ] DEBUG FXGLApplication      - Initializing game
16:57:25.589 [FXGL Background Thread 2 ] DEBUG FXGLAssetLoaderServi - Loading from file system: file:/C:/Users/narro/eclipse-workspace/Dawnseeker/target/classes/assets/textures/brick.png
16:57:25.625 [FXGL Background Thread 2 ] INFO  FXGLApplication      - Game initialization took: 0.045 sec
16:57:25.638 [JavaFX Application Thread] DEBUG Input                - Clearing active input actions
16:57:25.652 [JavaFX Application Thread] DEBUG GameApplicationServi - Removing overlay from FXGLLoadingScene and adding to GameScene
16:57:25.652 [JavaFX Application Thread] DEBUG PrimaryStageWindow   - FXGLLoadingScene -> GameScene
16:57:28.395 [JavaFX Application Thread] DEBUG FXGLAssetLoaderServi - Loading from file system: file:/C:/Users/narro/eclipse-workspace/Dawnseeker/target/classes/assets/sounds/drop.wav
16:57:33.085 [JavaFX Application Thread] DEBUG FXGLApplication      - Exiting FXGL
16:57:33.085 [JavaFX Application Thread] DEBUG LoopRunner           - Stopping loop
16:57:33.085 [JavaFX Application Thread] DEBUG SystemBundleService  - Saving FXGL system data
16:57:33.091 [JavaFX Application Thread] DEBUG FileSystemAccess     - Writing to: C:\Users\narro\eclipse-workspace\Dawnseeker\system\fxgl.bundle
16:57:33.096 [JavaFX Application Thread] DEBUG Async                - Shutting down background threads
16:57:33.097 [JavaFX Application Thread] DEBUG PrimaryStageWindow   - Closing main window
16:57:33.122 [JavaFX Application Thread] DEBUG Logger               - Closing Logger
