16:30:15.929 [main                     ] DEBUG Logger               - Configured Logger
16:30:15.952 [main                     ] DEBUG GameApplication      - Logging settings
Title: Dawnseeker
Version: 0.1
Width: 1024
Height: 1024
Fullscreen: false
Intro: true
Profiling: false
Single step:false
App Mode: DEVELOPER
Menu Key: ESCAPE
Stage Style: DECORATED
Scene Factory: class com.almasb.fxgl.app.scene.SceneFactory

16:30:16.399 [JavaFX Application Thread] DEBUG FXGLApplication      - Initializing FXGL
16:30:16.404 [JavaFX Application Thread] INFO  Engine               - FXGL-17.2 (20.08.2022 16.50) on WINDOWS (J:19.0.2 FX:18)
16:30:16.404 [JavaFX Application Thread] DEBUG Engine               - JRE Vendor Name: Oracle Corporation
16:30:16.404 [JavaFX Application Thread] DEBUG Engine               - Running on OS: Windows 10 version 10.0
16:30:16.404 [JavaFX Application Thread] DEBUG Engine               - Architecture: amd64
16:30:16.404 [JavaFX Application Thread] INFO  Engine               - Source code and latest versions at: https://github.com/AlmasB/FXGL
16:30:16.404 [JavaFX Application Thread] INFO  Engine               -       Ask questions and discuss at: https://github.com/AlmasB/FXGL/discussions
16:30:16.405 [JavaFX Application Thread] INFO  Engine               -              Join the FXGL chat at: https://gitter.im/AlmasB/FXGL
16:30:16.522 [JavaFX Application Thread] DEBUG PrimaryStageWindow   - Creating a JavaFX scene
16:30:16.567 [JavaFX Application Thread] DEBUG PrimaryStageWindow   - Target settings size: 1024.0 x 1024.0
16:30:16.567 [JavaFX Application Thread] DEBUG PrimaryStageWindow   - Scaled scene size:    1024.0 x 1024.0
16:30:16.568 [JavaFX Application Thread] DEBUG PrimaryStageWindow   - Scaled ratio: (1.0, 1.0)
16:30:16.569 [JavaFX Application Thread] DEBUG PrimaryStageWindow   - Set initial scene to FXGLStartupScene
16:30:16.576 [JavaFX Application Thread] DEBUG PrimaryStageWindow   - Opening main window
16:30:16.655 [JavaFX Application Thread] DEBUG PrimaryStageWindow   - Window border size: (16.0, 39.0)
16:30:16.655 [JavaFX Application Thread] DEBUG PrimaryStageWindow   - Scaled size: 1024.0 x 1024.0
16:30:16.655 [JavaFX Application Thread] DEBUG PrimaryStageWindow   - Scaled ratio: (1.0, 1.0)
16:30:16.655 [JavaFX Application Thread] DEBUG PrimaryStageWindow   - Scene size: 1024.0 x 1024.0
16:30:16.655 [JavaFX Application Thread] DEBUG PrimaryStageWindow   - Stage size: 1040.0 x 1063.0
16:30:16.662 [FXGL Background Thread 1 ] DEBUG Engine               - Initializing environment variables
16:30:16.709 [FXGL Background Thread 1 ] DEBUG FXGLAssetLoaderServi - User app class for loading assets: class myGame.DawnseekerApp
16:30:16.709 [FXGL Background Thread 1 ] DEBUG GameApplicationServi - Applying CSS: fxgl_dark.css
16:30:16.710 [FXGL Background Thread 1 ] DEBUG FXGLAssetLoaderServi - Loading from file system: jar:file:/C:/Users/Morgan%20Johnson/.m2/repository/com/github/almasb/fxgl/17.2/fxgl-17.2.jar!/fxglassets/ui/css/fxgl_dark.css
16:30:16.751 [FXGL Background Thread 1 ] DEBUG GameApplicationServi - Initializing application scenes
16:30:16.790 [FXGL Background Thread 1 ] DEBUG GameWorld            - Game world initialized
16:30:16.853 [FXGL Background Thread 1 ] DEBUG PhysicsWorld         - Physics world initialized: appHeight=1024, physics.ppm=50.0
16:30:16.853 [FXGL Background Thread 1 ] DEBUG PhysicsWorld         - Using strategy: BRUTE_FORCE
16:30:16.857 [FXGL Background Thread 1 ] DEBUG GameScene            - Game scene initialized: 1024x1024
16:30:16.860 [FXGL Background Thread 1 ] DEBUG FXGLAssetLoaderServi - Loading from file system: jar:file:/C:/Users/Morgan%20Johnson/.m2/repository/com/github/almasb/fxgl/17.2/fxgl-17.2.jar!/fxglassets/textures/intro/fxgl_logo.png
16:30:16.899 [FXGL Background Thread 1 ] DEBUG FXGLAssetLoaderServi - Loading from file system: jar:file:/C:/Users/Morgan%20Johnson/.m2/repository/com/github/almasb/fxgl/17.2/fxgl-17.2.jar!/fxglassets/textures/intro/javafx_logo.png
16:30:17.007 [FXGL Background Thread 1 ] DEBUG FXGL.DefaultMenu     - createMenuBodyMainMenu()
16:30:17.025 [FXGL Background Thread 1 ] DEBUG FXGL.DefaultMenu     - createOptionsMenu()
16:30:17.038 [FXGL Background Thread 1 ] DEBUG FXGLAssetLoaderServi - Loading from file system: jar:file:/C:/Users/Morgan%20Johnson/.m2/repository/com/github/almasb/fxgl/17.2/fxgl-17.2.jar!/fxglassets/textures/particles/smoke.png
16:30:17.092 [FXGL Background Thread 1 ] DEBUG FXGLAssetLoaderServi - Loading from file system: jar:file:/C:/Users/Morgan%20Johnson/.m2/repository/com/github/almasb/fxgl/17.2/fxgl-17.2.jar!/fxglassets/textures/particles/trace_horizontal.png
16:30:17.117 [FXGL Background Thread 1 ] DEBUG FXGL.DefaultMenu     - createMenuBodyGameMenu()
16:30:17.119 [FXGL Background Thread 1 ] DEBUG FXGL.DefaultMenu     - createOptionsMenu()
16:30:17.131 [FXGL Background Thread 1 ] DEBUG GameApplicationServi - Application scenes initialized
16:30:17.144 [FXGL Background Thread 1 ] DEBUG SystemBundleService  - Loading FXGL system data
16:30:17.152 [FXGL Background Thread 1 ] DEBUG FileSystemAccess     - Reading from: C:\Games\Schoolwork\Spring 23\CS4900\DawnseekerWorkspace\CS4900G2Proj2\Dawnseeker\system\fxgl.bundle
16:30:17.161 [FXGL Background Thread 1 ] DEBUG SystemBundleService  - Bundle FXGL: {}
16:30:17.161 [FXGL Background Thread 1 ] DEBUG UpdaterService       - Checking for updates
16:30:17.165 [FXGL Background Thread 4 ] DEBUG FXGLApplication      - Loading fonts
16:30:17.165 [FXGL Background Thread 1 ] DEBUG FXGLApplication      - Loading default localization
16:30:17.165 [FXGL Background Thread 4 ] DEBUG FXGLAssetLoaderServi - Loading from file system: jar:file:/C:/Users/Morgan%20Johnson/.m2/repository/com/github/almasb/fxgl/17.2/fxgl-17.2.jar!/fxglassets/ui/fonts/VarelaRound-Regular.ttf
16:30:17.166 [FXGL Background Thread 1 ] DEBUG FXGLAssetLoaderServi - Loading from file system: jar:file:/C:/Users/Morgan%20Johnson/.m2/repository/com/github/almasb/fxgl/17.2/fxgl-17.2.jar!/fxglassets/languages/english.lang
16:30:17.189 [FXGL Background Thread 1 ] INFO  FXGLApplication      - FXGL initialization took: 0.527 sec
16:30:17.200 [JavaFX Application Thread] DEBUG Input                - Registered new binding: action0 - W
16:30:17.201 [JavaFX Application Thread] DEBUG Input                - Registered new binding: action1 - S
16:30:17.201 [JavaFX Application Thread] DEBUG Input                - Registered new binding: action2 - A
16:30:17.201 [JavaFX Application Thread] DEBUG Input                - Registered new binding: action3 - D
16:30:17.203 [JavaFX Application Thread] DEBUG Input                - Registered new binding: action4 - LMB
16:30:17.204 [JavaFX Application Thread] DEBUG FXGLAssetLoaderServi - Loading from file system: jar:file:/C:/Users/Morgan%20Johnson/.m2/repository/com/github/almasb/fxgl/17.2/fxgl-17.2.jar!/fxglassets/textures/fxgl_icon.png
16:30:17.221 [JavaFX Application Thread] DEBUG FXGLAssetLoaderServi - Loading from file system: jar:file:/C:/Users/Morgan%20Johnson/.m2/repository/com/github/almasb/fxgl/17.2/fxgl-17.2.jar!/fxglassets/textures/fxgl_default_cursor.png
16:30:17.224 [JavaFX Application Thread] DEBUG Input                - Registered new binding: Screenshot - CTRL+8
16:30:17.225 [JavaFX Application Thread] DEBUG Input                - Registered new binding: System info dump - CTRL+9
16:30:17.225 [JavaFX Application Thread] DEBUG Input                - Registered new binding: Restart - CTRL+R
16:30:17.226 [JavaFX Application Thread] DEBUG Input                - Registered new binding: Toggle Debug Camera - CTRL+7
16:30:17.229 [JavaFX Application Thread] DEBUG LoopRunner           - Starting loop
16:30:17.229 [JavaFX Application Thread] DEBUG LoopRunner           - Initializing JavaFX AnimationTimerLoop
16:30:17.261 [FXGL Background Thread 4 ] DEBUG FXGLAssetLoaderServi - Loading from file system: jar:file:/C:/Users/Morgan%20Johnson/.m2/repository/com/github/almasb/fxgl/17.2/fxgl-17.2.jar!/fxglassets/ui/fonts/Abel-Regular.ttf
16:30:17.265 [JavaFX Application Thread] DEBUG Input                - Clearing active input actions
16:30:17.266 [FXGL Background Thread 4 ] DEBUG FXGLAssetLoaderServi - Loading from file system: jar:file:/C:/Users/Morgan%20Johnson/.m2/repository/com/github/almasb/fxgl/17.2/fxgl-17.2.jar!/fxglassets/ui/fonts/TerminalLandMono-Regular.otf
16:30:17.271 [FXGL Background Thread 4 ] DEBUG FXGLAssetLoaderServi - Loading from file system: jar:file:/C:/Users/Morgan%20Johnson/.m2/repository/com/github/almasb/fxgl/17.2/fxgl-17.2.jar!/fxglassets/ui/fonts/Courier-Prime.ttf
16:30:17.273 [JavaFX Application Thread] DEBUG GameApplicationServi - Removing overlay from FXGLStartupScene and adding to FXGLIntroScene
16:30:17.273 [JavaFX Application Thread] DEBUG PrimaryStageWindow   - FXGLStartupScene -> FXGLIntroScene
16:30:17.312 [JavaFX Application Thread] DEBUG FXGLApplication      - Registering font factories with UI factory
16:30:20.164 [FXGL Background Thread 3 ] DEBUG Engine               - Logging environment variables
16:30:20.164 [FXGL Background Thread 3 ] DEBUG Engine               - achievements: []
16:30:20.164 [FXGL Background Thread 3 ] DEBUG Engine               - actualHeight: 1024.0
16:30:20.164 [FXGL Background Thread 3 ] DEBUG Engine               - actualHeightProperty: ReadOnlyDoubleProperty [value: 1024.0]
16:30:20.164 [FXGL Background Thread 3 ] DEBUG Engine               - actualWidth: 1024.0
16:30:20.164 [FXGL Background Thread 3 ] DEBUG Engine               - actualWidthProperty: ReadOnlyDoubleProperty [value: 1024.0]
16:30:20.165 [FXGL Background Thread 3 ] DEBUG Engine               - appIcon: fxgl_icon.png
16:30:20.165 [FXGL Background Thread 3 ] DEBUG Engine               - applicationMode: DEVELOPER
16:30:20.165 [FXGL Background Thread 3 ] DEBUG Engine               - cSSList: [fxgl_dark.css]
16:30:20.165 [FXGL Background Thread 3 ] DEBUG Engine               - collisionDetectionStrategy: BRUTE_FORCE
16:30:20.165 [FXGL Background Thread 3 ] DEBUG Engine               - configClass: Optional.empty
16:30:20.165 [FXGL Background Thread 3 ] DEBUG Engine               - credits: []
16:30:20.165 [FXGL Background Thread 3 ] DEBUG Engine               - defaultCursor: CursorInfo(imageName=fxgl_default_cursor.png, hotspotX=7.0, hotspotY=6.0)
16:30:20.165 [FXGL Background Thread 3 ] DEBUG Engine               - devBBoxColorProperty: ObjectProperty [value: 0xff0000ff]
16:30:20.166 [FXGL Background Thread 3 ] DEBUG Engine               - devEnableDebugCameraProperty: BooleanProperty [value: false]
16:30:20.166 [FXGL Background Thread 3 ] DEBUG Engine               - devSensorColorProperty: ObjectProperty [value: 0xffff00ff]
16:30:20.166 [FXGL Background Thread 3 ] DEBUG Engine               - devShowBBoxProperty: BooleanProperty [value: false]
16:30:20.166 [FXGL Background Thread 3 ] DEBUG Engine               - devShowPositionProperty: BooleanProperty [value: false]
16:30:20.166 [FXGL Background Thread 3 ] DEBUG Engine               - enabledMenuItems: []
16:30:20.166 [FXGL Background Thread 3 ] DEBUG Engine               - engineServices: [class com.almasb.fxgl.app.services.FXGLAssetLoaderService, class com.almasb.fxgl.app.FXGLApplication$GameApplicationService, class com.almasb.fxgl.app.services.FXGLDialogService, class com.almasb.fxgl.app.services.IOTaskExecutorService, class com.almasb.fxgl.io.FileSystemService, class com.almasb.fxgl.localization.LocalizationService, class com.almasb.fxgl.app.services.SystemBundleService, class com.almasb.fxgl.profile.SaveLoadService, class com.almasb.fxgl.ui.FXGLUIFactoryServiceProvider, class com.almasb.fxgl.ui.FXGLDialogFactoryServiceProvider, class com.almasb.fxgl.audio.AudioPlayer, class com.almasb.fxgl.notification.impl.NotificationServiceProvider, class com.almasb.fxgl.achievement.AchievementService, class com.almasb.fxgl.cutscene.CutsceneService, class com.almasb.fxgl.minigames.MiniGameService, class com.almasb.fxgl.net.NetService, class com.almasb.fxgl.app.services.UpdaterService, class com.almasb.fxgl.dev.DevService]
16:30:20.166 [FXGL Background Thread 3 ] DEBUG Engine               - fontGame: Abel-Regular.ttf
16:30:20.166 [FXGL Background Thread 3 ] DEBUG Engine               - fontMono: TerminalLandMono-Regular.otf
16:30:20.166 [FXGL Background Thread 3 ] DEBUG Engine               - fontText: Courier-Prime.ttf
16:30:20.166 [FXGL Background Thread 3 ] DEBUG Engine               - fontUI: VarelaRound-Regular.ttf
16:30:20.166 [FXGL Background Thread 3 ] DEBUG Engine               - fullScreen: BooleanProperty [value: false]
16:30:20.166 [FXGL Background Thread 3 ] DEBUG Engine               - gameDifficulty: MEDIUM
16:30:20.166 [FXGL Background Thread 3 ] DEBUG Engine               - gameDifficultyProperty: ObjectProperty [value: MEDIUM]
16:30:20.166 [FXGL Background Thread 3 ] DEBUG Engine               - globalMusicVolume: 0.5
16:30:20.166 [FXGL Background Thread 3 ] DEBUG Engine               - globalMusicVolumeProperty: DoubleProperty [value: 0.5]
16:30:20.166 [FXGL Background Thread 3 ] DEBUG Engine               - globalSoundVolume: 0.5
16:30:20.167 [FXGL Background Thread 3 ] DEBUG Engine               - globalSoundVolumeProperty: DoubleProperty [value: 0.5]
16:30:20.167 [FXGL Background Thread 3 ] DEBUG Engine               - height: 1024
16:30:20.167 [FXGL Background Thread 3 ] DEBUG Engine               - is3D: false
16:30:20.167 [FXGL Background Thread 3 ] DEBUG Engine               - isAndroid: false
16:30:20.167 [FXGL Background Thread 3 ] DEBUG Engine               - isBrowser: false
16:30:20.167 [FXGL Background Thread 3 ] DEBUG Engine               - isClickFeedbackEnabled: false
16:30:20.167 [FXGL Background Thread 3 ] DEBUG Engine               - isCloseConfirmation: false
16:30:20.167 [FXGL Background Thread 3 ] DEBUG Engine               - isDesktop: true
16:30:20.167 [FXGL Background Thread 3 ] DEBUG Engine               - isDeveloperMenuEnabled: false
16:30:20.167 [FXGL Background Thread 3 ] DEBUG Engine               - isEmbedded: false
16:30:20.167 [FXGL Background Thread 3 ] DEBUG Engine               - isEntityPreloadEnabled: true
16:30:20.167 [FXGL Background Thread 3 ] DEBUG Engine               - isExperimentalTiledLargeMap: false
16:30:20.167 [FXGL Background Thread 3 ] DEBUG Engine               - isFileSystemWriteAllowed: true
16:30:20.167 [FXGL Background Thread 3 ] DEBUG Engine               - isFullScreenAllowed: false
16:30:20.167 [FXGL Background Thread 3 ] DEBUG Engine               - isFullScreenFromStart: false
16:30:20.167 [FXGL Background Thread 3 ] DEBUG Engine               - isGameMenuEnabled: true
16:30:20.167 [FXGL Background Thread 3 ] DEBUG Engine               - isIOS: false
16:30:20.167 [FXGL Background Thread 3 ] DEBUG Engine               - isIntroEnabled: true
16:30:20.167 [FXGL Background Thread 3 ] DEBUG Engine               - isLinux: false
16:30:20.167 [FXGL Background Thread 3 ] DEBUG Engine               - isMac: false
16:30:20.167 [FXGL Background Thread 3 ] DEBUG Engine               - isMainMenuEnabled: true
16:30:20.167 [FXGL Background Thread 3 ] DEBUG Engine               - isManualResizeEnabled: false
16:30:20.168 [FXGL Background Thread 3 ] DEBUG Engine               - isMobile: false
16:30:20.168 [FXGL Background Thread 3 ] DEBUG Engine               - isNative: false
16:30:20.168 [FXGL Background Thread 3 ] DEBUG Engine               - isPauseMusicWhenMinimized: true
16:30:20.168 [FXGL Background Thread 3 ] DEBUG Engine               - isPreserveResizeRatio: false
16:30:20.168 [FXGL Background Thread 3 ] DEBUG Engine               - isProfilingEnabled: false
16:30:20.168 [FXGL Background Thread 3 ] DEBUG Engine               - isScaleAffectedOnResize: true
16:30:20.168 [FXGL Background Thread 3 ] DEBUG Engine               - isSingleStep: false
16:30:20.168 [FXGL Background Thread 3 ] DEBUG Engine               - isUserProfileEnabled: false
16:30:20.168 [FXGL Background Thread 3 ] DEBUG Engine               - isWindows: true
16:30:20.168 [FXGL Background Thread 3 ] DEBUG Engine               - language: ObjectProperty [value: ENGLISH]
16:30:20.168 [FXGL Background Thread 3 ] DEBUG Engine               - menuKey: ESCAPE
16:30:20.168 [FXGL Background Thread 3 ] DEBUG Engine               - mouseSensitivity: 0.2
16:30:20.168 [FXGL Background Thread 3 ] DEBUG Engine               - notificationViewClass: class com.almasb.fxgl.notification.view.XboxNotificationView
16:30:20.168 [FXGL Background Thread 3 ] DEBUG Engine               - pixelsPerMeter: 50.0
16:30:20.168 [FXGL Background Thread 3 ] DEBUG Engine               - platform: WINDOWS
16:30:20.168 [FXGL Background Thread 3 ] DEBUG Engine               - prefHeightProperty: ReadOnlyDoubleProperty [value: 1024.0]
16:30:20.168 [FXGL Background Thread 3 ] DEBUG Engine               - prefWidthProperty: ReadOnlyDoubleProperty [value: 1024.0]
16:30:20.168 [FXGL Background Thread 3 ] DEBUG Engine               - profileDir: profiles/
16:30:20.168 [FXGL Background Thread 3 ] DEBUG Engine               - profileName: StringProperty [value: DEFAULT]
16:30:20.168 [FXGL Background Thread 3 ] DEBUG Engine               - randomSeed: -1
16:30:20.169 [FXGL Background Thread 3 ] DEBUG Engine               - runtimeInfo: RuntimeInfo(platform=WINDOWS, version=17.2, build=20.08.2022 16.50)
16:30:20.169 [FXGL Background Thread 3 ] DEBUG Engine               - saveFileExt: sav
16:30:20.169 [FXGL Background Thread 3 ] DEBUG Engine               - scaledHeightProp$fxgl: DoubleProperty [bound, value: 1024.0]
16:30:20.169 [FXGL Background Thread 3 ] DEBUG Engine               - scaledWidthProp$fxgl: DoubleProperty [bound, value: 1024.0]
16:30:20.169 [FXGL Background Thread 3 ] DEBUG Engine               - sceneFactory: com.almasb.fxgl.app.scene.SceneFactory@7839265c
16:30:20.169 [FXGL Background Thread 3 ] DEBUG Engine               - secondsIn24h: 60
16:30:20.169 [FXGL Background Thread 3 ] DEBUG Engine               - soundMenuBack: menu/back.wav
16:30:20.169 [FXGL Background Thread 3 ] DEBUG Engine               - soundMenuPress: menu/press.wav
16:30:20.169 [FXGL Background Thread 3 ] DEBUG Engine               - soundMenuSelect: menu/select.wav
16:30:20.169 [FXGL Background Thread 3 ] DEBUG Engine               - soundNotification: core/notification.wav
16:30:20.169 [FXGL Background Thread 3 ] DEBUG Engine               - stageStyle: DECORATED
16:30:20.169 [FXGL Background Thread 3 ] DEBUG Engine               - supportedLanguages: [ENGLISH, FRENCH, GERMAN, HUNGARIAN, RUSSIAN]
16:30:20.169 [FXGL Background Thread 3 ] DEBUG Engine               - ticksPerSecond: -1
16:30:20.169 [FXGL Background Thread 3 ] DEBUG Engine               - title: Dawnseeker
16:30:20.169 [FXGL Background Thread 3 ] DEBUG Engine               - urlGithub: https://github.com/AlmasB/FXGL
16:30:20.169 [FXGL Background Thread 3 ] DEBUG Engine               - urlLeaderboard: http://fxgl-top.herokuapp.com/
16:30:20.169 [FXGL Background Thread 3 ] DEBUG Engine               - urlPOM: https://raw.githubusercontent.com/AlmasB/FXGL/release/README.md
16:30:20.169 [FXGL Background Thread 3 ] DEBUG Engine               - userAppClass: class myGame.DawnseekerApp
16:30:20.169 [FXGL Background Thread 3 ] DEBUG Engine               - version: 0.1
16:30:20.169 [FXGL Background Thread 3 ] DEBUG Engine               - versionCheckDays: 7
16:30:20.169 [FXGL Background Thread 3 ] DEBUG Engine               - width: 1024
16:30:20.169 [FXGL Background Thread 3 ] DEBUG Engine               - Logging services
16:30:20.170 [FXGL Background Thread 3 ] DEBUG Engine               - class com.almasb.fxgl.app.services.FXGLAssetLoaderService
16:30:20.170 [FXGL Background Thread 3 ] DEBUG Engine               - class com.almasb.fxgl.app.FXGLApplication$GameApplicationService
16:30:20.170 [FXGL Background Thread 3 ] DEBUG Engine               - class com.almasb.fxgl.app.services.FXGLDialogService
16:30:20.170 [FXGL Background Thread 3 ] DEBUG Engine               - class com.almasb.fxgl.app.services.IOTaskExecutorService
16:30:20.170 [FXGL Background Thread 3 ] DEBUG Engine               - class com.almasb.fxgl.io.FileSystemService
16:30:20.170 [FXGL Background Thread 3 ] DEBUG Engine               - class com.almasb.fxgl.localization.LocalizationService
16:30:20.170 [FXGL Background Thread 3 ] DEBUG Engine               - class com.almasb.fxgl.app.services.SystemBundleService
16:30:20.170 [FXGL Background Thread 3 ] DEBUG Engine               - class com.almasb.fxgl.profile.SaveLoadService
16:30:20.170 [FXGL Background Thread 3 ] DEBUG Engine               - class com.almasb.fxgl.ui.FXGLUIFactoryServiceProvider
16:30:20.170 [FXGL Background Thread 3 ] DEBUG Engine               - class com.almasb.fxgl.ui.FXGLDialogFactoryServiceProvider
16:30:20.170 [FXGL Background Thread 3 ] DEBUG Engine               - class com.almasb.fxgl.audio.AudioPlayer
16:30:20.170 [FXGL Background Thread 3 ] DEBUG Engine               - class com.almasb.fxgl.notification.impl.NotificationServiceProvider
16:30:20.170 [FXGL Background Thread 3 ] DEBUG Engine               - class com.almasb.fxgl.achievement.AchievementService
16:30:20.170 [FXGL Background Thread 3 ] DEBUG Engine               - class com.almasb.fxgl.cutscene.CutsceneService
16:30:20.170 [FXGL Background Thread 3 ] DEBUG Engine               - class com.almasb.fxgl.minigames.MiniGameService
16:30:20.170 [FXGL Background Thread 3 ] DEBUG Engine               - class com.almasb.fxgl.net.NetService
16:30:20.170 [FXGL Background Thread 3 ] DEBUG Engine               - class com.almasb.fxgl.app.services.UpdaterService
16:30:20.170 [FXGL Background Thread 3 ] DEBUG Engine               - class com.almasb.fxgl.dev.DevService
16:30:24.705 [JavaFX Application Thread] DEBUG Input                - Clearing active input actions
16:30:24.711 [JavaFX Application Thread] DEBUG GameApplicationServi - Removing overlay from FXGLIntroScene and adding to FXGLMainMenuDummyScene
16:30:24.712 [JavaFX Application Thread] DEBUG PrimaryStageWindow   - FXGLIntroScene -> FXGLMainMenuDummyScene
16:30:24.712 [JavaFX Application Thread] DEBUG PrimaryStageWindow   - Push state: FXGLDefaultMenu
16:30:24.715 [JavaFX Application Thread] DEBUG Input                - Clearing active input actions
16:30:24.723 [JavaFX Application Thread] DEBUG GameApplicationServi - Removing overlay from FXGLMainMenuDummyScene and adding to FXGLDefaultMenu
16:30:24.723 [JavaFX Application Thread] DEBUG PrimaryStageWindow   - FXGLMainMenuDummyScene -> FXGLDefaultMenu
16:30:25.849 [JavaFX Application Thread] DEBUG Menu                 - fireNewGame()
16:30:25.849 [JavaFX Application Thread] DEBUG GameApplicationServi - Starting new game
16:30:25.851 [JavaFX Application Thread] DEBUG PrimaryStageWindow   - Pop state: FXGLDefaultMenu
16:30:25.851 [JavaFX Application Thread] DEBUG Input                - Clearing active input actions
16:30:25.852 [JavaFX Application Thread] DEBUG GameApplicationServi - Removing overlay from FXGLDefaultMenu and adding to FXGLMainMenuDummyScene
16:30:25.852 [JavaFX Application Thread] DEBUG PrimaryStageWindow   - FXGLMainMenuDummyScene <- FXGLDefaultMenu
16:30:25.852 [JavaFX Application Thread] DEBUG Input                - Clearing active input actions
16:30:25.856 [JavaFX Application Thread] DEBUG GameApplicationServi - Removing overlay from FXGLMainMenuDummyScene and adding to FXGLLoadingScene
16:30:25.856 [JavaFX Application Thread] DEBUG PrimaryStageWindow   - FXGLMainMenuDummyScene -> FXGLLoadingScene
16:30:25.856 [JavaFX Application Thread] DEBUG GameApplicationServi - Clearing previous game
16:30:25.856 [JavaFX Application Thread] DEBUG GameScene            - Clearing game scene
16:30:25.856 [JavaFX Application Thread] DEBUG GameWorld            - Clearing game world
16:30:25.857 [JavaFX Application Thread] DEBUG PhysicsWorld         - Clearing physics world
16:30:25.858 [FXGL Background Thread 2 ] DEBUG FXGLApplication      - Initializing game
16:30:25.865 [FXGL Background Thread 2 ] WARN  FXGLAssetLoaderServi - Asset "/assets/textures/PlayerCharacterDawnseeker.png" was not found!
16:30:25.865 [FXGL Background Thread 2 ] WARN  FXGLAssetLoaderServi - Failed to load IMAGE
16:30:25.900 [FXGL Background Thread 2 ] WARN  GameWorld            - Entity is already attached to world
16:30:25.901 [FXGL Background Thread 2 ] WARN  Entity               - Entity already has component: com.almasb.fxgl.entity.components.CollidableComponent
16:30:25.901 [FXGL Background Thread 2 ] WARN  GameWorld            - Entity is already attached to world
16:30:25.901 [FXGL Background Thread 2 ] WARN  Entity               - Entity already has component: com.almasb.fxgl.entity.components.CollidableComponent
16:30:25.901 [FXGL Background Thread 2 ] WARN  GameWorld            - Entity is already attached to world
16:30:25.902 [FXGL Background Thread 2 ] WARN  Entity               - Entity already has component: com.almasb.fxgl.entity.components.CollidableComponent
16:30:25.902 [FXGL Background Thread 2 ] WARN  GameWorld            - Entity is already attached to world
16:30:25.902 [FXGL Background Thread 2 ] WARN  Entity               - Entity already has component: com.almasb.fxgl.entity.components.CollidableComponent
16:30:25.902 [FXGL Background Thread 2 ] WARN  GameWorld            - Entity is already attached to world
16:30:25.903 [FXGL Background Thread 2 ] WARN  Entity               - Entity already has component: com.almasb.fxgl.entity.components.CollidableComponent
16:30:25.903 [FXGL Background Thread 2 ] WARN  GameWorld            - Entity is already attached to world
16:30:25.903 [FXGL Background Thread 2 ] WARN  Entity               - Entity already has component: com.almasb.fxgl.entity.components.CollidableComponent
16:30:25.904 [FXGL Background Thread 2 ] WARN  GameWorld            - Entity is already attached to world
16:30:25.904 [FXGL Background Thread 2 ] WARN  Entity               - Entity already has component: com.almasb.fxgl.entity.components.CollidableComponent
16:30:25.904 [FXGL Background Thread 2 ] WARN  GameWorld            - Entity is already attached to world
16:30:25.905 [FXGL Background Thread 2 ] WARN  Entity               - Entity already has component: com.almasb.fxgl.entity.components.CollidableComponent
16:30:25.905 [FXGL Background Thread 2 ] WARN  GameWorld            - Entity is already attached to world
16:30:25.914 [FXGL Background Thread 2 ] INFO  FXGLApplication      - Game initialization took: 0.055 sec
16:30:25.916 [JavaFX Application Thread] DEBUG Input                - Clearing active input actions
16:30:25.919 [JavaFX Application Thread] DEBUG GameApplicationServi - Removing overlay from FXGLLoadingScene and adding to GameScene
16:30:25.920 [JavaFX Application Thread] DEBUG PrimaryStageWindow   - FXGLLoadingScene -> GameScene
16:30:26.289 [JavaFX Application Thread] DEBUG FXGLAssetLoaderServi - Loading from file system: file:/C:/Games/Schoolwork/Spring%2023/CS4900/DawnseekerWorkspace/CS4900G2Proj2/Dawnseeker/target/classes/assets/textures/EnemyDawnseeker.png
16:30:27.015 [JavaFX Application Thread] DEBUG FXGLAssetLoaderServi - Loading from file system: file:/C:/Games/Schoolwork/Spring%2023/CS4900/DawnseekerWorkspace/CS4900G2Proj2/Dawnseeker/target/classes/assets/textures/FireBallProjectile.png
16:30:46.312 [JavaFX Application Thread] DEBUG FXGLApplication      - Exiting FXGL
16:30:46.313 [JavaFX Application Thread] DEBUG LoopRunner           - Stopping loop
16:30:46.313 [JavaFX Application Thread] DEBUG SystemBundleService  - Saving FXGL system data
16:30:46.314 [JavaFX Application Thread] DEBUG FileSystemAccess     - Writing to: C:\Games\Schoolwork\Spring 23\CS4900\DawnseekerWorkspace\CS4900G2Proj2\Dawnseeker\system\fxgl.bundle
16:30:46.316 [JavaFX Application Thread] DEBUG Async                - Shutting down background threads
16:30:46.316 [JavaFX Application Thread] DEBUG PrimaryStageWindow   - Closing main window
16:30:46.326 [JavaFX Application Thread] DEBUG Logger               - Closing Logger
