18:21:13.721 [main                     ] DEBUG Logger               - Configured Logger
18:21:13.744 [main                     ] DEBUG GameApplication      - Logging settings
Title: Dawnseeker
Version: 0.4
Width: 1920
Height: 1080
Fullscreen: false
Intro: false
Profiling: false
Single step:false
App Mode: DEVELOPER
Menu Key: ESCAPE
Stage Style: DECORATED
Scene Factory: class myGame.DawnseekerApp$1

18:21:14.189 [JavaFX Application Thread] DEBUG FXGLApplication      - Initializing FXGL
18:21:14.192 [JavaFX Application Thread] INFO  Engine               - FXGL-17.2 (20.08.2022 16.50) on WINDOWS (J:19.0.2 FX:18)
18:21:14.193 [JavaFX Application Thread] DEBUG Engine               - JRE Vendor Name: Oracle Corporation
18:21:14.193 [JavaFX Application Thread] DEBUG Engine               - Running on OS: Windows 10 version 10.0
18:21:14.193 [JavaFX Application Thread] DEBUG Engine               - Architecture: amd64
18:21:14.193 [JavaFX Application Thread] INFO  Engine               - Source code and latest versions at: https://github.com/AlmasB/FXGL
18:21:14.193 [JavaFX Application Thread] INFO  Engine               -       Ask questions and discuss at: https://github.com/AlmasB/FXGL/discussions
18:21:14.193 [JavaFX Application Thread] INFO  Engine               -              Join the FXGL chat at: https://gitter.im/AlmasB/FXGL
18:21:14.307 [JavaFX Application Thread] DEBUG PrimaryStageWindow   - Creating a JavaFX scene
18:21:14.353 [JavaFX Application Thread] DEBUG PrimaryStageWindow   - Target settings size: 1920.0 x 1080.0
18:21:14.353 [JavaFX Application Thread] DEBUG PrimaryStageWindow   - Scaled scene size:    1920.0 x 1080.0
18:21:14.354 [JavaFX Application Thread] DEBUG PrimaryStageWindow   - Scaled ratio: (1.0, 1.0)
18:21:14.355 [JavaFX Application Thread] DEBUG PrimaryStageWindow   - Set initial scene to FXGLStartupScene
18:21:14.362 [JavaFX Application Thread] DEBUG PrimaryStageWindow   - Opening main window
18:21:14.449 [JavaFX Application Thread] DEBUG PrimaryStageWindow   - Window border size: (16.0, 39.0)
18:21:14.449 [JavaFX Application Thread] DEBUG PrimaryStageWindow   - Scaled size: 1920.0 x 1080.0
18:21:14.449 [JavaFX Application Thread] DEBUG PrimaryStageWindow   - Scaled ratio: (1.0, 1.0)
18:21:14.449 [JavaFX Application Thread] DEBUG PrimaryStageWindow   - Scene size: 1920.0 x 1080.0
18:21:14.450 [JavaFX Application Thread] DEBUG PrimaryStageWindow   - Stage size: 1936.0 x 1119.0
18:21:14.457 [FXGL Background Thread 1 ] DEBUG Engine               - Initializing environment variables
18:21:14.504 [FXGL Background Thread 1 ] DEBUG FXGLAssetLoaderServi - User app class for loading assets: class myGame.DawnseekerApp
18:21:14.504 [FXGL Background Thread 1 ] DEBUG GameApplicationServi - Applying CSS: fxgl_dark.css
18:21:14.505 [FXGL Background Thread 1 ] DEBUG FXGLAssetLoaderServi - Loading from file system: jar:file:/C:/Users/Morgan%20Johnson/.m2/repository/com/github/almasb/fxgl/17.2/fxgl-17.2.jar!/fxglassets/ui/css/fxgl_dark.css
18:21:14.544 [FXGL Background Thread 1 ] DEBUG GameApplicationServi - Initializing application scenes
18:21:14.580 [FXGL Background Thread 1 ] DEBUG GameWorld            - Game world initialized
18:21:14.639 [FXGL Background Thread 1 ] DEBUG PhysicsWorld         - Physics world initialized: appHeight=1080, physics.ppm=50.0
18:21:14.640 [FXGL Background Thread 1 ] DEBUG PhysicsWorld         - Using strategy: BRUTE_FORCE
18:21:14.643 [FXGL Background Thread 1 ] DEBUG GameScene            - Game scene initialized: 1920x1080
18:21:14.643 [FXGL Background Thread 1 ] DEBUG FXGLAssetLoaderServi - Loading from file system: file:/C:/Games/Schoolwork/Spring%2023/CS4900/DawnseekerWorkspace/CS4900G2Proj2/CS4900G2Proj2/Dawnseeker/target/classes/assets/music/shop.mp3
18:21:14.768 [FXGL Background Thread 1 ] DEBUG AudioPlayer          - Playing music com.almasb.fxgl.audio.Music@14572e68
18:21:14.790 [FXGL Background Thread 1 ] DEBUG FXGLAssetLoaderServi - Loading from file system: file:/C:/Games/Schoolwork/Spring%2023/CS4900/DawnseekerWorkspace/CS4900G2Proj2/CS4900G2Proj2/Dawnseeker/target/classes/assets/textures/bg.png
18:21:14.877 [FXGL Background Thread 1 ] DEBUG FXGL.DefaultMenu     - createMenuBodyGameMenu()
18:21:14.890 [FXGL Background Thread 1 ] DEBUG FXGL.DefaultMenu     - createOptionsMenu()
18:21:14.897 [FXGL Background Thread 1 ] DEBUG FXGLAssetLoaderServi - Loading from file system: jar:file:/C:/Users/Morgan%20Johnson/.m2/repository/com/github/almasb/fxgl/17.2/fxgl-17.2.jar!/fxglassets/textures/particles/smoke.png
18:21:14.970 [FXGL Background Thread 1 ] DEBUG FXGLAssetLoaderServi - Loading from file system: jar:file:/C:/Users/Morgan%20Johnson/.m2/repository/com/github/almasb/fxgl/17.2/fxgl-17.2.jar!/fxglassets/textures/particles/trace_horizontal.png
18:21:14.987 [FXGL Background Thread 1 ] DEBUG GameApplicationServi - Application scenes initialized
18:21:15.001 [FXGL Background Thread 1 ] DEBUG SystemBundleService  - Loading FXGL system data
18:21:15.005 [FXGL Background Thread 1 ] DEBUG FileSystemAccess     - Reading from: C:\Games\Schoolwork\Spring 23\CS4900\DawnseekerWorkspace\CS4900G2Proj2\CS4900G2Proj2\Dawnseeker\system\fxgl.bundle
18:21:15.014 [FXGL Background Thread 1 ] DEBUG SystemBundleService  - Bundle FXGL: {}
18:21:15.014 [FXGL Background Thread 1 ] DEBUG UpdaterService       - Checking for updates
18:21:15.018 [FXGL Background Thread 4 ] DEBUG FXGLApplication      - Loading fonts
18:21:15.019 [FXGL Background Thread 1 ] DEBUG FXGLApplication      - Loading default localization
18:21:15.019 [FXGL Background Thread 4 ] DEBUG FXGLAssetLoaderServi - Loading from file system: jar:file:/C:/Users/Morgan%20Johnson/.m2/repository/com/github/almasb/fxgl/17.2/fxgl-17.2.jar!/fxglassets/ui/fonts/VarelaRound-Regular.ttf
18:21:15.019 [FXGL Background Thread 1 ] DEBUG FXGLAssetLoaderServi - Loading from file system: jar:file:/C:/Users/Morgan%20Johnson/.m2/repository/com/github/almasb/fxgl/17.2/fxgl-17.2.jar!/fxglassets/languages/english.lang
18:21:15.038 [FXGL Background Thread 1 ] INFO  FXGLApplication      - FXGL initialization took: 0.580 sec
18:21:15.043 [JavaFX Application Thread] DEBUG Input                - Registered new binding: action0 - LMB
18:21:15.050 [JavaFX Application Thread] DEBUG Input                - Registered new binding: Up - W
18:21:15.050 [JavaFX Application Thread] DEBUG Input                - Registered new binding: Down - S
18:21:15.050 [JavaFX Application Thread] DEBUG Input                - Registered new binding: Right - D
18:21:15.051 [JavaFX Application Thread] DEBUG Input                - Registered new binding: Left - A
18:21:15.051 [JavaFX Application Thread] DEBUG FXGLAssetLoaderServi - Loading from file system: jar:file:/C:/Users/Morgan%20Johnson/.m2/repository/com/github/almasb/fxgl/17.2/fxgl-17.2.jar!/fxglassets/textures/fxgl_icon.png
18:21:15.072 [JavaFX Application Thread] DEBUG FXGLAssetLoaderServi - Loading from file system: jar:file:/C:/Users/Morgan%20Johnson/.m2/repository/com/github/almasb/fxgl/17.2/fxgl-17.2.jar!/fxglassets/textures/fxgl_default_cursor.png
18:21:15.074 [JavaFX Application Thread] DEBUG Input                - Registered new binding: Screenshot - CTRL+8
18:21:15.075 [JavaFX Application Thread] DEBUG Input                - Registered new binding: System info dump - CTRL+9
18:21:15.075 [JavaFX Application Thread] DEBUG Input                - Registered new binding: Restart - CTRL+R
18:21:15.076 [JavaFX Application Thread] DEBUG Input                - Registered new binding: Toggle Debug Camera - CTRL+7
18:21:15.081 [JavaFX Application Thread] DEBUG LoopRunner           - Starting loop
18:21:15.081 [JavaFX Application Thread] DEBUG LoopRunner           - Initializing JavaFX AnimationTimerLoop
18:21:15.084 [JavaFX Application Thread] DEBUG Input                - Clearing active input actions
18:21:15.095 [JavaFX Application Thread] DEBUG GameApplicationServi - Removing overlay from FXGLStartupScene and adding to FXGLMainMenuDummyScene
18:21:15.095 [JavaFX Application Thread] DEBUG PrimaryStageWindow   - FXGLStartupScene -> FXGLMainMenuDummyScene
18:21:15.096 [JavaFX Application Thread] DEBUG PrimaryStageWindow   - Push state: DawnseekerMenu
18:21:15.096 [JavaFX Application Thread] DEBUG Input                - Clearing active input actions
18:21:15.103 [JavaFX Application Thread] DEBUG GameApplicationServi - Removing overlay from FXGLMainMenuDummyScene and adding to DawnseekerMenu
18:21:15.103 [JavaFX Application Thread] DEBUG PrimaryStageWindow   - FXGLMainMenuDummyScene -> DawnseekerMenu
18:21:15.118 [FXGL Background Thread 4 ] DEBUG FXGLAssetLoaderServi - Loading from file system: jar:file:/C:/Users/Morgan%20Johnson/.m2/repository/com/github/almasb/fxgl/17.2/fxgl-17.2.jar!/fxglassets/ui/fonts/Abel-Regular.ttf
18:21:15.123 [FXGL Background Thread 4 ] DEBUG FXGLAssetLoaderServi - Loading from file system: jar:file:/C:/Users/Morgan%20Johnson/.m2/repository/com/github/almasb/fxgl/17.2/fxgl-17.2.jar!/fxglassets/ui/fonts/TerminalLandMono-Regular.otf
18:21:15.128 [FXGL Background Thread 4 ] DEBUG FXGLAssetLoaderServi - Loading from file system: jar:file:/C:/Users/Morgan%20Johnson/.m2/repository/com/github/almasb/fxgl/17.2/fxgl-17.2.jar!/fxglassets/ui/fonts/Courier-Prime.ttf
18:21:15.137 [JavaFX Application Thread] DEBUG FXGLApplication      - Registering font factories with UI factory
18:21:15.394 [FXGL Background Thread 2 ] INFO  UpdaterService       - Your current version:  17.2
18:21:15.394 [FXGL Background Thread 2 ] INFO  UpdaterService       - Latest stable version: 17.3
18:21:15.814 [JavaFX Application Thread] DEBUG Menu                 - fireNewGame()
18:21:15.814 [JavaFX Application Thread] DEBUG GameApplicationServi - Starting new game
18:21:15.814 [JavaFX Application Thread] DEBUG PrimaryStageWindow   - Pop state: DawnseekerMenu
18:21:15.814 [JavaFX Application Thread] DEBUG Input                - Clearing active input actions
18:21:15.815 [JavaFX Application Thread] DEBUG GameApplicationServi - Removing overlay from DawnseekerMenu and adding to FXGLMainMenuDummyScene
18:21:15.815 [JavaFX Application Thread] DEBUG PrimaryStageWindow   - FXGLMainMenuDummyScene <- DawnseekerMenu
18:21:15.815 [JavaFX Application Thread] DEBUG Input                - Clearing active input actions
18:21:15.820 [JavaFX Application Thread] DEBUG GameApplicationServi - Removing overlay from FXGLMainMenuDummyScene and adding to FXGLLoadingScene
18:21:15.821 [JavaFX Application Thread] DEBUG PrimaryStageWindow   - FXGLMainMenuDummyScene -> FXGLLoadingScene
18:21:15.821 [JavaFX Application Thread] DEBUG GameApplicationServi - Clearing previous game
18:21:15.821 [JavaFX Application Thread] DEBUG GameScene            - Clearing game scene
18:21:15.821 [JavaFX Application Thread] DEBUG GameWorld            - Clearing game world
18:21:15.821 [JavaFX Application Thread] DEBUG PhysicsWorld         - Clearing physics world
18:21:15.822 [FXGL Background Thread 2 ] DEBUG FXGLApplication      - Initializing game
18:21:15.826 [FXGL Background Thread 2 ] DEBUG AudioPlayer          - Stopping music com.almasb.fxgl.audio.Music@14572e68
18:21:15.829 [FXGL Background Thread 2 ] DEBUG FXGLAssetLoaderServi - Loading from file system: file:/C:/Games/Schoolwork/Spring%2023/CS4900/DawnseekerWorkspace/CS4900G2Proj2/CS4900G2Proj2/Dawnseeker/target/classes/assets/music/heartache.mp3
18:21:15.831 [FXGL Background Thread 2 ] DEBUG AudioPlayer          - Playing music com.almasb.fxgl.audio.Music@2c2f02d6
18:21:15.845 [FXGL Background Thread 2 ] DEBUG FXGLAssetLoaderServi - Loading from file system: file:/C:/Games/Schoolwork/Spring%2023/CS4900/DawnseekerWorkspace/CS4900G2Proj2/CS4900G2Proj2/Dawnseeker/target/classes/assets/textures/DawnseekerPCV2.png
18:21:15.848 [FXGL Background Thread 2 ] DEBUG FXGLAssetLoaderServi - Loading from file system: file:/C:/Games/Schoolwork/Spring%2023/CS4900/DawnseekerWorkspace/CS4900G2Proj2/CS4900G2Proj2/Dawnseeker/target/classes/assets/textures/DawnseekerPCV2Down.png
18:21:15.850 [FXGL Background Thread 2 ] DEBUG FXGLAssetLoaderServi - Loading from file system: file:/C:/Games/Schoolwork/Spring%2023/CS4900/DawnseekerWorkspace/CS4900G2Proj2/CS4900G2Proj2/Dawnseeker/target/classes/assets/textures/DawnseekerPCV2Up.png
18:21:15.853 [FXGL Background Thread 2 ] DEBUG FXGLAssetLoaderServi - Loading from file system: file:/C:/Games/Schoolwork/Spring%2023/CS4900/DawnseekerWorkspace/CS4900G2Proj2/CS4900G2Proj2/Dawnseeker/target/classes/assets/textures/DawnseekerPCV2Right.png
18:21:15.855 [FXGL Background Thread 2 ] DEBUG FXGLAssetLoaderServi - Loading from file system: file:/C:/Games/Schoolwork/Spring%2023/CS4900/DawnseekerWorkspace/CS4900G2Proj2/CS4900G2Proj2/Dawnseeker/target/classes/assets/textures/DawnseekerPCV2Left.png
18:21:15.869 [FXGL Background Thread 2 ] WARN  GameWorld            - Entity is already attached to world
18:21:15.869 [FXGL Background Thread 2 ] DEBUG FXGLAssetLoaderServi - Loading from file system: file:/C:/Games/Schoolwork/Spring%2023/CS4900/DawnseekerWorkspace/CS4900G2Proj2/CS4900G2Proj2/Dawnseeker/target/classes/assets/textures/Rock1.png
18:21:15.871 [FXGL Background Thread 2 ] WARN  Entity               - Entity already has component: com.almasb.fxgl.entity.components.CollidableComponent
18:21:15.871 [FXGL Background Thread 2 ] WARN  GameWorld            - Entity is already attached to world
18:21:15.872 [FXGL Background Thread 2 ] DEBUG FXGLAssetLoaderServi - Loading from file system: file:/C:/Games/Schoolwork/Spring%2023/CS4900/DawnseekerWorkspace/CS4900G2Proj2/CS4900G2Proj2/Dawnseeker/target/classes/assets/textures/Rock2.png
18:21:15.873 [FXGL Background Thread 2 ] WARN  Entity               - Entity already has component: com.almasb.fxgl.entity.components.CollidableComponent
18:21:15.873 [FXGL Background Thread 2 ] WARN  GameWorld            - Entity is already attached to world
18:21:15.874 [FXGL Background Thread 2 ] WARN  GameWorld            - Entity is already attached to world
18:21:15.875 [FXGL Background Thread 2 ] WARN  GameWorld            - Entity is already attached to world
18:21:15.888 [FXGL Background Thread 2 ] INFO  FXGLApplication      - Game initialization took: 0.066 sec
18:21:15.893 [JavaFX Application Thread] DEBUG Input                - Clearing active input actions
18:21:15.902 [JavaFX Application Thread] DEBUG GameApplicationServi - Removing overlay from FXGLLoadingScene and adding to GameScene
18:21:15.902 [JavaFX Application Thread] DEBUG PrimaryStageWindow   - FXGLLoadingScene -> GameScene
18:21:16.072 [JavaFX Application Thread] DEBUG FXGLAssetLoaderServi - Loading from file system: file:/C:/Games/Schoolwork/Spring%2023/CS4900/DawnseekerWorkspace/CS4900G2Proj2/CS4900G2Proj2/Dawnseeker/target/classes/assets/sounds/magic_missile.wav
18:21:16.081 [JavaFX Application Thread] DEBUG FXGLAssetLoaderServi - Loading from file system: file:/C:/Games/Schoolwork/Spring%2023/CS4900/DawnseekerWorkspace/CS4900G2Proj2/CS4900G2Proj2/Dawnseeker/target/classes/assets/textures/Fireball.gif
18:21:16.765 [JavaFX Application Thread] DEBUG FXGLAssetLoaderServi - Loading from file system: file:/C:/Games/Schoolwork/Spring%2023/CS4900/DawnseekerWorkspace/CS4900G2Proj2/CS4900G2Proj2/Dawnseeker/target/classes/assets/textures/Skull.gif
18:21:16.768 [JavaFX Application Thread] DEBUG FXGLAssetLoaderServi - Loading from file system: file:/C:/Games/Schoolwork/Spring%2023/CS4900/DawnseekerWorkspace/CS4900G2Proj2/CS4900G2Proj2/Dawnseeker/target/classes/assets/textures/Ghost.gif
18:21:17.980 [JavaFX Application Thread] WARN  GameWorld            - Attempted to remove entity which is not active
18:21:17.981 [JavaFX Application Thread] DEBUG FXGLAssetLoaderServi - Loading from file system: file:/C:/Games/Schoolwork/Spring%2023/CS4900/DawnseekerWorkspace/CS4900G2Proj2/CS4900G2Proj2/Dawnseeker/target/classes/assets/textures/Coin.gif
18:21:17.983 [JavaFX Application Thread] DEBUG FXGLAssetLoaderServi - Loading from file system: file:/C:/Games/Schoolwork/Spring%2023/CS4900/DawnseekerWorkspace/CS4900G2Proj2/CS4900G2Proj2/Dawnseeker/target/classes/assets/sounds/bong.wav
18:21:18.018 [FXGL Background Thread 3 ] DEBUG Engine               - Logging environment variables
18:21:18.018 [FXGL Background Thread 3 ] DEBUG Engine               - achievements: []
18:21:18.018 [FXGL Background Thread 3 ] DEBUG Engine               - actualHeight: 1080.0
18:21:18.018 [FXGL Background Thread 3 ] DEBUG Engine               - actualHeightProperty: ReadOnlyDoubleProperty [value: 1080.0]
18:21:18.018 [FXGL Background Thread 3 ] DEBUG Engine               - actualWidth: 1920.0
18:21:18.018 [FXGL Background Thread 3 ] DEBUG Engine               - actualWidthProperty: ReadOnlyDoubleProperty [value: 1920.0]
18:21:18.018 [FXGL Background Thread 3 ] DEBUG Engine               - appIcon: fxgl_icon.png
18:21:18.018 [FXGL Background Thread 3 ] DEBUG Engine               - applicationMode: DEVELOPER
18:21:18.018 [FXGL Background Thread 3 ] DEBUG Engine               - cSSList: [fxgl_dark.css]
18:21:18.018 [FXGL Background Thread 3 ] DEBUG Engine               - collisionDetectionStrategy: BRUTE_FORCE
18:21:18.018 [FXGL Background Thread 3 ] DEBUG Engine               - configClass: Optional.empty
18:21:18.019 [FXGL Background Thread 3 ] DEBUG Engine               - credits: []
18:21:18.019 [FXGL Background Thread 3 ] DEBUG Engine               - defaultCursor: CursorInfo(imageName=fxgl_default_cursor.png, hotspotX=7.0, hotspotY=6.0)
18:21:18.019 [FXGL Background Thread 3 ] DEBUG Engine               - devBBoxColorProperty: ObjectProperty [value: 0xff0000ff]
18:21:18.019 [FXGL Background Thread 3 ] DEBUG Engine               - devEnableDebugCameraProperty: BooleanProperty [value: false]
18:21:18.019 [FXGL Background Thread 3 ] DEBUG Engine               - devSensorColorProperty: ObjectProperty [value: 0xffff00ff]
18:21:18.019 [FXGL Background Thread 3 ] DEBUG Engine               - devShowBBoxProperty: BooleanProperty [value: false]
18:21:18.019 [FXGL Background Thread 3 ] DEBUG Engine               - devShowPositionProperty: BooleanProperty [value: false]
18:21:18.019 [FXGL Background Thread 3 ] DEBUG Engine               - enabledMenuItems: []
18:21:18.020 [FXGL Background Thread 3 ] DEBUG Engine               - engineServices: [class com.almasb.fxgl.app.services.FXGLAssetLoaderService, class com.almasb.fxgl.app.FXGLApplication$GameApplicationService, class com.almasb.fxgl.app.services.FXGLDialogService, class com.almasb.fxgl.app.services.IOTaskExecutorService, class com.almasb.fxgl.io.FileSystemService, class com.almasb.fxgl.localization.LocalizationService, class com.almasb.fxgl.app.services.SystemBundleService, class com.almasb.fxgl.profile.SaveLoadService, class com.almasb.fxgl.ui.FXGLUIFactoryServiceProvider, class com.almasb.fxgl.ui.FXGLDialogFactoryServiceProvider, class com.almasb.fxgl.audio.AudioPlayer, class com.almasb.fxgl.notification.impl.NotificationServiceProvider, class com.almasb.fxgl.achievement.AchievementService, class com.almasb.fxgl.cutscene.CutsceneService, class com.almasb.fxgl.minigames.MiniGameService, class com.almasb.fxgl.net.NetService, class com.almasb.fxgl.app.services.UpdaterService, class com.almasb.fxgl.dev.DevService]
18:21:18.020 [FXGL Background Thread 3 ] DEBUG Engine               - fontGame: Abel-Regular.ttf
18:21:18.020 [FXGL Background Thread 3 ] DEBUG Engine               - fontMono: TerminalLandMono-Regular.otf
18:21:18.020 [FXGL Background Thread 3 ] DEBUG Engine               - fontText: Courier-Prime.ttf
18:21:18.020 [FXGL Background Thread 3 ] DEBUG Engine               - fontUI: VarelaRound-Regular.ttf
18:21:18.020 [FXGL Background Thread 3 ] DEBUG Engine               - fullScreen: BooleanProperty [value: false]
18:21:18.020 [FXGL Background Thread 3 ] DEBUG Engine               - gameDifficulty: MEDIUM
18:21:18.020 [FXGL Background Thread 3 ] DEBUG Engine               - gameDifficultyProperty: ObjectProperty [value: MEDIUM]
18:21:18.020 [FXGL Background Thread 3 ] DEBUG Engine               - globalMusicVolume: 0.5
18:21:18.020 [FXGL Background Thread 3 ] DEBUG Engine               - globalMusicVolumeProperty: DoubleProperty [value: 0.5]
18:21:18.020 [FXGL Background Thread 3 ] DEBUG Engine               - globalSoundVolume: 0.5
18:21:18.020 [FXGL Background Thread 3 ] DEBUG Engine               - globalSoundVolumeProperty: DoubleProperty [value: 0.5]
18:21:18.020 [FXGL Background Thread 3 ] DEBUG Engine               - height: 1080
18:21:18.020 [FXGL Background Thread 3 ] DEBUG Engine               - is3D: false
18:21:18.020 [FXGL Background Thread 3 ] DEBUG Engine               - isAndroid: false
18:21:18.020 [FXGL Background Thread 3 ] DEBUG Engine               - isBrowser: false
18:21:18.020 [FXGL Background Thread 3 ] DEBUG Engine               - isClickFeedbackEnabled: false
18:21:18.020 [FXGL Background Thread 3 ] DEBUG Engine               - isCloseConfirmation: false
18:21:18.020 [FXGL Background Thread 3 ] DEBUG Engine               - isDesktop: true
18:21:18.020 [FXGL Background Thread 3 ] DEBUG Engine               - isDeveloperMenuEnabled: false
18:21:18.020 [FXGL Background Thread 3 ] DEBUG Engine               - isEmbedded: false
18:21:18.020 [FXGL Background Thread 3 ] DEBUG Engine               - isEntityPreloadEnabled: true
18:21:18.020 [FXGL Background Thread 3 ] DEBUG Engine               - isExperimentalTiledLargeMap: false
18:21:18.020 [FXGL Background Thread 3 ] DEBUG Engine               - isFileSystemWriteAllowed: true
18:21:18.020 [FXGL Background Thread 3 ] DEBUG Engine               - isFullScreenAllowed: false
18:21:18.020 [FXGL Background Thread 3 ] DEBUG Engine               - isFullScreenFromStart: false
18:21:18.020 [FXGL Background Thread 3 ] DEBUG Engine               - isGameMenuEnabled: true
18:21:18.020 [FXGL Background Thread 3 ] DEBUG Engine               - isIOS: false
18:21:18.020 [FXGL Background Thread 3 ] DEBUG Engine               - isIntroEnabled: false
18:21:18.020 [FXGL Background Thread 3 ] DEBUG Engine               - isLinux: false
18:21:18.021 [FXGL Background Thread 3 ] DEBUG Engine               - isMac: false
18:21:18.021 [FXGL Background Thread 3 ] DEBUG Engine               - isMainMenuEnabled: true
18:21:18.021 [FXGL Background Thread 3 ] DEBUG Engine               - isManualResizeEnabled: false
18:21:18.021 [FXGL Background Thread 3 ] DEBUG Engine               - isMobile: false
18:21:18.021 [FXGL Background Thread 3 ] DEBUG Engine               - isNative: false
18:21:18.021 [FXGL Background Thread 3 ] DEBUG Engine               - isPauseMusicWhenMinimized: true
18:21:18.021 [FXGL Background Thread 3 ] DEBUG Engine               - isPreserveResizeRatio: false
18:21:18.021 [FXGL Background Thread 3 ] DEBUG Engine               - isProfilingEnabled: false
18:21:18.021 [FXGL Background Thread 3 ] DEBUG Engine               - isScaleAffectedOnResize: true
18:21:18.021 [FXGL Background Thread 3 ] DEBUG Engine               - isSingleStep: false
18:21:18.021 [FXGL Background Thread 3 ] DEBUG Engine               - isUserProfileEnabled: false
18:21:18.021 [FXGL Background Thread 3 ] DEBUG Engine               - isWindows: true
18:21:18.021 [FXGL Background Thread 3 ] DEBUG Engine               - language: ObjectProperty [value: ENGLISH]
18:21:18.021 [FXGL Background Thread 3 ] DEBUG Engine               - menuKey: ESCAPE
18:21:18.021 [FXGL Background Thread 3 ] DEBUG Engine               - mouseSensitivity: 0.2
18:21:18.021 [FXGL Background Thread 3 ] DEBUG Engine               - notificationViewClass: class com.almasb.fxgl.notification.view.XboxNotificationView
18:21:18.021 [FXGL Background Thread 3 ] DEBUG Engine               - pixelsPerMeter: 50.0
18:21:18.021 [FXGL Background Thread 3 ] DEBUG Engine               - platform: WINDOWS
18:21:18.021 [FXGL Background Thread 3 ] DEBUG Engine               - prefHeightProperty: ReadOnlyDoubleProperty [value: 1080.0]
18:21:18.021 [FXGL Background Thread 3 ] DEBUG Engine               - prefWidthProperty: ReadOnlyDoubleProperty [value: 1920.0]
18:21:18.021 [FXGL Background Thread 3 ] DEBUG Engine               - profileDir: profiles/
18:21:18.021 [FXGL Background Thread 3 ] DEBUG Engine               - profileName: StringProperty [value: DEFAULT]
18:21:18.021 [FXGL Background Thread 3 ] DEBUG Engine               - randomSeed: -1
18:21:18.021 [FXGL Background Thread 3 ] DEBUG Engine               - runtimeInfo: RuntimeInfo(platform=WINDOWS, version=17.2, build=20.08.2022 16.50)
18:21:18.022 [FXGL Background Thread 3 ] DEBUG Engine               - saveFileExt: sav
18:21:18.022 [FXGL Background Thread 3 ] DEBUG Engine               - scaledHeightProp$fxgl: DoubleProperty [bound, value: 1080.0]
18:21:18.022 [FXGL Background Thread 3 ] DEBUG Engine               - scaledWidthProp$fxgl: DoubleProperty [bound, value: 1920.0]
18:21:18.022 [FXGL Background Thread 3 ] DEBUG Engine               - sceneFactory: myGame.DawnseekerApp$1@94ff04b
18:21:18.022 [FXGL Background Thread 3 ] DEBUG Engine               - secondsIn24h: 60
18:21:18.022 [FXGL Background Thread 3 ] DEBUG Engine               - soundMenuBack: menu/back.wav
18:21:18.022 [FXGL Background Thread 3 ] DEBUG Engine               - soundMenuPress: menu/press.wav
18:21:18.022 [FXGL Background Thread 3 ] DEBUG Engine               - soundMenuSelect: menu/select.wav
18:21:18.022 [FXGL Background Thread 3 ] DEBUG Engine               - soundNotification: core/notification.wav
18:21:18.022 [FXGL Background Thread 3 ] DEBUG Engine               - stageStyle: DECORATED
18:21:18.022 [FXGL Background Thread 3 ] DEBUG Engine               - supportedLanguages: [ENGLISH, FRENCH, GERMAN, HUNGARIAN, RUSSIAN]
18:21:18.022 [FXGL Background Thread 3 ] DEBUG Engine               - ticksPerSecond: -1
18:21:18.022 [FXGL Background Thread 3 ] DEBUG Engine               - title: Dawnseeker
18:21:18.022 [FXGL Background Thread 3 ] DEBUG Engine               - urlGithub: https://github.com/AlmasB/FXGL
18:21:18.022 [FXGL Background Thread 3 ] DEBUG Engine               - urlLeaderboard: http://fxgl-top.herokuapp.com/
18:21:18.022 [FXGL Background Thread 3 ] DEBUG Engine               - urlPOM: https://raw.githubusercontent.com/AlmasB/FXGL/release/README.md
18:21:18.022 [FXGL Background Thread 3 ] DEBUG Engine               - userAppClass: class myGame.DawnseekerApp
18:21:18.022 [FXGL Background Thread 3 ] DEBUG Engine               - version: 0.4
18:21:18.022 [FXGL Background Thread 3 ] DEBUG Engine               - versionCheckDays: 7
18:21:18.022 [FXGL Background Thread 3 ] DEBUG Engine               - width: 1920
18:21:18.022 [FXGL Background Thread 3 ] DEBUG Engine               - Logging services
18:21:18.022 [FXGL Background Thread 3 ] DEBUG Engine               - class com.almasb.fxgl.app.services.FXGLAssetLoaderService
18:21:18.022 [FXGL Background Thread 3 ] DEBUG Engine               - class com.almasb.fxgl.app.FXGLApplication$GameApplicationService
18:21:18.022 [FXGL Background Thread 3 ] DEBUG Engine               - class com.almasb.fxgl.app.services.FXGLDialogService
18:21:18.022 [FXGL Background Thread 3 ] DEBUG Engine               - class com.almasb.fxgl.app.services.IOTaskExecutorService
18:21:18.022 [FXGL Background Thread 3 ] DEBUG Engine               - class com.almasb.fxgl.io.FileSystemService
18:21:18.022 [FXGL Background Thread 3 ] DEBUG Engine               - class com.almasb.fxgl.localization.LocalizationService
18:21:18.022 [FXGL Background Thread 3 ] DEBUG Engine               - class com.almasb.fxgl.app.services.SystemBundleService
18:21:18.022 [FXGL Background Thread 3 ] DEBUG Engine               - class com.almasb.fxgl.profile.SaveLoadService
18:21:18.022 [FXGL Background Thread 3 ] DEBUG Engine               - class com.almasb.fxgl.ui.FXGLUIFactoryServiceProvider
18:21:18.022 [FXGL Background Thread 3 ] DEBUG Engine               - class com.almasb.fxgl.ui.FXGLDialogFactoryServiceProvider
18:21:18.022 [FXGL Background Thread 3 ] DEBUG Engine               - class com.almasb.fxgl.audio.AudioPlayer
18:21:18.022 [FXGL Background Thread 3 ] DEBUG Engine               - class com.almasb.fxgl.notification.impl.NotificationServiceProvider
18:21:18.023 [FXGL Background Thread 3 ] DEBUG Engine               - class com.almasb.fxgl.achievement.AchievementService
18:21:18.023 [FXGL Background Thread 3 ] DEBUG Engine               - class com.almasb.fxgl.cutscene.CutsceneService
18:21:18.023 [FXGL Background Thread 3 ] DEBUG Engine               - class com.almasb.fxgl.minigames.MiniGameService
18:21:18.023 [FXGL Background Thread 3 ] DEBUG Engine               - class com.almasb.fxgl.net.NetService
18:21:18.023 [FXGL Background Thread 3 ] DEBUG Engine               - class com.almasb.fxgl.app.services.UpdaterService
18:21:18.023 [FXGL Background Thread 3 ] DEBUG Engine               - class com.almasb.fxgl.dev.DevService
18:21:19.308 [JavaFX Application Thread] WARN  GameWorld            - Attempted to remove entity which is not active
18:21:19.691 [JavaFX Application Thread] WARN  GameWorld            - Attempted to remove entity which is not active
18:21:21.148 [JavaFX Application Thread] DEBUG FXGLAssetLoaderServi - Loading from file system: file:/C:/Games/Schoolwork/Spring%2023/CS4900/DawnseekerWorkspace/CS4900G2Proj2/CS4900G2Proj2/Dawnseeker/target/classes/assets/sounds/coin_pickup.wav
18:21:23.402 [JavaFX Application Thread] WARN  GameWorld            - Attempted to remove entity which is not active
18:21:23.402 [JavaFX Application Thread] DEBUG FXGLAssetLoaderServi - Loading from file system: file:/C:/Games/Schoolwork/Spring%2023/CS4900/DawnseekerWorkspace/CS4900G2Proj2/CS4900G2Proj2/Dawnseeker/target/classes/assets/textures/HealthPotion.gif
18:21:24.764 [JavaFX Application Thread] WARN  GameWorld            - Attempted to remove entity which is not active
18:21:25.996 [JavaFX Application Thread] WARN  GameWorld            - Attempted to remove entity which is not active
18:21:27.547 [JavaFX Application Thread] WARN  GameWorld            - Attempted to remove entity which is not active
18:21:27.548 [JavaFX Application Thread] DEBUG FXGLAssetLoaderServi - Loading from file system: file:/C:/Games/Schoolwork/Spring%2023/CS4900/DawnseekerWorkspace/CS4900G2Proj2/CS4900G2Proj2/Dawnseeker/target/classes/assets/textures/SpeedPotion.gif
18:21:27.723 [JavaFX Application Thread] WARN  GameWorld            - Attempted to remove entity which is not active
18:21:27.916 [JavaFX Application Thread] WARN  GameWorld            - Attempted to remove entity which is not active
18:21:28.092 [JavaFX Application Thread] WARN  GameWorld            - Attempted to remove entity which is not active
18:21:29.691 [JavaFX Application Thread] WARN  GameWorld            - Attempted to remove entity which is not active
18:21:29.883 [JavaFX Application Thread] WARN  GameWorld            - Attempted to remove entity which is not active
18:21:30.747 [JavaFX Application Thread] WARN  GameWorld            - Attempted to remove entity which is not active
18:21:31.132 [JavaFX Application Thread] WARN  GameWorld            - Attempted to remove entity which is not active
18:21:32.092 [JavaFX Application Thread] DEBUG FXGLAssetLoaderServi - Loading from file system: file:/C:/Games/Schoolwork/Spring%2023/CS4900/DawnseekerWorkspace/CS4900G2Proj2/CS4900G2Proj2/Dawnseeker/target/classes/assets/sounds/player_oof.wav
18:21:32.299 [JavaFX Application Thread] WARN  GameWorld            - Attempted to remove entity which is not active
18:21:32.924 [JavaFX Application Thread] WARN  GameWorld            - Attempted to remove entity which is not active
18:21:33.836 [JavaFX Application Thread] WARN  GameWorld            - Attempted to remove entity which is not active
18:21:34.028 [JavaFX Application Thread] WARN  GameWorld            - Attempted to remove entity which is not active
18:21:34.396 [JavaFX Application Thread] WARN  GameWorld            - Attempted to remove entity which is not active
18:21:34.572 [JavaFX Application Thread] WARN  GameWorld            - Attempted to remove entity which is not active
18:21:35.193 [JavaFX Application Thread] WARN  GameWorld            - Attempted to remove entity which is not active
18:21:35.307 [JavaFX Application Thread] WARN  GameWorld            - Attempted to remove entity which is not active
18:21:35.516 [JavaFX Application Thread] WARN  GameWorld            - Attempted to remove entity which is not active
18:21:36.636 [JavaFX Application Thread] WARN  GameWorld            - Attempted to remove entity which is not active
18:21:37.036 [JavaFX Application Thread] WARN  GameWorld            - Attempted to remove entity which is not active
18:21:37.244 [JavaFX Application Thread] WARN  GameWorld            - Attempted to remove entity which is not active
18:21:37.245 [JavaFX Application Thread] DEBUG FXGLAssetLoaderServi - Loading from file system: file:/C:/Games/Schoolwork/Spring%2023/CS4900/DawnseekerWorkspace/CS4900G2Proj2/CS4900G2Proj2/Dawnseeker/target/classes/assets/textures/PowerPotion.gif
18:21:37.948 [JavaFX Application Thread] WARN  GameWorld            - Attempted to remove entity which is not active
18:21:38.108 [JavaFX Application Thread] WARN  GameWorld            - Attempted to remove entity which is not active
18:21:38.268 [JavaFX Application Thread] WARN  GameWorld            - Attempted to remove entity which is not active
18:21:38.444 [JavaFX Application Thread] WARN  GameWorld            - Attempted to remove entity which is not active
18:21:39.114 [JavaFX Application Thread] WARN  GameWorld            - Attempted to remove entity which is not active
18:21:43.529 [JavaFX Application Thread] WARN  GameWorld            - Attempted to remove entity which is not active
18:21:43.689 [JavaFX Application Thread] WARN  GameWorld            - Attempted to remove entity which is not active
18:21:44.219 [JavaFX Application Thread] WARN  GameWorld            - Attempted to remove entity which is not active
18:21:45.596 [JavaFX Application Thread] WARN  GameWorld            - Attempted to remove entity which is not active
18:21:45.771 [JavaFX Application Thread] WARN  GameWorld            - Attempted to remove entity which is not active
18:21:46.140 [JavaFX Application Thread] WARN  GameWorld            - Attempted to remove entity which is not active
18:21:46.476 [JavaFX Application Thread] WARN  GameWorld            - Attempted to remove entity which is not active
18:21:46.860 [JavaFX Application Thread] WARN  GameWorld            - Attempted to remove entity which is not active
18:21:47.068 [JavaFX Application Thread] WARN  GameWorld            - Attempted to remove entity which is not active
18:21:47.467 [JavaFX Application Thread] WARN  GameWorld            - Attempted to remove entity which is not active
18:21:47.851 [JavaFX Application Thread] WARN  GameWorld            - Attempted to remove entity which is not active
18:21:48.204 [JavaFX Application Thread] WARN  GameWorld            - Attempted to remove entity which is not active
18:21:49.125 [JavaFX Application Thread] DEBUG FXGLApplication      - Exiting FXGL
18:21:49.125 [JavaFX Application Thread] DEBUG LoopRunner           - Stopping loop
18:21:49.125 [JavaFX Application Thread] DEBUG SystemBundleService  - Saving FXGL system data
18:21:49.127 [JavaFX Application Thread] DEBUG FileSystemAccess     - Writing to: C:\Games\Schoolwork\Spring 23\CS4900\DawnseekerWorkspace\CS4900G2Proj2\CS4900G2Proj2\Dawnseeker\system\fxgl.bundle
18:21:49.129 [JavaFX Application Thread] DEBUG Async                - Shutting down background threads
18:21:49.129 [JavaFX Application Thread] DEBUG PrimaryStageWindow   - Closing main window
18:21:49.138 [JavaFX Application Thread] DEBUG Logger               - Closing Logger
