14:02:29.993 [main                     ] DEBUG Logger               - Configured Logger
14:02:30.018 [main                     ] DEBUG GameApplication      - Logging settings
Title: Dawnseeker
Version: 0.2
Width: 1024
Height: 1024
Fullscreen: false
Intro: false
Profiling: false
Single step:false
App Mode: DEVELOPER
Menu Key: ESCAPE
Stage Style: DECORATED
Scene Factory: class myGame.DawnseekerApp$1

14:02:30.394 [JavaFX Application Thread] DEBUG FXGLApplication      - Initializing FXGL
14:02:30.398 [JavaFX Application Thread] INFO  Engine               - FXGL-17.2 (20.08.2022 16.50) on WINDOWS (J:19.0.2 FX:18)
14:02:30.398 [JavaFX Application Thread] DEBUG Engine               - JRE Vendor Name: Oracle Corporation
14:02:30.398 [JavaFX Application Thread] DEBUG Engine               - Running on OS: Windows 10 version 10.0
14:02:30.398 [JavaFX Application Thread] DEBUG Engine               - Architecture: amd64
14:02:30.398 [JavaFX Application Thread] INFO  Engine               - Source code and latest versions at: https://github.com/AlmasB/FXGL
14:02:30.399 [JavaFX Application Thread] INFO  Engine               -       Ask questions and discuss at: https://github.com/AlmasB/FXGL/discussions
14:02:30.399 [JavaFX Application Thread] INFO  Engine               -              Join the FXGL chat at: https://gitter.im/AlmasB/FXGL
14:02:30.511 [JavaFX Application Thread] DEBUG PrimaryStageWindow   - Creating a JavaFX scene
14:02:30.511 [JavaFX Application Thread] DEBUG PrimaryStageWindow   - Target size > screen size
14:02:30.573 [JavaFX Application Thread] DEBUG PrimaryStageWindow   - Target settings size: 1024.0 x 1024.0
14:02:30.573 [JavaFX Application Thread] DEBUG PrimaryStageWindow   - Scaled scene size:    799.0 x 824.0
14:02:30.573 [JavaFX Application Thread] DEBUG PrimaryStageWindow   - Scaled ratio: (0.7802734375, 0.8046875)
14:02:30.574 [JavaFX Application Thread] DEBUG PrimaryStageWindow   - Set initial scene to FXGLStartupScene
14:02:30.582 [JavaFX Application Thread] DEBUG PrimaryStageWindow   - Opening main window
14:02:30.678 [JavaFX Application Thread] DEBUG PrimaryStageWindow   - Window border size: (14.5999755859375, 37.5999755859375)
14:02:30.679 [JavaFX Application Thread] DEBUG PrimaryStageWindow   - Scaled size: 799.0 x 824.0
14:02:30.679 [JavaFX Application Thread] DEBUG PrimaryStageWindow   - Scaled ratio: (0.7802734375, 0.8046875)
14:02:30.679 [JavaFX Application Thread] DEBUG PrimaryStageWindow   - Scene size: 799.0 x 824.0
14:02:30.680 [JavaFX Application Thread] DEBUG PrimaryStageWindow   - Stage size: 813.5999755859375 x 861.5999755859375
14:02:30.689 [FXGL Background Thread 1 ] DEBUG Engine               - Initializing environment variables
14:02:30.806 [FXGL Background Thread 1 ] DEBUG FXGLAssetLoaderServi - User app class for loading assets: class myGame.DawnseekerApp
14:02:30.807 [FXGL Background Thread 1 ] DEBUG GameApplicationServi - Applying CSS: fxgl_dark.css
14:02:30.814 [FXGL Background Thread 1 ] DEBUG FXGLAssetLoaderServi - Loading from file system: jar:file:/C:/Users/narro/.m2/repository/com/github/almasb/fxgl/17.2/fxgl-17.2.jar!/fxglassets/ui/css/fxgl_dark.css
14:02:30.887 [FXGL Background Thread 1 ] DEBUG GameApplicationServi - Initializing application scenes
14:02:30.983 [FXGL Background Thread 1 ] DEBUG GameWorld            - Game world initialized
14:02:31.068 [FXGL Background Thread 1 ] DEBUG PhysicsWorld         - Physics world initialized: appHeight=1024, physics.ppm=50.0
14:02:31.069 [FXGL Background Thread 1 ] DEBUG PhysicsWorld         - Using strategy: BRUTE_FORCE
14:02:31.076 [FXGL Background Thread 1 ] DEBUG GameScene            - Game scene initialized: 1024x1024
14:02:31.099 [FXGL Background Thread 1 ] DEBUG FXGL.DefaultMenu     - createMenuBodyGameMenu()
14:02:31.120 [FXGL Background Thread 1 ] DEBUG FXGL.DefaultMenu     - createOptionsMenu()
14:02:31.134 [FXGL Background Thread 1 ] DEBUG FXGLAssetLoaderServi - Loading from file system: jar:file:/C:/Users/narro/.m2/repository/com/github/almasb/fxgl/17.2/fxgl-17.2.jar!/fxglassets/textures/particles/smoke.png
14:02:31.249 [FXGL Background Thread 1 ] DEBUG FXGLAssetLoaderServi - Loading from file system: jar:file:/C:/Users/narro/.m2/repository/com/github/almasb/fxgl/17.2/fxgl-17.2.jar!/fxglassets/textures/particles/trace_horizontal.png
14:02:31.276 [FXGL Background Thread 1 ] DEBUG GameApplicationServi - Application scenes initialized
14:02:31.288 [FXGL Background Thread 1 ] DEBUG SystemBundleService  - Loading FXGL system data
14:02:31.293 [FXGL Background Thread 1 ] DEBUG FileSystemAccess     - Reading from: C:\Users\narro\OneDrive\Documents\coleg\Spring 2023\CS 4900 Senior Seminiar\Dawnseeker\Dawnseeker\system\fxgl.bundle
14:02:31.300 [FXGL Background Thread 1 ] DEBUG SystemBundleService  - Bundle FXGL: {}
14:02:31.301 [FXGL Background Thread 1 ] DEBUG UpdaterService       - Checking for updates
14:02:31.304 [FXGL Background Thread 4 ] DEBUG FXGLApplication      - Loading fonts
14:02:31.305 [FXGL Background Thread 4 ] DEBUG FXGLAssetLoaderServi - Loading from file system: jar:file:/C:/Users/narro/.m2/repository/com/github/almasb/fxgl/17.2/fxgl-17.2.jar!/fxglassets/ui/fonts/VarelaRound-Regular.ttf
14:02:31.305 [FXGL Background Thread 1 ] DEBUG FXGLApplication      - Loading default localization
14:02:31.306 [FXGL Background Thread 1 ] DEBUG FXGLAssetLoaderServi - Loading from file system: jar:file:/C:/Users/narro/.m2/repository/com/github/almasb/fxgl/17.2/fxgl-17.2.jar!/fxglassets/languages/english.lang
14:02:31.339 [FXGL Background Thread 1 ] INFO  FXGLApplication      - FXGL initialization took: 0.649 sec
14:02:31.346 [JavaFX Application Thread] DEBUG Input                - Registered new binding: action0 - LMB
14:02:31.355 [JavaFX Application Thread] DEBUG Input                - Registered new binding: Up - W
14:02:31.356 [JavaFX Application Thread] DEBUG Input                - Registered new binding: Down - S
14:02:31.356 [JavaFX Application Thread] DEBUG Input                - Registered new binding: Right - D
14:02:31.356 [JavaFX Application Thread] DEBUG Input                - Registered new binding: Left - A
14:02:31.357 [JavaFX Application Thread] DEBUG FXGLAssetLoaderServi - Loading from file system: jar:file:/C:/Users/narro/.m2/repository/com/github/almasb/fxgl/17.2/fxgl-17.2.jar!/fxglassets/textures/fxgl_icon.png
14:02:31.379 [JavaFX Application Thread] DEBUG FXGLAssetLoaderServi - Loading from file system: jar:file:/C:/Users/narro/.m2/repository/com/github/almasb/fxgl/17.2/fxgl-17.2.jar!/fxglassets/textures/fxgl_default_cursor.png
14:02:31.382 [JavaFX Application Thread] DEBUG Input                - Registered new binding: Screenshot - CTRL+8
14:02:31.383 [JavaFX Application Thread] DEBUG Input                - Registered new binding: System info dump - CTRL+9
14:02:31.383 [JavaFX Application Thread] DEBUG Input                - Registered new binding: Restart - CTRL+R
14:02:31.384 [JavaFX Application Thread] DEBUG Input                - Registered new binding: Toggle Debug Camera - CTRL+7
14:02:31.391 [JavaFX Application Thread] DEBUG LoopRunner           - Starting loop
14:02:31.391 [JavaFX Application Thread] DEBUG LoopRunner           - Initializing JavaFX AnimationTimerLoop
14:02:31.398 [JavaFX Application Thread] DEBUG Input                - Clearing active input actions
14:02:31.407 [JavaFX Application Thread] DEBUG GameApplicationServi - Removing overlay from FXGLStartupScene and adding to FXGLMainMenuDummyScene
14:02:31.407 [JavaFX Application Thread] DEBUG PrimaryStageWindow   - FXGLStartupScene -> FXGLMainMenuDummyScene
14:02:31.407 [JavaFX Application Thread] DEBUG PrimaryStageWindow   - Push state: DawnseekerMenu
14:02:31.407 [JavaFX Application Thread] DEBUG Input                - Clearing active input actions
14:02:31.412 [FXGL Background Thread 4 ] DEBUG FXGLAssetLoaderServi - Loading from file system: jar:file:/C:/Users/narro/.m2/repository/com/github/almasb/fxgl/17.2/fxgl-17.2.jar!/fxglassets/ui/fonts/Abel-Regular.ttf
14:02:31.414 [JavaFX Application Thread] DEBUG GameApplicationServi - Removing overlay from FXGLMainMenuDummyScene and adding to DawnseekerMenu
14:02:31.415 [JavaFX Application Thread] DEBUG PrimaryStageWindow   - FXGLMainMenuDummyScene -> DawnseekerMenu
14:02:31.427 [FXGL Background Thread 4 ] DEBUG FXGLAssetLoaderServi - Loading from file system: jar:file:/C:/Users/narro/.m2/repository/com/github/almasb/fxgl/17.2/fxgl-17.2.jar!/fxglassets/ui/fonts/TerminalLandMono-Regular.otf
14:02:31.439 [FXGL Background Thread 4 ] DEBUG FXGLAssetLoaderServi - Loading from file system: jar:file:/C:/Users/narro/.m2/repository/com/github/almasb/fxgl/17.2/fxgl-17.2.jar!/fxglassets/ui/fonts/Courier-Prime.ttf
14:02:31.457 [JavaFX Application Thread] DEBUG FXGLApplication      - Registering font factories with UI factory
14:02:34.304 [FXGL Background Thread 3 ] DEBUG Engine               - Logging environment variables
14:02:34.305 [FXGL Background Thread 3 ] DEBUG Engine               - achievements: []
14:02:34.306 [FXGL Background Thread 3 ] DEBUG Engine               - actualHeight: 824.0
14:02:34.306 [FXGL Background Thread 3 ] DEBUG Engine               - actualHeightProperty: ReadOnlyDoubleProperty [value: 824.0]
14:02:34.307 [FXGL Background Thread 3 ] DEBUG Engine               - actualWidth: 799.0
14:02:34.307 [FXGL Background Thread 3 ] DEBUG Engine               - actualWidthProperty: ReadOnlyDoubleProperty [value: 799.0]
14:02:34.307 [FXGL Background Thread 3 ] DEBUG Engine               - appIcon: fxgl_icon.png
14:02:34.307 [FXGL Background Thread 3 ] DEBUG Engine               - applicationMode: DEVELOPER
14:02:34.308 [FXGL Background Thread 3 ] DEBUG Engine               - cSSList: [fxgl_dark.css]
14:02:34.308 [FXGL Background Thread 3 ] DEBUG Engine               - collisionDetectionStrategy: BRUTE_FORCE
14:02:34.308 [FXGL Background Thread 3 ] DEBUG Engine               - configClass: Optional.empty
14:02:34.308 [FXGL Background Thread 3 ] DEBUG Engine               - credits: []
14:02:34.308 [FXGL Background Thread 3 ] DEBUG Engine               - defaultCursor: CursorInfo(imageName=fxgl_default_cursor.png, hotspotX=7.0, hotspotY=6.0)
14:02:34.308 [FXGL Background Thread 3 ] DEBUG Engine               - devBBoxColorProperty: ObjectProperty [value: 0xff0000ff]
14:02:34.309 [FXGL Background Thread 3 ] DEBUG Engine               - devEnableDebugCameraProperty: BooleanProperty [value: false]
14:02:34.309 [FXGL Background Thread 3 ] DEBUG Engine               - devSensorColorProperty: ObjectProperty [value: 0xffff00ff]
14:02:34.309 [FXGL Background Thread 3 ] DEBUG Engine               - devShowBBoxProperty: BooleanProperty [value: false]
14:02:34.309 [FXGL Background Thread 3 ] DEBUG Engine               - devShowPositionProperty: BooleanProperty [value: false]
14:02:34.309 [FXGL Background Thread 3 ] DEBUG Engine               - enabledMenuItems: []
14:02:34.309 [FXGL Background Thread 3 ] DEBUG Engine               - engineServices: [class com.almasb.fxgl.app.services.FXGLAssetLoaderService, class com.almasb.fxgl.app.FXGLApplication$GameApplicationService, class com.almasb.fxgl.app.services.FXGLDialogService, class com.almasb.fxgl.app.services.IOTaskExecutorService, class com.almasb.fxgl.io.FileSystemService, class com.almasb.fxgl.localization.LocalizationService, class com.almasb.fxgl.app.services.SystemBundleService, class com.almasb.fxgl.profile.SaveLoadService, class com.almasb.fxgl.ui.FXGLUIFactoryServiceProvider, class com.almasb.fxgl.ui.FXGLDialogFactoryServiceProvider, class com.almasb.fxgl.audio.AudioPlayer, class com.almasb.fxgl.notification.impl.NotificationServiceProvider, class com.almasb.fxgl.achievement.AchievementService, class com.almasb.fxgl.cutscene.CutsceneService, class com.almasb.fxgl.minigames.MiniGameService, class com.almasb.fxgl.net.NetService, class com.almasb.fxgl.app.services.UpdaterService, class com.almasb.fxgl.dev.DevService]
14:02:34.309 [FXGL Background Thread 3 ] DEBUG Engine               - fontGame: Abel-Regular.ttf
14:02:34.309 [FXGL Background Thread 3 ] DEBUG Engine               - fontMono: TerminalLandMono-Regular.otf
14:02:34.309 [FXGL Background Thread 3 ] DEBUG Engine               - fontText: Courier-Prime.ttf
14:02:34.309 [FXGL Background Thread 3 ] DEBUG Engine               - fontUI: VarelaRound-Regular.ttf
14:02:34.309 [FXGL Background Thread 3 ] DEBUG Engine               - fullScreen: BooleanProperty [value: false]
14:02:34.309 [FXGL Background Thread 3 ] DEBUG Engine               - gameDifficulty: MEDIUM
14:02:34.309 [FXGL Background Thread 3 ] DEBUG Engine               - gameDifficultyProperty: ObjectProperty [value: MEDIUM]
14:02:34.309 [FXGL Background Thread 3 ] DEBUG Engine               - globalMusicVolume: 0.5
14:02:34.309 [FXGL Background Thread 3 ] DEBUG Engine               - globalMusicVolumeProperty: DoubleProperty [value: 0.5]
14:02:34.310 [FXGL Background Thread 3 ] DEBUG Engine               - globalSoundVolume: 0.5
14:02:34.310 [FXGL Background Thread 3 ] DEBUG Engine               - globalSoundVolumeProperty: DoubleProperty [value: 0.5]
14:02:34.310 [FXGL Background Thread 3 ] DEBUG Engine               - height: 1024
14:02:34.310 [FXGL Background Thread 3 ] DEBUG Engine               - is3D: false
14:02:34.310 [FXGL Background Thread 3 ] DEBUG Engine               - isAndroid: false
14:02:34.310 [FXGL Background Thread 3 ] DEBUG Engine               - isBrowser: false
14:02:34.310 [FXGL Background Thread 3 ] DEBUG Engine               - isClickFeedbackEnabled: false
14:02:34.310 [FXGL Background Thread 3 ] DEBUG Engine               - isCloseConfirmation: false
14:02:34.310 [FXGL Background Thread 3 ] DEBUG Engine               - isDesktop: true
14:02:34.310 [FXGL Background Thread 3 ] DEBUG Engine               - isDeveloperMenuEnabled: false
14:02:34.310 [FXGL Background Thread 3 ] DEBUG Engine               - isEmbedded: false
14:02:34.310 [FXGL Background Thread 3 ] DEBUG Engine               - isEntityPreloadEnabled: true
14:02:34.310 [FXGL Background Thread 3 ] DEBUG Engine               - isExperimentalTiledLargeMap: false
14:02:34.310 [FXGL Background Thread 3 ] DEBUG Engine               - isFileSystemWriteAllowed: true
14:02:34.310 [FXGL Background Thread 3 ] DEBUG Engine               - isFullScreenAllowed: false
14:02:34.310 [FXGL Background Thread 3 ] DEBUG Engine               - isFullScreenFromStart: false
14:02:34.311 [FXGL Background Thread 3 ] DEBUG Engine               - isGameMenuEnabled: true
14:02:34.311 [FXGL Background Thread 3 ] DEBUG Engine               - isIOS: false
14:02:34.311 [FXGL Background Thread 3 ] DEBUG Engine               - isIntroEnabled: false
14:02:34.311 [FXGL Background Thread 3 ] DEBUG Engine               - isLinux: false
14:02:34.311 [FXGL Background Thread 3 ] DEBUG Engine               - isMac: false
14:02:34.311 [FXGL Background Thread 3 ] DEBUG Engine               - isMainMenuEnabled: true
14:02:34.311 [FXGL Background Thread 3 ] DEBUG Engine               - isManualResizeEnabled: false
14:02:34.311 [FXGL Background Thread 3 ] DEBUG Engine               - isMobile: false
14:02:34.311 [FXGL Background Thread 3 ] DEBUG Engine               - isNative: false
14:02:34.311 [FXGL Background Thread 3 ] DEBUG Engine               - isPauseMusicWhenMinimized: true
14:02:34.311 [FXGL Background Thread 3 ] DEBUG Engine               - isPreserveResizeRatio: false
14:02:34.311 [FXGL Background Thread 3 ] DEBUG Engine               - isProfilingEnabled: false
14:02:34.311 [FXGL Background Thread 3 ] DEBUG Engine               - isScaleAffectedOnResize: true
14:02:34.311 [FXGL Background Thread 3 ] DEBUG Engine               - isSingleStep: false
14:02:34.312 [FXGL Background Thread 3 ] DEBUG Engine               - isUserProfileEnabled: false
14:02:34.312 [FXGL Background Thread 3 ] DEBUG Engine               - isWindows: true
14:02:34.312 [FXGL Background Thread 3 ] DEBUG Engine               - language: ObjectProperty [value: ENGLISH]
14:02:34.312 [FXGL Background Thread 3 ] DEBUG Engine               - menuKey: ESCAPE
14:02:34.312 [FXGL Background Thread 3 ] DEBUG Engine               - mouseSensitivity: 0.2
14:02:34.312 [FXGL Background Thread 3 ] DEBUG Engine               - notificationViewClass: class com.almasb.fxgl.notification.view.XboxNotificationView
14:02:34.312 [FXGL Background Thread 3 ] DEBUG Engine               - pixelsPerMeter: 50.0
14:02:34.312 [FXGL Background Thread 3 ] DEBUG Engine               - platform: WINDOWS
14:02:34.312 [FXGL Background Thread 3 ] DEBUG Engine               - prefHeightProperty: ReadOnlyDoubleProperty [value: 1024.0]
14:02:34.312 [FXGL Background Thread 3 ] DEBUG Engine               - prefWidthProperty: ReadOnlyDoubleProperty [value: 1024.0]
14:02:34.312 [FXGL Background Thread 3 ] DEBUG Engine               - profileDir: profiles/
14:02:34.313 [FXGL Background Thread 3 ] DEBUG Engine               - profileName: StringProperty [value: DEFAULT]
14:02:34.313 [FXGL Background Thread 3 ] DEBUG Engine               - randomSeed: -1
14:02:34.313 [FXGL Background Thread 3 ] DEBUG Engine               - runtimeInfo: RuntimeInfo(platform=WINDOWS, version=17.2, build=20.08.2022 16.50)
14:02:34.313 [FXGL Background Thread 3 ] DEBUG Engine               - saveFileExt: sav
14:02:34.313 [FXGL Background Thread 3 ] DEBUG Engine               - scaledHeightProp$fxgl: DoubleProperty [bound, value: 824.0]
14:02:34.313 [FXGL Background Thread 3 ] DEBUG Engine               - scaledWidthProp$fxgl: DoubleProperty [bound, value: 799.0]
14:02:34.313 [FXGL Background Thread 3 ] DEBUG Engine               - sceneFactory: myGame.DawnseekerApp$1@15439be
14:02:34.314 [FXGL Background Thread 3 ] DEBUG Engine               - secondsIn24h: 60
14:02:34.314 [FXGL Background Thread 3 ] DEBUG Engine               - soundMenuBack: menu/back.wav
14:02:34.314 [FXGL Background Thread 3 ] DEBUG Engine               - soundMenuPress: menu/press.wav
14:02:34.314 [FXGL Background Thread 3 ] DEBUG Engine               - soundMenuSelect: menu/select.wav
14:02:34.314 [FXGL Background Thread 3 ] DEBUG Engine               - soundNotification: core/notification.wav
14:02:34.314 [FXGL Background Thread 3 ] DEBUG Engine               - stageStyle: DECORATED
14:02:34.314 [FXGL Background Thread 3 ] DEBUG Engine               - supportedLanguages: [ENGLISH, FRENCH, GERMAN, HUNGARIAN, RUSSIAN]
14:02:34.314 [FXGL Background Thread 3 ] DEBUG Engine               - ticksPerSecond: -1
14:02:34.314 [FXGL Background Thread 3 ] DEBUG Engine               - title: Dawnseeker
14:02:34.314 [FXGL Background Thread 3 ] DEBUG Engine               - urlGithub: https://github.com/AlmasB/FXGL
14:02:34.314 [FXGL Background Thread 3 ] DEBUG Engine               - urlLeaderboard: http://fxgl-top.herokuapp.com/
14:02:34.314 [FXGL Background Thread 3 ] DEBUG Engine               - urlPOM: https://raw.githubusercontent.com/AlmasB/FXGL/release/README.md
14:02:34.314 [FXGL Background Thread 3 ] DEBUG Engine               - userAppClass: class myGame.DawnseekerApp
14:02:34.314 [FXGL Background Thread 3 ] DEBUG Engine               - version: 0.2
14:02:34.314 [FXGL Background Thread 3 ] DEBUG Engine               - versionCheckDays: 7
14:02:34.315 [FXGL Background Thread 3 ] DEBUG Engine               - width: 1024
14:02:34.315 [FXGL Background Thread 3 ] DEBUG Engine               - Logging services
14:02:34.315 [FXGL Background Thread 3 ] DEBUG Engine               - class com.almasb.fxgl.app.services.FXGLAssetLoaderService
14:02:34.315 [FXGL Background Thread 3 ] DEBUG Engine               - class com.almasb.fxgl.app.FXGLApplication$GameApplicationService
14:02:34.315 [FXGL Background Thread 3 ] DEBUG Engine               - class com.almasb.fxgl.app.services.FXGLDialogService
14:02:34.315 [FXGL Background Thread 3 ] DEBUG Engine               - class com.almasb.fxgl.app.services.IOTaskExecutorService
14:02:34.315 [FXGL Background Thread 3 ] DEBUG Engine               - class com.almasb.fxgl.io.FileSystemService
14:02:34.315 [FXGL Background Thread 3 ] DEBUG Engine               - class com.almasb.fxgl.localization.LocalizationService
14:02:34.315 [FXGL Background Thread 3 ] DEBUG Engine               - class com.almasb.fxgl.app.services.SystemBundleService
14:02:34.315 [FXGL Background Thread 3 ] DEBUG Engine               - class com.almasb.fxgl.profile.SaveLoadService
14:02:34.315 [FXGL Background Thread 3 ] DEBUG Engine               - class com.almasb.fxgl.ui.FXGLUIFactoryServiceProvider
14:02:34.315 [FXGL Background Thread 3 ] DEBUG Engine               - class com.almasb.fxgl.ui.FXGLDialogFactoryServiceProvider
14:02:34.315 [FXGL Background Thread 3 ] DEBUG Engine               - class com.almasb.fxgl.audio.AudioPlayer
14:02:34.315 [FXGL Background Thread 3 ] DEBUG Engine               - class com.almasb.fxgl.notification.impl.NotificationServiceProvider
14:02:34.315 [FXGL Background Thread 3 ] DEBUG Engine               - class com.almasb.fxgl.achievement.AchievementService
14:02:34.315 [FXGL Background Thread 3 ] DEBUG Engine               - class com.almasb.fxgl.cutscene.CutsceneService
14:02:34.315 [FXGL Background Thread 3 ] DEBUG Engine               - class com.almasb.fxgl.minigames.MiniGameService
14:02:34.315 [FXGL Background Thread 3 ] DEBUG Engine               - class com.almasb.fxgl.net.NetService
14:02:34.315 [FXGL Background Thread 3 ] DEBUG Engine               - class com.almasb.fxgl.app.services.UpdaterService
14:02:34.316 [FXGL Background Thread 3 ] DEBUG Engine               - class com.almasb.fxgl.dev.DevService
14:03:18.530 [JavaFX Application Thread] DEBUG FXGLApplication      - Exiting FXGL
14:03:18.530 [JavaFX Application Thread] DEBUG LoopRunner           - Stopping loop
14:03:18.530 [JavaFX Application Thread] DEBUG SystemBundleService  - Saving FXGL system data
14:03:18.532 [JavaFX Application Thread] DEBUG FileSystemAccess     - Writing to: C:\Users\narro\OneDrive\Documents\coleg\Spring 2023\CS 4900 Senior Seminiar\Dawnseeker\Dawnseeker\system\fxgl.bundle
14:03:18.534 [JavaFX Application Thread] DEBUG Async                - Shutting down background threads
14:03:18.534 [JavaFX Application Thread] DEBUG PrimaryStageWindow   - Closing main window
14:03:18.562 [JavaFX Application Thread] DEBUG Logger               - Closing Logger
