12:30:26.302 [main                     ] DEBUG Logger               - Configured Logger
12:30:26.325 [main                     ] DEBUG GameApplication      - Logging settings
Title: Dawnseeker
Version: 0.4
Width: 1920
Height: 1080
Fullscreen: false
Intro: false
Profiling: false
Single step:false
App Mode: DEVELOPER
Menu Key: ESCAPE
Stage Style: DECORATED
Scene Factory: class myGame.DawnseekerApp$1

12:30:26.759 [JavaFX Application Thread] DEBUG FXGLApplication      - Initializing FXGL
12:30:26.763 [JavaFX Application Thread] INFO  Engine               - FXGL-17.2 (20.08.2022 16.50) on WINDOWS (J:19.0.2 FX:18)
12:30:26.764 [JavaFX Application Thread] DEBUG Engine               - JRE Vendor Name: Oracle Corporation
12:30:26.764 [JavaFX Application Thread] DEBUG Engine               - Running on OS: Windows 10 version 10.0
12:30:26.764 [JavaFX Application Thread] DEBUG Engine               - Architecture: amd64
12:30:26.764 [JavaFX Application Thread] INFO  Engine               - Source code and latest versions at: https://github.com/AlmasB/FXGL
12:30:26.764 [JavaFX Application Thread] INFO  Engine               -       Ask questions and discuss at: https://github.com/AlmasB/FXGL/discussions
12:30:26.764 [JavaFX Application Thread] INFO  Engine               -              Join the FXGL chat at: https://gitter.im/AlmasB/FXGL
12:30:26.883 [JavaFX Application Thread] DEBUG PrimaryStageWindow   - Creating a JavaFX scene
12:30:26.929 [JavaFX Application Thread] DEBUG PrimaryStageWindow   - Target settings size: 1920.0 x 1080.0
12:30:26.929 [JavaFX Application Thread] DEBUG PrimaryStageWindow   - Scaled scene size:    1920.0 x 1080.0
12:30:26.929 [JavaFX Application Thread] DEBUG PrimaryStageWindow   - Scaled ratio: (1.0, 1.0)
12:30:26.930 [JavaFX Application Thread] DEBUG PrimaryStageWindow   - Set initial scene to FXGLStartupScene
12:30:26.937 [JavaFX Application Thread] DEBUG PrimaryStageWindow   - Opening main window
12:30:27.017 [JavaFX Application Thread] DEBUG PrimaryStageWindow   - Window border size: (16.0, 39.0)
12:30:27.017 [JavaFX Application Thread] DEBUG PrimaryStageWindow   - Scaled size: 1920.0 x 1080.0
12:30:27.017 [JavaFX Application Thread] DEBUG PrimaryStageWindow   - Scaled ratio: (1.0, 1.0)
12:30:27.017 [JavaFX Application Thread] DEBUG PrimaryStageWindow   - Scene size: 1920.0 x 1080.0
12:30:27.017 [JavaFX Application Thread] DEBUG PrimaryStageWindow   - Stage size: 1936.0 x 1119.0
12:30:27.024 [FXGL Background Thread 1 ] DEBUG Engine               - Initializing environment variables
12:30:27.071 [FXGL Background Thread 1 ] DEBUG FXGLAssetLoaderServi - User app class for loading assets: class myGame.DawnseekerApp
12:30:27.071 [FXGL Background Thread 1 ] DEBUG GameApplicationServi - Applying CSS: fxgl_dark.css
12:30:27.072 [FXGL Background Thread 1 ] DEBUG FXGLAssetLoaderServi - Loading from file system: jar:file:/C:/Users/Morgan%20Johnson/.m2/repository/com/github/almasb/fxgl/17.2/fxgl-17.2.jar!/fxglassets/ui/css/fxgl_dark.css
12:30:27.111 [FXGL Background Thread 1 ] DEBUG GameApplicationServi - Initializing application scenes
12:30:27.146 [FXGL Background Thread 1 ] DEBUG GameWorld            - Game world initialized
12:30:27.202 [FXGL Background Thread 1 ] DEBUG PhysicsWorld         - Physics world initialized: appHeight=1080, physics.ppm=50.0
12:30:27.202 [FXGL Background Thread 1 ] DEBUG PhysicsWorld         - Using strategy: BRUTE_FORCE
12:30:27.205 [FXGL Background Thread 1 ] DEBUG GameScene            - Game scene initialized: 1920x1080
12:30:27.206 [FXGL Background Thread 1 ] DEBUG FXGLAssetLoaderServi - Loading from file system: file:/C:/Games/Schoolwork/Spring%2023/CS4900/DawnseekerWorkspace/CS4900G2Proj2/CS4900G2Proj2/Dawnseeker/target/classes/assets/music/shop.mp3
12:30:27.335 [FXGL Background Thread 1 ] DEBUG AudioPlayer          - Playing music com.almasb.fxgl.audio.Music@38fa88d0
12:30:27.351 [FXGL Background Thread 1 ] DEBUG FXGLAssetLoaderServi - Loading from file system: file:/C:/Games/Schoolwork/Spring%2023/CS4900/DawnseekerWorkspace/CS4900G2Proj2/CS4900G2Proj2/Dawnseeker/target/classes/assets/textures/bg.png
12:30:27.438 [FXGL Background Thread 1 ] DEBUG FXGL.DefaultMenu     - createMenuBodyGameMenu()
12:30:27.452 [FXGL Background Thread 1 ] DEBUG FXGL.DefaultMenu     - createOptionsMenu()
12:30:27.459 [FXGL Background Thread 1 ] DEBUG FXGLAssetLoaderServi - Loading from file system: jar:file:/C:/Users/Morgan%20Johnson/.m2/repository/com/github/almasb/fxgl/17.2/fxgl-17.2.jar!/fxglassets/textures/particles/smoke.png
12:30:27.537 [FXGL Background Thread 1 ] DEBUG FXGLAssetLoaderServi - Loading from file system: jar:file:/C:/Users/Morgan%20Johnson/.m2/repository/com/github/almasb/fxgl/17.2/fxgl-17.2.jar!/fxglassets/textures/particles/trace_horizontal.png
12:30:27.556 [FXGL Background Thread 1 ] DEBUG GameApplicationServi - Application scenes initialized
12:30:27.569 [FXGL Background Thread 1 ] DEBUG SystemBundleService  - Loading FXGL system data
12:30:27.573 [FXGL Background Thread 1 ] DEBUG FileSystemAccess     - Reading from: C:\Games\Schoolwork\Spring 23\CS4900\DawnseekerWorkspace\CS4900G2Proj2\CS4900G2Proj2\Dawnseeker\system\fxgl.bundle
12:30:27.581 [FXGL Background Thread 1 ] DEBUG SystemBundleService  - Bundle FXGL: {}
12:30:27.581 [FXGL Background Thread 1 ] DEBUG UpdaterService       - Checking for updates
12:30:27.585 [FXGL Background Thread 4 ] DEBUG FXGLApplication      - Loading fonts
12:30:27.585 [FXGL Background Thread 1 ] DEBUG FXGLApplication      - Loading default localization
12:30:27.586 [FXGL Background Thread 4 ] DEBUG FXGLAssetLoaderServi - Loading from file system: jar:file:/C:/Users/Morgan%20Johnson/.m2/repository/com/github/almasb/fxgl/17.2/fxgl-17.2.jar!/fxglassets/ui/fonts/VarelaRound-Regular.ttf
12:30:27.586 [FXGL Background Thread 1 ] DEBUG FXGLAssetLoaderServi - Loading from file system: jar:file:/C:/Users/Morgan%20Johnson/.m2/repository/com/github/almasb/fxgl/17.2/fxgl-17.2.jar!/fxglassets/languages/english.lang
12:30:27.607 [FXGL Background Thread 1 ] INFO  FXGLApplication      - FXGL initialization took: 0.583 sec
12:30:27.613 [JavaFX Application Thread] DEBUG Input                - Registered new binding: action0 - LMB
12:30:27.619 [JavaFX Application Thread] DEBUG Input                - Registered new binding: Up - W
12:30:27.620 [JavaFX Application Thread] DEBUG Input                - Registered new binding: Down - S
12:30:27.620 [JavaFX Application Thread] DEBUG Input                - Registered new binding: Right - D
12:30:27.620 [JavaFX Application Thread] DEBUG Input                - Registered new binding: Left - A
12:30:27.621 [JavaFX Application Thread] DEBUG FXGLAssetLoaderServi - Loading from file system: jar:file:/C:/Users/Morgan%20Johnson/.m2/repository/com/github/almasb/fxgl/17.2/fxgl-17.2.jar!/fxglassets/textures/fxgl_icon.png
12:30:27.636 [JavaFX Application Thread] DEBUG FXGLAssetLoaderServi - Loading from file system: jar:file:/C:/Users/Morgan%20Johnson/.m2/repository/com/github/almasb/fxgl/17.2/fxgl-17.2.jar!/fxglassets/textures/fxgl_default_cursor.png
12:30:27.639 [JavaFX Application Thread] DEBUG Input                - Registered new binding: Screenshot - CTRL+8
12:30:27.640 [JavaFX Application Thread] DEBUG Input                - Registered new binding: System info dump - CTRL+9
12:30:27.641 [JavaFX Application Thread] DEBUG Input                - Registered new binding: Restart - CTRL+R
12:30:27.642 [JavaFX Application Thread] DEBUG Input                - Registered new binding: Toggle Debug Camera - CTRL+7
12:30:27.646 [JavaFX Application Thread] DEBUG LoopRunner           - Starting loop
12:30:27.646 [JavaFX Application Thread] DEBUG LoopRunner           - Initializing JavaFX AnimationTimerLoop
12:30:27.649 [JavaFX Application Thread] DEBUG Input                - Clearing active input actions
12:30:27.659 [JavaFX Application Thread] DEBUG GameApplicationServi - Removing overlay from FXGLStartupScene and adding to FXGLMainMenuDummyScene
12:30:27.660 [JavaFX Application Thread] DEBUG PrimaryStageWindow   - FXGLStartupScene -> FXGLMainMenuDummyScene
12:30:27.660 [JavaFX Application Thread] DEBUG PrimaryStageWindow   - Push state: DawnseekerMenu
12:30:27.660 [JavaFX Application Thread] DEBUG Input                - Clearing active input actions
12:30:27.668 [JavaFX Application Thread] DEBUG GameApplicationServi - Removing overlay from FXGLMainMenuDummyScene and adding to DawnseekerMenu
12:30:27.668 [JavaFX Application Thread] DEBUG PrimaryStageWindow   - FXGLMainMenuDummyScene -> DawnseekerMenu
12:30:27.683 [FXGL Background Thread 4 ] DEBUG FXGLAssetLoaderServi - Loading from file system: jar:file:/C:/Users/Morgan%20Johnson/.m2/repository/com/github/almasb/fxgl/17.2/fxgl-17.2.jar!/fxglassets/ui/fonts/Abel-Regular.ttf
12:30:27.688 [FXGL Background Thread 4 ] DEBUG FXGLAssetLoaderServi - Loading from file system: jar:file:/C:/Users/Morgan%20Johnson/.m2/repository/com/github/almasb/fxgl/17.2/fxgl-17.2.jar!/fxglassets/ui/fonts/TerminalLandMono-Regular.otf
12:30:27.693 [FXGL Background Thread 4 ] DEBUG FXGLAssetLoaderServi - Loading from file system: jar:file:/C:/Users/Morgan%20Johnson/.m2/repository/com/github/almasb/fxgl/17.2/fxgl-17.2.jar!/fxglassets/ui/fonts/Courier-Prime.ttf
12:30:27.703 [JavaFX Application Thread] DEBUG FXGLApplication      - Registering font factories with UI factory
12:30:27.973 [FXGL Background Thread 2 ] INFO  UpdaterService       - Your current version:  17.2
12:30:27.974 [FXGL Background Thread 2 ] INFO  UpdaterService       - Latest stable version: 17.3
12:30:28.458 [JavaFX Application Thread] DEBUG Menu                 - fireNewGame()
12:30:28.458 [JavaFX Application Thread] DEBUG GameApplicationServi - Starting new game
12:30:28.458 [JavaFX Application Thread] DEBUG PrimaryStageWindow   - Pop state: DawnseekerMenu
12:30:28.458 [JavaFX Application Thread] DEBUG Input                - Clearing active input actions
12:30:28.459 [JavaFX Application Thread] DEBUG GameApplicationServi - Removing overlay from DawnseekerMenu and adding to FXGLMainMenuDummyScene
12:30:28.459 [JavaFX Application Thread] DEBUG PrimaryStageWindow   - FXGLMainMenuDummyScene <- DawnseekerMenu
12:30:28.459 [JavaFX Application Thread] DEBUG Input                - Clearing active input actions
12:30:28.464 [JavaFX Application Thread] DEBUG GameApplicationServi - Removing overlay from FXGLMainMenuDummyScene and adding to FXGLLoadingScene
12:30:28.464 [JavaFX Application Thread] DEBUG PrimaryStageWindow   - FXGLMainMenuDummyScene -> FXGLLoadingScene
12:30:28.465 [JavaFX Application Thread] DEBUG GameApplicationServi - Clearing previous game
12:30:28.465 [JavaFX Application Thread] DEBUG GameScene            - Clearing game scene
12:30:28.465 [JavaFX Application Thread] DEBUG GameWorld            - Clearing game world
12:30:28.465 [JavaFX Application Thread] DEBUG PhysicsWorld         - Clearing physics world
12:30:28.466 [FXGL Background Thread 2 ] DEBUG FXGLApplication      - Initializing game
12:30:28.470 [FXGL Background Thread 2 ] DEBUG AudioPlayer          - Stopping music com.almasb.fxgl.audio.Music@38fa88d0
12:30:28.471 [FXGL Background Thread 2 ] DEBUG FXGLAssetLoaderServi - Loading from file system: file:/C:/Games/Schoolwork/Spring%2023/CS4900/DawnseekerWorkspace/CS4900G2Proj2/CS4900G2Proj2/Dawnseeker/target/classes/assets/music/heartache.mp3
12:30:28.481 [FXGL Background Thread 2 ] DEBUG AudioPlayer          - Playing music com.almasb.fxgl.audio.Music@6a63e0ce
12:30:28.495 [FXGL Background Thread 2 ] DEBUG FXGLAssetLoaderServi - Loading from file system: file:/C:/Games/Schoolwork/Spring%2023/CS4900/DawnseekerWorkspace/CS4900G2Proj2/CS4900G2Proj2/Dawnseeker/target/classes/assets/textures/DawnseekerPCV2.png
12:30:28.498 [FXGL Background Thread 2 ] DEBUG FXGLAssetLoaderServi - Loading from file system: file:/C:/Games/Schoolwork/Spring%2023/CS4900/DawnseekerWorkspace/CS4900G2Proj2/CS4900G2Proj2/Dawnseeker/target/classes/assets/textures/DawnseekerPCV2Down.png
12:30:28.501 [FXGL Background Thread 2 ] DEBUG FXGLAssetLoaderServi - Loading from file system: file:/C:/Games/Schoolwork/Spring%2023/CS4900/DawnseekerWorkspace/CS4900G2Proj2/CS4900G2Proj2/Dawnseeker/target/classes/assets/textures/DawnseekerPCV2Up.png
12:30:28.504 [FXGL Background Thread 2 ] DEBUG FXGLAssetLoaderServi - Loading from file system: file:/C:/Games/Schoolwork/Spring%2023/CS4900/DawnseekerWorkspace/CS4900G2Proj2/CS4900G2Proj2/Dawnseeker/target/classes/assets/textures/DawnseekerPCV2Right.png
12:30:28.506 [FXGL Background Thread 2 ] DEBUG FXGLAssetLoaderServi - Loading from file system: file:/C:/Games/Schoolwork/Spring%2023/CS4900/DawnseekerWorkspace/CS4900G2Proj2/CS4900G2Proj2/Dawnseeker/target/classes/assets/textures/DawnseekerPCV2Left.png
12:30:28.522 [FXGL Background Thread 2 ] DEBUG FXGLAssetLoaderServi - Loading from file system: file:/C:/Games/Schoolwork/Spring%2023/CS4900/DawnseekerWorkspace/CS4900G2Proj2/CS4900G2Proj2/Dawnseeker/target/classes/assets/textures/BackGroung.png
12:30:28.553 [FXGL Background Thread 2 ] WARN  GameWorld            - Entity is already attached to world
12:30:28.554 [FXGL Background Thread 2 ] DEBUG FXGLAssetLoaderServi - Loading from file system: file:/C:/Games/Schoolwork/Spring%2023/CS4900/DawnseekerWorkspace/CS4900G2Proj2/CS4900G2Proj2/Dawnseeker/target/classes/assets/textures/Rock1.png
12:30:28.556 [FXGL Background Thread 2 ] WARN  Entity               - Entity already has component: com.almasb.fxgl.entity.components.CollidableComponent
12:30:28.556 [FXGL Background Thread 2 ] WARN  GameWorld            - Entity is already attached to world
12:30:28.557 [FXGL Background Thread 2 ] DEBUG FXGLAssetLoaderServi - Loading from file system: file:/C:/Games/Schoolwork/Spring%2023/CS4900/DawnseekerWorkspace/CS4900G2Proj2/CS4900G2Proj2/Dawnseeker/target/classes/assets/textures/Rock2.png
12:30:28.558 [FXGL Background Thread 2 ] WARN  Entity               - Entity already has component: com.almasb.fxgl.entity.components.CollidableComponent
12:30:28.558 [FXGL Background Thread 2 ] WARN  GameWorld            - Entity is already attached to world
12:30:28.559 [FXGL Background Thread 2 ] DEBUG FXGLAssetLoaderServi - Loading from file system: file:/C:/Games/Schoolwork/Spring%2023/CS4900/DawnseekerWorkspace/CS4900G2Proj2/CS4900G2Proj2/Dawnseeker/target/classes/assets/textures/BigRock1.png
12:30:28.560 [FXGL Background Thread 2 ] WARN  Entity               - Entity already has component: com.almasb.fxgl.entity.components.CollidableComponent
12:30:28.561 [FXGL Background Thread 2 ] WARN  GameWorld            - Entity is already attached to world
12:30:28.561 [FXGL Background Thread 2 ] WARN  GameWorld            - Entity is already attached to world
12:30:28.562 [FXGL Background Thread 2 ] DEBUG FXGLAssetLoaderServi - Loading from file system: file:/C:/Games/Schoolwork/Spring%2023/CS4900/DawnseekerWorkspace/CS4900G2Proj2/CS4900G2Proj2/Dawnseeker/target/classes/assets/textures/Shop.png
12:30:28.563 [FXGL Background Thread 2 ] WARN  GameWorld            - Entity is already attached to world
12:30:28.576 [FXGL Background Thread 2 ] INFO  FXGLApplication      - Game initialization took: 0.110 sec
12:30:28.576 [JavaFX Application Thread] DEBUG Input                - Clearing active input actions
12:30:28.585 [JavaFX Application Thread] DEBUG GameApplicationServi - Removing overlay from FXGLLoadingScene and adding to GameScene
12:30:28.585 [JavaFX Application Thread] DEBUG PrimaryStageWindow   - FXGLLoadingScene -> GameScene
12:30:29.450 [JavaFX Application Thread] DEBUG FXGLAssetLoaderServi - Loading from file system: file:/C:/Games/Schoolwork/Spring%2023/CS4900/DawnseekerWorkspace/CS4900G2Proj2/CS4900G2Proj2/Dawnseeker/target/classes/assets/textures/Skull.gif
12:30:29.456 [JavaFX Application Thread] DEBUG FXGLAssetLoaderServi - Loading from file system: file:/C:/Games/Schoolwork/Spring%2023/CS4900/DawnseekerWorkspace/CS4900G2Proj2/CS4900G2Proj2/Dawnseeker/target/classes/assets/textures/Ghost.gif
12:30:30.048 [JavaFX Application Thread] DEBUG FXGLAssetLoaderServi - Loading from file system: file:/C:/Games/Schoolwork/Spring%2023/CS4900/DawnseekerWorkspace/CS4900G2Proj2/CS4900G2Proj2/Dawnseeker/target/classes/assets/sounds/magic_missile.wav
12:30:30.062 [JavaFX Application Thread] DEBUG FXGLAssetLoaderServi - Loading from file system: file:/C:/Games/Schoolwork/Spring%2023/CS4900/DawnseekerWorkspace/CS4900G2Proj2/CS4900G2Proj2/Dawnseeker/target/classes/assets/textures/Fireball.gif
12:30:30.586 [FXGL Background Thread 3 ] DEBUG Engine               - Logging environment variables
12:30:30.586 [FXGL Background Thread 3 ] DEBUG Engine               - achievements: []
12:30:30.586 [FXGL Background Thread 3 ] DEBUG Engine               - actualHeight: 1080.0
12:30:30.586 [FXGL Background Thread 3 ] DEBUG Engine               - actualHeightProperty: ReadOnlyDoubleProperty [value: 1080.0]
12:30:30.586 [FXGL Background Thread 3 ] DEBUG Engine               - actualWidth: 1920.0
12:30:30.586 [FXGL Background Thread 3 ] DEBUG Engine               - actualWidthProperty: ReadOnlyDoubleProperty [value: 1920.0]
12:30:30.586 [FXGL Background Thread 3 ] DEBUG Engine               - appIcon: fxgl_icon.png
12:30:30.586 [FXGL Background Thread 3 ] DEBUG Engine               - applicationMode: DEVELOPER
12:30:30.586 [FXGL Background Thread 3 ] DEBUG Engine               - cSSList: [fxgl_dark.css]
12:30:30.586 [FXGL Background Thread 3 ] DEBUG Engine               - collisionDetectionStrategy: BRUTE_FORCE
12:30:30.586 [FXGL Background Thread 3 ] DEBUG Engine               - configClass: Optional.empty
12:30:30.587 [FXGL Background Thread 3 ] DEBUG Engine               - credits: []
12:30:30.587 [FXGL Background Thread 3 ] DEBUG Engine               - defaultCursor: CursorInfo(imageName=fxgl_default_cursor.png, hotspotX=7.0, hotspotY=6.0)
12:30:30.587 [FXGL Background Thread 3 ] DEBUG Engine               - devBBoxColorProperty: ObjectProperty [value: 0xff0000ff]
12:30:30.587 [FXGL Background Thread 3 ] DEBUG Engine               - devEnableDebugCameraProperty: BooleanProperty [value: false]
12:30:30.587 [FXGL Background Thread 3 ] DEBUG Engine               - devSensorColorProperty: ObjectProperty [value: 0xffff00ff]
12:30:30.587 [FXGL Background Thread 3 ] DEBUG Engine               - devShowBBoxProperty: BooleanProperty [value: false]
12:30:30.587 [FXGL Background Thread 3 ] DEBUG Engine               - devShowPositionProperty: BooleanProperty [value: false]
12:30:30.587 [FXGL Background Thread 3 ] DEBUG Engine               - enabledMenuItems: []
12:30:30.587 [FXGL Background Thread 3 ] DEBUG Engine               - engineServices: [class com.almasb.fxgl.app.services.FXGLAssetLoaderService, class com.almasb.fxgl.app.FXGLApplication$GameApplicationService, class com.almasb.fxgl.app.services.FXGLDialogService, class com.almasb.fxgl.app.services.IOTaskExecutorService, class com.almasb.fxgl.io.FileSystemService, class com.almasb.fxgl.localization.LocalizationService, class com.almasb.fxgl.app.services.SystemBundleService, class com.almasb.fxgl.profile.SaveLoadService, class com.almasb.fxgl.ui.FXGLUIFactoryServiceProvider, class com.almasb.fxgl.ui.FXGLDialogFactoryServiceProvider, class com.almasb.fxgl.audio.AudioPlayer, class com.almasb.fxgl.notification.impl.NotificationServiceProvider, class com.almasb.fxgl.achievement.AchievementService, class com.almasb.fxgl.cutscene.CutsceneService, class com.almasb.fxgl.minigames.MiniGameService, class com.almasb.fxgl.net.NetService, class com.almasb.fxgl.app.services.UpdaterService, class com.almasb.fxgl.dev.DevService]
12:30:30.587 [FXGL Background Thread 3 ] DEBUG Engine               - fontGame: Abel-Regular.ttf
12:30:30.587 [FXGL Background Thread 3 ] DEBUG Engine               - fontMono: TerminalLandMono-Regular.otf
12:30:30.587 [FXGL Background Thread 3 ] DEBUG Engine               - fontText: Courier-Prime.ttf
12:30:30.587 [FXGL Background Thread 3 ] DEBUG Engine               - fontUI: VarelaRound-Regular.ttf
12:30:30.588 [FXGL Background Thread 3 ] DEBUG Engine               - fullScreen: BooleanProperty [value: false]
12:30:30.588 [FXGL Background Thread 3 ] DEBUG Engine               - gameDifficulty: MEDIUM
12:30:30.588 [FXGL Background Thread 3 ] DEBUG Engine               - gameDifficultyProperty: ObjectProperty [value: MEDIUM]
12:30:30.588 [FXGL Background Thread 3 ] DEBUG Engine               - globalMusicVolume: 0.5
12:30:30.588 [FXGL Background Thread 3 ] DEBUG Engine               - globalMusicVolumeProperty: DoubleProperty [value: 0.5]
12:30:30.588 [FXGL Background Thread 3 ] DEBUG Engine               - globalSoundVolume: 0.5
12:30:30.588 [FXGL Background Thread 3 ] DEBUG Engine               - globalSoundVolumeProperty: DoubleProperty [value: 0.5]
12:30:30.588 [FXGL Background Thread 3 ] DEBUG Engine               - height: 1080
12:30:30.588 [FXGL Background Thread 3 ] DEBUG Engine               - is3D: false
12:30:30.588 [FXGL Background Thread 3 ] DEBUG Engine               - isAndroid: false
12:30:30.588 [FXGL Background Thread 3 ] DEBUG Engine               - isBrowser: false
12:30:30.588 [FXGL Background Thread 3 ] DEBUG Engine               - isClickFeedbackEnabled: false
12:30:30.588 [FXGL Background Thread 3 ] DEBUG Engine               - isCloseConfirmation: false
12:30:30.588 [FXGL Background Thread 3 ] DEBUG Engine               - isDesktop: true
12:30:30.588 [FXGL Background Thread 3 ] DEBUG Engine               - isDeveloperMenuEnabled: false
12:30:30.588 [FXGL Background Thread 3 ] DEBUG Engine               - isEmbedded: false
12:30:30.588 [FXGL Background Thread 3 ] DEBUG Engine               - isEntityPreloadEnabled: true
12:30:30.588 [FXGL Background Thread 3 ] DEBUG Engine               - isExperimentalTiledLargeMap: false
12:30:30.588 [FXGL Background Thread 3 ] DEBUG Engine               - isFileSystemWriteAllowed: true
12:30:30.588 [FXGL Background Thread 3 ] DEBUG Engine               - isFullScreenAllowed: false
12:30:30.588 [FXGL Background Thread 3 ] DEBUG Engine               - isFullScreenFromStart: false
12:30:30.588 [FXGL Background Thread 3 ] DEBUG Engine               - isGameMenuEnabled: true
12:30:30.588 [FXGL Background Thread 3 ] DEBUG Engine               - isIOS: false
12:30:30.588 [FXGL Background Thread 3 ] DEBUG Engine               - isIntroEnabled: false
12:30:30.588 [FXGL Background Thread 3 ] DEBUG Engine               - isLinux: false
12:30:30.588 [FXGL Background Thread 3 ] DEBUG Engine               - isMac: false
12:30:30.588 [FXGL Background Thread 3 ] DEBUG Engine               - isMainMenuEnabled: true
12:30:30.588 [FXGL Background Thread 3 ] DEBUG Engine               - isManualResizeEnabled: false
12:30:30.588 [FXGL Background Thread 3 ] DEBUG Engine               - isMobile: false
12:30:30.589 [FXGL Background Thread 3 ] DEBUG Engine               - isNative: false
12:30:30.589 [FXGL Background Thread 3 ] DEBUG Engine               - isPauseMusicWhenMinimized: true
12:30:30.589 [FXGL Background Thread 3 ] DEBUG Engine               - isPreserveResizeRatio: false
12:30:30.589 [FXGL Background Thread 3 ] DEBUG Engine               - isProfilingEnabled: false
12:30:30.589 [FXGL Background Thread 3 ] DEBUG Engine               - isScaleAffectedOnResize: true
12:30:30.589 [FXGL Background Thread 3 ] DEBUG Engine               - isSingleStep: false
12:30:30.589 [FXGL Background Thread 3 ] DEBUG Engine               - isUserProfileEnabled: false
12:30:30.589 [FXGL Background Thread 3 ] DEBUG Engine               - isWindows: true
12:30:30.589 [FXGL Background Thread 3 ] DEBUG Engine               - language: ObjectProperty [value: ENGLISH]
12:30:30.589 [FXGL Background Thread 3 ] DEBUG Engine               - menuKey: ESCAPE
12:30:30.589 [FXGL Background Thread 3 ] DEBUG Engine               - mouseSensitivity: 0.2
12:30:30.589 [FXGL Background Thread 3 ] DEBUG Engine               - notificationViewClass: class com.almasb.fxgl.notification.view.XboxNotificationView
12:30:30.589 [FXGL Background Thread 3 ] DEBUG Engine               - pixelsPerMeter: 50.0
12:30:30.589 [FXGL Background Thread 3 ] DEBUG Engine               - platform: WINDOWS
12:30:30.589 [FXGL Background Thread 3 ] DEBUG Engine               - prefHeightProperty: ReadOnlyDoubleProperty [value: 1080.0]
12:30:30.589 [FXGL Background Thread 3 ] DEBUG Engine               - prefWidthProperty: ReadOnlyDoubleProperty [value: 1920.0]
12:30:30.589 [FXGL Background Thread 3 ] DEBUG Engine               - profileDir: profiles/
12:30:30.589 [FXGL Background Thread 3 ] DEBUG Engine               - profileName: StringProperty [value: DEFAULT]
12:30:30.589 [FXGL Background Thread 3 ] DEBUG Engine               - randomSeed: -1
12:30:30.589 [FXGL Background Thread 3 ] DEBUG Engine               - runtimeInfo: RuntimeInfo(platform=WINDOWS, version=17.2, build=20.08.2022 16.50)
12:30:30.589 [FXGL Background Thread 3 ] DEBUG Engine               - saveFileExt: sav
12:30:30.589 [FXGL Background Thread 3 ] DEBUG Engine               - scaledHeightProp$fxgl: DoubleProperty [bound, value: 1080.0]
12:30:30.589 [FXGL Background Thread 3 ] DEBUG Engine               - scaledWidthProp$fxgl: DoubleProperty [bound, value: 1920.0]
12:30:30.590 [FXGL Background Thread 3 ] DEBUG Engine               - sceneFactory: myGame.DawnseekerApp$1@716cee31
12:30:30.590 [FXGL Background Thread 3 ] DEBUG Engine               - secondsIn24h: 60
12:30:30.590 [FXGL Background Thread 3 ] DEBUG Engine               - soundMenuBack: menu/back.wav
12:30:30.590 [FXGL Background Thread 3 ] DEBUG Engine               - soundMenuPress: menu/press.wav
12:30:30.590 [FXGL Background Thread 3 ] DEBUG Engine               - soundMenuSelect: menu/select.wav
12:30:30.590 [FXGL Background Thread 3 ] DEBUG Engine               - soundNotification: core/notification.wav
12:30:30.590 [FXGL Background Thread 3 ] DEBUG Engine               - stageStyle: DECORATED
12:30:30.590 [FXGL Background Thread 3 ] DEBUG Engine               - supportedLanguages: [ENGLISH, FRENCH, GERMAN, HUNGARIAN, RUSSIAN]
12:30:30.590 [FXGL Background Thread 3 ] DEBUG Engine               - ticksPerSecond: -1
12:30:30.590 [FXGL Background Thread 3 ] DEBUG Engine               - title: Dawnseeker
12:30:30.590 [FXGL Background Thread 3 ] DEBUG Engine               - urlGithub: https://github.com/AlmasB/FXGL
12:30:30.590 [FXGL Background Thread 3 ] DEBUG Engine               - urlLeaderboard: http://fxgl-top.herokuapp.com/
12:30:30.590 [FXGL Background Thread 3 ] DEBUG Engine               - urlPOM: https://raw.githubusercontent.com/AlmasB/FXGL/release/README.md
12:30:30.590 [FXGL Background Thread 3 ] DEBUG Engine               - userAppClass: class myGame.DawnseekerApp
12:30:30.590 [FXGL Background Thread 3 ] DEBUG Engine               - version: 0.4
12:30:30.590 [FXGL Background Thread 3 ] DEBUG Engine               - versionCheckDays: 7
12:30:30.590 [FXGL Background Thread 3 ] DEBUG Engine               - width: 1920
12:30:30.590 [FXGL Background Thread 3 ] DEBUG Engine               - Logging services
12:30:30.590 [FXGL Background Thread 3 ] DEBUG Engine               - class com.almasb.fxgl.app.services.FXGLAssetLoaderService
12:30:30.590 [FXGL Background Thread 3 ] DEBUG Engine               - class com.almasb.fxgl.app.FXGLApplication$GameApplicationService
12:30:30.590 [FXGL Background Thread 3 ] DEBUG Engine               - class com.almasb.fxgl.app.services.FXGLDialogService
12:30:30.590 [FXGL Background Thread 3 ] DEBUG Engine               - class com.almasb.fxgl.app.services.IOTaskExecutorService
12:30:30.590 [FXGL Background Thread 3 ] DEBUG Engine               - class com.almasb.fxgl.io.FileSystemService
12:30:30.590 [FXGL Background Thread 3 ] DEBUG Engine               - class com.almasb.fxgl.localization.LocalizationService
12:30:30.590 [FXGL Background Thread 3 ] DEBUG Engine               - class com.almasb.fxgl.app.services.SystemBundleService
12:30:30.590 [FXGL Background Thread 3 ] DEBUG Engine               - class com.almasb.fxgl.profile.SaveLoadService
12:30:30.590 [FXGL Background Thread 3 ] DEBUG Engine               - class com.almasb.fxgl.ui.FXGLUIFactoryServiceProvider
12:30:30.590 [FXGL Background Thread 3 ] DEBUG Engine               - class com.almasb.fxgl.ui.FXGLDialogFactoryServiceProvider
12:30:30.590 [FXGL Background Thread 3 ] DEBUG Engine               - class com.almasb.fxgl.audio.AudioPlayer
12:30:30.591 [FXGL Background Thread 3 ] DEBUG Engine               - class com.almasb.fxgl.notification.impl.NotificationServiceProvider
12:30:30.591 [FXGL Background Thread 3 ] DEBUG Engine               - class com.almasb.fxgl.achievement.AchievementService
12:30:30.591 [FXGL Background Thread 3 ] DEBUG Engine               - class com.almasb.fxgl.cutscene.CutsceneService
12:30:30.591 [FXGL Background Thread 3 ] DEBUG Engine               - class com.almasb.fxgl.minigames.MiniGameService
12:30:30.591 [FXGL Background Thread 3 ] DEBUG Engine               - class com.almasb.fxgl.net.NetService
12:30:30.591 [FXGL Background Thread 3 ] DEBUG Engine               - class com.almasb.fxgl.app.services.UpdaterService
12:30:30.591 [FXGL Background Thread 3 ] DEBUG Engine               - class com.almasb.fxgl.dev.DevService
12:30:31.211 [JavaFX Application Thread] DEBUG FXGLAssetLoaderServi - Loading from file system: file:/C:/Games/Schoolwork/Spring%2023/CS4900/DawnseekerWorkspace/CS4900G2Proj2/CS4900G2Proj2/Dawnseeker/target/classes/assets/sounds/yoda_death.wav
12:30:31.257 [JavaFX Application Thread] WARN  GameWorld            - Attempted to remove entity which is not active
12:30:31.258 [JavaFX Application Thread] DEBUG FXGLAssetLoaderServi - Loading from file system: file:/C:/Games/Schoolwork/Spring%2023/CS4900/DawnseekerWorkspace/CS4900G2Proj2/CS4900G2Proj2/Dawnseeker/target/classes/assets/textures/Coin.gif
12:30:31.260 [JavaFX Application Thread] DEBUG FXGLAssetLoaderServi - Loading from file system: file:/C:/Games/Schoolwork/Spring%2023/CS4900/DawnseekerWorkspace/CS4900G2Proj2/CS4900G2Proj2/Dawnseeker/target/classes/assets/sounds/bong.wav
12:30:32.713 [JavaFX Application Thread] WARN  GameWorld            - Attempted to remove entity which is not active
12:30:33.593 [JavaFX Application Thread] WARN  GameWorld            - Attempted to remove entity which is not active
12:30:33.594 [JavaFX Application Thread] DEBUG FXGLAssetLoaderServi - Loading from file system: file:/C:/Games/Schoolwork/Spring%2023/CS4900/DawnseekerWorkspace/CS4900G2Proj2/CS4900G2Proj2/Dawnseeker/target/classes/assets/textures/SpeedPotion.gif
12:30:33.978 [JavaFX Application Thread] WARN  GameWorld            - Attempted to remove entity which is not active
12:30:34.745 [JavaFX Application Thread] WARN  GameWorld            - Attempted to remove entity which is not active
12:30:34.746 [JavaFX Application Thread] DEBUG FXGLAssetLoaderServi - Loading from file system: file:/C:/Games/Schoolwork/Spring%2023/CS4900/DawnseekerWorkspace/CS4900G2Proj2/CS4900G2Proj2/Dawnseeker/target/classes/assets/textures/HealthPotion.gif
12:30:34.953 [JavaFX Application Thread] WARN  GameWorld            - Attempted to remove entity which is not active
12:30:35.114 [JavaFX Application Thread] WARN  GameWorld            - Attempted to remove entity which is not active
12:30:35.529 [JavaFX Application Thread] WARN  GameWorld            - Attempted to remove entity which is not active
12:30:37.056 [JavaFX Application Thread] DEBUG FXGLApplication      - Exiting FXGL
12:30:37.056 [JavaFX Application Thread] DEBUG LoopRunner           - Stopping loop
12:30:37.056 [JavaFX Application Thread] DEBUG SystemBundleService  - Saving FXGL system data
12:30:37.058 [JavaFX Application Thread] DEBUG FileSystemAccess     - Writing to: C:\Games\Schoolwork\Spring 23\CS4900\DawnseekerWorkspace\CS4900G2Proj2\CS4900G2Proj2\Dawnseeker\system\fxgl.bundle
12:30:37.060 [JavaFX Application Thread] DEBUG Async                - Shutting down background threads
12:30:37.060 [JavaFX Application Thread] DEBUG PrimaryStageWindow   - Closing main window
12:30:37.067 [JavaFX Application Thread] DEBUG Logger               - Closing Logger
