18:40:52.598 [main                     ] DEBUG Logger               - Configured Logger
18:40:52.616 [main                     ] DEBUG GameApplication      - Logging settings
Title: Dawnseeker
Version: 0.4
Width: 1024
Height: 1024
Fullscreen: false
Intro: false
Profiling: false
Single step:false
App Mode: DEVELOPER
Menu Key: ESCAPE
Stage Style: DECORATED
Scene Factory: class myGame.DawnseekerApp$1

18:40:52.950 [JavaFX Application Thread] DEBUG FXGLApplication      - Initializing FXGL
18:40:52.953 [JavaFX Application Thread] INFO  Engine               - FXGL-17.2 (20.08.2022 16.50) on WINDOWS (J:18.0.2.1 FX:18)
18:40:52.954 [JavaFX Application Thread] DEBUG Engine               - JRE Vendor Name: Oracle Corporation
18:40:52.954 [JavaFX Application Thread] DEBUG Engine               - Running on OS: Windows 10 version 10.0
18:40:52.954 [JavaFX Application Thread] DEBUG Engine               - Architecture: amd64
18:40:52.954 [JavaFX Application Thread] INFO  Engine               - Source code and latest versions at: https://github.com/AlmasB/FXGL
18:40:52.954 [JavaFX Application Thread] INFO  Engine               -       Ask questions and discuss at: https://github.com/AlmasB/FXGL/discussions
18:40:52.954 [JavaFX Application Thread] INFO  Engine               -              Join the FXGL chat at: https://gitter.im/AlmasB/FXGL
18:40:53.044 [JavaFX Application Thread] DEBUG PrimaryStageWindow   - Creating a JavaFX scene
18:40:53.080 [JavaFX Application Thread] DEBUG PrimaryStageWindow   - Target settings size: 1024.0 x 1024.0
18:40:53.080 [JavaFX Application Thread] DEBUG PrimaryStageWindow   - Scaled scene size:    1024.0 x 1024.0
18:40:53.080 [JavaFX Application Thread] DEBUG PrimaryStageWindow   - Scaled ratio: (1.0, 1.0)
18:40:53.081 [JavaFX Application Thread] DEBUG PrimaryStageWindow   - Set initial scene to FXGLStartupScene
18:40:53.087 [JavaFX Application Thread] DEBUG PrimaryStageWindow   - Opening main window
18:40:53.155 [JavaFX Application Thread] DEBUG PrimaryStageWindow   - Window border size: (16.0, 39.0)
18:40:53.155 [JavaFX Application Thread] DEBUG PrimaryStageWindow   - Scaled size: 1024.0 x 1024.0
18:40:53.156 [JavaFX Application Thread] DEBUG PrimaryStageWindow   - Scaled ratio: (1.0, 1.0)
18:40:53.156 [JavaFX Application Thread] DEBUG PrimaryStageWindow   - Scene size: 1024.0 x 1024.0
18:40:53.156 [JavaFX Application Thread] DEBUG PrimaryStageWindow   - Stage size: 1040.0 x 1063.0
18:40:53.161 [FXGL Background Thread 1 ] DEBUG Engine               - Initializing environment variables
18:40:53.199 [FXGL Background Thread 1 ] DEBUG FXGLAssetLoaderServi - User app class for loading assets: class myGame.DawnseekerApp
18:40:53.199 [FXGL Background Thread 1 ] DEBUG GameApplicationServi - Applying CSS: fxgl_dark.css
18:40:53.200 [FXGL Background Thread 1 ] DEBUG FXGLAssetLoaderServi - Loading from file system: jar:file:/C:/Users/garre/.m2/repository/com/github/almasb/fxgl/17.2/fxgl-17.2.jar!/fxglassets/ui/css/fxgl_dark.css
18:40:53.233 [FXGL Background Thread 1 ] DEBUG GameApplicationServi - Initializing application scenes
18:40:53.265 [FXGL Background Thread 1 ] DEBUG GameWorld            - Game world initialized
18:40:53.314 [FXGL Background Thread 1 ] DEBUG PhysicsWorld         - Physics world initialized: appHeight=1024, physics.ppm=50.0
18:40:53.314 [FXGL Background Thread 1 ] DEBUG PhysicsWorld         - Using strategy: BRUTE_FORCE
18:40:53.317 [FXGL Background Thread 1 ] DEBUG GameScene            - Game scene initialized: 1024x1024
18:40:53.317 [FXGL Background Thread 1 ] DEBUG FXGLAssetLoaderServi - Loading from file system: file:/C:/Users/garre/git/CS4900G2Proj2/Dawnseeker/target/classes/assets/music/shop.mp3
18:40:53.430 [FXGL Background Thread 1 ] DEBUG AudioPlayer          - Playing music com.almasb.fxgl.audio.Music@5a77f461
18:40:53.444 [FXGL Background Thread 1 ] DEBUG FXGLAssetLoaderServi - Loading from file system: file:/C:/Users/garre/git/CS4900G2Proj2/Dawnseeker/target/classes/assets/textures/bg.png
18:40:53.507 [FXGL Background Thread 1 ] DEBUG FXGL.DefaultMenu     - createMenuBodyGameMenu()
18:40:53.516 [FXGL Background Thread 1 ] DEBUG FXGL.DefaultMenu     - createOptionsMenu()
18:40:53.523 [FXGL Background Thread 1 ] DEBUG FXGLAssetLoaderServi - Loading from file system: jar:file:/C:/Users/garre/.m2/repository/com/github/almasb/fxgl/17.2/fxgl-17.2.jar!/fxglassets/textures/particles/smoke.png
18:40:53.600 [FXGL Background Thread 1 ] DEBUG FXGLAssetLoaderServi - Loading from file system: jar:file:/C:/Users/garre/.m2/repository/com/github/almasb/fxgl/17.2/fxgl-17.2.jar!/fxglassets/textures/particles/trace_horizontal.png
18:40:53.612 [FXGL Background Thread 1 ] DEBUG GameApplicationServi - Application scenes initialized
18:40:53.622 [FXGL Background Thread 1 ] DEBUG SystemBundleService  - Loading FXGL system data
18:40:53.625 [FXGL Background Thread 1 ] DEBUG FileSystemAccess     - Reading from: C:\Users\garre\git\CS4900G2Proj2\Dawnseeker\system\fxgl.bundle
18:40:53.632 [FXGL Background Thread 1 ] DEBUG SystemBundleService  - Bundle FXGL: {}
18:40:53.632 [FXGL Background Thread 1 ] DEBUG UpdaterService       - Checking for updates
18:40:53.635 [FXGL Background Thread 4 ] DEBUG FXGLApplication      - Loading fonts
18:40:53.635 [FXGL Background Thread 4 ] DEBUG FXGLAssetLoaderServi - Loading from file system: jar:file:/C:/Users/garre/.m2/repository/com/github/almasb/fxgl/17.2/fxgl-17.2.jar!/fxglassets/ui/fonts/VarelaRound-Regular.ttf
18:40:53.636 [FXGL Background Thread 1 ] DEBUG FXGLApplication      - Loading default localization
18:40:53.637 [FXGL Background Thread 1 ] DEBUG FXGLAssetLoaderServi - Loading from file system: jar:file:/C:/Users/garre/.m2/repository/com/github/almasb/fxgl/17.2/fxgl-17.2.jar!/fxglassets/languages/english.lang
18:40:53.665 [FXGL Background Thread 1 ] INFO  FXGLApplication      - FXGL initialization took: 0.503 sec
18:40:53.693 [FXGL Background Thread 4 ] DEBUG FXGLAssetLoaderServi - Loading from file system: jar:file:/C:/Users/garre/.m2/repository/com/github/almasb/fxgl/17.2/fxgl-17.2.jar!/fxglassets/ui/fonts/Abel-Regular.ttf
18:40:53.696 [FXGL Background Thread 4 ] DEBUG FXGLAssetLoaderServi - Loading from file system: jar:file:/C:/Users/garre/.m2/repository/com/github/almasb/fxgl/17.2/fxgl-17.2.jar!/fxglassets/ui/fonts/TerminalLandMono-Regular.otf
18:40:53.699 [FXGL Background Thread 4 ] DEBUG FXGLAssetLoaderServi - Loading from file system: jar:file:/C:/Users/garre/.m2/repository/com/github/almasb/fxgl/17.2/fxgl-17.2.jar!/fxglassets/ui/fonts/Courier-Prime.ttf
18:40:53.809 [JavaFX Application Thread] DEBUG Input                - Registered new binding: action0 - LMB
18:40:53.815 [JavaFX Application Thread] DEBUG Input                - Registered new binding: Up - W
18:40:53.815 [JavaFX Application Thread] DEBUG Input                - Registered new binding: Down - S
18:40:53.816 [JavaFX Application Thread] DEBUG Input                - Registered new binding: Right - D
18:40:53.816 [JavaFX Application Thread] DEBUG Input                - Registered new binding: Left - A
18:40:53.816 [JavaFX Application Thread] DEBUG FXGLAssetLoaderServi - Loading from file system: jar:file:/C:/Users/garre/.m2/repository/com/github/almasb/fxgl/17.2/fxgl-17.2.jar!/fxglassets/textures/fxgl_icon.png
18:40:53.826 [JavaFX Application Thread] DEBUG FXGLAssetLoaderServi - Loading from file system: jar:file:/C:/Users/garre/.m2/repository/com/github/almasb/fxgl/17.2/fxgl-17.2.jar!/fxglassets/textures/fxgl_default_cursor.png
18:40:53.828 [JavaFX Application Thread] DEBUG Input                - Registered new binding: Screenshot - CTRL+8
18:40:53.829 [JavaFX Application Thread] DEBUG Input                - Registered new binding: System info dump - CTRL+9
18:40:53.830 [JavaFX Application Thread] DEBUG Input                - Registered new binding: Restart - CTRL+R
18:40:53.831 [JavaFX Application Thread] DEBUG Input                - Registered new binding: Toggle Debug Camera - CTRL+7
18:40:53.834 [JavaFX Application Thread] DEBUG LoopRunner           - Starting loop
18:40:53.834 [JavaFX Application Thread] DEBUG LoopRunner           - Initializing JavaFX AnimationTimerLoop
18:40:53.839 [JavaFX Application Thread] DEBUG Input                - Clearing active input actions
18:40:53.843 [JavaFX Application Thread] DEBUG GameApplicationServi - Removing overlay from FXGLStartupScene and adding to FXGLMainMenuDummyScene
18:40:53.843 [JavaFX Application Thread] DEBUG PrimaryStageWindow   - FXGLStartupScene -> FXGLMainMenuDummyScene
18:40:53.843 [JavaFX Application Thread] DEBUG PrimaryStageWindow   - Push state: DawnseekerMenu
18:40:53.843 [JavaFX Application Thread] DEBUG Input                - Clearing active input actions
18:40:53.849 [JavaFX Application Thread] DEBUG GameApplicationServi - Removing overlay from FXGLMainMenuDummyScene and adding to DawnseekerMenu
18:40:53.849 [JavaFX Application Thread] DEBUG PrimaryStageWindow   - FXGLMainMenuDummyScene -> DawnseekerMenu
18:40:53.849 [JavaFX Application Thread] DEBUG FXGLApplication      - Registering font factories with UI factory
18:40:53.967 [FXGL Background Thread 2 ] INFO  UpdaterService       - Your current version:  17.2
18:40:53.967 [FXGL Background Thread 2 ] INFO  UpdaterService       - Latest stable version: 17.3
18:40:54.862 [JavaFX Application Thread] DEBUG Menu                 - fireNewGame()
18:40:54.862 [JavaFX Application Thread] DEBUG GameApplicationServi - Starting new game
18:40:54.862 [JavaFX Application Thread] DEBUG PrimaryStageWindow   - Pop state: DawnseekerMenu
18:40:54.863 [JavaFX Application Thread] DEBUG Input                - Clearing active input actions
18:40:54.863 [JavaFX Application Thread] DEBUG GameApplicationServi - Removing overlay from DawnseekerMenu and adding to FXGLMainMenuDummyScene
18:40:54.864 [JavaFX Application Thread] DEBUG PrimaryStageWindow   - FXGLMainMenuDummyScene <- DawnseekerMenu
18:40:54.864 [JavaFX Application Thread] DEBUG Input                - Clearing active input actions
18:40:54.870 [JavaFX Application Thread] DEBUG GameApplicationServi - Removing overlay from FXGLMainMenuDummyScene and adding to FXGLLoadingScene
18:40:54.870 [JavaFX Application Thread] DEBUG PrimaryStageWindow   - FXGLMainMenuDummyScene -> FXGLLoadingScene
18:40:54.870 [JavaFX Application Thread] DEBUG GameApplicationServi - Clearing previous game
18:40:54.870 [JavaFX Application Thread] DEBUG GameScene            - Clearing game scene
18:40:54.870 [JavaFX Application Thread] DEBUG GameWorld            - Clearing game world
18:40:54.870 [JavaFX Application Thread] DEBUG PhysicsWorld         - Clearing physics world
18:40:54.872 [FXGL Background Thread 2 ] DEBUG FXGLApplication      - Initializing game
18:40:54.875 [FXGL Background Thread 2 ] DEBUG AudioPlayer          - Stopping music com.almasb.fxgl.audio.Music@5a77f461
18:40:54.876 [FXGL Background Thread 2 ] DEBUG FXGLAssetLoaderServi - Loading from file system: file:/C:/Users/garre/git/CS4900G2Proj2/Dawnseeker/target/classes/assets/music/heartache.mp3
18:40:54.878 [FXGL Background Thread 2 ] DEBUG AudioPlayer          - Playing music com.almasb.fxgl.audio.Music@11d66526
18:40:54.892 [FXGL Background Thread 2 ] DEBUG FXGLAssetLoaderServi - Loading from file system: file:/C:/Users/garre/git/CS4900G2Proj2/Dawnseeker/target/classes/assets/textures/DawnseekerPCV2.png
18:40:54.901 [FXGL Background Thread 2 ] DEBUG FXGLAssetLoaderServi - Loading from file system: file:/C:/Users/garre/git/CS4900G2Proj2/Dawnseeker/target/classes/assets/textures/DawnseekerPCV2Down.png
18:40:54.904 [FXGL Background Thread 2 ] DEBUG FXGLAssetLoaderServi - Loading from file system: file:/C:/Users/garre/git/CS4900G2Proj2/Dawnseeker/target/classes/assets/textures/DawnseekerPCV2Up.png
18:40:54.905 [FXGL Background Thread 2 ] DEBUG FXGLAssetLoaderServi - Loading from file system: file:/C:/Users/garre/git/CS4900G2Proj2/Dawnseeker/target/classes/assets/textures/DawnseekerPCV2Right.png
18:40:54.907 [FXGL Background Thread 2 ] DEBUG FXGLAssetLoaderServi - Loading from file system: file:/C:/Users/garre/git/CS4900G2Proj2/Dawnseeker/target/classes/assets/textures/DawnseekerPCV2Left.png
18:40:54.925 [FXGL Background Thread 2 ] WARN  GameWorld            - Entity is already attached to world
18:40:54.925 [FXGL Background Thread 2 ] WARN  Entity               - Entity already has component: com.almasb.fxgl.entity.components.CollidableComponent
18:40:54.926 [FXGL Background Thread 2 ] WARN  GameWorld            - Entity is already attached to world
18:40:54.926 [FXGL Background Thread 2 ] WARN  Entity               - Entity already has component: com.almasb.fxgl.entity.components.CollidableComponent
18:40:54.926 [FXGL Background Thread 2 ] WARN  GameWorld            - Entity is already attached to world
18:40:54.927 [FXGL Background Thread 2 ] WARN  Entity               - Entity already has component: com.almasb.fxgl.entity.components.CollidableComponent
18:40:54.927 [FXGL Background Thread 2 ] WARN  GameWorld            - Entity is already attached to world
18:40:54.927 [FXGL Background Thread 2 ] WARN  Entity               - Entity already has component: com.almasb.fxgl.entity.components.CollidableComponent
18:40:54.927 [FXGL Background Thread 2 ] WARN  GameWorld            - Entity is already attached to world
18:40:54.928 [FXGL Background Thread 2 ] WARN  GameWorld            - Entity is already attached to world
18:40:54.928 [FXGL Background Thread 2 ] WARN  GameWorld            - Entity is already attached to world
18:40:54.941 [FXGL Background Thread 2 ] INFO  FXGLApplication      - Game initialization took: 0.069 sec
18:40:54.945 [JavaFX Application Thread] DEBUG Input                - Clearing active input actions
18:40:54.952 [JavaFX Application Thread] DEBUG GameApplicationServi - Removing overlay from FXGLLoadingScene and adding to GameScene
18:40:54.952 [JavaFX Application Thread] DEBUG PrimaryStageWindow   - FXGLLoadingScene -> GameScene
18:40:55.382 [JavaFX Application Thread] DEBUG FXGLAssetLoaderServi - Loading from file system: file:/C:/Users/garre/git/CS4900G2Proj2/Dawnseeker/target/classes/assets/sounds/magic_missile.wav
18:40:55.389 [JavaFX Application Thread] DEBUG FXGLAssetLoaderServi - Loading from file system: file:/C:/Users/garre/git/CS4900G2Proj2/Dawnseeker/target/classes/assets/textures/FireBallProjectile.png
18:40:55.402 [JavaFX Application Thread] DEBUG FXGLAssetLoaderServi - Loading from file system: file:/C:/Users/garre/git/CS4900G2Proj2/Dawnseeker/target/classes/assets/textures/EnemyDawnseeker.png
18:40:55.405 [JavaFX Application Thread] DEBUG FXGLAssetLoaderServi - Loading from file system: file:/C:/Users/garre/git/CS4900G2Proj2/Dawnseeker/target/classes/assets/textures/sussy.gif
18:40:56.636 [FXGL Background Thread 3 ] DEBUG Engine               - Logging environment variables
18:40:56.636 [FXGL Background Thread 3 ] DEBUG Engine               - achievements: []
18:40:56.636 [FXGL Background Thread 3 ] DEBUG Engine               - actualHeight: 1024.0
18:40:56.636 [FXGL Background Thread 3 ] DEBUG Engine               - actualHeightProperty: ReadOnlyDoubleProperty [value: 1024.0]
18:40:56.636 [FXGL Background Thread 3 ] DEBUG Engine               - actualWidth: 1024.0
18:40:56.636 [FXGL Background Thread 3 ] DEBUG Engine               - actualWidthProperty: ReadOnlyDoubleProperty [value: 1024.0]
18:40:56.636 [FXGL Background Thread 3 ] DEBUG Engine               - appIcon: fxgl_icon.png
18:40:56.636 [FXGL Background Thread 3 ] DEBUG Engine               - applicationMode: DEVELOPER
18:40:56.636 [FXGL Background Thread 3 ] DEBUG Engine               - cSSList: [fxgl_dark.css]
18:40:56.636 [FXGL Background Thread 3 ] DEBUG Engine               - collisionDetectionStrategy: BRUTE_FORCE
18:40:56.636 [FXGL Background Thread 3 ] DEBUG Engine               - configClass: Optional.empty
18:40:56.636 [FXGL Background Thread 3 ] DEBUG Engine               - credits: []
18:40:56.637 [FXGL Background Thread 3 ] DEBUG Engine               - defaultCursor: CursorInfo(imageName=fxgl_default_cursor.png, hotspotX=7.0, hotspotY=6.0)
18:40:56.637 [FXGL Background Thread 3 ] DEBUG Engine               - devBBoxColorProperty: ObjectProperty [value: 0xff0000ff]
18:40:56.637 [FXGL Background Thread 3 ] DEBUG Engine               - devEnableDebugCameraProperty: BooleanProperty [value: false]
18:40:56.637 [FXGL Background Thread 3 ] DEBUG Engine               - devSensorColorProperty: ObjectProperty [value: 0xffff00ff]
18:40:56.637 [FXGL Background Thread 3 ] DEBUG Engine               - devShowBBoxProperty: BooleanProperty [value: false]
18:40:56.637 [FXGL Background Thread 3 ] DEBUG Engine               - devShowPositionProperty: BooleanProperty [value: false]
18:40:56.637 [FXGL Background Thread 3 ] DEBUG Engine               - enabledMenuItems: []
18:40:56.637 [FXGL Background Thread 3 ] DEBUG Engine               - engineServices: [class com.almasb.fxgl.app.services.FXGLAssetLoaderService, class com.almasb.fxgl.app.FXGLApplication$GameApplicationService, class com.almasb.fxgl.app.services.FXGLDialogService, class com.almasb.fxgl.app.services.IOTaskExecutorService, class com.almasb.fxgl.io.FileSystemService, class com.almasb.fxgl.localization.LocalizationService, class com.almasb.fxgl.app.services.SystemBundleService, class com.almasb.fxgl.profile.SaveLoadService, class com.almasb.fxgl.ui.FXGLUIFactoryServiceProvider, class com.almasb.fxgl.ui.FXGLDialogFactoryServiceProvider, class com.almasb.fxgl.audio.AudioPlayer, class com.almasb.fxgl.notification.impl.NotificationServiceProvider, class com.almasb.fxgl.achievement.AchievementService, class com.almasb.fxgl.cutscene.CutsceneService, class com.almasb.fxgl.minigames.MiniGameService, class com.almasb.fxgl.net.NetService, class com.almasb.fxgl.app.services.UpdaterService, class com.almasb.fxgl.dev.DevService]
18:40:56.637 [FXGL Background Thread 3 ] DEBUG Engine               - fontGame: Abel-Regular.ttf
18:40:56.637 [FXGL Background Thread 3 ] DEBUG Engine               - fontMono: TerminalLandMono-Regular.otf
18:40:56.637 [FXGL Background Thread 3 ] DEBUG Engine               - fontText: Courier-Prime.ttf
18:40:56.637 [FXGL Background Thread 3 ] DEBUG Engine               - fontUI: VarelaRound-Regular.ttf
18:40:56.638 [FXGL Background Thread 3 ] DEBUG Engine               - fullScreen: BooleanProperty [value: false]
18:40:56.638 [FXGL Background Thread 3 ] DEBUG Engine               - gameDifficulty: MEDIUM
18:40:56.638 [FXGL Background Thread 3 ] DEBUG Engine               - gameDifficultyProperty: ObjectProperty [value: MEDIUM]
18:40:56.638 [FXGL Background Thread 3 ] DEBUG Engine               - globalMusicVolume: 0.5
18:40:56.638 [FXGL Background Thread 3 ] DEBUG Engine               - globalMusicVolumeProperty: DoubleProperty [value: 0.5]
18:40:56.638 [FXGL Background Thread 3 ] DEBUG Engine               - globalSoundVolume: 0.5
18:40:56.638 [FXGL Background Thread 3 ] DEBUG Engine               - globalSoundVolumeProperty: DoubleProperty [value: 0.5]
18:40:56.638 [FXGL Background Thread 3 ] DEBUG Engine               - height: 1024
18:40:56.638 [FXGL Background Thread 3 ] DEBUG Engine               - is3D: false
18:40:56.638 [FXGL Background Thread 3 ] DEBUG Engine               - isAndroid: false
18:40:56.638 [FXGL Background Thread 3 ] DEBUG Engine               - isBrowser: false
18:40:56.638 [FXGL Background Thread 3 ] DEBUG Engine               - isClickFeedbackEnabled: false
18:40:56.638 [FXGL Background Thread 3 ] DEBUG Engine               - isCloseConfirmation: false
18:40:56.638 [FXGL Background Thread 3 ] DEBUG Engine               - isDesktop: true
18:40:56.638 [FXGL Background Thread 3 ] DEBUG Engine               - isDeveloperMenuEnabled: false
18:40:56.638 [FXGL Background Thread 3 ] DEBUG Engine               - isEmbedded: false
18:40:56.638 [FXGL Background Thread 3 ] DEBUG Engine               - isEntityPreloadEnabled: true
18:40:56.638 [FXGL Background Thread 3 ] DEBUG Engine               - isExperimentalTiledLargeMap: false
18:40:56.638 [FXGL Background Thread 3 ] DEBUG Engine               - isFileSystemWriteAllowed: true
18:40:56.638 [FXGL Background Thread 3 ] DEBUG Engine               - isFullScreenAllowed: false
18:40:56.638 [FXGL Background Thread 3 ] DEBUG Engine               - isFullScreenFromStart: false
18:40:56.638 [FXGL Background Thread 3 ] DEBUG Engine               - isGameMenuEnabled: true
18:40:56.638 [FXGL Background Thread 3 ] DEBUG Engine               - isIOS: false
18:40:56.638 [FXGL Background Thread 3 ] DEBUG Engine               - isIntroEnabled: false
18:40:56.638 [FXGL Background Thread 3 ] DEBUG Engine               - isLinux: false
18:40:56.638 [FXGL Background Thread 3 ] DEBUG Engine               - isMac: false
18:40:56.638 [FXGL Background Thread 3 ] DEBUG Engine               - isMainMenuEnabled: true
18:40:56.638 [FXGL Background Thread 3 ] DEBUG Engine               - isManualResizeEnabled: false
18:40:56.638 [FXGL Background Thread 3 ] DEBUG Engine               - isMobile: false
18:40:56.638 [FXGL Background Thread 3 ] DEBUG Engine               - isNative: false
18:40:56.638 [FXGL Background Thread 3 ] DEBUG Engine               - isPauseMusicWhenMinimized: true
18:40:56.638 [FXGL Background Thread 3 ] DEBUG Engine               - isPreserveResizeRatio: false
18:40:56.638 [FXGL Background Thread 3 ] DEBUG Engine               - isProfilingEnabled: false
18:40:56.638 [FXGL Background Thread 3 ] DEBUG Engine               - isScaleAffectedOnResize: true
18:40:56.638 [FXGL Background Thread 3 ] DEBUG Engine               - isSingleStep: false
18:40:56.638 [FXGL Background Thread 3 ] DEBUG Engine               - isUserProfileEnabled: false
18:40:56.638 [FXGL Background Thread 3 ] DEBUG Engine               - isWindows: true
18:40:56.638 [FXGL Background Thread 3 ] DEBUG Engine               - language: ObjectProperty [value: ENGLISH]
18:40:56.639 [FXGL Background Thread 3 ] DEBUG Engine               - menuKey: ESCAPE
18:40:56.639 [FXGL Background Thread 3 ] DEBUG Engine               - mouseSensitivity: 0.2
18:40:56.639 [FXGL Background Thread 3 ] DEBUG Engine               - notificationViewClass: class com.almasb.fxgl.notification.view.XboxNotificationView
18:40:56.639 [FXGL Background Thread 3 ] DEBUG Engine               - pixelsPerMeter: 50.0
18:40:56.639 [FXGL Background Thread 3 ] DEBUG Engine               - platform: WINDOWS
18:40:56.639 [FXGL Background Thread 3 ] DEBUG Engine               - prefHeightProperty: ReadOnlyDoubleProperty [value: 1024.0]
18:40:56.639 [FXGL Background Thread 3 ] DEBUG Engine               - prefWidthProperty: ReadOnlyDoubleProperty [value: 1024.0]
18:40:56.639 [FXGL Background Thread 3 ] DEBUG Engine               - profileDir: profiles/
18:40:56.639 [FXGL Background Thread 3 ] DEBUG Engine               - profileName: StringProperty [value: DEFAULT]
18:40:56.639 [FXGL Background Thread 3 ] DEBUG Engine               - randomSeed: -1
18:40:56.639 [FXGL Background Thread 3 ] DEBUG Engine               - runtimeInfo: RuntimeInfo(platform=WINDOWS, version=17.2, build=20.08.2022 16.50)
18:40:56.639 [FXGL Background Thread 3 ] DEBUG Engine               - saveFileExt: sav
18:40:56.639 [FXGL Background Thread 3 ] DEBUG Engine               - scaledHeightProp$fxgl: DoubleProperty [bound, value: 1024.0]
18:40:56.639 [FXGL Background Thread 3 ] DEBUG Engine               - scaledWidthProp$fxgl: DoubleProperty [bound, value: 1024.0]
18:40:56.639 [FXGL Background Thread 3 ] DEBUG Engine               - sceneFactory: myGame.DawnseekerApp$1@5674e23
18:40:56.639 [FXGL Background Thread 3 ] DEBUG Engine               - secondsIn24h: 60
18:40:56.639 [FXGL Background Thread 3 ] DEBUG Engine               - soundMenuBack: menu/back.wav
18:40:56.639 [FXGL Background Thread 3 ] DEBUG Engine               - soundMenuPress: menu/press.wav
18:40:56.639 [FXGL Background Thread 3 ] DEBUG Engine               - soundMenuSelect: menu/select.wav
18:40:56.639 [FXGL Background Thread 3 ] DEBUG Engine               - soundNotification: core/notification.wav
18:40:56.639 [FXGL Background Thread 3 ] DEBUG Engine               - stageStyle: DECORATED
18:40:56.639 [FXGL Background Thread 3 ] DEBUG Engine               - supportedLanguages: [ENGLISH, FRENCH, GERMAN, HUNGARIAN, RUSSIAN]
18:40:56.639 [FXGL Background Thread 3 ] DEBUG Engine               - ticksPerSecond: -1
18:40:56.639 [FXGL Background Thread 3 ] DEBUG Engine               - title: Dawnseeker
18:40:56.639 [FXGL Background Thread 3 ] DEBUG Engine               - urlGithub: https://github.com/AlmasB/FXGL
18:40:56.639 [FXGL Background Thread 3 ] DEBUG Engine               - urlLeaderboard: http://fxgl-top.herokuapp.com/
18:40:56.639 [FXGL Background Thread 3 ] DEBUG Engine               - urlPOM: https://raw.githubusercontent.com/AlmasB/FXGL/release/README.md
18:40:56.639 [FXGL Background Thread 3 ] DEBUG Engine               - userAppClass: class myGame.DawnseekerApp
18:40:56.639 [FXGL Background Thread 3 ] DEBUG Engine               - version: 0.4
18:40:56.639 [FXGL Background Thread 3 ] DEBUG Engine               - versionCheckDays: 7
18:40:56.639 [FXGL Background Thread 3 ] DEBUG Engine               - width: 1024
18:40:56.639 [FXGL Background Thread 3 ] DEBUG Engine               - Logging services
18:40:56.639 [FXGL Background Thread 3 ] DEBUG Engine               - class com.almasb.fxgl.app.services.FXGLAssetLoaderService
18:40:56.639 [FXGL Background Thread 3 ] DEBUG Engine               - class com.almasb.fxgl.app.FXGLApplication$GameApplicationService
18:40:56.640 [FXGL Background Thread 3 ] DEBUG Engine               - class com.almasb.fxgl.app.services.FXGLDialogService
18:40:56.640 [FXGL Background Thread 3 ] DEBUG Engine               - class com.almasb.fxgl.app.services.IOTaskExecutorService
18:40:56.640 [FXGL Background Thread 3 ] DEBUG Engine               - class com.almasb.fxgl.io.FileSystemService
18:40:56.640 [FXGL Background Thread 3 ] DEBUG Engine               - class com.almasb.fxgl.localization.LocalizationService
18:40:56.640 [FXGL Background Thread 3 ] DEBUG Engine               - class com.almasb.fxgl.app.services.SystemBundleService
18:40:56.640 [FXGL Background Thread 3 ] DEBUG Engine               - class com.almasb.fxgl.profile.SaveLoadService
18:40:56.640 [FXGL Background Thread 3 ] DEBUG Engine               - class com.almasb.fxgl.ui.FXGLUIFactoryServiceProvider
18:40:56.640 [FXGL Background Thread 3 ] DEBUG Engine               - class com.almasb.fxgl.ui.FXGLDialogFactoryServiceProvider
18:40:56.640 [FXGL Background Thread 3 ] DEBUG Engine               - class com.almasb.fxgl.audio.AudioPlayer
18:40:56.640 [FXGL Background Thread 3 ] DEBUG Engine               - class com.almasb.fxgl.notification.impl.NotificationServiceProvider
18:40:56.640 [FXGL Background Thread 3 ] DEBUG Engine               - class com.almasb.fxgl.achievement.AchievementService
18:40:56.640 [FXGL Background Thread 3 ] DEBUG Engine               - class com.almasb.fxgl.cutscene.CutsceneService
18:40:56.640 [FXGL Background Thread 3 ] DEBUG Engine               - class com.almasb.fxgl.minigames.MiniGameService
18:40:56.640 [FXGL Background Thread 3 ] DEBUG Engine               - class com.almasb.fxgl.net.NetService
18:40:56.640 [FXGL Background Thread 3 ] DEBUG Engine               - class com.almasb.fxgl.app.services.UpdaterService
18:40:56.640 [FXGL Background Thread 3 ] DEBUG Engine               - class com.almasb.fxgl.dev.DevService
18:40:56.678 [JavaFX Application Thread] WARN  GameWorld            - Attempted to remove entity which is not active
18:40:56.679 [JavaFX Application Thread] DEBUG FXGLAssetLoaderServi - Loading from file system: file:/C:/Users/garre/git/CS4900G2Proj2/Dawnseeker/target/classes/assets/sounds/bong.wav
18:40:57.303 [JavaFX Application Thread] WARN  GameWorld            - Attempted to remove entity which is not active
18:40:57.370 [JavaFX Application Thread] WARN  GameWorld            - Attempted to remove entity which is not active
18:40:57.466 [JavaFX Application Thread] WARN  GameWorld            - Attempted to remove entity which is not active
18:40:57.929 [JavaFX Application Thread] WARN  GameWorld            - Attempted to remove entity which is not active
18:40:58.039 [JavaFX Application Thread] WARN  GameWorld            - Attempted to remove entity which is not active
18:40:59.573 [JavaFX Application Thread] WARN  GameWorld            - Attempted to remove entity which is not active
18:40:59.733 [JavaFX Application Thread] WARN  GameWorld            - Attempted to remove entity which is not active
18:41:00.386 [JavaFX Application Thread] WARN  GameWorld            - Attempted to remove entity which is not active
18:41:00.852 [JavaFX Application Thread] WARN  GameWorld            - Attempted to remove entity which is not active
18:41:01.482 [JavaFX Application Thread] DEBUG FXGLAssetLoaderServi - Loading from file system: file:/C:/Users/garre/git/CS4900G2Proj2/Dawnseeker/target/classes/assets/sounds/coin_pickup.wav
18:41:02.138 [JavaFX Application Thread] WARN  GameWorld            - Attempted to remove entity which is not active
18:41:02.522 [JavaFX Application Thread] WARN  GameWorld            - Attempted to remove entity which is not active
18:41:02.712 [JavaFX Application Thread] WARN  GameWorld            - Attempted to remove entity which is not active
18:41:02.754 [JavaFX Application Thread] WARN  GameWorld            - Attempted to remove entity which is not active
18:41:03.034 [JavaFX Application Thread] WARN  GameWorld            - Attempted to remove entity which is not active
18:41:03.330 [JavaFX Application Thread] WARN  GameWorld            - Attempted to remove entity which is not active
18:41:03.722 [JavaFX Application Thread] WARN  GameWorld            - Attempted to remove entity which is not active
18:41:04.730 [JavaFX Application Thread] WARN  GameWorld            - Attempted to remove entity which is not active
18:41:04.794 [JavaFX Application Thread] WARN  GameWorld            - Attempted to remove entity which is not active
18:41:05.622 [JavaFX Application Thread] WARN  GameWorld            - Attempted to remove entity which is not active
18:41:05.802 [JavaFX Application Thread] WARN  GameWorld            - Attempted to remove entity which is not active
18:41:06.324 [JavaFX Application Thread] WARN  GameWorld            - Attempted to remove entity which is not active
18:41:07.400 [JavaFX Application Thread] WARN  GameWorld            - Attempted to remove entity which is not active
18:41:09.061 [JavaFX Application Thread] DEBUG FXGLApplication      - Exiting FXGL
18:41:09.061 [JavaFX Application Thread] DEBUG LoopRunner           - Stopping loop
18:41:09.061 [JavaFX Application Thread] DEBUG SystemBundleService  - Saving FXGL system data
18:41:09.063 [JavaFX Application Thread] DEBUG FileSystemAccess     - Writing to: C:\Users\garre\git\CS4900G2Proj2\Dawnseeker\system\fxgl.bundle
18:41:09.066 [JavaFX Application Thread] DEBUG Async                - Shutting down background threads
18:41:09.066 [JavaFX Application Thread] DEBUG PrimaryStageWindow   - Closing main window
18:41:09.074 [JavaFX Application Thread] DEBUG Logger               - Closing Logger
