13:26:39.777 [main                     ] DEBUG Logger               - Configured Logger
13:26:39.840 [main                     ] DEBUG GameApplication      - Logging settings
Title: Dawnseeker
Version: 0.4
Width: 1024
Height: 1024
Fullscreen: false
Intro: false
Profiling: false
Single step:false
App Mode: DEVELOPER
Menu Key: ESCAPE
Stage Style: DECORATED
Scene Factory: class myGame.DawnseekerApp$1

13:26:40.431 [JavaFX Application Thread] DEBUG FXGLApplication      - Initializing FXGL
13:26:40.441 [JavaFX Application Thread] INFO  Engine               - FXGL-17.2 (20.08.2022 16.50) on WINDOWS (J:19.0.2 FX:18)
13:26:40.442 [JavaFX Application Thread] DEBUG Engine               - JRE Vendor Name: Oracle Corporation
13:26:40.442 [JavaFX Application Thread] DEBUG Engine               - Running on OS: Windows 10 version 10.0
13:26:40.443 [JavaFX Application Thread] DEBUG Engine               - Architecture: amd64
13:26:40.443 [JavaFX Application Thread] INFO  Engine               - Source code and latest versions at: https://github.com/AlmasB/FXGL
13:26:40.443 [JavaFX Application Thread] INFO  Engine               -       Ask questions and discuss at: https://github.com/AlmasB/FXGL/discussions
13:26:40.444 [JavaFX Application Thread] INFO  Engine               -              Join the FXGL chat at: https://gitter.im/AlmasB/FXGL
13:26:40.734 [JavaFX Application Thread] DEBUG PrimaryStageWindow   - Creating a JavaFX scene
13:26:40.735 [JavaFX Application Thread] DEBUG PrimaryStageWindow   - Target size > screen size
13:26:40.850 [JavaFX Application Thread] DEBUG PrimaryStageWindow   - Target settings size: 1024.0 x 1024.0
13:26:40.850 [JavaFX Application Thread] DEBUG PrimaryStageWindow   - Scaled scene size:    799.0 x 824.0
13:26:40.851 [JavaFX Application Thread] DEBUG PrimaryStageWindow   - Scaled ratio: (0.7802734375, 0.8046875)
13:26:40.853 [JavaFX Application Thread] DEBUG PrimaryStageWindow   - Set initial scene to FXGLStartupScene
13:26:40.871 [JavaFX Application Thread] DEBUG PrimaryStageWindow   - Opening main window
13:26:41.082 [JavaFX Application Thread] DEBUG PrimaryStageWindow   - Window border size: (14.5999755859375, 37.5999755859375)
13:26:41.083 [JavaFX Application Thread] DEBUG PrimaryStageWindow   - Scaled size: 799.0 x 824.0
13:26:41.084 [JavaFX Application Thread] DEBUG PrimaryStageWindow   - Scaled ratio: (0.7802734375, 0.8046875)
13:26:41.085 [JavaFX Application Thread] DEBUG PrimaryStageWindow   - Scene size: 799.0 x 824.0
13:26:41.085 [JavaFX Application Thread] DEBUG PrimaryStageWindow   - Stage size: 813.5999755859375 x 861.5999755859375
13:26:41.109 [FXGL Background Thread 1 ] DEBUG Engine               - Initializing environment variables
13:26:41.242 [FXGL Background Thread 1 ] DEBUG FXGLAssetLoaderServi - User app class for loading assets: class myGame.DawnseekerApp
13:26:41.243 [FXGL Background Thread 1 ] DEBUG GameApplicationServi - Applying CSS: fxgl_dark.css
13:26:41.245 [FXGL Background Thread 1 ] DEBUG FXGLAssetLoaderServi - Loading from file system: jar:file:/C:/Users/narro/.m2/repository/com/github/almasb/fxgl/17.2/fxgl-17.2.jar!/fxglassets/ui/css/fxgl_dark.css
13:26:41.349 [FXGL Background Thread 1 ] DEBUG GameApplicationServi - Initializing application scenes
13:26:41.443 [FXGL Background Thread 1 ] DEBUG GameWorld            - Game world initialized
13:26:41.535 [FXGL Background Thread 1 ] DEBUG PhysicsWorld         - Physics world initialized: appHeight=1024, physics.ppm=50.0
13:26:41.535 [FXGL Background Thread 1 ] DEBUG PhysicsWorld         - Using strategy: BRUTE_FORCE
13:26:41.541 [FXGL Background Thread 1 ] DEBUG GameScene            - Game scene initialized: 1024x1024
13:26:41.542 [FXGL Background Thread 1 ] DEBUG FXGLAssetLoaderServi - Loading from file system: file:/C:/Users/narro/git/CS4900G2Proj2/Dawnseeker/target/classes/assets/music/shop.mp3
13:26:41.726 [FXGL Background Thread 1 ] DEBUG AudioPlayer          - Playing music com.almasb.fxgl.audio.Music@25db0863
13:26:41.749 [FXGL Background Thread 1 ] DEBUG FXGLAssetLoaderServi - Loading from file system: file:/C:/Users/narro/git/CS4900G2Proj2/Dawnseeker/target/classes/assets/textures/bg.png
13:26:41.884 [FXGL Background Thread 1 ] DEBUG FXGL.DefaultMenu     - createMenuBodyGameMenu()
13:26:41.906 [FXGL Background Thread 1 ] DEBUG FXGL.DefaultMenu     - createOptionsMenu()
13:26:41.917 [FXGL Background Thread 1 ] DEBUG FXGLAssetLoaderServi - Loading from file system: jar:file:/C:/Users/narro/.m2/repository/com/github/almasb/fxgl/17.2/fxgl-17.2.jar!/fxglassets/textures/particles/smoke.png
13:26:42.040 [FXGL Background Thread 1 ] DEBUG FXGLAssetLoaderServi - Loading from file system: jar:file:/C:/Users/narro/.m2/repository/com/github/almasb/fxgl/17.2/fxgl-17.2.jar!/fxglassets/textures/particles/trace_horizontal.png
13:26:42.064 [FXGL Background Thread 1 ] DEBUG GameApplicationServi - Application scenes initialized
13:26:42.084 [FXGL Background Thread 1 ] DEBUG SystemBundleService  - Loading FXGL system data
13:26:42.093 [FXGL Background Thread 1 ] DEBUG FileSystemAccess     - Reading from: C:\Users\narro\git\CS4900G2Proj2\Dawnseeker\system\fxgl.bundle
13:26:42.112 [FXGL Background Thread 1 ] DEBUG SystemBundleService  - Bundle FXGL: {}
13:26:42.112 [FXGL Background Thread 1 ] DEBUG UpdaterService       - Checking for updates
13:26:42.117 [FXGL Background Thread 4 ] DEBUG FXGLApplication      - Loading fonts
13:26:42.118 [FXGL Background Thread 1 ] DEBUG FXGLApplication      - Loading default localization
13:26:42.118 [FXGL Background Thread 4 ] DEBUG FXGLAssetLoaderServi - Loading from file system: jar:file:/C:/Users/narro/.m2/repository/com/github/almasb/fxgl/17.2/fxgl-17.2.jar!/fxglassets/ui/fonts/VarelaRound-Regular.ttf
13:26:42.119 [FXGL Background Thread 1 ] DEBUG FXGLAssetLoaderServi - Loading from file system: jar:file:/C:/Users/narro/.m2/repository/com/github/almasb/fxgl/17.2/fxgl-17.2.jar!/fxglassets/languages/english.lang
13:26:42.153 [FXGL Background Thread 1 ] INFO  FXGLApplication      - FXGL initialization took: 1.044 sec
13:26:42.161 [JavaFX Application Thread] DEBUG Input                - Registered new binding: action0 - LMB
13:26:42.171 [JavaFX Application Thread] DEBUG Input                - Registered new binding: Up - W
13:26:42.171 [JavaFX Application Thread] DEBUG Input                - Registered new binding: Down - S
13:26:42.172 [JavaFX Application Thread] DEBUG Input                - Registered new binding: Right - D
13:26:42.172 [JavaFX Application Thread] DEBUG Input                - Registered new binding: Left - A
13:26:42.173 [JavaFX Application Thread] DEBUG FXGLAssetLoaderServi - Loading from file system: jar:file:/C:/Users/narro/.m2/repository/com/github/almasb/fxgl/17.2/fxgl-17.2.jar!/fxglassets/textures/fxgl_icon.png
13:26:42.200 [JavaFX Application Thread] DEBUG FXGLAssetLoaderServi - Loading from file system: jar:file:/C:/Users/narro/.m2/repository/com/github/almasb/fxgl/17.2/fxgl-17.2.jar!/fxglassets/textures/fxgl_default_cursor.png
13:26:42.204 [JavaFX Application Thread] DEBUG Input                - Registered new binding: Screenshot - CTRL+8
13:26:42.204 [JavaFX Application Thread] DEBUG Input                - Registered new binding: System info dump - CTRL+9
13:26:42.205 [JavaFX Application Thread] DEBUG Input                - Registered new binding: Restart - CTRL+R
13:26:42.206 [JavaFX Application Thread] DEBUG Input                - Registered new binding: Toggle Debug Camera - CTRL+7
13:26:42.209 [JavaFX Application Thread] DEBUG LoopRunner           - Starting loop
13:26:42.209 [JavaFX Application Thread] DEBUG LoopRunner           - Initializing JavaFX AnimationTimerLoop
13:26:42.214 [JavaFX Application Thread] DEBUG Input                - Clearing active input actions
13:26:42.232 [JavaFX Application Thread] DEBUG GameApplicationServi - Removing overlay from FXGLStartupScene and adding to FXGLMainMenuDummyScene
13:26:42.232 [JavaFX Application Thread] DEBUG PrimaryStageWindow   - FXGLStartupScene -> FXGLMainMenuDummyScene
13:26:42.232 [JavaFX Application Thread] DEBUG PrimaryStageWindow   - Push state: DawnseekerMenu
13:26:42.233 [JavaFX Application Thread] DEBUG Input                - Clearing active input actions
13:26:42.237 [FXGL Background Thread 4 ] DEBUG FXGLAssetLoaderServi - Loading from file system: jar:file:/C:/Users/narro/.m2/repository/com/github/almasb/fxgl/17.2/fxgl-17.2.jar!/fxglassets/ui/fonts/Abel-Regular.ttf
13:26:42.239 [JavaFX Application Thread] DEBUG GameApplicationServi - Removing overlay from FXGLMainMenuDummyScene and adding to DawnseekerMenu
13:26:42.240 [JavaFX Application Thread] DEBUG PrimaryStageWindow   - FXGLMainMenuDummyScene -> DawnseekerMenu
13:26:42.254 [FXGL Background Thread 4 ] DEBUG FXGLAssetLoaderServi - Loading from file system: jar:file:/C:/Users/narro/.m2/repository/com/github/almasb/fxgl/17.2/fxgl-17.2.jar!/fxglassets/ui/fonts/TerminalLandMono-Regular.otf
13:26:42.272 [FXGL Background Thread 4 ] DEBUG FXGLAssetLoaderServi - Loading from file system: jar:file:/C:/Users/narro/.m2/repository/com/github/almasb/fxgl/17.2/fxgl-17.2.jar!/fxglassets/ui/fonts/Courier-Prime.ttf
13:26:42.298 [JavaFX Application Thread] DEBUG FXGLApplication      - Registering font factories with UI factory
13:26:42.886 [FXGL Background Thread 2 ] INFO  UpdaterService       - Your current version:  17.2
13:26:42.887 [FXGL Background Thread 2 ] INFO  UpdaterService       - Latest stable version: 17.3
13:26:45.116 [FXGL Background Thread 3 ] DEBUG Engine               - Logging environment variables
13:26:45.118 [FXGL Background Thread 3 ] DEBUG Engine               - achievements: []
13:26:45.118 [FXGL Background Thread 3 ] DEBUG Engine               - actualHeight: 824.0
13:26:45.118 [FXGL Background Thread 3 ] DEBUG Engine               - actualHeightProperty: ReadOnlyDoubleProperty [value: 824.0]
13:26:45.119 [FXGL Background Thread 3 ] DEBUG Engine               - actualWidth: 799.0
13:26:45.119 [FXGL Background Thread 3 ] DEBUG Engine               - actualWidthProperty: ReadOnlyDoubleProperty [value: 799.0]
13:26:45.119 [FXGL Background Thread 3 ] DEBUG Engine               - appIcon: fxgl_icon.png
13:26:45.119 [FXGL Background Thread 3 ] DEBUG Engine               - applicationMode: DEVELOPER
13:26:45.120 [FXGL Background Thread 3 ] DEBUG Engine               - cSSList: [fxgl_dark.css]
13:26:45.120 [FXGL Background Thread 3 ] DEBUG Engine               - collisionDetectionStrategy: BRUTE_FORCE
13:26:45.120 [FXGL Background Thread 3 ] DEBUG Engine               - configClass: Optional.empty
13:26:45.120 [FXGL Background Thread 3 ] DEBUG Engine               - credits: []
13:26:45.121 [FXGL Background Thread 3 ] DEBUG Engine               - defaultCursor: CursorInfo(imageName=fxgl_default_cursor.png, hotspotX=7.0, hotspotY=6.0)
13:26:45.122 [FXGL Background Thread 3 ] DEBUG Engine               - devBBoxColorProperty: ObjectProperty [value: 0xff0000ff]
13:26:45.122 [FXGL Background Thread 3 ] DEBUG Engine               - devEnableDebugCameraProperty: BooleanProperty [value: false]
13:26:45.123 [FXGL Background Thread 3 ] DEBUG Engine               - devSensorColorProperty: ObjectProperty [value: 0xffff00ff]
13:26:45.123 [FXGL Background Thread 3 ] DEBUG Engine               - devShowBBoxProperty: BooleanProperty [value: false]
13:26:45.123 [FXGL Background Thread 3 ] DEBUG Engine               - devShowPositionProperty: BooleanProperty [value: false]
13:26:45.123 [FXGL Background Thread 3 ] DEBUG Engine               - enabledMenuItems: []
13:26:45.124 [FXGL Background Thread 3 ] DEBUG Engine               - engineServices: [class com.almasb.fxgl.app.services.FXGLAssetLoaderService, class com.almasb.fxgl.app.FXGLApplication$GameApplicationService, class com.almasb.fxgl.app.services.FXGLDialogService, class com.almasb.fxgl.app.services.IOTaskExecutorService, class com.almasb.fxgl.io.FileSystemService, class com.almasb.fxgl.localization.LocalizationService, class com.almasb.fxgl.app.services.SystemBundleService, class com.almasb.fxgl.profile.SaveLoadService, class com.almasb.fxgl.ui.FXGLUIFactoryServiceProvider, class com.almasb.fxgl.ui.FXGLDialogFactoryServiceProvider, class com.almasb.fxgl.audio.AudioPlayer, class com.almasb.fxgl.notification.impl.NotificationServiceProvider, class com.almasb.fxgl.achievement.AchievementService, class com.almasb.fxgl.cutscene.CutsceneService, class com.almasb.fxgl.minigames.MiniGameService, class com.almasb.fxgl.net.NetService, class com.almasb.fxgl.app.services.UpdaterService, class com.almasb.fxgl.dev.DevService]
13:26:45.124 [FXGL Background Thread 3 ] DEBUG Engine               - fontGame: Abel-Regular.ttf
13:26:45.124 [FXGL Background Thread 3 ] DEBUG Engine               - fontMono: TerminalLandMono-Regular.otf
13:26:45.124 [FXGL Background Thread 3 ] DEBUG Engine               - fontText: Courier-Prime.ttf
13:26:45.124 [FXGL Background Thread 3 ] DEBUG Engine               - fontUI: VarelaRound-Regular.ttf
13:26:45.125 [FXGL Background Thread 3 ] DEBUG Engine               - fullScreen: BooleanProperty [value: false]
13:26:45.125 [FXGL Background Thread 3 ] DEBUG Engine               - gameDifficulty: MEDIUM
13:26:45.125 [FXGL Background Thread 3 ] DEBUG Engine               - gameDifficultyProperty: ObjectProperty [value: MEDIUM]
13:26:45.125 [FXGL Background Thread 3 ] DEBUG Engine               - globalMusicVolume: 0.5
13:26:45.126 [FXGL Background Thread 3 ] DEBUG Engine               - globalMusicVolumeProperty: DoubleProperty [value: 0.5]
13:26:45.126 [FXGL Background Thread 3 ] DEBUG Engine               - globalSoundVolume: 0.5
13:26:45.126 [FXGL Background Thread 3 ] DEBUG Engine               - globalSoundVolumeProperty: DoubleProperty [value: 0.5]
13:26:45.126 [FXGL Background Thread 3 ] DEBUG Engine               - height: 1024
13:26:45.126 [FXGL Background Thread 3 ] DEBUG Engine               - is3D: false
13:26:45.127 [FXGL Background Thread 3 ] DEBUG Engine               - isAndroid: false
13:26:45.127 [FXGL Background Thread 3 ] DEBUG Engine               - isBrowser: false
13:26:45.127 [FXGL Background Thread 3 ] DEBUG Engine               - isClickFeedbackEnabled: false
13:26:45.127 [FXGL Background Thread 3 ] DEBUG Engine               - isCloseConfirmation: false
13:26:45.127 [FXGL Background Thread 3 ] DEBUG Engine               - isDesktop: true
13:26:45.127 [FXGL Background Thread 3 ] DEBUG Engine               - isDeveloperMenuEnabled: false
13:26:45.128 [FXGL Background Thread 3 ] DEBUG Engine               - isEmbedded: false
13:26:45.128 [FXGL Background Thread 3 ] DEBUG Engine               - isEntityPreloadEnabled: true
13:26:45.128 [FXGL Background Thread 3 ] DEBUG Engine               - isExperimentalTiledLargeMap: false
13:26:45.128 [FXGL Background Thread 3 ] DEBUG Engine               - isFileSystemWriteAllowed: true
13:26:45.128 [FXGL Background Thread 3 ] DEBUG Engine               - isFullScreenAllowed: false
13:26:45.129 [FXGL Background Thread 3 ] DEBUG Engine               - isFullScreenFromStart: false
13:26:45.129 [FXGL Background Thread 3 ] DEBUG Engine               - isGameMenuEnabled: true
13:26:45.129 [FXGL Background Thread 3 ] DEBUG Engine               - isIOS: false
13:26:45.129 [FXGL Background Thread 3 ] DEBUG Engine               - isIntroEnabled: false
13:26:45.129 [FXGL Background Thread 3 ] DEBUG Engine               - isLinux: false
13:26:45.130 [FXGL Background Thread 3 ] DEBUG Engine               - isMac: false
13:26:45.130 [FXGL Background Thread 3 ] DEBUG Engine               - isMainMenuEnabled: true
13:26:45.130 [FXGL Background Thread 3 ] DEBUG Engine               - isManualResizeEnabled: false
13:26:45.130 [FXGL Background Thread 3 ] DEBUG Engine               - isMobile: false
13:26:45.130 [FXGL Background Thread 3 ] DEBUG Engine               - isNative: false
13:26:45.131 [FXGL Background Thread 3 ] DEBUG Engine               - isPauseMusicWhenMinimized: true
13:26:45.131 [FXGL Background Thread 3 ] DEBUG Engine               - isPreserveResizeRatio: false
13:26:45.131 [FXGL Background Thread 3 ] DEBUG Engine               - isProfilingEnabled: false
13:26:45.131 [FXGL Background Thread 3 ] DEBUG Engine               - isScaleAffectedOnResize: true
13:26:45.132 [FXGL Background Thread 3 ] DEBUG Engine               - isSingleStep: false
13:26:45.132 [FXGL Background Thread 3 ] DEBUG Engine               - isUserProfileEnabled: false
13:26:45.132 [FXGL Background Thread 3 ] DEBUG Engine               - isWindows: true
13:26:45.132 [FXGL Background Thread 3 ] DEBUG Engine               - language: ObjectProperty [value: ENGLISH]
13:26:45.132 [FXGL Background Thread 3 ] DEBUG Engine               - menuKey: ESCAPE
13:26:45.133 [FXGL Background Thread 3 ] DEBUG Engine               - mouseSensitivity: 0.2
13:26:45.133 [FXGL Background Thread 3 ] DEBUG Engine               - notificationViewClass: class com.almasb.fxgl.notification.view.XboxNotificationView
13:26:45.133 [FXGL Background Thread 3 ] DEBUG Engine               - pixelsPerMeter: 50.0
13:26:45.133 [FXGL Background Thread 3 ] DEBUG Engine               - platform: WINDOWS
13:26:45.133 [FXGL Background Thread 3 ] DEBUG Engine               - prefHeightProperty: ReadOnlyDoubleProperty [value: 1024.0]
13:26:45.134 [FXGL Background Thread 3 ] DEBUG Engine               - prefWidthProperty: ReadOnlyDoubleProperty [value: 1024.0]
13:26:45.134 [FXGL Background Thread 3 ] DEBUG Engine               - profileDir: profiles/
13:26:45.134 [FXGL Background Thread 3 ] DEBUG Engine               - profileName: StringProperty [value: DEFAULT]
13:26:45.134 [FXGL Background Thread 3 ] DEBUG Engine               - randomSeed: -1
13:26:45.135 [FXGL Background Thread 3 ] DEBUG Engine               - runtimeInfo: RuntimeInfo(platform=WINDOWS, version=17.2, build=20.08.2022 16.50)
13:26:45.135 [FXGL Background Thread 3 ] DEBUG Engine               - saveFileExt: sav
13:26:45.135 [FXGL Background Thread 3 ] DEBUG Engine               - scaledHeightProp$fxgl: DoubleProperty [bound, value: 824.0]
13:26:45.136 [FXGL Background Thread 3 ] DEBUG Engine               - scaledWidthProp$fxgl: DoubleProperty [bound, value: 799.0]
13:26:45.136 [FXGL Background Thread 3 ] DEBUG Engine               - sceneFactory: myGame.DawnseekerApp$1@3344c6e8
13:26:45.136 [FXGL Background Thread 3 ] DEBUG Engine               - secondsIn24h: 60
13:26:45.136 [FXGL Background Thread 3 ] DEBUG Engine               - soundMenuBack: menu/back.wav
13:26:45.136 [FXGL Background Thread 3 ] DEBUG Engine               - soundMenuPress: menu/press.wav
13:26:45.137 [FXGL Background Thread 3 ] DEBUG Engine               - soundMenuSelect: menu/select.wav
13:26:45.137 [FXGL Background Thread 3 ] DEBUG Engine               - soundNotification: core/notification.wav
13:26:45.137 [FXGL Background Thread 3 ] DEBUG Engine               - stageStyle: DECORATED
13:26:45.137 [FXGL Background Thread 3 ] DEBUG Engine               - supportedLanguages: [ENGLISH, FRENCH, GERMAN, HUNGARIAN, RUSSIAN]
13:26:45.137 [FXGL Background Thread 3 ] DEBUG Engine               - ticksPerSecond: -1
13:26:45.138 [FXGL Background Thread 3 ] DEBUG Engine               - title: Dawnseeker
13:26:45.138 [FXGL Background Thread 3 ] DEBUG Engine               - urlGithub: https://github.com/AlmasB/FXGL
13:26:45.138 [FXGL Background Thread 3 ] DEBUG Engine               - urlLeaderboard: http://fxgl-top.herokuapp.com/
13:26:45.138 [FXGL Background Thread 3 ] DEBUG Engine               - urlPOM: https://raw.githubusercontent.com/AlmasB/FXGL/release/README.md
13:26:45.138 [FXGL Background Thread 3 ] DEBUG Engine               - userAppClass: class myGame.DawnseekerApp
13:26:45.139 [FXGL Background Thread 3 ] DEBUG Engine               - version: 0.4
13:26:45.139 [FXGL Background Thread 3 ] DEBUG Engine               - versionCheckDays: 7
13:26:45.139 [FXGL Background Thread 3 ] DEBUG Engine               - width: 1024
13:26:45.139 [FXGL Background Thread 3 ] DEBUG Engine               - Logging services
13:26:45.139 [FXGL Background Thread 3 ] DEBUG Engine               - class com.almasb.fxgl.app.services.FXGLAssetLoaderService
13:26:45.139 [FXGL Background Thread 3 ] DEBUG Engine               - class com.almasb.fxgl.app.FXGLApplication$GameApplicationService
13:26:45.140 [FXGL Background Thread 3 ] DEBUG Engine               - class com.almasb.fxgl.app.services.FXGLDialogService
13:26:45.140 [FXGL Background Thread 3 ] DEBUG Engine               - class com.almasb.fxgl.app.services.IOTaskExecutorService
13:26:45.140 [FXGL Background Thread 3 ] DEBUG Engine               - class com.almasb.fxgl.io.FileSystemService
13:26:45.140 [FXGL Background Thread 3 ] DEBUG Engine               - class com.almasb.fxgl.localization.LocalizationService
13:26:45.140 [FXGL Background Thread 3 ] DEBUG Engine               - class com.almasb.fxgl.app.services.SystemBundleService
13:26:45.141 [FXGL Background Thread 3 ] DEBUG Engine               - class com.almasb.fxgl.profile.SaveLoadService
13:26:45.141 [FXGL Background Thread 3 ] DEBUG Engine               - class com.almasb.fxgl.ui.FXGLUIFactoryServiceProvider
13:26:45.141 [FXGL Background Thread 3 ] DEBUG Engine               - class com.almasb.fxgl.ui.FXGLDialogFactoryServiceProvider
13:26:45.141 [FXGL Background Thread 3 ] DEBUG Engine               - class com.almasb.fxgl.audio.AudioPlayer
13:26:45.141 [FXGL Background Thread 3 ] DEBUG Engine               - class com.almasb.fxgl.notification.impl.NotificationServiceProvider
13:26:45.141 [FXGL Background Thread 3 ] DEBUG Engine               - class com.almasb.fxgl.achievement.AchievementService
13:26:45.141 [FXGL Background Thread 3 ] DEBUG Engine               - class com.almasb.fxgl.cutscene.CutsceneService
13:26:45.142 [FXGL Background Thread 3 ] DEBUG Engine               - class com.almasb.fxgl.minigames.MiniGameService
13:26:45.142 [FXGL Background Thread 3 ] DEBUG Engine               - class com.almasb.fxgl.net.NetService
13:26:45.142 [FXGL Background Thread 3 ] DEBUG Engine               - class com.almasb.fxgl.app.services.UpdaterService
13:26:45.142 [FXGL Background Thread 3 ] DEBUG Engine               - class com.almasb.fxgl.dev.DevService
13:26:50.580 [JavaFX Application Thread] DEBUG FXGLApplication      - Exiting FXGL
13:26:50.581 [JavaFX Application Thread] DEBUG LoopRunner           - Stopping loop
13:26:50.581 [JavaFX Application Thread] DEBUG SystemBundleService  - Saving FXGL system data
13:26:50.587 [JavaFX Application Thread] DEBUG FileSystemAccess     - Writing to: C:\Users\narro\git\CS4900G2Proj2\Dawnseeker\system\fxgl.bundle
13:26:50.594 [JavaFX Application Thread] DEBUG Async                - Shutting down background threads
13:26:50.594 [JavaFX Application Thread] DEBUG PrimaryStageWindow   - Closing main window
13:26:50.615 [JavaFX Application Thread] DEBUG Logger               - Closing Logger
