00:51:03.029 [main                     ] DEBUG Logger               - Configured Logger
00:51:03.052 [main                     ] DEBUG GameApplication      - Logging settings
Title: Dawnseeker
Version: 0.1
Width: 1024
Height: 1024
Fullscreen: false
Intro: false
Profiling: false
Single step:false
App Mode: DEVELOPER
Menu Key: ESCAPE
Stage Style: DECORATED
Scene Factory: class com.almasb.fxgl.app.scene.SceneFactory

00:51:03.520 [JavaFX Application Thread] DEBUG FXGLApplication      - Initializing FXGL
00:51:03.524 [JavaFX Application Thread] INFO  Engine               - FXGL-17.2 (20.08.2022 16.50) on WINDOWS (J:19.0.2 FX:18)
00:51:03.524 [JavaFX Application Thread] DEBUG Engine               - JRE Vendor Name: Oracle Corporation
00:51:03.524 [JavaFX Application Thread] DEBUG Engine               - Running on OS: Windows 10 version 10.0
00:51:03.525 [JavaFX Application Thread] DEBUG Engine               - Architecture: amd64
00:51:03.525 [JavaFX Application Thread] INFO  Engine               - Source code and latest versions at: https://github.com/AlmasB/FXGL
00:51:03.525 [JavaFX Application Thread] INFO  Engine               -       Ask questions and discuss at: https://github.com/AlmasB/FXGL/discussions
00:51:03.525 [JavaFX Application Thread] INFO  Engine               -              Join the FXGL chat at: https://gitter.im/AlmasB/FXGL
00:51:03.640 [JavaFX Application Thread] DEBUG PrimaryStageWindow   - Creating a JavaFX scene
00:51:03.688 [JavaFX Application Thread] DEBUG PrimaryStageWindow   - Target settings size: 1024.0 x 1024.0
00:51:03.688 [JavaFX Application Thread] DEBUG PrimaryStageWindow   - Scaled scene size:    1024.0 x 1024.0
00:51:03.689 [JavaFX Application Thread] DEBUG PrimaryStageWindow   - Scaled ratio: (1.0, 1.0)
00:51:03.690 [JavaFX Application Thread] DEBUG PrimaryStageWindow   - Set initial scene to FXGLStartupScene
00:51:03.697 [JavaFX Application Thread] DEBUG PrimaryStageWindow   - Opening main window
00:51:03.811 [JavaFX Application Thread] DEBUG PrimaryStageWindow   - Window border size: (16.0, 39.0)
00:51:03.811 [JavaFX Application Thread] DEBUG PrimaryStageWindow   - Scaled size: 1024.0 x 1024.0
00:51:03.811 [JavaFX Application Thread] DEBUG PrimaryStageWindow   - Scaled ratio: (1.0, 1.0)
00:51:03.811 [JavaFX Application Thread] DEBUG PrimaryStageWindow   - Scene size: 1024.0 x 1024.0
00:51:03.812 [JavaFX Application Thread] DEBUG PrimaryStageWindow   - Stage size: 1040.0 x 1063.0
00:51:03.819 [FXGL Background Thread 1 ] DEBUG Engine               - Initializing environment variables
00:51:03.864 [FXGL Background Thread 1 ] DEBUG FXGLAssetLoaderServi - User app class for loading assets: class myGame.DawnseekerApp
00:51:03.864 [FXGL Background Thread 1 ] DEBUG GameApplicationServi - Applying CSS: fxgl_dark.css
00:51:03.865 [FXGL Background Thread 1 ] DEBUG FXGLAssetLoaderServi - Loading from file system: jar:file:/C:/Users/Morgan%20Johnson/.m2/repository/com/github/almasb/fxgl/17.2/fxgl-17.2.jar!/fxglassets/ui/css/fxgl_dark.css
00:51:03.905 [FXGL Background Thread 1 ] DEBUG GameApplicationServi - Initializing application scenes
00:51:03.941 [FXGL Background Thread 1 ] DEBUG GameWorld            - Game world initialized
00:51:03.999 [FXGL Background Thread 1 ] DEBUG PhysicsWorld         - Physics world initialized: appHeight=1024, physics.ppm=50.0
00:51:03.999 [FXGL Background Thread 1 ] DEBUG PhysicsWorld         - Using strategy: BRUTE_FORCE
00:51:04.007 [FXGL Background Thread 1 ] DEBUG GameScene            - Game scene initialized: 1024x1024
00:51:04.020 [FXGL Background Thread 1 ] DEBUG FXGL.DefaultMenu     - createMenuBodyMainMenu()
00:51:04.038 [FXGL Background Thread 1 ] DEBUG FXGL.DefaultMenu     - createOptionsMenu()
00:51:04.050 [FXGL Background Thread 1 ] DEBUG FXGLAssetLoaderServi - Loading from file system: jar:file:/C:/Users/Morgan%20Johnson/.m2/repository/com/github/almasb/fxgl/17.2/fxgl-17.2.jar!/fxglassets/textures/particles/smoke.png
00:51:04.143 [FXGL Background Thread 1 ] DEBUG FXGLAssetLoaderServi - Loading from file system: jar:file:/C:/Users/Morgan%20Johnson/.m2/repository/com/github/almasb/fxgl/17.2/fxgl-17.2.jar!/fxglassets/textures/particles/trace_horizontal.png
00:51:04.177 [FXGL Background Thread 1 ] DEBUG FXGL.DefaultMenu     - createMenuBodyGameMenu()
00:51:04.179 [FXGL Background Thread 1 ] DEBUG FXGL.DefaultMenu     - createOptionsMenu()
00:51:04.193 [FXGL Background Thread 1 ] DEBUG GameApplicationServi - Application scenes initialized
00:51:04.205 [FXGL Background Thread 1 ] DEBUG SystemBundleService  - Loading FXGL system data
00:51:04.209 [FXGL Background Thread 1 ] DEBUG FileSystemAccess     - Reading from: C:\Games\Schoolwork\Spring 23\CS4900\DawnseekerWorkspace\CS4900G2Proj2\Dawnseeker\system\fxgl.bundle
00:51:04.217 [FXGL Background Thread 1 ] DEBUG SystemBundleService  - Bundle FXGL: {}
00:51:04.217 [FXGL Background Thread 1 ] DEBUG UpdaterService       - Checking for updates
00:51:04.221 [FXGL Background Thread 4 ] DEBUG FXGLApplication      - Loading fonts
00:51:04.222 [FXGL Background Thread 4 ] DEBUG FXGLAssetLoaderServi - Loading from file system: jar:file:/C:/Users/Morgan%20Johnson/.m2/repository/com/github/almasb/fxgl/17.2/fxgl-17.2.jar!/fxglassets/ui/fonts/VarelaRound-Regular.ttf
00:51:04.222 [FXGL Background Thread 1 ] DEBUG FXGLApplication      - Loading default localization
00:51:04.223 [FXGL Background Thread 1 ] DEBUG FXGLAssetLoaderServi - Loading from file system: jar:file:/C:/Users/Morgan%20Johnson/.m2/repository/com/github/almasb/fxgl/17.2/fxgl-17.2.jar!/fxglassets/languages/english.lang
00:51:04.244 [FXGL Background Thread 1 ] INFO  FXGLApplication      - FXGL initialization took: 0.425 sec
00:51:04.249 [JavaFX Application Thread] DEBUG Input                - Registered new binding: action0 - LMB
00:51:04.256 [JavaFX Application Thread] DEBUG Input                - Registered new binding: Up - W
00:51:04.256 [JavaFX Application Thread] DEBUG Input                - Registered new binding: Down - S
00:51:04.256 [JavaFX Application Thread] DEBUG Input                - Registered new binding: Right - D
00:51:04.257 [JavaFX Application Thread] DEBUG Input                - Registered new binding: Left - A
00:51:04.257 [JavaFX Application Thread] DEBUG FXGLAssetLoaderServi - Loading from file system: jar:file:/C:/Users/Morgan%20Johnson/.m2/repository/com/github/almasb/fxgl/17.2/fxgl-17.2.jar!/fxglassets/textures/fxgl_icon.png
00:51:04.280 [JavaFX Application Thread] DEBUG FXGLAssetLoaderServi - Loading from file system: jar:file:/C:/Users/Morgan%20Johnson/.m2/repository/com/github/almasb/fxgl/17.2/fxgl-17.2.jar!/fxglassets/textures/fxgl_default_cursor.png
00:51:04.284 [JavaFX Application Thread] DEBUG Input                - Registered new binding: Screenshot - CTRL+8
00:51:04.284 [JavaFX Application Thread] DEBUG Input                - Registered new binding: System info dump - CTRL+9
00:51:04.285 [JavaFX Application Thread] DEBUG Input                - Registered new binding: Restart - CTRL+R
00:51:04.286 [JavaFX Application Thread] DEBUG Input                - Registered new binding: Toggle Debug Camera - CTRL+7
00:51:04.289 [JavaFX Application Thread] DEBUG LoopRunner           - Starting loop
00:51:04.289 [JavaFX Application Thread] DEBUG LoopRunner           - Initializing JavaFX AnimationTimerLoop
00:51:04.292 [JavaFX Application Thread] DEBUG Input                - Clearing active input actions
00:51:04.300 [JavaFX Application Thread] DEBUG GameApplicationServi - Removing overlay from FXGLStartupScene and adding to FXGLMainMenuDummyScene
00:51:04.300 [JavaFX Application Thread] DEBUG PrimaryStageWindow   - FXGLStartupScene -> FXGLMainMenuDummyScene
00:51:04.300 [JavaFX Application Thread] DEBUG PrimaryStageWindow   - Push state: FXGLDefaultMenu
00:51:04.315 [JavaFX Application Thread] DEBUG Input                - Clearing active input actions
00:51:04.324 [FXGL Background Thread 4 ] DEBUG FXGLAssetLoaderServi - Loading from file system: jar:file:/C:/Users/Morgan%20Johnson/.m2/repository/com/github/almasb/fxgl/17.2/fxgl-17.2.jar!/fxglassets/ui/fonts/Abel-Regular.ttf
00:51:04.328 [FXGL Background Thread 4 ] DEBUG FXGLAssetLoaderServi - Loading from file system: jar:file:/C:/Users/Morgan%20Johnson/.m2/repository/com/github/almasb/fxgl/17.2/fxgl-17.2.jar!/fxglassets/ui/fonts/TerminalLandMono-Regular.otf
00:51:04.333 [FXGL Background Thread 4 ] DEBUG FXGLAssetLoaderServi - Loading from file system: jar:file:/C:/Users/Morgan%20Johnson/.m2/repository/com/github/almasb/fxgl/17.2/fxgl-17.2.jar!/fxglassets/ui/fonts/Courier-Prime.ttf
00:51:04.333 [JavaFX Application Thread] DEBUG GameApplicationServi - Removing overlay from FXGLMainMenuDummyScene and adding to FXGLDefaultMenu
00:51:04.334 [JavaFX Application Thread] DEBUG PrimaryStageWindow   - FXGLMainMenuDummyScene -> FXGLDefaultMenu
00:51:04.414 [JavaFX Application Thread] DEBUG FXGLApplication      - Registering font factories with UI factory
00:51:05.448 [JavaFX Application Thread] DEBUG Menu                 - fireNewGame()
00:51:05.448 [JavaFX Application Thread] DEBUG GameApplicationServi - Starting new game
00:51:05.450 [JavaFX Application Thread] DEBUG PrimaryStageWindow   - Pop state: FXGLDefaultMenu
00:51:05.450 [JavaFX Application Thread] DEBUG Input                - Clearing active input actions
00:51:05.450 [JavaFX Application Thread] DEBUG GameApplicationServi - Removing overlay from FXGLDefaultMenu and adding to FXGLMainMenuDummyScene
00:51:05.451 [JavaFX Application Thread] DEBUG PrimaryStageWindow   - FXGLMainMenuDummyScene <- FXGLDefaultMenu
00:51:05.451 [JavaFX Application Thread] DEBUG Input                - Clearing active input actions
00:51:05.457 [JavaFX Application Thread] DEBUG GameApplicationServi - Removing overlay from FXGLMainMenuDummyScene and adding to FXGLLoadingScene
00:51:05.458 [JavaFX Application Thread] DEBUG PrimaryStageWindow   - FXGLMainMenuDummyScene -> FXGLLoadingScene
00:51:05.458 [JavaFX Application Thread] DEBUG GameApplicationServi - Clearing previous game
00:51:05.458 [JavaFX Application Thread] DEBUG GameScene            - Clearing game scene
00:51:05.458 [JavaFX Application Thread] DEBUG GameWorld            - Clearing game world
00:51:05.458 [JavaFX Application Thread] DEBUG PhysicsWorld         - Clearing physics world
00:51:05.460 [FXGL Background Thread 2 ] DEBUG FXGLApplication      - Initializing game
00:51:05.471 [FXGL Background Thread 2 ] DEBUG FXGLAssetLoaderServi - Loading from file system: file:/C:/Games/Schoolwork/Spring%2023/CS4900/DawnseekerWorkspace/CS4900G2Proj2/Dawnseeker/target/classes/assets/textures/DawnseekerPCV2.png
00:51:05.479 [FXGL Background Thread 2 ] DEBUG FXGLAssetLoaderServi - Loading from file system: file:/C:/Games/Schoolwork/Spring%2023/CS4900/DawnseekerWorkspace/CS4900G2Proj2/Dawnseeker/target/classes/assets/textures/DawnseekerPCV2Down.png
00:51:05.481 [FXGL Background Thread 2 ] DEBUG FXGLAssetLoaderServi - Loading from file system: file:/C:/Games/Schoolwork/Spring%2023/CS4900/DawnseekerWorkspace/CS4900G2Proj2/Dawnseeker/target/classes/assets/textures/DawnseekerPCV2Up.png
00:51:05.483 [FXGL Background Thread 2 ] DEBUG FXGLAssetLoaderServi - Loading from file system: file:/C:/Games/Schoolwork/Spring%2023/CS4900/DawnseekerWorkspace/CS4900G2Proj2/Dawnseeker/target/classes/assets/textures/DawnseekerPCV2Right.png
00:51:05.485 [FXGL Background Thread 2 ] DEBUG FXGLAssetLoaderServi - Loading from file system: file:/C:/Games/Schoolwork/Spring%2023/CS4900/DawnseekerWorkspace/CS4900G2Proj2/Dawnseeker/target/classes/assets/textures/DawnseekerPCV2Left.png
00:51:05.500 [FXGL Background Thread 2 ] WARN  GameWorld            - Entity is already attached to world
00:51:05.501 [FXGL Background Thread 2 ] WARN  Entity               - Entity already has component: com.almasb.fxgl.entity.components.CollidableComponent
00:51:05.501 [FXGL Background Thread 2 ] WARN  GameWorld            - Entity is already attached to world
00:51:05.501 [FXGL Background Thread 2 ] WARN  Entity               - Entity already has component: com.almasb.fxgl.entity.components.CollidableComponent
00:51:05.502 [FXGL Background Thread 2 ] WARN  GameWorld            - Entity is already attached to world
00:51:05.502 [FXGL Background Thread 2 ] WARN  Entity               - Entity already has component: com.almasb.fxgl.entity.components.CollidableComponent
00:51:05.502 [FXGL Background Thread 2 ] WARN  GameWorld            - Entity is already attached to world
00:51:05.503 [FXGL Background Thread 2 ] WARN  Entity               - Entity already has component: com.almasb.fxgl.entity.components.CollidableComponent
00:51:05.503 [FXGL Background Thread 2 ] WARN  GameWorld            - Entity is already attached to world
00:51:05.514 [FXGL Background Thread 2 ] INFO  FXGLApplication      - Game initialization took: 0.054 sec
00:51:05.514 [JavaFX Application Thread] DEBUG Input                - Clearing active input actions
00:51:05.519 [JavaFX Application Thread] DEBUG GameApplicationServi - Removing overlay from FXGLLoadingScene and adding to GameScene
00:51:05.519 [JavaFX Application Thread] DEBUG PrimaryStageWindow   - FXGLLoadingScene -> GameScene
00:51:05.933 [JavaFX Application Thread] DEBUG FXGLAssetLoaderServi - Loading from file system: file:/C:/Games/Schoolwork/Spring%2023/CS4900/DawnseekerWorkspace/CS4900G2Proj2/Dawnseeker/target/classes/assets/textures/EnemyDawnseeker.png
00:51:07.221 [FXGL Background Thread 3 ] DEBUG Engine               - Logging environment variables
00:51:07.221 [FXGL Background Thread 3 ] DEBUG Engine               - achievements: []
00:51:07.221 [FXGL Background Thread 3 ] DEBUG Engine               - actualHeight: 1024.0
00:51:07.221 [FXGL Background Thread 3 ] DEBUG Engine               - actualHeightProperty: ReadOnlyDoubleProperty [value: 1024.0]
00:51:07.221 [FXGL Background Thread 3 ] DEBUG Engine               - actualWidth: 1024.0
00:51:07.221 [FXGL Background Thread 3 ] DEBUG Engine               - actualWidthProperty: ReadOnlyDoubleProperty [value: 1024.0]
00:51:07.221 [FXGL Background Thread 3 ] DEBUG Engine               - appIcon: fxgl_icon.png
00:51:07.221 [FXGL Background Thread 3 ] DEBUG Engine               - applicationMode: DEVELOPER
00:51:07.221 [FXGL Background Thread 3 ] DEBUG Engine               - cSSList: [fxgl_dark.css]
00:51:07.221 [FXGL Background Thread 3 ] DEBUG Engine               - collisionDetectionStrategy: BRUTE_FORCE
00:51:07.221 [FXGL Background Thread 3 ] DEBUG Engine               - configClass: Optional.empty
00:51:07.221 [FXGL Background Thread 3 ] DEBUG Engine               - credits: []
00:51:07.222 [FXGL Background Thread 3 ] DEBUG Engine               - defaultCursor: CursorInfo(imageName=fxgl_default_cursor.png, hotspotX=7.0, hotspotY=6.0)
00:51:07.222 [FXGL Background Thread 3 ] DEBUG Engine               - devBBoxColorProperty: ObjectProperty [value: 0xff0000ff]
00:51:07.222 [FXGL Background Thread 3 ] DEBUG Engine               - devEnableDebugCameraProperty: BooleanProperty [value: false]
00:51:07.222 [FXGL Background Thread 3 ] DEBUG Engine               - devSensorColorProperty: ObjectProperty [value: 0xffff00ff]
00:51:07.222 [FXGL Background Thread 3 ] DEBUG Engine               - devShowBBoxProperty: BooleanProperty [value: false]
00:51:07.222 [FXGL Background Thread 3 ] DEBUG Engine               - devShowPositionProperty: BooleanProperty [value: false]
00:51:07.222 [FXGL Background Thread 3 ] DEBUG Engine               - enabledMenuItems: []
00:51:07.222 [FXGL Background Thread 3 ] DEBUG Engine               - engineServices: [class com.almasb.fxgl.app.services.FXGLAssetLoaderService, class com.almasb.fxgl.app.FXGLApplication$GameApplicationService, class com.almasb.fxgl.app.services.FXGLDialogService, class com.almasb.fxgl.app.services.IOTaskExecutorService, class com.almasb.fxgl.io.FileSystemService, class com.almasb.fxgl.localization.LocalizationService, class com.almasb.fxgl.app.services.SystemBundleService, class com.almasb.fxgl.profile.SaveLoadService, class com.almasb.fxgl.ui.FXGLUIFactoryServiceProvider, class com.almasb.fxgl.ui.FXGLDialogFactoryServiceProvider, class com.almasb.fxgl.audio.AudioPlayer, class com.almasb.fxgl.notification.impl.NotificationServiceProvider, class com.almasb.fxgl.achievement.AchievementService, class com.almasb.fxgl.cutscene.CutsceneService, class com.almasb.fxgl.minigames.MiniGameService, class com.almasb.fxgl.net.NetService, class com.almasb.fxgl.app.services.UpdaterService, class com.almasb.fxgl.dev.DevService]
00:51:07.222 [FXGL Background Thread 3 ] DEBUG Engine               - fontGame: Abel-Regular.ttf
00:51:07.222 [FXGL Background Thread 3 ] DEBUG Engine               - fontMono: TerminalLandMono-Regular.otf
00:51:07.222 [FXGL Background Thread 3 ] DEBUG Engine               - fontText: Courier-Prime.ttf
00:51:07.222 [FXGL Background Thread 3 ] DEBUG Engine               - fontUI: VarelaRound-Regular.ttf
00:51:07.222 [FXGL Background Thread 3 ] DEBUG Engine               - fullScreen: BooleanProperty [value: false]
00:51:07.222 [FXGL Background Thread 3 ] DEBUG Engine               - gameDifficulty: MEDIUM
00:51:07.222 [FXGL Background Thread 3 ] DEBUG Engine               - gameDifficultyProperty: ObjectProperty [value: MEDIUM]
00:51:07.223 [FXGL Background Thread 3 ] DEBUG Engine               - globalMusicVolume: 0.5
00:51:07.223 [FXGL Background Thread 3 ] DEBUG Engine               - globalMusicVolumeProperty: DoubleProperty [value: 0.5]
00:51:07.223 [FXGL Background Thread 3 ] DEBUG Engine               - globalSoundVolume: 0.5
00:51:07.223 [FXGL Background Thread 3 ] DEBUG Engine               - globalSoundVolumeProperty: DoubleProperty [value: 0.5]
00:51:07.223 [FXGL Background Thread 3 ] DEBUG Engine               - height: 1024
00:51:07.223 [FXGL Background Thread 3 ] DEBUG Engine               - is3D: false
00:51:07.223 [FXGL Background Thread 3 ] DEBUG Engine               - isAndroid: false
00:51:07.223 [FXGL Background Thread 3 ] DEBUG Engine               - isBrowser: false
00:51:07.223 [FXGL Background Thread 3 ] DEBUG Engine               - isClickFeedbackEnabled: false
00:51:07.223 [FXGL Background Thread 3 ] DEBUG Engine               - isCloseConfirmation: false
00:51:07.223 [FXGL Background Thread 3 ] DEBUG Engine               - isDesktop: true
00:51:07.223 [FXGL Background Thread 3 ] DEBUG Engine               - isDeveloperMenuEnabled: false
00:51:07.223 [FXGL Background Thread 3 ] DEBUG Engine               - isEmbedded: false
00:51:07.223 [FXGL Background Thread 3 ] DEBUG Engine               - isEntityPreloadEnabled: true
00:51:07.223 [FXGL Background Thread 3 ] DEBUG Engine               - isExperimentalTiledLargeMap: false
00:51:07.223 [FXGL Background Thread 3 ] DEBUG Engine               - isFileSystemWriteAllowed: true
00:51:07.223 [FXGL Background Thread 3 ] DEBUG Engine               - isFullScreenAllowed: false
00:51:07.223 [FXGL Background Thread 3 ] DEBUG Engine               - isFullScreenFromStart: false
00:51:07.223 [FXGL Background Thread 3 ] DEBUG Engine               - isGameMenuEnabled: true
00:51:07.223 [FXGL Background Thread 3 ] DEBUG Engine               - isIOS: false
00:51:07.223 [FXGL Background Thread 3 ] DEBUG Engine               - isIntroEnabled: false
00:51:07.223 [FXGL Background Thread 3 ] DEBUG Engine               - isLinux: false
00:51:07.223 [FXGL Background Thread 3 ] DEBUG Engine               - isMac: false
00:51:07.223 [FXGL Background Thread 3 ] DEBUG Engine               - isMainMenuEnabled: true
00:51:07.223 [FXGL Background Thread 3 ] DEBUG Engine               - isManualResizeEnabled: false
00:51:07.223 [FXGL Background Thread 3 ] DEBUG Engine               - isMobile: false
00:51:07.223 [FXGL Background Thread 3 ] DEBUG Engine               - isNative: false
00:51:07.223 [FXGL Background Thread 3 ] DEBUG Engine               - isPauseMusicWhenMinimized: true
00:51:07.224 [FXGL Background Thread 3 ] DEBUG Engine               - isPreserveResizeRatio: false
00:51:07.224 [FXGL Background Thread 3 ] DEBUG Engine               - isProfilingEnabled: false
00:51:07.224 [FXGL Background Thread 3 ] DEBUG Engine               - isScaleAffectedOnResize: true
00:51:07.224 [FXGL Background Thread 3 ] DEBUG Engine               - isSingleStep: false
00:51:07.224 [FXGL Background Thread 3 ] DEBUG Engine               - isUserProfileEnabled: false
00:51:07.224 [FXGL Background Thread 3 ] DEBUG Engine               - isWindows: true
00:51:07.224 [FXGL Background Thread 3 ] DEBUG Engine               - language: ObjectProperty [value: ENGLISH]
00:51:07.224 [FXGL Background Thread 3 ] DEBUG Engine               - menuKey: ESCAPE
00:51:07.224 [FXGL Background Thread 3 ] DEBUG Engine               - mouseSensitivity: 0.2
00:51:07.224 [FXGL Background Thread 3 ] DEBUG Engine               - notificationViewClass: class com.almasb.fxgl.notification.view.XboxNotificationView
00:51:07.224 [FXGL Background Thread 3 ] DEBUG Engine               - pixelsPerMeter: 50.0
00:51:07.224 [FXGL Background Thread 3 ] DEBUG Engine               - platform: WINDOWS
00:51:07.224 [FXGL Background Thread 3 ] DEBUG Engine               - prefHeightProperty: ReadOnlyDoubleProperty [value: 1024.0]
00:51:07.224 [FXGL Background Thread 3 ] DEBUG Engine               - prefWidthProperty: ReadOnlyDoubleProperty [value: 1024.0]
00:51:07.224 [FXGL Background Thread 3 ] DEBUG Engine               - profileDir: profiles/
00:51:07.224 [FXGL Background Thread 3 ] DEBUG Engine               - profileName: StringProperty [value: DEFAULT]
00:51:07.224 [FXGL Background Thread 3 ] DEBUG Engine               - randomSeed: -1
00:51:07.224 [FXGL Background Thread 3 ] DEBUG Engine               - runtimeInfo: RuntimeInfo(platform=WINDOWS, version=17.2, build=20.08.2022 16.50)
00:51:07.224 [FXGL Background Thread 3 ] DEBUG Engine               - saveFileExt: sav
00:51:07.224 [FXGL Background Thread 3 ] DEBUG Engine               - scaledHeightProp$fxgl: DoubleProperty [bound, value: 1024.0]
00:51:07.224 [FXGL Background Thread 3 ] DEBUG Engine               - scaledWidthProp$fxgl: DoubleProperty [bound, value: 1024.0]
00:51:07.224 [FXGL Background Thread 3 ] DEBUG Engine               - sceneFactory: com.almasb.fxgl.app.scene.SceneFactory@6519e5ff
00:51:07.224 [FXGL Background Thread 3 ] DEBUG Engine               - secondsIn24h: 60
00:51:07.225 [FXGL Background Thread 3 ] DEBUG Engine               - soundMenuBack: menu/back.wav
00:51:07.225 [FXGL Background Thread 3 ] DEBUG Engine               - soundMenuPress: menu/press.wav
00:51:07.225 [FXGL Background Thread 3 ] DEBUG Engine               - soundMenuSelect: menu/select.wav
00:51:07.225 [FXGL Background Thread 3 ] DEBUG Engine               - soundNotification: core/notification.wav
00:51:07.225 [FXGL Background Thread 3 ] DEBUG Engine               - stageStyle: DECORATED
00:51:07.225 [FXGL Background Thread 3 ] DEBUG Engine               - supportedLanguages: [ENGLISH, FRENCH, GERMAN, HUNGARIAN, RUSSIAN]
00:51:07.225 [FXGL Background Thread 3 ] DEBUG Engine               - ticksPerSecond: -1
00:51:07.225 [FXGL Background Thread 3 ] DEBUG Engine               - title: Dawnseeker
00:51:07.225 [FXGL Background Thread 3 ] DEBUG Engine               - urlGithub: https://github.com/AlmasB/FXGL
00:51:07.225 [FXGL Background Thread 3 ] DEBUG Engine               - urlLeaderboard: http://fxgl-top.herokuapp.com/
00:51:07.225 [FXGL Background Thread 3 ] DEBUG Engine               - urlPOM: https://raw.githubusercontent.com/AlmasB/FXGL/release/README.md
00:51:07.225 [FXGL Background Thread 3 ] DEBUG Engine               - userAppClass: class myGame.DawnseekerApp
00:51:07.225 [FXGL Background Thread 3 ] DEBUG Engine               - version: 0.1
00:51:07.225 [FXGL Background Thread 3 ] DEBUG Engine               - versionCheckDays: 7
00:51:07.225 [FXGL Background Thread 3 ] DEBUG Engine               - width: 1024
00:51:07.225 [FXGL Background Thread 3 ] DEBUG Engine               - Logging services
00:51:07.225 [FXGL Background Thread 3 ] DEBUG Engine               - class com.almasb.fxgl.app.services.FXGLAssetLoaderService
00:51:07.225 [FXGL Background Thread 3 ] DEBUG Engine               - class com.almasb.fxgl.app.FXGLApplication$GameApplicationService
00:51:07.225 [FXGL Background Thread 3 ] DEBUG Engine               - class com.almasb.fxgl.app.services.FXGLDialogService
00:51:07.225 [FXGL Background Thread 3 ] DEBUG Engine               - class com.almasb.fxgl.app.services.IOTaskExecutorService
00:51:07.225 [FXGL Background Thread 3 ] DEBUG Engine               - class com.almasb.fxgl.io.FileSystemService
00:51:07.225 [FXGL Background Thread 3 ] DEBUG Engine               - class com.almasb.fxgl.localization.LocalizationService
00:51:07.225 [FXGL Background Thread 3 ] DEBUG Engine               - class com.almasb.fxgl.app.services.SystemBundleService
00:51:07.225 [FXGL Background Thread 3 ] DEBUG Engine               - class com.almasb.fxgl.profile.SaveLoadService
00:51:07.225 [FXGL Background Thread 3 ] DEBUG Engine               - class com.almasb.fxgl.ui.FXGLUIFactoryServiceProvider
00:51:07.225 [FXGL Background Thread 3 ] DEBUG Engine               - class com.almasb.fxgl.ui.FXGLDialogFactoryServiceProvider
00:51:07.225 [FXGL Background Thread 3 ] DEBUG Engine               - class com.almasb.fxgl.audio.AudioPlayer
00:51:07.225 [FXGL Background Thread 3 ] DEBUG Engine               - class com.almasb.fxgl.notification.impl.NotificationServiceProvider
00:51:07.225 [FXGL Background Thread 3 ] DEBUG Engine               - class com.almasb.fxgl.achievement.AchievementService
00:51:07.225 [FXGL Background Thread 3 ] DEBUG Engine               - class com.almasb.fxgl.cutscene.CutsceneService
00:51:07.225 [FXGL Background Thread 3 ] DEBUG Engine               - class com.almasb.fxgl.minigames.MiniGameService
00:51:07.225 [FXGL Background Thread 3 ] DEBUG Engine               - class com.almasb.fxgl.net.NetService
00:51:07.225 [FXGL Background Thread 3 ] DEBUG Engine               - class com.almasb.fxgl.app.services.UpdaterService
00:51:07.226 [FXGL Background Thread 3 ] DEBUG Engine               - class com.almasb.fxgl.dev.DevService
00:51:14.213 [JavaFX Application Thread] DEBUG FXGLAssetLoaderServi - Loading from file system: file:/C:/Games/Schoolwork/Spring%2023/CS4900/DawnseekerWorkspace/CS4900G2Proj2/Dawnseeker/target/classes/assets/textures/FireBallProjectile.png
00:51:14.714 [JavaFX Application Thread] DEBUG FXGLApplication      - Exiting FXGL
00:51:14.714 [JavaFX Application Thread] DEBUG LoopRunner           - Stopping loop
00:51:14.714 [JavaFX Application Thread] DEBUG SystemBundleService  - Saving FXGL system data
00:51:14.716 [JavaFX Application Thread] DEBUG FileSystemAccess     - Writing to: C:\Games\Schoolwork\Spring 23\CS4900\DawnseekerWorkspace\CS4900G2Proj2\Dawnseeker\system\fxgl.bundle
00:51:14.717 [JavaFX Application Thread] DEBUG Async                - Shutting down background threads
00:51:14.718 [JavaFX Application Thread] DEBUG PrimaryStageWindow   - Closing main window
00:51:14.734 [JavaFX Application Thread] DEBUG Logger               - Closing Logger
