18:16:26.302 [main                     ] DEBUG Logger               - Configured Logger
18:16:26.344 [main                     ] DEBUG GameApplication      - Logging settings
Title: Dawnseeker
Version: 0.4
Width: 1024
Height: 1024
Fullscreen: false
Intro: false
Profiling: false
Single step:false
App Mode: DEVELOPER
Menu Key: ESCAPE
Stage Style: DECORATED
Scene Factory: class myGame.DawnseekerApp$1

18:16:26.990 [JavaFX Application Thread] DEBUG FXGLApplication      - Initializing FXGL
18:16:27.000 [JavaFX Application Thread] INFO  Engine               - FXGL-17.2 (20.08.2022 16.50) on WINDOWS (J:19.0.2 FX:18)
18:16:27.001 [JavaFX Application Thread] DEBUG Engine               - JRE Vendor Name: Oracle Corporation
18:16:27.001 [JavaFX Application Thread] DEBUG Engine               - Running on OS: Windows 10 version 10.0
18:16:27.002 [JavaFX Application Thread] DEBUG Engine               - Architecture: amd64
18:16:27.002 [JavaFX Application Thread] INFO  Engine               - Source code and latest versions at: https://github.com/AlmasB/FXGL
18:16:27.002 [JavaFX Application Thread] INFO  Engine               -       Ask questions and discuss at: https://github.com/AlmasB/FXGL/discussions
18:16:27.002 [JavaFX Application Thread] INFO  Engine               -              Join the FXGL chat at: https://gitter.im/AlmasB/FXGL
18:16:27.186 [JavaFX Application Thread] DEBUG PrimaryStageWindow   - Creating a JavaFX scene
18:16:27.186 [JavaFX Application Thread] DEBUG PrimaryStageWindow   - Target size > screen size
18:16:27.320 [JavaFX Application Thread] DEBUG PrimaryStageWindow   - Target settings size: 1024.0 x 1024.0
18:16:27.321 [JavaFX Application Thread] DEBUG PrimaryStageWindow   - Scaled scene size:    799.0 x 824.0
18:16:27.322 [JavaFX Application Thread] DEBUG PrimaryStageWindow   - Scaled ratio: (0.7802734375, 0.8046875)
18:16:27.324 [JavaFX Application Thread] DEBUG PrimaryStageWindow   - Set initial scene to FXGLStartupScene
18:16:27.348 [JavaFX Application Thread] DEBUG PrimaryStageWindow   - Opening main window
18:16:27.628 [JavaFX Application Thread] DEBUG PrimaryStageWindow   - Window border size: (14.5999755859375, 37.5999755859375)
18:16:27.629 [JavaFX Application Thread] DEBUG PrimaryStageWindow   - Scaled size: 799.0 x 824.0
18:16:27.630 [JavaFX Application Thread] DEBUG PrimaryStageWindow   - Scaled ratio: (0.7802734375, 0.8046875)
18:16:27.631 [JavaFX Application Thread] DEBUG PrimaryStageWindow   - Scene size: 799.0 x 824.0
18:16:27.632 [JavaFX Application Thread] DEBUG PrimaryStageWindow   - Stage size: 813.5999755859375 x 861.5999755859375
18:16:27.661 [FXGL Background Thread 1 ] DEBUG Engine               - Initializing environment variables
18:16:27.837 [FXGL Background Thread 1 ] DEBUG FXGLAssetLoaderServi - User app class for loading assets: class myGame.DawnseekerApp
18:16:27.838 [FXGL Background Thread 1 ] DEBUG GameApplicationServi - Applying CSS: fxgl_dark.css
18:16:27.841 [FXGL Background Thread 1 ] DEBUG FXGLAssetLoaderServi - Loading from file system: jar:file:/C:/Users/narro/.m2/repository/com/github/almasb/fxgl/17.2/fxgl-17.2.jar!/fxglassets/ui/css/fxgl_dark.css
18:16:27.933 [FXGL Background Thread 1 ] DEBUG GameApplicationServi - Initializing application scenes
18:16:28.013 [FXGL Background Thread 1 ] DEBUG GameWorld            - Game world initialized
18:16:28.103 [FXGL Background Thread 1 ] DEBUG PhysicsWorld         - Physics world initialized: appHeight=1024, physics.ppm=50.0
18:16:28.103 [FXGL Background Thread 1 ] DEBUG PhysicsWorld         - Using strategy: BRUTE_FORCE
18:16:28.109 [FXGL Background Thread 1 ] DEBUG GameScene            - Game scene initialized: 1024x1024
18:16:28.110 [FXGL Background Thread 1 ] DEBUG FXGLAssetLoaderServi - Loading from file system: file:/C:/Users/narro/git/CS4900G2Proj2/Dawnseeker/target/classes/assets/music/shop.mp3
18:16:28.338 [FXGL Background Thread 1 ] DEBUG AudioPlayer          - Playing music com.almasb.fxgl.audio.Music@3fc4b5df
18:16:28.369 [FXGL Background Thread 1 ] DEBUG FXGLAssetLoaderServi - Loading from file system: file:/C:/Users/narro/git/CS4900G2Proj2/Dawnseeker/target/classes/assets/textures/bg.png
18:16:28.531 [FXGL Background Thread 1 ] DEBUG FXGL.DefaultMenu     - createMenuBodyGameMenu()
18:16:28.556 [FXGL Background Thread 1 ] DEBUG FXGL.DefaultMenu     - createOptionsMenu()
18:16:28.567 [FXGL Background Thread 1 ] DEBUG FXGLAssetLoaderServi - Loading from file system: jar:file:/C:/Users/narro/.m2/repository/com/github/almasb/fxgl/17.2/fxgl-17.2.jar!/fxglassets/textures/particles/smoke.png
18:16:28.712 [FXGL Background Thread 1 ] DEBUG FXGLAssetLoaderServi - Loading from file system: jar:file:/C:/Users/narro/.m2/repository/com/github/almasb/fxgl/17.2/fxgl-17.2.jar!/fxglassets/textures/particles/trace_horizontal.png
18:16:28.740 [FXGL Background Thread 1 ] DEBUG GameApplicationServi - Application scenes initialized
18:16:28.770 [FXGL Background Thread 1 ] DEBUG SystemBundleService  - Loading FXGL system data
18:16:28.778 [FXGL Background Thread 1 ] DEBUG FileSystemAccess     - Reading from: C:\Users\narro\git\CS4900G2Proj2\Dawnseeker\system\fxgl.bundle
18:16:28.794 [FXGL Background Thread 1 ] DEBUG SystemBundleService  - Bundle FXGL: {}
18:16:28.794 [FXGL Background Thread 1 ] DEBUG UpdaterService       - Checking for updates
18:16:28.804 [FXGL Background Thread 4 ] DEBUG FXGLApplication      - Loading fonts
18:16:28.805 [FXGL Background Thread 1 ] DEBUG FXGLApplication      - Loading default localization
18:16:28.805 [FXGL Background Thread 4 ] DEBUG FXGLAssetLoaderServi - Loading from file system: jar:file:/C:/Users/narro/.m2/repository/com/github/almasb/fxgl/17.2/fxgl-17.2.jar!/fxglassets/ui/fonts/VarelaRound-Regular.ttf
18:16:28.806 [FXGL Background Thread 1 ] DEBUG FXGLAssetLoaderServi - Loading from file system: jar:file:/C:/Users/narro/.m2/repository/com/github/almasb/fxgl/17.2/fxgl-17.2.jar!/fxglassets/languages/english.lang
18:16:28.857 [FXGL Background Thread 1 ] INFO  FXGLApplication      - FXGL initialization took: 1.196 sec
18:16:28.868 [JavaFX Application Thread] DEBUG Input                - Registered new binding: action0 - LMB
18:16:28.886 [JavaFX Application Thread] DEBUG Input                - Registered new binding: Up - W
18:16:28.887 [JavaFX Application Thread] DEBUG Input                - Registered new binding: Down - S
18:16:28.887 [JavaFX Application Thread] DEBUG Input                - Registered new binding: Right - D
18:16:28.887 [JavaFX Application Thread] DEBUG Input                - Registered new binding: Left - A
18:16:28.888 [JavaFX Application Thread] DEBUG FXGLAssetLoaderServi - Loading from file system: jar:file:/C:/Users/narro/.m2/repository/com/github/almasb/fxgl/17.2/fxgl-17.2.jar!/fxglassets/textures/fxgl_icon.png
18:16:28.912 [JavaFX Application Thread] DEBUG FXGLAssetLoaderServi - Loading from file system: jar:file:/C:/Users/narro/.m2/repository/com/github/almasb/fxgl/17.2/fxgl-17.2.jar!/fxglassets/textures/fxgl_default_cursor.png
18:16:28.918 [JavaFX Application Thread] DEBUG Input                - Registered new binding: Screenshot - CTRL+8
18:16:28.920 [JavaFX Application Thread] DEBUG Input                - Registered new binding: System info dump - CTRL+9
18:16:28.921 [JavaFX Application Thread] DEBUG Input                - Registered new binding: Restart - CTRL+R
18:16:28.926 [JavaFX Application Thread] DEBUG Input                - Registered new binding: Toggle Debug Camera - CTRL+7
18:16:28.939 [JavaFX Application Thread] DEBUG LoopRunner           - Starting loop
18:16:28.939 [JavaFX Application Thread] DEBUG LoopRunner           - Initializing JavaFX AnimationTimerLoop
18:16:28.955 [JavaFX Application Thread] DEBUG Input                - Clearing active input actions
18:16:28.978 [JavaFX Application Thread] DEBUG GameApplicationServi - Removing overlay from FXGLStartupScene and adding to FXGLMainMenuDummyScene
18:16:28.979 [JavaFX Application Thread] DEBUG PrimaryStageWindow   - FXGLStartupScene -> FXGLMainMenuDummyScene
18:16:28.980 [JavaFX Application Thread] DEBUG PrimaryStageWindow   - Push state: DawnseekerMenu
18:16:28.982 [JavaFX Application Thread] DEBUG Input                - Clearing active input actions
18:16:28.993 [JavaFX Application Thread] DEBUG GameApplicationServi - Removing overlay from FXGLMainMenuDummyScene and adding to DawnseekerMenu
18:16:28.993 [FXGL Background Thread 4 ] DEBUG FXGLAssetLoaderServi - Loading from file system: jar:file:/C:/Users/narro/.m2/repository/com/github/almasb/fxgl/17.2/fxgl-17.2.jar!/fxglassets/ui/fonts/Abel-Regular.ttf
18:16:28.994 [JavaFX Application Thread] DEBUG PrimaryStageWindow   - FXGLMainMenuDummyScene -> DawnseekerMenu
18:16:29.013 [FXGL Background Thread 4 ] DEBUG FXGLAssetLoaderServi - Loading from file system: jar:file:/C:/Users/narro/.m2/repository/com/github/almasb/fxgl/17.2/fxgl-17.2.jar!/fxglassets/ui/fonts/TerminalLandMono-Regular.otf
18:16:29.036 [FXGL Background Thread 4 ] DEBUG FXGLAssetLoaderServi - Loading from file system: jar:file:/C:/Users/narro/.m2/repository/com/github/almasb/fxgl/17.2/fxgl-17.2.jar!/fxglassets/ui/fonts/Courier-Prime.ttf
18:16:29.073 [JavaFX Application Thread] DEBUG FXGLApplication      - Registering font factories with UI factory
18:16:29.889 [FXGL Background Thread 2 ] INFO  UpdaterService       - Your current version:  17.2
18:16:29.889 [FXGL Background Thread 2 ] INFO  UpdaterService       - Latest stable version: 17.3
18:16:30.207 [JavaFX Application Thread] DEBUG Menu                 - fireNewGame()
18:16:30.208 [JavaFX Application Thread] DEBUG GameApplicationServi - Starting new game
18:16:30.208 [JavaFX Application Thread] DEBUG PrimaryStageWindow   - Pop state: DawnseekerMenu
18:16:30.208 [JavaFX Application Thread] DEBUG Input                - Clearing active input actions
18:16:30.208 [JavaFX Application Thread] DEBUG GameApplicationServi - Removing overlay from DawnseekerMenu and adding to FXGLMainMenuDummyScene
18:16:30.209 [JavaFX Application Thread] DEBUG PrimaryStageWindow   - FXGLMainMenuDummyScene <- DawnseekerMenu
18:16:30.209 [JavaFX Application Thread] DEBUG Input                - Clearing active input actions
18:16:30.219 [JavaFX Application Thread] DEBUG GameApplicationServi - Removing overlay from FXGLMainMenuDummyScene and adding to FXGLLoadingScene
18:16:30.220 [JavaFX Application Thread] DEBUG PrimaryStageWindow   - FXGLMainMenuDummyScene -> FXGLLoadingScene
18:16:30.220 [JavaFX Application Thread] DEBUG GameApplicationServi - Clearing previous game
18:16:30.220 [JavaFX Application Thread] DEBUG GameScene            - Clearing game scene
18:16:30.220 [JavaFX Application Thread] DEBUG GameWorld            - Clearing game world
18:16:30.220 [JavaFX Application Thread] DEBUG PhysicsWorld         - Clearing physics world
18:16:30.222 [JavaFX Application Thread] DEBUG AudioPlayer          - Stopping music com.almasb.fxgl.audio.Music@3fc4b5df
18:16:30.229 [FXGL Background Thread 2 ] DEBUG FXGLAssetLoaderServi - Loading from file system: file:/C:/Users/narro/git/CS4900G2Proj2/Dawnseeker/target/classes/assets/music/heartache.mp3
18:16:30.234 [FXGL Background Thread 2 ] DEBUG AudioPlayer          - Playing music com.almasb.fxgl.audio.Music@2b6d0476
18:16:30.255 [FXGL Background Thread 2 ] DEBUG FXGLAssetLoaderServi - Loading from file system: file:/C:/Users/narro/git/CS4900G2Proj2/Dawnseeker/target/classes/assets/textures/DawnseekerPCV2.png
18:16:30.265 [JavaFX Application Thread] DEBUG AudioPlayer          - Stopping music com.almasb.fxgl.audio.Music@2b6d0476
18:16:30.267 [FXGL Background Thread 2 ] DEBUG FXGLAssetLoaderServi - Loading from file system: file:/C:/Users/narro/git/CS4900G2Proj2/Dawnseeker/target/classes/assets/textures/DawnseekerPCV2Down.png
18:16:30.271 [FXGL Background Thread 2 ] DEBUG FXGLAssetLoaderServi - Loading from file system: file:/C:/Users/narro/git/CS4900G2Proj2/Dawnseeker/target/classes/assets/textures/DawnseekerPCV2Up.png
18:16:30.274 [FXGL Background Thread 2 ] DEBUG FXGLAssetLoaderServi - Loading from file system: file:/C:/Users/narro/git/CS4900G2Proj2/Dawnseeker/target/classes/assets/textures/DawnseekerPCV2Right.png
18:16:30.276 [FXGL Background Thread 2 ] DEBUG FXGLAssetLoaderServi - Loading from file system: file:/C:/Users/narro/git/CS4900G2Proj2/Dawnseeker/target/classes/assets/textures/DawnseekerPCV2Left.png
18:16:30.310 [FXGL Background Thread 2 ] WARN  GameWorld            - Entity is already attached to world
18:16:30.312 [FXGL Background Thread 2 ] WARN  Entity               - Entity already has component: com.almasb.fxgl.entity.components.CollidableComponent
18:16:30.312 [FXGL Background Thread 2 ] WARN  GameWorld            - Entity is already attached to world
18:16:30.314 [FXGL Background Thread 2 ] WARN  Entity               - Entity already has component: com.almasb.fxgl.entity.components.CollidableComponent
18:16:30.315 [FXGL Background Thread 2 ] WARN  GameWorld            - Entity is already attached to world
18:16:30.317 [FXGL Background Thread 2 ] WARN  Entity               - Entity already has component: com.almasb.fxgl.entity.components.CollidableComponent
18:16:30.318 [FXGL Background Thread 2 ] WARN  GameWorld            - Entity is already attached to world
18:16:30.320 [FXGL Background Thread 2 ] WARN  Entity               - Entity already has component: com.almasb.fxgl.entity.components.CollidableComponent
18:16:30.320 [FXGL Background Thread 2 ] WARN  GameWorld            - Entity is already attached to world
18:16:30.322 [FXGL Background Thread 2 ] WARN  GameWorld            - Entity is already attached to world
18:16:30.324 [FXGL Background Thread 2 ] WARN  GameWorld            - Entity is already attached to world
18:16:30.352 [FXGL Background Thread 2 ] INFO  FXGLApplication      - Game initialization took: 0.131 sec
18:16:30.418 [JavaFX Application Thread] DEBUG Input                - Clearing active input actions
18:16:30.439 [JavaFX Application Thread] DEBUG GameApplicationServi - Removing overlay from FXGLLoadingScene and adding to GameScene
18:16:30.439 [JavaFX Application Thread] DEBUG PrimaryStageWindow   - FXGLLoadingScene -> GameScene
18:16:31.545 [JavaFX Application Thread] DEBUG FXGLAssetLoaderServi - Loading from file system: file:/C:/Users/narro/git/CS4900G2Proj2/Dawnseeker/target/classes/assets/textures/EnemyDawnseeker.png
18:16:31.564 [JavaFX Application Thread] DEBUG FXGLAssetLoaderServi - Loading from file system: file:/C:/Users/narro/git/CS4900G2Proj2/Dawnseeker/target/classes/assets/textures/sussy.gif
18:16:31.802 [FXGL Background Thread 3 ] DEBUG Engine               - Logging environment variables
18:16:31.804 [FXGL Background Thread 3 ] DEBUG Engine               - achievements: []
18:16:31.805 [FXGL Background Thread 3 ] DEBUG Engine               - actualHeight: 824.0
18:16:31.805 [FXGL Background Thread 3 ] DEBUG Engine               - actualHeightProperty: ReadOnlyDoubleProperty [value: 824.0]
18:16:31.806 [FXGL Background Thread 3 ] DEBUG Engine               - actualWidth: 799.0
18:16:31.806 [FXGL Background Thread 3 ] DEBUG Engine               - actualWidthProperty: ReadOnlyDoubleProperty [value: 799.0]
18:16:31.806 [FXGL Background Thread 3 ] DEBUG Engine               - appIcon: fxgl_icon.png
18:16:31.806 [FXGL Background Thread 3 ] DEBUG Engine               - applicationMode: DEVELOPER
18:16:31.807 [FXGL Background Thread 3 ] DEBUG Engine               - cSSList: [fxgl_dark.css]
18:16:31.807 [FXGL Background Thread 3 ] DEBUG Engine               - collisionDetectionStrategy: BRUTE_FORCE
18:16:31.807 [FXGL Background Thread 3 ] DEBUG Engine               - configClass: Optional.empty
18:16:31.807 [FXGL Background Thread 3 ] DEBUG Engine               - credits: []
18:16:31.808 [FXGL Background Thread 3 ] DEBUG Engine               - defaultCursor: CursorInfo(imageName=fxgl_default_cursor.png, hotspotX=7.0, hotspotY=6.0)
18:16:31.809 [FXGL Background Thread 3 ] DEBUG Engine               - devBBoxColorProperty: ObjectProperty [value: 0xff0000ff]
18:16:31.809 [FXGL Background Thread 3 ] DEBUG Engine               - devEnableDebugCameraProperty: BooleanProperty [value: false]
18:16:31.810 [FXGL Background Thread 3 ] DEBUG Engine               - devSensorColorProperty: ObjectProperty [value: 0xffff00ff]
18:16:31.810 [FXGL Background Thread 3 ] DEBUG Engine               - devShowBBoxProperty: BooleanProperty [value: false]
18:16:31.810 [FXGL Background Thread 3 ] DEBUG Engine               - devShowPositionProperty: BooleanProperty [value: false]
18:16:31.810 [FXGL Background Thread 3 ] DEBUG Engine               - enabledMenuItems: []
18:16:31.810 [FXGL Background Thread 3 ] DEBUG Engine               - engineServices: [class com.almasb.fxgl.app.services.FXGLAssetLoaderService, class com.almasb.fxgl.app.FXGLApplication$GameApplicationService, class com.almasb.fxgl.app.services.FXGLDialogService, class com.almasb.fxgl.app.services.IOTaskExecutorService, class com.almasb.fxgl.io.FileSystemService, class com.almasb.fxgl.localization.LocalizationService, class com.almasb.fxgl.app.services.SystemBundleService, class com.almasb.fxgl.profile.SaveLoadService, class com.almasb.fxgl.ui.FXGLUIFactoryServiceProvider, class com.almasb.fxgl.ui.FXGLDialogFactoryServiceProvider, class com.almasb.fxgl.audio.AudioPlayer, class com.almasb.fxgl.notification.impl.NotificationServiceProvider, class com.almasb.fxgl.achievement.AchievementService, class com.almasb.fxgl.cutscene.CutsceneService, class com.almasb.fxgl.minigames.MiniGameService, class com.almasb.fxgl.net.NetService, class com.almasb.fxgl.app.services.UpdaterService, class com.almasb.fxgl.dev.DevService]
18:16:31.811 [FXGL Background Thread 3 ] DEBUG Engine               - fontGame: Abel-Regular.ttf
18:16:31.811 [FXGL Background Thread 3 ] DEBUG Engine               - fontMono: TerminalLandMono-Regular.otf
18:16:31.811 [FXGL Background Thread 3 ] DEBUG Engine               - fontText: Courier-Prime.ttf
18:16:31.811 [FXGL Background Thread 3 ] DEBUG Engine               - fontUI: VarelaRound-Regular.ttf
18:16:31.811 [FXGL Background Thread 3 ] DEBUG Engine               - fullScreen: BooleanProperty [value: false]
18:16:31.811 [FXGL Background Thread 3 ] DEBUG Engine               - gameDifficulty: MEDIUM
18:16:31.811 [FXGL Background Thread 3 ] DEBUG Engine               - gameDifficultyProperty: ObjectProperty [value: MEDIUM]
18:16:31.812 [FXGL Background Thread 3 ] DEBUG Engine               - globalMusicVolume: 0.5
18:16:31.812 [FXGL Background Thread 3 ] DEBUG Engine               - globalMusicVolumeProperty: DoubleProperty [value: 0.5]
18:16:31.812 [FXGL Background Thread 3 ] DEBUG Engine               - globalSoundVolume: 0.5
18:16:31.812 [FXGL Background Thread 3 ] DEBUG Engine               - globalSoundVolumeProperty: DoubleProperty [value: 0.5]
18:16:31.812 [FXGL Background Thread 3 ] DEBUG Engine               - height: 1024
18:16:31.813 [FXGL Background Thread 3 ] DEBUG Engine               - is3D: false
18:16:31.813 [FXGL Background Thread 3 ] DEBUG Engine               - isAndroid: false
18:16:31.813 [FXGL Background Thread 3 ] DEBUG Engine               - isBrowser: false
18:16:31.813 [FXGL Background Thread 3 ] DEBUG Engine               - isClickFeedbackEnabled: false
18:16:31.813 [FXGL Background Thread 3 ] DEBUG Engine               - isCloseConfirmation: false
18:16:31.813 [FXGL Background Thread 3 ] DEBUG Engine               - isDesktop: true
18:16:31.813 [FXGL Background Thread 3 ] DEBUG Engine               - isDeveloperMenuEnabled: false
18:16:31.814 [FXGL Background Thread 3 ] DEBUG Engine               - isEmbedded: false
18:16:31.814 [FXGL Background Thread 3 ] DEBUG Engine               - isEntityPreloadEnabled: true
18:16:31.814 [FXGL Background Thread 3 ] DEBUG Engine               - isExperimentalTiledLargeMap: false
18:16:31.814 [FXGL Background Thread 3 ] DEBUG Engine               - isFileSystemWriteAllowed: true
18:16:31.814 [FXGL Background Thread 3 ] DEBUG Engine               - isFullScreenAllowed: false
18:16:31.814 [FXGL Background Thread 3 ] DEBUG Engine               - isFullScreenFromStart: false
18:16:31.814 [FXGL Background Thread 3 ] DEBUG Engine               - isGameMenuEnabled: true
18:16:31.815 [FXGL Background Thread 3 ] DEBUG Engine               - isIOS: false
18:16:31.815 [FXGL Background Thread 3 ] DEBUG Engine               - isIntroEnabled: false
18:16:31.815 [FXGL Background Thread 3 ] DEBUG Engine               - isLinux: false
18:16:31.815 [FXGL Background Thread 3 ] DEBUG Engine               - isMac: false
18:16:31.815 [FXGL Background Thread 3 ] DEBUG Engine               - isMainMenuEnabled: true
18:16:31.815 [FXGL Background Thread 3 ] DEBUG Engine               - isManualResizeEnabled: false
18:16:31.815 [FXGL Background Thread 3 ] DEBUG Engine               - isMobile: false
18:16:31.816 [FXGL Background Thread 3 ] DEBUG Engine               - isNative: false
18:16:31.816 [FXGL Background Thread 3 ] DEBUG Engine               - isPauseMusicWhenMinimized: true
18:16:31.816 [FXGL Background Thread 3 ] DEBUG Engine               - isPreserveResizeRatio: false
18:16:31.816 [FXGL Background Thread 3 ] DEBUG Engine               - isProfilingEnabled: false
18:16:31.816 [FXGL Background Thread 3 ] DEBUG Engine               - isScaleAffectedOnResize: true
18:16:31.816 [FXGL Background Thread 3 ] DEBUG Engine               - isSingleStep: false
18:16:31.817 [FXGL Background Thread 3 ] DEBUG Engine               - isUserProfileEnabled: false
18:16:31.817 [FXGL Background Thread 3 ] DEBUG Engine               - isWindows: true
18:16:31.817 [FXGL Background Thread 3 ] DEBUG Engine               - language: ObjectProperty [value: ENGLISH]
18:16:31.817 [FXGL Background Thread 3 ] DEBUG Engine               - menuKey: ESCAPE
18:16:31.817 [FXGL Background Thread 3 ] DEBUG Engine               - mouseSensitivity: 0.2
18:16:31.817 [FXGL Background Thread 3 ] DEBUG Engine               - notificationViewClass: class com.almasb.fxgl.notification.view.XboxNotificationView
18:16:31.818 [FXGL Background Thread 3 ] DEBUG Engine               - pixelsPerMeter: 50.0
18:16:31.818 [FXGL Background Thread 3 ] DEBUG Engine               - platform: WINDOWS
18:16:31.818 [FXGL Background Thread 3 ] DEBUG Engine               - prefHeightProperty: ReadOnlyDoubleProperty [value: 1024.0]
18:16:31.818 [FXGL Background Thread 3 ] DEBUG Engine               - prefWidthProperty: ReadOnlyDoubleProperty [value: 1024.0]
18:16:31.818 [FXGL Background Thread 3 ] DEBUG Engine               - profileDir: profiles/
18:16:31.819 [FXGL Background Thread 3 ] DEBUG Engine               - profileName: StringProperty [value: DEFAULT]
18:16:31.819 [FXGL Background Thread 3 ] DEBUG Engine               - randomSeed: -1
18:16:31.821 [FXGL Background Thread 3 ] DEBUG Engine               - runtimeInfo: RuntimeInfo(platform=WINDOWS, version=17.2, build=20.08.2022 16.50)
18:16:31.821 [FXGL Background Thread 3 ] DEBUG Engine               - saveFileExt: sav
18:16:31.822 [FXGL Background Thread 3 ] DEBUG Engine               - scaledHeightProp$fxgl: DoubleProperty [bound, value: 824.0]
18:16:31.822 [FXGL Background Thread 3 ] DEBUG Engine               - scaledWidthProp$fxgl: DoubleProperty [bound, value: 799.0]
18:16:31.822 [FXGL Background Thread 3 ] DEBUG Engine               - sceneFactory: myGame.DawnseekerApp$1@10512d7a
18:16:31.823 [FXGL Background Thread 3 ] DEBUG Engine               - secondsIn24h: 60
18:16:31.823 [FXGL Background Thread 3 ] DEBUG Engine               - soundMenuBack: menu/back.wav
18:16:31.823 [FXGL Background Thread 3 ] DEBUG Engine               - soundMenuPress: menu/press.wav
18:16:31.823 [FXGL Background Thread 3 ] DEBUG Engine               - soundMenuSelect: menu/select.wav
18:16:31.823 [FXGL Background Thread 3 ] DEBUG Engine               - soundNotification: core/notification.wav
18:16:31.824 [FXGL Background Thread 3 ] DEBUG Engine               - stageStyle: DECORATED
18:16:31.824 [FXGL Background Thread 3 ] DEBUG Engine               - supportedLanguages: [ENGLISH, FRENCH, GERMAN, HUNGARIAN, RUSSIAN]
18:16:31.824 [FXGL Background Thread 3 ] DEBUG Engine               - ticksPerSecond: -1
18:16:31.824 [FXGL Background Thread 3 ] DEBUG Engine               - title: Dawnseeker
18:16:31.824 [FXGL Background Thread 3 ] DEBUG Engine               - urlGithub: https://github.com/AlmasB/FXGL
18:16:31.824 [FXGL Background Thread 3 ] DEBUG Engine               - urlLeaderboard: http://fxgl-top.herokuapp.com/
18:16:31.824 [FXGL Background Thread 3 ] DEBUG Engine               - urlPOM: https://raw.githubusercontent.com/AlmasB/FXGL/release/README.md
18:16:31.825 [FXGL Background Thread 3 ] DEBUG Engine               - userAppClass: class myGame.DawnseekerApp
18:16:31.825 [FXGL Background Thread 3 ] DEBUG Engine               - version: 0.4
18:16:31.825 [FXGL Background Thread 3 ] DEBUG Engine               - versionCheckDays: 7
18:16:31.825 [FXGL Background Thread 3 ] DEBUG Engine               - width: 1024
18:16:31.825 [FXGL Background Thread 3 ] DEBUG Engine               - Logging services
18:16:31.825 [FXGL Background Thread 3 ] DEBUG Engine               - class com.almasb.fxgl.app.services.FXGLAssetLoaderService
18:16:31.826 [FXGL Background Thread 3 ] DEBUG Engine               - class com.almasb.fxgl.app.FXGLApplication$GameApplicationService
18:16:31.826 [FXGL Background Thread 3 ] DEBUG Engine               - class com.almasb.fxgl.app.services.FXGLDialogService
18:16:31.826 [FXGL Background Thread 3 ] DEBUG Engine               - class com.almasb.fxgl.app.services.IOTaskExecutorService
18:16:31.826 [FXGL Background Thread 3 ] DEBUG Engine               - class com.almasb.fxgl.io.FileSystemService
18:16:31.826 [FXGL Background Thread 3 ] DEBUG Engine               - class com.almasb.fxgl.localization.LocalizationService
18:16:31.826 [FXGL Background Thread 3 ] DEBUG Engine               - class com.almasb.fxgl.app.services.SystemBundleService
18:16:31.827 [FXGL Background Thread 3 ] DEBUG Engine               - class com.almasb.fxgl.profile.SaveLoadService
18:16:31.827 [FXGL Background Thread 3 ] DEBUG Engine               - class com.almasb.fxgl.ui.FXGLUIFactoryServiceProvider
18:16:31.827 [FXGL Background Thread 3 ] DEBUG Engine               - class com.almasb.fxgl.ui.FXGLDialogFactoryServiceProvider
18:16:31.827 [FXGL Background Thread 3 ] DEBUG Engine               - class com.almasb.fxgl.audio.AudioPlayer
18:16:31.827 [FXGL Background Thread 3 ] DEBUG Engine               - class com.almasb.fxgl.notification.impl.NotificationServiceProvider
18:16:31.827 [FXGL Background Thread 3 ] DEBUG Engine               - class com.almasb.fxgl.achievement.AchievementService
18:16:31.827 [FXGL Background Thread 3 ] DEBUG Engine               - class com.almasb.fxgl.cutscene.CutsceneService
18:16:31.828 [FXGL Background Thread 3 ] DEBUG Engine               - class com.almasb.fxgl.minigames.MiniGameService
18:16:31.828 [FXGL Background Thread 3 ] DEBUG Engine               - class com.almasb.fxgl.net.NetService
18:16:31.828 [FXGL Background Thread 3 ] DEBUG Engine               - class com.almasb.fxgl.app.services.UpdaterService
18:16:31.828 [FXGL Background Thread 3 ] DEBUG Engine               - class com.almasb.fxgl.dev.DevService
18:16:33.197 [JavaFX Application Thread] DEBUG FXGLAssetLoaderServi - Loading from file system: file:/C:/Users/narro/git/CS4900G2Proj2/Dawnseeker/target/classes/assets/sounds/magic_missile.wav
18:16:33.216 [JavaFX Application Thread] DEBUG FXGLAssetLoaderServi - Loading from file system: file:/C:/Users/narro/git/CS4900G2Proj2/Dawnseeker/target/classes/assets/textures/FireBallProjectile.png
18:16:33.577 [JavaFX Application Thread] WARN  GameWorld            - Attempted to remove entity which is not active
18:16:33.580 [JavaFX Application Thread] DEBUG FXGLAssetLoaderServi - Loading from file system: file:/C:/Users/narro/git/CS4900G2Proj2/Dawnseeker/target/classes/assets/sounds/bong.wav
18:16:34.517 [JavaFX Application Thread] DEBUG FXGLAssetLoaderServi - Loading from file system: file:/C:/Users/narro/git/CS4900G2Proj2/Dawnseeker/target/classes/assets/sounds/store_jingle.wav
18:16:34.536 [JavaFX Application Thread] DEBUG PrimaryStageWindow   - Push state: ShopTest
18:16:34.537 [JavaFX Application Thread] DEBUG Input                - Clearing active input actions
18:16:34.539 [JavaFX Application Thread] DEBUG GameApplicationServi - Removing overlay from GameScene and adding to ShopTest
18:16:34.542 [JavaFX Application Thread] DEBUG PrimaryStageWindow   - GameScene -> ShopTest
18:16:34.543 [JavaFX Application Thread] DEBUG Input                - Registered new binding: Close Shop - F
18:16:35.633 [JavaFX Application Thread] DEBUG FXGLAssetLoaderServi - Loading from file system: file:/C:/Users/narro/git/CS4900G2Proj2/Dawnseeker/target/classes/assets/sounds/boom.wav
18:16:37.854 [JavaFX Application Thread] DEBUG PrimaryStageWindow   - Pop state: ShopTest
18:16:37.855 [JavaFX Application Thread] DEBUG Input                - Clearing active input actions
18:16:37.855 [JavaFX Application Thread] DEBUG GameApplicationServi - Removing overlay from ShopTest and adding to GameScene
18:16:37.855 [JavaFX Application Thread] DEBUG PrimaryStageWindow   - GameScene <- ShopTest
18:16:39.368 [JavaFX Application Thread] DEBUG FXGLAssetLoaderServi - Loading from file system: file:/C:/Users/narro/git/CS4900G2Proj2/Dawnseeker/target/classes/assets/sounds/player_oof.wav
18:16:45.143 [JavaFX Application Thread] DEBUG FXGLAssetLoaderServi - Loading from file system: file:/C:/Users/narro/git/CS4900G2Proj2/Dawnseeker/target/classes/assets/sounds/yoda_death.wav
18:16:45.147 [JavaFX Application Thread] DEBUG AudioPlayer          - Stopping music com.almasb.fxgl.audio.Music@3fc4b5df
18:16:45.147 [JavaFX Application Thread] DEBUG AudioPlayer          - Stopping music com.almasb.fxgl.audio.Music@2b6d0476
18:16:45.147 [JavaFX Application Thread] DEBUG Input                - Clearing active input actions
18:16:45.160 [JavaFX Application Thread] DEBUG GameApplicationServi - Removing overlay from GameScene and adding to FXGLMainMenuDummyScene
18:16:45.160 [JavaFX Application Thread] DEBUG PrimaryStageWindow   - GameScene -> FXGLMainMenuDummyScene
18:16:45.160 [JavaFX Application Thread] DEBUG PrimaryStageWindow   - Push state: DawnseekerMenu
18:16:45.161 [JavaFX Application Thread] DEBUG Input                - Clearing active input actions
18:16:45.161 [JavaFX Application Thread] DEBUG GameApplicationServi - Removing overlay from FXGLMainMenuDummyScene and adding to DawnseekerMenu
18:16:45.161 [JavaFX Application Thread] DEBUG PrimaryStageWindow   - FXGLMainMenuDummyScene -> DawnseekerMenu
18:16:45.161 [JavaFX Application Thread] DEBUG AudioPlayer          - Playing music com.almasb.fxgl.audio.Music@3fc4b5df
18:16:47.140 [JavaFX Application Thread] DEBUG Menu                 - fireNewGame()
18:16:47.141 [JavaFX Application Thread] DEBUG GameApplicationServi - Starting new game
18:16:47.141 [JavaFX Application Thread] DEBUG PrimaryStageWindow   - Pop state: DawnseekerMenu
18:16:47.141 [JavaFX Application Thread] DEBUG Input                - Clearing active input actions
18:16:47.141 [JavaFX Application Thread] DEBUG GameApplicationServi - Removing overlay from DawnseekerMenu and adding to FXGLMainMenuDummyScene
18:16:47.141 [JavaFX Application Thread] DEBUG PrimaryStageWindow   - FXGLMainMenuDummyScene <- DawnseekerMenu
18:16:47.141 [JavaFX Application Thread] DEBUG Input                - Clearing active input actions
18:16:47.147 [JavaFX Application Thread] DEBUG GameApplicationServi - Removing overlay from FXGLMainMenuDummyScene and adding to FXGLLoadingScene
18:16:47.147 [JavaFX Application Thread] DEBUG PrimaryStageWindow   - FXGLMainMenuDummyScene -> FXGLLoadingScene
18:16:47.147 [JavaFX Application Thread] DEBUG GameApplicationServi - Clearing previous game
18:16:47.147 [JavaFX Application Thread] DEBUG GameScene            - Clearing game scene
18:16:47.147 [JavaFX Application Thread] DEBUG GameWorld            - Clearing game world
18:16:47.149 [JavaFX Application Thread] DEBUG PhysicsWorld         - Clearing physics world
18:16:47.149 [JavaFX Application Thread] DEBUG AudioPlayer          - Stopping music com.almasb.fxgl.audio.Music@3fc4b5df
18:16:47.149 [FXGL Background Thread 2 ] DEBUG FXGLApplication      - Initializing game
18:16:47.150 [JavaFX Application Thread] DEBUG AudioPlayer          - Stopping music com.almasb.fxgl.audio.Music@2b6d0476
18:16:47.150 [FXGL Background Thread 2 ] DEBUG AudioPlayer          - Playing music com.almasb.fxgl.audio.Music@2b6d0476
18:16:47.153 [FXGL Background Thread 2 ] WARN  GameWorld            - Entity is already attached to world
18:16:47.154 [FXGL Background Thread 2 ] WARN  Entity               - Entity already has component: com.almasb.fxgl.entity.components.CollidableComponent
18:16:47.154 [FXGL Background Thread 2 ] WARN  GameWorld            - Entity is already attached to world
18:16:47.155 [FXGL Background Thread 2 ] WARN  Entity               - Entity already has component: com.almasb.fxgl.entity.components.CollidableComponent
18:16:47.155 [FXGL Background Thread 2 ] WARN  GameWorld            - Entity is already attached to world
18:16:47.156 [FXGL Background Thread 2 ] WARN  Entity               - Entity already has component: com.almasb.fxgl.entity.components.CollidableComponent
18:16:47.157 [FXGL Background Thread 2 ] WARN  GameWorld            - Entity is already attached to world
18:16:47.158 [FXGL Background Thread 2 ] WARN  Entity               - Entity already has component: com.almasb.fxgl.entity.components.CollidableComponent
18:16:47.159 [FXGL Background Thread 2 ] WARN  GameWorld            - Entity is already attached to world
18:16:47.160 [FXGL Background Thread 2 ] WARN  GameWorld            - Entity is already attached to world
18:16:47.161 [FXGL Background Thread 2 ] WARN  GameWorld            - Entity is already attached to world
18:16:47.164 [FXGL Background Thread 2 ] INFO  FXGLApplication      - Game initialization took: 0.014 sec
18:16:47.165 [JavaFX Application Thread] DEBUG Input                - Clearing active input actions
18:16:47.171 [JavaFX Application Thread] DEBUG GameApplicationServi - Removing overlay from FXGLLoadingScene and adding to GameScene
18:16:47.171 [JavaFX Application Thread] DEBUG PrimaryStageWindow   - FXGLLoadingScene -> GameScene
18:16:53.155 [JavaFX Application Thread] DEBUG PrimaryStageWindow   - Push state: ShopTest
18:16:53.155 [JavaFX Application Thread] DEBUG Input                - Clearing active input actions
18:16:53.156 [JavaFX Application Thread] DEBUG GameApplicationServi - Removing overlay from GameScene and adding to ShopTest
18:16:53.156 [JavaFX Application Thread] DEBUG PrimaryStageWindow   - GameScene -> ShopTest
18:16:53.156 [JavaFX Application Thread] DEBUG Input                - Registered new binding: Close Shop - F
18:16:55.573 [JavaFX Application Thread] DEBUG PrimaryStageWindow   - Pop state: ShopTest
18:16:55.573 [JavaFX Application Thread] DEBUG Input                - Clearing active input actions
18:16:55.574 [JavaFX Application Thread] DEBUG GameApplicationServi - Removing overlay from ShopTest and adding to GameScene
18:16:55.575 [JavaFX Application Thread] DEBUG PrimaryStageWindow   - GameScene <- ShopTest
18:17:02.451 [JavaFX Application Thread] WARN  GameWorld            - Attempted to remove entity which is not active
18:17:02.594 [JavaFX Application Thread] WARN  GameWorld            - Attempted to remove entity which is not active
18:17:02.741 [JavaFX Application Thread] WARN  GameWorld            - Attempted to remove entity which is not active
18:17:03.268 [JavaFX Application Thread] WARN  GameWorld            - Attempted to remove entity which is not active
18:17:03.767 [JavaFX Application Thread] DEBUG PrimaryStageWindow   - Push state: ShopTest
18:17:03.767 [JavaFX Application Thread] DEBUG Input                - Clearing active input actions
18:17:03.768 [JavaFX Application Thread] DEBUG GameApplicationServi - Removing overlay from GameScene and adding to ShopTest
18:17:03.769 [JavaFX Application Thread] DEBUG PrimaryStageWindow   - GameScene -> ShopTest
18:17:03.769 [JavaFX Application Thread] DEBUG Input                - Registered new binding: Close Shop - F
18:17:09.745 [JavaFX Application Thread] DEBUG PrimaryStageWindow   - Pop state: ShopTest
18:17:09.745 [JavaFX Application Thread] DEBUG Input                - Clearing active input actions
18:17:09.745 [JavaFX Application Thread] DEBUG GameApplicationServi - Removing overlay from ShopTest and adding to GameScene
18:17:09.745 [JavaFX Application Thread] DEBUG PrimaryStageWindow   - GameScene <- ShopTest
18:17:10.150 [JavaFX Application Thread] WARN  GameWorld            - Attempted to remove entity which is not active
18:17:10.756 [JavaFX Application Thread] DEBUG FXGLAssetLoaderServi - Loading from file system: file:/C:/Users/narro/git/CS4900G2Proj2/Dawnseeker/target/classes/assets/sounds/coin_pickup.wav
18:17:11.475 [JavaFX Application Thread] WARN  GameWorld            - Attempted to remove entity which is not active
18:17:11.476 [JavaFX Application Thread] WARN  GameWorld            - Attempted to remove entity which is not active
18:17:11.587 [JavaFX Application Thread] WARN  GameWorld            - Attempted to remove entity which is not active
18:17:11.637 [JavaFX Application Thread] WARN  GameWorld            - Attempted to remove entity which is not active
18:17:11.858 [JavaFX Application Thread] WARN  GameWorld            - Attempted to remove entity which is not active
18:17:11.878 [JavaFX Application Thread] WARN  GameWorld            - Attempted to remove entity which is not active
18:17:12.069 [JavaFX Application Thread] WARN  GameWorld            - Attempted to remove entity which is not active
18:17:12.072 [JavaFX Application Thread] WARN  GameWorld            - Attempted to remove entity which is not active
18:17:12.258 [JavaFX Application Thread] WARN  GameWorld            - Attempted to remove entity which is not active
18:17:12.263 [JavaFX Application Thread] WARN  GameWorld            - Attempted to remove entity which is not active
18:17:12.707 [JavaFX Application Thread] WARN  GameWorld            - Attempted to remove entity which is not active
18:17:13.189 [JavaFX Application Thread] WARN  GameWorld            - Attempted to remove entity which is not active
18:17:13.411 [JavaFX Application Thread] WARN  GameWorld            - Attempted to remove entity which is not active
18:17:13.429 [JavaFX Application Thread] WARN  GameWorld            - Attempted to remove entity which is not active
18:17:13.571 [JavaFX Application Thread] WARN  GameWorld            - Attempted to remove entity which is not active
18:17:13.699 [JavaFX Application Thread] WARN  GameWorld            - Attempted to remove entity which is not active
18:17:13.763 [JavaFX Application Thread] WARN  GameWorld            - Attempted to remove entity which is not active
18:17:14.723 [JavaFX Application Thread] WARN  GameWorld            - Attempted to remove entity which is not active
18:17:15.250 [JavaFX Application Thread] WARN  GameWorld            - Attempted to remove entity which is not active
18:17:15.362 [JavaFX Application Thread] WARN  GameWorld            - Attempted to remove entity which is not active
18:17:16.210 [JavaFX Application Thread] WARN  GameWorld            - Attempted to remove entity which is not active
18:17:16.707 [JavaFX Application Thread] WARN  GameWorld            - Attempted to remove entity which is not active
18:17:16.741 [JavaFX Application Thread] WARN  GameWorld            - Attempted to remove entity which is not active
18:17:17.139 [JavaFX Application Thread] WARN  GameWorld            - Attempted to remove entity which is not active
18:17:18.243 [JavaFX Application Thread] WARN  GameWorld            - Attempted to remove entity which is not active
18:17:19.250 [JavaFX Application Thread] WARN  GameWorld            - Attempted to remove entity which is not active
18:17:22.867 [JavaFX Application Thread] WARN  GameWorld            - Attempted to remove entity which is not active
18:17:22.868 [JavaFX Application Thread] WARN  GameWorld            - Attempted to remove entity which is not active
18:17:23.124 [JavaFX Application Thread] WARN  GameWorld            - Attempted to remove entity which is not active
18:17:24.201 [JavaFX Application Thread] DEBUG AudioPlayer          - Stopping music com.almasb.fxgl.audio.Music@3fc4b5df
18:17:24.201 [JavaFX Application Thread] DEBUG AudioPlayer          - Stopping music com.almasb.fxgl.audio.Music@2b6d0476
18:17:24.203 [JavaFX Application Thread] DEBUG Input                - Clearing active input actions
18:17:24.215 [JavaFX Application Thread] DEBUG GameApplicationServi - Removing overlay from GameScene and adding to FXGLMainMenuDummyScene
18:17:24.216 [JavaFX Application Thread] DEBUG PrimaryStageWindow   - GameScene -> FXGLMainMenuDummyScene
18:17:24.216 [JavaFX Application Thread] DEBUG PrimaryStageWindow   - Push state: DawnseekerMenu
18:17:24.216 [JavaFX Application Thread] DEBUG Input                - Clearing active input actions
18:17:24.216 [JavaFX Application Thread] DEBUG GameApplicationServi - Removing overlay from FXGLMainMenuDummyScene and adding to DawnseekerMenu
18:17:24.217 [JavaFX Application Thread] DEBUG PrimaryStageWindow   - FXGLMainMenuDummyScene -> DawnseekerMenu
18:17:24.217 [JavaFX Application Thread] DEBUG AudioPlayer          - Playing music com.almasb.fxgl.audio.Music@3fc4b5df
18:17:25.314 [JavaFX Application Thread] DEBUG Menu                 - fireNewGame()
18:17:25.314 [JavaFX Application Thread] DEBUG GameApplicationServi - Starting new game
18:17:25.314 [JavaFX Application Thread] DEBUG PrimaryStageWindow   - Pop state: DawnseekerMenu
18:17:25.314 [JavaFX Application Thread] DEBUG Input                - Clearing active input actions
18:17:25.315 [JavaFX Application Thread] DEBUG GameApplicationServi - Removing overlay from DawnseekerMenu and adding to FXGLMainMenuDummyScene
18:17:25.315 [JavaFX Application Thread] DEBUG PrimaryStageWindow   - FXGLMainMenuDummyScene <- DawnseekerMenu
18:17:25.315 [JavaFX Application Thread] DEBUG Input                - Clearing active input actions
18:17:25.319 [JavaFX Application Thread] DEBUG GameApplicationServi - Removing overlay from FXGLMainMenuDummyScene and adding to FXGLLoadingScene
18:17:25.319 [JavaFX Application Thread] DEBUG PrimaryStageWindow   - FXGLMainMenuDummyScene -> FXGLLoadingScene
18:17:25.319 [JavaFX Application Thread] DEBUG GameApplicationServi - Clearing previous game
18:17:25.319 [JavaFX Application Thread] DEBUG GameScene            - Clearing game scene
18:17:25.319 [JavaFX Application Thread] DEBUG GameWorld            - Clearing game world
18:17:25.319 [JavaFX Application Thread] DEBUG PhysicsWorld         - Clearing physics world
18:17:25.320 [JavaFX Application Thread] DEBUG AudioPlayer          - Stopping music com.almasb.fxgl.audio.Music@3fc4b5df
18:17:25.320 [FXGL Background Thread 2 ] DEBUG FXGLApplication      - Initializing game
18:17:25.321 [JavaFX Application Thread] DEBUG AudioPlayer          - Stopping music com.almasb.fxgl.audio.Music@2b6d0476
18:17:25.321 [FXGL Background Thread 2 ] DEBUG AudioPlayer          - Playing music com.almasb.fxgl.audio.Music@2b6d0476
18:17:25.324 [FXGL Background Thread 2 ] WARN  GameWorld            - Entity is already attached to world
18:17:25.324 [FXGL Background Thread 2 ] WARN  Entity               - Entity already has component: com.almasb.fxgl.entity.components.CollidableComponent
18:17:25.325 [FXGL Background Thread 2 ] WARN  GameWorld            - Entity is already attached to world
18:17:25.325 [FXGL Background Thread 2 ] WARN  Entity               - Entity already has component: com.almasb.fxgl.entity.components.CollidableComponent
18:17:25.325 [FXGL Background Thread 2 ] WARN  GameWorld            - Entity is already attached to world
18:17:25.325 [FXGL Background Thread 2 ] WARN  Entity               - Entity already has component: com.almasb.fxgl.entity.components.CollidableComponent
18:17:25.325 [FXGL Background Thread 2 ] WARN  GameWorld            - Entity is already attached to world
18:17:25.326 [FXGL Background Thread 2 ] WARN  Entity               - Entity already has component: com.almasb.fxgl.entity.components.CollidableComponent
18:17:25.326 [FXGL Background Thread 2 ] WARN  GameWorld            - Entity is already attached to world
18:17:25.326 [FXGL Background Thread 2 ] WARN  GameWorld            - Entity is already attached to world
18:17:25.327 [FXGL Background Thread 2 ] WARN  GameWorld            - Entity is already attached to world
18:17:25.328 [FXGL Background Thread 2 ] INFO  FXGLApplication      - Game initialization took: 0.008 sec
18:17:25.329 [JavaFX Application Thread] DEBUG Input                - Clearing active input actions
18:17:25.334 [JavaFX Application Thread] DEBUG GameApplicationServi - Removing overlay from FXGLLoadingScene and adding to GameScene
18:17:25.334 [JavaFX Application Thread] DEBUG PrimaryStageWindow   - FXGLLoadingScene -> GameScene
18:17:27.378 [JavaFX Application Thread] WARN  GameWorld            - Attempted to remove entity which is not active
18:17:28.115 [JavaFX Application Thread] WARN  GameWorld            - Attempted to remove entity which is not active
18:17:29.602 [JavaFX Application Thread] WARN  GameWorld            - Attempted to remove entity which is not active
18:17:30.803 [JavaFX Application Thread] WARN  GameWorld            - Attempted to remove entity which is not active
18:17:31.029 [JavaFX Application Thread] WARN  GameWorld            - Attempted to remove entity which is not active
18:17:32.227 [JavaFX Application Thread] WARN  GameWorld            - Attempted to remove entity which is not active
18:17:33.202 [JavaFX Application Thread] WARN  GameWorld            - Attempted to remove entity which is not active
18:17:33.621 [JavaFX Application Thread] WARN  GameWorld            - Attempted to remove entity which is not active
18:17:34.150 [JavaFX Application Thread] WARN  GameWorld            - Attempted to remove entity which is not active
18:17:34.371 [JavaFX Application Thread] WARN  GameWorld            - Attempted to remove entity which is not active
18:17:34.436 [JavaFX Application Thread] WARN  GameWorld            - Attempted to remove entity which is not active
18:17:34.615 [JavaFX Application Thread] WARN  GameWorld            - Attempted to remove entity which is not active
18:17:34.707 [JavaFX Application Thread] WARN  GameWorld            - Attempted to remove entity which is not active
18:17:35.091 [JavaFX Application Thread] WARN  GameWorld            - Attempted to remove entity which is not active
18:17:35.333 [JavaFX Application Thread] WARN  GameWorld            - Attempted to remove entity which is not active
18:17:35.554 [JavaFX Application Thread] WARN  GameWorld            - Attempted to remove entity which is not active
18:17:35.954 [JavaFX Application Thread] WARN  GameWorld            - Attempted to remove entity which is not active
18:17:37.920 [JavaFX Application Thread] DEBUG AudioPlayer          - Stopping music com.almasb.fxgl.audio.Music@3fc4b5df
18:17:37.920 [JavaFX Application Thread] DEBUG AudioPlayer          - Stopping music com.almasb.fxgl.audio.Music@2b6d0476
18:17:37.921 [JavaFX Application Thread] DEBUG Input                - Clearing active input actions
18:17:37.932 [JavaFX Application Thread] DEBUG GameApplicationServi - Removing overlay from GameScene and adding to FXGLMainMenuDummyScene
18:17:37.933 [JavaFX Application Thread] DEBUG PrimaryStageWindow   - GameScene -> FXGLMainMenuDummyScene
18:17:37.933 [JavaFX Application Thread] DEBUG PrimaryStageWindow   - Push state: DawnseekerMenu
18:17:37.933 [JavaFX Application Thread] DEBUG Input                - Clearing active input actions
18:17:37.933 [JavaFX Application Thread] DEBUG GameApplicationServi - Removing overlay from FXGLMainMenuDummyScene and adding to DawnseekerMenu
18:17:37.933 [JavaFX Application Thread] DEBUG PrimaryStageWindow   - FXGLMainMenuDummyScene -> DawnseekerMenu
18:17:37.934 [JavaFX Application Thread] DEBUG AudioPlayer          - Playing music com.almasb.fxgl.audio.Music@3fc4b5df
18:17:38.886 [JavaFX Application Thread] DEBUG Menu                 - fireNewGame()
18:17:38.886 [JavaFX Application Thread] DEBUG GameApplicationServi - Starting new game
18:17:38.886 [JavaFX Application Thread] DEBUG PrimaryStageWindow   - Pop state: DawnseekerMenu
18:17:38.886 [JavaFX Application Thread] DEBUG Input                - Clearing active input actions
18:17:38.887 [JavaFX Application Thread] DEBUG GameApplicationServi - Removing overlay from DawnseekerMenu and adding to FXGLMainMenuDummyScene
18:17:38.887 [JavaFX Application Thread] DEBUG PrimaryStageWindow   - FXGLMainMenuDummyScene <- DawnseekerMenu
18:17:38.887 [JavaFX Application Thread] DEBUG Input                - Clearing active input actions
18:17:38.890 [JavaFX Application Thread] DEBUG GameApplicationServi - Removing overlay from FXGLMainMenuDummyScene and adding to FXGLLoadingScene
18:17:38.890 [JavaFX Application Thread] DEBUG PrimaryStageWindow   - FXGLMainMenuDummyScene -> FXGLLoadingScene
18:17:38.890 [JavaFX Application Thread] DEBUG GameApplicationServi - Clearing previous game
18:17:38.890 [JavaFX Application Thread] DEBUG GameScene            - Clearing game scene
18:17:38.890 [JavaFX Application Thread] DEBUG GameWorld            - Clearing game world
18:17:38.891 [JavaFX Application Thread] DEBUG PhysicsWorld         - Clearing physics world
18:17:38.891 [JavaFX Application Thread] DEBUG AudioPlayer          - Stopping music com.almasb.fxgl.audio.Music@3fc4b5df
18:17:38.891 [FXGL Background Thread 2 ] DEBUG FXGLApplication      - Initializing game
18:17:38.892 [JavaFX Application Thread] DEBUG AudioPlayer          - Stopping music com.almasb.fxgl.audio.Music@2b6d0476
18:17:38.893 [FXGL Background Thread 2 ] DEBUG AudioPlayer          - Playing music com.almasb.fxgl.audio.Music@2b6d0476
18:17:38.895 [FXGL Background Thread 2 ] WARN  GameWorld            - Entity is already attached to world
18:17:38.896 [FXGL Background Thread 2 ] WARN  Entity               - Entity already has component: com.almasb.fxgl.entity.components.CollidableComponent
18:17:38.896 [FXGL Background Thread 2 ] WARN  GameWorld            - Entity is already attached to world
18:17:38.896 [FXGL Background Thread 2 ] WARN  Entity               - Entity already has component: com.almasb.fxgl.entity.components.CollidableComponent
18:17:38.896 [FXGL Background Thread 2 ] WARN  GameWorld            - Entity is already attached to world
18:17:38.897 [FXGL Background Thread 2 ] WARN  Entity               - Entity already has component: com.almasb.fxgl.entity.components.CollidableComponent
18:17:38.897 [FXGL Background Thread 2 ] WARN  GameWorld            - Entity is already attached to world
18:17:38.897 [FXGL Background Thread 2 ] WARN  Entity               - Entity already has component: com.almasb.fxgl.entity.components.CollidableComponent
18:17:38.897 [FXGL Background Thread 2 ] WARN  GameWorld            - Entity is already attached to world
18:17:38.897 [FXGL Background Thread 2 ] WARN  GameWorld            - Entity is already attached to world
18:17:38.898 [FXGL Background Thread 2 ] WARN  GameWorld            - Entity is already attached to world
18:17:38.900 [FXGL Background Thread 2 ] INFO  FXGLApplication      - Game initialization took: 0.008 sec
18:17:38.901 [JavaFX Application Thread] DEBUG Input                - Clearing active input actions
18:17:38.904 [JavaFX Application Thread] DEBUG GameApplicationServi - Removing overlay from FXGLLoadingScene and adding to GameScene
18:17:38.904 [JavaFX Application Thread] DEBUG PrimaryStageWindow   - FXGLLoadingScene -> GameScene
18:17:40.243 [JavaFX Application Thread] WARN  GameWorld            - Attempted to remove entity which is not active
18:17:43.748 [JavaFX Application Thread] WARN  GameWorld            - Attempted to remove entity which is not active
18:17:43.843 [JavaFX Application Thread] WARN  GameWorld            - Attempted to remove entity which is not active
18:17:44.680 [JavaFX Application Thread] WARN  GameWorld            - Attempted to remove entity which is not active
18:17:45.043 [JavaFX Application Thread] WARN  GameWorld            - Attempted to remove entity which is not active
18:17:45.059 [JavaFX Application Thread] WARN  GameWorld            - Attempted to remove entity which is not active
18:17:48.673 [JavaFX Application Thread] WARN  GameWorld            - Attempted to remove entity which is not active
18:17:48.691 [JavaFX Application Thread] WARN  GameWorld            - Attempted to remove entity which is not active
18:17:49.300 [JavaFX Application Thread] WARN  GameWorld            - Attempted to remove entity which is not active
18:17:49.715 [JavaFX Application Thread] WARN  GameWorld            - Attempted to remove entity which is not active
18:17:49.827 [JavaFX Application Thread] WARN  GameWorld            - Attempted to remove entity which is not active
18:17:49.907 [JavaFX Application Thread] WARN  GameWorld            - Attempted to remove entity which is not active
18:17:50.644 [JavaFX Application Thread] DEBUG PrimaryStageWindow   - Push state: ShopTest
18:17:50.644 [JavaFX Application Thread] DEBUG Input                - Clearing active input actions
18:17:50.645 [JavaFX Application Thread] DEBUG GameApplicationServi - Removing overlay from GameScene and adding to ShopTest
18:17:50.646 [JavaFX Application Thread] DEBUG PrimaryStageWindow   - GameScene -> ShopTest
18:17:50.646 [JavaFX Application Thread] DEBUG Input                - Registered new binding: Close Shop - F
18:17:56.666 [JavaFX Application Thread] DEBUG PrimaryStageWindow   - Pop state: ShopTest
18:17:56.666 [JavaFX Application Thread] DEBUG Input                - Clearing active input actions
18:17:56.667 [JavaFX Application Thread] DEBUG GameApplicationServi - Removing overlay from ShopTest and adding to GameScene
18:17:56.667 [JavaFX Application Thread] DEBUG PrimaryStageWindow   - GameScene <- ShopTest
18:17:57.143 [JavaFX Application Thread] WARN  GameWorld            - Attempted to remove entity which is not active
18:17:57.524 [JavaFX Application Thread] WARN  GameWorld            - Attempted to remove entity which is not active
18:17:57.578 [JavaFX Application Thread] WARN  GameWorld            - Attempted to remove entity which is not active
18:17:57.778 [JavaFX Application Thread] WARN  GameWorld            - Attempted to remove entity which is not active
18:17:58.850 [JavaFX Application Thread] WARN  GameWorld            - Attempted to remove entity which is not active
18:17:58.930 [JavaFX Application Thread] WARN  GameWorld            - Attempted to remove entity which is not active
18:17:59.157 [JavaFX Application Thread] WARN  GameWorld            - Attempted to remove entity which is not active
18:17:59.588 [JavaFX Application Thread] WARN  GameWorld            - Attempted to remove entity which is not active
18:17:59.795 [JavaFX Application Thread] WARN  GameWorld            - Attempted to remove entity which is not active
18:18:00.904 [JavaFX Application Thread] DEBUG PrimaryStageWindow   - Push state: ShopTest
18:18:00.905 [JavaFX Application Thread] DEBUG Input                - Clearing active input actions
18:18:00.907 [JavaFX Application Thread] DEBUG GameApplicationServi - Removing overlay from GameScene and adding to ShopTest
18:18:00.907 [JavaFX Application Thread] DEBUG PrimaryStageWindow   - GameScene -> ShopTest
18:18:00.908 [JavaFX Application Thread] DEBUG Input                - Registered new binding: Close Shop - F
18:18:02.704 [JavaFX Application Thread] DEBUG PrimaryStageWindow   - Pop state: ShopTest
18:18:02.704 [JavaFX Application Thread] DEBUG Input                - Clearing active input actions
18:18:02.705 [JavaFX Application Thread] DEBUG GameApplicationServi - Removing overlay from ShopTest and adding to GameScene
18:18:02.705 [JavaFX Application Thread] DEBUG PrimaryStageWindow   - GameScene <- ShopTest
18:18:03.572 [JavaFX Application Thread] DEBUG PrimaryStageWindow   - Push state: ShopTest
18:18:03.573 [JavaFX Application Thread] DEBUG Input                - Clearing active input actions
18:18:03.574 [JavaFX Application Thread] DEBUG GameApplicationServi - Removing overlay from GameScene and adding to ShopTest
18:18:03.574 [JavaFX Application Thread] DEBUG PrimaryStageWindow   - GameScene -> ShopTest
18:18:03.574 [JavaFX Application Thread] DEBUG Input                - Registered new binding: Close Shop - F
18:18:06.150 [JavaFX Application Thread] DEBUG PrimaryStageWindow   - Pop state: ShopTest
18:18:06.150 [JavaFX Application Thread] DEBUG Input                - Clearing active input actions
18:18:06.151 [JavaFX Application Thread] DEBUG GameApplicationServi - Removing overlay from ShopTest and adding to GameScene
18:18:06.152 [JavaFX Application Thread] DEBUG PrimaryStageWindow   - GameScene <- ShopTest
18:18:06.723 [JavaFX Application Thread] WARN  GameWorld            - Attempted to remove entity which is not active
18:18:07.316 [JavaFX Application Thread] WARN  GameWorld            - Attempted to remove entity which is not active
18:18:11.538 [JavaFX Application Thread] WARN  GameWorld            - Attempted to remove entity which is not active
18:18:11.587 [JavaFX Application Thread] WARN  GameWorld            - Attempted to remove entity which is not active
18:18:11.603 [JavaFX Application Thread] WARN  GameWorld            - Attempted to remove entity which is not active
18:18:11.796 [JavaFX Application Thread] WARN  GameWorld            - Attempted to remove entity which is not active
18:18:11.848 [JavaFX Application Thread] WARN  GameWorld            - Attempted to remove entity which is not active
18:18:12.068 [JavaFX Application Thread] WARN  GameWorld            - Attempted to remove entity which is not active
18:18:12.180 [JavaFX Application Thread] WARN  GameWorld            - Attempted to remove entity which is not active
18:18:12.355 [JavaFX Application Thread] WARN  GameWorld            - Attempted to remove entity which is not active
18:18:12.466 [JavaFX Application Thread] WARN  GameWorld            - Attempted to remove entity which is not active
18:18:13.139 [JavaFX Application Thread] WARN  GameWorld            - Attempted to remove entity which is not active
18:18:13.156 [JavaFX Application Thread] WARN  GameWorld            - Attempted to remove entity which is not active
18:18:13.429 [JavaFX Application Thread] WARN  GameWorld            - Attempted to remove entity which is not active
18:18:13.447 [JavaFX Application Thread] WARN  GameWorld            - Attempted to remove entity which is not active
18:18:15.411 [JavaFX Application Thread] WARN  GameWorld            - Attempted to remove entity which is not active
18:18:15.428 [JavaFX Application Thread] WARN  GameWorld            - Attempted to remove entity which is not active
18:18:15.602 [JavaFX Application Thread] WARN  GameWorld            - Attempted to remove entity which is not active
18:18:15.634 [JavaFX Application Thread] WARN  GameWorld            - Attempted to remove entity which is not active
18:18:15.954 [JavaFX Application Thread] WARN  GameWorld            - Attempted to remove entity which is not active
18:18:16.115 [JavaFX Application Thread] WARN  GameWorld            - Attempted to remove entity which is not active
18:18:16.212 [JavaFX Application Thread] WARN  GameWorld            - Attempted to remove entity which is not active
18:18:16.244 [JavaFX Application Thread] WARN  GameWorld            - Attempted to remove entity which is not active
18:18:16.818 [JavaFX Application Thread] WARN  GameWorld            - Attempted to remove entity which is not active
18:18:16.818 [JavaFX Application Thread] WARN  GameWorld            - Attempted to remove entity which is not active
18:18:17.139 [JavaFX Application Thread] WARN  GameWorld            - Attempted to remove entity which is not active
18:18:17.765 [JavaFX Application Thread] WARN  GameWorld            - Attempted to remove entity which is not active
18:18:17.765 [JavaFX Application Thread] WARN  GameWorld            - Attempted to remove entity which is not active
18:18:17.955 [JavaFX Application Thread] WARN  GameWorld            - Attempted to remove entity which is not active
18:18:17.955 [JavaFX Application Thread] WARN  GameWorld            - Attempted to remove entity which is not active
18:18:18.419 [JavaFX Application Thread] WARN  GameWorld            - Attempted to remove entity which is not active
18:18:18.419 [JavaFX Application Thread] WARN  GameWorld            - Attempted to remove entity which is not active
18:18:18.786 [JavaFX Application Thread] WARN  GameWorld            - Attempted to remove entity which is not active
18:18:18.786 [JavaFX Application Thread] WARN  GameWorld            - Attempted to remove entity which is not active
18:18:18.787 [JavaFX Application Thread] WARN  GameWorld            - Attempted to remove entity which is not active
18:18:18.787 [JavaFX Application Thread] WARN  GameWorld            - Attempted to remove entity which is not active
18:18:18.818 [JavaFX Application Thread] WARN  GameWorld            - Attempted to remove entity which is not active
18:18:18.981 [JavaFX Application Thread] WARN  GameWorld            - Attempted to remove entity which is not active
18:18:19.571 [JavaFX Application Thread] WARN  GameWorld            - Attempted to remove entity which is not active
18:18:21.475 [JavaFX Application Thread] WARN  GameWorld            - Attempted to remove entity which is not active
18:18:21.491 [JavaFX Application Thread] WARN  GameWorld            - Attempted to remove entity which is not active
18:18:23.013 [JavaFX Application Thread] WARN  GameWorld            - Attempted to remove entity which is not active
18:18:23.013 [JavaFX Application Thread] WARN  GameWorld            - Attempted to remove entity which is not active
18:18:23.013 [JavaFX Application Thread] WARN  GameWorld            - Attempted to remove entity which is not active
18:18:24.627 [JavaFX Application Thread] WARN  GameWorld            - Attempted to remove entity which is not active
18:18:24.642 [JavaFX Application Thread] WARN  GameWorld            - Attempted to remove entity which is not active
18:18:24.674 [JavaFX Application Thread] WARN  GameWorld            - Attempted to remove entity which is not active
18:18:24.674 [JavaFX Application Thread] WARN  GameWorld            - Attempted to remove entity which is not active
18:18:24.756 [JavaFX Application Thread] WARN  GameWorld            - Attempted to remove entity which is not active
18:18:24.996 [JavaFX Application Thread] WARN  GameWorld            - Attempted to remove entity which is not active
18:18:25.010 [JavaFX Application Thread] WARN  GameWorld            - Attempted to remove entity which is not active
18:18:25.011 [JavaFX Application Thread] WARN  GameWorld            - Attempted to remove entity which is not active
18:18:25.013 [JavaFX Application Thread] WARN  GameWorld            - Attempted to remove entity which is not active
18:18:25.059 [JavaFX Application Thread] WARN  GameWorld            - Attempted to remove entity which is not active
18:18:25.059 [JavaFX Application Thread] WARN  GameWorld            - Attempted to remove entity which is not active
18:18:25.218 [JavaFX Application Thread] WARN  GameWorld            - Attempted to remove entity which is not active
18:18:25.218 [JavaFX Application Thread] WARN  GameWorld            - Attempted to remove entity which is not active
18:18:25.251 [JavaFX Application Thread] WARN  GameWorld            - Attempted to remove entity which is not active
18:18:25.364 [JavaFX Application Thread] WARN  GameWorld            - Attempted to remove entity which is not active
18:18:25.427 [JavaFX Application Thread] WARN  GameWorld            - Attempted to remove entity which is not active
18:18:25.427 [JavaFX Application Thread] WARN  GameWorld            - Attempted to remove entity which is not active
18:18:25.427 [JavaFX Application Thread] WARN  GameWorld            - Attempted to remove entity which is not active
18:18:25.491 [JavaFX Application Thread] WARN  GameWorld            - Attempted to remove entity which is not active
18:18:26.018 [JavaFX Application Thread] WARN  GameWorld            - Attempted to remove entity which is not active
18:18:26.018 [JavaFX Application Thread] WARN  GameWorld            - Attempted to remove entity which is not active
18:18:26.196 [JavaFX Application Thread] WARN  GameWorld            - Attempted to remove entity which is not active
18:18:26.210 [JavaFX Application Thread] WARN  GameWorld            - Attempted to remove entity which is not active
18:18:26.306 [JavaFX Application Thread] WARN  GameWorld            - Attempted to remove entity which is not active
18:18:26.355 [JavaFX Application Thread] WARN  GameWorld            - Attempted to remove entity which is not active
18:18:26.467 [JavaFX Application Thread] WARN  GameWorld            - Attempted to remove entity which is not active
18:18:26.468 [JavaFX Application Thread] WARN  GameWorld            - Attempted to remove entity which is not active
18:18:27.188 [JavaFX Application Thread] WARN  GameWorld            - Attempted to remove entity which is not active
18:18:27.188 [JavaFX Application Thread] WARN  GameWorld            - Attempted to remove entity which is not active
18:18:27.207 [JavaFX Application Thread] WARN  GameWorld            - Attempted to remove entity which is not active
18:18:27.651 [JavaFX Application Thread] WARN  GameWorld            - Attempted to remove entity which is not active
18:18:27.652 [JavaFX Application Thread] WARN  GameWorld            - Attempted to remove entity which is not active
18:18:27.652 [JavaFX Application Thread] WARN  GameWorld            - Attempted to remove entity which is not active
18:18:28.386 [JavaFX Application Thread] WARN  GameWorld            - Attempted to remove entity which is not active
18:18:28.471 [JavaFX Application Thread] WARN  GameWorld            - Attempted to remove entity which is not active
18:18:28.471 [JavaFX Application Thread] WARN  GameWorld            - Attempted to remove entity which is not active
18:18:28.595 [JavaFX Application Thread] WARN  GameWorld            - Attempted to remove entity which is not active
18:18:28.722 [JavaFX Application Thread] WARN  GameWorld            - Attempted to remove entity which is not active
18:18:28.722 [JavaFX Application Thread] WARN  GameWorld            - Attempted to remove entity which is not active
18:18:28.819 [JavaFX Application Thread] WARN  GameWorld            - Attempted to remove entity which is not active
18:18:28.885 [JavaFX Application Thread] WARN  GameWorld            - Attempted to remove entity which is not active
18:18:28.916 [JavaFX Application Thread] WARN  GameWorld            - Attempted to remove entity which is not active
18:18:28.948 [JavaFX Application Thread] WARN  GameWorld            - Attempted to remove entity which is not active
18:18:29.042 [JavaFX Application Thread] WARN  GameWorld            - Attempted to remove entity which is not active
18:18:29.059 [JavaFX Application Thread] WARN  GameWorld            - Attempted to remove entity which is not active
18:18:29.074 [JavaFX Application Thread] WARN  GameWorld            - Attempted to remove entity which is not active
18:18:29.394 [JavaFX Application Thread] WARN  GameWorld            - Attempted to remove entity which is not active
18:18:29.395 [JavaFX Application Thread] WARN  GameWorld            - Attempted to remove entity which is not active
18:18:29.410 [JavaFX Application Thread] WARN  GameWorld            - Attempted to remove entity which is not active
18:18:30.530 [JavaFX Application Thread] WARN  GameWorld            - Attempted to remove entity which is not active
18:18:30.530 [JavaFX Application Thread] WARN  GameWorld            - Attempted to remove entity which is not active
18:18:30.531 [JavaFX Application Thread] WARN  GameWorld            - Attempted to remove entity which is not active
18:18:31.090 [JavaFX Application Thread] WARN  GameWorld            - Attempted to remove entity which is not active
18:18:31.252 [JavaFX Application Thread] WARN  GameWorld            - Attempted to remove entity which is not active
18:18:31.446 [JavaFX Application Thread] WARN  GameWorld            - Attempted to remove entity which is not active
18:18:31.447 [JavaFX Application Thread] WARN  GameWorld            - Attempted to remove entity which is not active
18:18:31.447 [JavaFX Application Thread] WARN  GameWorld            - Attempted to remove entity which is not active
18:18:32.727 [JavaFX Application Thread] DEBUG AudioPlayer          - Stopping music com.almasb.fxgl.audio.Music@3fc4b5df
18:18:32.728 [JavaFX Application Thread] DEBUG AudioPlayer          - Stopping music com.almasb.fxgl.audio.Music@2b6d0476
18:18:32.766 [JavaFX Application Thread] DEBUG Input                - Clearing active input actions
18:18:32.776 [JavaFX Application Thread] DEBUG GameApplicationServi - Removing overlay from GameScene and adding to FXGLMainMenuDummyScene
18:18:32.777 [JavaFX Application Thread] DEBUG PrimaryStageWindow   - GameScene -> FXGLMainMenuDummyScene
18:18:32.777 [JavaFX Application Thread] DEBUG PrimaryStageWindow   - Push state: DawnseekerMenu
18:18:32.777 [JavaFX Application Thread] DEBUG Input                - Clearing active input actions
18:18:32.777 [JavaFX Application Thread] DEBUG GameApplicationServi - Removing overlay from FXGLMainMenuDummyScene and adding to DawnseekerMenu
18:18:32.778 [JavaFX Application Thread] DEBUG PrimaryStageWindow   - FXGLMainMenuDummyScene -> DawnseekerMenu
18:18:32.778 [JavaFX Application Thread] DEBUG AudioPlayer          - Playing music com.almasb.fxgl.audio.Music@3fc4b5df
18:18:34.798 [JavaFX Application Thread] DEBUG FXGLApplication      - Exiting FXGL
18:18:34.798 [JavaFX Application Thread] DEBUG LoopRunner           - Stopping loop
18:18:34.798 [JavaFX Application Thread] DEBUG SystemBundleService  - Saving FXGL system data
18:18:34.801 [JavaFX Application Thread] DEBUG FileSystemAccess     - Writing to: C:\Users\narro\git\CS4900G2Proj2\Dawnseeker\system\fxgl.bundle
18:18:34.803 [JavaFX Application Thread] DEBUG Async                - Shutting down background threads
18:18:34.804 [JavaFX Application Thread] DEBUG PrimaryStageWindow   - Closing main window
18:18:34.827 [JavaFX Application Thread] DEBUG Logger               - Closing Logger
