18:39:21.160 [main                     ] DEBUG Logger               - Configured Logger
18:39:21.178 [main                     ] DEBUG GameApplication      - Logging settings
Title: Dawnseeker
Version: 0.4
Width: 1024
Height: 1024
Fullscreen: false
Intro: false
Profiling: false
Single step:false
App Mode: DEVELOPER
Menu Key: ESCAPE
Stage Style: DECORATED
Scene Factory: class myGame.DawnseekerApp$1

18:39:21.520 [JavaFX Application Thread] DEBUG FXGLApplication      - Initializing FXGL
18:39:21.527 [JavaFX Application Thread] INFO  Engine               - FXGL-17.2 (20.08.2022 16.50) on WINDOWS (J:18.0.2.1 FX:18)
18:39:21.528 [JavaFX Application Thread] DEBUG Engine               - JRE Vendor Name: Oracle Corporation
18:39:21.528 [JavaFX Application Thread] DEBUG Engine               - Running on OS: Windows 10 version 10.0
18:39:21.528 [JavaFX Application Thread] DEBUG Engine               - Architecture: amd64
18:39:21.528 [JavaFX Application Thread] INFO  Engine               - Source code and latest versions at: https://github.com/AlmasB/FXGL
18:39:21.528 [JavaFX Application Thread] INFO  Engine               -       Ask questions and discuss at: https://github.com/AlmasB/FXGL/discussions
18:39:21.528 [JavaFX Application Thread] INFO  Engine               -              Join the FXGL chat at: https://gitter.im/AlmasB/FXGL
18:39:21.617 [JavaFX Application Thread] DEBUG PrimaryStageWindow   - Creating a JavaFX scene
18:39:21.652 [JavaFX Application Thread] DEBUG PrimaryStageWindow   - Target settings size: 1024.0 x 1024.0
18:39:21.653 [JavaFX Application Thread] DEBUG PrimaryStageWindow   - Scaled scene size:    1024.0 x 1024.0
18:39:21.653 [JavaFX Application Thread] DEBUG PrimaryStageWindow   - Scaled ratio: (1.0, 1.0)
18:39:21.654 [JavaFX Application Thread] DEBUG PrimaryStageWindow   - Set initial scene to FXGLStartupScene
18:39:21.659 [JavaFX Application Thread] DEBUG PrimaryStageWindow   - Opening main window
18:39:21.731 [JavaFX Application Thread] DEBUG PrimaryStageWindow   - Window border size: (16.0, 39.0)
18:39:21.731 [JavaFX Application Thread] DEBUG PrimaryStageWindow   - Scaled size: 1024.0 x 1024.0
18:39:21.731 [JavaFX Application Thread] DEBUG PrimaryStageWindow   - Scaled ratio: (1.0, 1.0)
18:39:21.731 [JavaFX Application Thread] DEBUG PrimaryStageWindow   - Scene size: 1024.0 x 1024.0
18:39:21.732 [JavaFX Application Thread] DEBUG PrimaryStageWindow   - Stage size: 1040.0 x 1063.0
18:39:21.737 [FXGL Background Thread 1 ] DEBUG Engine               - Initializing environment variables
18:39:21.773 [FXGL Background Thread 1 ] DEBUG FXGLAssetLoaderServi - User app class for loading assets: class myGame.DawnseekerApp
18:39:21.773 [FXGL Background Thread 1 ] DEBUG GameApplicationServi - Applying CSS: fxgl_dark.css
18:39:21.773 [FXGL Background Thread 1 ] DEBUG FXGLAssetLoaderServi - Loading from file system: jar:file:/C:/Users/garre/.m2/repository/com/github/almasb/fxgl/17.2/fxgl-17.2.jar!/fxglassets/ui/css/fxgl_dark.css
18:39:21.805 [FXGL Background Thread 1 ] DEBUG GameApplicationServi - Initializing application scenes
18:39:21.836 [FXGL Background Thread 1 ] DEBUG GameWorld            - Game world initialized
18:39:21.888 [FXGL Background Thread 1 ] DEBUG PhysicsWorld         - Physics world initialized: appHeight=1024, physics.ppm=50.0
18:39:21.888 [FXGL Background Thread 1 ] DEBUG PhysicsWorld         - Using strategy: BRUTE_FORCE
18:39:21.891 [FXGL Background Thread 1 ] DEBUG GameScene            - Game scene initialized: 1024x1024
18:39:21.892 [FXGL Background Thread 1 ] DEBUG FXGLAssetLoaderServi - Loading from file system: file:/C:/Users/garre/git/CS4900G2Proj2/Dawnseeker/target/classes/assets/music/shop.mp3
18:39:22.005 [FXGL Background Thread 1 ] DEBUG AudioPlayer          - Playing music com.almasb.fxgl.audio.Music@736ddf06
18:39:22.019 [FXGL Background Thread 1 ] DEBUG FXGLAssetLoaderServi - Loading from file system: file:/C:/Users/garre/git/CS4900G2Proj2/Dawnseeker/target/classes/assets/textures/bg.png
18:39:22.078 [FXGL Background Thread 1 ] DEBUG FXGL.DefaultMenu     - createMenuBodyGameMenu()
18:39:22.088 [FXGL Background Thread 1 ] DEBUG FXGL.DefaultMenu     - createOptionsMenu()
18:39:22.093 [FXGL Background Thread 1 ] DEBUG FXGLAssetLoaderServi - Loading from file system: jar:file:/C:/Users/garre/.m2/repository/com/github/almasb/fxgl/17.2/fxgl-17.2.jar!/fxglassets/textures/particles/smoke.png
18:39:22.162 [FXGL Background Thread 1 ] DEBUG FXGLAssetLoaderServi - Loading from file system: jar:file:/C:/Users/garre/.m2/repository/com/github/almasb/fxgl/17.2/fxgl-17.2.jar!/fxglassets/textures/particles/trace_horizontal.png
18:39:22.174 [FXGL Background Thread 1 ] DEBUG GameApplicationServi - Application scenes initialized
18:39:22.185 [FXGL Background Thread 1 ] DEBUG SystemBundleService  - Loading FXGL system data
18:39:22.189 [FXGL Background Thread 1 ] DEBUG FileSystemAccess     - Reading from: C:\Users\garre\git\CS4900G2Proj2\Dawnseeker\system\fxgl.bundle
18:39:22.197 [FXGL Background Thread 1 ] DEBUG SystemBundleService  - Bundle FXGL: {}
18:39:22.197 [FXGL Background Thread 1 ] DEBUG UpdaterService       - Checking for updates
18:39:22.201 [FXGL Background Thread 4 ] DEBUG FXGLApplication      - Loading fonts
18:39:22.201 [FXGL Background Thread 4 ] DEBUG FXGLAssetLoaderServi - Loading from file system: jar:file:/C:/Users/garre/.m2/repository/com/github/almasb/fxgl/17.2/fxgl-17.2.jar!/fxglassets/ui/fonts/VarelaRound-Regular.ttf
18:39:22.202 [FXGL Background Thread 1 ] DEBUG FXGLApplication      - Loading default localization
18:39:22.202 [FXGL Background Thread 1 ] DEBUG FXGLAssetLoaderServi - Loading from file system: jar:file:/C:/Users/garre/.m2/repository/com/github/almasb/fxgl/17.2/fxgl-17.2.jar!/fxglassets/languages/english.lang
18:39:22.223 [FXGL Background Thread 1 ] INFO  FXGLApplication      - FXGL initialization took: 0.487 sec
18:39:22.228 [JavaFX Application Thread] DEBUG Input                - Registered new binding: action0 - LMB
18:39:22.234 [JavaFX Application Thread] DEBUG Input                - Registered new binding: Up - W
18:39:22.234 [JavaFX Application Thread] DEBUG Input                - Registered new binding: Down - S
18:39:22.235 [JavaFX Application Thread] DEBUG Input                - Registered new binding: Right - D
18:39:22.235 [JavaFX Application Thread] DEBUG Input                - Registered new binding: Left - A
18:39:22.235 [JavaFX Application Thread] DEBUG FXGLAssetLoaderServi - Loading from file system: jar:file:/C:/Users/garre/.m2/repository/com/github/almasb/fxgl/17.2/fxgl-17.2.jar!/fxglassets/textures/fxgl_icon.png
18:39:22.252 [JavaFX Application Thread] DEBUG FXGLAssetLoaderServi - Loading from file system: jar:file:/C:/Users/garre/.m2/repository/com/github/almasb/fxgl/17.2/fxgl-17.2.jar!/fxglassets/textures/fxgl_default_cursor.png
18:39:22.255 [JavaFX Application Thread] DEBUG Input                - Registered new binding: Screenshot - CTRL+8
18:39:22.257 [JavaFX Application Thread] DEBUG Input                - Registered new binding: System info dump - CTRL+9
18:39:22.257 [JavaFX Application Thread] DEBUG Input                - Registered new binding: Restart - CTRL+R
18:39:22.258 [FXGL Background Thread 4 ] DEBUG FXGLAssetLoaderServi - Loading from file system: jar:file:/C:/Users/garre/.m2/repository/com/github/almasb/fxgl/17.2/fxgl-17.2.jar!/fxglassets/ui/fonts/Abel-Regular.ttf
18:39:22.259 [JavaFX Application Thread] DEBUG Input                - Registered new binding: Toggle Debug Camera - CTRL+7
18:39:22.261 [FXGL Background Thread 4 ] DEBUG FXGLAssetLoaderServi - Loading from file system: jar:file:/C:/Users/garre/.m2/repository/com/github/almasb/fxgl/17.2/fxgl-17.2.jar!/fxglassets/ui/fonts/TerminalLandMono-Regular.otf
18:39:22.264 [JavaFX Application Thread] DEBUG LoopRunner           - Starting loop
18:39:22.264 [JavaFX Application Thread] DEBUG LoopRunner           - Initializing JavaFX AnimationTimerLoop
18:39:22.264 [FXGL Background Thread 4 ] DEBUG FXGLAssetLoaderServi - Loading from file system: jar:file:/C:/Users/garre/.m2/repository/com/github/almasb/fxgl/17.2/fxgl-17.2.jar!/fxglassets/ui/fonts/Courier-Prime.ttf
18:39:22.268 [JavaFX Application Thread] DEBUG Input                - Clearing active input actions
18:39:22.273 [JavaFX Application Thread] DEBUG GameApplicationServi - Removing overlay from FXGLStartupScene and adding to FXGLMainMenuDummyScene
18:39:22.273 [JavaFX Application Thread] DEBUG PrimaryStageWindow   - FXGLStartupScene -> FXGLMainMenuDummyScene
18:39:22.273 [JavaFX Application Thread] DEBUG PrimaryStageWindow   - Push state: DawnseekerMenu
18:39:22.273 [JavaFX Application Thread] DEBUG Input                - Clearing active input actions
18:39:22.279 [JavaFX Application Thread] DEBUG GameApplicationServi - Removing overlay from FXGLMainMenuDummyScene and adding to DawnseekerMenu
18:39:22.279 [JavaFX Application Thread] DEBUG PrimaryStageWindow   - FXGLMainMenuDummyScene -> DawnseekerMenu
18:39:22.279 [JavaFX Application Thread] DEBUG FXGLApplication      - Registering font factories with UI factory
18:39:22.539 [FXGL Background Thread 2 ] INFO  UpdaterService       - Your current version:  17.2
18:39:22.539 [FXGL Background Thread 2 ] INFO  UpdaterService       - Latest stable version: 17.3
18:39:22.923 [JavaFX Application Thread] DEBUG Menu                 - fireNewGame()
18:39:22.923 [JavaFX Application Thread] DEBUG GameApplicationServi - Starting new game
18:39:22.923 [JavaFX Application Thread] DEBUG PrimaryStageWindow   - Pop state: DawnseekerMenu
18:39:22.923 [JavaFX Application Thread] DEBUG Input                - Clearing active input actions
18:39:22.923 [JavaFX Application Thread] DEBUG GameApplicationServi - Removing overlay from DawnseekerMenu and adding to FXGLMainMenuDummyScene
18:39:22.924 [JavaFX Application Thread] DEBUG PrimaryStageWindow   - FXGLMainMenuDummyScene <- DawnseekerMenu
18:39:22.924 [JavaFX Application Thread] DEBUG Input                - Clearing active input actions
18:39:22.929 [JavaFX Application Thread] DEBUG GameApplicationServi - Removing overlay from FXGLMainMenuDummyScene and adding to FXGLLoadingScene
18:39:22.929 [JavaFX Application Thread] DEBUG PrimaryStageWindow   - FXGLMainMenuDummyScene -> FXGLLoadingScene
18:39:22.929 [JavaFX Application Thread] DEBUG GameApplicationServi - Clearing previous game
18:39:22.929 [JavaFX Application Thread] DEBUG GameScene            - Clearing game scene
18:39:22.929 [JavaFX Application Thread] DEBUG GameWorld            - Clearing game world
18:39:22.929 [JavaFX Application Thread] DEBUG PhysicsWorld         - Clearing physics world
18:39:22.931 [FXGL Background Thread 2 ] DEBUG FXGLApplication      - Initializing game
18:39:22.935 [FXGL Background Thread 2 ] DEBUG AudioPlayer          - Stopping music com.almasb.fxgl.audio.Music@736ddf06
18:39:22.936 [FXGL Background Thread 2 ] DEBUG FXGLAssetLoaderServi - Loading from file system: file:/C:/Users/garre/git/CS4900G2Proj2/Dawnseeker/target/classes/assets/music/heartache.mp3
18:39:22.938 [FXGL Background Thread 2 ] DEBUG AudioPlayer          - Playing music com.almasb.fxgl.audio.Music@6dcb2920
18:39:22.955 [FXGL Background Thread 2 ] DEBUG FXGLAssetLoaderServi - Loading from file system: file:/C:/Users/garre/git/CS4900G2Proj2/Dawnseeker/target/classes/assets/textures/DawnseekerPCV2.png
18:39:22.961 [FXGL Background Thread 2 ] DEBUG FXGLAssetLoaderServi - Loading from file system: file:/C:/Users/garre/git/CS4900G2Proj2/Dawnseeker/target/classes/assets/textures/DawnseekerPCV2Down.png
18:39:22.963 [FXGL Background Thread 2 ] DEBUG FXGLAssetLoaderServi - Loading from file system: file:/C:/Users/garre/git/CS4900G2Proj2/Dawnseeker/target/classes/assets/textures/DawnseekerPCV2Up.png
18:39:22.965 [FXGL Background Thread 2 ] DEBUG FXGLAssetLoaderServi - Loading from file system: file:/C:/Users/garre/git/CS4900G2Proj2/Dawnseeker/target/classes/assets/textures/DawnseekerPCV2Right.png
18:39:22.966 [FXGL Background Thread 2 ] DEBUG FXGLAssetLoaderServi - Loading from file system: file:/C:/Users/garre/git/CS4900G2Proj2/Dawnseeker/target/classes/assets/textures/DawnseekerPCV2Left.png
18:39:22.981 [FXGL Background Thread 2 ] WARN  GameWorld            - Entity is already attached to world
18:39:22.982 [FXGL Background Thread 2 ] WARN  Entity               - Entity already has component: com.almasb.fxgl.entity.components.CollidableComponent
18:39:22.982 [FXGL Background Thread 2 ] WARN  GameWorld            - Entity is already attached to world
18:39:22.983 [FXGL Background Thread 2 ] WARN  Entity               - Entity already has component: com.almasb.fxgl.entity.components.CollidableComponent
18:39:22.983 [FXGL Background Thread 2 ] WARN  GameWorld            - Entity is already attached to world
18:39:22.983 [FXGL Background Thread 2 ] WARN  Entity               - Entity already has component: com.almasb.fxgl.entity.components.CollidableComponent
18:39:22.984 [FXGL Background Thread 2 ] WARN  GameWorld            - Entity is already attached to world
18:39:22.984 [FXGL Background Thread 2 ] WARN  Entity               - Entity already has component: com.almasb.fxgl.entity.components.CollidableComponent
18:39:22.984 [FXGL Background Thread 2 ] WARN  GameWorld            - Entity is already attached to world
18:39:22.985 [FXGL Background Thread 2 ] WARN  GameWorld            - Entity is already attached to world
18:39:22.985 [FXGL Background Thread 2 ] WARN  GameWorld            - Entity is already attached to world
18:39:22.997 [FXGL Background Thread 2 ] INFO  FXGLApplication      - Game initialization took: 0.066 sec
18:39:22.998 [JavaFX Application Thread] DEBUG Input                - Clearing active input actions
18:39:23.005 [JavaFX Application Thread] DEBUG GameApplicationServi - Removing overlay from FXGLLoadingScene and adding to GameScene
18:39:23.005 [JavaFX Application Thread] DEBUG PrimaryStageWindow   - FXGLLoadingScene -> GameScene
18:39:23.449 [JavaFX Application Thread] DEBUG FXGLAssetLoaderServi - Loading from file system: file:/C:/Users/garre/git/CS4900G2Proj2/Dawnseeker/target/classes/assets/sounds/magic_missile.wav
18:39:23.457 [JavaFX Application Thread] DEBUG FXGLAssetLoaderServi - Loading from file system: file:/C:/Users/garre/git/CS4900G2Proj2/Dawnseeker/target/classes/assets/textures/FireBallProjectile.png
18:39:23.460 [JavaFX Application Thread] DEBUG FXGLAssetLoaderServi - Loading from file system: file:/C:/Users/garre/git/CS4900G2Proj2/Dawnseeker/target/classes/assets/textures/EnemyDawnseeker.png
18:39:23.463 [JavaFX Application Thread] DEBUG FXGLAssetLoaderServi - Loading from file system: file:/C:/Users/garre/git/CS4900G2Proj2/Dawnseeker/target/classes/assets/textures/sussy.gif
18:39:25.201 [FXGL Background Thread 3 ] DEBUG Engine               - Logging environment variables
18:39:25.201 [FXGL Background Thread 3 ] DEBUG Engine               - achievements: []
18:39:25.201 [FXGL Background Thread 3 ] DEBUG Engine               - actualHeight: 1024.0
18:39:25.201 [FXGL Background Thread 3 ] DEBUG Engine               - actualHeightProperty: ReadOnlyDoubleProperty [value: 1024.0]
18:39:25.201 [FXGL Background Thread 3 ] DEBUG Engine               - actualWidth: 1024.0
18:39:25.201 [FXGL Background Thread 3 ] DEBUG Engine               - actualWidthProperty: ReadOnlyDoubleProperty [value: 1024.0]
18:39:25.201 [FXGL Background Thread 3 ] DEBUG Engine               - appIcon: fxgl_icon.png
18:39:25.201 [FXGL Background Thread 3 ] DEBUG Engine               - applicationMode: DEVELOPER
18:39:25.201 [FXGL Background Thread 3 ] DEBUG Engine               - cSSList: [fxgl_dark.css]
18:39:25.201 [FXGL Background Thread 3 ] DEBUG Engine               - collisionDetectionStrategy: BRUTE_FORCE
18:39:25.201 [FXGL Background Thread 3 ] DEBUG Engine               - configClass: Optional.empty
18:39:25.201 [FXGL Background Thread 3 ] DEBUG Engine               - credits: []
18:39:25.202 [FXGL Background Thread 3 ] DEBUG Engine               - defaultCursor: CursorInfo(imageName=fxgl_default_cursor.png, hotspotX=7.0, hotspotY=6.0)
18:39:25.202 [FXGL Background Thread 3 ] DEBUG Engine               - devBBoxColorProperty: ObjectProperty [value: 0xff0000ff]
18:39:25.203 [FXGL Background Thread 3 ] DEBUG Engine               - devEnableDebugCameraProperty: BooleanProperty [value: false]
18:39:25.203 [FXGL Background Thread 3 ] DEBUG Engine               - devSensorColorProperty: ObjectProperty [value: 0xffff00ff]
18:39:25.203 [FXGL Background Thread 3 ] DEBUG Engine               - devShowBBoxProperty: BooleanProperty [value: false]
18:39:25.203 [FXGL Background Thread 3 ] DEBUG Engine               - devShowPositionProperty: BooleanProperty [value: false]
18:39:25.203 [FXGL Background Thread 3 ] DEBUG Engine               - enabledMenuItems: []
18:39:25.203 [FXGL Background Thread 3 ] DEBUG Engine               - engineServices: [class com.almasb.fxgl.app.services.FXGLAssetLoaderService, class com.almasb.fxgl.app.FXGLApplication$GameApplicationService, class com.almasb.fxgl.app.services.FXGLDialogService, class com.almasb.fxgl.app.services.IOTaskExecutorService, class com.almasb.fxgl.io.FileSystemService, class com.almasb.fxgl.localization.LocalizationService, class com.almasb.fxgl.app.services.SystemBundleService, class com.almasb.fxgl.profile.SaveLoadService, class com.almasb.fxgl.ui.FXGLUIFactoryServiceProvider, class com.almasb.fxgl.ui.FXGLDialogFactoryServiceProvider, class com.almasb.fxgl.audio.AudioPlayer, class com.almasb.fxgl.notification.impl.NotificationServiceProvider, class com.almasb.fxgl.achievement.AchievementService, class com.almasb.fxgl.cutscene.CutsceneService, class com.almasb.fxgl.minigames.MiniGameService, class com.almasb.fxgl.net.NetService, class com.almasb.fxgl.app.services.UpdaterService, class com.almasb.fxgl.dev.DevService]
18:39:25.203 [FXGL Background Thread 3 ] DEBUG Engine               - fontGame: Abel-Regular.ttf
18:39:25.203 [FXGL Background Thread 3 ] DEBUG Engine               - fontMono: TerminalLandMono-Regular.otf
18:39:25.203 [FXGL Background Thread 3 ] DEBUG Engine               - fontText: Courier-Prime.ttf
18:39:25.203 [FXGL Background Thread 3 ] DEBUG Engine               - fontUI: VarelaRound-Regular.ttf
18:39:25.203 [FXGL Background Thread 3 ] DEBUG Engine               - fullScreen: BooleanProperty [value: false]
18:39:25.203 [FXGL Background Thread 3 ] DEBUG Engine               - gameDifficulty: MEDIUM
18:39:25.203 [FXGL Background Thread 3 ] DEBUG Engine               - gameDifficultyProperty: ObjectProperty [value: MEDIUM]
18:39:25.203 [FXGL Background Thread 3 ] DEBUG Engine               - globalMusicVolume: 0.5
18:39:25.203 [FXGL Background Thread 3 ] DEBUG Engine               - globalMusicVolumeProperty: DoubleProperty [value: 0.5]
18:39:25.203 [FXGL Background Thread 3 ] DEBUG Engine               - globalSoundVolume: 0.5
18:39:25.203 [FXGL Background Thread 3 ] DEBUG Engine               - globalSoundVolumeProperty: DoubleProperty [value: 0.5]
18:39:25.203 [FXGL Background Thread 3 ] DEBUG Engine               - height: 1024
18:39:25.203 [FXGL Background Thread 3 ] DEBUG Engine               - is3D: false
18:39:25.203 [FXGL Background Thread 3 ] DEBUG Engine               - isAndroid: false
18:39:25.203 [FXGL Background Thread 3 ] DEBUG Engine               - isBrowser: false
18:39:25.203 [FXGL Background Thread 3 ] DEBUG Engine               - isClickFeedbackEnabled: false
18:39:25.203 [FXGL Background Thread 3 ] DEBUG Engine               - isCloseConfirmation: false
18:39:25.203 [FXGL Background Thread 3 ] DEBUG Engine               - isDesktop: true
18:39:25.203 [FXGL Background Thread 3 ] DEBUG Engine               - isDeveloperMenuEnabled: false
18:39:25.203 [FXGL Background Thread 3 ] DEBUG Engine               - isEmbedded: false
18:39:25.203 [FXGL Background Thread 3 ] DEBUG Engine               - isEntityPreloadEnabled: true
18:39:25.203 [FXGL Background Thread 3 ] DEBUG Engine               - isExperimentalTiledLargeMap: false
18:39:25.203 [FXGL Background Thread 3 ] DEBUG Engine               - isFileSystemWriteAllowed: true
18:39:25.203 [FXGL Background Thread 3 ] DEBUG Engine               - isFullScreenAllowed: false
18:39:25.203 [FXGL Background Thread 3 ] DEBUG Engine               - isFullScreenFromStart: false
18:39:25.203 [FXGL Background Thread 3 ] DEBUG Engine               - isGameMenuEnabled: true
18:39:25.203 [FXGL Background Thread 3 ] DEBUG Engine               - isIOS: false
18:39:25.203 [FXGL Background Thread 3 ] DEBUG Engine               - isIntroEnabled: false
18:39:25.203 [FXGL Background Thread 3 ] DEBUG Engine               - isLinux: false
18:39:25.203 [FXGL Background Thread 3 ] DEBUG Engine               - isMac: false
18:39:25.204 [FXGL Background Thread 3 ] DEBUG Engine               - isMainMenuEnabled: true
18:39:25.204 [FXGL Background Thread 3 ] DEBUG Engine               - isManualResizeEnabled: false
18:39:25.204 [FXGL Background Thread 3 ] DEBUG Engine               - isMobile: false
18:39:25.204 [FXGL Background Thread 3 ] DEBUG Engine               - isNative: false
18:39:25.204 [FXGL Background Thread 3 ] DEBUG Engine               - isPauseMusicWhenMinimized: true
18:39:25.204 [FXGL Background Thread 3 ] DEBUG Engine               - isPreserveResizeRatio: false
18:39:25.204 [FXGL Background Thread 3 ] DEBUG Engine               - isProfilingEnabled: false
18:39:25.204 [FXGL Background Thread 3 ] DEBUG Engine               - isScaleAffectedOnResize: true
18:39:25.204 [FXGL Background Thread 3 ] DEBUG Engine               - isSingleStep: false
18:39:25.204 [FXGL Background Thread 3 ] DEBUG Engine               - isUserProfileEnabled: false
18:39:25.204 [FXGL Background Thread 3 ] DEBUG Engine               - isWindows: true
18:39:25.204 [FXGL Background Thread 3 ] DEBUG Engine               - language: ObjectProperty [value: ENGLISH]
18:39:25.204 [FXGL Background Thread 3 ] DEBUG Engine               - menuKey: ESCAPE
18:39:25.204 [FXGL Background Thread 3 ] DEBUG Engine               - mouseSensitivity: 0.2
18:39:25.204 [FXGL Background Thread 3 ] DEBUG Engine               - notificationViewClass: class com.almasb.fxgl.notification.view.XboxNotificationView
18:39:25.204 [FXGL Background Thread 3 ] DEBUG Engine               - pixelsPerMeter: 50.0
18:39:25.204 [FXGL Background Thread 3 ] DEBUG Engine               - platform: WINDOWS
18:39:25.204 [FXGL Background Thread 3 ] DEBUG Engine               - prefHeightProperty: ReadOnlyDoubleProperty [value: 1024.0]
18:39:25.204 [FXGL Background Thread 3 ] DEBUG Engine               - prefWidthProperty: ReadOnlyDoubleProperty [value: 1024.0]
18:39:25.204 [FXGL Background Thread 3 ] DEBUG Engine               - profileDir: profiles/
18:39:25.204 [FXGL Background Thread 3 ] DEBUG Engine               - profileName: StringProperty [value: DEFAULT]
18:39:25.204 [FXGL Background Thread 3 ] DEBUG Engine               - randomSeed: -1
18:39:25.204 [FXGL Background Thread 3 ] DEBUG Engine               - runtimeInfo: RuntimeInfo(platform=WINDOWS, version=17.2, build=20.08.2022 16.50)
18:39:25.204 [FXGL Background Thread 3 ] DEBUG Engine               - saveFileExt: sav
18:39:25.204 [FXGL Background Thread 3 ] DEBUG Engine               - scaledHeightProp$fxgl: DoubleProperty [bound, value: 1024.0]
18:39:25.204 [FXGL Background Thread 3 ] DEBUG Engine               - scaledWidthProp$fxgl: DoubleProperty [bound, value: 1024.0]
18:39:25.204 [FXGL Background Thread 3 ] DEBUG Engine               - sceneFactory: myGame.DawnseekerApp$1@5674e23
18:39:25.204 [FXGL Background Thread 3 ] DEBUG Engine               - secondsIn24h: 60
18:39:25.204 [FXGL Background Thread 3 ] DEBUG Engine               - soundMenuBack: menu/back.wav
18:39:25.204 [FXGL Background Thread 3 ] DEBUG Engine               - soundMenuPress: menu/press.wav
18:39:25.204 [FXGL Background Thread 3 ] DEBUG Engine               - soundMenuSelect: menu/select.wav
18:39:25.204 [FXGL Background Thread 3 ] DEBUG Engine               - soundNotification: core/notification.wav
18:39:25.204 [FXGL Background Thread 3 ] DEBUG Engine               - stageStyle: DECORATED
18:39:25.204 [FXGL Background Thread 3 ] DEBUG Engine               - supportedLanguages: [ENGLISH, FRENCH, GERMAN, HUNGARIAN, RUSSIAN]
18:39:25.204 [FXGL Background Thread 3 ] DEBUG Engine               - ticksPerSecond: -1
18:39:25.204 [FXGL Background Thread 3 ] DEBUG Engine               - title: Dawnseeker
18:39:25.204 [FXGL Background Thread 3 ] DEBUG Engine               - urlGithub: https://github.com/AlmasB/FXGL
18:39:25.204 [FXGL Background Thread 3 ] DEBUG Engine               - urlLeaderboard: http://fxgl-top.herokuapp.com/
18:39:25.204 [FXGL Background Thread 3 ] DEBUG Engine               - urlPOM: https://raw.githubusercontent.com/AlmasB/FXGL/release/README.md
18:39:25.204 [FXGL Background Thread 3 ] DEBUG Engine               - userAppClass: class myGame.DawnseekerApp
18:39:25.204 [FXGL Background Thread 3 ] DEBUG Engine               - version: 0.4
18:39:25.204 [FXGL Background Thread 3 ] DEBUG Engine               - versionCheckDays: 7
18:39:25.204 [FXGL Background Thread 3 ] DEBUG Engine               - width: 1024
18:39:25.204 [FXGL Background Thread 3 ] DEBUG Engine               - Logging services
18:39:25.204 [FXGL Background Thread 3 ] DEBUG Engine               - class com.almasb.fxgl.app.services.FXGLAssetLoaderService
18:39:25.204 [FXGL Background Thread 3 ] DEBUG Engine               - class com.almasb.fxgl.app.FXGLApplication$GameApplicationService
18:39:25.204 [FXGL Background Thread 3 ] DEBUG Engine               - class com.almasb.fxgl.app.services.FXGLDialogService
18:39:25.204 [FXGL Background Thread 3 ] DEBUG Engine               - class com.almasb.fxgl.app.services.IOTaskExecutorService
18:39:25.204 [FXGL Background Thread 3 ] DEBUG Engine               - class com.almasb.fxgl.io.FileSystemService
18:39:25.204 [FXGL Background Thread 3 ] DEBUG Engine               - class com.almasb.fxgl.localization.LocalizationService
18:39:25.204 [FXGL Background Thread 3 ] DEBUG Engine               - class com.almasb.fxgl.app.services.SystemBundleService
18:39:25.204 [FXGL Background Thread 3 ] DEBUG Engine               - class com.almasb.fxgl.profile.SaveLoadService
18:39:25.204 [FXGL Background Thread 3 ] DEBUG Engine               - class com.almasb.fxgl.ui.FXGLUIFactoryServiceProvider
18:39:25.204 [FXGL Background Thread 3 ] DEBUG Engine               - class com.almasb.fxgl.ui.FXGLDialogFactoryServiceProvider
18:39:25.204 [FXGL Background Thread 3 ] DEBUG Engine               - class com.almasb.fxgl.audio.AudioPlayer
18:39:25.204 [FXGL Background Thread 3 ] DEBUG Engine               - class com.almasb.fxgl.notification.impl.NotificationServiceProvider
18:39:25.204 [FXGL Background Thread 3 ] DEBUG Engine               - class com.almasb.fxgl.achievement.AchievementService
18:39:25.204 [FXGL Background Thread 3 ] DEBUG Engine               - class com.almasb.fxgl.cutscene.CutsceneService
18:39:25.204 [FXGL Background Thread 3 ] DEBUG Engine               - class com.almasb.fxgl.minigames.MiniGameService
18:39:25.204 [FXGL Background Thread 3 ] DEBUG Engine               - class com.almasb.fxgl.net.NetService
18:39:25.204 [FXGL Background Thread 3 ] DEBUG Engine               - class com.almasb.fxgl.app.services.UpdaterService
18:39:25.204 [FXGL Background Thread 3 ] DEBUG Engine               - class com.almasb.fxgl.dev.DevService
18:39:25.478 [JavaFX Application Thread] WARN  GameWorld            - Attempted to remove entity which is not active
18:39:25.479 [JavaFX Application Thread] DEBUG FXGLAssetLoaderServi - Loading from file system: file:/C:/Users/garre/git/CS4900G2Proj2/Dawnseeker/target/classes/assets/sounds/bong.wav
18:39:26.273 [JavaFX Application Thread] WARN  GameWorld            - Attempted to remove entity which is not active
18:39:27.935 [JavaFX Application Thread] DEBUG FXGLAssetLoaderServi - Loading from file system: file:/C:/Users/garre/git/CS4900G2Proj2/Dawnseeker/target/classes/assets/sounds/player_oof.wav
18:39:28.164 [JavaFX Application Thread] WARN  GameWorld            - Attempted to remove entity which is not active
18:39:28.330 [JavaFX Application Thread] WARN  GameWorld            - Attempted to remove entity which is not active
18:39:28.900 [JavaFX Application Thread] WARN  GameWorld            - Attempted to remove entity which is not active
18:39:29.051 [JavaFX Application Thread] WARN  GameWorld            - Attempted to remove entity which is not active
18:39:29.652 [JavaFX Application Thread] WARN  GameWorld            - Attempted to remove entity which is not active
18:39:29.905 [JavaFX Application Thread] WARN  GameWorld            - Attempted to remove entity which is not active
18:39:30.052 [JavaFX Application Thread] WARN  GameWorld            - Attempted to remove entity which is not active
18:39:30.475 [JavaFX Application Thread] WARN  GameWorld            - Attempted to remove entity which is not active
18:39:31.329 [JavaFX Application Thread] WARN  GameWorld            - Attempted to remove entity which is not active
18:39:31.822 [JavaFX Application Thread] WARN  GameWorld            - Attempted to remove entity which is not active
18:39:32.191 [JavaFX Application Thread] WARN  GameWorld            - Attempted to remove entity which is not active
18:39:32.704 [JavaFX Application Thread] DEBUG FXGLAssetLoaderServi - Loading from file system: file:/C:/Users/garre/git/CS4900G2Proj2/Dawnseeker/target/classes/assets/sounds/coin_pickup.wav
18:39:32.804 [JavaFX Application Thread] WARN  GameWorld            - Attempted to remove entity which is not active
18:39:35.668 [JavaFX Application Thread] WARN  GameWorld            - Attempted to remove entity which is not active
18:39:35.690 [JavaFX Application Thread] WARN  GameWorld            - Attempted to remove entity which is not active
18:39:36.356 [JavaFX Application Thread] WARN  GameWorld            - Attempted to remove entity which is not active
18:39:37.251 [JavaFX Application Thread] WARN  GameWorld            - Attempted to remove entity which is not active
18:39:37.428 [JavaFX Application Thread] WARN  GameWorld            - Attempted to remove entity which is not active
18:39:38.002 [JavaFX Application Thread] WARN  GameWorld            - Attempted to remove entity which is not active
18:39:38.068 [JavaFX Application Thread] WARN  GameWorld            - Attempted to remove entity which is not active
18:39:38.218 [JavaFX Application Thread] WARN  GameWorld            - Attempted to remove entity which is not active
18:39:38.467 [JavaFX Application Thread] WARN  GameWorld            - Attempted to remove entity which is not active
18:39:38.676 [JavaFX Application Thread] WARN  GameWorld            - Attempted to remove entity which is not active
18:39:38.804 [JavaFX Application Thread] WARN  GameWorld            - Attempted to remove entity which is not active
18:39:40.114 [JavaFX Application Thread] WARN  GameWorld            - Attempted to remove entity which is not active
18:39:40.461 [JavaFX Application Thread] WARN  GameWorld            - Attempted to remove entity which is not active
18:39:40.677 [JavaFX Application Thread] WARN  GameWorld            - Attempted to remove entity which is not active
18:39:40.879 [JavaFX Application Thread] WARN  GameWorld            - Attempted to remove entity which is not active
18:39:41.235 [JavaFX Application Thread] WARN  GameWorld            - Attempted to remove entity which is not active
18:39:41.566 [JavaFX Application Thread] WARN  GameWorld            - Attempted to remove entity which is not active
18:39:42.724 [JavaFX Application Thread] WARN  GameWorld            - Attempted to remove entity which is not active
18:39:42.745 [JavaFX Application Thread] WARN  GameWorld            - Attempted to remove entity which is not active
18:39:42.996 [JavaFX Application Thread] WARN  GameWorld            - Attempted to remove entity which is not active
18:39:43.294 [JavaFX Application Thread] WARN  GameWorld            - Attempted to remove entity which is not active
18:39:43.460 [JavaFX Application Thread] WARN  GameWorld            - Attempted to remove entity which is not active
18:39:43.523 [JavaFX Application Thread] WARN  GameWorld            - Attempted to remove entity which is not active
18:39:43.971 [JavaFX Application Thread] WARN  GameWorld            - Attempted to remove entity which is not active
18:39:44.225 [JavaFX Application Thread] WARN  GameWorld            - Attempted to remove entity which is not active
18:39:44.719 [JavaFX Application Thread] WARN  GameWorld            - Attempted to remove entity which is not active
18:39:44.926 [JavaFX Application Thread] WARN  GameWorld            - Attempted to remove entity which is not active
18:39:45.059 [JavaFX Application Thread] WARN  GameWorld            - Attempted to remove entity which is not active
18:39:45.114 [JavaFX Application Thread] WARN  GameWorld            - Attempted to remove entity which is not active
18:39:45.347 [JavaFX Application Thread] WARN  GameWorld            - Attempted to remove entity which is not active
18:39:45.811 [JavaFX Application Thread] WARN  GameWorld            - Attempted to remove entity which is not active
18:39:45.940 [JavaFX Application Thread] WARN  GameWorld            - Attempted to remove entity which is not active
18:39:46.163 [JavaFX Application Thread] WARN  GameWorld            - Attempted to remove entity which is not active
18:39:46.323 [JavaFX Application Thread] WARN  GameWorld            - Attempted to remove entity which is not active
18:39:46.755 [JavaFX Application Thread] WARN  GameWorld            - Attempted to remove entity which is not active
18:39:47.009 [JavaFX Application Thread] WARN  GameWorld            - Attempted to remove entity which is not active
18:39:47.252 [JavaFX Application Thread] WARN  GameWorld            - Attempted to remove entity which is not active
18:39:47.379 [JavaFX Application Thread] WARN  GameWorld            - Attempted to remove entity which is not active
18:39:47.745 [JavaFX Application Thread] WARN  GameWorld            - Attempted to remove entity which is not active
18:39:47.860 [JavaFX Application Thread] WARN  GameWorld            - Attempted to remove entity which is not active
18:39:47.871 [JavaFX Application Thread] WARN  GameWorld            - Attempted to remove entity which is not active
18:39:48.475 [JavaFX Application Thread] WARN  GameWorld            - Attempted to remove entity which is not active
18:39:48.851 [JavaFX Application Thread] WARN  GameWorld            - Attempted to remove entity which is not active
18:39:48.916 [JavaFX Application Thread] WARN  GameWorld            - Attempted to remove entity which is not active
18:39:49.649 [JavaFX Application Thread] WARN  GameWorld            - Attempted to remove entity which is not active
18:39:50.177 [JavaFX Application Thread] WARN  GameWorld            - Attempted to remove entity which is not active
18:39:50.420 [JavaFX Application Thread] WARN  GameWorld            - Attempted to remove entity which is not active
18:39:50.510 [JavaFX Application Thread] WARN  GameWorld            - Attempted to remove entity which is not active
18:39:50.975 [JavaFX Application Thread] WARN  GameWorld            - Attempted to remove entity which is not active
18:39:51.086 [JavaFX Application Thread] WARN  GameWorld            - Attempted to remove entity which is not active
18:39:51.134 [JavaFX Application Thread] WARN  GameWorld            - Attempted to remove entity which is not active
18:39:51.299 [JavaFX Application Thread] WARN  GameWorld            - Attempted to remove entity which is not active
18:39:51.538 [JavaFX Application Thread] WARN  GameWorld            - Attempted to remove entity which is not active
18:39:51.934 [JavaFX Application Thread] WARN  GameWorld            - Attempted to remove entity which is not active
18:39:51.939 [JavaFX Application Thread] WARN  GameWorld            - Attempted to remove entity which is not active
18:39:52.922 [JavaFX Application Thread] WARN  GameWorld            - Attempted to remove entity which is not active
18:39:53.135 [JavaFX Application Thread] WARN  GameWorld            - Attempted to remove entity which is not active
18:39:53.444 [JavaFX Application Thread] WARN  GameWorld            - Attempted to remove entity which is not active
18:39:54.316 [JavaFX Application Thread] WARN  GameWorld            - Attempted to remove entity which is not active
18:39:54.468 [JavaFX Application Thread] WARN  GameWorld            - Attempted to remove entity which is not active
18:39:54.607 [JavaFX Application Thread] WARN  GameWorld            - Attempted to remove entity which is not active
18:39:55.024 [JavaFX Application Thread] WARN  GameWorld            - Attempted to remove entity which is not active
18:39:55.114 [JavaFX Application Thread] WARN  GameWorld            - Attempted to remove entity which is not active
18:39:55.614 [JavaFX Application Thread] WARN  GameWorld            - Attempted to remove entity which is not active
18:39:55.676 [JavaFX Application Thread] WARN  GameWorld            - Attempted to remove entity which is not active
18:39:55.857 [JavaFX Application Thread] WARN  GameWorld            - Attempted to remove entity which is not active
18:39:56.523 [JavaFX Application Thread] WARN  GameWorld            - Attempted to remove entity which is not active
18:39:56.735 [JavaFX Application Thread] WARN  GameWorld            - Attempted to remove entity which is not active
18:39:56.857 [JavaFX Application Thread] WARN  GameWorld            - Attempted to remove entity which is not active
18:39:57.246 [JavaFX Application Thread] WARN  GameWorld            - Attempted to remove entity which is not active
18:39:57.299 [JavaFX Application Thread] WARN  GameWorld            - Attempted to remove entity which is not active
18:39:57.712 [JavaFX Application Thread] WARN  GameWorld            - Attempted to remove entity which is not active
18:39:57.968 [JavaFX Application Thread] WARN  GameWorld            - Attempted to remove entity which is not active
18:39:58.753 [JavaFX Application Thread] WARN  GameWorld            - Attempted to remove entity which is not active
18:39:58.955 [JavaFX Application Thread] WARN  GameWorld            - Attempted to remove entity which is not active
18:39:59.124 [JavaFX Application Thread] WARN  GameWorld            - Attempted to remove entity which is not active
18:39:59.187 [JavaFX Application Thread] WARN  GameWorld            - Attempted to remove entity which is not active
18:39:59.364 [JavaFX Application Thread] WARN  GameWorld            - Attempted to remove entity which is not active
18:40:00.086 [JavaFX Application Thread] DEBUG FXGLAssetLoaderServi - Loading from file system: file:/C:/Users/garre/git/CS4900G2Proj2/Dawnseeker/target/classes/assets/sounds/yoda_death.wav
18:40:00.088 [JavaFX Application Thread] DEBUG AudioPlayer          - Stopping music com.almasb.fxgl.audio.Music@736ddf06
18:40:00.088 [JavaFX Application Thread] DEBUG AudioPlayer          - Stopping music com.almasb.fxgl.audio.Music@6dcb2920
18:40:00.089 [JavaFX Application Thread] DEBUG Input                - Clearing active input actions
18:40:00.092 [JavaFX Application Thread] DEBUG GameApplicationServi - Removing overlay from GameScene and adding to FXGLMainMenuDummyScene
18:40:00.092 [JavaFX Application Thread] DEBUG PrimaryStageWindow   - GameScene -> FXGLMainMenuDummyScene
18:40:00.092 [JavaFX Application Thread] DEBUG PrimaryStageWindow   - Push state: DawnseekerMenu
18:40:00.092 [JavaFX Application Thread] DEBUG Input                - Clearing active input actions
18:40:00.092 [JavaFX Application Thread] DEBUG GameApplicationServi - Removing overlay from FXGLMainMenuDummyScene and adding to DawnseekerMenu
18:40:00.092 [JavaFX Application Thread] DEBUG PrimaryStageWindow   - FXGLMainMenuDummyScene -> DawnseekerMenu
18:40:00.093 [JavaFX Application Thread] DEBUG AudioPlayer          - Playing music com.almasb.fxgl.audio.Music@736ddf06
18:40:01.606 [JavaFX Application Thread] DEBUG FXGLApplication      - Exiting FXGL
18:40:01.606 [JavaFX Application Thread] DEBUG LoopRunner           - Stopping loop
18:40:01.606 [JavaFX Application Thread] DEBUG SystemBundleService  - Saving FXGL system data
18:40:01.607 [JavaFX Application Thread] DEBUG FileSystemAccess     - Writing to: C:\Users\garre\git\CS4900G2Proj2\Dawnseeker\system\fxgl.bundle
18:40:01.609 [JavaFX Application Thread] DEBUG Async                - Shutting down background threads
18:40:01.609 [JavaFX Application Thread] DEBUG PrimaryStageWindow   - Closing main window
18:40:01.616 [JavaFX Application Thread] DEBUG Logger               - Closing Logger
