13:28:09.138 [main                     ] DEBUG Logger               - Configured Logger
13:28:09.169 [main                     ] DEBUG GameApplication      - Logging settings
Title: Dawnseeker
Version: 0.4
Width: 1024
Height: 1024
Fullscreen: false
Intro: false
Profiling: false
Single step:false
App Mode: DEVELOPER
Menu Key: ESCAPE
Stage Style: DECORATED
Scene Factory: class myGame.DawnseekerApp$1

13:28:09.621 [JavaFX Application Thread] DEBUG FXGLApplication      - Initializing FXGL
13:28:09.628 [JavaFX Application Thread] INFO  Engine               - FXGL-17.2 (20.08.2022 16.50) on WINDOWS (J:19.0.2 FX:18)
13:28:09.628 [JavaFX Application Thread] DEBUG Engine               - JRE Vendor Name: Oracle Corporation
13:28:09.629 [JavaFX Application Thread] DEBUG Engine               - Running on OS: Windows 10 version 10.0
13:28:09.629 [JavaFX Application Thread] DEBUG Engine               - Architecture: amd64
13:28:09.629 [JavaFX Application Thread] INFO  Engine               - Source code and latest versions at: https://github.com/AlmasB/FXGL
13:28:09.629 [JavaFX Application Thread] INFO  Engine               -       Ask questions and discuss at: https://github.com/AlmasB/FXGL/discussions
13:28:09.630 [JavaFX Application Thread] INFO  Engine               -              Join the FXGL chat at: https://gitter.im/AlmasB/FXGL
13:28:09.779 [JavaFX Application Thread] DEBUG PrimaryStageWindow   - Creating a JavaFX scene
13:28:09.779 [JavaFX Application Thread] DEBUG PrimaryStageWindow   - Target size > screen size
13:28:09.834 [JavaFX Application Thread] DEBUG PrimaryStageWindow   - Target settings size: 1024.0 x 1024.0
13:28:09.834 [JavaFX Application Thread] DEBUG PrimaryStageWindow   - Scaled scene size:    799.0 x 824.0
13:28:09.835 [JavaFX Application Thread] DEBUG PrimaryStageWindow   - Scaled ratio: (0.7802734375, 0.8046875)
13:28:09.837 [JavaFX Application Thread] DEBUG PrimaryStageWindow   - Set initial scene to FXGLStartupScene
13:28:09.846 [JavaFX Application Thread] DEBUG PrimaryStageWindow   - Opening main window
13:28:09.973 [JavaFX Application Thread] DEBUG PrimaryStageWindow   - Window border size: (14.5999755859375, 37.5999755859375)
13:28:09.974 [JavaFX Application Thread] DEBUG PrimaryStageWindow   - Scaled size: 799.0 x 824.0
13:28:09.974 [JavaFX Application Thread] DEBUG PrimaryStageWindow   - Scaled ratio: (0.7802734375, 0.8046875)
13:28:09.975 [JavaFX Application Thread] DEBUG PrimaryStageWindow   - Scene size: 799.0 x 824.0
13:28:09.975 [JavaFX Application Thread] DEBUG PrimaryStageWindow   - Stage size: 813.5999755859375 x 861.5999755859375
13:28:09.989 [FXGL Background Thread 1 ] DEBUG Engine               - Initializing environment variables
13:28:10.081 [FXGL Background Thread 1 ] DEBUG FXGLAssetLoaderServi - User app class for loading assets: class myGame.DawnseekerApp
13:28:10.082 [FXGL Background Thread 1 ] DEBUG GameApplicationServi - Applying CSS: fxgl_dark.css
13:28:10.083 [FXGL Background Thread 1 ] DEBUG FXGLAssetLoaderServi - Loading from file system: jar:file:/C:/Users/narro/.m2/repository/com/github/almasb/fxgl/17.2/fxgl-17.2.jar!/fxglassets/ui/css/fxgl_dark.css
13:28:10.157 [FXGL Background Thread 1 ] DEBUG GameApplicationServi - Initializing application scenes
13:28:10.224 [FXGL Background Thread 1 ] DEBUG GameWorld            - Game world initialized
13:28:10.308 [FXGL Background Thread 1 ] DEBUG PhysicsWorld         - Physics world initialized: appHeight=1024, physics.ppm=50.0
13:28:10.309 [FXGL Background Thread 1 ] DEBUG PhysicsWorld         - Using strategy: BRUTE_FORCE
13:28:10.314 [FXGL Background Thread 1 ] DEBUG GameScene            - Game scene initialized: 1024x1024
13:28:10.315 [FXGL Background Thread 1 ] DEBUG FXGLAssetLoaderServi - Loading from file system: file:/C:/Users/narro/git/CS4900G2Proj2/Dawnseeker/target/classes/assets/music/shop.mp3
13:28:10.487 [FXGL Background Thread 1 ] DEBUG AudioPlayer          - Playing music com.almasb.fxgl.audio.Music@293a2ab1
13:28:10.507 [FXGL Background Thread 1 ] DEBUG FXGLAssetLoaderServi - Loading from file system: file:/C:/Users/narro/git/CS4900G2Proj2/Dawnseeker/target/classes/assets/textures/bg.png
13:28:10.632 [FXGL Background Thread 1 ] DEBUG FXGL.DefaultMenu     - createMenuBodyGameMenu()
13:28:10.651 [FXGL Background Thread 1 ] DEBUG FXGL.DefaultMenu     - createOptionsMenu()
13:28:10.660 [FXGL Background Thread 1 ] DEBUG FXGLAssetLoaderServi - Loading from file system: jar:file:/C:/Users/narro/.m2/repository/com/github/almasb/fxgl/17.2/fxgl-17.2.jar!/fxglassets/textures/particles/smoke.png
13:28:10.779 [FXGL Background Thread 1 ] DEBUG FXGLAssetLoaderServi - Loading from file system: jar:file:/C:/Users/narro/.m2/repository/com/github/almasb/fxgl/17.2/fxgl-17.2.jar!/fxglassets/textures/particles/trace_horizontal.png
13:28:10.803 [FXGL Background Thread 1 ] DEBUG GameApplicationServi - Application scenes initialized
13:28:10.822 [FXGL Background Thread 1 ] DEBUG SystemBundleService  - Loading FXGL system data
13:28:10.828 [FXGL Background Thread 1 ] DEBUG FileSystemAccess     - Reading from: C:\Users\narro\git\CS4900G2Proj2\Dawnseeker\system\fxgl.bundle
13:28:10.841 [FXGL Background Thread 1 ] DEBUG SystemBundleService  - Bundle FXGL: {}
13:28:10.841 [FXGL Background Thread 1 ] DEBUG UpdaterService       - Checking for updates
13:28:10.846 [FXGL Background Thread 4 ] DEBUG FXGLApplication      - Loading fonts
13:28:10.846 [FXGL Background Thread 1 ] DEBUG FXGLApplication      - Loading default localization
13:28:10.847 [FXGL Background Thread 4 ] DEBUG FXGLAssetLoaderServi - Loading from file system: jar:file:/C:/Users/narro/.m2/repository/com/github/almasb/fxgl/17.2/fxgl-17.2.jar!/fxglassets/ui/fonts/VarelaRound-Regular.ttf
13:28:10.847 [FXGL Background Thread 1 ] DEBUG FXGLAssetLoaderServi - Loading from file system: jar:file:/C:/Users/narro/.m2/repository/com/github/almasb/fxgl/17.2/fxgl-17.2.jar!/fxglassets/languages/english.lang
13:28:10.885 [FXGL Background Thread 1 ] INFO  FXGLApplication      - FXGL initialization took: 0.896 sec
13:28:10.893 [JavaFX Application Thread] DEBUG Input                - Registered new binding: action0 - LMB
13:28:10.903 [JavaFX Application Thread] DEBUG Input                - Registered new binding: Up - W
13:28:10.903 [JavaFX Application Thread] DEBUG Input                - Registered new binding: Down - S
13:28:10.904 [JavaFX Application Thread] DEBUG Input                - Registered new binding: Right - D
13:28:10.904 [JavaFX Application Thread] DEBUG Input                - Registered new binding: Left - A
13:28:10.904 [JavaFX Application Thread] DEBUG FXGLAssetLoaderServi - Loading from file system: jar:file:/C:/Users/narro/.m2/repository/com/github/almasb/fxgl/17.2/fxgl-17.2.jar!/fxglassets/textures/fxgl_icon.png
13:28:10.923 [JavaFX Application Thread] DEBUG FXGLAssetLoaderServi - Loading from file system: jar:file:/C:/Users/narro/.m2/repository/com/github/almasb/fxgl/17.2/fxgl-17.2.jar!/fxglassets/textures/fxgl_default_cursor.png
13:28:10.926 [JavaFX Application Thread] DEBUG Input                - Registered new binding: Screenshot - CTRL+8
13:28:10.927 [JavaFX Application Thread] DEBUG Input                - Registered new binding: System info dump - CTRL+9
13:28:10.928 [JavaFX Application Thread] DEBUG Input                - Registered new binding: Restart - CTRL+R
13:28:10.928 [JavaFX Application Thread] DEBUG Input                - Registered new binding: Toggle Debug Camera - CTRL+7
13:28:10.931 [JavaFX Application Thread] DEBUG LoopRunner           - Starting loop
13:28:10.931 [JavaFX Application Thread] DEBUG LoopRunner           - Initializing JavaFX AnimationTimerLoop
13:28:10.936 [JavaFX Application Thread] DEBUG Input                - Clearing active input actions
13:28:10.955 [JavaFX Application Thread] DEBUG GameApplicationServi - Removing overlay from FXGLStartupScene and adding to FXGLMainMenuDummyScene
13:28:10.955 [JavaFX Application Thread] DEBUG PrimaryStageWindow   - FXGLStartupScene -> FXGLMainMenuDummyScene
13:28:10.956 [JavaFX Application Thread] DEBUG PrimaryStageWindow   - Push state: DawnseekerMenu
13:28:10.956 [JavaFX Application Thread] DEBUG Input                - Clearing active input actions
13:28:10.962 [JavaFX Application Thread] DEBUG GameApplicationServi - Removing overlay from FXGLMainMenuDummyScene and adding to DawnseekerMenu
13:28:10.963 [JavaFX Application Thread] DEBUG PrimaryStageWindow   - FXGLMainMenuDummyScene -> DawnseekerMenu
13:28:10.977 [FXGL Background Thread 4 ] DEBUG FXGLAssetLoaderServi - Loading from file system: jar:file:/C:/Users/narro/.m2/repository/com/github/almasb/fxgl/17.2/fxgl-17.2.jar!/fxglassets/ui/fonts/Abel-Regular.ttf
13:28:11.000 [FXGL Background Thread 4 ] DEBUG FXGLAssetLoaderServi - Loading from file system: jar:file:/C:/Users/narro/.m2/repository/com/github/almasb/fxgl/17.2/fxgl-17.2.jar!/fxglassets/ui/fonts/TerminalLandMono-Regular.otf
13:28:11.018 [FXGL Background Thread 4 ] DEBUG FXGLAssetLoaderServi - Loading from file system: jar:file:/C:/Users/narro/.m2/repository/com/github/almasb/fxgl/17.2/fxgl-17.2.jar!/fxglassets/ui/fonts/Courier-Prime.ttf
13:28:11.069 [JavaFX Application Thread] DEBUG FXGLApplication      - Registering font factories with UI factory
13:28:11.449 [FXGL Background Thread 2 ] INFO  UpdaterService       - Your current version:  17.2
13:28:11.449 [FXGL Background Thread 2 ] INFO  UpdaterService       - Latest stable version: 17.3
13:28:11.685 [JavaFX Application Thread] DEBUG Menu                 - fireNewGame()
13:28:11.685 [JavaFX Application Thread] DEBUG GameApplicationServi - Starting new game
13:28:11.686 [JavaFX Application Thread] DEBUG PrimaryStageWindow   - Pop state: DawnseekerMenu
13:28:11.686 [JavaFX Application Thread] DEBUG Input                - Clearing active input actions
13:28:11.688 [JavaFX Application Thread] DEBUG GameApplicationServi - Removing overlay from DawnseekerMenu and adding to FXGLMainMenuDummyScene
13:28:11.689 [JavaFX Application Thread] DEBUG PrimaryStageWindow   - FXGLMainMenuDummyScene <- DawnseekerMenu
13:28:11.690 [JavaFX Application Thread] DEBUG Input                - Clearing active input actions
13:28:11.711 [JavaFX Application Thread] DEBUG GameApplicationServi - Removing overlay from FXGLMainMenuDummyScene and adding to FXGLLoadingScene
13:28:11.712 [JavaFX Application Thread] DEBUG PrimaryStageWindow   - FXGLMainMenuDummyScene -> FXGLLoadingScene
13:28:11.712 [JavaFX Application Thread] DEBUG GameApplicationServi - Clearing previous game
13:28:11.713 [JavaFX Application Thread] DEBUG GameScene            - Clearing game scene
13:28:11.713 [JavaFX Application Thread] DEBUG GameWorld            - Clearing game world
13:28:11.713 [JavaFX Application Thread] DEBUG PhysicsWorld         - Clearing physics world
13:28:11.717 [FXGL Background Thread 2 ] DEBUG FXGLApplication      - Initializing game
13:28:11.738 [FXGL Background Thread 2 ] DEBUG AudioPlayer          - Stopping music com.almasb.fxgl.audio.Music@293a2ab1
13:28:11.742 [FXGL Background Thread 2 ] DEBUG FXGLAssetLoaderServi - Loading from file system: file:/C:/Users/narro/git/CS4900G2Proj2/Dawnseeker/target/classes/assets/music/heartache.mp3
13:28:11.752 [FXGL Background Thread 2 ] DEBUG AudioPlayer          - Playing music com.almasb.fxgl.audio.Music@62d067fe
13:28:11.812 [FXGL Background Thread 2 ] DEBUG FXGLAssetLoaderServi - Loading from file system: file:/C:/Users/narro/git/CS4900G2Proj2/Dawnseeker/target/classes/assets/textures/DawnseekerPCV2.png
13:28:11.839 [FXGL Background Thread 2 ] DEBUG FXGLAssetLoaderServi - Loading from file system: file:/C:/Users/narro/git/CS4900G2Proj2/Dawnseeker/target/classes/assets/textures/DawnseekerPCV2Down.png
13:28:11.849 [FXGL Background Thread 2 ] DEBUG FXGLAssetLoaderServi - Loading from file system: file:/C:/Users/narro/git/CS4900G2Proj2/Dawnseeker/target/classes/assets/textures/DawnseekerPCV2Up.png
13:28:11.856 [FXGL Background Thread 2 ] DEBUG FXGLAssetLoaderServi - Loading from file system: file:/C:/Users/narro/git/CS4900G2Proj2/Dawnseeker/target/classes/assets/textures/DawnseekerPCV2Right.png
13:28:11.860 [FXGL Background Thread 2 ] DEBUG FXGLAssetLoaderServi - Loading from file system: file:/C:/Users/narro/git/CS4900G2Proj2/Dawnseeker/target/classes/assets/textures/DawnseekerPCV2Left.png
13:28:11.916 [FXGL Background Thread 2 ] WARN  GameWorld            - Entity is already attached to world
13:28:11.920 [FXGL Background Thread 2 ] WARN  Entity               - Entity already has component: com.almasb.fxgl.entity.components.CollidableComponent
13:28:11.921 [FXGL Background Thread 2 ] WARN  GameWorld            - Entity is already attached to world
13:28:11.923 [FXGL Background Thread 2 ] WARN  Entity               - Entity already has component: com.almasb.fxgl.entity.components.CollidableComponent
13:28:11.924 [FXGL Background Thread 2 ] WARN  GameWorld            - Entity is already attached to world
13:28:11.925 [FXGL Background Thread 2 ] WARN  Entity               - Entity already has component: com.almasb.fxgl.entity.components.CollidableComponent
13:28:11.926 [FXGL Background Thread 2 ] WARN  GameWorld            - Entity is already attached to world
13:28:11.928 [FXGL Background Thread 2 ] WARN  Entity               - Entity already has component: com.almasb.fxgl.entity.components.CollidableComponent
13:28:11.929 [FXGL Background Thread 2 ] WARN  GameWorld            - Entity is already attached to world
13:28:11.931 [FXGL Background Thread 2 ] WARN  GameWorld            - Entity is already attached to world
13:28:11.933 [FXGL Background Thread 2 ] WARN  GameWorld            - Entity is already attached to world
13:28:11.957 [FXGL Background Thread 2 ] INFO  FXGLApplication      - Game initialization took: 0.241 sec
13:28:11.965 [JavaFX Application Thread] DEBUG Input                - Clearing active input actions
13:28:11.982 [JavaFX Application Thread] DEBUG GameApplicationServi - Removing overlay from FXGLLoadingScene and adding to GameScene
13:28:11.982 [JavaFX Application Thread] DEBUG PrimaryStageWindow   - FXGLLoadingScene -> GameScene
13:28:12.654 [JavaFX Application Thread] DEBUG PrimaryStageWindow   - Push state: FXGLDefaultMenu
13:28:12.663 [JavaFX Application Thread] DEBUG Input                - Clearing active input actions
13:28:12.669 [JavaFX Application Thread] DEBUG GameApplicationServi - Removing overlay from GameScene and adding to FXGLDefaultMenu
13:28:12.671 [JavaFX Application Thread] DEBUG PrimaryStageWindow   - GameScene -> FXGLDefaultMenu
13:28:13.845 [FXGL Background Thread 3 ] DEBUG Engine               - Logging environment variables
13:28:13.846 [FXGL Background Thread 3 ] DEBUG Engine               - achievements: []
13:28:13.846 [FXGL Background Thread 3 ] DEBUG Engine               - actualHeight: 824.0
13:28:13.846 [FXGL Background Thread 3 ] DEBUG Engine               - actualHeightProperty: ReadOnlyDoubleProperty [value: 824.0]
13:28:13.846 [FXGL Background Thread 3 ] DEBUG Engine               - actualWidth: 799.0
13:28:13.846 [FXGL Background Thread 3 ] DEBUG Engine               - actualWidthProperty: ReadOnlyDoubleProperty [value: 799.0]
13:28:13.846 [FXGL Background Thread 3 ] DEBUG Engine               - appIcon: fxgl_icon.png
13:28:13.846 [FXGL Background Thread 3 ] DEBUG Engine               - applicationMode: DEVELOPER
13:28:13.846 [FXGL Background Thread 3 ] DEBUG Engine               - cSSList: [fxgl_dark.css]
13:28:13.846 [FXGL Background Thread 3 ] DEBUG Engine               - collisionDetectionStrategy: BRUTE_FORCE
13:28:13.847 [FXGL Background Thread 3 ] DEBUG Engine               - configClass: Optional.empty
13:28:13.847 [FXGL Background Thread 3 ] DEBUG Engine               - credits: []
13:28:13.847 [FXGL Background Thread 3 ] DEBUG Engine               - defaultCursor: CursorInfo(imageName=fxgl_default_cursor.png, hotspotX=7.0, hotspotY=6.0)
13:28:13.848 [FXGL Background Thread 3 ] DEBUG Engine               - devBBoxColorProperty: ObjectProperty [value: 0xff0000ff]
13:28:13.848 [FXGL Background Thread 3 ] DEBUG Engine               - devEnableDebugCameraProperty: BooleanProperty [value: false]
13:28:13.848 [FXGL Background Thread 3 ] DEBUG Engine               - devSensorColorProperty: ObjectProperty [value: 0xffff00ff]
13:28:13.848 [FXGL Background Thread 3 ] DEBUG Engine               - devShowBBoxProperty: BooleanProperty [value: false]
13:28:13.848 [FXGL Background Thread 3 ] DEBUG Engine               - devShowPositionProperty: BooleanProperty [value: false]
13:28:13.848 [FXGL Background Thread 3 ] DEBUG Engine               - enabledMenuItems: []
13:28:13.848 [FXGL Background Thread 3 ] DEBUG Engine               - engineServices: [class com.almasb.fxgl.app.services.FXGLAssetLoaderService, class com.almasb.fxgl.app.FXGLApplication$GameApplicationService, class com.almasb.fxgl.app.services.FXGLDialogService, class com.almasb.fxgl.app.services.IOTaskExecutorService, class com.almasb.fxgl.io.FileSystemService, class com.almasb.fxgl.localization.LocalizationService, class com.almasb.fxgl.app.services.SystemBundleService, class com.almasb.fxgl.profile.SaveLoadService, class com.almasb.fxgl.ui.FXGLUIFactoryServiceProvider, class com.almasb.fxgl.ui.FXGLDialogFactoryServiceProvider, class com.almasb.fxgl.audio.AudioPlayer, class com.almasb.fxgl.notification.impl.NotificationServiceProvider, class com.almasb.fxgl.achievement.AchievementService, class com.almasb.fxgl.cutscene.CutsceneService, class com.almasb.fxgl.minigames.MiniGameService, class com.almasb.fxgl.net.NetService, class com.almasb.fxgl.app.services.UpdaterService, class com.almasb.fxgl.dev.DevService]
13:28:13.848 [FXGL Background Thread 3 ] DEBUG Engine               - fontGame: Abel-Regular.ttf
13:28:13.849 [FXGL Background Thread 3 ] DEBUG Engine               - fontMono: TerminalLandMono-Regular.otf
13:28:13.849 [FXGL Background Thread 3 ] DEBUG Engine               - fontText: Courier-Prime.ttf
13:28:13.849 [FXGL Background Thread 3 ] DEBUG Engine               - fontUI: VarelaRound-Regular.ttf
13:28:13.849 [FXGL Background Thread 3 ] DEBUG Engine               - fullScreen: BooleanProperty [value: false]
13:28:13.849 [FXGL Background Thread 3 ] DEBUG Engine               - gameDifficulty: MEDIUM
13:28:13.849 [FXGL Background Thread 3 ] DEBUG Engine               - gameDifficultyProperty: ObjectProperty [value: MEDIUM]
13:28:13.849 [FXGL Background Thread 3 ] DEBUG Engine               - globalMusicVolume: 0.5
13:28:13.850 [FXGL Background Thread 3 ] DEBUG Engine               - globalMusicVolumeProperty: DoubleProperty [value: 0.5]
13:28:13.850 [FXGL Background Thread 3 ] DEBUG Engine               - globalSoundVolume: 0.5
13:28:13.850 [FXGL Background Thread 3 ] DEBUG Engine               - globalSoundVolumeProperty: DoubleProperty [value: 0.5]
13:28:13.850 [FXGL Background Thread 3 ] DEBUG Engine               - height: 1024
13:28:13.850 [FXGL Background Thread 3 ] DEBUG Engine               - is3D: false
13:28:13.850 [FXGL Background Thread 3 ] DEBUG Engine               - isAndroid: false
13:28:13.850 [FXGL Background Thread 3 ] DEBUG Engine               - isBrowser: false
13:28:13.851 [FXGL Background Thread 3 ] DEBUG Engine               - isClickFeedbackEnabled: false
13:28:13.851 [FXGL Background Thread 3 ] DEBUG Engine               - isCloseConfirmation: false
13:28:13.851 [FXGL Background Thread 3 ] DEBUG Engine               - isDesktop: true
13:28:13.851 [FXGL Background Thread 3 ] DEBUG Engine               - isDeveloperMenuEnabled: false
13:28:13.851 [FXGL Background Thread 3 ] DEBUG Engine               - isEmbedded: false
13:28:13.851 [FXGL Background Thread 3 ] DEBUG Engine               - isEntityPreloadEnabled: true
13:28:13.851 [FXGL Background Thread 3 ] DEBUG Engine               - isExperimentalTiledLargeMap: false
13:28:13.851 [FXGL Background Thread 3 ] DEBUG Engine               - isFileSystemWriteAllowed: true
13:28:13.852 [FXGL Background Thread 3 ] DEBUG Engine               - isFullScreenAllowed: false
13:28:13.852 [FXGL Background Thread 3 ] DEBUG Engine               - isFullScreenFromStart: false
13:28:13.852 [FXGL Background Thread 3 ] DEBUG Engine               - isGameMenuEnabled: true
13:28:13.853 [FXGL Background Thread 3 ] DEBUG Engine               - isIOS: false
13:28:13.853 [FXGL Background Thread 3 ] DEBUG Engine               - isIntroEnabled: false
13:28:13.853 [FXGL Background Thread 3 ] DEBUG Engine               - isLinux: false
13:28:13.853 [FXGL Background Thread 3 ] DEBUG Engine               - isMac: false
13:28:13.853 [FXGL Background Thread 3 ] DEBUG Engine               - isMainMenuEnabled: true
13:28:13.854 [FXGL Background Thread 3 ] DEBUG Engine               - isManualResizeEnabled: false
13:28:13.854 [FXGL Background Thread 3 ] DEBUG Engine               - isMobile: false
13:28:13.854 [FXGL Background Thread 3 ] DEBUG Engine               - isNative: false
13:28:13.854 [FXGL Background Thread 3 ] DEBUG Engine               - isPauseMusicWhenMinimized: true
13:28:13.854 [FXGL Background Thread 3 ] DEBUG Engine               - isPreserveResizeRatio: false
13:28:13.855 [FXGL Background Thread 3 ] DEBUG Engine               - isProfilingEnabled: false
13:28:13.855 [FXGL Background Thread 3 ] DEBUG Engine               - isScaleAffectedOnResize: true
13:28:13.855 [FXGL Background Thread 3 ] DEBUG Engine               - isSingleStep: false
13:28:13.855 [FXGL Background Thread 3 ] DEBUG Engine               - isUserProfileEnabled: false
13:28:13.855 [FXGL Background Thread 3 ] DEBUG Engine               - isWindows: true
13:28:13.855 [FXGL Background Thread 3 ] DEBUG Engine               - language: ObjectProperty [value: ENGLISH]
13:28:13.856 [FXGL Background Thread 3 ] DEBUG Engine               - menuKey: ESCAPE
13:28:13.856 [FXGL Background Thread 3 ] DEBUG Engine               - mouseSensitivity: 0.2
13:28:13.856 [FXGL Background Thread 3 ] DEBUG Engine               - notificationViewClass: class com.almasb.fxgl.notification.view.XboxNotificationView
13:28:13.856 [FXGL Background Thread 3 ] DEBUG Engine               - pixelsPerMeter: 50.0
13:28:13.856 [FXGL Background Thread 3 ] DEBUG Engine               - platform: WINDOWS
13:28:13.856 [FXGL Background Thread 3 ] DEBUG Engine               - prefHeightProperty: ReadOnlyDoubleProperty [value: 1024.0]
13:28:13.857 [FXGL Background Thread 3 ] DEBUG Engine               - prefWidthProperty: ReadOnlyDoubleProperty [value: 1024.0]
13:28:13.857 [FXGL Background Thread 3 ] DEBUG Engine               - profileDir: profiles/
13:28:13.857 [FXGL Background Thread 3 ] DEBUG Engine               - profileName: StringProperty [value: DEFAULT]
13:28:13.857 [FXGL Background Thread 3 ] DEBUG Engine               - randomSeed: -1
13:28:13.858 [FXGL Background Thread 3 ] DEBUG Engine               - runtimeInfo: RuntimeInfo(platform=WINDOWS, version=17.2, build=20.08.2022 16.50)
13:28:13.860 [FXGL Background Thread 3 ] DEBUG Engine               - saveFileExt: sav
13:28:13.860 [FXGL Background Thread 3 ] DEBUG Engine               - scaledHeightProp$fxgl: DoubleProperty [bound, value: 824.0]
13:28:13.860 [FXGL Background Thread 3 ] DEBUG Engine               - scaledWidthProp$fxgl: DoubleProperty [bound, value: 799.0]
13:28:13.860 [FXGL Background Thread 3 ] DEBUG Engine               - sceneFactory: myGame.DawnseekerApp$1@7d95ee81
13:28:13.860 [FXGL Background Thread 3 ] DEBUG Engine               - secondsIn24h: 60
13:28:13.860 [FXGL Background Thread 3 ] DEBUG Engine               - soundMenuBack: menu/back.wav
13:28:13.861 [FXGL Background Thread 3 ] DEBUG Engine               - soundMenuPress: menu/press.wav
13:28:13.861 [FXGL Background Thread 3 ] DEBUG Engine               - soundMenuSelect: menu/select.wav
13:28:13.861 [FXGL Background Thread 3 ] DEBUG Engine               - soundNotification: core/notification.wav
13:28:13.861 [FXGL Background Thread 3 ] DEBUG Engine               - stageStyle: DECORATED
13:28:13.861 [FXGL Background Thread 3 ] DEBUG Engine               - supportedLanguages: [ENGLISH, FRENCH, GERMAN, HUNGARIAN, RUSSIAN]
13:28:13.861 [FXGL Background Thread 3 ] DEBUG Engine               - ticksPerSecond: -1
13:28:13.861 [FXGL Background Thread 3 ] DEBUG Engine               - title: Dawnseeker
13:28:13.861 [FXGL Background Thread 3 ] DEBUG Engine               - urlGithub: https://github.com/AlmasB/FXGL
13:28:13.861 [FXGL Background Thread 3 ] DEBUG Engine               - urlLeaderboard: http://fxgl-top.herokuapp.com/
13:28:13.861 [FXGL Background Thread 3 ] DEBUG Engine               - urlPOM: https://raw.githubusercontent.com/AlmasB/FXGL/release/README.md
13:28:13.862 [FXGL Background Thread 3 ] DEBUG Engine               - userAppClass: class myGame.DawnseekerApp
13:28:13.862 [FXGL Background Thread 3 ] DEBUG Engine               - version: 0.4
13:28:13.862 [FXGL Background Thread 3 ] DEBUG Engine               - versionCheckDays: 7
13:28:13.862 [FXGL Background Thread 3 ] DEBUG Engine               - width: 1024
13:28:13.862 [FXGL Background Thread 3 ] DEBUG Engine               - Logging services
13:28:13.862 [FXGL Background Thread 3 ] DEBUG Engine               - class com.almasb.fxgl.app.services.FXGLAssetLoaderService
13:28:13.862 [FXGL Background Thread 3 ] DEBUG Engine               - class com.almasb.fxgl.app.FXGLApplication$GameApplicationService
13:28:13.862 [FXGL Background Thread 3 ] DEBUG Engine               - class com.almasb.fxgl.app.services.FXGLDialogService
13:28:13.862 [FXGL Background Thread 3 ] DEBUG Engine               - class com.almasb.fxgl.app.services.IOTaskExecutorService
13:28:13.862 [FXGL Background Thread 3 ] DEBUG Engine               - class com.almasb.fxgl.io.FileSystemService
13:28:13.863 [FXGL Background Thread 3 ] DEBUG Engine               - class com.almasb.fxgl.localization.LocalizationService
13:28:13.863 [FXGL Background Thread 3 ] DEBUG Engine               - class com.almasb.fxgl.app.services.SystemBundleService
13:28:13.863 [FXGL Background Thread 3 ] DEBUG Engine               - class com.almasb.fxgl.profile.SaveLoadService
13:28:13.863 [FXGL Background Thread 3 ] DEBUG Engine               - class com.almasb.fxgl.ui.FXGLUIFactoryServiceProvider
13:28:13.863 [FXGL Background Thread 3 ] DEBUG Engine               - class com.almasb.fxgl.ui.FXGLDialogFactoryServiceProvider
13:28:13.863 [FXGL Background Thread 3 ] DEBUG Engine               - class com.almasb.fxgl.audio.AudioPlayer
13:28:13.863 [FXGL Background Thread 3 ] DEBUG Engine               - class com.almasb.fxgl.notification.impl.NotificationServiceProvider
13:28:13.863 [FXGL Background Thread 3 ] DEBUG Engine               - class com.almasb.fxgl.achievement.AchievementService
13:28:13.863 [FXGL Background Thread 3 ] DEBUG Engine               - class com.almasb.fxgl.cutscene.CutsceneService
13:28:13.863 [FXGL Background Thread 3 ] DEBUG Engine               - class com.almasb.fxgl.minigames.MiniGameService
13:28:13.863 [FXGL Background Thread 3 ] DEBUG Engine               - class com.almasb.fxgl.net.NetService
13:28:13.864 [FXGL Background Thread 3 ] DEBUG Engine               - class com.almasb.fxgl.app.services.UpdaterService
13:28:13.864 [FXGL Background Thread 3 ] DEBUG Engine               - class com.almasb.fxgl.dev.DevService
13:28:18.574 [JavaFX Application Thread] DEBUG Menu                 - fireExitToMainMenu()
13:28:18.579 [JavaFX Application Thread] DEBUG PrimaryStageWindow   - Push state: DialogSubScene
13:28:18.579 [JavaFX Application Thread] DEBUG Input                - Clearing active input actions
13:28:18.580 [JavaFX Application Thread] DEBUG GameApplicationServi - Removing overlay from FXGLDefaultMenu and adding to DialogSubScene
13:28:18.580 [JavaFX Application Thread] DEBUG PrimaryStageWindow   - FXGLDefaultMenu -> DialogSubScene
13:28:20.202 [JavaFX Application Thread] DEBUG PrimaryStageWindow   - Pop state: DialogSubScene
13:28:20.202 [JavaFX Application Thread] DEBUG Input                - Clearing active input actions
13:28:20.203 [JavaFX Application Thread] DEBUG GameApplicationServi - Removing overlay from DialogSubScene and adding to FXGLDefaultMenu
13:28:20.204 [JavaFX Application Thread] DEBUG PrimaryStageWindow   - FXGLDefaultMenu <- DialogSubScene
13:28:20.205 [JavaFX Application Thread] DEBUG PrimaryStageWindow   - Pop state: FXGLDefaultMenu
13:28:20.205 [JavaFX Application Thread] DEBUG Input                - Clearing active input actions
13:28:20.206 [JavaFX Application Thread] DEBUG GameApplicationServi - Removing overlay from FXGLDefaultMenu and adding to GameScene
13:28:20.207 [JavaFX Application Thread] DEBUG PrimaryStageWindow   - GameScene <- FXGLDefaultMenu
13:28:20.207 [JavaFX Application Thread] DEBUG Input                - Clearing active input actions
13:28:20.233 [JavaFX Application Thread] DEBUG GameApplicationServi - Removing overlay from GameScene and adding to FXGLMainMenuDummyScene
13:28:20.234 [JavaFX Application Thread] DEBUG PrimaryStageWindow   - GameScene -> FXGLMainMenuDummyScene
13:28:20.234 [JavaFX Application Thread] DEBUG PrimaryStageWindow   - Push state: DawnseekerMenu
13:28:20.234 [JavaFX Application Thread] DEBUG Input                - Clearing active input actions
13:28:20.235 [JavaFX Application Thread] DEBUG GameApplicationServi - Removing overlay from FXGLMainMenuDummyScene and adding to DawnseekerMenu
13:28:20.235 [JavaFX Application Thread] DEBUG PrimaryStageWindow   - FXGLMainMenuDummyScene -> DawnseekerMenu
13:28:27.850 [JavaFX Application Thread] DEBUG FXGLApplication      - Exiting FXGL
13:28:27.850 [JavaFX Application Thread] DEBUG LoopRunner           - Stopping loop
13:28:27.850 [JavaFX Application Thread] DEBUG SystemBundleService  - Saving FXGL system data
13:28:27.856 [JavaFX Application Thread] DEBUG FileSystemAccess     - Writing to: C:\Users\narro\git\CS4900G2Proj2\Dawnseeker\system\fxgl.bundle
13:28:27.861 [JavaFX Application Thread] DEBUG Async                - Shutting down background threads
13:28:27.862 [JavaFX Application Thread] DEBUG PrimaryStageWindow   - Closing main window
13:28:27.888 [JavaFX Application Thread] DEBUG Logger               - Closing Logger
