20:33:03.210 [main                     ] DEBUG Logger               - Configured Logger
20:33:03.234 [main                     ] DEBUG GameApplication      - Logging settings
Title: Dawnseeker
Version: 0.4
Width: 1920
Height: 1080
Fullscreen: false
Intro: false
Profiling: false
Single step:false
App Mode: DEVELOPER
Menu Key: ESCAPE
Stage Style: DECORATED
Scene Factory: class myGame.DawnseekerApp$1

20:33:03.707 [JavaFX Application Thread] DEBUG FXGLApplication      - Initializing FXGL
20:33:03.711 [JavaFX Application Thread] INFO  Engine               - FXGL-17.2 (20.08.2022 16.50) on WINDOWS (J:19.0.2 FX:18)
20:33:03.711 [JavaFX Application Thread] DEBUG Engine               - JRE Vendor Name: Oracle Corporation
20:33:03.711 [JavaFX Application Thread] DEBUG Engine               - Running on OS: Windows 10 version 10.0
20:33:03.712 [JavaFX Application Thread] DEBUG Engine               - Architecture: amd64
20:33:03.712 [JavaFX Application Thread] INFO  Engine               - Source code and latest versions at: https://github.com/AlmasB/FXGL
20:33:03.712 [JavaFX Application Thread] INFO  Engine               -       Ask questions and discuss at: https://github.com/AlmasB/FXGL/discussions
20:33:03.712 [JavaFX Application Thread] INFO  Engine               -              Join the FXGL chat at: https://gitter.im/AlmasB/FXGL
20:33:03.827 [JavaFX Application Thread] DEBUG PrimaryStageWindow   - Creating a JavaFX scene
20:33:03.874 [JavaFX Application Thread] DEBUG PrimaryStageWindow   - Target settings size: 1920.0 x 1080.0
20:33:03.874 [JavaFX Application Thread] DEBUG PrimaryStageWindow   - Scaled scene size:    1920.0 x 1080.0
20:33:03.874 [JavaFX Application Thread] DEBUG PrimaryStageWindow   - Scaled ratio: (1.0, 1.0)
20:33:03.875 [JavaFX Application Thread] DEBUG PrimaryStageWindow   - Set initial scene to FXGLStartupScene
20:33:03.883 [JavaFX Application Thread] DEBUG PrimaryStageWindow   - Opening main window
20:33:03.991 [JavaFX Application Thread] DEBUG PrimaryStageWindow   - Window border size: (16.0, 39.0)
20:33:03.991 [JavaFX Application Thread] DEBUG PrimaryStageWindow   - Scaled size: 1920.0 x 1080.0
20:33:03.991 [JavaFX Application Thread] DEBUG PrimaryStageWindow   - Scaled ratio: (1.0, 1.0)
20:33:03.991 [JavaFX Application Thread] DEBUG PrimaryStageWindow   - Scene size: 1920.0 x 1080.0
20:33:03.991 [JavaFX Application Thread] DEBUG PrimaryStageWindow   - Stage size: 1936.0 x 1119.0
20:33:03.998 [FXGL Background Thread 1 ] DEBUG Engine               - Initializing environment variables
20:33:04.045 [FXGL Background Thread 1 ] DEBUG FXGLAssetLoaderServi - User app class for loading assets: class myGame.DawnseekerApp
20:33:04.045 [FXGL Background Thread 1 ] DEBUG GameApplicationServi - Applying CSS: fxgl_dark.css
20:33:04.046 [FXGL Background Thread 1 ] DEBUG FXGLAssetLoaderServi - Loading from file system: jar:file:/C:/Users/Morgan%20Johnson/.m2/repository/com/github/almasb/fxgl/17.2/fxgl-17.2.jar!/fxglassets/ui/css/fxgl_dark.css
20:33:04.087 [FXGL Background Thread 1 ] DEBUG GameApplicationServi - Initializing application scenes
20:33:04.123 [FXGL Background Thread 1 ] DEBUG GameWorld            - Game world initialized
20:33:04.188 [FXGL Background Thread 1 ] DEBUG PhysicsWorld         - Physics world initialized: appHeight=1080, physics.ppm=50.0
20:33:04.188 [FXGL Background Thread 1 ] DEBUG PhysicsWorld         - Using strategy: BRUTE_FORCE
20:33:04.192 [FXGL Background Thread 1 ] DEBUG GameScene            - Game scene initialized: 1920x1080
20:33:04.192 [FXGL Background Thread 1 ] DEBUG FXGLAssetLoaderServi - Loading from file system: file:/C:/Games/Schoolwork/Spring%2023/CS4900/DawnseekerWorkspace/CS4900G2Proj2/CS4900G2Proj2/Dawnseeker/target/classes/assets/music/shop.mp3
20:33:04.321 [FXGL Background Thread 1 ] DEBUG AudioPlayer          - Playing music com.almasb.fxgl.audio.Music@38fa88d0
20:33:04.340 [FXGL Background Thread 1 ] DEBUG FXGLAssetLoaderServi - Loading from file system: file:/C:/Games/Schoolwork/Spring%2023/CS4900/DawnseekerWorkspace/CS4900G2Proj2/CS4900G2Proj2/Dawnseeker/target/classes/assets/textures/bg.png
20:33:04.427 [FXGL Background Thread 1 ] DEBUG FXGL.DefaultMenu     - createMenuBodyGameMenu()
20:33:04.442 [FXGL Background Thread 1 ] DEBUG FXGL.DefaultMenu     - createOptionsMenu()
20:33:04.448 [FXGL Background Thread 1 ] DEBUG FXGLAssetLoaderServi - Loading from file system: jar:file:/C:/Users/Morgan%20Johnson/.m2/repository/com/github/almasb/fxgl/17.2/fxgl-17.2.jar!/fxglassets/textures/particles/smoke.png
20:33:04.524 [FXGL Background Thread 1 ] DEBUG FXGLAssetLoaderServi - Loading from file system: jar:file:/C:/Users/Morgan%20Johnson/.m2/repository/com/github/almasb/fxgl/17.2/fxgl-17.2.jar!/fxglassets/textures/particles/trace_horizontal.png
20:33:04.541 [FXGL Background Thread 1 ] DEBUG GameApplicationServi - Application scenes initialized
20:33:04.555 [FXGL Background Thread 1 ] DEBUG SystemBundleService  - Loading FXGL system data
20:33:04.563 [FXGL Background Thread 1 ] DEBUG FileSystemAccess     - Reading from: C:\Games\Schoolwork\Spring 23\CS4900\DawnseekerWorkspace\CS4900G2Proj2\CS4900G2Proj2\Dawnseeker\system\fxgl.bundle
20:33:04.573 [FXGL Background Thread 1 ] DEBUG SystemBundleService  - Bundle FXGL: {}
20:33:04.573 [FXGL Background Thread 1 ] DEBUG UpdaterService       - Checking for updates
20:33:04.578 [FXGL Background Thread 4 ] DEBUG FXGLApplication      - Loading fonts
20:33:04.578 [FXGL Background Thread 1 ] DEBUG FXGLApplication      - Loading default localization
20:33:04.578 [FXGL Background Thread 4 ] DEBUG FXGLAssetLoaderServi - Loading from file system: jar:file:/C:/Users/Morgan%20Johnson/.m2/repository/com/github/almasb/fxgl/17.2/fxgl-17.2.jar!/fxglassets/ui/fonts/VarelaRound-Regular.ttf
20:33:04.579 [FXGL Background Thread 1 ] DEBUG FXGLAssetLoaderServi - Loading from file system: jar:file:/C:/Users/Morgan%20Johnson/.m2/repository/com/github/almasb/fxgl/17.2/fxgl-17.2.jar!/fxglassets/languages/english.lang
20:33:04.598 [FXGL Background Thread 1 ] INFO  FXGLApplication      - FXGL initialization took: 0.599 sec
20:33:04.604 [JavaFX Application Thread] DEBUG Input                - Registered new binding: action0 - LMB
20:33:04.611 [JavaFX Application Thread] DEBUG Input                - Registered new binding: Up - W
20:33:04.611 [JavaFX Application Thread] DEBUG Input                - Registered new binding: Down - S
20:33:04.611 [JavaFX Application Thread] DEBUG Input                - Registered new binding: Right - D
20:33:04.611 [JavaFX Application Thread] DEBUG Input                - Registered new binding: Left - A
20:33:04.612 [JavaFX Application Thread] DEBUG FXGLAssetLoaderServi - Loading from file system: jar:file:/C:/Users/Morgan%20Johnson/.m2/repository/com/github/almasb/fxgl/17.2/fxgl-17.2.jar!/fxglassets/textures/fxgl_icon.png
20:33:04.633 [JavaFX Application Thread] DEBUG FXGLAssetLoaderServi - Loading from file system: jar:file:/C:/Users/Morgan%20Johnson/.m2/repository/com/github/almasb/fxgl/17.2/fxgl-17.2.jar!/fxglassets/textures/fxgl_default_cursor.png
20:33:04.635 [JavaFX Application Thread] DEBUG Input                - Registered new binding: Screenshot - CTRL+8
20:33:04.636 [JavaFX Application Thread] DEBUG Input                - Registered new binding: System info dump - CTRL+9
20:33:04.636 [JavaFX Application Thread] DEBUG Input                - Registered new binding: Restart - CTRL+R
20:33:04.638 [JavaFX Application Thread] DEBUG Input                - Registered new binding: Toggle Debug Camera - CTRL+7
20:33:04.641 [JavaFX Application Thread] DEBUG LoopRunner           - Starting loop
20:33:04.641 [JavaFX Application Thread] DEBUG LoopRunner           - Initializing JavaFX AnimationTimerLoop
20:33:04.645 [JavaFX Application Thread] DEBUG Input                - Clearing active input actions
20:33:04.658 [JavaFX Application Thread] DEBUG GameApplicationServi - Removing overlay from FXGLStartupScene and adding to FXGLMainMenuDummyScene
20:33:04.658 [JavaFX Application Thread] DEBUG PrimaryStageWindow   - FXGLStartupScene -> FXGLMainMenuDummyScene
20:33:04.658 [JavaFX Application Thread] DEBUG PrimaryStageWindow   - Push state: DawnseekerMenu
20:33:04.658 [JavaFX Application Thread] DEBUG Input                - Clearing active input actions
20:33:04.666 [JavaFX Application Thread] DEBUG GameApplicationServi - Removing overlay from FXGLMainMenuDummyScene and adding to DawnseekerMenu
20:33:04.667 [JavaFX Application Thread] DEBUG PrimaryStageWindow   - FXGLMainMenuDummyScene -> DawnseekerMenu
20:33:04.683 [FXGL Background Thread 4 ] DEBUG FXGLAssetLoaderServi - Loading from file system: jar:file:/C:/Users/Morgan%20Johnson/.m2/repository/com/github/almasb/fxgl/17.2/fxgl-17.2.jar!/fxglassets/ui/fonts/Abel-Regular.ttf
20:33:04.688 [FXGL Background Thread 4 ] DEBUG FXGLAssetLoaderServi - Loading from file system: jar:file:/C:/Users/Morgan%20Johnson/.m2/repository/com/github/almasb/fxgl/17.2/fxgl-17.2.jar!/fxglassets/ui/fonts/TerminalLandMono-Regular.otf
20:33:04.693 [FXGL Background Thread 4 ] DEBUG FXGLAssetLoaderServi - Loading from file system: jar:file:/C:/Users/Morgan%20Johnson/.m2/repository/com/github/almasb/fxgl/17.2/fxgl-17.2.jar!/fxglassets/ui/fonts/Courier-Prime.ttf
20:33:04.702 [JavaFX Application Thread] DEBUG FXGLApplication      - Registering font factories with UI factory
20:33:05.002 [FXGL Background Thread 2 ] INFO  UpdaterService       - Your current version:  17.2
20:33:05.002 [FXGL Background Thread 2 ] INFO  UpdaterService       - Latest stable version: 17.3
20:33:05.628 [JavaFX Application Thread] DEBUG Menu                 - fireNewGame()
20:33:05.628 [JavaFX Application Thread] DEBUG GameApplicationServi - Starting new game
20:33:05.628 [JavaFX Application Thread] DEBUG PrimaryStageWindow   - Pop state: DawnseekerMenu
20:33:05.629 [JavaFX Application Thread] DEBUG Input                - Clearing active input actions
20:33:05.629 [JavaFX Application Thread] DEBUG GameApplicationServi - Removing overlay from DawnseekerMenu and adding to FXGLMainMenuDummyScene
20:33:05.629 [JavaFX Application Thread] DEBUG PrimaryStageWindow   - FXGLMainMenuDummyScene <- DawnseekerMenu
20:33:05.629 [JavaFX Application Thread] DEBUG Input                - Clearing active input actions
20:33:05.635 [JavaFX Application Thread] DEBUG GameApplicationServi - Removing overlay from FXGLMainMenuDummyScene and adding to FXGLLoadingScene
20:33:05.635 [JavaFX Application Thread] DEBUG PrimaryStageWindow   - FXGLMainMenuDummyScene -> FXGLLoadingScene
20:33:05.635 [JavaFX Application Thread] DEBUG GameApplicationServi - Clearing previous game
20:33:05.635 [JavaFX Application Thread] DEBUG GameScene            - Clearing game scene
20:33:05.635 [JavaFX Application Thread] DEBUG GameWorld            - Clearing game world
20:33:05.636 [JavaFX Application Thread] DEBUG PhysicsWorld         - Clearing physics world
20:33:05.637 [FXGL Background Thread 2 ] DEBUG FXGLApplication      - Initializing game
20:33:05.640 [FXGL Background Thread 2 ] DEBUG AudioPlayer          - Stopping music com.almasb.fxgl.audio.Music@38fa88d0
20:33:05.661 [JavaFX Application Thread] DEBUG LoopRunner           - Stopping loop
20:33:05.662 [JavaFX Application Thread] FATAL FXGLApplication      - Uncaught Exception:
java.lang.RuntimeException: Initialization failed
	at com.almasb.fxgl.app.FXGLApplication$InitAppTask.failed(FXGLApplication.kt:343)
	at javafx.concurrent.Task.setState(Task.java:710)
	at javafx.concurrent.Task$TaskCallable.lambda$call$2(Task.java:1456)
	at com.sun.javafx.application.PlatformImpl.lambda$runLater$10(PlatformImpl.java:457)
	at java.base/java.security.AccessController.doPrivileged(AccessController.java:399)
	at com.sun.javafx.application.PlatformImpl.lambda$runLater$11(PlatformImpl.java:456)
	at com.sun.glass.ui.InvokeLaterDispatcher$Future.run(InvokeLaterDispatcher.java:96)
	at com.sun.glass.ui.win.WinApplication._runLoop(Native Method)
	at com.sun.glass.ui.win.WinApplication.lambda$runLoop$3(WinApplication.java:184)
	at java.base/java.lang.Thread.run(Thread.java:1589)
Caused by: java.lang.IllegalArgumentException: #iterator() cannot be used nested.
	at com.almasb.fxgl.core.collection.Array$ArrayIterator.hasNext(Array.java:704)
	at com.almasb.fxgl.audio.AudioPlayer.stopAllMusic(AudioPlayer.kt:204)
	at myGame.DawnseekerApp.initGame(DawnseekerApp.java:215)
	at com.almasb.fxgl.app.FXGLApplication$InitAppTask.initGame(FXGLApplication.kt:339)
	at com.almasb.fxgl.app.FXGLApplication$InitAppTask.call(FXGLApplication.kt:319)
	at com.almasb.fxgl.app.FXGLApplication$InitAppTask.call(FXGLApplication.kt:311)
	at javafx.concurrent.Task$TaskCallable.call(Task.java:1426)
	at java.base/java.util.concurrent.FutureTask.run(FutureTask.java:317)
	at java.base/java.util.concurrent.Executors$RunnableAdapter.call(Executors.java:577)
	at java.base/java.util.concurrent.FutureTask.run(FutureTask.java:317)
	at java.base/java.util.concurrent.ThreadPoolExecutor.runWorker(ThreadPoolExecutor.java:1144)
	at java.base/java.util.concurrent.ThreadPoolExecutor$Worker.run(ThreadPoolExecutor.java:642)
	... 1 more

20:33:05.662 [JavaFX Application Thread] FATAL FXGLApplication      - Application will now exit
20:33:05.676 [JavaFX Application Thread] DEBUG PrimaryStageWindow   - Push state: ErrorSubScene
20:33:05.676 [JavaFX Application Thread] DEBUG Input                - Clearing active input actions
20:33:05.682 [JavaFX Application Thread] DEBUG GameApplicationServi - Removing overlay from FXGLLoadingScene and adding to ErrorSubScene
20:33:05.682 [JavaFX Application Thread] DEBUG PrimaryStageWindow   - FXGLLoadingScene -> ErrorSubScene
20:33:07.576 [FXGL Background Thread 3 ] DEBUG Engine               - Logging environment variables
20:33:07.576 [FXGL Background Thread 3 ] DEBUG Engine               - achievements: []
20:33:07.576 [FXGL Background Thread 3 ] DEBUG Engine               - actualHeight: 1080.0
20:33:07.576 [FXGL Background Thread 3 ] DEBUG Engine               - actualHeightProperty: ReadOnlyDoubleProperty [value: 1080.0]
20:33:07.576 [FXGL Background Thread 3 ] DEBUG Engine               - actualWidth: 1920.0
20:33:07.576 [FXGL Background Thread 3 ] DEBUG Engine               - actualWidthProperty: ReadOnlyDoubleProperty [value: 1920.0]
20:33:07.576 [FXGL Background Thread 3 ] DEBUG Engine               - appIcon: fxgl_icon.png
20:33:07.576 [FXGL Background Thread 3 ] DEBUG Engine               - applicationMode: DEVELOPER
20:33:07.576 [FXGL Background Thread 3 ] DEBUG Engine               - cSSList: [fxgl_dark.css]
20:33:07.576 [FXGL Background Thread 3 ] DEBUG Engine               - collisionDetectionStrategy: BRUTE_FORCE
20:33:07.576 [FXGL Background Thread 3 ] DEBUG Engine               - configClass: Optional.empty
20:33:07.576 [FXGL Background Thread 3 ] DEBUG Engine               - credits: []
20:33:07.577 [FXGL Background Thread 3 ] DEBUG Engine               - defaultCursor: CursorInfo(imageName=fxgl_default_cursor.png, hotspotX=7.0, hotspotY=6.0)
20:33:07.577 [FXGL Background Thread 3 ] DEBUG Engine               - devBBoxColorProperty: ObjectProperty [value: 0xff0000ff]
20:33:07.577 [FXGL Background Thread 3 ] DEBUG Engine               - devEnableDebugCameraProperty: BooleanProperty [value: false]
20:33:07.577 [FXGL Background Thread 3 ] DEBUG Engine               - devSensorColorProperty: ObjectProperty [value: 0xffff00ff]
20:33:07.577 [FXGL Background Thread 3 ] DEBUG Engine               - devShowBBoxProperty: BooleanProperty [value: false]
20:33:07.577 [FXGL Background Thread 3 ] DEBUG Engine               - devShowPositionProperty: BooleanProperty [value: false]
20:33:07.577 [FXGL Background Thread 3 ] DEBUG Engine               - enabledMenuItems: []
20:33:07.578 [FXGL Background Thread 3 ] DEBUG Engine               - engineServices: [class com.almasb.fxgl.app.services.FXGLAssetLoaderService, class com.almasb.fxgl.app.FXGLApplication$GameApplicationService, class com.almasb.fxgl.app.services.FXGLDialogService, class com.almasb.fxgl.app.services.IOTaskExecutorService, class com.almasb.fxgl.io.FileSystemService, class com.almasb.fxgl.localization.LocalizationService, class com.almasb.fxgl.app.services.SystemBundleService, class com.almasb.fxgl.profile.SaveLoadService, class com.almasb.fxgl.ui.FXGLUIFactoryServiceProvider, class com.almasb.fxgl.ui.FXGLDialogFactoryServiceProvider, class com.almasb.fxgl.audio.AudioPlayer, class com.almasb.fxgl.notification.impl.NotificationServiceProvider, class com.almasb.fxgl.achievement.AchievementService, class com.almasb.fxgl.cutscene.CutsceneService, class com.almasb.fxgl.minigames.MiniGameService, class com.almasb.fxgl.net.NetService, class com.almasb.fxgl.app.services.UpdaterService, class com.almasb.fxgl.dev.DevService]
20:33:07.578 [FXGL Background Thread 3 ] DEBUG Engine               - fontGame: Abel-Regular.ttf
20:33:07.578 [FXGL Background Thread 3 ] DEBUG Engine               - fontMono: TerminalLandMono-Regular.otf
20:33:07.578 [FXGL Background Thread 3 ] DEBUG Engine               - fontText: Courier-Prime.ttf
20:33:07.578 [FXGL Background Thread 3 ] DEBUG Engine               - fontUI: VarelaRound-Regular.ttf
20:33:07.578 [FXGL Background Thread 3 ] DEBUG Engine               - fullScreen: BooleanProperty [value: false]
20:33:07.578 [FXGL Background Thread 3 ] DEBUG Engine               - gameDifficulty: MEDIUM
20:33:07.578 [FXGL Background Thread 3 ] DEBUG Engine               - gameDifficultyProperty: ObjectProperty [value: MEDIUM]
20:33:07.578 [FXGL Background Thread 3 ] DEBUG Engine               - globalMusicVolume: 0.5
20:33:07.578 [FXGL Background Thread 3 ] DEBUG Engine               - globalMusicVolumeProperty: DoubleProperty [value: 0.5]
20:33:07.578 [FXGL Background Thread 3 ] DEBUG Engine               - globalSoundVolume: 0.5
20:33:07.578 [FXGL Background Thread 3 ] DEBUG Engine               - globalSoundVolumeProperty: DoubleProperty [value: 0.5]
20:33:07.578 [FXGL Background Thread 3 ] DEBUG Engine               - height: 1080
20:33:07.578 [FXGL Background Thread 3 ] DEBUG Engine               - is3D: false
20:33:07.578 [FXGL Background Thread 3 ] DEBUG Engine               - isAndroid: false
20:33:07.578 [FXGL Background Thread 3 ] DEBUG Engine               - isBrowser: false
20:33:07.578 [FXGL Background Thread 3 ] DEBUG Engine               - isClickFeedbackEnabled: false
20:33:07.578 [FXGL Background Thread 3 ] DEBUG Engine               - isCloseConfirmation: false
20:33:07.578 [FXGL Background Thread 3 ] DEBUG Engine               - isDesktop: true
20:33:07.578 [FXGL Background Thread 3 ] DEBUG Engine               - isDeveloperMenuEnabled: false
20:33:07.579 [FXGL Background Thread 3 ] DEBUG Engine               - isEmbedded: false
20:33:07.579 [FXGL Background Thread 3 ] DEBUG Engine               - isEntityPreloadEnabled: true
20:33:07.579 [FXGL Background Thread 3 ] DEBUG Engine               - isExperimentalTiledLargeMap: false
20:33:07.579 [FXGL Background Thread 3 ] DEBUG Engine               - isFileSystemWriteAllowed: true
20:33:07.579 [FXGL Background Thread 3 ] DEBUG Engine               - isFullScreenAllowed: false
20:33:07.579 [FXGL Background Thread 3 ] DEBUG Engine               - isFullScreenFromStart: false
20:33:07.579 [FXGL Background Thread 3 ] DEBUG Engine               - isGameMenuEnabled: true
20:33:07.579 [FXGL Background Thread 3 ] DEBUG Engine               - isIOS: false
20:33:07.579 [FXGL Background Thread 3 ] DEBUG Engine               - isIntroEnabled: false
20:33:07.579 [FXGL Background Thread 3 ] DEBUG Engine               - isLinux: false
20:33:07.579 [FXGL Background Thread 3 ] DEBUG Engine               - isMac: false
20:33:07.579 [FXGL Background Thread 3 ] DEBUG Engine               - isMainMenuEnabled: true
20:33:07.579 [FXGL Background Thread 3 ] DEBUG Engine               - isManualResizeEnabled: false
20:33:07.579 [FXGL Background Thread 3 ] DEBUG Engine               - isMobile: false
20:33:07.579 [FXGL Background Thread 3 ] DEBUG Engine               - isNative: false
20:33:07.579 [FXGL Background Thread 3 ] DEBUG Engine               - isPauseMusicWhenMinimized: true
20:33:07.579 [FXGL Background Thread 3 ] DEBUG Engine               - isPreserveResizeRatio: false
20:33:07.579 [FXGL Background Thread 3 ] DEBUG Engine               - isProfilingEnabled: false
20:33:07.579 [FXGL Background Thread 3 ] DEBUG Engine               - isScaleAffectedOnResize: true
20:33:07.579 [FXGL Background Thread 3 ] DEBUG Engine               - isSingleStep: false
20:33:07.579 [FXGL Background Thread 3 ] DEBUG Engine               - isUserProfileEnabled: false
20:33:07.579 [FXGL Background Thread 3 ] DEBUG Engine               - isWindows: true
20:33:07.579 [FXGL Background Thread 3 ] DEBUG Engine               - language: ObjectProperty [value: ENGLISH]
20:33:07.579 [FXGL Background Thread 3 ] DEBUG Engine               - menuKey: ESCAPE
20:33:07.579 [FXGL Background Thread 3 ] DEBUG Engine               - mouseSensitivity: 0.2
20:33:07.579 [FXGL Background Thread 3 ] DEBUG Engine               - notificationViewClass: class com.almasb.fxgl.notification.view.XboxNotificationView
20:33:07.579 [FXGL Background Thread 3 ] DEBUG Engine               - pixelsPerMeter: 50.0
20:33:07.579 [FXGL Background Thread 3 ] DEBUG Engine               - platform: WINDOWS
20:33:07.580 [FXGL Background Thread 3 ] DEBUG Engine               - prefHeightProperty: ReadOnlyDoubleProperty [value: 1080.0]
20:33:07.580 [FXGL Background Thread 3 ] DEBUG Engine               - prefWidthProperty: ReadOnlyDoubleProperty [value: 1920.0]
20:33:07.580 [FXGL Background Thread 3 ] DEBUG Engine               - profileDir: profiles/
20:33:07.580 [FXGL Background Thread 3 ] DEBUG Engine               - profileName: StringProperty [value: DEFAULT]
20:33:07.580 [FXGL Background Thread 3 ] DEBUG Engine               - randomSeed: -1
20:33:07.580 [FXGL Background Thread 3 ] DEBUG Engine               - runtimeInfo: RuntimeInfo(platform=WINDOWS, version=17.2, build=20.08.2022 16.50)
20:33:07.580 [FXGL Background Thread 3 ] DEBUG Engine               - saveFileExt: sav
20:33:07.580 [FXGL Background Thread 3 ] DEBUG Engine               - scaledHeightProp$fxgl: DoubleProperty [bound, value: 1080.0]
20:33:07.580 [FXGL Background Thread 3 ] DEBUG Engine               - scaledWidthProp$fxgl: DoubleProperty [bound, value: 1920.0]
20:33:07.580 [FXGL Background Thread 3 ] DEBUG Engine               - sceneFactory: myGame.DawnseekerApp$1@6e63d248
20:33:07.580 [FXGL Background Thread 3 ] DEBUG Engine               - secondsIn24h: 60
20:33:07.580 [FXGL Background Thread 3 ] DEBUG Engine               - soundMenuBack: menu/back.wav
20:33:07.580 [FXGL Background Thread 3 ] DEBUG Engine               - soundMenuPress: menu/press.wav
20:33:07.580 [FXGL Background Thread 3 ] DEBUG Engine               - soundMenuSelect: menu/select.wav
20:33:07.580 [FXGL Background Thread 3 ] DEBUG Engine               - soundNotification: core/notification.wav
20:33:07.580 [FXGL Background Thread 3 ] DEBUG Engine               - stageStyle: DECORATED
20:33:07.580 [FXGL Background Thread 3 ] DEBUG Engine               - supportedLanguages: [ENGLISH, FRENCH, GERMAN, HUNGARIAN, RUSSIAN]
20:33:07.580 [FXGL Background Thread 3 ] DEBUG Engine               - ticksPerSecond: -1
20:33:07.580 [FXGL Background Thread 3 ] DEBUG Engine               - title: Dawnseeker
20:33:07.580 [FXGL Background Thread 3 ] DEBUG Engine               - urlGithub: https://github.com/AlmasB/FXGL
20:33:07.581 [FXGL Background Thread 3 ] DEBUG Engine               - urlLeaderboard: http://fxgl-top.herokuapp.com/
20:33:07.581 [FXGL Background Thread 3 ] DEBUG Engine               - urlPOM: https://raw.githubusercontent.com/AlmasB/FXGL/release/README.md
20:33:07.581 [FXGL Background Thread 3 ] DEBUG Engine               - userAppClass: class myGame.DawnseekerApp
20:33:07.581 [FXGL Background Thread 3 ] DEBUG Engine               - version: 0.4
20:33:07.581 [FXGL Background Thread 3 ] DEBUG Engine               - versionCheckDays: 7
20:33:07.581 [FXGL Background Thread 3 ] DEBUG Engine               - width: 1920
20:33:07.581 [FXGL Background Thread 3 ] DEBUG Engine               - Logging services
20:33:07.581 [FXGL Background Thread 3 ] DEBUG Engine               - class com.almasb.fxgl.app.services.FXGLAssetLoaderService
20:33:07.581 [FXGL Background Thread 3 ] DEBUG Engine               - class com.almasb.fxgl.app.FXGLApplication$GameApplicationService
20:33:07.581 [FXGL Background Thread 3 ] DEBUG Engine               - class com.almasb.fxgl.app.services.FXGLDialogService
20:33:07.581 [FXGL Background Thread 3 ] DEBUG Engine               - class com.almasb.fxgl.app.services.IOTaskExecutorService
20:33:07.581 [FXGL Background Thread 3 ] DEBUG Engine               - class com.almasb.fxgl.io.FileSystemService
20:33:07.581 [FXGL Background Thread 3 ] DEBUG Engine               - class com.almasb.fxgl.localization.LocalizationService
20:33:07.581 [FXGL Background Thread 3 ] DEBUG Engine               - class com.almasb.fxgl.app.services.SystemBundleService
20:33:07.581 [FXGL Background Thread 3 ] DEBUG Engine               - class com.almasb.fxgl.profile.SaveLoadService
20:33:07.581 [FXGL Background Thread 3 ] DEBUG Engine               - class com.almasb.fxgl.ui.FXGLUIFactoryServiceProvider
20:33:07.581 [FXGL Background Thread 3 ] DEBUG Engine               - class com.almasb.fxgl.ui.FXGLDialogFactoryServiceProvider
20:33:07.581 [FXGL Background Thread 3 ] DEBUG Engine               - class com.almasb.fxgl.audio.AudioPlayer
20:33:07.581 [FXGL Background Thread 3 ] DEBUG Engine               - class com.almasb.fxgl.notification.impl.NotificationServiceProvider
20:33:07.581 [FXGL Background Thread 3 ] DEBUG Engine               - class com.almasb.fxgl.achievement.AchievementService
20:33:07.581 [FXGL Background Thread 3 ] DEBUG Engine               - class com.almasb.fxgl.cutscene.CutsceneService
20:33:07.581 [FXGL Background Thread 3 ] DEBUG Engine               - class com.almasb.fxgl.minigames.MiniGameService
20:33:07.581 [FXGL Background Thread 3 ] DEBUG Engine               - class com.almasb.fxgl.net.NetService
20:33:07.581 [FXGL Background Thread 3 ] DEBUG Engine               - class com.almasb.fxgl.app.services.UpdaterService
20:33:07.581 [FXGL Background Thread 3 ] DEBUG Engine               - class com.almasb.fxgl.dev.DevService
20:33:09.451 [JavaFX Application Thread] DEBUG FXGLApplication      - Exiting FXGL
20:33:09.452 [JavaFX Application Thread] DEBUG Async                - Shutting down background threads
20:33:09.452 [JavaFX Application Thread] DEBUG PrimaryStageWindow   - Closing main window
20:33:09.466 [JavaFX Application Thread] DEBUG Logger               - Closing Logger
