13:26:38.631 [main                     ] DEBUG Logger               - Configured Logger
13:26:38.667 [main                     ] DEBUG GameApplication      - Logging settings
Title: Dawnseeker
Version: 0.4
Width: 1024
Height: 1024
Fullscreen: false
Intro: false
Profiling: false
Single step:false
App Mode: DEVELOPER
Menu Key: ESCAPE
Stage Style: DECORATED
Scene Factory: class myGame.DawnseekerApp$1

13:26:39.165 [JavaFX Application Thread] DEBUG FXGLApplication      - Initializing FXGL
13:26:39.176 [JavaFX Application Thread] INFO  Engine               - FXGL-17.2 (20.08.2022 16.50) on WINDOWS (J:19.0.2 FX:18)
13:26:39.177 [JavaFX Application Thread] DEBUG Engine               - JRE Vendor Name: Oracle Corporation
13:26:39.178 [JavaFX Application Thread] DEBUG Engine               - Running on OS: Windows 10 version 10.0
13:26:39.178 [JavaFX Application Thread] DEBUG Engine               - Architecture: amd64
13:26:39.178 [JavaFX Application Thread] INFO  Engine               - Source code and latest versions at: https://github.com/AlmasB/FXGL
13:26:39.178 [JavaFX Application Thread] INFO  Engine               -       Ask questions and discuss at: https://github.com/AlmasB/FXGL/discussions
13:26:39.179 [JavaFX Application Thread] INFO  Engine               -              Join the FXGL chat at: https://gitter.im/AlmasB/FXGL
13:26:39.361 [JavaFX Application Thread] DEBUG PrimaryStageWindow   - Creating a JavaFX scene
13:26:39.362 [JavaFX Application Thread] DEBUG PrimaryStageWindow   - Target size > screen size
13:26:39.438 [JavaFX Application Thread] DEBUG PrimaryStageWindow   - Target settings size: 1024.0 x 1024.0
13:26:39.438 [JavaFX Application Thread] DEBUG PrimaryStageWindow   - Scaled scene size:    799.0 x 824.0
13:26:39.439 [JavaFX Application Thread] DEBUG PrimaryStageWindow   - Scaled ratio: (0.7802734375, 0.8046875)
13:26:39.441 [JavaFX Application Thread] DEBUG PrimaryStageWindow   - Set initial scene to FXGLStartupScene
13:26:39.454 [JavaFX Application Thread] DEBUG PrimaryStageWindow   - Opening main window
13:26:39.594 [JavaFX Application Thread] DEBUG PrimaryStageWindow   - Window border size: (14.5999755859375, 37.5999755859375)
13:26:39.594 [JavaFX Application Thread] DEBUG PrimaryStageWindow   - Scaled size: 799.0 x 824.0
13:26:39.595 [JavaFX Application Thread] DEBUG PrimaryStageWindow   - Scaled ratio: (0.7802734375, 0.8046875)
13:26:39.595 [JavaFX Application Thread] DEBUG PrimaryStageWindow   - Scene size: 799.0 x 824.0
13:26:39.595 [JavaFX Application Thread] DEBUG PrimaryStageWindow   - Stage size: 813.5999755859375 x 861.5999755859375
13:26:39.607 [FXGL Background Thread 1 ] DEBUG Engine               - Initializing environment variables
13:26:39.698 [FXGL Background Thread 1 ] DEBUG FXGLAssetLoaderServi - User app class for loading assets: class myGame.DawnseekerApp
13:26:39.699 [FXGL Background Thread 1 ] DEBUG GameApplicationServi - Applying CSS: fxgl_dark.css
13:26:39.705 [FXGL Background Thread 1 ] DEBUG FXGLAssetLoaderServi - Loading from file system: jar:file:/C:/Users/narro/.m2/repository/com/github/almasb/fxgl/17.2/fxgl-17.2.jar!/fxglassets/ui/css/fxgl_dark.css
13:26:39.779 [FXGL Background Thread 1 ] DEBUG GameApplicationServi - Initializing application scenes
13:26:39.862 [FXGL Background Thread 1 ] DEBUG GameWorld            - Game world initialized
13:26:39.963 [FXGL Background Thread 1 ] DEBUG PhysicsWorld         - Physics world initialized: appHeight=1024, physics.ppm=50.0
13:26:39.963 [FXGL Background Thread 1 ] DEBUG PhysicsWorld         - Using strategy: BRUTE_FORCE
13:26:39.973 [FXGL Background Thread 1 ] DEBUG GameScene            - Game scene initialized: 1024x1024
13:26:39.973 [FXGL Background Thread 1 ] DEBUG FXGLAssetLoaderServi - Loading from file system: file:/C:/Users/narro/git/CS4900G2Proj2/Dawnseeker/target/classes/assets/music/shop.mp3
13:26:40.160 [FXGL Background Thread 1 ] DEBUG AudioPlayer          - Playing music com.almasb.fxgl.audio.Music@25db0863
13:26:40.185 [FXGL Background Thread 1 ] DEBUG FXGLAssetLoaderServi - Loading from file system: file:/C:/Users/narro/git/CS4900G2Proj2/Dawnseeker/target/classes/assets/textures/bg.png
13:26:40.297 [FXGL Background Thread 1 ] DEBUG FXGL.DefaultMenu     - createMenuBodyGameMenu()
13:26:40.317 [FXGL Background Thread 1 ] DEBUG FXGL.DefaultMenu     - createOptionsMenu()
13:26:40.329 [FXGL Background Thread 1 ] DEBUG FXGLAssetLoaderServi - Loading from file system: jar:file:/C:/Users/narro/.m2/repository/com/github/almasb/fxgl/17.2/fxgl-17.2.jar!/fxglassets/textures/particles/smoke.png
13:26:40.526 [FXGL Background Thread 1 ] DEBUG FXGLAssetLoaderServi - Loading from file system: jar:file:/C:/Users/narro/.m2/repository/com/github/almasb/fxgl/17.2/fxgl-17.2.jar!/fxglassets/textures/particles/trace_horizontal.png
13:26:40.559 [FXGL Background Thread 1 ] DEBUG GameApplicationServi - Application scenes initialized
13:26:40.583 [FXGL Background Thread 1 ] DEBUG SystemBundleService  - Loading FXGL system data
13:26:40.591 [FXGL Background Thread 1 ] DEBUG FileSystemAccess     - Reading from: C:\Users\narro\git\CS4900G2Proj2\Dawnseeker\system\fxgl.bundle
13:26:40.608 [FXGL Background Thread 1 ] DEBUG SystemBundleService  - Bundle FXGL: {}
13:26:40.609 [FXGL Background Thread 1 ] DEBUG UpdaterService       - Checking for updates
13:26:40.618 [FXGL Background Thread 4 ] DEBUG FXGLApplication      - Loading fonts
13:26:40.619 [FXGL Background Thread 4 ] DEBUG FXGLAssetLoaderServi - Loading from file system: jar:file:/C:/Users/narro/.m2/repository/com/github/almasb/fxgl/17.2/fxgl-17.2.jar!/fxglassets/ui/fonts/VarelaRound-Regular.ttf
13:26:40.620 [FXGL Background Thread 1 ] DEBUG FXGLApplication      - Loading default localization
13:26:40.622 [FXGL Background Thread 1 ] DEBUG FXGLAssetLoaderServi - Loading from file system: jar:file:/C:/Users/narro/.m2/repository/com/github/almasb/fxgl/17.2/fxgl-17.2.jar!/fxglassets/languages/english.lang
13:26:40.658 [FXGL Background Thread 1 ] INFO  FXGLApplication      - FXGL initialization took: 1.051 sec
13:26:40.822 [FXGL Background Thread 4 ] DEBUG FXGLAssetLoaderServi - Loading from file system: jar:file:/C:/Users/narro/.m2/repository/com/github/almasb/fxgl/17.2/fxgl-17.2.jar!/fxglassets/ui/fonts/Abel-Regular.ttf
13:26:40.840 [FXGL Background Thread 4 ] DEBUG FXGLAssetLoaderServi - Loading from file system: jar:file:/C:/Users/narro/.m2/repository/com/github/almasb/fxgl/17.2/fxgl-17.2.jar!/fxglassets/ui/fonts/TerminalLandMono-Regular.otf
13:26:40.858 [FXGL Background Thread 4 ] DEBUG FXGLAssetLoaderServi - Loading from file system: jar:file:/C:/Users/narro/.m2/repository/com/github/almasb/fxgl/17.2/fxgl-17.2.jar!/fxglassets/ui/fonts/Courier-Prime.ttf
13:26:40.889 [JavaFX Application Thread] DEBUG Input                - Registered new binding: action0 - LMB
13:26:40.901 [JavaFX Application Thread] DEBUG Input                - Registered new binding: Up - W
13:26:40.901 [JavaFX Application Thread] DEBUG Input                - Registered new binding: Down - S
13:26:40.902 [JavaFX Application Thread] DEBUG Input                - Registered new binding: Right - D
13:26:40.902 [JavaFX Application Thread] DEBUG Input                - Registered new binding: Left - A
13:26:40.905 [JavaFX Application Thread] DEBUG FXGLAssetLoaderServi - Loading from file system: jar:file:/C:/Users/narro/.m2/repository/com/github/almasb/fxgl/17.2/fxgl-17.2.jar!/fxglassets/textures/fxgl_icon.png
13:26:40.939 [JavaFX Application Thread] DEBUG FXGLAssetLoaderServi - Loading from file system: jar:file:/C:/Users/narro/.m2/repository/com/github/almasb/fxgl/17.2/fxgl-17.2.jar!/fxglassets/textures/fxgl_default_cursor.png
13:26:40.943 [JavaFX Application Thread] DEBUG Input                - Registered new binding: Screenshot - CTRL+8
13:26:40.944 [JavaFX Application Thread] DEBUG Input                - Registered new binding: System info dump - CTRL+9
13:26:40.944 [JavaFX Application Thread] DEBUG Input                - Registered new binding: Restart - CTRL+R
13:26:40.946 [JavaFX Application Thread] DEBUG Input                - Registered new binding: Toggle Debug Camera - CTRL+7
13:26:40.951 [JavaFX Application Thread] DEBUG LoopRunner           - Starting loop
13:26:40.951 [JavaFX Application Thread] DEBUG LoopRunner           - Initializing JavaFX AnimationTimerLoop
13:26:40.956 [JavaFX Application Thread] DEBUG Input                - Clearing active input actions
13:26:40.977 [JavaFX Application Thread] DEBUG GameApplicationServi - Removing overlay from FXGLStartupScene and adding to FXGLMainMenuDummyScene
13:26:40.978 [JavaFX Application Thread] DEBUG PrimaryStageWindow   - FXGLStartupScene -> FXGLMainMenuDummyScene
13:26:40.978 [JavaFX Application Thread] DEBUG PrimaryStageWindow   - Push state: DawnseekerMenu
13:26:40.978 [JavaFX Application Thread] DEBUG Input                - Clearing active input actions
13:26:40.985 [JavaFX Application Thread] DEBUG GameApplicationServi - Removing overlay from FXGLMainMenuDummyScene and adding to DawnseekerMenu
13:26:40.986 [JavaFX Application Thread] DEBUG PrimaryStageWindow   - FXGLMainMenuDummyScene -> DawnseekerMenu
13:26:40.986 [JavaFX Application Thread] DEBUG FXGLApplication      - Registering font factories with UI factory
13:26:41.377 [FXGL Background Thread 2 ] INFO  UpdaterService       - Your current version:  17.2
13:26:41.378 [FXGL Background Thread 2 ] INFO  UpdaterService       - Latest stable version: 17.3
13:26:43.618 [FXGL Background Thread 3 ] DEBUG Engine               - Logging environment variables
13:26:43.620 [FXGL Background Thread 3 ] DEBUG Engine               - achievements: []
13:26:43.620 [FXGL Background Thread 3 ] DEBUG Engine               - actualHeight: 824.0
13:26:43.620 [FXGL Background Thread 3 ] DEBUG Engine               - actualHeightProperty: ReadOnlyDoubleProperty [value: 824.0]
13:26:43.621 [FXGL Background Thread 3 ] DEBUG Engine               - actualWidth: 799.0
13:26:43.621 [FXGL Background Thread 3 ] DEBUG Engine               - actualWidthProperty: ReadOnlyDoubleProperty [value: 799.0]
13:26:43.621 [FXGL Background Thread 3 ] DEBUG Engine               - appIcon: fxgl_icon.png
13:26:43.621 [FXGL Background Thread 3 ] DEBUG Engine               - applicationMode: DEVELOPER
13:26:43.621 [FXGL Background Thread 3 ] DEBUG Engine               - cSSList: [fxgl_dark.css]
13:26:43.622 [FXGL Background Thread 3 ] DEBUG Engine               - collisionDetectionStrategy: BRUTE_FORCE
13:26:43.622 [FXGL Background Thread 3 ] DEBUG Engine               - configClass: Optional.empty
13:26:43.622 [FXGL Background Thread 3 ] DEBUG Engine               - credits: []
13:26:43.623 [FXGL Background Thread 3 ] DEBUG Engine               - defaultCursor: CursorInfo(imageName=fxgl_default_cursor.png, hotspotX=7.0, hotspotY=6.0)
13:26:43.624 [FXGL Background Thread 3 ] DEBUG Engine               - devBBoxColorProperty: ObjectProperty [value: 0xff0000ff]
13:26:43.624 [FXGL Background Thread 3 ] DEBUG Engine               - devEnableDebugCameraProperty: BooleanProperty [value: false]
13:26:43.624 [FXGL Background Thread 3 ] DEBUG Engine               - devSensorColorProperty: ObjectProperty [value: 0xffff00ff]
13:26:43.624 [FXGL Background Thread 3 ] DEBUG Engine               - devShowBBoxProperty: BooleanProperty [value: false]
13:26:43.625 [FXGL Background Thread 3 ] DEBUG Engine               - devShowPositionProperty: BooleanProperty [value: false]
13:26:43.625 [FXGL Background Thread 3 ] DEBUG Engine               - enabledMenuItems: []
13:26:43.626 [FXGL Background Thread 3 ] DEBUG Engine               - engineServices: [class com.almasb.fxgl.app.services.FXGLAssetLoaderService, class com.almasb.fxgl.app.FXGLApplication$GameApplicationService, class com.almasb.fxgl.app.services.FXGLDialogService, class com.almasb.fxgl.app.services.IOTaskExecutorService, class com.almasb.fxgl.io.FileSystemService, class com.almasb.fxgl.localization.LocalizationService, class com.almasb.fxgl.app.services.SystemBundleService, class com.almasb.fxgl.profile.SaveLoadService, class com.almasb.fxgl.ui.FXGLUIFactoryServiceProvider, class com.almasb.fxgl.ui.FXGLDialogFactoryServiceProvider, class com.almasb.fxgl.audio.AudioPlayer, class com.almasb.fxgl.notification.impl.NotificationServiceProvider, class com.almasb.fxgl.achievement.AchievementService, class com.almasb.fxgl.cutscene.CutsceneService, class com.almasb.fxgl.minigames.MiniGameService, class com.almasb.fxgl.net.NetService, class com.almasb.fxgl.app.services.UpdaterService, class com.almasb.fxgl.dev.DevService]
13:26:43.626 [FXGL Background Thread 3 ] DEBUG Engine               - fontGame: Abel-Regular.ttf
13:26:43.626 [FXGL Background Thread 3 ] DEBUG Engine               - fontMono: TerminalLandMono-Regular.otf
13:26:43.627 [FXGL Background Thread 3 ] DEBUG Engine               - fontText: Courier-Prime.ttf
13:26:43.627 [FXGL Background Thread 3 ] DEBUG Engine               - fontUI: VarelaRound-Regular.ttf
13:26:43.627 [FXGL Background Thread 3 ] DEBUG Engine               - fullScreen: BooleanProperty [value: false]
13:26:43.628 [FXGL Background Thread 3 ] DEBUG Engine               - gameDifficulty: MEDIUM
13:26:43.628 [FXGL Background Thread 3 ] DEBUG Engine               - gameDifficultyProperty: ObjectProperty [value: MEDIUM]
13:26:43.628 [FXGL Background Thread 3 ] DEBUG Engine               - globalMusicVolume: 0.5
13:26:43.629 [FXGL Background Thread 3 ] DEBUG Engine               - globalMusicVolumeProperty: DoubleProperty [value: 0.5]
13:26:43.629 [FXGL Background Thread 3 ] DEBUG Engine               - globalSoundVolume: 0.5
13:26:43.629 [FXGL Background Thread 3 ] DEBUG Engine               - globalSoundVolumeProperty: DoubleProperty [value: 0.5]
13:26:43.630 [FXGL Background Thread 3 ] DEBUG Engine               - height: 1024
13:26:43.630 [FXGL Background Thread 3 ] DEBUG Engine               - is3D: false
13:26:43.630 [FXGL Background Thread 3 ] DEBUG Engine               - isAndroid: false
13:26:43.631 [FXGL Background Thread 3 ] DEBUG Engine               - isBrowser: false
13:26:43.631 [FXGL Background Thread 3 ] DEBUG Engine               - isClickFeedbackEnabled: false
13:26:43.631 [FXGL Background Thread 3 ] DEBUG Engine               - isCloseConfirmation: false
13:26:43.631 [FXGL Background Thread 3 ] DEBUG Engine               - isDesktop: true
13:26:43.632 [FXGL Background Thread 3 ] DEBUG Engine               - isDeveloperMenuEnabled: false
13:26:43.632 [FXGL Background Thread 3 ] DEBUG Engine               - isEmbedded: false
13:26:43.632 [FXGL Background Thread 3 ] DEBUG Engine               - isEntityPreloadEnabled: true
13:26:43.633 [FXGL Background Thread 3 ] DEBUG Engine               - isExperimentalTiledLargeMap: false
13:26:43.633 [FXGL Background Thread 3 ] DEBUG Engine               - isFileSystemWriteAllowed: true
13:26:43.633 [FXGL Background Thread 3 ] DEBUG Engine               - isFullScreenAllowed: false
13:26:43.633 [FXGL Background Thread 3 ] DEBUG Engine               - isFullScreenFromStart: false
13:26:43.634 [FXGL Background Thread 3 ] DEBUG Engine               - isGameMenuEnabled: true
13:26:43.634 [FXGL Background Thread 3 ] DEBUG Engine               - isIOS: false
13:26:43.635 [FXGL Background Thread 3 ] DEBUG Engine               - isIntroEnabled: false
13:26:43.635 [FXGL Background Thread 3 ] DEBUG Engine               - isLinux: false
13:26:43.635 [FXGL Background Thread 3 ] DEBUG Engine               - isMac: false
13:26:43.635 [FXGL Background Thread 3 ] DEBUG Engine               - isMainMenuEnabled: true
13:26:43.635 [FXGL Background Thread 3 ] DEBUG Engine               - isManualResizeEnabled: false
13:26:43.636 [FXGL Background Thread 3 ] DEBUG Engine               - isMobile: false
13:26:43.636 [FXGL Background Thread 3 ] DEBUG Engine               - isNative: false
13:26:43.636 [FXGL Background Thread 3 ] DEBUG Engine               - isPauseMusicWhenMinimized: true
13:26:43.636 [FXGL Background Thread 3 ] DEBUG Engine               - isPreserveResizeRatio: false
13:26:43.636 [FXGL Background Thread 3 ] DEBUG Engine               - isProfilingEnabled: false
13:26:43.636 [FXGL Background Thread 3 ] DEBUG Engine               - isScaleAffectedOnResize: true
13:26:43.637 [FXGL Background Thread 3 ] DEBUG Engine               - isSingleStep: false
13:26:43.637 [FXGL Background Thread 3 ] DEBUG Engine               - isUserProfileEnabled: false
13:26:43.637 [FXGL Background Thread 3 ] DEBUG Engine               - isWindows: true
13:26:43.637 [FXGL Background Thread 3 ] DEBUG Engine               - language: ObjectProperty [value: ENGLISH]
13:26:43.637 [FXGL Background Thread 3 ] DEBUG Engine               - menuKey: ESCAPE
13:26:43.638 [FXGL Background Thread 3 ] DEBUG Engine               - mouseSensitivity: 0.2
13:26:43.638 [FXGL Background Thread 3 ] DEBUG Engine               - notificationViewClass: class com.almasb.fxgl.notification.view.XboxNotificationView
13:26:43.638 [FXGL Background Thread 3 ] DEBUG Engine               - pixelsPerMeter: 50.0
13:26:43.638 [FXGL Background Thread 3 ] DEBUG Engine               - platform: WINDOWS
13:26:43.638 [FXGL Background Thread 3 ] DEBUG Engine               - prefHeightProperty: ReadOnlyDoubleProperty [value: 1024.0]
13:26:43.639 [FXGL Background Thread 3 ] DEBUG Engine               - prefWidthProperty: ReadOnlyDoubleProperty [value: 1024.0]
13:26:43.639 [FXGL Background Thread 3 ] DEBUG Engine               - profileDir: profiles/
13:26:43.639 [FXGL Background Thread 3 ] DEBUG Engine               - profileName: StringProperty [value: DEFAULT]
13:26:43.639 [FXGL Background Thread 3 ] DEBUG Engine               - randomSeed: -1
13:26:43.640 [FXGL Background Thread 3 ] DEBUG Engine               - runtimeInfo: RuntimeInfo(platform=WINDOWS, version=17.2, build=20.08.2022 16.50)
13:26:43.641 [FXGL Background Thread 3 ] DEBUG Engine               - saveFileExt: sav
13:26:43.641 [FXGL Background Thread 3 ] DEBUG Engine               - scaledHeightProp$fxgl: DoubleProperty [bound, value: 824.0]
13:26:43.641 [FXGL Background Thread 3 ] DEBUG Engine               - scaledWidthProp$fxgl: DoubleProperty [bound, value: 799.0]
13:26:43.641 [FXGL Background Thread 3 ] DEBUG Engine               - sceneFactory: myGame.DawnseekerApp$1@360ecfa8
13:26:43.642 [FXGL Background Thread 3 ] DEBUG Engine               - secondsIn24h: 60
13:26:43.642 [FXGL Background Thread 3 ] DEBUG Engine               - soundMenuBack: menu/back.wav
13:26:43.642 [FXGL Background Thread 3 ] DEBUG Engine               - soundMenuPress: menu/press.wav
13:26:43.642 [FXGL Background Thread 3 ] DEBUG Engine               - soundMenuSelect: menu/select.wav
13:26:43.643 [FXGL Background Thread 3 ] DEBUG Engine               - soundNotification: core/notification.wav
13:26:43.643 [FXGL Background Thread 3 ] DEBUG Engine               - stageStyle: DECORATED
13:26:43.643 [FXGL Background Thread 3 ] DEBUG Engine               - supportedLanguages: [ENGLISH, FRENCH, GERMAN, HUNGARIAN, RUSSIAN]
13:26:43.643 [FXGL Background Thread 3 ] DEBUG Engine               - ticksPerSecond: -1
13:26:43.643 [FXGL Background Thread 3 ] DEBUG Engine               - title: Dawnseeker
13:26:43.644 [FXGL Background Thread 3 ] DEBUG Engine               - urlGithub: https://github.com/AlmasB/FXGL
13:26:43.644 [FXGL Background Thread 3 ] DEBUG Engine               - urlLeaderboard: http://fxgl-top.herokuapp.com/
13:26:43.644 [FXGL Background Thread 3 ] DEBUG Engine               - urlPOM: https://raw.githubusercontent.com/AlmasB/FXGL/release/README.md
13:26:43.644 [FXGL Background Thread 3 ] DEBUG Engine               - userAppClass: class myGame.DawnseekerApp
13:26:43.644 [FXGL Background Thread 3 ] DEBUG Engine               - version: 0.4
13:26:43.644 [FXGL Background Thread 3 ] DEBUG Engine               - versionCheckDays: 7
13:26:43.645 [FXGL Background Thread 3 ] DEBUG Engine               - width: 1024
13:26:43.645 [FXGL Background Thread 3 ] DEBUG Engine               - Logging services
13:26:43.645 [FXGL Background Thread 3 ] DEBUG Engine               - class com.almasb.fxgl.app.services.FXGLAssetLoaderService
13:26:43.645 [FXGL Background Thread 3 ] DEBUG Engine               - class com.almasb.fxgl.app.FXGLApplication$GameApplicationService
13:26:43.645 [FXGL Background Thread 3 ] DEBUG Engine               - class com.almasb.fxgl.app.services.FXGLDialogService
13:26:43.645 [FXGL Background Thread 3 ] DEBUG Engine               - class com.almasb.fxgl.app.services.IOTaskExecutorService
13:26:43.646 [FXGL Background Thread 3 ] DEBUG Engine               - class com.almasb.fxgl.io.FileSystemService
13:26:43.646 [FXGL Background Thread 3 ] DEBUG Engine               - class com.almasb.fxgl.localization.LocalizationService
13:26:43.646 [FXGL Background Thread 3 ] DEBUG Engine               - class com.almasb.fxgl.app.services.SystemBundleService
13:26:43.646 [FXGL Background Thread 3 ] DEBUG Engine               - class com.almasb.fxgl.profile.SaveLoadService
13:26:43.646 [FXGL Background Thread 3 ] DEBUG Engine               - class com.almasb.fxgl.ui.FXGLUIFactoryServiceProvider
13:26:43.646 [FXGL Background Thread 3 ] DEBUG Engine               - class com.almasb.fxgl.ui.FXGLDialogFactoryServiceProvider
13:26:43.646 [FXGL Background Thread 3 ] DEBUG Engine               - class com.almasb.fxgl.audio.AudioPlayer
13:26:43.647 [FXGL Background Thread 3 ] DEBUG Engine               - class com.almasb.fxgl.notification.impl.NotificationServiceProvider
13:26:43.647 [FXGL Background Thread 3 ] DEBUG Engine               - class com.almasb.fxgl.achievement.AchievementService
13:26:43.647 [FXGL Background Thread 3 ] DEBUG Engine               - class com.almasb.fxgl.cutscene.CutsceneService
13:26:43.647 [FXGL Background Thread 3 ] DEBUG Engine               - class com.almasb.fxgl.minigames.MiniGameService
13:26:43.647 [FXGL Background Thread 3 ] DEBUG Engine               - class com.almasb.fxgl.net.NetService
13:26:43.647 [FXGL Background Thread 3 ] DEBUG Engine               - class com.almasb.fxgl.app.services.UpdaterService
13:26:43.647 [FXGL Background Thread 3 ] DEBUG Engine               - class com.almasb.fxgl.dev.DevService
13:27:08.963 [JavaFX Application Thread] DEBUG Menu                 - fireExit()
13:27:08.969 [JavaFX Application Thread] DEBUG PrimaryStageWindow   - Push state: DialogSubScene
13:27:08.970 [JavaFX Application Thread] DEBUG Input                - Clearing active input actions
13:27:08.983 [JavaFX Application Thread] DEBUG GameApplicationServi - Removing overlay from DawnseekerMenu and adding to DialogSubScene
13:27:08.984 [JavaFX Application Thread] DEBUG PrimaryStageWindow   - DawnseekerMenu -> DialogSubScene
13:27:11.447 [JavaFX Application Thread] DEBUG PrimaryStageWindow   - Pop state: DialogSubScene
13:27:11.447 [JavaFX Application Thread] DEBUG Input                - Clearing active input actions
13:27:11.449 [JavaFX Application Thread] DEBUG GameApplicationServi - Removing overlay from DialogSubScene and adding to DawnseekerMenu
13:27:11.450 [JavaFX Application Thread] DEBUG PrimaryStageWindow   - DawnseekerMenu <- DialogSubScene
13:27:13.299 [JavaFX Application Thread] DEBUG Menu                 - fireNewGame()
13:27:13.300 [JavaFX Application Thread] DEBUG GameApplicationServi - Starting new game
13:27:13.300 [JavaFX Application Thread] DEBUG PrimaryStageWindow   - Pop state: DawnseekerMenu
13:27:13.300 [JavaFX Application Thread] DEBUG Input                - Clearing active input actions
13:27:13.301 [JavaFX Application Thread] DEBUG GameApplicationServi - Removing overlay from DawnseekerMenu and adding to FXGLMainMenuDummyScene
13:27:13.302 [JavaFX Application Thread] DEBUG PrimaryStageWindow   - FXGLMainMenuDummyScene <- DawnseekerMenu
13:27:13.302 [JavaFX Application Thread] DEBUG Input                - Clearing active input actions
13:27:13.319 [JavaFX Application Thread] DEBUG GameApplicationServi - Removing overlay from FXGLMainMenuDummyScene and adding to FXGLLoadingScene
13:27:13.320 [JavaFX Application Thread] DEBUG PrimaryStageWindow   - FXGLMainMenuDummyScene -> FXGLLoadingScene
13:27:13.320 [JavaFX Application Thread] DEBUG GameApplicationServi - Clearing previous game
13:27:13.320 [JavaFX Application Thread] DEBUG GameScene            - Clearing game scene
13:27:13.320 [JavaFX Application Thread] DEBUG GameWorld            - Clearing game world
13:27:13.321 [JavaFX Application Thread] DEBUG PhysicsWorld         - Clearing physics world
13:27:13.329 [FXGL Background Thread 2 ] DEBUG FXGLApplication      - Initializing game
13:27:13.336 [FXGL Background Thread 2 ] DEBUG AudioPlayer          - Stopping music com.almasb.fxgl.audio.Music@25db0863
13:27:13.338 [FXGL Background Thread 2 ] DEBUG FXGLAssetLoaderServi - Loading from file system: file:/C:/Users/narro/git/CS4900G2Proj2/Dawnseeker/target/classes/assets/music/heartache.mp3
13:27:13.341 [FXGL Background Thread 2 ] DEBUG AudioPlayer          - Playing music com.almasb.fxgl.audio.Music@37ff55d2
13:27:13.368 [FXGL Background Thread 2 ] DEBUG FXGLAssetLoaderServi - Loading from file system: file:/C:/Users/narro/git/CS4900G2Proj2/Dawnseeker/target/classes/assets/textures/DawnseekerPCV2.png
13:27:13.382 [FXGL Background Thread 2 ] DEBUG FXGLAssetLoaderServi - Loading from file system: file:/C:/Users/narro/git/CS4900G2Proj2/Dawnseeker/target/classes/assets/textures/DawnseekerPCV2Down.png
13:27:13.386 [FXGL Background Thread 2 ] DEBUG FXGLAssetLoaderServi - Loading from file system: file:/C:/Users/narro/git/CS4900G2Proj2/Dawnseeker/target/classes/assets/textures/DawnseekerPCV2Up.png
13:27:13.388 [FXGL Background Thread 2 ] DEBUG FXGLAssetLoaderServi - Loading from file system: file:/C:/Users/narro/git/CS4900G2Proj2/Dawnseeker/target/classes/assets/textures/DawnseekerPCV2Right.png
13:27:13.390 [FXGL Background Thread 2 ] DEBUG FXGLAssetLoaderServi - Loading from file system: file:/C:/Users/narro/git/CS4900G2Proj2/Dawnseeker/target/classes/assets/textures/DawnseekerPCV2Left.png
13:27:13.419 [FXGL Background Thread 2 ] WARN  GameWorld            - Entity is already attached to world
13:27:13.420 [FXGL Background Thread 2 ] WARN  Entity               - Entity already has component: com.almasb.fxgl.entity.components.CollidableComponent
13:27:13.420 [FXGL Background Thread 2 ] WARN  GameWorld            - Entity is already attached to world
13:27:13.421 [FXGL Background Thread 2 ] WARN  Entity               - Entity already has component: com.almasb.fxgl.entity.components.CollidableComponent
13:27:13.421 [FXGL Background Thread 2 ] WARN  GameWorld            - Entity is already attached to world
13:27:13.422 [FXGL Background Thread 2 ] WARN  Entity               - Entity already has component: com.almasb.fxgl.entity.components.CollidableComponent
13:27:13.422 [FXGL Background Thread 2 ] WARN  GameWorld            - Entity is already attached to world
13:27:13.423 [FXGL Background Thread 2 ] WARN  Entity               - Entity already has component: com.almasb.fxgl.entity.components.CollidableComponent
13:27:13.424 [FXGL Background Thread 2 ] WARN  GameWorld            - Entity is already attached to world
13:27:13.425 [FXGL Background Thread 2 ] WARN  GameWorld            - Entity is already attached to world
13:27:13.426 [FXGL Background Thread 2 ] WARN  GameWorld            - Entity is already attached to world
13:27:13.451 [FXGL Background Thread 2 ] INFO  FXGLApplication      - Game initialization took: 0.122 sec
13:27:13.463 [JavaFX Application Thread] DEBUG Input                - Clearing active input actions
13:27:13.472 [JavaFX Application Thread] DEBUG GameApplicationServi - Removing overlay from FXGLLoadingScene and adding to GameScene
13:27:13.472 [JavaFX Application Thread] DEBUG PrimaryStageWindow   - FXGLLoadingScene -> GameScene
13:27:14.607 [JavaFX Application Thread] DEBUG FXGLAssetLoaderServi - Loading from file system: file:/C:/Users/narro/git/CS4900G2Proj2/Dawnseeker/target/classes/assets/textures/EnemyDawnseeker.png
13:27:14.617 [JavaFX Application Thread] DEBUG FXGLAssetLoaderServi - Loading from file system: file:/C:/Users/narro/git/CS4900G2Proj2/Dawnseeker/target/classes/assets/textures/sussy.gif
13:27:15.604 [JavaFX Application Thread] DEBUG FXGLAssetLoaderServi - Loading from file system: file:/C:/Users/narro/git/CS4900G2Proj2/Dawnseeker/target/classes/assets/sounds/magic_missile.wav
13:27:15.618 [JavaFX Application Thread] DEBUG FXGLAssetLoaderServi - Loading from file system: file:/C:/Users/narro/git/CS4900G2Proj2/Dawnseeker/target/classes/assets/textures/FireBallProjectile.png
13:27:15.872 [JavaFX Application Thread] WARN  GameWorld            - Attempted to remove entity which is not active
13:27:15.876 [JavaFX Application Thread] DEBUG FXGLAssetLoaderServi - Loading from file system: file:/C:/Users/narro/git/CS4900G2Proj2/Dawnseeker/target/classes/assets/sounds/bong.wav
13:27:17.052 [JavaFX Application Thread] WARN  GameWorld            - Attempted to remove entity which is not active
13:27:17.964 [JavaFX Application Thread] WARN  GameWorld            - Attempted to remove entity which is not active
13:27:19.079 [JavaFX Application Thread] DEBUG FXGLAssetLoaderServi - Loading from file system: file:/C:/Users/narro/git/CS4900G2Proj2/Dawnseeker/target/classes/assets/sounds/player_oof.wav
13:27:19.196 [JavaFX Application Thread] WARN  GameWorld            - Attempted to remove entity which is not active
13:27:20.830 [JavaFX Application Thread] WARN  GameWorld            - Attempted to remove entity which is not active
13:27:21.628 [JavaFX Application Thread] WARN  GameWorld            - Attempted to remove entity which is not active
13:27:23.612 [JavaFX Application Thread] WARN  GameWorld            - Attempted to remove entity which is not active
13:27:24.364 [JavaFX Application Thread] WARN  GameWorld            - Attempted to remove entity which is not active
13:27:25.661 [JavaFX Application Thread] WARN  GameWorld            - Attempted to remove entity which is not active
13:27:26.315 [JavaFX Application Thread] WARN  GameWorld            - Attempted to remove entity which is not active
13:27:27.179 [JavaFX Application Thread] WARN  GameWorld            - Attempted to remove entity which is not active
13:27:27.579 [JavaFX Application Thread] WARN  GameWorld            - Attempted to remove entity which is not active
13:27:28.844 [JavaFX Application Thread] WARN  GameWorld            - Attempted to remove entity which is not active
13:27:30.701 [JavaFX Application Thread] DEBUG FXGLAssetLoaderServi - Loading from file system: file:/C:/Users/narro/git/CS4900G2Proj2/Dawnseeker/target/classes/assets/sounds/coin_pickup.wav
13:27:33.116 [JavaFX Application Thread] DEBUG FXGLAssetLoaderServi - Loading from file system: file:/C:/Users/narro/git/CS4900G2Proj2/Dawnseeker/target/classes/assets/sounds/yoda_death.wav
13:27:33.124 [JavaFX Application Thread] DEBUG AudioPlayer          - Stopping music com.almasb.fxgl.audio.Music@25db0863
13:27:33.124 [JavaFX Application Thread] DEBUG AudioPlayer          - Stopping music com.almasb.fxgl.audio.Music@37ff55d2
13:27:33.128 [JavaFX Application Thread] DEBUG Input                - Clearing active input actions
13:27:33.143 [JavaFX Application Thread] DEBUG GameApplicationServi - Removing overlay from GameScene and adding to FXGLMainMenuDummyScene
13:27:33.144 [JavaFX Application Thread] DEBUG PrimaryStageWindow   - GameScene -> FXGLMainMenuDummyScene
13:27:33.144 [JavaFX Application Thread] DEBUG PrimaryStageWindow   - Push state: DawnseekerMenu
13:27:33.144 [JavaFX Application Thread] DEBUG Input                - Clearing active input actions
13:27:33.145 [JavaFX Application Thread] DEBUG GameApplicationServi - Removing overlay from FXGLMainMenuDummyScene and adding to DawnseekerMenu
13:27:33.145 [JavaFX Application Thread] DEBUG PrimaryStageWindow   - FXGLMainMenuDummyScene -> DawnseekerMenu
13:27:33.145 [JavaFX Application Thread] DEBUG AudioPlayer          - Playing music com.almasb.fxgl.audio.Music@25db0863
13:28:00.194 [JavaFX Application Thread] DEBUG FXGLApplication      - Exiting FXGL
13:28:00.195 [JavaFX Application Thread] DEBUG LoopRunner           - Stopping loop
13:28:00.195 [JavaFX Application Thread] DEBUG SystemBundleService  - Saving FXGL system data
13:28:00.200 [JavaFX Application Thread] DEBUG FileSystemAccess     - Writing to: C:\Users\narro\git\CS4900G2Proj2\Dawnseeker\system\fxgl.bundle
13:28:00.205 [JavaFX Application Thread] DEBUG Async                - Shutting down background threads
13:28:00.205 [JavaFX Application Thread] DEBUG PrimaryStageWindow   - Closing main window
13:28:00.226 [JavaFX Application Thread] DEBUG Logger               - Closing Logger
