13:00:38.687 [main                     ] DEBUG Logger               - Configured Logger
13:00:38.716 [main                     ] DEBUG GameApplication      - Logging settings
Title: Dawnseeker
Version: 0.2
Width: 1024
Height: 1024
Fullscreen: false
Intro: false
Profiling: false
Single step:false
App Mode: DEVELOPER
Menu Key: ESCAPE
Stage Style: DECORATED
Scene Factory: class com.almasb.fxgl.app.scene.SceneFactory

13:00:39.082 [JavaFX Application Thread] DEBUG FXGLApplication      - Initializing FXGL
13:00:39.089 [JavaFX Application Thread] INFO  Engine               - FXGL-17.2 (20.08.2022 16.50) on WINDOWS (J:19.0.2 FX:18)
13:00:39.089 [JavaFX Application Thread] DEBUG Engine               - JRE Vendor Name: Oracle Corporation
13:00:39.090 [JavaFX Application Thread] DEBUG Engine               - Running on OS: Windows 10 version 10.0
13:00:39.090 [JavaFX Application Thread] DEBUG Engine               - Architecture: amd64
13:00:39.090 [JavaFX Application Thread] INFO  Engine               - Source code and latest versions at: https://github.com/AlmasB/FXGL
13:00:39.090 [JavaFX Application Thread] INFO  Engine               -       Ask questions and discuss at: https://github.com/AlmasB/FXGL/discussions
13:00:39.090 [JavaFX Application Thread] INFO  Engine               -              Join the FXGL chat at: https://gitter.im/AlmasB/FXGL
13:00:39.207 [JavaFX Application Thread] DEBUG PrimaryStageWindow   - Creating a JavaFX scene
13:00:39.207 [JavaFX Application Thread] DEBUG PrimaryStageWindow   - Target size > screen size
13:00:39.251 [JavaFX Application Thread] DEBUG PrimaryStageWindow   - Target settings size: 1024.0 x 1024.0
13:00:39.251 [JavaFX Application Thread] DEBUG PrimaryStageWindow   - Scaled scene size:    799.0 x 824.0
13:00:39.252 [JavaFX Application Thread] DEBUG PrimaryStageWindow   - Scaled ratio: (0.7802734375, 0.8046875)
13:00:39.253 [JavaFX Application Thread] DEBUG PrimaryStageWindow   - Set initial scene to FXGLStartupScene
13:00:39.259 [JavaFX Application Thread] DEBUG PrimaryStageWindow   - Opening main window
13:00:39.362 [JavaFX Application Thread] DEBUG PrimaryStageWindow   - Window border size: (14.5999755859375, 37.5999755859375)
13:00:39.363 [JavaFX Application Thread] DEBUG PrimaryStageWindow   - Scaled size: 799.0 x 824.0
13:00:39.363 [JavaFX Application Thread] DEBUG PrimaryStageWindow   - Scaled ratio: (0.7802734375, 0.8046875)
13:00:39.363 [JavaFX Application Thread] DEBUG PrimaryStageWindow   - Scene size: 799.0 x 824.0
13:00:39.363 [JavaFX Application Thread] DEBUG PrimaryStageWindow   - Stage size: 813.5999755859375 x 861.5999755859375
13:00:39.372 [FXGL Background Thread 1 ] DEBUG Engine               - Initializing environment variables
13:00:39.453 [FXGL Background Thread 1 ] DEBUG FXGLAssetLoaderServi - User app class for loading assets: class myGame.DawnseekerApp
13:00:39.454 [FXGL Background Thread 1 ] DEBUG GameApplicationServi - Applying CSS: fxgl_dark.css
13:00:39.454 [FXGL Background Thread 1 ] DEBUG FXGLAssetLoaderServi - Loading from file system: jar:file:/C:/Users/narro/.m2/repository/com/github/almasb/fxgl/17.2/fxgl-17.2.jar!/fxglassets/ui/css/fxgl_dark.css
13:00:39.518 [FXGL Background Thread 1 ] DEBUG GameApplicationServi - Initializing application scenes
13:00:39.576 [FXGL Background Thread 1 ] DEBUG GameWorld            - Game world initialized
13:00:39.668 [FXGL Background Thread 1 ] DEBUG PhysicsWorld         - Physics world initialized: appHeight=1024, physics.ppm=50.0
13:00:39.669 [FXGL Background Thread 1 ] DEBUG PhysicsWorld         - Using strategy: BRUTE_FORCE
13:00:39.673 [FXGL Background Thread 1 ] DEBUG GameScene            - Game scene initialized: 1024x1024
13:00:39.686 [FXGL Background Thread 1 ] DEBUG FXGL.DefaultMenu     - createMenuBodyMainMenu()
13:00:39.703 [FXGL Background Thread 1 ] DEBUG FXGL.DefaultMenu     - createOptionsMenu()
13:00:39.713 [FXGL Background Thread 1 ] DEBUG FXGLAssetLoaderServi - Loading from file system: jar:file:/C:/Users/narro/.m2/repository/com/github/almasb/fxgl/17.2/fxgl-17.2.jar!/fxglassets/textures/particles/smoke.png
13:00:39.834 [FXGL Background Thread 1 ] DEBUG FXGLAssetLoaderServi - Loading from file system: jar:file:/C:/Users/narro/.m2/repository/com/github/almasb/fxgl/17.2/fxgl-17.2.jar!/fxglassets/textures/particles/trace_horizontal.png
13:00:39.871 [FXGL Background Thread 1 ] DEBUG FXGL.DefaultMenu     - createMenuBodyGameMenu()
13:00:39.872 [FXGL Background Thread 1 ] DEBUG FXGL.DefaultMenu     - createOptionsMenu()
13:00:39.886 [FXGL Background Thread 1 ] DEBUG GameApplicationServi - Application scenes initialized
13:00:39.900 [FXGL Background Thread 1 ] DEBUG SystemBundleService  - Loading FXGL system data
13:00:39.905 [FXGL Background Thread 1 ] DEBUG FileSystemAccess     - Reading from: C:\Users\narro\OneDrive\Documents\coleg\Spring 2023\CS 4900 Senior Seminiar\Dawnseeker\Dawnseeker\system\fxgl.bundle
13:00:39.913 [FXGL Background Thread 1 ] DEBUG SystemBundleService  - Bundle FXGL: {}
13:00:39.914 [FXGL Background Thread 1 ] DEBUG UpdaterService       - Checking for updates
13:00:39.917 [FXGL Background Thread 4 ] DEBUG FXGLApplication      - Loading fonts
13:00:39.918 [FXGL Background Thread 4 ] DEBUG FXGLAssetLoaderServi - Loading from file system: jar:file:/C:/Users/narro/.m2/repository/com/github/almasb/fxgl/17.2/fxgl-17.2.jar!/fxglassets/ui/fonts/VarelaRound-Regular.ttf
13:00:39.918 [FXGL Background Thread 1 ] DEBUG FXGLApplication      - Loading default localization
13:00:39.918 [FXGL Background Thread 1 ] DEBUG FXGLAssetLoaderServi - Loading from file system: jar:file:/C:/Users/narro/.m2/repository/com/github/almasb/fxgl/17.2/fxgl-17.2.jar!/fxglassets/languages/english.lang
13:00:39.956 [FXGL Background Thread 1 ] INFO  FXGLApplication      - FXGL initialization took: 0.584 sec
13:00:39.968 [JavaFX Application Thread] DEBUG Input                - Registered new binding: action0 - W
13:00:39.968 [JavaFX Application Thread] DEBUG Input                - Registered new binding: action1 - S
13:00:39.969 [JavaFX Application Thread] DEBUG Input                - Registered new binding: action2 - A
13:00:39.969 [JavaFX Application Thread] DEBUG Input                - Registered new binding: action3 - D
13:00:39.971 [JavaFX Application Thread] DEBUG Input                - Registered new binding: action4 - LMB
13:00:39.972 [JavaFX Application Thread] DEBUG FXGLAssetLoaderServi - Loading from file system: jar:file:/C:/Users/narro/.m2/repository/com/github/almasb/fxgl/17.2/fxgl-17.2.jar!/fxglassets/textures/fxgl_icon.png
13:00:39.998 [JavaFX Application Thread] DEBUG FXGLAssetLoaderServi - Loading from file system: jar:file:/C:/Users/narro/.m2/repository/com/github/almasb/fxgl/17.2/fxgl-17.2.jar!/fxglassets/textures/fxgl_default_cursor.png
13:00:40.001 [JavaFX Application Thread] DEBUG Input                - Registered new binding: Screenshot - CTRL+8
13:00:40.001 [JavaFX Application Thread] DEBUG Input                - Registered new binding: System info dump - CTRL+9
13:00:40.002 [JavaFX Application Thread] DEBUG Input                - Registered new binding: Restart - CTRL+R
13:00:40.003 [JavaFX Application Thread] DEBUG Input                - Registered new binding: Toggle Debug Camera - CTRL+7
13:00:40.006 [JavaFX Application Thread] DEBUG LoopRunner           - Starting loop
13:00:40.006 [JavaFX Application Thread] DEBUG LoopRunner           - Initializing JavaFX AnimationTimerLoop
13:00:40.011 [JavaFX Application Thread] DEBUG Input                - Clearing active input actions
13:00:40.020 [JavaFX Application Thread] DEBUG GameApplicationServi - Removing overlay from FXGLStartupScene and adding to FXGLMainMenuDummyScene
13:00:40.020 [JavaFX Application Thread] DEBUG PrimaryStageWindow   - FXGLStartupScene -> FXGLMainMenuDummyScene
13:00:40.021 [JavaFX Application Thread] DEBUG PrimaryStageWindow   - Push state: FXGLDefaultMenu
13:00:40.025 [FXGL Background Thread 4 ] DEBUG FXGLAssetLoaderServi - Loading from file system: jar:file:/C:/Users/narro/.m2/repository/com/github/almasb/fxgl/17.2/fxgl-17.2.jar!/fxglassets/ui/fonts/Abel-Regular.ttf
13:00:40.028 [JavaFX Application Thread] DEBUG Input                - Clearing active input actions
13:00:40.043 [FXGL Background Thread 4 ] DEBUG FXGLAssetLoaderServi - Loading from file system: jar:file:/C:/Users/narro/.m2/repository/com/github/almasb/fxgl/17.2/fxgl-17.2.jar!/fxglassets/ui/fonts/TerminalLandMono-Regular.otf
13:00:40.046 [JavaFX Application Thread] DEBUG GameApplicationServi - Removing overlay from FXGLMainMenuDummyScene and adding to FXGLDefaultMenu
13:00:40.047 [JavaFX Application Thread] DEBUG PrimaryStageWindow   - FXGLMainMenuDummyScene -> FXGLDefaultMenu
13:00:40.056 [FXGL Background Thread 4 ] DEBUG FXGLAssetLoaderServi - Loading from file system: jar:file:/C:/Users/narro/.m2/repository/com/github/almasb/fxgl/17.2/fxgl-17.2.jar!/fxglassets/ui/fonts/Courier-Prime.ttf
13:00:40.145 [JavaFX Application Thread] DEBUG FXGLApplication      - Registering font factories with UI factory
13:00:41.447 [JavaFX Application Thread] DEBUG Menu                 - fireNewGame()
13:00:41.447 [JavaFX Application Thread] DEBUG GameApplicationServi - Starting new game
13:00:41.453 [JavaFX Application Thread] DEBUG PrimaryStageWindow   - Pop state: FXGLDefaultMenu
13:00:41.454 [JavaFX Application Thread] DEBUG Input                - Clearing active input actions
13:00:41.455 [JavaFX Application Thread] DEBUG GameApplicationServi - Removing overlay from FXGLDefaultMenu and adding to FXGLMainMenuDummyScene
13:00:41.456 [JavaFX Application Thread] DEBUG PrimaryStageWindow   - FXGLMainMenuDummyScene <- FXGLDefaultMenu
13:00:41.457 [JavaFX Application Thread] DEBUG Input                - Clearing active input actions
13:00:41.481 [JavaFX Application Thread] DEBUG GameApplicationServi - Removing overlay from FXGLMainMenuDummyScene and adding to FXGLLoadingScene
13:00:41.482 [JavaFX Application Thread] DEBUG PrimaryStageWindow   - FXGLMainMenuDummyScene -> FXGLLoadingScene
13:00:41.482 [JavaFX Application Thread] DEBUG GameApplicationServi - Clearing previous game
13:00:41.482 [JavaFX Application Thread] DEBUG GameScene            - Clearing game scene
13:00:41.482 [JavaFX Application Thread] DEBUG GameWorld            - Clearing game world
13:00:41.482 [JavaFX Application Thread] DEBUG PhysicsWorld         - Clearing physics world
13:00:41.485 [FXGL Background Thread 2 ] DEBUG FXGLApplication      - Initializing game
13:00:41.498 [FXGL Background Thread 2 ] DEBUG FXGLAssetLoaderServi - Loading from file system: file:/C:/Users/narro/OneDrive/Documents/coleg/Spring%202023/CS%204900%20Senior%20Seminiar/Dawnseeker/Dawnseeker/target/classes/assets/textures/PlayerCharacterDawnseeker.png
13:00:41.522 [FXGL Background Thread 2 ] WARN  GameWorld            - Entity is already attached to world
13:00:41.524 [FXGL Background Thread 2 ] WARN  Entity               - Entity already has component: com.almasb.fxgl.entity.components.CollidableComponent
13:00:41.525 [FXGL Background Thread 2 ] WARN  GameWorld            - Entity is already attached to world
13:00:41.526 [FXGL Background Thread 2 ] WARN  Entity               - Entity already has component: com.almasb.fxgl.entity.components.CollidableComponent
13:00:41.527 [FXGL Background Thread 2 ] WARN  GameWorld            - Entity is already attached to world
13:00:41.528 [FXGL Background Thread 2 ] WARN  Entity               - Entity already has component: com.almasb.fxgl.entity.components.CollidableComponent
13:00:41.529 [FXGL Background Thread 2 ] WARN  GameWorld            - Entity is already attached to world
13:00:41.530 [FXGL Background Thread 2 ] WARN  Entity               - Entity already has component: com.almasb.fxgl.entity.components.CollidableComponent
13:00:41.530 [FXGL Background Thread 2 ] WARN  GameWorld            - Entity is already attached to world
13:00:41.568 [FXGL Background Thread 2 ] INFO  FXGLApplication      - Game initialization took: 0.083 sec
13:00:41.580 [JavaFX Application Thread] DEBUG Input                - Clearing active input actions
13:00:41.602 [JavaFX Application Thread] DEBUG GameApplicationServi - Removing overlay from FXGLLoadingScene and adding to GameScene
13:00:41.603 [JavaFX Application Thread] DEBUG PrimaryStageWindow   - FXGLLoadingScene -> GameScene
13:00:42.077 [JavaFX Application Thread] DEBUG FXGLAssetLoaderServi - Loading from file system: file:/C:/Users/narro/OneDrive/Documents/coleg/Spring%202023/CS%204900%20Senior%20Seminiar/Dawnseeker/Dawnseeker/target/classes/assets/textures/EnemyDawnseeker.png
13:00:42.917 [FXGL Background Thread 3 ] DEBUG Engine               - Logging environment variables
13:00:42.917 [FXGL Background Thread 3 ] DEBUG Engine               - achievements: []
13:00:42.917 [FXGL Background Thread 3 ] DEBUG Engine               - actualHeight: 824.0
13:00:42.918 [FXGL Background Thread 3 ] DEBUG Engine               - actualHeightProperty: ReadOnlyDoubleProperty [value: 824.0]
13:00:42.918 [FXGL Background Thread 3 ] DEBUG Engine               - actualWidth: 799.0
13:00:42.918 [FXGL Background Thread 3 ] DEBUG Engine               - actualWidthProperty: ReadOnlyDoubleProperty [value: 799.0]
13:00:42.918 [FXGL Background Thread 3 ] DEBUG Engine               - appIcon: fxgl_icon.png
13:00:42.918 [FXGL Background Thread 3 ] DEBUG Engine               - applicationMode: DEVELOPER
13:00:42.918 [FXGL Background Thread 3 ] DEBUG Engine               - cSSList: [fxgl_dark.css]
13:00:42.918 [FXGL Background Thread 3 ] DEBUG Engine               - collisionDetectionStrategy: BRUTE_FORCE
13:00:42.918 [FXGL Background Thread 3 ] DEBUG Engine               - configClass: Optional.empty
13:00:42.918 [FXGL Background Thread 3 ] DEBUG Engine               - credits: []
13:00:42.918 [FXGL Background Thread 3 ] DEBUG Engine               - defaultCursor: CursorInfo(imageName=fxgl_default_cursor.png, hotspotX=7.0, hotspotY=6.0)
13:00:42.919 [FXGL Background Thread 3 ] DEBUG Engine               - devBBoxColorProperty: ObjectProperty [value: 0xff0000ff]
13:00:42.919 [FXGL Background Thread 3 ] DEBUG Engine               - devEnableDebugCameraProperty: BooleanProperty [value: false]
13:00:42.919 [FXGL Background Thread 3 ] DEBUG Engine               - devSensorColorProperty: ObjectProperty [value: 0xffff00ff]
13:00:42.919 [FXGL Background Thread 3 ] DEBUG Engine               - devShowBBoxProperty: BooleanProperty [value: false]
13:00:42.919 [FXGL Background Thread 3 ] DEBUG Engine               - devShowPositionProperty: BooleanProperty [value: false]
13:00:42.919 [FXGL Background Thread 3 ] DEBUG Engine               - enabledMenuItems: []
13:00:42.919 [FXGL Background Thread 3 ] DEBUG Engine               - engineServices: [class com.almasb.fxgl.app.services.FXGLAssetLoaderService, class com.almasb.fxgl.app.FXGLApplication$GameApplicationService, class com.almasb.fxgl.app.services.FXGLDialogService, class com.almasb.fxgl.app.services.IOTaskExecutorService, class com.almasb.fxgl.io.FileSystemService, class com.almasb.fxgl.localization.LocalizationService, class com.almasb.fxgl.app.services.SystemBundleService, class com.almasb.fxgl.profile.SaveLoadService, class com.almasb.fxgl.ui.FXGLUIFactoryServiceProvider, class com.almasb.fxgl.ui.FXGLDialogFactoryServiceProvider, class com.almasb.fxgl.audio.AudioPlayer, class com.almasb.fxgl.notification.impl.NotificationServiceProvider, class com.almasb.fxgl.achievement.AchievementService, class com.almasb.fxgl.cutscene.CutsceneService, class com.almasb.fxgl.minigames.MiniGameService, class com.almasb.fxgl.net.NetService, class com.almasb.fxgl.app.services.UpdaterService, class com.almasb.fxgl.dev.DevService]
13:00:42.919 [FXGL Background Thread 3 ] DEBUG Engine               - fontGame: Abel-Regular.ttf
13:00:42.919 [FXGL Background Thread 3 ] DEBUG Engine               - fontMono: TerminalLandMono-Regular.otf
13:00:42.919 [FXGL Background Thread 3 ] DEBUG Engine               - fontText: Courier-Prime.ttf
13:00:42.920 [FXGL Background Thread 3 ] DEBUG Engine               - fontUI: VarelaRound-Regular.ttf
13:00:42.920 [FXGL Background Thread 3 ] DEBUG Engine               - fullScreen: BooleanProperty [value: false]
13:00:42.920 [FXGL Background Thread 3 ] DEBUG Engine               - gameDifficulty: MEDIUM
13:00:42.920 [FXGL Background Thread 3 ] DEBUG Engine               - gameDifficultyProperty: ObjectProperty [value: MEDIUM]
13:00:42.920 [FXGL Background Thread 3 ] DEBUG Engine               - globalMusicVolume: 0.5
13:00:42.920 [FXGL Background Thread 3 ] DEBUG Engine               - globalMusicVolumeProperty: DoubleProperty [value: 0.5]
13:00:42.920 [FXGL Background Thread 3 ] DEBUG Engine               - globalSoundVolume: 0.5
13:00:42.920 [FXGL Background Thread 3 ] DEBUG Engine               - globalSoundVolumeProperty: DoubleProperty [value: 0.5]
13:00:42.920 [FXGL Background Thread 3 ] DEBUG Engine               - height: 1024
13:00:42.920 [FXGL Background Thread 3 ] DEBUG Engine               - is3D: false
13:00:42.920 [FXGL Background Thread 3 ] DEBUG Engine               - isAndroid: false
13:00:42.920 [FXGL Background Thread 3 ] DEBUG Engine               - isBrowser: false
13:00:42.921 [FXGL Background Thread 3 ] DEBUG Engine               - isClickFeedbackEnabled: false
13:00:42.921 [FXGL Background Thread 3 ] DEBUG Engine               - isCloseConfirmation: false
13:00:42.921 [FXGL Background Thread 3 ] DEBUG Engine               - isDesktop: true
13:00:42.921 [FXGL Background Thread 3 ] DEBUG Engine               - isDeveloperMenuEnabled: false
13:00:42.921 [FXGL Background Thread 3 ] DEBUG Engine               - isEmbedded: false
13:00:42.921 [FXGL Background Thread 3 ] DEBUG Engine               - isEntityPreloadEnabled: true
13:00:42.921 [FXGL Background Thread 3 ] DEBUG Engine               - isExperimentalTiledLargeMap: false
13:00:42.921 [FXGL Background Thread 3 ] DEBUG Engine               - isFileSystemWriteAllowed: true
13:00:42.921 [FXGL Background Thread 3 ] DEBUG Engine               - isFullScreenAllowed: false
13:00:42.921 [FXGL Background Thread 3 ] DEBUG Engine               - isFullScreenFromStart: false
13:00:42.921 [FXGL Background Thread 3 ] DEBUG Engine               - isGameMenuEnabled: true
13:00:42.921 [FXGL Background Thread 3 ] DEBUG Engine               - isIOS: false
13:00:42.921 [FXGL Background Thread 3 ] DEBUG Engine               - isIntroEnabled: false
13:00:42.921 [FXGL Background Thread 3 ] DEBUG Engine               - isLinux: false
13:00:42.922 [FXGL Background Thread 3 ] DEBUG Engine               - isMac: false
13:00:42.922 [FXGL Background Thread 3 ] DEBUG Engine               - isMainMenuEnabled: true
13:00:42.922 [FXGL Background Thread 3 ] DEBUG Engine               - isManualResizeEnabled: false
13:00:42.922 [FXGL Background Thread 3 ] DEBUG Engine               - isMobile: false
13:00:42.922 [FXGL Background Thread 3 ] DEBUG Engine               - isNative: false
13:00:42.922 [FXGL Background Thread 3 ] DEBUG Engine               - isPauseMusicWhenMinimized: true
13:00:42.922 [FXGL Background Thread 3 ] DEBUG Engine               - isPreserveResizeRatio: false
13:00:42.922 [FXGL Background Thread 3 ] DEBUG Engine               - isProfilingEnabled: false
13:00:42.922 [FXGL Background Thread 3 ] DEBUG Engine               - isScaleAffectedOnResize: true
13:00:42.922 [FXGL Background Thread 3 ] DEBUG Engine               - isSingleStep: false
13:00:42.922 [FXGL Background Thread 3 ] DEBUG Engine               - isUserProfileEnabled: false
13:00:42.922 [FXGL Background Thread 3 ] DEBUG Engine               - isWindows: true
13:00:42.922 [FXGL Background Thread 3 ] DEBUG Engine               - language: ObjectProperty [value: ENGLISH]
13:00:42.922 [FXGL Background Thread 3 ] DEBUG Engine               - menuKey: ESCAPE
13:00:42.923 [FXGL Background Thread 3 ] DEBUG Engine               - mouseSensitivity: 0.2
13:00:42.923 [FXGL Background Thread 3 ] DEBUG Engine               - notificationViewClass: class com.almasb.fxgl.notification.view.XboxNotificationView
13:00:42.923 [FXGL Background Thread 3 ] DEBUG Engine               - pixelsPerMeter: 50.0
13:00:42.923 [FXGL Background Thread 3 ] DEBUG Engine               - platform: WINDOWS
13:00:42.923 [FXGL Background Thread 3 ] DEBUG Engine               - prefHeightProperty: ReadOnlyDoubleProperty [value: 1024.0]
13:00:42.923 [FXGL Background Thread 3 ] DEBUG Engine               - prefWidthProperty: ReadOnlyDoubleProperty [value: 1024.0]
13:00:42.923 [FXGL Background Thread 3 ] DEBUG Engine               - profileDir: profiles/
13:00:42.923 [FXGL Background Thread 3 ] DEBUG Engine               - profileName: StringProperty [value: DEFAULT]
13:00:42.923 [FXGL Background Thread 3 ] DEBUG Engine               - randomSeed: -1
13:00:42.924 [FXGL Background Thread 3 ] DEBUG Engine               - runtimeInfo: RuntimeInfo(platform=WINDOWS, version=17.2, build=20.08.2022 16.50)
13:00:42.924 [FXGL Background Thread 3 ] DEBUG Engine               - saveFileExt: sav
13:00:42.924 [FXGL Background Thread 3 ] DEBUG Engine               - scaledHeightProp$fxgl: DoubleProperty [bound, value: 824.0]
13:00:42.924 [FXGL Background Thread 3 ] DEBUG Engine               - scaledWidthProp$fxgl: DoubleProperty [bound, value: 799.0]
13:00:42.924 [FXGL Background Thread 3 ] DEBUG Engine               - sceneFactory: com.almasb.fxgl.app.scene.SceneFactory@6f58ea64
13:00:42.924 [FXGL Background Thread 3 ] DEBUG Engine               - secondsIn24h: 60
13:00:42.924 [FXGL Background Thread 3 ] DEBUG Engine               - soundMenuBack: menu/back.wav
13:00:42.924 [FXGL Background Thread 3 ] DEBUG Engine               - soundMenuPress: menu/press.wav
13:00:42.924 [FXGL Background Thread 3 ] DEBUG Engine               - soundMenuSelect: menu/select.wav
13:00:42.924 [FXGL Background Thread 3 ] DEBUG Engine               - soundNotification: core/notification.wav
13:00:42.924 [FXGL Background Thread 3 ] DEBUG Engine               - stageStyle: DECORATED
13:00:42.924 [FXGL Background Thread 3 ] DEBUG Engine               - supportedLanguages: [ENGLISH, FRENCH, GERMAN, HUNGARIAN, RUSSIAN]
13:00:42.925 [FXGL Background Thread 3 ] DEBUG Engine               - ticksPerSecond: -1
13:00:42.925 [FXGL Background Thread 3 ] DEBUG Engine               - title: Dawnseeker
13:00:42.925 [FXGL Background Thread 3 ] DEBUG Engine               - urlGithub: https://github.com/AlmasB/FXGL
13:00:42.925 [FXGL Background Thread 3 ] DEBUG Engine               - urlLeaderboard: http://fxgl-top.herokuapp.com/
13:00:42.925 [FXGL Background Thread 3 ] DEBUG Engine               - urlPOM: https://raw.githubusercontent.com/AlmasB/FXGL/release/README.md
13:00:42.925 [FXGL Background Thread 3 ] DEBUG Engine               - userAppClass: class myGame.DawnseekerApp
13:00:42.925 [FXGL Background Thread 3 ] DEBUG Engine               - version: 0.2
13:00:42.925 [FXGL Background Thread 3 ] DEBUG Engine               - versionCheckDays: 7
13:00:42.925 [FXGL Background Thread 3 ] DEBUG Engine               - width: 1024
13:00:42.925 [FXGL Background Thread 3 ] DEBUG Engine               - Logging services
13:00:42.925 [FXGL Background Thread 3 ] DEBUG Engine               - class com.almasb.fxgl.app.services.FXGLAssetLoaderService
13:00:42.926 [FXGL Background Thread 3 ] DEBUG Engine               - class com.almasb.fxgl.app.FXGLApplication$GameApplicationService
13:00:42.926 [FXGL Background Thread 3 ] DEBUG Engine               - class com.almasb.fxgl.app.services.FXGLDialogService
13:00:42.926 [FXGL Background Thread 3 ] DEBUG Engine               - class com.almasb.fxgl.app.services.IOTaskExecutorService
13:00:42.926 [FXGL Background Thread 3 ] DEBUG Engine               - class com.almasb.fxgl.io.FileSystemService
13:00:42.926 [FXGL Background Thread 3 ] DEBUG Engine               - class com.almasb.fxgl.localization.LocalizationService
13:00:42.927 [FXGL Background Thread 3 ] DEBUG Engine               - class com.almasb.fxgl.app.services.SystemBundleService
13:00:42.927 [FXGL Background Thread 3 ] DEBUG Engine               - class com.almasb.fxgl.profile.SaveLoadService
13:00:42.927 [FXGL Background Thread 3 ] DEBUG Engine               - class com.almasb.fxgl.ui.FXGLUIFactoryServiceProvider
13:00:42.927 [FXGL Background Thread 3 ] DEBUG Engine               - class com.almasb.fxgl.ui.FXGLDialogFactoryServiceProvider
13:00:42.927 [FXGL Background Thread 3 ] DEBUG Engine               - class com.almasb.fxgl.audio.AudioPlayer
13:00:42.927 [FXGL Background Thread 3 ] DEBUG Engine               - class com.almasb.fxgl.notification.impl.NotificationServiceProvider
13:00:42.927 [FXGL Background Thread 3 ] DEBUG Engine               - class com.almasb.fxgl.achievement.AchievementService
13:00:42.927 [FXGL Background Thread 3 ] DEBUG Engine               - class com.almasb.fxgl.cutscene.CutsceneService
13:00:42.927 [FXGL Background Thread 3 ] DEBUG Engine               - class com.almasb.fxgl.minigames.MiniGameService
13:00:42.928 [FXGL Background Thread 3 ] DEBUG Engine               - class com.almasb.fxgl.net.NetService
13:00:42.928 [FXGL Background Thread 3 ] DEBUG Engine               - class com.almasb.fxgl.app.services.UpdaterService
13:00:42.928 [FXGL Background Thread 3 ] DEBUG Engine               - class com.almasb.fxgl.dev.DevService
13:00:44.383 [JavaFX Application Thread] DEBUG FXGLAssetLoaderServi - Loading from file system: file:/C:/Users/narro/OneDrive/Documents/coleg/Spring%202023/CS%204900%20Senior%20Seminiar/Dawnseeker/Dawnseeker/target/classes/assets/sounds/magic_missile.wav
13:00:44.477 [JavaFX Application Thread] DEBUG FXGLAssetLoaderServi - Loading from file system: file:/C:/Users/narro/OneDrive/Documents/coleg/Spring%202023/CS%204900%20Senior%20Seminiar/Dawnseeker/Dawnseeker/target/classes/assets/textures/FireBallProjectile.png
13:00:48.860 [JavaFX Application Thread] DEBUG FXGLAssetLoaderServi - Loading from file system: file:/C:/Users/narro/OneDrive/Documents/coleg/Spring%202023/CS%204900%20Senior%20Seminiar/Dawnseeker/Dawnseeker/target/classes/assets/sounds/player_oof.wav
13:00:49.737 [JavaFX Application Thread] DEBUG FXGLAssetLoaderServi - Loading from file system: file:/C:/Users/narro/OneDrive/Documents/coleg/Spring%202023/CS%204900%20Senior%20Seminiar/Dawnseeker/Dawnseeker/target/classes/assets/sounds/yoda_death.wav
13:00:59.164 [JavaFX Application Thread] DEBUG FXGLAssetLoaderServi - Loading from file system: file:/C:/Users/narro/OneDrive/Documents/coleg/Spring%202023/CS%204900%20Senior%20Seminiar/Dawnseeker/Dawnseeker/target/classes/assets/sounds/coin_pickup.wav
13:01:06.309 [JavaFX Application Thread] DEBUG FXGLApplication      - Exiting FXGL
13:01:06.310 [JavaFX Application Thread] DEBUG LoopRunner           - Stopping loop
13:01:06.310 [JavaFX Application Thread] DEBUG SystemBundleService  - Saving FXGL system data
13:01:06.315 [JavaFX Application Thread] DEBUG FileSystemAccess     - Writing to: C:\Users\narro\OneDrive\Documents\coleg\Spring 2023\CS 4900 Senior Seminiar\Dawnseeker\Dawnseeker\system\fxgl.bundle
13:01:06.324 [JavaFX Application Thread] DEBUG Async                - Shutting down background threads
13:01:06.325 [JavaFX Application Thread] DEBUG PrimaryStageWindow   - Closing main window
13:01:06.346 [JavaFX Application Thread] DEBUG Logger               - Closing Logger
