00:47:14.504 [main                     ] DEBUG Logger               - Configured Logger
00:47:14.528 [main                     ] DEBUG GameApplication      - Logging settings
Title: Dawnseeker
Version: 0.1
Width: 1024
Height: 1024
Fullscreen: false
Intro: false
Profiling: false
Single step:false
App Mode: DEVELOPER
Menu Key: ESCAPE
Stage Style: DECORATED
Scene Factory: class com.almasb.fxgl.app.scene.SceneFactory

00:47:14.992 [JavaFX Application Thread] DEBUG FXGLApplication      - Initializing FXGL
00:47:14.995 [JavaFX Application Thread] INFO  Engine               - FXGL-17.2 (20.08.2022 16.50) on WINDOWS (J:19.0.2 FX:18)
00:47:14.996 [JavaFX Application Thread] DEBUG Engine               - JRE Vendor Name: Oracle Corporation
00:47:14.996 [JavaFX Application Thread] DEBUG Engine               - Running on OS: Windows 10 version 10.0
00:47:14.996 [JavaFX Application Thread] DEBUG Engine               - Architecture: amd64
00:47:14.996 [JavaFX Application Thread] INFO  Engine               - Source code and latest versions at: https://github.com/AlmasB/FXGL
00:47:14.996 [JavaFX Application Thread] INFO  Engine               -       Ask questions and discuss at: https://github.com/AlmasB/FXGL/discussions
00:47:14.996 [JavaFX Application Thread] INFO  Engine               -              Join the FXGL chat at: https://gitter.im/AlmasB/FXGL
00:47:15.112 [JavaFX Application Thread] DEBUG PrimaryStageWindow   - Creating a JavaFX scene
00:47:15.159 [JavaFX Application Thread] DEBUG PrimaryStageWindow   - Target settings size: 1024.0 x 1024.0
00:47:15.159 [JavaFX Application Thread] DEBUG PrimaryStageWindow   - Scaled scene size:    1024.0 x 1024.0
00:47:15.160 [JavaFX Application Thread] DEBUG PrimaryStageWindow   - Scaled ratio: (1.0, 1.0)
00:47:15.161 [JavaFX Application Thread] DEBUG PrimaryStageWindow   - Set initial scene to FXGLStartupScene
00:47:15.168 [JavaFX Application Thread] DEBUG PrimaryStageWindow   - Opening main window
00:47:15.280 [JavaFX Application Thread] DEBUG PrimaryStageWindow   - Window border size: (16.0, 39.0)
00:47:15.280 [JavaFX Application Thread] DEBUG PrimaryStageWindow   - Scaled size: 1024.0 x 1024.0
00:47:15.280 [JavaFX Application Thread] DEBUG PrimaryStageWindow   - Scaled ratio: (1.0, 1.0)
00:47:15.280 [JavaFX Application Thread] DEBUG PrimaryStageWindow   - Scene size: 1024.0 x 1024.0
00:47:15.280 [JavaFX Application Thread] DEBUG PrimaryStageWindow   - Stage size: 1040.0 x 1063.0
00:47:15.287 [FXGL Background Thread 1 ] DEBUG Engine               - Initializing environment variables
00:47:15.330 [FXGL Background Thread 1 ] DEBUG FXGLAssetLoaderServi - User app class for loading assets: class myGame.DawnseekerApp
00:47:15.331 [FXGL Background Thread 1 ] DEBUG GameApplicationServi - Applying CSS: fxgl_dark.css
00:47:15.331 [FXGL Background Thread 1 ] DEBUG FXGLAssetLoaderServi - Loading from file system: jar:file:/C:/Users/Morgan%20Johnson/.m2/repository/com/github/almasb/fxgl/17.2/fxgl-17.2.jar!/fxglassets/ui/css/fxgl_dark.css
00:47:15.371 [FXGL Background Thread 1 ] DEBUG GameApplicationServi - Initializing application scenes
00:47:15.406 [FXGL Background Thread 1 ] DEBUG GameWorld            - Game world initialized
00:47:15.466 [FXGL Background Thread 1 ] DEBUG PhysicsWorld         - Physics world initialized: appHeight=1024, physics.ppm=50.0
00:47:15.466 [FXGL Background Thread 1 ] DEBUG PhysicsWorld         - Using strategy: BRUTE_FORCE
00:47:15.474 [FXGL Background Thread 1 ] DEBUG GameScene            - Game scene initialized: 1024x1024
00:47:15.486 [FXGL Background Thread 1 ] DEBUG FXGL.DefaultMenu     - createMenuBodyMainMenu()
00:47:15.504 [FXGL Background Thread 1 ] DEBUG FXGL.DefaultMenu     - createOptionsMenu()
00:47:15.515 [FXGL Background Thread 1 ] DEBUG FXGLAssetLoaderServi - Loading from file system: jar:file:/C:/Users/Morgan%20Johnson/.m2/repository/com/github/almasb/fxgl/17.2/fxgl-17.2.jar!/fxglassets/textures/particles/smoke.png
00:47:15.609 [FXGL Background Thread 1 ] DEBUG FXGLAssetLoaderServi - Loading from file system: jar:file:/C:/Users/Morgan%20Johnson/.m2/repository/com/github/almasb/fxgl/17.2/fxgl-17.2.jar!/fxglassets/textures/particles/trace_horizontal.png
00:47:15.637 [FXGL Background Thread 1 ] DEBUG FXGL.DefaultMenu     - createMenuBodyGameMenu()
00:47:15.639 [FXGL Background Thread 1 ] DEBUG FXGL.DefaultMenu     - createOptionsMenu()
00:47:15.653 [FXGL Background Thread 1 ] DEBUG GameApplicationServi - Application scenes initialized
00:47:15.665 [FXGL Background Thread 1 ] DEBUG SystemBundleService  - Loading FXGL system data
00:47:15.670 [FXGL Background Thread 1 ] DEBUG FileSystemAccess     - Reading from: C:\Games\Schoolwork\Spring 23\CS4900\DawnseekerWorkspace\CS4900G2Proj2\Dawnseeker\system\fxgl.bundle
00:47:15.678 [FXGL Background Thread 1 ] DEBUG SystemBundleService  - Bundle FXGL: {}
00:47:15.678 [FXGL Background Thread 1 ] DEBUG UpdaterService       - Checking for updates
00:47:15.682 [FXGL Background Thread 4 ] DEBUG FXGLApplication      - Loading fonts
00:47:15.682 [FXGL Background Thread 1 ] DEBUG FXGLApplication      - Loading default localization
00:47:15.682 [FXGL Background Thread 4 ] DEBUG FXGLAssetLoaderServi - Loading from file system: jar:file:/C:/Users/Morgan%20Johnson/.m2/repository/com/github/almasb/fxgl/17.2/fxgl-17.2.jar!/fxglassets/ui/fonts/VarelaRound-Regular.ttf
00:47:15.683 [FXGL Background Thread 1 ] DEBUG FXGLAssetLoaderServi - Loading from file system: jar:file:/C:/Users/Morgan%20Johnson/.m2/repository/com/github/almasb/fxgl/17.2/fxgl-17.2.jar!/fxglassets/languages/english.lang
00:47:15.703 [FXGL Background Thread 1 ] INFO  FXGLApplication      - FXGL initialization took: 0.416 sec
00:47:15.714 [JavaFX Application Thread] DEBUG Input                - Registered new binding: action0 - A
00:47:15.716 [JavaFX Application Thread] DEBUG Input                - Registered new binding: action1 - LMB
00:47:15.716 [JavaFX Application Thread] DEBUG Input                - Registered new binding: Up - W
00:47:15.716 [JavaFX Application Thread] DEBUG Input                - Registered new binding: Down - S
00:47:15.716 [JavaFX Application Thread] DEBUG Input                - Registered new binding: Right - D
00:47:15.717 [JavaFX Application Thread] DEBUG FXGLAssetLoaderServi - Loading from file system: jar:file:/C:/Users/Morgan%20Johnson/.m2/repository/com/github/almasb/fxgl/17.2/fxgl-17.2.jar!/fxglassets/textures/fxgl_icon.png
00:47:15.743 [JavaFX Application Thread] DEBUG FXGLAssetLoaderServi - Loading from file system: jar:file:/C:/Users/Morgan%20Johnson/.m2/repository/com/github/almasb/fxgl/17.2/fxgl-17.2.jar!/fxglassets/textures/fxgl_default_cursor.png
00:47:15.745 [JavaFX Application Thread] DEBUG Input                - Registered new binding: Screenshot - CTRL+8
00:47:15.745 [JavaFX Application Thread] DEBUG Input                - Registered new binding: System info dump - CTRL+9
00:47:15.746 [JavaFX Application Thread] DEBUG Input                - Registered new binding: Restart - CTRL+R
00:47:15.747 [JavaFX Application Thread] DEBUG Input                - Registered new binding: Toggle Debug Camera - CTRL+7
00:47:15.749 [JavaFX Application Thread] DEBUG LoopRunner           - Starting loop
00:47:15.749 [JavaFX Application Thread] DEBUG LoopRunner           - Initializing JavaFX AnimationTimerLoop
00:47:15.752 [JavaFX Application Thread] DEBUG Input                - Clearing active input actions
00:47:15.760 [JavaFX Application Thread] DEBUG GameApplicationServi - Removing overlay from FXGLStartupScene and adding to FXGLMainMenuDummyScene
00:47:15.760 [JavaFX Application Thread] DEBUG PrimaryStageWindow   - FXGLStartupScene -> FXGLMainMenuDummyScene
00:47:15.760 [JavaFX Application Thread] DEBUG PrimaryStageWindow   - Push state: FXGLDefaultMenu
00:47:15.773 [JavaFX Application Thread] DEBUG Input                - Clearing active input actions
00:47:15.783 [FXGL Background Thread 4 ] DEBUG FXGLAssetLoaderServi - Loading from file system: jar:file:/C:/Users/Morgan%20Johnson/.m2/repository/com/github/almasb/fxgl/17.2/fxgl-17.2.jar!/fxglassets/ui/fonts/Abel-Regular.ttf
00:47:15.787 [FXGL Background Thread 4 ] DEBUG FXGLAssetLoaderServi - Loading from file system: jar:file:/C:/Users/Morgan%20Johnson/.m2/repository/com/github/almasb/fxgl/17.2/fxgl-17.2.jar!/fxglassets/ui/fonts/TerminalLandMono-Regular.otf
00:47:15.791 [JavaFX Application Thread] DEBUG GameApplicationServi - Removing overlay from FXGLMainMenuDummyScene and adding to FXGLDefaultMenu
00:47:15.791 [JavaFX Application Thread] DEBUG PrimaryStageWindow   - FXGLMainMenuDummyScene -> FXGLDefaultMenu
00:47:15.792 [FXGL Background Thread 4 ] DEBUG FXGLAssetLoaderServi - Loading from file system: jar:file:/C:/Users/Morgan%20Johnson/.m2/repository/com/github/almasb/fxgl/17.2/fxgl-17.2.jar!/fxglassets/ui/fonts/Courier-Prime.ttf
00:47:15.876 [JavaFX Application Thread] DEBUG FXGLApplication      - Registering font factories with UI factory
00:47:16.950 [JavaFX Application Thread] DEBUG Menu                 - fireNewGame()
00:47:16.950 [JavaFX Application Thread] DEBUG GameApplicationServi - Starting new game
00:47:16.952 [JavaFX Application Thread] DEBUG PrimaryStageWindow   - Pop state: FXGLDefaultMenu
00:47:16.952 [JavaFX Application Thread] DEBUG Input                - Clearing active input actions
00:47:16.953 [JavaFX Application Thread] DEBUG GameApplicationServi - Removing overlay from FXGLDefaultMenu and adding to FXGLMainMenuDummyScene
00:47:16.953 [JavaFX Application Thread] DEBUG PrimaryStageWindow   - FXGLMainMenuDummyScene <- FXGLDefaultMenu
00:47:16.953 [JavaFX Application Thread] DEBUG Input                - Clearing active input actions
00:47:16.959 [JavaFX Application Thread] DEBUG GameApplicationServi - Removing overlay from FXGLMainMenuDummyScene and adding to FXGLLoadingScene
00:47:16.959 [JavaFX Application Thread] DEBUG PrimaryStageWindow   - FXGLMainMenuDummyScene -> FXGLLoadingScene
00:47:16.959 [JavaFX Application Thread] DEBUG GameApplicationServi - Clearing previous game
00:47:16.959 [JavaFX Application Thread] DEBUG GameScene            - Clearing game scene
00:47:16.959 [JavaFX Application Thread] DEBUG GameWorld            - Clearing game world
00:47:16.960 [JavaFX Application Thread] DEBUG PhysicsWorld         - Clearing physics world
00:47:16.961 [FXGL Background Thread 2 ] DEBUG FXGLApplication      - Initializing game
00:47:16.972 [FXGL Background Thread 2 ] DEBUG FXGLAssetLoaderServi - Loading from file system: file:/C:/Games/Schoolwork/Spring%2023/CS4900/DawnseekerWorkspace/CS4900G2Proj2/Dawnseeker/target/classes/assets/textures/DawnseekerPCV2.png
00:47:16.980 [FXGL Background Thread 2 ] DEBUG FXGLAssetLoaderServi - Loading from file system: file:/C:/Games/Schoolwork/Spring%2023/CS4900/DawnseekerWorkspace/CS4900G2Proj2/Dawnseeker/target/classes/assets/textures/DawnseekerPCV2Down.png
00:47:16.982 [FXGL Background Thread 2 ] DEBUG FXGLAssetLoaderServi - Loading from file system: file:/C:/Games/Schoolwork/Spring%2023/CS4900/DawnseekerWorkspace/CS4900G2Proj2/Dawnseeker/target/classes/assets/textures/DawnseekerPCV2Up.png
00:47:16.984 [FXGL Background Thread 2 ] DEBUG FXGLAssetLoaderServi - Loading from file system: file:/C:/Games/Schoolwork/Spring%2023/CS4900/DawnseekerWorkspace/CS4900G2Proj2/Dawnseeker/target/classes/assets/textures/DawnseekerPCV2Right.png
00:47:16.986 [FXGL Background Thread 2 ] DEBUG FXGLAssetLoaderServi - Loading from file system: file:/C:/Games/Schoolwork/Spring%2023/CS4900/DawnseekerWorkspace/CS4900G2Proj2/Dawnseeker/target/classes/assets/textures/DawnseekerPCV2Left.png
00:47:17.000 [FXGL Background Thread 2 ] WARN  GameWorld            - Entity is already attached to world
00:47:17.001 [FXGL Background Thread 2 ] WARN  Entity               - Entity already has component: com.almasb.fxgl.entity.components.CollidableComponent
00:47:17.001 [FXGL Background Thread 2 ] WARN  GameWorld            - Entity is already attached to world
00:47:17.001 [FXGL Background Thread 2 ] WARN  Entity               - Entity already has component: com.almasb.fxgl.entity.components.CollidableComponent
00:47:17.001 [FXGL Background Thread 2 ] WARN  GameWorld            - Entity is already attached to world
00:47:17.002 [FXGL Background Thread 2 ] WARN  Entity               - Entity already has component: com.almasb.fxgl.entity.components.CollidableComponent
00:47:17.002 [FXGL Background Thread 2 ] WARN  GameWorld            - Entity is already attached to world
00:47:17.003 [FXGL Background Thread 2 ] WARN  Entity               - Entity already has component: com.almasb.fxgl.entity.components.CollidableComponent
00:47:17.003 [FXGL Background Thread 2 ] WARN  GameWorld            - Entity is already attached to world
00:47:17.015 [FXGL Background Thread 2 ] INFO  FXGLApplication      - Game initialization took: 0.053 sec
00:47:17.016 [JavaFX Application Thread] DEBUG Input                - Clearing active input actions
00:47:17.021 [JavaFX Application Thread] DEBUG GameApplicationServi - Removing overlay from FXGLLoadingScene and adding to GameScene
00:47:17.021 [JavaFX Application Thread] DEBUG PrimaryStageWindow   - FXGLLoadingScene -> GameScene
00:47:17.455 [JavaFX Application Thread] DEBUG FXGLAssetLoaderServi - Loading from file system: file:/C:/Games/Schoolwork/Spring%2023/CS4900/DawnseekerWorkspace/CS4900G2Proj2/Dawnseeker/target/classes/assets/textures/EnemyDawnseeker.png
00:47:18.680 [FXGL Background Thread 3 ] DEBUG Engine               - Logging environment variables
00:47:18.680 [FXGL Background Thread 3 ] DEBUG Engine               - achievements: []
00:47:18.680 [FXGL Background Thread 3 ] DEBUG Engine               - actualHeight: 1024.0
00:47:18.680 [FXGL Background Thread 3 ] DEBUG Engine               - actualHeightProperty: ReadOnlyDoubleProperty [value: 1024.0]
00:47:18.680 [FXGL Background Thread 3 ] DEBUG Engine               - actualWidth: 1024.0
00:47:18.680 [FXGL Background Thread 3 ] DEBUG Engine               - actualWidthProperty: ReadOnlyDoubleProperty [value: 1024.0]
00:47:18.680 [FXGL Background Thread 3 ] DEBUG Engine               - appIcon: fxgl_icon.png
00:47:18.680 [FXGL Background Thread 3 ] DEBUG Engine               - applicationMode: DEVELOPER
00:47:18.680 [FXGL Background Thread 3 ] DEBUG Engine               - cSSList: [fxgl_dark.css]
00:47:18.680 [FXGL Background Thread 3 ] DEBUG Engine               - collisionDetectionStrategy: BRUTE_FORCE
00:47:18.680 [FXGL Background Thread 3 ] DEBUG Engine               - configClass: Optional.empty
00:47:18.681 [FXGL Background Thread 3 ] DEBUG Engine               - credits: []
00:47:18.681 [FXGL Background Thread 3 ] DEBUG Engine               - defaultCursor: CursorInfo(imageName=fxgl_default_cursor.png, hotspotX=7.0, hotspotY=6.0)
00:47:18.681 [FXGL Background Thread 3 ] DEBUG Engine               - devBBoxColorProperty: ObjectProperty [value: 0xff0000ff]
00:47:18.681 [FXGL Background Thread 3 ] DEBUG Engine               - devEnableDebugCameraProperty: BooleanProperty [value: false]
00:47:18.681 [FXGL Background Thread 3 ] DEBUG Engine               - devSensorColorProperty: ObjectProperty [value: 0xffff00ff]
00:47:18.681 [FXGL Background Thread 3 ] DEBUG Engine               - devShowBBoxProperty: BooleanProperty [value: false]
00:47:18.681 [FXGL Background Thread 3 ] DEBUG Engine               - devShowPositionProperty: BooleanProperty [value: false]
00:47:18.681 [FXGL Background Thread 3 ] DEBUG Engine               - enabledMenuItems: []
00:47:18.681 [FXGL Background Thread 3 ] DEBUG Engine               - engineServices: [class com.almasb.fxgl.app.services.FXGLAssetLoaderService, class com.almasb.fxgl.app.FXGLApplication$GameApplicationService, class com.almasb.fxgl.app.services.FXGLDialogService, class com.almasb.fxgl.app.services.IOTaskExecutorService, class com.almasb.fxgl.io.FileSystemService, class com.almasb.fxgl.localization.LocalizationService, class com.almasb.fxgl.app.services.SystemBundleService, class com.almasb.fxgl.profile.SaveLoadService, class com.almasb.fxgl.ui.FXGLUIFactoryServiceProvider, class com.almasb.fxgl.ui.FXGLDialogFactoryServiceProvider, class com.almasb.fxgl.audio.AudioPlayer, class com.almasb.fxgl.notification.impl.NotificationServiceProvider, class com.almasb.fxgl.achievement.AchievementService, class com.almasb.fxgl.cutscene.CutsceneService, class com.almasb.fxgl.minigames.MiniGameService, class com.almasb.fxgl.net.NetService, class com.almasb.fxgl.app.services.UpdaterService, class com.almasb.fxgl.dev.DevService]
00:47:18.681 [FXGL Background Thread 3 ] DEBUG Engine               - fontGame: Abel-Regular.ttf
00:47:18.681 [FXGL Background Thread 3 ] DEBUG Engine               - fontMono: TerminalLandMono-Regular.otf
00:47:18.681 [FXGL Background Thread 3 ] DEBUG Engine               - fontText: Courier-Prime.ttf
00:47:18.681 [FXGL Background Thread 3 ] DEBUG Engine               - fontUI: VarelaRound-Regular.ttf
00:47:18.681 [FXGL Background Thread 3 ] DEBUG Engine               - fullScreen: BooleanProperty [value: false]
00:47:18.682 [FXGL Background Thread 3 ] DEBUG Engine               - gameDifficulty: MEDIUM
00:47:18.682 [FXGL Background Thread 3 ] DEBUG Engine               - gameDifficultyProperty: ObjectProperty [value: MEDIUM]
00:47:18.682 [FXGL Background Thread 3 ] DEBUG Engine               - globalMusicVolume: 0.5
00:47:18.682 [FXGL Background Thread 3 ] DEBUG Engine               - globalMusicVolumeProperty: DoubleProperty [value: 0.5]
00:47:18.682 [FXGL Background Thread 3 ] DEBUG Engine               - globalSoundVolume: 0.5
00:47:18.682 [FXGL Background Thread 3 ] DEBUG Engine               - globalSoundVolumeProperty: DoubleProperty [value: 0.5]
00:47:18.682 [FXGL Background Thread 3 ] DEBUG Engine               - height: 1024
00:47:18.682 [FXGL Background Thread 3 ] DEBUG Engine               - is3D: false
00:47:18.682 [FXGL Background Thread 3 ] DEBUG Engine               - isAndroid: false
00:47:18.682 [FXGL Background Thread 3 ] DEBUG Engine               - isBrowser: false
00:47:18.682 [FXGL Background Thread 3 ] DEBUG Engine               - isClickFeedbackEnabled: false
00:47:18.682 [FXGL Background Thread 3 ] DEBUG Engine               - isCloseConfirmation: false
00:47:18.682 [FXGL Background Thread 3 ] DEBUG Engine               - isDesktop: true
00:47:18.682 [FXGL Background Thread 3 ] DEBUG Engine               - isDeveloperMenuEnabled: false
00:47:18.682 [FXGL Background Thread 3 ] DEBUG Engine               - isEmbedded: false
00:47:18.682 [FXGL Background Thread 3 ] DEBUG Engine               - isEntityPreloadEnabled: true
00:47:18.682 [FXGL Background Thread 3 ] DEBUG Engine               - isExperimentalTiledLargeMap: false
00:47:18.682 [FXGL Background Thread 3 ] DEBUG Engine               - isFileSystemWriteAllowed: true
00:47:18.682 [FXGL Background Thread 3 ] DEBUG Engine               - isFullScreenAllowed: false
00:47:18.682 [FXGL Background Thread 3 ] DEBUG Engine               - isFullScreenFromStart: false
00:47:18.682 [FXGL Background Thread 3 ] DEBUG Engine               - isGameMenuEnabled: true
00:47:18.682 [FXGL Background Thread 3 ] DEBUG Engine               - isIOS: false
00:47:18.682 [FXGL Background Thread 3 ] DEBUG Engine               - isIntroEnabled: false
00:47:18.682 [FXGL Background Thread 3 ] DEBUG Engine               - isLinux: false
00:47:18.682 [FXGL Background Thread 3 ] DEBUG Engine               - isMac: false
00:47:18.683 [FXGL Background Thread 3 ] DEBUG Engine               - isMainMenuEnabled: true
00:47:18.683 [FXGL Background Thread 3 ] DEBUG Engine               - isManualResizeEnabled: false
00:47:18.683 [FXGL Background Thread 3 ] DEBUG Engine               - isMobile: false
00:47:18.683 [FXGL Background Thread 3 ] DEBUG Engine               - isNative: false
00:47:18.683 [FXGL Background Thread 3 ] DEBUG Engine               - isPauseMusicWhenMinimized: true
00:47:18.683 [FXGL Background Thread 3 ] DEBUG Engine               - isPreserveResizeRatio: false
00:47:18.683 [FXGL Background Thread 3 ] DEBUG Engine               - isProfilingEnabled: false
00:47:18.683 [FXGL Background Thread 3 ] DEBUG Engine               - isScaleAffectedOnResize: true
00:47:18.683 [FXGL Background Thread 3 ] DEBUG Engine               - isSingleStep: false
00:47:18.683 [FXGL Background Thread 3 ] DEBUG Engine               - isUserProfileEnabled: false
00:47:18.683 [FXGL Background Thread 3 ] DEBUG Engine               - isWindows: true
00:47:18.683 [FXGL Background Thread 3 ] DEBUG Engine               - language: ObjectProperty [value: ENGLISH]
00:47:18.683 [FXGL Background Thread 3 ] DEBUG Engine               - menuKey: ESCAPE
00:47:18.683 [FXGL Background Thread 3 ] DEBUG Engine               - mouseSensitivity: 0.2
00:47:18.683 [FXGL Background Thread 3 ] DEBUG Engine               - notificationViewClass: class com.almasb.fxgl.notification.view.XboxNotificationView
00:47:18.683 [FXGL Background Thread 3 ] DEBUG Engine               - pixelsPerMeter: 50.0
00:47:18.683 [FXGL Background Thread 3 ] DEBUG Engine               - platform: WINDOWS
00:47:18.683 [FXGL Background Thread 3 ] DEBUG Engine               - prefHeightProperty: ReadOnlyDoubleProperty [value: 1024.0]
00:47:18.683 [FXGL Background Thread 3 ] DEBUG Engine               - prefWidthProperty: ReadOnlyDoubleProperty [value: 1024.0]
00:47:18.683 [FXGL Background Thread 3 ] DEBUG Engine               - profileDir: profiles/
00:47:18.683 [FXGL Background Thread 3 ] DEBUG Engine               - profileName: StringProperty [value: DEFAULT]
00:47:18.683 [FXGL Background Thread 3 ] DEBUG Engine               - randomSeed: -1
00:47:18.684 [FXGL Background Thread 3 ] DEBUG Engine               - runtimeInfo: RuntimeInfo(platform=WINDOWS, version=17.2, build=20.08.2022 16.50)
00:47:18.684 [FXGL Background Thread 3 ] DEBUG Engine               - saveFileExt: sav
00:47:18.684 [FXGL Background Thread 3 ] DEBUG Engine               - scaledHeightProp$fxgl: DoubleProperty [bound, value: 1024.0]
00:47:18.684 [FXGL Background Thread 3 ] DEBUG Engine               - scaledWidthProp$fxgl: DoubleProperty [bound, value: 1024.0]
00:47:18.684 [FXGL Background Thread 3 ] DEBUG Engine               - sceneFactory: com.almasb.fxgl.app.scene.SceneFactory@350e9c73
00:47:18.684 [FXGL Background Thread 3 ] DEBUG Engine               - secondsIn24h: 60
00:47:18.684 [FXGL Background Thread 3 ] DEBUG Engine               - soundMenuBack: menu/back.wav
00:47:18.684 [FXGL Background Thread 3 ] DEBUG Engine               - soundMenuPress: menu/press.wav
00:47:18.684 [FXGL Background Thread 3 ] DEBUG Engine               - soundMenuSelect: menu/select.wav
00:47:18.684 [FXGL Background Thread 3 ] DEBUG Engine               - soundNotification: core/notification.wav
00:47:18.684 [FXGL Background Thread 3 ] DEBUG Engine               - stageStyle: DECORATED
00:47:18.684 [FXGL Background Thread 3 ] DEBUG Engine               - supportedLanguages: [ENGLISH, FRENCH, GERMAN, HUNGARIAN, RUSSIAN]
00:47:18.684 [FXGL Background Thread 3 ] DEBUG Engine               - ticksPerSecond: -1
00:47:18.684 [FXGL Background Thread 3 ] DEBUG Engine               - title: Dawnseeker
00:47:18.684 [FXGL Background Thread 3 ] DEBUG Engine               - urlGithub: https://github.com/AlmasB/FXGL
00:47:18.684 [FXGL Background Thread 3 ] DEBUG Engine               - urlLeaderboard: http://fxgl-top.herokuapp.com/
00:47:18.684 [FXGL Background Thread 3 ] DEBUG Engine               - urlPOM: https://raw.githubusercontent.com/AlmasB/FXGL/release/README.md
00:47:18.684 [FXGL Background Thread 3 ] DEBUG Engine               - userAppClass: class myGame.DawnseekerApp
00:47:18.684 [FXGL Background Thread 3 ] DEBUG Engine               - version: 0.1
00:47:18.684 [FXGL Background Thread 3 ] DEBUG Engine               - versionCheckDays: 7
00:47:18.684 [FXGL Background Thread 3 ] DEBUG Engine               - width: 1024
00:47:18.684 [FXGL Background Thread 3 ] DEBUG Engine               - Logging services
00:47:18.684 [FXGL Background Thread 3 ] DEBUG Engine               - class com.almasb.fxgl.app.services.FXGLAssetLoaderService
00:47:18.684 [FXGL Background Thread 3 ] DEBUG Engine               - class com.almasb.fxgl.app.FXGLApplication$GameApplicationService
00:47:18.684 [FXGL Background Thread 3 ] DEBUG Engine               - class com.almasb.fxgl.app.services.FXGLDialogService
00:47:18.684 [FXGL Background Thread 3 ] DEBUG Engine               - class com.almasb.fxgl.app.services.IOTaskExecutorService
00:47:18.684 [FXGL Background Thread 3 ] DEBUG Engine               - class com.almasb.fxgl.io.FileSystemService
00:47:18.684 [FXGL Background Thread 3 ] DEBUG Engine               - class com.almasb.fxgl.localization.LocalizationService
00:47:18.684 [FXGL Background Thread 3 ] DEBUG Engine               - class com.almasb.fxgl.app.services.SystemBundleService
00:47:18.684 [FXGL Background Thread 3 ] DEBUG Engine               - class com.almasb.fxgl.profile.SaveLoadService
00:47:18.684 [FXGL Background Thread 3 ] DEBUG Engine               - class com.almasb.fxgl.ui.FXGLUIFactoryServiceProvider
00:47:18.685 [FXGL Background Thread 3 ] DEBUG Engine               - class com.almasb.fxgl.ui.FXGLDialogFactoryServiceProvider
00:47:18.685 [FXGL Background Thread 3 ] DEBUG Engine               - class com.almasb.fxgl.audio.AudioPlayer
00:47:18.685 [FXGL Background Thread 3 ] DEBUG Engine               - class com.almasb.fxgl.notification.impl.NotificationServiceProvider
00:47:18.685 [FXGL Background Thread 3 ] DEBUG Engine               - class com.almasb.fxgl.achievement.AchievementService
00:47:18.685 [FXGL Background Thread 3 ] DEBUG Engine               - class com.almasb.fxgl.cutscene.CutsceneService
00:47:18.685 [FXGL Background Thread 3 ] DEBUG Engine               - class com.almasb.fxgl.minigames.MiniGameService
00:47:18.685 [FXGL Background Thread 3 ] DEBUG Engine               - class com.almasb.fxgl.net.NetService
00:47:18.685 [FXGL Background Thread 3 ] DEBUG Engine               - class com.almasb.fxgl.app.services.UpdaterService
00:47:18.685 [FXGL Background Thread 3 ] DEBUG Engine               - class com.almasb.fxgl.dev.DevService
00:47:19.866 [JavaFX Application Thread] DEBUG FXGLApplication      - Exiting FXGL
00:47:19.866 [JavaFX Application Thread] DEBUG LoopRunner           - Stopping loop
00:47:19.866 [JavaFX Application Thread] DEBUG SystemBundleService  - Saving FXGL system data
00:47:19.867 [JavaFX Application Thread] DEBUG FileSystemAccess     - Writing to: C:\Games\Schoolwork\Spring 23\CS4900\DawnseekerWorkspace\CS4900G2Proj2\Dawnseeker\system\fxgl.bundle
00:47:19.869 [JavaFX Application Thread] DEBUG Async                - Shutting down background threads
00:47:19.870 [JavaFX Application Thread] DEBUG PrimaryStageWindow   - Closing main window
00:47:19.884 [JavaFX Application Thread] DEBUG Logger               - Closing Logger
