12:33:19.391 [main                     ] DEBUG Logger               - Configured Logger
12:33:19.410 [main                     ] DEBUG GameApplication      - Logging settings
Title: Dawnseeker
Version: 0.2
Width: 1024
Height: 1024
Fullscreen: false
Intro: false
Profiling: false
Single step:false
App Mode: DEVELOPER
Menu Key: ESCAPE
Stage Style: DECORATED
Scene Factory: class com.almasb.fxgl.app.scene.SceneFactory

12:33:19.727 [JavaFX Application Thread] DEBUG FXGLApplication      - Initializing FXGL
12:33:19.731 [JavaFX Application Thread] INFO  Engine               - FXGL-17.2 (20.08.2022 16.50) on WINDOWS (J:19.0.2 FX:18)
12:33:19.731 [JavaFX Application Thread] DEBUG Engine               - JRE Vendor Name: Oracle Corporation
12:33:19.732 [JavaFX Application Thread] DEBUG Engine               - Running on OS: Windows 10 version 10.0
12:33:19.732 [JavaFX Application Thread] DEBUG Engine               - Architecture: amd64
12:33:19.732 [JavaFX Application Thread] INFO  Engine               - Source code and latest versions at: https://github.com/AlmasB/FXGL
12:33:19.732 [JavaFX Application Thread] INFO  Engine               -       Ask questions and discuss at: https://github.com/AlmasB/FXGL/discussions
12:33:19.732 [JavaFX Application Thread] INFO  Engine               -              Join the FXGL chat at: https://gitter.im/AlmasB/FXGL
12:33:19.827 [JavaFX Application Thread] DEBUG PrimaryStageWindow   - Creating a JavaFX scene
12:33:19.828 [JavaFX Application Thread] DEBUG PrimaryStageWindow   - Target size > screen size
12:33:19.863 [JavaFX Application Thread] DEBUG PrimaryStageWindow   - Target settings size: 1024.0 x 1024.0
12:33:19.864 [JavaFX Application Thread] DEBUG PrimaryStageWindow   - Scaled scene size:    799.0 x 824.0
12:33:19.864 [JavaFX Application Thread] DEBUG PrimaryStageWindow   - Scaled ratio: (0.7802734375, 0.8046875)
12:33:19.866 [JavaFX Application Thread] DEBUG PrimaryStageWindow   - Set initial scene to FXGLStartupScene
12:33:19.870 [JavaFX Application Thread] DEBUG PrimaryStageWindow   - Opening main window
12:33:19.948 [JavaFX Application Thread] DEBUG PrimaryStageWindow   - Window border size: (14.5999755859375, 37.5999755859375)
12:33:19.949 [JavaFX Application Thread] DEBUG PrimaryStageWindow   - Scaled size: 799.0 x 824.0
12:33:19.949 [JavaFX Application Thread] DEBUG PrimaryStageWindow   - Scaled ratio: (0.7802734375, 0.8046875)
12:33:19.949 [JavaFX Application Thread] DEBUG PrimaryStageWindow   - Scene size: 799.0 x 824.0
12:33:19.949 [JavaFX Application Thread] DEBUG PrimaryStageWindow   - Stage size: 813.5999755859375 x 861.5999755859375
12:33:19.958 [FXGL Background Thread 1 ] DEBUG Engine               - Initializing environment variables
12:33:20.021 [FXGL Background Thread 1 ] DEBUG FXGLAssetLoaderServi - User app class for loading assets: class myGame.DawnseekerApp
12:33:20.022 [FXGL Background Thread 1 ] DEBUG GameApplicationServi - Applying CSS: fxgl_dark.css
12:33:20.023 [FXGL Background Thread 1 ] DEBUG FXGLAssetLoaderServi - Loading from file system: jar:file:/C:/Users/narro/.m2/repository/com/github/almasb/fxgl/17.2/fxgl-17.2.jar!/fxglassets/ui/css/fxgl_dark.css
12:33:20.069 [FXGL Background Thread 1 ] DEBUG GameApplicationServi - Initializing application scenes
12:33:20.117 [FXGL Background Thread 1 ] DEBUG GameWorld            - Game world initialized
12:33:20.193 [FXGL Background Thread 1 ] DEBUG PhysicsWorld         - Physics world initialized: appHeight=1024, physics.ppm=50.0
12:33:20.193 [FXGL Background Thread 1 ] DEBUG PhysicsWorld         - Using strategy: BRUTE_FORCE
12:33:20.198 [FXGL Background Thread 1 ] DEBUG GameScene            - Game scene initialized: 1024x1024
12:33:20.217 [FXGL Background Thread 1 ] DEBUG FXGL.DefaultMenu     - createMenuBodyMainMenu()
12:33:20.239 [FXGL Background Thread 1 ] DEBUG FXGL.DefaultMenu     - createOptionsMenu()
12:33:20.248 [FXGL Background Thread 1 ] DEBUG FXGLAssetLoaderServi - Loading from file system: jar:file:/C:/Users/narro/.m2/repository/com/github/almasb/fxgl/17.2/fxgl-17.2.jar!/fxglassets/textures/particles/smoke.png
12:33:20.335 [FXGL Background Thread 1 ] DEBUG FXGLAssetLoaderServi - Loading from file system: jar:file:/C:/Users/narro/.m2/repository/com/github/almasb/fxgl/17.2/fxgl-17.2.jar!/fxglassets/textures/particles/trace_horizontal.png
12:33:20.355 [FXGL Background Thread 1 ] DEBUG FXGL.DefaultMenu     - createMenuBodyGameMenu()
12:33:20.356 [FXGL Background Thread 1 ] DEBUG FXGL.DefaultMenu     - createOptionsMenu()
12:33:20.366 [FXGL Background Thread 1 ] DEBUG GameApplicationServi - Application scenes initialized
12:33:20.376 [FXGL Background Thread 1 ] DEBUG SystemBundleService  - Loading FXGL system data
12:33:20.381 [FXGL Background Thread 1 ] DEBUG FileSystemAccess     - Reading from: C:\Users\narro\OneDrive\Documents\coleg\Spring 2023\CS 4900 Senior Seminiar\Dawnseeker\Dawnseeker\system\fxgl.bundle
12:33:20.388 [FXGL Background Thread 1 ] DEBUG SystemBundleService  - Bundle FXGL: {}
12:33:20.388 [FXGL Background Thread 1 ] DEBUG UpdaterService       - Checking for updates
12:33:20.391 [FXGL Background Thread 4 ] DEBUG FXGLApplication      - Loading fonts
12:33:20.391 [FXGL Background Thread 4 ] DEBUG FXGLAssetLoaderServi - Loading from file system: jar:file:/C:/Users/narro/.m2/repository/com/github/almasb/fxgl/17.2/fxgl-17.2.jar!/fxglassets/ui/fonts/VarelaRound-Regular.ttf
12:33:20.391 [FXGL Background Thread 1 ] DEBUG FXGLApplication      - Loading default localization
12:33:20.391 [FXGL Background Thread 1 ] DEBUG FXGLAssetLoaderServi - Loading from file system: jar:file:/C:/Users/narro/.m2/repository/com/github/almasb/fxgl/17.2/fxgl-17.2.jar!/fxglassets/languages/english.lang
12:33:20.414 [FXGL Background Thread 1 ] INFO  FXGLApplication      - FXGL initialization took: 0.456 sec
12:33:20.425 [JavaFX Application Thread] DEBUG Input                - Registered new binding: action0 - W
12:33:20.425 [JavaFX Application Thread] DEBUG Input                - Registered new binding: action1 - S
12:33:20.425 [JavaFX Application Thread] DEBUG Input                - Registered new binding: action2 - A
12:33:20.425 [JavaFX Application Thread] DEBUG Input                - Registered new binding: action3 - D
12:33:20.427 [JavaFX Application Thread] DEBUG Input                - Registered new binding: action4 - LMB
12:33:20.428 [JavaFX Application Thread] DEBUG FXGLAssetLoaderServi - Loading from file system: jar:file:/C:/Users/narro/.m2/repository/com/github/almasb/fxgl/17.2/fxgl-17.2.jar!/fxglassets/textures/fxgl_icon.png
12:33:20.448 [JavaFX Application Thread] DEBUG FXGLAssetLoaderServi - Loading from file system: jar:file:/C:/Users/narro/.m2/repository/com/github/almasb/fxgl/17.2/fxgl-17.2.jar!/fxglassets/textures/fxgl_default_cursor.png
12:33:20.451 [JavaFX Application Thread] DEBUG Input                - Registered new binding: Screenshot - CTRL+8
12:33:20.452 [JavaFX Application Thread] DEBUG Input                - Registered new binding: System info dump - CTRL+9
12:33:20.452 [JavaFX Application Thread] DEBUG Input                - Registered new binding: Restart - CTRL+R
12:33:20.453 [JavaFX Application Thread] DEBUG Input                - Registered new binding: Toggle Debug Camera - CTRL+7
12:33:20.455 [JavaFX Application Thread] DEBUG LoopRunner           - Starting loop
12:33:20.456 [JavaFX Application Thread] DEBUG LoopRunner           - Initializing JavaFX AnimationTimerLoop
12:33:20.458 [JavaFX Application Thread] DEBUG Input                - Clearing active input actions
12:33:20.465 [JavaFX Application Thread] DEBUG GameApplicationServi - Removing overlay from FXGLStartupScene and adding to FXGLMainMenuDummyScene
12:33:20.465 [JavaFX Application Thread] DEBUG PrimaryStageWindow   - FXGLStartupScene -> FXGLMainMenuDummyScene
12:33:20.465 [JavaFX Application Thread] DEBUG PrimaryStageWindow   - Push state: FXGLDefaultMenu
12:33:20.472 [JavaFX Application Thread] DEBUG Input                - Clearing active input actions
12:33:20.476 [FXGL Background Thread 4 ] DEBUG FXGLAssetLoaderServi - Loading from file system: jar:file:/C:/Users/narro/.m2/repository/com/github/almasb/fxgl/17.2/fxgl-17.2.jar!/fxglassets/ui/fonts/Abel-Regular.ttf
12:33:20.482 [JavaFX Application Thread] DEBUG GameApplicationServi - Removing overlay from FXGLMainMenuDummyScene and adding to FXGLDefaultMenu
12:33:20.483 [JavaFX Application Thread] DEBUG PrimaryStageWindow   - FXGLMainMenuDummyScene -> FXGLDefaultMenu
12:33:20.487 [FXGL Background Thread 4 ] DEBUG FXGLAssetLoaderServi - Loading from file system: jar:file:/C:/Users/narro/.m2/repository/com/github/almasb/fxgl/17.2/fxgl-17.2.jar!/fxglassets/ui/fonts/TerminalLandMono-Regular.otf
12:33:20.499 [FXGL Background Thread 4 ] DEBUG FXGLAssetLoaderServi - Loading from file system: jar:file:/C:/Users/narro/.m2/repository/com/github/almasb/fxgl/17.2/fxgl-17.2.jar!/fxglassets/ui/fonts/Courier-Prime.ttf
12:33:20.562 [JavaFX Application Thread] DEBUG FXGLApplication      - Registering font factories with UI factory
12:33:21.840 [JavaFX Application Thread] DEBUG Menu                 - fireNewGame()
12:33:21.841 [JavaFX Application Thread] DEBUG GameApplicationServi - Starting new game
12:33:21.845 [JavaFX Application Thread] DEBUG PrimaryStageWindow   - Pop state: FXGLDefaultMenu
12:33:21.845 [JavaFX Application Thread] DEBUG Input                - Clearing active input actions
12:33:21.845 [JavaFX Application Thread] DEBUG GameApplicationServi - Removing overlay from FXGLDefaultMenu and adding to FXGLMainMenuDummyScene
12:33:21.846 [JavaFX Application Thread] DEBUG PrimaryStageWindow   - FXGLMainMenuDummyScene <- FXGLDefaultMenu
12:33:21.846 [JavaFX Application Thread] DEBUG Input                - Clearing active input actions
12:33:21.859 [JavaFX Application Thread] DEBUG GameApplicationServi - Removing overlay from FXGLMainMenuDummyScene and adding to FXGLLoadingScene
12:33:21.859 [JavaFX Application Thread] DEBUG PrimaryStageWindow   - FXGLMainMenuDummyScene -> FXGLLoadingScene
12:33:21.859 [JavaFX Application Thread] DEBUG GameApplicationServi - Clearing previous game
12:33:21.859 [JavaFX Application Thread] DEBUG GameScene            - Clearing game scene
12:33:21.859 [JavaFX Application Thread] DEBUG GameWorld            - Clearing game world
12:33:21.859 [JavaFX Application Thread] DEBUG PhysicsWorld         - Clearing physics world
12:33:21.860 [FXGL Background Thread 2 ] DEBUG FXGLApplication      - Initializing game
12:33:21.873 [FXGL Background Thread 2 ] DEBUG FXGLAssetLoaderServi - Loading from file system: file:/C:/Users/narro/OneDrive/Documents/coleg/Spring%202023/CS%204900%20Senior%20Seminiar/Dawnseeker/Dawnseeker/target/classes/assets/textures/PlayerCharacterDawnseeker.png
12:33:21.893 [FXGL Background Thread 2 ] WARN  GameWorld            - Entity is already attached to world
12:33:21.894 [FXGL Background Thread 2 ] WARN  Entity               - Entity already has component: com.almasb.fxgl.entity.components.CollidableComponent
12:33:21.895 [FXGL Background Thread 2 ] WARN  GameWorld            - Entity is already attached to world
12:33:21.896 [FXGL Background Thread 2 ] WARN  Entity               - Entity already has component: com.almasb.fxgl.entity.components.CollidableComponent
12:33:21.896 [FXGL Background Thread 2 ] WARN  GameWorld            - Entity is already attached to world
12:33:21.898 [FXGL Background Thread 2 ] WARN  Entity               - Entity already has component: com.almasb.fxgl.entity.components.CollidableComponent
12:33:21.898 [FXGL Background Thread 2 ] WARN  GameWorld            - Entity is already attached to world
12:33:21.900 [FXGL Background Thread 2 ] WARN  Entity               - Entity already has component: com.almasb.fxgl.entity.components.CollidableComponent
12:33:21.900 [FXGL Background Thread 2 ] WARN  GameWorld            - Entity is already attached to world
12:33:21.930 [FXGL Background Thread 2 ] INFO  FXGLApplication      - Game initialization took: 0.069 sec
12:33:21.931 [JavaFX Application Thread] DEBUG Input                - Clearing active input actions
12:33:21.947 [JavaFX Application Thread] DEBUG GameApplicationServi - Removing overlay from FXGLLoadingScene and adding to GameScene
12:33:21.947 [JavaFX Application Thread] DEBUG PrimaryStageWindow   - FXGLLoadingScene -> GameScene
12:33:22.437 [JavaFX Application Thread] DEBUG FXGLAssetLoaderServi - Loading from file system: file:/C:/Users/narro/OneDrive/Documents/coleg/Spring%202023/CS%204900%20Senior%20Seminiar/Dawnseeker/Dawnseeker/target/classes/assets/textures/EnemyDawnseeker.png
12:33:23.089 [JavaFX Application Thread] DEBUG FXGLAssetLoaderServi - Loading from file system: file:/C:/Users/narro/OneDrive/Documents/coleg/Spring%202023/CS%204900%20Senior%20Seminiar/Dawnseeker/Dawnseeker/target/classes/assets/textures/FireBallProjectile.png
12:33:23.391 [FXGL Background Thread 3 ] DEBUG Engine               - Logging environment variables
12:33:23.391 [FXGL Background Thread 3 ] DEBUG Engine               - achievements: []
12:33:23.392 [FXGL Background Thread 3 ] DEBUG Engine               - actualHeight: 824.0
12:33:23.392 [FXGL Background Thread 3 ] DEBUG Engine               - actualHeightProperty: ReadOnlyDoubleProperty [value: 824.0]
12:33:23.392 [FXGL Background Thread 3 ] DEBUG Engine               - actualWidth: 799.0
12:33:23.392 [FXGL Background Thread 3 ] DEBUG Engine               - actualWidthProperty: ReadOnlyDoubleProperty [value: 799.0]
12:33:23.392 [FXGL Background Thread 3 ] DEBUG Engine               - appIcon: fxgl_icon.png
12:33:23.392 [FXGL Background Thread 3 ] DEBUG Engine               - applicationMode: DEVELOPER
12:33:23.392 [FXGL Background Thread 3 ] DEBUG Engine               - cSSList: [fxgl_dark.css]
12:33:23.392 [FXGL Background Thread 3 ] DEBUG Engine               - collisionDetectionStrategy: BRUTE_FORCE
12:33:23.392 [FXGL Background Thread 3 ] DEBUG Engine               - configClass: Optional.empty
12:33:23.392 [FXGL Background Thread 3 ] DEBUG Engine               - credits: []
12:33:23.392 [FXGL Background Thread 3 ] DEBUG Engine               - defaultCursor: CursorInfo(imageName=fxgl_default_cursor.png, hotspotX=7.0, hotspotY=6.0)
12:33:23.393 [FXGL Background Thread 3 ] DEBUG Engine               - devBBoxColorProperty: ObjectProperty [value: 0xff0000ff]
12:33:23.393 [FXGL Background Thread 3 ] DEBUG Engine               - devEnableDebugCameraProperty: BooleanProperty [value: false]
12:33:23.393 [FXGL Background Thread 3 ] DEBUG Engine               - devSensorColorProperty: ObjectProperty [value: 0xffff00ff]
12:33:23.393 [FXGL Background Thread 3 ] DEBUG Engine               - devShowBBoxProperty: BooleanProperty [value: false]
12:33:23.393 [FXGL Background Thread 3 ] DEBUG Engine               - devShowPositionProperty: BooleanProperty [value: false]
12:33:23.393 [FXGL Background Thread 3 ] DEBUG Engine               - enabledMenuItems: []
12:33:23.393 [FXGL Background Thread 3 ] DEBUG Engine               - engineServices: [class com.almasb.fxgl.app.services.FXGLAssetLoaderService, class com.almasb.fxgl.app.FXGLApplication$GameApplicationService, class com.almasb.fxgl.app.services.FXGLDialogService, class com.almasb.fxgl.app.services.IOTaskExecutorService, class com.almasb.fxgl.io.FileSystemService, class com.almasb.fxgl.localization.LocalizationService, class com.almasb.fxgl.app.services.SystemBundleService, class com.almasb.fxgl.profile.SaveLoadService, class com.almasb.fxgl.ui.FXGLUIFactoryServiceProvider, class com.almasb.fxgl.ui.FXGLDialogFactoryServiceProvider, class com.almasb.fxgl.audio.AudioPlayer, class com.almasb.fxgl.notification.impl.NotificationServiceProvider, class com.almasb.fxgl.achievement.AchievementService, class com.almasb.fxgl.cutscene.CutsceneService, class com.almasb.fxgl.minigames.MiniGameService, class com.almasb.fxgl.net.NetService, class com.almasb.fxgl.app.services.UpdaterService, class com.almasb.fxgl.dev.DevService]
12:33:23.393 [FXGL Background Thread 3 ] DEBUG Engine               - fontGame: Abel-Regular.ttf
12:33:23.393 [FXGL Background Thread 3 ] DEBUG Engine               - fontMono: TerminalLandMono-Regular.otf
12:33:23.393 [FXGL Background Thread 3 ] DEBUG Engine               - fontText: Courier-Prime.ttf
12:33:23.393 [FXGL Background Thread 3 ] DEBUG Engine               - fontUI: VarelaRound-Regular.ttf
12:33:23.393 [FXGL Background Thread 3 ] DEBUG Engine               - fullScreen: BooleanProperty [value: false]
12:33:23.393 [FXGL Background Thread 3 ] DEBUG Engine               - gameDifficulty: MEDIUM
12:33:23.393 [FXGL Background Thread 3 ] DEBUG Engine               - gameDifficultyProperty: ObjectProperty [value: MEDIUM]
12:33:23.393 [FXGL Background Thread 3 ] DEBUG Engine               - globalMusicVolume: 0.5
12:33:23.393 [FXGL Background Thread 3 ] DEBUG Engine               - globalMusicVolumeProperty: DoubleProperty [value: 0.5]
12:33:23.394 [FXGL Background Thread 3 ] DEBUG Engine               - globalSoundVolume: 0.5
12:33:23.394 [FXGL Background Thread 3 ] DEBUG Engine               - globalSoundVolumeProperty: DoubleProperty [value: 0.5]
12:33:23.394 [FXGL Background Thread 3 ] DEBUG Engine               - height: 1024
12:33:23.394 [FXGL Background Thread 3 ] DEBUG Engine               - is3D: false
12:33:23.394 [FXGL Background Thread 3 ] DEBUG Engine               - isAndroid: false
12:33:23.394 [FXGL Background Thread 3 ] DEBUG Engine               - isBrowser: false
12:33:23.394 [FXGL Background Thread 3 ] DEBUG Engine               - isClickFeedbackEnabled: false
12:33:23.394 [FXGL Background Thread 3 ] DEBUG Engine               - isCloseConfirmation: false
12:33:23.394 [FXGL Background Thread 3 ] DEBUG Engine               - isDesktop: true
12:33:23.394 [FXGL Background Thread 3 ] DEBUG Engine               - isDeveloperMenuEnabled: false
12:33:23.394 [FXGL Background Thread 3 ] DEBUG Engine               - isEmbedded: false
12:33:23.394 [FXGL Background Thread 3 ] DEBUG Engine               - isEntityPreloadEnabled: true
12:33:23.394 [FXGL Background Thread 3 ] DEBUG Engine               - isExperimentalTiledLargeMap: false
12:33:23.394 [FXGL Background Thread 3 ] DEBUG Engine               - isFileSystemWriteAllowed: true
12:33:23.394 [FXGL Background Thread 3 ] DEBUG Engine               - isFullScreenAllowed: false
12:33:23.394 [FXGL Background Thread 3 ] DEBUG Engine               - isFullScreenFromStart: false
12:33:23.394 [FXGL Background Thread 3 ] DEBUG Engine               - isGameMenuEnabled: true
12:33:23.394 [FXGL Background Thread 3 ] DEBUG Engine               - isIOS: false
12:33:23.394 [FXGL Background Thread 3 ] DEBUG Engine               - isIntroEnabled: false
12:33:23.394 [FXGL Background Thread 3 ] DEBUG Engine               - isLinux: false
12:33:23.394 [FXGL Background Thread 3 ] DEBUG Engine               - isMac: false
12:33:23.394 [FXGL Background Thread 3 ] DEBUG Engine               - isMainMenuEnabled: true
12:33:23.395 [FXGL Background Thread 3 ] DEBUG Engine               - isManualResizeEnabled: false
12:33:23.395 [FXGL Background Thread 3 ] DEBUG Engine               - isMobile: false
12:33:23.395 [FXGL Background Thread 3 ] DEBUG Engine               - isNative: false
12:33:23.395 [FXGL Background Thread 3 ] DEBUG Engine               - isPauseMusicWhenMinimized: true
12:33:23.395 [FXGL Background Thread 3 ] DEBUG Engine               - isPreserveResizeRatio: false
12:33:23.395 [FXGL Background Thread 3 ] DEBUG Engine               - isProfilingEnabled: false
12:33:23.395 [FXGL Background Thread 3 ] DEBUG Engine               - isScaleAffectedOnResize: true
12:33:23.395 [FXGL Background Thread 3 ] DEBUG Engine               - isSingleStep: false
12:33:23.395 [FXGL Background Thread 3 ] DEBUG Engine               - isUserProfileEnabled: false
12:33:23.395 [FXGL Background Thread 3 ] DEBUG Engine               - isWindows: true
12:33:23.395 [FXGL Background Thread 3 ] DEBUG Engine               - language: ObjectProperty [value: ENGLISH]
12:33:23.395 [FXGL Background Thread 3 ] DEBUG Engine               - menuKey: ESCAPE
12:33:23.395 [FXGL Background Thread 3 ] DEBUG Engine               - mouseSensitivity: 0.2
12:33:23.395 [FXGL Background Thread 3 ] DEBUG Engine               - notificationViewClass: class com.almasb.fxgl.notification.view.XboxNotificationView
12:33:23.395 [FXGL Background Thread 3 ] DEBUG Engine               - pixelsPerMeter: 50.0
12:33:23.395 [FXGL Background Thread 3 ] DEBUG Engine               - platform: WINDOWS
12:33:23.395 [FXGL Background Thread 3 ] DEBUG Engine               - prefHeightProperty: ReadOnlyDoubleProperty [value: 1024.0]
12:33:23.395 [FXGL Background Thread 3 ] DEBUG Engine               - prefWidthProperty: ReadOnlyDoubleProperty [value: 1024.0]
12:33:23.395 [FXGL Background Thread 3 ] DEBUG Engine               - profileDir: profiles/
12:33:23.395 [FXGL Background Thread 3 ] DEBUG Engine               - profileName: StringProperty [value: DEFAULT]
12:33:23.395 [FXGL Background Thread 3 ] DEBUG Engine               - randomSeed: -1
12:33:23.396 [FXGL Background Thread 3 ] DEBUG Engine               - runtimeInfo: RuntimeInfo(platform=WINDOWS, version=17.2, build=20.08.2022 16.50)
12:33:23.396 [FXGL Background Thread 3 ] DEBUG Engine               - saveFileExt: sav
12:33:23.396 [FXGL Background Thread 3 ] DEBUG Engine               - scaledHeightProp$fxgl: DoubleProperty [bound, value: 824.0]
12:33:23.396 [FXGL Background Thread 3 ] DEBUG Engine               - scaledWidthProp$fxgl: DoubleProperty [bound, value: 799.0]
12:33:23.396 [FXGL Background Thread 3 ] DEBUG Engine               - sceneFactory: com.almasb.fxgl.app.scene.SceneFactory@13541817
12:33:23.396 [FXGL Background Thread 3 ] DEBUG Engine               - secondsIn24h: 60
12:33:23.396 [FXGL Background Thread 3 ] DEBUG Engine               - soundMenuBack: menu/back.wav
12:33:23.396 [FXGL Background Thread 3 ] DEBUG Engine               - soundMenuPress: menu/press.wav
12:33:23.396 [FXGL Background Thread 3 ] DEBUG Engine               - soundMenuSelect: menu/select.wav
12:33:23.396 [FXGL Background Thread 3 ] DEBUG Engine               - soundNotification: core/notification.wav
12:33:23.396 [FXGL Background Thread 3 ] DEBUG Engine               - stageStyle: DECORATED
12:33:23.396 [FXGL Background Thread 3 ] DEBUG Engine               - supportedLanguages: [ENGLISH, FRENCH, GERMAN, HUNGARIAN, RUSSIAN]
12:33:23.396 [FXGL Background Thread 3 ] DEBUG Engine               - ticksPerSecond: -1
12:33:23.396 [FXGL Background Thread 3 ] DEBUG Engine               - title: Dawnseeker
12:33:23.397 [FXGL Background Thread 3 ] DEBUG Engine               - urlGithub: https://github.com/AlmasB/FXGL
12:33:23.397 [FXGL Background Thread 3 ] DEBUG Engine               - urlLeaderboard: http://fxgl-top.herokuapp.com/
12:33:23.397 [FXGL Background Thread 3 ] DEBUG Engine               - urlPOM: https://raw.githubusercontent.com/AlmasB/FXGL/release/README.md
12:33:23.397 [FXGL Background Thread 3 ] DEBUG Engine               - userAppClass: class myGame.DawnseekerApp
12:33:23.397 [FXGL Background Thread 3 ] DEBUG Engine               - version: 0.2
12:33:23.397 [FXGL Background Thread 3 ] DEBUG Engine               - versionCheckDays: 7
12:33:23.397 [FXGL Background Thread 3 ] DEBUG Engine               - width: 1024
12:33:23.397 [FXGL Background Thread 3 ] DEBUG Engine               - Logging services
12:33:23.397 [FXGL Background Thread 3 ] DEBUG Engine               - class com.almasb.fxgl.app.services.FXGLAssetLoaderService
12:33:23.397 [FXGL Background Thread 3 ] DEBUG Engine               - class com.almasb.fxgl.app.FXGLApplication$GameApplicationService
12:33:23.397 [FXGL Background Thread 3 ] DEBUG Engine               - class com.almasb.fxgl.app.services.FXGLDialogService
12:33:23.397 [FXGL Background Thread 3 ] DEBUG Engine               - class com.almasb.fxgl.app.services.IOTaskExecutorService
12:33:23.397 [FXGL Background Thread 3 ] DEBUG Engine               - class com.almasb.fxgl.io.FileSystemService
12:33:23.397 [FXGL Background Thread 3 ] DEBUG Engine               - class com.almasb.fxgl.localization.LocalizationService
12:33:23.397 [FXGL Background Thread 3 ] DEBUG Engine               - class com.almasb.fxgl.app.services.SystemBundleService
12:33:23.397 [FXGL Background Thread 3 ] DEBUG Engine               - class com.almasb.fxgl.profile.SaveLoadService
12:33:23.397 [FXGL Background Thread 3 ] DEBUG Engine               - class com.almasb.fxgl.ui.FXGLUIFactoryServiceProvider
12:33:23.397 [FXGL Background Thread 3 ] DEBUG Engine               - class com.almasb.fxgl.ui.FXGLDialogFactoryServiceProvider
12:33:23.397 [FXGL Background Thread 3 ] DEBUG Engine               - class com.almasb.fxgl.audio.AudioPlayer
12:33:23.397 [FXGL Background Thread 3 ] DEBUG Engine               - class com.almasb.fxgl.notification.impl.NotificationServiceProvider
12:33:23.397 [FXGL Background Thread 3 ] DEBUG Engine               - class com.almasb.fxgl.achievement.AchievementService
12:33:23.397 [FXGL Background Thread 3 ] DEBUG Engine               - class com.almasb.fxgl.cutscene.CutsceneService
12:33:23.397 [FXGL Background Thread 3 ] DEBUG Engine               - class com.almasb.fxgl.minigames.MiniGameService
12:33:23.397 [FXGL Background Thread 3 ] DEBUG Engine               - class com.almasb.fxgl.net.NetService
12:33:23.397 [FXGL Background Thread 3 ] DEBUG Engine               - class com.almasb.fxgl.app.services.UpdaterService
12:33:23.397 [FXGL Background Thread 3 ] DEBUG Engine               - class com.almasb.fxgl.dev.DevService
12:33:23.829 [JavaFX Application Thread] DEBUG FXGLAssetLoaderServi - Loading from file system: file:/C:/Users/narro/OneDrive/Documents/coleg/Spring%202023/CS%204900%20Senior%20Seminiar/Dawnseeker/Dawnseeker/target/classes/assets/sounds/player_oof.wav
12:33:27.767 [JavaFX Application Thread] DEBUG FXGLAssetLoaderServi - Loading from file system: file:/C:/Users/narro/OneDrive/Documents/coleg/Spring%202023/CS%204900%20Senior%20Seminiar/Dawnseeker/Dawnseeker/target/classes/assets/sounds/yoda_death.wav
12:33:40.686 [JavaFX Application Thread] DEBUG FXGLApplication      - Exiting FXGL
12:33:40.686 [JavaFX Application Thread] DEBUG LoopRunner           - Stopping loop
12:33:40.686 [JavaFX Application Thread] DEBUG SystemBundleService  - Saving FXGL system data
12:33:40.687 [JavaFX Application Thread] DEBUG FileSystemAccess     - Writing to: C:\Users\narro\OneDrive\Documents\coleg\Spring 2023\CS 4900 Senior Seminiar\Dawnseeker\Dawnseeker\system\fxgl.bundle
12:33:40.689 [JavaFX Application Thread] DEBUG Async                - Shutting down background threads
12:33:40.689 [JavaFX Application Thread] DEBUG PrimaryStageWindow   - Closing main window
12:33:40.701 [JavaFX Application Thread] DEBUG Logger               - Closing Logger
