15:56:39.799 [main                     ] DEBUG Logger               - Configured Logger
15:56:39.819 [main                     ] DEBUG GameApplication      - Logging settings
Title: Dawnseeker
Version: 0.2
Width: 1024
Height: 1024
Fullscreen: false
Intro: false
Profiling: false
Single step:false
App Mode: DEVELOPER
Menu Key: ESCAPE
Stage Style: DECORATED
Scene Factory: class myGame.DawnseekerApp$1

15:56:40.162 [JavaFX Application Thread] DEBUG FXGLApplication      - Initializing FXGL
15:56:40.167 [JavaFX Application Thread] INFO  Engine               - FXGL-17.2 (20.08.2022 16.50) on WINDOWS (J:19.0.2 FX:18)
15:56:40.167 [JavaFX Application Thread] DEBUG Engine               - JRE Vendor Name: Oracle Corporation
15:56:40.168 [JavaFX Application Thread] DEBUG Engine               - Running on OS: Windows 10 version 10.0
15:56:40.168 [JavaFX Application Thread] DEBUG Engine               - Architecture: amd64
15:56:40.168 [JavaFX Application Thread] INFO  Engine               - Source code and latest versions at: https://github.com/AlmasB/FXGL
15:56:40.168 [JavaFX Application Thread] INFO  Engine               -       Ask questions and discuss at: https://github.com/AlmasB/FXGL/discussions
15:56:40.168 [JavaFX Application Thread] INFO  Engine               -              Join the FXGL chat at: https://gitter.im/AlmasB/FXGL
15:56:40.271 [JavaFX Application Thread] DEBUG PrimaryStageWindow   - Creating a JavaFX scene
15:56:40.272 [JavaFX Application Thread] DEBUG PrimaryStageWindow   - Target size > screen size
15:56:40.317 [JavaFX Application Thread] DEBUG PrimaryStageWindow   - Target settings size: 1024.0 x 1024.0
15:56:40.317 [JavaFX Application Thread] DEBUG PrimaryStageWindow   - Scaled scene size:    799.0 x 824.0
15:56:40.317 [JavaFX Application Thread] DEBUG PrimaryStageWindow   - Scaled ratio: (0.7802734375, 0.8046875)
15:56:40.318 [JavaFX Application Thread] DEBUG PrimaryStageWindow   - Set initial scene to FXGLStartupScene
15:56:40.324 [JavaFX Application Thread] DEBUG PrimaryStageWindow   - Opening main window
15:56:40.404 [JavaFX Application Thread] DEBUG PrimaryStageWindow   - Window border size: (14.5999755859375, 37.5999755859375)
15:56:40.404 [JavaFX Application Thread] DEBUG PrimaryStageWindow   - Scaled size: 799.0 x 824.0
15:56:40.404 [JavaFX Application Thread] DEBUG PrimaryStageWindow   - Scaled ratio: (0.7802734375, 0.8046875)
15:56:40.404 [JavaFX Application Thread] DEBUG PrimaryStageWindow   - Scene size: 799.0 x 824.0
15:56:40.405 [JavaFX Application Thread] DEBUG PrimaryStageWindow   - Stage size: 813.5999755859375 x 861.5999755859375
15:56:40.417 [FXGL Background Thread 1 ] DEBUG Engine               - Initializing environment variables
15:56:40.488 [FXGL Background Thread 1 ] DEBUG FXGLAssetLoaderServi - User app class for loading assets: class myGame.DawnseekerApp
15:56:40.489 [FXGL Background Thread 1 ] DEBUG GameApplicationServi - Applying CSS: fxgl_dark.css
15:56:40.493 [FXGL Background Thread 1 ] DEBUG FXGLAssetLoaderServi - Loading from file system: jar:file:/C:/Users/narro/.m2/repository/com/github/almasb/fxgl/17.2/fxgl-17.2.jar!/fxglassets/ui/css/fxgl_dark.css
15:56:40.538 [FXGL Background Thread 1 ] DEBUG GameApplicationServi - Initializing application scenes
15:56:40.585 [FXGL Background Thread 1 ] DEBUG GameWorld            - Game world initialized
15:56:40.678 [FXGL Background Thread 1 ] DEBUG PhysicsWorld         - Physics world initialized: appHeight=1024, physics.ppm=50.0
15:56:40.679 [FXGL Background Thread 1 ] DEBUG PhysicsWorld         - Using strategy: BRUTE_FORCE
15:56:40.685 [FXGL Background Thread 1 ] DEBUG GameScene            - Game scene initialized: 1024x1024
15:56:40.714 [FXGL Background Thread 1 ] DEBUG FXGL.DefaultMenu     - createMenuBodyGameMenu()
15:56:40.733 [FXGL Background Thread 1 ] DEBUG FXGL.DefaultMenu     - createOptionsMenu()
15:56:40.740 [FXGL Background Thread 1 ] DEBUG FXGLAssetLoaderServi - Loading from file system: jar:file:/C:/Users/narro/.m2/repository/com/github/almasb/fxgl/17.2/fxgl-17.2.jar!/fxglassets/textures/particles/smoke.png
15:56:40.829 [FXGL Background Thread 1 ] DEBUG FXGLAssetLoaderServi - Loading from file system: jar:file:/C:/Users/narro/.m2/repository/com/github/almasb/fxgl/17.2/fxgl-17.2.jar!/fxglassets/textures/particles/trace_horizontal.png
15:56:40.852 [FXGL Background Thread 1 ] DEBUG GameApplicationServi - Application scenes initialized
15:56:40.862 [FXGL Background Thread 1 ] DEBUG SystemBundleService  - Loading FXGL system data
15:56:40.867 [FXGL Background Thread 1 ] DEBUG FileSystemAccess     - Reading from: C:\Users\narro\OneDrive\Documents\coleg\Spring 2023\CS 4900 Senior Seminiar\Dawnseeker\Dawnseeker\system\fxgl.bundle
15:56:40.874 [FXGL Background Thread 1 ] DEBUG SystemBundleService  - Bundle FXGL: {}
15:56:40.874 [FXGL Background Thread 1 ] DEBUG UpdaterService       - Checking for updates
15:56:40.877 [FXGL Background Thread 4 ] DEBUG FXGLApplication      - Loading fonts
15:56:40.877 [FXGL Background Thread 1 ] DEBUG FXGLApplication      - Loading default localization
15:56:40.878 [FXGL Background Thread 4 ] DEBUG FXGLAssetLoaderServi - Loading from file system: jar:file:/C:/Users/narro/.m2/repository/com/github/almasb/fxgl/17.2/fxgl-17.2.jar!/fxglassets/ui/fonts/VarelaRound-Regular.ttf
15:56:40.878 [FXGL Background Thread 1 ] DEBUG FXGLAssetLoaderServi - Loading from file system: jar:file:/C:/Users/narro/.m2/repository/com/github/almasb/fxgl/17.2/fxgl-17.2.jar!/fxglassets/languages/english.lang
15:56:40.904 [FXGL Background Thread 1 ] INFO  FXGLApplication      - FXGL initialization took: 0.488 sec
15:56:40.911 [JavaFX Application Thread] DEBUG Input                - Registered new binding: action0 - LMB
15:56:40.918 [JavaFX Application Thread] DEBUG Input                - Registered new binding: Up - W
15:56:40.918 [JavaFX Application Thread] DEBUG Input                - Registered new binding: Down - S
15:56:40.918 [JavaFX Application Thread] DEBUG Input                - Registered new binding: Right - D
15:56:40.919 [JavaFX Application Thread] DEBUG Input                - Registered new binding: Left - A
15:56:40.919 [JavaFX Application Thread] DEBUG FXGLAssetLoaderServi - Loading from file system: jar:file:/C:/Users/narro/.m2/repository/com/github/almasb/fxgl/17.2/fxgl-17.2.jar!/fxglassets/textures/fxgl_icon.png
15:56:40.938 [JavaFX Application Thread] DEBUG FXGLAssetLoaderServi - Loading from file system: jar:file:/C:/Users/narro/.m2/repository/com/github/almasb/fxgl/17.2/fxgl-17.2.jar!/fxglassets/textures/fxgl_default_cursor.png
15:56:40.940 [JavaFX Application Thread] DEBUG Input                - Registered new binding: Screenshot - CTRL+8
15:56:40.941 [JavaFX Application Thread] DEBUG Input                - Registered new binding: System info dump - CTRL+9
15:56:40.942 [JavaFX Application Thread] DEBUG Input                - Registered new binding: Restart - CTRL+R
15:56:40.942 [JavaFX Application Thread] DEBUG Input                - Registered new binding: Toggle Debug Camera - CTRL+7
15:56:40.946 [JavaFX Application Thread] DEBUG LoopRunner           - Starting loop
15:56:40.946 [JavaFX Application Thread] DEBUG LoopRunner           - Initializing JavaFX AnimationTimerLoop
15:56:40.949 [JavaFX Application Thread] DEBUG Input                - Clearing active input actions
15:56:40.957 [JavaFX Application Thread] DEBUG GameApplicationServi - Removing overlay from FXGLStartupScene and adding to FXGLMainMenuDummyScene
15:56:40.958 [JavaFX Application Thread] DEBUG PrimaryStageWindow   - FXGLStartupScene -> FXGLMainMenuDummyScene
15:56:40.958 [JavaFX Application Thread] DEBUG PrimaryStageWindow   - Push state: DawnseekerMenu
15:56:40.958 [JavaFX Application Thread] DEBUG Input                - Clearing active input actions
15:56:40.962 [JavaFX Application Thread] DEBUG GameApplicationServi - Removing overlay from FXGLMainMenuDummyScene and adding to DawnseekerMenu
15:56:40.963 [JavaFX Application Thread] DEBUG PrimaryStageWindow   - FXGLMainMenuDummyScene -> DawnseekerMenu
15:56:40.971 [FXGL Background Thread 4 ] DEBUG FXGLAssetLoaderServi - Loading from file system: jar:file:/C:/Users/narro/.m2/repository/com/github/almasb/fxgl/17.2/fxgl-17.2.jar!/fxglassets/ui/fonts/Abel-Regular.ttf
15:56:40.986 [FXGL Background Thread 4 ] DEBUG FXGLAssetLoaderServi - Loading from file system: jar:file:/C:/Users/narro/.m2/repository/com/github/almasb/fxgl/17.2/fxgl-17.2.jar!/fxglassets/ui/fonts/TerminalLandMono-Regular.otf
15:56:41.000 [FXGL Background Thread 4 ] DEBUG FXGLAssetLoaderServi - Loading from file system: jar:file:/C:/Users/narro/.m2/repository/com/github/almasb/fxgl/17.2/fxgl-17.2.jar!/fxglassets/ui/fonts/Courier-Prime.ttf
15:56:41.017 [JavaFX Application Thread] DEBUG FXGLApplication      - Registering font factories with UI factory
15:56:41.636 [JavaFX Application Thread] DEBUG Menu                 - fireNewGame()
15:56:41.637 [JavaFX Application Thread] DEBUG GameApplicationServi - Starting new game
15:56:41.637 [JavaFX Application Thread] DEBUG PrimaryStageWindow   - Pop state: DawnseekerMenu
15:56:41.637 [JavaFX Application Thread] DEBUG Input                - Clearing active input actions
15:56:41.637 [JavaFX Application Thread] DEBUG GameApplicationServi - Removing overlay from DawnseekerMenu and adding to FXGLMainMenuDummyScene
15:56:41.638 [JavaFX Application Thread] DEBUG PrimaryStageWindow   - FXGLMainMenuDummyScene <- DawnseekerMenu
15:56:41.638 [JavaFX Application Thread] DEBUG Input                - Clearing active input actions
15:56:41.647 [JavaFX Application Thread] DEBUG GameApplicationServi - Removing overlay from FXGLMainMenuDummyScene and adding to FXGLLoadingScene
15:56:41.647 [JavaFX Application Thread] DEBUG PrimaryStageWindow   - FXGLMainMenuDummyScene -> FXGLLoadingScene
15:56:41.647 [JavaFX Application Thread] DEBUG GameApplicationServi - Clearing previous game
15:56:41.647 [JavaFX Application Thread] DEBUG GameScene            - Clearing game scene
15:56:41.647 [JavaFX Application Thread] DEBUG GameWorld            - Clearing game world
15:56:41.647 [JavaFX Application Thread] DEBUG PhysicsWorld         - Clearing physics world
15:56:41.649 [FXGL Background Thread 2 ] DEBUG FXGLApplication      - Initializing game
15:56:41.654 [FXGL Background Thread 2 ] DEBUG FXGLAssetLoaderServi - Loading from file system: file:/C:/Users/narro/OneDrive/Documents/coleg/Spring%202023/CS%204900%20Senior%20Seminiar/Dawnseeker/Dawnseeker/target/classes/assets/music/heartache.mp3
15:56:41.803 [FXGL Background Thread 2 ] DEBUG AudioPlayer          - Playing music com.almasb.fxgl.audio.Music@319fd720
15:56:41.811 [FXGL Background Thread 2 ] DEBUG FXGLAssetLoaderServi - Loading from file system: file:/C:/Users/narro/OneDrive/Documents/coleg/Spring%202023/CS%204900%20Senior%20Seminiar/Dawnseeker/Dawnseeker/target/classes/assets/textures/DawnseekerPCV2.png
15:56:41.821 [FXGL Background Thread 2 ] DEBUG FXGLAssetLoaderServi - Loading from file system: file:/C:/Users/narro/OneDrive/Documents/coleg/Spring%202023/CS%204900%20Senior%20Seminiar/Dawnseeker/Dawnseeker/target/classes/assets/textures/DawnseekerPCV2Down.png
15:56:41.824 [FXGL Background Thread 2 ] DEBUG FXGLAssetLoaderServi - Loading from file system: file:/C:/Users/narro/OneDrive/Documents/coleg/Spring%202023/CS%204900%20Senior%20Seminiar/Dawnseeker/Dawnseeker/target/classes/assets/textures/DawnseekerPCV2Up.png
15:56:41.827 [FXGL Background Thread 2 ] DEBUG FXGLAssetLoaderServi - Loading from file system: file:/C:/Users/narro/OneDrive/Documents/coleg/Spring%202023/CS%204900%20Senior%20Seminiar/Dawnseeker/Dawnseeker/target/classes/assets/textures/DawnseekerPCV2Right.png
15:56:41.831 [FXGL Background Thread 2 ] DEBUG FXGLAssetLoaderServi - Loading from file system: file:/C:/Users/narro/OneDrive/Documents/coleg/Spring%202023/CS%204900%20Senior%20Seminiar/Dawnseeker/Dawnseeker/target/classes/assets/textures/DawnseekerPCV2Left.png
15:56:41.851 [FXGL Background Thread 2 ] WARN  GameWorld            - Entity is already attached to world
15:56:41.853 [FXGL Background Thread 2 ] WARN  Entity               - Entity already has component: com.almasb.fxgl.entity.components.CollidableComponent
15:56:41.853 [FXGL Background Thread 2 ] WARN  GameWorld            - Entity is already attached to world
15:56:41.854 [FXGL Background Thread 2 ] WARN  Entity               - Entity already has component: com.almasb.fxgl.entity.components.CollidableComponent
15:56:41.854 [FXGL Background Thread 2 ] WARN  GameWorld            - Entity is already attached to world
15:56:41.855 [FXGL Background Thread 2 ] WARN  Entity               - Entity already has component: com.almasb.fxgl.entity.components.CollidableComponent
15:56:41.855 [FXGL Background Thread 2 ] WARN  GameWorld            - Entity is already attached to world
15:56:41.856 [FXGL Background Thread 2 ] WARN  Entity               - Entity already has component: com.almasb.fxgl.entity.components.CollidableComponent
15:56:41.857 [FXGL Background Thread 2 ] WARN  GameWorld            - Entity is already attached to world
15:56:41.879 [FXGL Background Thread 2 ] INFO  FXGLApplication      - Game initialization took: 0.230 sec
15:56:41.882 [JavaFX Application Thread] DEBUG Input                - Clearing active input actions
15:56:41.893 [JavaFX Application Thread] DEBUG GameApplicationServi - Removing overlay from FXGLLoadingScene and adding to GameScene
15:56:41.893 [JavaFX Application Thread] DEBUG PrimaryStageWindow   - FXGLLoadingScene -> GameScene
15:56:42.387 [JavaFX Application Thread] DEBUG FXGLAssetLoaderServi - Loading from file system: file:/C:/Users/narro/OneDrive/Documents/coleg/Spring%202023/CS%204900%20Senior%20Seminiar/Dawnseeker/Dawnseeker/target/classes/assets/textures/EnemyDawnseeker.png
15:56:43.877 [FXGL Background Thread 3 ] DEBUG Engine               - Logging environment variables
15:56:43.879 [FXGL Background Thread 3 ] DEBUG Engine               - achievements: []
15:56:43.879 [FXGL Background Thread 3 ] DEBUG Engine               - actualHeight: 824.0
15:56:43.880 [FXGL Background Thread 3 ] DEBUG Engine               - actualHeightProperty: ReadOnlyDoubleProperty [value: 824.0]
15:56:43.880 [FXGL Background Thread 3 ] DEBUG Engine               - actualWidth: 799.0
15:56:43.880 [FXGL Background Thread 3 ] DEBUG Engine               - actualWidthProperty: ReadOnlyDoubleProperty [value: 799.0]
15:56:43.880 [FXGL Background Thread 3 ] DEBUG Engine               - appIcon: fxgl_icon.png
15:56:43.880 [FXGL Background Thread 3 ] DEBUG Engine               - applicationMode: DEVELOPER
15:56:43.880 [FXGL Background Thread 3 ] DEBUG Engine               - cSSList: [fxgl_dark.css]
15:56:43.880 [FXGL Background Thread 3 ] DEBUG Engine               - collisionDetectionStrategy: BRUTE_FORCE
15:56:43.880 [FXGL Background Thread 3 ] DEBUG Engine               - configClass: Optional.empty
15:56:43.880 [FXGL Background Thread 3 ] DEBUG Engine               - credits: []
15:56:43.880 [FXGL Background Thread 3 ] DEBUG Engine               - defaultCursor: CursorInfo(imageName=fxgl_default_cursor.png, hotspotX=7.0, hotspotY=6.0)
15:56:43.881 [FXGL Background Thread 3 ] DEBUG Engine               - devBBoxColorProperty: ObjectProperty [value: 0xff0000ff]
15:56:43.881 [FXGL Background Thread 3 ] DEBUG Engine               - devEnableDebugCameraProperty: BooleanProperty [value: false]
15:56:43.881 [FXGL Background Thread 3 ] DEBUG Engine               - devSensorColorProperty: ObjectProperty [value: 0xffff00ff]
15:56:43.881 [FXGL Background Thread 3 ] DEBUG Engine               - devShowBBoxProperty: BooleanProperty [value: false]
15:56:43.881 [FXGL Background Thread 3 ] DEBUG Engine               - devShowPositionProperty: BooleanProperty [value: false]
15:56:43.881 [FXGL Background Thread 3 ] DEBUG Engine               - enabledMenuItems: []
15:56:43.881 [FXGL Background Thread 3 ] DEBUG Engine               - engineServices: [class com.almasb.fxgl.app.services.FXGLAssetLoaderService, class com.almasb.fxgl.app.FXGLApplication$GameApplicationService, class com.almasb.fxgl.app.services.FXGLDialogService, class com.almasb.fxgl.app.services.IOTaskExecutorService, class com.almasb.fxgl.io.FileSystemService, class com.almasb.fxgl.localization.LocalizationService, class com.almasb.fxgl.app.services.SystemBundleService, class com.almasb.fxgl.profile.SaveLoadService, class com.almasb.fxgl.ui.FXGLUIFactoryServiceProvider, class com.almasb.fxgl.ui.FXGLDialogFactoryServiceProvider, class com.almasb.fxgl.audio.AudioPlayer, class com.almasb.fxgl.notification.impl.NotificationServiceProvider, class com.almasb.fxgl.achievement.AchievementService, class com.almasb.fxgl.cutscene.CutsceneService, class com.almasb.fxgl.minigames.MiniGameService, class com.almasb.fxgl.net.NetService, class com.almasb.fxgl.app.services.UpdaterService, class com.almasb.fxgl.dev.DevService]
15:56:43.881 [FXGL Background Thread 3 ] DEBUG Engine               - fontGame: Abel-Regular.ttf
15:56:43.881 [FXGL Background Thread 3 ] DEBUG Engine               - fontMono: TerminalLandMono-Regular.otf
15:56:43.881 [FXGL Background Thread 3 ] DEBUG Engine               - fontText: Courier-Prime.ttf
15:56:43.881 [FXGL Background Thread 3 ] DEBUG Engine               - fontUI: VarelaRound-Regular.ttf
15:56:43.881 [FXGL Background Thread 3 ] DEBUG Engine               - fullScreen: BooleanProperty [value: false]
15:56:43.881 [FXGL Background Thread 3 ] DEBUG Engine               - gameDifficulty: MEDIUM
15:56:43.881 [FXGL Background Thread 3 ] DEBUG Engine               - gameDifficultyProperty: ObjectProperty [value: MEDIUM]
15:56:43.881 [FXGL Background Thread 3 ] DEBUG Engine               - globalMusicVolume: 0.5
15:56:43.882 [FXGL Background Thread 3 ] DEBUG Engine               - globalMusicVolumeProperty: DoubleProperty [value: 0.5]
15:56:43.882 [FXGL Background Thread 3 ] DEBUG Engine               - globalSoundVolume: 0.5
15:56:43.882 [FXGL Background Thread 3 ] DEBUG Engine               - globalSoundVolumeProperty: DoubleProperty [value: 0.5]
15:56:43.882 [FXGL Background Thread 3 ] DEBUG Engine               - height: 1024
15:56:43.882 [FXGL Background Thread 3 ] DEBUG Engine               - is3D: false
15:56:43.882 [FXGL Background Thread 3 ] DEBUG Engine               - isAndroid: false
15:56:43.882 [FXGL Background Thread 3 ] DEBUG Engine               - isBrowser: false
15:56:43.882 [FXGL Background Thread 3 ] DEBUG Engine               - isClickFeedbackEnabled: false
15:56:43.882 [FXGL Background Thread 3 ] DEBUG Engine               - isCloseConfirmation: false
15:56:43.882 [FXGL Background Thread 3 ] DEBUG Engine               - isDesktop: true
15:56:43.882 [FXGL Background Thread 3 ] DEBUG Engine               - isDeveloperMenuEnabled: false
15:56:43.882 [FXGL Background Thread 3 ] DEBUG Engine               - isEmbedded: false
15:56:43.882 [FXGL Background Thread 3 ] DEBUG Engine               - isEntityPreloadEnabled: true
15:56:43.882 [FXGL Background Thread 3 ] DEBUG Engine               - isExperimentalTiledLargeMap: false
15:56:43.882 [FXGL Background Thread 3 ] DEBUG Engine               - isFileSystemWriteAllowed: true
15:56:43.882 [FXGL Background Thread 3 ] DEBUG Engine               - isFullScreenAllowed: false
15:56:43.882 [FXGL Background Thread 3 ] DEBUG Engine               - isFullScreenFromStart: false
15:56:43.882 [FXGL Background Thread 3 ] DEBUG Engine               - isGameMenuEnabled: true
15:56:43.882 [FXGL Background Thread 3 ] DEBUG Engine               - isIOS: false
15:56:43.882 [FXGL Background Thread 3 ] DEBUG Engine               - isIntroEnabled: false
15:56:43.882 [FXGL Background Thread 3 ] DEBUG Engine               - isLinux: false
15:56:43.882 [FXGL Background Thread 3 ] DEBUG Engine               - isMac: false
15:56:43.883 [FXGL Background Thread 3 ] DEBUG Engine               - isMainMenuEnabled: true
15:56:43.883 [FXGL Background Thread 3 ] DEBUG Engine               - isManualResizeEnabled: false
15:56:43.883 [FXGL Background Thread 3 ] DEBUG Engine               - isMobile: false
15:56:43.883 [FXGL Background Thread 3 ] DEBUG Engine               - isNative: false
15:56:43.883 [FXGL Background Thread 3 ] DEBUG Engine               - isPauseMusicWhenMinimized: true
15:56:43.883 [FXGL Background Thread 3 ] DEBUG Engine               - isPreserveResizeRatio: false
15:56:43.883 [FXGL Background Thread 3 ] DEBUG Engine               - isProfilingEnabled: false
15:56:43.883 [FXGL Background Thread 3 ] DEBUG Engine               - isScaleAffectedOnResize: true
15:56:43.883 [FXGL Background Thread 3 ] DEBUG Engine               - isSingleStep: false
15:56:43.883 [FXGL Background Thread 3 ] DEBUG Engine               - isUserProfileEnabled: false
15:56:43.883 [FXGL Background Thread 3 ] DEBUG Engine               - isWindows: true
15:56:43.883 [FXGL Background Thread 3 ] DEBUG Engine               - language: ObjectProperty [value: ENGLISH]
15:56:43.883 [FXGL Background Thread 3 ] DEBUG Engine               - menuKey: ESCAPE
15:56:43.883 [FXGL Background Thread 3 ] DEBUG Engine               - mouseSensitivity: 0.2
15:56:43.883 [FXGL Background Thread 3 ] DEBUG Engine               - notificationViewClass: class com.almasb.fxgl.notification.view.XboxNotificationView
15:56:43.883 [FXGL Background Thread 3 ] DEBUG Engine               - pixelsPerMeter: 50.0
15:56:43.883 [FXGL Background Thread 3 ] DEBUG Engine               - platform: WINDOWS
15:56:43.883 [FXGL Background Thread 3 ] DEBUG Engine               - prefHeightProperty: ReadOnlyDoubleProperty [value: 1024.0]
15:56:43.883 [FXGL Background Thread 3 ] DEBUG Engine               - prefWidthProperty: ReadOnlyDoubleProperty [value: 1024.0]
15:56:43.883 [FXGL Background Thread 3 ] DEBUG Engine               - profileDir: profiles/
15:56:43.883 [FXGL Background Thread 3 ] DEBUG Engine               - profileName: StringProperty [value: DEFAULT]
15:56:43.883 [FXGL Background Thread 3 ] DEBUG Engine               - randomSeed: -1
15:56:43.884 [FXGL Background Thread 3 ] DEBUG Engine               - runtimeInfo: RuntimeInfo(platform=WINDOWS, version=17.2, build=20.08.2022 16.50)
15:56:43.884 [FXGL Background Thread 3 ] DEBUG Engine               - saveFileExt: sav
15:56:43.884 [FXGL Background Thread 3 ] DEBUG Engine               - scaledHeightProp$fxgl: DoubleProperty [bound, value: 824.0]
15:56:43.884 [FXGL Background Thread 3 ] DEBUG Engine               - scaledWidthProp$fxgl: DoubleProperty [bound, value: 799.0]
15:56:43.884 [FXGL Background Thread 3 ] DEBUG Engine               - sceneFactory: myGame.DawnseekerApp$1@20abcb93
15:56:43.884 [FXGL Background Thread 3 ] DEBUG Engine               - secondsIn24h: 60
15:56:43.884 [FXGL Background Thread 3 ] DEBUG Engine               - soundMenuBack: menu/back.wav
15:56:43.884 [FXGL Background Thread 3 ] DEBUG Engine               - soundMenuPress: menu/press.wav
15:56:43.884 [FXGL Background Thread 3 ] DEBUG Engine               - soundMenuSelect: menu/select.wav
15:56:43.884 [FXGL Background Thread 3 ] DEBUG Engine               - soundNotification: core/notification.wav
15:56:43.884 [FXGL Background Thread 3 ] DEBUG Engine               - stageStyle: DECORATED
15:56:43.884 [FXGL Background Thread 3 ] DEBUG Engine               - supportedLanguages: [ENGLISH, FRENCH, GERMAN, HUNGARIAN, RUSSIAN]
15:56:43.884 [FXGL Background Thread 3 ] DEBUG Engine               - ticksPerSecond: -1
15:56:43.884 [FXGL Background Thread 3 ] DEBUG Engine               - title: Dawnseeker
15:56:43.884 [FXGL Background Thread 3 ] DEBUG Engine               - urlGithub: https://github.com/AlmasB/FXGL
15:56:43.884 [FXGL Background Thread 3 ] DEBUG Engine               - urlLeaderboard: http://fxgl-top.herokuapp.com/
15:56:43.884 [FXGL Background Thread 3 ] DEBUG Engine               - urlPOM: https://raw.githubusercontent.com/AlmasB/FXGL/release/README.md
15:56:43.884 [FXGL Background Thread 3 ] DEBUG Engine               - userAppClass: class myGame.DawnseekerApp
15:56:43.884 [FXGL Background Thread 3 ] DEBUG Engine               - version: 0.2
15:56:43.884 [FXGL Background Thread 3 ] DEBUG Engine               - versionCheckDays: 7
15:56:43.884 [FXGL Background Thread 3 ] DEBUG Engine               - width: 1024
15:56:43.884 [FXGL Background Thread 3 ] DEBUG Engine               - Logging services
15:56:43.884 [FXGL Background Thread 3 ] DEBUG Engine               - class com.almasb.fxgl.app.services.FXGLAssetLoaderService
15:56:43.885 [FXGL Background Thread 3 ] DEBUG Engine               - class com.almasb.fxgl.app.FXGLApplication$GameApplicationService
15:56:43.885 [FXGL Background Thread 3 ] DEBUG Engine               - class com.almasb.fxgl.app.services.FXGLDialogService
15:56:43.885 [FXGL Background Thread 3 ] DEBUG Engine               - class com.almasb.fxgl.app.services.IOTaskExecutorService
15:56:43.885 [FXGL Background Thread 3 ] DEBUG Engine               - class com.almasb.fxgl.io.FileSystemService
15:56:43.885 [FXGL Background Thread 3 ] DEBUG Engine               - class com.almasb.fxgl.localization.LocalizationService
15:56:43.885 [FXGL Background Thread 3 ] DEBUG Engine               - class com.almasb.fxgl.app.services.SystemBundleService
15:56:43.885 [FXGL Background Thread 3 ] DEBUG Engine               - class com.almasb.fxgl.profile.SaveLoadService
15:56:43.885 [FXGL Background Thread 3 ] DEBUG Engine               - class com.almasb.fxgl.ui.FXGLUIFactoryServiceProvider
15:56:43.885 [FXGL Background Thread 3 ] DEBUG Engine               - class com.almasb.fxgl.ui.FXGLDialogFactoryServiceProvider
15:56:43.885 [FXGL Background Thread 3 ] DEBUG Engine               - class com.almasb.fxgl.audio.AudioPlayer
15:56:43.885 [FXGL Background Thread 3 ] DEBUG Engine               - class com.almasb.fxgl.notification.impl.NotificationServiceProvider
15:56:43.885 [FXGL Background Thread 3 ] DEBUG Engine               - class com.almasb.fxgl.achievement.AchievementService
15:56:43.885 [FXGL Background Thread 3 ] DEBUG Engine               - class com.almasb.fxgl.cutscene.CutsceneService
15:56:43.885 [FXGL Background Thread 3 ] DEBUG Engine               - class com.almasb.fxgl.minigames.MiniGameService
15:56:43.885 [FXGL Background Thread 3 ] DEBUG Engine               - class com.almasb.fxgl.net.NetService
15:56:43.885 [FXGL Background Thread 3 ] DEBUG Engine               - class com.almasb.fxgl.app.services.UpdaterService
15:56:43.885 [FXGL Background Thread 3 ] DEBUG Engine               - class com.almasb.fxgl.dev.DevService
15:56:48.581 [JavaFX Application Thread] DEBUG FXGLAssetLoaderServi - Loading from file system: file:/C:/Users/narro/OneDrive/Documents/coleg/Spring%202023/CS%204900%20Senior%20Seminiar/Dawnseeker/Dawnseeker/target/classes/assets/sounds/player_oof.wav
15:56:49.055 [JavaFX Application Thread] DEBUG FXGLAssetLoaderServi - Loading from file system: file:/C:/Users/narro/OneDrive/Documents/coleg/Spring%202023/CS%204900%20Senior%20Seminiar/Dawnseeker/Dawnseeker/target/classes/assets/sounds/yoda_death.wav
15:56:49.068 [JavaFX Application Thread] DEBUG Input                - Clearing active input actions
15:56:49.072 [JavaFX Application Thread] DEBUG GameApplicationServi - Removing overlay from GameScene and adding to FXGLMainMenuDummyScene
15:56:49.073 [JavaFX Application Thread] DEBUG PrimaryStageWindow   - GameScene -> FXGLMainMenuDummyScene
15:56:49.073 [JavaFX Application Thread] DEBUG PrimaryStageWindow   - Push state: DawnseekerMenu
15:56:49.073 [JavaFX Application Thread] DEBUG Input                - Clearing active input actions
15:56:49.073 [JavaFX Application Thread] DEBUG GameApplicationServi - Removing overlay from FXGLMainMenuDummyScene and adding to DawnseekerMenu
15:56:49.073 [JavaFX Application Thread] DEBUG PrimaryStageWindow   - FXGLMainMenuDummyScene -> DawnseekerMenu
15:56:50.075 [JavaFX Application Thread] DEBUG Menu                 - fireNewGame()
15:56:50.075 [JavaFX Application Thread] DEBUG GameApplicationServi - Starting new game
15:56:50.075 [JavaFX Application Thread] DEBUG PrimaryStageWindow   - Pop state: DawnseekerMenu
15:56:50.075 [JavaFX Application Thread] DEBUG Input                - Clearing active input actions
15:56:50.076 [JavaFX Application Thread] DEBUG GameApplicationServi - Removing overlay from DawnseekerMenu and adding to FXGLMainMenuDummyScene
15:56:50.076 [JavaFX Application Thread] DEBUG PrimaryStageWindow   - FXGLMainMenuDummyScene <- DawnseekerMenu
15:56:50.076 [JavaFX Application Thread] DEBUG Input                - Clearing active input actions
15:56:50.079 [JavaFX Application Thread] DEBUG GameApplicationServi - Removing overlay from FXGLMainMenuDummyScene and adding to FXGLLoadingScene
15:56:50.079 [JavaFX Application Thread] DEBUG PrimaryStageWindow   - FXGLMainMenuDummyScene -> FXGLLoadingScene
15:56:50.079 [JavaFX Application Thread] DEBUG GameApplicationServi - Clearing previous game
15:56:50.079 [JavaFX Application Thread] DEBUG GameScene            - Clearing game scene
15:56:50.079 [JavaFX Application Thread] DEBUG GameWorld            - Clearing game world
15:56:50.081 [JavaFX Application Thread] DEBUG PhysicsWorld         - Clearing physics world
15:56:50.082 [FXGL Background Thread 2 ] DEBUG FXGLApplication      - Initializing game
15:56:50.082 [FXGL Background Thread 2 ] DEBUG AudioPlayer          - Playing music com.almasb.fxgl.audio.Music@319fd720
15:56:50.083 [FXGL Background Thread 2 ] WARN  GameWorld            - Entity is already attached to world
15:56:50.083 [FXGL Background Thread 2 ] WARN  Entity               - Entity already has component: com.almasb.fxgl.entity.components.CollidableComponent
15:56:50.084 [FXGL Background Thread 2 ] WARN  GameWorld            - Entity is already attached to world
15:56:50.084 [FXGL Background Thread 2 ] WARN  Entity               - Entity already has component: com.almasb.fxgl.entity.components.CollidableComponent
15:56:50.084 [FXGL Background Thread 2 ] WARN  GameWorld            - Entity is already attached to world
15:56:50.084 [FXGL Background Thread 2 ] WARN  Entity               - Entity already has component: com.almasb.fxgl.entity.components.CollidableComponent
15:56:50.085 [FXGL Background Thread 2 ] WARN  GameWorld            - Entity is already attached to world
15:56:50.085 [FXGL Background Thread 2 ] WARN  Entity               - Entity already has component: com.almasb.fxgl.entity.components.CollidableComponent
15:56:50.085 [FXGL Background Thread 2 ] WARN  GameWorld            - Entity is already attached to world
15:56:50.088 [FXGL Background Thread 2 ] INFO  FXGLApplication      - Game initialization took: 0.006 sec
15:56:50.088 [JavaFX Application Thread] DEBUG Input                - Clearing active input actions
15:56:50.093 [JavaFX Application Thread] DEBUG GameApplicationServi - Removing overlay from FXGLLoadingScene and adding to GameScene
15:56:50.093 [JavaFX Application Thread] DEBUG PrimaryStageWindow   - FXGLLoadingScene -> GameScene
15:56:56.705 [JavaFX Application Thread] DEBUG PrimaryStageWindow   - Push state: FXGLDefaultMenu
15:56:56.707 [JavaFX Application Thread] DEBUG Input                - Clearing active input actions
15:56:56.708 [JavaFX Application Thread] DEBUG GameApplicationServi - Removing overlay from GameScene and adding to FXGLDefaultMenu
15:56:56.708 [JavaFX Application Thread] DEBUG PrimaryStageWindow   - GameScene -> FXGLDefaultMenu
15:56:57.469 [JavaFX Application Thread] DEBUG PrimaryStageWindow   - Pop state: FXGLDefaultMenu
15:56:57.469 [JavaFX Application Thread] DEBUG Input                - Clearing active input actions
15:56:57.470 [JavaFX Application Thread] DEBUG GameApplicationServi - Removing overlay from FXGLDefaultMenu and adding to GameScene
15:56:57.471 [JavaFX Application Thread] DEBUG PrimaryStageWindow   - GameScene <- FXGLDefaultMenu
15:56:57.820 [JavaFX Application Thread] DEBUG FXGLAssetLoaderServi - Loading from file system: file:/C:/Users/narro/OneDrive/Documents/coleg/Spring%202023/CS%204900%20Senior%20Seminiar/Dawnseeker/Dawnseeker/target/classes/assets/sounds/magic_missile.wav
15:56:57.822 [JavaFX Application Thread] DEBUG FXGLAssetLoaderServi - Loading from file system: file:/C:/Users/narro/OneDrive/Documents/coleg/Spring%202023/CS%204900%20Senior%20Seminiar/Dawnseeker/Dawnseeker/target/classes/assets/textures/FireBallProjectile.png
15:56:57.924 [JavaFX Application Thread] DEBUG FXGLAssetLoaderServi - Loading from file system: file:/C:/Users/narro/OneDrive/Documents/coleg/Spring%202023/CS%204900%20Senior%20Seminiar/Dawnseeker/Dawnseeker/target/classes/assets/sounds/bong.wav
15:57:03.731 [JavaFX Application Thread] DEBUG FXGLAssetLoaderServi - Loading from file system: file:/C:/Users/narro/OneDrive/Documents/coleg/Spring%202023/CS%204900%20Senior%20Seminiar/Dawnseeker/Dawnseeker/target/classes/assets/sounds/coin_pickup.wav
15:57:05.474 [JavaFX Application Thread] DEBUG Input                - Clearing active input actions
15:57:05.480 [JavaFX Application Thread] DEBUG GameApplicationServi - Removing overlay from GameScene and adding to FXGLMainMenuDummyScene
15:57:05.480 [JavaFX Application Thread] DEBUG PrimaryStageWindow   - GameScene -> FXGLMainMenuDummyScene
15:57:05.480 [JavaFX Application Thread] DEBUG PrimaryStageWindow   - Push state: DawnseekerMenu
15:57:05.480 [JavaFX Application Thread] DEBUG Input                - Clearing active input actions
15:57:05.480 [JavaFX Application Thread] DEBUG GameApplicationServi - Removing overlay from FXGLMainMenuDummyScene and adding to DawnseekerMenu
15:57:05.480 [JavaFX Application Thread] DEBUG PrimaryStageWindow   - FXGLMainMenuDummyScene -> DawnseekerMenu
15:57:06.491 [JavaFX Application Thread] DEBUG Menu                 - fireNewGame()
15:57:06.491 [JavaFX Application Thread] DEBUG GameApplicationServi - Starting new game
15:57:06.491 [JavaFX Application Thread] DEBUG PrimaryStageWindow   - Pop state: DawnseekerMenu
15:57:06.491 [JavaFX Application Thread] DEBUG Input                - Clearing active input actions
15:57:06.492 [JavaFX Application Thread] DEBUG GameApplicationServi - Removing overlay from DawnseekerMenu and adding to FXGLMainMenuDummyScene
15:57:06.492 [JavaFX Application Thread] DEBUG PrimaryStageWindow   - FXGLMainMenuDummyScene <- DawnseekerMenu
15:57:06.492 [JavaFX Application Thread] DEBUG Input                - Clearing active input actions
15:57:06.496 [JavaFX Application Thread] DEBUG GameApplicationServi - Removing overlay from FXGLMainMenuDummyScene and adding to FXGLLoadingScene
15:57:06.496 [JavaFX Application Thread] DEBUG PrimaryStageWindow   - FXGLMainMenuDummyScene -> FXGLLoadingScene
15:57:06.496 [JavaFX Application Thread] DEBUG GameApplicationServi - Clearing previous game
15:57:06.496 [JavaFX Application Thread] DEBUG GameScene            - Clearing game scene
15:57:06.496 [JavaFX Application Thread] DEBUG GameWorld            - Clearing game world
15:57:06.497 [JavaFX Application Thread] DEBUG PhysicsWorld         - Clearing physics world
15:57:06.497 [FXGL Background Thread 2 ] DEBUG FXGLApplication      - Initializing game
15:57:06.498 [FXGL Background Thread 2 ] DEBUG AudioPlayer          - Playing music com.almasb.fxgl.audio.Music@319fd720
15:57:06.498 [FXGL Background Thread 2 ] WARN  GameWorld            - Entity is already attached to world
15:57:06.499 [FXGL Background Thread 2 ] WARN  Entity               - Entity already has component: com.almasb.fxgl.entity.components.CollidableComponent
15:57:06.499 [FXGL Background Thread 2 ] WARN  GameWorld            - Entity is already attached to world
15:57:06.499 [FXGL Background Thread 2 ] WARN  Entity               - Entity already has component: com.almasb.fxgl.entity.components.CollidableComponent
15:57:06.499 [FXGL Background Thread 2 ] WARN  GameWorld            - Entity is already attached to world
15:57:06.499 [FXGL Background Thread 2 ] WARN  Entity               - Entity already has component: com.almasb.fxgl.entity.components.CollidableComponent
15:57:06.499 [FXGL Background Thread 2 ] WARN  GameWorld            - Entity is already attached to world
15:57:06.500 [FXGL Background Thread 2 ] WARN  Entity               - Entity already has component: com.almasb.fxgl.entity.components.CollidableComponent
15:57:06.500 [FXGL Background Thread 2 ] WARN  GameWorld            - Entity is already attached to world
15:57:06.503 [FXGL Background Thread 2 ] INFO  FXGLApplication      - Game initialization took: 0.006 sec
15:57:06.504 [JavaFX Application Thread] DEBUG Input                - Clearing active input actions
15:57:06.511 [JavaFX Application Thread] DEBUG GameApplicationServi - Removing overlay from FXGLLoadingScene and adding to GameScene
15:57:06.511 [JavaFX Application Thread] DEBUG PrimaryStageWindow   - FXGLLoadingScene -> GameScene
15:57:12.087 [JavaFX Application Thread] DEBUG Input                - Clearing active input actions
15:57:12.095 [JavaFX Application Thread] DEBUG GameApplicationServi - Removing overlay from GameScene and adding to FXGLMainMenuDummyScene
15:57:12.095 [JavaFX Application Thread] DEBUG PrimaryStageWindow   - GameScene -> FXGLMainMenuDummyScene
15:57:12.095 [JavaFX Application Thread] DEBUG PrimaryStageWindow   - Push state: DawnseekerMenu
15:57:12.095 [JavaFX Application Thread] DEBUG Input                - Clearing active input actions
15:57:12.096 [JavaFX Application Thread] DEBUG GameApplicationServi - Removing overlay from FXGLMainMenuDummyScene and adding to DawnseekerMenu
15:57:12.096 [JavaFX Application Thread] DEBUG PrimaryStageWindow   - FXGLMainMenuDummyScene -> DawnseekerMenu
15:57:13.309 [JavaFX Application Thread] DEBUG Menu                 - fireNewGame()
15:57:13.309 [JavaFX Application Thread] DEBUG GameApplicationServi - Starting new game
15:57:13.309 [JavaFX Application Thread] DEBUG PrimaryStageWindow   - Pop state: DawnseekerMenu
15:57:13.309 [JavaFX Application Thread] DEBUG Input                - Clearing active input actions
15:57:13.310 [JavaFX Application Thread] DEBUG GameApplicationServi - Removing overlay from DawnseekerMenu and adding to FXGLMainMenuDummyScene
15:57:13.310 [JavaFX Application Thread] DEBUG PrimaryStageWindow   - FXGLMainMenuDummyScene <- DawnseekerMenu
15:57:13.310 [JavaFX Application Thread] DEBUG Input                - Clearing active input actions
15:57:13.312 [JavaFX Application Thread] DEBUG GameApplicationServi - Removing overlay from FXGLMainMenuDummyScene and adding to FXGLLoadingScene
15:57:13.312 [JavaFX Application Thread] DEBUG PrimaryStageWindow   - FXGLMainMenuDummyScene -> FXGLLoadingScene
15:57:13.312 [JavaFX Application Thread] DEBUG GameApplicationServi - Clearing previous game
15:57:13.312 [JavaFX Application Thread] DEBUG GameScene            - Clearing game scene
15:57:13.312 [JavaFX Application Thread] DEBUG GameWorld            - Clearing game world
15:57:13.313 [JavaFX Application Thread] DEBUG PhysicsWorld         - Clearing physics world
15:57:13.313 [FXGL Background Thread 2 ] DEBUG FXGLApplication      - Initializing game
15:57:13.314 [FXGL Background Thread 2 ] DEBUG AudioPlayer          - Playing music com.almasb.fxgl.audio.Music@319fd720
15:57:13.315 [FXGL Background Thread 2 ] WARN  GameWorld            - Entity is already attached to world
15:57:13.315 [FXGL Background Thread 2 ] WARN  Entity               - Entity already has component: com.almasb.fxgl.entity.components.CollidableComponent
15:57:13.315 [FXGL Background Thread 2 ] WARN  GameWorld            - Entity is already attached to world
15:57:13.316 [FXGL Background Thread 2 ] WARN  Entity               - Entity already has component: com.almasb.fxgl.entity.components.CollidableComponent
15:57:13.316 [FXGL Background Thread 2 ] WARN  GameWorld            - Entity is already attached to world
15:57:13.316 [FXGL Background Thread 2 ] WARN  Entity               - Entity already has component: com.almasb.fxgl.entity.components.CollidableComponent
15:57:13.316 [FXGL Background Thread 2 ] WARN  GameWorld            - Entity is already attached to world
15:57:13.317 [FXGL Background Thread 2 ] WARN  Entity               - Entity already has component: com.almasb.fxgl.entity.components.CollidableComponent
15:57:13.317 [FXGL Background Thread 2 ] WARN  GameWorld            - Entity is already attached to world
15:57:13.320 [FXGL Background Thread 2 ] INFO  FXGLApplication      - Game initialization took: 0.007 sec
15:57:13.322 [JavaFX Application Thread] DEBUG Input                - Clearing active input actions
15:57:13.324 [JavaFX Application Thread] DEBUG GameApplicationServi - Removing overlay from FXGLLoadingScene and adding to GameScene
15:57:13.325 [JavaFX Application Thread] DEBUG PrimaryStageWindow   - FXGLLoadingScene -> GameScene
15:57:15.095 [JavaFX Application Thread] DEBUG Input                - Clearing active input actions
15:57:15.098 [JavaFX Application Thread] DEBUG GameApplicationServi - Removing overlay from GameScene and adding to FXGLMainMenuDummyScene
15:57:15.098 [JavaFX Application Thread] DEBUG PrimaryStageWindow   - GameScene -> FXGLMainMenuDummyScene
15:57:15.098 [JavaFX Application Thread] DEBUG PrimaryStageWindow   - Push state: DawnseekerMenu
15:57:15.098 [JavaFX Application Thread] DEBUG Input                - Clearing active input actions
15:57:15.098 [JavaFX Application Thread] DEBUG GameApplicationServi - Removing overlay from FXGLMainMenuDummyScene and adding to DawnseekerMenu
15:57:15.098 [JavaFX Application Thread] DEBUG PrimaryStageWindow   - FXGLMainMenuDummyScene -> DawnseekerMenu
15:57:17.648 [JavaFX Application Thread] DEBUG FXGLApplication      - Exiting FXGL
15:57:17.649 [JavaFX Application Thread] DEBUG LoopRunner           - Stopping loop
15:57:17.649 [JavaFX Application Thread] DEBUG SystemBundleService  - Saving FXGL system data
15:57:17.650 [JavaFX Application Thread] DEBUG FileSystemAccess     - Writing to: C:\Users\narro\OneDrive\Documents\coleg\Spring 2023\CS 4900 Senior Seminiar\Dawnseeker\Dawnseeker\system\fxgl.bundle
15:57:17.651 [JavaFX Application Thread] DEBUG Async                - Shutting down background threads
15:57:17.652 [JavaFX Application Thread] DEBUG PrimaryStageWindow   - Closing main window
15:57:17.659 [JavaFX Application Thread] DEBUG Logger               - Closing Logger
