15:28:11.421 [main                     ] DEBUG Logger               - Configured Logger
15:28:11.470 [main                     ] DEBUG GameApplication      - Logging settings
Title: Dawnseeker
Version: 0.5
Width: 1920
Height: 1080
Fullscreen: false
Intro: false
Profiling: false
Single step:false
App Mode: DEVELOPER
Menu Key: ESCAPE
Stage Style: DECORATED
Scene Factory: class myGame.DawnseekerApp$1

15:28:12.445 [JavaFX Application Thread] DEBUG FXGLApplication      - Initializing FXGL
15:28:12.458 [JavaFX Application Thread] INFO  Engine               - FXGL-17.2 (20.08.2022 16.50) on WINDOWS (J:19.0.2 FX:18)
15:28:12.458 [JavaFX Application Thread] DEBUG Engine               - JRE Vendor Name: Oracle Corporation
15:28:12.459 [JavaFX Application Thread] DEBUG Engine               - Running on OS: Windows 10 version 10.0
15:28:12.459 [JavaFX Application Thread] DEBUG Engine               - Architecture: amd64
15:28:12.460 [JavaFX Application Thread] INFO  Engine               - Source code and latest versions at: https://github.com/AlmasB/FXGL
15:28:12.460 [JavaFX Application Thread] INFO  Engine               -       Ask questions and discuss at: https://github.com/AlmasB/FXGL/discussions
15:28:12.460 [JavaFX Application Thread] INFO  Engine               -              Join the FXGL chat at: https://gitter.im/AlmasB/FXGL
15:28:12.678 [JavaFX Application Thread] DEBUG PrimaryStageWindow   - Creating a JavaFX scene
15:28:12.679 [JavaFX Application Thread] DEBUG PrimaryStageWindow   - Target size > screen size
15:28:12.789 [JavaFX Application Thread] DEBUG PrimaryStageWindow   - Target settings size: 1920.0 x 1080.0
15:28:12.789 [JavaFX Application Thread] DEBUG PrimaryStageWindow   - Scaled scene size:    1439.0 x 823.0
15:28:12.790 [JavaFX Application Thread] DEBUG PrimaryStageWindow   - Scaled ratio: (0.7494791666666667, 0.7620370370370371)
15:28:12.792 [JavaFX Application Thread] DEBUG PrimaryStageWindow   - Set initial scene to FXGLStartupScene
15:28:12.801 [JavaFX Application Thread] DEBUG PrimaryStageWindow   - Opening main window
15:28:12.970 [JavaFX Application Thread] DEBUG PrimaryStageWindow   - Window border size: (14.5999755859375, 37.79998779296875)
15:28:12.971 [JavaFX Application Thread] DEBUG PrimaryStageWindow   - Scaled size: 1439.0 x 823.0
15:28:12.973 [JavaFX Application Thread] DEBUG PrimaryStageWindow   - Scaled ratio: (0.7494791666666667, 0.7620370370370371)
15:28:12.974 [JavaFX Application Thread] DEBUG PrimaryStageWindow   - Scene size: 1439.0 x 823.0
15:28:12.975 [JavaFX Application Thread] DEBUG PrimaryStageWindow   - Stage size: 1453.5999755859375 x 860.7999877929688
15:28:12.995 [FXGL Background Thread 1 ] DEBUG Engine               - Initializing environment variables
15:28:13.108 [FXGL Background Thread 1 ] DEBUG FXGLAssetLoaderServi - User app class for loading assets: class myGame.DawnseekerApp
15:28:13.108 [FXGL Background Thread 1 ] DEBUG GameApplicationServi - Applying CSS: fxgl_dark.css
15:28:13.112 [FXGL Background Thread 1 ] DEBUG FXGLAssetLoaderServi - Loading from file system: jar:file:/C:/Users/narro/.m2/repository/com/github/almasb/fxgl/17.2/fxgl-17.2.jar!/fxglassets/ui/css/fxgl_dark.css
15:28:13.183 [FXGL Background Thread 1 ] DEBUG GameApplicationServi - Initializing application scenes
15:28:13.251 [FXGL Background Thread 1 ] DEBUG GameWorld            - Game world initialized
15:28:13.341 [FXGL Background Thread 1 ] DEBUG PhysicsWorld         - Physics world initialized: appHeight=1080, physics.ppm=50.0
15:28:13.342 [FXGL Background Thread 1 ] DEBUG PhysicsWorld         - Using strategy: BRUTE_FORCE
15:28:13.346 [FXGL Background Thread 1 ] DEBUG GameScene            - Game scene initialized: 1920x1080
15:28:13.347 [FXGL Background Thread 1 ] DEBUG FXGLAssetLoaderServi - Loading from file system: file:/C:/Users/narro/git/CS4900G2Proj2/Dawnseeker/target/classes/assets/music/shop.mp3
15:28:13.628 [FXGL Background Thread 1 ] DEBUG AudioPlayer          - Playing music com.almasb.fxgl.audio.Music@4bcaa084
15:28:13.650 [FXGL Background Thread 1 ] DEBUG FXGLAssetLoaderServi - Loading from file system: file:/C:/Users/narro/git/CS4900G2Proj2/Dawnseeker/target/classes/assets/textures/bg2.png
15:28:13.752 [FXGL Background Thread 1 ] DEBUG FXGL.DefaultMenu     - createMenuBodyGameMenu()
15:28:13.772 [FXGL Background Thread 1 ] DEBUG FXGL.DefaultMenu     - createOptionsMenu()
15:28:13.779 [FXGL Background Thread 1 ] DEBUG FXGLAssetLoaderServi - Loading from file system: jar:file:/C:/Users/narro/.m2/repository/com/github/almasb/fxgl/17.2/fxgl-17.2.jar!/fxglassets/textures/particles/smoke.png
15:28:13.891 [FXGL Background Thread 1 ] DEBUG FXGLAssetLoaderServi - Loading from file system: jar:file:/C:/Users/narro/.m2/repository/com/github/almasb/fxgl/17.2/fxgl-17.2.jar!/fxglassets/textures/particles/trace_horizontal.png
15:28:13.929 [FXGL Background Thread 1 ] DEBUG GameApplicationServi - Application scenes initialized
15:28:13.955 [FXGL Background Thread 1 ] DEBUG SystemBundleService  - Loading FXGL system data
15:28:13.965 [FXGL Background Thread 1 ] DEBUG FileSystemAccess     - Reading from: C:\Users\narro\git\CS4900G2Proj2\Dawnseeker\system\fxgl.bundle
15:28:13.987 [FXGL Background Thread 1 ] DEBUG SystemBundleService  - Bundle FXGL: {}
15:28:13.987 [FXGL Background Thread 1 ] DEBUG UpdaterService       - Checking for updates
15:28:13.994 [FXGL Background Thread 4 ] DEBUG FXGLApplication      - Loading fonts
15:28:13.995 [FXGL Background Thread 4 ] DEBUG FXGLAssetLoaderServi - Loading from file system: jar:file:/C:/Users/narro/.m2/repository/com/github/almasb/fxgl/17.2/fxgl-17.2.jar!/fxglassets/ui/fonts/VarelaRound-Regular.ttf
15:28:13.995 [FXGL Background Thread 1 ] DEBUG FXGLApplication      - Loading default localization
15:28:13.996 [FXGL Background Thread 1 ] DEBUG FXGLAssetLoaderServi - Loading from file system: jar:file:/C:/Users/narro/.m2/repository/com/github/almasb/fxgl/17.2/fxgl-17.2.jar!/fxglassets/languages/english.lang
15:28:14.037 [FXGL Background Thread 1 ] INFO  FXGLApplication      - FXGL initialization took: 1.042 sec
15:28:14.046 [JavaFX Application Thread] DEBUG Input                - Registered new binding: action0 - LMB
15:28:14.056 [JavaFX Application Thread] DEBUG Input                - Registered new binding: Up - W
15:28:14.057 [JavaFX Application Thread] DEBUG Input                - Registered new binding: Down - S
15:28:14.057 [JavaFX Application Thread] DEBUG Input                - Registered new binding: Right - D
15:28:14.057 [JavaFX Application Thread] DEBUG Input                - Registered new binding: Left - A
15:28:14.058 [JavaFX Application Thread] DEBUG FXGLAssetLoaderServi - Loading from file system: jar:file:/C:/Users/narro/.m2/repository/com/github/almasb/fxgl/17.2/fxgl-17.2.jar!/fxglassets/textures/fxgl_icon.png
15:28:14.081 [JavaFX Application Thread] DEBUG FXGLAssetLoaderServi - Loading from file system: jar:file:/C:/Users/narro/.m2/repository/com/github/almasb/fxgl/17.2/fxgl-17.2.jar!/fxglassets/textures/fxgl_default_cursor.png
15:28:14.084 [JavaFX Application Thread] DEBUG Input                - Registered new binding: Screenshot - CTRL+8
15:28:14.085 [JavaFX Application Thread] DEBUG Input                - Registered new binding: System info dump - CTRL+9
15:28:14.085 [JavaFX Application Thread] DEBUG Input                - Registered new binding: Restart - CTRL+R
15:28:14.086 [JavaFX Application Thread] DEBUG Input                - Registered new binding: Toggle Debug Camera - CTRL+7
15:28:14.091 [JavaFX Application Thread] DEBUG LoopRunner           - Starting loop
15:28:14.091 [JavaFX Application Thread] DEBUG LoopRunner           - Initializing JavaFX AnimationTimerLoop
15:28:14.095 [JavaFX Application Thread] DEBUG Input                - Clearing active input actions
15:28:14.108 [JavaFX Application Thread] DEBUG GameApplicationServi - Removing overlay from FXGLStartupScene and adding to FXGLMainMenuDummyScene
15:28:14.109 [JavaFX Application Thread] DEBUG PrimaryStageWindow   - FXGLStartupScene -> FXGLMainMenuDummyScene
15:28:14.109 [JavaFX Application Thread] DEBUG PrimaryStageWindow   - Push state: DawnseekerMenu
15:28:14.109 [JavaFX Application Thread] DEBUG Input                - Clearing active input actions
15:28:14.115 [JavaFX Application Thread] DEBUG GameApplicationServi - Removing overlay from FXGLMainMenuDummyScene and adding to DawnseekerMenu
15:28:14.116 [JavaFX Application Thread] DEBUG PrimaryStageWindow   - FXGLMainMenuDummyScene -> DawnseekerMenu
15:28:14.119 [FXGL Background Thread 4 ] DEBUG FXGLAssetLoaderServi - Loading from file system: jar:file:/C:/Users/narro/.m2/repository/com/github/almasb/fxgl/17.2/fxgl-17.2.jar!/fxglassets/ui/fonts/Abel-Regular.ttf
15:28:14.133 [FXGL Background Thread 4 ] DEBUG FXGLAssetLoaderServi - Loading from file system: jar:file:/C:/Users/narro/.m2/repository/com/github/almasb/fxgl/17.2/fxgl-17.2.jar!/fxglassets/ui/fonts/TerminalLandMono-Regular.otf
15:28:14.148 [FXGL Background Thread 4 ] DEBUG FXGLAssetLoaderServi - Loading from file system: jar:file:/C:/Users/narro/.m2/repository/com/github/almasb/fxgl/17.2/fxgl-17.2.jar!/fxglassets/ui/fonts/Courier-Prime.ttf
15:28:14.165 [JavaFX Application Thread] DEBUG FXGLApplication      - Registering font factories with UI factory
15:28:14.743 [FXGL Background Thread 2 ] INFO  UpdaterService       - Your current version:  17.2
15:28:14.743 [FXGL Background Thread 2 ] INFO  UpdaterService       - Latest stable version: 17.3
15:28:16.080 [JavaFX Application Thread] DEBUG Menu                 - fireNewGame()
15:28:16.080 [JavaFX Application Thread] DEBUG GameApplicationServi - Starting new game
15:28:16.080 [JavaFX Application Thread] DEBUG PrimaryStageWindow   - Pop state: DawnseekerMenu
15:28:16.080 [JavaFX Application Thread] DEBUG Input                - Clearing active input actions
15:28:16.081 [JavaFX Application Thread] DEBUG GameApplicationServi - Removing overlay from DawnseekerMenu and adding to FXGLMainMenuDummyScene
15:28:16.081 [JavaFX Application Thread] DEBUG PrimaryStageWindow   - FXGLMainMenuDummyScene <- DawnseekerMenu
15:28:16.081 [JavaFX Application Thread] DEBUG Input                - Clearing active input actions
15:28:16.090 [JavaFX Application Thread] DEBUG GameApplicationServi - Removing overlay from FXGLMainMenuDummyScene and adding to FXGLLoadingScene
15:28:16.091 [JavaFX Application Thread] DEBUG PrimaryStageWindow   - FXGLMainMenuDummyScene -> FXGLLoadingScene
15:28:16.091 [JavaFX Application Thread] DEBUG GameApplicationServi - Clearing previous game
15:28:16.091 [JavaFX Application Thread] DEBUG GameScene            - Clearing game scene
15:28:16.091 [JavaFX Application Thread] DEBUG GameWorld            - Clearing game world
15:28:16.091 [JavaFX Application Thread] DEBUG PhysicsWorld         - Clearing physics world
15:28:16.092 [JavaFX Application Thread] DEBUG AudioPlayer          - Stopping music com.almasb.fxgl.audio.Music@4bcaa084
15:28:16.092 [FXGL Background Thread 2 ] DEBUG FXGLApplication      - Initializing game
15:28:16.101 [FXGL Background Thread 2 ] DEBUG FXGLAssetLoaderServi - Loading from file system: file:/C:/Users/narro/git/CS4900G2Proj2/Dawnseeker/target/classes/assets/music/heartache.mp3
15:28:16.105 [FXGL Background Thread 2 ] DEBUG AudioPlayer          - Playing music com.almasb.fxgl.audio.Music@5b73f235
15:28:16.127 [FXGL Background Thread 2 ] DEBUG FXGLAssetLoaderServi - Loading from file system: file:/C:/Users/narro/git/CS4900G2Proj2/Dawnseeker/target/classes/assets/textures/DawnseekerPCV2.png
15:28:16.129 [FXGL Background Thread 2 ] DEBUG FXGLAssetLoaderServi - Loading from file system: file:/C:/Users/narro/git/CS4900G2Proj2/Dawnseeker/target/classes/assets/textures/DawnseekerPCV2Down.png
15:28:16.131 [FXGL Background Thread 2 ] DEBUG FXGLAssetLoaderServi - Loading from file system: file:/C:/Users/narro/git/CS4900G2Proj2/Dawnseeker/target/classes/assets/textures/DawnseekerPCV2Up.png
15:28:16.132 [FXGL Background Thread 2 ] DEBUG FXGLAssetLoaderServi - Loading from file system: file:/C:/Users/narro/git/CS4900G2Proj2/Dawnseeker/target/classes/assets/textures/DawnseekerPCV2Right.png
15:28:16.133 [FXGL Background Thread 2 ] DEBUG FXGLAssetLoaderServi - Loading from file system: file:/C:/Users/narro/git/CS4900G2Proj2/Dawnseeker/target/classes/assets/textures/DawnseekerPCV2Left.png
15:28:16.158 [FXGL Background Thread 2 ] DEBUG FXGLAssetLoaderServi - Loading from file system: file:/C:/Users/narro/git/CS4900G2Proj2/Dawnseeker/target/classes/assets/textures/background.png
15:28:16.215 [FXGL Background Thread 2 ] WARN  GameWorld            - Entity is already attached to world
15:28:16.216 [FXGL Background Thread 2 ] DEBUG FXGLAssetLoaderServi - Loading from file system: file:/C:/Users/narro/git/CS4900G2Proj2/Dawnseeker/target/classes/assets/textures/Rock1.png
15:28:16.219 [FXGL Background Thread 2 ] WARN  Entity               - Entity already has component: com.almasb.fxgl.entity.components.CollidableComponent
15:28:16.219 [FXGL Background Thread 2 ] WARN  GameWorld            - Entity is already attached to world
15:28:16.224 [FXGL Background Thread 2 ] DEBUG FXGLAssetLoaderServi - Loading from file system: file:/C:/Users/narro/git/CS4900G2Proj2/Dawnseeker/target/classes/assets/textures/Rock2.png
15:28:16.226 [FXGL Background Thread 2 ] WARN  Entity               - Entity already has component: com.almasb.fxgl.entity.components.CollidableComponent
15:28:16.227 [FXGL Background Thread 2 ] WARN  GameWorld            - Entity is already attached to world
15:28:16.228 [FXGL Background Thread 2 ] DEBUG FXGLAssetLoaderServi - Loading from file system: file:/C:/Users/narro/git/CS4900G2Proj2/Dawnseeker/target/classes/assets/textures/BigRock1.png
15:28:16.231 [FXGL Background Thread 2 ] WARN  Entity               - Entity already has component: com.almasb.fxgl.entity.components.CollidableComponent
15:28:16.232 [FXGL Background Thread 2 ] WARN  GameWorld            - Entity is already attached to world
15:28:16.233 [FXGL Background Thread 2 ] DEBUG FXGLAssetLoaderServi - Loading from file system: file:/C:/Users/narro/git/CS4900G2Proj2/Dawnseeker/target/classes/assets/textures/Poison.gif
15:28:16.248 [FXGL Background Thread 2 ] WARN  GameWorld            - Entity is already attached to world
15:28:16.251 [FXGL Background Thread 2 ] DEBUG FXGLAssetLoaderServi - Loading from file system: file:/C:/Users/narro/git/CS4900G2Proj2/Dawnseeker/target/classes/assets/textures/AnimShop.png
15:28:16.253 [FXGL Background Thread 2 ] WARN  GameWorld            - Entity is already attached to world
15:28:16.287 [FXGL Background Thread 2 ] INFO  FXGLApplication      - Game initialization took: 0.195 sec
15:28:16.288 [JavaFX Application Thread] DEBUG Input                - Clearing active input actions
15:28:16.313 [JavaFX Application Thread] DEBUG GameApplicationServi - Removing overlay from FXGLLoadingScene and adding to GameScene
15:28:16.313 [JavaFX Application Thread] DEBUG PrimaryStageWindow   - FXGLLoadingScene -> GameScene
15:28:16.992 [FXGL Background Thread 3 ] DEBUG Engine               - Logging environment variables
15:28:16.993 [FXGL Background Thread 3 ] DEBUG Engine               - achievements: []
15:28:16.994 [FXGL Background Thread 3 ] DEBUG Engine               - actualHeight: 823.0
15:28:16.995 [FXGL Background Thread 3 ] DEBUG Engine               - actualHeightProperty: ReadOnlyDoubleProperty [value: 823.0]
15:28:16.995 [FXGL Background Thread 3 ] DEBUG Engine               - actualWidth: 1439.0
15:28:16.995 [FXGL Background Thread 3 ] DEBUG Engine               - actualWidthProperty: ReadOnlyDoubleProperty [value: 1439.0]
15:28:16.995 [FXGL Background Thread 3 ] DEBUG Engine               - appIcon: fxgl_icon.png
15:28:16.995 [FXGL Background Thread 3 ] DEBUG Engine               - applicationMode: DEVELOPER
15:28:16.995 [FXGL Background Thread 3 ] DEBUG Engine               - cSSList: [fxgl_dark.css]
15:28:16.995 [FXGL Background Thread 3 ] DEBUG Engine               - collisionDetectionStrategy: BRUTE_FORCE
15:28:16.995 [FXGL Background Thread 3 ] DEBUG Engine               - configClass: Optional.empty
15:28:16.995 [FXGL Background Thread 3 ] DEBUG Engine               - credits: []
15:28:16.996 [FXGL Background Thread 3 ] DEBUG Engine               - defaultCursor: CursorInfo(imageName=fxgl_default_cursor.png, hotspotX=7.0, hotspotY=6.0)
15:28:16.997 [FXGL Background Thread 3 ] DEBUG Engine               - devBBoxColorProperty: ObjectProperty [value: 0xff0000ff]
15:28:16.997 [FXGL Background Thread 3 ] DEBUG Engine               - devEnableDebugCameraProperty: BooleanProperty [value: false]
15:28:16.997 [FXGL Background Thread 3 ] DEBUG Engine               - devSensorColorProperty: ObjectProperty [value: 0xffff00ff]
15:28:16.997 [FXGL Background Thread 3 ] DEBUG Engine               - devShowBBoxProperty: BooleanProperty [value: false]
15:28:16.997 [FXGL Background Thread 3 ] DEBUG Engine               - devShowPositionProperty: BooleanProperty [value: false]
15:28:16.997 [FXGL Background Thread 3 ] DEBUG Engine               - enabledMenuItems: []
15:28:16.997 [FXGL Background Thread 3 ] DEBUG Engine               - engineServices: [class com.almasb.fxgl.app.services.FXGLAssetLoaderService, class com.almasb.fxgl.app.FXGLApplication$GameApplicationService, class com.almasb.fxgl.app.services.FXGLDialogService, class com.almasb.fxgl.app.services.IOTaskExecutorService, class com.almasb.fxgl.io.FileSystemService, class com.almasb.fxgl.localization.LocalizationService, class com.almasb.fxgl.app.services.SystemBundleService, class com.almasb.fxgl.profile.SaveLoadService, class com.almasb.fxgl.ui.FXGLUIFactoryServiceProvider, class com.almasb.fxgl.ui.FXGLDialogFactoryServiceProvider, class com.almasb.fxgl.audio.AudioPlayer, class com.almasb.fxgl.notification.impl.NotificationServiceProvider, class com.almasb.fxgl.achievement.AchievementService, class com.almasb.fxgl.cutscene.CutsceneService, class com.almasb.fxgl.minigames.MiniGameService, class com.almasb.fxgl.net.NetService, class com.almasb.fxgl.app.services.UpdaterService, class com.almasb.fxgl.dev.DevService]
15:28:16.997 [FXGL Background Thread 3 ] DEBUG Engine               - fontGame: Abel-Regular.ttf
15:28:16.997 [FXGL Background Thread 3 ] DEBUG Engine               - fontMono: TerminalLandMono-Regular.otf
15:28:16.997 [FXGL Background Thread 3 ] DEBUG Engine               - fontText: Courier-Prime.ttf
15:28:16.997 [FXGL Background Thread 3 ] DEBUG Engine               - fontUI: VarelaRound-Regular.ttf
15:28:16.997 [FXGL Background Thread 3 ] DEBUG Engine               - fullScreen: BooleanProperty [value: false]
15:28:16.997 [FXGL Background Thread 3 ] DEBUG Engine               - gameDifficulty: MEDIUM
15:28:16.997 [FXGL Background Thread 3 ] DEBUG Engine               - gameDifficultyProperty: ObjectProperty [value: MEDIUM]
15:28:16.998 [FXGL Background Thread 3 ] DEBUG Engine               - globalMusicVolume: 0.5
15:28:16.998 [FXGL Background Thread 3 ] DEBUG Engine               - globalMusicVolumeProperty: DoubleProperty [value: 0.5]
15:28:16.998 [FXGL Background Thread 3 ] DEBUG Engine               - globalSoundVolume: 0.5
15:28:16.998 [FXGL Background Thread 3 ] DEBUG Engine               - globalSoundVolumeProperty: DoubleProperty [value: 0.5]
15:28:16.998 [FXGL Background Thread 3 ] DEBUG Engine               - height: 1080
15:28:16.998 [FXGL Background Thread 3 ] DEBUG Engine               - is3D: false
15:28:16.998 [FXGL Background Thread 3 ] DEBUG Engine               - isAndroid: false
15:28:16.998 [FXGL Background Thread 3 ] DEBUG Engine               - isBrowser: false
15:28:16.998 [FXGL Background Thread 3 ] DEBUG Engine               - isClickFeedbackEnabled: false
15:28:16.998 [FXGL Background Thread 3 ] DEBUG Engine               - isCloseConfirmation: false
15:28:16.998 [FXGL Background Thread 3 ] DEBUG Engine               - isDesktop: true
15:28:16.998 [FXGL Background Thread 3 ] DEBUG Engine               - isDeveloperMenuEnabled: false
15:28:16.998 [FXGL Background Thread 3 ] DEBUG Engine               - isEmbedded: false
15:28:16.998 [FXGL Background Thread 3 ] DEBUG Engine               - isEntityPreloadEnabled: true
15:28:16.998 [FXGL Background Thread 3 ] DEBUG Engine               - isExperimentalTiledLargeMap: false
15:28:16.998 [FXGL Background Thread 3 ] DEBUG Engine               - isFileSystemWriteAllowed: true
15:28:16.999 [FXGL Background Thread 3 ] DEBUG Engine               - isFullScreenAllowed: false
15:28:16.999 [FXGL Background Thread 3 ] DEBUG Engine               - isFullScreenFromStart: false
15:28:16.999 [FXGL Background Thread 3 ] DEBUG Engine               - isGameMenuEnabled: true
15:28:16.999 [FXGL Background Thread 3 ] DEBUG Engine               - isIOS: false
15:28:16.999 [FXGL Background Thread 3 ] DEBUG Engine               - isIntroEnabled: false
15:28:16.999 [FXGL Background Thread 3 ] DEBUG Engine               - isLinux: false
15:28:16.999 [FXGL Background Thread 3 ] DEBUG Engine               - isMac: false
15:28:16.999 [FXGL Background Thread 3 ] DEBUG Engine               - isMainMenuEnabled: true
15:28:16.999 [FXGL Background Thread 3 ] DEBUG Engine               - isManualResizeEnabled: false
15:28:16.999 [FXGL Background Thread 3 ] DEBUG Engine               - isMobile: false
15:28:16.999 [FXGL Background Thread 3 ] DEBUG Engine               - isNative: false
15:28:16.999 [FXGL Background Thread 3 ] DEBUG Engine               - isPauseMusicWhenMinimized: true
15:28:16.999 [FXGL Background Thread 3 ] DEBUG Engine               - isPreserveResizeRatio: false
15:28:16.999 [FXGL Background Thread 3 ] DEBUG Engine               - isProfilingEnabled: false
15:28:16.999 [FXGL Background Thread 3 ] DEBUG Engine               - isScaleAffectedOnResize: true
15:28:16.999 [FXGL Background Thread 3 ] DEBUG Engine               - isSingleStep: false
15:28:16.999 [FXGL Background Thread 3 ] DEBUG Engine               - isUserProfileEnabled: false
15:28:16.999 [FXGL Background Thread 3 ] DEBUG Engine               - isWindows: true
15:28:16.999 [FXGL Background Thread 3 ] DEBUG Engine               - language: ObjectProperty [value: ENGLISH]
15:28:17.000 [FXGL Background Thread 3 ] DEBUG Engine               - menuKey: ESCAPE
15:28:17.000 [FXGL Background Thread 3 ] DEBUG Engine               - mouseSensitivity: 0.2
15:28:17.000 [FXGL Background Thread 3 ] DEBUG Engine               - notificationViewClass: class com.almasb.fxgl.notification.view.XboxNotificationView
15:28:17.000 [FXGL Background Thread 3 ] DEBUG Engine               - pixelsPerMeter: 50.0
15:28:17.000 [FXGL Background Thread 3 ] DEBUG Engine               - platform: WINDOWS
15:28:17.000 [FXGL Background Thread 3 ] DEBUG Engine               - prefHeightProperty: ReadOnlyDoubleProperty [value: 1080.0]
15:28:17.000 [FXGL Background Thread 3 ] DEBUG Engine               - prefWidthProperty: ReadOnlyDoubleProperty [value: 1920.0]
15:28:17.000 [FXGL Background Thread 3 ] DEBUG Engine               - profileDir: profiles/
15:28:17.000 [FXGL Background Thread 3 ] DEBUG Engine               - profileName: StringProperty [value: DEFAULT]
15:28:17.000 [FXGL Background Thread 3 ] DEBUG Engine               - randomSeed: -1
15:28:17.001 [FXGL Background Thread 3 ] DEBUG Engine               - runtimeInfo: RuntimeInfo(platform=WINDOWS, version=17.2, build=20.08.2022 16.50)
15:28:17.001 [FXGL Background Thread 3 ] DEBUG Engine               - saveFileExt: sav
15:28:17.001 [FXGL Background Thread 3 ] DEBUG Engine               - scaledHeightProp$fxgl: DoubleProperty [bound, value: 823.0]
15:28:17.001 [FXGL Background Thread 3 ] DEBUG Engine               - scaledWidthProp$fxgl: DoubleProperty [bound, value: 1439.0]
15:28:17.001 [FXGL Background Thread 3 ] DEBUG Engine               - sceneFactory: myGame.DawnseekerApp$1@6ad09036
15:28:17.001 [FXGL Background Thread 3 ] DEBUG Engine               - secondsIn24h: 60
15:28:17.001 [FXGL Background Thread 3 ] DEBUG Engine               - soundMenuBack: menu/back.wav
15:28:17.001 [FXGL Background Thread 3 ] DEBUG Engine               - soundMenuPress: menu/press.wav
15:28:17.001 [FXGL Background Thread 3 ] DEBUG Engine               - soundMenuSelect: menu/select.wav
15:28:17.001 [FXGL Background Thread 3 ] DEBUG Engine               - soundNotification: core/notification.wav
15:28:17.001 [FXGL Background Thread 3 ] DEBUG Engine               - stageStyle: DECORATED
15:28:17.001 [FXGL Background Thread 3 ] DEBUG Engine               - supportedLanguages: [ENGLISH, FRENCH, GERMAN, HUNGARIAN, RUSSIAN]
15:28:17.001 [FXGL Background Thread 3 ] DEBUG Engine               - ticksPerSecond: -1
15:28:17.001 [FXGL Background Thread 3 ] DEBUG Engine               - title: Dawnseeker
15:28:17.001 [FXGL Background Thread 3 ] DEBUG Engine               - urlGithub: https://github.com/AlmasB/FXGL
15:28:17.001 [FXGL Background Thread 3 ] DEBUG Engine               - urlLeaderboard: http://fxgl-top.herokuapp.com/
15:28:17.001 [FXGL Background Thread 3 ] DEBUG Engine               - urlPOM: https://raw.githubusercontent.com/AlmasB/FXGL/release/README.md
15:28:17.002 [FXGL Background Thread 3 ] DEBUG Engine               - userAppClass: class myGame.DawnseekerApp
15:28:17.002 [FXGL Background Thread 3 ] DEBUG Engine               - version: 0.5
15:28:17.002 [FXGL Background Thread 3 ] DEBUG Engine               - versionCheckDays: 7
15:28:17.002 [FXGL Background Thread 3 ] DEBUG Engine               - width: 1920
15:28:17.002 [FXGL Background Thread 3 ] DEBUG Engine               - Logging services
15:28:17.002 [FXGL Background Thread 3 ] DEBUG Engine               - class com.almasb.fxgl.app.services.FXGLAssetLoaderService
15:28:17.002 [FXGL Background Thread 3 ] DEBUG Engine               - class com.almasb.fxgl.app.FXGLApplication$GameApplicationService
15:28:17.002 [FXGL Background Thread 3 ] DEBUG Engine               - class com.almasb.fxgl.app.services.FXGLDialogService
15:28:17.002 [FXGL Background Thread 3 ] DEBUG Engine               - class com.almasb.fxgl.app.services.IOTaskExecutorService
15:28:17.002 [FXGL Background Thread 3 ] DEBUG Engine               - class com.almasb.fxgl.io.FileSystemService
15:28:17.002 [FXGL Background Thread 3 ] DEBUG Engine               - class com.almasb.fxgl.localization.LocalizationService
15:28:17.002 [FXGL Background Thread 3 ] DEBUG Engine               - class com.almasb.fxgl.app.services.SystemBundleService
15:28:17.002 [FXGL Background Thread 3 ] DEBUG Engine               - class com.almasb.fxgl.profile.SaveLoadService
15:28:17.002 [FXGL Background Thread 3 ] DEBUG Engine               - class com.almasb.fxgl.ui.FXGLUIFactoryServiceProvider
15:28:17.002 [FXGL Background Thread 3 ] DEBUG Engine               - class com.almasb.fxgl.ui.FXGLDialogFactoryServiceProvider
15:28:17.002 [FXGL Background Thread 3 ] DEBUG Engine               - class com.almasb.fxgl.audio.AudioPlayer
15:28:17.002 [FXGL Background Thread 3 ] DEBUG Engine               - class com.almasb.fxgl.notification.impl.NotificationServiceProvider
15:28:17.002 [FXGL Background Thread 3 ] DEBUG Engine               - class com.almasb.fxgl.achievement.AchievementService
15:28:17.002 [FXGL Background Thread 3 ] DEBUG Engine               - class com.almasb.fxgl.cutscene.CutsceneService
15:28:17.003 [FXGL Background Thread 3 ] DEBUG Engine               - class com.almasb.fxgl.minigames.MiniGameService
15:28:17.003 [FXGL Background Thread 3 ] DEBUG Engine               - class com.almasb.fxgl.net.NetService
15:28:17.003 [FXGL Background Thread 3 ] DEBUG Engine               - class com.almasb.fxgl.app.services.UpdaterService
15:28:17.003 [FXGL Background Thread 3 ] DEBUG Engine               - class com.almasb.fxgl.dev.DevService
15:28:17.398 [JavaFX Application Thread] DEBUG FXGLAssetLoaderServi - Loading from file system: file:/C:/Users/narro/git/CS4900G2Proj2/Dawnseeker/target/classes/assets/textures/Skull.gif
15:28:17.414 [JavaFX Application Thread] DEBUG FXGLAssetLoaderServi - Loading from file system: file:/C:/Users/narro/git/CS4900G2Proj2/Dawnseeker/target/classes/assets/textures/Ghost.gif
15:28:19.818 [JavaFX Application Thread] DEBUG FXGLAssetLoaderServi - Loading from file system: file:/C:/Users/narro/git/CS4900G2Proj2/Dawnseeker/target/classes/assets/sounds/magic_missile.wav
15:28:19.842 [JavaFX Application Thread] DEBUG FXGLAssetLoaderServi - Loading from file system: file:/C:/Users/narro/git/CS4900G2Proj2/Dawnseeker/target/classes/assets/textures/Fireball.gif
15:28:20.167 [JavaFX Application Thread] WARN  GameWorld            - Attempted to remove entity which is not active
15:28:20.169 [JavaFX Application Thread] DEBUG FXGLAssetLoaderServi - Loading from file system: file:/C:/Users/narro/git/CS4900G2Proj2/Dawnseeker/target/classes/assets/textures/Coin.gif
15:28:20.171 [JavaFX Application Thread] DEBUG FXGLAssetLoaderServi - Loading from file system: file:/C:/Users/narro/git/CS4900G2Proj2/Dawnseeker/target/classes/assets/sounds/bong.wav
15:28:20.418 [JavaFX Application Thread] WARN  GameWorld            - Attempted to remove entity which is not active
15:28:21.267 [JavaFX Application Thread] DEBUG FXGLAssetLoaderServi - Loading from file system: file:/C:/Users/narro/git/CS4900G2Proj2/Dawnseeker/target/classes/assets/textures/slime.gif
15:28:21.553 [JavaFX Application Thread] WARN  GameWorld            - Attempted to remove entity which is not active
15:28:23.569 [JavaFX Application Thread] WARN  GameWorld            - Attempted to remove entity which is not active
15:28:24.182 [JavaFX Application Thread] WARN  GameWorld            - Attempted to remove entity which is not active
15:28:25.107 [JavaFX Application Thread] WARN  GameWorld            - Attempted to remove entity which is not active
15:28:25.108 [JavaFX Application Thread] DEBUG FXGLAssetLoaderServi - Loading from file system: file:/C:/Users/narro/git/CS4900G2Proj2/Dawnseeker/target/classes/assets/textures/HealthPotion.gif
15:28:25.364 [JavaFX Application Thread] DEBUG FXGLAssetLoaderServi - Loading from file system: file:/C:/Users/narro/git/CS4900G2Proj2/Dawnseeker/target/classes/assets/sounds/coin_pickup.wav
15:28:26.241 [JavaFX Application Thread] WARN  GameWorld            - Attempted to remove entity which is not active
15:28:26.900 [JavaFX Application Thread] WARN  GameWorld            - Attempted to remove entity which is not active
15:28:27.746 [JavaFX Application Thread] WARN  GameWorld            - Attempted to remove entity which is not active
15:28:28.273 [JavaFX Application Thread] WARN  GameWorld            - Attempted to remove entity which is not active
15:28:28.626 [JavaFX Application Thread] WARN  GameWorld            - Attempted to remove entity which is not active
15:28:28.629 [JavaFX Application Thread] DEBUG FXGLAssetLoaderServi - Loading from file system: file:/C:/Users/narro/git/CS4900G2Proj2/Dawnseeker/target/classes/assets/textures/PowerPotion.gif
15:28:28.805 [JavaFX Application Thread] DEBUG FXGLAssetLoaderServi - Loading from file system: file:/C:/Users/narro/git/CS4900G2Proj2/Dawnseeker/target/classes/assets/sounds/bonk.wav
15:28:32.009 [JavaFX Application Thread] DEBUG FXGLAssetLoaderServi - Loading from file system: file:/C:/Users/narro/git/CS4900G2Proj2/Dawnseeker/target/classes/assets/sounds/yoda_death.wav
15:28:32.016 [JavaFX Application Thread] DEBUG AudioPlayer          - Stopping music com.almasb.fxgl.audio.Music@4bcaa084
15:28:32.016 [JavaFX Application Thread] DEBUG AudioPlayer          - Stopping music com.almasb.fxgl.audio.Music@5b73f235
15:28:32.018 [JavaFX Application Thread] DEBUG Input                - Clearing active input actions
15:28:32.032 [JavaFX Application Thread] DEBUG GameApplicationServi - Removing overlay from GameScene and adding to FXGLMainMenuDummyScene
15:28:32.032 [JavaFX Application Thread] DEBUG PrimaryStageWindow   - GameScene -> FXGLMainMenuDummyScene
15:28:32.032 [JavaFX Application Thread] DEBUG PrimaryStageWindow   - Push state: DawnseekerMenu
15:28:32.032 [JavaFX Application Thread] DEBUG Input                - Clearing active input actions
15:28:32.033 [JavaFX Application Thread] DEBUG GameApplicationServi - Removing overlay from FXGLMainMenuDummyScene and adding to DawnseekerMenu
15:28:32.033 [JavaFX Application Thread] DEBUG PrimaryStageWindow   - FXGLMainMenuDummyScene -> DawnseekerMenu
15:28:32.033 [JavaFX Application Thread] DEBUG AudioPlayer          - Playing music com.almasb.fxgl.audio.Music@4bcaa084
15:28:33.800 [JavaFX Application Thread] DEBUG FXGLApplication      - Exiting FXGL
15:28:33.800 [JavaFX Application Thread] DEBUG LoopRunner           - Stopping loop
15:28:33.800 [JavaFX Application Thread] DEBUG SystemBundleService  - Saving FXGL system data
15:28:33.813 [JavaFX Application Thread] DEBUG FileSystemAccess     - Writing to: C:\Users\narro\git\CS4900G2Proj2\Dawnseeker\system\fxgl.bundle
15:28:33.820 [JavaFX Application Thread] DEBUG Async                - Shutting down background threads
15:28:33.820 [JavaFX Application Thread] DEBUG PrimaryStageWindow   - Closing main window
15:28:33.860 [JavaFX Application Thread] DEBUG Logger               - Closing Logger
