16:16:21.001 [main                     ] DEBUG Logger               - Configured Logger
16:16:21.021 [main                     ] DEBUG GameApplication      - Logging settings
Title: Dawnseeker
Version: 0.5
Width: 1920
Height: 1080
Fullscreen: false
Intro: false
Profiling: false
Single step:false
App Mode: DEVELOPER
Menu Key: ESCAPE
Stage Style: DECORATED
Scene Factory: class myGame.DawnseekerApp$1

16:16:21.377 [JavaFX Application Thread] DEBUG FXGLApplication      - Initializing FXGL
16:16:21.382 [JavaFX Application Thread] INFO  Engine               - FXGL-17.2 (20.08.2022 16.50) on WINDOWS (J:19.0.2 FX:18)
16:16:21.382 [JavaFX Application Thread] DEBUG Engine               - JRE Vendor Name: Oracle Corporation
16:16:21.382 [JavaFX Application Thread] DEBUG Engine               - Running on OS: Windows 10 version 10.0
16:16:21.383 [JavaFX Application Thread] DEBUG Engine               - Architecture: amd64
16:16:21.383 [JavaFX Application Thread] INFO  Engine               - Source code and latest versions at: https://github.com/AlmasB/FXGL
16:16:21.383 [JavaFX Application Thread] INFO  Engine               -       Ask questions and discuss at: https://github.com/AlmasB/FXGL/discussions
16:16:21.383 [JavaFX Application Thread] INFO  Engine               -              Join the FXGL chat at: https://gitter.im/AlmasB/FXGL
16:16:21.485 [JavaFX Application Thread] DEBUG PrimaryStageWindow   - Creating a JavaFX scene
16:16:21.486 [JavaFX Application Thread] DEBUG PrimaryStageWindow   - Target size > screen size
16:16:21.523 [JavaFX Application Thread] DEBUG PrimaryStageWindow   - Target settings size: 1920.0 x 1080.0
16:16:21.523 [JavaFX Application Thread] DEBUG PrimaryStageWindow   - Scaled scene size:    1439.0 x 823.0
16:16:21.523 [JavaFX Application Thread] DEBUG PrimaryStageWindow   - Scaled ratio: (0.7494791666666667, 0.7620370370370371)
16:16:21.524 [JavaFX Application Thread] DEBUG PrimaryStageWindow   - Set initial scene to FXGLStartupScene
16:16:21.530 [JavaFX Application Thread] DEBUG PrimaryStageWindow   - Opening main window
16:16:21.616 [JavaFX Application Thread] DEBUG PrimaryStageWindow   - Window border size: (14.5999755859375, 37.79998779296875)
16:16:21.617 [JavaFX Application Thread] DEBUG PrimaryStageWindow   - Scaled size: 1439.0 x 823.0
16:16:21.618 [JavaFX Application Thread] DEBUG PrimaryStageWindow   - Scaled ratio: (0.7494791666666667, 0.7620370370370371)
16:16:21.618 [JavaFX Application Thread] DEBUG PrimaryStageWindow   - Scene size: 1439.0 x 823.0
16:16:21.618 [JavaFX Application Thread] DEBUG PrimaryStageWindow   - Stage size: 1453.5999755859375 x 860.7999877929688
16:16:21.628 [FXGL Background Thread 1 ] DEBUG Engine               - Initializing environment variables
16:16:21.698 [FXGL Background Thread 1 ] DEBUG FXGLAssetLoaderServi - User app class for loading assets: class myGame.DawnseekerApp
16:16:21.699 [FXGL Background Thread 1 ] DEBUG GameApplicationServi - Applying CSS: fxgl_dark.css
16:16:21.702 [FXGL Background Thread 1 ] DEBUG FXGLAssetLoaderServi - Loading from file system: jar:file:/C:/Users/narro/.m2/repository/com/github/almasb/fxgl/17.2/fxgl-17.2.jar!/fxglassets/ui/css/fxgl_dark.css
16:16:21.754 [FXGL Background Thread 1 ] DEBUG GameApplicationServi - Initializing application scenes
16:16:21.811 [FXGL Background Thread 1 ] DEBUG GameWorld            - Game world initialized
16:16:21.886 [FXGL Background Thread 1 ] DEBUG PhysicsWorld         - Physics world initialized: appHeight=1080, physics.ppm=50.0
16:16:21.886 [FXGL Background Thread 1 ] DEBUG PhysicsWorld         - Using strategy: BRUTE_FORCE
16:16:21.890 [FXGL Background Thread 1 ] DEBUG GameScene            - Game scene initialized: 1920x1080
16:16:21.890 [FXGL Background Thread 1 ] DEBUG FXGLAssetLoaderServi - Loading from file system: file:/C:/Users/narro/git/CS4900G2Proj2/Dawnseeker/target/classes/assets/music/shop.mp3
16:16:22.019 [FXGL Background Thread 1 ] DEBUG AudioPlayer          - Playing music com.almasb.fxgl.audio.Music@63804f1b
16:16:22.038 [FXGL Background Thread 1 ] DEBUG FXGLAssetLoaderServi - Loading from file system: file:/C:/Users/narro/git/CS4900G2Proj2/Dawnseeker/target/classes/assets/textures/bg2.png
16:16:22.113 [FXGL Background Thread 1 ] DEBUG FXGL.DefaultMenu     - createMenuBodyGameMenu()
16:16:22.126 [FXGL Background Thread 1 ] DEBUG FXGL.DefaultMenu     - createOptionsMenu()
16:16:22.132 [FXGL Background Thread 1 ] DEBUG FXGLAssetLoaderServi - Loading from file system: jar:file:/C:/Users/narro/.m2/repository/com/github/almasb/fxgl/17.2/fxgl-17.2.jar!/fxglassets/textures/particles/smoke.png
16:16:22.211 [FXGL Background Thread 1 ] DEBUG FXGLAssetLoaderServi - Loading from file system: jar:file:/C:/Users/narro/.m2/repository/com/github/almasb/fxgl/17.2/fxgl-17.2.jar!/fxglassets/textures/particles/trace_horizontal.png
16:16:22.231 [FXGL Background Thread 1 ] DEBUG GameApplicationServi - Application scenes initialized
16:16:22.242 [FXGL Background Thread 1 ] DEBUG SystemBundleService  - Loading FXGL system data
16:16:22.247 [FXGL Background Thread 1 ] DEBUG FileSystemAccess     - Reading from: C:\Users\narro\git\CS4900G2Proj2\Dawnseeker\system\fxgl.bundle
16:16:22.254 [FXGL Background Thread 1 ] DEBUG SystemBundleService  - Bundle FXGL: {}
16:16:22.254 [FXGL Background Thread 1 ] DEBUG UpdaterService       - Checking for updates
16:16:22.258 [FXGL Background Thread 4 ] DEBUG FXGLApplication      - Loading fonts
16:16:22.258 [FXGL Background Thread 4 ] DEBUG FXGLAssetLoaderServi - Loading from file system: jar:file:/C:/Users/narro/.m2/repository/com/github/almasb/fxgl/17.2/fxgl-17.2.jar!/fxglassets/ui/fonts/VarelaRound-Regular.ttf
16:16:22.258 [FXGL Background Thread 1 ] DEBUG FXGLApplication      - Loading default localization
16:16:22.259 [FXGL Background Thread 1 ] DEBUG FXGLAssetLoaderServi - Loading from file system: jar:file:/C:/Users/narro/.m2/repository/com/github/almasb/fxgl/17.2/fxgl-17.2.jar!/fxglassets/languages/english.lang
16:16:22.287 [FXGL Background Thread 1 ] INFO  FXGLApplication      - FXGL initialization took: 0.659 sec
16:16:22.292 [JavaFX Application Thread] DEBUG Input                - Registered new binding: action0 - LMB
16:16:22.298 [JavaFX Application Thread] DEBUG Input                - Registered new binding: Up - W
16:16:22.298 [JavaFX Application Thread] DEBUG Input                - Registered new binding: Down - S
16:16:22.298 [JavaFX Application Thread] DEBUG Input                - Registered new binding: Right - D
16:16:22.298 [JavaFX Application Thread] DEBUG Input                - Registered new binding: Left - A
16:16:22.299 [JavaFX Application Thread] DEBUG FXGLAssetLoaderServi - Loading from file system: jar:file:/C:/Users/narro/.m2/repository/com/github/almasb/fxgl/17.2/fxgl-17.2.jar!/fxglassets/textures/fxgl_icon.png
16:16:22.312 [JavaFX Application Thread] DEBUG FXGLAssetLoaderServi - Loading from file system: jar:file:/C:/Users/narro/.m2/repository/com/github/almasb/fxgl/17.2/fxgl-17.2.jar!/fxglassets/textures/fxgl_default_cursor.png
16:16:22.314 [JavaFX Application Thread] DEBUG Input                - Registered new binding: Screenshot - CTRL+8
16:16:22.315 [JavaFX Application Thread] DEBUG Input                - Registered new binding: System info dump - CTRL+9
16:16:22.315 [JavaFX Application Thread] DEBUG Input                - Registered new binding: Restart - CTRL+R
16:16:22.316 [JavaFX Application Thread] DEBUG Input                - Registered new binding: Toggle Debug Camera - CTRL+7
16:16:22.318 [JavaFX Application Thread] DEBUG LoopRunner           - Starting loop
16:16:22.318 [JavaFX Application Thread] DEBUG LoopRunner           - Initializing JavaFX AnimationTimerLoop
16:16:22.321 [JavaFX Application Thread] DEBUG Input                - Clearing active input actions
16:16:22.333 [JavaFX Application Thread] DEBUG GameApplicationServi - Removing overlay from FXGLStartupScene and adding to FXGLMainMenuDummyScene
16:16:22.334 [JavaFX Application Thread] DEBUG PrimaryStageWindow   - FXGLStartupScene -> FXGLMainMenuDummyScene
16:16:22.334 [JavaFX Application Thread] DEBUG PrimaryStageWindow   - Push state: DawnseekerMenu
16:16:22.334 [JavaFX Application Thread] DEBUG Input                - Clearing active input actions
16:16:22.339 [JavaFX Application Thread] DEBUG GameApplicationServi - Removing overlay from FXGLMainMenuDummyScene and adding to DawnseekerMenu
16:16:22.339 [JavaFX Application Thread] DEBUG PrimaryStageWindow   - FXGLMainMenuDummyScene -> DawnseekerMenu
16:16:22.343 [FXGL Background Thread 4 ] DEBUG FXGLAssetLoaderServi - Loading from file system: jar:file:/C:/Users/narro/.m2/repository/com/github/almasb/fxgl/17.2/fxgl-17.2.jar!/fxglassets/ui/fonts/Abel-Regular.ttf
16:16:22.353 [FXGL Background Thread 4 ] DEBUG FXGLAssetLoaderServi - Loading from file system: jar:file:/C:/Users/narro/.m2/repository/com/github/almasb/fxgl/17.2/fxgl-17.2.jar!/fxglassets/ui/fonts/TerminalLandMono-Regular.otf
16:16:22.371 [FXGL Background Thread 4 ] DEBUG FXGLAssetLoaderServi - Loading from file system: jar:file:/C:/Users/narro/.m2/repository/com/github/almasb/fxgl/17.2/fxgl-17.2.jar!/fxglassets/ui/fonts/Courier-Prime.ttf
16:16:22.386 [JavaFX Application Thread] DEBUG FXGLApplication      - Registering font factories with UI factory
16:16:22.715 [FXGL Background Thread 2 ] INFO  UpdaterService       - Your current version:  17.2
16:16:22.715 [FXGL Background Thread 2 ] INFO  UpdaterService       - Latest stable version: 17.3
16:16:23.055 [JavaFX Application Thread] DEBUG Menu                 - fireNewGame()
16:16:23.055 [JavaFX Application Thread] DEBUG GameApplicationServi - Starting new game
16:16:23.055 [JavaFX Application Thread] DEBUG PrimaryStageWindow   - Pop state: DawnseekerMenu
16:16:23.055 [JavaFX Application Thread] DEBUG Input                - Clearing active input actions
16:16:23.056 [JavaFX Application Thread] DEBUG GameApplicationServi - Removing overlay from DawnseekerMenu and adding to FXGLMainMenuDummyScene
16:16:23.056 [JavaFX Application Thread] DEBUG PrimaryStageWindow   - FXGLMainMenuDummyScene <- DawnseekerMenu
16:16:23.056 [JavaFX Application Thread] DEBUG Input                - Clearing active input actions
16:16:23.063 [JavaFX Application Thread] DEBUG GameApplicationServi - Removing overlay from FXGLMainMenuDummyScene and adding to FXGLLoadingScene
16:16:23.063 [JavaFX Application Thread] DEBUG PrimaryStageWindow   - FXGLMainMenuDummyScene -> FXGLLoadingScene
16:16:23.063 [JavaFX Application Thread] DEBUG GameApplicationServi - Clearing previous game
16:16:23.063 [JavaFX Application Thread] DEBUG GameScene            - Clearing game scene
16:16:23.064 [JavaFX Application Thread] DEBUG GameWorld            - Clearing game world
16:16:23.064 [JavaFX Application Thread] DEBUG PhysicsWorld         - Clearing physics world
16:16:23.065 [JavaFX Application Thread] DEBUG AudioPlayer          - Stopping music com.almasb.fxgl.audio.Music@63804f1b
16:16:23.065 [FXGL Background Thread 2 ] DEBUG FXGLApplication      - Initializing game
16:16:23.069 [FXGL Background Thread 2 ] DEBUG FXGLAssetLoaderServi - Loading from file system: file:/C:/Users/narro/git/CS4900G2Proj2/Dawnseeker/target/classes/assets/music/heartache.mp3
16:16:23.072 [FXGL Background Thread 2 ] DEBUG AudioPlayer          - Playing music com.almasb.fxgl.audio.Music@3cf7d448
16:16:23.088 [FXGL Background Thread 2 ] DEBUG FXGLAssetLoaderServi - Loading from file system: file:/C:/Users/narro/git/CS4900G2Proj2/Dawnseeker/target/classes/assets/textures/DawnseekerPCV2.png
16:16:23.090 [FXGL Background Thread 2 ] DEBUG FXGLAssetLoaderServi - Loading from file system: file:/C:/Users/narro/git/CS4900G2Proj2/Dawnseeker/target/classes/assets/textures/DawnseekerPCV2Down.png
16:16:23.091 [FXGL Background Thread 2 ] DEBUG FXGLAssetLoaderServi - Loading from file system: file:/C:/Users/narro/git/CS4900G2Proj2/Dawnseeker/target/classes/assets/textures/DawnseekerPCV2Up.png
16:16:23.092 [FXGL Background Thread 2 ] DEBUG FXGLAssetLoaderServi - Loading from file system: file:/C:/Users/narro/git/CS4900G2Proj2/Dawnseeker/target/classes/assets/textures/DawnseekerPCV2Right.png
16:16:23.094 [FXGL Background Thread 2 ] DEBUG FXGLAssetLoaderServi - Loading from file system: file:/C:/Users/narro/git/CS4900G2Proj2/Dawnseeker/target/classes/assets/textures/DawnseekerPCV2Left.png
16:16:23.107 [FXGL Background Thread 2 ] DEBUG FXGLAssetLoaderServi - Loading from file system: file:/C:/Users/narro/git/CS4900G2Proj2/Dawnseeker/target/classes/assets/textures/background.png
16:16:23.154 [FXGL Background Thread 2 ] WARN  GameWorld            - Entity is already attached to world
16:16:23.155 [FXGL Background Thread 2 ] DEBUG FXGLAssetLoaderServi - Loading from file system: file:/C:/Users/narro/git/CS4900G2Proj2/Dawnseeker/target/classes/assets/textures/Rock1.png
16:16:23.157 [FXGL Background Thread 2 ] WARN  Entity               - Entity already has component: com.almasb.fxgl.entity.components.CollidableComponent
16:16:23.157 [FXGL Background Thread 2 ] WARN  GameWorld            - Entity is already attached to world
16:16:23.158 [FXGL Background Thread 2 ] DEBUG FXGLAssetLoaderServi - Loading from file system: file:/C:/Users/narro/git/CS4900G2Proj2/Dawnseeker/target/classes/assets/textures/Rock2.png
16:16:23.160 [FXGL Background Thread 2 ] WARN  Entity               - Entity already has component: com.almasb.fxgl.entity.components.CollidableComponent
16:16:23.160 [FXGL Background Thread 2 ] WARN  GameWorld            - Entity is already attached to world
16:16:23.162 [FXGL Background Thread 2 ] DEBUG FXGLAssetLoaderServi - Loading from file system: file:/C:/Users/narro/git/CS4900G2Proj2/Dawnseeker/target/classes/assets/textures/BigRock1.png
16:16:23.166 [FXGL Background Thread 2 ] WARN  Entity               - Entity already has component: com.almasb.fxgl.entity.components.CollidableComponent
16:16:23.166 [FXGL Background Thread 2 ] WARN  GameWorld            - Entity is already attached to world
16:16:23.172 [FXGL Background Thread 2 ] DEBUG FXGLAssetLoaderServi - Loading from file system: file:/C:/Users/narro/git/CS4900G2Proj2/Dawnseeker/target/classes/assets/textures/AnimShop.png
16:16:23.174 [FXGL Background Thread 2 ] WARN  GameWorld            - Entity is already attached to world
16:16:23.201 [FXGL Background Thread 2 ] INFO  FXGLApplication      - Game initialization took: 0.136 sec
16:16:23.215 [JavaFX Application Thread] DEBUG Input                - Clearing active input actions
16:16:23.233 [JavaFX Application Thread] DEBUG GameApplicationServi - Removing overlay from FXGLLoadingScene and adding to GameScene
16:16:23.233 [JavaFX Application Thread] DEBUG PrimaryStageWindow   - FXGLLoadingScene -> GameScene
16:16:24.292 [JavaFX Application Thread] DEBUG FXGLAssetLoaderServi - Loading from file system: file:/C:/Users/narro/git/CS4900G2Proj2/Dawnseeker/target/classes/assets/textures/Skull.gif
16:16:24.301 [JavaFX Application Thread] DEBUG FXGLAssetLoaderServi - Loading from file system: file:/C:/Users/narro/git/CS4900G2Proj2/Dawnseeker/target/classes/assets/textures/Ghost.gif
16:16:25.257 [FXGL Background Thread 3 ] DEBUG Engine               - Logging environment variables
16:16:25.257 [FXGL Background Thread 3 ] DEBUG Engine               - achievements: []
16:16:25.257 [FXGL Background Thread 3 ] DEBUG Engine               - actualHeight: 823.0
16:16:25.257 [FXGL Background Thread 3 ] DEBUG Engine               - actualHeightProperty: ReadOnlyDoubleProperty [value: 823.0]
16:16:25.257 [FXGL Background Thread 3 ] DEBUG Engine               - actualWidth: 1439.0
16:16:25.257 [FXGL Background Thread 3 ] DEBUG Engine               - actualWidthProperty: ReadOnlyDoubleProperty [value: 1439.0]
16:16:25.257 [FXGL Background Thread 3 ] DEBUG Engine               - appIcon: fxgl_icon.png
16:16:25.257 [FXGL Background Thread 3 ] DEBUG Engine               - applicationMode: DEVELOPER
16:16:25.257 [FXGL Background Thread 3 ] DEBUG Engine               - cSSList: [fxgl_dark.css]
16:16:25.258 [FXGL Background Thread 3 ] DEBUG Engine               - collisionDetectionStrategy: BRUTE_FORCE
16:16:25.258 [FXGL Background Thread 3 ] DEBUG Engine               - configClass: Optional.empty
16:16:25.258 [FXGL Background Thread 3 ] DEBUG Engine               - credits: []
16:16:25.258 [FXGL Background Thread 3 ] DEBUG Engine               - defaultCursor: CursorInfo(imageName=fxgl_default_cursor.png, hotspotX=7.0, hotspotY=6.0)
16:16:25.258 [FXGL Background Thread 3 ] DEBUG Engine               - devBBoxColorProperty: ObjectProperty [value: 0xff0000ff]
16:16:25.258 [FXGL Background Thread 3 ] DEBUG Engine               - devEnableDebugCameraProperty: BooleanProperty [value: false]
16:16:25.258 [FXGL Background Thread 3 ] DEBUG Engine               - devSensorColorProperty: ObjectProperty [value: 0xffff00ff]
16:16:25.258 [FXGL Background Thread 3 ] DEBUG Engine               - devShowBBoxProperty: BooleanProperty [value: false]
16:16:25.258 [FXGL Background Thread 3 ] DEBUG Engine               - devShowPositionProperty: BooleanProperty [value: false]
16:16:25.258 [FXGL Background Thread 3 ] DEBUG Engine               - enabledMenuItems: []
16:16:25.258 [FXGL Background Thread 3 ] DEBUG Engine               - engineServices: [class com.almasb.fxgl.app.services.FXGLAssetLoaderService, class com.almasb.fxgl.app.FXGLApplication$GameApplicationService, class com.almasb.fxgl.app.services.FXGLDialogService, class com.almasb.fxgl.app.services.IOTaskExecutorService, class com.almasb.fxgl.io.FileSystemService, class com.almasb.fxgl.localization.LocalizationService, class com.almasb.fxgl.app.services.SystemBundleService, class com.almasb.fxgl.profile.SaveLoadService, class com.almasb.fxgl.ui.FXGLUIFactoryServiceProvider, class com.almasb.fxgl.ui.FXGLDialogFactoryServiceProvider, class com.almasb.fxgl.audio.AudioPlayer, class com.almasb.fxgl.notification.impl.NotificationServiceProvider, class com.almasb.fxgl.achievement.AchievementService, class com.almasb.fxgl.cutscene.CutsceneService, class com.almasb.fxgl.minigames.MiniGameService, class com.almasb.fxgl.net.NetService, class com.almasb.fxgl.app.services.UpdaterService, class com.almasb.fxgl.dev.DevService]
16:16:25.258 [FXGL Background Thread 3 ] DEBUG Engine               - fontGame: Abel-Regular.ttf
16:16:25.258 [FXGL Background Thread 3 ] DEBUG Engine               - fontMono: TerminalLandMono-Regular.otf
16:16:25.259 [FXGL Background Thread 3 ] DEBUG Engine               - fontText: Courier-Prime.ttf
16:16:25.259 [FXGL Background Thread 3 ] DEBUG Engine               - fontUI: VarelaRound-Regular.ttf
16:16:25.259 [FXGL Background Thread 3 ] DEBUG Engine               - fullScreen: BooleanProperty [value: false]
16:16:25.259 [FXGL Background Thread 3 ] DEBUG Engine               - gameDifficulty: MEDIUM
16:16:25.259 [FXGL Background Thread 3 ] DEBUG Engine               - gameDifficultyProperty: ObjectProperty [value: MEDIUM]
16:16:25.259 [FXGL Background Thread 3 ] DEBUG Engine               - globalMusicVolume: 0.5
16:16:25.259 [FXGL Background Thread 3 ] DEBUG Engine               - globalMusicVolumeProperty: DoubleProperty [value: 0.5]
16:16:25.259 [FXGL Background Thread 3 ] DEBUG Engine               - globalSoundVolume: 0.5
16:16:25.259 [FXGL Background Thread 3 ] DEBUG Engine               - globalSoundVolumeProperty: DoubleProperty [value: 0.5]
16:16:25.259 [FXGL Background Thread 3 ] DEBUG Engine               - height: 1080
16:16:25.259 [FXGL Background Thread 3 ] DEBUG Engine               - is3D: false
16:16:25.259 [FXGL Background Thread 3 ] DEBUG Engine               - isAndroid: false
16:16:25.259 [FXGL Background Thread 3 ] DEBUG Engine               - isBrowser: false
16:16:25.259 [FXGL Background Thread 3 ] DEBUG Engine               - isClickFeedbackEnabled: false
16:16:25.259 [FXGL Background Thread 3 ] DEBUG Engine               - isCloseConfirmation: false
16:16:25.259 [FXGL Background Thread 3 ] DEBUG Engine               - isDesktop: true
16:16:25.259 [FXGL Background Thread 3 ] DEBUG Engine               - isDeveloperMenuEnabled: false
16:16:25.259 [FXGL Background Thread 3 ] DEBUG Engine               - isEmbedded: false
16:16:25.259 [FXGL Background Thread 3 ] DEBUG Engine               - isEntityPreloadEnabled: true
16:16:25.259 [FXGL Background Thread 3 ] DEBUG Engine               - isExperimentalTiledLargeMap: false
16:16:25.259 [FXGL Background Thread 3 ] DEBUG Engine               - isFileSystemWriteAllowed: true
16:16:25.259 [FXGL Background Thread 3 ] DEBUG Engine               - isFullScreenAllowed: false
16:16:25.259 [FXGL Background Thread 3 ] DEBUG Engine               - isFullScreenFromStart: false
16:16:25.259 [FXGL Background Thread 3 ] DEBUG Engine               - isGameMenuEnabled: true
16:16:25.260 [FXGL Background Thread 3 ] DEBUG Engine               - isIOS: false
16:16:25.260 [FXGL Background Thread 3 ] DEBUG Engine               - isIntroEnabled: false
16:16:25.260 [FXGL Background Thread 3 ] DEBUG Engine               - isLinux: false
16:16:25.260 [FXGL Background Thread 3 ] DEBUG Engine               - isMac: false
16:16:25.260 [FXGL Background Thread 3 ] DEBUG Engine               - isMainMenuEnabled: true
16:16:25.260 [FXGL Background Thread 3 ] DEBUG Engine               - isManualResizeEnabled: false
16:16:25.260 [FXGL Background Thread 3 ] DEBUG Engine               - isMobile: false
16:16:25.260 [FXGL Background Thread 3 ] DEBUG Engine               - isNative: false
16:16:25.260 [FXGL Background Thread 3 ] DEBUG Engine               - isPauseMusicWhenMinimized: true
16:16:25.260 [FXGL Background Thread 3 ] DEBUG Engine               - isPreserveResizeRatio: false
16:16:25.260 [FXGL Background Thread 3 ] DEBUG Engine               - isProfilingEnabled: false
16:16:25.260 [FXGL Background Thread 3 ] DEBUG Engine               - isScaleAffectedOnResize: true
16:16:25.260 [FXGL Background Thread 3 ] DEBUG Engine               - isSingleStep: false
16:16:25.260 [FXGL Background Thread 3 ] DEBUG Engine               - isUserProfileEnabled: false
16:16:25.260 [FXGL Background Thread 3 ] DEBUG Engine               - isWindows: true
16:16:25.260 [FXGL Background Thread 3 ] DEBUG Engine               - language: ObjectProperty [value: ENGLISH]
16:16:25.260 [FXGL Background Thread 3 ] DEBUG Engine               - menuKey: ESCAPE
16:16:25.260 [FXGL Background Thread 3 ] DEBUG Engine               - mouseSensitivity: 0.2
16:16:25.260 [FXGL Background Thread 3 ] DEBUG Engine               - notificationViewClass: class com.almasb.fxgl.notification.view.XboxNotificationView
16:16:25.260 [FXGL Background Thread 3 ] DEBUG Engine               - pixelsPerMeter: 50.0
16:16:25.260 [FXGL Background Thread 3 ] DEBUG Engine               - platform: WINDOWS
16:16:25.260 [FXGL Background Thread 3 ] DEBUG Engine               - prefHeightProperty: ReadOnlyDoubleProperty [value: 1080.0]
16:16:25.261 [FXGL Background Thread 3 ] DEBUG Engine               - prefWidthProperty: ReadOnlyDoubleProperty [value: 1920.0]
16:16:25.261 [FXGL Background Thread 3 ] DEBUG Engine               - profileDir: profiles/
16:16:25.261 [FXGL Background Thread 3 ] DEBUG Engine               - profileName: StringProperty [value: DEFAULT]
16:16:25.261 [FXGL Background Thread 3 ] DEBUG Engine               - randomSeed: -1
16:16:25.261 [FXGL Background Thread 3 ] DEBUG Engine               - runtimeInfo: RuntimeInfo(platform=WINDOWS, version=17.2, build=20.08.2022 16.50)
16:16:25.261 [FXGL Background Thread 3 ] DEBUG Engine               - saveFileExt: sav
16:16:25.261 [FXGL Background Thread 3 ] DEBUG Engine               - scaledHeightProp$fxgl: DoubleProperty [bound, value: 823.0]
16:16:25.261 [FXGL Background Thread 3 ] DEBUG Engine               - scaledWidthProp$fxgl: DoubleProperty [bound, value: 1439.0]
16:16:25.261 [FXGL Background Thread 3 ] DEBUG Engine               - sceneFactory: myGame.DawnseekerApp$1@3344c6e8
16:16:25.261 [FXGL Background Thread 3 ] DEBUG Engine               - secondsIn24h: 60
16:16:25.261 [FXGL Background Thread 3 ] DEBUG Engine               - soundMenuBack: menu/back.wav
16:16:25.261 [FXGL Background Thread 3 ] DEBUG Engine               - soundMenuPress: menu/press.wav
16:16:25.261 [FXGL Background Thread 3 ] DEBUG Engine               - soundMenuSelect: menu/select.wav
16:16:25.261 [FXGL Background Thread 3 ] DEBUG Engine               - soundNotification: core/notification.wav
16:16:25.261 [FXGL Background Thread 3 ] DEBUG Engine               - stageStyle: DECORATED
16:16:25.261 [FXGL Background Thread 3 ] DEBUG Engine               - supportedLanguages: [ENGLISH, FRENCH, GERMAN, HUNGARIAN, RUSSIAN]
16:16:25.262 [FXGL Background Thread 3 ] DEBUG Engine               - ticksPerSecond: -1
16:16:25.262 [FXGL Background Thread 3 ] DEBUG Engine               - title: Dawnseeker
16:16:25.262 [FXGL Background Thread 3 ] DEBUG Engine               - urlGithub: https://github.com/AlmasB/FXGL
16:16:25.262 [FXGL Background Thread 3 ] DEBUG Engine               - urlLeaderboard: http://fxgl-top.herokuapp.com/
16:16:25.262 [FXGL Background Thread 3 ] DEBUG Engine               - urlPOM: https://raw.githubusercontent.com/AlmasB/FXGL/release/README.md
16:16:25.262 [FXGL Background Thread 3 ] DEBUG Engine               - userAppClass: class myGame.DawnseekerApp
16:16:25.262 [FXGL Background Thread 3 ] DEBUG Engine               - version: 0.5
16:16:25.262 [FXGL Background Thread 3 ] DEBUG Engine               - versionCheckDays: 7
16:16:25.262 [FXGL Background Thread 3 ] DEBUG Engine               - width: 1920
16:16:25.262 [FXGL Background Thread 3 ] DEBUG Engine               - Logging services
16:16:25.262 [FXGL Background Thread 3 ] DEBUG Engine               - class com.almasb.fxgl.app.services.FXGLAssetLoaderService
16:16:25.262 [FXGL Background Thread 3 ] DEBUG Engine               - class com.almasb.fxgl.app.FXGLApplication$GameApplicationService
16:16:25.262 [FXGL Background Thread 3 ] DEBUG Engine               - class com.almasb.fxgl.app.services.FXGLDialogService
16:16:25.262 [FXGL Background Thread 3 ] DEBUG Engine               - class com.almasb.fxgl.app.services.IOTaskExecutorService
16:16:25.262 [FXGL Background Thread 3 ] DEBUG Engine               - class com.almasb.fxgl.io.FileSystemService
16:16:25.262 [FXGL Background Thread 3 ] DEBUG Engine               - class com.almasb.fxgl.localization.LocalizationService
16:16:25.262 [FXGL Background Thread 3 ] DEBUG Engine               - class com.almasb.fxgl.app.services.SystemBundleService
16:16:25.262 [FXGL Background Thread 3 ] DEBUG Engine               - class com.almasb.fxgl.profile.SaveLoadService
16:16:25.262 [FXGL Background Thread 3 ] DEBUG Engine               - class com.almasb.fxgl.ui.FXGLUIFactoryServiceProvider
16:16:25.262 [FXGL Background Thread 3 ] DEBUG Engine               - class com.almasb.fxgl.ui.FXGLDialogFactoryServiceProvider
16:16:25.262 [FXGL Background Thread 3 ] DEBUG Engine               - class com.almasb.fxgl.audio.AudioPlayer
16:16:25.262 [FXGL Background Thread 3 ] DEBUG Engine               - class com.almasb.fxgl.notification.impl.NotificationServiceProvider
16:16:25.262 [FXGL Background Thread 3 ] DEBUG Engine               - class com.almasb.fxgl.achievement.AchievementService
16:16:25.262 [FXGL Background Thread 3 ] DEBUG Engine               - class com.almasb.fxgl.cutscene.CutsceneService
16:16:25.263 [FXGL Background Thread 3 ] DEBUG Engine               - class com.almasb.fxgl.minigames.MiniGameService
16:16:25.263 [FXGL Background Thread 3 ] DEBUG Engine               - class com.almasb.fxgl.net.NetService
16:16:25.263 [FXGL Background Thread 3 ] DEBUG Engine               - class com.almasb.fxgl.app.services.UpdaterService
16:16:25.263 [FXGL Background Thread 3 ] DEBUG Engine               - class com.almasb.fxgl.dev.DevService
16:16:26.686 [JavaFX Application Thread] DEBUG FXGLAssetLoaderServi - Loading from file system: file:/C:/Users/narro/git/CS4900G2Proj2/Dawnseeker/target/classes/assets/sounds/magic_missile.wav
16:16:26.695 [JavaFX Application Thread] DEBUG FXGLAssetLoaderServi - Loading from file system: file:/C:/Users/narro/git/CS4900G2Proj2/Dawnseeker/target/classes/assets/textures/Fireball.gif
16:16:27.490 [JavaFX Application Thread] WARN  GameWorld            - Attempted to remove entity which is not active
16:16:27.491 [JavaFX Application Thread] DEBUG FXGLAssetLoaderServi - Loading from file system: file:/C:/Users/narro/git/CS4900G2Proj2/Dawnseeker/target/classes/assets/textures/Coin.gif
16:16:27.493 [JavaFX Application Thread] DEBUG FXGLAssetLoaderServi - Loading from file system: file:/C:/Users/narro/git/CS4900G2Proj2/Dawnseeker/target/classes/assets/sounds/bong.wav
16:16:27.695 [JavaFX Application Thread] WARN  GameWorld            - Attempted to remove entity which is not active
16:16:27.890 [JavaFX Application Thread] WARN  GameWorld            - Attempted to remove entity which is not active
16:16:27.892 [JavaFX Application Thread] DEBUG FXGLAssetLoaderServi - Loading from file system: file:/C:/Users/narro/git/CS4900G2Proj2/Dawnseeker/target/classes/assets/textures/PowerPotion.gif
16:16:28.096 [JavaFX Application Thread] WARN  GameWorld            - Attempted to remove entity which is not active
16:16:28.098 [JavaFX Application Thread] DEBUG FXGLAssetLoaderServi - Loading from file system: file:/C:/Users/narro/git/CS4900G2Proj2/Dawnseeker/target/classes/assets/textures/SpeedPotion.gif
16:16:28.193 [JavaFX Application Thread] DEBUG FXGLAssetLoaderServi - Loading from file system: file:/C:/Users/narro/git/CS4900G2Proj2/Dawnseeker/target/classes/assets/textures/slime.gif
16:16:28.317 [JavaFX Application Thread] WARN  GameWorld            - Attempted to remove entity which is not active
16:16:29.520 [JavaFX Application Thread] WARN  GameWorld            - Attempted to remove entity which is not active
16:16:29.727 [JavaFX Application Thread] WARN  GameWorld            - Attempted to remove entity which is not active
16:16:31.600 [JavaFX Application Thread] WARN  GameWorld            - Attempted to remove entity which is not active
16:16:31.952 [JavaFX Application Thread] DEBUG FXGLAssetLoaderServi - Loading from file system: file:/C:/Users/narro/git/CS4900G2Proj2/Dawnseeker/target/classes/assets/sounds/coin_pickup.wav
16:16:33.056 [JavaFX Application Thread] WARN  GameWorld            - Attempted to remove entity which is not active
16:16:34.608 [JavaFX Application Thread] WARN  GameWorld            - Attempted to remove entity which is not active
16:16:35.743 [JavaFX Application Thread] WARN  GameWorld            - Attempted to remove entity which is not active
16:16:37.231 [JavaFX Application Thread] WARN  GameWorld            - Attempted to remove entity which is not active
16:16:38.240 [JavaFX Application Thread] WARN  GameWorld            - Attempted to remove entity which is not active
16:16:38.527 [JavaFX Application Thread] WARN  GameWorld            - Attempted to remove entity which is not active
16:16:38.911 [JavaFX Application Thread] WARN  GameWorld            - Attempted to remove entity which is not active
16:16:39.152 [JavaFX Application Thread] WARN  GameWorld            - Attempted to remove entity which is not active
16:16:39.359 [JavaFX Application Thread] WARN  GameWorld            - Attempted to remove entity which is not active
16:16:40.243 [JavaFX Application Thread] WARN  GameWorld            - Attempted to remove entity which is not active
16:16:40.246 [JavaFX Application Thread] DEBUG FXGLAssetLoaderServi - Loading from file system: file:/C:/Users/narro/git/CS4900G2Proj2/Dawnseeker/target/classes/assets/textures/Poison.gif
16:16:40.261 [JavaFX Application Thread] WARN  GameWorld            - Entity is already attached to world
16:16:40.263 [JavaFX Application Thread] DEBUG FXGLAssetLoaderServi - Loading from file system: file:/C:/Users/narro/git/CS4900G2Proj2/Dawnseeker/target/classes/assets/sounds/much_higher.wav
16:16:41.199 [JavaFX Application Thread] DEBUG FXGLAssetLoaderServi - Loading from file system: file:/C:/Users/narro/git/CS4900G2Proj2/Dawnseeker/target/classes/assets/sounds/player_oof.wav
16:16:42.974 [JavaFX Application Thread] WARN  GameWorld            - Attempted to remove entity which is not active
16:16:43.534 [JavaFX Application Thread] WARN  GameWorld            - Attempted to remove entity which is not active
16:16:43.775 [JavaFX Application Thread] WARN  GameWorld            - Attempted to remove entity which is not active
16:16:43.776 [JavaFX Application Thread] DEBUG FXGLAssetLoaderServi - Loading from file system: file:/C:/Users/narro/git/CS4900G2Proj2/Dawnseeker/target/classes/assets/textures/HealthPotion.gif
16:16:44.335 [JavaFX Application Thread] WARN  GameWorld            - Attempted to remove entity which is not active
16:16:44.449 [JavaFX Application Thread] WARN  GameWorld            - Attempted to remove entity which is not active
16:16:44.450 [JavaFX Application Thread] DEBUG FXGLAssetLoaderServi - Loading from file system: file:/C:/Users/narro/git/CS4900G2Proj2/Dawnseeker/target/classes/assets/sounds/metal_pipe_fall.wav
16:16:45.566 [JavaFX Application Thread] WARN  GameWorld            - Attempted to remove entity which is not active
16:16:45.775 [JavaFX Application Thread] WARN  GameWorld            - Attempted to remove entity which is not active
16:16:46.400 [JavaFX Application Thread] WARN  GameWorld            - Attempted to remove entity which is not active
16:16:46.459 [JavaFX Application Thread] DEBUG FXGLAssetLoaderServi - Loading from file system: file:/C:/Users/narro/git/CS4900G2Proj2/Dawnseeker/target/classes/assets/textures/FireBallProjectile.png
16:16:46.463 [JavaFX Application Thread] WARN  GameWorld            - Attempted to remove entity which is not active
16:16:46.815 [JavaFX Application Thread] WARN  GameWorld            - Attempted to remove entity which is not active
16:16:46.943 [JavaFX Application Thread] WARN  GameWorld            - Attempted to remove entity which is not active
16:16:47.151 [JavaFX Application Thread] WARN  GameWorld            - Attempted to remove entity which is not active
16:16:47.299 [JavaFX Application Thread] WARN  GameWorld            - Attempted to remove entity which is not active
16:16:47.300 [JavaFX Application Thread] WARN  GameWorld            - Entity is already attached to world
16:16:49.583 [JavaFX Application Thread] WARN  GameWorld            - Attempted to remove entity which is not active
16:16:49.679 [JavaFX Application Thread] WARN  GameWorld            - Attempted to remove entity which is not active
16:16:49.713 [JavaFX Application Thread] WARN  GameWorld            - Attempted to remove entity which is not active
16:16:49.918 [JavaFX Application Thread] WARN  GameWorld            - Attempted to remove entity which is not active
16:16:49.919 [JavaFX Application Thread] WARN  GameWorld            - Entity is already attached to world
16:16:50.592 [JavaFX Application Thread] WARN  GameWorld            - Attempted to remove entity which is not active
16:16:50.593 [JavaFX Application Thread] WARN  GameWorld            - Attempted to remove entity which is not active
16:16:50.898 [JavaFX Application Thread] WARN  GameWorld            - Attempted to remove entity which is not active
16:16:50.943 [JavaFX Application Thread] WARN  GameWorld            - Attempted to remove entity which is not active
16:16:51.697 [JavaFX Application Thread] WARN  GameWorld            - Attempted to remove entity which is not active
16:16:51.809 [JavaFX Application Thread] WARN  GameWorld            - Attempted to remove entity which is not active
16:16:52.815 [JavaFX Application Thread] WARN  GameWorld            - Attempted to remove entity which is not active
16:16:52.820 [JavaFX Application Thread] WARN  GameWorld            - Attempted to remove entity which is not active
16:16:53.103 [JavaFX Application Thread] WARN  GameWorld            - Attempted to remove entity which is not active
16:16:53.440 [JavaFX Application Thread] WARN  GameWorld            - Attempted to remove entity which is not active
16:16:53.487 [JavaFX Application Thread] WARN  GameWorld            - Attempted to remove entity which is not active
16:16:53.679 [JavaFX Application Thread] WARN  GameWorld            - Attempted to remove entity which is not active
16:16:53.763 [JavaFX Application Thread] WARN  GameWorld            - Attempted to remove entity which is not active
16:16:53.903 [JavaFX Application Thread] WARN  GameWorld            - Attempted to remove entity which is not active
16:16:53.983 [JavaFX Application Thread] WARN  GameWorld            - Attempted to remove entity which is not active
16:16:54.031 [JavaFX Application Thread] WARN  GameWorld            - Attempted to remove entity which is not active
16:16:54.063 [JavaFX Application Thread] WARN  GameWorld            - Attempted to remove entity which is not active
16:16:54.128 [JavaFX Application Thread] WARN  GameWorld            - Attempted to remove entity which is not active
16:16:54.287 [JavaFX Application Thread] WARN  GameWorld            - Attempted to remove entity which is not active
16:16:54.466 [JavaFX Application Thread] WARN  GameWorld            - Attempted to remove entity which is not active
16:16:54.783 [JavaFX Application Thread] WARN  GameWorld            - Attempted to remove entity which is not active
16:16:54.784 [JavaFX Application Thread] WARN  GameWorld            - Entity is already attached to world
16:16:54.801 [JavaFX Application Thread] WARN  GameWorld            - Attempted to remove entity which is not active
16:16:54.851 [JavaFX Application Thread] WARN  GameWorld            - Attempted to remove entity which is not active
16:16:54.944 [JavaFX Application Thread] WARN  GameWorld            - Attempted to remove entity which is not active
16:16:55.055 [JavaFX Application Thread] WARN  GameWorld            - Attempted to remove entity which is not active
16:16:55.135 [JavaFX Application Thread] WARN  GameWorld            - Attempted to remove entity which is not active
16:16:55.233 [JavaFX Application Thread] WARN  GameWorld            - Attempted to remove entity which is not active
16:16:55.583 [JavaFX Application Thread] WARN  GameWorld            - Attempted to remove entity which is not active
16:16:55.631 [JavaFX Application Thread] WARN  GameWorld            - Attempted to remove entity which is not active
16:16:55.648 [JavaFX Application Thread] WARN  GameWorld            - Attempted to remove entity which is not active
16:16:55.903 [JavaFX Application Thread] WARN  GameWorld            - Attempted to remove entity which is not active
16:16:55.905 [JavaFX Application Thread] WARN  GameWorld            - Entity is already attached to world
16:16:58.177 [JavaFX Application Thread] DEBUG FXGLApplication      - Exiting FXGL
16:16:58.177 [JavaFX Application Thread] DEBUG LoopRunner           - Stopping loop
16:16:58.177 [JavaFX Application Thread] DEBUG SystemBundleService  - Saving FXGL system data
16:16:58.179 [JavaFX Application Thread] DEBUG FileSystemAccess     - Writing to: C:\Users\narro\git\CS4900G2Proj2\Dawnseeker\system\fxgl.bundle
16:16:58.181 [JavaFX Application Thread] DEBUG Async                - Shutting down background threads
16:16:58.181 [JavaFX Application Thread] DEBUG PrimaryStageWindow   - Closing main window
16:16:58.189 [JavaFX Application Thread] DEBUG Logger               - Closing Logger
