17:36:09.293 [main                     ] DEBUG Logger               - Configured Logger
17:36:09.331 [main                     ] DEBUG GameApplication      - Logging settings
Title: Simple Game App
Version: 1.0dev
Width: 1280
Height: 720
Fullscreen: false
Intro: true
Profiling: false
Single step:false
App Mode: DEVELOPER
Menu Key: ESCAPE
Stage Style: DECORATED
Scene Factory: class com.almasb.fxgl.app.scene.SceneFactory

17:36:09.825 [JavaFX Application Thread] DEBUG FXGLApplication      - Initializing FXGL
17:36:09.831 [JavaFX Application Thread] INFO  Engine               - FXGL-17.2 (20.08.2022 16.50) on WINDOWS (J:19.0.2 FX:18)
17:36:09.831 [JavaFX Application Thread] DEBUG Engine               - JRE Vendor Name: Oracle Corporation
17:36:09.832 [JavaFX Application Thread] DEBUG Engine               - Running on OS: Windows 10 version 10.0
17:36:09.832 [JavaFX Application Thread] DEBUG Engine               - Architecture: amd64
17:36:09.832 [JavaFX Application Thread] INFO  Engine               - Source code and latest versions at: https://github.com/AlmasB/FXGL
17:36:09.832 [JavaFX Application Thread] INFO  Engine               -       Ask questions and discuss at: https://github.com/AlmasB/FXGL/discussions
17:36:09.833 [JavaFX Application Thread] INFO  Engine               -              Join the FXGL chat at: https://gitter.im/AlmasB/FXGL
17:36:09.965 [JavaFX Application Thread] DEBUG PrimaryStageWindow   - Creating a JavaFX scene
17:36:10.020 [JavaFX Application Thread] DEBUG PrimaryStageWindow   - Target settings size: 1280.0 x 720.0
17:36:10.020 [JavaFX Application Thread] DEBUG PrimaryStageWindow   - Scaled scene size:    1280.0 x 720.0
17:36:10.021 [JavaFX Application Thread] DEBUG PrimaryStageWindow   - Scaled ratio: (1.0, 1.0)
17:36:10.022 [JavaFX Application Thread] DEBUG PrimaryStageWindow   - Set initial scene to FXGLStartupScene
17:36:10.031 [JavaFX Application Thread] DEBUG PrimaryStageWindow   - Opening main window
17:36:10.154 [JavaFX Application Thread] DEBUG PrimaryStageWindow   - Window border size: (14.4000244140625, 37.5999755859375)
17:36:10.154 [JavaFX Application Thread] DEBUG PrimaryStageWindow   - Scaled size: 1280.0 x 720.0
17:36:10.154 [JavaFX Application Thread] DEBUG PrimaryStageWindow   - Scaled ratio: (1.0, 1.0)
17:36:10.155 [JavaFX Application Thread] DEBUG PrimaryStageWindow   - Scene size: 1280.0 x 720.0
17:36:10.155 [JavaFX Application Thread] DEBUG PrimaryStageWindow   - Stage size: 1294.4000244140625 x 757.5999755859375
17:36:10.164 [FXGL Background Thread 1 ] DEBUG Engine               - Initializing environment variables
17:36:10.267 [FXGL Background Thread 1 ] DEBUG FXGLAssetLoaderServi - User app class for loading assets: class myGame.testest
17:36:10.268 [FXGL Background Thread 1 ] DEBUG GameApplicationServi - Applying CSS: fxgl_dark.css
17:36:10.272 [FXGL Background Thread 1 ] DEBUG FXGLAssetLoaderServi - Loading from file system: jar:file:/C:/Users/narro/.m2/repository/com/github/almasb/fxgl/17.2/fxgl-17.2.jar!/fxglassets/ui/css/fxgl_dark.css
17:36:10.364 [FXGL Background Thread 1 ] DEBUG GameApplicationServi - Initializing application scenes
17:36:10.445 [FXGL Background Thread 1 ] DEBUG GameWorld            - Game world initialized
17:36:10.532 [FXGL Background Thread 1 ] DEBUG PhysicsWorld         - Physics world initialized: appHeight=720, physics.ppm=50.0
17:36:10.532 [FXGL Background Thread 1 ] DEBUG PhysicsWorld         - Using strategy: BRUTE_FORCE
17:36:10.540 [FXGL Background Thread 1 ] DEBUG GameScene            - Game scene initialized: 1280x720
17:36:10.546 [FXGL Background Thread 1 ] DEBUG FXGLAssetLoaderServi - Loading from file system: jar:file:/C:/Users/narro/.m2/repository/com/github/almasb/fxgl/17.2/fxgl-17.2.jar!/fxglassets/textures/intro/fxgl_logo.png
17:36:10.578 [FXGL Background Thread 1 ] DEBUG FXGLAssetLoaderServi - Loading from file system: jar:file:/C:/Users/narro/.m2/repository/com/github/almasb/fxgl/17.2/fxgl-17.2.jar!/fxglassets/textures/intro/javafx_logo.png
17:36:10.739 [FXGL Background Thread 1 ] DEBUG FXGL.DefaultMenu     - createMenuBodyMainMenu()
17:36:10.763 [FXGL Background Thread 1 ] DEBUG FXGL.DefaultMenu     - createOptionsMenu()
17:36:10.779 [FXGL Background Thread 1 ] DEBUG FXGLAssetLoaderServi - Loading from file system: jar:file:/C:/Users/narro/.m2/repository/com/github/almasb/fxgl/17.2/fxgl-17.2.jar!/fxglassets/textures/particles/smoke.png
17:36:10.856 [FXGL Background Thread 1 ] DEBUG FXGLAssetLoaderServi - Loading from file system: jar:file:/C:/Users/narro/.m2/repository/com/github/almasb/fxgl/17.2/fxgl-17.2.jar!/fxglassets/textures/particles/trace_horizontal.png
17:36:10.886 [FXGL Background Thread 1 ] DEBUG FXGL.DefaultMenu     - createMenuBodyGameMenu()
17:36:10.887 [FXGL Background Thread 1 ] DEBUG FXGL.DefaultMenu     - createOptionsMenu()
17:36:10.904 [FXGL Background Thread 1 ] DEBUG GameApplicationServi - Application scenes initialized
17:36:10.932 [FXGL Background Thread 1 ] DEBUG SystemBundleService  - Loading FXGL system data
17:36:10.938 [FXGL Background Thread 1 ] DEBUG FileSystemAccess     - Reading from: C:\Users\narro\eclipse-workspace\Dawnseeker\system\fxgl.bundle
17:36:10.949 [FXGL Background Thread 1 ] DEBUG SystemBundleService  - Bundle FXGL: {}
17:36:10.950 [FXGL Background Thread 1 ] DEBUG UpdaterService       - Checking for updates
17:36:10.954 [FXGL Background Thread 4 ] DEBUG FXGLApplication      - Loading fonts
17:36:10.955 [FXGL Background Thread 4 ] DEBUG FXGLAssetLoaderServi - Loading from file system: jar:file:/C:/Users/narro/.m2/repository/com/github/almasb/fxgl/17.2/fxgl-17.2.jar!/fxglassets/ui/fonts/VarelaRound-Regular.ttf
17:36:10.955 [FXGL Background Thread 1 ] DEBUG FXGLApplication      - Loading default localization
17:36:10.956 [FXGL Background Thread 1 ] DEBUG FXGLAssetLoaderServi - Loading from file system: jar:file:/C:/Users/narro/.m2/repository/com/github/almasb/fxgl/17.2/fxgl-17.2.jar!/fxglassets/languages/english.lang
17:36:11.002 [FXGL Background Thread 1 ] INFO  FXGLApplication      - FXGL initialization took: 0.838 sec
17:36:11.017 [JavaFX Application Thread] DEBUG Input                - Registered new binding: action0 - D
17:36:11.017 [JavaFX Application Thread] DEBUG Input                - Registered new binding: action1 - A
17:36:11.018 [JavaFX Application Thread] DEBUG Input                - Registered new binding: action2 - W
17:36:11.019 [JavaFX Application Thread] DEBUG Input                - Registered new binding: action3 - S
17:36:11.020 [JavaFX Application Thread] DEBUG Input                - Registered new binding: action4 - F
17:36:11.021 [JavaFX Application Thread] DEBUG FXGLAssetLoaderServi - Loading from file system: jar:file:/C:/Users/narro/.m2/repository/com/github/almasb/fxgl/17.2/fxgl-17.2.jar!/fxglassets/textures/fxgl_icon.png
17:36:11.041 [JavaFX Application Thread] DEBUG FXGLAssetLoaderServi - Loading from file system: jar:file:/C:/Users/narro/.m2/repository/com/github/almasb/fxgl/17.2/fxgl-17.2.jar!/fxglassets/textures/fxgl_default_cursor.png
17:36:11.044 [JavaFX Application Thread] DEBUG Input                - Registered new binding: Screenshot - CTRL+8
17:36:11.045 [JavaFX Application Thread] DEBUG Input                - Registered new binding: System info dump - CTRL+9
17:36:11.045 [JavaFX Application Thread] DEBUG Input                - Registered new binding: Restart - CTRL+R
17:36:11.046 [JavaFX Application Thread] DEBUG Input                - Registered new binding: Toggle Debug Camera - CTRL+7
17:36:11.052 [JavaFX Application Thread] DEBUG LoopRunner           - Starting loop
17:36:11.052 [JavaFX Application Thread] DEBUG LoopRunner           - Initializing JavaFX AnimationTimerLoop
17:36:11.083 [FXGL Background Thread 4 ] DEBUG FXGLAssetLoaderServi - Loading from file system: jar:file:/C:/Users/narro/.m2/repository/com/github/almasb/fxgl/17.2/fxgl-17.2.jar!/fxglassets/ui/fonts/Abel-Regular.ttf
17:36:11.098 [FXGL Background Thread 4 ] DEBUG FXGLAssetLoaderServi - Loading from file system: jar:file:/C:/Users/narro/.m2/repository/com/github/almasb/fxgl/17.2/fxgl-17.2.jar!/fxglassets/ui/fonts/TerminalLandMono-Regular.otf
17:36:11.113 [FXGL Background Thread 4 ] DEBUG FXGLAssetLoaderServi - Loading from file system: jar:file:/C:/Users/narro/.m2/repository/com/github/almasb/fxgl/17.2/fxgl-17.2.jar!/fxglassets/ui/fonts/Courier-Prime.ttf
17:36:11.115 [JavaFX Application Thread] DEBUG Input                - Clearing active input actions
17:36:11.123 [JavaFX Application Thread] DEBUG GameApplicationServi - Removing overlay from FXGLStartupScene and adding to FXGLIntroScene
17:36:11.123 [JavaFX Application Thread] DEBUG PrimaryStageWindow   - FXGLStartupScene -> FXGLIntroScene
17:36:11.177 [JavaFX Application Thread] DEBUG FXGLApplication      - Registering font factories with UI factory
17:36:13.952 [FXGL Background Thread 3 ] DEBUG Engine               - Logging environment variables
17:36:13.955 [FXGL Background Thread 3 ] DEBUG Engine               - achievements: []
17:36:13.955 [FXGL Background Thread 3 ] DEBUG Engine               - actualHeight: 720.0
17:36:13.956 [FXGL Background Thread 3 ] DEBUG Engine               - actualHeightProperty: ReadOnlyDoubleProperty [value: 720.0]
17:36:13.956 [FXGL Background Thread 3 ] DEBUG Engine               - actualWidth: 1280.0
17:36:13.956 [FXGL Background Thread 3 ] DEBUG Engine               - actualWidthProperty: ReadOnlyDoubleProperty [value: 1280.0]
17:36:13.957 [FXGL Background Thread 3 ] DEBUG Engine               - appIcon: fxgl_icon.png
17:36:13.957 [FXGL Background Thread 3 ] DEBUG Engine               - applicationMode: DEVELOPER
17:36:13.957 [FXGL Background Thread 3 ] DEBUG Engine               - cSSList: [fxgl_dark.css]
17:36:13.957 [FXGL Background Thread 3 ] DEBUG Engine               - collisionDetectionStrategy: BRUTE_FORCE
17:36:13.958 [FXGL Background Thread 3 ] DEBUG Engine               - configClass: Optional.empty
17:36:13.958 [FXGL Background Thread 3 ] DEBUG Engine               - credits: []
17:36:13.959 [FXGL Background Thread 3 ] DEBUG Engine               - defaultCursor: CursorInfo(imageName=fxgl_default_cursor.png, hotspotX=7.0, hotspotY=6.0)
17:36:13.959 [FXGL Background Thread 3 ] DEBUG Engine               - devBBoxColorProperty: ObjectProperty [value: 0xff0000ff]
17:36:13.960 [FXGL Background Thread 3 ] DEBUG Engine               - devEnableDebugCameraProperty: BooleanProperty [value: false]
17:36:13.960 [FXGL Background Thread 3 ] DEBUG Engine               - devSensorColorProperty: ObjectProperty [value: 0xffff00ff]
17:36:13.960 [FXGL Background Thread 3 ] DEBUG Engine               - devShowBBoxProperty: BooleanProperty [value: false]
17:36:13.960 [FXGL Background Thread 3 ] DEBUG Engine               - devShowPositionProperty: BooleanProperty [value: false]
17:36:13.961 [FXGL Background Thread 3 ] DEBUG Engine               - enabledMenuItems: []
17:36:13.961 [FXGL Background Thread 3 ] DEBUG Engine               - engineServices: [class com.almasb.fxgl.app.services.FXGLAssetLoaderService, class com.almasb.fxgl.app.FXGLApplication$GameApplicationService, class com.almasb.fxgl.app.services.FXGLDialogService, class com.almasb.fxgl.app.services.IOTaskExecutorService, class com.almasb.fxgl.io.FileSystemService, class com.almasb.fxgl.localization.LocalizationService, class com.almasb.fxgl.app.services.SystemBundleService, class com.almasb.fxgl.profile.SaveLoadService, class com.almasb.fxgl.ui.FXGLUIFactoryServiceProvider, class com.almasb.fxgl.ui.FXGLDialogFactoryServiceProvider, class com.almasb.fxgl.audio.AudioPlayer, class com.almasb.fxgl.notification.impl.NotificationServiceProvider, class com.almasb.fxgl.achievement.AchievementService, class com.almasb.fxgl.cutscene.CutsceneService, class com.almasb.fxgl.minigames.MiniGameService, class com.almasb.fxgl.net.NetService, class com.almasb.fxgl.app.services.UpdaterService, class com.almasb.fxgl.dev.DevService]
17:36:13.961 [FXGL Background Thread 3 ] DEBUG Engine               - fontGame: Abel-Regular.ttf
17:36:13.961 [FXGL Background Thread 3 ] DEBUG Engine               - fontMono: TerminalLandMono-Regular.otf
17:36:13.962 [FXGL Background Thread 3 ] DEBUG Engine               - fontText: Courier-Prime.ttf
17:36:13.962 [FXGL Background Thread 3 ] DEBUG Engine               - fontUI: VarelaRound-Regular.ttf
17:36:13.962 [FXGL Background Thread 3 ] DEBUG Engine               - fullScreen: BooleanProperty [value: false]
17:36:13.962 [FXGL Background Thread 3 ] DEBUG Engine               - gameDifficulty: MEDIUM
17:36:13.962 [FXGL Background Thread 3 ] DEBUG Engine               - gameDifficultyProperty: ObjectProperty [value: MEDIUM]
17:36:13.963 [FXGL Background Thread 3 ] DEBUG Engine               - globalMusicVolume: 0.5
17:36:13.963 [FXGL Background Thread 3 ] DEBUG Engine               - globalMusicVolumeProperty: DoubleProperty [value: 0.5]
17:36:13.963 [FXGL Background Thread 3 ] DEBUG Engine               - globalSoundVolume: 0.5
17:36:13.964 [FXGL Background Thread 3 ] DEBUG Engine               - globalSoundVolumeProperty: DoubleProperty [value: 0.5]
17:36:13.964 [FXGL Background Thread 3 ] DEBUG Engine               - height: 720
17:36:13.964 [FXGL Background Thread 3 ] DEBUG Engine               - is3D: false
17:36:13.964 [FXGL Background Thread 3 ] DEBUG Engine               - isAndroid: false
17:36:13.965 [FXGL Background Thread 3 ] DEBUG Engine               - isBrowser: false
17:36:13.965 [FXGL Background Thread 3 ] DEBUG Engine               - isClickFeedbackEnabled: false
17:36:13.965 [FXGL Background Thread 3 ] DEBUG Engine               - isCloseConfirmation: false
17:36:13.965 [FXGL Background Thread 3 ] DEBUG Engine               - isDesktop: true
17:36:13.966 [FXGL Background Thread 3 ] DEBUG Engine               - isDeveloperMenuEnabled: false
17:36:13.966 [FXGL Background Thread 3 ] DEBUG Engine               - isEmbedded: false
17:36:13.966 [FXGL Background Thread 3 ] DEBUG Engine               - isEntityPreloadEnabled: true
17:36:13.966 [FXGL Background Thread 3 ] DEBUG Engine               - isExperimentalTiledLargeMap: false
17:36:13.967 [FXGL Background Thread 3 ] DEBUG Engine               - isFileSystemWriteAllowed: true
17:36:13.967 [FXGL Background Thread 3 ] DEBUG Engine               - isFullScreenAllowed: false
17:36:13.967 [FXGL Background Thread 3 ] DEBUG Engine               - isFullScreenFromStart: false
17:36:13.968 [FXGL Background Thread 3 ] DEBUG Engine               - isGameMenuEnabled: true
17:36:13.968 [FXGL Background Thread 3 ] DEBUG Engine               - isIOS: false
17:36:13.968 [FXGL Background Thread 3 ] DEBUG Engine               - isIntroEnabled: true
17:36:13.968 [FXGL Background Thread 3 ] DEBUG Engine               - isLinux: false
17:36:13.969 [FXGL Background Thread 3 ] DEBUG Engine               - isMac: false
17:36:13.969 [FXGL Background Thread 3 ] DEBUG Engine               - isMainMenuEnabled: true
17:36:13.969 [FXGL Background Thread 3 ] DEBUG Engine               - isManualResizeEnabled: false
17:36:13.969 [FXGL Background Thread 3 ] DEBUG Engine               - isMobile: false
17:36:13.970 [FXGL Background Thread 3 ] DEBUG Engine               - isNative: false
17:36:13.971 [FXGL Background Thread 3 ] DEBUG Engine               - isPauseMusicWhenMinimized: true
17:36:13.972 [FXGL Background Thread 3 ] DEBUG Engine               - isPreserveResizeRatio: false
17:36:13.972 [FXGL Background Thread 3 ] DEBUG Engine               - isProfilingEnabled: false
17:36:13.972 [FXGL Background Thread 3 ] DEBUG Engine               - isScaleAffectedOnResize: true
17:36:13.972 [FXGL Background Thread 3 ] DEBUG Engine               - isSingleStep: false
17:36:13.973 [FXGL Background Thread 3 ] DEBUG Engine               - isUserProfileEnabled: false
17:36:13.973 [FXGL Background Thread 3 ] DEBUG Engine               - isWindows: true
17:36:13.973 [FXGL Background Thread 3 ] DEBUG Engine               - language: ObjectProperty [value: ENGLISH]
17:36:13.974 [FXGL Background Thread 3 ] DEBUG Engine               - menuKey: ESCAPE
17:36:13.974 [FXGL Background Thread 3 ] DEBUG Engine               - mouseSensitivity: 0.2
17:36:13.974 [FXGL Background Thread 3 ] DEBUG Engine               - notificationViewClass: class com.almasb.fxgl.notification.view.XboxNotificationView
17:36:13.974 [FXGL Background Thread 3 ] DEBUG Engine               - pixelsPerMeter: 50.0
17:36:13.974 [FXGL Background Thread 3 ] DEBUG Engine               - platform: WINDOWS
17:36:13.975 [FXGL Background Thread 3 ] DEBUG Engine               - prefHeightProperty: ReadOnlyDoubleProperty [value: 720.0]
17:36:13.975 [FXGL Background Thread 3 ] DEBUG Engine               - prefWidthProperty: ReadOnlyDoubleProperty [value: 1280.0]
17:36:13.975 [FXGL Background Thread 3 ] DEBUG Engine               - profileDir: profiles/
17:36:13.975 [FXGL Background Thread 3 ] DEBUG Engine               - profileName: StringProperty [value: DEFAULT]
17:36:13.975 [FXGL Background Thread 3 ] DEBUG Engine               - randomSeed: -1
17:36:13.977 [FXGL Background Thread 3 ] DEBUG Engine               - runtimeInfo: RuntimeInfo(platform=WINDOWS, version=17.2, build=20.08.2022 16.50)
17:36:13.977 [FXGL Background Thread 3 ] DEBUG Engine               - saveFileExt: sav
17:36:13.977 [FXGL Background Thread 3 ] DEBUG Engine               - scaledHeightProp$fxgl: DoubleProperty [bound, value: 720.0]
17:36:13.977 [FXGL Background Thread 3 ] DEBUG Engine               - scaledWidthProp$fxgl: DoubleProperty [bound, value: 1280.0]
17:36:13.978 [FXGL Background Thread 3 ] DEBUG Engine               - sceneFactory: com.almasb.fxgl.app.scene.SceneFactory@314507ed
17:36:13.978 [FXGL Background Thread 3 ] DEBUG Engine               - secondsIn24h: 60
17:36:13.978 [FXGL Background Thread 3 ] DEBUG Engine               - soundMenuBack: menu/back.wav
17:36:13.978 [FXGL Background Thread 3 ] DEBUG Engine               - soundMenuPress: menu/press.wav
17:36:13.978 [FXGL Background Thread 3 ] DEBUG Engine               - soundMenuSelect: menu/select.wav
17:36:13.979 [FXGL Background Thread 3 ] DEBUG Engine               - soundNotification: core/notification.wav
17:36:13.979 [FXGL Background Thread 3 ] DEBUG Engine               - stageStyle: DECORATED
17:36:13.979 [FXGL Background Thread 3 ] DEBUG Engine               - supportedLanguages: [ENGLISH, FRENCH, GERMAN, HUNGARIAN, RUSSIAN]
17:36:13.979 [FXGL Background Thread 3 ] DEBUG Engine               - ticksPerSecond: -1
17:36:13.979 [FXGL Background Thread 3 ] DEBUG Engine               - title: Simple Game App
17:36:13.980 [FXGL Background Thread 3 ] DEBUG Engine               - urlGithub: https://github.com/AlmasB/FXGL
17:36:13.980 [FXGL Background Thread 3 ] DEBUG Engine               - urlLeaderboard: http://fxgl-top.herokuapp.com/
17:36:13.980 [FXGL Background Thread 3 ] DEBUG Engine               - urlPOM: https://raw.githubusercontent.com/AlmasB/FXGL/release/README.md
17:36:13.980 [FXGL Background Thread 3 ] DEBUG Engine               - userAppClass: class myGame.testest
17:36:13.981 [FXGL Background Thread 3 ] DEBUG Engine               - version: 1.0dev
17:36:13.981 [FXGL Background Thread 3 ] DEBUG Engine               - versionCheckDays: 7
17:36:13.981 [FXGL Background Thread 3 ] DEBUG Engine               - width: 1280
17:36:13.982 [FXGL Background Thread 3 ] DEBUG Engine               - Logging services
17:36:13.982 [FXGL Background Thread 3 ] DEBUG Engine               - class com.almasb.fxgl.app.services.FXGLAssetLoaderService
17:36:13.982 [FXGL Background Thread 3 ] DEBUG Engine               - class com.almasb.fxgl.app.FXGLApplication$GameApplicationService
17:36:13.982 [FXGL Background Thread 3 ] DEBUG Engine               - class com.almasb.fxgl.app.services.FXGLDialogService
17:36:13.983 [FXGL Background Thread 3 ] DEBUG Engine               - class com.almasb.fxgl.app.services.IOTaskExecutorService
17:36:13.983 [FXGL Background Thread 3 ] DEBUG Engine               - class com.almasb.fxgl.io.FileSystemService
17:36:13.983 [FXGL Background Thread 3 ] DEBUG Engine               - class com.almasb.fxgl.localization.LocalizationService
17:36:13.984 [FXGL Background Thread 3 ] DEBUG Engine               - class com.almasb.fxgl.app.services.SystemBundleService
17:36:13.984 [FXGL Background Thread 3 ] DEBUG Engine               - class com.almasb.fxgl.profile.SaveLoadService
17:36:13.984 [FXGL Background Thread 3 ] DEBUG Engine               - class com.almasb.fxgl.ui.FXGLUIFactoryServiceProvider
17:36:13.984 [FXGL Background Thread 3 ] DEBUG Engine               - class com.almasb.fxgl.ui.FXGLDialogFactoryServiceProvider
17:36:13.985 [FXGL Background Thread 3 ] DEBUG Engine               - class com.almasb.fxgl.audio.AudioPlayer
17:36:13.985 [FXGL Background Thread 3 ] DEBUG Engine               - class com.almasb.fxgl.notification.impl.NotificationServiceProvider
17:36:13.985 [FXGL Background Thread 3 ] DEBUG Engine               - class com.almasb.fxgl.achievement.AchievementService
17:36:13.985 [FXGL Background Thread 3 ] DEBUG Engine               - class com.almasb.fxgl.cutscene.CutsceneService
17:36:13.986 [FXGL Background Thread 3 ] DEBUG Engine               - class com.almasb.fxgl.minigames.MiniGameService
17:36:13.986 [FXGL Background Thread 3 ] DEBUG Engine               - class com.almasb.fxgl.net.NetService
17:36:13.987 [FXGL Background Thread 3 ] DEBUG Engine               - class com.almasb.fxgl.app.services.UpdaterService
17:36:13.987 [FXGL Background Thread 3 ] DEBUG Engine               - class com.almasb.fxgl.dev.DevService
17:36:19.042 [JavaFX Application Thread] DEBUG Input                - Clearing active input actions
17:36:19.069 [JavaFX Application Thread] DEBUG GameApplicationServi - Removing overlay from FXGLIntroScene and adding to FXGLMainMenuDummyScene
17:36:19.070 [JavaFX Application Thread] DEBUG PrimaryStageWindow   - FXGLIntroScene -> FXGLMainMenuDummyScene
17:36:19.071 [JavaFX Application Thread] DEBUG PrimaryStageWindow   - Push state: FXGLDefaultMenu
17:36:19.083 [JavaFX Application Thread] DEBUG Input                - Clearing active input actions
17:36:19.115 [JavaFX Application Thread] DEBUG GameApplicationServi - Removing overlay from FXGLMainMenuDummyScene and adding to FXGLDefaultMenu
17:36:19.117 [JavaFX Application Thread] DEBUG PrimaryStageWindow   - FXGLMainMenuDummyScene -> FXGLDefaultMenu
17:36:24.508 [JavaFX Application Thread] DEBUG FXGL.DefaultMenu     - createContentControls()
17:36:28.011 [JavaFX Application Thread] DEBUG PrimaryStageWindow   - Push state: DialogSubScene
17:36:28.011 [JavaFX Application Thread] DEBUG Input                - Clearing active input actions
17:36:28.012 [JavaFX Application Thread] DEBUG GameApplicationServi - Removing overlay from FXGLDefaultMenu and adding to DialogSubScene
17:36:28.012 [JavaFX Application Thread] DEBUG PrimaryStageWindow   - FXGLDefaultMenu -> DialogSubScene
17:36:29.558 [JavaFX Application Thread] DEBUG PrimaryStageWindow   - Pop state: DialogSubScene
17:36:29.558 [JavaFX Application Thread] DEBUG Input                - Clearing active input actions
17:36:29.559 [JavaFX Application Thread] DEBUG GameApplicationServi - Removing overlay from DialogSubScene and adding to FXGLDefaultMenu
17:36:29.560 [JavaFX Application Thread] DEBUG PrimaryStageWindow   - FXGLDefaultMenu <- DialogSubScene
17:36:30.431 [JavaFX Application Thread] DEBUG FXGLApplication      - Exiting FXGL
17:36:30.431 [JavaFX Application Thread] DEBUG LoopRunner           - Stopping loop
17:36:30.431 [JavaFX Application Thread] DEBUG SystemBundleService  - Saving FXGL system data
17:36:30.435 [JavaFX Application Thread] DEBUG FileSystemAccess     - Writing to: C:\Users\narro\eclipse-workspace\Dawnseeker\system\fxgl.bundle
17:36:30.438 [JavaFX Application Thread] DEBUG Async                - Shutting down background threads
17:36:30.438 [JavaFX Application Thread] DEBUG PrimaryStageWindow   - Closing main window
17:36:30.452 [JavaFX Application Thread] DEBUG Logger               - Closing Logger
