15:55:48.622 [main                     ] DEBUG Logger               - Configured Logger
15:55:48.644 [main                     ] DEBUG GameApplication      - Logging settings
Title: Dawnseeker
Version: 0.5
Width: 1920
Height: 1080
Fullscreen: false
Intro: false
Profiling: false
Single step:false
App Mode: DEVELOPER
Menu Key: ESCAPE
Stage Style: DECORATED
Scene Factory: class myGame.DawnseekerApp$1

15:55:48.964 [JavaFX Application Thread] DEBUG FXGLApplication      - Initializing FXGL
15:55:48.969 [JavaFX Application Thread] INFO  Engine               - FXGL-17.2 (20.08.2022 16.50) on WINDOWS (J:19.0.2 FX:18)
15:55:48.969 [JavaFX Application Thread] DEBUG Engine               - JRE Vendor Name: Oracle Corporation
15:55:48.969 [JavaFX Application Thread] DEBUG Engine               - Running on OS: Windows 10 version 10.0
15:55:48.969 [JavaFX Application Thread] DEBUG Engine               - Architecture: amd64
15:55:48.970 [JavaFX Application Thread] INFO  Engine               - Source code and latest versions at: https://github.com/AlmasB/FXGL
15:55:48.970 [JavaFX Application Thread] INFO  Engine               -       Ask questions and discuss at: https://github.com/AlmasB/FXGL/discussions
15:55:48.970 [JavaFX Application Thread] INFO  Engine               -              Join the FXGL chat at: https://gitter.im/AlmasB/FXGL
15:55:49.076 [JavaFX Application Thread] DEBUG PrimaryStageWindow   - Creating a JavaFX scene
15:55:49.076 [JavaFX Application Thread] DEBUG PrimaryStageWindow   - Target size > screen size
15:55:49.112 [JavaFX Application Thread] DEBUG PrimaryStageWindow   - Target settings size: 1920.0 x 1080.0
15:55:49.112 [JavaFX Application Thread] DEBUG PrimaryStageWindow   - Scaled scene size:    1439.0 x 823.0
15:55:49.112 [JavaFX Application Thread] DEBUG PrimaryStageWindow   - Scaled ratio: (0.7494791666666667, 0.7620370370370371)
15:55:49.113 [JavaFX Application Thread] DEBUG PrimaryStageWindow   - Set initial scene to FXGLStartupScene
15:55:49.119 [JavaFX Application Thread] DEBUG PrimaryStageWindow   - Opening main window
15:55:49.200 [JavaFX Application Thread] DEBUG PrimaryStageWindow   - Window border size: (14.5999755859375, 37.79998779296875)
15:55:49.201 [JavaFX Application Thread] DEBUG PrimaryStageWindow   - Scaled size: 1439.0 x 823.0
15:55:49.201 [JavaFX Application Thread] DEBUG PrimaryStageWindow   - Scaled ratio: (0.7494791666666667, 0.7620370370370371)
15:55:49.201 [JavaFX Application Thread] DEBUG PrimaryStageWindow   - Scene size: 1439.0 x 823.0
15:55:49.201 [JavaFX Application Thread] DEBUG PrimaryStageWindow   - Stage size: 1453.5999755859375 x 860.7999877929688
15:55:49.215 [FXGL Background Thread 1 ] DEBUG Engine               - Initializing environment variables
15:55:49.292 [FXGL Background Thread 1 ] DEBUG FXGLAssetLoaderServi - User app class for loading assets: class myGame.DawnseekerApp
15:55:49.292 [FXGL Background Thread 1 ] DEBUG GameApplicationServi - Applying CSS: fxgl_dark.css
15:55:49.296 [FXGL Background Thread 1 ] DEBUG FXGLAssetLoaderServi - Loading from file system: jar:file:/C:/Users/narro/.m2/repository/com/github/almasb/fxgl/17.2/fxgl-17.2.jar!/fxglassets/ui/css/fxgl_dark.css
15:55:49.350 [FXGL Background Thread 1 ] DEBUG GameApplicationServi - Initializing application scenes
15:55:49.410 [FXGL Background Thread 1 ] DEBUG GameWorld            - Game world initialized
15:55:49.484 [FXGL Background Thread 1 ] DEBUG PhysicsWorld         - Physics world initialized: appHeight=1080, physics.ppm=50.0
15:55:49.484 [FXGL Background Thread 1 ] DEBUG PhysicsWorld         - Using strategy: BRUTE_FORCE
15:55:49.488 [FXGL Background Thread 1 ] DEBUG GameScene            - Game scene initialized: 1920x1080
15:55:49.489 [FXGL Background Thread 1 ] DEBUG FXGLAssetLoaderServi - Loading from file system: file:/C:/Users/narro/git/CS4900G2Proj2/Dawnseeker/target/classes/assets/music/shop.mp3
15:55:49.620 [FXGL Background Thread 1 ] DEBUG AudioPlayer          - Playing music com.almasb.fxgl.audio.Music@78827a1e
15:55:49.634 [FXGL Background Thread 1 ] DEBUG FXGLAssetLoaderServi - Loading from file system: file:/C:/Users/narro/git/CS4900G2Proj2/Dawnseeker/target/classes/assets/textures/bg2.png
15:55:49.701 [FXGL Background Thread 1 ] DEBUG FXGL.DefaultMenu     - createMenuBodyGameMenu()
15:55:49.714 [FXGL Background Thread 1 ] DEBUG FXGL.DefaultMenu     - createOptionsMenu()
15:55:49.719 [FXGL Background Thread 1 ] DEBUG FXGLAssetLoaderServi - Loading from file system: jar:file:/C:/Users/narro/.m2/repository/com/github/almasb/fxgl/17.2/fxgl-17.2.jar!/fxglassets/textures/particles/smoke.png
15:55:49.795 [FXGL Background Thread 1 ] DEBUG FXGLAssetLoaderServi - Loading from file system: jar:file:/C:/Users/narro/.m2/repository/com/github/almasb/fxgl/17.2/fxgl-17.2.jar!/fxglassets/textures/particles/trace_horizontal.png
15:55:49.815 [FXGL Background Thread 1 ] DEBUG GameApplicationServi - Application scenes initialized
15:55:49.828 [FXGL Background Thread 1 ] DEBUG SystemBundleService  - Loading FXGL system data
15:55:49.833 [FXGL Background Thread 1 ] DEBUG FileSystemAccess     - Reading from: C:\Users\narro\git\CS4900G2Proj2\Dawnseeker\system\fxgl.bundle
15:55:49.841 [FXGL Background Thread 1 ] DEBUG SystemBundleService  - Bundle FXGL: {}
15:55:49.842 [FXGL Background Thread 1 ] DEBUG UpdaterService       - Checking for updates
15:55:49.845 [FXGL Background Thread 4 ] DEBUG FXGLApplication      - Loading fonts
15:55:49.846 [FXGL Background Thread 4 ] DEBUG FXGLAssetLoaderServi - Loading from file system: jar:file:/C:/Users/narro/.m2/repository/com/github/almasb/fxgl/17.2/fxgl-17.2.jar!/fxglassets/ui/fonts/VarelaRound-Regular.ttf
15:55:49.846 [FXGL Background Thread 1 ] DEBUG FXGLApplication      - Loading default localization
15:55:49.846 [FXGL Background Thread 1 ] DEBUG FXGLAssetLoaderServi - Loading from file system: jar:file:/C:/Users/narro/.m2/repository/com/github/almasb/fxgl/17.2/fxgl-17.2.jar!/fxglassets/languages/english.lang
15:55:49.874 [FXGL Background Thread 1 ] INFO  FXGLApplication      - FXGL initialization took: 0.659 sec
15:55:49.880 [JavaFX Application Thread] DEBUG Input                - Registered new binding: action0 - LMB
15:55:49.890 [JavaFX Application Thread] DEBUG Input                - Registered new binding: Up - W
15:55:49.891 [JavaFX Application Thread] DEBUG Input                - Registered new binding: Down - S
15:55:49.891 [JavaFX Application Thread] DEBUG Input                - Registered new binding: Right - D
15:55:49.891 [JavaFX Application Thread] DEBUG Input                - Registered new binding: Left - A
15:55:49.892 [JavaFX Application Thread] DEBUG FXGLAssetLoaderServi - Loading from file system: jar:file:/C:/Users/narro/.m2/repository/com/github/almasb/fxgl/17.2/fxgl-17.2.jar!/fxglassets/textures/fxgl_icon.png
15:55:49.911 [JavaFX Application Thread] DEBUG FXGLAssetLoaderServi - Loading from file system: jar:file:/C:/Users/narro/.m2/repository/com/github/almasb/fxgl/17.2/fxgl-17.2.jar!/fxglassets/textures/fxgl_default_cursor.png
15:55:49.913 [JavaFX Application Thread] DEBUG Input                - Registered new binding: Screenshot - CTRL+8
15:55:49.913 [JavaFX Application Thread] DEBUG Input                - Registered new binding: System info dump - CTRL+9
15:55:49.914 [JavaFX Application Thread] DEBUG Input                - Registered new binding: Restart - CTRL+R
15:55:49.914 [JavaFX Application Thread] DEBUG Input                - Registered new binding: Toggle Debug Camera - CTRL+7
15:55:49.917 [JavaFX Application Thread] DEBUG LoopRunner           - Starting loop
15:55:49.917 [JavaFX Application Thread] DEBUG LoopRunner           - Initializing JavaFX AnimationTimerLoop
15:55:49.920 [JavaFX Application Thread] DEBUG Input                - Clearing active input actions
15:55:49.932 [JavaFX Application Thread] DEBUG GameApplicationServi - Removing overlay from FXGLStartupScene and adding to FXGLMainMenuDummyScene
15:55:49.933 [JavaFX Application Thread] DEBUG PrimaryStageWindow   - FXGLStartupScene -> FXGLMainMenuDummyScene
15:55:49.933 [JavaFX Application Thread] DEBUG PrimaryStageWindow   - Push state: DawnseekerMenu
15:55:49.933 [JavaFX Application Thread] DEBUG Input                - Clearing active input actions
15:55:49.937 [JavaFX Application Thread] DEBUG GameApplicationServi - Removing overlay from FXGLMainMenuDummyScene and adding to DawnseekerMenu
15:55:49.938 [JavaFX Application Thread] DEBUG PrimaryStageWindow   - FXGLMainMenuDummyScene -> DawnseekerMenu
15:55:49.944 [FXGL Background Thread 4 ] DEBUG FXGLAssetLoaderServi - Loading from file system: jar:file:/C:/Users/narro/.m2/repository/com/github/almasb/fxgl/17.2/fxgl-17.2.jar!/fxglassets/ui/fonts/Abel-Regular.ttf
15:55:49.961 [FXGL Background Thread 4 ] DEBUG FXGLAssetLoaderServi - Loading from file system: jar:file:/C:/Users/narro/.m2/repository/com/github/almasb/fxgl/17.2/fxgl-17.2.jar!/fxglassets/ui/fonts/TerminalLandMono-Regular.otf
15:55:49.974 [FXGL Background Thread 4 ] DEBUG FXGLAssetLoaderServi - Loading from file system: jar:file:/C:/Users/narro/.m2/repository/com/github/almasb/fxgl/17.2/fxgl-17.2.jar!/fxglassets/ui/fonts/Courier-Prime.ttf
15:55:49.990 [JavaFX Application Thread] DEBUG FXGLApplication      - Registering font factories with UI factory
15:55:50.256 [FXGL Background Thread 2 ] INFO  UpdaterService       - Your current version:  17.2
15:55:50.256 [FXGL Background Thread 2 ] INFO  UpdaterService       - Latest stable version: 17.3
15:55:50.727 [JavaFX Application Thread] DEBUG Menu                 - fireNewGame()
15:55:50.727 [JavaFX Application Thread] DEBUG GameApplicationServi - Starting new game
15:55:50.727 [JavaFX Application Thread] DEBUG PrimaryStageWindow   - Pop state: DawnseekerMenu
15:55:50.727 [JavaFX Application Thread] DEBUG Input                - Clearing active input actions
15:55:50.728 [JavaFX Application Thread] DEBUG GameApplicationServi - Removing overlay from DawnseekerMenu and adding to FXGLMainMenuDummyScene
15:55:50.728 [JavaFX Application Thread] DEBUG PrimaryStageWindow   - FXGLMainMenuDummyScene <- DawnseekerMenu
15:55:50.728 [JavaFX Application Thread] DEBUG Input                - Clearing active input actions
15:55:50.735 [JavaFX Application Thread] DEBUG GameApplicationServi - Removing overlay from FXGLMainMenuDummyScene and adding to FXGLLoadingScene
15:55:50.736 [JavaFX Application Thread] DEBUG PrimaryStageWindow   - FXGLMainMenuDummyScene -> FXGLLoadingScene
15:55:50.736 [JavaFX Application Thread] DEBUG GameApplicationServi - Clearing previous game
15:55:50.736 [JavaFX Application Thread] DEBUG GameScene            - Clearing game scene
15:55:50.736 [JavaFX Application Thread] DEBUG GameWorld            - Clearing game world
15:55:50.736 [JavaFX Application Thread] DEBUG PhysicsWorld         - Clearing physics world
15:55:50.738 [JavaFX Application Thread] DEBUG AudioPlayer          - Stopping music com.almasb.fxgl.audio.Music@78827a1e
15:55:50.738 [FXGL Background Thread 2 ] DEBUG FXGLApplication      - Initializing game
15:55:50.745 [FXGL Background Thread 2 ] DEBUG FXGLAssetLoaderServi - Loading from file system: file:/C:/Users/narro/git/CS4900G2Proj2/Dawnseeker/target/classes/assets/music/heartache.mp3
15:55:50.749 [FXGL Background Thread 2 ] DEBUG AudioPlayer          - Playing music com.almasb.fxgl.audio.Music@1cb3a796
15:55:50.767 [FXGL Background Thread 2 ] DEBUG FXGLAssetLoaderServi - Loading from file system: file:/C:/Users/narro/git/CS4900G2Proj2/Dawnseeker/target/classes/assets/textures/DawnseekerPCV2.png
15:55:50.768 [FXGL Background Thread 2 ] DEBUG FXGLAssetLoaderServi - Loading from file system: file:/C:/Users/narro/git/CS4900G2Proj2/Dawnseeker/target/classes/assets/textures/DawnseekerPCV2Down.png
15:55:50.770 [FXGL Background Thread 2 ] DEBUG FXGLAssetLoaderServi - Loading from file system: file:/C:/Users/narro/git/CS4900G2Proj2/Dawnseeker/target/classes/assets/textures/DawnseekerPCV2Up.png
15:55:50.771 [FXGL Background Thread 2 ] DEBUG FXGLAssetLoaderServi - Loading from file system: file:/C:/Users/narro/git/CS4900G2Proj2/Dawnseeker/target/classes/assets/textures/DawnseekerPCV2Right.png
15:55:50.773 [FXGL Background Thread 2 ] DEBUG FXGLAssetLoaderServi - Loading from file system: file:/C:/Users/narro/git/CS4900G2Proj2/Dawnseeker/target/classes/assets/textures/DawnseekerPCV2Left.png
15:55:50.790 [FXGL Background Thread 2 ] DEBUG FXGLAssetLoaderServi - Loading from file system: file:/C:/Users/narro/git/CS4900G2Proj2/Dawnseeker/target/classes/assets/textures/background.png
15:55:50.825 [FXGL Background Thread 2 ] WARN  GameWorld            - Entity is already attached to world
15:55:50.827 [FXGL Background Thread 2 ] DEBUG FXGLAssetLoaderServi - Loading from file system: file:/C:/Users/narro/git/CS4900G2Proj2/Dawnseeker/target/classes/assets/textures/Rock1.png
15:55:50.830 [FXGL Background Thread 2 ] WARN  Entity               - Entity already has component: com.almasb.fxgl.entity.components.CollidableComponent
15:55:50.831 [FXGL Background Thread 2 ] WARN  GameWorld            - Entity is already attached to world
15:55:50.831 [FXGL Background Thread 2 ] DEBUG FXGLAssetLoaderServi - Loading from file system: file:/C:/Users/narro/git/CS4900G2Proj2/Dawnseeker/target/classes/assets/textures/Rock2.png
15:55:50.832 [FXGL Background Thread 2 ] WARN  Entity               - Entity already has component: com.almasb.fxgl.entity.components.CollidableComponent
15:55:50.833 [FXGL Background Thread 2 ] WARN  GameWorld            - Entity is already attached to world
15:55:50.834 [FXGL Background Thread 2 ] DEBUG FXGLAssetLoaderServi - Loading from file system: file:/C:/Users/narro/git/CS4900G2Proj2/Dawnseeker/target/classes/assets/textures/BigRock1.png
15:55:50.835 [FXGL Background Thread 2 ] WARN  Entity               - Entity already has component: com.almasb.fxgl.entity.components.CollidableComponent
15:55:50.836 [FXGL Background Thread 2 ] WARN  GameWorld            - Entity is already attached to world
15:55:50.837 [FXGL Background Thread 2 ] DEBUG FXGLAssetLoaderServi - Loading from file system: file:/C:/Users/narro/git/CS4900G2Proj2/Dawnseeker/target/classes/assets/textures/AnimShop.png
15:55:50.838 [FXGL Background Thread 2 ] WARN  GameWorld            - Entity is already attached to world
15:55:50.865 [FXGL Background Thread 2 ] INFO  FXGLApplication      - Game initialization took: 0.127 sec
15:55:50.866 [JavaFX Application Thread] DEBUG Input                - Clearing active input actions
15:55:50.886 [JavaFX Application Thread] DEBUG GameApplicationServi - Removing overlay from FXGLLoadingScene and adding to GameScene
15:55:50.886 [JavaFX Application Thread] DEBUG PrimaryStageWindow   - FXGLLoadingScene -> GameScene
15:55:51.961 [JavaFX Application Thread] DEBUG FXGLAssetLoaderServi - Loading from file system: file:/C:/Users/narro/git/CS4900G2Proj2/Dawnseeker/target/classes/assets/textures/Skull.gif
15:55:51.969 [JavaFX Application Thread] DEBUG FXGLAssetLoaderServi - Loading from file system: file:/C:/Users/narro/git/CS4900G2Proj2/Dawnseeker/target/classes/assets/textures/Ghost.gif
15:55:52.844 [FXGL Background Thread 3 ] DEBUG Engine               - Logging environment variables
15:55:52.845 [FXGL Background Thread 3 ] DEBUG Engine               - achievements: []
15:55:52.845 [FXGL Background Thread 3 ] DEBUG Engine               - actualHeight: 823.0
15:55:52.845 [FXGL Background Thread 3 ] DEBUG Engine               - actualHeightProperty: ReadOnlyDoubleProperty [value: 823.0]
15:55:52.845 [FXGL Background Thread 3 ] DEBUG Engine               - actualWidth: 1439.0
15:55:52.845 [FXGL Background Thread 3 ] DEBUG Engine               - actualWidthProperty: ReadOnlyDoubleProperty [value: 1439.0]
15:55:52.845 [FXGL Background Thread 3 ] DEBUG Engine               - appIcon: fxgl_icon.png
15:55:52.845 [FXGL Background Thread 3 ] DEBUG Engine               - applicationMode: DEVELOPER
15:55:52.845 [FXGL Background Thread 3 ] DEBUG Engine               - cSSList: [fxgl_dark.css]
15:55:52.845 [FXGL Background Thread 3 ] DEBUG Engine               - collisionDetectionStrategy: BRUTE_FORCE
15:55:52.845 [FXGL Background Thread 3 ] DEBUG Engine               - configClass: Optional.empty
15:55:52.845 [FXGL Background Thread 3 ] DEBUG Engine               - credits: []
15:55:52.846 [FXGL Background Thread 3 ] DEBUG Engine               - defaultCursor: CursorInfo(imageName=fxgl_default_cursor.png, hotspotX=7.0, hotspotY=6.0)
15:55:52.846 [FXGL Background Thread 3 ] DEBUG Engine               - devBBoxColorProperty: ObjectProperty [value: 0xff0000ff]
15:55:52.846 [FXGL Background Thread 3 ] DEBUG Engine               - devEnableDebugCameraProperty: BooleanProperty [value: false]
15:55:52.847 [FXGL Background Thread 3 ] DEBUG Engine               - devSensorColorProperty: ObjectProperty [value: 0xffff00ff]
15:55:52.847 [FXGL Background Thread 3 ] DEBUG Engine               - devShowBBoxProperty: BooleanProperty [value: false]
15:55:52.847 [FXGL Background Thread 3 ] DEBUG Engine               - devShowPositionProperty: BooleanProperty [value: false]
15:55:52.847 [FXGL Background Thread 3 ] DEBUG Engine               - enabledMenuItems: []
15:55:52.847 [FXGL Background Thread 3 ] DEBUG Engine               - engineServices: [class com.almasb.fxgl.app.services.FXGLAssetLoaderService, class com.almasb.fxgl.app.FXGLApplication$GameApplicationService, class com.almasb.fxgl.app.services.FXGLDialogService, class com.almasb.fxgl.app.services.IOTaskExecutorService, class com.almasb.fxgl.io.FileSystemService, class com.almasb.fxgl.localization.LocalizationService, class com.almasb.fxgl.app.services.SystemBundleService, class com.almasb.fxgl.profile.SaveLoadService, class com.almasb.fxgl.ui.FXGLUIFactoryServiceProvider, class com.almasb.fxgl.ui.FXGLDialogFactoryServiceProvider, class com.almasb.fxgl.audio.AudioPlayer, class com.almasb.fxgl.notification.impl.NotificationServiceProvider, class com.almasb.fxgl.achievement.AchievementService, class com.almasb.fxgl.cutscene.CutsceneService, class com.almasb.fxgl.minigames.MiniGameService, class com.almasb.fxgl.net.NetService, class com.almasb.fxgl.app.services.UpdaterService, class com.almasb.fxgl.dev.DevService]
15:55:52.847 [FXGL Background Thread 3 ] DEBUG Engine               - fontGame: Abel-Regular.ttf
15:55:52.847 [FXGL Background Thread 3 ] DEBUG Engine               - fontMono: TerminalLandMono-Regular.otf
15:55:52.847 [FXGL Background Thread 3 ] DEBUG Engine               - fontText: Courier-Prime.ttf
15:55:52.847 [FXGL Background Thread 3 ] DEBUG Engine               - fontUI: VarelaRound-Regular.ttf
15:55:52.847 [FXGL Background Thread 3 ] DEBUG Engine               - fullScreen: BooleanProperty [value: false]
15:55:52.847 [FXGL Background Thread 3 ] DEBUG Engine               - gameDifficulty: MEDIUM
15:55:52.847 [FXGL Background Thread 3 ] DEBUG Engine               - gameDifficultyProperty: ObjectProperty [value: MEDIUM]
15:55:52.848 [FXGL Background Thread 3 ] DEBUG Engine               - globalMusicVolume: 0.5
15:55:52.848 [FXGL Background Thread 3 ] DEBUG Engine               - globalMusicVolumeProperty: DoubleProperty [value: 0.5]
15:55:52.848 [FXGL Background Thread 3 ] DEBUG Engine               - globalSoundVolume: 0.5
15:55:52.848 [FXGL Background Thread 3 ] DEBUG Engine               - globalSoundVolumeProperty: DoubleProperty [value: 0.5]
15:55:52.848 [FXGL Background Thread 3 ] DEBUG Engine               - height: 1080
15:55:52.848 [FXGL Background Thread 3 ] DEBUG Engine               - is3D: false
15:55:52.848 [FXGL Background Thread 3 ] DEBUG Engine               - isAndroid: false
15:55:52.848 [FXGL Background Thread 3 ] DEBUG Engine               - isBrowser: false
15:55:52.849 [FXGL Background Thread 3 ] DEBUG Engine               - isClickFeedbackEnabled: false
15:55:52.849 [FXGL Background Thread 3 ] DEBUG Engine               - isCloseConfirmation: false
15:55:52.849 [FXGL Background Thread 3 ] DEBUG Engine               - isDesktop: true
15:55:52.849 [FXGL Background Thread 3 ] DEBUG Engine               - isDeveloperMenuEnabled: false
15:55:52.849 [FXGL Background Thread 3 ] DEBUG Engine               - isEmbedded: false
15:55:52.849 [FXGL Background Thread 3 ] DEBUG Engine               - isEntityPreloadEnabled: true
15:55:52.849 [FXGL Background Thread 3 ] DEBUG Engine               - isExperimentalTiledLargeMap: false
15:55:52.849 [FXGL Background Thread 3 ] DEBUG Engine               - isFileSystemWriteAllowed: true
15:55:52.849 [FXGL Background Thread 3 ] DEBUG Engine               - isFullScreenAllowed: false
15:55:52.849 [FXGL Background Thread 3 ] DEBUG Engine               - isFullScreenFromStart: false
15:55:52.849 [FXGL Background Thread 3 ] DEBUG Engine               - isGameMenuEnabled: true
15:55:52.849 [FXGL Background Thread 3 ] DEBUG Engine               - isIOS: false
15:55:52.850 [FXGL Background Thread 3 ] DEBUG Engine               - isIntroEnabled: false
15:55:52.850 [FXGL Background Thread 3 ] DEBUG Engine               - isLinux: false
15:55:52.850 [FXGL Background Thread 3 ] DEBUG Engine               - isMac: false
15:55:52.850 [FXGL Background Thread 3 ] DEBUG Engine               - isMainMenuEnabled: true
15:55:52.850 [FXGL Background Thread 3 ] DEBUG Engine               - isManualResizeEnabled: false
15:55:52.850 [FXGL Background Thread 3 ] DEBUG Engine               - isMobile: false
15:55:52.850 [FXGL Background Thread 3 ] DEBUG Engine               - isNative: false
15:55:52.850 [FXGL Background Thread 3 ] DEBUG Engine               - isPauseMusicWhenMinimized: true
15:55:52.850 [FXGL Background Thread 3 ] DEBUG Engine               - isPreserveResizeRatio: false
15:55:52.850 [FXGL Background Thread 3 ] DEBUG Engine               - isProfilingEnabled: false
15:55:52.850 [FXGL Background Thread 3 ] DEBUG Engine               - isScaleAffectedOnResize: true
15:55:52.850 [FXGL Background Thread 3 ] DEBUG Engine               - isSingleStep: false
15:55:52.850 [FXGL Background Thread 3 ] DEBUG Engine               - isUserProfileEnabled: false
15:55:52.850 [FXGL Background Thread 3 ] DEBUG Engine               - isWindows: true
15:55:52.850 [FXGL Background Thread 3 ] DEBUG Engine               - language: ObjectProperty [value: ENGLISH]
15:55:52.850 [FXGL Background Thread 3 ] DEBUG Engine               - menuKey: ESCAPE
15:55:52.850 [FXGL Background Thread 3 ] DEBUG Engine               - mouseSensitivity: 0.2
15:55:52.851 [FXGL Background Thread 3 ] DEBUG Engine               - notificationViewClass: class com.almasb.fxgl.notification.view.XboxNotificationView
15:55:52.851 [FXGL Background Thread 3 ] DEBUG Engine               - pixelsPerMeter: 50.0
15:55:52.851 [FXGL Background Thread 3 ] DEBUG Engine               - platform: WINDOWS
15:55:52.851 [FXGL Background Thread 3 ] DEBUG Engine               - prefHeightProperty: ReadOnlyDoubleProperty [value: 1080.0]
15:55:52.851 [FXGL Background Thread 3 ] DEBUG Engine               - prefWidthProperty: ReadOnlyDoubleProperty [value: 1920.0]
15:55:52.851 [FXGL Background Thread 3 ] DEBUG Engine               - profileDir: profiles/
15:55:52.851 [FXGL Background Thread 3 ] DEBUG Engine               - profileName: StringProperty [value: DEFAULT]
15:55:52.851 [FXGL Background Thread 3 ] DEBUG Engine               - randomSeed: -1
15:55:52.851 [FXGL Background Thread 3 ] DEBUG Engine               - runtimeInfo: RuntimeInfo(platform=WINDOWS, version=17.2, build=20.08.2022 16.50)
15:55:52.851 [FXGL Background Thread 3 ] DEBUG Engine               - saveFileExt: sav
15:55:52.852 [FXGL Background Thread 3 ] DEBUG Engine               - scaledHeightProp$fxgl: DoubleProperty [bound, value: 823.0]
15:55:52.852 [FXGL Background Thread 3 ] DEBUG Engine               - scaledWidthProp$fxgl: DoubleProperty [bound, value: 1439.0]
15:55:52.852 [FXGL Background Thread 3 ] DEBUG Engine               - sceneFactory: myGame.DawnseekerApp$1@5190034
15:55:52.852 [FXGL Background Thread 3 ] DEBUG Engine               - secondsIn24h: 60
15:55:52.852 [FXGL Background Thread 3 ] DEBUG Engine               - soundMenuBack: menu/back.wav
15:55:52.852 [FXGL Background Thread 3 ] DEBUG Engine               - soundMenuPress: menu/press.wav
15:55:52.852 [FXGL Background Thread 3 ] DEBUG Engine               - soundMenuSelect: menu/select.wav
15:55:52.852 [FXGL Background Thread 3 ] DEBUG Engine               - soundNotification: core/notification.wav
15:55:52.852 [FXGL Background Thread 3 ] DEBUG Engine               - stageStyle: DECORATED
15:55:52.852 [FXGL Background Thread 3 ] DEBUG Engine               - supportedLanguages: [ENGLISH, FRENCH, GERMAN, HUNGARIAN, RUSSIAN]
15:55:52.852 [FXGL Background Thread 3 ] DEBUG Engine               - ticksPerSecond: -1
15:55:52.852 [FXGL Background Thread 3 ] DEBUG Engine               - title: Dawnseeker
15:55:52.852 [FXGL Background Thread 3 ] DEBUG Engine               - urlGithub: https://github.com/AlmasB/FXGL
15:55:52.852 [FXGL Background Thread 3 ] DEBUG Engine               - urlLeaderboard: http://fxgl-top.herokuapp.com/
15:55:52.852 [FXGL Background Thread 3 ] DEBUG Engine               - urlPOM: https://raw.githubusercontent.com/AlmasB/FXGL/release/README.md
15:55:52.852 [FXGL Background Thread 3 ] DEBUG Engine               - userAppClass: class myGame.DawnseekerApp
15:55:52.852 [FXGL Background Thread 3 ] DEBUG Engine               - version: 0.5
15:55:52.852 [FXGL Background Thread 3 ] DEBUG Engine               - versionCheckDays: 7
15:55:52.852 [FXGL Background Thread 3 ] DEBUG Engine               - width: 1920
15:55:52.852 [FXGL Background Thread 3 ] DEBUG Engine               - Logging services
15:55:52.853 [FXGL Background Thread 3 ] DEBUG Engine               - class com.almasb.fxgl.app.services.FXGLAssetLoaderService
15:55:52.853 [FXGL Background Thread 3 ] DEBUG Engine               - class com.almasb.fxgl.app.FXGLApplication$GameApplicationService
15:55:52.853 [FXGL Background Thread 3 ] DEBUG Engine               - class com.almasb.fxgl.app.services.FXGLDialogService
15:55:52.853 [FXGL Background Thread 3 ] DEBUG Engine               - class com.almasb.fxgl.app.services.IOTaskExecutorService
15:55:52.853 [FXGL Background Thread 3 ] DEBUG Engine               - class com.almasb.fxgl.io.FileSystemService
15:55:52.853 [FXGL Background Thread 3 ] DEBUG Engine               - class com.almasb.fxgl.localization.LocalizationService
15:55:52.853 [FXGL Background Thread 3 ] DEBUG Engine               - class com.almasb.fxgl.app.services.SystemBundleService
15:55:52.853 [FXGL Background Thread 3 ] DEBUG Engine               - class com.almasb.fxgl.profile.SaveLoadService
15:55:52.853 [FXGL Background Thread 3 ] DEBUG Engine               - class com.almasb.fxgl.ui.FXGLUIFactoryServiceProvider
15:55:52.853 [FXGL Background Thread 3 ] DEBUG Engine               - class com.almasb.fxgl.ui.FXGLDialogFactoryServiceProvider
15:55:52.853 [FXGL Background Thread 3 ] DEBUG Engine               - class com.almasb.fxgl.audio.AudioPlayer
15:55:52.853 [FXGL Background Thread 3 ] DEBUG Engine               - class com.almasb.fxgl.notification.impl.NotificationServiceProvider
15:55:52.853 [FXGL Background Thread 3 ] DEBUG Engine               - class com.almasb.fxgl.achievement.AchievementService
15:55:52.853 [FXGL Background Thread 3 ] DEBUG Engine               - class com.almasb.fxgl.cutscene.CutsceneService
15:55:52.853 [FXGL Background Thread 3 ] DEBUG Engine               - class com.almasb.fxgl.minigames.MiniGameService
15:55:52.853 [FXGL Background Thread 3 ] DEBUG Engine               - class com.almasb.fxgl.net.NetService
15:55:52.853 [FXGL Background Thread 3 ] DEBUG Engine               - class com.almasb.fxgl.app.services.UpdaterService
15:55:52.853 [FXGL Background Thread 3 ] DEBUG Engine               - class com.almasb.fxgl.dev.DevService
15:55:54.698 [JavaFX Application Thread] DEBUG FXGLAssetLoaderServi - Loading from file system: file:/C:/Users/narro/git/CS4900G2Proj2/Dawnseeker/target/classes/assets/sounds/magic_missile.wav
15:55:54.706 [JavaFX Application Thread] DEBUG FXGLAssetLoaderServi - Loading from file system: file:/C:/Users/narro/git/CS4900G2Proj2/Dawnseeker/target/classes/assets/textures/Fireball.gif
15:55:55.400 [JavaFX Application Thread] WARN  GameWorld            - Attempted to remove entity which is not active
15:55:55.401 [JavaFX Application Thread] DEBUG FXGLAssetLoaderServi - Loading from file system: file:/C:/Users/narro/git/CS4900G2Proj2/Dawnseeker/target/classes/assets/textures/PowerPotion.gif
15:55:55.403 [JavaFX Application Thread] DEBUG FXGLAssetLoaderServi - Loading from file system: file:/C:/Users/narro/git/CS4900G2Proj2/Dawnseeker/target/classes/assets/sounds/bong.wav
15:55:55.801 [JavaFX Application Thread] DEBUG FXGLAssetLoaderServi - Loading from file system: file:/C:/Users/narro/git/CS4900G2Proj2/Dawnseeker/target/classes/assets/textures/slime.gif
15:55:56.920 [JavaFX Application Thread] WARN  GameWorld            - Attempted to remove entity which is not active
15:55:57.530 [JavaFX Application Thread] WARN  GameWorld            - Attempted to remove entity which is not active
15:55:57.533 [JavaFX Application Thread] DEBUG FXGLAssetLoaderServi - Loading from file system: file:/C:/Users/narro/git/CS4900G2Proj2/Dawnseeker/target/classes/assets/textures/Coin.gif
15:55:58.904 [JavaFX Application Thread] WARN  GameWorld            - Attempted to remove entity which is not active
15:56:01.418 [JavaFX Application Thread] WARN  GameWorld            - Attempted to remove entity which is not active
15:56:01.959 [JavaFX Application Thread] WARN  GameWorld            - Attempted to remove entity which is not active
15:56:02.169 [JavaFX Application Thread] DEBUG FXGLAssetLoaderServi - Loading from file system: file:/C:/Users/narro/git/CS4900G2Proj2/Dawnseeker/target/classes/assets/sounds/coin_pickup.wav
15:56:02.187 [JavaFX Application Thread] DEBUG FXGLAssetLoaderServi - Loading from file system: file:/C:/Users/narro/git/CS4900G2Proj2/Dawnseeker/target/classes/assets/sounds/bonk.wav
15:56:03.400 [JavaFX Application Thread] WARN  GameWorld            - Attempted to remove entity which is not active
15:56:03.401 [JavaFX Application Thread] DEBUG FXGLAssetLoaderServi - Loading from file system: file:/C:/Users/narro/git/CS4900G2Proj2/Dawnseeker/target/classes/assets/textures/Poison.gif
15:56:03.405 [JavaFX Application Thread] WARN  GameWorld            - Entity is already attached to world
15:56:03.410 [JavaFX Application Thread] DEBUG FXGLAssetLoaderServi - Loading from file system: file:/C:/Users/narro/git/CS4900G2Proj2/Dawnseeker/target/classes/assets/sounds/much_higher.wav
15:56:06.601 [JavaFX Application Thread] WARN  GameWorld            - Attempted to remove entity which is not active
15:56:07.003 [JavaFX Application Thread] WARN  GameWorld            - Attempted to remove entity which is not active
15:56:07.575 [JavaFX Application Thread] WARN  GameWorld            - Attempted to remove entity which is not active
15:56:07.719 [JavaFX Application Thread] WARN  GameWorld            - Attempted to remove entity which is not active
15:56:07.838 [JavaFX Application Thread] DEBUG FXGLAssetLoaderServi - Loading from file system: file:/C:/Users/narro/git/CS4900G2Proj2/Dawnseeker/target/classes/assets/textures/FireBallProjectile.png
15:56:07.912 [JavaFX Application Thread] WARN  GameWorld            - Attempted to remove entity which is not active
15:56:08.120 [JavaFX Application Thread] WARN  GameWorld            - Attempted to remove entity which is not active
15:56:08.330 [JavaFX Application Thread] WARN  GameWorld            - Attempted to remove entity which is not active
15:56:08.375 [JavaFX Application Thread] WARN  GameWorld            - Attempted to remove entity which is not active
15:56:08.619 [JavaFX Application Thread] DEBUG FXGLAssetLoaderServi - Loading from file system: file:/C:/Users/narro/git/CS4900G2Proj2/Dawnseeker/target/classes/assets/sounds/player_oof.wav
15:56:08.698 [JavaFX Application Thread] WARN  GameWorld            - Attempted to remove entity which is not active
15:56:08.699 [JavaFX Application Thread] DEBUG FXGLAssetLoaderServi - Loading from file system: file:/C:/Users/narro/git/CS4900G2Proj2/Dawnseeker/target/classes/assets/textures/HealthPotion.gif
15:56:09.226 [JavaFX Application Thread] WARN  GameWorld            - Attempted to remove entity which is not active
15:56:09.352 [JavaFX Application Thread] WARN  GameWorld            - Attempted to remove entity which is not active
15:56:09.353 [JavaFX Application Thread] DEBUG FXGLAssetLoaderServi - Loading from file system: file:/C:/Users/narro/git/CS4900G2Proj2/Dawnseeker/target/classes/assets/textures/SpeedPotion.gif
15:56:09.448 [JavaFX Application Thread] WARN  GameWorld            - Attempted to remove entity which is not active
15:56:09.672 [JavaFX Application Thread] WARN  GameWorld            - Attempted to remove entity which is not active
15:56:09.912 [JavaFX Application Thread] WARN  GameWorld            - Attempted to remove entity which is not active
15:56:09.977 [JavaFX Application Thread] WARN  GameWorld            - Attempted to remove entity which is not active
15:56:10.136 [JavaFX Application Thread] WARN  GameWorld            - Attempted to remove entity which is not active
15:56:10.521 [JavaFX Application Thread] WARN  GameWorld            - Attempted to remove entity which is not active
15:56:10.539 [JavaFX Application Thread] WARN  GameWorld            - Attempted to remove entity which is not active
15:56:10.647 [JavaFX Application Thread] WARN  GameWorld            - Attempted to remove entity which is not active
15:56:10.951 [JavaFX Application Thread] WARN  GameWorld            - Attempted to remove entity which is not active
15:56:10.967 [JavaFX Application Thread] WARN  GameWorld            - Attempted to remove entity which is not active
15:56:10.969 [JavaFX Application Thread] WARN  GameWorld            - Entity is already attached to world
15:56:11.480 [JavaFX Application Thread] WARN  GameWorld            - Attempted to remove entity which is not active
15:56:11.575 [JavaFX Application Thread] WARN  GameWorld            - Attempted to remove entity which is not active
15:56:11.576 [JavaFX Application Thread] WARN  GameWorld            - Entity is already attached to world
15:56:12.585 [JavaFX Application Thread] WARN  GameWorld            - Attempted to remove entity which is not active
15:56:14.617 [JavaFX Application Thread] WARN  GameWorld            - Attempted to remove entity which is not active
15:56:14.776 [JavaFX Application Thread] WARN  GameWorld            - Attempted to remove entity which is not active
15:56:15.273 [JavaFX Application Thread] WARN  GameWorld            - Attempted to remove entity which is not active
15:56:15.592 [JavaFX Application Thread] WARN  GameWorld            - Attempted to remove entity which is not active
15:56:15.769 [JavaFX Application Thread] WARN  GameWorld            - Attempted to remove entity which is not active
15:56:15.912 [JavaFX Application Thread] WARN  GameWorld            - Attempted to remove entity which is not active
15:56:16.008 [JavaFX Application Thread] WARN  GameWorld            - Attempted to remove entity which is not active
15:56:18.232 [JavaFX Application Thread] WARN  GameWorld            - Attempted to remove entity which is not active
15:56:18.232 [JavaFX Application Thread] WARN  GameWorld            - Attempted to remove entity which is not active
15:56:18.327 [JavaFX Application Thread] WARN  GameWorld            - Attempted to remove entity which is not active
15:56:18.488 [JavaFX Application Thread] WARN  GameWorld            - Attempted to remove entity which is not active
15:56:19.611 [JavaFX Application Thread] WARN  GameWorld            - Attempted to remove entity which is not active
15:56:19.736 [JavaFX Application Thread] WARN  GameWorld            - Attempted to remove entity which is not active
15:56:19.975 [JavaFX Application Thread] WARN  GameWorld            - Attempted to remove entity which is not active
15:56:19.976 [JavaFX Application Thread] WARN  GameWorld            - Entity is already attached to world
15:56:20.888 [JavaFX Application Thread] WARN  GameWorld            - Attempted to remove entity which is not active
15:56:21.275 [JavaFX Application Thread] WARN  GameWorld            - Attempted to remove entity which is not active
15:56:21.399 [JavaFX Application Thread] WARN  GameWorld            - Attempted to remove entity which is not active
15:56:21.591 [JavaFX Application Thread] WARN  GameWorld            - Attempted to remove entity which is not active
15:56:21.623 [JavaFX Application Thread] WARN  GameWorld            - Attempted to remove entity which is not active
15:56:21.754 [JavaFX Application Thread] WARN  GameWorld            - Attempted to remove entity which is not active
15:56:22.984 [JavaFX Application Thread] WARN  GameWorld            - Attempted to remove entity which is not active
15:56:23.159 [JavaFX Application Thread] WARN  GameWorld            - Attempted to remove entity which is not active
15:56:23.559 [JavaFX Application Thread] WARN  GameWorld            - Attempted to remove entity which is not active
15:56:23.560 [JavaFX Application Thread] WARN  GameWorld            - Attempted to remove entity which is not active
15:56:23.720 [JavaFX Application Thread] WARN  GameWorld            - Attempted to remove entity which is not active
15:56:23.738 [JavaFX Application Thread] WARN  GameWorld            - Attempted to remove entity which is not active
15:56:23.852 [JavaFX Application Thread] WARN  GameWorld            - Attempted to remove entity which is not active
15:56:23.946 [JavaFX Application Thread] WARN  GameWorld            - Attempted to remove entity which is not active
15:56:24.168 [JavaFX Application Thread] WARN  GameWorld            - Attempted to remove entity which is not active
15:56:24.168 [JavaFX Application Thread] WARN  GameWorld            - Attempted to remove entity which is not active
15:56:24.392 [JavaFX Application Thread] WARN  GameWorld            - Attempted to remove entity which is not active
15:56:24.889 [JavaFX Application Thread] WARN  GameWorld            - Attempted to remove entity which is not active
15:56:25.178 [JavaFX Application Thread] WARN  GameWorld            - Attempted to remove entity which is not active
15:56:25.290 [JavaFX Application Thread] WARN  GameWorld            - Attempted to remove entity which is not active
15:56:25.291 [JavaFX Application Thread] WARN  GameWorld            - Entity is already attached to world
15:56:25.354 [JavaFX Application Thread] WARN  GameWorld            - Attempted to remove entity which is not active
15:56:25.354 [JavaFX Application Thread] WARN  GameWorld            - Attempted to remove entity which is not active
15:56:25.448 [JavaFX Application Thread] WARN  GameWorld            - Attempted to remove entity which is not active
15:56:25.448 [JavaFX Application Thread] WARN  GameWorld            - Attempted to remove entity which is not active
15:56:25.783 [JavaFX Application Thread] WARN  GameWorld            - Attempted to remove entity which is not active
15:56:25.865 [JavaFX Application Thread] WARN  GameWorld            - Attempted to remove entity which is not active
15:56:25.865 [JavaFX Application Thread] WARN  GameWorld            - Attempted to remove entity which is not active
15:56:25.975 [JavaFX Application Thread] WARN  GameWorld            - Attempted to remove entity which is not active
15:56:27.096 [JavaFX Application Thread] WARN  GameWorld            - Attempted to remove entity which is not active
15:56:27.098 [JavaFX Application Thread] WARN  GameWorld            - Attempted to remove entity which is not active
15:56:27.128 [JavaFX Application Thread] WARN  GameWorld            - Attempted to remove entity which is not active
15:56:27.703 [JavaFX Application Thread] WARN  GameWorld            - Attempted to remove entity which is not active
15:56:27.703 [JavaFX Application Thread] WARN  GameWorld            - Attempted to remove entity which is not active
15:56:28.281 [JavaFX Application Thread] WARN  GameWorld            - Attempted to remove entity which is not active
15:56:28.281 [JavaFX Application Thread] WARN  GameWorld            - Attempted to remove entity which is not active
15:56:28.376 [JavaFX Application Thread] WARN  GameWorld            - Attempted to remove entity which is not active
15:56:28.968 [JavaFX Application Thread] WARN  GameWorld            - Attempted to remove entity which is not active
15:56:29.016 [JavaFX Application Thread] WARN  GameWorld            - Attempted to remove entity which is not active
15:56:29.077 [JavaFX Application Thread] DEBUG FXGLAssetLoaderServi - Loading from file system: file:/C:/Users/narro/git/CS4900G2Proj2/Dawnseeker/target/classes/assets/sounds/yoda_death.wav
15:56:29.083 [JavaFX Application Thread] DEBUG AudioPlayer          - Stopping music com.almasb.fxgl.audio.Music@78827a1e
15:56:29.084 [JavaFX Application Thread] DEBUG AudioPlayer          - Stopping music com.almasb.fxgl.audio.Music@1cb3a796
15:56:29.084 [JavaFX Application Thread] DEBUG Input                - Clearing active input actions
15:56:29.093 [JavaFX Application Thread] DEBUG GameApplicationServi - Removing overlay from GameScene and adding to FXGLMainMenuDummyScene
15:56:29.093 [JavaFX Application Thread] DEBUG PrimaryStageWindow   - GameScene -> FXGLMainMenuDummyScene
15:56:29.093 [JavaFX Application Thread] DEBUG PrimaryStageWindow   - Push state: DawnseekerMenu
15:56:29.093 [JavaFX Application Thread] DEBUG Input                - Clearing active input actions
15:56:29.093 [JavaFX Application Thread] DEBUG GameApplicationServi - Removing overlay from FXGLMainMenuDummyScene and adding to DawnseekerMenu
15:56:29.093 [JavaFX Application Thread] DEBUG PrimaryStageWindow   - FXGLMainMenuDummyScene -> DawnseekerMenu
15:56:29.093 [JavaFX Application Thread] DEBUG AudioPlayer          - Playing music com.almasb.fxgl.audio.Music@78827a1e
15:56:30.239 [JavaFX Application Thread] DEBUG FXGLApplication      - Exiting FXGL
15:56:30.239 [JavaFX Application Thread] DEBUG LoopRunner           - Stopping loop
15:56:30.239 [JavaFX Application Thread] DEBUG SystemBundleService  - Saving FXGL system data
15:56:30.244 [JavaFX Application Thread] DEBUG FileSystemAccess     - Writing to: C:\Users\narro\git\CS4900G2Proj2\Dawnseeker\system\fxgl.bundle
15:56:30.251 [JavaFX Application Thread] DEBUG Async                - Shutting down background threads
15:56:30.252 [JavaFX Application Thread] DEBUG PrimaryStageWindow   - Closing main window
15:56:30.266 [JavaFX Application Thread] DEBUG Logger               - Closing Logger
