15:19:40.624 [main                     ] DEBUG Logger               - Configured Logger
15:19:40.646 [main                     ] DEBUG GameApplication      - Logging settings
Title: Dawnseeker
Version: 0.2
Width: 1024
Height: 1024
Fullscreen: false
Intro: false
Profiling: false
Single step:false
App Mode: DEVELOPER
Menu Key: ESCAPE
Stage Style: DECORATED
Scene Factory: class com.almasb.fxgl.app.scene.SceneFactory

15:19:40.985 [JavaFX Application Thread] DEBUG FXGLApplication      - Initializing FXGL
15:19:40.989 [JavaFX Application Thread] INFO  Engine               - FXGL-17.2 (20.08.2022 16.50) on WINDOWS (J:19.0.2 FX:18)
15:19:40.989 [JavaFX Application Thread] DEBUG Engine               - JRE Vendor Name: Eclipse Adoptium
15:19:40.990 [JavaFX Application Thread] DEBUG Engine               - Running on OS: Windows 10 version 10.0
15:19:40.990 [JavaFX Application Thread] DEBUG Engine               - Architecture: amd64
15:19:40.990 [JavaFX Application Thread] INFO  Engine               - Source code and latest versions at: https://github.com/AlmasB/FXGL
15:19:40.990 [JavaFX Application Thread] INFO  Engine               -       Ask questions and discuss at: https://github.com/AlmasB/FXGL/discussions
15:19:40.990 [JavaFX Application Thread] INFO  Engine               -              Join the FXGL chat at: https://gitter.im/AlmasB/FXGL
15:19:41.096 [JavaFX Application Thread] DEBUG PrimaryStageWindow   - Creating a JavaFX scene
15:19:41.096 [JavaFX Application Thread] DEBUG PrimaryStageWindow   - Target size > screen size
15:19:41.138 [JavaFX Application Thread] DEBUG PrimaryStageWindow   - Target settings size: 1024.0 x 1024.0
15:19:41.139 [JavaFX Application Thread] DEBUG PrimaryStageWindow   - Scaled scene size:    839.0 x 864.0
15:19:41.139 [JavaFX Application Thread] DEBUG PrimaryStageWindow   - Scaled ratio: (0.8193359375, 0.84375)
15:19:41.140 [JavaFX Application Thread] DEBUG PrimaryStageWindow   - Set initial scene to FXGLStartupScene
15:19:41.147 [JavaFX Application Thread] DEBUG PrimaryStageWindow   - Opening main window
15:19:41.242 [JavaFX Application Thread] DEBUG PrimaryStageWindow   - Window border size: (14.5999755859375, 37.5999755859375)
15:19:41.242 [JavaFX Application Thread] DEBUG PrimaryStageWindow   - Scaled size: 839.0 x 864.0
15:19:41.242 [JavaFX Application Thread] DEBUG PrimaryStageWindow   - Scaled ratio: (0.8193359375, 0.84375)
15:19:41.242 [JavaFX Application Thread] DEBUG PrimaryStageWindow   - Scene size: 839.0 x 864.0
15:19:41.242 [JavaFX Application Thread] DEBUG PrimaryStageWindow   - Stage size: 853.5999755859375 x 901.5999755859375
15:19:41.252 [FXGL Background Thread 1 ] DEBUG Engine               - Initializing environment variables
15:19:41.315 [FXGL Background Thread 1 ] DEBUG FXGLAssetLoaderServi - User app class for loading assets: class myGame.DawnseekerApp
15:19:41.315 [FXGL Background Thread 1 ] DEBUG GameApplicationServi - Applying CSS: fxgl_dark.css
15:19:41.319 [FXGL Background Thread 1 ] DEBUG FXGLAssetLoaderServi - Loading from file system: jar:file:/C:/Users/Eartm/.m2/repository/com/github/almasb/fxgl/17.2/fxgl-17.2.jar!/fxglassets/ui/css/fxgl_dark.css
15:19:41.360 [FXGL Background Thread 1 ] DEBUG GameApplicationServi - Initializing application scenes
15:19:41.403 [FXGL Background Thread 1 ] DEBUG GameWorld            - Game world initialized
15:19:41.459 [FXGL Background Thread 1 ] DEBUG PhysicsWorld         - Physics world initialized: appHeight=1024, physics.ppm=50.0
15:19:41.461 [FXGL Background Thread 1 ] DEBUG PhysicsWorld         - Using strategy: BRUTE_FORCE
15:19:41.465 [FXGL Background Thread 1 ] DEBUG GameScene            - Game scene initialized: 1024x1024
15:19:41.478 [FXGL Background Thread 1 ] DEBUG FXGL.DefaultMenu     - createMenuBodyMainMenu()
15:19:41.495 [FXGL Background Thread 1 ] DEBUG FXGL.DefaultMenu     - createOptionsMenu()
15:19:41.507 [FXGL Background Thread 1 ] DEBUG FXGLAssetLoaderServi - Loading from file system: jar:file:/C:/Users/Eartm/.m2/repository/com/github/almasb/fxgl/17.2/fxgl-17.2.jar!/fxglassets/textures/particles/smoke.png
15:19:41.592 [FXGL Background Thread 1 ] DEBUG FXGLAssetLoaderServi - Loading from file system: jar:file:/C:/Users/Eartm/.m2/repository/com/github/almasb/fxgl/17.2/fxgl-17.2.jar!/fxglassets/textures/particles/trace_horizontal.png
15:19:41.619 [FXGL Background Thread 1 ] DEBUG FXGL.DefaultMenu     - createMenuBodyGameMenu()
15:19:41.620 [FXGL Background Thread 1 ] DEBUG FXGL.DefaultMenu     - createOptionsMenu()
15:19:41.633 [FXGL Background Thread 1 ] DEBUG GameApplicationServi - Application scenes initialized
15:19:41.645 [FXGL Background Thread 1 ] DEBUG SystemBundleService  - Loading FXGL system data
15:19:41.651 [FXGL Background Thread 1 ] DEBUG FileSystemAccess     - Reading from: C:\Users\Eartm\git\CS4900G2Proj2\Dawnseeker\system\fxgl.bundle
15:19:41.660 [FXGL Background Thread 1 ] DEBUG SystemBundleService  - Bundle FXGL: {}
15:19:41.660 [FXGL Background Thread 1 ] DEBUG UpdaterService       - Checking for updates
15:19:41.663 [FXGL Background Thread 4 ] DEBUG FXGLApplication      - Loading fonts
15:19:41.664 [FXGL Background Thread 4 ] DEBUG FXGLAssetLoaderServi - Loading from file system: jar:file:/C:/Users/Eartm/.m2/repository/com/github/almasb/fxgl/17.2/fxgl-17.2.jar!/fxglassets/ui/fonts/VarelaRound-Regular.ttf
15:19:41.664 [FXGL Background Thread 1 ] DEBUG FXGLApplication      - Loading default localization
15:19:41.664 [FXGL Background Thread 1 ] DEBUG FXGLAssetLoaderServi - Loading from file system: jar:file:/C:/Users/Eartm/.m2/repository/com/github/almasb/fxgl/17.2/fxgl-17.2.jar!/fxglassets/languages/english.lang
15:19:41.693 [FXGL Background Thread 1 ] INFO  FXGLApplication      - FXGL initialization took: 0.440 sec
15:19:41.698 [JavaFX Application Thread] DEBUG Input                - Registered new binding: action0 - LMB
15:19:41.706 [JavaFX Application Thread] DEBUG Input                - Registered new binding: Up - W
15:19:41.706 [JavaFX Application Thread] DEBUG Input                - Registered new binding: Down - S
15:19:41.706 [JavaFX Application Thread] DEBUG Input                - Registered new binding: Right - D
15:19:41.706 [JavaFX Application Thread] DEBUG Input                - Registered new binding: Left - A
15:19:41.707 [JavaFX Application Thread] DEBUG FXGLAssetLoaderServi - Loading from file system: jar:file:/C:/Users/Eartm/.m2/repository/com/github/almasb/fxgl/17.2/fxgl-17.2.jar!/fxglassets/textures/fxgl_icon.png
15:19:41.726 [JavaFX Application Thread] DEBUG FXGLAssetLoaderServi - Loading from file system: jar:file:/C:/Users/Eartm/.m2/repository/com/github/almasb/fxgl/17.2/fxgl-17.2.jar!/fxglassets/textures/fxgl_default_cursor.png
15:19:41.728 [JavaFX Application Thread] DEBUG Input                - Registered new binding: Screenshot - CTRL+8
15:19:41.728 [JavaFX Application Thread] DEBUG Input                - Registered new binding: System info dump - CTRL+9
15:19:41.729 [JavaFX Application Thread] DEBUG Input                - Registered new binding: Restart - CTRL+R
15:19:41.730 [JavaFX Application Thread] DEBUG Input                - Registered new binding: Toggle Debug Camera - CTRL+7
15:19:41.733 [JavaFX Application Thread] DEBUG LoopRunner           - Starting loop
15:19:41.733 [JavaFX Application Thread] DEBUG LoopRunner           - Initializing JavaFX AnimationTimerLoop
15:19:41.737 [JavaFX Application Thread] DEBUG Input                - Clearing active input actions
15:19:41.743 [JavaFX Application Thread] DEBUG GameApplicationServi - Removing overlay from FXGLStartupScene and adding to FXGLMainMenuDummyScene
15:19:41.744 [JavaFX Application Thread] DEBUG PrimaryStageWindow   - FXGLStartupScene -> FXGLMainMenuDummyScene
15:19:41.744 [JavaFX Application Thread] DEBUG PrimaryStageWindow   - Push state: FXGLDefaultMenu
15:19:41.751 [JavaFX Application Thread] DEBUG Input                - Clearing active input actions
15:19:41.752 [FXGL Background Thread 4 ] DEBUG FXGLAssetLoaderServi - Loading from file system: jar:file:/C:/Users/Eartm/.m2/repository/com/github/almasb/fxgl/17.2/fxgl-17.2.jar!/fxglassets/ui/fonts/Abel-Regular.ttf
15:19:41.762 [JavaFX Application Thread] DEBUG GameApplicationServi - Removing overlay from FXGLMainMenuDummyScene and adding to FXGLDefaultMenu
15:19:41.762 [JavaFX Application Thread] DEBUG PrimaryStageWindow   - FXGLMainMenuDummyScene -> FXGLDefaultMenu
15:19:41.765 [FXGL Background Thread 4 ] DEBUG FXGLAssetLoaderServi - Loading from file system: jar:file:/C:/Users/Eartm/.m2/repository/com/github/almasb/fxgl/17.2/fxgl-17.2.jar!/fxglassets/ui/fonts/TerminalLandMono-Regular.otf
15:19:41.779 [FXGL Background Thread 4 ] DEBUG FXGLAssetLoaderServi - Loading from file system: jar:file:/C:/Users/Eartm/.m2/repository/com/github/almasb/fxgl/17.2/fxgl-17.2.jar!/fxglassets/ui/fonts/Courier-Prime.ttf
15:19:41.854 [JavaFX Application Thread] DEBUG FXGLApplication      - Registering font factories with UI factory
15:19:42.754 [JavaFX Application Thread] DEBUG Menu                 - fireNewGame()
15:19:42.754 [JavaFX Application Thread] DEBUG GameApplicationServi - Starting new game
15:19:42.756 [JavaFX Application Thread] DEBUG PrimaryStageWindow   - Pop state: FXGLDefaultMenu
15:19:42.757 [JavaFX Application Thread] DEBUG Input                - Clearing active input actions
15:19:42.757 [JavaFX Application Thread] DEBUG GameApplicationServi - Removing overlay from FXGLDefaultMenu and adding to FXGLMainMenuDummyScene
15:19:42.758 [JavaFX Application Thread] DEBUG PrimaryStageWindow   - FXGLMainMenuDummyScene <- FXGLDefaultMenu
15:19:42.758 [JavaFX Application Thread] DEBUG Input                - Clearing active input actions
15:19:42.769 [JavaFX Application Thread] DEBUG GameApplicationServi - Removing overlay from FXGLMainMenuDummyScene and adding to FXGLLoadingScene
15:19:42.770 [JavaFX Application Thread] DEBUG PrimaryStageWindow   - FXGLMainMenuDummyScene -> FXGLLoadingScene
15:19:42.770 [JavaFX Application Thread] DEBUG GameApplicationServi - Clearing previous game
15:19:42.771 [JavaFX Application Thread] DEBUG GameScene            - Clearing game scene
15:19:42.771 [JavaFX Application Thread] DEBUG GameWorld            - Clearing game world
15:19:42.771 [JavaFX Application Thread] DEBUG PhysicsWorld         - Clearing physics world
15:19:42.772 [FXGL Background Thread 2 ] DEBUG FXGLApplication      - Initializing game
15:19:42.779 [FXGL Background Thread 2 ] DEBUG FXGLAssetLoaderServi - Loading from file system: file:/C:/Users/Eartm/git/CS4900G2Proj2/Dawnseeker/target/classes/assets/music/heartache.mp3
15:19:42.944 [FXGL Background Thread 2 ] DEBUG AudioPlayer          - Playing music com.almasb.fxgl.audio.Music@1732cb55
15:19:42.955 [FXGL Background Thread 2 ] DEBUG FXGLAssetLoaderServi - Loading from file system: file:/C:/Users/Eartm/git/CS4900G2Proj2/Dawnseeker/target/classes/assets/textures/DawnseekerPCV2.png
15:19:42.961 [FXGL Background Thread 2 ] DEBUG FXGLAssetLoaderServi - Loading from file system: file:/C:/Users/Eartm/git/CS4900G2Proj2/Dawnseeker/target/classes/assets/textures/DawnseekerPCV2Down.png
15:19:42.963 [FXGL Background Thread 2 ] DEBUG FXGLAssetLoaderServi - Loading from file system: file:/C:/Users/Eartm/git/CS4900G2Proj2/Dawnseeker/target/classes/assets/textures/DawnseekerPCV2Up.png
15:19:42.964 [FXGL Background Thread 2 ] DEBUG FXGLAssetLoaderServi - Loading from file system: file:/C:/Users/Eartm/git/CS4900G2Proj2/Dawnseeker/target/classes/assets/textures/DawnseekerPCV2Right.png
15:19:42.966 [FXGL Background Thread 2 ] DEBUG FXGLAssetLoaderServi - Loading from file system: file:/C:/Users/Eartm/git/CS4900G2Proj2/Dawnseeker/target/classes/assets/textures/DawnseekerPCV2Left.png
15:19:42.989 [FXGL Background Thread 2 ] WARN  GameWorld            - Entity is already attached to world
15:19:42.990 [FXGL Background Thread 2 ] WARN  Entity               - Entity already has component: com.almasb.fxgl.entity.components.CollidableComponent
15:19:42.991 [FXGL Background Thread 2 ] WARN  GameWorld            - Entity is already attached to world
15:19:42.992 [FXGL Background Thread 2 ] WARN  Entity               - Entity already has component: com.almasb.fxgl.entity.components.CollidableComponent
15:19:42.992 [FXGL Background Thread 2 ] WARN  GameWorld            - Entity is already attached to world
15:19:42.993 [FXGL Background Thread 2 ] WARN  Entity               - Entity already has component: com.almasb.fxgl.entity.components.CollidableComponent
15:19:42.993 [FXGL Background Thread 2 ] WARN  GameWorld            - Entity is already attached to world
15:19:42.994 [FXGL Background Thread 2 ] WARN  Entity               - Entity already has component: com.almasb.fxgl.entity.components.CollidableComponent
15:19:42.994 [FXGL Background Thread 2 ] WARN  GameWorld            - Entity is already attached to world
15:19:43.018 [FXGL Background Thread 2 ] INFO  FXGLApplication      - Game initialization took: 0.245 sec
15:19:43.021 [JavaFX Application Thread] DEBUG Input                - Clearing active input actions
15:19:43.026 [JavaFX Application Thread] DEBUG GameApplicationServi - Removing overlay from FXGLLoadingScene and adding to GameScene
15:19:43.026 [JavaFX Application Thread] DEBUG PrimaryStageWindow   - FXGLLoadingScene -> GameScene
15:19:43.371 [JavaFX Application Thread] DEBUG FXGLAssetLoaderServi - Loading from file system: file:/C:/Users/Eartm/git/CS4900G2Proj2/Dawnseeker/target/classes/assets/sounds/magic_missile.wav
15:19:43.377 [JavaFX Application Thread] DEBUG FXGLAssetLoaderServi - Loading from file system: file:/C:/Users/Eartm/git/CS4900G2Proj2/Dawnseeker/target/classes/assets/textures/FireBallProjectile.png
15:19:43.486 [JavaFX Application Thread] DEBUG FXGLAssetLoaderServi - Loading from file system: file:/C:/Users/Eartm/git/CS4900G2Proj2/Dawnseeker/target/classes/assets/textures/EnemyDawnseeker.png
15:19:44.287 [JavaFX Application Thread] DEBUG FXGLAssetLoaderServi - Loading from file system: file:/C:/Users/Eartm/git/CS4900G2Proj2/Dawnseeker/target/classes/assets/sounds/bong.wav
15:19:44.664 [FXGL Background Thread 3 ] DEBUG Engine               - Logging environment variables
15:19:44.664 [FXGL Background Thread 3 ] DEBUG Engine               - achievements: []
15:19:44.664 [FXGL Background Thread 3 ] DEBUG Engine               - actualHeight: 864.0
15:19:44.665 [FXGL Background Thread 3 ] DEBUG Engine               - actualHeightProperty: ReadOnlyDoubleProperty [value: 864.0]
15:19:44.665 [FXGL Background Thread 3 ] DEBUG Engine               - actualWidth: 839.0
15:19:44.665 [FXGL Background Thread 3 ] DEBUG Engine               - actualWidthProperty: ReadOnlyDoubleProperty [value: 839.0]
15:19:44.665 [FXGL Background Thread 3 ] DEBUG Engine               - appIcon: fxgl_icon.png
15:19:44.665 [FXGL Background Thread 3 ] DEBUG Engine               - applicationMode: DEVELOPER
15:19:44.665 [FXGL Background Thread 3 ] DEBUG Engine               - cSSList: [fxgl_dark.css]
15:19:44.665 [FXGL Background Thread 3 ] DEBUG Engine               - collisionDetectionStrategy: BRUTE_FORCE
15:19:44.665 [FXGL Background Thread 3 ] DEBUG Engine               - configClass: Optional.empty
15:19:44.665 [FXGL Background Thread 3 ] DEBUG Engine               - credits: []
15:19:44.665 [FXGL Background Thread 3 ] DEBUG Engine               - defaultCursor: CursorInfo(imageName=fxgl_default_cursor.png, hotspotX=7.0, hotspotY=6.0)
15:19:44.665 [FXGL Background Thread 3 ] DEBUG Engine               - devBBoxColorProperty: ObjectProperty [value: 0xff0000ff]
15:19:44.665 [FXGL Background Thread 3 ] DEBUG Engine               - devEnableDebugCameraProperty: BooleanProperty [value: false]
15:19:44.665 [FXGL Background Thread 3 ] DEBUG Engine               - devSensorColorProperty: ObjectProperty [value: 0xffff00ff]
15:19:44.665 [FXGL Background Thread 3 ] DEBUG Engine               - devShowBBoxProperty: BooleanProperty [value: false]
15:19:44.666 [FXGL Background Thread 3 ] DEBUG Engine               - devShowPositionProperty: BooleanProperty [value: false]
15:19:44.666 [FXGL Background Thread 3 ] DEBUG Engine               - enabledMenuItems: []
15:19:44.666 [FXGL Background Thread 3 ] DEBUG Engine               - engineServices: [class com.almasb.fxgl.app.services.FXGLAssetLoaderService, class com.almasb.fxgl.app.FXGLApplication$GameApplicationService, class com.almasb.fxgl.app.services.FXGLDialogService, class com.almasb.fxgl.app.services.IOTaskExecutorService, class com.almasb.fxgl.io.FileSystemService, class com.almasb.fxgl.localization.LocalizationService, class com.almasb.fxgl.app.services.SystemBundleService, class com.almasb.fxgl.profile.SaveLoadService, class com.almasb.fxgl.ui.FXGLUIFactoryServiceProvider, class com.almasb.fxgl.ui.FXGLDialogFactoryServiceProvider, class com.almasb.fxgl.audio.AudioPlayer, class com.almasb.fxgl.notification.impl.NotificationServiceProvider, class com.almasb.fxgl.achievement.AchievementService, class com.almasb.fxgl.cutscene.CutsceneService, class com.almasb.fxgl.minigames.MiniGameService, class com.almasb.fxgl.net.NetService, class com.almasb.fxgl.app.services.UpdaterService, class com.almasb.fxgl.dev.DevService]
15:19:44.666 [FXGL Background Thread 3 ] DEBUG Engine               - fontGame: Abel-Regular.ttf
15:19:44.666 [FXGL Background Thread 3 ] DEBUG Engine               - fontMono: TerminalLandMono-Regular.otf
15:19:44.666 [FXGL Background Thread 3 ] DEBUG Engine               - fontText: Courier-Prime.ttf
15:19:44.666 [FXGL Background Thread 3 ] DEBUG Engine               - fontUI: VarelaRound-Regular.ttf
15:19:44.666 [FXGL Background Thread 3 ] DEBUG Engine               - fullScreen: BooleanProperty [value: false]
15:19:44.666 [FXGL Background Thread 3 ] DEBUG Engine               - gameDifficulty: MEDIUM
15:19:44.667 [FXGL Background Thread 3 ] DEBUG Engine               - gameDifficultyProperty: ObjectProperty [value: MEDIUM]
15:19:44.667 [FXGL Background Thread 3 ] DEBUG Engine               - globalMusicVolume: 0.5
15:19:44.667 [FXGL Background Thread 3 ] DEBUG Engine               - globalMusicVolumeProperty: DoubleProperty [value: 0.5]
15:19:44.667 [FXGL Background Thread 3 ] DEBUG Engine               - globalSoundVolume: 0.5
15:19:44.667 [FXGL Background Thread 3 ] DEBUG Engine               - globalSoundVolumeProperty: DoubleProperty [value: 0.5]
15:19:44.667 [FXGL Background Thread 3 ] DEBUG Engine               - height: 1024
15:19:44.667 [FXGL Background Thread 3 ] DEBUG Engine               - is3D: false
15:19:44.667 [FXGL Background Thread 3 ] DEBUG Engine               - isAndroid: false
15:19:44.667 [FXGL Background Thread 3 ] DEBUG Engine               - isBrowser: false
15:19:44.667 [FXGL Background Thread 3 ] DEBUG Engine               - isClickFeedbackEnabled: false
15:19:44.667 [FXGL Background Thread 3 ] DEBUG Engine               - isCloseConfirmation: false
15:19:44.668 [FXGL Background Thread 3 ] DEBUG Engine               - isDesktop: true
15:19:44.668 [FXGL Background Thread 3 ] DEBUG Engine               - isDeveloperMenuEnabled: false
15:19:44.668 [FXGL Background Thread 3 ] DEBUG Engine               - isEmbedded: false
15:19:44.668 [FXGL Background Thread 3 ] DEBUG Engine               - isEntityPreloadEnabled: true
15:19:44.668 [FXGL Background Thread 3 ] DEBUG Engine               - isExperimentalTiledLargeMap: false
15:19:44.668 [FXGL Background Thread 3 ] DEBUG Engine               - isFileSystemWriteAllowed: true
15:19:44.668 [FXGL Background Thread 3 ] DEBUG Engine               - isFullScreenAllowed: false
15:19:44.668 [FXGL Background Thread 3 ] DEBUG Engine               - isFullScreenFromStart: false
15:19:44.668 [FXGL Background Thread 3 ] DEBUG Engine               - isGameMenuEnabled: true
15:19:44.668 [FXGL Background Thread 3 ] DEBUG Engine               - isIOS: false
15:19:44.668 [FXGL Background Thread 3 ] DEBUG Engine               - isIntroEnabled: false
15:19:44.668 [FXGL Background Thread 3 ] DEBUG Engine               - isLinux: false
15:19:44.668 [FXGL Background Thread 3 ] DEBUG Engine               - isMac: false
15:19:44.668 [FXGL Background Thread 3 ] DEBUG Engine               - isMainMenuEnabled: true
15:19:44.668 [FXGL Background Thread 3 ] DEBUG Engine               - isManualResizeEnabled: false
15:19:44.668 [FXGL Background Thread 3 ] DEBUG Engine               - isMobile: false
15:19:44.669 [FXGL Background Thread 3 ] DEBUG Engine               - isNative: false
15:19:44.669 [FXGL Background Thread 3 ] DEBUG Engine               - isPauseMusicWhenMinimized: true
15:19:44.669 [FXGL Background Thread 3 ] DEBUG Engine               - isPreserveResizeRatio: false
15:19:44.669 [FXGL Background Thread 3 ] DEBUG Engine               - isProfilingEnabled: false
15:19:44.669 [FXGL Background Thread 3 ] DEBUG Engine               - isScaleAffectedOnResize: true
15:19:44.669 [FXGL Background Thread 3 ] DEBUG Engine               - isSingleStep: false
15:19:44.669 [FXGL Background Thread 3 ] DEBUG Engine               - isUserProfileEnabled: false
15:19:44.669 [FXGL Background Thread 3 ] DEBUG Engine               - isWindows: true
15:19:44.670 [FXGL Background Thread 3 ] DEBUG Engine               - language: ObjectProperty [value: ENGLISH]
15:19:44.670 [FXGL Background Thread 3 ] DEBUG Engine               - menuKey: ESCAPE
15:19:44.670 [FXGL Background Thread 3 ] DEBUG Engine               - mouseSensitivity: 0.2
15:19:44.670 [FXGL Background Thread 3 ] DEBUG Engine               - notificationViewClass: class com.almasb.fxgl.notification.view.XboxNotificationView
15:19:44.670 [FXGL Background Thread 3 ] DEBUG Engine               - pixelsPerMeter: 50.0
15:19:44.670 [FXGL Background Thread 3 ] DEBUG Engine               - platform: WINDOWS
15:19:44.670 [FXGL Background Thread 3 ] DEBUG Engine               - prefHeightProperty: ReadOnlyDoubleProperty [value: 1024.0]
15:19:44.670 [FXGL Background Thread 3 ] DEBUG Engine               - prefWidthProperty: ReadOnlyDoubleProperty [value: 1024.0]
15:19:44.670 [FXGL Background Thread 3 ] DEBUG Engine               - profileDir: profiles/
15:19:44.670 [FXGL Background Thread 3 ] DEBUG Engine               - profileName: StringProperty [value: DEFAULT]
15:19:44.670 [FXGL Background Thread 3 ] DEBUG Engine               - randomSeed: -1
15:19:44.671 [FXGL Background Thread 3 ] DEBUG Engine               - runtimeInfo: RuntimeInfo(platform=WINDOWS, version=17.2, build=20.08.2022 16.50)
15:19:44.671 [FXGL Background Thread 3 ] DEBUG Engine               - saveFileExt: sav
15:19:44.671 [FXGL Background Thread 3 ] DEBUG Engine               - scaledHeightProp$fxgl: DoubleProperty [bound, value: 864.0]
15:19:44.671 [FXGL Background Thread 3 ] DEBUG Engine               - scaledWidthProp$fxgl: DoubleProperty [bound, value: 839.0]
15:19:44.671 [FXGL Background Thread 3 ] DEBUG Engine               - sceneFactory: com.almasb.fxgl.app.scene.SceneFactory@26c72558
15:19:44.671 [FXGL Background Thread 3 ] DEBUG Engine               - secondsIn24h: 60
15:19:44.671 [FXGL Background Thread 3 ] DEBUG Engine               - soundMenuBack: menu/back.wav
15:19:44.671 [FXGL Background Thread 3 ] DEBUG Engine               - soundMenuPress: menu/press.wav
15:19:44.671 [FXGL Background Thread 3 ] DEBUG Engine               - soundMenuSelect: menu/select.wav
15:19:44.671 [FXGL Background Thread 3 ] DEBUG Engine               - soundNotification: core/notification.wav
15:19:44.671 [FXGL Background Thread 3 ] DEBUG Engine               - stageStyle: DECORATED
15:19:44.671 [FXGL Background Thread 3 ] DEBUG Engine               - supportedLanguages: [ENGLISH, FRENCH, GERMAN, HUNGARIAN, RUSSIAN]
15:19:44.671 [FXGL Background Thread 3 ] DEBUG Engine               - ticksPerSecond: -1
15:19:44.671 [FXGL Background Thread 3 ] DEBUG Engine               - title: Dawnseeker
15:19:44.671 [FXGL Background Thread 3 ] DEBUG Engine               - urlGithub: https://github.com/AlmasB/FXGL
15:19:44.671 [FXGL Background Thread 3 ] DEBUG Engine               - urlLeaderboard: http://fxgl-top.herokuapp.com/
15:19:44.671 [FXGL Background Thread 3 ] DEBUG Engine               - urlPOM: https://raw.githubusercontent.com/AlmasB/FXGL/release/README.md
15:19:44.671 [FXGL Background Thread 3 ] DEBUG Engine               - userAppClass: class myGame.DawnseekerApp
15:19:44.671 [FXGL Background Thread 3 ] DEBUG Engine               - version: 0.2
15:19:44.672 [FXGL Background Thread 3 ] DEBUG Engine               - versionCheckDays: 7
15:19:44.672 [FXGL Background Thread 3 ] DEBUG Engine               - width: 1024
15:19:44.672 [FXGL Background Thread 3 ] DEBUG Engine               - Logging services
15:19:44.672 [FXGL Background Thread 3 ] DEBUG Engine               - class com.almasb.fxgl.app.services.FXGLAssetLoaderService
15:19:44.672 [FXGL Background Thread 3 ] DEBUG Engine               - class com.almasb.fxgl.app.FXGLApplication$GameApplicationService
15:19:44.672 [FXGL Background Thread 3 ] DEBUG Engine               - class com.almasb.fxgl.app.services.FXGLDialogService
15:19:44.672 [FXGL Background Thread 3 ] DEBUG Engine               - class com.almasb.fxgl.app.services.IOTaskExecutorService
15:19:44.672 [FXGL Background Thread 3 ] DEBUG Engine               - class com.almasb.fxgl.io.FileSystemService
15:19:44.672 [FXGL Background Thread 3 ] DEBUG Engine               - class com.almasb.fxgl.localization.LocalizationService
15:19:44.672 [FXGL Background Thread 3 ] DEBUG Engine               - class com.almasb.fxgl.app.services.SystemBundleService
15:19:44.672 [FXGL Background Thread 3 ] DEBUG Engine               - class com.almasb.fxgl.profile.SaveLoadService
15:19:44.672 [FXGL Background Thread 3 ] DEBUG Engine               - class com.almasb.fxgl.ui.FXGLUIFactoryServiceProvider
15:19:44.672 [FXGL Background Thread 3 ] DEBUG Engine               - class com.almasb.fxgl.ui.FXGLDialogFactoryServiceProvider
15:19:44.672 [FXGL Background Thread 3 ] DEBUG Engine               - class com.almasb.fxgl.audio.AudioPlayer
15:19:44.672 [FXGL Background Thread 3 ] DEBUG Engine               - class com.almasb.fxgl.notification.impl.NotificationServiceProvider
15:19:44.672 [FXGL Background Thread 3 ] DEBUG Engine               - class com.almasb.fxgl.achievement.AchievementService
15:19:44.672 [FXGL Background Thread 3 ] DEBUG Engine               - class com.almasb.fxgl.cutscene.CutsceneService
15:19:44.672 [FXGL Background Thread 3 ] DEBUG Engine               - class com.almasb.fxgl.minigames.MiniGameService
15:19:44.672 [FXGL Background Thread 3 ] DEBUG Engine               - class com.almasb.fxgl.net.NetService
15:19:44.672 [FXGL Background Thread 3 ] DEBUG Engine               - class com.almasb.fxgl.app.services.UpdaterService
15:19:44.672 [FXGL Background Thread 3 ] DEBUG Engine               - class com.almasb.fxgl.dev.DevService
15:19:46.877 [JavaFX Application Thread] DEBUG FXGLAssetLoaderServi - Loading from file system: file:/C:/Users/Eartm/git/CS4900G2Proj2/Dawnseeker/target/classes/assets/sounds/player_oof.wav
15:19:53.821 [JavaFX Application Thread] DEBUG FXGLAssetLoaderServi - Loading from file system: file:/C:/Users/Eartm/git/CS4900G2Proj2/Dawnseeker/target/classes/assets/sounds/coin_pickup.wav
15:19:56.205 [JavaFX Application Thread] DEBUG FXGLAssetLoaderServi - Loading from file system: file:/C:/Users/Eartm/git/CS4900G2Proj2/Dawnseeker/target/classes/assets/sounds/yoda_death.wav
15:20:10.650 [JavaFX Application Thread] DEBUG FXGLApplication      - Exiting FXGL
15:20:10.650 [JavaFX Application Thread] DEBUG LoopRunner           - Stopping loop
15:20:10.650 [JavaFX Application Thread] DEBUG SystemBundleService  - Saving FXGL system data
15:20:10.652 [JavaFX Application Thread] DEBUG FileSystemAccess     - Writing to: C:\Users\Eartm\git\CS4900G2Proj2\Dawnseeker\system\fxgl.bundle
15:20:10.653 [JavaFX Application Thread] DEBUG Async                - Shutting down background threads
15:20:10.653 [JavaFX Application Thread] DEBUG PrimaryStageWindow   - Closing main window
15:20:10.663 [JavaFX Application Thread] DEBUG Logger               - Closing Logger
