13:29:09.037 [main                     ] DEBUG Logger               - Configured Logger
13:29:09.068 [main                     ] DEBUG GameApplication      - Logging settings
Title: Dawnseeker
Version: 0.4
Width: 1024
Height: 1024
Fullscreen: false
Intro: false
Profiling: false
Single step:false
App Mode: DEVELOPER
Menu Key: ESCAPE
Stage Style: DECORATED
Scene Factory: class myGame.DawnseekerApp$1

13:29:09.541 [JavaFX Application Thread] DEBUG FXGLApplication      - Initializing FXGL
13:29:09.549 [JavaFX Application Thread] INFO  Engine               - FXGL-17.2 (20.08.2022 16.50) on WINDOWS (J:19.0.2 FX:18)
13:29:09.549 [JavaFX Application Thread] DEBUG Engine               - JRE Vendor Name: Oracle Corporation
13:29:09.550 [JavaFX Application Thread] DEBUG Engine               - Running on OS: Windows 10 version 10.0
13:29:09.550 [JavaFX Application Thread] DEBUG Engine               - Architecture: amd64
13:29:09.550 [JavaFX Application Thread] INFO  Engine               - Source code and latest versions at: https://github.com/AlmasB/FXGL
13:29:09.550 [JavaFX Application Thread] INFO  Engine               -       Ask questions and discuss at: https://github.com/AlmasB/FXGL/discussions
13:29:09.551 [JavaFX Application Thread] INFO  Engine               -              Join the FXGL chat at: https://gitter.im/AlmasB/FXGL
13:29:09.700 [JavaFX Application Thread] DEBUG PrimaryStageWindow   - Creating a JavaFX scene
13:29:09.701 [JavaFX Application Thread] DEBUG PrimaryStageWindow   - Target size > screen size
13:29:09.754 [JavaFX Application Thread] DEBUG PrimaryStageWindow   - Target settings size: 1024.0 x 1024.0
13:29:09.754 [JavaFX Application Thread] DEBUG PrimaryStageWindow   - Scaled scene size:    799.0 x 824.0
13:29:09.755 [JavaFX Application Thread] DEBUG PrimaryStageWindow   - Scaled ratio: (0.7802734375, 0.8046875)
13:29:09.756 [JavaFX Application Thread] DEBUG PrimaryStageWindow   - Set initial scene to FXGLStartupScene
13:29:09.764 [JavaFX Application Thread] DEBUG PrimaryStageWindow   - Opening main window
13:29:09.886 [JavaFX Application Thread] DEBUG PrimaryStageWindow   - Window border size: (14.5999755859375, 37.5999755859375)
13:29:09.886 [JavaFX Application Thread] DEBUG PrimaryStageWindow   - Scaled size: 799.0 x 824.0
13:29:09.887 [JavaFX Application Thread] DEBUG PrimaryStageWindow   - Scaled ratio: (0.7802734375, 0.8046875)
13:29:09.887 [JavaFX Application Thread] DEBUG PrimaryStageWindow   - Scene size: 799.0 x 824.0
13:29:09.888 [JavaFX Application Thread] DEBUG PrimaryStageWindow   - Stage size: 813.5999755859375 x 861.5999755859375
13:29:09.902 [FXGL Background Thread 1 ] DEBUG Engine               - Initializing environment variables
13:29:10.000 [FXGL Background Thread 1 ] DEBUG FXGLAssetLoaderServi - User app class for loading assets: class myGame.DawnseekerApp
13:29:10.000 [FXGL Background Thread 1 ] DEBUG GameApplicationServi - Applying CSS: fxgl_dark.css
13:29:10.000 [FXGL Background Thread 1 ] DEBUG FXGLAssetLoaderServi - Loading from file system: jar:file:/C:/Users/narro/.m2/repository/com/github/almasb/fxgl/17.2/fxgl-17.2.jar!/fxglassets/ui/css/fxgl_dark.css
13:29:10.076 [FXGL Background Thread 1 ] DEBUG GameApplicationServi - Initializing application scenes
13:29:10.142 [FXGL Background Thread 1 ] DEBUG GameWorld            - Game world initialized
13:29:10.234 [FXGL Background Thread 1 ] DEBUG PhysicsWorld         - Physics world initialized: appHeight=1024, physics.ppm=50.0
13:29:10.234 [FXGL Background Thread 1 ] DEBUG PhysicsWorld         - Using strategy: BRUTE_FORCE
13:29:10.241 [FXGL Background Thread 1 ] DEBUG GameScene            - Game scene initialized: 1024x1024
13:29:10.241 [FXGL Background Thread 1 ] DEBUG FXGLAssetLoaderServi - Loading from file system: file:/C:/Users/narro/git/CS4900G2Proj2/Dawnseeker/target/classes/assets/music/shop.mp3
13:29:10.416 [FXGL Background Thread 1 ] DEBUG AudioPlayer          - Playing music com.almasb.fxgl.audio.Music@293a2ab1
13:29:10.435 [FXGL Background Thread 1 ] DEBUG FXGLAssetLoaderServi - Loading from file system: file:/C:/Users/narro/git/CS4900G2Proj2/Dawnseeker/target/classes/assets/textures/bg.png
13:29:10.539 [FXGL Background Thread 1 ] DEBUG FXGL.DefaultMenu     - createMenuBodyGameMenu()
13:29:10.556 [FXGL Background Thread 1 ] DEBUG FXGL.DefaultMenu     - createOptionsMenu()
13:29:10.567 [FXGL Background Thread 1 ] DEBUG FXGLAssetLoaderServi - Loading from file system: jar:file:/C:/Users/narro/.m2/repository/com/github/almasb/fxgl/17.2/fxgl-17.2.jar!/fxglassets/textures/particles/smoke.png
13:29:10.688 [FXGL Background Thread 1 ] DEBUG FXGLAssetLoaderServi - Loading from file system: jar:file:/C:/Users/narro/.m2/repository/com/github/almasb/fxgl/17.2/fxgl-17.2.jar!/fxglassets/textures/particles/trace_horizontal.png
13:29:10.709 [FXGL Background Thread 1 ] DEBUG GameApplicationServi - Application scenes initialized
13:29:10.731 [FXGL Background Thread 1 ] DEBUG SystemBundleService  - Loading FXGL system data
13:29:10.737 [FXGL Background Thread 1 ] DEBUG FileSystemAccess     - Reading from: C:\Users\narro\git\CS4900G2Proj2\Dawnseeker\system\fxgl.bundle
13:29:10.750 [FXGL Background Thread 1 ] DEBUG SystemBundleService  - Bundle FXGL: {}
13:29:10.750 [FXGL Background Thread 1 ] DEBUG UpdaterService       - Checking for updates
13:29:10.756 [FXGL Background Thread 4 ] DEBUG FXGLApplication      - Loading fonts
13:29:10.756 [FXGL Background Thread 4 ] DEBUG FXGLAssetLoaderServi - Loading from file system: jar:file:/C:/Users/narro/.m2/repository/com/github/almasb/fxgl/17.2/fxgl-17.2.jar!/fxglassets/ui/fonts/VarelaRound-Regular.ttf
13:29:10.756 [FXGL Background Thread 1 ] DEBUG FXGLApplication      - Loading default localization
13:29:10.757 [FXGL Background Thread 1 ] DEBUG FXGLAssetLoaderServi - Loading from file system: jar:file:/C:/Users/narro/.m2/repository/com/github/almasb/fxgl/17.2/fxgl-17.2.jar!/fxglassets/languages/english.lang
13:29:10.798 [FXGL Background Thread 1 ] INFO  FXGLApplication      - FXGL initialization took: 0.895 sec
13:29:10.807 [JavaFX Application Thread] DEBUG Input                - Registered new binding: action0 - LMB
13:29:10.815 [JavaFX Application Thread] DEBUG Input                - Registered new binding: Up - W
13:29:10.815 [JavaFX Application Thread] DEBUG Input                - Registered new binding: Down - S
13:29:10.816 [JavaFX Application Thread] DEBUG Input                - Registered new binding: Right - D
13:29:10.816 [JavaFX Application Thread] DEBUG Input                - Registered new binding: Left - A
13:29:10.816 [JavaFX Application Thread] DEBUG FXGLAssetLoaderServi - Loading from file system: jar:file:/C:/Users/narro/.m2/repository/com/github/almasb/fxgl/17.2/fxgl-17.2.jar!/fxglassets/textures/fxgl_icon.png
13:29:10.834 [JavaFX Application Thread] DEBUG FXGLAssetLoaderServi - Loading from file system: jar:file:/C:/Users/narro/.m2/repository/com/github/almasb/fxgl/17.2/fxgl-17.2.jar!/fxglassets/textures/fxgl_default_cursor.png
13:29:10.838 [JavaFX Application Thread] DEBUG Input                - Registered new binding: Screenshot - CTRL+8
13:29:10.840 [JavaFX Application Thread] DEBUG Input                - Registered new binding: System info dump - CTRL+9
13:29:10.841 [JavaFX Application Thread] DEBUG Input                - Registered new binding: Restart - CTRL+R
13:29:10.843 [JavaFX Application Thread] DEBUG Input                - Registered new binding: Toggle Debug Camera - CTRL+7
13:29:10.846 [JavaFX Application Thread] DEBUG LoopRunner           - Starting loop
13:29:10.846 [JavaFX Application Thread] DEBUG LoopRunner           - Initializing JavaFX AnimationTimerLoop
13:29:10.849 [JavaFX Application Thread] DEBUG Input                - Clearing active input actions
13:29:10.869 [JavaFX Application Thread] DEBUG GameApplicationServi - Removing overlay from FXGLStartupScene and adding to FXGLMainMenuDummyScene
13:29:10.870 [JavaFX Application Thread] DEBUG PrimaryStageWindow   - FXGLStartupScene -> FXGLMainMenuDummyScene
13:29:10.870 [JavaFX Application Thread] DEBUG PrimaryStageWindow   - Push state: DawnseekerMenu
13:29:10.870 [JavaFX Application Thread] DEBUG Input                - Clearing active input actions
13:29:10.877 [JavaFX Application Thread] DEBUG GameApplicationServi - Removing overlay from FXGLMainMenuDummyScene and adding to DawnseekerMenu
13:29:10.878 [JavaFX Application Thread] DEBUG PrimaryStageWindow   - FXGLMainMenuDummyScene -> DawnseekerMenu
13:29:10.879 [FXGL Background Thread 4 ] DEBUG FXGLAssetLoaderServi - Loading from file system: jar:file:/C:/Users/narro/.m2/repository/com/github/almasb/fxgl/17.2/fxgl-17.2.jar!/fxglassets/ui/fonts/Abel-Regular.ttf
13:29:10.892 [FXGL Background Thread 4 ] DEBUG FXGLAssetLoaderServi - Loading from file system: jar:file:/C:/Users/narro/.m2/repository/com/github/almasb/fxgl/17.2/fxgl-17.2.jar!/fxglassets/ui/fonts/TerminalLandMono-Regular.otf
13:29:10.910 [FXGL Background Thread 4 ] DEBUG FXGLAssetLoaderServi - Loading from file system: jar:file:/C:/Users/narro/.m2/repository/com/github/almasb/fxgl/17.2/fxgl-17.2.jar!/fxglassets/ui/fonts/Courier-Prime.ttf
13:29:10.931 [JavaFX Application Thread] DEBUG FXGLApplication      - Registering font factories with UI factory
13:29:11.320 [FXGL Background Thread 2 ] INFO  UpdaterService       - Your current version:  17.2
13:29:11.320 [FXGL Background Thread 2 ] INFO  UpdaterService       - Latest stable version: 17.3
13:29:12.554 [JavaFX Application Thread] DEBUG FXGLApplication      - Exiting FXGL
13:29:12.554 [JavaFX Application Thread] DEBUG LoopRunner           - Stopping loop
13:29:12.554 [JavaFX Application Thread] DEBUG SystemBundleService  - Saving FXGL system data
13:29:12.560 [JavaFX Application Thread] DEBUG FileSystemAccess     - Writing to: C:\Users\narro\git\CS4900G2Proj2\Dawnseeker\system\fxgl.bundle
13:29:12.567 [JavaFX Application Thread] DEBUG Async                - Shutting down background threads
13:29:12.568 [JavaFX Application Thread] DEBUG PrimaryStageWindow   - Closing main window
13:29:12.592 [JavaFX Application Thread] DEBUG Logger               - Closing Logger
