21:45:55.829 [main                     ] DEBUG Logger               - Configured Logger
21:45:55.854 [main                     ] DEBUG GameApplication      - Logging settings
Title: Dawnseeker
Version: 0.2
Width: 1024
Height: 1024
Fullscreen: false
Intro: false
Profiling: false
Single step:false
App Mode: DEVELOPER
Menu Key: ESCAPE
Stage Style: DECORATED
Scene Factory: class com.almasb.fxgl.app.scene.SceneFactory

21:45:56.243 [JavaFX Application Thread] DEBUG FXGLApplication      - Initializing FXGL
21:45:56.250 [JavaFX Application Thread] INFO  Engine               - FXGL-17.2 (20.08.2022 16.50) on WINDOWS (J:17.0.6 FX:18)
21:45:56.250 [JavaFX Application Thread] DEBUG Engine               - JRE Vendor Name: Eclipse Adoptium
21:45:56.250 [JavaFX Application Thread] DEBUG Engine               - Running on OS: Windows 10 version 10.0
21:45:56.250 [JavaFX Application Thread] DEBUG Engine               - Architecture: amd64
21:45:56.250 [JavaFX Application Thread] INFO  Engine               - Source code and latest versions at: https://github.com/AlmasB/FXGL
21:45:56.251 [JavaFX Application Thread] INFO  Engine               -       Ask questions and discuss at: https://github.com/AlmasB/FXGL/discussions
21:45:56.251 [JavaFX Application Thread] INFO  Engine               -              Join the FXGL chat at: https://gitter.im/AlmasB/FXGL
21:45:56.348 [JavaFX Application Thread] DEBUG PrimaryStageWindow   - Creating a JavaFX scene
21:45:56.398 [JavaFX Application Thread] DEBUG PrimaryStageWindow   - Target settings size: 1024.0 x 1024.0
21:45:56.399 [JavaFX Application Thread] DEBUG PrimaryStageWindow   - Scaled scene size:    1024.0 x 1024.0
21:45:56.399 [JavaFX Application Thread] DEBUG PrimaryStageWindow   - Scaled ratio: (1.0, 1.0)
21:45:56.400 [JavaFX Application Thread] DEBUG PrimaryStageWindow   - Set initial scene to FXGLStartupScene
21:45:56.407 [JavaFX Application Thread] DEBUG PrimaryStageWindow   - Opening main window
21:45:56.494 [JavaFX Application Thread] DEBUG PrimaryStageWindow   - Window border size: (16.0, 39.0)
21:45:56.495 [JavaFX Application Thread] DEBUG PrimaryStageWindow   - Scaled size: 1024.0 x 1024.0
21:45:56.495 [JavaFX Application Thread] DEBUG PrimaryStageWindow   - Scaled ratio: (1.0, 1.0)
21:45:56.495 [JavaFX Application Thread] DEBUG PrimaryStageWindow   - Scene size: 1024.0 x 1024.0
21:45:56.495 [JavaFX Application Thread] DEBUG PrimaryStageWindow   - Stage size: 1040.0 x 1063.0
21:45:56.501 [FXGL Background Thread 1 ] DEBUG Engine               - Initializing environment variables
21:45:56.534 [FXGL Background Thread 1 ] DEBUG FXGLAssetLoaderServi - User app class for loading assets: class myGame.DawnseekerApp
21:45:56.534 [FXGL Background Thread 1 ] DEBUG GameApplicationServi - Applying CSS: fxgl_dark.css
21:45:56.535 [FXGL Background Thread 1 ] DEBUG FXGLAssetLoaderServi - Loading from file system: jar:file:/C:/Users/garre/.m2/repository/com/github/almasb/fxgl/17.2/fxgl-17.2.jar!/fxglassets/ui/css/fxgl_dark.css
21:45:56.565 [FXGL Background Thread 1 ] DEBUG GameApplicationServi - Initializing application scenes
21:45:56.607 [FXGL Background Thread 1 ] DEBUG GameWorld            - Game world initialized
21:45:56.654 [FXGL Background Thread 1 ] DEBUG PhysicsWorld         - Physics world initialized: appHeight=1024, physics.ppm=50.0
21:45:56.654 [FXGL Background Thread 1 ] DEBUG PhysicsWorld         - Using strategy: BRUTE_FORCE
21:45:56.658 [FXGL Background Thread 1 ] DEBUG GameScene            - Game scene initialized: 1024x1024
21:45:56.672 [FXGL Background Thread 1 ] DEBUG FXGL.DefaultMenu     - createMenuBodyMainMenu()
21:45:56.684 [FXGL Background Thread 1 ] DEBUG FXGL.DefaultMenu     - createOptionsMenu()
21:45:56.693 [FXGL Background Thread 1 ] DEBUG FXGLAssetLoaderServi - Loading from file system: jar:file:/C:/Users/garre/.m2/repository/com/github/almasb/fxgl/17.2/fxgl-17.2.jar!/fxglassets/textures/particles/smoke.png
21:45:56.771 [FXGL Background Thread 1 ] DEBUG FXGLAssetLoaderServi - Loading from file system: jar:file:/C:/Users/garre/.m2/repository/com/github/almasb/fxgl/17.2/fxgl-17.2.jar!/fxglassets/textures/particles/trace_horizontal.png
21:45:56.801 [FXGL Background Thread 1 ] DEBUG FXGL.DefaultMenu     - createMenuBodyGameMenu()
21:45:56.802 [FXGL Background Thread 1 ] DEBUG FXGL.DefaultMenu     - createOptionsMenu()
21:45:56.812 [FXGL Background Thread 1 ] DEBUG GameApplicationServi - Application scenes initialized
21:45:56.822 [FXGL Background Thread 1 ] DEBUG SystemBundleService  - Loading FXGL system data
21:45:56.829 [FXGL Background Thread 1 ] DEBUG FileSystemAccess     - Reading from: C:\Users\garre\git\CS4900G2Proj2\Dawnseeker\system\fxgl.bundle
21:45:56.835 [FXGL Background Thread 1 ] DEBUG SystemBundleService  - Bundle FXGL: {}
21:45:56.835 [FXGL Background Thread 1 ] DEBUG UpdaterService       - Checking for updates
21:45:56.838 [FXGL Background Thread 4 ] DEBUG FXGLApplication      - Loading fonts
21:45:56.838 [FXGL Background Thread 4 ] DEBUG FXGLAssetLoaderServi - Loading from file system: jar:file:/C:/Users/garre/.m2/repository/com/github/almasb/fxgl/17.2/fxgl-17.2.jar!/fxglassets/ui/fonts/VarelaRound-Regular.ttf
21:45:56.839 [FXGL Background Thread 1 ] DEBUG FXGLApplication      - Loading default localization
21:45:56.840 [FXGL Background Thread 1 ] DEBUG FXGLAssetLoaderServi - Loading from file system: jar:file:/C:/Users/garre/.m2/repository/com/github/almasb/fxgl/17.2/fxgl-17.2.jar!/fxglassets/languages/english.lang
21:45:56.861 [FXGL Background Thread 1 ] INFO  FXGLApplication      - FXGL initialization took: 0.360 sec
21:45:56.870 [JavaFX Application Thread] DEBUG Input                - Registered new binding: action0 - W
21:45:56.871 [JavaFX Application Thread] DEBUG Input                - Registered new binding: action1 - S
21:45:56.871 [JavaFX Application Thread] DEBUG Input                - Registered new binding: action2 - A
21:45:56.872 [JavaFX Application Thread] DEBUG Input                - Registered new binding: action3 - D
21:45:56.874 [JavaFX Application Thread] DEBUG Input                - Registered new binding: action4 - LMB
21:45:56.875 [JavaFX Application Thread] DEBUG FXGLAssetLoaderServi - Loading from file system: jar:file:/C:/Users/garre/.m2/repository/com/github/almasb/fxgl/17.2/fxgl-17.2.jar!/fxglassets/textures/fxgl_icon.png
21:45:56.894 [JavaFX Application Thread] DEBUG FXGLAssetLoaderServi - Loading from file system: jar:file:/C:/Users/garre/.m2/repository/com/github/almasb/fxgl/17.2/fxgl-17.2.jar!/fxglassets/textures/fxgl_default_cursor.png
21:45:56.896 [JavaFX Application Thread] DEBUG Input                - Registered new binding: Screenshot - CTRL+8
21:45:56.897 [JavaFX Application Thread] DEBUG Input                - Registered new binding: System info dump - CTRL+9
21:45:56.898 [JavaFX Application Thread] DEBUG Input                - Registered new binding: Restart - CTRL+R
21:45:56.898 [JavaFX Application Thread] DEBUG Input                - Registered new binding: Toggle Debug Camera - CTRL+7
21:45:56.902 [JavaFX Application Thread] DEBUG LoopRunner           - Starting loop
21:45:56.902 [JavaFX Application Thread] DEBUG LoopRunner           - Initializing JavaFX AnimationTimerLoop
21:45:56.903 [FXGL Background Thread 4 ] DEBUG FXGLAssetLoaderServi - Loading from file system: jar:file:/C:/Users/garre/.m2/repository/com/github/almasb/fxgl/17.2/fxgl-17.2.jar!/fxglassets/ui/fonts/Abel-Regular.ttf
21:45:56.906 [JavaFX Application Thread] DEBUG Input                - Clearing active input actions
21:45:56.910 [FXGL Background Thread 4 ] DEBUG FXGLAssetLoaderServi - Loading from file system: jar:file:/C:/Users/garre/.m2/repository/com/github/almasb/fxgl/17.2/fxgl-17.2.jar!/fxglassets/ui/fonts/TerminalLandMono-Regular.otf
21:45:56.912 [JavaFX Application Thread] DEBUG GameApplicationServi - Removing overlay from FXGLStartupScene and adding to FXGLMainMenuDummyScene
21:45:56.912 [JavaFX Application Thread] DEBUG PrimaryStageWindow   - FXGLStartupScene -> FXGLMainMenuDummyScene
21:45:56.913 [JavaFX Application Thread] DEBUG PrimaryStageWindow   - Push state: FXGLDefaultMenu
21:45:56.917 [FXGL Background Thread 4 ] DEBUG FXGLAssetLoaderServi - Loading from file system: jar:file:/C:/Users/garre/.m2/repository/com/github/almasb/fxgl/17.2/fxgl-17.2.jar!/fxglassets/ui/fonts/Courier-Prime.ttf
21:45:56.925 [JavaFX Application Thread] DEBUG Input                - Clearing active input actions
21:45:56.936 [JavaFX Application Thread] DEBUG GameApplicationServi - Removing overlay from FXGLMainMenuDummyScene and adding to FXGLDefaultMenu
21:45:56.936 [JavaFX Application Thread] DEBUG PrimaryStageWindow   - FXGLMainMenuDummyScene -> FXGLDefaultMenu
21:45:57.015 [JavaFX Application Thread] DEBUG FXGLApplication      - Registering font factories with UI factory
21:45:58.160 [JavaFX Application Thread] DEBUG Menu                 - fireNewGame()
21:45:58.161 [JavaFX Application Thread] DEBUG GameApplicationServi - Starting new game
21:45:58.162 [JavaFX Application Thread] DEBUG PrimaryStageWindow   - Pop state: FXGLDefaultMenu
21:45:58.163 [JavaFX Application Thread] DEBUG Input                - Clearing active input actions
21:45:58.163 [JavaFX Application Thread] DEBUG GameApplicationServi - Removing overlay from FXGLDefaultMenu and adding to FXGLMainMenuDummyScene
21:45:58.164 [JavaFX Application Thread] DEBUG PrimaryStageWindow   - FXGLMainMenuDummyScene <- FXGLDefaultMenu
21:45:58.164 [JavaFX Application Thread] DEBUG Input                - Clearing active input actions
21:45:58.168 [JavaFX Application Thread] DEBUG GameApplicationServi - Removing overlay from FXGLMainMenuDummyScene and adding to FXGLLoadingScene
21:45:58.168 [JavaFX Application Thread] DEBUG PrimaryStageWindow   - FXGLMainMenuDummyScene -> FXGLLoadingScene
21:45:58.168 [JavaFX Application Thread] DEBUG GameApplicationServi - Clearing previous game
21:45:58.168 [JavaFX Application Thread] DEBUG GameScene            - Clearing game scene
21:45:58.168 [JavaFX Application Thread] DEBUG GameWorld            - Clearing game world
21:45:58.168 [JavaFX Application Thread] DEBUG PhysicsWorld         - Clearing physics world
21:45:58.171 [FXGL Background Thread 2 ] DEBUG FXGLApplication      - Initializing game
21:45:58.175 [FXGL Background Thread 2 ] DEBUG FXGLAssetLoaderServi - Loading from file system: file:/C:/Users/garre/git/CS4900G2Proj2/Dawnseeker/target/classes/assets/music/heartache.mp3
21:45:58.365 [FXGL Background Thread 2 ] DEBUG AudioPlayer          - Playing music com.almasb.fxgl.audio.Music@ed50c16
21:45:58.371 [FXGL Background Thread 2 ] DEBUG FXGLAssetLoaderServi - Loading from file system: file:/C:/Users/garre/git/CS4900G2Proj2/Dawnseeker/target/classes/assets/textures/PlayerCharacterDawnseeker.png
21:45:58.387 [FXGL Background Thread 2 ] WARN  GameWorld            - Entity is already attached to world
21:45:58.387 [FXGL Background Thread 2 ] WARN  Entity               - Entity already has component: com.almasb.fxgl.entity.components.CollidableComponent
21:45:58.388 [FXGL Background Thread 2 ] WARN  GameWorld            - Entity is already attached to world
21:45:58.388 [FXGL Background Thread 2 ] WARN  Entity               - Entity already has component: com.almasb.fxgl.entity.components.CollidableComponent
21:45:58.388 [FXGL Background Thread 2 ] WARN  GameWorld            - Entity is already attached to world
21:45:58.389 [FXGL Background Thread 2 ] WARN  Entity               - Entity already has component: com.almasb.fxgl.entity.components.CollidableComponent
21:45:58.389 [FXGL Background Thread 2 ] WARN  GameWorld            - Entity is already attached to world
21:45:58.389 [FXGL Background Thread 2 ] WARN  Entity               - Entity already has component: com.almasb.fxgl.entity.components.CollidableComponent
21:45:58.389 [FXGL Background Thread 2 ] WARN  GameWorld            - Entity is already attached to world
21:45:58.411 [FXGL Background Thread 2 ] INFO  FXGLApplication      - Game initialization took: 0.241 sec
21:45:58.592 [JavaFX Application Thread] DEBUG Input                - Clearing active input actions
21:45:58.596 [JavaFX Application Thread] DEBUG GameApplicationServi - Removing overlay from FXGLLoadingScene and adding to GameScene
21:45:58.596 [JavaFX Application Thread] DEBUG PrimaryStageWindow   - FXGLLoadingScene -> GameScene
21:45:59.095 [JavaFX Application Thread] DEBUG FXGLAssetLoaderServi - Loading from file system: file:/C:/Users/garre/git/CS4900G2Proj2/Dawnseeker/target/classes/assets/textures/EnemyDawnseeker.png
21:45:59.838 [FXGL Background Thread 3 ] DEBUG Engine               - Logging environment variables
21:45:59.838 [FXGL Background Thread 3 ] DEBUG Engine               - achievements: []
21:45:59.838 [FXGL Background Thread 3 ] DEBUG Engine               - actualHeight: 1024.0
21:45:59.838 [FXGL Background Thread 3 ] DEBUG Engine               - actualHeightProperty: ReadOnlyDoubleProperty [value: 1024.0]
21:45:59.838 [FXGL Background Thread 3 ] DEBUG Engine               - actualWidth: 1024.0
21:45:59.838 [FXGL Background Thread 3 ] DEBUG Engine               - actualWidthProperty: ReadOnlyDoubleProperty [value: 1024.0]
21:45:59.838 [FXGL Background Thread 3 ] DEBUG Engine               - appIcon: fxgl_icon.png
21:45:59.838 [FXGL Background Thread 3 ] DEBUG Engine               - applicationMode: DEVELOPER
21:45:59.838 [FXGL Background Thread 3 ] DEBUG Engine               - cSSList: [fxgl_dark.css]
21:45:59.838 [FXGL Background Thread 3 ] DEBUG Engine               - collisionDetectionStrategy: BRUTE_FORCE
21:45:59.838 [FXGL Background Thread 3 ] DEBUG Engine               - configClass: Optional.empty
21:45:59.838 [FXGL Background Thread 3 ] DEBUG Engine               - credits: []
21:45:59.840 [FXGL Background Thread 3 ] DEBUG Engine               - defaultCursor: CursorInfo(imageName=fxgl_default_cursor.png, hotspotX=7.0, hotspotY=6.0)
21:45:59.840 [FXGL Background Thread 3 ] DEBUG Engine               - devBBoxColorProperty: ObjectProperty [value: 0xff0000ff]
21:45:59.840 [FXGL Background Thread 3 ] DEBUG Engine               - devEnableDebugCameraProperty: BooleanProperty [value: false]
21:45:59.840 [FXGL Background Thread 3 ] DEBUG Engine               - devSensorColorProperty: ObjectProperty [value: 0xffff00ff]
21:45:59.840 [FXGL Background Thread 3 ] DEBUG Engine               - devShowBBoxProperty: BooleanProperty [value: false]
21:45:59.840 [FXGL Background Thread 3 ] DEBUG Engine               - devShowPositionProperty: BooleanProperty [value: false]
21:45:59.840 [FXGL Background Thread 3 ] DEBUG Engine               - enabledMenuItems: []
21:45:59.840 [FXGL Background Thread 3 ] DEBUG Engine               - engineServices: [class com.almasb.fxgl.app.services.FXGLAssetLoaderService, class com.almasb.fxgl.app.FXGLApplication$GameApplicationService, class com.almasb.fxgl.app.services.FXGLDialogService, class com.almasb.fxgl.app.services.IOTaskExecutorService, class com.almasb.fxgl.io.FileSystemService, class com.almasb.fxgl.localization.LocalizationService, class com.almasb.fxgl.app.services.SystemBundleService, class com.almasb.fxgl.profile.SaveLoadService, class com.almasb.fxgl.ui.FXGLUIFactoryServiceProvider, class com.almasb.fxgl.ui.FXGLDialogFactoryServiceProvider, class com.almasb.fxgl.audio.AudioPlayer, class com.almasb.fxgl.notification.impl.NotificationServiceProvider, class com.almasb.fxgl.achievement.AchievementService, class com.almasb.fxgl.cutscene.CutsceneService, class com.almasb.fxgl.minigames.MiniGameService, class com.almasb.fxgl.net.NetService, class com.almasb.fxgl.app.services.UpdaterService, class com.almasb.fxgl.dev.DevService]
21:45:59.840 [FXGL Background Thread 3 ] DEBUG Engine               - fontGame: Abel-Regular.ttf
21:45:59.840 [FXGL Background Thread 3 ] DEBUG Engine               - fontMono: TerminalLandMono-Regular.otf
21:45:59.840 [FXGL Background Thread 3 ] DEBUG Engine               - fontText: Courier-Prime.ttf
21:45:59.840 [FXGL Background Thread 3 ] DEBUG Engine               - fontUI: VarelaRound-Regular.ttf
21:45:59.840 [FXGL Background Thread 3 ] DEBUG Engine               - fullScreen: BooleanProperty [value: false]
21:45:59.840 [FXGL Background Thread 3 ] DEBUG Engine               - gameDifficulty: MEDIUM
21:45:59.840 [FXGL Background Thread 3 ] DEBUG Engine               - gameDifficultyProperty: ObjectProperty [value: MEDIUM]
21:45:59.840 [FXGL Background Thread 3 ] DEBUG Engine               - globalMusicVolume: 0.5
21:45:59.840 [FXGL Background Thread 3 ] DEBUG Engine               - globalMusicVolumeProperty: DoubleProperty [value: 0.5]
21:45:59.840 [FXGL Background Thread 3 ] DEBUG Engine               - globalSoundVolume: 0.5
21:45:59.841 [FXGL Background Thread 3 ] DEBUG Engine               - globalSoundVolumeProperty: DoubleProperty [value: 0.5]
21:45:59.841 [FXGL Background Thread 3 ] DEBUG Engine               - height: 1024
21:45:59.841 [FXGL Background Thread 3 ] DEBUG Engine               - is3D: false
21:45:59.841 [FXGL Background Thread 3 ] DEBUG Engine               - isAndroid: false
21:45:59.841 [FXGL Background Thread 3 ] DEBUG Engine               - isBrowser: false
21:45:59.841 [FXGL Background Thread 3 ] DEBUG Engine               - isClickFeedbackEnabled: false
21:45:59.841 [FXGL Background Thread 3 ] DEBUG Engine               - isCloseConfirmation: false
21:45:59.841 [FXGL Background Thread 3 ] DEBUG Engine               - isDesktop: true
21:45:59.841 [FXGL Background Thread 3 ] DEBUG Engine               - isDeveloperMenuEnabled: false
21:45:59.841 [FXGL Background Thread 3 ] DEBUG Engine               - isEmbedded: false
21:45:59.841 [FXGL Background Thread 3 ] DEBUG Engine               - isEntityPreloadEnabled: true
21:45:59.841 [FXGL Background Thread 3 ] DEBUG Engine               - isExperimentalTiledLargeMap: false
21:45:59.841 [FXGL Background Thread 3 ] DEBUG Engine               - isFileSystemWriteAllowed: true
21:45:59.841 [FXGL Background Thread 3 ] DEBUG Engine               - isFullScreenAllowed: false
21:45:59.841 [FXGL Background Thread 3 ] DEBUG Engine               - isFullScreenFromStart: false
21:45:59.841 [FXGL Background Thread 3 ] DEBUG Engine               - isGameMenuEnabled: true
21:45:59.841 [FXGL Background Thread 3 ] DEBUG Engine               - isIOS: false
21:45:59.841 [FXGL Background Thread 3 ] DEBUG Engine               - isIntroEnabled: false
21:45:59.841 [FXGL Background Thread 3 ] DEBUG Engine               - isLinux: false
21:45:59.841 [FXGL Background Thread 3 ] DEBUG Engine               - isMac: false
21:45:59.841 [FXGL Background Thread 3 ] DEBUG Engine               - isMainMenuEnabled: true
21:45:59.841 [FXGL Background Thread 3 ] DEBUG Engine               - isManualResizeEnabled: false
21:45:59.841 [FXGL Background Thread 3 ] DEBUG Engine               - isMobile: false
21:45:59.841 [FXGL Background Thread 3 ] DEBUG Engine               - isNative: false
21:45:59.841 [FXGL Background Thread 3 ] DEBUG Engine               - isPauseMusicWhenMinimized: true
21:45:59.841 [FXGL Background Thread 3 ] DEBUG Engine               - isPreserveResizeRatio: false
21:45:59.842 [FXGL Background Thread 3 ] DEBUG Engine               - isProfilingEnabled: false
21:45:59.842 [FXGL Background Thread 3 ] DEBUG Engine               - isScaleAffectedOnResize: true
21:45:59.842 [FXGL Background Thread 3 ] DEBUG Engine               - isSingleStep: false
21:45:59.842 [FXGL Background Thread 3 ] DEBUG Engine               - isUserProfileEnabled: false
21:45:59.842 [FXGL Background Thread 3 ] DEBUG Engine               - isWindows: true
21:45:59.842 [FXGL Background Thread 3 ] DEBUG Engine               - language: ObjectProperty [value: ENGLISH]
21:45:59.842 [FXGL Background Thread 3 ] DEBUG Engine               - menuKey: ESCAPE
21:45:59.842 [FXGL Background Thread 3 ] DEBUG Engine               - mouseSensitivity: 0.2
21:45:59.842 [FXGL Background Thread 3 ] DEBUG Engine               - notificationViewClass: class com.almasb.fxgl.notification.view.XboxNotificationView
21:45:59.842 [FXGL Background Thread 3 ] DEBUG Engine               - pixelsPerMeter: 50.0
21:45:59.842 [FXGL Background Thread 3 ] DEBUG Engine               - platform: WINDOWS
21:45:59.842 [FXGL Background Thread 3 ] DEBUG Engine               - prefHeightProperty: ReadOnlyDoubleProperty [value: 1024.0]
21:45:59.842 [FXGL Background Thread 3 ] DEBUG Engine               - prefWidthProperty: ReadOnlyDoubleProperty [value: 1024.0]
21:45:59.842 [FXGL Background Thread 3 ] DEBUG Engine               - profileDir: profiles/
21:45:59.842 [FXGL Background Thread 3 ] DEBUG Engine               - profileName: StringProperty [value: DEFAULT]
21:45:59.842 [FXGL Background Thread 3 ] DEBUG Engine               - randomSeed: -1
21:45:59.843 [FXGL Background Thread 3 ] DEBUG Engine               - runtimeInfo: RuntimeInfo(platform=WINDOWS, version=17.2, build=20.08.2022 16.50)
21:45:59.843 [FXGL Background Thread 3 ] DEBUG Engine               - saveFileExt: sav
21:45:59.843 [FXGL Background Thread 3 ] DEBUG Engine               - scaledHeightProp$fxgl: DoubleProperty [bound, value: 1024.0]
21:45:59.843 [FXGL Background Thread 3 ] DEBUG Engine               - scaledWidthProp$fxgl: DoubleProperty [bound, value: 1024.0]
21:45:59.843 [FXGL Background Thread 3 ] DEBUG Engine               - sceneFactory: com.almasb.fxgl.app.scene.SceneFactory@21d14ae8
21:45:59.843 [FXGL Background Thread 3 ] DEBUG Engine               - secondsIn24h: 60
21:45:59.843 [FXGL Background Thread 3 ] DEBUG Engine               - soundMenuBack: menu/back.wav
21:45:59.843 [FXGL Background Thread 3 ] DEBUG Engine               - soundMenuPress: menu/press.wav
21:45:59.843 [FXGL Background Thread 3 ] DEBUG Engine               - soundMenuSelect: menu/select.wav
21:45:59.843 [FXGL Background Thread 3 ] DEBUG Engine               - soundNotification: core/notification.wav
21:45:59.843 [FXGL Background Thread 3 ] DEBUG Engine               - stageStyle: DECORATED
21:45:59.843 [FXGL Background Thread 3 ] DEBUG Engine               - supportedLanguages: [ENGLISH, FRENCH, GERMAN, HUNGARIAN, RUSSIAN]
21:45:59.843 [FXGL Background Thread 3 ] DEBUG Engine               - ticksPerSecond: -1
21:45:59.843 [FXGL Background Thread 3 ] DEBUG Engine               - title: Dawnseeker
21:45:59.843 [FXGL Background Thread 3 ] DEBUG Engine               - urlGithub: https://github.com/AlmasB/FXGL
21:45:59.843 [FXGL Background Thread 3 ] DEBUG Engine               - urlLeaderboard: http://fxgl-top.herokuapp.com/
21:45:59.843 [FXGL Background Thread 3 ] DEBUG Engine               - urlPOM: https://raw.githubusercontent.com/AlmasB/FXGL/release/README.md
21:45:59.843 [FXGL Background Thread 3 ] DEBUG Engine               - userAppClass: class myGame.DawnseekerApp
21:45:59.843 [FXGL Background Thread 3 ] DEBUG Engine               - version: 0.2
21:45:59.843 [FXGL Background Thread 3 ] DEBUG Engine               - versionCheckDays: 7
21:45:59.843 [FXGL Background Thread 3 ] DEBUG Engine               - width: 1024
21:45:59.843 [FXGL Background Thread 3 ] DEBUG Engine               - Logging services
21:45:59.843 [FXGL Background Thread 3 ] DEBUG Engine               - class com.almasb.fxgl.app.services.FXGLAssetLoaderService
21:45:59.843 [FXGL Background Thread 3 ] DEBUG Engine               - class com.almasb.fxgl.app.FXGLApplication$GameApplicationService
21:45:59.843 [FXGL Background Thread 3 ] DEBUG Engine               - class com.almasb.fxgl.app.services.FXGLDialogService
21:45:59.843 [FXGL Background Thread 3 ] DEBUG Engine               - class com.almasb.fxgl.app.services.IOTaskExecutorService
21:45:59.843 [FXGL Background Thread 3 ] DEBUG Engine               - class com.almasb.fxgl.io.FileSystemService
21:45:59.843 [FXGL Background Thread 3 ] DEBUG Engine               - class com.almasb.fxgl.localization.LocalizationService
21:45:59.843 [FXGL Background Thread 3 ] DEBUG Engine               - class com.almasb.fxgl.app.services.SystemBundleService
21:45:59.843 [FXGL Background Thread 3 ] DEBUG Engine               - class com.almasb.fxgl.profile.SaveLoadService
21:45:59.843 [FXGL Background Thread 3 ] DEBUG Engine               - class com.almasb.fxgl.ui.FXGLUIFactoryServiceProvider
21:45:59.843 [FXGL Background Thread 3 ] DEBUG Engine               - class com.almasb.fxgl.ui.FXGLDialogFactoryServiceProvider
21:45:59.843 [FXGL Background Thread 3 ] DEBUG Engine               - class com.almasb.fxgl.audio.AudioPlayer
21:45:59.843 [FXGL Background Thread 3 ] DEBUG Engine               - class com.almasb.fxgl.notification.impl.NotificationServiceProvider
21:45:59.843 [FXGL Background Thread 3 ] DEBUG Engine               - class com.almasb.fxgl.achievement.AchievementService
21:45:59.843 [FXGL Background Thread 3 ] DEBUG Engine               - class com.almasb.fxgl.cutscene.CutsceneService
21:45:59.843 [FXGL Background Thread 3 ] DEBUG Engine               - class com.almasb.fxgl.minigames.MiniGameService
21:45:59.843 [FXGL Background Thread 3 ] DEBUG Engine               - class com.almasb.fxgl.net.NetService
21:45:59.844 [FXGL Background Thread 3 ] DEBUG Engine               - class com.almasb.fxgl.app.services.UpdaterService
21:45:59.844 [FXGL Background Thread 3 ] DEBUG Engine               - class com.almasb.fxgl.dev.DevService
21:46:00.999 [JavaFX Application Thread] DEBUG FXGLAssetLoaderServi - Loading from file system: file:/C:/Users/garre/git/CS4900G2Proj2/Dawnseeker/target/classes/assets/sounds/magic_missile.wav
21:46:01.010 [JavaFX Application Thread] DEBUG FXGLAssetLoaderServi - Loading from file system: file:/C:/Users/garre/git/CS4900G2Proj2/Dawnseeker/target/classes/assets/textures/FireBallProjectile.png
21:46:01.048 [JavaFX Application Thread] DEBUG FXGLAssetLoaderServi - Loading from file system: file:/C:/Users/garre/git/CS4900G2Proj2/Dawnseeker/target/classes/assets/sounds/bong.wav
21:46:08.286 [JavaFX Application Thread] DEBUG FXGLAssetLoaderServi - Loading from file system: file:/C:/Users/garre/git/CS4900G2Proj2/Dawnseeker/target/classes/assets/sounds/player_oof.wav
21:46:08.309 [JavaFX Application Thread] DEBUG FXGLAssetLoaderServi - Loading from file system: file:/C:/Users/garre/git/CS4900G2Proj2/Dawnseeker/target/classes/assets/sounds/yoda_death.wav
21:46:12.311 [JavaFX Application Thread] DEBUG FXGLAssetLoaderServi - Loading from file system: file:/C:/Users/garre/git/CS4900G2Proj2/Dawnseeker/target/classes/assets/sounds/coin_pickup.wav
21:46:42.001 [JavaFX Application Thread] DEBUG FXGLApplication      - Exiting FXGL
21:46:42.001 [JavaFX Application Thread] DEBUG LoopRunner           - Stopping loop
21:46:42.001 [JavaFX Application Thread] DEBUG SystemBundleService  - Saving FXGL system data
21:46:42.003 [JavaFX Application Thread] DEBUG FileSystemAccess     - Writing to: C:\Users\garre\git\CS4900G2Proj2\Dawnseeker\system\fxgl.bundle
21:46:42.004 [JavaFX Application Thread] DEBUG Async                - Shutting down background threads
21:46:42.004 [JavaFX Application Thread] DEBUG PrimaryStageWindow   - Closing main window
21:46:42.012 [JavaFX Application Thread] DEBUG Logger               - Closing Logger
