18:02:41.454 [main                     ] DEBUG Logger               - Configured Logger
18:02:41.501 [main                     ] DEBUG GameApplication      - Logging settings
Title: Dawnseeker
Version: 0.2
Width: 1024
Height: 1024
Fullscreen: false
Intro: false
Profiling: false
Single step:false
App Mode: DEVELOPER
Menu Key: ESCAPE
Stage Style: DECORATED
Scene Factory: class myGame.DawnseekerApp$1

18:02:42.112 [JavaFX Application Thread] DEBUG FXGLApplication      - Initializing FXGL
18:02:42.119 [JavaFX Application Thread] INFO  Engine               - FXGL-17.2 (20.08.2022 16.50) on WINDOWS (J:19.0.2 FX:18)
18:02:42.119 [JavaFX Application Thread] DEBUG Engine               - JRE Vendor Name: Eclipse Adoptium
18:02:42.120 [JavaFX Application Thread] DEBUG Engine               - Running on OS: Windows 10 version 10.0
18:02:42.120 [JavaFX Application Thread] DEBUG Engine               - Architecture: amd64
18:02:42.120 [JavaFX Application Thread] INFO  Engine               - Source code and latest versions at: https://github.com/AlmasB/FXGL
18:02:42.120 [JavaFX Application Thread] INFO  Engine               -       Ask questions and discuss at: https://github.com/AlmasB/FXGL/discussions
18:02:42.120 [JavaFX Application Thread] INFO  Engine               -              Join the FXGL chat at: https://gitter.im/AlmasB/FXGL
18:02:42.272 [JavaFX Application Thread] DEBUG PrimaryStageWindow   - Creating a JavaFX scene
18:02:42.273 [JavaFX Application Thread] DEBUG PrimaryStageWindow   - Target size > screen size
18:02:42.390 [JavaFX Application Thread] DEBUG PrimaryStageWindow   - Target settings size: 1024.0 x 1024.0
18:02:42.390 [JavaFX Application Thread] DEBUG PrimaryStageWindow   - Scaled scene size:    839.0 x 864.0
18:02:42.391 [JavaFX Application Thread] DEBUG PrimaryStageWindow   - Scaled ratio: (0.8193359375, 0.84375)
18:02:42.392 [JavaFX Application Thread] DEBUG PrimaryStageWindow   - Set initial scene to FXGLStartupScene
18:02:42.399 [JavaFX Application Thread] DEBUG PrimaryStageWindow   - Opening main window
18:02:42.628 [JavaFX Application Thread] DEBUG PrimaryStageWindow   - Window border size: (14.5999755859375, 37.5999755859375)
18:02:42.628 [JavaFX Application Thread] DEBUG PrimaryStageWindow   - Scaled size: 839.0 x 864.0
18:02:42.628 [JavaFX Application Thread] DEBUG PrimaryStageWindow   - Scaled ratio: (0.8193359375, 0.84375)
18:02:42.629 [JavaFX Application Thread] DEBUG PrimaryStageWindow   - Scene size: 839.0 x 864.0
18:02:42.629 [JavaFX Application Thread] DEBUG PrimaryStageWindow   - Stage size: 853.5999755859375 x 901.5999755859375
18:02:42.640 [FXGL Background Thread 1 ] DEBUG Engine               - Initializing environment variables
18:02:42.725 [FXGL Background Thread 1 ] DEBUG FXGLAssetLoaderServi - User app class for loading assets: class myGame.DawnseekerApp
18:02:42.726 [FXGL Background Thread 1 ] DEBUG GameApplicationServi - Applying CSS: fxgl_dark.css
18:02:42.727 [FXGL Background Thread 1 ] DEBUG FXGLAssetLoaderServi - Loading from file system: jar:file:/C:/Users/Eartm/.m2/repository/com/github/almasb/fxgl/17.2/fxgl-17.2.jar!/fxglassets/ui/css/fxgl_dark.css
18:02:42.794 [FXGL Background Thread 1 ] DEBUG GameApplicationServi - Initializing application scenes
18:02:42.849 [FXGL Background Thread 1 ] DEBUG GameWorld            - Game world initialized
18:02:42.938 [FXGL Background Thread 1 ] DEBUG PhysicsWorld         - Physics world initialized: appHeight=1024, physics.ppm=50.0
18:02:42.939 [FXGL Background Thread 1 ] DEBUG PhysicsWorld         - Using strategy: BRUTE_FORCE
18:02:42.945 [FXGL Background Thread 1 ] DEBUG GameScene            - Game scene initialized: 1024x1024
18:02:42.967 [FXGL Background Thread 1 ] DEBUG FXGLAssetLoaderServi - Loading from file system: file:/C:/Games/CS4900%20Workspace/CS4900G2Proj2/Dawnseeker/target/classes/assets/textures/bg.png
18:02:43.108 [FXGL Background Thread 1 ] DEBUG FXGL.DefaultMenu     - createMenuBodyGameMenu()
18:02:43.127 [FXGL Background Thread 1 ] DEBUG FXGL.DefaultMenu     - createOptionsMenu()
18:02:43.135 [FXGL Background Thread 1 ] DEBUG FXGLAssetLoaderServi - Loading from file system: jar:file:/C:/Users/Eartm/.m2/repository/com/github/almasb/fxgl/17.2/fxgl-17.2.jar!/fxglassets/textures/particles/smoke.png
18:02:43.279 [FXGL Background Thread 1 ] DEBUG FXGLAssetLoaderServi - Loading from file system: jar:file:/C:/Users/Eartm/.m2/repository/com/github/almasb/fxgl/17.2/fxgl-17.2.jar!/fxglassets/textures/particles/trace_horizontal.png
18:02:43.303 [FXGL Background Thread 1 ] DEBUG GameApplicationServi - Application scenes initialized
18:02:43.324 [FXGL Background Thread 1 ] DEBUG SystemBundleService  - Loading FXGL system data
18:02:43.331 [FXGL Background Thread 1 ] DEBUG FileSystemAccess     - Reading from: C:\Games\CS4900 Workspace\CS4900G2Proj2\Dawnseeker\system\fxgl.bundle
18:02:43.350 [FXGL Background Thread 1 ] DEBUG SystemBundleService  - Bundle FXGL: {}
18:02:43.350 [FXGL Background Thread 1 ] DEBUG UpdaterService       - Checking for updates
18:02:43.355 [FXGL Background Thread 4 ] DEBUG FXGLApplication      - Loading fonts
18:02:43.356 [FXGL Background Thread 4 ] DEBUG FXGLAssetLoaderServi - Loading from file system: jar:file:/C:/Users/Eartm/.m2/repository/com/github/almasb/fxgl/17.2/fxgl-17.2.jar!/fxglassets/ui/fonts/VarelaRound-Regular.ttf
18:02:43.356 [FXGL Background Thread 1 ] DEBUG FXGLApplication      - Loading default localization
18:02:43.357 [FXGL Background Thread 1 ] DEBUG FXGLAssetLoaderServi - Loading from file system: jar:file:/C:/Users/Eartm/.m2/repository/com/github/almasb/fxgl/17.2/fxgl-17.2.jar!/fxglassets/languages/english.lang
18:02:43.386 [FXGL Background Thread 1 ] INFO  FXGLApplication      - FXGL initialization took: 0.746 sec
18:02:43.393 [JavaFX Application Thread] DEBUG Input                - Registered new binding: action0 - LMB
18:02:43.404 [JavaFX Application Thread] DEBUG Input                - Registered new binding: Up - W
18:02:43.404 [JavaFX Application Thread] DEBUG Input                - Registered new binding: Down - S
18:02:43.405 [JavaFX Application Thread] DEBUG Input                - Registered new binding: Right - D
18:02:43.405 [JavaFX Application Thread] DEBUG Input                - Registered new binding: Left - A
18:02:43.405 [JavaFX Application Thread] DEBUG FXGLAssetLoaderServi - Loading from file system: jar:file:/C:/Users/Eartm/.m2/repository/com/github/almasb/fxgl/17.2/fxgl-17.2.jar!/fxglassets/textures/fxgl_icon.png
18:02:43.432 [JavaFX Application Thread] DEBUG FXGLAssetLoaderServi - Loading from file system: jar:file:/C:/Users/Eartm/.m2/repository/com/github/almasb/fxgl/17.2/fxgl-17.2.jar!/fxglassets/textures/fxgl_default_cursor.png
18:02:43.436 [JavaFX Application Thread] DEBUG Input                - Registered new binding: Screenshot - CTRL+8
18:02:43.437 [JavaFX Application Thread] DEBUG Input                - Registered new binding: System info dump - CTRL+9
18:02:43.438 [JavaFX Application Thread] DEBUG Input                - Registered new binding: Restart - CTRL+R
18:02:43.439 [JavaFX Application Thread] DEBUG Input                - Registered new binding: Toggle Debug Camera - CTRL+7
18:02:43.442 [JavaFX Application Thread] DEBUG LoopRunner           - Starting loop
18:02:43.443 [JavaFX Application Thread] DEBUG LoopRunner           - Initializing JavaFX AnimationTimerLoop
18:02:43.450 [JavaFX Application Thread] DEBUG Input                - Clearing active input actions
18:02:43.459 [JavaFX Application Thread] DEBUG GameApplicationServi - Removing overlay from FXGLStartupScene and adding to FXGLMainMenuDummyScene
18:02:43.460 [JavaFX Application Thread] DEBUG PrimaryStageWindow   - FXGLStartupScene -> FXGLMainMenuDummyScene
18:02:43.460 [JavaFX Application Thread] DEBUG PrimaryStageWindow   - Push state: DawnseekerMenu
18:02:43.460 [JavaFX Application Thread] DEBUG Input                - Clearing active input actions
18:02:43.466 [JavaFX Application Thread] DEBUG GameApplicationServi - Removing overlay from FXGLMainMenuDummyScene and adding to DawnseekerMenu
18:02:43.467 [FXGL Background Thread 4 ] DEBUG FXGLAssetLoaderServi - Loading from file system: jar:file:/C:/Users/Eartm/.m2/repository/com/github/almasb/fxgl/17.2/fxgl-17.2.jar!/fxglassets/ui/fonts/Abel-Regular.ttf
18:02:43.467 [JavaFX Application Thread] DEBUG PrimaryStageWindow   - FXGLMainMenuDummyScene -> DawnseekerMenu
18:02:43.484 [FXGL Background Thread 4 ] DEBUG FXGLAssetLoaderServi - Loading from file system: jar:file:/C:/Users/Eartm/.m2/repository/com/github/almasb/fxgl/17.2/fxgl-17.2.jar!/fxglassets/ui/fonts/TerminalLandMono-Regular.otf
18:02:43.501 [FXGL Background Thread 4 ] DEBUG FXGLAssetLoaderServi - Loading from file system: jar:file:/C:/Users/Eartm/.m2/repository/com/github/almasb/fxgl/17.2/fxgl-17.2.jar!/fxglassets/ui/fonts/Courier-Prime.ttf
18:02:43.532 [JavaFX Application Thread] DEBUG FXGLApplication      - Registering font factories with UI factory
18:02:44.699 [JavaFX Application Thread] DEBUG Menu                 - fireNewGame()
18:02:44.699 [JavaFX Application Thread] DEBUG GameApplicationServi - Starting new game
18:02:44.700 [JavaFX Application Thread] DEBUG PrimaryStageWindow   - Pop state: DawnseekerMenu
18:02:44.700 [JavaFX Application Thread] DEBUG Input                - Clearing active input actions
18:02:44.701 [JavaFX Application Thread] DEBUG GameApplicationServi - Removing overlay from DawnseekerMenu and adding to FXGLMainMenuDummyScene
18:02:44.702 [JavaFX Application Thread] DEBUG PrimaryStageWindow   - FXGLMainMenuDummyScene <- DawnseekerMenu
18:02:44.702 [JavaFX Application Thread] DEBUG Input                - Clearing active input actions
18:02:44.726 [JavaFX Application Thread] DEBUG GameApplicationServi - Removing overlay from FXGLMainMenuDummyScene and adding to FXGLLoadingScene
18:02:44.727 [JavaFX Application Thread] DEBUG PrimaryStageWindow   - FXGLMainMenuDummyScene -> FXGLLoadingScene
18:02:44.727 [JavaFX Application Thread] DEBUG GameApplicationServi - Clearing previous game
18:02:44.727 [JavaFX Application Thread] DEBUG GameScene            - Clearing game scene
18:02:44.727 [JavaFX Application Thread] DEBUG GameWorld            - Clearing game world
18:02:44.727 [JavaFX Application Thread] DEBUG PhysicsWorld         - Clearing physics world
18:02:44.730 [FXGL Background Thread 2 ] DEBUG FXGLApplication      - Initializing game
18:02:44.743 [FXGL Background Thread 2 ] DEBUG FXGLAssetLoaderServi - Loading from file system: file:/C:/Games/CS4900%20Workspace/CS4900G2Proj2/Dawnseeker/target/classes/assets/music/heartache.mp3
18:02:45.096 [FXGL Background Thread 2 ] DEBUG AudioPlayer          - Playing music com.almasb.fxgl.audio.Music@eb61274
18:02:45.117 [FXGL Background Thread 2 ] DEBUG FXGLAssetLoaderServi - Loading from file system: file:/C:/Games/CS4900%20Workspace/CS4900G2Proj2/Dawnseeker/target/classes/assets/textures/DawnseekerPCV2.png
18:02:45.121 [FXGL Background Thread 2 ] DEBUG FXGLAssetLoaderServi - Loading from file system: file:/C:/Games/CS4900%20Workspace/CS4900G2Proj2/Dawnseeker/target/classes/assets/textures/DawnseekerPCV2Down.png
18:02:45.126 [FXGL Background Thread 2 ] DEBUG FXGLAssetLoaderServi - Loading from file system: file:/C:/Games/CS4900%20Workspace/CS4900G2Proj2/Dawnseeker/target/classes/assets/textures/DawnseekerPCV2Up.png
18:02:45.128 [FXGL Background Thread 2 ] DEBUG FXGLAssetLoaderServi - Loading from file system: file:/C:/Games/CS4900%20Workspace/CS4900G2Proj2/Dawnseeker/target/classes/assets/textures/DawnseekerPCV2Right.png
18:02:45.130 [FXGL Background Thread 2 ] DEBUG FXGLAssetLoaderServi - Loading from file system: file:/C:/Games/CS4900%20Workspace/CS4900G2Proj2/Dawnseeker/target/classes/assets/textures/DawnseekerPCV2Left.png
18:02:45.150 [FXGL Background Thread 2 ] WARN  GameWorld            - Entity is already attached to world
18:02:45.152 [FXGL Background Thread 2 ] WARN  Entity               - Entity already has component: com.almasb.fxgl.entity.components.CollidableComponent
18:02:45.152 [FXGL Background Thread 2 ] WARN  GameWorld            - Entity is already attached to world
18:02:45.153 [FXGL Background Thread 2 ] WARN  Entity               - Entity already has component: com.almasb.fxgl.entity.components.CollidableComponent
18:02:45.153 [FXGL Background Thread 2 ] WARN  GameWorld            - Entity is already attached to world
18:02:45.154 [FXGL Background Thread 2 ] WARN  Entity               - Entity already has component: com.almasb.fxgl.entity.components.CollidableComponent
18:02:45.154 [FXGL Background Thread 2 ] WARN  GameWorld            - Entity is already attached to world
18:02:45.155 [FXGL Background Thread 2 ] WARN  Entity               - Entity already has component: com.almasb.fxgl.entity.components.CollidableComponent
18:02:45.155 [FXGL Background Thread 2 ] WARN  GameWorld            - Entity is already attached to world
18:02:45.165 [FXGL Background Thread 2 ] WARN  GameWorld            - Entity is already attached to world
18:02:45.208 [FXGL Background Thread 2 ] INFO  FXGLApplication      - Game initialization took: 0.477 sec
18:02:45.212 [JavaFX Application Thread] DEBUG Input                - Clearing active input actions
18:02:45.228 [JavaFX Application Thread] DEBUG GameApplicationServi - Removing overlay from FXGLLoadingScene and adding to GameScene
18:02:45.228 [JavaFX Application Thread] DEBUG PrimaryStageWindow   - FXGLLoadingScene -> GameScene
18:02:46.355 [FXGL Background Thread 3 ] DEBUG Engine               - Logging environment variables
18:02:46.356 [FXGL Background Thread 3 ] DEBUG Engine               - achievements: []
18:02:46.356 [FXGL Background Thread 3 ] DEBUG Engine               - actualHeight: 864.0
18:02:46.357 [FXGL Background Thread 3 ] DEBUG Engine               - actualHeightProperty: ReadOnlyDoubleProperty [value: 864.0]
18:02:46.357 [FXGL Background Thread 3 ] DEBUG Engine               - actualWidth: 839.0
18:02:46.357 [FXGL Background Thread 3 ] DEBUG Engine               - actualWidthProperty: ReadOnlyDoubleProperty [value: 839.0]
18:02:46.357 [FXGL Background Thread 3 ] DEBUG Engine               - appIcon: fxgl_icon.png
18:02:46.357 [FXGL Background Thread 3 ] DEBUG Engine               - applicationMode: DEVELOPER
18:02:46.357 [FXGL Background Thread 3 ] DEBUG Engine               - cSSList: [fxgl_dark.css]
18:02:46.357 [FXGL Background Thread 3 ] DEBUG Engine               - collisionDetectionStrategy: BRUTE_FORCE
18:02:46.357 [FXGL Background Thread 3 ] DEBUG Engine               - configClass: Optional.empty
18:02:46.357 [FXGL Background Thread 3 ] DEBUG Engine               - credits: []
18:02:46.357 [FXGL Background Thread 3 ] DEBUG Engine               - defaultCursor: CursorInfo(imageName=fxgl_default_cursor.png, hotspotX=7.0, hotspotY=6.0)
18:02:46.357 [FXGL Background Thread 3 ] DEBUG Engine               - devBBoxColorProperty: ObjectProperty [value: 0xff0000ff]
18:02:46.357 [FXGL Background Thread 3 ] DEBUG Engine               - devEnableDebugCameraProperty: BooleanProperty [value: false]
18:02:46.358 [FXGL Background Thread 3 ] DEBUG Engine               - devSensorColorProperty: ObjectProperty [value: 0xffff00ff]
18:02:46.358 [FXGL Background Thread 3 ] DEBUG Engine               - devShowBBoxProperty: BooleanProperty [value: false]
18:02:46.358 [FXGL Background Thread 3 ] DEBUG Engine               - devShowPositionProperty: BooleanProperty [value: false]
18:02:46.358 [FXGL Background Thread 3 ] DEBUG Engine               - enabledMenuItems: []
18:02:46.358 [FXGL Background Thread 3 ] DEBUG Engine               - engineServices: [class com.almasb.fxgl.app.services.FXGLAssetLoaderService, class com.almasb.fxgl.app.FXGLApplication$GameApplicationService, class com.almasb.fxgl.app.services.FXGLDialogService, class com.almasb.fxgl.app.services.IOTaskExecutorService, class com.almasb.fxgl.io.FileSystemService, class com.almasb.fxgl.localization.LocalizationService, class com.almasb.fxgl.app.services.SystemBundleService, class com.almasb.fxgl.profile.SaveLoadService, class com.almasb.fxgl.ui.FXGLUIFactoryServiceProvider, class com.almasb.fxgl.ui.FXGLDialogFactoryServiceProvider, class com.almasb.fxgl.audio.AudioPlayer, class com.almasb.fxgl.notification.impl.NotificationServiceProvider, class com.almasb.fxgl.achievement.AchievementService, class com.almasb.fxgl.cutscene.CutsceneService, class com.almasb.fxgl.minigames.MiniGameService, class com.almasb.fxgl.net.NetService, class com.almasb.fxgl.app.services.UpdaterService, class com.almasb.fxgl.dev.DevService]
18:02:46.358 [FXGL Background Thread 3 ] DEBUG Engine               - fontGame: Abel-Regular.ttf
18:02:46.358 [FXGL Background Thread 3 ] DEBUG Engine               - fontMono: TerminalLandMono-Regular.otf
18:02:46.359 [FXGL Background Thread 3 ] DEBUG Engine               - fontText: Courier-Prime.ttf
18:02:46.359 [FXGL Background Thread 3 ] DEBUG Engine               - fontUI: VarelaRound-Regular.ttf
18:02:46.359 [FXGL Background Thread 3 ] DEBUG Engine               - fullScreen: BooleanProperty [value: false]
18:02:46.359 [FXGL Background Thread 3 ] DEBUG Engine               - gameDifficulty: MEDIUM
18:02:46.359 [FXGL Background Thread 3 ] DEBUG Engine               - gameDifficultyProperty: ObjectProperty [value: MEDIUM]
18:02:46.359 [FXGL Background Thread 3 ] DEBUG Engine               - globalMusicVolume: 0.5
18:02:46.359 [FXGL Background Thread 3 ] DEBUG Engine               - globalMusicVolumeProperty: DoubleProperty [value: 0.5]
18:02:46.359 [FXGL Background Thread 3 ] DEBUG Engine               - globalSoundVolume: 0.5
18:02:46.359 [FXGL Background Thread 3 ] DEBUG Engine               - globalSoundVolumeProperty: DoubleProperty [value: 0.5]
18:02:46.359 [FXGL Background Thread 3 ] DEBUG Engine               - height: 1024
18:02:46.359 [FXGL Background Thread 3 ] DEBUG Engine               - is3D: false
18:02:46.359 [FXGL Background Thread 3 ] DEBUG Engine               - isAndroid: false
18:02:46.359 [FXGL Background Thread 3 ] DEBUG Engine               - isBrowser: false
18:02:46.359 [FXGL Background Thread 3 ] DEBUG Engine               - isClickFeedbackEnabled: false
18:02:46.359 [FXGL Background Thread 3 ] DEBUG Engine               - isCloseConfirmation: false
18:02:46.359 [FXGL Background Thread 3 ] DEBUG Engine               - isDesktop: true
18:02:46.359 [FXGL Background Thread 3 ] DEBUG Engine               - isDeveloperMenuEnabled: false
18:02:46.359 [FXGL Background Thread 3 ] DEBUG Engine               - isEmbedded: false
18:02:46.359 [FXGL Background Thread 3 ] DEBUG Engine               - isEntityPreloadEnabled: true
18:02:46.359 [FXGL Background Thread 3 ] DEBUG Engine               - isExperimentalTiledLargeMap: false
18:02:46.359 [FXGL Background Thread 3 ] DEBUG Engine               - isFileSystemWriteAllowed: true
18:02:46.359 [FXGL Background Thread 3 ] DEBUG Engine               - isFullScreenAllowed: false
18:02:46.359 [FXGL Background Thread 3 ] DEBUG Engine               - isFullScreenFromStart: false
18:02:46.359 [FXGL Background Thread 3 ] DEBUG Engine               - isGameMenuEnabled: true
18:02:46.359 [FXGL Background Thread 3 ] DEBUG Engine               - isIOS: false
18:02:46.359 [FXGL Background Thread 3 ] DEBUG Engine               - isIntroEnabled: false
18:02:46.359 [FXGL Background Thread 3 ] DEBUG Engine               - isLinux: false
18:02:46.359 [FXGL Background Thread 3 ] DEBUG Engine               - isMac: false
18:02:46.360 [FXGL Background Thread 3 ] DEBUG Engine               - isMainMenuEnabled: true
18:02:46.360 [FXGL Background Thread 3 ] DEBUG Engine               - isManualResizeEnabled: false
18:02:46.360 [FXGL Background Thread 3 ] DEBUG Engine               - isMobile: false
18:02:46.360 [FXGL Background Thread 3 ] DEBUG Engine               - isNative: false
18:02:46.360 [FXGL Background Thread 3 ] DEBUG Engine               - isPauseMusicWhenMinimized: true
18:02:46.360 [FXGL Background Thread 3 ] DEBUG Engine               - isPreserveResizeRatio: false
18:02:46.360 [FXGL Background Thread 3 ] DEBUG Engine               - isProfilingEnabled: false
18:02:46.360 [FXGL Background Thread 3 ] DEBUG Engine               - isScaleAffectedOnResize: true
18:02:46.360 [FXGL Background Thread 3 ] DEBUG Engine               - isSingleStep: false
18:02:46.361 [FXGL Background Thread 3 ] DEBUG Engine               - isUserProfileEnabled: false
18:02:46.361 [FXGL Background Thread 3 ] DEBUG Engine               - isWindows: true
18:02:46.361 [FXGL Background Thread 3 ] DEBUG Engine               - language: ObjectProperty [value: ENGLISH]
18:02:46.361 [FXGL Background Thread 3 ] DEBUG Engine               - menuKey: ESCAPE
18:02:46.361 [FXGL Background Thread 3 ] DEBUG Engine               - mouseSensitivity: 0.2
18:02:46.361 [FXGL Background Thread 3 ] DEBUG Engine               - notificationViewClass: class com.almasb.fxgl.notification.view.XboxNotificationView
18:02:46.361 [FXGL Background Thread 3 ] DEBUG Engine               - pixelsPerMeter: 50.0
18:02:46.361 [FXGL Background Thread 3 ] DEBUG Engine               - platform: WINDOWS
18:02:46.361 [FXGL Background Thread 3 ] DEBUG Engine               - prefHeightProperty: ReadOnlyDoubleProperty [value: 1024.0]
18:02:46.361 [FXGL Background Thread 3 ] DEBUG Engine               - prefWidthProperty: ReadOnlyDoubleProperty [value: 1024.0]
18:02:46.361 [FXGL Background Thread 3 ] DEBUG Engine               - profileDir: profiles/
18:02:46.361 [FXGL Background Thread 3 ] DEBUG Engine               - profileName: StringProperty [value: DEFAULT]
18:02:46.361 [FXGL Background Thread 3 ] DEBUG Engine               - randomSeed: -1
18:02:46.361 [FXGL Background Thread 3 ] DEBUG Engine               - runtimeInfo: RuntimeInfo(platform=WINDOWS, version=17.2, build=20.08.2022 16.50)
18:02:46.361 [FXGL Background Thread 3 ] DEBUG Engine               - saveFileExt: sav
18:02:46.361 [FXGL Background Thread 3 ] DEBUG Engine               - scaledHeightProp$fxgl: DoubleProperty [bound, value: 864.0]
18:02:46.362 [FXGL Background Thread 3 ] DEBUG Engine               - scaledWidthProp$fxgl: DoubleProperty [bound, value: 839.0]
18:02:46.362 [FXGL Background Thread 3 ] DEBUG Engine               - sceneFactory: myGame.DawnseekerApp$1@6f83a020
18:02:46.362 [FXGL Background Thread 3 ] DEBUG Engine               - secondsIn24h: 60
18:02:46.362 [FXGL Background Thread 3 ] DEBUG Engine               - soundMenuBack: menu/back.wav
18:02:46.362 [FXGL Background Thread 3 ] DEBUG Engine               - soundMenuPress: menu/press.wav
18:02:46.362 [FXGL Background Thread 3 ] DEBUG Engine               - soundMenuSelect: menu/select.wav
18:02:46.362 [FXGL Background Thread 3 ] DEBUG Engine               - soundNotification: core/notification.wav
18:02:46.362 [FXGL Background Thread 3 ] DEBUG Engine               - stageStyle: DECORATED
18:02:46.362 [FXGL Background Thread 3 ] DEBUG Engine               - supportedLanguages: [ENGLISH, FRENCH, GERMAN, HUNGARIAN, RUSSIAN]
18:02:46.362 [FXGL Background Thread 3 ] DEBUG Engine               - ticksPerSecond: -1
18:02:46.362 [FXGL Background Thread 3 ] DEBUG Engine               - title: Dawnseeker
18:02:46.362 [FXGL Background Thread 3 ] DEBUG Engine               - urlGithub: https://github.com/AlmasB/FXGL
18:02:46.362 [FXGL Background Thread 3 ] DEBUG Engine               - urlLeaderboard: http://fxgl-top.herokuapp.com/
18:02:46.362 [FXGL Background Thread 3 ] DEBUG Engine               - urlPOM: https://raw.githubusercontent.com/AlmasB/FXGL/release/README.md
18:02:46.362 [FXGL Background Thread 3 ] DEBUG Engine               - userAppClass: class myGame.DawnseekerApp
18:02:46.362 [FXGL Background Thread 3 ] DEBUG Engine               - version: 0.2
18:02:46.362 [FXGL Background Thread 3 ] DEBUG Engine               - versionCheckDays: 7
18:02:46.362 [FXGL Background Thread 3 ] DEBUG Engine               - width: 1024
18:02:46.362 [FXGL Background Thread 3 ] DEBUG Engine               - Logging services
18:02:46.362 [FXGL Background Thread 3 ] DEBUG Engine               - class com.almasb.fxgl.app.services.FXGLAssetLoaderService
18:02:46.363 [FXGL Background Thread 3 ] DEBUG Engine               - class com.almasb.fxgl.app.FXGLApplication$GameApplicationService
18:02:46.363 [FXGL Background Thread 3 ] DEBUG Engine               - class com.almasb.fxgl.app.services.FXGLDialogService
18:02:46.363 [FXGL Background Thread 3 ] DEBUG Engine               - class com.almasb.fxgl.app.services.IOTaskExecutorService
18:02:46.363 [FXGL Background Thread 3 ] DEBUG Engine               - class com.almasb.fxgl.io.FileSystemService
18:02:46.363 [FXGL Background Thread 3 ] DEBUG Engine               - class com.almasb.fxgl.localization.LocalizationService
18:02:46.363 [FXGL Background Thread 3 ] DEBUG Engine               - class com.almasb.fxgl.app.services.SystemBundleService
18:02:46.363 [FXGL Background Thread 3 ] DEBUG Engine               - class com.almasb.fxgl.profile.SaveLoadService
18:02:46.363 [FXGL Background Thread 3 ] DEBUG Engine               - class com.almasb.fxgl.ui.FXGLUIFactoryServiceProvider
18:02:46.363 [FXGL Background Thread 3 ] DEBUG Engine               - class com.almasb.fxgl.ui.FXGLDialogFactoryServiceProvider
18:02:46.363 [FXGL Background Thread 3 ] DEBUG Engine               - class com.almasb.fxgl.audio.AudioPlayer
18:02:46.363 [FXGL Background Thread 3 ] DEBUG Engine               - class com.almasb.fxgl.notification.impl.NotificationServiceProvider
18:02:46.363 [FXGL Background Thread 3 ] DEBUG Engine               - class com.almasb.fxgl.achievement.AchievementService
18:02:46.363 [FXGL Background Thread 3 ] DEBUG Engine               - class com.almasb.fxgl.cutscene.CutsceneService
18:02:46.363 [FXGL Background Thread 3 ] DEBUG Engine               - class com.almasb.fxgl.minigames.MiniGameService
18:02:46.363 [FXGL Background Thread 3 ] DEBUG Engine               - class com.almasb.fxgl.net.NetService
18:02:46.363 [FXGL Background Thread 3 ] DEBUG Engine               - class com.almasb.fxgl.app.services.UpdaterService
18:02:46.363 [FXGL Background Thread 3 ] DEBUG Engine               - class com.almasb.fxgl.dev.DevService
18:02:46.533 [JavaFX Application Thread] DEBUG FXGLAssetLoaderServi - Loading from file system: file:/C:/Games/CS4900%20Workspace/CS4900G2Proj2/Dawnseeker/target/classes/assets/textures/EnemyDawnseeker.png
18:02:46.542 [JavaFX Application Thread] DEBUG FXGLAssetLoaderServi - Loading from file system: file:/C:/Games/CS4900%20Workspace/CS4900G2Proj2/Dawnseeker/target/classes/assets/textures/sussy.gif
18:02:48.185 [JavaFX Application Thread] DEBUG FXGLAssetLoaderServi - Loading from file system: file:/C:/Games/CS4900%20Workspace/CS4900G2Proj2/Dawnseeker/target/classes/assets/sounds/magic_missile.wav
18:02:48.209 [JavaFX Application Thread] DEBUG FXGLAssetLoaderServi - Loading from file system: file:/C:/Games/CS4900%20Workspace/CS4900G2Proj2/Dawnseeker/target/classes/assets/textures/FireBallProjectile.png
18:02:48.358 [JavaFX Application Thread] WARN  GameWorld            - Attempted to remove entity which is not active
18:02:48.360 [JavaFX Application Thread] DEBUG FXGLAssetLoaderServi - Loading from file system: file:/C:/Games/CS4900%20Workspace/CS4900G2Proj2/Dawnseeker/target/classes/assets/textures/Coin.png
18:02:48.362 [JavaFX Application Thread] DEBUG FXGLAssetLoaderServi - Loading from file system: file:/C:/Games/CS4900%20Workspace/CS4900G2Proj2/Dawnseeker/target/classes/assets/sounds/bong.wav
18:02:53.130 [JavaFX Application Thread] DEBUG FXGLAssetLoaderServi - Loading from file system: file:/C:/Games/CS4900%20Workspace/CS4900G2Proj2/Dawnseeker/target/classes/assets/sounds/player_oof.wav
18:02:55.862 [JavaFX Application Thread] DEBUG FXGLAssetLoaderServi - Loading from file system: file:/C:/Games/CS4900%20Workspace/CS4900G2Proj2/Dawnseeker/target/classes/assets/sounds/yoda_death.wav
18:02:55.865 [JavaFX Application Thread] DEBUG Input                - Clearing active input actions
18:02:55.871 [JavaFX Application Thread] DEBUG GameApplicationServi - Removing overlay from GameScene and adding to FXGLMainMenuDummyScene
18:02:55.871 [JavaFX Application Thread] DEBUG PrimaryStageWindow   - GameScene -> FXGLMainMenuDummyScene
18:02:55.871 [JavaFX Application Thread] DEBUG PrimaryStageWindow   - Push state: DawnseekerMenu
18:02:55.871 [JavaFX Application Thread] DEBUG Input                - Clearing active input actions
18:02:55.872 [JavaFX Application Thread] DEBUG GameApplicationServi - Removing overlay from FXGLMainMenuDummyScene and adding to DawnseekerMenu
18:02:55.872 [JavaFX Application Thread] DEBUG PrimaryStageWindow   - FXGLMainMenuDummyScene -> DawnseekerMenu
18:02:58.013 [JavaFX Application Thread] DEBUG FXGLApplication      - Exiting FXGL
18:02:58.013 [JavaFX Application Thread] DEBUG LoopRunner           - Stopping loop
18:02:58.013 [JavaFX Application Thread] DEBUG SystemBundleService  - Saving FXGL system data
18:02:58.018 [JavaFX Application Thread] DEBUG FileSystemAccess     - Writing to: C:\Games\CS4900 Workspace\CS4900G2Proj2\Dawnseeker\system\fxgl.bundle
18:02:58.022 [JavaFX Application Thread] DEBUG Async                - Shutting down background threads
18:02:58.022 [JavaFX Application Thread] DEBUG PrimaryStageWindow   - Closing main window
18:02:58.079 [JavaFX Application Thread] DEBUG Logger               - Closing Logger
