16:11:12.128 [main                     ] DEBUG Logger               - Configured Logger
16:11:12.148 [main                     ] DEBUG GameApplication      - Logging settings
Title: Dawnseeker
Version: 0.5
Width: 1920
Height: 1080
Fullscreen: false
Intro: false
Profiling: false
Single step:false
App Mode: DEVELOPER
Menu Key: ESCAPE
Stage Style: DECORATED
Scene Factory: class myGame.DawnseekerApp$1

16:11:12.574 [JavaFX Application Thread] DEBUG FXGLApplication      - Initializing FXGL
16:11:12.580 [JavaFX Application Thread] INFO  Engine               - FXGL-17.2 (20.08.2022 16.50) on WINDOWS (J:19.0.2 FX:18)
16:11:12.581 [JavaFX Application Thread] DEBUG Engine               - JRE Vendor Name: Oracle Corporation
16:11:12.581 [JavaFX Application Thread] DEBUG Engine               - Running on OS: Windows 10 version 10.0
16:11:12.581 [JavaFX Application Thread] DEBUG Engine               - Architecture: amd64
16:11:12.581 [JavaFX Application Thread] INFO  Engine               - Source code and latest versions at: https://github.com/AlmasB/FXGL
16:11:12.582 [JavaFX Application Thread] INFO  Engine               -       Ask questions and discuss at: https://github.com/AlmasB/FXGL/discussions
16:11:12.582 [JavaFX Application Thread] INFO  Engine               -              Join the FXGL chat at: https://gitter.im/AlmasB/FXGL
16:11:12.686 [JavaFX Application Thread] DEBUG PrimaryStageWindow   - Creating a JavaFX scene
16:11:12.687 [JavaFX Application Thread] DEBUG PrimaryStageWindow   - Target size > screen size
16:11:12.749 [JavaFX Application Thread] DEBUG PrimaryStageWindow   - Target settings size: 1920.0 x 1080.0
16:11:12.750 [JavaFX Application Thread] DEBUG PrimaryStageWindow   - Scaled scene size:    1439.0 x 823.0
16:11:12.750 [JavaFX Application Thread] DEBUG PrimaryStageWindow   - Scaled ratio: (0.7494791666666667, 0.7620370370370371)
16:11:12.751 [JavaFX Application Thread] DEBUG PrimaryStageWindow   - Set initial scene to FXGLStartupScene
16:11:12.757 [JavaFX Application Thread] DEBUG PrimaryStageWindow   - Opening main window
16:11:12.868 [JavaFX Application Thread] DEBUG PrimaryStageWindow   - Window border size: (14.5999755859375, 37.79998779296875)
16:11:12.868 [JavaFX Application Thread] DEBUG PrimaryStageWindow   - Scaled size: 1439.0 x 823.0
16:11:12.869 [JavaFX Application Thread] DEBUG PrimaryStageWindow   - Scaled ratio: (0.7494791666666667, 0.7620370370370371)
16:11:12.869 [JavaFX Application Thread] DEBUG PrimaryStageWindow   - Scene size: 1439.0 x 823.0
16:11:12.869 [JavaFX Application Thread] DEBUG PrimaryStageWindow   - Stage size: 1453.5999755859375 x 860.7999877929688
16:11:12.881 [FXGL Background Thread 1 ] DEBUG Engine               - Initializing environment variables
16:11:12.955 [FXGL Background Thread 1 ] DEBUG FXGLAssetLoaderServi - User app class for loading assets: class myGame.DawnseekerApp
16:11:12.955 [FXGL Background Thread 1 ] DEBUG GameApplicationServi - Applying CSS: fxgl_dark.css
16:11:12.956 [FXGL Background Thread 1 ] DEBUG FXGLAssetLoaderServi - Loading from file system: jar:file:/C:/Users/narro/.m2/repository/com/github/almasb/fxgl/17.2/fxgl-17.2.jar!/fxglassets/ui/css/fxgl_dark.css
16:11:13.007 [FXGL Background Thread 1 ] DEBUG GameApplicationServi - Initializing application scenes
16:11:13.068 [FXGL Background Thread 1 ] DEBUG GameWorld            - Game world initialized
16:11:13.165 [FXGL Background Thread 1 ] DEBUG PhysicsWorld         - Physics world initialized: appHeight=1080, physics.ppm=50.0
16:11:13.166 [FXGL Background Thread 1 ] DEBUG PhysicsWorld         - Using strategy: BRUTE_FORCE
16:11:13.172 [FXGL Background Thread 1 ] DEBUG GameScene            - Game scene initialized: 1920x1080
16:11:13.173 [FXGL Background Thread 1 ] DEBUG FXGLAssetLoaderServi - Loading from file system: file:/C:/Users/narro/git/CS4900G2Proj2/Dawnseeker/target/classes/assets/music/shop.mp3
16:11:13.398 [FXGL Background Thread 1 ] DEBUG AudioPlayer          - Playing music com.almasb.fxgl.audio.Music@50f745ac
16:11:13.420 [FXGL Background Thread 1 ] DEBUG FXGLAssetLoaderServi - Loading from file system: file:/C:/Users/narro/git/CS4900G2Proj2/Dawnseeker/target/classes/assets/textures/bg2.png
16:11:13.490 [FXGL Background Thread 1 ] DEBUG FXGL.DefaultMenu     - createMenuBodyGameMenu()
16:11:13.504 [FXGL Background Thread 1 ] DEBUG FXGL.DefaultMenu     - createOptionsMenu()
16:11:13.512 [FXGL Background Thread 1 ] DEBUG FXGLAssetLoaderServi - Loading from file system: jar:file:/C:/Users/narro/.m2/repository/com/github/almasb/fxgl/17.2/fxgl-17.2.jar!/fxglassets/textures/particles/smoke.png
16:11:13.591 [FXGL Background Thread 1 ] DEBUG FXGLAssetLoaderServi - Loading from file system: jar:file:/C:/Users/narro/.m2/repository/com/github/almasb/fxgl/17.2/fxgl-17.2.jar!/fxglassets/textures/particles/trace_horizontal.png
16:11:13.614 [FXGL Background Thread 1 ] DEBUG GameApplicationServi - Application scenes initialized
16:11:13.629 [FXGL Background Thread 1 ] DEBUG SystemBundleService  - Loading FXGL system data
16:11:13.635 [FXGL Background Thread 1 ] DEBUG FileSystemAccess     - Reading from: C:\Users\narro\git\CS4900G2Proj2\Dawnseeker\system\fxgl.bundle
16:11:13.643 [FXGL Background Thread 1 ] DEBUG SystemBundleService  - Bundle FXGL: {}
16:11:13.643 [FXGL Background Thread 1 ] DEBUG UpdaterService       - Checking for updates
16:11:13.646 [FXGL Background Thread 4 ] DEBUG FXGLApplication      - Loading fonts
16:11:13.646 [FXGL Background Thread 4 ] DEBUG FXGLAssetLoaderServi - Loading from file system: jar:file:/C:/Users/narro/.m2/repository/com/github/almasb/fxgl/17.2/fxgl-17.2.jar!/fxglassets/ui/fonts/VarelaRound-Regular.ttf
16:11:13.647 [FXGL Background Thread 1 ] DEBUG FXGLApplication      - Loading default localization
16:11:13.647 [FXGL Background Thread 1 ] DEBUG FXGLAssetLoaderServi - Loading from file system: jar:file:/C:/Users/narro/.m2/repository/com/github/almasb/fxgl/17.2/fxgl-17.2.jar!/fxglassets/languages/english.lang
16:11:13.672 [FXGL Background Thread 1 ] INFO  FXGLApplication      - FXGL initialization took: 0.792 sec
16:11:13.683 [JavaFX Application Thread] DEBUG Input                - Registered new binding: action0 - LMB
16:11:13.690 [JavaFX Application Thread] DEBUG Input                - Registered new binding: Up - W
16:11:13.690 [JavaFX Application Thread] DEBUG Input                - Registered new binding: Down - S
16:11:13.690 [JavaFX Application Thread] DEBUG Input                - Registered new binding: Right - D
16:11:13.691 [JavaFX Application Thread] DEBUG Input                - Registered new binding: Left - A
16:11:13.691 [JavaFX Application Thread] DEBUG FXGLAssetLoaderServi - Loading from file system: jar:file:/C:/Users/narro/.m2/repository/com/github/almasb/fxgl/17.2/fxgl-17.2.jar!/fxglassets/textures/fxgl_icon.png
16:11:13.712 [JavaFX Application Thread] DEBUG FXGLAssetLoaderServi - Loading from file system: jar:file:/C:/Users/narro/.m2/repository/com/github/almasb/fxgl/17.2/fxgl-17.2.jar!/fxglassets/textures/fxgl_default_cursor.png
16:11:13.716 [JavaFX Application Thread] DEBUG Input                - Registered new binding: Screenshot - CTRL+8
16:11:13.716 [JavaFX Application Thread] DEBUG Input                - Registered new binding: System info dump - CTRL+9
16:11:13.717 [JavaFX Application Thread] DEBUG Input                - Registered new binding: Restart - CTRL+R
16:11:13.718 [JavaFX Application Thread] DEBUG Input                - Registered new binding: Toggle Debug Camera - CTRL+7
16:11:13.721 [JavaFX Application Thread] DEBUG LoopRunner           - Starting loop
16:11:13.721 [JavaFX Application Thread] DEBUG LoopRunner           - Initializing JavaFX AnimationTimerLoop
16:11:13.724 [JavaFX Application Thread] DEBUG Input                - Clearing active input actions
16:11:13.739 [JavaFX Application Thread] DEBUG GameApplicationServi - Removing overlay from FXGLStartupScene and adding to FXGLMainMenuDummyScene
16:11:13.739 [JavaFX Application Thread] DEBUG PrimaryStageWindow   - FXGLStartupScene -> FXGLMainMenuDummyScene
16:11:13.739 [JavaFX Application Thread] DEBUG PrimaryStageWindow   - Push state: DawnseekerMenu
16:11:13.739 [JavaFX Application Thread] DEBUG Input                - Clearing active input actions
16:11:13.745 [JavaFX Application Thread] DEBUG GameApplicationServi - Removing overlay from FXGLMainMenuDummyScene and adding to DawnseekerMenu
16:11:13.745 [JavaFX Application Thread] DEBUG PrimaryStageWindow   - FXGLMainMenuDummyScene -> DawnseekerMenu
16:11:13.774 [FXGL Background Thread 4 ] DEBUG FXGLAssetLoaderServi - Loading from file system: jar:file:/C:/Users/narro/.m2/repository/com/github/almasb/fxgl/17.2/fxgl-17.2.jar!/fxglassets/ui/fonts/Abel-Regular.ttf
16:11:13.790 [FXGL Background Thread 4 ] DEBUG FXGLAssetLoaderServi - Loading from file system: jar:file:/C:/Users/narro/.m2/repository/com/github/almasb/fxgl/17.2/fxgl-17.2.jar!/fxglassets/ui/fonts/TerminalLandMono-Regular.otf
16:11:13.805 [FXGL Background Thread 4 ] DEBUG FXGLAssetLoaderServi - Loading from file system: jar:file:/C:/Users/narro/.m2/repository/com/github/almasb/fxgl/17.2/fxgl-17.2.jar!/fxglassets/ui/fonts/Courier-Prime.ttf
16:11:13.823 [JavaFX Application Thread] DEBUG FXGLApplication      - Registering font factories with UI factory
16:11:14.239 [FXGL Background Thread 2 ] INFO  UpdaterService       - Your current version:  17.2
16:11:14.239 [FXGL Background Thread 2 ] INFO  UpdaterService       - Latest stable version: 17.3
16:11:14.659 [JavaFX Application Thread] DEBUG Menu                 - fireNewGame()
16:11:14.660 [JavaFX Application Thread] DEBUG GameApplicationServi - Starting new game
16:11:14.660 [JavaFX Application Thread] DEBUG PrimaryStageWindow   - Pop state: DawnseekerMenu
16:11:14.660 [JavaFX Application Thread] DEBUG Input                - Clearing active input actions
16:11:14.661 [JavaFX Application Thread] DEBUG GameApplicationServi - Removing overlay from DawnseekerMenu and adding to FXGLMainMenuDummyScene
16:11:14.662 [JavaFX Application Thread] DEBUG PrimaryStageWindow   - FXGLMainMenuDummyScene <- DawnseekerMenu
16:11:14.662 [JavaFX Application Thread] DEBUG Input                - Clearing active input actions
16:11:14.667 [JavaFX Application Thread] DEBUG GameApplicationServi - Removing overlay from FXGLMainMenuDummyScene and adding to FXGLLoadingScene
16:11:14.668 [JavaFX Application Thread] DEBUG PrimaryStageWindow   - FXGLMainMenuDummyScene -> FXGLLoadingScene
16:11:14.668 [JavaFX Application Thread] DEBUG GameApplicationServi - Clearing previous game
16:11:14.668 [JavaFX Application Thread] DEBUG GameScene            - Clearing game scene
16:11:14.668 [JavaFX Application Thread] DEBUG GameWorld            - Clearing game world
16:11:14.668 [JavaFX Application Thread] DEBUG PhysicsWorld         - Clearing physics world
16:11:14.670 [JavaFX Application Thread] DEBUG AudioPlayer          - Stopping music com.almasb.fxgl.audio.Music@50f745ac
16:11:14.675 [FXGL Background Thread 2 ] DEBUG FXGLAssetLoaderServi - Loading from file system: file:/C:/Users/narro/git/CS4900G2Proj2/Dawnseeker/target/classes/assets/music/heartache.mp3
16:11:14.687 [FXGL Background Thread 2 ] DEBUG AudioPlayer          - Playing music com.almasb.fxgl.audio.Music@6b5561ad
16:11:14.701 [FXGL Background Thread 2 ] DEBUG FXGLAssetLoaderServi - Loading from file system: file:/C:/Users/narro/git/CS4900G2Proj2/Dawnseeker/target/classes/assets/textures/DawnseekerPCV2.png
16:11:14.703 [FXGL Background Thread 2 ] DEBUG FXGLAssetLoaderServi - Loading from file system: file:/C:/Users/narro/git/CS4900G2Proj2/Dawnseeker/target/classes/assets/textures/DawnseekerPCV2Down.png
16:11:14.704 [FXGL Background Thread 2 ] DEBUG FXGLAssetLoaderServi - Loading from file system: file:/C:/Users/narro/git/CS4900G2Proj2/Dawnseeker/target/classes/assets/textures/DawnseekerPCV2Up.png
16:11:14.705 [FXGL Background Thread 2 ] DEBUG FXGLAssetLoaderServi - Loading from file system: file:/C:/Users/narro/git/CS4900G2Proj2/Dawnseeker/target/classes/assets/textures/DawnseekerPCV2Right.png
16:11:14.706 [FXGL Background Thread 2 ] DEBUG FXGLAssetLoaderServi - Loading from file system: file:/C:/Users/narro/git/CS4900G2Proj2/Dawnseeker/target/classes/assets/textures/DawnseekerPCV2Left.png
16:11:14.719 [FXGL Background Thread 2 ] DEBUG FXGLAssetLoaderServi - Loading from file system: file:/C:/Users/narro/git/CS4900G2Proj2/Dawnseeker/target/classes/assets/textures/background.png
16:11:14.761 [FXGL Background Thread 2 ] WARN  GameWorld            - Entity is already attached to world
16:11:14.765 [FXGL Background Thread 2 ] DEBUG FXGLAssetLoaderServi - Loading from file system: file:/C:/Users/narro/git/CS4900G2Proj2/Dawnseeker/target/classes/assets/textures/Rock1.png
16:11:14.767 [FXGL Background Thread 2 ] WARN  Entity               - Entity already has component: com.almasb.fxgl.entity.components.CollidableComponent
16:11:14.768 [FXGL Background Thread 2 ] WARN  GameWorld            - Entity is already attached to world
16:11:14.768 [FXGL Background Thread 2 ] DEBUG FXGLAssetLoaderServi - Loading from file system: file:/C:/Users/narro/git/CS4900G2Proj2/Dawnseeker/target/classes/assets/textures/Rock2.png
16:11:14.770 [FXGL Background Thread 2 ] WARN  Entity               - Entity already has component: com.almasb.fxgl.entity.components.CollidableComponent
16:11:14.770 [FXGL Background Thread 2 ] WARN  GameWorld            - Entity is already attached to world
16:11:14.771 [FXGL Background Thread 2 ] DEBUG FXGLAssetLoaderServi - Loading from file system: file:/C:/Users/narro/git/CS4900G2Proj2/Dawnseeker/target/classes/assets/textures/BigRock1.png
16:11:14.772 [FXGL Background Thread 2 ] WARN  Entity               - Entity already has component: com.almasb.fxgl.entity.components.CollidableComponent
16:11:14.773 [FXGL Background Thread 2 ] WARN  GameWorld            - Entity is already attached to world
16:11:14.774 [FXGL Background Thread 2 ] DEBUG FXGLAssetLoaderServi - Loading from file system: file:/C:/Users/narro/git/CS4900G2Proj2/Dawnseeker/target/classes/assets/textures/AnimShop.png
16:11:14.776 [FXGL Background Thread 2 ] WARN  GameWorld            - Entity is already attached to world
16:11:14.806 [FXGL Background Thread 2 ] INFO  FXGLApplication      - Game initialization took: 0.137 sec
16:11:14.813 [JavaFX Application Thread] DEBUG Input                - Clearing active input actions
16:11:14.825 [JavaFX Application Thread] DEBUG GameApplicationServi - Removing overlay from FXGLLoadingScene and adding to GameScene
16:11:14.825 [JavaFX Application Thread] DEBUG PrimaryStageWindow   - FXGLLoadingScene -> GameScene
16:11:15.922 [JavaFX Application Thread] DEBUG FXGLAssetLoaderServi - Loading from file system: file:/C:/Users/narro/git/CS4900G2Proj2/Dawnseeker/target/classes/assets/textures/Skull.gif
16:11:15.931 [JavaFX Application Thread] DEBUG FXGLAssetLoaderServi - Loading from file system: file:/C:/Users/narro/git/CS4900G2Proj2/Dawnseeker/target/classes/assets/textures/Ghost.gif
16:11:16.645 [FXGL Background Thread 3 ] DEBUG Engine               - Logging environment variables
16:11:16.646 [FXGL Background Thread 3 ] DEBUG Engine               - achievements: []
16:11:16.646 [FXGL Background Thread 3 ] DEBUG Engine               - actualHeight: 823.0
16:11:16.646 [FXGL Background Thread 3 ] DEBUG Engine               - actualHeightProperty: ReadOnlyDoubleProperty [value: 823.0]
16:11:16.647 [FXGL Background Thread 3 ] DEBUG Engine               - actualWidth: 1439.0
16:11:16.647 [FXGL Background Thread 3 ] DEBUG Engine               - actualWidthProperty: ReadOnlyDoubleProperty [value: 1439.0]
16:11:16.647 [FXGL Background Thread 3 ] DEBUG Engine               - appIcon: fxgl_icon.png
16:11:16.647 [FXGL Background Thread 3 ] DEBUG Engine               - applicationMode: DEVELOPER
16:11:16.647 [FXGL Background Thread 3 ] DEBUG Engine               - cSSList: [fxgl_dark.css]
16:11:16.647 [FXGL Background Thread 3 ] DEBUG Engine               - collisionDetectionStrategy: BRUTE_FORCE
16:11:16.647 [FXGL Background Thread 3 ] DEBUG Engine               - configClass: Optional.empty
16:11:16.647 [FXGL Background Thread 3 ] DEBUG Engine               - credits: []
16:11:16.648 [FXGL Background Thread 3 ] DEBUG Engine               - defaultCursor: CursorInfo(imageName=fxgl_default_cursor.png, hotspotX=7.0, hotspotY=6.0)
16:11:16.649 [FXGL Background Thread 3 ] DEBUG Engine               - devBBoxColorProperty: ObjectProperty [value: 0xff0000ff]
16:11:16.649 [FXGL Background Thread 3 ] DEBUG Engine               - devEnableDebugCameraProperty: BooleanProperty [value: false]
16:11:16.650 [FXGL Background Thread 3 ] DEBUG Engine               - devSensorColorProperty: ObjectProperty [value: 0xffff00ff]
16:11:16.650 [FXGL Background Thread 3 ] DEBUG Engine               - devShowBBoxProperty: BooleanProperty [value: false]
16:11:16.650 [FXGL Background Thread 3 ] DEBUG Engine               - devShowPositionProperty: BooleanProperty [value: false]
16:11:16.650 [FXGL Background Thread 3 ] DEBUG Engine               - enabledMenuItems: []
16:11:16.651 [FXGL Background Thread 3 ] DEBUG Engine               - engineServices: [class com.almasb.fxgl.app.services.FXGLAssetLoaderService, class com.almasb.fxgl.app.FXGLApplication$GameApplicationService, class com.almasb.fxgl.app.services.FXGLDialogService, class com.almasb.fxgl.app.services.IOTaskExecutorService, class com.almasb.fxgl.io.FileSystemService, class com.almasb.fxgl.localization.LocalizationService, class com.almasb.fxgl.app.services.SystemBundleService, class com.almasb.fxgl.profile.SaveLoadService, class com.almasb.fxgl.ui.FXGLUIFactoryServiceProvider, class com.almasb.fxgl.ui.FXGLDialogFactoryServiceProvider, class com.almasb.fxgl.audio.AudioPlayer, class com.almasb.fxgl.notification.impl.NotificationServiceProvider, class com.almasb.fxgl.achievement.AchievementService, class com.almasb.fxgl.cutscene.CutsceneService, class com.almasb.fxgl.minigames.MiniGameService, class com.almasb.fxgl.net.NetService, class com.almasb.fxgl.app.services.UpdaterService, class com.almasb.fxgl.dev.DevService]
16:11:16.651 [FXGL Background Thread 3 ] DEBUG Engine               - fontGame: Abel-Regular.ttf
16:11:16.651 [FXGL Background Thread 3 ] DEBUG Engine               - fontMono: TerminalLandMono-Regular.otf
16:11:16.651 [FXGL Background Thread 3 ] DEBUG Engine               - fontText: Courier-Prime.ttf
16:11:16.651 [FXGL Background Thread 3 ] DEBUG Engine               - fontUI: VarelaRound-Regular.ttf
16:11:16.651 [FXGL Background Thread 3 ] DEBUG Engine               - fullScreen: BooleanProperty [value: false]
16:11:16.651 [FXGL Background Thread 3 ] DEBUG Engine               - gameDifficulty: MEDIUM
16:11:16.651 [FXGL Background Thread 3 ] DEBUG Engine               - gameDifficultyProperty: ObjectProperty [value: MEDIUM]
16:11:16.651 [FXGL Background Thread 3 ] DEBUG Engine               - globalMusicVolume: 0.5
16:11:16.651 [FXGL Background Thread 3 ] DEBUG Engine               - globalMusicVolumeProperty: DoubleProperty [value: 0.5]
16:11:16.651 [FXGL Background Thread 3 ] DEBUG Engine               - globalSoundVolume: 0.5
16:11:16.651 [FXGL Background Thread 3 ] DEBUG Engine               - globalSoundVolumeProperty: DoubleProperty [value: 0.5]
16:11:16.651 [FXGL Background Thread 3 ] DEBUG Engine               - height: 1080
16:11:16.651 [FXGL Background Thread 3 ] DEBUG Engine               - is3D: false
16:11:16.652 [FXGL Background Thread 3 ] DEBUG Engine               - isAndroid: false
16:11:16.652 [FXGL Background Thread 3 ] DEBUG Engine               - isBrowser: false
16:11:16.652 [FXGL Background Thread 3 ] DEBUG Engine               - isClickFeedbackEnabled: false
16:11:16.652 [FXGL Background Thread 3 ] DEBUG Engine               - isCloseConfirmation: false
16:11:16.652 [FXGL Background Thread 3 ] DEBUG Engine               - isDesktop: true
16:11:16.652 [FXGL Background Thread 3 ] DEBUG Engine               - isDeveloperMenuEnabled: false
16:11:16.652 [FXGL Background Thread 3 ] DEBUG Engine               - isEmbedded: false
16:11:16.652 [FXGL Background Thread 3 ] DEBUG Engine               - isEntityPreloadEnabled: true
16:11:16.652 [FXGL Background Thread 3 ] DEBUG Engine               - isExperimentalTiledLargeMap: false
16:11:16.652 [FXGL Background Thread 3 ] DEBUG Engine               - isFileSystemWriteAllowed: true
16:11:16.652 [FXGL Background Thread 3 ] DEBUG Engine               - isFullScreenAllowed: false
16:11:16.652 [FXGL Background Thread 3 ] DEBUG Engine               - isFullScreenFromStart: false
16:11:16.652 [FXGL Background Thread 3 ] DEBUG Engine               - isGameMenuEnabled: true
16:11:16.653 [FXGL Background Thread 3 ] DEBUG Engine               - isIOS: false
16:11:16.653 [FXGL Background Thread 3 ] DEBUG Engine               - isIntroEnabled: false
16:11:16.653 [FXGL Background Thread 3 ] DEBUG Engine               - isLinux: false
16:11:16.653 [FXGL Background Thread 3 ] DEBUG Engine               - isMac: false
16:11:16.653 [FXGL Background Thread 3 ] DEBUG Engine               - isMainMenuEnabled: true
16:11:16.653 [FXGL Background Thread 3 ] DEBUG Engine               - isManualResizeEnabled: false
16:11:16.653 [FXGL Background Thread 3 ] DEBUG Engine               - isMobile: false
16:11:16.653 [FXGL Background Thread 3 ] DEBUG Engine               - isNative: false
16:11:16.653 [FXGL Background Thread 3 ] DEBUG Engine               - isPauseMusicWhenMinimized: true
16:11:16.653 [FXGL Background Thread 3 ] DEBUG Engine               - isPreserveResizeRatio: false
16:11:16.653 [FXGL Background Thread 3 ] DEBUG Engine               - isProfilingEnabled: false
16:11:16.653 [FXGL Background Thread 3 ] DEBUG Engine               - isScaleAffectedOnResize: true
16:11:16.653 [FXGL Background Thread 3 ] DEBUG Engine               - isSingleStep: false
16:11:16.653 [FXGL Background Thread 3 ] DEBUG Engine               - isUserProfileEnabled: false
16:11:16.653 [FXGL Background Thread 3 ] DEBUG Engine               - isWindows: true
16:11:16.653 [FXGL Background Thread 3 ] DEBUG Engine               - language: ObjectProperty [value: ENGLISH]
16:11:16.654 [FXGL Background Thread 3 ] DEBUG Engine               - menuKey: ESCAPE
16:11:16.654 [FXGL Background Thread 3 ] DEBUG Engine               - mouseSensitivity: 0.2
16:11:16.654 [FXGL Background Thread 3 ] DEBUG Engine               - notificationViewClass: class com.almasb.fxgl.notification.view.XboxNotificationView
16:11:16.654 [FXGL Background Thread 3 ] DEBUG Engine               - pixelsPerMeter: 50.0
16:11:16.654 [FXGL Background Thread 3 ] DEBUG Engine               - platform: WINDOWS
16:11:16.654 [FXGL Background Thread 3 ] DEBUG Engine               - prefHeightProperty: ReadOnlyDoubleProperty [value: 1080.0]
16:11:16.654 [FXGL Background Thread 3 ] DEBUG Engine               - prefWidthProperty: ReadOnlyDoubleProperty [value: 1920.0]
16:11:16.654 [FXGL Background Thread 3 ] DEBUG Engine               - profileDir: profiles/
16:11:16.654 [FXGL Background Thread 3 ] DEBUG Engine               - profileName: StringProperty [value: DEFAULT]
16:11:16.654 [FXGL Background Thread 3 ] DEBUG Engine               - randomSeed: -1
16:11:16.655 [FXGL Background Thread 3 ] DEBUG Engine               - runtimeInfo: RuntimeInfo(platform=WINDOWS, version=17.2, build=20.08.2022 16.50)
16:11:16.655 [FXGL Background Thread 3 ] DEBUG Engine               - saveFileExt: sav
16:11:16.655 [FXGL Background Thread 3 ] DEBUG Engine               - scaledHeightProp$fxgl: DoubleProperty [bound, value: 823.0]
16:11:16.655 [FXGL Background Thread 3 ] DEBUG Engine               - scaledWidthProp$fxgl: DoubleProperty [bound, value: 1439.0]
16:11:16.655 [FXGL Background Thread 3 ] DEBUG Engine               - sceneFactory: myGame.DawnseekerApp$1@570f9854
16:11:16.655 [FXGL Background Thread 3 ] DEBUG Engine               - secondsIn24h: 60
16:11:16.655 [FXGL Background Thread 3 ] DEBUG Engine               - soundMenuBack: menu/back.wav
16:11:16.655 [FXGL Background Thread 3 ] DEBUG Engine               - soundMenuPress: menu/press.wav
16:11:16.655 [FXGL Background Thread 3 ] DEBUG Engine               - soundMenuSelect: menu/select.wav
16:11:16.655 [FXGL Background Thread 3 ] DEBUG Engine               - soundNotification: core/notification.wav
16:11:16.655 [FXGL Background Thread 3 ] DEBUG Engine               - stageStyle: DECORATED
16:11:16.655 [FXGL Background Thread 3 ] DEBUG Engine               - supportedLanguages: [ENGLISH, FRENCH, GERMAN, HUNGARIAN, RUSSIAN]
16:11:16.655 [FXGL Background Thread 3 ] DEBUG Engine               - ticksPerSecond: -1
16:11:16.655 [FXGL Background Thread 3 ] DEBUG Engine               - title: Dawnseeker
16:11:16.656 [FXGL Background Thread 3 ] DEBUG Engine               - urlGithub: https://github.com/AlmasB/FXGL
16:11:16.656 [FXGL Background Thread 3 ] DEBUG Engine               - urlLeaderboard: http://fxgl-top.herokuapp.com/
16:11:16.656 [FXGL Background Thread 3 ] DEBUG Engine               - urlPOM: https://raw.githubusercontent.com/AlmasB/FXGL/release/README.md
16:11:16.656 [FXGL Background Thread 3 ] DEBUG Engine               - userAppClass: class myGame.DawnseekerApp
16:11:16.656 [FXGL Background Thread 3 ] DEBUG Engine               - version: 0.5
16:11:16.656 [FXGL Background Thread 3 ] DEBUG Engine               - versionCheckDays: 7
16:11:16.656 [FXGL Background Thread 3 ] DEBUG Engine               - width: 1920
16:11:16.656 [FXGL Background Thread 3 ] DEBUG Engine               - Logging services
16:11:16.656 [FXGL Background Thread 3 ] DEBUG Engine               - class com.almasb.fxgl.app.services.FXGLAssetLoaderService
16:11:16.656 [FXGL Background Thread 3 ] DEBUG Engine               - class com.almasb.fxgl.app.FXGLApplication$GameApplicationService
16:11:16.656 [FXGL Background Thread 3 ] DEBUG Engine               - class com.almasb.fxgl.app.services.FXGLDialogService
16:11:16.656 [FXGL Background Thread 3 ] DEBUG Engine               - class com.almasb.fxgl.app.services.IOTaskExecutorService
16:11:16.656 [FXGL Background Thread 3 ] DEBUG Engine               - class com.almasb.fxgl.io.FileSystemService
16:11:16.656 [FXGL Background Thread 3 ] DEBUG Engine               - class com.almasb.fxgl.localization.LocalizationService
16:11:16.656 [FXGL Background Thread 3 ] DEBUG Engine               - class com.almasb.fxgl.app.services.SystemBundleService
16:11:16.656 [FXGL Background Thread 3 ] DEBUG Engine               - class com.almasb.fxgl.profile.SaveLoadService
16:11:16.656 [FXGL Background Thread 3 ] DEBUG Engine               - class com.almasb.fxgl.ui.FXGLUIFactoryServiceProvider
16:11:16.657 [FXGL Background Thread 3 ] DEBUG Engine               - class com.almasb.fxgl.ui.FXGLDialogFactoryServiceProvider
16:11:16.657 [FXGL Background Thread 3 ] DEBUG Engine               - class com.almasb.fxgl.audio.AudioPlayer
16:11:16.657 [FXGL Background Thread 3 ] DEBUG Engine               - class com.almasb.fxgl.notification.impl.NotificationServiceProvider
16:11:16.657 [FXGL Background Thread 3 ] DEBUG Engine               - class com.almasb.fxgl.achievement.AchievementService
16:11:16.657 [FXGL Background Thread 3 ] DEBUG Engine               - class com.almasb.fxgl.cutscene.CutsceneService
16:11:16.657 [FXGL Background Thread 3 ] DEBUG Engine               - class com.almasb.fxgl.minigames.MiniGameService
16:11:16.657 [FXGL Background Thread 3 ] DEBUG Engine               - class com.almasb.fxgl.net.NetService
16:11:16.657 [FXGL Background Thread 3 ] DEBUG Engine               - class com.almasb.fxgl.app.services.UpdaterService
16:11:16.657 [FXGL Background Thread 3 ] DEBUG Engine               - class com.almasb.fxgl.dev.DevService
16:11:17.808 [JavaFX Application Thread] DEBUG FXGLAssetLoaderServi - Loading from file system: file:/C:/Users/narro/git/CS4900G2Proj2/Dawnseeker/target/classes/assets/sounds/store_jingle.wav
16:11:17.825 [JavaFX Application Thread] DEBUG PrimaryStageWindow   - Push state: ShopTest
16:11:17.825 [JavaFX Application Thread] DEBUG Input                - Clearing active input actions
16:11:17.825 [JavaFX Application Thread] DEBUG GameApplicationServi - Removing overlay from GameScene and adding to ShopTest
16:11:17.826 [JavaFX Application Thread] DEBUG PrimaryStageWindow   - GameScene -> ShopTest
16:11:17.826 [JavaFX Application Thread] DEBUG Input                - Registered new binding: Close Shop - F
16:11:19.887 [JavaFX Application Thread] DEBUG FXGLAssetLoaderServi - Loading from file system: file:/C:/Users/narro/git/CS4900G2Proj2/Dawnseeker/target/classes/assets/sounds/boom.wav
16:11:20.456 [JavaFX Application Thread] DEBUG PrimaryStageWindow   - Pop state: ShopTest
16:11:20.456 [JavaFX Application Thread] DEBUG Input                - Clearing active input actions
16:11:20.457 [JavaFX Application Thread] DEBUG GameApplicationServi - Removing overlay from ShopTest and adding to GameScene
16:11:20.457 [JavaFX Application Thread] DEBUG PrimaryStageWindow   - GameScene <- ShopTest
16:11:23.090 [JavaFX Application Thread] DEBUG FXGLAssetLoaderServi - Loading from file system: file:/C:/Users/narro/git/CS4900G2Proj2/Dawnseeker/target/classes/assets/textures/slime.gif
16:11:23.316 [JavaFX Application Thread] DEBUG FXGLAssetLoaderServi - Loading from file system: file:/C:/Users/narro/git/CS4900G2Proj2/Dawnseeker/target/classes/assets/sounds/magic_missile.wav
16:11:23.327 [JavaFX Application Thread] DEBUG FXGLAssetLoaderServi - Loading from file system: file:/C:/Users/narro/git/CS4900G2Proj2/Dawnseeker/target/classes/assets/textures/Fireball.gif
16:11:23.716 [JavaFX Application Thread] WARN  GameWorld            - Attempted to remove entity which is not active
16:11:23.720 [JavaFX Application Thread] DEBUG FXGLAssetLoaderServi - Loading from file system: file:/C:/Users/narro/git/CS4900G2Proj2/Dawnseeker/target/classes/assets/sounds/bong.wav
16:11:24.050 [JavaFX Application Thread] WARN  GameWorld            - Attempted to remove entity which is not active
16:11:24.055 [JavaFX Application Thread] DEBUG FXGLAssetLoaderServi - Loading from file system: file:/C:/Users/narro/git/CS4900G2Proj2/Dawnseeker/target/classes/assets/textures/Coin.gif
16:11:24.738 [JavaFX Application Thread] WARN  GameWorld            - Attempted to remove entity which is not active
16:11:25.521 [JavaFX Application Thread] DEBUG FXGLAssetLoaderServi - Loading from file system: file:/C:/Users/narro/git/CS4900G2Proj2/Dawnseeker/target/classes/assets/sounds/coin_pickup.wav
16:11:27.680 [JavaFX Application Thread] DEBUG FXGLAssetLoaderServi - Loading from file system: file:/C:/Users/narro/git/CS4900G2Proj2/Dawnseeker/target/classes/assets/textures/FireBallProjectile.png
16:11:27.684 [JavaFX Application Thread] WARN  GameWorld            - Attempted to remove entity which is not active
16:11:27.809 [JavaFX Application Thread] WARN  GameWorld            - Attempted to remove entity which is not active
16:11:28.001 [JavaFX Application Thread] WARN  GameWorld            - Attempted to remove entity which is not active
16:11:28.513 [JavaFX Application Thread] WARN  GameWorld            - Attempted to remove entity which is not active
16:11:29.105 [JavaFX Application Thread] WARN  GameWorld            - Attempted to remove entity which is not active
16:11:31.345 [JavaFX Application Thread] WARN  GameWorld            - Attempted to remove entity which is not active
16:11:31.346 [JavaFX Application Thread] DEBUG FXGLAssetLoaderServi - Loading from file system: file:/C:/Users/narro/git/CS4900G2Proj2/Dawnseeker/target/classes/assets/textures/Poison.gif
16:11:31.355 [JavaFX Application Thread] WARN  GameWorld            - Entity is already attached to world
16:11:31.356 [JavaFX Application Thread] DEBUG FXGLAssetLoaderServi - Loading from file system: file:/C:/Users/narro/git/CS4900G2Proj2/Dawnseeker/target/classes/assets/sounds/much_higher.wav
16:11:31.362 [JavaFX Application Thread] WARN  GameWorld            - Attempted to remove entity which is not active
16:11:32.577 [JavaFX Application Thread] WARN  GameWorld            - Attempted to remove entity which is not active
16:11:32.578 [JavaFX Application Thread] DEBUG FXGLAssetLoaderServi - Loading from file system: file:/C:/Users/narro/git/CS4900G2Proj2/Dawnseeker/target/classes/assets/textures/HealthPotion.gif
16:11:32.593 [JavaFX Application Thread] WARN  GameWorld            - Attempted to remove entity which is not active
16:11:33.138 [JavaFX Application Thread] WARN  GameWorld            - Attempted to remove entity which is not active
16:11:33.409 [JavaFX Application Thread] WARN  GameWorld            - Attempted to remove entity which is not active
16:11:33.410 [JavaFX Application Thread] WARN  GameWorld            - Entity is already attached to world
16:11:34.576 [JavaFX Application Thread] WARN  GameWorld            - Attempted to remove entity which is not active
16:11:34.577 [JavaFX Application Thread] DEBUG FXGLAssetLoaderServi - Loading from file system: file:/C:/Users/narro/git/CS4900G2Proj2/Dawnseeker/target/classes/assets/textures/SpeedPotion.gif
16:11:34.897 [JavaFX Application Thread] WARN  GameWorld            - Attempted to remove entity which is not active
16:11:35.139 [JavaFX Application Thread] WARN  GameWorld            - Attempted to remove entity which is not active
16:11:35.217 [JavaFX Application Thread] WARN  GameWorld            - Attempted to remove entity which is not active
16:11:35.907 [JavaFX Application Thread] WARN  GameWorld            - Attempted to remove entity which is not active
16:11:37.044 [JavaFX Application Thread] WARN  GameWorld            - Attempted to remove entity which is not active
16:11:38.659 [JavaFX Application Thread] WARN  GameWorld            - Attempted to remove entity which is not active
16:11:39.313 [JavaFX Application Thread] WARN  GameWorld            - Attempted to remove entity which is not active
16:11:39.361 [JavaFX Application Thread] WARN  GameWorld            - Attempted to remove entity which is not active
16:11:39.396 [JavaFX Application Thread] WARN  GameWorld            - Attempted to remove entity which is not active
16:11:39.923 [JavaFX Application Thread] WARN  GameWorld            - Attempted to remove entity which is not active
16:11:39.939 [JavaFX Application Thread] WARN  GameWorld            - Attempted to remove entity which is not active
16:11:40.161 [JavaFX Application Thread] WARN  GameWorld            - Attempted to remove entity which is not active
16:11:40.369 [JavaFX Application Thread] WARN  GameWorld            - Attempted to remove entity which is not active
16:11:40.819 [JavaFX Application Thread] DEBUG FXGLAssetLoaderServi - Loading from file system: file:/C:/Users/narro/git/CS4900G2Proj2/Dawnseeker/target/classes/assets/sounds/player_oof.wav
16:11:41.058 [JavaFX Application Thread] DEBUG FXGLAssetLoaderServi - Loading from file system: file:/C:/Users/narro/git/CS4900G2Proj2/Dawnseeker/target/classes/assets/sounds/yoda_death.wav
16:11:41.069 [JavaFX Application Thread] DEBUG AudioPlayer          - Stopping music com.almasb.fxgl.audio.Music@50f745ac
16:11:41.070 [JavaFX Application Thread] DEBUG AudioPlayer          - Stopping music com.almasb.fxgl.audio.Music@6b5561ad
16:11:41.072 [JavaFX Application Thread] DEBUG Input                - Clearing active input actions
16:11:41.101 [JavaFX Application Thread] DEBUG GameApplicationServi - Removing overlay from GameScene and adding to FXGLMainMenuDummyScene
16:11:41.101 [JavaFX Application Thread] DEBUG PrimaryStageWindow   - GameScene -> FXGLMainMenuDummyScene
16:11:41.102 [JavaFX Application Thread] DEBUG PrimaryStageWindow   - Push state: DawnseekerMenu
16:11:41.102 [JavaFX Application Thread] DEBUG Input                - Clearing active input actions
16:11:41.103 [JavaFX Application Thread] DEBUG GameApplicationServi - Removing overlay from FXGLMainMenuDummyScene and adding to DawnseekerMenu
16:11:41.103 [JavaFX Application Thread] DEBUG PrimaryStageWindow   - FXGLMainMenuDummyScene -> DawnseekerMenu
16:11:41.103 [JavaFX Application Thread] DEBUG AudioPlayer          - Playing music com.almasb.fxgl.audio.Music@50f745ac
16:11:42.845 [JavaFX Application Thread] DEBUG FXGLApplication      - Exiting FXGL
16:11:42.845 [JavaFX Application Thread] DEBUG LoopRunner           - Stopping loop
16:11:42.845 [JavaFX Application Thread] DEBUG SystemBundleService  - Saving FXGL system data
16:11:42.846 [JavaFX Application Thread] DEBUG FileSystemAccess     - Writing to: C:\Users\narro\git\CS4900G2Proj2\Dawnseeker\system\fxgl.bundle
16:11:42.848 [JavaFX Application Thread] DEBUG Async                - Shutting down background threads
16:11:42.848 [JavaFX Application Thread] DEBUG PrimaryStageWindow   - Closing main window
16:11:42.861 [JavaFX Application Thread] DEBUG Logger               - Closing Logger
