13:20:30.351 [main                     ] DEBUG Logger               - Configured Logger
13:20:30.389 [main                     ] DEBUG GameApplication      - Logging settings
Title: Dawnseeker
Version: 0.4
Width: 1920
Height: 1080
Fullscreen: false
Intro: false
Profiling: false
Single step:false
App Mode: DEVELOPER
Menu Key: ESCAPE
Stage Style: DECORATED
Scene Factory: class myGame.DawnseekerApp$1

13:20:30.867 [JavaFX Application Thread] DEBUG FXGLApplication      - Initializing FXGL
13:20:30.876 [JavaFX Application Thread] INFO  Engine               - FXGL-17.2 (20.08.2022 16.50) on WINDOWS (J:19.0.2 FX:18)
13:20:30.876 [JavaFX Application Thread] DEBUG Engine               - JRE Vendor Name: Oracle Corporation
13:20:30.877 [JavaFX Application Thread] DEBUG Engine               - Running on OS: Windows 10 version 10.0
13:20:30.877 [JavaFX Application Thread] DEBUG Engine               - Architecture: amd64
13:20:30.877 [JavaFX Application Thread] INFO  Engine               - Source code and latest versions at: https://github.com/AlmasB/FXGL
13:20:30.878 [JavaFX Application Thread] INFO  Engine               -       Ask questions and discuss at: https://github.com/AlmasB/FXGL/discussions
13:20:30.878 [JavaFX Application Thread] INFO  Engine               -              Join the FXGL chat at: https://gitter.im/AlmasB/FXGL
13:20:31.023 [JavaFX Application Thread] DEBUG PrimaryStageWindow   - Creating a JavaFX scene
13:20:31.023 [JavaFX Application Thread] DEBUG PrimaryStageWindow   - Target size > screen size
13:20:31.085 [JavaFX Application Thread] DEBUG PrimaryStageWindow   - Target settings size: 1920.0 x 1080.0
13:20:31.085 [JavaFX Application Thread] DEBUG PrimaryStageWindow   - Scaled scene size:    1439.0 x 823.0
13:20:31.085 [JavaFX Application Thread] DEBUG PrimaryStageWindow   - Scaled ratio: (0.7494791666666667, 0.7620370370370371)
13:20:31.087 [JavaFX Application Thread] DEBUG PrimaryStageWindow   - Set initial scene to FXGLStartupScene
13:20:31.096 [JavaFX Application Thread] DEBUG PrimaryStageWindow   - Opening main window
13:20:31.228 [JavaFX Application Thread] DEBUG PrimaryStageWindow   - Window border size: (14.5999755859375, 37.79998779296875)
13:20:31.228 [JavaFX Application Thread] DEBUG PrimaryStageWindow   - Scaled size: 1439.0 x 823.0
13:20:31.229 [JavaFX Application Thread] DEBUG PrimaryStageWindow   - Scaled ratio: (0.7494791666666667, 0.7620370370370371)
13:20:31.229 [JavaFX Application Thread] DEBUG PrimaryStageWindow   - Scene size: 1439.0 x 823.0
13:20:31.230 [JavaFX Application Thread] DEBUG PrimaryStageWindow   - Stage size: 1453.5999755859375 x 860.7999877929688
13:20:31.247 [FXGL Background Thread 1 ] DEBUG Engine               - Initializing environment variables
13:20:31.382 [FXGL Background Thread 1 ] DEBUG FXGLAssetLoaderServi - User app class for loading assets: class myGame.DawnseekerApp
13:20:31.383 [FXGL Background Thread 1 ] DEBUG GameApplicationServi - Applying CSS: fxgl_dark.css
13:20:31.386 [FXGL Background Thread 1 ] DEBUG FXGLAssetLoaderServi - Loading from file system: jar:file:/C:/Users/narro/.m2/repository/com/github/almasb/fxgl/17.2/fxgl-17.2.jar!/fxglassets/ui/css/fxgl_dark.css
13:20:31.455 [FXGL Background Thread 1 ] DEBUG GameApplicationServi - Initializing application scenes
13:20:31.519 [FXGL Background Thread 1 ] DEBUG GameWorld            - Game world initialized
13:20:31.617 [FXGL Background Thread 1 ] DEBUG PhysicsWorld         - Physics world initialized: appHeight=1080, physics.ppm=50.0
13:20:31.617 [FXGL Background Thread 1 ] DEBUG PhysicsWorld         - Using strategy: BRUTE_FORCE
13:20:31.625 [FXGL Background Thread 1 ] DEBUG GameScene            - Game scene initialized: 1920x1080
13:20:31.626 [FXGL Background Thread 1 ] DEBUG FXGLAssetLoaderServi - Loading from file system: file:/C:/Users/narro/git/CS4900G2Proj2/Dawnseeker/target/classes/assets/music/shop.mp3
13:20:31.819 [FXGL Background Thread 1 ] DEBUG AudioPlayer          - Playing music com.almasb.fxgl.audio.Music@51b3ee8
13:20:31.893 [FXGL Background Thread 1 ] DEBUG FXGLAssetLoaderServi - Loading from file system: file:/C:/Users/narro/git/CS4900G2Proj2/Dawnseeker/target/classes/assets/textures/bg.png
13:20:32.081 [FXGL Background Thread 1 ] DEBUG FXGL.DefaultMenu     - createMenuBodyGameMenu()
13:20:32.101 [FXGL Background Thread 1 ] DEBUG FXGL.DefaultMenu     - createOptionsMenu()
13:20:32.110 [FXGL Background Thread 1 ] DEBUG FXGLAssetLoaderServi - Loading from file system: jar:file:/C:/Users/narro/.m2/repository/com/github/almasb/fxgl/17.2/fxgl-17.2.jar!/fxglassets/textures/particles/smoke.png
13:20:32.229 [FXGL Background Thread 1 ] DEBUG FXGLAssetLoaderServi - Loading from file system: jar:file:/C:/Users/narro/.m2/repository/com/github/almasb/fxgl/17.2/fxgl-17.2.jar!/fxglassets/textures/particles/trace_horizontal.png
13:20:32.256 [FXGL Background Thread 1 ] DEBUG GameApplicationServi - Application scenes initialized
13:20:32.274 [FXGL Background Thread 1 ] DEBUG SystemBundleService  - Loading FXGL system data
13:20:32.281 [FXGL Background Thread 1 ] DEBUG FileSystemAccess     - Reading from: C:\Users\narro\git\CS4900G2Proj2\Dawnseeker\system\fxgl.bundle
13:20:32.292 [FXGL Background Thread 1 ] DEBUG SystemBundleService  - Bundle FXGL: {}
13:20:32.292 [FXGL Background Thread 1 ] DEBUG UpdaterService       - Checking for updates
13:20:32.298 [FXGL Background Thread 4 ] DEBUG FXGLApplication      - Loading fonts
13:20:32.299 [FXGL Background Thread 4 ] DEBUG FXGLAssetLoaderServi - Loading from file system: jar:file:/C:/Users/narro/.m2/repository/com/github/almasb/fxgl/17.2/fxgl-17.2.jar!/fxglassets/ui/fonts/VarelaRound-Regular.ttf
13:20:32.299 [FXGL Background Thread 1 ] DEBUG FXGLApplication      - Loading default localization
13:20:32.300 [FXGL Background Thread 1 ] DEBUG FXGLAssetLoaderServi - Loading from file system: jar:file:/C:/Users/narro/.m2/repository/com/github/almasb/fxgl/17.2/fxgl-17.2.jar!/fxglassets/languages/english.lang
13:20:32.334 [FXGL Background Thread 1 ] INFO  FXGLApplication      - FXGL initialization took: 1.087 sec
13:20:32.345 [JavaFX Application Thread] DEBUG Input                - Registered new binding: action0 - LMB
13:20:32.355 [JavaFX Application Thread] DEBUG Input                - Registered new binding: Up - W
13:20:32.356 [JavaFX Application Thread] DEBUG Input                - Registered new binding: Down - S
13:20:32.356 [JavaFX Application Thread] DEBUG Input                - Registered new binding: Right - D
13:20:32.356 [JavaFX Application Thread] DEBUG Input                - Registered new binding: Left - A
13:20:32.357 [JavaFX Application Thread] DEBUG FXGLAssetLoaderServi - Loading from file system: jar:file:/C:/Users/narro/.m2/repository/com/github/almasb/fxgl/17.2/fxgl-17.2.jar!/fxglassets/textures/fxgl_icon.png
13:20:32.375 [JavaFX Application Thread] DEBUG FXGLAssetLoaderServi - Loading from file system: jar:file:/C:/Users/narro/.m2/repository/com/github/almasb/fxgl/17.2/fxgl-17.2.jar!/fxglassets/textures/fxgl_default_cursor.png
13:20:32.378 [JavaFX Application Thread] DEBUG Input                - Registered new binding: Screenshot - CTRL+8
13:20:32.379 [JavaFX Application Thread] DEBUG Input                - Registered new binding: System info dump - CTRL+9
13:20:32.380 [JavaFX Application Thread] DEBUG Input                - Registered new binding: Restart - CTRL+R
13:20:32.382 [JavaFX Application Thread] DEBUG Input                - Registered new binding: Toggle Debug Camera - CTRL+7
13:20:32.385 [JavaFX Application Thread] DEBUG LoopRunner           - Starting loop
13:20:32.386 [JavaFX Application Thread] DEBUG LoopRunner           - Initializing JavaFX AnimationTimerLoop
13:20:32.390 [JavaFX Application Thread] DEBUG Input                - Clearing active input actions
13:20:32.413 [JavaFX Application Thread] DEBUG GameApplicationServi - Removing overlay from FXGLStartupScene and adding to FXGLMainMenuDummyScene
13:20:32.413 [JavaFX Application Thread] DEBUG PrimaryStageWindow   - FXGLStartupScene -> FXGLMainMenuDummyScene
13:20:32.414 [JavaFX Application Thread] DEBUG PrimaryStageWindow   - Push state: DawnseekerMenu
13:20:32.414 [JavaFX Application Thread] DEBUG Input                - Clearing active input actions
13:20:32.420 [JavaFX Application Thread] DEBUG GameApplicationServi - Removing overlay from FXGLMainMenuDummyScene and adding to DawnseekerMenu
13:20:32.421 [JavaFX Application Thread] DEBUG PrimaryStageWindow   - FXGLMainMenuDummyScene -> DawnseekerMenu
13:20:32.453 [FXGL Background Thread 4 ] DEBUG FXGLAssetLoaderServi - Loading from file system: jar:file:/C:/Users/narro/.m2/repository/com/github/almasb/fxgl/17.2/fxgl-17.2.jar!/fxglassets/ui/fonts/Abel-Regular.ttf
13:20:32.474 [FXGL Background Thread 4 ] DEBUG FXGLAssetLoaderServi - Loading from file system: jar:file:/C:/Users/narro/.m2/repository/com/github/almasb/fxgl/17.2/fxgl-17.2.jar!/fxglassets/ui/fonts/TerminalLandMono-Regular.otf
13:20:32.491 [FXGL Background Thread 4 ] DEBUG FXGLAssetLoaderServi - Loading from file system: jar:file:/C:/Users/narro/.m2/repository/com/github/almasb/fxgl/17.2/fxgl-17.2.jar!/fxglassets/ui/fonts/Courier-Prime.ttf
13:20:32.512 [JavaFX Application Thread] DEBUG FXGLApplication      - Registering font factories with UI factory
13:20:32.824 [FXGL Background Thread 2 ] INFO  UpdaterService       - Your current version:  17.2
13:20:32.824 [FXGL Background Thread 2 ] INFO  UpdaterService       - Latest stable version: 17.3
13:20:33.228 [JavaFX Application Thread] DEBUG Menu                 - fireNewGame()
13:20:33.228 [JavaFX Application Thread] DEBUG GameApplicationServi - Starting new game
13:20:33.228 [JavaFX Application Thread] DEBUG PrimaryStageWindow   - Pop state: DawnseekerMenu
13:20:33.229 [JavaFX Application Thread] DEBUG Input                - Clearing active input actions
13:20:33.229 [JavaFX Application Thread] DEBUG GameApplicationServi - Removing overlay from DawnseekerMenu and adding to FXGLMainMenuDummyScene
13:20:33.230 [JavaFX Application Thread] DEBUG PrimaryStageWindow   - FXGLMainMenuDummyScene <- DawnseekerMenu
13:20:33.230 [JavaFX Application Thread] DEBUG Input                - Clearing active input actions
13:20:33.241 [JavaFX Application Thread] DEBUG GameApplicationServi - Removing overlay from FXGLMainMenuDummyScene and adding to FXGLLoadingScene
13:20:33.242 [JavaFX Application Thread] DEBUG PrimaryStageWindow   - FXGLMainMenuDummyScene -> FXGLLoadingScene
13:20:33.242 [JavaFX Application Thread] DEBUG GameApplicationServi - Clearing previous game
13:20:33.242 [JavaFX Application Thread] DEBUG GameScene            - Clearing game scene
13:20:33.242 [JavaFX Application Thread] DEBUG GameWorld            - Clearing game world
13:20:33.242 [JavaFX Application Thread] DEBUG PhysicsWorld         - Clearing physics world
13:20:33.245 [JavaFX Application Thread] DEBUG AudioPlayer          - Stopping music com.almasb.fxgl.audio.Music@51b3ee8
13:20:33.245 [FXGL Background Thread 2 ] DEBUG FXGLApplication      - Initializing game
13:20:33.255 [FXGL Background Thread 2 ] DEBUG FXGLAssetLoaderServi - Loading from file system: file:/C:/Users/narro/git/CS4900G2Proj2/Dawnseeker/target/classes/assets/music/heartache.mp3
13:20:33.259 [FXGL Background Thread 2 ] DEBUG AudioPlayer          - Playing music com.almasb.fxgl.audio.Music@3cf6d68c
13:20:33.282 [FXGL Background Thread 2 ] DEBUG FXGLAssetLoaderServi - Loading from file system: file:/C:/Users/narro/git/CS4900G2Proj2/Dawnseeker/target/classes/assets/textures/DawnseekerPCV2.png
13:20:33.288 [FXGL Background Thread 2 ] DEBUG FXGLAssetLoaderServi - Loading from file system: file:/C:/Users/narro/git/CS4900G2Proj2/Dawnseeker/target/classes/assets/textures/DawnseekerPCV2Down.png
13:20:33.292 [FXGL Background Thread 2 ] DEBUG FXGLAssetLoaderServi - Loading from file system: file:/C:/Users/narro/git/CS4900G2Proj2/Dawnseeker/target/classes/assets/textures/DawnseekerPCV2Up.png
13:20:33.296 [FXGL Background Thread 2 ] DEBUG FXGLAssetLoaderServi - Loading from file system: file:/C:/Users/narro/git/CS4900G2Proj2/Dawnseeker/target/classes/assets/textures/DawnseekerPCV2Right.png
13:20:33.300 [FXGL Background Thread 2 ] DEBUG FXGLAssetLoaderServi - Loading from file system: file:/C:/Users/narro/git/CS4900G2Proj2/Dawnseeker/target/classes/assets/textures/DawnseekerPCV2Left.png
13:20:33.325 [FXGL Background Thread 2 ] DEBUG FXGLAssetLoaderServi - Loading from file system: file:/C:/Users/narro/git/CS4900G2Proj2/Dawnseeker/target/classes/assets/textures/BackGroung.png
13:20:33.367 [FXGL Background Thread 2 ] WARN  GameWorld            - Entity is already attached to world
13:20:33.368 [FXGL Background Thread 2 ] DEBUG FXGLAssetLoaderServi - Loading from file system: file:/C:/Users/narro/git/CS4900G2Proj2/Dawnseeker/target/classes/assets/textures/Rock1.png
13:20:33.370 [FXGL Background Thread 2 ] WARN  Entity               - Entity already has component: com.almasb.fxgl.entity.components.CollidableComponent
13:20:33.370 [FXGL Background Thread 2 ] WARN  GameWorld            - Entity is already attached to world
13:20:33.371 [FXGL Background Thread 2 ] DEBUG FXGLAssetLoaderServi - Loading from file system: file:/C:/Users/narro/git/CS4900G2Proj2/Dawnseeker/target/classes/assets/textures/Rock2.png
13:20:33.372 [FXGL Background Thread 2 ] WARN  Entity               - Entity already has component: com.almasb.fxgl.entity.components.CollidableComponent
13:20:33.373 [FXGL Background Thread 2 ] WARN  GameWorld            - Entity is already attached to world
13:20:33.374 [FXGL Background Thread 2 ] DEBUG FXGLAssetLoaderServi - Loading from file system: file:/C:/Users/narro/git/CS4900G2Proj2/Dawnseeker/target/classes/assets/textures/BigRock1.png
13:20:33.380 [FXGL Background Thread 2 ] WARN  Entity               - Entity already has component: com.almasb.fxgl.entity.components.CollidableComponent
13:20:33.381 [FXGL Background Thread 2 ] WARN  GameWorld            - Entity is already attached to world
13:20:33.385 [FXGL Background Thread 2 ] DEBUG FXGLAssetLoaderServi - Loading from file system: file:/C:/Users/narro/git/CS4900G2Proj2/Dawnseeker/target/classes/assets/textures/Poison.gif
13:20:33.397 [FXGL Background Thread 2 ] WARN  GameWorld            - Entity is already attached to world
13:20:33.406 [FXGL Background Thread 2 ] DEBUG FXGLAssetLoaderServi - Loading from file system: file:/C:/Users/narro/git/CS4900G2Proj2/Dawnseeker/target/classes/assets/textures/AnimShop.png
13:20:33.408 [FXGL Background Thread 2 ] WARN  GameWorld            - Entity is already attached to world
13:20:33.459 [FXGL Background Thread 2 ] INFO  FXGLApplication      - Game initialization took: 0.215 sec
13:20:33.469 [JavaFX Application Thread] DEBUG Input                - Clearing active input actions
13:20:33.497 [JavaFX Application Thread] DEBUG GameApplicationServi - Removing overlay from FXGLLoadingScene and adding to GameScene
13:20:33.498 [JavaFX Application Thread] DEBUG PrimaryStageWindow   - FXGLLoadingScene -> GameScene
13:20:34.578 [JavaFX Application Thread] DEBUG FXGLAssetLoaderServi - Loading from file system: file:/C:/Users/narro/git/CS4900G2Proj2/Dawnseeker/target/classes/assets/textures/Skull.gif
13:20:34.591 [JavaFX Application Thread] DEBUG FXGLAssetLoaderServi - Loading from file system: file:/C:/Users/narro/git/CS4900G2Proj2/Dawnseeker/target/classes/assets/textures/Ghost.gif
13:20:35.298 [FXGL Background Thread 3 ] DEBUG Engine               - Logging environment variables
13:20:35.300 [FXGL Background Thread 3 ] DEBUG Engine               - achievements: []
13:20:35.300 [FXGL Background Thread 3 ] DEBUG Engine               - actualHeight: 823.0
13:20:35.301 [FXGL Background Thread 3 ] DEBUG Engine               - actualHeightProperty: ReadOnlyDoubleProperty [value: 823.0]
13:20:35.302 [FXGL Background Thread 3 ] DEBUG Engine               - actualWidth: 1439.0
13:20:35.302 [FXGL Background Thread 3 ] DEBUG Engine               - actualWidthProperty: ReadOnlyDoubleProperty [value: 1439.0]
13:20:35.302 [FXGL Background Thread 3 ] DEBUG Engine               - appIcon: fxgl_icon.png
13:20:35.303 [FXGL Background Thread 3 ] DEBUG Engine               - applicationMode: DEVELOPER
13:20:35.303 [FXGL Background Thread 3 ] DEBUG Engine               - cSSList: [fxgl_dark.css]
13:20:35.303 [FXGL Background Thread 3 ] DEBUG Engine               - collisionDetectionStrategy: BRUTE_FORCE
13:20:35.304 [FXGL Background Thread 3 ] DEBUG Engine               - configClass: Optional.empty
13:20:35.305 [FXGL Background Thread 3 ] DEBUG Engine               - credits: []
13:20:35.307 [FXGL Background Thread 3 ] DEBUG Engine               - defaultCursor: CursorInfo(imageName=fxgl_default_cursor.png, hotspotX=7.0, hotspotY=6.0)
13:20:35.308 [FXGL Background Thread 3 ] DEBUG Engine               - devBBoxColorProperty: ObjectProperty [value: 0xff0000ff]
13:20:35.308 [FXGL Background Thread 3 ] DEBUG Engine               - devEnableDebugCameraProperty: BooleanProperty [value: false]
13:20:35.309 [FXGL Background Thread 3 ] DEBUG Engine               - devSensorColorProperty: ObjectProperty [value: 0xffff00ff]
13:20:35.309 [FXGL Background Thread 3 ] DEBUG Engine               - devShowBBoxProperty: BooleanProperty [value: false]
13:20:35.309 [FXGL Background Thread 3 ] DEBUG Engine               - devShowPositionProperty: BooleanProperty [value: false]
13:20:35.309 [FXGL Background Thread 3 ] DEBUG Engine               - enabledMenuItems: []
13:20:35.310 [FXGL Background Thread 3 ] DEBUG Engine               - engineServices: [class com.almasb.fxgl.app.services.FXGLAssetLoaderService, class com.almasb.fxgl.app.FXGLApplication$GameApplicationService, class com.almasb.fxgl.app.services.FXGLDialogService, class com.almasb.fxgl.app.services.IOTaskExecutorService, class com.almasb.fxgl.io.FileSystemService, class com.almasb.fxgl.localization.LocalizationService, class com.almasb.fxgl.app.services.SystemBundleService, class com.almasb.fxgl.profile.SaveLoadService, class com.almasb.fxgl.ui.FXGLUIFactoryServiceProvider, class com.almasb.fxgl.ui.FXGLDialogFactoryServiceProvider, class com.almasb.fxgl.audio.AudioPlayer, class com.almasb.fxgl.notification.impl.NotificationServiceProvider, class com.almasb.fxgl.achievement.AchievementService, class com.almasb.fxgl.cutscene.CutsceneService, class com.almasb.fxgl.minigames.MiniGameService, class com.almasb.fxgl.net.NetService, class com.almasb.fxgl.app.services.UpdaterService, class com.almasb.fxgl.dev.DevService]
13:20:35.310 [FXGL Background Thread 3 ] DEBUG Engine               - fontGame: Abel-Regular.ttf
13:20:35.310 [FXGL Background Thread 3 ] DEBUG Engine               - fontMono: TerminalLandMono-Regular.otf
13:20:35.310 [FXGL Background Thread 3 ] DEBUG Engine               - fontText: Courier-Prime.ttf
13:20:35.310 [FXGL Background Thread 3 ] DEBUG Engine               - fontUI: VarelaRound-Regular.ttf
13:20:35.311 [FXGL Background Thread 3 ] DEBUG Engine               - fullScreen: BooleanProperty [value: false]
13:20:35.311 [FXGL Background Thread 3 ] DEBUG Engine               - gameDifficulty: MEDIUM
13:20:35.311 [FXGL Background Thread 3 ] DEBUG Engine               - gameDifficultyProperty: ObjectProperty [value: MEDIUM]
13:20:35.312 [FXGL Background Thread 3 ] DEBUG Engine               - globalMusicVolume: 0.5
13:20:35.312 [FXGL Background Thread 3 ] DEBUG Engine               - globalMusicVolumeProperty: DoubleProperty [value: 0.5]
13:20:35.312 [FXGL Background Thread 3 ] DEBUG Engine               - globalSoundVolume: 0.5
13:20:35.313 [FXGL Background Thread 3 ] DEBUG Engine               - globalSoundVolumeProperty: DoubleProperty [value: 0.5]
13:20:35.313 [FXGL Background Thread 3 ] DEBUG Engine               - height: 1080
13:20:35.314 [FXGL Background Thread 3 ] DEBUG Engine               - is3D: false
13:20:35.315 [FXGL Background Thread 3 ] DEBUG Engine               - isAndroid: false
13:20:35.315 [FXGL Background Thread 3 ] DEBUG Engine               - isBrowser: false
13:20:35.316 [FXGL Background Thread 3 ] DEBUG Engine               - isClickFeedbackEnabled: false
13:20:35.317 [FXGL Background Thread 3 ] DEBUG Engine               - isCloseConfirmation: false
13:20:35.317 [FXGL Background Thread 3 ] DEBUG Engine               - isDesktop: true
13:20:35.318 [FXGL Background Thread 3 ] DEBUG Engine               - isDeveloperMenuEnabled: false
13:20:35.318 [FXGL Background Thread 3 ] DEBUG Engine               - isEmbedded: false
13:20:35.318 [FXGL Background Thread 3 ] DEBUG Engine               - isEntityPreloadEnabled: true
13:20:35.319 [FXGL Background Thread 3 ] DEBUG Engine               - isExperimentalTiledLargeMap: false
13:20:35.319 [FXGL Background Thread 3 ] DEBUG Engine               - isFileSystemWriteAllowed: true
13:20:35.319 [FXGL Background Thread 3 ] DEBUG Engine               - isFullScreenAllowed: false
13:20:35.319 [FXGL Background Thread 3 ] DEBUG Engine               - isFullScreenFromStart: false
13:20:35.320 [FXGL Background Thread 3 ] DEBUG Engine               - isGameMenuEnabled: true
13:20:35.320 [FXGL Background Thread 3 ] DEBUG Engine               - isIOS: false
13:20:35.320 [FXGL Background Thread 3 ] DEBUG Engine               - isIntroEnabled: false
13:20:35.320 [FXGL Background Thread 3 ] DEBUG Engine               - isLinux: false
13:20:35.321 [FXGL Background Thread 3 ] DEBUG Engine               - isMac: false
13:20:35.322 [FXGL Background Thread 3 ] DEBUG Engine               - isMainMenuEnabled: true
13:20:35.322 [FXGL Background Thread 3 ] DEBUG Engine               - isManualResizeEnabled: false
13:20:35.323 [FXGL Background Thread 3 ] DEBUG Engine               - isMobile: false
13:20:35.323 [FXGL Background Thread 3 ] DEBUG Engine               - isNative: false
13:20:35.323 [FXGL Background Thread 3 ] DEBUG Engine               - isPauseMusicWhenMinimized: true
13:20:35.324 [FXGL Background Thread 3 ] DEBUG Engine               - isPreserveResizeRatio: false
13:20:35.324 [FXGL Background Thread 3 ] DEBUG Engine               - isProfilingEnabled: false
13:20:35.324 [FXGL Background Thread 3 ] DEBUG Engine               - isScaleAffectedOnResize: true
13:20:35.324 [FXGL Background Thread 3 ] DEBUG Engine               - isSingleStep: false
13:20:35.325 [FXGL Background Thread 3 ] DEBUG Engine               - isUserProfileEnabled: false
13:20:35.327 [FXGL Background Thread 3 ] DEBUG Engine               - isWindows: true
13:20:35.327 [FXGL Background Thread 3 ] DEBUG Engine               - language: ObjectProperty [value: ENGLISH]
13:20:35.327 [FXGL Background Thread 3 ] DEBUG Engine               - menuKey: ESCAPE
13:20:35.328 [FXGL Background Thread 3 ] DEBUG Engine               - mouseSensitivity: 0.2
13:20:35.328 [FXGL Background Thread 3 ] DEBUG Engine               - notificationViewClass: class com.almasb.fxgl.notification.view.XboxNotificationView
13:20:35.329 [FXGL Background Thread 3 ] DEBUG Engine               - pixelsPerMeter: 50.0
13:20:35.329 [FXGL Background Thread 3 ] DEBUG Engine               - platform: WINDOWS
13:20:35.329 [FXGL Background Thread 3 ] DEBUG Engine               - prefHeightProperty: ReadOnlyDoubleProperty [value: 1080.0]
13:20:35.330 [FXGL Background Thread 3 ] DEBUG Engine               - prefWidthProperty: ReadOnlyDoubleProperty [value: 1920.0]
13:20:35.330 [FXGL Background Thread 3 ] DEBUG Engine               - profileDir: profiles/
13:20:35.330 [FXGL Background Thread 3 ] DEBUG Engine               - profileName: StringProperty [value: DEFAULT]
13:20:35.331 [FXGL Background Thread 3 ] DEBUG Engine               - randomSeed: -1
13:20:35.331 [FXGL Background Thread 3 ] DEBUG Engine               - runtimeInfo: RuntimeInfo(platform=WINDOWS, version=17.2, build=20.08.2022 16.50)
13:20:35.331 [FXGL Background Thread 3 ] DEBUG Engine               - saveFileExt: sav
13:20:35.332 [FXGL Background Thread 3 ] DEBUG Engine               - scaledHeightProp$fxgl: DoubleProperty [bound, value: 823.0]
13:20:35.332 [FXGL Background Thread 3 ] DEBUG Engine               - scaledWidthProp$fxgl: DoubleProperty [bound, value: 1439.0]
13:20:35.332 [FXGL Background Thread 3 ] DEBUG Engine               - sceneFactory: myGame.DawnseekerApp$1@3d7dce7
13:20:35.333 [FXGL Background Thread 3 ] DEBUG Engine               - secondsIn24h: 60
13:20:35.333 [FXGL Background Thread 3 ] DEBUG Engine               - soundMenuBack: menu/back.wav
13:20:35.334 [FXGL Background Thread 3 ] DEBUG Engine               - soundMenuPress: menu/press.wav
13:20:35.336 [FXGL Background Thread 3 ] DEBUG Engine               - soundMenuSelect: menu/select.wav
13:20:35.337 [FXGL Background Thread 3 ] DEBUG Engine               - soundNotification: core/notification.wav
13:20:35.337 [FXGL Background Thread 3 ] DEBUG Engine               - stageStyle: DECORATED
13:20:35.337 [FXGL Background Thread 3 ] DEBUG Engine               - supportedLanguages: [ENGLISH, FRENCH, GERMAN, HUNGARIAN, RUSSIAN]
13:20:35.338 [FXGL Background Thread 3 ] DEBUG Engine               - ticksPerSecond: -1
13:20:35.338 [FXGL Background Thread 3 ] DEBUG Engine               - title: Dawnseeker
13:20:35.338 [FXGL Background Thread 3 ] DEBUG Engine               - urlGithub: https://github.com/AlmasB/FXGL
13:20:35.339 [FXGL Background Thread 3 ] DEBUG Engine               - urlLeaderboard: http://fxgl-top.herokuapp.com/
13:20:35.339 [FXGL Background Thread 3 ] DEBUG Engine               - urlPOM: https://raw.githubusercontent.com/AlmasB/FXGL/release/README.md
13:20:35.340 [FXGL Background Thread 3 ] DEBUG Engine               - userAppClass: class myGame.DawnseekerApp
13:20:35.340 [FXGL Background Thread 3 ] DEBUG Engine               - version: 0.4
13:20:35.341 [FXGL Background Thread 3 ] DEBUG Engine               - versionCheckDays: 7
13:20:35.341 [FXGL Background Thread 3 ] DEBUG Engine               - width: 1920
13:20:35.342 [FXGL Background Thread 3 ] DEBUG Engine               - Logging services
13:20:35.342 [FXGL Background Thread 3 ] DEBUG Engine               - class com.almasb.fxgl.app.services.FXGLAssetLoaderService
13:20:35.342 [FXGL Background Thread 3 ] DEBUG Engine               - class com.almasb.fxgl.app.FXGLApplication$GameApplicationService
13:20:35.344 [FXGL Background Thread 3 ] DEBUG Engine               - class com.almasb.fxgl.app.services.FXGLDialogService
13:20:35.344 [FXGL Background Thread 3 ] DEBUG Engine               - class com.almasb.fxgl.app.services.IOTaskExecutorService
13:20:35.344 [FXGL Background Thread 3 ] DEBUG Engine               - class com.almasb.fxgl.io.FileSystemService
13:20:35.345 [FXGL Background Thread 3 ] DEBUG Engine               - class com.almasb.fxgl.localization.LocalizationService
13:20:35.345 [FXGL Background Thread 3 ] DEBUG Engine               - class com.almasb.fxgl.app.services.SystemBundleService
13:20:35.345 [FXGL Background Thread 3 ] DEBUG Engine               - class com.almasb.fxgl.profile.SaveLoadService
13:20:35.345 [FXGL Background Thread 3 ] DEBUG Engine               - class com.almasb.fxgl.ui.FXGLUIFactoryServiceProvider
13:20:35.347 [FXGL Background Thread 3 ] DEBUG Engine               - class com.almasb.fxgl.ui.FXGLDialogFactoryServiceProvider
13:20:35.347 [FXGL Background Thread 3 ] DEBUG Engine               - class com.almasb.fxgl.audio.AudioPlayer
13:20:35.348 [FXGL Background Thread 3 ] DEBUG Engine               - class com.almasb.fxgl.notification.impl.NotificationServiceProvider
13:20:35.348 [FXGL Background Thread 3 ] DEBUG Engine               - class com.almasb.fxgl.achievement.AchievementService
13:20:35.348 [FXGL Background Thread 3 ] DEBUG Engine               - class com.almasb.fxgl.cutscene.CutsceneService
13:20:35.348 [FXGL Background Thread 3 ] DEBUG Engine               - class com.almasb.fxgl.minigames.MiniGameService
13:20:35.348 [FXGL Background Thread 3 ] DEBUG Engine               - class com.almasb.fxgl.net.NetService
13:20:35.349 [FXGL Background Thread 3 ] DEBUG Engine               - class com.almasb.fxgl.app.services.UpdaterService
13:20:35.349 [FXGL Background Thread 3 ] DEBUG Engine               - class com.almasb.fxgl.dev.DevService
13:20:37.626 [JavaFX Application Thread] DEBUG FXGLApplication      - Exiting FXGL
13:20:37.626 [JavaFX Application Thread] DEBUG LoopRunner           - Stopping loop
13:20:37.626 [JavaFX Application Thread] DEBUG SystemBundleService  - Saving FXGL system data
13:20:37.629 [JavaFX Application Thread] DEBUG FileSystemAccess     - Writing to: C:\Users\narro\git\CS4900G2Proj2\Dawnseeker\system\fxgl.bundle
13:20:37.631 [JavaFX Application Thread] DEBUG Async                - Shutting down background threads
13:20:37.631 [JavaFX Application Thread] DEBUG PrimaryStageWindow   - Closing main window
13:20:37.647 [JavaFX Application Thread] DEBUG Logger               - Closing Logger
