12:42:59.973 [main                     ] DEBUG Logger               - Configured Logger
12:43:00.057 [main                     ] DEBUG GameApplication      - Logging settings
Title: Dawnseeker
Version: 0.1
Width: 1024
Height: 1024
Fullscreen: false
Intro: false
Profiling: false
Single step:false
App Mode: DEVELOPER
Menu Key: ESCAPE
Stage Style: DECORATED
Scene Factory: class com.almasb.fxgl.app.scene.SceneFactory

12:43:02.026 [JavaFX Application Thread] DEBUG FXGLApplication      - Initializing FXGL
12:43:02.043 [JavaFX Application Thread] INFO  Engine               - FXGL-17.2 (20.08.2022 16.50) on WINDOWS (J:19 FX:18)
12:43:02.044 [JavaFX Application Thread] DEBUG Engine               - JRE Vendor Name: Eclipse Adoptium
12:43:02.044 [JavaFX Application Thread] DEBUG Engine               - Running on OS: Windows 10 version 10.0
12:43:02.045 [JavaFX Application Thread] DEBUG Engine               - Architecture: amd64
12:43:02.046 [JavaFX Application Thread] INFO  Engine               - Source code and latest versions at: https://github.com/AlmasB/FXGL
12:43:02.046 [JavaFX Application Thread] INFO  Engine               -       Ask questions and discuss at: https://github.com/AlmasB/FXGL/discussions
12:43:02.047 [JavaFX Application Thread] INFO  Engine               -              Join the FXGL chat at: https://gitter.im/AlmasB/FXGL
12:43:02.336 [JavaFX Application Thread] DEBUG PrimaryStageWindow   - Creating a JavaFX scene
12:43:02.501 [JavaFX Application Thread] DEBUG PrimaryStageWindow   - Target settings size: 1024.0 x 1024.0
12:43:02.502 [JavaFX Application Thread] DEBUG PrimaryStageWindow   - Scaled scene size:    1024.0 x 1024.0
12:43:02.502 [JavaFX Application Thread] DEBUG PrimaryStageWindow   - Scaled ratio: (1.0, 1.0)
12:43:02.505 [JavaFX Application Thread] DEBUG PrimaryStageWindow   - Set initial scene to FXGLStartupScene
12:43:02.528 [JavaFX Application Thread] DEBUG PrimaryStageWindow   - Opening main window
12:43:03.261 [JavaFX Application Thread] DEBUG PrimaryStageWindow   - Window border size: (16.0, 39.0)
12:43:03.262 [JavaFX Application Thread] DEBUG PrimaryStageWindow   - Scaled size: 1024.0 x 1024.0
12:43:03.264 [JavaFX Application Thread] DEBUG PrimaryStageWindow   - Scaled ratio: (1.0, 1.0)
12:43:03.265 [JavaFX Application Thread] DEBUG PrimaryStageWindow   - Scene size: 1024.0 x 1024.0
12:43:03.265 [JavaFX Application Thread] DEBUG PrimaryStageWindow   - Stage size: 1040.0 x 1063.0
12:43:03.281 [FXGL Background Thread 1 ] DEBUG Engine               - Initializing environment variables
12:43:03.438 [FXGL Background Thread 1 ] DEBUG FXGLAssetLoaderServi - User app class for loading assets: class myGame.DawnseekerApp
12:43:03.438 [FXGL Background Thread 1 ] DEBUG GameApplicationServi - Applying CSS: fxgl_dark.css
12:43:03.440 [FXGL Background Thread 1 ] DEBUG FXGLAssetLoaderServi - Loading from file system: jar:file:/C:/Users/User/.m2/repository/com/github/almasb/fxgl/17.2/fxgl-17.2.jar!/fxglassets/ui/css/fxgl_dark.css
12:43:03.543 [FXGL Background Thread 1 ] DEBUG GameApplicationServi - Initializing application scenes
12:43:03.613 [FXGL Background Thread 1 ] DEBUG GameWorld            - Game world initialized
12:43:03.730 [FXGL Background Thread 1 ] DEBUG PhysicsWorld         - Physics world initialized: appHeight=1024, physics.ppm=50.0
12:43:03.730 [FXGL Background Thread 1 ] DEBUG PhysicsWorld         - Using strategy: BRUTE_FORCE
12:43:03.739 [FXGL Background Thread 1 ] DEBUG GameScene            - Game scene initialized: 1024x1024
12:43:03.762 [FXGL Background Thread 1 ] DEBUG FXGL.DefaultMenu     - createMenuBodyMainMenu()
12:43:03.791 [FXGL Background Thread 1 ] DEBUG FXGL.DefaultMenu     - createOptionsMenu()
12:43:03.809 [FXGL Background Thread 1 ] DEBUG FXGLAssetLoaderServi - Loading from file system: jar:file:/C:/Users/User/.m2/repository/com/github/almasb/fxgl/17.2/fxgl-17.2.jar!/fxglassets/textures/particles/smoke.png
12:43:04.189 [FXGL Background Thread 1 ] DEBUG FXGLAssetLoaderServi - Loading from file system: jar:file:/C:/Users/User/.m2/repository/com/github/almasb/fxgl/17.2/fxgl-17.2.jar!/fxglassets/textures/particles/trace_horizontal.png
12:43:04.250 [FXGL Background Thread 1 ] DEBUG FXGL.DefaultMenu     - createMenuBodyGameMenu()
12:43:04.253 [FXGL Background Thread 1 ] DEBUG FXGL.DefaultMenu     - createOptionsMenu()
12:43:04.278 [FXGL Background Thread 1 ] DEBUG GameApplicationServi - Application scenes initialized
12:43:04.311 [FXGL Background Thread 1 ] DEBUG SystemBundleService  - Loading FXGL system data
12:43:04.324 [FXGL Background Thread 1 ] DEBUG FileSystemAccess     - Reading from: C:\Users\User\Desktop\Spring2023\CS4900G2Proj2\Dawnseeker\system\fxgl.bundle
12:43:04.338 [FXGL Background Thread 1 ] DEBUG SystemBundleService  - Bundle FXGL: {}
12:43:04.339 [FXGL Background Thread 1 ] DEBUG UpdaterService       - Checking for updates
12:43:04.344 [FXGL Background Thread 4 ] DEBUG FXGLApplication      - Loading fonts
12:43:04.345 [FXGL Background Thread 4 ] DEBUG FXGLAssetLoaderServi - Loading from file system: jar:file:/C:/Users/User/.m2/repository/com/github/almasb/fxgl/17.2/fxgl-17.2.jar!/fxglassets/ui/fonts/VarelaRound-Regular.ttf
12:43:04.345 [FXGL Background Thread 1 ] DEBUG FXGLApplication      - Loading default localization
12:43:04.346 [FXGL Background Thread 1 ] DEBUG FXGLAssetLoaderServi - Loading from file system: jar:file:/C:/Users/User/.m2/repository/com/github/almasb/fxgl/17.2/fxgl-17.2.jar!/fxglassets/languages/english.lang
12:43:04.399 [FXGL Background Thread 1 ] INFO  FXGLApplication      - FXGL initialization took: 1.118 sec
12:43:04.426 [JavaFX Application Thread] DEBUG Input                - Registered new binding: action0 - W
12:43:04.427 [JavaFX Application Thread] DEBUG Input                - Registered new binding: action1 - S
12:43:04.427 [JavaFX Application Thread] DEBUG Input                - Registered new binding: action2 - A
12:43:04.428 [JavaFX Application Thread] DEBUG Input                - Registered new binding: action3 - D
12:43:04.432 [JavaFX Application Thread] DEBUG Input                - Registered new binding: action4 - LMB
12:43:04.432 [JavaFX Application Thread] DEBUG FXGLAssetLoaderServi - Loading from file system: jar:file:/C:/Users/User/.m2/repository/com/github/almasb/fxgl/17.2/fxgl-17.2.jar!/fxglassets/textures/fxgl_icon.png
12:43:04.469 [JavaFX Application Thread] DEBUG FXGLAssetLoaderServi - Loading from file system: jar:file:/C:/Users/User/.m2/repository/com/github/almasb/fxgl/17.2/fxgl-17.2.jar!/fxglassets/textures/fxgl_default_cursor.png
12:43:04.474 [JavaFX Application Thread] DEBUG Input                - Registered new binding: Screenshot - CTRL+8
12:43:04.475 [JavaFX Application Thread] DEBUG Input                - Registered new binding: System info dump - CTRL+9
12:43:04.476 [JavaFX Application Thread] DEBUG Input                - Registered new binding: Restart - CTRL+R
12:43:04.477 [JavaFX Application Thread] DEBUG Input                - Registered new binding: Toggle Debug Camera - CTRL+7
12:43:04.480 [JavaFX Application Thread] DEBUG LoopRunner           - Starting loop
12:43:04.481 [JavaFX Application Thread] DEBUG LoopRunner           - Initializing JavaFX AnimationTimerLoop
12:43:04.487 [JavaFX Application Thread] DEBUG Input                - Clearing active input actions
12:43:04.503 [JavaFX Application Thread] DEBUG GameApplicationServi - Removing overlay from FXGLStartupScene and adding to FXGLMainMenuDummyScene
12:43:04.504 [JavaFX Application Thread] DEBUG PrimaryStageWindow   - FXGLStartupScene -> FXGLMainMenuDummyScene
12:43:04.504 [JavaFX Application Thread] DEBUG PrimaryStageWindow   - Push state: FXGLDefaultMenu
12:43:04.516 [JavaFX Application Thread] DEBUG Input                - Clearing active input actions
12:43:04.535 [JavaFX Application Thread] DEBUG GameApplicationServi - Removing overlay from FXGLMainMenuDummyScene and adding to FXGLDefaultMenu
12:43:04.536 [JavaFX Application Thread] DEBUG PrimaryStageWindow   - FXGLMainMenuDummyScene -> FXGLDefaultMenu
12:43:04.579 [FXGL Background Thread 4 ] DEBUG FXGLAssetLoaderServi - Loading from file system: jar:file:/C:/Users/User/.m2/repository/com/github/almasb/fxgl/17.2/fxgl-17.2.jar!/fxglassets/ui/fonts/Abel-Regular.ttf
12:43:04.583 [FXGL Background Thread 4 ] DEBUG FXGLAssetLoaderServi - Loading from file system: jar:file:/C:/Users/User/.m2/repository/com/github/almasb/fxgl/17.2/fxgl-17.2.jar!/fxglassets/ui/fonts/TerminalLandMono-Regular.otf
12:43:04.587 [FXGL Background Thread 4 ] DEBUG FXGLAssetLoaderServi - Loading from file system: jar:file:/C:/Users/User/.m2/repository/com/github/almasb/fxgl/17.2/fxgl-17.2.jar!/fxglassets/ui/fonts/Courier-Prime.ttf
12:43:04.650 [JavaFX Application Thread] DEBUG FXGLApplication      - Registering font factories with UI factory
12:43:07.343 [FXGL Background Thread 3 ] DEBUG Engine               - Logging environment variables
12:43:07.345 [FXGL Background Thread 3 ] DEBUG Engine               - achievements: []
12:43:07.346 [FXGL Background Thread 3 ] DEBUG Engine               - actualHeight: 1024.0
12:43:07.347 [FXGL Background Thread 3 ] DEBUG Engine               - actualHeightProperty: ReadOnlyDoubleProperty [value: 1024.0]
12:43:07.348 [FXGL Background Thread 3 ] DEBUG Engine               - actualWidth: 1024.0
12:43:07.348 [FXGL Background Thread 3 ] DEBUG Engine               - actualWidthProperty: ReadOnlyDoubleProperty [value: 1024.0]
12:43:07.349 [FXGL Background Thread 3 ] DEBUG Engine               - appIcon: fxgl_icon.png
12:43:07.349 [FXGL Background Thread 3 ] DEBUG Engine               - applicationMode: DEVELOPER
12:43:07.349 [FXGL Background Thread 3 ] DEBUG Engine               - cSSList: [fxgl_dark.css]
12:43:07.349 [FXGL Background Thread 3 ] DEBUG Engine               - collisionDetectionStrategy: BRUTE_FORCE
12:43:07.350 [FXGL Background Thread 3 ] DEBUG Engine               - configClass: Optional.empty
12:43:07.350 [FXGL Background Thread 3 ] DEBUG Engine               - credits: []
12:43:07.352 [FXGL Background Thread 3 ] DEBUG Engine               - defaultCursor: CursorInfo(imageName=fxgl_default_cursor.png, hotspotX=7.0, hotspotY=6.0)
12:43:07.353 [FXGL Background Thread 3 ] DEBUG Engine               - devBBoxColorProperty: ObjectProperty [value: 0xff0000ff]
12:43:07.354 [FXGL Background Thread 3 ] DEBUG Engine               - devEnableDebugCameraProperty: BooleanProperty [value: false]
12:43:07.354 [FXGL Background Thread 3 ] DEBUG Engine               - devSensorColorProperty: ObjectProperty [value: 0xffff00ff]
12:43:07.354 [FXGL Background Thread 3 ] DEBUG Engine               - devShowBBoxProperty: BooleanProperty [value: false]
12:43:07.355 [FXGL Background Thread 3 ] DEBUG Engine               - devShowPositionProperty: BooleanProperty [value: false]
12:43:07.355 [FXGL Background Thread 3 ] DEBUG Engine               - enabledMenuItems: []
12:43:07.355 [FXGL Background Thread 3 ] DEBUG Engine               - engineServices: [class com.almasb.fxgl.app.services.FXGLAssetLoaderService, class com.almasb.fxgl.app.FXGLApplication$GameApplicationService, class com.almasb.fxgl.app.services.FXGLDialogService, class com.almasb.fxgl.app.services.IOTaskExecutorService, class com.almasb.fxgl.io.FileSystemService, class com.almasb.fxgl.localization.LocalizationService, class com.almasb.fxgl.app.services.SystemBundleService, class com.almasb.fxgl.profile.SaveLoadService, class com.almasb.fxgl.ui.FXGLUIFactoryServiceProvider, class com.almasb.fxgl.ui.FXGLDialogFactoryServiceProvider, class com.almasb.fxgl.audio.AudioPlayer, class com.almasb.fxgl.notification.impl.NotificationServiceProvider, class com.almasb.fxgl.achievement.AchievementService, class com.almasb.fxgl.cutscene.CutsceneService, class com.almasb.fxgl.minigames.MiniGameService, class com.almasb.fxgl.net.NetService, class com.almasb.fxgl.app.services.UpdaterService, class com.almasb.fxgl.dev.DevService]
12:43:07.356 [FXGL Background Thread 3 ] DEBUG Engine               - fontGame: Abel-Regular.ttf
12:43:07.356 [FXGL Background Thread 3 ] DEBUG Engine               - fontMono: TerminalLandMono-Regular.otf
12:43:07.356 [FXGL Background Thread 3 ] DEBUG Engine               - fontText: Courier-Prime.ttf
12:43:07.356 [FXGL Background Thread 3 ] DEBUG Engine               - fontUI: VarelaRound-Regular.ttf
12:43:07.356 [FXGL Background Thread 3 ] DEBUG Engine               - fullScreen: BooleanProperty [value: false]
12:43:07.356 [FXGL Background Thread 3 ] DEBUG Engine               - gameDifficulty: MEDIUM
12:43:07.357 [FXGL Background Thread 3 ] DEBUG Engine               - gameDifficultyProperty: ObjectProperty [value: MEDIUM]
12:43:07.357 [FXGL Background Thread 3 ] DEBUG Engine               - globalMusicVolume: 0.5
12:43:07.358 [FXGL Background Thread 3 ] DEBUG Engine               - globalMusicVolumeProperty: DoubleProperty [value: 0.5]
12:43:07.358 [FXGL Background Thread 3 ] DEBUG Engine               - globalSoundVolume: 0.5
12:43:07.358 [FXGL Background Thread 3 ] DEBUG Engine               - globalSoundVolumeProperty: DoubleProperty [value: 0.5]
12:43:07.358 [FXGL Background Thread 3 ] DEBUG Engine               - height: 1024
12:43:07.359 [FXGL Background Thread 3 ] DEBUG Engine               - is3D: false
12:43:07.359 [FXGL Background Thread 3 ] DEBUG Engine               - isAndroid: false
12:43:07.359 [FXGL Background Thread 3 ] DEBUG Engine               - isBrowser: false
12:43:07.360 [FXGL Background Thread 3 ] DEBUG Engine               - isClickFeedbackEnabled: false
12:43:07.360 [FXGL Background Thread 3 ] DEBUG Engine               - isCloseConfirmation: false
12:43:07.360 [FXGL Background Thread 3 ] DEBUG Engine               - isDesktop: true
12:43:07.361 [FXGL Background Thread 3 ] DEBUG Engine               - isDeveloperMenuEnabled: false
12:43:07.361 [FXGL Background Thread 3 ] DEBUG Engine               - isEmbedded: false
12:43:07.362 [FXGL Background Thread 3 ] DEBUG Engine               - isEntityPreloadEnabled: true
12:43:07.362 [FXGL Background Thread 3 ] DEBUG Engine               - isExperimentalTiledLargeMap: false
12:43:07.362 [FXGL Background Thread 3 ] DEBUG Engine               - isFileSystemWriteAllowed: true
12:43:07.363 [FXGL Background Thread 3 ] DEBUG Engine               - isFullScreenAllowed: false
12:43:07.363 [FXGL Background Thread 3 ] DEBUG Engine               - isFullScreenFromStart: false
12:43:07.363 [FXGL Background Thread 3 ] DEBUG Engine               - isGameMenuEnabled: true
12:43:07.363 [FXGL Background Thread 3 ] DEBUG Engine               - isIOS: false
12:43:07.364 [FXGL Background Thread 3 ] DEBUG Engine               - isIntroEnabled: false
12:43:07.365 [FXGL Background Thread 3 ] DEBUG Engine               - isLinux: false
12:43:07.365 [FXGL Background Thread 3 ] DEBUG Engine               - isMac: false
12:43:07.365 [FXGL Background Thread 3 ] DEBUG Engine               - isMainMenuEnabled: true
12:43:07.365 [FXGL Background Thread 3 ] DEBUG Engine               - isManualResizeEnabled: false
12:43:07.365 [FXGL Background Thread 3 ] DEBUG Engine               - isMobile: false
12:43:07.366 [FXGL Background Thread 3 ] DEBUG Engine               - isNative: false
12:43:07.366 [FXGL Background Thread 3 ] DEBUG Engine               - isPauseMusicWhenMinimized: true
12:43:07.366 [FXGL Background Thread 3 ] DEBUG Engine               - isPreserveResizeRatio: false
12:43:07.366 [FXGL Background Thread 3 ] DEBUG Engine               - isProfilingEnabled: false
12:43:07.367 [FXGL Background Thread 3 ] DEBUG Engine               - isScaleAffectedOnResize: true
12:43:07.367 [FXGL Background Thread 3 ] DEBUG Engine               - isSingleStep: false
12:43:07.368 [FXGL Background Thread 3 ] DEBUG Engine               - isUserProfileEnabled: false
12:43:07.368 [FXGL Background Thread 3 ] DEBUG Engine               - isWindows: true
12:43:07.368 [FXGL Background Thread 3 ] DEBUG Engine               - language: ObjectProperty [value: ENGLISH]
12:43:07.369 [FXGL Background Thread 3 ] DEBUG Engine               - menuKey: ESCAPE
12:43:07.369 [FXGL Background Thread 3 ] DEBUG Engine               - mouseSensitivity: 0.2
12:43:07.369 [FXGL Background Thread 3 ] DEBUG Engine               - notificationViewClass: class com.almasb.fxgl.notification.view.XboxNotificationView
12:43:07.369 [FXGL Background Thread 3 ] DEBUG Engine               - pixelsPerMeter: 50.0
12:43:07.370 [FXGL Background Thread 3 ] DEBUG Engine               - platform: WINDOWS
12:43:07.370 [FXGL Background Thread 3 ] DEBUG Engine               - prefHeightProperty: ReadOnlyDoubleProperty [value: 1024.0]
12:43:07.370 [FXGL Background Thread 3 ] DEBUG Engine               - prefWidthProperty: ReadOnlyDoubleProperty [value: 1024.0]
12:43:07.370 [FXGL Background Thread 3 ] DEBUG Engine               - profileDir: profiles/
12:43:07.370 [FXGL Background Thread 3 ] DEBUG Engine               - profileName: StringProperty [value: DEFAULT]
12:43:07.371 [FXGL Background Thread 3 ] DEBUG Engine               - randomSeed: -1
12:43:07.372 [FXGL Background Thread 3 ] DEBUG Engine               - runtimeInfo: RuntimeInfo(platform=WINDOWS, version=17.2, build=20.08.2022 16.50)
12:43:07.372 [FXGL Background Thread 3 ] DEBUG Engine               - saveFileExt: sav
12:43:07.372 [FXGL Background Thread 3 ] DEBUG Engine               - scaledHeightProp$fxgl: DoubleProperty [bound, value: 1024.0]
12:43:07.373 [FXGL Background Thread 3 ] DEBUG Engine               - scaledWidthProp$fxgl: DoubleProperty [bound, value: 1024.0]
12:43:07.373 [FXGL Background Thread 3 ] DEBUG Engine               - sceneFactory: com.almasb.fxgl.app.scene.SceneFactory@2dea87c7
12:43:07.373 [FXGL Background Thread 3 ] DEBUG Engine               - secondsIn24h: 60
12:43:07.374 [FXGL Background Thread 3 ] DEBUG Engine               - soundMenuBack: menu/back.wav
12:43:07.374 [FXGL Background Thread 3 ] DEBUG Engine               - soundMenuPress: menu/press.wav
12:43:07.374 [FXGL Background Thread 3 ] DEBUG Engine               - soundMenuSelect: menu/select.wav
12:43:07.375 [FXGL Background Thread 3 ] DEBUG Engine               - soundNotification: core/notification.wav
12:43:07.375 [FXGL Background Thread 3 ] DEBUG Engine               - stageStyle: DECORATED
12:43:07.375 [FXGL Background Thread 3 ] DEBUG Engine               - supportedLanguages: [ENGLISH, FRENCH, GERMAN, HUNGARIAN, RUSSIAN]
12:43:07.375 [FXGL Background Thread 3 ] DEBUG Engine               - ticksPerSecond: -1
12:43:07.376 [FXGL Background Thread 3 ] DEBUG Engine               - title: Dawnseeker
12:43:07.376 [FXGL Background Thread 3 ] DEBUG Engine               - urlGithub: https://github.com/AlmasB/FXGL
12:43:07.376 [FXGL Background Thread 3 ] DEBUG Engine               - urlLeaderboard: http://fxgl-top.herokuapp.com/
12:43:07.377 [FXGL Background Thread 3 ] DEBUG Engine               - urlPOM: https://raw.githubusercontent.com/AlmasB/FXGL/release/README.md
12:43:07.377 [FXGL Background Thread 3 ] DEBUG Engine               - userAppClass: class myGame.DawnseekerApp
12:43:07.378 [FXGL Background Thread 3 ] DEBUG Engine               - version: 0.1
12:43:07.378 [FXGL Background Thread 3 ] DEBUG Engine               - versionCheckDays: 7
12:43:07.379 [FXGL Background Thread 3 ] DEBUG Engine               - width: 1024
12:43:07.379 [FXGL Background Thread 3 ] DEBUG Engine               - Logging services
12:43:07.380 [FXGL Background Thread 3 ] DEBUG Engine               - class com.almasb.fxgl.app.services.FXGLAssetLoaderService
12:43:07.380 [FXGL Background Thread 3 ] DEBUG Engine               - class com.almasb.fxgl.app.FXGLApplication$GameApplicationService
12:43:07.380 [FXGL Background Thread 3 ] DEBUG Engine               - class com.almasb.fxgl.app.services.FXGLDialogService
12:43:07.381 [FXGL Background Thread 3 ] DEBUG Engine               - class com.almasb.fxgl.app.services.IOTaskExecutorService
12:43:07.381 [FXGL Background Thread 3 ] DEBUG Engine               - class com.almasb.fxgl.io.FileSystemService
12:43:07.381 [FXGL Background Thread 3 ] DEBUG Engine               - class com.almasb.fxgl.localization.LocalizationService
12:43:07.381 [FXGL Background Thread 3 ] DEBUG Engine               - class com.almasb.fxgl.app.services.SystemBundleService
12:43:07.382 [FXGL Background Thread 3 ] DEBUG Engine               - class com.almasb.fxgl.profile.SaveLoadService
12:43:07.382 [FXGL Background Thread 3 ] DEBUG Engine               - class com.almasb.fxgl.ui.FXGLUIFactoryServiceProvider
12:43:07.382 [FXGL Background Thread 3 ] DEBUG Engine               - class com.almasb.fxgl.ui.FXGLDialogFactoryServiceProvider
12:43:07.382 [FXGL Background Thread 3 ] DEBUG Engine               - class com.almasb.fxgl.audio.AudioPlayer
12:43:07.382 [FXGL Background Thread 3 ] DEBUG Engine               - class com.almasb.fxgl.notification.impl.NotificationServiceProvider
12:43:07.382 [FXGL Background Thread 3 ] DEBUG Engine               - class com.almasb.fxgl.achievement.AchievementService
12:43:07.382 [FXGL Background Thread 3 ] DEBUG Engine               - class com.almasb.fxgl.cutscene.CutsceneService
12:43:07.383 [FXGL Background Thread 3 ] DEBUG Engine               - class com.almasb.fxgl.minigames.MiniGameService
12:43:07.383 [FXGL Background Thread 3 ] DEBUG Engine               - class com.almasb.fxgl.net.NetService
12:43:07.383 [FXGL Background Thread 3 ] DEBUG Engine               - class com.almasb.fxgl.app.services.UpdaterService
12:43:07.383 [FXGL Background Thread 3 ] DEBUG Engine               - class com.almasb.fxgl.dev.DevService
12:43:08.079 [JavaFX Application Thread] DEBUG Menu                 - fireNewGame()
12:43:08.080 [JavaFX Application Thread] DEBUG GameApplicationServi - Starting new game
12:43:08.084 [JavaFX Application Thread] DEBUG PrimaryStageWindow   - Pop state: FXGLDefaultMenu
12:43:08.084 [JavaFX Application Thread] DEBUG Input                - Clearing active input actions
12:43:08.086 [JavaFX Application Thread] DEBUG GameApplicationServi - Removing overlay from FXGLDefaultMenu and adding to FXGLMainMenuDummyScene
12:43:08.086 [JavaFX Application Thread] DEBUG PrimaryStageWindow   - FXGLMainMenuDummyScene <- FXGLDefaultMenu
12:43:08.087 [JavaFX Application Thread] DEBUG Input                - Clearing active input actions
12:43:08.107 [JavaFX Application Thread] DEBUG GameApplicationServi - Removing overlay from FXGLMainMenuDummyScene and adding to FXGLLoadingScene
12:43:08.107 [JavaFX Application Thread] DEBUG PrimaryStageWindow   - FXGLMainMenuDummyScene -> FXGLLoadingScene
12:43:08.107 [JavaFX Application Thread] DEBUG GameApplicationServi - Clearing previous game
12:43:08.108 [JavaFX Application Thread] DEBUG GameScene            - Clearing game scene
12:43:08.108 [JavaFX Application Thread] DEBUG GameWorld            - Clearing game world
12:43:08.108 [JavaFX Application Thread] DEBUG PhysicsWorld         - Clearing physics world
12:43:08.115 [FXGL Background Thread 2 ] DEBUG FXGLApplication      - Initializing game
12:43:08.155 [FXGL Background Thread 2 ] WARN  GameWorld            - Entity is already attached to world
12:43:08.156 [FXGL Background Thread 2 ] WARN  Entity               - Entity already has component: com.almasb.fxgl.entity.components.CollidableComponent
12:43:08.157 [FXGL Background Thread 2 ] WARN  GameWorld            - Entity is already attached to world
12:43:08.158 [FXGL Background Thread 2 ] WARN  Entity               - Entity already has component: com.almasb.fxgl.entity.components.CollidableComponent
12:43:08.158 [FXGL Background Thread 2 ] WARN  GameWorld            - Entity is already attached to world
12:43:08.160 [FXGL Background Thread 2 ] WARN  Entity               - Entity already has component: com.almasb.fxgl.entity.components.CollidableComponent
12:43:08.160 [FXGL Background Thread 2 ] WARN  GameWorld            - Entity is already attached to world
12:43:08.161 [FXGL Background Thread 2 ] WARN  Entity               - Entity already has component: com.almasb.fxgl.entity.components.CollidableComponent
12:43:08.161 [FXGL Background Thread 2 ] WARN  GameWorld            - Entity is already attached to world
12:43:08.163 [FXGL Background Thread 2 ] WARN  Entity               - Entity already has component: com.almasb.fxgl.entity.components.CollidableComponent
12:43:08.163 [FXGL Background Thread 2 ] WARN  GameWorld            - Entity is already attached to world
12:43:08.164 [FXGL Background Thread 2 ] WARN  Entity               - Entity already has component: com.almasb.fxgl.entity.components.CollidableComponent
12:43:08.164 [FXGL Background Thread 2 ] WARN  GameWorld            - Entity is already attached to world
12:43:08.166 [FXGL Background Thread 2 ] WARN  Entity               - Entity already has component: com.almasb.fxgl.entity.components.CollidableComponent
12:43:08.166 [FXGL Background Thread 2 ] WARN  GameWorld            - Entity is already attached to world
12:43:08.168 [FXGL Background Thread 2 ] WARN  Entity               - Entity already has component: com.almasb.fxgl.entity.components.CollidableComponent
12:43:08.168 [FXGL Background Thread 2 ] WARN  GameWorld            - Entity is already attached to world
12:43:08.193 [FXGL Background Thread 2 ] INFO  FXGLApplication      - Game initialization took: 0.078 sec
12:43:08.195 [JavaFX Application Thread] DEBUG Input                - Clearing active input actions
12:43:08.207 [JavaFX Application Thread] DEBUG GameApplicationServi - Removing overlay from FXGLLoadingScene and adding to GameScene
12:43:08.207 [JavaFX Application Thread] DEBUG PrimaryStageWindow   - FXGLLoadingScene -> GameScene
12:43:59.699 [JavaFX Application Thread] DEBUG FXGLApplication      - Exiting FXGL
12:43:59.699 [JavaFX Application Thread] DEBUG LoopRunner           - Stopping loop
12:43:59.699 [JavaFX Application Thread] DEBUG SystemBundleService  - Saving FXGL system data
12:43:59.703 [JavaFX Application Thread] DEBUG FileSystemAccess     - Writing to: C:\Users\User\Desktop\Spring2023\CS4900G2Proj2\Dawnseeker\system\fxgl.bundle
12:43:59.706 [JavaFX Application Thread] DEBUG Async                - Shutting down background threads
12:43:59.706 [JavaFX Application Thread] DEBUG PrimaryStageWindow   - Closing main window
12:43:59.722 [JavaFX Application Thread] DEBUG Logger               - Closing Logger
