20:40:11.948 [main                     ] DEBUG Logger               - Configured Logger
20:40:11.983 [main                     ] DEBUG GameApplication      - Logging settings
Title: Dawnseeker
Version: 0.2
Width: 1024
Height: 1024
Fullscreen: false
Intro: false
Profiling: false
Single step:false
App Mode: DEVELOPER
Menu Key: ESCAPE
Stage Style: DECORATED
Scene Factory: class myGame.DawnseekerApp$1

20:40:12.411 [JavaFX Application Thread] DEBUG FXGLApplication      - Initializing FXGL
20:40:12.418 [JavaFX Application Thread] INFO  Engine               - FXGL-17.2 (20.08.2022 16.50) on WINDOWS (J:19.0.2 FX:18)
20:40:12.418 [JavaFX Application Thread] DEBUG Engine               - JRE Vendor Name: Oracle Corporation
20:40:12.419 [JavaFX Application Thread] DEBUG Engine               - Running on OS: Windows 10 version 10.0
20:40:12.419 [JavaFX Application Thread] DEBUG Engine               - Architecture: amd64
20:40:12.419 [JavaFX Application Thread] INFO  Engine               - Source code and latest versions at: https://github.com/AlmasB/FXGL
20:40:12.419 [JavaFX Application Thread] INFO  Engine               -       Ask questions and discuss at: https://github.com/AlmasB/FXGL/discussions
20:40:12.419 [JavaFX Application Thread] INFO  Engine               -              Join the FXGL chat at: https://gitter.im/AlmasB/FXGL
20:40:12.547 [JavaFX Application Thread] DEBUG PrimaryStageWindow   - Creating a JavaFX scene
20:40:12.547 [JavaFX Application Thread] DEBUG PrimaryStageWindow   - Target size > screen size
20:40:12.597 [JavaFX Application Thread] DEBUG PrimaryStageWindow   - Target settings size: 1024.0 x 1024.0
20:40:12.597 [JavaFX Application Thread] DEBUG PrimaryStageWindow   - Scaled scene size:    799.0 x 824.0
20:40:12.598 [JavaFX Application Thread] DEBUG PrimaryStageWindow   - Scaled ratio: (0.7802734375, 0.8046875)
20:40:12.599 [JavaFX Application Thread] DEBUG PrimaryStageWindow   - Set initial scene to FXGLStartupScene
20:40:12.607 [JavaFX Application Thread] DEBUG PrimaryStageWindow   - Opening main window
20:40:12.710 [JavaFX Application Thread] DEBUG PrimaryStageWindow   - Window border size: (14.5999755859375, 37.5999755859375)
20:40:12.711 [JavaFX Application Thread] DEBUG PrimaryStageWindow   - Scaled size: 799.0 x 824.0
20:40:12.711 [JavaFX Application Thread] DEBUG PrimaryStageWindow   - Scaled ratio: (0.7802734375, 0.8046875)
20:40:12.711 [JavaFX Application Thread] DEBUG PrimaryStageWindow   - Scene size: 799.0 x 824.0
20:40:12.712 [JavaFX Application Thread] DEBUG PrimaryStageWindow   - Stage size: 813.5999755859375 x 861.5999755859375
20:40:12.720 [FXGL Background Thread 1 ] DEBUG Engine               - Initializing environment variables
20:40:12.794 [FXGL Background Thread 1 ] DEBUG FXGLAssetLoaderServi - User app class for loading assets: class myGame.DawnseekerApp
20:40:12.794 [FXGL Background Thread 1 ] DEBUG GameApplicationServi - Applying CSS: fxgl_dark.css
20:40:12.795 [FXGL Background Thread 1 ] DEBUG FXGLAssetLoaderServi - Loading from file system: jar:file:/C:/Users/narro/.m2/repository/com/github/almasb/fxgl/17.2/fxgl-17.2.jar!/fxglassets/ui/css/fxgl_dark.css
20:40:12.852 [FXGL Background Thread 1 ] DEBUG GameApplicationServi - Initializing application scenes
20:40:12.905 [FXGL Background Thread 1 ] DEBUG GameWorld            - Game world initialized
20:40:13.016 [FXGL Background Thread 1 ] DEBUG PhysicsWorld         - Physics world initialized: appHeight=1024, physics.ppm=50.0
20:40:13.017 [FXGL Background Thread 1 ] DEBUG PhysicsWorld         - Using strategy: BRUTE_FORCE
20:40:13.024 [FXGL Background Thread 1 ] DEBUG GameScene            - Game scene initialized: 1024x1024
20:40:13.040 [FXGL Background Thread 1 ] DEBUG FXGLAssetLoaderServi - Loading from file system: file:/C:/Users/narro/OneDrive/Documents/coleg/Spring%202023/CS%204900%20Senior%20Seminiar/Dawnseeker/Dawnseeker/target/classes/assets/textures/bg.png
20:40:13.129 [FXGL Background Thread 1 ] DEBUG FXGL.DefaultMenu     - createMenuBodyGameMenu()
20:40:13.149 [FXGL Background Thread 1 ] DEBUG FXGL.DefaultMenu     - createOptionsMenu()
20:40:13.156 [FXGL Background Thread 1 ] DEBUG FXGLAssetLoaderServi - Loading from file system: jar:file:/C:/Users/narro/.m2/repository/com/github/almasb/fxgl/17.2/fxgl-17.2.jar!/fxglassets/textures/particles/smoke.png
20:40:13.256 [FXGL Background Thread 1 ] DEBUG FXGLAssetLoaderServi - Loading from file system: jar:file:/C:/Users/narro/.m2/repository/com/github/almasb/fxgl/17.2/fxgl-17.2.jar!/fxglassets/textures/particles/trace_horizontal.png
20:40:13.275 [FXGL Background Thread 1 ] DEBUG GameApplicationServi - Application scenes initialized
20:40:13.292 [FXGL Background Thread 1 ] DEBUG SystemBundleService  - Loading FXGL system data
20:40:13.298 [FXGL Background Thread 1 ] DEBUG FileSystemAccess     - Reading from: C:\Users\narro\OneDrive\Documents\coleg\Spring 2023\CS 4900 Senior Seminiar\Dawnseeker\Dawnseeker\system\fxgl.bundle
20:40:13.309 [FXGL Background Thread 1 ] DEBUG SystemBundleService  - Bundle FXGL: {}
20:40:13.309 [FXGL Background Thread 1 ] DEBUG UpdaterService       - Checking for updates
20:40:13.313 [FXGL Background Thread 4 ] DEBUG FXGLApplication      - Loading fonts
20:40:13.314 [FXGL Background Thread 4 ] DEBUG FXGLAssetLoaderServi - Loading from file system: jar:file:/C:/Users/narro/.m2/repository/com/github/almasb/fxgl/17.2/fxgl-17.2.jar!/fxglassets/ui/fonts/VarelaRound-Regular.ttf
20:40:13.315 [FXGL Background Thread 1 ] DEBUG FXGLApplication      - Loading default localization
20:40:13.316 [FXGL Background Thread 1 ] DEBUG FXGLAssetLoaderServi - Loading from file system: jar:file:/C:/Users/narro/.m2/repository/com/github/almasb/fxgl/17.2/fxgl-17.2.jar!/fxglassets/languages/english.lang
20:40:13.350 [FXGL Background Thread 1 ] INFO  FXGLApplication      - FXGL initialization took: 0.630 sec
20:40:13.358 [JavaFX Application Thread] DEBUG Input                - Registered new binding: action0 - LMB
20:40:13.366 [JavaFX Application Thread] DEBUG Input                - Registered new binding: Up - W
20:40:13.366 [JavaFX Application Thread] DEBUG Input                - Registered new binding: Down - S
20:40:13.366 [JavaFX Application Thread] DEBUG Input                - Registered new binding: Right - D
20:40:13.366 [JavaFX Application Thread] DEBUG Input                - Registered new binding: Left - A
20:40:13.367 [JavaFX Application Thread] DEBUG FXGLAssetLoaderServi - Loading from file system: jar:file:/C:/Users/narro/.m2/repository/com/github/almasb/fxgl/17.2/fxgl-17.2.jar!/fxglassets/textures/fxgl_icon.png
20:40:13.388 [JavaFX Application Thread] DEBUG FXGLAssetLoaderServi - Loading from file system: jar:file:/C:/Users/narro/.m2/repository/com/github/almasb/fxgl/17.2/fxgl-17.2.jar!/fxglassets/textures/fxgl_default_cursor.png
20:40:13.391 [JavaFX Application Thread] DEBUG Input                - Registered new binding: Screenshot - CTRL+8
20:40:13.392 [JavaFX Application Thread] DEBUG Input                - Registered new binding: System info dump - CTRL+9
20:40:13.393 [JavaFX Application Thread] DEBUG Input                - Registered new binding: Restart - CTRL+R
20:40:13.393 [JavaFX Application Thread] DEBUG Input                - Registered new binding: Toggle Debug Camera - CTRL+7
20:40:13.395 [JavaFX Application Thread] DEBUG LoopRunner           - Starting loop
20:40:13.395 [JavaFX Application Thread] DEBUG LoopRunner           - Initializing JavaFX AnimationTimerLoop
20:40:13.403 [JavaFX Application Thread] DEBUG Input                - Clearing active input actions
20:40:13.412 [JavaFX Application Thread] DEBUG GameApplicationServi - Removing overlay from FXGLStartupScene and adding to FXGLMainMenuDummyScene
20:40:13.412 [JavaFX Application Thread] DEBUG PrimaryStageWindow   - FXGLStartupScene -> FXGLMainMenuDummyScene
20:40:13.413 [JavaFX Application Thread] DEBUG PrimaryStageWindow   - Push state: DawnseekerMenu
20:40:13.413 [JavaFX Application Thread] DEBUG Input                - Clearing active input actions
20:40:13.418 [JavaFX Application Thread] DEBUG GameApplicationServi - Removing overlay from FXGLMainMenuDummyScene and adding to DawnseekerMenu
20:40:13.419 [JavaFX Application Thread] DEBUG PrimaryStageWindow   - FXGLMainMenuDummyScene -> DawnseekerMenu
20:40:13.429 [FXGL Background Thread 4 ] DEBUG FXGLAssetLoaderServi - Loading from file system: jar:file:/C:/Users/narro/.m2/repository/com/github/almasb/fxgl/17.2/fxgl-17.2.jar!/fxglassets/ui/fonts/Abel-Regular.ttf
20:40:13.441 [FXGL Background Thread 4 ] DEBUG FXGLAssetLoaderServi - Loading from file system: jar:file:/C:/Users/narro/.m2/repository/com/github/almasb/fxgl/17.2/fxgl-17.2.jar!/fxglassets/ui/fonts/TerminalLandMono-Regular.otf
20:40:13.453 [FXGL Background Thread 4 ] DEBUG FXGLAssetLoaderServi - Loading from file system: jar:file:/C:/Users/narro/.m2/repository/com/github/almasb/fxgl/17.2/fxgl-17.2.jar!/fxglassets/ui/fonts/Courier-Prime.ttf
20:40:13.492 [JavaFX Application Thread] DEBUG FXGLApplication      - Registering font factories with UI factory
20:40:13.903 [JavaFX Application Thread] DEBUG Menu                 - fireNewGame()
20:40:13.903 [JavaFX Application Thread] DEBUG GameApplicationServi - Starting new game
20:40:13.904 [JavaFX Application Thread] DEBUG PrimaryStageWindow   - Pop state: DawnseekerMenu
20:40:13.904 [JavaFX Application Thread] DEBUG Input                - Clearing active input actions
20:40:13.904 [JavaFX Application Thread] DEBUG GameApplicationServi - Removing overlay from DawnseekerMenu and adding to FXGLMainMenuDummyScene
20:40:13.905 [JavaFX Application Thread] DEBUG PrimaryStageWindow   - FXGLMainMenuDummyScene <- DawnseekerMenu
20:40:13.905 [JavaFX Application Thread] DEBUG Input                - Clearing active input actions
20:40:13.916 [JavaFX Application Thread] DEBUG GameApplicationServi - Removing overlay from FXGLMainMenuDummyScene and adding to FXGLLoadingScene
20:40:13.916 [JavaFX Application Thread] DEBUG PrimaryStageWindow   - FXGLMainMenuDummyScene -> FXGLLoadingScene
20:40:13.917 [JavaFX Application Thread] DEBUG GameApplicationServi - Clearing previous game
20:40:13.917 [JavaFX Application Thread] DEBUG GameScene            - Clearing game scene
20:40:13.917 [JavaFX Application Thread] DEBUG GameWorld            - Clearing game world
20:40:13.917 [JavaFX Application Thread] DEBUG PhysicsWorld         - Clearing physics world
20:40:13.919 [FXGL Background Thread 2 ] DEBUG FXGLApplication      - Initializing game
20:40:13.924 [FXGL Background Thread 2 ] DEBUG FXGLAssetLoaderServi - Loading from file system: file:/C:/Users/narro/OneDrive/Documents/coleg/Spring%202023/CS%204900%20Senior%20Seminiar/Dawnseeker/Dawnseeker/target/classes/assets/music/heartache.mp3
20:40:14.136 [FXGL Background Thread 2 ] DEBUG AudioPlayer          - Playing music com.almasb.fxgl.audio.Music@55a2c043
20:40:14.151 [FXGL Background Thread 2 ] DEBUG FXGLAssetLoaderServi - Loading from file system: file:/C:/Users/narro/OneDrive/Documents/coleg/Spring%202023/CS%204900%20Senior%20Seminiar/Dawnseeker/Dawnseeker/target/classes/assets/textures/DawnseekerPCV2.png
20:40:14.162 [FXGL Background Thread 2 ] DEBUG FXGLAssetLoaderServi - Loading from file system: file:/C:/Users/narro/OneDrive/Documents/coleg/Spring%202023/CS%204900%20Senior%20Seminiar/Dawnseeker/Dawnseeker/target/classes/assets/textures/DawnseekerPCV2Down.png
20:40:14.165 [FXGL Background Thread 2 ] DEBUG FXGLAssetLoaderServi - Loading from file system: file:/C:/Users/narro/OneDrive/Documents/coleg/Spring%202023/CS%204900%20Senior%20Seminiar/Dawnseeker/Dawnseeker/target/classes/assets/textures/DawnseekerPCV2Up.png
20:40:14.167 [FXGL Background Thread 2 ] DEBUG FXGLAssetLoaderServi - Loading from file system: file:/C:/Users/narro/OneDrive/Documents/coleg/Spring%202023/CS%204900%20Senior%20Seminiar/Dawnseeker/Dawnseeker/target/classes/assets/textures/DawnseekerPCV2Right.png
20:40:14.170 [FXGL Background Thread 2 ] DEBUG FXGLAssetLoaderServi - Loading from file system: file:/C:/Users/narro/OneDrive/Documents/coleg/Spring%202023/CS%204900%20Senior%20Seminiar/Dawnseeker/Dawnseeker/target/classes/assets/textures/DawnseekerPCV2Left.png
20:40:14.203 [FXGL Background Thread 2 ] WARN  GameWorld            - Entity is already attached to world
20:40:14.204 [FXGL Background Thread 2 ] WARN  Entity               - Entity already has component: com.almasb.fxgl.entity.components.CollidableComponent
20:40:14.205 [FXGL Background Thread 2 ] WARN  GameWorld            - Entity is already attached to world
20:40:14.209 [FXGL Background Thread 2 ] WARN  Entity               - Entity already has component: com.almasb.fxgl.entity.components.CollidableComponent
20:40:14.209 [FXGL Background Thread 2 ] WARN  GameWorld            - Entity is already attached to world
20:40:14.211 [FXGL Background Thread 2 ] WARN  Entity               - Entity already has component: com.almasb.fxgl.entity.components.CollidableComponent
20:40:14.212 [FXGL Background Thread 2 ] WARN  GameWorld            - Entity is already attached to world
20:40:14.213 [FXGL Background Thread 2 ] WARN  Entity               - Entity already has component: com.almasb.fxgl.entity.components.CollidableComponent
20:40:14.213 [FXGL Background Thread 2 ] WARN  GameWorld            - Entity is already attached to world
20:40:14.215 [FXGL Background Thread 2 ] WARN  GameWorld            - Entity is already attached to world
20:40:14.227 [FXGL Background Thread 2 ] INFO  FXGLApplication      - Game initialization took: 0.308 sec
20:40:14.292 [JavaFX Application Thread] DEBUG Input                - Clearing active input actions
20:40:14.303 [JavaFX Application Thread] DEBUG GameApplicationServi - Removing overlay from FXGLLoadingScene and adding to GameScene
20:40:14.303 [JavaFX Application Thread] DEBUG PrimaryStageWindow   - FXGLLoadingScene -> GameScene
20:40:14.782 [JavaFX Application Thread] DEBUG FXGLAssetLoaderServi - Loading from file system: file:/C:/Users/narro/OneDrive/Documents/coleg/Spring%202023/CS%204900%20Senior%20Seminiar/Dawnseeker/Dawnseeker/target/classes/assets/textures/EnemyDawnseeker.png
20:40:15.406 [JavaFX Application Thread] DEBUG FXGLAssetLoaderServi - Loading from file system: file:/C:/Users/narro/OneDrive/Documents/coleg/Spring%202023/CS%204900%20Senior%20Seminiar/Dawnseeker/Dawnseeker/target/classes/assets/sounds/player_oof.wav
20:40:15.725 [JavaFX Application Thread] DEBUG Input                - Clearing active input actions
20:40:15.733 [JavaFX Application Thread] DEBUG GameApplicationServi - Removing overlay from GameScene and adding to FXGLMainMenuDummyScene
20:40:15.733 [JavaFX Application Thread] DEBUG PrimaryStageWindow   - GameScene -> FXGLMainMenuDummyScene
20:40:15.733 [JavaFX Application Thread] DEBUG PrimaryStageWindow   - Push state: DawnseekerMenu
20:40:15.733 [JavaFX Application Thread] DEBUG Input                - Clearing active input actions
20:40:15.734 [JavaFX Application Thread] DEBUG GameApplicationServi - Removing overlay from FXGLMainMenuDummyScene and adding to DawnseekerMenu
20:40:15.734 [JavaFX Application Thread] DEBUG PrimaryStageWindow   - FXGLMainMenuDummyScene -> DawnseekerMenu
20:40:16.312 [FXGL Background Thread 3 ] DEBUG Engine               - Logging environment variables
20:40:16.312 [FXGL Background Thread 3 ] DEBUG Engine               - achievements: []
20:40:16.313 [FXGL Background Thread 3 ] DEBUG Engine               - actualHeight: 824.0
20:40:16.313 [FXGL Background Thread 3 ] DEBUG Engine               - actualHeightProperty: ReadOnlyDoubleProperty [value: 824.0]
20:40:16.313 [FXGL Background Thread 3 ] DEBUG Engine               - actualWidth: 799.0
20:40:16.313 [FXGL Background Thread 3 ] DEBUG Engine               - actualWidthProperty: ReadOnlyDoubleProperty [value: 799.0]
20:40:16.313 [FXGL Background Thread 3 ] DEBUG Engine               - appIcon: fxgl_icon.png
20:40:16.313 [FXGL Background Thread 3 ] DEBUG Engine               - applicationMode: DEVELOPER
20:40:16.313 [FXGL Background Thread 3 ] DEBUG Engine               - cSSList: [fxgl_dark.css]
20:40:16.313 [FXGL Background Thread 3 ] DEBUG Engine               - collisionDetectionStrategy: BRUTE_FORCE
20:40:16.313 [FXGL Background Thread 3 ] DEBUG Engine               - configClass: Optional.empty
20:40:16.313 [FXGL Background Thread 3 ] DEBUG Engine               - credits: []
20:40:16.313 [FXGL Background Thread 3 ] DEBUG Engine               - defaultCursor: CursorInfo(imageName=fxgl_default_cursor.png, hotspotX=7.0, hotspotY=6.0)
20:40:16.314 [FXGL Background Thread 3 ] DEBUG Engine               - devBBoxColorProperty: ObjectProperty [value: 0xff0000ff]
20:40:16.314 [FXGL Background Thread 3 ] DEBUG Engine               - devEnableDebugCameraProperty: BooleanProperty [value: false]
20:40:16.314 [FXGL Background Thread 3 ] DEBUG Engine               - devSensorColorProperty: ObjectProperty [value: 0xffff00ff]
20:40:16.314 [FXGL Background Thread 3 ] DEBUG Engine               - devShowBBoxProperty: BooleanProperty [value: false]
20:40:16.314 [FXGL Background Thread 3 ] DEBUG Engine               - devShowPositionProperty: BooleanProperty [value: false]
20:40:16.314 [FXGL Background Thread 3 ] DEBUG Engine               - enabledMenuItems: []
20:40:16.314 [FXGL Background Thread 3 ] DEBUG Engine               - engineServices: [class com.almasb.fxgl.app.services.FXGLAssetLoaderService, class com.almasb.fxgl.app.FXGLApplication$GameApplicationService, class com.almasb.fxgl.app.services.FXGLDialogService, class com.almasb.fxgl.app.services.IOTaskExecutorService, class com.almasb.fxgl.io.FileSystemService, class com.almasb.fxgl.localization.LocalizationService, class com.almasb.fxgl.app.services.SystemBundleService, class com.almasb.fxgl.profile.SaveLoadService, class com.almasb.fxgl.ui.FXGLUIFactoryServiceProvider, class com.almasb.fxgl.ui.FXGLDialogFactoryServiceProvider, class com.almasb.fxgl.audio.AudioPlayer, class com.almasb.fxgl.notification.impl.NotificationServiceProvider, class com.almasb.fxgl.achievement.AchievementService, class com.almasb.fxgl.cutscene.CutsceneService, class com.almasb.fxgl.minigames.MiniGameService, class com.almasb.fxgl.net.NetService, class com.almasb.fxgl.app.services.UpdaterService, class com.almasb.fxgl.dev.DevService]
20:40:16.314 [FXGL Background Thread 3 ] DEBUG Engine               - fontGame: Abel-Regular.ttf
20:40:16.314 [FXGL Background Thread 3 ] DEBUG Engine               - fontMono: TerminalLandMono-Regular.otf
20:40:16.314 [FXGL Background Thread 3 ] DEBUG Engine               - fontText: Courier-Prime.ttf
20:40:16.314 [FXGL Background Thread 3 ] DEBUG Engine               - fontUI: VarelaRound-Regular.ttf
20:40:16.314 [FXGL Background Thread 3 ] DEBUG Engine               - fullScreen: BooleanProperty [value: false]
20:40:16.314 [FXGL Background Thread 3 ] DEBUG Engine               - gameDifficulty: MEDIUM
20:40:16.314 [FXGL Background Thread 3 ] DEBUG Engine               - gameDifficultyProperty: ObjectProperty [value: MEDIUM]
20:40:16.314 [FXGL Background Thread 3 ] DEBUG Engine               - globalMusicVolume: 0.5
20:40:16.314 [FXGL Background Thread 3 ] DEBUG Engine               - globalMusicVolumeProperty: DoubleProperty [value: 0.5]
20:40:16.314 [FXGL Background Thread 3 ] DEBUG Engine               - globalSoundVolume: 0.5
20:40:16.315 [FXGL Background Thread 3 ] DEBUG Engine               - globalSoundVolumeProperty: DoubleProperty [value: 0.5]
20:40:16.315 [FXGL Background Thread 3 ] DEBUG Engine               - height: 1024
20:40:16.315 [FXGL Background Thread 3 ] DEBUG Engine               - is3D: false
20:40:16.315 [FXGL Background Thread 3 ] DEBUG Engine               - isAndroid: false
20:40:16.315 [FXGL Background Thread 3 ] DEBUG Engine               - isBrowser: false
20:40:16.315 [FXGL Background Thread 3 ] DEBUG Engine               - isClickFeedbackEnabled: false
20:40:16.315 [FXGL Background Thread 3 ] DEBUG Engine               - isCloseConfirmation: false
20:40:16.315 [FXGL Background Thread 3 ] DEBUG Engine               - isDesktop: true
20:40:16.315 [FXGL Background Thread 3 ] DEBUG Engine               - isDeveloperMenuEnabled: false
20:40:16.315 [FXGL Background Thread 3 ] DEBUG Engine               - isEmbedded: false
20:40:16.315 [FXGL Background Thread 3 ] DEBUG Engine               - isEntityPreloadEnabled: true
20:40:16.315 [FXGL Background Thread 3 ] DEBUG Engine               - isExperimentalTiledLargeMap: false
20:40:16.315 [FXGL Background Thread 3 ] DEBUG Engine               - isFileSystemWriteAllowed: true
20:40:16.315 [FXGL Background Thread 3 ] DEBUG Engine               - isFullScreenAllowed: false
20:40:16.315 [FXGL Background Thread 3 ] DEBUG Engine               - isFullScreenFromStart: false
20:40:16.315 [FXGL Background Thread 3 ] DEBUG Engine               - isGameMenuEnabled: true
20:40:16.315 [FXGL Background Thread 3 ] DEBUG Engine               - isIOS: false
20:40:16.315 [FXGL Background Thread 3 ] DEBUG Engine               - isIntroEnabled: false
20:40:16.315 [FXGL Background Thread 3 ] DEBUG Engine               - isLinux: false
20:40:16.315 [FXGL Background Thread 3 ] DEBUG Engine               - isMac: false
20:40:16.315 [FXGL Background Thread 3 ] DEBUG Engine               - isMainMenuEnabled: true
20:40:16.316 [FXGL Background Thread 3 ] DEBUG Engine               - isManualResizeEnabled: false
20:40:16.316 [FXGL Background Thread 3 ] DEBUG Engine               - isMobile: false
20:40:16.316 [FXGL Background Thread 3 ] DEBUG Engine               - isNative: false
20:40:16.316 [FXGL Background Thread 3 ] DEBUG Engine               - isPauseMusicWhenMinimized: true
20:40:16.316 [FXGL Background Thread 3 ] DEBUG Engine               - isPreserveResizeRatio: false
20:40:16.316 [FXGL Background Thread 3 ] DEBUG Engine               - isProfilingEnabled: false
20:40:16.316 [FXGL Background Thread 3 ] DEBUG Engine               - isScaleAffectedOnResize: true
20:40:16.316 [FXGL Background Thread 3 ] DEBUG Engine               - isSingleStep: false
20:40:16.316 [FXGL Background Thread 3 ] DEBUG Engine               - isUserProfileEnabled: false
20:40:16.316 [FXGL Background Thread 3 ] DEBUG Engine               - isWindows: true
20:40:16.316 [FXGL Background Thread 3 ] DEBUG Engine               - language: ObjectProperty [value: ENGLISH]
20:40:16.316 [FXGL Background Thread 3 ] DEBUG Engine               - menuKey: ESCAPE
20:40:16.316 [FXGL Background Thread 3 ] DEBUG Engine               - mouseSensitivity: 0.2
20:40:16.316 [FXGL Background Thread 3 ] DEBUG Engine               - notificationViewClass: class com.almasb.fxgl.notification.view.XboxNotificationView
20:40:16.316 [FXGL Background Thread 3 ] DEBUG Engine               - pixelsPerMeter: 50.0
20:40:16.316 [FXGL Background Thread 3 ] DEBUG Engine               - platform: WINDOWS
20:40:16.316 [FXGL Background Thread 3 ] DEBUG Engine               - prefHeightProperty: ReadOnlyDoubleProperty [value: 1024.0]
20:40:16.316 [FXGL Background Thread 3 ] DEBUG Engine               - prefWidthProperty: ReadOnlyDoubleProperty [value: 1024.0]
20:40:16.316 [FXGL Background Thread 3 ] DEBUG Engine               - profileDir: profiles/
20:40:16.316 [FXGL Background Thread 3 ] DEBUG Engine               - profileName: StringProperty [value: DEFAULT]
20:40:16.317 [FXGL Background Thread 3 ] DEBUG Engine               - randomSeed: -1
20:40:16.317 [FXGL Background Thread 3 ] DEBUG Engine               - runtimeInfo: RuntimeInfo(platform=WINDOWS, version=17.2, build=20.08.2022 16.50)
20:40:16.317 [FXGL Background Thread 3 ] DEBUG Engine               - saveFileExt: sav
20:40:16.317 [FXGL Background Thread 3 ] DEBUG Engine               - scaledHeightProp$fxgl: DoubleProperty [bound, value: 824.0]
20:40:16.317 [FXGL Background Thread 3 ] DEBUG Engine               - scaledWidthProp$fxgl: DoubleProperty [bound, value: 799.0]
20:40:16.317 [FXGL Background Thread 3 ] DEBUG Engine               - sceneFactory: myGame.DawnseekerApp$1@360b78f6
20:40:16.317 [FXGL Background Thread 3 ] DEBUG Engine               - secondsIn24h: 60
20:40:16.317 [FXGL Background Thread 3 ] DEBUG Engine               - soundMenuBack: menu/back.wav
20:40:16.317 [FXGL Background Thread 3 ] DEBUG Engine               - soundMenuPress: menu/press.wav
20:40:16.317 [FXGL Background Thread 3 ] DEBUG Engine               - soundMenuSelect: menu/select.wav
20:40:16.317 [FXGL Background Thread 3 ] DEBUG Engine               - soundNotification: core/notification.wav
20:40:16.317 [FXGL Background Thread 3 ] DEBUG Engine               - stageStyle: DECORATED
20:40:16.317 [FXGL Background Thread 3 ] DEBUG Engine               - supportedLanguages: [ENGLISH, FRENCH, GERMAN, HUNGARIAN, RUSSIAN]
20:40:16.317 [FXGL Background Thread 3 ] DEBUG Engine               - ticksPerSecond: -1
20:40:16.317 [FXGL Background Thread 3 ] DEBUG Engine               - title: Dawnseeker
20:40:16.318 [FXGL Background Thread 3 ] DEBUG Engine               - urlGithub: https://github.com/AlmasB/FXGL
20:40:16.318 [FXGL Background Thread 3 ] DEBUG Engine               - urlLeaderboard: http://fxgl-top.herokuapp.com/
20:40:16.318 [FXGL Background Thread 3 ] DEBUG Engine               - urlPOM: https://raw.githubusercontent.com/AlmasB/FXGL/release/README.md
20:40:16.318 [FXGL Background Thread 3 ] DEBUG Engine               - userAppClass: class myGame.DawnseekerApp
20:40:16.318 [FXGL Background Thread 3 ] DEBUG Engine               - version: 0.2
20:40:16.318 [FXGL Background Thread 3 ] DEBUG Engine               - versionCheckDays: 7
20:40:16.318 [FXGL Background Thread 3 ] DEBUG Engine               - width: 1024
20:40:16.318 [FXGL Background Thread 3 ] DEBUG Engine               - Logging services
20:40:16.318 [FXGL Background Thread 3 ] DEBUG Engine               - class com.almasb.fxgl.app.services.FXGLAssetLoaderService
20:40:16.318 [FXGL Background Thread 3 ] DEBUG Engine               - class com.almasb.fxgl.app.FXGLApplication$GameApplicationService
20:40:16.318 [FXGL Background Thread 3 ] DEBUG Engine               - class com.almasb.fxgl.app.services.FXGLDialogService
20:40:16.318 [FXGL Background Thread 3 ] DEBUG Engine               - class com.almasb.fxgl.app.services.IOTaskExecutorService
20:40:16.318 [FXGL Background Thread 3 ] DEBUG Engine               - class com.almasb.fxgl.io.FileSystemService
20:40:16.318 [FXGL Background Thread 3 ] DEBUG Engine               - class com.almasb.fxgl.localization.LocalizationService
20:40:16.318 [FXGL Background Thread 3 ] DEBUG Engine               - class com.almasb.fxgl.app.services.SystemBundleService
20:40:16.318 [FXGL Background Thread 3 ] DEBUG Engine               - class com.almasb.fxgl.profile.SaveLoadService
20:40:16.318 [FXGL Background Thread 3 ] DEBUG Engine               - class com.almasb.fxgl.ui.FXGLUIFactoryServiceProvider
20:40:16.318 [FXGL Background Thread 3 ] DEBUG Engine               - class com.almasb.fxgl.ui.FXGLDialogFactoryServiceProvider
20:40:16.318 [FXGL Background Thread 3 ] DEBUG Engine               - class com.almasb.fxgl.audio.AudioPlayer
20:40:16.318 [FXGL Background Thread 3 ] DEBUG Engine               - class com.almasb.fxgl.notification.impl.NotificationServiceProvider
20:40:16.318 [FXGL Background Thread 3 ] DEBUG Engine               - class com.almasb.fxgl.achievement.AchievementService
20:40:16.318 [FXGL Background Thread 3 ] DEBUG Engine               - class com.almasb.fxgl.cutscene.CutsceneService
20:40:16.318 [FXGL Background Thread 3 ] DEBUG Engine               - class com.almasb.fxgl.minigames.MiniGameService
20:40:16.318 [FXGL Background Thread 3 ] DEBUG Engine               - class com.almasb.fxgl.net.NetService
20:40:16.318 [FXGL Background Thread 3 ] DEBUG Engine               - class com.almasb.fxgl.app.services.UpdaterService
20:40:16.318 [FXGL Background Thread 3 ] DEBUG Engine               - class com.almasb.fxgl.dev.DevService
20:40:16.450 [JavaFX Application Thread] DEBUG Menu                 - fireNewGame()
20:40:16.450 [JavaFX Application Thread] DEBUG GameApplicationServi - Starting new game
20:40:16.450 [JavaFX Application Thread] DEBUG PrimaryStageWindow   - Pop state: DawnseekerMenu
20:40:16.450 [JavaFX Application Thread] DEBUG Input                - Clearing active input actions
20:40:16.450 [JavaFX Application Thread] DEBUG GameApplicationServi - Removing overlay from DawnseekerMenu and adding to FXGLMainMenuDummyScene
20:40:16.451 [JavaFX Application Thread] DEBUG PrimaryStageWindow   - FXGLMainMenuDummyScene <- DawnseekerMenu
20:40:16.451 [JavaFX Application Thread] DEBUG Input                - Clearing active input actions
20:40:16.456 [JavaFX Application Thread] DEBUG GameApplicationServi - Removing overlay from FXGLMainMenuDummyScene and adding to FXGLLoadingScene
20:40:16.456 [JavaFX Application Thread] DEBUG PrimaryStageWindow   - FXGLMainMenuDummyScene -> FXGLLoadingScene
20:40:16.456 [JavaFX Application Thread] DEBUG GameApplicationServi - Clearing previous game
20:40:16.456 [JavaFX Application Thread] DEBUG GameScene            - Clearing game scene
20:40:16.456 [JavaFX Application Thread] DEBUG GameWorld            - Clearing game world
20:40:16.460 [JavaFX Application Thread] DEBUG PhysicsWorld         - Clearing physics world
20:40:16.461 [FXGL Background Thread 2 ] DEBUG FXGLApplication      - Initializing game
20:40:16.461 [FXGL Background Thread 2 ] DEBUG AudioPlayer          - Playing music com.almasb.fxgl.audio.Music@55a2c043
20:40:16.463 [FXGL Background Thread 2 ] WARN  GameWorld            - Entity is already attached to world
20:40:16.464 [FXGL Background Thread 2 ] WARN  Entity               - Entity already has component: com.almasb.fxgl.entity.components.CollidableComponent
20:40:16.464 [FXGL Background Thread 2 ] WARN  GameWorld            - Entity is already attached to world
20:40:16.465 [FXGL Background Thread 2 ] WARN  Entity               - Entity already has component: com.almasb.fxgl.entity.components.CollidableComponent
20:40:16.465 [FXGL Background Thread 2 ] WARN  GameWorld            - Entity is already attached to world
20:40:16.466 [FXGL Background Thread 2 ] WARN  Entity               - Entity already has component: com.almasb.fxgl.entity.components.CollidableComponent
20:40:16.466 [FXGL Background Thread 2 ] WARN  GameWorld            - Entity is already attached to world
20:40:16.467 [FXGL Background Thread 2 ] WARN  Entity               - Entity already has component: com.almasb.fxgl.entity.components.CollidableComponent
20:40:16.467 [FXGL Background Thread 2 ] WARN  GameWorld            - Entity is already attached to world
20:40:16.468 [FXGL Background Thread 2 ] WARN  GameWorld            - Entity is already attached to world
20:40:16.468 [FXGL Background Thread 2 ] INFO  FXGLApplication      - Game initialization took: 0.007 sec
20:40:16.469 [JavaFX Application Thread] DEBUG Input                - Clearing active input actions
20:40:16.476 [JavaFX Application Thread] DEBUG GameApplicationServi - Removing overlay from FXGLLoadingScene and adding to GameScene
20:40:16.476 [JavaFX Application Thread] DEBUG PrimaryStageWindow   - FXGLLoadingScene -> GameScene
20:40:19.431 [JavaFX Application Thread] DEBUG FXGLAssetLoaderServi - Loading from file system: file:/C:/Users/narro/OneDrive/Documents/coleg/Spring%202023/CS%204900%20Senior%20Seminiar/Dawnseeker/Dawnseeker/target/classes/assets/sounds/yoda_death.wav
20:40:19.440 [JavaFX Application Thread] DEBUG Input                - Clearing active input actions
20:40:19.452 [JavaFX Application Thread] DEBUG GameApplicationServi - Removing overlay from GameScene and adding to FXGLMainMenuDummyScene
20:40:19.453 [JavaFX Application Thread] DEBUG PrimaryStageWindow   - GameScene -> FXGLMainMenuDummyScene
20:40:19.453 [JavaFX Application Thread] DEBUG PrimaryStageWindow   - Push state: DawnseekerMenu
20:40:19.453 [JavaFX Application Thread] DEBUG Input                - Clearing active input actions
20:40:19.454 [JavaFX Application Thread] DEBUG GameApplicationServi - Removing overlay from FXGLMainMenuDummyScene and adding to DawnseekerMenu
20:40:19.454 [JavaFX Application Thread] DEBUG PrimaryStageWindow   - FXGLMainMenuDummyScene -> DawnseekerMenu
20:40:20.185 [JavaFX Application Thread] DEBUG Menu                 - fireNewGame()
20:40:20.185 [JavaFX Application Thread] DEBUG GameApplicationServi - Starting new game
20:40:20.185 [JavaFX Application Thread] DEBUG PrimaryStageWindow   - Pop state: DawnseekerMenu
20:40:20.185 [JavaFX Application Thread] DEBUG Input                - Clearing active input actions
20:40:20.186 [JavaFX Application Thread] DEBUG GameApplicationServi - Removing overlay from DawnseekerMenu and adding to FXGLMainMenuDummyScene
20:40:20.186 [JavaFX Application Thread] DEBUG PrimaryStageWindow   - FXGLMainMenuDummyScene <- DawnseekerMenu
20:40:20.186 [JavaFX Application Thread] DEBUG Input                - Clearing active input actions
20:40:20.190 [JavaFX Application Thread] DEBUG GameApplicationServi - Removing overlay from FXGLMainMenuDummyScene and adding to FXGLLoadingScene
20:40:20.190 [JavaFX Application Thread] DEBUG PrimaryStageWindow   - FXGLMainMenuDummyScene -> FXGLLoadingScene
20:40:20.190 [JavaFX Application Thread] DEBUG GameApplicationServi - Clearing previous game
20:40:20.190 [JavaFX Application Thread] DEBUG GameScene            - Clearing game scene
20:40:20.190 [JavaFX Application Thread] DEBUG GameWorld            - Clearing game world
20:40:20.192 [JavaFX Application Thread] DEBUG PhysicsWorld         - Clearing physics world
20:40:20.193 [FXGL Background Thread 2 ] DEBUG FXGLApplication      - Initializing game
20:40:20.193 [FXGL Background Thread 2 ] DEBUG AudioPlayer          - Playing music com.almasb.fxgl.audio.Music@55a2c043
20:40:20.195 [FXGL Background Thread 2 ] WARN  GameWorld            - Entity is already attached to world
20:40:20.196 [FXGL Background Thread 2 ] WARN  Entity               - Entity already has component: com.almasb.fxgl.entity.components.CollidableComponent
20:40:20.196 [FXGL Background Thread 2 ] WARN  GameWorld            - Entity is already attached to world
20:40:20.197 [FXGL Background Thread 2 ] WARN  Entity               - Entity already has component: com.almasb.fxgl.entity.components.CollidableComponent
20:40:20.197 [FXGL Background Thread 2 ] WARN  GameWorld            - Entity is already attached to world
20:40:20.198 [FXGL Background Thread 2 ] WARN  Entity               - Entity already has component: com.almasb.fxgl.entity.components.CollidableComponent
20:40:20.198 [FXGL Background Thread 2 ] WARN  GameWorld            - Entity is already attached to world
20:40:20.199 [FXGL Background Thread 2 ] WARN  Entity               - Entity already has component: com.almasb.fxgl.entity.components.CollidableComponent
20:40:20.199 [FXGL Background Thread 2 ] WARN  GameWorld            - Entity is already attached to world
20:40:20.202 [FXGL Background Thread 2 ] WARN  GameWorld            - Entity is already attached to world
20:40:20.202 [FXGL Background Thread 2 ] INFO  FXGLApplication      - Game initialization took: 0.010 sec
20:40:20.203 [JavaFX Application Thread] DEBUG Input                - Clearing active input actions
20:40:20.214 [JavaFX Application Thread] DEBUG GameApplicationServi - Removing overlay from FXGLLoadingScene and adding to GameScene
20:40:20.215 [JavaFX Application Thread] DEBUG PrimaryStageWindow   - FXGLLoadingScene -> GameScene
20:40:22.161 [JavaFX Application Thread] DEBUG Input                - Clearing active input actions
20:40:22.165 [JavaFX Application Thread] DEBUG GameApplicationServi - Removing overlay from GameScene and adding to FXGLMainMenuDummyScene
20:40:22.166 [JavaFX Application Thread] DEBUG PrimaryStageWindow   - GameScene -> FXGLMainMenuDummyScene
20:40:22.166 [JavaFX Application Thread] DEBUG PrimaryStageWindow   - Push state: DawnseekerMenu
20:40:22.166 [JavaFX Application Thread] DEBUG Input                - Clearing active input actions
20:40:22.166 [JavaFX Application Thread] DEBUG GameApplicationServi - Removing overlay from FXGLMainMenuDummyScene and adding to DawnseekerMenu
20:40:22.166 [JavaFX Application Thread] DEBUG PrimaryStageWindow   - FXGLMainMenuDummyScene -> DawnseekerMenu
20:40:22.964 [JavaFX Application Thread] DEBUG FXGLApplication      - Exiting FXGL
20:40:22.964 [JavaFX Application Thread] DEBUG LoopRunner           - Stopping loop
20:40:22.964 [JavaFX Application Thread] DEBUG SystemBundleService  - Saving FXGL system data
20:40:22.966 [JavaFX Application Thread] DEBUG FileSystemAccess     - Writing to: C:\Users\narro\OneDrive\Documents\coleg\Spring 2023\CS 4900 Senior Seminiar\Dawnseeker\Dawnseeker\system\fxgl.bundle
20:40:22.967 [JavaFX Application Thread] DEBUG Async                - Shutting down background threads
20:40:22.968 [JavaFX Application Thread] DEBUG PrimaryStageWindow   - Closing main window
20:40:22.986 [JavaFX Application Thread] DEBUG Logger               - Closing Logger
