15:35:51.802 [main                     ] DEBUG Logger               - Configured Logger
15:35:51.842 [main                     ] DEBUG GameApplication      - Logging settings
Title: Dawnseeker
Version: 0.2
Width: 1024
Height: 1024
Fullscreen: false
Intro: false
Profiling: false
Single step:false
App Mode: DEVELOPER
Menu Key: ESCAPE
Stage Style: DECORATED
Scene Factory: class myGame.DawnseekerApp$1

15:35:52.258 [JavaFX Application Thread] DEBUG FXGLApplication      - Initializing FXGL
15:35:52.264 [JavaFX Application Thread] INFO  Engine               - FXGL-17.2 (20.08.2022 16.50) on WINDOWS (J:19.0.2 FX:18)
15:35:52.264 [JavaFX Application Thread] DEBUG Engine               - JRE Vendor Name: Oracle Corporation
15:35:52.264 [JavaFX Application Thread] DEBUG Engine               - Running on OS: Windows 10 version 10.0
15:35:52.264 [JavaFX Application Thread] DEBUG Engine               - Architecture: amd64
15:35:52.265 [JavaFX Application Thread] INFO  Engine               - Source code and latest versions at: https://github.com/AlmasB/FXGL
15:35:52.265 [JavaFX Application Thread] INFO  Engine               -       Ask questions and discuss at: https://github.com/AlmasB/FXGL/discussions
15:35:52.265 [JavaFX Application Thread] INFO  Engine               -              Join the FXGL chat at: https://gitter.im/AlmasB/FXGL
15:35:52.391 [JavaFX Application Thread] DEBUG PrimaryStageWindow   - Creating a JavaFX scene
15:35:52.391 [JavaFX Application Thread] DEBUG PrimaryStageWindow   - Target size > screen size
15:35:52.441 [JavaFX Application Thread] DEBUG PrimaryStageWindow   - Target settings size: 1024.0 x 1024.0
15:35:52.441 [JavaFX Application Thread] DEBUG PrimaryStageWindow   - Scaled scene size:    799.0 x 824.0
15:35:52.441 [JavaFX Application Thread] DEBUG PrimaryStageWindow   - Scaled ratio: (0.7802734375, 0.8046875)
15:35:52.442 [JavaFX Application Thread] DEBUG PrimaryStageWindow   - Set initial scene to FXGLStartupScene
15:35:52.450 [JavaFX Application Thread] DEBUG PrimaryStageWindow   - Opening main window
15:35:52.555 [JavaFX Application Thread] DEBUG PrimaryStageWindow   - Window border size: (14.5999755859375, 37.5999755859375)
15:35:52.556 [JavaFX Application Thread] DEBUG PrimaryStageWindow   - Scaled size: 799.0 x 824.0
15:35:52.556 [JavaFX Application Thread] DEBUG PrimaryStageWindow   - Scaled ratio: (0.7802734375, 0.8046875)
15:35:52.557 [JavaFX Application Thread] DEBUG PrimaryStageWindow   - Scene size: 799.0 x 824.0
15:35:52.557 [JavaFX Application Thread] DEBUG PrimaryStageWindow   - Stage size: 813.5999755859375 x 861.5999755859375
15:35:52.565 [FXGL Background Thread 1 ] DEBUG Engine               - Initializing environment variables
15:35:52.650 [FXGL Background Thread 1 ] DEBUG FXGLAssetLoaderServi - User app class for loading assets: class myGame.DawnseekerApp
15:35:52.650 [FXGL Background Thread 1 ] DEBUG GameApplicationServi - Applying CSS: fxgl_dark.css
15:35:52.652 [FXGL Background Thread 1 ] DEBUG FXGLAssetLoaderServi - Loading from file system: jar:file:/C:/Users/narro/.m2/repository/com/github/almasb/fxgl/17.2/fxgl-17.2.jar!/fxglassets/ui/css/fxgl_dark.css
15:35:52.714 [FXGL Background Thread 1 ] DEBUG GameApplicationServi - Initializing application scenes
15:35:52.775 [FXGL Background Thread 1 ] DEBUG GameWorld            - Game world initialized
15:35:52.864 [FXGL Background Thread 1 ] DEBUG PhysicsWorld         - Physics world initialized: appHeight=1024, physics.ppm=50.0
15:35:52.864 [FXGL Background Thread 1 ] DEBUG PhysicsWorld         - Using strategy: BRUTE_FORCE
15:35:52.870 [FXGL Background Thread 1 ] DEBUG GameScene            - Game scene initialized: 1024x1024
15:35:52.891 [FXGL Background Thread 1 ] DEBUG FXGL.DefaultMenu     - createMenuBodyGameMenu()
15:35:52.911 [FXGL Background Thread 1 ] DEBUG FXGL.DefaultMenu     - createOptionsMenu()
15:35:52.921 [FXGL Background Thread 1 ] DEBUG FXGLAssetLoaderServi - Loading from file system: jar:file:/C:/Users/narro/.m2/repository/com/github/almasb/fxgl/17.2/fxgl-17.2.jar!/fxglassets/textures/particles/smoke.png
15:35:53.036 [FXGL Background Thread 1 ] DEBUG FXGLAssetLoaderServi - Loading from file system: jar:file:/C:/Users/narro/.m2/repository/com/github/almasb/fxgl/17.2/fxgl-17.2.jar!/fxglassets/textures/particles/trace_horizontal.png
15:35:53.069 [FXGL Background Thread 1 ] DEBUG GameApplicationServi - Application scenes initialized
15:35:53.083 [FXGL Background Thread 1 ] DEBUG SystemBundleService  - Loading FXGL system data
15:35:53.089 [FXGL Background Thread 1 ] DEBUG FileSystemAccess     - Reading from: C:\Users\narro\OneDrive\Documents\coleg\Spring 2023\CS 4900 Senior Seminiar\Dawnseeker\Dawnseeker\system\fxgl.bundle
15:35:53.099 [FXGL Background Thread 1 ] DEBUG SystemBundleService  - Bundle FXGL: {}
15:35:53.099 [FXGL Background Thread 1 ] DEBUG UpdaterService       - Checking for updates
15:35:53.104 [FXGL Background Thread 4 ] DEBUG FXGLApplication      - Loading fonts
15:35:53.104 [FXGL Background Thread 4 ] DEBUG FXGLAssetLoaderServi - Loading from file system: jar:file:/C:/Users/narro/.m2/repository/com/github/almasb/fxgl/17.2/fxgl-17.2.jar!/fxglassets/ui/fonts/VarelaRound-Regular.ttf
15:35:53.105 [FXGL Background Thread 1 ] DEBUG FXGLApplication      - Loading default localization
15:35:53.106 [FXGL Background Thread 1 ] DEBUG FXGLAssetLoaderServi - Loading from file system: jar:file:/C:/Users/narro/.m2/repository/com/github/almasb/fxgl/17.2/fxgl-17.2.jar!/fxglassets/languages/english.lang
15:35:53.141 [FXGL Background Thread 1 ] INFO  FXGLApplication      - FXGL initialization took: 0.575 sec
15:35:53.148 [JavaFX Application Thread] DEBUG Input                - Registered new binding: action0 - LMB
15:35:53.158 [JavaFX Application Thread] DEBUG Input                - Registered new binding: Up - W
15:35:53.158 [JavaFX Application Thread] DEBUG Input                - Registered new binding: Down - S
15:35:53.158 [JavaFX Application Thread] DEBUG Input                - Registered new binding: Right - D
15:35:53.158 [JavaFX Application Thread] DEBUG Input                - Registered new binding: Left - A
15:35:53.159 [JavaFX Application Thread] DEBUG FXGLAssetLoaderServi - Loading from file system: jar:file:/C:/Users/narro/.m2/repository/com/github/almasb/fxgl/17.2/fxgl-17.2.jar!/fxglassets/textures/fxgl_icon.png
15:35:53.182 [JavaFX Application Thread] DEBUG FXGLAssetLoaderServi - Loading from file system: jar:file:/C:/Users/narro/.m2/repository/com/github/almasb/fxgl/17.2/fxgl-17.2.jar!/fxglassets/textures/fxgl_default_cursor.png
15:35:53.187 [JavaFX Application Thread] DEBUG Input                - Registered new binding: Screenshot - CTRL+8
15:35:53.188 [JavaFX Application Thread] DEBUG Input                - Registered new binding: System info dump - CTRL+9
15:35:53.188 [JavaFX Application Thread] DEBUG Input                - Registered new binding: Restart - CTRL+R
15:35:53.189 [JavaFX Application Thread] DEBUG Input                - Registered new binding: Toggle Debug Camera - CTRL+7
15:35:53.192 [JavaFX Application Thread] DEBUG LoopRunner           - Starting loop
15:35:53.192 [JavaFX Application Thread] DEBUG LoopRunner           - Initializing JavaFX AnimationTimerLoop
15:35:53.196 [JavaFX Application Thread] DEBUG Input                - Clearing active input actions
15:35:53.210 [JavaFX Application Thread] DEBUG GameApplicationServi - Removing overlay from FXGLStartupScene and adding to FXGLMainMenuDummyScene
15:35:53.211 [JavaFX Application Thread] DEBUG PrimaryStageWindow   - FXGLStartupScene -> FXGLMainMenuDummyScene
15:35:53.211 [JavaFX Application Thread] DEBUG PrimaryStageWindow   - Push state: DawnseekerMenu
15:35:53.211 [JavaFX Application Thread] DEBUG Input                - Clearing active input actions
15:35:53.216 [JavaFX Application Thread] DEBUG GameApplicationServi - Removing overlay from FXGLMainMenuDummyScene and adding to DawnseekerMenu
15:35:53.216 [JavaFX Application Thread] DEBUG PrimaryStageWindow   - FXGLMainMenuDummyScene -> DawnseekerMenu
15:35:53.231 [FXGL Background Thread 4 ] DEBUG FXGLAssetLoaderServi - Loading from file system: jar:file:/C:/Users/narro/.m2/repository/com/github/almasb/fxgl/17.2/fxgl-17.2.jar!/fxglassets/ui/fonts/Abel-Regular.ttf
15:35:53.248 [FXGL Background Thread 4 ] DEBUG FXGLAssetLoaderServi - Loading from file system: jar:file:/C:/Users/narro/.m2/repository/com/github/almasb/fxgl/17.2/fxgl-17.2.jar!/fxglassets/ui/fonts/TerminalLandMono-Regular.otf
15:35:53.262 [FXGL Background Thread 4 ] DEBUG FXGLAssetLoaderServi - Loading from file system: jar:file:/C:/Users/narro/.m2/repository/com/github/almasb/fxgl/17.2/fxgl-17.2.jar!/fxglassets/ui/fonts/Courier-Prime.ttf
15:35:53.279 [JavaFX Application Thread] DEBUG FXGLApplication      - Registering font factories with UI factory
15:35:56.103 [FXGL Background Thread 3 ] DEBUG Engine               - Logging environment variables
15:35:56.103 [FXGL Background Thread 3 ] DEBUG Engine               - achievements: []
15:35:56.103 [FXGL Background Thread 3 ] DEBUG Engine               - actualHeight: 824.0
15:35:56.103 [FXGL Background Thread 3 ] DEBUG Engine               - actualHeightProperty: ReadOnlyDoubleProperty [value: 824.0]
15:35:56.104 [FXGL Background Thread 3 ] DEBUG Engine               - actualWidth: 799.0
15:35:56.104 [FXGL Background Thread 3 ] DEBUG Engine               - actualWidthProperty: ReadOnlyDoubleProperty [value: 799.0]
15:35:56.104 [FXGL Background Thread 3 ] DEBUG Engine               - appIcon: fxgl_icon.png
15:35:56.104 [FXGL Background Thread 3 ] DEBUG Engine               - applicationMode: DEVELOPER
15:35:56.104 [FXGL Background Thread 3 ] DEBUG Engine               - cSSList: [fxgl_dark.css]
15:35:56.104 [FXGL Background Thread 3 ] DEBUG Engine               - collisionDetectionStrategy: BRUTE_FORCE
15:35:56.104 [FXGL Background Thread 3 ] DEBUG Engine               - configClass: Optional.empty
15:35:56.104 [FXGL Background Thread 3 ] DEBUG Engine               - credits: []
15:35:56.104 [FXGL Background Thread 3 ] DEBUG Engine               - defaultCursor: CursorInfo(imageName=fxgl_default_cursor.png, hotspotX=7.0, hotspotY=6.0)
15:35:56.104 [FXGL Background Thread 3 ] DEBUG Engine               - devBBoxColorProperty: ObjectProperty [value: 0xff0000ff]
15:35:56.105 [FXGL Background Thread 3 ] DEBUG Engine               - devEnableDebugCameraProperty: BooleanProperty [value: false]
15:35:56.105 [FXGL Background Thread 3 ] DEBUG Engine               - devSensorColorProperty: ObjectProperty [value: 0xffff00ff]
15:35:56.105 [FXGL Background Thread 3 ] DEBUG Engine               - devShowBBoxProperty: BooleanProperty [value: false]
15:35:56.105 [FXGL Background Thread 3 ] DEBUG Engine               - devShowPositionProperty: BooleanProperty [value: false]
15:35:56.105 [FXGL Background Thread 3 ] DEBUG Engine               - enabledMenuItems: []
15:35:56.105 [FXGL Background Thread 3 ] DEBUG Engine               - engineServices: [class com.almasb.fxgl.app.services.FXGLAssetLoaderService, class com.almasb.fxgl.app.FXGLApplication$GameApplicationService, class com.almasb.fxgl.app.services.FXGLDialogService, class com.almasb.fxgl.app.services.IOTaskExecutorService, class com.almasb.fxgl.io.FileSystemService, class com.almasb.fxgl.localization.LocalizationService, class com.almasb.fxgl.app.services.SystemBundleService, class com.almasb.fxgl.profile.SaveLoadService, class com.almasb.fxgl.ui.FXGLUIFactoryServiceProvider, class com.almasb.fxgl.ui.FXGLDialogFactoryServiceProvider, class com.almasb.fxgl.audio.AudioPlayer, class com.almasb.fxgl.notification.impl.NotificationServiceProvider, class com.almasb.fxgl.achievement.AchievementService, class com.almasb.fxgl.cutscene.CutsceneService, class com.almasb.fxgl.minigames.MiniGameService, class com.almasb.fxgl.net.NetService, class com.almasb.fxgl.app.services.UpdaterService, class com.almasb.fxgl.dev.DevService]
15:35:56.105 [FXGL Background Thread 3 ] DEBUG Engine               - fontGame: Abel-Regular.ttf
15:35:56.105 [FXGL Background Thread 3 ] DEBUG Engine               - fontMono: TerminalLandMono-Regular.otf
15:35:56.105 [FXGL Background Thread 3 ] DEBUG Engine               - fontText: Courier-Prime.ttf
15:35:56.105 [FXGL Background Thread 3 ] DEBUG Engine               - fontUI: VarelaRound-Regular.ttf
15:35:56.105 [FXGL Background Thread 3 ] DEBUG Engine               - fullScreen: BooleanProperty [value: false]
15:35:56.105 [FXGL Background Thread 3 ] DEBUG Engine               - gameDifficulty: MEDIUM
15:35:56.105 [FXGL Background Thread 3 ] DEBUG Engine               - gameDifficultyProperty: ObjectProperty [value: MEDIUM]
15:35:56.105 [FXGL Background Thread 3 ] DEBUG Engine               - globalMusicVolume: 0.5
15:35:56.105 [FXGL Background Thread 3 ] DEBUG Engine               - globalMusicVolumeProperty: DoubleProperty [value: 0.5]
15:35:56.106 [FXGL Background Thread 3 ] DEBUG Engine               - globalSoundVolume: 0.5
15:35:56.106 [FXGL Background Thread 3 ] DEBUG Engine               - globalSoundVolumeProperty: DoubleProperty [value: 0.5]
15:35:56.106 [FXGL Background Thread 3 ] DEBUG Engine               - height: 1024
15:35:56.106 [FXGL Background Thread 3 ] DEBUG Engine               - is3D: false
15:35:56.106 [FXGL Background Thread 3 ] DEBUG Engine               - isAndroid: false
15:35:56.106 [FXGL Background Thread 3 ] DEBUG Engine               - isBrowser: false
15:35:56.106 [FXGL Background Thread 3 ] DEBUG Engine               - isClickFeedbackEnabled: false
15:35:56.106 [FXGL Background Thread 3 ] DEBUG Engine               - isCloseConfirmation: false
15:35:56.106 [FXGL Background Thread 3 ] DEBUG Engine               - isDesktop: true
15:35:56.106 [FXGL Background Thread 3 ] DEBUG Engine               - isDeveloperMenuEnabled: false
15:35:56.106 [FXGL Background Thread 3 ] DEBUG Engine               - isEmbedded: false
15:35:56.106 [FXGL Background Thread 3 ] DEBUG Engine               - isEntityPreloadEnabled: true
15:35:56.106 [FXGL Background Thread 3 ] DEBUG Engine               - isExperimentalTiledLargeMap: false
15:35:56.106 [FXGL Background Thread 3 ] DEBUG Engine               - isFileSystemWriteAllowed: true
15:35:56.106 [FXGL Background Thread 3 ] DEBUG Engine               - isFullScreenAllowed: false
15:35:56.106 [FXGL Background Thread 3 ] DEBUG Engine               - isFullScreenFromStart: false
15:35:56.107 [FXGL Background Thread 3 ] DEBUG Engine               - isGameMenuEnabled: true
15:35:56.107 [FXGL Background Thread 3 ] DEBUG Engine               - isIOS: false
15:35:56.107 [FXGL Background Thread 3 ] DEBUG Engine               - isIntroEnabled: false
15:35:56.107 [FXGL Background Thread 3 ] DEBUG Engine               - isLinux: false
15:35:56.107 [FXGL Background Thread 3 ] DEBUG Engine               - isMac: false
15:35:56.107 [FXGL Background Thread 3 ] DEBUG Engine               - isMainMenuEnabled: true
15:35:56.107 [FXGL Background Thread 3 ] DEBUG Engine               - isManualResizeEnabled: false
15:35:56.107 [FXGL Background Thread 3 ] DEBUG Engine               - isMobile: false
15:35:56.107 [FXGL Background Thread 3 ] DEBUG Engine               - isNative: false
15:35:56.107 [FXGL Background Thread 3 ] DEBUG Engine               - isPauseMusicWhenMinimized: true
15:35:56.107 [FXGL Background Thread 3 ] DEBUG Engine               - isPreserveResizeRatio: false
15:35:56.107 [FXGL Background Thread 3 ] DEBUG Engine               - isProfilingEnabled: false
15:35:56.107 [FXGL Background Thread 3 ] DEBUG Engine               - isScaleAffectedOnResize: true
15:35:56.107 [FXGL Background Thread 3 ] DEBUG Engine               - isSingleStep: false
15:35:56.107 [FXGL Background Thread 3 ] DEBUG Engine               - isUserProfileEnabled: false
15:35:56.107 [FXGL Background Thread 3 ] DEBUG Engine               - isWindows: true
15:35:56.108 [FXGL Background Thread 3 ] DEBUG Engine               - language: ObjectProperty [value: ENGLISH]
15:35:56.108 [FXGL Background Thread 3 ] DEBUG Engine               - menuKey: ESCAPE
15:35:56.108 [FXGL Background Thread 3 ] DEBUG Engine               - mouseSensitivity: 0.2
15:35:56.108 [FXGL Background Thread 3 ] DEBUG Engine               - notificationViewClass: class com.almasb.fxgl.notification.view.XboxNotificationView
15:35:56.108 [FXGL Background Thread 3 ] DEBUG Engine               - pixelsPerMeter: 50.0
15:35:56.108 [FXGL Background Thread 3 ] DEBUG Engine               - platform: WINDOWS
15:35:56.108 [FXGL Background Thread 3 ] DEBUG Engine               - prefHeightProperty: ReadOnlyDoubleProperty [value: 1024.0]
15:35:56.108 [FXGL Background Thread 3 ] DEBUG Engine               - prefWidthProperty: ReadOnlyDoubleProperty [value: 1024.0]
15:35:56.108 [FXGL Background Thread 3 ] DEBUG Engine               - profileDir: profiles/
15:35:56.108 [FXGL Background Thread 3 ] DEBUG Engine               - profileName: StringProperty [value: DEFAULT]
15:35:56.108 [FXGL Background Thread 3 ] DEBUG Engine               - randomSeed: -1
15:35:56.108 [FXGL Background Thread 3 ] DEBUG Engine               - runtimeInfo: RuntimeInfo(platform=WINDOWS, version=17.2, build=20.08.2022 16.50)
15:35:56.109 [FXGL Background Thread 3 ] DEBUG Engine               - saveFileExt: sav
15:35:56.109 [FXGL Background Thread 3 ] DEBUG Engine               - scaledHeightProp$fxgl: DoubleProperty [bound, value: 824.0]
15:35:56.109 [FXGL Background Thread 3 ] DEBUG Engine               - scaledWidthProp$fxgl: DoubleProperty [bound, value: 799.0]
15:35:56.109 [FXGL Background Thread 3 ] DEBUG Engine               - sceneFactory: myGame.DawnseekerApp$1@17abb12f
15:35:56.109 [FXGL Background Thread 3 ] DEBUG Engine               - secondsIn24h: 60
15:35:56.109 [FXGL Background Thread 3 ] DEBUG Engine               - soundMenuBack: menu/back.wav
15:35:56.109 [FXGL Background Thread 3 ] DEBUG Engine               - soundMenuPress: menu/press.wav
15:35:56.109 [FXGL Background Thread 3 ] DEBUG Engine               - soundMenuSelect: menu/select.wav
15:35:56.109 [FXGL Background Thread 3 ] DEBUG Engine               - soundNotification: core/notification.wav
15:35:56.109 [FXGL Background Thread 3 ] DEBUG Engine               - stageStyle: DECORATED
15:35:56.109 [FXGL Background Thread 3 ] DEBUG Engine               - supportedLanguages: [ENGLISH, FRENCH, GERMAN, HUNGARIAN, RUSSIAN]
15:35:56.109 [FXGL Background Thread 3 ] DEBUG Engine               - ticksPerSecond: -1
15:35:56.109 [FXGL Background Thread 3 ] DEBUG Engine               - title: Dawnseeker
15:35:56.109 [FXGL Background Thread 3 ] DEBUG Engine               - urlGithub: https://github.com/AlmasB/FXGL
15:35:56.109 [FXGL Background Thread 3 ] DEBUG Engine               - urlLeaderboard: http://fxgl-top.herokuapp.com/
15:35:56.109 [FXGL Background Thread 3 ] DEBUG Engine               - urlPOM: https://raw.githubusercontent.com/AlmasB/FXGL/release/README.md
15:35:56.109 [FXGL Background Thread 3 ] DEBUG Engine               - userAppClass: class myGame.DawnseekerApp
15:35:56.109 [FXGL Background Thread 3 ] DEBUG Engine               - version: 0.2
15:35:56.109 [FXGL Background Thread 3 ] DEBUG Engine               - versionCheckDays: 7
15:35:56.110 [FXGL Background Thread 3 ] DEBUG Engine               - width: 1024
15:35:56.110 [FXGL Background Thread 3 ] DEBUG Engine               - Logging services
15:35:56.110 [FXGL Background Thread 3 ] DEBUG Engine               - class com.almasb.fxgl.app.services.FXGLAssetLoaderService
15:35:56.110 [FXGL Background Thread 3 ] DEBUG Engine               - class com.almasb.fxgl.app.FXGLApplication$GameApplicationService
15:35:56.110 [FXGL Background Thread 3 ] DEBUG Engine               - class com.almasb.fxgl.app.services.FXGLDialogService
15:35:56.110 [FXGL Background Thread 3 ] DEBUG Engine               - class com.almasb.fxgl.app.services.IOTaskExecutorService
15:35:56.110 [FXGL Background Thread 3 ] DEBUG Engine               - class com.almasb.fxgl.io.FileSystemService
15:35:56.110 [FXGL Background Thread 3 ] DEBUG Engine               - class com.almasb.fxgl.localization.LocalizationService
15:35:56.110 [FXGL Background Thread 3 ] DEBUG Engine               - class com.almasb.fxgl.app.services.SystemBundleService
15:35:56.110 [FXGL Background Thread 3 ] DEBUG Engine               - class com.almasb.fxgl.profile.SaveLoadService
15:35:56.110 [FXGL Background Thread 3 ] DEBUG Engine               - class com.almasb.fxgl.ui.FXGLUIFactoryServiceProvider
15:35:56.110 [FXGL Background Thread 3 ] DEBUG Engine               - class com.almasb.fxgl.ui.FXGLDialogFactoryServiceProvider
15:35:56.110 [FXGL Background Thread 3 ] DEBUG Engine               - class com.almasb.fxgl.audio.AudioPlayer
15:35:56.110 [FXGL Background Thread 3 ] DEBUG Engine               - class com.almasb.fxgl.notification.impl.NotificationServiceProvider
15:35:56.110 [FXGL Background Thread 3 ] DEBUG Engine               - class com.almasb.fxgl.achievement.AchievementService
15:35:56.110 [FXGL Background Thread 3 ] DEBUG Engine               - class com.almasb.fxgl.cutscene.CutsceneService
15:35:56.110 [FXGL Background Thread 3 ] DEBUG Engine               - class com.almasb.fxgl.minigames.MiniGameService
15:35:56.110 [FXGL Background Thread 3 ] DEBUG Engine               - class com.almasb.fxgl.net.NetService
15:35:56.110 [FXGL Background Thread 3 ] DEBUG Engine               - class com.almasb.fxgl.app.services.UpdaterService
15:35:56.110 [FXGL Background Thread 3 ] DEBUG Engine               - class com.almasb.fxgl.dev.DevService
15:35:56.274 [JavaFX Application Thread] DEBUG FXGLApplication      - Exiting FXGL
15:35:56.274 [JavaFX Application Thread] DEBUG LoopRunner           - Stopping loop
15:35:56.274 [JavaFX Application Thread] DEBUG SystemBundleService  - Saving FXGL system data
15:35:56.276 [JavaFX Application Thread] DEBUG FileSystemAccess     - Writing to: C:\Users\narro\OneDrive\Documents\coleg\Spring 2023\CS 4900 Senior Seminiar\Dawnseeker\Dawnseeker\system\fxgl.bundle
15:35:56.278 [JavaFX Application Thread] DEBUG Async                - Shutting down background threads
15:35:56.278 [JavaFX Application Thread] DEBUG PrimaryStageWindow   - Closing main window
15:35:56.289 [JavaFX Application Thread] DEBUG Logger               - Closing Logger
