20:15:44.434 [main                     ] DEBUG Logger               - Configured Logger
20:15:44.457 [main                     ] DEBUG GameApplication      - Logging settings
Title: Dawnseeker
Version: 0.4
Width: 1920
Height: 1080
Fullscreen: false
Intro: false
Profiling: false
Single step:false
App Mode: DEVELOPER
Menu Key: ESCAPE
Stage Style: DECORATED
Scene Factory: class myGame.DawnseekerApp$1

20:15:44.920 [JavaFX Application Thread] DEBUG FXGLApplication      - Initializing FXGL
20:15:44.925 [JavaFX Application Thread] INFO  Engine               - FXGL-17.2 (20.08.2022 16.50) on WINDOWS (J:19.0.2 FX:18)
20:15:44.925 [JavaFX Application Thread] DEBUG Engine               - JRE Vendor Name: Oracle Corporation
20:15:44.925 [JavaFX Application Thread] DEBUG Engine               - Running on OS: Windows 10 version 10.0
20:15:44.925 [JavaFX Application Thread] DEBUG Engine               - Architecture: amd64
20:15:44.925 [JavaFX Application Thread] INFO  Engine               - Source code and latest versions at: https://github.com/AlmasB/FXGL
20:15:44.925 [JavaFX Application Thread] INFO  Engine               -       Ask questions and discuss at: https://github.com/AlmasB/FXGL/discussions
20:15:44.926 [JavaFX Application Thread] INFO  Engine               -              Join the FXGL chat at: https://gitter.im/AlmasB/FXGL
20:15:45.045 [JavaFX Application Thread] DEBUG PrimaryStageWindow   - Creating a JavaFX scene
20:15:45.093 [JavaFX Application Thread] DEBUG PrimaryStageWindow   - Target settings size: 1920.0 x 1080.0
20:15:45.093 [JavaFX Application Thread] DEBUG PrimaryStageWindow   - Scaled scene size:    1920.0 x 1080.0
20:15:45.093 [JavaFX Application Thread] DEBUG PrimaryStageWindow   - Scaled ratio: (1.0, 1.0)
20:15:45.094 [JavaFX Application Thread] DEBUG PrimaryStageWindow   - Set initial scene to FXGLStartupScene
20:15:45.102 [JavaFX Application Thread] DEBUG PrimaryStageWindow   - Opening main window
20:15:45.204 [JavaFX Application Thread] DEBUG PrimaryStageWindow   - Window border size: (16.0, 39.0)
20:15:45.204 [JavaFX Application Thread] DEBUG PrimaryStageWindow   - Scaled size: 1920.0 x 1080.0
20:15:45.204 [JavaFX Application Thread] DEBUG PrimaryStageWindow   - Scaled ratio: (1.0, 1.0)
20:15:45.204 [JavaFX Application Thread] DEBUG PrimaryStageWindow   - Scene size: 1920.0 x 1080.0
20:15:45.205 [JavaFX Application Thread] DEBUG PrimaryStageWindow   - Stage size: 1936.0 x 1119.0
20:15:45.211 [FXGL Background Thread 1 ] DEBUG Engine               - Initializing environment variables
20:15:45.258 [FXGL Background Thread 1 ] DEBUG FXGLAssetLoaderServi - User app class for loading assets: class myGame.DawnseekerApp
20:15:45.258 [FXGL Background Thread 1 ] DEBUG GameApplicationServi - Applying CSS: fxgl_dark.css
20:15:45.259 [FXGL Background Thread 1 ] DEBUG FXGLAssetLoaderServi - Loading from file system: jar:file:/C:/Users/Morgan%20Johnson/.m2/repository/com/github/almasb/fxgl/17.2/fxgl-17.2.jar!/fxglassets/ui/css/fxgl_dark.css
20:15:45.300 [FXGL Background Thread 1 ] DEBUG GameApplicationServi - Initializing application scenes
20:15:45.335 [FXGL Background Thread 1 ] DEBUG GameWorld            - Game world initialized
20:15:45.396 [FXGL Background Thread 1 ] DEBUG PhysicsWorld         - Physics world initialized: appHeight=1080, physics.ppm=50.0
20:15:45.396 [FXGL Background Thread 1 ] DEBUG PhysicsWorld         - Using strategy: BRUTE_FORCE
20:15:45.400 [FXGL Background Thread 1 ] DEBUG GameScene            - Game scene initialized: 1920x1080
20:15:45.400 [FXGL Background Thread 1 ] DEBUG FXGLAssetLoaderServi - Loading from file system: file:/C:/Games/Schoolwork/Spring%2023/CS4900/DawnseekerWorkspace/CS4900G2Proj2/CS4900G2Proj2/Dawnseeker/target/classes/assets/music/shop.mp3
20:15:45.569 [FXGL Background Thread 1 ] DEBUG AudioPlayer          - Playing music com.almasb.fxgl.audio.Music@63542898
20:15:45.586 [FXGL Background Thread 1 ] DEBUG FXGLAssetLoaderServi - Loading from file system: file:/C:/Games/Schoolwork/Spring%2023/CS4900/DawnseekerWorkspace/CS4900G2Proj2/CS4900G2Proj2/Dawnseeker/target/classes/assets/textures/bg.png
20:15:45.675 [FXGL Background Thread 1 ] DEBUG FXGL.DefaultMenu     - createMenuBodyGameMenu()
20:15:45.690 [FXGL Background Thread 1 ] DEBUG FXGL.DefaultMenu     - createOptionsMenu()
20:15:45.696 [FXGL Background Thread 1 ] DEBUG FXGLAssetLoaderServi - Loading from file system: jar:file:/C:/Users/Morgan%20Johnson/.m2/repository/com/github/almasb/fxgl/17.2/fxgl-17.2.jar!/fxglassets/textures/particles/smoke.png
20:15:45.775 [FXGL Background Thread 1 ] DEBUG FXGLAssetLoaderServi - Loading from file system: jar:file:/C:/Users/Morgan%20Johnson/.m2/repository/com/github/almasb/fxgl/17.2/fxgl-17.2.jar!/fxglassets/textures/particles/trace_horizontal.png
20:15:45.791 [FXGL Background Thread 1 ] DEBUG GameApplicationServi - Application scenes initialized
20:15:45.805 [FXGL Background Thread 1 ] DEBUG SystemBundleService  - Loading FXGL system data
20:15:45.810 [FXGL Background Thread 1 ] DEBUG FileSystemAccess     - Reading from: C:\Games\Schoolwork\Spring 23\CS4900\DawnseekerWorkspace\CS4900G2Proj2\CS4900G2Proj2\Dawnseeker\system\fxgl.bundle
20:15:45.820 [FXGL Background Thread 1 ] DEBUG SystemBundleService  - Bundle FXGL: {}
20:15:45.820 [FXGL Background Thread 1 ] DEBUG UpdaterService       - Checking for updates
20:15:45.824 [FXGL Background Thread 4 ] DEBUG FXGLApplication      - Loading fonts
20:15:45.824 [FXGL Background Thread 4 ] DEBUG FXGLAssetLoaderServi - Loading from file system: jar:file:/C:/Users/Morgan%20Johnson/.m2/repository/com/github/almasb/fxgl/17.2/fxgl-17.2.jar!/fxglassets/ui/fonts/VarelaRound-Regular.ttf
20:15:45.824 [FXGL Background Thread 1 ] DEBUG FXGLApplication      - Loading default localization
20:15:45.825 [FXGL Background Thread 1 ] DEBUG FXGLAssetLoaderServi - Loading from file system: jar:file:/C:/Users/Morgan%20Johnson/.m2/repository/com/github/almasb/fxgl/17.2/fxgl-17.2.jar!/fxglassets/languages/english.lang
20:15:45.849 [FXGL Background Thread 1 ] INFO  FXGLApplication      - FXGL initialization took: 0.638 sec
20:15:45.856 [JavaFX Application Thread] DEBUG Input                - Registered new binding: action0 - LMB
20:15:45.862 [JavaFX Application Thread] DEBUG Input                - Registered new binding: Up - W
20:15:45.862 [JavaFX Application Thread] DEBUG Input                - Registered new binding: Down - S
20:15:45.863 [JavaFX Application Thread] DEBUG Input                - Registered new binding: Right - D
20:15:45.863 [JavaFX Application Thread] DEBUG Input                - Registered new binding: Left - A
20:15:45.863 [JavaFX Application Thread] DEBUG FXGLAssetLoaderServi - Loading from file system: jar:file:/C:/Users/Morgan%20Johnson/.m2/repository/com/github/almasb/fxgl/17.2/fxgl-17.2.jar!/fxglassets/textures/fxgl_icon.png
20:15:45.880 [JavaFX Application Thread] DEBUG FXGLAssetLoaderServi - Loading from file system: jar:file:/C:/Users/Morgan%20Johnson/.m2/repository/com/github/almasb/fxgl/17.2/fxgl-17.2.jar!/fxglassets/textures/fxgl_default_cursor.png
20:15:45.884 [JavaFX Application Thread] DEBUG Input                - Registered new binding: Screenshot - CTRL+8
20:15:45.885 [JavaFX Application Thread] DEBUG Input                - Registered new binding: System info dump - CTRL+9
20:15:45.886 [JavaFX Application Thread] DEBUG Input                - Registered new binding: Restart - CTRL+R
20:15:45.887 [JavaFX Application Thread] DEBUG Input                - Registered new binding: Toggle Debug Camera - CTRL+7
20:15:45.890 [JavaFX Application Thread] DEBUG LoopRunner           - Starting loop
20:15:45.890 [JavaFX Application Thread] DEBUG LoopRunner           - Initializing JavaFX AnimationTimerLoop
20:15:45.894 [JavaFX Application Thread] DEBUG Input                - Clearing active input actions
20:15:45.905 [JavaFX Application Thread] DEBUG GameApplicationServi - Removing overlay from FXGLStartupScene and adding to FXGLMainMenuDummyScene
20:15:45.906 [JavaFX Application Thread] DEBUG PrimaryStageWindow   - FXGLStartupScene -> FXGLMainMenuDummyScene
20:15:45.906 [JavaFX Application Thread] DEBUG PrimaryStageWindow   - Push state: DawnseekerMenu
20:15:45.906 [JavaFX Application Thread] DEBUG Input                - Clearing active input actions
20:15:45.914 [JavaFX Application Thread] DEBUG GameApplicationServi - Removing overlay from FXGLMainMenuDummyScene and adding to DawnseekerMenu
20:15:45.914 [JavaFX Application Thread] DEBUG PrimaryStageWindow   - FXGLMainMenuDummyScene -> DawnseekerMenu
20:15:45.929 [FXGL Background Thread 4 ] DEBUG FXGLAssetLoaderServi - Loading from file system: jar:file:/C:/Users/Morgan%20Johnson/.m2/repository/com/github/almasb/fxgl/17.2/fxgl-17.2.jar!/fxglassets/ui/fonts/Abel-Regular.ttf
20:15:45.934 [FXGL Background Thread 4 ] DEBUG FXGLAssetLoaderServi - Loading from file system: jar:file:/C:/Users/Morgan%20Johnson/.m2/repository/com/github/almasb/fxgl/17.2/fxgl-17.2.jar!/fxglassets/ui/fonts/TerminalLandMono-Regular.otf
20:15:45.939 [FXGL Background Thread 4 ] DEBUG FXGLAssetLoaderServi - Loading from file system: jar:file:/C:/Users/Morgan%20Johnson/.m2/repository/com/github/almasb/fxgl/17.2/fxgl-17.2.jar!/fxglassets/ui/fonts/Courier-Prime.ttf
20:15:45.948 [JavaFX Application Thread] DEBUG FXGLApplication      - Registering font factories with UI factory
20:15:46.322 [FXGL Background Thread 2 ] INFO  UpdaterService       - Your current version:  17.2
20:15:46.322 [FXGL Background Thread 2 ] INFO  UpdaterService       - Latest stable version: 17.3
20:15:47.138 [JavaFX Application Thread] DEBUG Menu                 - fireNewGame()
20:15:47.138 [JavaFX Application Thread] DEBUG GameApplicationServi - Starting new game
20:15:47.139 [JavaFX Application Thread] DEBUG PrimaryStageWindow   - Pop state: DawnseekerMenu
20:15:47.139 [JavaFX Application Thread] DEBUG Input                - Clearing active input actions
20:15:47.139 [JavaFX Application Thread] DEBUG GameApplicationServi - Removing overlay from DawnseekerMenu and adding to FXGLMainMenuDummyScene
20:15:47.139 [JavaFX Application Thread] DEBUG PrimaryStageWindow   - FXGLMainMenuDummyScene <- DawnseekerMenu
20:15:47.140 [JavaFX Application Thread] DEBUG Input                - Clearing active input actions
20:15:47.145 [JavaFX Application Thread] DEBUG GameApplicationServi - Removing overlay from FXGLMainMenuDummyScene and adding to FXGLLoadingScene
20:15:47.145 [JavaFX Application Thread] DEBUG PrimaryStageWindow   - FXGLMainMenuDummyScene -> FXGLLoadingScene
20:15:47.145 [JavaFX Application Thread] DEBUG GameApplicationServi - Clearing previous game
20:15:47.145 [JavaFX Application Thread] DEBUG GameScene            - Clearing game scene
20:15:47.145 [JavaFX Application Thread] DEBUG GameWorld            - Clearing game world
20:15:47.146 [JavaFX Application Thread] DEBUG PhysicsWorld         - Clearing physics world
20:15:47.147 [FXGL Background Thread 2 ] DEBUG FXGLApplication      - Initializing game
20:15:47.151 [FXGL Background Thread 2 ] DEBUG AudioPlayer          - Stopping music com.almasb.fxgl.audio.Music@63542898
20:15:47.152 [FXGL Background Thread 2 ] DEBUG FXGLAssetLoaderServi - Loading from file system: file:/C:/Games/Schoolwork/Spring%2023/CS4900/DawnseekerWorkspace/CS4900G2Proj2/CS4900G2Proj2/Dawnseeker/target/classes/assets/music/heartache.mp3
20:15:47.161 [FXGL Background Thread 2 ] DEBUG AudioPlayer          - Playing music com.almasb.fxgl.audio.Music@4fb4f2df
20:15:47.175 [FXGL Background Thread 2 ] DEBUG FXGLAssetLoaderServi - Loading from file system: file:/C:/Games/Schoolwork/Spring%2023/CS4900/DawnseekerWorkspace/CS4900G2Proj2/CS4900G2Proj2/Dawnseeker/target/classes/assets/textures/DawnseekerPCV2.png
20:15:47.179 [FXGL Background Thread 2 ] DEBUG FXGLAssetLoaderServi - Loading from file system: file:/C:/Games/Schoolwork/Spring%2023/CS4900/DawnseekerWorkspace/CS4900G2Proj2/CS4900G2Proj2/Dawnseeker/target/classes/assets/textures/DawnseekerPCV2Down.png
20:15:47.182 [FXGL Background Thread 2 ] DEBUG FXGLAssetLoaderServi - Loading from file system: file:/C:/Games/Schoolwork/Spring%2023/CS4900/DawnseekerWorkspace/CS4900G2Proj2/CS4900G2Proj2/Dawnseeker/target/classes/assets/textures/DawnseekerPCV2Up.png
20:15:47.184 [FXGL Background Thread 2 ] DEBUG FXGLAssetLoaderServi - Loading from file system: file:/C:/Games/Schoolwork/Spring%2023/CS4900/DawnseekerWorkspace/CS4900G2Proj2/CS4900G2Proj2/Dawnseeker/target/classes/assets/textures/DawnseekerPCV2Right.png
20:15:47.186 [FXGL Background Thread 2 ] DEBUG FXGLAssetLoaderServi - Loading from file system: file:/C:/Games/Schoolwork/Spring%2023/CS4900/DawnseekerWorkspace/CS4900G2Proj2/CS4900G2Proj2/Dawnseeker/target/classes/assets/textures/DawnseekerPCV2Left.png
20:15:47.201 [FXGL Background Thread 2 ] DEBUG FXGLAssetLoaderServi - Loading from file system: file:/C:/Games/Schoolwork/Spring%2023/CS4900/DawnseekerWorkspace/CS4900G2Proj2/CS4900G2Proj2/Dawnseeker/target/classes/assets/textures/BackGroung.png
20:15:47.234 [FXGL Background Thread 2 ] WARN  GameWorld            - Entity is already attached to world
20:15:47.234 [FXGL Background Thread 2 ] DEBUG FXGLAssetLoaderServi - Loading from file system: file:/C:/Games/Schoolwork/Spring%2023/CS4900/DawnseekerWorkspace/CS4900G2Proj2/CS4900G2Proj2/Dawnseeker/target/classes/assets/textures/Rock1.png
20:15:47.236 [FXGL Background Thread 2 ] WARN  Entity               - Entity already has component: com.almasb.fxgl.entity.components.CollidableComponent
20:15:47.236 [FXGL Background Thread 2 ] WARN  GameWorld            - Entity is already attached to world
20:15:47.237 [FXGL Background Thread 2 ] DEBUG FXGLAssetLoaderServi - Loading from file system: file:/C:/Games/Schoolwork/Spring%2023/CS4900/DawnseekerWorkspace/CS4900G2Proj2/CS4900G2Proj2/Dawnseeker/target/classes/assets/textures/Rock2.png
20:15:47.238 [FXGL Background Thread 2 ] WARN  Entity               - Entity already has component: com.almasb.fxgl.entity.components.CollidableComponent
20:15:47.239 [FXGL Background Thread 2 ] WARN  GameWorld            - Entity is already attached to world
20:15:47.239 [FXGL Background Thread 2 ] DEBUG FXGLAssetLoaderServi - Loading from file system: file:/C:/Games/Schoolwork/Spring%2023/CS4900/DawnseekerWorkspace/CS4900G2Proj2/CS4900G2Proj2/Dawnseeker/target/classes/assets/textures/BigRock1.png
20:15:47.241 [FXGL Background Thread 2 ] WARN  Entity               - Entity already has component: com.almasb.fxgl.entity.components.CollidableComponent
20:15:47.241 [FXGL Background Thread 2 ] WARN  GameWorld            - Entity is already attached to world
20:15:47.242 [FXGL Background Thread 2 ] WARN  GameWorld            - Entity is already attached to world
20:15:47.242 [FXGL Background Thread 2 ] WARN  GameWorld            - Entity is already attached to world
20:15:47.262 [FXGL Background Thread 2 ] INFO  FXGLApplication      - Game initialization took: 0.115 sec
20:15:47.262 [JavaFX Application Thread] DEBUG Input                - Clearing active input actions
20:15:47.271 [JavaFX Application Thread] DEBUG GameApplicationServi - Removing overlay from FXGLLoadingScene and adding to GameScene
20:15:47.271 [JavaFX Application Thread] DEBUG PrimaryStageWindow   - FXGLLoadingScene -> GameScene
20:15:47.889 [JavaFX Application Thread] DEBUG FXGLAssetLoaderServi - Loading from file system: file:/C:/Games/Schoolwork/Spring%2023/CS4900/DawnseekerWorkspace/CS4900G2Proj2/CS4900G2Proj2/Dawnseeker/target/classes/assets/sounds/magic_missile.wav
20:15:47.901 [JavaFX Application Thread] DEBUG FXGLAssetLoaderServi - Loading from file system: file:/C:/Games/Schoolwork/Spring%2023/CS4900/DawnseekerWorkspace/CS4900G2Proj2/CS4900G2Proj2/Dawnseeker/target/classes/assets/textures/Fireball.gif
20:15:48.138 [JavaFX Application Thread] DEBUG FXGLAssetLoaderServi - Loading from file system: file:/C:/Games/Schoolwork/Spring%2023/CS4900/DawnseekerWorkspace/CS4900G2Proj2/CS4900G2Proj2/Dawnseeker/target/classes/assets/textures/Skull.gif
20:15:48.142 [JavaFX Application Thread] DEBUG FXGLAssetLoaderServi - Loading from file system: file:/C:/Games/Schoolwork/Spring%2023/CS4900/DawnseekerWorkspace/CS4900G2Proj2/CS4900G2Proj2/Dawnseeker/target/classes/assets/textures/Ghost.gif
20:15:48.823 [FXGL Background Thread 3 ] DEBUG Engine               - Logging environment variables
20:15:48.823 [FXGL Background Thread 3 ] DEBUG Engine               - achievements: []
20:15:48.823 [FXGL Background Thread 3 ] DEBUG Engine               - actualHeight: 1080.0
20:15:48.823 [FXGL Background Thread 3 ] DEBUG Engine               - actualHeightProperty: ReadOnlyDoubleProperty [value: 1080.0]
20:15:48.823 [FXGL Background Thread 3 ] DEBUG Engine               - actualWidth: 1920.0
20:15:48.823 [FXGL Background Thread 3 ] DEBUG Engine               - actualWidthProperty: ReadOnlyDoubleProperty [value: 1920.0]
20:15:48.823 [FXGL Background Thread 3 ] DEBUG Engine               - appIcon: fxgl_icon.png
20:15:48.823 [FXGL Background Thread 3 ] DEBUG Engine               - applicationMode: DEVELOPER
20:15:48.823 [FXGL Background Thread 3 ] DEBUG Engine               - cSSList: [fxgl_dark.css]
20:15:48.823 [FXGL Background Thread 3 ] DEBUG Engine               - collisionDetectionStrategy: BRUTE_FORCE
20:15:48.823 [FXGL Background Thread 3 ] DEBUG Engine               - configClass: Optional.empty
20:15:48.823 [FXGL Background Thread 3 ] DEBUG Engine               - credits: []
20:15:48.824 [FXGL Background Thread 3 ] DEBUG Engine               - defaultCursor: CursorInfo(imageName=fxgl_default_cursor.png, hotspotX=7.0, hotspotY=6.0)
20:15:48.824 [FXGL Background Thread 3 ] DEBUG Engine               - devBBoxColorProperty: ObjectProperty [value: 0xff0000ff]
20:15:48.824 [FXGL Background Thread 3 ] DEBUG Engine               - devEnableDebugCameraProperty: BooleanProperty [value: false]
20:15:48.824 [FXGL Background Thread 3 ] DEBUG Engine               - devSensorColorProperty: ObjectProperty [value: 0xffff00ff]
20:15:48.824 [FXGL Background Thread 3 ] DEBUG Engine               - devShowBBoxProperty: BooleanProperty [value: false]
20:15:48.824 [FXGL Background Thread 3 ] DEBUG Engine               - devShowPositionProperty: BooleanProperty [value: false]
20:15:48.824 [FXGL Background Thread 3 ] DEBUG Engine               - enabledMenuItems: []
20:15:48.824 [FXGL Background Thread 3 ] DEBUG Engine               - engineServices: [class com.almasb.fxgl.app.services.FXGLAssetLoaderService, class com.almasb.fxgl.app.FXGLApplication$GameApplicationService, class com.almasb.fxgl.app.services.FXGLDialogService, class com.almasb.fxgl.app.services.IOTaskExecutorService, class com.almasb.fxgl.io.FileSystemService, class com.almasb.fxgl.localization.LocalizationService, class com.almasb.fxgl.app.services.SystemBundleService, class com.almasb.fxgl.profile.SaveLoadService, class com.almasb.fxgl.ui.FXGLUIFactoryServiceProvider, class com.almasb.fxgl.ui.FXGLDialogFactoryServiceProvider, class com.almasb.fxgl.audio.AudioPlayer, class com.almasb.fxgl.notification.impl.NotificationServiceProvider, class com.almasb.fxgl.achievement.AchievementService, class com.almasb.fxgl.cutscene.CutsceneService, class com.almasb.fxgl.minigames.MiniGameService, class com.almasb.fxgl.net.NetService, class com.almasb.fxgl.app.services.UpdaterService, class com.almasb.fxgl.dev.DevService]
20:15:48.824 [FXGL Background Thread 3 ] DEBUG Engine               - fontGame: Abel-Regular.ttf
20:15:48.824 [FXGL Background Thread 3 ] DEBUG Engine               - fontMono: TerminalLandMono-Regular.otf
20:15:48.824 [FXGL Background Thread 3 ] DEBUG Engine               - fontText: Courier-Prime.ttf
20:15:48.824 [FXGL Background Thread 3 ] DEBUG Engine               - fontUI: VarelaRound-Regular.ttf
20:15:48.825 [FXGL Background Thread 3 ] DEBUG Engine               - fullScreen: BooleanProperty [value: false]
20:15:48.825 [FXGL Background Thread 3 ] DEBUG Engine               - gameDifficulty: MEDIUM
20:15:48.825 [FXGL Background Thread 3 ] DEBUG Engine               - gameDifficultyProperty: ObjectProperty [value: MEDIUM]
20:15:48.825 [FXGL Background Thread 3 ] DEBUG Engine               - globalMusicVolume: 0.5
20:15:48.825 [FXGL Background Thread 3 ] DEBUG Engine               - globalMusicVolumeProperty: DoubleProperty [value: 0.5]
20:15:48.825 [FXGL Background Thread 3 ] DEBUG Engine               - globalSoundVolume: 0.5
20:15:48.825 [FXGL Background Thread 3 ] DEBUG Engine               - globalSoundVolumeProperty: DoubleProperty [value: 0.5]
20:15:48.825 [FXGL Background Thread 3 ] DEBUG Engine               - height: 1080
20:15:48.825 [FXGL Background Thread 3 ] DEBUG Engine               - is3D: false
20:15:48.825 [FXGL Background Thread 3 ] DEBUG Engine               - isAndroid: false
20:15:48.825 [FXGL Background Thread 3 ] DEBUG Engine               - isBrowser: false
20:15:48.825 [FXGL Background Thread 3 ] DEBUG Engine               - isClickFeedbackEnabled: false
20:15:48.825 [FXGL Background Thread 3 ] DEBUG Engine               - isCloseConfirmation: false
20:15:48.825 [FXGL Background Thread 3 ] DEBUG Engine               - isDesktop: true
20:15:48.825 [FXGL Background Thread 3 ] DEBUG Engine               - isDeveloperMenuEnabled: false
20:15:48.825 [FXGL Background Thread 3 ] DEBUG Engine               - isEmbedded: false
20:15:48.825 [FXGL Background Thread 3 ] DEBUG Engine               - isEntityPreloadEnabled: true
20:15:48.825 [FXGL Background Thread 3 ] DEBUG Engine               - isExperimentalTiledLargeMap: false
20:15:48.825 [FXGL Background Thread 3 ] DEBUG Engine               - isFileSystemWriteAllowed: true
20:15:48.825 [FXGL Background Thread 3 ] DEBUG Engine               - isFullScreenAllowed: false
20:15:48.825 [FXGL Background Thread 3 ] DEBUG Engine               - isFullScreenFromStart: false
20:15:48.825 [FXGL Background Thread 3 ] DEBUG Engine               - isGameMenuEnabled: true
20:15:48.825 [FXGL Background Thread 3 ] DEBUG Engine               - isIOS: false
20:15:48.825 [FXGL Background Thread 3 ] DEBUG Engine               - isIntroEnabled: false
20:15:48.825 [FXGL Background Thread 3 ] DEBUG Engine               - isLinux: false
20:15:48.825 [FXGL Background Thread 3 ] DEBUG Engine               - isMac: false
20:15:48.825 [FXGL Background Thread 3 ] DEBUG Engine               - isMainMenuEnabled: true
20:15:48.825 [FXGL Background Thread 3 ] DEBUG Engine               - isManualResizeEnabled: false
20:15:48.825 [FXGL Background Thread 3 ] DEBUG Engine               - isMobile: false
20:15:48.826 [FXGL Background Thread 3 ] DEBUG Engine               - isNative: false
20:15:48.826 [FXGL Background Thread 3 ] DEBUG Engine               - isPauseMusicWhenMinimized: true
20:15:48.826 [FXGL Background Thread 3 ] DEBUG Engine               - isPreserveResizeRatio: false
20:15:48.826 [FXGL Background Thread 3 ] DEBUG Engine               - isProfilingEnabled: false
20:15:48.826 [FXGL Background Thread 3 ] DEBUG Engine               - isScaleAffectedOnResize: true
20:15:48.826 [FXGL Background Thread 3 ] DEBUG Engine               - isSingleStep: false
20:15:48.826 [FXGL Background Thread 3 ] DEBUG Engine               - isUserProfileEnabled: false
20:15:48.826 [FXGL Background Thread 3 ] DEBUG Engine               - isWindows: true
20:15:48.826 [FXGL Background Thread 3 ] DEBUG Engine               - language: ObjectProperty [value: ENGLISH]
20:15:48.826 [FXGL Background Thread 3 ] DEBUG Engine               - menuKey: ESCAPE
20:15:48.826 [FXGL Background Thread 3 ] DEBUG Engine               - mouseSensitivity: 0.2
20:15:48.826 [FXGL Background Thread 3 ] DEBUG Engine               - notificationViewClass: class com.almasb.fxgl.notification.view.XboxNotificationView
20:15:48.826 [FXGL Background Thread 3 ] DEBUG Engine               - pixelsPerMeter: 50.0
20:15:48.826 [FXGL Background Thread 3 ] DEBUG Engine               - platform: WINDOWS
20:15:48.826 [FXGL Background Thread 3 ] DEBUG Engine               - prefHeightProperty: ReadOnlyDoubleProperty [value: 1080.0]
20:15:48.826 [FXGL Background Thread 3 ] DEBUG Engine               - prefWidthProperty: ReadOnlyDoubleProperty [value: 1920.0]
20:15:48.826 [FXGL Background Thread 3 ] DEBUG Engine               - profileDir: profiles/
20:15:48.826 [FXGL Background Thread 3 ] DEBUG Engine               - profileName: StringProperty [value: DEFAULT]
20:15:48.826 [FXGL Background Thread 3 ] DEBUG Engine               - randomSeed: -1
20:15:48.826 [FXGL Background Thread 3 ] DEBUG Engine               - runtimeInfo: RuntimeInfo(platform=WINDOWS, version=17.2, build=20.08.2022 16.50)
20:15:48.826 [FXGL Background Thread 3 ] DEBUG Engine               - saveFileExt: sav
20:15:48.827 [FXGL Background Thread 3 ] DEBUG Engine               - scaledHeightProp$fxgl: DoubleProperty [bound, value: 1080.0]
20:15:48.827 [FXGL Background Thread 3 ] DEBUG Engine               - scaledWidthProp$fxgl: DoubleProperty [bound, value: 1920.0]
20:15:48.827 [FXGL Background Thread 3 ] DEBUG Engine               - sceneFactory: myGame.DawnseekerApp$1@b8787c1
20:15:48.827 [FXGL Background Thread 3 ] DEBUG Engine               - secondsIn24h: 60
20:15:48.827 [FXGL Background Thread 3 ] DEBUG Engine               - soundMenuBack: menu/back.wav
20:15:48.827 [FXGL Background Thread 3 ] DEBUG Engine               - soundMenuPress: menu/press.wav
20:15:48.827 [FXGL Background Thread 3 ] DEBUG Engine               - soundMenuSelect: menu/select.wav
20:15:48.827 [FXGL Background Thread 3 ] DEBUG Engine               - soundNotification: core/notification.wav
20:15:48.827 [FXGL Background Thread 3 ] DEBUG Engine               - stageStyle: DECORATED
20:15:48.827 [FXGL Background Thread 3 ] DEBUG Engine               - supportedLanguages: [ENGLISH, FRENCH, GERMAN, HUNGARIAN, RUSSIAN]
20:15:48.827 [FXGL Background Thread 3 ] DEBUG Engine               - ticksPerSecond: -1
20:15:48.827 [FXGL Background Thread 3 ] DEBUG Engine               - title: Dawnseeker
20:15:48.827 [FXGL Background Thread 3 ] DEBUG Engine               - urlGithub: https://github.com/AlmasB/FXGL
20:15:48.827 [FXGL Background Thread 3 ] DEBUG Engine               - urlLeaderboard: http://fxgl-top.herokuapp.com/
20:15:48.827 [FXGL Background Thread 3 ] DEBUG Engine               - urlPOM: https://raw.githubusercontent.com/AlmasB/FXGL/release/README.md
20:15:48.827 [FXGL Background Thread 3 ] DEBUG Engine               - userAppClass: class myGame.DawnseekerApp
20:15:48.827 [FXGL Background Thread 3 ] DEBUG Engine               - version: 0.4
20:15:48.827 [FXGL Background Thread 3 ] DEBUG Engine               - versionCheckDays: 7
20:15:48.827 [FXGL Background Thread 3 ] DEBUG Engine               - width: 1920
20:15:48.827 [FXGL Background Thread 3 ] DEBUG Engine               - Logging services
20:15:48.827 [FXGL Background Thread 3 ] DEBUG Engine               - class com.almasb.fxgl.app.services.FXGLAssetLoaderService
20:15:48.827 [FXGL Background Thread 3 ] DEBUG Engine               - class com.almasb.fxgl.app.FXGLApplication$GameApplicationService
20:15:48.827 [FXGL Background Thread 3 ] DEBUG Engine               - class com.almasb.fxgl.app.services.FXGLDialogService
20:15:48.827 [FXGL Background Thread 3 ] DEBUG Engine               - class com.almasb.fxgl.app.services.IOTaskExecutorService
20:15:48.827 [FXGL Background Thread 3 ] DEBUG Engine               - class com.almasb.fxgl.io.FileSystemService
20:15:48.827 [FXGL Background Thread 3 ] DEBUG Engine               - class com.almasb.fxgl.localization.LocalizationService
20:15:48.827 [FXGL Background Thread 3 ] DEBUG Engine               - class com.almasb.fxgl.app.services.SystemBundleService
20:15:48.827 [FXGL Background Thread 3 ] DEBUG Engine               - class com.almasb.fxgl.profile.SaveLoadService
20:15:48.827 [FXGL Background Thread 3 ] DEBUG Engine               - class com.almasb.fxgl.ui.FXGLUIFactoryServiceProvider
20:15:48.827 [FXGL Background Thread 3 ] DEBUG Engine               - class com.almasb.fxgl.ui.FXGLDialogFactoryServiceProvider
20:15:48.827 [FXGL Background Thread 3 ] DEBUG Engine               - class com.almasb.fxgl.audio.AudioPlayer
20:15:48.827 [FXGL Background Thread 3 ] DEBUG Engine               - class com.almasb.fxgl.notification.impl.NotificationServiceProvider
20:15:48.828 [FXGL Background Thread 3 ] DEBUG Engine               - class com.almasb.fxgl.achievement.AchievementService
20:15:48.828 [FXGL Background Thread 3 ] DEBUG Engine               - class com.almasb.fxgl.cutscene.CutsceneService
20:15:48.828 [FXGL Background Thread 3 ] DEBUG Engine               - class com.almasb.fxgl.minigames.MiniGameService
20:15:48.828 [FXGL Background Thread 3 ] DEBUG Engine               - class com.almasb.fxgl.net.NetService
20:15:48.828 [FXGL Background Thread 3 ] DEBUG Engine               - class com.almasb.fxgl.app.services.UpdaterService
20:15:48.828 [FXGL Background Thread 3 ] DEBUG Engine               - class com.almasb.fxgl.dev.DevService
20:15:50.137 [JavaFX Application Thread] WARN  GameWorld            - Attempted to remove entity which is not active
20:15:50.138 [JavaFX Application Thread] DEBUG FXGLAssetLoaderServi - Loading from file system: file:/C:/Games/Schoolwork/Spring%2023/CS4900/DawnseekerWorkspace/CS4900G2Proj2/CS4900G2Proj2/Dawnseeker/target/classes/assets/textures/Coin.gif
20:15:50.140 [JavaFX Application Thread] DEBUG FXGLAssetLoaderServi - Loading from file system: file:/C:/Games/Schoolwork/Spring%2023/CS4900/DawnseekerWorkspace/CS4900G2Proj2/CS4900G2Proj2/Dawnseeker/target/classes/assets/sounds/bong.wav
20:15:50.906 [JavaFX Application Thread] WARN  GameWorld            - Attempted to remove entity which is not active
20:15:51.657 [JavaFX Application Thread] WARN  GameWorld            - Attempted to remove entity which is not active
20:15:51.845 [JavaFX Application Thread] WARN  GameWorld            - Attempted to remove entity which is not active
20:15:54.329 [JavaFX Application Thread] WARN  GameWorld            - Attempted to remove entity which is not active
20:15:55.561 [JavaFX Application Thread] WARN  GameWorld            - Attempted to remove entity which is not active
20:15:55.865 [JavaFX Application Thread] WARN  GameWorld            - Attempted to remove entity which is not active
20:15:56.087 [JavaFX Application Thread] WARN  GameWorld            - Attempted to remove entity which is not active
20:15:56.088 [JavaFX Application Thread] DEBUG FXGLAssetLoaderServi - Loading from file system: file:/C:/Games/Schoolwork/Spring%2023/CS4900/DawnseekerWorkspace/CS4900G2Proj2/CS4900G2Proj2/Dawnseeker/target/classes/assets/textures/SpeedPotion.gif
20:15:56.506 [JavaFX Application Thread] DEBUG FXGLAssetLoaderServi - Loading from file system: file:/C:/Games/Schoolwork/Spring%2023/CS4900/DawnseekerWorkspace/CS4900G2Proj2/CS4900G2Proj2/Dawnseeker/target/classes/assets/sounds/coin_pickup.wav
20:15:57.835 [JavaFX Application Thread] WARN  GameWorld            - Attempted to remove entity which is not active
20:15:58.794 [JavaFX Application Thread] WARN  GameWorld            - Attempted to remove entity which is not active
20:15:59.914 [JavaFX Application Thread] WARN  GameWorld            - Attempted to remove entity which is not active
20:16:00.058 [JavaFX Application Thread] WARN  GameWorld            - Attempted to remove entity which is not active
20:16:00.059 [JavaFX Application Thread] DEBUG FXGLAssetLoaderServi - Loading from file system: file:/C:/Games/Schoolwork/Spring%2023/CS4900/DawnseekerWorkspace/CS4900G2Proj2/CS4900G2Proj2/Dawnseeker/target/classes/assets/textures/PowerPotion.gif
20:16:00.248 [JavaFX Application Thread] WARN  GameWorld            - Attempted to remove entity which is not active
20:16:00.424 [JavaFX Application Thread] WARN  GameWorld            - Attempted to remove entity which is not active
20:16:00.570 [JavaFX Application Thread] WARN  GameWorld            - Attempted to remove entity which is not active
20:16:00.906 [JavaFX Application Thread] WARN  GameWorld            - Attempted to remove entity which is not active
20:16:01.129 [JavaFX Application Thread] WARN  GameWorld            - Attempted to remove entity which is not active
20:16:01.273 [JavaFX Application Thread] WARN  GameWorld            - Attempted to remove entity which is not active
20:16:02.663 [JavaFX Application Thread] DEBUG FXGLAssetLoaderServi - Loading from file system: file:/C:/Games/Schoolwork/Spring%2023/CS4900/DawnseekerWorkspace/CS4900G2Proj2/CS4900G2Proj2/Dawnseeker/target/classes/assets/sounds/player_oof.wav
20:16:04.409 [JavaFX Application Thread] WARN  GameWorld            - Attempted to remove entity which is not active
20:16:06.202 [JavaFX Application Thread] DEBUG FXGLAssetLoaderServi - Loading from file system: file:/C:/Games/Schoolwork/Spring%2023/CS4900/DawnseekerWorkspace/CS4900G2Proj2/CS4900G2Proj2/Dawnseeker/target/classes/assets/sounds/yoda_death.wav
20:16:06.213 [JavaFX Application Thread] DEBUG AudioPlayer          - Stopping music com.almasb.fxgl.audio.Music@63542898
20:16:06.214 [JavaFX Application Thread] DEBUG AudioPlayer          - Stopping music com.almasb.fxgl.audio.Music@4fb4f2df
20:16:06.256 [JavaFX Application Thread] DEBUG Input                - Clearing active input actions
20:16:06.260 [JavaFX Application Thread] DEBUG GameApplicationServi - Removing overlay from GameScene and adding to FXGLMainMenuDummyScene
20:16:06.260 [JavaFX Application Thread] DEBUG PrimaryStageWindow   - GameScene -> FXGLMainMenuDummyScene
20:16:06.260 [JavaFX Application Thread] DEBUG PrimaryStageWindow   - Push state: DawnseekerMenu
20:16:06.260 [JavaFX Application Thread] DEBUG Input                - Clearing active input actions
20:16:06.261 [JavaFX Application Thread] DEBUG GameApplicationServi - Removing overlay from FXGLMainMenuDummyScene and adding to DawnseekerMenu
20:16:06.261 [JavaFX Application Thread] DEBUG PrimaryStageWindow   - FXGLMainMenuDummyScene -> DawnseekerMenu
20:16:06.261 [JavaFX Application Thread] DEBUG AudioPlayer          - Playing music com.almasb.fxgl.audio.Music@63542898
20:16:07.482 [JavaFX Application Thread] DEBUG Menu                 - fireExit()
20:16:07.484 [JavaFX Application Thread] DEBUG PrimaryStageWindow   - Push state: DialogSubScene
20:16:07.484 [JavaFX Application Thread] DEBUG Input                - Clearing active input actions
20:16:07.484 [JavaFX Application Thread] DEBUG GameApplicationServi - Removing overlay from DawnseekerMenu and adding to DialogSubScene
20:16:07.484 [JavaFX Application Thread] DEBUG PrimaryStageWindow   - DawnseekerMenu -> DialogSubScene
20:16:08.859 [JavaFX Application Thread] DEBUG PrimaryStageWindow   - Pop state: DialogSubScene
20:16:08.859 [JavaFX Application Thread] DEBUG Input                - Clearing active input actions
20:16:08.859 [JavaFX Application Thread] DEBUG GameApplicationServi - Removing overlay from DialogSubScene and adding to DawnseekerMenu
20:16:08.859 [JavaFX Application Thread] DEBUG PrimaryStageWindow   - DawnseekerMenu <- DialogSubScene
20:16:08.859 [JavaFX Application Thread] DEBUG FXGLApplication      - Exiting FXGL
20:16:08.859 [JavaFX Application Thread] DEBUG LoopRunner           - Stopping loop
20:16:08.859 [JavaFX Application Thread] DEBUG SystemBundleService  - Saving FXGL system data
20:16:08.861 [JavaFX Application Thread] DEBUG FileSystemAccess     - Writing to: C:\Games\Schoolwork\Spring 23\CS4900\DawnseekerWorkspace\CS4900G2Proj2\CS4900G2Proj2\Dawnseeker\system\fxgl.bundle
20:16:08.863 [JavaFX Application Thread] DEBUG Async                - Shutting down background threads
20:16:08.863 [JavaFX Application Thread] DEBUG PrimaryStageWindow   - Closing main window
20:16:08.877 [JavaFX Application Thread] DEBUG Logger               - Closing Logger
