13:14:03.345 [main                     ] DEBUG Logger               - Configured Logger
13:14:03.371 [main                     ] DEBUG GameApplication      - Logging settings
Title: Dawnseeker
Version: 0.1
Width: 1024
Height: 1024
Fullscreen: false
Intro: false
Profiling: false
Single step:false
App Mode: DEVELOPER
Menu Key: ESCAPE
Stage Style: DECORATED
Scene Factory: class com.almasb.fxgl.app.scene.SceneFactory

13:14:03.915 [JavaFX Application Thread] DEBUG FXGLApplication      - Initializing FXGL
13:14:03.919 [JavaFX Application Thread] INFO  Engine               - FXGL-17.2 (20.08.2022 16.50) on WINDOWS (J:19 FX:18)
13:14:03.919 [JavaFX Application Thread] DEBUG Engine               - JRE Vendor Name: Eclipse Adoptium
13:14:03.919 [JavaFX Application Thread] DEBUG Engine               - Running on OS: Windows 10 version 10.0
13:14:03.919 [JavaFX Application Thread] DEBUG Engine               - Architecture: amd64
13:14:03.919 [JavaFX Application Thread] INFO  Engine               - Source code and latest versions at: https://github.com/AlmasB/FXGL
13:14:03.919 [JavaFX Application Thread] INFO  Engine               -       Ask questions and discuss at: https://github.com/AlmasB/FXGL/discussions
13:14:03.919 [JavaFX Application Thread] INFO  Engine               -              Join the FXGL chat at: https://gitter.im/AlmasB/FXGL
13:14:04.018 [JavaFX Application Thread] DEBUG PrimaryStageWindow   - Creating a JavaFX scene
13:14:04.094 [JavaFX Application Thread] DEBUG PrimaryStageWindow   - Target settings size: 1024.0 x 1024.0
13:14:04.094 [JavaFX Application Thread] DEBUG PrimaryStageWindow   - Scaled scene size:    1024.0 x 1024.0
13:14:04.094 [JavaFX Application Thread] DEBUG PrimaryStageWindow   - Scaled ratio: (1.0, 1.0)
13:14:04.095 [JavaFX Application Thread] DEBUG PrimaryStageWindow   - Set initial scene to FXGLStartupScene
13:14:04.103 [JavaFX Application Thread] DEBUG PrimaryStageWindow   - Opening main window
13:14:04.370 [JavaFX Application Thread] DEBUG PrimaryStageWindow   - Window border size: (16.0, 39.0)
13:14:04.370 [JavaFX Application Thread] DEBUG PrimaryStageWindow   - Scaled size: 1024.0 x 1024.0
13:14:04.370 [JavaFX Application Thread] DEBUG PrimaryStageWindow   - Scaled ratio: (1.0, 1.0)
13:14:04.370 [JavaFX Application Thread] DEBUG PrimaryStageWindow   - Scene size: 1024.0 x 1024.0
13:14:04.371 [JavaFX Application Thread] DEBUG PrimaryStageWindow   - Stage size: 1040.0 x 1063.0
13:14:04.378 [FXGL Background Thread 1 ] DEBUG Engine               - Initializing environment variables
13:14:04.438 [FXGL Background Thread 1 ] DEBUG FXGLAssetLoaderServi - User app class for loading assets: class myGame.DawnseekerApp
13:14:04.438 [FXGL Background Thread 1 ] DEBUG GameApplicationServi - Applying CSS: fxgl_dark.css
13:14:04.439 [FXGL Background Thread 1 ] DEBUG FXGLAssetLoaderServi - Loading from file system: jar:file:/C:/Users/User/.m2/repository/com/github/almasb/fxgl/17.2/fxgl-17.2.jar!/fxglassets/ui/css/fxgl_dark.css
13:14:04.485 [FXGL Background Thread 1 ] DEBUG GameApplicationServi - Initializing application scenes
13:14:04.533 [FXGL Background Thread 1 ] DEBUG GameWorld            - Game world initialized
13:14:04.604 [FXGL Background Thread 1 ] DEBUG PhysicsWorld         - Physics world initialized: appHeight=1024, physics.ppm=50.0
13:14:04.605 [FXGL Background Thread 1 ] DEBUG PhysicsWorld         - Using strategy: BRUTE_FORCE
13:14:04.609 [FXGL Background Thread 1 ] DEBUG GameScene            - Game scene initialized: 1024x1024
13:14:04.624 [FXGL Background Thread 1 ] DEBUG FXGL.DefaultMenu     - createMenuBodyMainMenu()
13:14:04.640 [FXGL Background Thread 1 ] DEBUG FXGL.DefaultMenu     - createOptionsMenu()
13:14:04.652 [FXGL Background Thread 1 ] DEBUG FXGLAssetLoaderServi - Loading from file system: jar:file:/C:/Users/User/.m2/repository/com/github/almasb/fxgl/17.2/fxgl-17.2.jar!/fxglassets/textures/particles/smoke.png
13:14:04.756 [FXGL Background Thread 1 ] DEBUG FXGLAssetLoaderServi - Loading from file system: jar:file:/C:/Users/User/.m2/repository/com/github/almasb/fxgl/17.2/fxgl-17.2.jar!/fxglassets/textures/particles/trace_horizontal.png
13:14:04.788 [FXGL Background Thread 1 ] DEBUG FXGL.DefaultMenu     - createMenuBodyGameMenu()
13:14:04.788 [FXGL Background Thread 1 ] DEBUG FXGL.DefaultMenu     - createOptionsMenu()
13:14:04.798 [FXGL Background Thread 1 ] DEBUG GameApplicationServi - Application scenes initialized
13:14:04.809 [FXGL Background Thread 1 ] DEBUG SystemBundleService  - Loading FXGL system data
13:14:04.813 [FXGL Background Thread 1 ] DEBUG FileSystemAccess     - Reading from: C:\Users\User\Desktop\Spring2023\CS4900G2Proj2\Dawnseeker\system\fxgl.bundle
13:14:04.822 [FXGL Background Thread 1 ] DEBUG SystemBundleService  - Bundle FXGL: {}
13:14:04.822 [FXGL Background Thread 1 ] DEBUG UpdaterService       - Checking for updates
13:14:04.825 [FXGL Background Thread 4 ] DEBUG FXGLApplication      - Loading fonts
13:14:04.826 [FXGL Background Thread 4 ] DEBUG FXGLAssetLoaderServi - Loading from file system: jar:file:/C:/Users/User/.m2/repository/com/github/almasb/fxgl/17.2/fxgl-17.2.jar!/fxglassets/ui/fonts/VarelaRound-Regular.ttf
13:14:04.826 [FXGL Background Thread 1 ] DEBUG FXGLApplication      - Loading default localization
13:14:04.827 [FXGL Background Thread 1 ] DEBUG FXGLAssetLoaderServi - Loading from file system: jar:file:/C:/Users/User/.m2/repository/com/github/almasb/fxgl/17.2/fxgl-17.2.jar!/fxglassets/languages/english.lang
13:14:04.860 [FXGL Background Thread 1 ] INFO  FXGLApplication      - FXGL initialization took: 0.483 sec
13:14:04.882 [JavaFX Application Thread] DEBUG Input                - Registered new binding: action0 - W
13:14:04.882 [JavaFX Application Thread] DEBUG Input                - Registered new binding: action1 - S
13:14:04.883 [JavaFX Application Thread] DEBUG Input                - Registered new binding: action2 - A
13:14:04.883 [JavaFX Application Thread] DEBUG Input                - Registered new binding: action3 - D
13:14:04.885 [JavaFX Application Thread] DEBUG Input                - Registered new binding: action4 - LMB
13:14:04.885 [JavaFX Application Thread] DEBUG FXGLAssetLoaderServi - Loading from file system: jar:file:/C:/Users/User/.m2/repository/com/github/almasb/fxgl/17.2/fxgl-17.2.jar!/fxglassets/textures/fxgl_icon.png
13:14:04.913 [JavaFX Application Thread] DEBUG FXGLAssetLoaderServi - Loading from file system: jar:file:/C:/Users/User/.m2/repository/com/github/almasb/fxgl/17.2/fxgl-17.2.jar!/fxglassets/textures/fxgl_default_cursor.png
13:14:04.916 [JavaFX Application Thread] DEBUG Input                - Registered new binding: Screenshot - CTRL+8
13:14:04.916 [JavaFX Application Thread] DEBUG Input                - Registered new binding: System info dump - CTRL+9
13:14:04.917 [JavaFX Application Thread] DEBUG Input                - Registered new binding: Restart - CTRL+R
13:14:04.918 [JavaFX Application Thread] DEBUG Input                - Registered new binding: Toggle Debug Camera - CTRL+7
13:14:04.920 [JavaFX Application Thread] DEBUG LoopRunner           - Starting loop
13:14:04.920 [JavaFX Application Thread] DEBUG LoopRunner           - Initializing JavaFX AnimationTimerLoop
13:14:04.924 [JavaFX Application Thread] DEBUG Input                - Clearing active input actions
13:14:04.933 [JavaFX Application Thread] DEBUG GameApplicationServi - Removing overlay from FXGLStartupScene and adding to FXGLMainMenuDummyScene
13:14:04.933 [JavaFX Application Thread] DEBUG PrimaryStageWindow   - FXGLStartupScene -> FXGLMainMenuDummyScene
13:14:04.933 [JavaFX Application Thread] DEBUG PrimaryStageWindow   - Push state: FXGLDefaultMenu
13:14:04.939 [JavaFX Application Thread] DEBUG Input                - Clearing active input actions
13:14:04.952 [JavaFX Application Thread] DEBUG GameApplicationServi - Removing overlay from FXGLMainMenuDummyScene and adding to FXGLDefaultMenu
13:14:04.953 [JavaFX Application Thread] DEBUG PrimaryStageWindow   - FXGLMainMenuDummyScene -> FXGLDefaultMenu
13:14:04.990 [FXGL Background Thread 4 ] DEBUG FXGLAssetLoaderServi - Loading from file system: jar:file:/C:/Users/User/.m2/repository/com/github/almasb/fxgl/17.2/fxgl-17.2.jar!/fxglassets/ui/fonts/Abel-Regular.ttf
13:14:04.993 [FXGL Background Thread 4 ] DEBUG FXGLAssetLoaderServi - Loading from file system: jar:file:/C:/Users/User/.m2/repository/com/github/almasb/fxgl/17.2/fxgl-17.2.jar!/fxglassets/ui/fonts/TerminalLandMono-Regular.otf
13:14:04.996 [FXGL Background Thread 4 ] DEBUG FXGLAssetLoaderServi - Loading from file system: jar:file:/C:/Users/User/.m2/repository/com/github/almasb/fxgl/17.2/fxgl-17.2.jar!/fxglassets/ui/fonts/Courier-Prime.ttf
13:14:05.033 [JavaFX Application Thread] DEBUG FXGLApplication      - Registering font factories with UI factory
13:14:06.163 [JavaFX Application Thread] DEBUG Menu                 - fireNewGame()
13:14:06.163 [JavaFX Application Thread] DEBUG GameApplicationServi - Starting new game
13:14:06.166 [JavaFX Application Thread] DEBUG PrimaryStageWindow   - Pop state: FXGLDefaultMenu
13:14:06.166 [JavaFX Application Thread] DEBUG Input                - Clearing active input actions
13:14:06.167 [JavaFX Application Thread] DEBUG GameApplicationServi - Removing overlay from FXGLDefaultMenu and adding to FXGLMainMenuDummyScene
13:14:06.167 [JavaFX Application Thread] DEBUG PrimaryStageWindow   - FXGLMainMenuDummyScene <- FXGLDefaultMenu
13:14:06.167 [JavaFX Application Thread] DEBUG Input                - Clearing active input actions
13:14:06.175 [JavaFX Application Thread] DEBUG GameApplicationServi - Removing overlay from FXGLMainMenuDummyScene and adding to FXGLLoadingScene
13:14:06.175 [JavaFX Application Thread] DEBUG PrimaryStageWindow   - FXGLMainMenuDummyScene -> FXGLLoadingScene
13:14:06.175 [JavaFX Application Thread] DEBUG GameApplicationServi - Clearing previous game
13:14:06.176 [JavaFX Application Thread] DEBUG GameScene            - Clearing game scene
13:14:06.176 [JavaFX Application Thread] DEBUG GameWorld            - Clearing game world
13:14:06.176 [JavaFX Application Thread] DEBUG PhysicsWorld         - Clearing physics world
13:14:06.177 [FXGL Background Thread 2 ] DEBUG FXGLApplication      - Initializing game
13:14:06.205 [FXGL Background Thread 2 ] WARN  GameWorld            - Entity is already attached to world
13:14:06.207 [FXGL Background Thread 2 ] WARN  Entity               - Entity already has component: com.almasb.fxgl.entity.components.CollidableComponent
13:14:06.207 [FXGL Background Thread 2 ] WARN  GameWorld            - Entity is already attached to world
13:14:06.208 [FXGL Background Thread 2 ] WARN  Entity               - Entity already has component: com.almasb.fxgl.entity.components.CollidableComponent
13:14:06.208 [FXGL Background Thread 2 ] WARN  GameWorld            - Entity is already attached to world
13:14:06.209 [FXGL Background Thread 2 ] WARN  Entity               - Entity already has component: com.almasb.fxgl.entity.components.CollidableComponent
13:14:06.210 [FXGL Background Thread 2 ] WARN  GameWorld            - Entity is already attached to world
13:14:06.211 [FXGL Background Thread 2 ] WARN  Entity               - Entity already has component: com.almasb.fxgl.entity.components.CollidableComponent
13:14:06.211 [FXGL Background Thread 2 ] WARN  GameWorld            - Entity is already attached to world
13:14:06.231 [FXGL Background Thread 2 ] INFO  FXGLApplication      - Game initialization took: 0.053 sec
13:14:06.232 [JavaFX Application Thread] DEBUG Input                - Clearing active input actions
13:14:06.238 [JavaFX Application Thread] DEBUG GameApplicationServi - Removing overlay from FXGLLoadingScene and adding to GameScene
13:14:06.239 [JavaFX Application Thread] DEBUG PrimaryStageWindow   - FXGLLoadingScene -> GameScene
13:14:07.825 [FXGL Background Thread 3 ] DEBUG Engine               - Logging environment variables
13:14:07.825 [FXGL Background Thread 3 ] DEBUG Engine               - achievements: []
13:14:07.826 [FXGL Background Thread 3 ] DEBUG Engine               - actualHeight: 1024.0
13:14:07.826 [FXGL Background Thread 3 ] DEBUG Engine               - actualHeightProperty: ReadOnlyDoubleProperty [value: 1024.0]
13:14:07.826 [FXGL Background Thread 3 ] DEBUG Engine               - actualWidth: 1024.0
13:14:07.826 [FXGL Background Thread 3 ] DEBUG Engine               - actualWidthProperty: ReadOnlyDoubleProperty [value: 1024.0]
13:14:07.826 [FXGL Background Thread 3 ] DEBUG Engine               - appIcon: fxgl_icon.png
13:14:07.826 [FXGL Background Thread 3 ] DEBUG Engine               - applicationMode: DEVELOPER
13:14:07.826 [FXGL Background Thread 3 ] DEBUG Engine               - cSSList: [fxgl_dark.css]
13:14:07.826 [FXGL Background Thread 3 ] DEBUG Engine               - collisionDetectionStrategy: BRUTE_FORCE
13:14:07.826 [FXGL Background Thread 3 ] DEBUG Engine               - configClass: Optional.empty
13:14:07.826 [FXGL Background Thread 3 ] DEBUG Engine               - credits: []
13:14:07.827 [FXGL Background Thread 3 ] DEBUG Engine               - defaultCursor: CursorInfo(imageName=fxgl_default_cursor.png, hotspotX=7.0, hotspotY=6.0)
13:14:07.827 [FXGL Background Thread 3 ] DEBUG Engine               - devBBoxColorProperty: ObjectProperty [value: 0xff0000ff]
13:14:07.827 [FXGL Background Thread 3 ] DEBUG Engine               - devEnableDebugCameraProperty: BooleanProperty [value: false]
13:14:07.827 [FXGL Background Thread 3 ] DEBUG Engine               - devSensorColorProperty: ObjectProperty [value: 0xffff00ff]
13:14:07.827 [FXGL Background Thread 3 ] DEBUG Engine               - devShowBBoxProperty: BooleanProperty [value: false]
13:14:07.827 [FXGL Background Thread 3 ] DEBUG Engine               - devShowPositionProperty: BooleanProperty [value: false]
13:14:07.827 [FXGL Background Thread 3 ] DEBUG Engine               - enabledMenuItems: []
13:14:07.827 [FXGL Background Thread 3 ] DEBUG Engine               - engineServices: [class com.almasb.fxgl.app.services.FXGLAssetLoaderService, class com.almasb.fxgl.app.FXGLApplication$GameApplicationService, class com.almasb.fxgl.app.services.FXGLDialogService, class com.almasb.fxgl.app.services.IOTaskExecutorService, class com.almasb.fxgl.io.FileSystemService, class com.almasb.fxgl.localization.LocalizationService, class com.almasb.fxgl.app.services.SystemBundleService, class com.almasb.fxgl.profile.SaveLoadService, class com.almasb.fxgl.ui.FXGLUIFactoryServiceProvider, class com.almasb.fxgl.ui.FXGLDialogFactoryServiceProvider, class com.almasb.fxgl.audio.AudioPlayer, class com.almasb.fxgl.notification.impl.NotificationServiceProvider, class com.almasb.fxgl.achievement.AchievementService, class com.almasb.fxgl.cutscene.CutsceneService, class com.almasb.fxgl.minigames.MiniGameService, class com.almasb.fxgl.net.NetService, class com.almasb.fxgl.app.services.UpdaterService, class com.almasb.fxgl.dev.DevService]
13:14:07.827 [FXGL Background Thread 3 ] DEBUG Engine               - fontGame: Abel-Regular.ttf
13:14:07.827 [FXGL Background Thread 3 ] DEBUG Engine               - fontMono: TerminalLandMono-Regular.otf
13:14:07.827 [FXGL Background Thread 3 ] DEBUG Engine               - fontText: Courier-Prime.ttf
13:14:07.827 [FXGL Background Thread 3 ] DEBUG Engine               - fontUI: VarelaRound-Regular.ttf
13:14:07.827 [FXGL Background Thread 3 ] DEBUG Engine               - fullScreen: BooleanProperty [value: false]
13:14:07.827 [FXGL Background Thread 3 ] DEBUG Engine               - gameDifficulty: MEDIUM
13:14:07.827 [FXGL Background Thread 3 ] DEBUG Engine               - gameDifficultyProperty: ObjectProperty [value: MEDIUM]
13:14:07.828 [FXGL Background Thread 3 ] DEBUG Engine               - globalMusicVolume: 0.5
13:14:07.828 [FXGL Background Thread 3 ] DEBUG Engine               - globalMusicVolumeProperty: DoubleProperty [value: 0.5]
13:14:07.828 [FXGL Background Thread 3 ] DEBUG Engine               - globalSoundVolume: 0.5
13:14:07.828 [FXGL Background Thread 3 ] DEBUG Engine               - globalSoundVolumeProperty: DoubleProperty [value: 0.5]
13:14:07.828 [FXGL Background Thread 3 ] DEBUG Engine               - height: 1024
13:14:07.828 [FXGL Background Thread 3 ] DEBUG Engine               - is3D: false
13:14:07.828 [FXGL Background Thread 3 ] DEBUG Engine               - isAndroid: false
13:14:07.828 [FXGL Background Thread 3 ] DEBUG Engine               - isBrowser: false
13:14:07.828 [FXGL Background Thread 3 ] DEBUG Engine               - isClickFeedbackEnabled: false
13:14:07.828 [FXGL Background Thread 3 ] DEBUG Engine               - isCloseConfirmation: false
13:14:07.828 [FXGL Background Thread 3 ] DEBUG Engine               - isDesktop: true
13:14:07.828 [FXGL Background Thread 3 ] DEBUG Engine               - isDeveloperMenuEnabled: false
13:14:07.829 [FXGL Background Thread 3 ] DEBUG Engine               - isEmbedded: false
13:14:07.829 [FXGL Background Thread 3 ] DEBUG Engine               - isEntityPreloadEnabled: true
13:14:07.829 [FXGL Background Thread 3 ] DEBUG Engine               - isExperimentalTiledLargeMap: false
13:14:07.829 [FXGL Background Thread 3 ] DEBUG Engine               - isFileSystemWriteAllowed: true
13:14:07.829 [FXGL Background Thread 3 ] DEBUG Engine               - isFullScreenAllowed: false
13:14:07.829 [FXGL Background Thread 3 ] DEBUG Engine               - isFullScreenFromStart: false
13:14:07.829 [FXGL Background Thread 3 ] DEBUG Engine               - isGameMenuEnabled: true
13:14:07.829 [FXGL Background Thread 3 ] DEBUG Engine               - isIOS: false
13:14:07.829 [FXGL Background Thread 3 ] DEBUG Engine               - isIntroEnabled: false
13:14:07.829 [FXGL Background Thread 3 ] DEBUG Engine               - isLinux: false
13:14:07.829 [FXGL Background Thread 3 ] DEBUG Engine               - isMac: false
13:14:07.829 [FXGL Background Thread 3 ] DEBUG Engine               - isMainMenuEnabled: true
13:14:07.829 [FXGL Background Thread 3 ] DEBUG Engine               - isManualResizeEnabled: false
13:14:07.829 [FXGL Background Thread 3 ] DEBUG Engine               - isMobile: false
13:14:07.829 [FXGL Background Thread 3 ] DEBUG Engine               - isNative: false
13:14:07.829 [FXGL Background Thread 3 ] DEBUG Engine               - isPauseMusicWhenMinimized: true
13:14:07.829 [FXGL Background Thread 3 ] DEBUG Engine               - isPreserveResizeRatio: false
13:14:07.829 [FXGL Background Thread 3 ] DEBUG Engine               - isProfilingEnabled: false
13:14:07.829 [FXGL Background Thread 3 ] DEBUG Engine               - isScaleAffectedOnResize: true
13:14:07.829 [FXGL Background Thread 3 ] DEBUG Engine               - isSingleStep: false
13:14:07.829 [FXGL Background Thread 3 ] DEBUG Engine               - isUserProfileEnabled: false
13:14:07.829 [FXGL Background Thread 3 ] DEBUG Engine               - isWindows: true
13:14:07.829 [FXGL Background Thread 3 ] DEBUG Engine               - language: ObjectProperty [value: ENGLISH]
13:14:07.830 [FXGL Background Thread 3 ] DEBUG Engine               - menuKey: ESCAPE
13:14:07.830 [FXGL Background Thread 3 ] DEBUG Engine               - mouseSensitivity: 0.2
13:14:07.830 [FXGL Background Thread 3 ] DEBUG Engine               - notificationViewClass: class com.almasb.fxgl.notification.view.XboxNotificationView
13:14:07.830 [FXGL Background Thread 3 ] DEBUG Engine               - pixelsPerMeter: 50.0
13:14:07.830 [FXGL Background Thread 3 ] DEBUG Engine               - platform: WINDOWS
13:14:07.830 [FXGL Background Thread 3 ] DEBUG Engine               - prefHeightProperty: ReadOnlyDoubleProperty [value: 1024.0]
13:14:07.830 [FXGL Background Thread 3 ] DEBUG Engine               - prefWidthProperty: ReadOnlyDoubleProperty [value: 1024.0]
13:14:07.830 [FXGL Background Thread 3 ] DEBUG Engine               - profileDir: profiles/
13:14:07.830 [FXGL Background Thread 3 ] DEBUG Engine               - profileName: StringProperty [value: DEFAULT]
13:14:07.830 [FXGL Background Thread 3 ] DEBUG Engine               - randomSeed: -1
13:14:07.831 [FXGL Background Thread 3 ] DEBUG Engine               - runtimeInfo: RuntimeInfo(platform=WINDOWS, version=17.2, build=20.08.2022 16.50)
13:14:07.831 [FXGL Background Thread 3 ] DEBUG Engine               - saveFileExt: sav
13:14:07.831 [FXGL Background Thread 3 ] DEBUG Engine               - scaledHeightProp$fxgl: DoubleProperty [bound, value: 1024.0]
13:14:07.831 [FXGL Background Thread 3 ] DEBUG Engine               - scaledWidthProp$fxgl: DoubleProperty [bound, value: 1024.0]
13:14:07.831 [FXGL Background Thread 3 ] DEBUG Engine               - sceneFactory: com.almasb.fxgl.app.scene.SceneFactory@b56f474
13:14:07.831 [FXGL Background Thread 3 ] DEBUG Engine               - secondsIn24h: 60
13:14:07.831 [FXGL Background Thread 3 ] DEBUG Engine               - soundMenuBack: menu/back.wav
13:14:07.831 [FXGL Background Thread 3 ] DEBUG Engine               - soundMenuPress: menu/press.wav
13:14:07.831 [FXGL Background Thread 3 ] DEBUG Engine               - soundMenuSelect: menu/select.wav
13:14:07.831 [FXGL Background Thread 3 ] DEBUG Engine               - soundNotification: core/notification.wav
13:14:07.831 [FXGL Background Thread 3 ] DEBUG Engine               - stageStyle: DECORATED
13:14:07.831 [FXGL Background Thread 3 ] DEBUG Engine               - supportedLanguages: [ENGLISH, FRENCH, GERMAN, HUNGARIAN, RUSSIAN]
13:14:07.831 [FXGL Background Thread 3 ] DEBUG Engine               - ticksPerSecond: -1
13:14:07.831 [FXGL Background Thread 3 ] DEBUG Engine               - title: Dawnseeker
13:14:07.831 [FXGL Background Thread 3 ] DEBUG Engine               - urlGithub: https://github.com/AlmasB/FXGL
13:14:07.831 [FXGL Background Thread 3 ] DEBUG Engine               - urlLeaderboard: http://fxgl-top.herokuapp.com/
13:14:07.831 [FXGL Background Thread 3 ] DEBUG Engine               - urlPOM: https://raw.githubusercontent.com/AlmasB/FXGL/release/README.md
13:14:07.831 [FXGL Background Thread 3 ] DEBUG Engine               - userAppClass: class myGame.DawnseekerApp
13:14:07.831 [FXGL Background Thread 3 ] DEBUG Engine               - version: 0.1
13:14:07.831 [FXGL Background Thread 3 ] DEBUG Engine               - versionCheckDays: 7
13:14:07.831 [FXGL Background Thread 3 ] DEBUG Engine               - width: 1024
13:14:07.831 [FXGL Background Thread 3 ] DEBUG Engine               - Logging services
13:14:07.831 [FXGL Background Thread 3 ] DEBUG Engine               - class com.almasb.fxgl.app.services.FXGLAssetLoaderService
13:14:07.832 [FXGL Background Thread 3 ] DEBUG Engine               - class com.almasb.fxgl.app.FXGLApplication$GameApplicationService
13:14:07.832 [FXGL Background Thread 3 ] DEBUG Engine               - class com.almasb.fxgl.app.services.FXGLDialogService
13:14:07.832 [FXGL Background Thread 3 ] DEBUG Engine               - class com.almasb.fxgl.app.services.IOTaskExecutorService
13:14:07.832 [FXGL Background Thread 3 ] DEBUG Engine               - class com.almasb.fxgl.io.FileSystemService
13:14:07.832 [FXGL Background Thread 3 ] DEBUG Engine               - class com.almasb.fxgl.localization.LocalizationService
13:14:07.832 [FXGL Background Thread 3 ] DEBUG Engine               - class com.almasb.fxgl.app.services.SystemBundleService
13:14:07.832 [FXGL Background Thread 3 ] DEBUG Engine               - class com.almasb.fxgl.profile.SaveLoadService
13:14:07.832 [FXGL Background Thread 3 ] DEBUG Engine               - class com.almasb.fxgl.ui.FXGLUIFactoryServiceProvider
13:14:07.832 [FXGL Background Thread 3 ] DEBUG Engine               - class com.almasb.fxgl.ui.FXGLDialogFactoryServiceProvider
13:14:07.832 [FXGL Background Thread 3 ] DEBUG Engine               - class com.almasb.fxgl.audio.AudioPlayer
13:14:07.832 [FXGL Background Thread 3 ] DEBUG Engine               - class com.almasb.fxgl.notification.impl.NotificationServiceProvider
13:14:07.832 [FXGL Background Thread 3 ] DEBUG Engine               - class com.almasb.fxgl.achievement.AchievementService
13:14:07.832 [FXGL Background Thread 3 ] DEBUG Engine               - class com.almasb.fxgl.cutscene.CutsceneService
13:14:07.832 [FXGL Background Thread 3 ] DEBUG Engine               - class com.almasb.fxgl.minigames.MiniGameService
13:14:07.832 [FXGL Background Thread 3 ] DEBUG Engine               - class com.almasb.fxgl.net.NetService
13:14:07.832 [FXGL Background Thread 3 ] DEBUG Engine               - class com.almasb.fxgl.app.services.UpdaterService
13:14:07.832 [FXGL Background Thread 3 ] DEBUG Engine               - class com.almasb.fxgl.dev.DevService
13:14:41.779 [JavaFX Application Thread] DEBUG FXGLApplication      - Exiting FXGL
13:14:41.779 [JavaFX Application Thread] DEBUG LoopRunner           - Stopping loop
13:14:41.779 [JavaFX Application Thread] DEBUG SystemBundleService  - Saving FXGL system data
13:14:41.782 [JavaFX Application Thread] DEBUG FileSystemAccess     - Writing to: C:\Users\User\Desktop\Spring2023\CS4900G2Proj2\Dawnseeker\system\fxgl.bundle
13:14:41.784 [JavaFX Application Thread] DEBUG Async                - Shutting down background threads
13:14:41.784 [JavaFX Application Thread] DEBUG PrimaryStageWindow   - Closing main window
13:14:41.794 [JavaFX Application Thread] DEBUG Logger               - Closing Logger
