18:26:38.834 [main                     ] DEBUG Logger               - Configured Logger
18:26:38.859 [main                     ] DEBUG GameApplication      - Logging settings
Title: Dawnseeker
Version: 0.4
Width: 1024
Height: 1024
Fullscreen: false
Intro: false
Profiling: false
Single step:false
App Mode: DEVELOPER
Menu Key: ESCAPE
Stage Style: DECORATED
Scene Factory: class myGame.DawnseekerApp$1

18:26:39.355 [JavaFX Application Thread] DEBUG FXGLApplication      - Initializing FXGL
18:26:39.362 [JavaFX Application Thread] INFO  Engine               - FXGL-17.2 (20.08.2022 16.50) on WINDOWS (J:19.0.2 FX:18)
18:26:39.363 [JavaFX Application Thread] DEBUG Engine               - JRE Vendor Name: Oracle Corporation
18:26:39.363 [JavaFX Application Thread] DEBUG Engine               - Running on OS: Windows 10 version 10.0
18:26:39.363 [JavaFX Application Thread] DEBUG Engine               - Architecture: amd64
18:26:39.363 [JavaFX Application Thread] INFO  Engine               - Source code and latest versions at: https://github.com/AlmasB/FXGL
18:26:39.363 [JavaFX Application Thread] INFO  Engine               -       Ask questions and discuss at: https://github.com/AlmasB/FXGL/discussions
18:26:39.364 [JavaFX Application Thread] INFO  Engine               -              Join the FXGL chat at: https://gitter.im/AlmasB/FXGL
18:26:39.503 [JavaFX Application Thread] DEBUG PrimaryStageWindow   - Creating a JavaFX scene
18:26:39.504 [JavaFX Application Thread] DEBUG PrimaryStageWindow   - Target size > screen size
18:26:39.547 [JavaFX Application Thread] DEBUG PrimaryStageWindow   - Target settings size: 1024.0 x 1024.0
18:26:39.547 [JavaFX Application Thread] DEBUG PrimaryStageWindow   - Scaled scene size:    799.0 x 824.0
18:26:39.548 [JavaFX Application Thread] DEBUG PrimaryStageWindow   - Scaled ratio: (0.7802734375, 0.8046875)
18:26:39.549 [JavaFX Application Thread] DEBUG PrimaryStageWindow   - Set initial scene to FXGLStartupScene
18:26:39.557 [JavaFX Application Thread] DEBUG PrimaryStageWindow   - Opening main window
18:26:39.656 [JavaFX Application Thread] DEBUG PrimaryStageWindow   - Window border size: (14.5999755859375, 37.5999755859375)
18:26:39.657 [JavaFX Application Thread] DEBUG PrimaryStageWindow   - Scaled size: 799.0 x 824.0
18:26:39.657 [JavaFX Application Thread] DEBUG PrimaryStageWindow   - Scaled ratio: (0.7802734375, 0.8046875)
18:26:39.658 [JavaFX Application Thread] DEBUG PrimaryStageWindow   - Scene size: 799.0 x 824.0
18:26:39.658 [JavaFX Application Thread] DEBUG PrimaryStageWindow   - Stage size: 813.5999755859375 x 861.5999755859375
18:26:39.673 [FXGL Background Thread 1 ] DEBUG Engine               - Initializing environment variables
18:26:39.768 [FXGL Background Thread 1 ] DEBUG FXGLAssetLoaderServi - User app class for loading assets: class myGame.DawnseekerApp
18:26:39.769 [FXGL Background Thread 1 ] DEBUG GameApplicationServi - Applying CSS: fxgl_dark.css
18:26:39.774 [FXGL Background Thread 1 ] DEBUG FXGLAssetLoaderServi - Loading from file system: jar:file:/C:/Users/narro/.m2/repository/com/github/almasb/fxgl/17.2/fxgl-17.2.jar!/fxglassets/ui/css/fxgl_dark.css
18:26:39.838 [FXGL Background Thread 1 ] DEBUG GameApplicationServi - Initializing application scenes
18:26:39.909 [FXGL Background Thread 1 ] DEBUG GameWorld            - Game world initialized
18:26:39.984 [FXGL Background Thread 1 ] DEBUG PhysicsWorld         - Physics world initialized: appHeight=1024, physics.ppm=50.0
18:26:39.985 [FXGL Background Thread 1 ] DEBUG PhysicsWorld         - Using strategy: BRUTE_FORCE
18:26:39.989 [FXGL Background Thread 1 ] DEBUG GameScene            - Game scene initialized: 1024x1024
18:26:39.990 [FXGL Background Thread 1 ] DEBUG FXGLAssetLoaderServi - Loading from file system: file:/C:/Users/narro/git/CS4900G2Proj2/Dawnseeker/target/classes/assets/music/shop.mp3
18:26:40.207 [FXGL Background Thread 1 ] DEBUG AudioPlayer          - Playing music com.almasb.fxgl.audio.Music@3fc4b5df
18:26:40.229 [FXGL Background Thread 1 ] DEBUG FXGLAssetLoaderServi - Loading from file system: file:/C:/Users/narro/git/CS4900G2Proj2/Dawnseeker/target/classes/assets/textures/bg.png
18:26:40.352 [FXGL Background Thread 1 ] DEBUG FXGL.DefaultMenu     - createMenuBodyGameMenu()
18:26:40.371 [FXGL Background Thread 1 ] DEBUG FXGL.DefaultMenu     - createOptionsMenu()
18:26:40.380 [FXGL Background Thread 1 ] DEBUG FXGLAssetLoaderServi - Loading from file system: jar:file:/C:/Users/narro/.m2/repository/com/github/almasb/fxgl/17.2/fxgl-17.2.jar!/fxglassets/textures/particles/smoke.png
18:26:40.480 [FXGL Background Thread 1 ] DEBUG FXGLAssetLoaderServi - Loading from file system: jar:file:/C:/Users/narro/.m2/repository/com/github/almasb/fxgl/17.2/fxgl-17.2.jar!/fxglassets/textures/particles/trace_horizontal.png
18:26:40.497 [FXGL Background Thread 1 ] DEBUG GameApplicationServi - Application scenes initialized
18:26:40.510 [FXGL Background Thread 1 ] DEBUG SystemBundleService  - Loading FXGL system data
18:26:40.515 [FXGL Background Thread 1 ] DEBUG FileSystemAccess     - Reading from: C:\Users\narro\git\CS4900G2Proj2\Dawnseeker\system\fxgl.bundle
18:26:40.524 [FXGL Background Thread 1 ] DEBUG SystemBundleService  - Bundle FXGL: {}
18:26:40.525 [FXGL Background Thread 1 ] DEBUG UpdaterService       - Checking for updates
18:26:40.529 [FXGL Background Thread 4 ] DEBUG FXGLApplication      - Loading fonts
18:26:40.529 [FXGL Background Thread 4 ] DEBUG FXGLAssetLoaderServi - Loading from file system: jar:file:/C:/Users/narro/.m2/repository/com/github/almasb/fxgl/17.2/fxgl-17.2.jar!/fxglassets/ui/fonts/VarelaRound-Regular.ttf
18:26:40.529 [FXGL Background Thread 1 ] DEBUG FXGLApplication      - Loading default localization
18:26:40.530 [FXGL Background Thread 1 ] DEBUG FXGLAssetLoaderServi - Loading from file system: jar:file:/C:/Users/narro/.m2/repository/com/github/almasb/fxgl/17.2/fxgl-17.2.jar!/fxglassets/languages/english.lang
18:26:40.561 [FXGL Background Thread 1 ] INFO  FXGLApplication      - FXGL initialization took: 0.888 sec
18:26:40.568 [JavaFX Application Thread] DEBUG Input                - Registered new binding: action0 - LMB
18:26:40.577 [JavaFX Application Thread] DEBUG Input                - Registered new binding: Up - W
18:26:40.578 [JavaFX Application Thread] DEBUG Input                - Registered new binding: Down - S
18:26:40.578 [JavaFX Application Thread] DEBUG Input                - Registered new binding: Right - D
18:26:40.578 [JavaFX Application Thread] DEBUG Input                - Registered new binding: Left - A
18:26:40.579 [JavaFX Application Thread] DEBUG FXGLAssetLoaderServi - Loading from file system: jar:file:/C:/Users/narro/.m2/repository/com/github/almasb/fxgl/17.2/fxgl-17.2.jar!/fxglassets/textures/fxgl_icon.png
18:26:40.600 [JavaFX Application Thread] DEBUG FXGLAssetLoaderServi - Loading from file system: jar:file:/C:/Users/narro/.m2/repository/com/github/almasb/fxgl/17.2/fxgl-17.2.jar!/fxglassets/textures/fxgl_default_cursor.png
18:26:40.607 [JavaFX Application Thread] DEBUG Input                - Registered new binding: Screenshot - CTRL+8
18:26:40.608 [JavaFX Application Thread] DEBUG Input                - Registered new binding: System info dump - CTRL+9
18:26:40.608 [JavaFX Application Thread] DEBUG Input                - Registered new binding: Restart - CTRL+R
18:26:40.609 [JavaFX Application Thread] DEBUG Input                - Registered new binding: Toggle Debug Camera - CTRL+7
18:26:40.612 [JavaFX Application Thread] DEBUG LoopRunner           - Starting loop
18:26:40.612 [JavaFX Application Thread] DEBUG LoopRunner           - Initializing JavaFX AnimationTimerLoop
18:26:40.615 [JavaFX Application Thread] DEBUG Input                - Clearing active input actions
18:26:40.629 [JavaFX Application Thread] DEBUG GameApplicationServi - Removing overlay from FXGLStartupScene and adding to FXGLMainMenuDummyScene
18:26:40.630 [JavaFX Application Thread] DEBUG PrimaryStageWindow   - FXGLStartupScene -> FXGLMainMenuDummyScene
18:26:40.631 [JavaFX Application Thread] DEBUG PrimaryStageWindow   - Push state: DawnseekerMenu
18:26:40.631 [JavaFX Application Thread] DEBUG Input                - Clearing active input actions
18:26:40.638 [JavaFX Application Thread] DEBUG GameApplicationServi - Removing overlay from FXGLMainMenuDummyScene and adding to DawnseekerMenu
18:26:40.639 [JavaFX Application Thread] DEBUG PrimaryStageWindow   - FXGLMainMenuDummyScene -> DawnseekerMenu
18:26:40.653 [FXGL Background Thread 4 ] DEBUG FXGLAssetLoaderServi - Loading from file system: jar:file:/C:/Users/narro/.m2/repository/com/github/almasb/fxgl/17.2/fxgl-17.2.jar!/fxglassets/ui/fonts/Abel-Regular.ttf
18:26:40.677 [FXGL Background Thread 4 ] DEBUG FXGLAssetLoaderServi - Loading from file system: jar:file:/C:/Users/narro/.m2/repository/com/github/almasb/fxgl/17.2/fxgl-17.2.jar!/fxglassets/ui/fonts/TerminalLandMono-Regular.otf
18:26:40.699 [FXGL Background Thread 4 ] DEBUG FXGLAssetLoaderServi - Loading from file system: jar:file:/C:/Users/narro/.m2/repository/com/github/almasb/fxgl/17.2/fxgl-17.2.jar!/fxglassets/ui/fonts/Courier-Prime.ttf
18:26:40.751 [JavaFX Application Thread] DEBUG FXGLApplication      - Registering font factories with UI factory
18:26:41.075 [FXGL Background Thread 2 ] INFO  UpdaterService       - Your current version:  17.2
18:26:41.075 [FXGL Background Thread 2 ] INFO  UpdaterService       - Latest stable version: 17.3
18:26:41.265 [JavaFX Application Thread] DEBUG Menu                 - fireNewGame()
18:26:41.265 [JavaFX Application Thread] DEBUG GameApplicationServi - Starting new game
18:26:41.265 [JavaFX Application Thread] DEBUG PrimaryStageWindow   - Pop state: DawnseekerMenu
18:26:41.265 [JavaFX Application Thread] DEBUG Input                - Clearing active input actions
18:26:41.266 [JavaFX Application Thread] DEBUG GameApplicationServi - Removing overlay from DawnseekerMenu and adding to FXGLMainMenuDummyScene
18:26:41.266 [JavaFX Application Thread] DEBUG PrimaryStageWindow   - FXGLMainMenuDummyScene <- DawnseekerMenu
18:26:41.267 [JavaFX Application Thread] DEBUG Input                - Clearing active input actions
18:26:41.276 [JavaFX Application Thread] DEBUG GameApplicationServi - Removing overlay from FXGLMainMenuDummyScene and adding to FXGLLoadingScene
18:26:41.276 [JavaFX Application Thread] DEBUG PrimaryStageWindow   - FXGLMainMenuDummyScene -> FXGLLoadingScene
18:26:41.276 [JavaFX Application Thread] DEBUG GameApplicationServi - Clearing previous game
18:26:41.276 [JavaFX Application Thread] DEBUG GameScene            - Clearing game scene
18:26:41.276 [JavaFX Application Thread] DEBUG GameWorld            - Clearing game world
18:26:41.277 [JavaFX Application Thread] DEBUG PhysicsWorld         - Clearing physics world
18:26:41.278 [JavaFX Application Thread] DEBUG AudioPlayer          - Stopping music com.almasb.fxgl.audio.Music@3fc4b5df
18:26:41.278 [FXGL Background Thread 2 ] DEBUG FXGLApplication      - Initializing game
18:26:41.283 [FXGL Background Thread 2 ] DEBUG FXGLAssetLoaderServi - Loading from file system: file:/C:/Users/narro/git/CS4900G2Proj2/Dawnseeker/target/classes/assets/music/heartache.mp3
18:26:41.287 [FXGL Background Thread 2 ] DEBUG AudioPlayer          - Playing music com.almasb.fxgl.audio.Music@1362d4e3
18:26:41.304 [FXGL Background Thread 2 ] DEBUG FXGLAssetLoaderServi - Loading from file system: file:/C:/Users/narro/git/CS4900G2Proj2/Dawnseeker/target/classes/assets/textures/DawnseekerPCV2.png
18:26:41.316 [FXGL Background Thread 2 ] DEBUG FXGLAssetLoaderServi - Loading from file system: file:/C:/Users/narro/git/CS4900G2Proj2/Dawnseeker/target/classes/assets/textures/DawnseekerPCV2Down.png
18:26:41.319 [FXGL Background Thread 2 ] DEBUG FXGLAssetLoaderServi - Loading from file system: file:/C:/Users/narro/git/CS4900G2Proj2/Dawnseeker/target/classes/assets/textures/DawnseekerPCV2Up.png
18:26:41.321 [FXGL Background Thread 2 ] DEBUG FXGLAssetLoaderServi - Loading from file system: file:/C:/Users/narro/git/CS4900G2Proj2/Dawnseeker/target/classes/assets/textures/DawnseekerPCV2Right.png
18:26:41.323 [FXGL Background Thread 2 ] DEBUG FXGLAssetLoaderServi - Loading from file system: file:/C:/Users/narro/git/CS4900G2Proj2/Dawnseeker/target/classes/assets/textures/DawnseekerPCV2Left.png
18:26:41.342 [FXGL Background Thread 2 ] WARN  GameWorld            - Entity is already attached to world
18:26:41.343 [FXGL Background Thread 2 ] WARN  Entity               - Entity already has component: com.almasb.fxgl.entity.components.CollidableComponent
18:26:41.344 [FXGL Background Thread 2 ] WARN  GameWorld            - Entity is already attached to world
18:26:41.345 [FXGL Background Thread 2 ] WARN  Entity               - Entity already has component: com.almasb.fxgl.entity.components.CollidableComponent
18:26:41.346 [FXGL Background Thread 2 ] WARN  GameWorld            - Entity is already attached to world
18:26:41.346 [FXGL Background Thread 2 ] WARN  Entity               - Entity already has component: com.almasb.fxgl.entity.components.CollidableComponent
18:26:41.347 [FXGL Background Thread 2 ] WARN  GameWorld            - Entity is already attached to world
18:26:41.348 [FXGL Background Thread 2 ] WARN  Entity               - Entity already has component: com.almasb.fxgl.entity.components.CollidableComponent
18:26:41.348 [FXGL Background Thread 2 ] WARN  GameWorld            - Entity is already attached to world
18:26:41.349 [FXGL Background Thread 2 ] WARN  GameWorld            - Entity is already attached to world
18:26:41.352 [FXGL Background Thread 2 ] WARN  GameWorld            - Entity is already attached to world
18:26:41.382 [FXGL Background Thread 2 ] INFO  FXGLApplication      - Game initialization took: 0.104 sec
18:26:41.383 [JavaFX Application Thread] DEBUG Input                - Clearing active input actions
18:26:41.400 [JavaFX Application Thread] DEBUG GameApplicationServi - Removing overlay from FXGLLoadingScene and adding to GameScene
18:26:41.401 [JavaFX Application Thread] DEBUG PrimaryStageWindow   - FXGLLoadingScene -> GameScene
18:26:42.525 [JavaFX Application Thread] DEBUG FXGLAssetLoaderServi - Loading from file system: file:/C:/Users/narro/git/CS4900G2Proj2/Dawnseeker/target/classes/assets/textures/EnemyDawnseeker.png
18:26:42.530 [JavaFX Application Thread] DEBUG FXGLAssetLoaderServi - Loading from file system: file:/C:/Users/narro/git/CS4900G2Proj2/Dawnseeker/target/classes/assets/textures/sussy.gif
18:26:42.696 [JavaFX Application Thread] DEBUG FXGLAssetLoaderServi - Loading from file system: file:/C:/Users/narro/git/CS4900G2Proj2/Dawnseeker/target/classes/assets/sounds/store_jingle.wav
18:26:42.711 [JavaFX Application Thread] DEBUG PrimaryStageWindow   - Push state: ShopTest
18:26:42.712 [JavaFX Application Thread] DEBUG Input                - Clearing active input actions
18:26:42.712 [JavaFX Application Thread] DEBUG GameApplicationServi - Removing overlay from GameScene and adding to ShopTest
18:26:42.712 [JavaFX Application Thread] DEBUG PrimaryStageWindow   - GameScene -> ShopTest
18:26:42.712 [JavaFX Application Thread] DEBUG Input                - Registered new binding: Close Shop - F
18:26:43.529 [FXGL Background Thread 3 ] DEBUG Engine               - Logging environment variables
18:26:43.529 [FXGL Background Thread 3 ] DEBUG Engine               - achievements: []
18:26:43.529 [FXGL Background Thread 3 ] DEBUG Engine               - actualHeight: 824.0
18:26:43.529 [FXGL Background Thread 3 ] DEBUG Engine               - actualHeightProperty: ReadOnlyDoubleProperty [value: 824.0]
18:26:43.529 [FXGL Background Thread 3 ] DEBUG Engine               - actualWidth: 799.0
18:26:43.529 [FXGL Background Thread 3 ] DEBUG Engine               - actualWidthProperty: ReadOnlyDoubleProperty [value: 799.0]
18:26:43.530 [FXGL Background Thread 3 ] DEBUG Engine               - appIcon: fxgl_icon.png
18:26:43.530 [FXGL Background Thread 3 ] DEBUG Engine               - applicationMode: DEVELOPER
18:26:43.530 [FXGL Background Thread 3 ] DEBUG Engine               - cSSList: [fxgl_dark.css]
18:26:43.530 [FXGL Background Thread 3 ] DEBUG Engine               - collisionDetectionStrategy: BRUTE_FORCE
18:26:43.530 [FXGL Background Thread 3 ] DEBUG Engine               - configClass: Optional.empty
18:26:43.530 [FXGL Background Thread 3 ] DEBUG Engine               - credits: []
18:26:43.530 [FXGL Background Thread 3 ] DEBUG Engine               - defaultCursor: CursorInfo(imageName=fxgl_default_cursor.png, hotspotX=7.0, hotspotY=6.0)
18:26:43.530 [FXGL Background Thread 3 ] DEBUG Engine               - devBBoxColorProperty: ObjectProperty [value: 0xff0000ff]
18:26:43.530 [FXGL Background Thread 3 ] DEBUG Engine               - devEnableDebugCameraProperty: BooleanProperty [value: false]
18:26:43.531 [FXGL Background Thread 3 ] DEBUG Engine               - devSensorColorProperty: ObjectProperty [value: 0xffff00ff]
18:26:43.531 [FXGL Background Thread 3 ] DEBUG Engine               - devShowBBoxProperty: BooleanProperty [value: false]
18:26:43.531 [FXGL Background Thread 3 ] DEBUG Engine               - devShowPositionProperty: BooleanProperty [value: false]
18:26:43.531 [FXGL Background Thread 3 ] DEBUG Engine               - enabledMenuItems: []
18:26:43.531 [FXGL Background Thread 3 ] DEBUG Engine               - engineServices: [class com.almasb.fxgl.app.services.FXGLAssetLoaderService, class com.almasb.fxgl.app.FXGLApplication$GameApplicationService, class com.almasb.fxgl.app.services.FXGLDialogService, class com.almasb.fxgl.app.services.IOTaskExecutorService, class com.almasb.fxgl.io.FileSystemService, class com.almasb.fxgl.localization.LocalizationService, class com.almasb.fxgl.app.services.SystemBundleService, class com.almasb.fxgl.profile.SaveLoadService, class com.almasb.fxgl.ui.FXGLUIFactoryServiceProvider, class com.almasb.fxgl.ui.FXGLDialogFactoryServiceProvider, class com.almasb.fxgl.audio.AudioPlayer, class com.almasb.fxgl.notification.impl.NotificationServiceProvider, class com.almasb.fxgl.achievement.AchievementService, class com.almasb.fxgl.cutscene.CutsceneService, class com.almasb.fxgl.minigames.MiniGameService, class com.almasb.fxgl.net.NetService, class com.almasb.fxgl.app.services.UpdaterService, class com.almasb.fxgl.dev.DevService]
18:26:43.531 [FXGL Background Thread 3 ] DEBUG Engine               - fontGame: Abel-Regular.ttf
18:26:43.531 [FXGL Background Thread 3 ] DEBUG Engine               - fontMono: TerminalLandMono-Regular.otf
18:26:43.531 [FXGL Background Thread 3 ] DEBUG Engine               - fontText: Courier-Prime.ttf
18:26:43.531 [FXGL Background Thread 3 ] DEBUG Engine               - fontUI: VarelaRound-Regular.ttf
18:26:43.531 [FXGL Background Thread 3 ] DEBUG Engine               - fullScreen: BooleanProperty [value: false]
18:26:43.531 [FXGL Background Thread 3 ] DEBUG Engine               - gameDifficulty: MEDIUM
18:26:43.531 [FXGL Background Thread 3 ] DEBUG Engine               - gameDifficultyProperty: ObjectProperty [value: MEDIUM]
18:26:43.531 [FXGL Background Thread 3 ] DEBUG Engine               - globalMusicVolume: 0.5
18:26:43.531 [FXGL Background Thread 3 ] DEBUG Engine               - globalMusicVolumeProperty: DoubleProperty [value: 0.5]
18:26:43.531 [FXGL Background Thread 3 ] DEBUG Engine               - globalSoundVolume: 0.5
18:26:43.531 [FXGL Background Thread 3 ] DEBUG Engine               - globalSoundVolumeProperty: DoubleProperty [value: 0.5]
18:26:43.532 [FXGL Background Thread 3 ] DEBUG Engine               - height: 1024
18:26:43.532 [FXGL Background Thread 3 ] DEBUG Engine               - is3D: false
18:26:43.532 [FXGL Background Thread 3 ] DEBUG Engine               - isAndroid: false
18:26:43.532 [FXGL Background Thread 3 ] DEBUG Engine               - isBrowser: false
18:26:43.532 [FXGL Background Thread 3 ] DEBUG Engine               - isClickFeedbackEnabled: false
18:26:43.532 [FXGL Background Thread 3 ] DEBUG Engine               - isCloseConfirmation: false
18:26:43.532 [FXGL Background Thread 3 ] DEBUG Engine               - isDesktop: true
18:26:43.532 [FXGL Background Thread 3 ] DEBUG Engine               - isDeveloperMenuEnabled: false
18:26:43.532 [FXGL Background Thread 3 ] DEBUG Engine               - isEmbedded: false
18:26:43.532 [FXGL Background Thread 3 ] DEBUG Engine               - isEntityPreloadEnabled: true
18:26:43.532 [FXGL Background Thread 3 ] DEBUG Engine               - isExperimentalTiledLargeMap: false
18:26:43.532 [FXGL Background Thread 3 ] DEBUG Engine               - isFileSystemWriteAllowed: true
18:26:43.532 [FXGL Background Thread 3 ] DEBUG Engine               - isFullScreenAllowed: false
18:26:43.532 [FXGL Background Thread 3 ] DEBUG Engine               - isFullScreenFromStart: false
18:26:43.532 [FXGL Background Thread 3 ] DEBUG Engine               - isGameMenuEnabled: true
18:26:43.532 [FXGL Background Thread 3 ] DEBUG Engine               - isIOS: false
18:26:43.532 [FXGL Background Thread 3 ] DEBUG Engine               - isIntroEnabled: false
18:26:43.532 [FXGL Background Thread 3 ] DEBUG Engine               - isLinux: false
18:26:43.532 [FXGL Background Thread 3 ] DEBUG Engine               - isMac: false
18:26:43.532 [FXGL Background Thread 3 ] DEBUG Engine               - isMainMenuEnabled: true
18:26:43.532 [FXGL Background Thread 3 ] DEBUG Engine               - isManualResizeEnabled: false
18:26:43.533 [FXGL Background Thread 3 ] DEBUG Engine               - isMobile: false
18:26:43.533 [FXGL Background Thread 3 ] DEBUG Engine               - isNative: false
18:26:43.533 [FXGL Background Thread 3 ] DEBUG Engine               - isPauseMusicWhenMinimized: true
18:26:43.533 [FXGL Background Thread 3 ] DEBUG Engine               - isPreserveResizeRatio: false
18:26:43.533 [FXGL Background Thread 3 ] DEBUG Engine               - isProfilingEnabled: false
18:26:43.533 [FXGL Background Thread 3 ] DEBUG Engine               - isScaleAffectedOnResize: true
18:26:43.533 [FXGL Background Thread 3 ] DEBUG Engine               - isSingleStep: false
18:26:43.533 [FXGL Background Thread 3 ] DEBUG Engine               - isUserProfileEnabled: false
18:26:43.533 [FXGL Background Thread 3 ] DEBUG Engine               - isWindows: true
18:26:43.533 [FXGL Background Thread 3 ] DEBUG Engine               - language: ObjectProperty [value: ENGLISH]
18:26:43.533 [FXGL Background Thread 3 ] DEBUG Engine               - menuKey: ESCAPE
18:26:43.533 [FXGL Background Thread 3 ] DEBUG Engine               - mouseSensitivity: 0.2
18:26:43.533 [FXGL Background Thread 3 ] DEBUG Engine               - notificationViewClass: class com.almasb.fxgl.notification.view.XboxNotificationView
18:26:43.533 [FXGL Background Thread 3 ] DEBUG Engine               - pixelsPerMeter: 50.0
18:26:43.533 [FXGL Background Thread 3 ] DEBUG Engine               - platform: WINDOWS
18:26:43.533 [FXGL Background Thread 3 ] DEBUG Engine               - prefHeightProperty: ReadOnlyDoubleProperty [value: 1024.0]
18:26:43.533 [FXGL Background Thread 3 ] DEBUG Engine               - prefWidthProperty: ReadOnlyDoubleProperty [value: 1024.0]
18:26:43.533 [FXGL Background Thread 3 ] DEBUG Engine               - profileDir: profiles/
18:26:43.533 [FXGL Background Thread 3 ] DEBUG Engine               - profileName: StringProperty [value: DEFAULT]
18:26:43.533 [FXGL Background Thread 3 ] DEBUG Engine               - randomSeed: -1
18:26:43.534 [FXGL Background Thread 3 ] DEBUG Engine               - runtimeInfo: RuntimeInfo(platform=WINDOWS, version=17.2, build=20.08.2022 16.50)
18:26:43.534 [FXGL Background Thread 3 ] DEBUG Engine               - saveFileExt: sav
18:26:43.534 [FXGL Background Thread 3 ] DEBUG Engine               - scaledHeightProp$fxgl: DoubleProperty [bound, value: 824.0]
18:26:43.534 [FXGL Background Thread 3 ] DEBUG Engine               - scaledWidthProp$fxgl: DoubleProperty [bound, value: 799.0]
18:26:43.534 [FXGL Background Thread 3 ] DEBUG Engine               - sceneFactory: myGame.DawnseekerApp$1@406bfa70
18:26:43.534 [FXGL Background Thread 3 ] DEBUG Engine               - secondsIn24h: 60
18:26:43.534 [FXGL Background Thread 3 ] DEBUG Engine               - soundMenuBack: menu/back.wav
18:26:43.534 [FXGL Background Thread 3 ] DEBUG Engine               - soundMenuPress: menu/press.wav
18:26:43.534 [FXGL Background Thread 3 ] DEBUG Engine               - soundMenuSelect: menu/select.wav
18:26:43.534 [FXGL Background Thread 3 ] DEBUG Engine               - soundNotification: core/notification.wav
18:26:43.534 [FXGL Background Thread 3 ] DEBUG Engine               - stageStyle: DECORATED
18:26:43.535 [FXGL Background Thread 3 ] DEBUG Engine               - supportedLanguages: [ENGLISH, FRENCH, GERMAN, HUNGARIAN, RUSSIAN]
18:26:43.535 [FXGL Background Thread 3 ] DEBUG Engine               - ticksPerSecond: -1
18:26:43.535 [FXGL Background Thread 3 ] DEBUG Engine               - title: Dawnseeker
18:26:43.535 [FXGL Background Thread 3 ] DEBUG Engine               - urlGithub: https://github.com/AlmasB/FXGL
18:26:43.535 [FXGL Background Thread 3 ] DEBUG Engine               - urlLeaderboard: http://fxgl-top.herokuapp.com/
18:26:43.535 [FXGL Background Thread 3 ] DEBUG Engine               - urlPOM: https://raw.githubusercontent.com/AlmasB/FXGL/release/README.md
18:26:43.535 [FXGL Background Thread 3 ] DEBUG Engine               - userAppClass: class myGame.DawnseekerApp
18:26:43.535 [FXGL Background Thread 3 ] DEBUG Engine               - version: 0.4
18:26:43.535 [FXGL Background Thread 3 ] DEBUG Engine               - versionCheckDays: 7
18:26:43.535 [FXGL Background Thread 3 ] DEBUG Engine               - width: 1024
18:26:43.535 [FXGL Background Thread 3 ] DEBUG Engine               - Logging services
18:26:43.535 [FXGL Background Thread 3 ] DEBUG Engine               - class com.almasb.fxgl.app.services.FXGLAssetLoaderService
18:26:43.535 [FXGL Background Thread 3 ] DEBUG Engine               - class com.almasb.fxgl.app.FXGLApplication$GameApplicationService
18:26:43.535 [FXGL Background Thread 3 ] DEBUG Engine               - class com.almasb.fxgl.app.services.FXGLDialogService
18:26:43.535 [FXGL Background Thread 3 ] DEBUG Engine               - class com.almasb.fxgl.app.services.IOTaskExecutorService
18:26:43.535 [FXGL Background Thread 3 ] DEBUG Engine               - class com.almasb.fxgl.io.FileSystemService
18:26:43.535 [FXGL Background Thread 3 ] DEBUG Engine               - class com.almasb.fxgl.localization.LocalizationService
18:26:43.535 [FXGL Background Thread 3 ] DEBUG Engine               - class com.almasb.fxgl.app.services.SystemBundleService
18:26:43.535 [FXGL Background Thread 3 ] DEBUG Engine               - class com.almasb.fxgl.profile.SaveLoadService
18:26:43.535 [FXGL Background Thread 3 ] DEBUG Engine               - class com.almasb.fxgl.ui.FXGLUIFactoryServiceProvider
18:26:43.535 [FXGL Background Thread 3 ] DEBUG Engine               - class com.almasb.fxgl.ui.FXGLDialogFactoryServiceProvider
18:26:43.535 [FXGL Background Thread 3 ] DEBUG Engine               - class com.almasb.fxgl.audio.AudioPlayer
18:26:43.535 [FXGL Background Thread 3 ] DEBUG Engine               - class com.almasb.fxgl.notification.impl.NotificationServiceProvider
18:26:43.536 [FXGL Background Thread 3 ] DEBUG Engine               - class com.almasb.fxgl.achievement.AchievementService
18:26:43.536 [FXGL Background Thread 3 ] DEBUG Engine               - class com.almasb.fxgl.cutscene.CutsceneService
18:26:43.536 [FXGL Background Thread 3 ] DEBUG Engine               - class com.almasb.fxgl.minigames.MiniGameService
18:26:43.536 [FXGL Background Thread 3 ] DEBUG Engine               - class com.almasb.fxgl.net.NetService
18:26:43.536 [FXGL Background Thread 3 ] DEBUG Engine               - class com.almasb.fxgl.app.services.UpdaterService
18:26:43.536 [FXGL Background Thread 3 ] DEBUG Engine               - class com.almasb.fxgl.dev.DevService
18:26:46.082 [JavaFX Application Thread] DEBUG PrimaryStageWindow   - Pop state: ShopTest
18:26:46.082 [JavaFX Application Thread] DEBUG Input                - Clearing active input actions
18:26:46.082 [JavaFX Application Thread] DEBUG GameApplicationServi - Removing overlay from ShopTest and adding to GameScene
18:26:46.082 [JavaFX Application Thread] DEBUG PrimaryStageWindow   - GameScene <- ShopTest
18:26:46.264 [JavaFX Application Thread] DEBUG FXGLAssetLoaderServi - Loading from file system: file:/C:/Users/narro/git/CS4900G2Proj2/Dawnseeker/target/classes/assets/sounds/player_oof.wav
18:26:48.060 [JavaFX Application Thread] DEBUG FXGLAssetLoaderServi - Loading from file system: file:/C:/Users/narro/git/CS4900G2Proj2/Dawnseeker/target/classes/assets/sounds/magic_missile.wav
18:26:48.064 [JavaFX Application Thread] DEBUG FXGLAssetLoaderServi - Loading from file system: file:/C:/Users/narro/git/CS4900G2Proj2/Dawnseeker/target/classes/assets/textures/FireBallProjectile.png
18:26:48.476 [JavaFX Application Thread] WARN  GameWorld            - Attempted to remove entity which is not active
18:26:48.479 [JavaFX Application Thread] DEBUG FXGLAssetLoaderServi - Loading from file system: file:/C:/Users/narro/git/CS4900G2Proj2/Dawnseeker/target/classes/assets/sounds/bong.wav
18:26:49.432 [JavaFX Application Thread] WARN  GameWorld            - Attempted to remove entity which is not active
18:26:49.480 [JavaFX Application Thread] WARN  GameWorld            - Attempted to remove entity which is not active
18:26:51.176 [JavaFX Application Thread] WARN  GameWorld            - Attempted to remove entity which is not active
18:26:51.321 [JavaFX Application Thread] WARN  GameWorld            - Attempted to remove entity which is not active
18:26:51.352 [JavaFX Application Thread] WARN  GameWorld            - Attempted to remove entity which is not active
18:26:51.560 [JavaFX Application Thread] WARN  GameWorld            - Attempted to remove entity which is not active
18:26:51.737 [JavaFX Application Thread] DEBUG FXGLAssetLoaderServi - Loading from file system: file:/C:/Users/narro/git/CS4900G2Proj2/Dawnseeker/target/classes/assets/sounds/coin_pickup.wav
18:26:51.752 [JavaFX Application Thread] WARN  GameWorld            - Attempted to remove entity which is not active
18:26:52.027 [JavaFX Application Thread] WARN  GameWorld            - Attempted to remove entity which is not active
18:26:52.232 [JavaFX Application Thread] WARN  GameWorld            - Attempted to remove entity which is not active
18:26:52.616 [JavaFX Application Thread] WARN  GameWorld            - Attempted to remove entity which is not active
18:26:52.729 [JavaFX Application Thread] WARN  GameWorld            - Attempted to remove entity which is not active
18:26:54.344 [JavaFX Application Thread] WARN  GameWorld            - Attempted to remove entity which is not active
18:26:55.961 [JavaFX Application Thread] WARN  GameWorld            - Attempted to remove entity which is not active
18:26:57.688 [JavaFX Application Thread] WARN  GameWorld            - Attempted to remove entity which is not active
18:26:57.752 [JavaFX Application Thread] WARN  GameWorld            - Attempted to remove entity which is not active
18:26:58.056 [JavaFX Application Thread] WARN  GameWorld            - Attempted to remove entity which is not active
18:26:59.704 [JavaFX Application Thread] WARN  GameWorld            - Attempted to remove entity which is not active
18:27:00.457 [JavaFX Application Thread] WARN  GameWorld            - Attempted to remove entity which is not active
18:27:01.015 [JavaFX Application Thread] WARN  GameWorld            - Attempted to remove entity which is not active
18:27:01.272 [JavaFX Application Thread] WARN  GameWorld            - Attempted to remove entity which is not active
18:27:01.562 [JavaFX Application Thread] WARN  GameWorld            - Attempted to remove entity which is not active
18:27:01.865 [JavaFX Application Thread] WARN  GameWorld            - Attempted to remove entity which is not active
18:27:02.008 [JavaFX Application Thread] WARN  GameWorld            - Attempted to remove entity which is not active
18:27:02.808 [JavaFX Application Thread] WARN  GameWorld            - Attempted to remove entity which is not active
18:27:02.840 [JavaFX Application Thread] WARN  GameWorld            - Attempted to remove entity which is not active
18:27:03.624 [JavaFX Application Thread] WARN  GameWorld            - Attempted to remove entity which is not active
18:27:04.088 [JavaFX Application Thread] WARN  GameWorld            - Attempted to remove entity which is not active
18:27:04.600 [JavaFX Application Thread] WARN  GameWorld            - Attempted to remove entity which is not active
18:27:05.976 [JavaFX Application Thread] WARN  GameWorld            - Attempted to remove entity which is not active
18:27:05.992 [JavaFX Application Thread] WARN  GameWorld            - Attempted to remove entity which is not active
18:27:06.024 [JavaFX Application Thread] WARN  GameWorld            - Attempted to remove entity which is not active
18:27:06.072 [JavaFX Application Thread] WARN  GameWorld            - Attempted to remove entity which is not active
18:27:06.168 [JavaFX Application Thread] WARN  GameWorld            - Attempted to remove entity which is not active
18:27:07.751 [JavaFX Application Thread] WARN  GameWorld            - Attempted to remove entity which is not active
18:27:07.809 [JavaFX Application Thread] DEBUG FXGLAssetLoaderServi - Loading from file system: file:/C:/Users/narro/git/CS4900G2Proj2/Dawnseeker/target/classes/assets/sounds/yoda_death.wav
18:27:07.816 [JavaFX Application Thread] DEBUG AudioPlayer          - Stopping music com.almasb.fxgl.audio.Music@3fc4b5df
18:27:07.816 [JavaFX Application Thread] DEBUG AudioPlayer          - Stopping music com.almasb.fxgl.audio.Music@1362d4e3
18:27:07.817 [JavaFX Application Thread] DEBUG Input                - Clearing active input actions
18:27:07.823 [JavaFX Application Thread] DEBUG GameApplicationServi - Removing overlay from GameScene and adding to FXGLMainMenuDummyScene
18:27:07.823 [JavaFX Application Thread] DEBUG PrimaryStageWindow   - GameScene -> FXGLMainMenuDummyScene
18:27:07.823 [JavaFX Application Thread] DEBUG PrimaryStageWindow   - Push state: DawnseekerMenu
18:27:07.823 [JavaFX Application Thread] DEBUG Input                - Clearing active input actions
18:27:07.823 [JavaFX Application Thread] DEBUG GameApplicationServi - Removing overlay from FXGLMainMenuDummyScene and adding to DawnseekerMenu
18:27:07.824 [JavaFX Application Thread] DEBUG PrimaryStageWindow   - FXGLMainMenuDummyScene -> DawnseekerMenu
18:27:07.824 [JavaFX Application Thread] DEBUG AudioPlayer          - Playing music com.almasb.fxgl.audio.Music@3fc4b5df
18:27:09.713 [JavaFX Application Thread] DEBUG FXGLApplication      - Exiting FXGL
18:27:09.713 [JavaFX Application Thread] DEBUG LoopRunner           - Stopping loop
18:27:09.714 [JavaFX Application Thread] DEBUG SystemBundleService  - Saving FXGL system data
18:27:09.715 [JavaFX Application Thread] DEBUG FileSystemAccess     - Writing to: C:\Users\narro\git\CS4900G2Proj2\Dawnseeker\system\fxgl.bundle
18:27:09.717 [JavaFX Application Thread] DEBUG Async                - Shutting down background threads
18:27:09.717 [JavaFX Application Thread] DEBUG PrimaryStageWindow   - Closing main window
18:27:09.725 [JavaFX Application Thread] DEBUG Logger               - Closing Logger
