12:47:49.429 [main                     ] DEBUG Logger               - Configured Logger
12:47:49.466 [main                     ] DEBUG GameApplication      - Logging settings
Title: Dawnseeker
Version: 0.1
Width: 1024
Height: 1024
Fullscreen: false
Intro: false
Profiling: false
Single step:false
App Mode: DEVELOPER
Menu Key: ESCAPE
Stage Style: DECORATED
Scene Factory: class com.almasb.fxgl.app.scene.SceneFactory

12:47:49.786 [JavaFX Application Thread] DEBUG FXGLApplication      - Initializing FXGL
12:47:49.790 [JavaFX Application Thread] INFO  Engine               - FXGL-17.2 (20.08.2022 16.50) on WINDOWS (J:19.0.2 FX:18)
12:47:49.791 [JavaFX Application Thread] DEBUG Engine               - JRE Vendor Name: Oracle Corporation
12:47:49.791 [JavaFX Application Thread] DEBUG Engine               - Running on OS: Windows 10 version 10.0
12:47:49.791 [JavaFX Application Thread] DEBUG Engine               - Architecture: amd64
12:47:49.791 [JavaFX Application Thread] INFO  Engine               - Source code and latest versions at: https://github.com/AlmasB/FXGL
12:47:49.791 [JavaFX Application Thread] INFO  Engine               -       Ask questions and discuss at: https://github.com/AlmasB/FXGL/discussions
12:47:49.792 [JavaFX Application Thread] INFO  Engine               -              Join the FXGL chat at: https://gitter.im/AlmasB/FXGL
12:47:49.888 [JavaFX Application Thread] DEBUG PrimaryStageWindow   - Creating a JavaFX scene
12:47:49.888 [JavaFX Application Thread] DEBUG PrimaryStageWindow   - Target size > screen size
12:47:49.927 [JavaFX Application Thread] DEBUG PrimaryStageWindow   - Target settings size: 1024.0 x 1024.0
12:47:49.927 [JavaFX Application Thread] DEBUG PrimaryStageWindow   - Scaled scene size:    799.0 x 824.0
12:47:49.928 [JavaFX Application Thread] DEBUG PrimaryStageWindow   - Scaled ratio: (0.7802734375, 0.8046875)
12:47:49.928 [JavaFX Application Thread] DEBUG PrimaryStageWindow   - Set initial scene to FXGLStartupScene
12:47:49.934 [JavaFX Application Thread] DEBUG PrimaryStageWindow   - Opening main window
12:47:50.018 [JavaFX Application Thread] DEBUG PrimaryStageWindow   - Window border size: (14.5999755859375, 37.5999755859375)
12:47:50.018 [JavaFX Application Thread] DEBUG PrimaryStageWindow   - Scaled size: 799.0 x 824.0
12:47:50.019 [JavaFX Application Thread] DEBUG PrimaryStageWindow   - Scaled ratio: (0.7802734375, 0.8046875)
12:47:50.019 [JavaFX Application Thread] DEBUG PrimaryStageWindow   - Scene size: 799.0 x 824.0
12:47:50.019 [JavaFX Application Thread] DEBUG PrimaryStageWindow   - Stage size: 813.5999755859375 x 861.5999755859375
12:47:50.026 [FXGL Background Thread 1 ] DEBUG Engine               - Initializing environment variables
12:47:50.081 [FXGL Background Thread 1 ] DEBUG FXGLAssetLoaderServi - User app class for loading assets: class myGame.DawnseekerApp
12:47:50.082 [FXGL Background Thread 1 ] DEBUG GameApplicationServi - Applying CSS: fxgl_dark.css
12:47:50.085 [FXGL Background Thread 1 ] DEBUG FXGLAssetLoaderServi - Loading from file system: jar:file:/C:/Users/narro/.m2/repository/com/github/almasb/fxgl/17.2/fxgl-17.2.jar!/fxglassets/ui/css/fxgl_dark.css
12:47:50.125 [FXGL Background Thread 1 ] DEBUG GameApplicationServi - Initializing application scenes
12:47:50.170 [FXGL Background Thread 1 ] DEBUG GameWorld            - Game world initialized
12:47:50.235 [FXGL Background Thread 1 ] DEBUG PhysicsWorld         - Physics world initialized: appHeight=1024, physics.ppm=50.0
12:47:50.235 [FXGL Background Thread 1 ] DEBUG PhysicsWorld         - Using strategy: BRUTE_FORCE
12:47:50.239 [FXGL Background Thread 1 ] DEBUG GameScene            - Game scene initialized: 1024x1024
12:47:50.256 [FXGL Background Thread 1 ] DEBUG FXGL.DefaultMenu     - createMenuBodyMainMenu()
12:47:50.274 [FXGL Background Thread 1 ] DEBUG FXGL.DefaultMenu     - createOptionsMenu()
12:47:50.287 [FXGL Background Thread 1 ] DEBUG FXGLAssetLoaderServi - Loading from file system: jar:file:/C:/Users/narro/.m2/repository/com/github/almasb/fxgl/17.2/fxgl-17.2.jar!/fxglassets/textures/particles/smoke.png
12:47:50.376 [FXGL Background Thread 1 ] DEBUG FXGLAssetLoaderServi - Loading from file system: jar:file:/C:/Users/narro/.m2/repository/com/github/almasb/fxgl/17.2/fxgl-17.2.jar!/fxglassets/textures/particles/trace_horizontal.png
12:47:50.396 [FXGL Background Thread 1 ] DEBUG FXGL.DefaultMenu     - createMenuBodyGameMenu()
12:47:50.397 [FXGL Background Thread 1 ] DEBUG FXGL.DefaultMenu     - createOptionsMenu()
12:47:50.408 [FXGL Background Thread 1 ] DEBUG GameApplicationServi - Application scenes initialized
12:47:50.417 [FXGL Background Thread 1 ] DEBUG SystemBundleService  - Loading FXGL system data
12:47:50.420 [FXGL Background Thread 1 ] DEBUG FileSystemAccess     - Reading from: C:\Users\narro\OneDrive\Documents\coleg\Spring 2023\CS 4900 Senior Seminiar\Dawnseeker\Dawnseeker\system\fxgl.bundle
12:47:50.427 [FXGL Background Thread 1 ] DEBUG SystemBundleService  - Bundle FXGL: {}
12:47:50.427 [FXGL Background Thread 1 ] DEBUG UpdaterService       - Checking for updates
12:47:50.430 [FXGL Background Thread 4 ] DEBUG FXGLApplication      - Loading fonts
12:47:50.430 [FXGL Background Thread 1 ] DEBUG FXGLApplication      - Loading default localization
12:47:50.431 [FXGL Background Thread 4 ] DEBUG FXGLAssetLoaderServi - Loading from file system: jar:file:/C:/Users/narro/.m2/repository/com/github/almasb/fxgl/17.2/fxgl-17.2.jar!/fxglassets/ui/fonts/VarelaRound-Regular.ttf
12:47:50.431 [FXGL Background Thread 1 ] DEBUG FXGLAssetLoaderServi - Loading from file system: jar:file:/C:/Users/narro/.m2/repository/com/github/almasb/fxgl/17.2/fxgl-17.2.jar!/fxglassets/languages/english.lang
12:47:50.456 [FXGL Background Thread 1 ] INFO  FXGLApplication      - FXGL initialization took: 0.431 sec
12:47:50.467 [JavaFX Application Thread] DEBUG Input                - Registered new binding: action0 - W
12:47:50.467 [JavaFX Application Thread] DEBUG Input                - Registered new binding: action1 - S
12:47:50.468 [JavaFX Application Thread] DEBUG Input                - Registered new binding: action2 - A
12:47:50.468 [JavaFX Application Thread] DEBUG Input                - Registered new binding: action3 - D
12:47:50.470 [JavaFX Application Thread] DEBUG Input                - Registered new binding: action4 - LMB
12:47:50.470 [JavaFX Application Thread] DEBUG FXGLAssetLoaderServi - Loading from file system: jar:file:/C:/Users/narro/.m2/repository/com/github/almasb/fxgl/17.2/fxgl-17.2.jar!/fxglassets/textures/fxgl_icon.png
12:47:50.492 [JavaFX Application Thread] DEBUG FXGLAssetLoaderServi - Loading from file system: jar:file:/C:/Users/narro/.m2/repository/com/github/almasb/fxgl/17.2/fxgl-17.2.jar!/fxglassets/textures/fxgl_default_cursor.png
12:47:50.495 [JavaFX Application Thread] DEBUG Input                - Registered new binding: Screenshot - CTRL+8
12:47:50.496 [JavaFX Application Thread] DEBUG Input                - Registered new binding: System info dump - CTRL+9
12:47:50.496 [JavaFX Application Thread] DEBUG Input                - Registered new binding: Restart - CTRL+R
12:47:50.497 [JavaFX Application Thread] DEBUG Input                - Registered new binding: Toggle Debug Camera - CTRL+7
12:47:50.499 [JavaFX Application Thread] DEBUG LoopRunner           - Starting loop
12:47:50.499 [JavaFX Application Thread] DEBUG LoopRunner           - Initializing JavaFX AnimationTimerLoop
12:47:50.503 [JavaFX Application Thread] DEBUG Input                - Clearing active input actions
12:47:50.509 [JavaFX Application Thread] DEBUG GameApplicationServi - Removing overlay from FXGLStartupScene and adding to FXGLMainMenuDummyScene
12:47:50.510 [JavaFX Application Thread] DEBUG PrimaryStageWindow   - FXGLStartupScene -> FXGLMainMenuDummyScene
12:47:50.510 [JavaFX Application Thread] DEBUG PrimaryStageWindow   - Push state: FXGLDefaultMenu
12:47:50.516 [JavaFX Application Thread] DEBUG Input                - Clearing active input actions
12:47:50.517 [FXGL Background Thread 4 ] DEBUG FXGLAssetLoaderServi - Loading from file system: jar:file:/C:/Users/narro/.m2/repository/com/github/almasb/fxgl/17.2/fxgl-17.2.jar!/fxglassets/ui/fonts/Abel-Regular.ttf
12:47:50.526 [JavaFX Application Thread] DEBUG GameApplicationServi - Removing overlay from FXGLMainMenuDummyScene and adding to FXGLDefaultMenu
12:47:50.526 [JavaFX Application Thread] DEBUG PrimaryStageWindow   - FXGLMainMenuDummyScene -> FXGLDefaultMenu
12:47:50.528 [FXGL Background Thread 4 ] DEBUG FXGLAssetLoaderServi - Loading from file system: jar:file:/C:/Users/narro/.m2/repository/com/github/almasb/fxgl/17.2/fxgl-17.2.jar!/fxglassets/ui/fonts/TerminalLandMono-Regular.otf
12:47:50.545 [FXGL Background Thread 4 ] DEBUG FXGLAssetLoaderServi - Loading from file system: jar:file:/C:/Users/narro/.m2/repository/com/github/almasb/fxgl/17.2/fxgl-17.2.jar!/fxglassets/ui/fonts/Courier-Prime.ttf
12:47:50.610 [JavaFX Application Thread] DEBUG FXGLApplication      - Registering font factories with UI factory
12:47:51.631 [JavaFX Application Thread] DEBUG Menu                 - fireNewGame()
12:47:51.631 [JavaFX Application Thread] DEBUG GameApplicationServi - Starting new game
12:47:51.635 [JavaFX Application Thread] DEBUG PrimaryStageWindow   - Pop state: FXGLDefaultMenu
12:47:51.636 [JavaFX Application Thread] DEBUG Input                - Clearing active input actions
12:47:51.637 [JavaFX Application Thread] DEBUG GameApplicationServi - Removing overlay from FXGLDefaultMenu and adding to FXGLMainMenuDummyScene
12:47:51.638 [JavaFX Application Thread] DEBUG PrimaryStageWindow   - FXGLMainMenuDummyScene <- FXGLDefaultMenu
12:47:51.638 [JavaFX Application Thread] DEBUG Input                - Clearing active input actions
12:47:51.651 [JavaFX Application Thread] DEBUG GameApplicationServi - Removing overlay from FXGLMainMenuDummyScene and adding to FXGLLoadingScene
12:47:51.652 [JavaFX Application Thread] DEBUG PrimaryStageWindow   - FXGLMainMenuDummyScene -> FXGLLoadingScene
12:47:51.652 [JavaFX Application Thread] DEBUG GameApplicationServi - Clearing previous game
12:47:51.652 [JavaFX Application Thread] DEBUG GameScene            - Clearing game scene
12:47:51.652 [JavaFX Application Thread] DEBUG GameWorld            - Clearing game world
12:47:51.652 [JavaFX Application Thread] DEBUG PhysicsWorld         - Clearing physics world
12:47:51.655 [FXGL Background Thread 2 ] DEBUG FXGLApplication      - Initializing game
12:47:51.667 [FXGL Background Thread 2 ] DEBUG FXGLAssetLoaderServi - Loading from file system: file:/C:/Users/narro/OneDrive/Documents/coleg/Spring%202023/CS%204900%20Senior%20Seminiar/Dawnseeker/Dawnseeker/target/classes/assets/textures/PlayerCharacterDawnseeker.png
12:47:51.687 [FXGL Background Thread 2 ] WARN  GameWorld            - Entity is already attached to world
12:47:51.689 [FXGL Background Thread 2 ] WARN  Entity               - Entity already has component: com.almasb.fxgl.entity.components.CollidableComponent
12:47:51.690 [FXGL Background Thread 2 ] WARN  GameWorld            - Entity is already attached to world
12:47:51.691 [FXGL Background Thread 2 ] WARN  Entity               - Entity already has component: com.almasb.fxgl.entity.components.CollidableComponent
12:47:51.691 [FXGL Background Thread 2 ] WARN  GameWorld            - Entity is already attached to world
12:47:51.693 [FXGL Background Thread 2 ] WARN  Entity               - Entity already has component: com.almasb.fxgl.entity.components.CollidableComponent
12:47:51.693 [FXGL Background Thread 2 ] WARN  GameWorld            - Entity is already attached to world
12:47:51.695 [FXGL Background Thread 2 ] WARN  Entity               - Entity already has component: com.almasb.fxgl.entity.components.CollidableComponent
12:47:51.696 [FXGL Background Thread 2 ] WARN  GameWorld            - Entity is already attached to world
12:47:51.720 [FXGL Background Thread 2 ] INFO  FXGLApplication      - Game initialization took: 0.065 sec
12:47:51.721 [JavaFX Application Thread] DEBUG Input                - Clearing active input actions
12:47:51.731 [JavaFX Application Thread] DEBUG GameApplicationServi - Removing overlay from FXGLLoadingScene and adding to GameScene
12:47:51.731 [JavaFX Application Thread] DEBUG PrimaryStageWindow   - FXGLLoadingScene -> GameScene
12:47:52.193 [JavaFX Application Thread] DEBUG FXGLAssetLoaderServi - Loading from file system: file:/C:/Users/narro/OneDrive/Documents/coleg/Spring%202023/CS%204900%20Senior%20Seminiar/Dawnseeker/Dawnseeker/target/classes/assets/textures/EnemyDawnseeker.png
12:47:53.430 [FXGL Background Thread 3 ] DEBUG Engine               - Logging environment variables
12:47:53.431 [FXGL Background Thread 3 ] DEBUG Engine               - achievements: []
12:47:53.431 [FXGL Background Thread 3 ] DEBUG Engine               - actualHeight: 824.0
12:47:53.431 [FXGL Background Thread 3 ] DEBUG Engine               - actualHeightProperty: ReadOnlyDoubleProperty [value: 824.0]
12:47:53.431 [FXGL Background Thread 3 ] DEBUG Engine               - actualWidth: 799.0
12:47:53.431 [FXGL Background Thread 3 ] DEBUG Engine               - actualWidthProperty: ReadOnlyDoubleProperty [value: 799.0]
12:47:53.431 [FXGL Background Thread 3 ] DEBUG Engine               - appIcon: fxgl_icon.png
12:47:53.431 [FXGL Background Thread 3 ] DEBUG Engine               - applicationMode: DEVELOPER
12:47:53.432 [FXGL Background Thread 3 ] DEBUG Engine               - cSSList: [fxgl_dark.css]
12:47:53.432 [FXGL Background Thread 3 ] DEBUG Engine               - collisionDetectionStrategy: BRUTE_FORCE
12:47:53.432 [FXGL Background Thread 3 ] DEBUG Engine               - configClass: Optional.empty
12:47:53.432 [FXGL Background Thread 3 ] DEBUG Engine               - credits: []
12:47:53.433 [FXGL Background Thread 3 ] DEBUG Engine               - defaultCursor: CursorInfo(imageName=fxgl_default_cursor.png, hotspotX=7.0, hotspotY=6.0)
12:47:53.433 [FXGL Background Thread 3 ] DEBUG Engine               - devBBoxColorProperty: ObjectProperty [value: 0xff0000ff]
12:47:53.433 [FXGL Background Thread 3 ] DEBUG Engine               - devEnableDebugCameraProperty: BooleanProperty [value: false]
12:47:53.433 [FXGL Background Thread 3 ] DEBUG Engine               - devSensorColorProperty: ObjectProperty [value: 0xffff00ff]
12:47:53.433 [FXGL Background Thread 3 ] DEBUG Engine               - devShowBBoxProperty: BooleanProperty [value: false]
12:47:53.433 [FXGL Background Thread 3 ] DEBUG Engine               - devShowPositionProperty: BooleanProperty [value: false]
12:47:53.433 [FXGL Background Thread 3 ] DEBUG Engine               - enabledMenuItems: []
12:47:53.433 [FXGL Background Thread 3 ] DEBUG Engine               - engineServices: [class com.almasb.fxgl.app.services.FXGLAssetLoaderService, class com.almasb.fxgl.app.FXGLApplication$GameApplicationService, class com.almasb.fxgl.app.services.FXGLDialogService, class com.almasb.fxgl.app.services.IOTaskExecutorService, class com.almasb.fxgl.io.FileSystemService, class com.almasb.fxgl.localization.LocalizationService, class com.almasb.fxgl.app.services.SystemBundleService, class com.almasb.fxgl.profile.SaveLoadService, class com.almasb.fxgl.ui.FXGLUIFactoryServiceProvider, class com.almasb.fxgl.ui.FXGLDialogFactoryServiceProvider, class com.almasb.fxgl.audio.AudioPlayer, class com.almasb.fxgl.notification.impl.NotificationServiceProvider, class com.almasb.fxgl.achievement.AchievementService, class com.almasb.fxgl.cutscene.CutsceneService, class com.almasb.fxgl.minigames.MiniGameService, class com.almasb.fxgl.net.NetService, class com.almasb.fxgl.app.services.UpdaterService, class com.almasb.fxgl.dev.DevService]
12:47:53.433 [FXGL Background Thread 3 ] DEBUG Engine               - fontGame: Abel-Regular.ttf
12:47:53.433 [FXGL Background Thread 3 ] DEBUG Engine               - fontMono: TerminalLandMono-Regular.otf
12:47:53.433 [FXGL Background Thread 3 ] DEBUG Engine               - fontText: Courier-Prime.ttf
12:47:53.433 [FXGL Background Thread 3 ] DEBUG Engine               - fontUI: VarelaRound-Regular.ttf
12:47:53.434 [FXGL Background Thread 3 ] DEBUG Engine               - fullScreen: BooleanProperty [value: false]
12:47:53.434 [FXGL Background Thread 3 ] DEBUG Engine               - gameDifficulty: MEDIUM
12:47:53.434 [FXGL Background Thread 3 ] DEBUG Engine               - gameDifficultyProperty: ObjectProperty [value: MEDIUM]
12:47:53.434 [FXGL Background Thread 3 ] DEBUG Engine               - globalMusicVolume: 0.5
12:47:53.434 [FXGL Background Thread 3 ] DEBUG Engine               - globalMusicVolumeProperty: DoubleProperty [value: 0.5]
12:47:53.434 [FXGL Background Thread 3 ] DEBUG Engine               - globalSoundVolume: 0.5
12:47:53.434 [FXGL Background Thread 3 ] DEBUG Engine               - globalSoundVolumeProperty: DoubleProperty [value: 0.5]
12:47:53.434 [FXGL Background Thread 3 ] DEBUG Engine               - height: 1024
12:47:53.434 [FXGL Background Thread 3 ] DEBUG Engine               - is3D: false
12:47:53.434 [FXGL Background Thread 3 ] DEBUG Engine               - isAndroid: false
12:47:53.434 [FXGL Background Thread 3 ] DEBUG Engine               - isBrowser: false
12:47:53.434 [FXGL Background Thread 3 ] DEBUG Engine               - isClickFeedbackEnabled: false
12:47:53.434 [FXGL Background Thread 3 ] DEBUG Engine               - isCloseConfirmation: false
12:47:53.434 [FXGL Background Thread 3 ] DEBUG Engine               - isDesktop: true
12:47:53.434 [FXGL Background Thread 3 ] DEBUG Engine               - isDeveloperMenuEnabled: false
12:47:53.434 [FXGL Background Thread 3 ] DEBUG Engine               - isEmbedded: false
12:47:53.434 [FXGL Background Thread 3 ] DEBUG Engine               - isEntityPreloadEnabled: true
12:47:53.434 [FXGL Background Thread 3 ] DEBUG Engine               - isExperimentalTiledLargeMap: false
12:47:53.434 [FXGL Background Thread 3 ] DEBUG Engine               - isFileSystemWriteAllowed: true
12:47:53.434 [FXGL Background Thread 3 ] DEBUG Engine               - isFullScreenAllowed: false
12:47:53.435 [FXGL Background Thread 3 ] DEBUG Engine               - isFullScreenFromStart: false
12:47:53.435 [FXGL Background Thread 3 ] DEBUG Engine               - isGameMenuEnabled: true
12:47:53.435 [FXGL Background Thread 3 ] DEBUG Engine               - isIOS: false
12:47:53.435 [FXGL Background Thread 3 ] DEBUG Engine               - isIntroEnabled: false
12:47:53.435 [FXGL Background Thread 3 ] DEBUG Engine               - isLinux: false
12:47:53.435 [FXGL Background Thread 3 ] DEBUG Engine               - isMac: false
12:47:53.435 [FXGL Background Thread 3 ] DEBUG Engine               - isMainMenuEnabled: true
12:47:53.435 [FXGL Background Thread 3 ] DEBUG Engine               - isManualResizeEnabled: false
12:47:53.435 [FXGL Background Thread 3 ] DEBUG Engine               - isMobile: false
12:47:53.435 [FXGL Background Thread 3 ] DEBUG Engine               - isNative: false
12:47:53.435 [FXGL Background Thread 3 ] DEBUG Engine               - isPauseMusicWhenMinimized: true
12:47:53.435 [FXGL Background Thread 3 ] DEBUG Engine               - isPreserveResizeRatio: false
12:47:53.435 [FXGL Background Thread 3 ] DEBUG Engine               - isProfilingEnabled: false
12:47:53.435 [FXGL Background Thread 3 ] DEBUG Engine               - isScaleAffectedOnResize: true
12:47:53.435 [FXGL Background Thread 3 ] DEBUG Engine               - isSingleStep: false
12:47:53.435 [FXGL Background Thread 3 ] DEBUG Engine               - isUserProfileEnabled: false
12:47:53.435 [FXGL Background Thread 3 ] DEBUG Engine               - isWindows: true
12:47:53.435 [FXGL Background Thread 3 ] DEBUG Engine               - language: ObjectProperty [value: ENGLISH]
12:47:53.435 [FXGL Background Thread 3 ] DEBUG Engine               - menuKey: ESCAPE
12:47:53.435 [FXGL Background Thread 3 ] DEBUG Engine               - mouseSensitivity: 0.2
12:47:53.435 [FXGL Background Thread 3 ] DEBUG Engine               - notificationViewClass: class com.almasb.fxgl.notification.view.XboxNotificationView
12:47:53.436 [FXGL Background Thread 3 ] DEBUG Engine               - pixelsPerMeter: 50.0
12:47:53.436 [FXGL Background Thread 3 ] DEBUG Engine               - platform: WINDOWS
12:47:53.436 [FXGL Background Thread 3 ] DEBUG Engine               - prefHeightProperty: ReadOnlyDoubleProperty [value: 1024.0]
12:47:53.436 [FXGL Background Thread 3 ] DEBUG Engine               - prefWidthProperty: ReadOnlyDoubleProperty [value: 1024.0]
12:47:53.436 [FXGL Background Thread 3 ] DEBUG Engine               - profileDir: profiles/
12:47:53.436 [FXGL Background Thread 3 ] DEBUG Engine               - profileName: StringProperty [value: DEFAULT]
12:47:53.436 [FXGL Background Thread 3 ] DEBUG Engine               - randomSeed: -1
12:47:53.436 [FXGL Background Thread 3 ] DEBUG Engine               - runtimeInfo: RuntimeInfo(platform=WINDOWS, version=17.2, build=20.08.2022 16.50)
12:47:53.436 [FXGL Background Thread 3 ] DEBUG Engine               - saveFileExt: sav
12:47:53.436 [FXGL Background Thread 3 ] DEBUG Engine               - scaledHeightProp$fxgl: DoubleProperty [bound, value: 824.0]
12:47:53.436 [FXGL Background Thread 3 ] DEBUG Engine               - scaledWidthProp$fxgl: DoubleProperty [bound, value: 799.0]
12:47:53.436 [FXGL Background Thread 3 ] DEBUG Engine               - sceneFactory: com.almasb.fxgl.app.scene.SceneFactory@5e48470e
12:47:53.436 [FXGL Background Thread 3 ] DEBUG Engine               - secondsIn24h: 60
12:47:53.437 [FXGL Background Thread 3 ] DEBUG Engine               - soundMenuBack: menu/back.wav
12:47:53.437 [FXGL Background Thread 3 ] DEBUG Engine               - soundMenuPress: menu/press.wav
12:47:53.437 [FXGL Background Thread 3 ] DEBUG Engine               - soundMenuSelect: menu/select.wav
12:47:53.437 [FXGL Background Thread 3 ] DEBUG Engine               - soundNotification: core/notification.wav
12:47:53.437 [FXGL Background Thread 3 ] DEBUG Engine               - stageStyle: DECORATED
12:47:53.437 [FXGL Background Thread 3 ] DEBUG Engine               - supportedLanguages: [ENGLISH, FRENCH, GERMAN, HUNGARIAN, RUSSIAN]
12:47:53.437 [FXGL Background Thread 3 ] DEBUG Engine               - ticksPerSecond: -1
12:47:53.437 [FXGL Background Thread 3 ] DEBUG Engine               - title: Dawnseeker
12:47:53.437 [FXGL Background Thread 3 ] DEBUG Engine               - urlGithub: https://github.com/AlmasB/FXGL
12:47:53.437 [FXGL Background Thread 3 ] DEBUG Engine               - urlLeaderboard: http://fxgl-top.herokuapp.com/
12:47:53.437 [FXGL Background Thread 3 ] DEBUG Engine               - urlPOM: https://raw.githubusercontent.com/AlmasB/FXGL/release/README.md
12:47:53.437 [FXGL Background Thread 3 ] DEBUG Engine               - userAppClass: class myGame.DawnseekerApp
12:47:53.437 [FXGL Background Thread 3 ] DEBUG Engine               - version: 0.1
12:47:53.437 [FXGL Background Thread 3 ] DEBUG Engine               - versionCheckDays: 7
12:47:53.437 [FXGL Background Thread 3 ] DEBUG Engine               - width: 1024
12:47:53.437 [FXGL Background Thread 3 ] DEBUG Engine               - Logging services
12:47:53.437 [FXGL Background Thread 3 ] DEBUG Engine               - class com.almasb.fxgl.app.services.FXGLAssetLoaderService
12:47:53.437 [FXGL Background Thread 3 ] DEBUG Engine               - class com.almasb.fxgl.app.FXGLApplication$GameApplicationService
12:47:53.437 [FXGL Background Thread 3 ] DEBUG Engine               - class com.almasb.fxgl.app.services.FXGLDialogService
12:47:53.437 [FXGL Background Thread 3 ] DEBUG Engine               - class com.almasb.fxgl.app.services.IOTaskExecutorService
12:47:53.437 [FXGL Background Thread 3 ] DEBUG Engine               - class com.almasb.fxgl.io.FileSystemService
12:47:53.437 [FXGL Background Thread 3 ] DEBUG Engine               - class com.almasb.fxgl.localization.LocalizationService
12:47:53.437 [FXGL Background Thread 3 ] DEBUG Engine               - class com.almasb.fxgl.app.services.SystemBundleService
12:47:53.438 [FXGL Background Thread 3 ] DEBUG Engine               - class com.almasb.fxgl.profile.SaveLoadService
12:47:53.438 [FXGL Background Thread 3 ] DEBUG Engine               - class com.almasb.fxgl.ui.FXGLUIFactoryServiceProvider
12:47:53.438 [FXGL Background Thread 3 ] DEBUG Engine               - class com.almasb.fxgl.ui.FXGLDialogFactoryServiceProvider
12:47:53.438 [FXGL Background Thread 3 ] DEBUG Engine               - class com.almasb.fxgl.audio.AudioPlayer
12:47:53.438 [FXGL Background Thread 3 ] DEBUG Engine               - class com.almasb.fxgl.notification.impl.NotificationServiceProvider
12:47:53.438 [FXGL Background Thread 3 ] DEBUG Engine               - class com.almasb.fxgl.achievement.AchievementService
12:47:53.438 [FXGL Background Thread 3 ] DEBUG Engine               - class com.almasb.fxgl.cutscene.CutsceneService
12:47:53.438 [FXGL Background Thread 3 ] DEBUG Engine               - class com.almasb.fxgl.minigames.MiniGameService
12:47:53.438 [FXGL Background Thread 3 ] DEBUG Engine               - class com.almasb.fxgl.net.NetService
12:47:53.438 [FXGL Background Thread 3 ] DEBUG Engine               - class com.almasb.fxgl.app.services.UpdaterService
12:47:53.438 [FXGL Background Thread 3 ] DEBUG Engine               - class com.almasb.fxgl.dev.DevService
12:48:03.752 [JavaFX Application Thread] DEBUG FXGLAssetLoaderServi - Loading from file system: file:/C:/Users/narro/OneDrive/Documents/coleg/Spring%202023/CS%204900%20Senior%20Seminiar/Dawnseeker/Dawnseeker/target/classes/assets/textures/FireBallProjectile.png
12:48:25.023 [JavaFX Application Thread] DEBUG FXGLApplication      - Exiting FXGL
12:48:25.025 [JavaFX Application Thread] DEBUG LoopRunner           - Stopping loop
12:48:25.025 [JavaFX Application Thread] DEBUG SystemBundleService  - Saving FXGL system data
12:48:25.029 [JavaFX Application Thread] DEBUG FileSystemAccess     - Writing to: C:\Users\narro\OneDrive\Documents\coleg\Spring 2023\CS 4900 Senior Seminiar\Dawnseeker\Dawnseeker\system\fxgl.bundle
12:48:25.035 [JavaFX Application Thread] DEBUG Async                - Shutting down background threads
12:48:25.036 [JavaFX Application Thread] DEBUG PrimaryStageWindow   - Closing main window
12:48:25.051 [JavaFX Application Thread] DEBUG Logger               - Closing Logger
