13:20:42.301 [main                     ] DEBUG Logger               - Configured Logger
13:20:42.335 [main                     ] DEBUG GameApplication      - Logging settings
Title: Dawnseeker
Version: 0.4
Width: 1920
Height: 1080
Fullscreen: false
Intro: false
Profiling: false
Single step:false
App Mode: DEVELOPER
Menu Key: ESCAPE
Stage Style: DECORATED
Scene Factory: class myGame.DawnseekerApp$1

13:20:42.806 [JavaFX Application Thread] DEBUG FXGLApplication      - Initializing FXGL
13:20:42.814 [JavaFX Application Thread] INFO  Engine               - FXGL-17.2 (20.08.2022 16.50) on WINDOWS (J:19.0.2 FX:18)
13:20:42.814 [JavaFX Application Thread] DEBUG Engine               - JRE Vendor Name: Oracle Corporation
13:20:42.815 [JavaFX Application Thread] DEBUG Engine               - Running on OS: Windows 10 version 10.0
13:20:42.815 [JavaFX Application Thread] DEBUG Engine               - Architecture: amd64
13:20:42.815 [JavaFX Application Thread] INFO  Engine               - Source code and latest versions at: https://github.com/AlmasB/FXGL
13:20:42.816 [JavaFX Application Thread] INFO  Engine               -       Ask questions and discuss at: https://github.com/AlmasB/FXGL/discussions
13:20:42.816 [JavaFX Application Thread] INFO  Engine               -              Join the FXGL chat at: https://gitter.im/AlmasB/FXGL
13:20:42.973 [JavaFX Application Thread] DEBUG PrimaryStageWindow   - Creating a JavaFX scene
13:20:42.973 [JavaFX Application Thread] DEBUG PrimaryStageWindow   - Target size > screen size
13:20:43.026 [JavaFX Application Thread] DEBUG PrimaryStageWindow   - Target settings size: 1920.0 x 1080.0
13:20:43.027 [JavaFX Application Thread] DEBUG PrimaryStageWindow   - Scaled scene size:    1439.0 x 823.0
13:20:43.027 [JavaFX Application Thread] DEBUG PrimaryStageWindow   - Scaled ratio: (0.7494791666666667, 0.7620370370370371)
13:20:43.028 [JavaFX Application Thread] DEBUG PrimaryStageWindow   - Set initial scene to FXGLStartupScene
13:20:43.037 [JavaFX Application Thread] DEBUG PrimaryStageWindow   - Opening main window
13:20:43.163 [JavaFX Application Thread] DEBUG PrimaryStageWindow   - Window border size: (14.5999755859375, 37.79998779296875)
13:20:43.163 [JavaFX Application Thread] DEBUG PrimaryStageWindow   - Scaled size: 1439.0 x 823.0
13:20:43.164 [JavaFX Application Thread] DEBUG PrimaryStageWindow   - Scaled ratio: (0.7494791666666667, 0.7620370370370371)
13:20:43.164 [JavaFX Application Thread] DEBUG PrimaryStageWindow   - Scene size: 1439.0 x 823.0
13:20:43.164 [JavaFX Application Thread] DEBUG PrimaryStageWindow   - Stage size: 1453.5999755859375 x 860.7999877929688
13:20:43.178 [FXGL Background Thread 1 ] DEBUG Engine               - Initializing environment variables
13:20:43.279 [FXGL Background Thread 1 ] DEBUG FXGLAssetLoaderServi - User app class for loading assets: class myGame.DawnseekerApp
13:20:43.280 [FXGL Background Thread 1 ] DEBUG GameApplicationServi - Applying CSS: fxgl_dark.css
13:20:43.282 [FXGL Background Thread 1 ] DEBUG FXGLAssetLoaderServi - Loading from file system: jar:file:/C:/Users/narro/.m2/repository/com/github/almasb/fxgl/17.2/fxgl-17.2.jar!/fxglassets/ui/css/fxgl_dark.css
13:20:43.364 [FXGL Background Thread 1 ] DEBUG GameApplicationServi - Initializing application scenes
13:20:43.433 [FXGL Background Thread 1 ] DEBUG GameWorld            - Game world initialized
13:20:43.524 [FXGL Background Thread 1 ] DEBUG PhysicsWorld         - Physics world initialized: appHeight=1080, physics.ppm=50.0
13:20:43.524 [FXGL Background Thread 1 ] DEBUG PhysicsWorld         - Using strategy: BRUTE_FORCE
13:20:43.532 [FXGL Background Thread 1 ] DEBUG GameScene            - Game scene initialized: 1920x1080
13:20:43.532 [FXGL Background Thread 1 ] DEBUG FXGLAssetLoaderServi - Loading from file system: file:/C:/Users/narro/git/CS4900G2Proj2/Dawnseeker/target/classes/assets/music/shop.mp3
13:20:43.723 [FXGL Background Thread 1 ] DEBUG AudioPlayer          - Playing music com.almasb.fxgl.audio.Music@28fd432a
13:20:43.747 [FXGL Background Thread 1 ] DEBUG FXGLAssetLoaderServi - Loading from file system: file:/C:/Users/narro/git/CS4900G2Proj2/Dawnseeker/target/classes/assets/textures/bg.png
13:20:43.876 [FXGL Background Thread 1 ] DEBUG FXGL.DefaultMenu     - createMenuBodyGameMenu()
13:20:43.893 [FXGL Background Thread 1 ] DEBUG FXGL.DefaultMenu     - createOptionsMenu()
13:20:43.902 [FXGL Background Thread 1 ] DEBUG FXGLAssetLoaderServi - Loading from file system: jar:file:/C:/Users/narro/.m2/repository/com/github/almasb/fxgl/17.2/fxgl-17.2.jar!/fxglassets/textures/particles/smoke.png
13:20:44.024 [FXGL Background Thread 1 ] DEBUG FXGLAssetLoaderServi - Loading from file system: jar:file:/C:/Users/narro/.m2/repository/com/github/almasb/fxgl/17.2/fxgl-17.2.jar!/fxglassets/textures/particles/trace_horizontal.png
13:20:44.046 [FXGL Background Thread 1 ] DEBUG GameApplicationServi - Application scenes initialized
13:20:44.065 [FXGL Background Thread 1 ] DEBUG SystemBundleService  - Loading FXGL system data
13:20:44.074 [FXGL Background Thread 1 ] DEBUG FileSystemAccess     - Reading from: C:\Users\narro\git\CS4900G2Proj2\Dawnseeker\system\fxgl.bundle
13:20:44.086 [FXGL Background Thread 1 ] DEBUG SystemBundleService  - Bundle FXGL: {}
13:20:44.086 [FXGL Background Thread 1 ] DEBUG UpdaterService       - Checking for updates
13:20:44.092 [FXGL Background Thread 4 ] DEBUG FXGLApplication      - Loading fonts
13:20:44.093 [FXGL Background Thread 4 ] DEBUG FXGLAssetLoaderServi - Loading from file system: jar:file:/C:/Users/narro/.m2/repository/com/github/almasb/fxgl/17.2/fxgl-17.2.jar!/fxglassets/ui/fonts/VarelaRound-Regular.ttf
13:20:44.094 [FXGL Background Thread 1 ] DEBUG FXGLAssetLoaderServi - Loading from file system: jar:file:/C:/Users/narro/.m2/repository/com/github/almasb/fxgl/17.2/fxgl-17.2.jar!/fxglassets/languages/english.lang
13:20:44.134 [FXGL Background Thread 1 ] INFO  FXGLApplication      - FXGL initialization took: 0.955 sec
13:20:44.141 [JavaFX Application Thread] DEBUG Input                - Registered new binding: action0 - LMB
13:20:44.154 [JavaFX Application Thread] DEBUG Input                - Registered new binding: Up - W
13:20:44.154 [JavaFX Application Thread] DEBUG Input                - Registered new binding: Down - S
13:20:44.154 [JavaFX Application Thread] DEBUG Input                - Registered new binding: Right - D
13:20:44.155 [JavaFX Application Thread] DEBUG Input                - Registered new binding: Left - A
13:20:44.155 [JavaFX Application Thread] DEBUG FXGLAssetLoaderServi - Loading from file system: jar:file:/C:/Users/narro/.m2/repository/com/github/almasb/fxgl/17.2/fxgl-17.2.jar!/fxglassets/textures/fxgl_icon.png
13:20:44.177 [JavaFX Application Thread] DEBUG FXGLAssetLoaderServi - Loading from file system: jar:file:/C:/Users/narro/.m2/repository/com/github/almasb/fxgl/17.2/fxgl-17.2.jar!/fxglassets/textures/fxgl_default_cursor.png
13:20:44.180 [JavaFX Application Thread] DEBUG Input                - Registered new binding: Screenshot - CTRL+8
13:20:44.181 [JavaFX Application Thread] DEBUG Input                - Registered new binding: System info dump - CTRL+9
13:20:44.182 [JavaFX Application Thread] DEBUG Input                - Registered new binding: Restart - CTRL+R
13:20:44.183 [JavaFX Application Thread] DEBUG Input                - Registered new binding: Toggle Debug Camera - CTRL+7
13:20:44.187 [JavaFX Application Thread] DEBUG LoopRunner           - Starting loop
13:20:44.187 [JavaFX Application Thread] DEBUG LoopRunner           - Initializing JavaFX AnimationTimerLoop
13:20:44.192 [JavaFX Application Thread] DEBUG Input                - Clearing active input actions
13:20:44.210 [JavaFX Application Thread] DEBUG GameApplicationServi - Removing overlay from FXGLStartupScene and adding to FXGLMainMenuDummyScene
13:20:44.211 [JavaFX Application Thread] DEBUG PrimaryStageWindow   - FXGLStartupScene -> FXGLMainMenuDummyScene
13:20:44.211 [JavaFX Application Thread] DEBUG PrimaryStageWindow   - Push state: DawnseekerMenu
13:20:44.212 [JavaFX Application Thread] DEBUG Input                - Clearing active input actions
13:20:44.218 [JavaFX Application Thread] DEBUG GameApplicationServi - Removing overlay from FXGLMainMenuDummyScene and adding to DawnseekerMenu
13:20:44.219 [JavaFX Application Thread] DEBUG PrimaryStageWindow   - FXGLMainMenuDummyScene -> DawnseekerMenu
13:20:44.233 [FXGL Background Thread 4 ] DEBUG FXGLAssetLoaderServi - Loading from file system: jar:file:/C:/Users/narro/.m2/repository/com/github/almasb/fxgl/17.2/fxgl-17.2.jar!/fxglassets/ui/fonts/Abel-Regular.ttf
13:20:44.252 [FXGL Background Thread 4 ] DEBUG FXGLAssetLoaderServi - Loading from file system: jar:file:/C:/Users/narro/.m2/repository/com/github/almasb/fxgl/17.2/fxgl-17.2.jar!/fxglassets/ui/fonts/TerminalLandMono-Regular.otf
13:20:44.269 [FXGL Background Thread 4 ] DEBUG FXGLAssetLoaderServi - Loading from file system: jar:file:/C:/Users/narro/.m2/repository/com/github/almasb/fxgl/17.2/fxgl-17.2.jar!/fxglassets/ui/fonts/Courier-Prime.ttf
13:20:44.285 [JavaFX Application Thread] DEBUG FXGLApplication      - Registering font factories with UI factory
13:20:44.698 [FXGL Background Thread 2 ] INFO  UpdaterService       - Your current version:  17.2
13:20:44.699 [FXGL Background Thread 2 ] INFO  UpdaterService       - Latest stable version: 17.3
13:20:44.875 [JavaFX Application Thread] DEBUG Menu                 - fireNewGame()
13:20:44.875 [JavaFX Application Thread] DEBUG GameApplicationServi - Starting new game
13:20:44.876 [JavaFX Application Thread] DEBUG PrimaryStageWindow   - Pop state: DawnseekerMenu
13:20:44.876 [JavaFX Application Thread] DEBUG Input                - Clearing active input actions
13:20:44.876 [JavaFX Application Thread] DEBUG GameApplicationServi - Removing overlay from DawnseekerMenu and adding to FXGLMainMenuDummyScene
13:20:44.877 [JavaFX Application Thread] DEBUG PrimaryStageWindow   - FXGLMainMenuDummyScene <- DawnseekerMenu
13:20:44.877 [JavaFX Application Thread] DEBUG Input                - Clearing active input actions
13:20:44.886 [JavaFX Application Thread] DEBUG GameApplicationServi - Removing overlay from FXGLMainMenuDummyScene and adding to FXGLLoadingScene
13:20:44.886 [JavaFX Application Thread] DEBUG PrimaryStageWindow   - FXGLMainMenuDummyScene -> FXGLLoadingScene
13:20:44.886 [JavaFX Application Thread] DEBUG GameApplicationServi - Clearing previous game
13:20:44.886 [JavaFX Application Thread] DEBUG GameScene            - Clearing game scene
13:20:44.886 [JavaFX Application Thread] DEBUG GameWorld            - Clearing game world
13:20:44.887 [JavaFX Application Thread] DEBUG PhysicsWorld         - Clearing physics world
13:20:44.889 [JavaFX Application Thread] DEBUG AudioPlayer          - Stopping music com.almasb.fxgl.audio.Music@28fd432a
13:20:44.889 [FXGL Background Thread 2 ] DEBUG FXGLApplication      - Initializing game
13:20:44.897 [FXGL Background Thread 2 ] DEBUG FXGLAssetLoaderServi - Loading from file system: file:/C:/Users/narro/git/CS4900G2Proj2/Dawnseeker/target/classes/assets/music/heartache.mp3
13:20:44.901 [FXGL Background Thread 2 ] DEBUG AudioPlayer          - Playing music com.almasb.fxgl.audio.Music@7420fc64
13:20:44.926 [FXGL Background Thread 2 ] DEBUG FXGLAssetLoaderServi - Loading from file system: file:/C:/Users/narro/git/CS4900G2Proj2/Dawnseeker/target/classes/assets/textures/DawnseekerPCV2.png
13:20:44.931 [FXGL Background Thread 2 ] DEBUG FXGLAssetLoaderServi - Loading from file system: file:/C:/Users/narro/git/CS4900G2Proj2/Dawnseeker/target/classes/assets/textures/DawnseekerPCV2Down.png
13:20:44.934 [FXGL Background Thread 2 ] DEBUG FXGLAssetLoaderServi - Loading from file system: file:/C:/Users/narro/git/CS4900G2Proj2/Dawnseeker/target/classes/assets/textures/DawnseekerPCV2Up.png
13:20:44.936 [FXGL Background Thread 2 ] DEBUG FXGLAssetLoaderServi - Loading from file system: file:/C:/Users/narro/git/CS4900G2Proj2/Dawnseeker/target/classes/assets/textures/DawnseekerPCV2Right.png
13:20:44.939 [FXGL Background Thread 2 ] DEBUG FXGLAssetLoaderServi - Loading from file system: file:/C:/Users/narro/git/CS4900G2Proj2/Dawnseeker/target/classes/assets/textures/DawnseekerPCV2Left.png
13:20:44.959 [FXGL Background Thread 2 ] DEBUG FXGLAssetLoaderServi - Loading from file system: file:/C:/Users/narro/git/CS4900G2Proj2/Dawnseeker/target/classes/assets/textures/BackGroung.png
13:20:45.001 [FXGL Background Thread 2 ] WARN  GameWorld            - Entity is already attached to world
13:20:45.002 [FXGL Background Thread 2 ] DEBUG FXGLAssetLoaderServi - Loading from file system: file:/C:/Users/narro/git/CS4900G2Proj2/Dawnseeker/target/classes/assets/textures/Rock1.png
13:20:45.005 [FXGL Background Thread 2 ] WARN  Entity               - Entity already has component: com.almasb.fxgl.entity.components.CollidableComponent
13:20:45.007 [FXGL Background Thread 2 ] WARN  GameWorld            - Entity is already attached to world
13:20:45.008 [FXGL Background Thread 2 ] DEBUG FXGLAssetLoaderServi - Loading from file system: file:/C:/Users/narro/git/CS4900G2Proj2/Dawnseeker/target/classes/assets/textures/Rock2.png
13:20:45.010 [FXGL Background Thread 2 ] WARN  Entity               - Entity already has component: com.almasb.fxgl.entity.components.CollidableComponent
13:20:45.010 [FXGL Background Thread 2 ] WARN  GameWorld            - Entity is already attached to world
13:20:45.012 [FXGL Background Thread 2 ] DEBUG FXGLAssetLoaderServi - Loading from file system: file:/C:/Users/narro/git/CS4900G2Proj2/Dawnseeker/target/classes/assets/textures/BigRock1.png
13:20:45.013 [FXGL Background Thread 2 ] WARN  Entity               - Entity already has component: com.almasb.fxgl.entity.components.CollidableComponent
13:20:45.014 [FXGL Background Thread 2 ] WARN  GameWorld            - Entity is already attached to world
13:20:45.015 [FXGL Background Thread 2 ] DEBUG FXGLAssetLoaderServi - Loading from file system: file:/C:/Users/narro/git/CS4900G2Proj2/Dawnseeker/target/classes/assets/textures/Poison.gif
13:20:45.024 [FXGL Background Thread 2 ] WARN  GameWorld            - Entity is already attached to world
13:20:45.029 [FXGL Background Thread 2 ] DEBUG FXGLAssetLoaderServi - Loading from file system: file:/C:/Users/narro/git/CS4900G2Proj2/Dawnseeker/target/classes/assets/textures/AnimShop.png
13:20:45.030 [FXGL Background Thread 2 ] WARN  GameWorld            - Entity is already attached to world
13:20:45.067 [FXGL Background Thread 2 ] INFO  FXGLApplication      - Game initialization took: 0.178 sec
13:20:45.073 [JavaFX Application Thread] DEBUG Input                - Clearing active input actions
13:20:45.100 [JavaFX Application Thread] DEBUG GameApplicationServi - Removing overlay from FXGLLoadingScene and adding to GameScene
13:20:45.101 [JavaFX Application Thread] DEBUG PrimaryStageWindow   - FXGLLoadingScene -> GameScene
13:20:46.229 [JavaFX Application Thread] DEBUG FXGLAssetLoaderServi - Loading from file system: file:/C:/Users/narro/git/CS4900G2Proj2/Dawnseeker/target/classes/assets/textures/Skull.gif
13:20:46.245 [JavaFX Application Thread] DEBUG FXGLAssetLoaderServi - Loading from file system: file:/C:/Users/narro/git/CS4900G2Proj2/Dawnseeker/target/classes/assets/textures/Ghost.gif
13:20:47.092 [FXGL Background Thread 3 ] DEBUG Engine               - Logging environment variables
13:20:47.095 [FXGL Background Thread 3 ] DEBUG Engine               - achievements: []
13:20:47.095 [FXGL Background Thread 3 ] DEBUG Engine               - actualHeight: 823.0
13:20:47.096 [FXGL Background Thread 3 ] DEBUG Engine               - actualHeightProperty: ReadOnlyDoubleProperty [value: 823.0]
13:20:47.096 [FXGL Background Thread 3 ] DEBUG Engine               - actualWidth: 1439.0
13:20:47.096 [FXGL Background Thread 3 ] DEBUG Engine               - actualWidthProperty: ReadOnlyDoubleProperty [value: 1439.0]
13:20:47.096 [FXGL Background Thread 3 ] DEBUG Engine               - appIcon: fxgl_icon.png
13:20:47.096 [FXGL Background Thread 3 ] DEBUG Engine               - applicationMode: DEVELOPER
13:20:47.097 [FXGL Background Thread 3 ] DEBUG Engine               - cSSList: [fxgl_dark.css]
13:20:47.097 [FXGL Background Thread 3 ] DEBUG Engine               - collisionDetectionStrategy: BRUTE_FORCE
13:20:47.097 [FXGL Background Thread 3 ] DEBUG Engine               - configClass: Optional.empty
13:20:47.097 [FXGL Background Thread 3 ] DEBUG Engine               - credits: []
13:20:47.098 [FXGL Background Thread 3 ] DEBUG Engine               - defaultCursor: CursorInfo(imageName=fxgl_default_cursor.png, hotspotX=7.0, hotspotY=6.0)
13:20:47.099 [FXGL Background Thread 3 ] DEBUG Engine               - devBBoxColorProperty: ObjectProperty [value: 0xff0000ff]
13:20:47.099 [FXGL Background Thread 3 ] DEBUG Engine               - devEnableDebugCameraProperty: BooleanProperty [value: false]
13:20:47.100 [FXGL Background Thread 3 ] DEBUG Engine               - devSensorColorProperty: ObjectProperty [value: 0xffff00ff]
13:20:47.100 [FXGL Background Thread 3 ] DEBUG Engine               - devShowBBoxProperty: BooleanProperty [value: false]
13:20:47.100 [FXGL Background Thread 3 ] DEBUG Engine               - devShowPositionProperty: BooleanProperty [value: false]
13:20:47.100 [FXGL Background Thread 3 ] DEBUG Engine               - enabledMenuItems: []
13:20:47.100 [FXGL Background Thread 3 ] DEBUG Engine               - engineServices: [class com.almasb.fxgl.app.services.FXGLAssetLoaderService, class com.almasb.fxgl.app.FXGLApplication$GameApplicationService, class com.almasb.fxgl.app.services.FXGLDialogService, class com.almasb.fxgl.app.services.IOTaskExecutorService, class com.almasb.fxgl.io.FileSystemService, class com.almasb.fxgl.localization.LocalizationService, class com.almasb.fxgl.app.services.SystemBundleService, class com.almasb.fxgl.profile.SaveLoadService, class com.almasb.fxgl.ui.FXGLUIFactoryServiceProvider, class com.almasb.fxgl.ui.FXGLDialogFactoryServiceProvider, class com.almasb.fxgl.audio.AudioPlayer, class com.almasb.fxgl.notification.impl.NotificationServiceProvider, class com.almasb.fxgl.achievement.AchievementService, class com.almasb.fxgl.cutscene.CutsceneService, class com.almasb.fxgl.minigames.MiniGameService, class com.almasb.fxgl.net.NetService, class com.almasb.fxgl.app.services.UpdaterService, class com.almasb.fxgl.dev.DevService]
13:20:47.101 [FXGL Background Thread 3 ] DEBUG Engine               - fontGame: Abel-Regular.ttf
13:20:47.101 [FXGL Background Thread 3 ] DEBUG Engine               - fontMono: TerminalLandMono-Regular.otf
13:20:47.101 [FXGL Background Thread 3 ] DEBUG Engine               - fontText: Courier-Prime.ttf
13:20:47.101 [FXGL Background Thread 3 ] DEBUG Engine               - fontUI: VarelaRound-Regular.ttf
13:20:47.101 [FXGL Background Thread 3 ] DEBUG Engine               - fullScreen: BooleanProperty [value: false]
13:20:47.101 [FXGL Background Thread 3 ] DEBUG Engine               - gameDifficulty: MEDIUM
13:20:47.101 [FXGL Background Thread 3 ] DEBUG Engine               - gameDifficultyProperty: ObjectProperty [value: MEDIUM]
13:20:47.101 [FXGL Background Thread 3 ] DEBUG Engine               - globalMusicVolume: 0.5
13:20:47.103 [FXGL Background Thread 3 ] DEBUG Engine               - globalMusicVolumeProperty: DoubleProperty [value: 0.5]
13:20:47.103 [FXGL Background Thread 3 ] DEBUG Engine               - globalSoundVolume: 0.5
13:20:47.103 [FXGL Background Thread 3 ] DEBUG Engine               - globalSoundVolumeProperty: DoubleProperty [value: 0.5]
13:20:47.103 [FXGL Background Thread 3 ] DEBUG Engine               - height: 1080
13:20:47.103 [FXGL Background Thread 3 ] DEBUG Engine               - is3D: false
13:20:47.103 [FXGL Background Thread 3 ] DEBUG Engine               - isAndroid: false
13:20:47.103 [FXGL Background Thread 3 ] DEBUG Engine               - isBrowser: false
13:20:47.103 [FXGL Background Thread 3 ] DEBUG Engine               - isClickFeedbackEnabled: false
13:20:47.103 [FXGL Background Thread 3 ] DEBUG Engine               - isCloseConfirmation: false
13:20:47.103 [FXGL Background Thread 3 ] DEBUG Engine               - isDesktop: true
13:20:47.104 [FXGL Background Thread 3 ] DEBUG Engine               - isDeveloperMenuEnabled: false
13:20:47.104 [FXGL Background Thread 3 ] DEBUG Engine               - isEmbedded: false
13:20:47.104 [FXGL Background Thread 3 ] DEBUG Engine               - isEntityPreloadEnabled: true
13:20:47.104 [FXGL Background Thread 3 ] DEBUG Engine               - isExperimentalTiledLargeMap: false
13:20:47.104 [FXGL Background Thread 3 ] DEBUG Engine               - isFileSystemWriteAllowed: true
13:20:47.105 [FXGL Background Thread 3 ] DEBUG Engine               - isFullScreenAllowed: false
13:20:47.105 [FXGL Background Thread 3 ] DEBUG Engine               - isFullScreenFromStart: false
13:20:47.106 [FXGL Background Thread 3 ] DEBUG Engine               - isGameMenuEnabled: true
13:20:47.106 [FXGL Background Thread 3 ] DEBUG Engine               - isIOS: false
13:20:47.106 [FXGL Background Thread 3 ] DEBUG Engine               - isIntroEnabled: false
13:20:47.106 [FXGL Background Thread 3 ] DEBUG Engine               - isLinux: false
13:20:47.107 [FXGL Background Thread 3 ] DEBUG Engine               - isMac: false
13:20:47.107 [FXGL Background Thread 3 ] DEBUG Engine               - isMainMenuEnabled: true
13:20:47.107 [FXGL Background Thread 3 ] DEBUG Engine               - isManualResizeEnabled: false
13:20:47.107 [FXGL Background Thread 3 ] DEBUG Engine               - isMobile: false
13:20:47.108 [FXGL Background Thread 3 ] DEBUG Engine               - isNative: false
13:20:47.108 [FXGL Background Thread 3 ] DEBUG Engine               - isPauseMusicWhenMinimized: true
13:20:47.108 [FXGL Background Thread 3 ] DEBUG Engine               - isPreserveResizeRatio: false
13:20:47.108 [FXGL Background Thread 3 ] DEBUG Engine               - isProfilingEnabled: false
13:20:47.108 [FXGL Background Thread 3 ] DEBUG Engine               - isScaleAffectedOnResize: true
13:20:47.109 [FXGL Background Thread 3 ] DEBUG Engine               - isSingleStep: false
13:20:47.109 [FXGL Background Thread 3 ] DEBUG Engine               - isUserProfileEnabled: false
13:20:47.109 [FXGL Background Thread 3 ] DEBUG Engine               - isWindows: true
13:20:47.109 [FXGL Background Thread 3 ] DEBUG Engine               - language: ObjectProperty [value: ENGLISH]
13:20:47.110 [FXGL Background Thread 3 ] DEBUG Engine               - menuKey: ESCAPE
13:20:47.110 [FXGL Background Thread 3 ] DEBUG Engine               - mouseSensitivity: 0.2
13:20:47.110 [FXGL Background Thread 3 ] DEBUG Engine               - notificationViewClass: class com.almasb.fxgl.notification.view.XboxNotificationView
13:20:47.111 [FXGL Background Thread 3 ] DEBUG Engine               - pixelsPerMeter: 50.0
13:20:47.111 [FXGL Background Thread 3 ] DEBUG Engine               - platform: WINDOWS
13:20:47.112 [FXGL Background Thread 3 ] DEBUG Engine               - prefHeightProperty: ReadOnlyDoubleProperty [value: 1080.0]
13:20:47.112 [FXGL Background Thread 3 ] DEBUG Engine               - prefWidthProperty: ReadOnlyDoubleProperty [value: 1920.0]
13:20:47.113 [FXGL Background Thread 3 ] DEBUG Engine               - profileDir: profiles/
13:20:47.113 [FXGL Background Thread 3 ] DEBUG Engine               - profileName: StringProperty [value: DEFAULT]
13:20:47.113 [FXGL Background Thread 3 ] DEBUG Engine               - randomSeed: -1
13:20:47.114 [FXGL Background Thread 3 ] DEBUG Engine               - runtimeInfo: RuntimeInfo(platform=WINDOWS, version=17.2, build=20.08.2022 16.50)
13:20:47.114 [FXGL Background Thread 3 ] DEBUG Engine               - saveFileExt: sav
13:20:47.115 [FXGL Background Thread 3 ] DEBUG Engine               - scaledHeightProp$fxgl: DoubleProperty [bound, value: 823.0]
13:20:47.115 [FXGL Background Thread 3 ] DEBUG Engine               - scaledWidthProp$fxgl: DoubleProperty [bound, value: 1439.0]
13:20:47.115 [FXGL Background Thread 3 ] DEBUG Engine               - sceneFactory: myGame.DawnseekerApp$1@6ac407c7
13:20:47.115 [FXGL Background Thread 3 ] DEBUG Engine               - secondsIn24h: 60
13:20:47.115 [FXGL Background Thread 3 ] DEBUG Engine               - soundMenuBack: menu/back.wav
13:20:47.115 [FXGL Background Thread 3 ] DEBUG Engine               - soundMenuPress: menu/press.wav
13:20:47.115 [FXGL Background Thread 3 ] DEBUG Engine               - soundMenuSelect: menu/select.wav
13:20:47.115 [FXGL Background Thread 3 ] DEBUG Engine               - soundNotification: core/notification.wav
13:20:47.116 [FXGL Background Thread 3 ] DEBUG Engine               - stageStyle: DECORATED
13:20:47.116 [FXGL Background Thread 3 ] DEBUG Engine               - supportedLanguages: [ENGLISH, FRENCH, GERMAN, HUNGARIAN, RUSSIAN]
13:20:47.116 [FXGL Background Thread 3 ] DEBUG Engine               - ticksPerSecond: -1
13:20:47.116 [FXGL Background Thread 3 ] DEBUG Engine               - title: Dawnseeker
13:20:47.116 [FXGL Background Thread 3 ] DEBUG Engine               - urlGithub: https://github.com/AlmasB/FXGL
13:20:47.116 [FXGL Background Thread 3 ] DEBUG Engine               - urlLeaderboard: http://fxgl-top.herokuapp.com/
13:20:47.116 [FXGL Background Thread 3 ] DEBUG Engine               - urlPOM: https://raw.githubusercontent.com/AlmasB/FXGL/release/README.md
13:20:47.116 [FXGL Background Thread 3 ] DEBUG Engine               - userAppClass: class myGame.DawnseekerApp
13:20:47.116 [FXGL Background Thread 3 ] DEBUG Engine               - version: 0.4
13:20:47.117 [FXGL Background Thread 3 ] DEBUG Engine               - versionCheckDays: 7
13:20:47.117 [FXGL Background Thread 3 ] DEBUG Engine               - width: 1920
13:20:47.117 [FXGL Background Thread 3 ] DEBUG Engine               - Logging services
13:20:47.117 [FXGL Background Thread 3 ] DEBUG Engine               - class com.almasb.fxgl.app.services.FXGLAssetLoaderService
13:20:47.117 [FXGL Background Thread 3 ] DEBUG Engine               - class com.almasb.fxgl.app.FXGLApplication$GameApplicationService
13:20:47.117 [FXGL Background Thread 3 ] DEBUG Engine               - class com.almasb.fxgl.app.services.FXGLDialogService
13:20:47.117 [FXGL Background Thread 3 ] DEBUG Engine               - class com.almasb.fxgl.app.services.IOTaskExecutorService
13:20:47.117 [FXGL Background Thread 3 ] DEBUG Engine               - class com.almasb.fxgl.io.FileSystemService
13:20:47.117 [FXGL Background Thread 3 ] DEBUG Engine               - class com.almasb.fxgl.localization.LocalizationService
13:20:47.117 [FXGL Background Thread 3 ] DEBUG Engine               - class com.almasb.fxgl.app.services.SystemBundleService
13:20:47.118 [FXGL Background Thread 3 ] DEBUG Engine               - class com.almasb.fxgl.profile.SaveLoadService
13:20:47.118 [FXGL Background Thread 3 ] DEBUG Engine               - class com.almasb.fxgl.ui.FXGLUIFactoryServiceProvider
13:20:47.118 [FXGL Background Thread 3 ] DEBUG Engine               - class com.almasb.fxgl.ui.FXGLDialogFactoryServiceProvider
13:20:47.118 [FXGL Background Thread 3 ] DEBUG Engine               - class com.almasb.fxgl.audio.AudioPlayer
13:20:47.118 [FXGL Background Thread 3 ] DEBUG Engine               - class com.almasb.fxgl.notification.impl.NotificationServiceProvider
13:20:47.118 [FXGL Background Thread 3 ] DEBUG Engine               - class com.almasb.fxgl.achievement.AchievementService
13:20:47.118 [FXGL Background Thread 3 ] DEBUG Engine               - class com.almasb.fxgl.cutscene.CutsceneService
13:20:47.118 [FXGL Background Thread 3 ] DEBUG Engine               - class com.almasb.fxgl.minigames.MiniGameService
13:20:47.118 [FXGL Background Thread 3 ] DEBUG Engine               - class com.almasb.fxgl.net.NetService
13:20:47.118 [FXGL Background Thread 3 ] DEBUG Engine               - class com.almasb.fxgl.app.services.UpdaterService
13:20:47.118 [FXGL Background Thread 3 ] DEBUG Engine               - class com.almasb.fxgl.dev.DevService
13:20:48.803 [JavaFX Application Thread] DEBUG FXGLApplication      - Exiting FXGL
13:20:48.804 [JavaFX Application Thread] DEBUG LoopRunner           - Stopping loop
13:20:48.804 [JavaFX Application Thread] DEBUG SystemBundleService  - Saving FXGL system data
13:20:48.806 [JavaFX Application Thread] DEBUG FileSystemAccess     - Writing to: C:\Users\narro\git\CS4900G2Proj2\Dawnseeker\system\fxgl.bundle
13:20:48.808 [JavaFX Application Thread] DEBUG Async                - Shutting down background threads
13:20:48.808 [JavaFX Application Thread] DEBUG PrimaryStageWindow   - Closing main window
13:20:48.821 [JavaFX Application Thread] DEBUG Logger               - Closing Logger
