13:40:28.615 [main                     ] DEBUG Logger               - Configured Logger
13:40:28.666 [main                     ] DEBUG GameApplication      - Logging settings
Title: Dawnseeker
Version: 0.4
Width: 1024
Height: 1024
Fullscreen: false
Intro: false
Profiling: false
Single step:false
App Mode: DEVELOPER
Menu Key: ESCAPE
Stage Style: DECORATED
Scene Factory: class myGame.DawnseekerApp$1

13:40:29.166 [JavaFX Application Thread] DEBUG FXGLApplication      - Initializing FXGL
13:40:29.188 [JavaFX Application Thread] INFO  Engine               - FXGL-17.2 (20.08.2022 16.50) on WINDOWS (J:19.0.2 FX:18)
13:40:29.189 [JavaFX Application Thread] DEBUG Engine               - JRE Vendor Name: Eclipse Adoptium
13:40:29.189 [JavaFX Application Thread] DEBUG Engine               - Running on OS: Windows 10 version 10.0
13:40:29.189 [JavaFX Application Thread] DEBUG Engine               - Architecture: amd64
13:40:29.190 [JavaFX Application Thread] INFO  Engine               - Source code and latest versions at: https://github.com/AlmasB/FXGL
13:40:29.190 [JavaFX Application Thread] INFO  Engine               -       Ask questions and discuss at: https://github.com/AlmasB/FXGL/discussions
13:40:29.190 [JavaFX Application Thread] INFO  Engine               -              Join the FXGL chat at: https://gitter.im/AlmasB/FXGL
13:40:29.389 [JavaFX Application Thread] DEBUG PrimaryStageWindow   - Creating a JavaFX scene
13:40:29.389 [JavaFX Application Thread] DEBUG PrimaryStageWindow   - Target size > screen size
13:40:29.445 [JavaFX Application Thread] DEBUG PrimaryStageWindow   - Target settings size: 1024.0 x 1024.0
13:40:29.445 [JavaFX Application Thread] DEBUG PrimaryStageWindow   - Scaled scene size:    839.0 x 864.0
13:40:29.445 [JavaFX Application Thread] DEBUG PrimaryStageWindow   - Scaled ratio: (0.8193359375, 0.84375)
13:40:29.447 [JavaFX Application Thread] DEBUG PrimaryStageWindow   - Set initial scene to FXGLStartupScene
13:40:29.457 [JavaFX Application Thread] DEBUG PrimaryStageWindow   - Opening main window
13:40:29.618 [JavaFX Application Thread] DEBUG PrimaryStageWindow   - Window border size: (14.5999755859375, 37.5999755859375)
13:40:29.619 [JavaFX Application Thread] DEBUG PrimaryStageWindow   - Scaled size: 839.0 x 864.0
13:40:29.620 [JavaFX Application Thread] DEBUG PrimaryStageWindow   - Scaled ratio: (0.8193359375, 0.84375)
13:40:29.620 [JavaFX Application Thread] DEBUG PrimaryStageWindow   - Scene size: 839.0 x 864.0
13:40:29.621 [JavaFX Application Thread] DEBUG PrimaryStageWindow   - Stage size: 853.5999755859375 x 901.5999755859375
13:40:29.640 [FXGL Background Thread 1 ] DEBUG Engine               - Initializing environment variables
13:40:29.758 [FXGL Background Thread 1 ] DEBUG FXGLAssetLoaderServi - User app class for loading assets: class myGame.DawnseekerApp
13:40:29.759 [FXGL Background Thread 1 ] DEBUG GameApplicationServi - Applying CSS: fxgl_dark.css
13:40:29.760 [FXGL Background Thread 1 ] DEBUG FXGLAssetLoaderServi - Loading from file system: jar:file:/C:/Users/Eartm/.m2/repository/com/github/almasb/fxgl/17.2/fxgl-17.2.jar!/fxglassets/ui/css/fxgl_dark.css
13:40:29.816 [FXGL Background Thread 1 ] DEBUG GameApplicationServi - Initializing application scenes
13:40:29.870 [FXGL Background Thread 1 ] DEBUG GameWorld            - Game world initialized
13:40:29.941 [FXGL Background Thread 1 ] DEBUG PhysicsWorld         - Physics world initialized: appHeight=1024, physics.ppm=50.0
13:40:29.942 [FXGL Background Thread 1 ] DEBUG PhysicsWorld         - Using strategy: BRUTE_FORCE
13:40:29.947 [FXGL Background Thread 1 ] DEBUG GameScene            - Game scene initialized: 1024x1024
13:40:29.947 [FXGL Background Thread 1 ] DEBUG FXGLAssetLoaderServi - Loading from file system: file:/C:/Games/CS4900%20Workspace/CS4900G2Proj2/Dawnseeker/target/classes/assets/music/shop.mp3
13:40:30.168 [FXGL Background Thread 1 ] DEBUG AudioPlayer          - Playing music com.almasb.fxgl.audio.Music@c2f7bd6
13:40:30.205 [FXGL Background Thread 1 ] DEBUG FXGLAssetLoaderServi - Loading from file system: file:/C:/Games/CS4900%20Workspace/CS4900G2Proj2/Dawnseeker/target/classes/assets/textures/bg.png
13:40:30.403 [FXGL Background Thread 1 ] DEBUG FXGL.DefaultMenu     - createMenuBodyGameMenu()
13:40:30.426 [FXGL Background Thread 1 ] DEBUG FXGL.DefaultMenu     - createOptionsMenu()
13:40:30.438 [FXGL Background Thread 1 ] DEBUG FXGLAssetLoaderServi - Loading from file system: jar:file:/C:/Users/Eartm/.m2/repository/com/github/almasb/fxgl/17.2/fxgl-17.2.jar!/fxglassets/textures/particles/smoke.png
13:40:30.551 [FXGL Background Thread 1 ] DEBUG FXGLAssetLoaderServi - Loading from file system: jar:file:/C:/Users/Eartm/.m2/repository/com/github/almasb/fxgl/17.2/fxgl-17.2.jar!/fxglassets/textures/particles/trace_horizontal.png
13:40:30.579 [FXGL Background Thread 1 ] DEBUG GameApplicationServi - Application scenes initialized
13:40:30.593 [FXGL Background Thread 1 ] DEBUG SystemBundleService  - Loading FXGL system data
13:40:30.607 [FXGL Background Thread 1 ] DEBUG FileSystemAccess     - Reading from: C:\Games\CS4900 Workspace\CS4900G2Proj2\Dawnseeker\system\fxgl.bundle
13:40:30.623 [FXGL Background Thread 1 ] DEBUG SystemBundleService  - Bundle FXGL: {}
13:40:30.623 [FXGL Background Thread 1 ] DEBUG UpdaterService       - Checking for updates
13:40:30.628 [FXGL Background Thread 4 ] DEBUG FXGLApplication      - Loading fonts
13:40:30.629 [FXGL Background Thread 1 ] DEBUG FXGLApplication      - Loading default localization
13:40:30.628 [FXGL Background Thread 4 ] DEBUG FXGLAssetLoaderServi - Loading from file system: jar:file:/C:/Users/Eartm/.m2/repository/com/github/almasb/fxgl/17.2/fxgl-17.2.jar!/fxglassets/ui/fonts/VarelaRound-Regular.ttf
13:40:30.630 [FXGL Background Thread 1 ] DEBUG FXGLAssetLoaderServi - Loading from file system: jar:file:/C:/Users/Eartm/.m2/repository/com/github/almasb/fxgl/17.2/fxgl-17.2.jar!/fxglassets/languages/english.lang
13:40:30.665 [FXGL Background Thread 1 ] INFO  FXGLApplication      - FXGL initialization took: 1.025 sec
13:40:30.676 [JavaFX Application Thread] DEBUG Input                - Registered new binding: action0 - LMB
13:40:30.688 [JavaFX Application Thread] DEBUG Input                - Registered new binding: Up - W
13:40:30.689 [JavaFX Application Thread] DEBUG Input                - Registered new binding: Down - S
13:40:30.689 [JavaFX Application Thread] DEBUG Input                - Registered new binding: Right - D
13:40:30.689 [JavaFX Application Thread] DEBUG Input                - Registered new binding: Left - A
13:40:30.690 [JavaFX Application Thread] DEBUG FXGLAssetLoaderServi - Loading from file system: jar:file:/C:/Users/Eartm/.m2/repository/com/github/almasb/fxgl/17.2/fxgl-17.2.jar!/fxglassets/textures/fxgl_icon.png
13:40:30.717 [JavaFX Application Thread] DEBUG FXGLAssetLoaderServi - Loading from file system: jar:file:/C:/Users/Eartm/.m2/repository/com/github/almasb/fxgl/17.2/fxgl-17.2.jar!/fxglassets/textures/fxgl_default_cursor.png
13:40:30.721 [JavaFX Application Thread] DEBUG Input                - Registered new binding: Screenshot - CTRL+8
13:40:30.722 [JavaFX Application Thread] DEBUG Input                - Registered new binding: System info dump - CTRL+9
13:40:30.722 [JavaFX Application Thread] DEBUG Input                - Registered new binding: Restart - CTRL+R
13:40:30.723 [JavaFX Application Thread] DEBUG Input                - Registered new binding: Toggle Debug Camera - CTRL+7
13:40:30.725 [JavaFX Application Thread] DEBUG LoopRunner           - Starting loop
13:40:30.726 [JavaFX Application Thread] DEBUG LoopRunner           - Initializing JavaFX AnimationTimerLoop
13:40:30.730 [JavaFX Application Thread] DEBUG Input                - Clearing active input actions
13:40:30.760 [JavaFX Application Thread] DEBUG GameApplicationServi - Removing overlay from FXGLStartupScene and adding to FXGLMainMenuDummyScene
13:40:30.761 [JavaFX Application Thread] DEBUG PrimaryStageWindow   - FXGLStartupScene -> FXGLMainMenuDummyScene
13:40:30.761 [JavaFX Application Thread] DEBUG PrimaryStageWindow   - Push state: DawnseekerMenu
13:40:30.761 [JavaFX Application Thread] DEBUG Input                - Clearing active input actions
13:40:30.768 [JavaFX Application Thread] DEBUG GameApplicationServi - Removing overlay from FXGLMainMenuDummyScene and adding to DawnseekerMenu
13:40:30.769 [JavaFX Application Thread] DEBUG PrimaryStageWindow   - FXGLMainMenuDummyScene -> DawnseekerMenu
13:40:30.908 [FXGL Background Thread 4 ] DEBUG FXGLAssetLoaderServi - Loading from file system: jar:file:/C:/Users/Eartm/.m2/repository/com/github/almasb/fxgl/17.2/fxgl-17.2.jar!/fxglassets/ui/fonts/Abel-Regular.ttf
13:40:30.929 [FXGL Background Thread 4 ] DEBUG FXGLAssetLoaderServi - Loading from file system: jar:file:/C:/Users/Eartm/.m2/repository/com/github/almasb/fxgl/17.2/fxgl-17.2.jar!/fxglassets/ui/fonts/TerminalLandMono-Regular.otf
13:40:30.945 [FXGL Background Thread 4 ] DEBUG FXGLAssetLoaderServi - Loading from file system: jar:file:/C:/Users/Eartm/.m2/repository/com/github/almasb/fxgl/17.2/fxgl-17.2.jar!/fxglassets/ui/fonts/Courier-Prime.ttf
13:40:30.963 [JavaFX Application Thread] DEBUG FXGLApplication      - Registering font factories with UI factory
13:40:31.503 [FXGL Background Thread 2 ] INFO  UpdaterService       - Your current version:  17.2
13:40:31.504 [FXGL Background Thread 2 ] INFO  UpdaterService       - Latest stable version: 17.3
13:40:32.439 [JavaFX Application Thread] DEBUG Menu                 - fireNewGame()
13:40:32.440 [JavaFX Application Thread] DEBUG GameApplicationServi - Starting new game
13:40:32.440 [JavaFX Application Thread] DEBUG PrimaryStageWindow   - Pop state: DawnseekerMenu
13:40:32.440 [JavaFX Application Thread] DEBUG Input                - Clearing active input actions
13:40:32.440 [JavaFX Application Thread] DEBUG GameApplicationServi - Removing overlay from DawnseekerMenu and adding to FXGLMainMenuDummyScene
13:40:32.441 [JavaFX Application Thread] DEBUG PrimaryStageWindow   - FXGLMainMenuDummyScene <- DawnseekerMenu
13:40:32.441 [JavaFX Application Thread] DEBUG Input                - Clearing active input actions
13:40:32.451 [JavaFX Application Thread] DEBUG GameApplicationServi - Removing overlay from FXGLMainMenuDummyScene and adding to FXGLLoadingScene
13:40:32.451 [JavaFX Application Thread] DEBUG PrimaryStageWindow   - FXGLMainMenuDummyScene -> FXGLLoadingScene
13:40:32.451 [JavaFX Application Thread] DEBUG GameApplicationServi - Clearing previous game
13:40:32.451 [JavaFX Application Thread] DEBUG GameScene            - Clearing game scene
13:40:32.451 [JavaFX Application Thread] DEBUG GameWorld            - Clearing game world
13:40:32.451 [JavaFX Application Thread] DEBUG PhysicsWorld         - Clearing physics world
13:40:32.454 [FXGL Background Thread 2 ] DEBUG FXGLApplication      - Initializing game
13:40:32.461 [FXGL Background Thread 2 ] DEBUG AudioPlayer          - Stopping music com.almasb.fxgl.audio.Music@c2f7bd6
13:40:32.463 [FXGL Background Thread 2 ] DEBUG FXGLAssetLoaderServi - Loading from file system: file:/C:/Games/CS4900%20Workspace/CS4900G2Proj2/Dawnseeker/target/classes/assets/music/heartache.mp3
13:40:32.469 [FXGL Background Thread 2 ] DEBUG AudioPlayer          - Playing music com.almasb.fxgl.audio.Music@250e0164
13:40:32.501 [FXGL Background Thread 2 ] DEBUG FXGLAssetLoaderServi - Loading from file system: file:/C:/Games/CS4900%20Workspace/CS4900G2Proj2/Dawnseeker/target/classes/assets/textures/DawnseekerPCV2.png
13:40:32.508 [FXGL Background Thread 2 ] DEBUG FXGLAssetLoaderServi - Loading from file system: file:/C:/Games/CS4900%20Workspace/CS4900G2Proj2/Dawnseeker/target/classes/assets/textures/DawnseekerPCV2Down.png
13:40:32.514 [FXGL Background Thread 2 ] DEBUG FXGLAssetLoaderServi - Loading from file system: file:/C:/Games/CS4900%20Workspace/CS4900G2Proj2/Dawnseeker/target/classes/assets/textures/DawnseekerPCV2Up.png
13:40:32.519 [FXGL Background Thread 2 ] DEBUG FXGLAssetLoaderServi - Loading from file system: file:/C:/Games/CS4900%20Workspace/CS4900G2Proj2/Dawnseeker/target/classes/assets/textures/DawnseekerPCV2Right.png
13:40:32.523 [FXGL Background Thread 2 ] DEBUG FXGLAssetLoaderServi - Loading from file system: file:/C:/Games/CS4900%20Workspace/CS4900G2Proj2/Dawnseeker/target/classes/assets/textures/DawnseekerPCV2Left.png
13:40:32.559 [FXGL Background Thread 2 ] WARN  GameWorld            - Entity is already attached to world
13:40:32.561 [FXGL Background Thread 2 ] WARN  Entity               - Entity already has component: com.almasb.fxgl.entity.components.CollidableComponent
13:40:32.561 [FXGL Background Thread 2 ] WARN  GameWorld            - Entity is already attached to world
13:40:32.563 [FXGL Background Thread 2 ] WARN  Entity               - Entity already has component: com.almasb.fxgl.entity.components.CollidableComponent
13:40:32.564 [FXGL Background Thread 2 ] WARN  GameWorld            - Entity is already attached to world
13:40:32.566 [FXGL Background Thread 2 ] WARN  Entity               - Entity already has component: com.almasb.fxgl.entity.components.CollidableComponent
13:40:32.567 [FXGL Background Thread 2 ] WARN  GameWorld            - Entity is already attached to world
13:40:32.568 [FXGL Background Thread 2 ] WARN  Entity               - Entity already has component: com.almasb.fxgl.entity.components.CollidableComponent
13:40:32.568 [FXGL Background Thread 2 ] WARN  GameWorld            - Entity is already attached to world
13:40:32.570 [FXGL Background Thread 2 ] WARN  GameWorld            - Entity is already attached to world
13:40:32.571 [FXGL Background Thread 2 ] WARN  GameWorld            - Entity is already attached to world
13:40:32.595 [FXGL Background Thread 2 ] INFO  FXGLApplication      - Game initialization took: 0.141 sec
13:40:32.625 [JavaFX Application Thread] DEBUG Input                - Clearing active input actions
13:40:32.635 [JavaFX Application Thread] DEBUG GameApplicationServi - Removing overlay from FXGLLoadingScene and adding to GameScene
13:40:32.635 [JavaFX Application Thread] DEBUG PrimaryStageWindow   - FXGLLoadingScene -> GameScene
13:40:33.401 [JavaFX Application Thread] DEBUG FXGLAssetLoaderServi - Loading from file system: file:/C:/Games/CS4900%20Workspace/CS4900G2Proj2/Dawnseeker/target/classes/assets/sounds/magic_missile.wav
13:40:33.417 [JavaFX Application Thread] DEBUG FXGLAssetLoaderServi - Loading from file system: file:/C:/Games/CS4900%20Workspace/CS4900G2Proj2/Dawnseeker/target/classes/assets/textures/Fireball.gif
13:40:33.627 [FXGL Background Thread 3 ] DEBUG Engine               - Logging environment variables
13:40:33.628 [FXGL Background Thread 3 ] DEBUG Engine               - achievements: []
13:40:33.629 [FXGL Background Thread 3 ] DEBUG Engine               - actualHeight: 864.0
13:40:33.629 [FXGL Background Thread 3 ] DEBUG Engine               - actualHeightProperty: ReadOnlyDoubleProperty [value: 864.0]
13:40:33.629 [FXGL Background Thread 3 ] DEBUG Engine               - actualWidth: 839.0
13:40:33.629 [FXGL Background Thread 3 ] DEBUG Engine               - actualWidthProperty: ReadOnlyDoubleProperty [value: 839.0]
13:40:33.629 [FXGL Background Thread 3 ] DEBUG Engine               - appIcon: fxgl_icon.png
13:40:33.630 [FXGL Background Thread 3 ] DEBUG Engine               - applicationMode: DEVELOPER
13:40:33.630 [FXGL Background Thread 3 ] DEBUG Engine               - cSSList: [fxgl_dark.css]
13:40:33.631 [FXGL Background Thread 3 ] DEBUG Engine               - collisionDetectionStrategy: BRUTE_FORCE
13:40:33.631 [FXGL Background Thread 3 ] DEBUG Engine               - configClass: Optional.empty
13:40:33.631 [FXGL Background Thread 3 ] DEBUG Engine               - credits: []
13:40:33.632 [FXGL Background Thread 3 ] DEBUG Engine               - defaultCursor: CursorInfo(imageName=fxgl_default_cursor.png, hotspotX=7.0, hotspotY=6.0)
13:40:33.632 [FXGL Background Thread 3 ] DEBUG Engine               - devBBoxColorProperty: ObjectProperty [value: 0xff0000ff]
13:40:33.633 [FXGL Background Thread 3 ] DEBUG Engine               - devEnableDebugCameraProperty: BooleanProperty [value: false]
13:40:33.633 [FXGL Background Thread 3 ] DEBUG Engine               - devSensorColorProperty: ObjectProperty [value: 0xffff00ff]
13:40:33.633 [FXGL Background Thread 3 ] DEBUG Engine               - devShowBBoxProperty: BooleanProperty [value: false]
13:40:33.633 [FXGL Background Thread 3 ] DEBUG Engine               - devShowPositionProperty: BooleanProperty [value: false]
13:40:33.633 [FXGL Background Thread 3 ] DEBUG Engine               - enabledMenuItems: []
13:40:33.633 [FXGL Background Thread 3 ] DEBUG Engine               - engineServices: [class com.almasb.fxgl.app.services.FXGLAssetLoaderService, class com.almasb.fxgl.app.FXGLApplication$GameApplicationService, class com.almasb.fxgl.app.services.FXGLDialogService, class com.almasb.fxgl.app.services.IOTaskExecutorService, class com.almasb.fxgl.io.FileSystemService, class com.almasb.fxgl.localization.LocalizationService, class com.almasb.fxgl.app.services.SystemBundleService, class com.almasb.fxgl.profile.SaveLoadService, class com.almasb.fxgl.ui.FXGLUIFactoryServiceProvider, class com.almasb.fxgl.ui.FXGLDialogFactoryServiceProvider, class com.almasb.fxgl.audio.AudioPlayer, class com.almasb.fxgl.notification.impl.NotificationServiceProvider, class com.almasb.fxgl.achievement.AchievementService, class com.almasb.fxgl.cutscene.CutsceneService, class com.almasb.fxgl.minigames.MiniGameService, class com.almasb.fxgl.net.NetService, class com.almasb.fxgl.app.services.UpdaterService, class com.almasb.fxgl.dev.DevService]
13:40:33.634 [FXGL Background Thread 3 ] DEBUG Engine               - fontGame: Abel-Regular.ttf
13:40:33.634 [FXGL Background Thread 3 ] DEBUG Engine               - fontMono: TerminalLandMono-Regular.otf
13:40:33.634 [FXGL Background Thread 3 ] DEBUG Engine               - fontText: Courier-Prime.ttf
13:40:33.634 [FXGL Background Thread 3 ] DEBUG Engine               - fontUI: VarelaRound-Regular.ttf
13:40:33.634 [FXGL Background Thread 3 ] DEBUG Engine               - fullScreen: BooleanProperty [value: false]
13:40:33.634 [FXGL Background Thread 3 ] DEBUG Engine               - gameDifficulty: MEDIUM
13:40:33.634 [FXGL Background Thread 3 ] DEBUG Engine               - gameDifficultyProperty: ObjectProperty [value: MEDIUM]
13:40:33.634 [FXGL Background Thread 3 ] DEBUG Engine               - globalMusicVolume: 0.5
13:40:33.635 [FXGL Background Thread 3 ] DEBUG Engine               - globalMusicVolumeProperty: DoubleProperty [value: 0.5]
13:40:33.635 [FXGL Background Thread 3 ] DEBUG Engine               - globalSoundVolume: 0.5
13:40:33.635 [FXGL Background Thread 3 ] DEBUG Engine               - globalSoundVolumeProperty: DoubleProperty [value: 0.5]
13:40:33.635 [FXGL Background Thread 3 ] DEBUG Engine               - height: 1024
13:40:33.635 [FXGL Background Thread 3 ] DEBUG Engine               - is3D: false
13:40:33.635 [FXGL Background Thread 3 ] DEBUG Engine               - isAndroid: false
13:40:33.635 [FXGL Background Thread 3 ] DEBUG Engine               - isBrowser: false
13:40:33.635 [FXGL Background Thread 3 ] DEBUG Engine               - isClickFeedbackEnabled: false
13:40:33.636 [FXGL Background Thread 3 ] DEBUG Engine               - isCloseConfirmation: false
13:40:33.636 [FXGL Background Thread 3 ] DEBUG Engine               - isDesktop: true
13:40:33.636 [FXGL Background Thread 3 ] DEBUG Engine               - isDeveloperMenuEnabled: false
13:40:33.636 [FXGL Background Thread 3 ] DEBUG Engine               - isEmbedded: false
13:40:33.636 [FXGL Background Thread 3 ] DEBUG Engine               - isEntityPreloadEnabled: true
13:40:33.636 [FXGL Background Thread 3 ] DEBUG Engine               - isExperimentalTiledLargeMap: false
13:40:33.636 [FXGL Background Thread 3 ] DEBUG Engine               - isFileSystemWriteAllowed: true
13:40:33.636 [FXGL Background Thread 3 ] DEBUG Engine               - isFullScreenAllowed: false
13:40:33.636 [FXGL Background Thread 3 ] DEBUG Engine               - isFullScreenFromStart: false
13:40:33.637 [FXGL Background Thread 3 ] DEBUG Engine               - isGameMenuEnabled: true
13:40:33.637 [FXGL Background Thread 3 ] DEBUG Engine               - isIOS: false
13:40:33.637 [FXGL Background Thread 3 ] DEBUG Engine               - isIntroEnabled: false
13:40:33.637 [FXGL Background Thread 3 ] DEBUG Engine               - isLinux: false
13:40:33.637 [FXGL Background Thread 3 ] DEBUG Engine               - isMac: false
13:40:33.637 [FXGL Background Thread 3 ] DEBUG Engine               - isMainMenuEnabled: true
13:40:33.637 [FXGL Background Thread 3 ] DEBUG Engine               - isManualResizeEnabled: false
13:40:33.637 [FXGL Background Thread 3 ] DEBUG Engine               - isMobile: false
13:40:33.637 [FXGL Background Thread 3 ] DEBUG Engine               - isNative: false
13:40:33.637 [FXGL Background Thread 3 ] DEBUG Engine               - isPauseMusicWhenMinimized: true
13:40:33.637 [FXGL Background Thread 3 ] DEBUG Engine               - isPreserveResizeRatio: false
13:40:33.637 [FXGL Background Thread 3 ] DEBUG Engine               - isProfilingEnabled: false
13:40:33.638 [FXGL Background Thread 3 ] DEBUG Engine               - isScaleAffectedOnResize: true
13:40:33.638 [FXGL Background Thread 3 ] DEBUG Engine               - isSingleStep: false
13:40:33.638 [FXGL Background Thread 3 ] DEBUG Engine               - isUserProfileEnabled: false
13:40:33.638 [FXGL Background Thread 3 ] DEBUG Engine               - isWindows: true
13:40:33.638 [FXGL Background Thread 3 ] DEBUG Engine               - language: ObjectProperty [value: ENGLISH]
13:40:33.638 [FXGL Background Thread 3 ] DEBUG Engine               - menuKey: ESCAPE
13:40:33.638 [FXGL Background Thread 3 ] DEBUG Engine               - mouseSensitivity: 0.2
13:40:33.638 [FXGL Background Thread 3 ] DEBUG Engine               - notificationViewClass: class com.almasb.fxgl.notification.view.XboxNotificationView
13:40:33.638 [FXGL Background Thread 3 ] DEBUG Engine               - pixelsPerMeter: 50.0
13:40:33.638 [FXGL Background Thread 3 ] DEBUG Engine               - platform: WINDOWS
13:40:33.638 [FXGL Background Thread 3 ] DEBUG Engine               - prefHeightProperty: ReadOnlyDoubleProperty [value: 1024.0]
13:40:33.638 [FXGL Background Thread 3 ] DEBUG Engine               - prefWidthProperty: ReadOnlyDoubleProperty [value: 1024.0]
13:40:33.638 [FXGL Background Thread 3 ] DEBUG Engine               - profileDir: profiles/
13:40:33.638 [FXGL Background Thread 3 ] DEBUG Engine               - profileName: StringProperty [value: DEFAULT]
13:40:33.638 [FXGL Background Thread 3 ] DEBUG Engine               - randomSeed: -1
13:40:33.639 [FXGL Background Thread 3 ] DEBUG Engine               - runtimeInfo: RuntimeInfo(platform=WINDOWS, version=17.2, build=20.08.2022 16.50)
13:40:33.639 [FXGL Background Thread 3 ] DEBUG Engine               - saveFileExt: sav
13:40:33.639 [FXGL Background Thread 3 ] DEBUG Engine               - scaledHeightProp$fxgl: DoubleProperty [bound, value: 864.0]
13:40:33.639 [FXGL Background Thread 3 ] DEBUG Engine               - scaledWidthProp$fxgl: DoubleProperty [bound, value: 839.0]
13:40:33.639 [FXGL Background Thread 3 ] DEBUG Engine               - sceneFactory: myGame.DawnseekerApp$1@1672861
13:40:33.639 [FXGL Background Thread 3 ] DEBUG Engine               - secondsIn24h: 60
13:40:33.639 [FXGL Background Thread 3 ] DEBUG Engine               - soundMenuBack: menu/back.wav
13:40:33.639 [FXGL Background Thread 3 ] DEBUG Engine               - soundMenuPress: menu/press.wav
13:40:33.639 [FXGL Background Thread 3 ] DEBUG Engine               - soundMenuSelect: menu/select.wav
13:40:33.640 [FXGL Background Thread 3 ] DEBUG Engine               - soundNotification: core/notification.wav
13:40:33.640 [FXGL Background Thread 3 ] DEBUG Engine               - stageStyle: DECORATED
13:40:33.640 [FXGL Background Thread 3 ] DEBUG Engine               - supportedLanguages: [ENGLISH, FRENCH, GERMAN, HUNGARIAN, RUSSIAN]
13:40:33.640 [FXGL Background Thread 3 ] DEBUG Engine               - ticksPerSecond: -1
13:40:33.640 [FXGL Background Thread 3 ] DEBUG Engine               - title: Dawnseeker
13:40:33.640 [FXGL Background Thread 3 ] DEBUG Engine               - urlGithub: https://github.com/AlmasB/FXGL
13:40:33.640 [FXGL Background Thread 3 ] DEBUG Engine               - urlLeaderboard: http://fxgl-top.herokuapp.com/
13:40:33.640 [FXGL Background Thread 3 ] DEBUG Engine               - urlPOM: https://raw.githubusercontent.com/AlmasB/FXGL/release/README.md
13:40:33.640 [FXGL Background Thread 3 ] DEBUG Engine               - userAppClass: class myGame.DawnseekerApp
13:40:33.640 [FXGL Background Thread 3 ] DEBUG Engine               - version: 0.4
13:40:33.640 [FXGL Background Thread 3 ] DEBUG Engine               - versionCheckDays: 7
13:40:33.640 [FXGL Background Thread 3 ] DEBUG Engine               - width: 1024
13:40:33.640 [FXGL Background Thread 3 ] DEBUG Engine               - Logging services
13:40:33.640 [FXGL Background Thread 3 ] DEBUG Engine               - class com.almasb.fxgl.app.services.FXGLAssetLoaderService
13:40:33.640 [FXGL Background Thread 3 ] DEBUG Engine               - class com.almasb.fxgl.app.FXGLApplication$GameApplicationService
13:40:33.640 [FXGL Background Thread 3 ] DEBUG Engine               - class com.almasb.fxgl.app.services.FXGLDialogService
13:40:33.640 [FXGL Background Thread 3 ] DEBUG Engine               - class com.almasb.fxgl.app.services.IOTaskExecutorService
13:40:33.640 [FXGL Background Thread 3 ] DEBUG Engine               - class com.almasb.fxgl.io.FileSystemService
13:40:33.641 [FXGL Background Thread 3 ] DEBUG Engine               - class com.almasb.fxgl.localization.LocalizationService
13:40:33.641 [FXGL Background Thread 3 ] DEBUG Engine               - class com.almasb.fxgl.app.services.SystemBundleService
13:40:33.641 [FXGL Background Thread 3 ] DEBUG Engine               - class com.almasb.fxgl.profile.SaveLoadService
13:40:33.641 [FXGL Background Thread 3 ] DEBUG Engine               - class com.almasb.fxgl.ui.FXGLUIFactoryServiceProvider
13:40:33.641 [FXGL Background Thread 3 ] DEBUG Engine               - class com.almasb.fxgl.ui.FXGLDialogFactoryServiceProvider
13:40:33.641 [FXGL Background Thread 3 ] DEBUG Engine               - class com.almasb.fxgl.audio.AudioPlayer
13:40:33.641 [FXGL Background Thread 3 ] DEBUG Engine               - class com.almasb.fxgl.notification.impl.NotificationServiceProvider
13:40:33.641 [FXGL Background Thread 3 ] DEBUG Engine               - class com.almasb.fxgl.achievement.AchievementService
13:40:33.641 [FXGL Background Thread 3 ] DEBUG Engine               - class com.almasb.fxgl.cutscene.CutsceneService
13:40:33.641 [FXGL Background Thread 3 ] DEBUG Engine               - class com.almasb.fxgl.minigames.MiniGameService
13:40:33.641 [FXGL Background Thread 3 ] DEBUG Engine               - class com.almasb.fxgl.net.NetService
13:40:33.641 [FXGL Background Thread 3 ] DEBUG Engine               - class com.almasb.fxgl.app.services.UpdaterService
13:40:33.641 [FXGL Background Thread 3 ] DEBUG Engine               - class com.almasb.fxgl.dev.DevService
13:40:33.794 [JavaFX Application Thread] DEBUG FXGLAssetLoaderServi - Loading from file system: file:/C:/Games/CS4900%20Workspace/CS4900G2Proj2/Dawnseeker/target/classes/assets/textures/EnemyDawnseeker.png
13:40:33.803 [JavaFX Application Thread] DEBUG FXGLAssetLoaderServi - Loading from file system: file:/C:/Games/CS4900%20Workspace/CS4900G2Proj2/Dawnseeker/target/classes/assets/textures/Ghost.gif
13:40:34.821 [JavaFX Application Thread] WARN  GameWorld            - Attempted to remove entity which is not active
13:40:34.824 [JavaFX Application Thread] DEBUG FXGLAssetLoaderServi - Loading from file system: file:/C:/Games/CS4900%20Workspace/CS4900G2Proj2/Dawnseeker/target/classes/assets/textures/Coin.png
13:40:34.827 [JavaFX Application Thread] DEBUG FXGLAssetLoaderServi - Loading from file system: file:/C:/Games/CS4900%20Workspace/CS4900G2Proj2/Dawnseeker/target/classes/assets/sounds/bong.wav
13:40:38.045 [JavaFX Application Thread] WARN  GameWorld            - Attempted to remove entity which is not active
13:40:38.477 [JavaFX Application Thread] WARN  GameWorld            - Attempted to remove entity which is not active
13:40:38.959 [JavaFX Application Thread] WARN  GameWorld            - Attempted to remove entity which is not active
13:40:39.342 [JavaFX Application Thread] WARN  GameWorld            - Attempted to remove entity which is not active
13:40:41.821 [JavaFX Application Thread] WARN  GameWorld            - Attempted to remove entity which is not active
13:40:41.824 [JavaFX Application Thread] DEBUG FXGLAssetLoaderServi - Loading from file system: file:/C:/Games/CS4900%20Workspace/CS4900G2Proj2/Dawnseeker/target/classes/assets/textures/Power.png
13:40:42.557 [JavaFX Application Thread] WARN  GameWorld            - Attempted to remove entity which is not active
13:40:43.134 [JavaFX Application Thread] DEBUG FXGLAssetLoaderServi - Loading from file system: file:/C:/Games/CS4900%20Workspace/CS4900G2Proj2/Dawnseeker/target/classes/assets/sounds/coin_pickup.wav
13:40:43.615 [JavaFX Application Thread] WARN  GameWorld            - Attempted to remove entity which is not active
13:40:43.617 [JavaFX Application Thread] DEBUG FXGLAssetLoaderServi - Loading from file system: file:/C:/Games/CS4900%20Workspace/CS4900G2Proj2/Dawnseeker/target/classes/assets/textures/HealthPotion.png
13:40:44.205 [JavaFX Application Thread] WARN  GameWorld            - Attempted to remove entity which is not active
13:40:44.430 [JavaFX Application Thread] WARN  GameWorld            - Attempted to remove entity which is not active
13:40:45.886 [JavaFX Application Thread] DEBUG FXGLApplication      - Exiting FXGL
13:40:45.886 [JavaFX Application Thread] DEBUG LoopRunner           - Stopping loop
13:40:45.886 [JavaFX Application Thread] DEBUG SystemBundleService  - Saving FXGL system data
13:40:45.890 [JavaFX Application Thread] DEBUG FileSystemAccess     - Writing to: C:\Games\CS4900 Workspace\CS4900G2Proj2\Dawnseeker\system\fxgl.bundle
13:40:45.893 [JavaFX Application Thread] DEBUG Async                - Shutting down background threads
13:40:45.893 [JavaFX Application Thread] DEBUG PrimaryStageWindow   - Closing main window
13:40:45.911 [JavaFX Application Thread] DEBUG Logger               - Closing Logger
