21:09:21.220 [main                     ] DEBUG Logger               - Configured Logger
21:09:21.239 [main                     ] DEBUG GameApplication      - Logging settings
Title: Dawnseeker
Version: 0.2
Width: 1024
Height: 1024
Fullscreen: false
Intro: false
Profiling: false
Single step:false
App Mode: DEVELOPER
Menu Key: ESCAPE
Stage Style: DECORATED
Scene Factory: class myGame.DawnseekerApp$1

21:09:21.594 [JavaFX Application Thread] DEBUG FXGLApplication      - Initializing FXGL
21:09:21.598 [JavaFX Application Thread] INFO  Engine               - FXGL-17.2 (20.08.2022 16.50) on WINDOWS (J:18.0.2.1 FX:18)
21:09:21.598 [JavaFX Application Thread] DEBUG Engine               - JRE Vendor Name: Oracle Corporation
21:09:21.598 [JavaFX Application Thread] DEBUG Engine               - Running on OS: Windows 10 version 10.0
21:09:21.598 [JavaFX Application Thread] DEBUG Engine               - Architecture: amd64
21:09:21.598 [JavaFX Application Thread] INFO  Engine               - Source code and latest versions at: https://github.com/AlmasB/FXGL
21:09:21.598 [JavaFX Application Thread] INFO  Engine               -       Ask questions and discuss at: https://github.com/AlmasB/FXGL/discussions
21:09:21.599 [JavaFX Application Thread] INFO  Engine               -              Join the FXGL chat at: https://gitter.im/AlmasB/FXGL
21:09:21.691 [JavaFX Application Thread] DEBUG PrimaryStageWindow   - Creating a JavaFX scene
21:09:21.728 [JavaFX Application Thread] DEBUG PrimaryStageWindow   - Target settings size: 1024.0 x 1024.0
21:09:21.729 [JavaFX Application Thread] DEBUG PrimaryStageWindow   - Scaled scene size:    1024.0 x 1024.0
21:09:21.729 [JavaFX Application Thread] DEBUG PrimaryStageWindow   - Scaled ratio: (1.0, 1.0)
21:09:21.730 [JavaFX Application Thread] DEBUG PrimaryStageWindow   - Set initial scene to FXGLStartupScene
21:09:21.736 [JavaFX Application Thread] DEBUG PrimaryStageWindow   - Opening main window
21:09:21.807 [JavaFX Application Thread] DEBUG PrimaryStageWindow   - Window border size: (16.0, 39.0)
21:09:21.807 [JavaFX Application Thread] DEBUG PrimaryStageWindow   - Scaled size: 1024.0 x 1024.0
21:09:21.807 [JavaFX Application Thread] DEBUG PrimaryStageWindow   - Scaled ratio: (1.0, 1.0)
21:09:21.808 [JavaFX Application Thread] DEBUG PrimaryStageWindow   - Scene size: 1024.0 x 1024.0
21:09:21.808 [JavaFX Application Thread] DEBUG PrimaryStageWindow   - Stage size: 1040.0 x 1063.0
21:09:21.813 [FXGL Background Thread 1 ] DEBUG Engine               - Initializing environment variables
21:09:21.851 [FXGL Background Thread 1 ] DEBUG FXGLAssetLoaderServi - User app class for loading assets: class myGame.DawnseekerApp
21:09:21.851 [FXGL Background Thread 1 ] DEBUG GameApplicationServi - Applying CSS: fxgl_dark.css
21:09:21.852 [FXGL Background Thread 1 ] DEBUG FXGLAssetLoaderServi - Loading from file system: jar:file:/C:/Users/garre/.m2/repository/com/github/almasb/fxgl/17.2/fxgl-17.2.jar!/fxglassets/ui/css/fxgl_dark.css
21:09:21.885 [FXGL Background Thread 1 ] DEBUG GameApplicationServi - Initializing application scenes
21:09:21.921 [FXGL Background Thread 1 ] DEBUG GameWorld            - Game world initialized
21:09:21.974 [FXGL Background Thread 1 ] DEBUG PhysicsWorld         - Physics world initialized: appHeight=1024, physics.ppm=50.0
21:09:21.974 [FXGL Background Thread 1 ] DEBUG PhysicsWorld         - Using strategy: BRUTE_FORCE
21:09:21.977 [FXGL Background Thread 1 ] DEBUG GameScene            - Game scene initialized: 1024x1024
21:09:21.994 [FXGL Background Thread 1 ] DEBUG FXGL.DefaultMenu     - createMenuBodyGameMenu()
21:09:22.005 [FXGL Background Thread 1 ] DEBUG FXGL.DefaultMenu     - createOptionsMenu()
21:09:22.013 [FXGL Background Thread 1 ] DEBUG FXGLAssetLoaderServi - Loading from file system: jar:file:/C:/Users/garre/.m2/repository/com/github/almasb/fxgl/17.2/fxgl-17.2.jar!/fxglassets/textures/particles/smoke.png
21:09:22.095 [FXGL Background Thread 1 ] DEBUG FXGLAssetLoaderServi - Loading from file system: jar:file:/C:/Users/garre/.m2/repository/com/github/almasb/fxgl/17.2/fxgl-17.2.jar!/fxglassets/textures/particles/trace_horizontal.png
21:09:22.116 [FXGL Background Thread 1 ] DEBUG GameApplicationServi - Application scenes initialized
21:09:22.127 [FXGL Background Thread 1 ] DEBUG SystemBundleService  - Loading FXGL system data
21:09:22.130 [FXGL Background Thread 1 ] DEBUG FileSystemAccess     - Reading from: C:\Users\garre\git\CS4900G2Proj2\Dawnseeker\system\fxgl.bundle
21:09:22.136 [FXGL Background Thread 1 ] DEBUG SystemBundleService  - Bundle FXGL: {}
21:09:22.136 [FXGL Background Thread 1 ] DEBUG UpdaterService       - Checking for updates
21:09:22.138 [FXGL Background Thread 4 ] DEBUG FXGLApplication      - Loading fonts
21:09:22.138 [FXGL Background Thread 1 ] DEBUG FXGLApplication      - Loading default localization
21:09:22.139 [FXGL Background Thread 4 ] DEBUG FXGLAssetLoaderServi - Loading from file system: jar:file:/C:/Users/garre/.m2/repository/com/github/almasb/fxgl/17.2/fxgl-17.2.jar!/fxglassets/ui/fonts/VarelaRound-Regular.ttf
21:09:22.139 [FXGL Background Thread 1 ] DEBUG FXGLAssetLoaderServi - Loading from file system: jar:file:/C:/Users/garre/.m2/repository/com/github/almasb/fxgl/17.2/fxgl-17.2.jar!/fxglassets/languages/english.lang
21:09:22.167 [FXGL Background Thread 1 ] INFO  FXGLApplication      - FXGL initialization took: 0.354 sec
21:09:22.179 [JavaFX Application Thread] DEBUG Input                - Registered new binding: action0 - LMB
21:09:22.184 [JavaFX Application Thread] DEBUG Input                - Registered new binding: Up - W
21:09:22.184 [JavaFX Application Thread] DEBUG Input                - Registered new binding: Down - S
21:09:22.184 [JavaFX Application Thread] DEBUG Input                - Registered new binding: Right - D
21:09:22.185 [JavaFX Application Thread] DEBUG Input                - Registered new binding: Left - A
21:09:22.185 [JavaFX Application Thread] DEBUG FXGLAssetLoaderServi - Loading from file system: jar:file:/C:/Users/garre/.m2/repository/com/github/almasb/fxgl/17.2/fxgl-17.2.jar!/fxglassets/textures/fxgl_icon.png
21:09:22.200 [JavaFX Application Thread] DEBUG FXGLAssetLoaderServi - Loading from file system: jar:file:/C:/Users/garre/.m2/repository/com/github/almasb/fxgl/17.2/fxgl-17.2.jar!/fxglassets/textures/fxgl_default_cursor.png
21:09:22.202 [JavaFX Application Thread] DEBUG Input                - Registered new binding: Screenshot - CTRL+8
21:09:22.203 [JavaFX Application Thread] DEBUG Input                - Registered new binding: System info dump - CTRL+9
21:09:22.203 [JavaFX Application Thread] DEBUG Input                - Registered new binding: Restart - CTRL+R
21:09:22.203 [JavaFX Application Thread] DEBUG Input                - Registered new binding: Toggle Debug Camera - CTRL+7
21:09:22.207 [JavaFX Application Thread] DEBUG LoopRunner           - Starting loop
21:09:22.207 [JavaFX Application Thread] DEBUG LoopRunner           - Initializing JavaFX AnimationTimerLoop
21:09:22.210 [JavaFX Application Thread] DEBUG Input                - Clearing active input actions
21:09:22.215 [JavaFX Application Thread] DEBUG GameApplicationServi - Removing overlay from FXGLStartupScene and adding to FXGLMainMenuDummyScene
21:09:22.215 [JavaFX Application Thread] DEBUG PrimaryStageWindow   - FXGLStartupScene -> FXGLMainMenuDummyScene
21:09:22.216 [JavaFX Application Thread] DEBUG PrimaryStageWindow   - Push state: DawnseekerMenu
21:09:22.216 [JavaFX Application Thread] DEBUG Input                - Clearing active input actions
21:09:22.221 [JavaFX Application Thread] DEBUG GameApplicationServi - Removing overlay from FXGLMainMenuDummyScene and adding to DawnseekerMenu
21:09:22.221 [JavaFX Application Thread] DEBUG PrimaryStageWindow   - FXGLMainMenuDummyScene -> DawnseekerMenu
21:09:22.221 [FXGL Background Thread 4 ] DEBUG FXGLAssetLoaderServi - Loading from file system: jar:file:/C:/Users/garre/.m2/repository/com/github/almasb/fxgl/17.2/fxgl-17.2.jar!/fxglassets/ui/fonts/Abel-Regular.ttf
21:09:22.224 [FXGL Background Thread 4 ] DEBUG FXGLAssetLoaderServi - Loading from file system: jar:file:/C:/Users/garre/.m2/repository/com/github/almasb/fxgl/17.2/fxgl-17.2.jar!/fxglassets/ui/fonts/TerminalLandMono-Regular.otf
21:09:22.228 [FXGL Background Thread 4 ] DEBUG FXGLAssetLoaderServi - Loading from file system: jar:file:/C:/Users/garre/.m2/repository/com/github/almasb/fxgl/17.2/fxgl-17.2.jar!/fxglassets/ui/fonts/Courier-Prime.ttf
21:09:22.237 [JavaFX Application Thread] DEBUG FXGLApplication      - Registering font factories with UI factory
21:09:25.138 [FXGL Background Thread 3 ] DEBUG Engine               - Logging environment variables
21:09:25.138 [FXGL Background Thread 3 ] DEBUG Engine               - achievements: []
21:09:25.138 [FXGL Background Thread 3 ] DEBUG Engine               - actualHeight: 1024.0
21:09:25.138 [FXGL Background Thread 3 ] DEBUG Engine               - actualHeightProperty: ReadOnlyDoubleProperty [value: 1024.0]
21:09:25.138 [FXGL Background Thread 3 ] DEBUG Engine               - actualWidth: 1024.0
21:09:25.138 [FXGL Background Thread 3 ] DEBUG Engine               - actualWidthProperty: ReadOnlyDoubleProperty [value: 1024.0]
21:09:25.138 [FXGL Background Thread 3 ] DEBUG Engine               - appIcon: fxgl_icon.png
21:09:25.138 [FXGL Background Thread 3 ] DEBUG Engine               - applicationMode: DEVELOPER
21:09:25.138 [FXGL Background Thread 3 ] DEBUG Engine               - cSSList: [fxgl_dark.css]
21:09:25.138 [FXGL Background Thread 3 ] DEBUG Engine               - collisionDetectionStrategy: BRUTE_FORCE
21:09:25.138 [FXGL Background Thread 3 ] DEBUG Engine               - configClass: Optional.empty
21:09:25.138 [FXGL Background Thread 3 ] DEBUG Engine               - credits: []
21:09:25.139 [FXGL Background Thread 3 ] DEBUG Engine               - defaultCursor: CursorInfo(imageName=fxgl_default_cursor.png, hotspotX=7.0, hotspotY=6.0)
21:09:25.139 [FXGL Background Thread 3 ] DEBUG Engine               - devBBoxColorProperty: ObjectProperty [value: 0xff0000ff]
21:09:25.139 [FXGL Background Thread 3 ] DEBUG Engine               - devEnableDebugCameraProperty: BooleanProperty [value: false]
21:09:25.139 [FXGL Background Thread 3 ] DEBUG Engine               - devSensorColorProperty: ObjectProperty [value: 0xffff00ff]
21:09:25.139 [FXGL Background Thread 3 ] DEBUG Engine               - devShowBBoxProperty: BooleanProperty [value: false]
21:09:25.139 [FXGL Background Thread 3 ] DEBUG Engine               - devShowPositionProperty: BooleanProperty [value: false]
21:09:25.139 [FXGL Background Thread 3 ] DEBUG Engine               - enabledMenuItems: []
21:09:25.139 [FXGL Background Thread 3 ] DEBUG Engine               - engineServices: [class com.almasb.fxgl.app.services.FXGLAssetLoaderService, class com.almasb.fxgl.app.FXGLApplication$GameApplicationService, class com.almasb.fxgl.app.services.FXGLDialogService, class com.almasb.fxgl.app.services.IOTaskExecutorService, class com.almasb.fxgl.io.FileSystemService, class com.almasb.fxgl.localization.LocalizationService, class com.almasb.fxgl.app.services.SystemBundleService, class com.almasb.fxgl.profile.SaveLoadService, class com.almasb.fxgl.ui.FXGLUIFactoryServiceProvider, class com.almasb.fxgl.ui.FXGLDialogFactoryServiceProvider, class com.almasb.fxgl.audio.AudioPlayer, class com.almasb.fxgl.notification.impl.NotificationServiceProvider, class com.almasb.fxgl.achievement.AchievementService, class com.almasb.fxgl.cutscene.CutsceneService, class com.almasb.fxgl.minigames.MiniGameService, class com.almasb.fxgl.net.NetService, class com.almasb.fxgl.app.services.UpdaterService, class com.almasb.fxgl.dev.DevService]
21:09:25.139 [FXGL Background Thread 3 ] DEBUG Engine               - fontGame: Abel-Regular.ttf
21:09:25.139 [FXGL Background Thread 3 ] DEBUG Engine               - fontMono: TerminalLandMono-Regular.otf
21:09:25.139 [FXGL Background Thread 3 ] DEBUG Engine               - fontText: Courier-Prime.ttf
21:09:25.139 [FXGL Background Thread 3 ] DEBUG Engine               - fontUI: VarelaRound-Regular.ttf
21:09:25.139 [FXGL Background Thread 3 ] DEBUG Engine               - fullScreen: BooleanProperty [value: false]
21:09:25.139 [FXGL Background Thread 3 ] DEBUG Engine               - gameDifficulty: MEDIUM
21:09:25.139 [FXGL Background Thread 3 ] DEBUG Engine               - gameDifficultyProperty: ObjectProperty [value: MEDIUM]
21:09:25.139 [FXGL Background Thread 3 ] DEBUG Engine               - globalMusicVolume: 0.5
21:09:25.139 [FXGL Background Thread 3 ] DEBUG Engine               - globalMusicVolumeProperty: DoubleProperty [value: 0.5]
21:09:25.140 [FXGL Background Thread 3 ] DEBUG Engine               - globalSoundVolume: 0.5
21:09:25.140 [FXGL Background Thread 3 ] DEBUG Engine               - globalSoundVolumeProperty: DoubleProperty [value: 0.5]
21:09:25.140 [FXGL Background Thread 3 ] DEBUG Engine               - height: 1024
21:09:25.140 [FXGL Background Thread 3 ] DEBUG Engine               - is3D: false
21:09:25.140 [FXGL Background Thread 3 ] DEBUG Engine               - isAndroid: false
21:09:25.140 [FXGL Background Thread 3 ] DEBUG Engine               - isBrowser: false
21:09:25.140 [FXGL Background Thread 3 ] DEBUG Engine               - isClickFeedbackEnabled: false
21:09:25.140 [FXGL Background Thread 3 ] DEBUG Engine               - isCloseConfirmation: false
21:09:25.140 [FXGL Background Thread 3 ] DEBUG Engine               - isDesktop: true
21:09:25.140 [FXGL Background Thread 3 ] DEBUG Engine               - isDeveloperMenuEnabled: false
21:09:25.140 [FXGL Background Thread 3 ] DEBUG Engine               - isEmbedded: false
21:09:25.140 [FXGL Background Thread 3 ] DEBUG Engine               - isEntityPreloadEnabled: true
21:09:25.140 [FXGL Background Thread 3 ] DEBUG Engine               - isExperimentalTiledLargeMap: false
21:09:25.140 [FXGL Background Thread 3 ] DEBUG Engine               - isFileSystemWriteAllowed: true
21:09:25.140 [FXGL Background Thread 3 ] DEBUG Engine               - isFullScreenAllowed: false
21:09:25.140 [FXGL Background Thread 3 ] DEBUG Engine               - isFullScreenFromStart: false
21:09:25.140 [FXGL Background Thread 3 ] DEBUG Engine               - isGameMenuEnabled: true
21:09:25.140 [FXGL Background Thread 3 ] DEBUG Engine               - isIOS: false
21:09:25.140 [FXGL Background Thread 3 ] DEBUG Engine               - isIntroEnabled: false
21:09:25.140 [FXGL Background Thread 3 ] DEBUG Engine               - isLinux: false
21:09:25.140 [FXGL Background Thread 3 ] DEBUG Engine               - isMac: false
21:09:25.140 [FXGL Background Thread 3 ] DEBUG Engine               - isMainMenuEnabled: true
21:09:25.140 [FXGL Background Thread 3 ] DEBUG Engine               - isManualResizeEnabled: false
21:09:25.140 [FXGL Background Thread 3 ] DEBUG Engine               - isMobile: false
21:09:25.140 [FXGL Background Thread 3 ] DEBUG Engine               - isNative: false
21:09:25.140 [FXGL Background Thread 3 ] DEBUG Engine               - isPauseMusicWhenMinimized: true
21:09:25.140 [FXGL Background Thread 3 ] DEBUG Engine               - isPreserveResizeRatio: false
21:09:25.141 [FXGL Background Thread 3 ] DEBUG Engine               - isProfilingEnabled: false
21:09:25.141 [FXGL Background Thread 3 ] DEBUG Engine               - isScaleAffectedOnResize: true
21:09:25.141 [FXGL Background Thread 3 ] DEBUG Engine               - isSingleStep: false
21:09:25.141 [FXGL Background Thread 3 ] DEBUG Engine               - isUserProfileEnabled: false
21:09:25.141 [FXGL Background Thread 3 ] DEBUG Engine               - isWindows: true
21:09:25.141 [FXGL Background Thread 3 ] DEBUG Engine               - language: ObjectProperty [value: ENGLISH]
21:09:25.141 [FXGL Background Thread 3 ] DEBUG Engine               - menuKey: ESCAPE
21:09:25.141 [FXGL Background Thread 3 ] DEBUG Engine               - mouseSensitivity: 0.2
21:09:25.141 [FXGL Background Thread 3 ] DEBUG Engine               - notificationViewClass: class com.almasb.fxgl.notification.view.XboxNotificationView
21:09:25.141 [FXGL Background Thread 3 ] DEBUG Engine               - pixelsPerMeter: 50.0
21:09:25.141 [FXGL Background Thread 3 ] DEBUG Engine               - platform: WINDOWS
21:09:25.141 [FXGL Background Thread 3 ] DEBUG Engine               - prefHeightProperty: ReadOnlyDoubleProperty [value: 1024.0]
21:09:25.141 [FXGL Background Thread 3 ] DEBUG Engine               - prefWidthProperty: ReadOnlyDoubleProperty [value: 1024.0]
21:09:25.141 [FXGL Background Thread 3 ] DEBUG Engine               - profileDir: profiles/
21:09:25.141 [FXGL Background Thread 3 ] DEBUG Engine               - profileName: StringProperty [value: DEFAULT]
21:09:25.141 [FXGL Background Thread 3 ] DEBUG Engine               - randomSeed: -1
21:09:25.141 [FXGL Background Thread 3 ] DEBUG Engine               - runtimeInfo: RuntimeInfo(platform=WINDOWS, version=17.2, build=20.08.2022 16.50)
21:09:25.141 [FXGL Background Thread 3 ] DEBUG Engine               - saveFileExt: sav
21:09:25.142 [FXGL Background Thread 3 ] DEBUG Engine               - scaledHeightProp$fxgl: DoubleProperty [bound, value: 1024.0]
21:09:25.142 [FXGL Background Thread 3 ] DEBUG Engine               - scaledWidthProp$fxgl: DoubleProperty [bound, value: 1024.0]
21:09:25.142 [FXGL Background Thread 3 ] DEBUG Engine               - sceneFactory: myGame.DawnseekerApp$1@3694c28a
21:09:25.142 [FXGL Background Thread 3 ] DEBUG Engine               - secondsIn24h: 60
21:09:25.142 [FXGL Background Thread 3 ] DEBUG Engine               - soundMenuBack: menu/back.wav
21:09:25.142 [FXGL Background Thread 3 ] DEBUG Engine               - soundMenuPress: menu/press.wav
21:09:25.142 [FXGL Background Thread 3 ] DEBUG Engine               - soundMenuSelect: menu/select.wav
21:09:25.142 [FXGL Background Thread 3 ] DEBUG Engine               - soundNotification: core/notification.wav
21:09:25.142 [FXGL Background Thread 3 ] DEBUG Engine               - stageStyle: DECORATED
21:09:25.142 [FXGL Background Thread 3 ] DEBUG Engine               - supportedLanguages: [ENGLISH, FRENCH, GERMAN, HUNGARIAN, RUSSIAN]
21:09:25.142 [FXGL Background Thread 3 ] DEBUG Engine               - ticksPerSecond: -1
21:09:25.142 [FXGL Background Thread 3 ] DEBUG Engine               - title: Dawnseeker
21:09:25.142 [FXGL Background Thread 3 ] DEBUG Engine               - urlGithub: https://github.com/AlmasB/FXGL
21:09:25.142 [FXGL Background Thread 3 ] DEBUG Engine               - urlLeaderboard: http://fxgl-top.herokuapp.com/
21:09:25.142 [FXGL Background Thread 3 ] DEBUG Engine               - urlPOM: https://raw.githubusercontent.com/AlmasB/FXGL/release/README.md
21:09:25.142 [FXGL Background Thread 3 ] DEBUG Engine               - userAppClass: class myGame.DawnseekerApp
21:09:25.142 [FXGL Background Thread 3 ] DEBUG Engine               - version: 0.2
21:09:25.142 [FXGL Background Thread 3 ] DEBUG Engine               - versionCheckDays: 7
21:09:25.142 [FXGL Background Thread 3 ] DEBUG Engine               - width: 1024
21:09:25.142 [FXGL Background Thread 3 ] DEBUG Engine               - Logging services
21:09:25.142 [FXGL Background Thread 3 ] DEBUG Engine               - class com.almasb.fxgl.app.services.FXGLAssetLoaderService
21:09:25.142 [FXGL Background Thread 3 ] DEBUG Engine               - class com.almasb.fxgl.app.FXGLApplication$GameApplicationService
21:09:25.142 [FXGL Background Thread 3 ] DEBUG Engine               - class com.almasb.fxgl.app.services.FXGLDialogService
21:09:25.142 [FXGL Background Thread 3 ] DEBUG Engine               - class com.almasb.fxgl.app.services.IOTaskExecutorService
21:09:25.142 [FXGL Background Thread 3 ] DEBUG Engine               - class com.almasb.fxgl.io.FileSystemService
21:09:25.142 [FXGL Background Thread 3 ] DEBUG Engine               - class com.almasb.fxgl.localization.LocalizationService
21:09:25.142 [FXGL Background Thread 3 ] DEBUG Engine               - class com.almasb.fxgl.app.services.SystemBundleService
21:09:25.142 [FXGL Background Thread 3 ] DEBUG Engine               - class com.almasb.fxgl.profile.SaveLoadService
21:09:25.142 [FXGL Background Thread 3 ] DEBUG Engine               - class com.almasb.fxgl.ui.FXGLUIFactoryServiceProvider
21:09:25.142 [FXGL Background Thread 3 ] DEBUG Engine               - class com.almasb.fxgl.ui.FXGLDialogFactoryServiceProvider
21:09:25.142 [FXGL Background Thread 3 ] DEBUG Engine               - class com.almasb.fxgl.audio.AudioPlayer
21:09:25.142 [FXGL Background Thread 3 ] DEBUG Engine               - class com.almasb.fxgl.notification.impl.NotificationServiceProvider
21:09:25.142 [FXGL Background Thread 3 ] DEBUG Engine               - class com.almasb.fxgl.achievement.AchievementService
21:09:25.142 [FXGL Background Thread 3 ] DEBUG Engine               - class com.almasb.fxgl.cutscene.CutsceneService
21:09:25.142 [FXGL Background Thread 3 ] DEBUG Engine               - class com.almasb.fxgl.minigames.MiniGameService
21:09:25.142 [FXGL Background Thread 3 ] DEBUG Engine               - class com.almasb.fxgl.net.NetService
21:09:25.143 [FXGL Background Thread 3 ] DEBUG Engine               - class com.almasb.fxgl.app.services.UpdaterService
21:09:25.143 [FXGL Background Thread 3 ] DEBUG Engine               - class com.almasb.fxgl.dev.DevService
21:09:25.511 [JavaFX Application Thread] DEBUG Menu                 - fireNewGame()
21:09:25.511 [JavaFX Application Thread] DEBUG GameApplicationServi - Starting new game
21:09:25.512 [JavaFX Application Thread] DEBUG PrimaryStageWindow   - Pop state: DawnseekerMenu
21:09:25.512 [JavaFX Application Thread] DEBUG Input                - Clearing active input actions
21:09:25.512 [JavaFX Application Thread] DEBUG GameApplicationServi - Removing overlay from DawnseekerMenu and adding to FXGLMainMenuDummyScene
21:09:25.512 [JavaFX Application Thread] DEBUG PrimaryStageWindow   - FXGLMainMenuDummyScene <- DawnseekerMenu
21:09:25.512 [JavaFX Application Thread] DEBUG Input                - Clearing active input actions
21:09:25.518 [JavaFX Application Thread] DEBUG GameApplicationServi - Removing overlay from FXGLMainMenuDummyScene and adding to FXGLLoadingScene
21:09:25.518 [JavaFX Application Thread] DEBUG PrimaryStageWindow   - FXGLMainMenuDummyScene -> FXGLLoadingScene
21:09:25.518 [JavaFX Application Thread] DEBUG GameApplicationServi - Clearing previous game
21:09:25.518 [JavaFX Application Thread] DEBUG GameScene            - Clearing game scene
21:09:25.518 [JavaFX Application Thread] DEBUG GameWorld            - Clearing game world
21:09:25.518 [JavaFX Application Thread] DEBUG PhysicsWorld         - Clearing physics world
21:09:25.520 [FXGL Background Thread 2 ] DEBUG FXGLApplication      - Initializing game
21:09:25.525 [FXGL Background Thread 2 ] DEBUG FXGLAssetLoaderServi - Loading from file system: file:/C:/Users/garre/git/CS4900G2Proj2/Dawnseeker/target/classes/assets/music/heartache.mp3
21:09:25.654 [FXGL Background Thread 2 ] DEBUG AudioPlayer          - Playing music com.almasb.fxgl.audio.Music@6306068c
21:09:25.667 [FXGL Background Thread 2 ] DEBUG FXGLAssetLoaderServi - Loading from file system: file:/C:/Users/garre/git/CS4900G2Proj2/Dawnseeker/target/classes/assets/textures/DawnseekerPCV2.png
21:09:25.673 [FXGL Background Thread 2 ] DEBUG FXGLAssetLoaderServi - Loading from file system: file:/C:/Users/garre/git/CS4900G2Proj2/Dawnseeker/target/classes/assets/textures/DawnseekerPCV2Down.png
21:09:25.675 [FXGL Background Thread 2 ] DEBUG FXGLAssetLoaderServi - Loading from file system: file:/C:/Users/garre/git/CS4900G2Proj2/Dawnseeker/target/classes/assets/textures/DawnseekerPCV2Up.png
21:09:25.676 [FXGL Background Thread 2 ] DEBUG FXGLAssetLoaderServi - Loading from file system: file:/C:/Users/garre/git/CS4900G2Proj2/Dawnseeker/target/classes/assets/textures/DawnseekerPCV2Right.png
21:09:25.676 [FXGL Background Thread 2 ] DEBUG FXGLAssetLoaderServi - Loading from file system: file:/C:/Users/garre/git/CS4900G2Proj2/Dawnseeker/target/classes/assets/textures/DawnseekerPCV2Left.png
21:09:25.689 [FXGL Background Thread 2 ] WARN  GameWorld            - Entity is already attached to world
21:09:25.689 [FXGL Background Thread 2 ] WARN  Entity               - Entity already has component: com.almasb.fxgl.entity.components.CollidableComponent
21:09:25.690 [FXGL Background Thread 2 ] WARN  GameWorld            - Entity is already attached to world
21:09:25.690 [FXGL Background Thread 2 ] WARN  Entity               - Entity already has component: com.almasb.fxgl.entity.components.CollidableComponent
21:09:25.690 [FXGL Background Thread 2 ] WARN  GameWorld            - Entity is already attached to world
21:09:25.691 [FXGL Background Thread 2 ] WARN  Entity               - Entity already has component: com.almasb.fxgl.entity.components.CollidableComponent
21:09:25.691 [FXGL Background Thread 2 ] WARN  GameWorld            - Entity is already attached to world
21:09:25.691 [FXGL Background Thread 2 ] WARN  Entity               - Entity already has component: com.almasb.fxgl.entity.components.CollidableComponent
21:09:25.691 [FXGL Background Thread 2 ] WARN  GameWorld            - Entity is already attached to world
21:09:25.692 [FXGL Background Thread 2 ] WARN  GameWorld            - Entity is already attached to world
21:09:25.709 [FXGL Background Thread 2 ] INFO  FXGLApplication      - Game initialization took: 0.189 sec
21:09:25.801 [JavaFX Application Thread] DEBUG Input                - Clearing active input actions
21:09:25.809 [JavaFX Application Thread] DEBUG GameApplicationServi - Removing overlay from FXGLLoadingScene and adding to GameScene
21:09:25.810 [JavaFX Application Thread] DEBUG PrimaryStageWindow   - FXGLLoadingScene -> GameScene
21:09:26.073 [JavaFX Application Thread] DEBUG FXGLAssetLoaderServi - Loading from file system: file:/C:/Users/garre/git/CS4900G2Proj2/Dawnseeker/target/classes/assets/textures/EnemyDawnseeker.png
21:09:26.721 [JavaFX Application Thread] DEBUG FXGLAssetLoaderServi - Loading from file system: file:/C:/Users/garre/git/CS4900G2Proj2/Dawnseeker/target/classes/assets/sounds/player_oof.wav
21:09:36.311 [JavaFX Application Thread] DEBUG FXGLAssetLoaderServi - Loading from file system: file:/C:/Users/garre/git/CS4900G2Proj2/Dawnseeker/target/classes/assets/sounds/yoda_death.wav
21:09:36.317 [JavaFX Application Thread] DEBUG Input                - Clearing active input actions
21:09:36.319 [JavaFX Application Thread] DEBUG GameApplicationServi - Removing overlay from GameScene and adding to FXGLMainMenuDummyScene
21:09:36.319 [JavaFX Application Thread] DEBUG PrimaryStageWindow   - GameScene -> FXGLMainMenuDummyScene
21:09:36.319 [JavaFX Application Thread] DEBUG PrimaryStageWindow   - Push state: DawnseekerMenu
21:09:36.319 [JavaFX Application Thread] DEBUG Input                - Clearing active input actions
21:09:36.320 [JavaFX Application Thread] DEBUG GameApplicationServi - Removing overlay from FXGLMainMenuDummyScene and adding to DawnseekerMenu
21:09:36.320 [JavaFX Application Thread] DEBUG PrimaryStageWindow   - FXGLMainMenuDummyScene -> DawnseekerMenu
21:09:37.164 [JavaFX Application Thread] DEBUG Menu                 - fireNewGame()
21:09:37.164 [JavaFX Application Thread] DEBUG GameApplicationServi - Starting new game
21:09:37.164 [JavaFX Application Thread] DEBUG PrimaryStageWindow   - Pop state: DawnseekerMenu
21:09:37.164 [JavaFX Application Thread] DEBUG Input                - Clearing active input actions
21:09:37.164 [JavaFX Application Thread] DEBUG GameApplicationServi - Removing overlay from DawnseekerMenu and adding to FXGLMainMenuDummyScene
21:09:37.164 [JavaFX Application Thread] DEBUG PrimaryStageWindow   - FXGLMainMenuDummyScene <- DawnseekerMenu
21:09:37.164 [JavaFX Application Thread] DEBUG Input                - Clearing active input actions
21:09:37.167 [JavaFX Application Thread] DEBUG GameApplicationServi - Removing overlay from FXGLMainMenuDummyScene and adding to FXGLLoadingScene
21:09:37.167 [JavaFX Application Thread] DEBUG PrimaryStageWindow   - FXGLMainMenuDummyScene -> FXGLLoadingScene
21:09:37.168 [JavaFX Application Thread] DEBUG GameApplicationServi - Clearing previous game
21:09:37.168 [JavaFX Application Thread] DEBUG GameScene            - Clearing game scene
21:09:37.168 [JavaFX Application Thread] DEBUG GameWorld            - Clearing game world
21:09:37.170 [JavaFX Application Thread] DEBUG PhysicsWorld         - Clearing physics world
21:09:37.170 [FXGL Background Thread 2 ] DEBUG FXGLApplication      - Initializing game
21:09:37.170 [FXGL Background Thread 2 ] DEBUG AudioPlayer          - Playing music com.almasb.fxgl.audio.Music@6306068c
21:09:37.173 [FXGL Background Thread 2 ] WARN  GameWorld            - Entity is already attached to world
21:09:37.173 [FXGL Background Thread 2 ] WARN  Entity               - Entity already has component: com.almasb.fxgl.entity.components.CollidableComponent
21:09:37.173 [FXGL Background Thread 2 ] WARN  GameWorld            - Entity is already attached to world
21:09:37.173 [FXGL Background Thread 2 ] WARN  Entity               - Entity already has component: com.almasb.fxgl.entity.components.CollidableComponent
21:09:37.173 [FXGL Background Thread 2 ] WARN  GameWorld            - Entity is already attached to world
21:09:37.173 [FXGL Background Thread 2 ] WARN  Entity               - Entity already has component: com.almasb.fxgl.entity.components.CollidableComponent
21:09:37.173 [FXGL Background Thread 2 ] WARN  GameWorld            - Entity is already attached to world
21:09:37.173 [FXGL Background Thread 2 ] WARN  Entity               - Entity already has component: com.almasb.fxgl.entity.components.CollidableComponent
21:09:37.173 [FXGL Background Thread 2 ] WARN  GameWorld            - Entity is already attached to world
21:09:37.174 [FXGL Background Thread 2 ] WARN  GameWorld            - Entity is already attached to world
21:09:37.175 [FXGL Background Thread 2 ] INFO  FXGLApplication      - Game initialization took: 0.004 sec
21:09:37.176 [JavaFX Application Thread] DEBUG Input                - Clearing active input actions
21:09:37.178 [JavaFX Application Thread] DEBUG GameApplicationServi - Removing overlay from FXGLLoadingScene and adding to GameScene
21:09:37.178 [JavaFX Application Thread] DEBUG PrimaryStageWindow   - FXGLLoadingScene -> GameScene
21:09:42.256 [JavaFX Application Thread] DEBUG Input                - Clearing active input actions
21:09:42.258 [JavaFX Application Thread] DEBUG GameApplicationServi - Removing overlay from GameScene and adding to FXGLMainMenuDummyScene
21:09:42.258 [JavaFX Application Thread] DEBUG PrimaryStageWindow   - GameScene -> FXGLMainMenuDummyScene
21:09:42.258 [JavaFX Application Thread] DEBUG PrimaryStageWindow   - Push state: DawnseekerMenu
21:09:42.258 [JavaFX Application Thread] DEBUG Input                - Clearing active input actions
21:09:42.258 [JavaFX Application Thread] DEBUG GameApplicationServi - Removing overlay from FXGLMainMenuDummyScene and adding to DawnseekerMenu
21:09:42.258 [JavaFX Application Thread] DEBUG PrimaryStageWindow   - FXGLMainMenuDummyScene -> DawnseekerMenu
21:09:54.738 [JavaFX Application Thread] DEBUG FXGLApplication      - Exiting FXGL
21:09:54.738 [JavaFX Application Thread] DEBUG LoopRunner           - Stopping loop
21:09:54.738 [JavaFX Application Thread] DEBUG SystemBundleService  - Saving FXGL system data
21:09:54.740 [JavaFX Application Thread] DEBUG FileSystemAccess     - Writing to: C:\Users\garre\git\CS4900G2Proj2\Dawnseeker\system\fxgl.bundle
21:09:54.742 [JavaFX Application Thread] DEBUG Async                - Shutting down background threads
21:09:54.742 [JavaFX Application Thread] DEBUG PrimaryStageWindow   - Closing main window
21:09:54.749 [JavaFX Application Thread] DEBUG Logger               - Closing Logger
