16:18:29.871 [main                     ] DEBUG Logger               - Configured Logger
16:18:29.921 [main                     ] DEBUG GameApplication      - Logging settings
Title: Dawnseeker
Version: 0.5
Width: 1920
Height: 1080
Fullscreen: false
Intro: false
Profiling: false
Single step:false
App Mode: DEVELOPER
Menu Key: ESCAPE
Stage Style: DECORATED
Scene Factory: class myGame.DawnseekerApp$1

16:18:30.537 [JavaFX Application Thread] DEBUG FXGLApplication      - Initializing FXGL
16:18:30.543 [JavaFX Application Thread] INFO  Engine               - FXGL-17.2 (20.08.2022 16.50) on WINDOWS (J:19.0.2 FX:18)
16:18:30.543 [JavaFX Application Thread] DEBUG Engine               - JRE Vendor Name: Oracle Corporation
16:18:30.544 [JavaFX Application Thread] DEBUG Engine               - Running on OS: Windows 10 version 10.0
16:18:30.544 [JavaFX Application Thread] DEBUG Engine               - Architecture: amd64
16:18:30.544 [JavaFX Application Thread] INFO  Engine               - Source code and latest versions at: https://github.com/AlmasB/FXGL
16:18:30.545 [JavaFX Application Thread] INFO  Engine               -       Ask questions and discuss at: https://github.com/AlmasB/FXGL/discussions
16:18:30.545 [JavaFX Application Thread] INFO  Engine               -              Join the FXGL chat at: https://gitter.im/AlmasB/FXGL
16:18:30.689 [JavaFX Application Thread] DEBUG PrimaryStageWindow   - Creating a JavaFX scene
16:18:30.689 [JavaFX Application Thread] DEBUG PrimaryStageWindow   - Target size > screen size
16:18:30.755 [JavaFX Application Thread] DEBUG PrimaryStageWindow   - Target settings size: 1920.0 x 1080.0
16:18:30.755 [JavaFX Application Thread] DEBUG PrimaryStageWindow   - Scaled scene size:    1439.0 x 823.0
16:18:30.755 [JavaFX Application Thread] DEBUG PrimaryStageWindow   - Scaled ratio: (0.7494791666666667, 0.7620370370370371)
16:18:30.757 [JavaFX Application Thread] DEBUG PrimaryStageWindow   - Set initial scene to FXGLStartupScene
16:18:30.765 [JavaFX Application Thread] DEBUG PrimaryStageWindow   - Opening main window
16:18:30.869 [JavaFX Application Thread] DEBUG PrimaryStageWindow   - Window border size: (14.5999755859375, 37.79998779296875)
16:18:30.870 [JavaFX Application Thread] DEBUG PrimaryStageWindow   - Scaled size: 1439.0 x 823.0
16:18:30.870 [JavaFX Application Thread] DEBUG PrimaryStageWindow   - Scaled ratio: (0.7494791666666667, 0.7620370370370371)
16:18:30.870 [JavaFX Application Thread] DEBUG PrimaryStageWindow   - Scene size: 1439.0 x 823.0
16:18:30.871 [JavaFX Application Thread] DEBUG PrimaryStageWindow   - Stage size: 1453.5999755859375 x 860.7999877929688
16:18:30.887 [FXGL Background Thread 1 ] DEBUG Engine               - Initializing environment variables
16:18:30.993 [FXGL Background Thread 1 ] DEBUG FXGLAssetLoaderServi - User app class for loading assets: class myGame.DawnseekerApp
16:18:30.994 [FXGL Background Thread 1 ] DEBUG GameApplicationServi - Applying CSS: fxgl_dark.css
16:18:30.997 [FXGL Background Thread 1 ] DEBUG FXGLAssetLoaderServi - Loading from file system: jar:file:/C:/Users/narro/.m2/repository/com/github/almasb/fxgl/17.2/fxgl-17.2.jar!/fxglassets/ui/css/fxgl_dark.css
16:18:31.114 [FXGL Background Thread 1 ] DEBUG GameApplicationServi - Initializing application scenes
16:18:31.207 [FXGL Background Thread 1 ] DEBUG GameWorld            - Game world initialized
16:18:31.283 [FXGL Background Thread 1 ] DEBUG PhysicsWorld         - Physics world initialized: appHeight=1080, physics.ppm=50.0
16:18:31.284 [FXGL Background Thread 1 ] DEBUG PhysicsWorld         - Using strategy: BRUTE_FORCE
16:18:31.289 [FXGL Background Thread 1 ] DEBUG GameScene            - Game scene initialized: 1920x1080
16:18:31.290 [FXGL Background Thread 1 ] DEBUG FXGLAssetLoaderServi - Loading from file system: file:/C:/Users/narro/git/CS4900G2Proj2/Dawnseeker/target/classes/assets/music/shop.mp3
16:18:31.440 [FXGL Background Thread 1 ] DEBUG AudioPlayer          - Playing music com.almasb.fxgl.audio.Music@67a7fb2a
16:18:31.463 [FXGL Background Thread 1 ] DEBUG FXGLAssetLoaderServi - Loading from file system: file:/C:/Users/narro/git/CS4900G2Proj2/Dawnseeker/target/classes/assets/textures/bg2.png
16:18:31.551 [FXGL Background Thread 1 ] DEBUG FXGL.DefaultMenu     - createMenuBodyGameMenu()
16:18:31.567 [FXGL Background Thread 1 ] DEBUG FXGL.DefaultMenu     - createOptionsMenu()
16:18:31.574 [FXGL Background Thread 1 ] DEBUG FXGLAssetLoaderServi - Loading from file system: jar:file:/C:/Users/narro/.m2/repository/com/github/almasb/fxgl/17.2/fxgl-17.2.jar!/fxglassets/textures/particles/smoke.png
16:18:31.658 [FXGL Background Thread 1 ] DEBUG FXGLAssetLoaderServi - Loading from file system: jar:file:/C:/Users/narro/.m2/repository/com/github/almasb/fxgl/17.2/fxgl-17.2.jar!/fxglassets/textures/particles/trace_horizontal.png
16:18:31.679 [FXGL Background Thread 1 ] DEBUG GameApplicationServi - Application scenes initialized
16:18:31.692 [FXGL Background Thread 1 ] DEBUG SystemBundleService  - Loading FXGL system data
16:18:31.696 [FXGL Background Thread 1 ] DEBUG FileSystemAccess     - Reading from: C:\Users\narro\git\CS4900G2Proj2\Dawnseeker\system\fxgl.bundle
16:18:31.704 [FXGL Background Thread 1 ] DEBUG SystemBundleService  - Bundle FXGL: {}
16:18:31.704 [FXGL Background Thread 1 ] DEBUG UpdaterService       - Checking for updates
16:18:31.707 [FXGL Background Thread 4 ] DEBUG FXGLApplication      - Loading fonts
16:18:31.708 [FXGL Background Thread 1 ] DEBUG FXGLApplication      - Loading default localization
16:18:31.708 [FXGL Background Thread 4 ] DEBUG FXGLAssetLoaderServi - Loading from file system: jar:file:/C:/Users/narro/.m2/repository/com/github/almasb/fxgl/17.2/fxgl-17.2.jar!/fxglassets/ui/fonts/VarelaRound-Regular.ttf
16:18:31.708 [FXGL Background Thread 1 ] DEBUG FXGLAssetLoaderServi - Loading from file system: jar:file:/C:/Users/narro/.m2/repository/com/github/almasb/fxgl/17.2/fxgl-17.2.jar!/fxglassets/languages/english.lang
16:18:31.736 [FXGL Background Thread 1 ] INFO  FXGLApplication      - FXGL initialization took: 0.848 sec
16:18:31.741 [JavaFX Application Thread] DEBUG Input                - Registered new binding: action0 - LMB
16:18:31.747 [JavaFX Application Thread] DEBUG Input                - Registered new binding: Up - W
16:18:31.747 [JavaFX Application Thread] DEBUG Input                - Registered new binding: Down - S
16:18:31.747 [JavaFX Application Thread] DEBUG Input                - Registered new binding: Right - D
16:18:31.747 [JavaFX Application Thread] DEBUG Input                - Registered new binding: Left - A
16:18:31.748 [JavaFX Application Thread] DEBUG FXGLAssetLoaderServi - Loading from file system: jar:file:/C:/Users/narro/.m2/repository/com/github/almasb/fxgl/17.2/fxgl-17.2.jar!/fxglassets/textures/fxgl_icon.png
16:18:31.768 [JavaFX Application Thread] DEBUG FXGLAssetLoaderServi - Loading from file system: jar:file:/C:/Users/narro/.m2/repository/com/github/almasb/fxgl/17.2/fxgl-17.2.jar!/fxglassets/textures/fxgl_default_cursor.png
16:18:31.770 [JavaFX Application Thread] DEBUG Input                - Registered new binding: Screenshot - CTRL+8
16:18:31.771 [JavaFX Application Thread] DEBUG Input                - Registered new binding: System info dump - CTRL+9
16:18:31.771 [JavaFX Application Thread] DEBUG Input                - Registered new binding: Restart - CTRL+R
16:18:31.772 [JavaFX Application Thread] DEBUG Input                - Registered new binding: Toggle Debug Camera - CTRL+7
16:18:31.775 [JavaFX Application Thread] DEBUG LoopRunner           - Starting loop
16:18:31.775 [JavaFX Application Thread] DEBUG LoopRunner           - Initializing JavaFX AnimationTimerLoop
16:18:31.779 [JavaFX Application Thread] DEBUG Input                - Clearing active input actions
16:18:31.792 [JavaFX Application Thread] DEBUG GameApplicationServi - Removing overlay from FXGLStartupScene and adding to FXGLMainMenuDummyScene
16:18:31.795 [JavaFX Application Thread] DEBUG PrimaryStageWindow   - FXGLStartupScene -> FXGLMainMenuDummyScene
16:18:31.797 [JavaFX Application Thread] DEBUG PrimaryStageWindow   - Push state: DawnseekerMenu
16:18:31.798 [JavaFX Application Thread] DEBUG Input                - Clearing active input actions
16:18:31.813 [JavaFX Application Thread] DEBUG GameApplicationServi - Removing overlay from FXGLMainMenuDummyScene and adding to DawnseekerMenu
16:18:31.814 [JavaFX Application Thread] DEBUG PrimaryStageWindow   - FXGLMainMenuDummyScene -> DawnseekerMenu
16:18:31.817 [FXGL Background Thread 4 ] DEBUG FXGLAssetLoaderServi - Loading from file system: jar:file:/C:/Users/narro/.m2/repository/com/github/almasb/fxgl/17.2/fxgl-17.2.jar!/fxglassets/ui/fonts/Abel-Regular.ttf
16:18:31.827 [FXGL Background Thread 4 ] DEBUG FXGLAssetLoaderServi - Loading from file system: jar:file:/C:/Users/narro/.m2/repository/com/github/almasb/fxgl/17.2/fxgl-17.2.jar!/fxglassets/ui/fonts/TerminalLandMono-Regular.otf
16:18:31.838 [FXGL Background Thread 4 ] DEBUG FXGLAssetLoaderServi - Loading from file system: jar:file:/C:/Users/narro/.m2/repository/com/github/almasb/fxgl/17.2/fxgl-17.2.jar!/fxglassets/ui/fonts/Courier-Prime.ttf
16:18:31.855 [JavaFX Application Thread] DEBUG FXGLApplication      - Registering font factories with UI factory
16:18:32.293 [FXGL Background Thread 2 ] INFO  UpdaterService       - Your current version:  17.2
16:18:32.293 [FXGL Background Thread 2 ] INFO  UpdaterService       - Latest stable version: 17.3
16:18:32.725 [JavaFX Application Thread] DEBUG AudioPlayer          - Pausing music com.almasb.fxgl.audio.Music@67a7fb2a
16:18:32.725 [JavaFX Application Thread] DEBUG LoopRunner           - Pausing loop
16:18:34.225 [JavaFX Application Thread] DEBUG LoopRunner           - Resuming loop
16:18:34.226 [JavaFX Application Thread] DEBUG AudioPlayer          - Resuming music com.almasb.fxgl.audio.Music@67a7fb2a
16:18:34.707 [FXGL Background Thread 3 ] DEBUG Engine               - Logging environment variables
16:18:34.709 [FXGL Background Thread 3 ] DEBUG Engine               - achievements: []
16:18:34.709 [FXGL Background Thread 3 ] DEBUG Engine               - actualHeight: 823.0
16:18:34.709 [FXGL Background Thread 3 ] DEBUG Engine               - actualHeightProperty: ReadOnlyDoubleProperty [value: 823.0]
16:18:34.709 [FXGL Background Thread 3 ] DEBUG Engine               - actualWidth: 1439.0
16:18:34.710 [FXGL Background Thread 3 ] DEBUG Engine               - actualWidthProperty: ReadOnlyDoubleProperty [value: 1439.0]
16:18:34.710 [FXGL Background Thread 3 ] DEBUG Engine               - appIcon: fxgl_icon.png
16:18:34.710 [FXGL Background Thread 3 ] DEBUG Engine               - applicationMode: DEVELOPER
16:18:34.710 [FXGL Background Thread 3 ] DEBUG Engine               - cSSList: [fxgl_dark.css]
16:18:34.710 [FXGL Background Thread 3 ] DEBUG Engine               - collisionDetectionStrategy: BRUTE_FORCE
16:18:34.711 [FXGL Background Thread 3 ] DEBUG Engine               - configClass: Optional.empty
16:18:34.711 [FXGL Background Thread 3 ] DEBUG Engine               - credits: []
16:18:34.713 [FXGL Background Thread 3 ] DEBUG Engine               - defaultCursor: CursorInfo(imageName=fxgl_default_cursor.png, hotspotX=7.0, hotspotY=6.0)
16:18:34.714 [FXGL Background Thread 3 ] DEBUG Engine               - devBBoxColorProperty: ObjectProperty [value: 0xff0000ff]
16:18:34.714 [FXGL Background Thread 3 ] DEBUG Engine               - devEnableDebugCameraProperty: BooleanProperty [value: false]
16:18:34.715 [FXGL Background Thread 3 ] DEBUG Engine               - devSensorColorProperty: ObjectProperty [value: 0xffff00ff]
16:18:34.715 [FXGL Background Thread 3 ] DEBUG Engine               - devShowBBoxProperty: BooleanProperty [value: false]
16:18:34.715 [FXGL Background Thread 3 ] DEBUG Engine               - devShowPositionProperty: BooleanProperty [value: false]
16:18:34.715 [FXGL Background Thread 3 ] DEBUG Engine               - enabledMenuItems: []
16:18:34.716 [FXGL Background Thread 3 ] DEBUG Engine               - engineServices: [class com.almasb.fxgl.app.services.FXGLAssetLoaderService, class com.almasb.fxgl.app.FXGLApplication$GameApplicationService, class com.almasb.fxgl.app.services.FXGLDialogService, class com.almasb.fxgl.app.services.IOTaskExecutorService, class com.almasb.fxgl.io.FileSystemService, class com.almasb.fxgl.localization.LocalizationService, class com.almasb.fxgl.app.services.SystemBundleService, class com.almasb.fxgl.profile.SaveLoadService, class com.almasb.fxgl.ui.FXGLUIFactoryServiceProvider, class com.almasb.fxgl.ui.FXGLDialogFactoryServiceProvider, class com.almasb.fxgl.audio.AudioPlayer, class com.almasb.fxgl.notification.impl.NotificationServiceProvider, class com.almasb.fxgl.achievement.AchievementService, class com.almasb.fxgl.cutscene.CutsceneService, class com.almasb.fxgl.minigames.MiniGameService, class com.almasb.fxgl.net.NetService, class com.almasb.fxgl.app.services.UpdaterService, class com.almasb.fxgl.dev.DevService]
16:18:34.716 [FXGL Background Thread 3 ] DEBUG Engine               - fontGame: Abel-Regular.ttf
16:18:34.716 [FXGL Background Thread 3 ] DEBUG Engine               - fontMono: TerminalLandMono-Regular.otf
16:18:34.716 [FXGL Background Thread 3 ] DEBUG Engine               - fontText: Courier-Prime.ttf
16:18:34.716 [FXGL Background Thread 3 ] DEBUG Engine               - fontUI: VarelaRound-Regular.ttf
16:18:34.717 [FXGL Background Thread 3 ] DEBUG Engine               - fullScreen: BooleanProperty [value: false]
16:18:34.717 [FXGL Background Thread 3 ] DEBUG Engine               - gameDifficulty: MEDIUM
16:18:34.717 [FXGL Background Thread 3 ] DEBUG Engine               - gameDifficultyProperty: ObjectProperty [value: MEDIUM]
16:18:34.717 [FXGL Background Thread 3 ] DEBUG Engine               - globalMusicVolume: 0.5
16:18:34.717 [FXGL Background Thread 3 ] DEBUG Engine               - globalMusicVolumeProperty: DoubleProperty [value: 0.5]
16:18:34.717 [FXGL Background Thread 3 ] DEBUG Engine               - globalSoundVolume: 0.5
16:18:34.718 [FXGL Background Thread 3 ] DEBUG Engine               - globalSoundVolumeProperty: DoubleProperty [value: 0.5]
16:18:34.718 [FXGL Background Thread 3 ] DEBUG Engine               - height: 1080
16:18:34.718 [FXGL Background Thread 3 ] DEBUG Engine               - is3D: false
16:18:34.718 [FXGL Background Thread 3 ] DEBUG Engine               - isAndroid: false
16:18:34.718 [FXGL Background Thread 3 ] DEBUG Engine               - isBrowser: false
16:18:34.718 [FXGL Background Thread 3 ] DEBUG Engine               - isClickFeedbackEnabled: false
16:18:34.718 [FXGL Background Thread 3 ] DEBUG Engine               - isCloseConfirmation: false
16:18:34.719 [FXGL Background Thread 3 ] DEBUG Engine               - isDesktop: true
16:18:34.719 [FXGL Background Thread 3 ] DEBUG Engine               - isDeveloperMenuEnabled: false
16:18:34.719 [FXGL Background Thread 3 ] DEBUG Engine               - isEmbedded: false
16:18:34.719 [FXGL Background Thread 3 ] DEBUG Engine               - isEntityPreloadEnabled: true
16:18:34.719 [FXGL Background Thread 3 ] DEBUG Engine               - isExperimentalTiledLargeMap: false
16:18:34.719 [FXGL Background Thread 3 ] DEBUG Engine               - isFileSystemWriteAllowed: true
16:18:34.719 [FXGL Background Thread 3 ] DEBUG Engine               - isFullScreenAllowed: false
16:18:34.720 [FXGL Background Thread 3 ] DEBUG Engine               - isFullScreenFromStart: false
16:18:34.720 [FXGL Background Thread 3 ] DEBUG Engine               - isGameMenuEnabled: true
16:18:34.720 [FXGL Background Thread 3 ] DEBUG Engine               - isIOS: false
16:18:34.720 [FXGL Background Thread 3 ] DEBUG Engine               - isIntroEnabled: false
16:18:34.720 [FXGL Background Thread 3 ] DEBUG Engine               - isLinux: false
16:18:34.720 [FXGL Background Thread 3 ] DEBUG Engine               - isMac: false
16:18:34.720 [FXGL Background Thread 3 ] DEBUG Engine               - isMainMenuEnabled: true
16:18:34.721 [FXGL Background Thread 3 ] DEBUG Engine               - isManualResizeEnabled: false
16:18:34.721 [FXGL Background Thread 3 ] DEBUG Engine               - isMobile: false
16:18:34.721 [FXGL Background Thread 3 ] DEBUG Engine               - isNative: false
16:18:34.721 [FXGL Background Thread 3 ] DEBUG Engine               - isPauseMusicWhenMinimized: true
16:18:34.721 [FXGL Background Thread 3 ] DEBUG Engine               - isPreserveResizeRatio: false
16:18:34.721 [FXGL Background Thread 3 ] DEBUG Engine               - isProfilingEnabled: false
16:18:34.721 [FXGL Background Thread 3 ] DEBUG Engine               - isScaleAffectedOnResize: true
16:18:34.721 [FXGL Background Thread 3 ] DEBUG Engine               - isSingleStep: false
16:18:34.722 [FXGL Background Thread 3 ] DEBUG Engine               - isUserProfileEnabled: false
16:18:34.722 [FXGL Background Thread 3 ] DEBUG Engine               - isWindows: true
16:18:34.722 [FXGL Background Thread 3 ] DEBUG Engine               - language: ObjectProperty [value: ENGLISH]
16:18:34.722 [FXGL Background Thread 3 ] DEBUG Engine               - menuKey: ESCAPE
16:18:34.722 [FXGL Background Thread 3 ] DEBUG Engine               - mouseSensitivity: 0.2
16:18:34.722 [FXGL Background Thread 3 ] DEBUG Engine               - notificationViewClass: class com.almasb.fxgl.notification.view.XboxNotificationView
16:18:34.722 [FXGL Background Thread 3 ] DEBUG Engine               - pixelsPerMeter: 50.0
16:18:34.722 [FXGL Background Thread 3 ] DEBUG Engine               - platform: WINDOWS
16:18:34.722 [FXGL Background Thread 3 ] DEBUG Engine               - prefHeightProperty: ReadOnlyDoubleProperty [value: 1080.0]
16:18:34.723 [FXGL Background Thread 3 ] DEBUG Engine               - prefWidthProperty: ReadOnlyDoubleProperty [value: 1920.0]
16:18:34.723 [FXGL Background Thread 3 ] DEBUG Engine               - profileDir: profiles/
16:18:34.723 [FXGL Background Thread 3 ] DEBUG Engine               - profileName: StringProperty [value: DEFAULT]
16:18:34.723 [FXGL Background Thread 3 ] DEBUG Engine               - randomSeed: -1
16:18:34.723 [FXGL Background Thread 3 ] DEBUG Engine               - runtimeInfo: RuntimeInfo(platform=WINDOWS, version=17.2, build=20.08.2022 16.50)
16:18:34.723 [FXGL Background Thread 3 ] DEBUG Engine               - saveFileExt: sav
16:18:34.724 [FXGL Background Thread 3 ] DEBUG Engine               - scaledHeightProp$fxgl: DoubleProperty [bound, value: 823.0]
16:18:34.724 [FXGL Background Thread 3 ] DEBUG Engine               - scaledWidthProp$fxgl: DoubleProperty [bound, value: 1439.0]
16:18:34.724 [FXGL Background Thread 3 ] DEBUG Engine               - sceneFactory: myGame.DawnseekerApp$1@4adddc14
16:18:34.724 [FXGL Background Thread 3 ] DEBUG Engine               - secondsIn24h: 60
16:18:34.724 [FXGL Background Thread 3 ] DEBUG Engine               - soundMenuBack: menu/back.wav
16:18:34.724 [FXGL Background Thread 3 ] DEBUG Engine               - soundMenuPress: menu/press.wav
16:18:34.724 [FXGL Background Thread 3 ] DEBUG Engine               - soundMenuSelect: menu/select.wav
16:18:34.724 [FXGL Background Thread 3 ] DEBUG Engine               - soundNotification: core/notification.wav
16:18:34.724 [FXGL Background Thread 3 ] DEBUG Engine               - stageStyle: DECORATED
16:18:34.724 [FXGL Background Thread 3 ] DEBUG Engine               - supportedLanguages: [ENGLISH, FRENCH, GERMAN, HUNGARIAN, RUSSIAN]
16:18:34.725 [FXGL Background Thread 3 ] DEBUG Engine               - ticksPerSecond: -1
16:18:34.725 [FXGL Background Thread 3 ] DEBUG Engine               - title: Dawnseeker
16:18:34.725 [FXGL Background Thread 3 ] DEBUG Engine               - urlGithub: https://github.com/AlmasB/FXGL
16:18:34.725 [FXGL Background Thread 3 ] DEBUG Engine               - urlLeaderboard: http://fxgl-top.herokuapp.com/
16:18:34.725 [FXGL Background Thread 3 ] DEBUG Engine               - urlPOM: https://raw.githubusercontent.com/AlmasB/FXGL/release/README.md
16:18:34.725 [FXGL Background Thread 3 ] DEBUG Engine               - userAppClass: class myGame.DawnseekerApp
16:18:34.725 [FXGL Background Thread 3 ] DEBUG Engine               - version: 0.5
16:18:34.725 [FXGL Background Thread 3 ] DEBUG Engine               - versionCheckDays: 7
16:18:34.725 [FXGL Background Thread 3 ] DEBUG Engine               - width: 1920
16:18:34.725 [FXGL Background Thread 3 ] DEBUG Engine               - Logging services
16:18:34.726 [FXGL Background Thread 3 ] DEBUG Engine               - class com.almasb.fxgl.app.services.FXGLAssetLoaderService
16:18:34.726 [FXGL Background Thread 3 ] DEBUG Engine               - class com.almasb.fxgl.app.FXGLApplication$GameApplicationService
16:18:34.726 [FXGL Background Thread 3 ] DEBUG Engine               - class com.almasb.fxgl.app.services.FXGLDialogService
16:18:34.726 [FXGL Background Thread 3 ] DEBUG Engine               - class com.almasb.fxgl.app.services.IOTaskExecutorService
16:18:34.726 [FXGL Background Thread 3 ] DEBUG Engine               - class com.almasb.fxgl.io.FileSystemService
16:18:34.726 [FXGL Background Thread 3 ] DEBUG Engine               - class com.almasb.fxgl.localization.LocalizationService
16:18:34.726 [FXGL Background Thread 3 ] DEBUG Engine               - class com.almasb.fxgl.app.services.SystemBundleService
16:18:34.726 [FXGL Background Thread 3 ] DEBUG Engine               - class com.almasb.fxgl.profile.SaveLoadService
16:18:34.726 [FXGL Background Thread 3 ] DEBUG Engine               - class com.almasb.fxgl.ui.FXGLUIFactoryServiceProvider
16:18:34.726 [FXGL Background Thread 3 ] DEBUG Engine               - class com.almasb.fxgl.ui.FXGLDialogFactoryServiceProvider
16:18:34.726 [FXGL Background Thread 3 ] DEBUG Engine               - class com.almasb.fxgl.audio.AudioPlayer
16:18:34.726 [FXGL Background Thread 3 ] DEBUG Engine               - class com.almasb.fxgl.notification.impl.NotificationServiceProvider
16:18:34.726 [FXGL Background Thread 3 ] DEBUG Engine               - class com.almasb.fxgl.achievement.AchievementService
16:18:34.727 [FXGL Background Thread 3 ] DEBUG Engine               - class com.almasb.fxgl.cutscene.CutsceneService
16:18:34.727 [FXGL Background Thread 3 ] DEBUG Engine               - class com.almasb.fxgl.minigames.MiniGameService
16:18:34.727 [FXGL Background Thread 3 ] DEBUG Engine               - class com.almasb.fxgl.net.NetService
16:18:34.727 [FXGL Background Thread 3 ] DEBUG Engine               - class com.almasb.fxgl.app.services.UpdaterService
16:18:34.727 [FXGL Background Thread 3 ] DEBUG Engine               - class com.almasb.fxgl.dev.DevService
16:18:35.141 [JavaFX Application Thread] DEBUG Menu                 - fireNewGame()
16:18:35.141 [JavaFX Application Thread] DEBUG GameApplicationServi - Starting new game
16:18:35.141 [JavaFX Application Thread] DEBUG PrimaryStageWindow   - Pop state: DawnseekerMenu
16:18:35.141 [JavaFX Application Thread] DEBUG Input                - Clearing active input actions
16:18:35.142 [JavaFX Application Thread] DEBUG GameApplicationServi - Removing overlay from DawnseekerMenu and adding to FXGLMainMenuDummyScene
16:18:35.142 [JavaFX Application Thread] DEBUG PrimaryStageWindow   - FXGLMainMenuDummyScene <- DawnseekerMenu
16:18:35.142 [JavaFX Application Thread] DEBUG Input                - Clearing active input actions
16:18:35.149 [JavaFX Application Thread] DEBUG GameApplicationServi - Removing overlay from FXGLMainMenuDummyScene and adding to FXGLLoadingScene
16:18:35.149 [JavaFX Application Thread] DEBUG PrimaryStageWindow   - FXGLMainMenuDummyScene -> FXGLLoadingScene
16:18:35.149 [JavaFX Application Thread] DEBUG GameApplicationServi - Clearing previous game
16:18:35.149 [JavaFX Application Thread] DEBUG GameScene            - Clearing game scene
16:18:35.149 [JavaFX Application Thread] DEBUG GameWorld            - Clearing game world
16:18:35.149 [JavaFX Application Thread] DEBUG PhysicsWorld         - Clearing physics world
16:18:35.151 [JavaFX Application Thread] DEBUG AudioPlayer          - Stopping music com.almasb.fxgl.audio.Music@67a7fb2a
16:18:35.151 [FXGL Background Thread 2 ] DEBUG FXGLApplication      - Initializing game
16:18:35.157 [FXGL Background Thread 2 ] DEBUG FXGLAssetLoaderServi - Loading from file system: file:/C:/Users/narro/git/CS4900G2Proj2/Dawnseeker/target/classes/assets/music/heartache.mp3
16:18:35.159 [FXGL Background Thread 2 ] DEBUG AudioPlayer          - Playing music com.almasb.fxgl.audio.Music@6d636f2f
16:18:35.176 [FXGL Background Thread 2 ] DEBUG FXGLAssetLoaderServi - Loading from file system: file:/C:/Users/narro/git/CS4900G2Proj2/Dawnseeker/target/classes/assets/textures/DawnseekerPCV2.png
16:18:35.179 [FXGL Background Thread 2 ] DEBUG FXGLAssetLoaderServi - Loading from file system: file:/C:/Users/narro/git/CS4900G2Proj2/Dawnseeker/target/classes/assets/textures/DawnseekerPCV2Down.png
16:18:35.182 [FXGL Background Thread 2 ] DEBUG FXGLAssetLoaderServi - Loading from file system: file:/C:/Users/narro/git/CS4900G2Proj2/Dawnseeker/target/classes/assets/textures/DawnseekerPCV2Up.png
16:18:35.183 [FXGL Background Thread 2 ] DEBUG FXGLAssetLoaderServi - Loading from file system: file:/C:/Users/narro/git/CS4900G2Proj2/Dawnseeker/target/classes/assets/textures/DawnseekerPCV2Right.png
16:18:35.184 [FXGL Background Thread 2 ] DEBUG FXGLAssetLoaderServi - Loading from file system: file:/C:/Users/narro/git/CS4900G2Proj2/Dawnseeker/target/classes/assets/textures/DawnseekerPCV2Left.png
16:18:35.203 [FXGL Background Thread 2 ] DEBUG FXGLAssetLoaderServi - Loading from file system: file:/C:/Users/narro/git/CS4900G2Proj2/Dawnseeker/target/classes/assets/textures/background.png
16:18:35.242 [FXGL Background Thread 2 ] WARN  GameWorld            - Entity is already attached to world
16:18:35.244 [FXGL Background Thread 2 ] DEBUG FXGLAssetLoaderServi - Loading from file system: file:/C:/Users/narro/git/CS4900G2Proj2/Dawnseeker/target/classes/assets/textures/Rock1.png
16:18:35.251 [FXGL Background Thread 2 ] WARN  Entity               - Entity already has component: com.almasb.fxgl.entity.components.CollidableComponent
16:18:35.251 [FXGL Background Thread 2 ] WARN  GameWorld            - Entity is already attached to world
16:18:35.253 [FXGL Background Thread 2 ] DEBUG FXGLAssetLoaderServi - Loading from file system: file:/C:/Users/narro/git/CS4900G2Proj2/Dawnseeker/target/classes/assets/textures/Rock2.png
16:18:35.257 [FXGL Background Thread 2 ] WARN  Entity               - Entity already has component: com.almasb.fxgl.entity.components.CollidableComponent
16:18:35.257 [FXGL Background Thread 2 ] WARN  GameWorld            - Entity is already attached to world
16:18:35.259 [FXGL Background Thread 2 ] DEBUG FXGLAssetLoaderServi - Loading from file system: file:/C:/Users/narro/git/CS4900G2Proj2/Dawnseeker/target/classes/assets/textures/BigRock1.png
16:18:35.261 [FXGL Background Thread 2 ] WARN  Entity               - Entity already has component: com.almasb.fxgl.entity.components.CollidableComponent
16:18:35.262 [FXGL Background Thread 2 ] WARN  GameWorld            - Entity is already attached to world
16:18:35.268 [FXGL Background Thread 2 ] DEBUG FXGLAssetLoaderServi - Loading from file system: file:/C:/Users/narro/git/CS4900G2Proj2/Dawnseeker/target/classes/assets/textures/AnimShop.png
16:18:35.274 [FXGL Background Thread 2 ] WARN  GameWorld            - Entity is already attached to world
16:18:35.330 [FXGL Background Thread 2 ] INFO  FXGLApplication      - Game initialization took: 0.178 sec
16:18:35.335 [JavaFX Application Thread] DEBUG Input                - Clearing active input actions
16:18:35.360 [JavaFX Application Thread] DEBUG GameApplicationServi - Removing overlay from FXGLLoadingScene and adding to GameScene
16:18:35.361 [JavaFX Application Thread] DEBUG PrimaryStageWindow   - FXGLLoadingScene -> GameScene
16:18:36.455 [JavaFX Application Thread] DEBUG FXGLAssetLoaderServi - Loading from file system: file:/C:/Users/narro/git/CS4900G2Proj2/Dawnseeker/target/classes/assets/textures/Skull.gif
16:18:36.461 [JavaFX Application Thread] DEBUG FXGLAssetLoaderServi - Loading from file system: file:/C:/Users/narro/git/CS4900G2Proj2/Dawnseeker/target/classes/assets/textures/Ghost.gif
16:18:39.023 [JavaFX Application Thread] DEBUG FXGLAssetLoaderServi - Loading from file system: file:/C:/Users/narro/git/CS4900G2Proj2/Dawnseeker/target/classes/assets/sounds/magic_missile.wav
16:18:39.034 [JavaFX Application Thread] DEBUG FXGLAssetLoaderServi - Loading from file system: file:/C:/Users/narro/git/CS4900G2Proj2/Dawnseeker/target/classes/assets/textures/Fireball.gif
16:18:39.560 [JavaFX Application Thread] WARN  GameWorld            - Attempted to remove entity which is not active
16:18:39.564 [JavaFX Application Thread] DEBUG FXGLAssetLoaderServi - Loading from file system: file:/C:/Users/narro/git/CS4900G2Proj2/Dawnseeker/target/classes/assets/textures/Coin.gif
16:18:39.572 [JavaFX Application Thread] DEBUG FXGLAssetLoaderServi - Loading from file system: file:/C:/Users/narro/git/CS4900G2Proj2/Dawnseeker/target/classes/assets/sounds/bong.wav
16:18:40.344 [JavaFX Application Thread] DEBUG FXGLAssetLoaderServi - Loading from file system: file:/C:/Users/narro/git/CS4900G2Proj2/Dawnseeker/target/classes/assets/textures/slime.gif
16:18:40.352 [JavaFX Application Thread] WARN  GameWorld            - Attempted to remove entity which is not active
16:18:42.102 [JavaFX Application Thread] WARN  GameWorld            - Attempted to remove entity which is not active
16:18:42.409 [JavaFX Application Thread] WARN  GameWorld            - Attempted to remove entity which is not active
16:18:42.711 [JavaFX Application Thread] WARN  GameWorld            - Attempted to remove entity which is not active
16:18:43.449 [JavaFX Application Thread] WARN  GameWorld            - Attempted to remove entity which is not active
16:18:44.198 [JavaFX Application Thread] WARN  GameWorld            - Attempted to remove entity which is not active
16:18:45.191 [JavaFX Application Thread] WARN  GameWorld            - Attempted to remove entity which is not active
16:18:45.192 [JavaFX Application Thread] DEBUG FXGLAssetLoaderServi - Loading from file system: file:/C:/Users/narro/git/CS4900G2Proj2/Dawnseeker/target/classes/assets/textures/Poison.gif
16:18:45.194 [JavaFX Application Thread] WARN  GameWorld            - Entity is already attached to world
16:18:45.195 [JavaFX Application Thread] DEBUG FXGLAssetLoaderServi - Loading from file system: file:/C:/Users/narro/git/CS4900G2Proj2/Dawnseeker/target/classes/assets/textures/PowerPotion.gif
16:18:45.197 [JavaFX Application Thread] DEBUG FXGLAssetLoaderServi - Loading from file system: file:/C:/Users/narro/git/CS4900G2Proj2/Dawnseeker/target/classes/assets/sounds/tom_scream.wav
16:18:46.679 [JavaFX Application Thread] WARN  GameWorld            - Attempted to remove entity which is not active
16:18:46.982 [JavaFX Application Thread] WARN  GameWorld            - Attempted to remove entity which is not active
16:18:47.798 [JavaFX Application Thread] WARN  GameWorld            - Attempted to remove entity which is not active
16:18:48.359 [JavaFX Application Thread] WARN  GameWorld            - Attempted to remove entity which is not active
16:18:49.543 [JavaFX Application Thread] WARN  GameWorld            - Attempted to remove entity which is not active
16:18:49.672 [JavaFX Application Thread] WARN  GameWorld            - Attempted to remove entity which is not active
16:18:49.674 [JavaFX Application Thread] DEBUG FXGLAssetLoaderServi - Loading from file system: file:/C:/Users/narro/git/CS4900G2Proj2/Dawnseeker/target/classes/assets/sounds/metal_pipe_fall.wav
16:18:50.182 [JavaFX Application Thread] WARN  GameWorld            - Attempted to remove entity which is not active
16:18:50.617 [JavaFX Application Thread] DEBUG FXGLAssetLoaderServi - Loading from file system: file:/C:/Users/narro/git/CS4900G2Proj2/Dawnseeker/target/classes/assets/sounds/player_oof.wav
16:18:51.030 [JavaFX Application Thread] WARN  GameWorld            - Attempted to remove entity which is not active
16:18:51.673 [JavaFX Application Thread] WARN  GameWorld            - Attempted to remove entity which is not active
16:18:51.814 [JavaFX Application Thread] DEBUG FXGLAssetLoaderServi - Loading from file system: file:/C:/Users/narro/git/CS4900G2Proj2/Dawnseeker/target/classes/assets/sounds/coin_pickup.wav
16:18:51.980 [JavaFX Application Thread] WARN  GameWorld            - Attempted to remove entity which is not active
16:18:52.902 [JavaFX Application Thread] WARN  GameWorld            - Attempted to remove entity which is not active
16:18:53.207 [JavaFX Application Thread] WARN  GameWorld            - Attempted to remove entity which is not active
16:18:53.212 [JavaFX Application Thread] DEBUG FXGLAssetLoaderServi - Loading from file system: file:/C:/Users/narro/git/CS4900G2Proj2/Dawnseeker/target/classes/assets/textures/HealthPotion.gif
16:18:53.895 [JavaFX Application Thread] WARN  GameWorld            - Attempted to remove entity which is not active
16:18:54.150 [JavaFX Application Thread] WARN  GameWorld            - Attempted to remove entity which is not active
16:18:54.519 [JavaFX Application Thread] WARN  GameWorld            - Attempted to remove entity which is not active
16:18:54.712 [JavaFX Application Thread] WARN  GameWorld            - Attempted to remove entity which is not active
16:18:54.713 [JavaFX Application Thread] WARN  GameWorld            - Entity is already attached to world
16:18:57.142 [JavaFX Application Thread] WARN  GameWorld            - Attempted to remove entity which is not active
16:18:57.625 [JavaFX Application Thread] WARN  GameWorld            - Attempted to remove entity which is not active
16:18:57.626 [JavaFX Application Thread] DEBUG FXGLAssetLoaderServi - Loading from file system: file:/C:/Users/narro/git/CS4900G2Proj2/Dawnseeker/target/classes/assets/textures/SpeedPotion.gif
16:18:58.166 [JavaFX Application Thread] WARN  GameWorld            - Attempted to remove entity which is not active
16:18:58.294 [JavaFX Application Thread] WARN  GameWorld            - Attempted to remove entity which is not active
16:18:59.543 [JavaFX Application Thread] WARN  GameWorld            - Attempted to remove entity which is not active
16:18:59.976 [JavaFX Application Thread] WARN  GameWorld            - Attempted to remove entity which is not active
16:19:00.946 [JavaFX Application Thread] DEBUG FXGLAssetLoaderServi - Loading from file system: file:/C:/Users/narro/git/CS4900G2Proj2/Dawnseeker/target/classes/assets/sounds/yoda_death.wav
16:19:00.951 [JavaFX Application Thread] DEBUG AudioPlayer          - Stopping music com.almasb.fxgl.audio.Music@67a7fb2a
16:19:00.952 [JavaFX Application Thread] DEBUG AudioPlayer          - Stopping music com.almasb.fxgl.audio.Music@6d636f2f
16:19:00.953 [JavaFX Application Thread] DEBUG Input                - Clearing active input actions
16:19:00.960 [JavaFX Application Thread] DEBUG GameApplicationServi - Removing overlay from GameScene and adding to FXGLMainMenuDummyScene
16:19:00.961 [JavaFX Application Thread] DEBUG PrimaryStageWindow   - GameScene -> FXGLMainMenuDummyScene
16:19:00.961 [JavaFX Application Thread] DEBUG PrimaryStageWindow   - Push state: DawnseekerMenu
16:19:00.961 [JavaFX Application Thread] DEBUG Input                - Clearing active input actions
16:19:00.961 [JavaFX Application Thread] DEBUG GameApplicationServi - Removing overlay from FXGLMainMenuDummyScene and adding to DawnseekerMenu
16:19:00.961 [JavaFX Application Thread] DEBUG PrimaryStageWindow   - FXGLMainMenuDummyScene -> DawnseekerMenu
16:19:00.962 [JavaFX Application Thread] DEBUG AudioPlayer          - Playing music com.almasb.fxgl.audio.Music@67a7fb2a
16:19:00.963 [JavaFX Application Thread] DEBUG FXGLAssetLoaderServi - Loading from file system: file:/C:/Users/narro/git/CS4900G2Proj2/Dawnseeker/target/classes/assets/sounds/bonk.wav
16:19:02.524 [JavaFX Application Thread] DEBUG FXGLApplication      - Exiting FXGL
16:19:02.524 [JavaFX Application Thread] DEBUG LoopRunner           - Stopping loop
16:19:02.524 [JavaFX Application Thread] DEBUG SystemBundleService  - Saving FXGL system data
16:19:02.530 [JavaFX Application Thread] DEBUG FileSystemAccess     - Writing to: C:\Users\narro\git\CS4900G2Proj2\Dawnseeker\system\fxgl.bundle
16:19:02.536 [JavaFX Application Thread] DEBUG Async                - Shutting down background threads
16:19:02.536 [JavaFX Application Thread] DEBUG PrimaryStageWindow   - Closing main window
16:19:02.547 [JavaFX Application Thread] DEBUG Logger               - Closing Logger
