19:18:15.351 [main                     ] DEBUG Logger               - Configured Logger
19:18:15.391 [main                     ] DEBUG GameApplication      - Logging settings
Title: Dawnseeker
Version: 0.5
Width: 1920
Height: 1080
Fullscreen: false
Intro: false
Profiling: false
Single step:false
App Mode: DEVELOPER
Menu Key: ESCAPE
Stage Style: DECORATED
Scene Factory: class myGame.DawnseekerApp$1

19:18:16.432 [JavaFX Application Thread] DEBUG FXGLApplication      - Initializing FXGL
19:18:16.459 [JavaFX Application Thread] INFO  Engine               - FXGL-17.2 (20.08.2022 16.50) on WINDOWS (J:19 FX:18)
19:18:16.461 [JavaFX Application Thread] DEBUG Engine               - JRE Vendor Name: Eclipse Adoptium
19:18:16.462 [JavaFX Application Thread] DEBUG Engine               - Running on OS: Windows 10 version 10.0
19:18:16.463 [JavaFX Application Thread] DEBUG Engine               - Architecture: amd64
19:18:16.463 [JavaFX Application Thread] INFO  Engine               - Source code and latest versions at: https://github.com/AlmasB/FXGL
19:18:16.464 [JavaFX Application Thread] INFO  Engine               -       Ask questions and discuss at: https://github.com/AlmasB/FXGL/discussions
19:18:16.465 [JavaFX Application Thread] INFO  Engine               -              Join the FXGL chat at: https://gitter.im/AlmasB/FXGL
19:18:16.795 [JavaFX Application Thread] DEBUG PrimaryStageWindow   - Creating a JavaFX scene
19:18:17.067 [JavaFX Application Thread] DEBUG PrimaryStageWindow   - Target settings size: 1920.0 x 1080.0
19:18:17.069 [JavaFX Application Thread] DEBUG PrimaryStageWindow   - Scaled scene size:    1920.0 x 1080.0
19:18:17.070 [JavaFX Application Thread] DEBUG PrimaryStageWindow   - Scaled ratio: (1.0, 1.0)
19:18:17.073 [JavaFX Application Thread] DEBUG PrimaryStageWindow   - Set initial scene to FXGLStartupScene
19:18:17.092 [JavaFX Application Thread] DEBUG PrimaryStageWindow   - Opening main window
19:18:17.738 [JavaFX Application Thread] DEBUG PrimaryStageWindow   - Window border size: (16.0, 39.0)
19:18:17.740 [JavaFX Application Thread] DEBUG PrimaryStageWindow   - Scaled size: 1920.0 x 1080.0
19:18:17.741 [JavaFX Application Thread] DEBUG PrimaryStageWindow   - Scaled ratio: (1.0, 1.0)
19:18:17.743 [JavaFX Application Thread] DEBUG PrimaryStageWindow   - Scene size: 1920.0 x 1080.0
19:18:17.745 [JavaFX Application Thread] DEBUG PrimaryStageWindow   - Stage size: 1936.0 x 1119.0
19:18:17.809 [FXGL Background Thread 1 ] DEBUG Engine               - Initializing environment variables
19:18:18.002 [FXGL Background Thread 1 ] DEBUG FXGLAssetLoaderServi - User app class for loading assets: class myGame.DawnseekerApp
19:18:18.003 [FXGL Background Thread 1 ] DEBUG GameApplicationServi - Applying CSS: fxgl_dark.css
19:18:18.006 [FXGL Background Thread 1 ] DEBUG FXGLAssetLoaderServi - Loading from file system: jar:file:/C:/Users/User/.m2/repository/com/github/almasb/fxgl/17.2/fxgl-17.2.jar!/fxglassets/ui/css/fxgl_dark.css
19:18:18.073 [FXGL Background Thread 1 ] DEBUG GameApplicationServi - Initializing application scenes
19:18:18.145 [FXGL Background Thread 1 ] DEBUG GameWorld            - Game world initialized
19:18:18.258 [FXGL Background Thread 1 ] DEBUG PhysicsWorld         - Physics world initialized: appHeight=1080, physics.ppm=50.0
19:18:18.258 [FXGL Background Thread 1 ] DEBUG PhysicsWorld         - Using strategy: BRUTE_FORCE
19:18:18.266 [FXGL Background Thread 1 ] DEBUG GameScene            - Game scene initialized: 1920x1080
19:18:18.267 [FXGL Background Thread 1 ] DEBUG FXGLAssetLoaderServi - Loading from file system: file:/C:/Users/User/Desktop/Spring2023/CS4900G2Proj2/CS4900G2Proj2/CS4900G2Proj2/Dawnseeker/target/classes/assets/music/shop.mp3
19:18:18.969 [FXGL Background Thread 1 ] DEBUG AudioPlayer          - Playing music com.almasb.fxgl.audio.Music@48c68b34
19:18:19.018 [FXGL Background Thread 1 ] DEBUG FXGLAssetLoaderServi - Loading from file system: file:/C:/Users/User/Desktop/Spring2023/CS4900G2Proj2/CS4900G2Proj2/CS4900G2Proj2/Dawnseeker/target/classes/assets/textures/bg2.png
19:18:19.194 [FXGL Background Thread 1 ] DEBUG FXGL.DefaultMenu     - createMenuBodyGameMenu()
19:18:25.990 [FXGL Background Thread 1 ] DEBUG FXGL.DefaultMenu     - createOptionsMenu()
19:18:26.005 [FXGL Background Thread 1 ] DEBUG FXGLAssetLoaderServi - Loading from file system: jar:file:/C:/Users/User/.m2/repository/com/github/almasb/fxgl/17.2/fxgl-17.2.jar!/fxglassets/textures/particles/smoke.png
19:18:26.212 [FXGL Background Thread 1 ] DEBUG FXGLAssetLoaderServi - Loading from file system: jar:file:/C:/Users/User/.m2/repository/com/github/almasb/fxgl/17.2/fxgl-17.2.jar!/fxglassets/textures/particles/trace_horizontal.png
19:18:26.287 [FXGL Background Thread 1 ] DEBUG GameApplicationServi - Application scenes initialized
19:18:26.317 [FXGL Background Thread 1 ] DEBUG SystemBundleService  - Loading FXGL system data
19:18:26.337 [FXGL Background Thread 1 ] DEBUG FileSystemAccess     - Reading from: C:\Users\User\Desktop\Spring2023\CS4900G2Proj2\CS4900G2Proj2\CS4900G2Proj2\Dawnseeker\system\fxgl.bundle
19:18:26.361 [FXGL Background Thread 1 ] DEBUG SystemBundleService  - Bundle FXGL: {}
19:18:26.362 [FXGL Background Thread 1 ] DEBUG UpdaterService       - Checking for updates
19:18:26.374 [FXGL Background Thread 4 ] DEBUG FXGLApplication      - Loading fonts
19:18:26.375 [FXGL Background Thread 1 ] DEBUG FXGLApplication      - Loading default localization
19:18:26.376 [FXGL Background Thread 1 ] DEBUG FXGLAssetLoaderServi - Loading from file system: jar:file:/C:/Users/User/.m2/repository/com/github/almasb/fxgl/17.2/fxgl-17.2.jar!/fxglassets/languages/english.lang
19:18:26.380 [FXGL Background Thread 4 ] DEBUG FXGLAssetLoaderServi - Loading from file system: jar:file:/C:/Users/User/.m2/repository/com/github/almasb/fxgl/17.2/fxgl-17.2.jar!/fxglassets/ui/fonts/VarelaRound-Regular.ttf
19:18:26.417 [FXGL Background Thread 1 ] INFO  FXGLApplication      - FXGL initialization took: 8.607 sec
19:18:26.427 [JavaFX Application Thread] DEBUG Input                - Registered new binding: action0 - LMB
19:18:26.442 [JavaFX Application Thread] DEBUG Input                - Registered new binding: Up - W
19:18:26.442 [JavaFX Application Thread] DEBUG Input                - Registered new binding: Down - S
19:18:26.442 [JavaFX Application Thread] DEBUG Input                - Registered new binding: Right - D
19:18:26.443 [JavaFX Application Thread] DEBUG Input                - Registered new binding: Left - A
19:18:26.444 [JavaFX Application Thread] DEBUG FXGLAssetLoaderServi - Loading from file system: jar:file:/C:/Users/User/.m2/repository/com/github/almasb/fxgl/17.2/fxgl-17.2.jar!/fxglassets/textures/fxgl_icon.png
19:18:26.481 [JavaFX Application Thread] DEBUG FXGLAssetLoaderServi - Loading from file system: jar:file:/C:/Users/User/.m2/repository/com/github/almasb/fxgl/17.2/fxgl-17.2.jar!/fxglassets/textures/fxgl_default_cursor.png
19:18:26.485 [JavaFX Application Thread] DEBUG Input                - Registered new binding: Screenshot - CTRL+8
19:18:26.486 [JavaFX Application Thread] DEBUG Input                - Registered new binding: System info dump - CTRL+9
19:18:26.486 [JavaFX Application Thread] DEBUG Input                - Registered new binding: Restart - CTRL+R
19:18:26.488 [JavaFX Application Thread] DEBUG Input                - Registered new binding: Toggle Debug Camera - CTRL+7
19:18:26.492 [JavaFX Application Thread] DEBUG LoopRunner           - Starting loop
19:18:26.492 [JavaFX Application Thread] DEBUG LoopRunner           - Initializing JavaFX AnimationTimerLoop
19:18:26.499 [JavaFX Application Thread] DEBUG Input                - Clearing active input actions
19:18:26.544 [JavaFX Application Thread] DEBUG GameApplicationServi - Removing overlay from FXGLStartupScene and adding to FXGLMainMenuDummyScene
19:18:26.545 [JavaFX Application Thread] DEBUG PrimaryStageWindow   - FXGLStartupScene -> FXGLMainMenuDummyScene
19:18:26.545 [JavaFX Application Thread] DEBUG PrimaryStageWindow   - Push state: DawnseekerMenu
19:18:26.545 [JavaFX Application Thread] DEBUG Input                - Clearing active input actions
19:18:26.567 [JavaFX Application Thread] DEBUG GameApplicationServi - Removing overlay from FXGLMainMenuDummyScene and adding to DawnseekerMenu
19:18:26.568 [JavaFX Application Thread] DEBUG PrimaryStageWindow   - FXGLMainMenuDummyScene -> DawnseekerMenu
19:18:27.332 [FXGL Background Thread 4 ] DEBUG FXGLAssetLoaderServi - Loading from file system: jar:file:/C:/Users/User/.m2/repository/com/github/almasb/fxgl/17.2/fxgl-17.2.jar!/fxglassets/ui/fonts/Abel-Regular.ttf
19:18:27.335 [FXGL Background Thread 4 ] DEBUG FXGLAssetLoaderServi - Loading from file system: jar:file:/C:/Users/User/.m2/repository/com/github/almasb/fxgl/17.2/fxgl-17.2.jar!/fxglassets/ui/fonts/TerminalLandMono-Regular.otf
19:18:27.338 [FXGL Background Thread 4 ] DEBUG FXGLAssetLoaderServi - Loading from file system: jar:file:/C:/Users/User/.m2/repository/com/github/almasb/fxgl/17.2/fxgl-17.2.jar!/fxglassets/ui/fonts/Courier-Prime.ttf
19:18:27.344 [JavaFX Application Thread] DEBUG FXGLApplication      - Registering font factories with UI factory
19:18:29.370 [FXGL Background Thread 3 ] DEBUG Engine               - Logging environment variables
19:18:29.370 [FXGL Background Thread 3 ] DEBUG Engine               - achievements: []
19:18:29.370 [FXGL Background Thread 3 ] DEBUG Engine               - actualHeight: 1080.0
19:18:29.372 [FXGL Background Thread 3 ] DEBUG Engine               - actualHeightProperty: ReadOnlyDoubleProperty [value: 1080.0]
19:18:29.372 [FXGL Background Thread 3 ] DEBUG Engine               - actualWidth: 1920.0
19:18:29.372 [FXGL Background Thread 3 ] DEBUG Engine               - actualWidthProperty: ReadOnlyDoubleProperty [value: 1920.0]
19:18:29.372 [FXGL Background Thread 3 ] DEBUG Engine               - appIcon: fxgl_icon.png
19:18:29.372 [FXGL Background Thread 3 ] DEBUG Engine               - applicationMode: DEVELOPER
19:18:29.372 [FXGL Background Thread 3 ] DEBUG Engine               - cSSList: [fxgl_dark.css]
19:18:29.372 [FXGL Background Thread 3 ] DEBUG Engine               - collisionDetectionStrategy: BRUTE_FORCE
19:18:29.373 [FXGL Background Thread 3 ] DEBUG Engine               - configClass: Optional.empty
19:18:29.373 [FXGL Background Thread 3 ] DEBUG Engine               - credits: []
19:18:29.373 [FXGL Background Thread 3 ] DEBUG Engine               - defaultCursor: CursorInfo(imageName=fxgl_default_cursor.png, hotspotX=7.0, hotspotY=6.0)
19:18:29.374 [FXGL Background Thread 3 ] DEBUG Engine               - devBBoxColorProperty: ObjectProperty [value: 0xff0000ff]
19:18:29.374 [FXGL Background Thread 3 ] DEBUG Engine               - devEnableDebugCameraProperty: BooleanProperty [value: false]
19:18:29.374 [FXGL Background Thread 3 ] DEBUG Engine               - devSensorColorProperty: ObjectProperty [value: 0xffff00ff]
19:18:29.374 [FXGL Background Thread 3 ] DEBUG Engine               - devShowBBoxProperty: BooleanProperty [value: false]
19:18:29.374 [FXGL Background Thread 3 ] DEBUG Engine               - devShowPositionProperty: BooleanProperty [value: false]
19:18:29.374 [FXGL Background Thread 3 ] DEBUG Engine               - enabledMenuItems: []
19:18:29.375 [FXGL Background Thread 3 ] DEBUG Engine               - engineServices: [class com.almasb.fxgl.app.services.FXGLAssetLoaderService, class com.almasb.fxgl.app.FXGLApplication$GameApplicationService, class com.almasb.fxgl.app.services.FXGLDialogService, class com.almasb.fxgl.app.services.IOTaskExecutorService, class com.almasb.fxgl.io.FileSystemService, class com.almasb.fxgl.localization.LocalizationService, class com.almasb.fxgl.app.services.SystemBundleService, class com.almasb.fxgl.profile.SaveLoadService, class com.almasb.fxgl.ui.FXGLUIFactoryServiceProvider, class com.almasb.fxgl.ui.FXGLDialogFactoryServiceProvider, class com.almasb.fxgl.audio.AudioPlayer, class com.almasb.fxgl.notification.impl.NotificationServiceProvider, class com.almasb.fxgl.achievement.AchievementService, class com.almasb.fxgl.cutscene.CutsceneService, class com.almasb.fxgl.minigames.MiniGameService, class com.almasb.fxgl.net.NetService, class com.almasb.fxgl.app.services.UpdaterService, class com.almasb.fxgl.dev.DevService]
19:18:29.375 [FXGL Background Thread 3 ] DEBUG Engine               - fontGame: Abel-Regular.ttf
19:18:29.375 [FXGL Background Thread 3 ] DEBUG Engine               - fontMono: TerminalLandMono-Regular.otf
19:18:29.375 [FXGL Background Thread 3 ] DEBUG Engine               - fontText: Courier-Prime.ttf
19:18:29.375 [FXGL Background Thread 3 ] DEBUG Engine               - fontUI: VarelaRound-Regular.ttf
19:18:29.375 [FXGL Background Thread 3 ] DEBUG Engine               - fullScreen: BooleanProperty [value: false]
19:18:29.375 [FXGL Background Thread 3 ] DEBUG Engine               - gameDifficulty: MEDIUM
19:18:29.375 [FXGL Background Thread 3 ] DEBUG Engine               - gameDifficultyProperty: ObjectProperty [value: MEDIUM]
19:18:29.376 [FXGL Background Thread 3 ] DEBUG Engine               - globalMusicVolume: 0.5
19:18:29.376 [FXGL Background Thread 3 ] DEBUG Engine               - globalMusicVolumeProperty: DoubleProperty [value: 0.5]
19:18:29.376 [FXGL Background Thread 3 ] DEBUG Engine               - globalSoundVolume: 0.5
19:18:29.376 [FXGL Background Thread 3 ] DEBUG Engine               - globalSoundVolumeProperty: DoubleProperty [value: 0.5]
19:18:29.376 [FXGL Background Thread 3 ] DEBUG Engine               - height: 1080
19:18:29.376 [FXGL Background Thread 3 ] DEBUG Engine               - is3D: false
19:18:29.376 [FXGL Background Thread 3 ] DEBUG Engine               - isAndroid: false
19:18:29.377 [FXGL Background Thread 3 ] DEBUG Engine               - isBrowser: false
19:18:29.377 [FXGL Background Thread 3 ] DEBUG Engine               - isClickFeedbackEnabled: false
19:18:29.377 [FXGL Background Thread 3 ] DEBUG Engine               - isCloseConfirmation: false
19:18:29.377 [FXGL Background Thread 3 ] DEBUG Engine               - isDesktop: true
19:18:29.377 [FXGL Background Thread 3 ] DEBUG Engine               - isDeveloperMenuEnabled: false
19:18:29.377 [FXGL Background Thread 3 ] DEBUG Engine               - isEmbedded: false
19:18:29.377 [FXGL Background Thread 3 ] DEBUG Engine               - isEntityPreloadEnabled: true
19:18:29.377 [FXGL Background Thread 3 ] DEBUG Engine               - isExperimentalTiledLargeMap: false
19:18:29.377 [FXGL Background Thread 3 ] DEBUG Engine               - isFileSystemWriteAllowed: true
19:18:29.377 [FXGL Background Thread 3 ] DEBUG Engine               - isFullScreenAllowed: false
19:18:29.377 [FXGL Background Thread 3 ] DEBUG Engine               - isFullScreenFromStart: false
19:18:29.378 [FXGL Background Thread 3 ] DEBUG Engine               - isGameMenuEnabled: true
19:18:29.378 [FXGL Background Thread 3 ] DEBUG Engine               - isIOS: false
19:18:29.378 [FXGL Background Thread 3 ] DEBUG Engine               - isIntroEnabled: false
19:18:29.378 [FXGL Background Thread 3 ] DEBUG Engine               - isLinux: false
19:18:29.378 [FXGL Background Thread 3 ] DEBUG Engine               - isMac: false
19:18:29.378 [FXGL Background Thread 3 ] DEBUG Engine               - isMainMenuEnabled: true
19:18:29.378 [FXGL Background Thread 3 ] DEBUG Engine               - isManualResizeEnabled: false
19:18:29.378 [FXGL Background Thread 3 ] DEBUG Engine               - isMobile: false
19:18:29.378 [FXGL Background Thread 3 ] DEBUG Engine               - isNative: false
19:18:29.378 [FXGL Background Thread 3 ] DEBUG Engine               - isPauseMusicWhenMinimized: true
19:18:29.379 [FXGL Background Thread 3 ] DEBUG Engine               - isPreserveResizeRatio: false
19:18:29.379 [FXGL Background Thread 3 ] DEBUG Engine               - isProfilingEnabled: false
19:18:29.379 [FXGL Background Thread 3 ] DEBUG Engine               - isScaleAffectedOnResize: true
19:18:29.379 [FXGL Background Thread 3 ] DEBUG Engine               - isSingleStep: false
19:18:29.379 [FXGL Background Thread 3 ] DEBUG Engine               - isUserProfileEnabled: false
19:18:29.379 [FXGL Background Thread 3 ] DEBUG Engine               - isWindows: true
19:18:29.379 [FXGL Background Thread 3 ] DEBUG Engine               - language: ObjectProperty [value: ENGLISH]
19:18:29.379 [FXGL Background Thread 3 ] DEBUG Engine               - menuKey: ESCAPE
19:18:29.380 [FXGL Background Thread 3 ] DEBUG Engine               - mouseSensitivity: 0.2
19:18:29.380 [FXGL Background Thread 3 ] DEBUG Engine               - notificationViewClass: class com.almasb.fxgl.notification.view.XboxNotificationView
19:18:29.380 [FXGL Background Thread 3 ] DEBUG Engine               - pixelsPerMeter: 50.0
19:18:29.380 [FXGL Background Thread 3 ] DEBUG Engine               - platform: WINDOWS
19:18:29.380 [FXGL Background Thread 3 ] DEBUG Engine               - prefHeightProperty: ReadOnlyDoubleProperty [value: 1080.0]
19:18:29.380 [FXGL Background Thread 3 ] DEBUG Engine               - prefWidthProperty: ReadOnlyDoubleProperty [value: 1920.0]
19:18:29.380 [FXGL Background Thread 3 ] DEBUG Engine               - profileDir: profiles/
19:18:29.380 [FXGL Background Thread 3 ] DEBUG Engine               - profileName: StringProperty [value: DEFAULT]
19:18:29.381 [FXGL Background Thread 3 ] DEBUG Engine               - randomSeed: -1
19:18:29.381 [FXGL Background Thread 3 ] DEBUG Engine               - runtimeInfo: RuntimeInfo(platform=WINDOWS, version=17.2, build=20.08.2022 16.50)
19:18:29.381 [FXGL Background Thread 3 ] DEBUG Engine               - saveFileExt: sav
19:18:29.381 [FXGL Background Thread 3 ] DEBUG Engine               - scaledHeightProp$fxgl: DoubleProperty [bound, value: 1080.0]
19:18:29.381 [FXGL Background Thread 3 ] DEBUG Engine               - scaledWidthProp$fxgl: DoubleProperty [bound, value: 1920.0]
19:18:29.382 [FXGL Background Thread 3 ] DEBUG Engine               - sceneFactory: myGame.DawnseekerApp$1@36231d3f
19:18:29.382 [FXGL Background Thread 3 ] DEBUG Engine               - secondsIn24h: 60
19:18:29.382 [FXGL Background Thread 3 ] DEBUG Engine               - soundMenuBack: menu/back.wav
19:18:29.382 [FXGL Background Thread 3 ] DEBUG Engine               - soundMenuPress: menu/press.wav
19:18:29.382 [FXGL Background Thread 3 ] DEBUG Engine               - soundMenuSelect: menu/select.wav
19:18:29.382 [FXGL Background Thread 3 ] DEBUG Engine               - soundNotification: core/notification.wav
19:18:29.382 [FXGL Background Thread 3 ] DEBUG Engine               - stageStyle: DECORATED
19:18:29.382 [FXGL Background Thread 3 ] DEBUG Engine               - supportedLanguages: [ENGLISH, FRENCH, GERMAN, HUNGARIAN, RUSSIAN]
19:18:29.382 [FXGL Background Thread 3 ] DEBUG Engine               - ticksPerSecond: -1
19:18:29.383 [FXGL Background Thread 3 ] DEBUG Engine               - title: Dawnseeker
19:18:29.383 [FXGL Background Thread 3 ] DEBUG Engine               - urlGithub: https://github.com/AlmasB/FXGL
19:18:29.383 [FXGL Background Thread 3 ] DEBUG Engine               - urlLeaderboard: http://fxgl-top.herokuapp.com/
19:18:29.383 [FXGL Background Thread 3 ] DEBUG Engine               - urlPOM: https://raw.githubusercontent.com/AlmasB/FXGL/release/README.md
19:18:29.383 [FXGL Background Thread 3 ] DEBUG Engine               - userAppClass: class myGame.DawnseekerApp
19:18:29.383 [FXGL Background Thread 3 ] DEBUG Engine               - version: 0.5
19:18:29.383 [FXGL Background Thread 3 ] DEBUG Engine               - versionCheckDays: 7
19:18:29.383 [FXGL Background Thread 3 ] DEBUG Engine               - width: 1920
19:18:29.383 [FXGL Background Thread 3 ] DEBUG Engine               - Logging services
19:18:29.383 [FXGL Background Thread 3 ] DEBUG Engine               - class com.almasb.fxgl.app.services.FXGLAssetLoaderService
19:18:29.384 [FXGL Background Thread 3 ] DEBUG Engine               - class com.almasb.fxgl.app.FXGLApplication$GameApplicationService
19:18:29.384 [FXGL Background Thread 3 ] DEBUG Engine               - class com.almasb.fxgl.app.services.FXGLDialogService
19:18:29.384 [FXGL Background Thread 3 ] DEBUG Engine               - class com.almasb.fxgl.app.services.IOTaskExecutorService
19:18:29.384 [FXGL Background Thread 3 ] DEBUG Engine               - class com.almasb.fxgl.io.FileSystemService
19:18:29.384 [FXGL Background Thread 3 ] DEBUG Engine               - class com.almasb.fxgl.localization.LocalizationService
19:18:29.384 [FXGL Background Thread 3 ] DEBUG Engine               - class com.almasb.fxgl.app.services.SystemBundleService
19:18:29.384 [FXGL Background Thread 3 ] DEBUG Engine               - class com.almasb.fxgl.profile.SaveLoadService
19:18:29.384 [FXGL Background Thread 3 ] DEBUG Engine               - class com.almasb.fxgl.ui.FXGLUIFactoryServiceProvider
19:18:29.384 [FXGL Background Thread 3 ] DEBUG Engine               - class com.almasb.fxgl.ui.FXGLDialogFactoryServiceProvider
19:18:29.385 [FXGL Background Thread 3 ] DEBUG Engine               - class com.almasb.fxgl.audio.AudioPlayer
19:18:29.385 [FXGL Background Thread 3 ] DEBUG Engine               - class com.almasb.fxgl.notification.impl.NotificationServiceProvider
19:18:29.385 [FXGL Background Thread 3 ] DEBUG Engine               - class com.almasb.fxgl.achievement.AchievementService
19:18:29.385 [FXGL Background Thread 3 ] DEBUG Engine               - class com.almasb.fxgl.cutscene.CutsceneService
19:18:29.385 [FXGL Background Thread 3 ] DEBUG Engine               - class com.almasb.fxgl.minigames.MiniGameService
19:18:29.385 [FXGL Background Thread 3 ] DEBUG Engine               - class com.almasb.fxgl.net.NetService
19:18:29.385 [FXGL Background Thread 3 ] DEBUG Engine               - class com.almasb.fxgl.app.services.UpdaterService
19:18:29.385 [FXGL Background Thread 3 ] DEBUG Engine               - class com.almasb.fxgl.dev.DevService
19:18:29.542 [JavaFX Application Thread] DEBUG FXGLApplication      - Exiting FXGL
19:18:29.543 [JavaFX Application Thread] DEBUG LoopRunner           - Stopping loop
19:18:29.543 [JavaFX Application Thread] DEBUG SystemBundleService  - Saving FXGL system data
19:18:29.547 [JavaFX Application Thread] DEBUG FileSystemAccess     - Writing to: C:\Users\User\Desktop\Spring2023\CS4900G2Proj2\CS4900G2Proj2\CS4900G2Proj2\Dawnseeker\system\fxgl.bundle
19:18:29.551 [JavaFX Application Thread] DEBUG Async                - Shutting down background threads
19:18:29.551 [JavaFX Application Thread] DEBUG PrimaryStageWindow   - Closing main window
19:18:29.573 [JavaFX Application Thread] DEBUG Logger               - Closing Logger
