21:16:04.399 [main                     ] DEBUG Logger               - Configured Logger
21:16:04.422 [main                     ] DEBUG GameApplication      - Logging settings
Title: Dawnseeker
Version: 0.4
Width: 1920
Height: 1080
Fullscreen: false
Intro: false
Profiling: false
Single step:false
App Mode: DEVELOPER
Menu Key: ESCAPE
Stage Style: DECORATED
Scene Factory: class myGame.DawnseekerApp$1

21:16:04.861 [JavaFX Application Thread] DEBUG FXGLApplication      - Initializing FXGL
21:16:04.865 [JavaFX Application Thread] INFO  Engine               - FXGL-17.2 (20.08.2022 16.50) on WINDOWS (J:19.0.2 FX:18)
21:16:04.866 [JavaFX Application Thread] DEBUG Engine               - JRE Vendor Name: Oracle Corporation
21:16:04.866 [JavaFX Application Thread] DEBUG Engine               - Running on OS: Windows 10 version 10.0
21:16:04.866 [JavaFX Application Thread] DEBUG Engine               - Architecture: amd64
21:16:04.866 [JavaFX Application Thread] INFO  Engine               - Source code and latest versions at: https://github.com/AlmasB/FXGL
21:16:04.866 [JavaFX Application Thread] INFO  Engine               -       Ask questions and discuss at: https://github.com/AlmasB/FXGL/discussions
21:16:04.866 [JavaFX Application Thread] INFO  Engine               -              Join the FXGL chat at: https://gitter.im/AlmasB/FXGL
21:16:04.984 [JavaFX Application Thread] DEBUG PrimaryStageWindow   - Creating a JavaFX scene
21:16:05.030 [JavaFX Application Thread] DEBUG PrimaryStageWindow   - Target settings size: 1920.0 x 1080.0
21:16:05.030 [JavaFX Application Thread] DEBUG PrimaryStageWindow   - Scaled scene size:    1920.0 x 1080.0
21:16:05.030 [JavaFX Application Thread] DEBUG PrimaryStageWindow   - Scaled ratio: (1.0, 1.0)
21:16:05.031 [JavaFX Application Thread] DEBUG PrimaryStageWindow   - Set initial scene to FXGLStartupScene
21:16:05.038 [JavaFX Application Thread] DEBUG PrimaryStageWindow   - Opening main window
21:16:05.119 [JavaFX Application Thread] DEBUG PrimaryStageWindow   - Window border size: (16.0, 39.0)
21:16:05.119 [JavaFX Application Thread] DEBUG PrimaryStageWindow   - Scaled size: 1920.0 x 1080.0
21:16:05.120 [JavaFX Application Thread] DEBUG PrimaryStageWindow   - Scaled ratio: (1.0, 1.0)
21:16:05.120 [JavaFX Application Thread] DEBUG PrimaryStageWindow   - Scene size: 1920.0 x 1080.0
21:16:05.120 [JavaFX Application Thread] DEBUG PrimaryStageWindow   - Stage size: 1936.0 x 1119.0
21:16:05.126 [FXGL Background Thread 1 ] DEBUG Engine               - Initializing environment variables
21:16:05.171 [FXGL Background Thread 1 ] DEBUG FXGLAssetLoaderServi - User app class for loading assets: class myGame.DawnseekerApp
21:16:05.171 [FXGL Background Thread 1 ] DEBUG GameApplicationServi - Applying CSS: fxgl_dark.css
21:16:05.172 [FXGL Background Thread 1 ] DEBUG FXGLAssetLoaderServi - Loading from file system: jar:file:/C:/Users/Morgan%20Johnson/.m2/repository/com/github/almasb/fxgl/17.2/fxgl-17.2.jar!/fxglassets/ui/css/fxgl_dark.css
21:16:05.212 [FXGL Background Thread 1 ] DEBUG GameApplicationServi - Initializing application scenes
21:16:05.247 [FXGL Background Thread 1 ] DEBUG GameWorld            - Game world initialized
21:16:05.302 [FXGL Background Thread 1 ] DEBUG PhysicsWorld         - Physics world initialized: appHeight=1080, physics.ppm=50.0
21:16:05.302 [FXGL Background Thread 1 ] DEBUG PhysicsWorld         - Using strategy: BRUTE_FORCE
21:16:05.306 [FXGL Background Thread 1 ] DEBUG GameScene            - Game scene initialized: 1920x1080
21:16:05.306 [FXGL Background Thread 1 ] DEBUG FXGLAssetLoaderServi - Loading from file system: file:/C:/Games/Schoolwork/Spring%2023/CS4900/DawnseekerWorkspace/CS4900G2Proj2/CS4900G2Proj2/Dawnseeker/target/classes/assets/music/shop.mp3
21:16:05.436 [FXGL Background Thread 1 ] DEBUG AudioPlayer          - Playing music com.almasb.fxgl.audio.Music@693a2e42
21:16:05.453 [FXGL Background Thread 1 ] DEBUG FXGLAssetLoaderServi - Loading from file system: file:/C:/Games/Schoolwork/Spring%2023/CS4900/DawnseekerWorkspace/CS4900G2Proj2/CS4900G2Proj2/Dawnseeker/target/classes/assets/textures/bg.png
21:16:05.540 [FXGL Background Thread 1 ] DEBUG FXGL.DefaultMenu     - createMenuBodyGameMenu()
21:16:05.553 [FXGL Background Thread 1 ] DEBUG FXGL.DefaultMenu     - createOptionsMenu()
21:16:05.559 [FXGL Background Thread 1 ] DEBUG FXGLAssetLoaderServi - Loading from file system: jar:file:/C:/Users/Morgan%20Johnson/.m2/repository/com/github/almasb/fxgl/17.2/fxgl-17.2.jar!/fxglassets/textures/particles/smoke.png
21:16:05.640 [FXGL Background Thread 1 ] DEBUG FXGLAssetLoaderServi - Loading from file system: jar:file:/C:/Users/Morgan%20Johnson/.m2/repository/com/github/almasb/fxgl/17.2/fxgl-17.2.jar!/fxglassets/textures/particles/trace_horizontal.png
21:16:05.673 [FXGL Background Thread 1 ] DEBUG GameApplicationServi - Application scenes initialized
21:16:05.686 [FXGL Background Thread 1 ] DEBUG SystemBundleService  - Loading FXGL system data
21:16:05.690 [FXGL Background Thread 1 ] DEBUG FileSystemAccess     - Reading from: C:\Games\Schoolwork\Spring 23\CS4900\DawnseekerWorkspace\CS4900G2Proj2\CS4900G2Proj2\Dawnseeker\system\fxgl.bundle
21:16:05.699 [FXGL Background Thread 1 ] DEBUG SystemBundleService  - Bundle FXGL: {}
21:16:05.699 [FXGL Background Thread 1 ] DEBUG UpdaterService       - Checking for updates
21:16:05.702 [FXGL Background Thread 4 ] DEBUG FXGLApplication      - Loading fonts
21:16:05.703 [FXGL Background Thread 4 ] DEBUG FXGLAssetLoaderServi - Loading from file system: jar:file:/C:/Users/Morgan%20Johnson/.m2/repository/com/github/almasb/fxgl/17.2/fxgl-17.2.jar!/fxglassets/ui/fonts/VarelaRound-Regular.ttf
21:16:05.703 [FXGL Background Thread 1 ] DEBUG FXGLApplication      - Loading default localization
21:16:05.704 [FXGL Background Thread 1 ] DEBUG FXGLAssetLoaderServi - Loading from file system: jar:file:/C:/Users/Morgan%20Johnson/.m2/repository/com/github/almasb/fxgl/17.2/fxgl-17.2.jar!/fxglassets/languages/english.lang
21:16:05.729 [FXGL Background Thread 1 ] INFO  FXGLApplication      - FXGL initialization took: 0.603 sec
21:16:05.734 [JavaFX Application Thread] DEBUG Input                - Registered new binding: action0 - LMB
21:16:05.742 [JavaFX Application Thread] DEBUG Input                - Registered new binding: Up - W
21:16:05.742 [JavaFX Application Thread] DEBUG Input                - Registered new binding: Down - S
21:16:05.743 [JavaFX Application Thread] DEBUG Input                - Registered new binding: Right - D
21:16:05.743 [JavaFX Application Thread] DEBUG Input                - Registered new binding: Left - A
21:16:05.743 [JavaFX Application Thread] DEBUG FXGLAssetLoaderServi - Loading from file system: jar:file:/C:/Users/Morgan%20Johnson/.m2/repository/com/github/almasb/fxgl/17.2/fxgl-17.2.jar!/fxglassets/textures/fxgl_icon.png
21:16:05.761 [JavaFX Application Thread] DEBUG FXGLAssetLoaderServi - Loading from file system: jar:file:/C:/Users/Morgan%20Johnson/.m2/repository/com/github/almasb/fxgl/17.2/fxgl-17.2.jar!/fxglassets/textures/fxgl_default_cursor.png
21:16:05.764 [JavaFX Application Thread] DEBUG Input                - Registered new binding: Screenshot - CTRL+8
21:16:05.765 [JavaFX Application Thread] DEBUG Input                - Registered new binding: System info dump - CTRL+9
21:16:05.765 [JavaFX Application Thread] DEBUG Input                - Registered new binding: Restart - CTRL+R
21:16:05.767 [JavaFX Application Thread] DEBUG Input                - Registered new binding: Toggle Debug Camera - CTRL+7
21:16:05.770 [JavaFX Application Thread] DEBUG LoopRunner           - Starting loop
21:16:05.770 [JavaFX Application Thread] DEBUG LoopRunner           - Initializing JavaFX AnimationTimerLoop
21:16:05.774 [JavaFX Application Thread] DEBUG Input                - Clearing active input actions
21:16:05.785 [JavaFX Application Thread] DEBUG GameApplicationServi - Removing overlay from FXGLStartupScene and adding to FXGLMainMenuDummyScene
21:16:05.786 [JavaFX Application Thread] DEBUG PrimaryStageWindow   - FXGLStartupScene -> FXGLMainMenuDummyScene
21:16:05.786 [JavaFX Application Thread] DEBUG PrimaryStageWindow   - Push state: DawnseekerMenu
21:16:05.786 [JavaFX Application Thread] DEBUG Input                - Clearing active input actions
21:16:05.794 [JavaFX Application Thread] DEBUG GameApplicationServi - Removing overlay from FXGLMainMenuDummyScene and adding to DawnseekerMenu
21:16:05.794 [JavaFX Application Thread] DEBUG PrimaryStageWindow   - FXGLMainMenuDummyScene -> DawnseekerMenu
21:16:05.809 [FXGL Background Thread 4 ] DEBUG FXGLAssetLoaderServi - Loading from file system: jar:file:/C:/Users/Morgan%20Johnson/.m2/repository/com/github/almasb/fxgl/17.2/fxgl-17.2.jar!/fxglassets/ui/fonts/Abel-Regular.ttf
21:16:05.815 [FXGL Background Thread 4 ] DEBUG FXGLAssetLoaderServi - Loading from file system: jar:file:/C:/Users/Morgan%20Johnson/.m2/repository/com/github/almasb/fxgl/17.2/fxgl-17.2.jar!/fxglassets/ui/fonts/TerminalLandMono-Regular.otf
21:16:05.821 [FXGL Background Thread 4 ] DEBUG FXGLAssetLoaderServi - Loading from file system: jar:file:/C:/Users/Morgan%20Johnson/.m2/repository/com/github/almasb/fxgl/17.2/fxgl-17.2.jar!/fxglassets/ui/fonts/Courier-Prime.ttf
21:16:05.829 [JavaFX Application Thread] DEBUG FXGLApplication      - Registering font factories with UI factory
21:16:06.084 [FXGL Background Thread 2 ] INFO  UpdaterService       - Your current version:  17.2
21:16:06.084 [FXGL Background Thread 2 ] INFO  UpdaterService       - Latest stable version: 17.3
21:16:06.299 [JavaFX Application Thread] DEBUG Menu                 - fireNewGame()
21:16:06.299 [JavaFX Application Thread] DEBUG GameApplicationServi - Starting new game
21:16:06.299 [JavaFX Application Thread] DEBUG PrimaryStageWindow   - Pop state: DawnseekerMenu
21:16:06.299 [JavaFX Application Thread] DEBUG Input                - Clearing active input actions
21:16:06.300 [JavaFX Application Thread] DEBUG GameApplicationServi - Removing overlay from DawnseekerMenu and adding to FXGLMainMenuDummyScene
21:16:06.300 [JavaFX Application Thread] DEBUG PrimaryStageWindow   - FXGLMainMenuDummyScene <- DawnseekerMenu
21:16:06.300 [JavaFX Application Thread] DEBUG Input                - Clearing active input actions
21:16:06.306 [JavaFX Application Thread] DEBUG GameApplicationServi - Removing overlay from FXGLMainMenuDummyScene and adding to FXGLLoadingScene
21:16:06.306 [JavaFX Application Thread] DEBUG PrimaryStageWindow   - FXGLMainMenuDummyScene -> FXGLLoadingScene
21:16:06.306 [JavaFX Application Thread] DEBUG GameApplicationServi - Clearing previous game
21:16:06.306 [JavaFX Application Thread] DEBUG GameScene            - Clearing game scene
21:16:06.306 [JavaFX Application Thread] DEBUG GameWorld            - Clearing game world
21:16:06.306 [JavaFX Application Thread] DEBUG PhysicsWorld         - Clearing physics world
21:16:06.308 [FXGL Background Thread 2 ] DEBUG FXGLApplication      - Initializing game
21:16:06.311 [FXGL Background Thread 2 ] DEBUG AudioPlayer          - Stopping music com.almasb.fxgl.audio.Music@693a2e42
21:16:06.313 [FXGL Background Thread 2 ] DEBUG FXGLAssetLoaderServi - Loading from file system: file:/C:/Games/Schoolwork/Spring%2023/CS4900/DawnseekerWorkspace/CS4900G2Proj2/CS4900G2Proj2/Dawnseeker/target/classes/assets/music/heartache.mp3
21:16:06.315 [FXGL Background Thread 2 ] DEBUG AudioPlayer          - Playing music com.almasb.fxgl.audio.Music@641ed2ab
21:16:06.329 [FXGL Background Thread 2 ] DEBUG FXGLAssetLoaderServi - Loading from file system: file:/C:/Games/Schoolwork/Spring%2023/CS4900/DawnseekerWorkspace/CS4900G2Proj2/CS4900G2Proj2/Dawnseeker/target/classes/assets/textures/DawnseekerPCV2.png
21:16:06.332 [FXGL Background Thread 2 ] DEBUG FXGLAssetLoaderServi - Loading from file system: file:/C:/Games/Schoolwork/Spring%2023/CS4900/DawnseekerWorkspace/CS4900G2Proj2/CS4900G2Proj2/Dawnseeker/target/classes/assets/textures/DawnseekerPCV2Down.png
21:16:06.335 [FXGL Background Thread 2 ] DEBUG FXGLAssetLoaderServi - Loading from file system: file:/C:/Games/Schoolwork/Spring%2023/CS4900/DawnseekerWorkspace/CS4900G2Proj2/CS4900G2Proj2/Dawnseeker/target/classes/assets/textures/DawnseekerPCV2Up.png
21:16:06.338 [FXGL Background Thread 2 ] DEBUG FXGLAssetLoaderServi - Loading from file system: file:/C:/Games/Schoolwork/Spring%2023/CS4900/DawnseekerWorkspace/CS4900G2Proj2/CS4900G2Proj2/Dawnseeker/target/classes/assets/textures/DawnseekerPCV2Right.png
21:16:06.340 [FXGL Background Thread 2 ] DEBUG FXGLAssetLoaderServi - Loading from file system: file:/C:/Games/Schoolwork/Spring%2023/CS4900/DawnseekerWorkspace/CS4900G2Proj2/CS4900G2Proj2/Dawnseeker/target/classes/assets/textures/DawnseekerPCV2Left.png
21:16:06.354 [FXGL Background Thread 2 ] DEBUG FXGLAssetLoaderServi - Loading from file system: file:/C:/Games/Schoolwork/Spring%2023/CS4900/DawnseekerWorkspace/CS4900G2Proj2/CS4900G2Proj2/Dawnseeker/target/classes/assets/textures/BackGroung.png
21:16:06.388 [FXGL Background Thread 2 ] WARN  GameWorld            - Entity is already attached to world
21:16:06.389 [FXGL Background Thread 2 ] DEBUG FXGLAssetLoaderServi - Loading from file system: file:/C:/Games/Schoolwork/Spring%2023/CS4900/DawnseekerWorkspace/CS4900G2Proj2/CS4900G2Proj2/Dawnseeker/target/classes/assets/textures/Rock1.png
21:16:06.390 [FXGL Background Thread 2 ] WARN  Entity               - Entity already has component: com.almasb.fxgl.entity.components.CollidableComponent
21:16:06.391 [FXGL Background Thread 2 ] WARN  GameWorld            - Entity is already attached to world
21:16:06.391 [FXGL Background Thread 2 ] DEBUG FXGLAssetLoaderServi - Loading from file system: file:/C:/Games/Schoolwork/Spring%2023/CS4900/DawnseekerWorkspace/CS4900G2Proj2/CS4900G2Proj2/Dawnseeker/target/classes/assets/textures/Rock2.png
21:16:06.392 [FXGL Background Thread 2 ] WARN  Entity               - Entity already has component: com.almasb.fxgl.entity.components.CollidableComponent
21:16:06.393 [FXGL Background Thread 2 ] WARN  GameWorld            - Entity is already attached to world
21:16:06.393 [FXGL Background Thread 2 ] DEBUG FXGLAssetLoaderServi - Loading from file system: file:/C:/Games/Schoolwork/Spring%2023/CS4900/DawnseekerWorkspace/CS4900G2Proj2/CS4900G2Proj2/Dawnseeker/target/classes/assets/textures/BigRock1.png
21:16:06.395 [FXGL Background Thread 2 ] WARN  Entity               - Entity already has component: com.almasb.fxgl.entity.components.CollidableComponent
21:16:06.395 [FXGL Background Thread 2 ] WARN  GameWorld            - Entity is already attached to world
21:16:06.396 [FXGL Background Thread 2 ] DEBUG FXGLAssetLoaderServi - Loading from file system: file:/C:/Games/Schoolwork/Spring%2023/CS4900/DawnseekerWorkspace/CS4900G2Proj2/CS4900G2Proj2/Dawnseeker/target/classes/assets/textures/Poison.gif
21:16:06.402 [FXGL Background Thread 2 ] WARN  GameWorld            - Entity is already attached to world
21:16:06.403 [FXGL Background Thread 2 ] DEBUG FXGLAssetLoaderServi - Loading from file system: file:/C:/Games/Schoolwork/Spring%2023/CS4900/DawnseekerWorkspace/CS4900G2Proj2/CS4900G2Proj2/Dawnseeker/target/classes/assets/textures/AnimShop.png
21:16:06.404 [FXGL Background Thread 2 ] WARN  GameWorld            - Entity is already attached to world
21:16:06.414 [FXGL Background Thread 2 ] INFO  FXGLApplication      - Game initialization took: 0.107 sec
21:16:06.422 [JavaFX Application Thread] DEBUG Input                - Clearing active input actions
21:16:06.431 [JavaFX Application Thread] DEBUG GameApplicationServi - Removing overlay from FXGLLoadingScene and adding to GameScene
21:16:06.431 [JavaFX Application Thread] DEBUG PrimaryStageWindow   - FXGLLoadingScene -> GameScene
21:16:07.279 [JavaFX Application Thread] DEBUG FXGLAssetLoaderServi - Loading from file system: file:/C:/Games/Schoolwork/Spring%2023/CS4900/DawnseekerWorkspace/CS4900G2Proj2/CS4900G2Proj2/Dawnseeker/target/classes/assets/textures/Skull.gif
21:16:07.283 [JavaFX Application Thread] DEBUG FXGLAssetLoaderServi - Loading from file system: file:/C:/Games/Schoolwork/Spring%2023/CS4900/DawnseekerWorkspace/CS4900G2Proj2/CS4900G2Proj2/Dawnseeker/target/classes/assets/textures/Ghost.gif
21:16:08.703 [FXGL Background Thread 3 ] DEBUG Engine               - Logging environment variables
21:16:08.703 [FXGL Background Thread 3 ] DEBUG Engine               - achievements: []
21:16:08.703 [FXGL Background Thread 3 ] DEBUG Engine               - actualHeight: 1080.0
21:16:08.703 [FXGL Background Thread 3 ] DEBUG Engine               - actualHeightProperty: ReadOnlyDoubleProperty [value: 1080.0]
21:16:08.703 [FXGL Background Thread 3 ] DEBUG Engine               - actualWidth: 1920.0
21:16:08.703 [FXGL Background Thread 3 ] DEBUG Engine               - actualWidthProperty: ReadOnlyDoubleProperty [value: 1920.0]
21:16:08.703 [FXGL Background Thread 3 ] DEBUG Engine               - appIcon: fxgl_icon.png
21:16:08.703 [FXGL Background Thread 3 ] DEBUG Engine               - applicationMode: DEVELOPER
21:16:08.703 [FXGL Background Thread 3 ] DEBUG Engine               - cSSList: [fxgl_dark.css]
21:16:08.703 [FXGL Background Thread 3 ] DEBUG Engine               - collisionDetectionStrategy: BRUTE_FORCE
21:16:08.703 [FXGL Background Thread 3 ] DEBUG Engine               - configClass: Optional.empty
21:16:08.704 [FXGL Background Thread 3 ] DEBUG Engine               - credits: []
21:16:08.704 [FXGL Background Thread 3 ] DEBUG Engine               - defaultCursor: CursorInfo(imageName=fxgl_default_cursor.png, hotspotX=7.0, hotspotY=6.0)
21:16:08.704 [FXGL Background Thread 3 ] DEBUG Engine               - devBBoxColorProperty: ObjectProperty [value: 0xff0000ff]
21:16:08.704 [FXGL Background Thread 3 ] DEBUG Engine               - devEnableDebugCameraProperty: BooleanProperty [value: false]
21:16:08.704 [FXGL Background Thread 3 ] DEBUG Engine               - devSensorColorProperty: ObjectProperty [value: 0xffff00ff]
21:16:08.705 [FXGL Background Thread 3 ] DEBUG Engine               - devShowBBoxProperty: BooleanProperty [value: false]
21:16:08.705 [FXGL Background Thread 3 ] DEBUG Engine               - devShowPositionProperty: BooleanProperty [value: false]
21:16:08.705 [FXGL Background Thread 3 ] DEBUG Engine               - enabledMenuItems: []
21:16:08.705 [FXGL Background Thread 3 ] DEBUG Engine               - engineServices: [class com.almasb.fxgl.app.services.FXGLAssetLoaderService, class com.almasb.fxgl.app.FXGLApplication$GameApplicationService, class com.almasb.fxgl.app.services.FXGLDialogService, class com.almasb.fxgl.app.services.IOTaskExecutorService, class com.almasb.fxgl.io.FileSystemService, class com.almasb.fxgl.localization.LocalizationService, class com.almasb.fxgl.app.services.SystemBundleService, class com.almasb.fxgl.profile.SaveLoadService, class com.almasb.fxgl.ui.FXGLUIFactoryServiceProvider, class com.almasb.fxgl.ui.FXGLDialogFactoryServiceProvider, class com.almasb.fxgl.audio.AudioPlayer, class com.almasb.fxgl.notification.impl.NotificationServiceProvider, class com.almasb.fxgl.achievement.AchievementService, class com.almasb.fxgl.cutscene.CutsceneService, class com.almasb.fxgl.minigames.MiniGameService, class com.almasb.fxgl.net.NetService, class com.almasb.fxgl.app.services.UpdaterService, class com.almasb.fxgl.dev.DevService]
21:16:08.705 [FXGL Background Thread 3 ] DEBUG Engine               - fontGame: Abel-Regular.ttf
21:16:08.705 [FXGL Background Thread 3 ] DEBUG Engine               - fontMono: TerminalLandMono-Regular.otf
21:16:08.705 [FXGL Background Thread 3 ] DEBUG Engine               - fontText: Courier-Prime.ttf
21:16:08.705 [FXGL Background Thread 3 ] DEBUG Engine               - fontUI: VarelaRound-Regular.ttf
21:16:08.705 [FXGL Background Thread 3 ] DEBUG Engine               - fullScreen: BooleanProperty [value: false]
21:16:08.705 [FXGL Background Thread 3 ] DEBUG Engine               - gameDifficulty: MEDIUM
21:16:08.705 [FXGL Background Thread 3 ] DEBUG Engine               - gameDifficultyProperty: ObjectProperty [value: MEDIUM]
21:16:08.705 [FXGL Background Thread 3 ] DEBUG Engine               - globalMusicVolume: 0.5
21:16:08.705 [FXGL Background Thread 3 ] DEBUG Engine               - globalMusicVolumeProperty: DoubleProperty [value: 0.5]
21:16:08.705 [FXGL Background Thread 3 ] DEBUG Engine               - globalSoundVolume: 0.5
21:16:08.705 [FXGL Background Thread 3 ] DEBUG Engine               - globalSoundVolumeProperty: DoubleProperty [value: 0.5]
21:16:08.705 [FXGL Background Thread 3 ] DEBUG Engine               - height: 1080
21:16:08.705 [FXGL Background Thread 3 ] DEBUG Engine               - is3D: false
21:16:08.705 [FXGL Background Thread 3 ] DEBUG Engine               - isAndroid: false
21:16:08.705 [FXGL Background Thread 3 ] DEBUG Engine               - isBrowser: false
21:16:08.705 [FXGL Background Thread 3 ] DEBUG Engine               - isClickFeedbackEnabled: false
21:16:08.705 [FXGL Background Thread 3 ] DEBUG Engine               - isCloseConfirmation: false
21:16:08.705 [FXGL Background Thread 3 ] DEBUG Engine               - isDesktop: true
21:16:08.705 [FXGL Background Thread 3 ] DEBUG Engine               - isDeveloperMenuEnabled: false
21:16:08.705 [FXGL Background Thread 3 ] DEBUG Engine               - isEmbedded: false
21:16:08.705 [FXGL Background Thread 3 ] DEBUG Engine               - isEntityPreloadEnabled: true
21:16:08.706 [FXGL Background Thread 3 ] DEBUG Engine               - isExperimentalTiledLargeMap: false
21:16:08.706 [FXGL Background Thread 3 ] DEBUG Engine               - isFileSystemWriteAllowed: true
21:16:08.706 [FXGL Background Thread 3 ] DEBUG Engine               - isFullScreenAllowed: false
21:16:08.706 [FXGL Background Thread 3 ] DEBUG Engine               - isFullScreenFromStart: false
21:16:08.706 [FXGL Background Thread 3 ] DEBUG Engine               - isGameMenuEnabled: true
21:16:08.706 [FXGL Background Thread 3 ] DEBUG Engine               - isIOS: false
21:16:08.706 [FXGL Background Thread 3 ] DEBUG Engine               - isIntroEnabled: false
21:16:08.706 [FXGL Background Thread 3 ] DEBUG Engine               - isLinux: false
21:16:08.706 [FXGL Background Thread 3 ] DEBUG Engine               - isMac: false
21:16:08.706 [FXGL Background Thread 3 ] DEBUG Engine               - isMainMenuEnabled: true
21:16:08.706 [FXGL Background Thread 3 ] DEBUG Engine               - isManualResizeEnabled: false
21:16:08.706 [FXGL Background Thread 3 ] DEBUG Engine               - isMobile: false
21:16:08.706 [FXGL Background Thread 3 ] DEBUG Engine               - isNative: false
21:16:08.706 [FXGL Background Thread 3 ] DEBUG Engine               - isPauseMusicWhenMinimized: true
21:16:08.706 [FXGL Background Thread 3 ] DEBUG Engine               - isPreserveResizeRatio: false
21:16:08.706 [FXGL Background Thread 3 ] DEBUG Engine               - isProfilingEnabled: false
21:16:08.706 [FXGL Background Thread 3 ] DEBUG Engine               - isScaleAffectedOnResize: true
21:16:08.706 [FXGL Background Thread 3 ] DEBUG Engine               - isSingleStep: false
21:16:08.706 [FXGL Background Thread 3 ] DEBUG Engine               - isUserProfileEnabled: false
21:16:08.706 [FXGL Background Thread 3 ] DEBUG Engine               - isWindows: true
21:16:08.706 [FXGL Background Thread 3 ] DEBUG Engine               - language: ObjectProperty [value: ENGLISH]
21:16:08.706 [FXGL Background Thread 3 ] DEBUG Engine               - menuKey: ESCAPE
21:16:08.706 [FXGL Background Thread 3 ] DEBUG Engine               - mouseSensitivity: 0.2
21:16:08.706 [FXGL Background Thread 3 ] DEBUG Engine               - notificationViewClass: class com.almasb.fxgl.notification.view.XboxNotificationView
21:16:08.706 [FXGL Background Thread 3 ] DEBUG Engine               - pixelsPerMeter: 50.0
21:16:08.706 [FXGL Background Thread 3 ] DEBUG Engine               - platform: WINDOWS
21:16:08.707 [FXGL Background Thread 3 ] DEBUG Engine               - prefHeightProperty: ReadOnlyDoubleProperty [value: 1080.0]
21:16:08.707 [FXGL Background Thread 3 ] DEBUG Engine               - prefWidthProperty: ReadOnlyDoubleProperty [value: 1920.0]
21:16:08.707 [FXGL Background Thread 3 ] DEBUG Engine               - profileDir: profiles/
21:16:08.707 [FXGL Background Thread 3 ] DEBUG Engine               - profileName: StringProperty [value: DEFAULT]
21:16:08.707 [FXGL Background Thread 3 ] DEBUG Engine               - randomSeed: -1
21:16:08.707 [FXGL Background Thread 3 ] DEBUG Engine               - runtimeInfo: RuntimeInfo(platform=WINDOWS, version=17.2, build=20.08.2022 16.50)
21:16:08.707 [FXGL Background Thread 3 ] DEBUG Engine               - saveFileExt: sav
21:16:08.707 [FXGL Background Thread 3 ] DEBUG Engine               - scaledHeightProp$fxgl: DoubleProperty [bound, value: 1080.0]
21:16:08.707 [FXGL Background Thread 3 ] DEBUG Engine               - scaledWidthProp$fxgl: DoubleProperty [bound, value: 1920.0]
21:16:08.707 [FXGL Background Thread 3 ] DEBUG Engine               - sceneFactory: myGame.DawnseekerApp$1@727d3e03
21:16:08.707 [FXGL Background Thread 3 ] DEBUG Engine               - secondsIn24h: 60
21:16:08.707 [FXGL Background Thread 3 ] DEBUG Engine               - soundMenuBack: menu/back.wav
21:16:08.707 [FXGL Background Thread 3 ] DEBUG Engine               - soundMenuPress: menu/press.wav
21:16:08.707 [FXGL Background Thread 3 ] DEBUG Engine               - soundMenuSelect: menu/select.wav
21:16:08.707 [FXGL Background Thread 3 ] DEBUG Engine               - soundNotification: core/notification.wav
21:16:08.707 [FXGL Background Thread 3 ] DEBUG Engine               - stageStyle: DECORATED
21:16:08.707 [FXGL Background Thread 3 ] DEBUG Engine               - supportedLanguages: [ENGLISH, FRENCH, GERMAN, HUNGARIAN, RUSSIAN]
21:16:08.707 [FXGL Background Thread 3 ] DEBUG Engine               - ticksPerSecond: -1
21:16:08.707 [FXGL Background Thread 3 ] DEBUG Engine               - title: Dawnseeker
21:16:08.707 [FXGL Background Thread 3 ] DEBUG Engine               - urlGithub: https://github.com/AlmasB/FXGL
21:16:08.707 [FXGL Background Thread 3 ] DEBUG Engine               - urlLeaderboard: http://fxgl-top.herokuapp.com/
21:16:08.708 [FXGL Background Thread 3 ] DEBUG Engine               - urlPOM: https://raw.githubusercontent.com/AlmasB/FXGL/release/README.md
21:16:08.708 [FXGL Background Thread 3 ] DEBUG Engine               - userAppClass: class myGame.DawnseekerApp
21:16:08.708 [FXGL Background Thread 3 ] DEBUG Engine               - version: 0.4
21:16:08.708 [FXGL Background Thread 3 ] DEBUG Engine               - versionCheckDays: 7
21:16:08.708 [FXGL Background Thread 3 ] DEBUG Engine               - width: 1920
21:16:08.708 [FXGL Background Thread 3 ] DEBUG Engine               - Logging services
21:16:08.708 [FXGL Background Thread 3 ] DEBUG Engine               - class com.almasb.fxgl.app.services.FXGLAssetLoaderService
21:16:08.708 [FXGL Background Thread 3 ] DEBUG Engine               - class com.almasb.fxgl.app.FXGLApplication$GameApplicationService
21:16:08.708 [FXGL Background Thread 3 ] DEBUG Engine               - class com.almasb.fxgl.app.services.FXGLDialogService
21:16:08.708 [FXGL Background Thread 3 ] DEBUG Engine               - class com.almasb.fxgl.app.services.IOTaskExecutorService
21:16:08.708 [FXGL Background Thread 3 ] DEBUG Engine               - class com.almasb.fxgl.io.FileSystemService
21:16:08.708 [FXGL Background Thread 3 ] DEBUG Engine               - class com.almasb.fxgl.localization.LocalizationService
21:16:08.708 [FXGL Background Thread 3 ] DEBUG Engine               - class com.almasb.fxgl.app.services.SystemBundleService
21:16:08.708 [FXGL Background Thread 3 ] DEBUG Engine               - class com.almasb.fxgl.profile.SaveLoadService
21:16:08.708 [FXGL Background Thread 3 ] DEBUG Engine               - class com.almasb.fxgl.ui.FXGLUIFactoryServiceProvider
21:16:08.708 [FXGL Background Thread 3 ] DEBUG Engine               - class com.almasb.fxgl.ui.FXGLDialogFactoryServiceProvider
21:16:08.708 [FXGL Background Thread 3 ] DEBUG Engine               - class com.almasb.fxgl.audio.AudioPlayer
21:16:08.708 [FXGL Background Thread 3 ] DEBUG Engine               - class com.almasb.fxgl.notification.impl.NotificationServiceProvider
21:16:08.708 [FXGL Background Thread 3 ] DEBUG Engine               - class com.almasb.fxgl.achievement.AchievementService
21:16:08.708 [FXGL Background Thread 3 ] DEBUG Engine               - class com.almasb.fxgl.cutscene.CutsceneService
21:16:08.708 [FXGL Background Thread 3 ] DEBUG Engine               - class com.almasb.fxgl.minigames.MiniGameService
21:16:08.708 [FXGL Background Thread 3 ] DEBUG Engine               - class com.almasb.fxgl.net.NetService
21:16:08.708 [FXGL Background Thread 3 ] DEBUG Engine               - class com.almasb.fxgl.app.services.UpdaterService
21:16:08.708 [FXGL Background Thread 3 ] DEBUG Engine               - class com.almasb.fxgl.dev.DevService
21:16:10.395 [JavaFX Application Thread] DEBUG PrimaryStageWindow   - Push state: FXGLDefaultMenu
21:16:10.397 [JavaFX Application Thread] DEBUG Input                - Clearing active input actions
21:16:10.398 [JavaFX Application Thread] DEBUG GameApplicationServi - Removing overlay from GameScene and adding to FXGLDefaultMenu
21:16:10.398 [JavaFX Application Thread] DEBUG PrimaryStageWindow   - GameScene -> FXGLDefaultMenu
21:16:12.587 [JavaFX Application Thread] DEBUG PrimaryStageWindow   - Pop state: FXGLDefaultMenu
21:16:12.587 [JavaFX Application Thread] DEBUG Input                - Clearing active input actions
21:16:12.587 [JavaFX Application Thread] DEBUG GameApplicationServi - Removing overlay from FXGLDefaultMenu and adding to GameScene
21:16:12.587 [JavaFX Application Thread] DEBUG PrimaryStageWindow   - GameScene <- FXGLDefaultMenu
21:16:15.479 [JavaFX Application Thread] DEBUG FXGLAssetLoaderServi - Loading from file system: file:/C:/Games/Schoolwork/Spring%2023/CS4900/DawnseekerWorkspace/CS4900G2Proj2/CS4900G2Proj2/Dawnseeker/target/classes/assets/sounds/magic_missile.wav
21:16:15.487 [JavaFX Application Thread] DEBUG FXGLAssetLoaderServi - Loading from file system: file:/C:/Games/Schoolwork/Spring%2023/CS4900/DawnseekerWorkspace/CS4900G2Proj2/CS4900G2Proj2/Dawnseeker/target/classes/assets/textures/Fireball.gif
21:16:15.583 [JavaFX Application Thread] WARN  GameWorld            - Attempted to remove entity which is not active
21:16:15.583 [JavaFX Application Thread] DEBUG FXGLAssetLoaderServi - Loading from file system: file:/C:/Games/Schoolwork/Spring%2023/CS4900/DawnseekerWorkspace/CS4900G2Proj2/CS4900G2Proj2/Dawnseeker/target/classes/assets/textures/PowerPotion.gif
21:16:15.585 [JavaFX Application Thread] DEBUG FXGLAssetLoaderServi - Loading from file system: file:/C:/Games/Schoolwork/Spring%2023/CS4900/DawnseekerWorkspace/CS4900G2Proj2/CS4900G2Proj2/Dawnseeker/target/classes/assets/sounds/bong.wav
21:16:16.014 [JavaFX Application Thread] WARN  GameWorld            - Attempted to remove entity which is not active
21:16:16.015 [JavaFX Application Thread] DEBUG FXGLAssetLoaderServi - Loading from file system: file:/C:/Games/Schoolwork/Spring%2023/CS4900/DawnseekerWorkspace/CS4900G2Proj2/CS4900G2Proj2/Dawnseeker/target/classes/assets/textures/Coin.gif
21:16:16.686 [JavaFX Application Thread] WARN  GameWorld            - Attempted to remove entity which is not active
21:16:17.262 [JavaFX Application Thread] WARN  GameWorld            - Attempted to remove entity which is not active
21:16:18.334 [JavaFX Application Thread] WARN  GameWorld            - Attempted to remove entity which is not active
21:16:18.335 [JavaFX Application Thread] DEBUG FXGLAssetLoaderServi - Loading from file system: file:/C:/Games/Schoolwork/Spring%2023/CS4900/DawnseekerWorkspace/CS4900G2Proj2/CS4900G2Proj2/Dawnseeker/target/classes/assets/textures/SpeedPotion.gif
21:16:18.878 [JavaFX Application Thread] WARN  GameWorld            - Attempted to remove entity which is not active
21:16:19.373 [JavaFX Application Thread] WARN  GameWorld            - Attempted to remove entity which is not active
21:16:19.918 [JavaFX Application Thread] WARN  GameWorld            - Attempted to remove entity which is not active
21:16:20.142 [JavaFX Application Thread] WARN  GameWorld            - Attempted to remove entity which is not active
21:16:20.382 [JavaFX Application Thread] WARN  GameWorld            - Attempted to remove entity which is not active
21:16:20.622 [JavaFX Application Thread] WARN  GameWorld            - Attempted to remove entity which is not active
21:16:21.358 [JavaFX Application Thread] DEBUG FXGLAssetLoaderServi - Loading from file system: file:/C:/Games/Schoolwork/Spring%2023/CS4900/DawnseekerWorkspace/CS4900G2Proj2/CS4900G2Proj2/Dawnseeker/target/classes/assets/sounds/coin_pickup.wav
21:16:22.174 [JavaFX Application Thread] WARN  GameWorld            - Attempted to remove entity which is not active
21:16:22.366 [JavaFX Application Thread] WARN  GameWorld            - Attempted to remove entity which is not active
21:16:22.798 [JavaFX Application Thread] WARN  GameWorld            - Attempted to remove entity which is not active
21:16:23.006 [JavaFX Application Thread] WARN  GameWorld            - Attempted to remove entity which is not active
21:16:23.166 [JavaFX Application Thread] WARN  GameWorld            - Attempted to remove entity which is not active
21:16:23.438 [JavaFX Application Thread] WARN  GameWorld            - Attempted to remove entity which is not active
21:16:23.631 [JavaFX Application Thread] WARN  GameWorld            - Attempted to remove entity which is not active
21:16:23.838 [JavaFX Application Thread] WARN  GameWorld            - Attempted to remove entity which is not active
21:16:24.126 [JavaFX Application Thread] WARN  GameWorld            - Attempted to remove entity which is not active
21:16:25.262 [JavaFX Application Thread] WARN  GameWorld            - Attempted to remove entity which is not active
21:16:27.069 [JavaFX Application Thread] WARN  GameWorld            - Attempted to remove entity which is not active
21:16:27.070 [JavaFX Application Thread] DEBUG FXGLAssetLoaderServi - Loading from file system: file:/C:/Games/Schoolwork/Spring%2023/CS4900/DawnseekerWorkspace/CS4900G2Proj2/CS4900G2Proj2/Dawnseeker/target/classes/assets/textures/HealthPotion.gif
21:16:27.390 [JavaFX Application Thread] WARN  GameWorld            - Attempted to remove entity which is not active
21:16:28.014 [JavaFX Application Thread] WARN  GameWorld            - Attempted to remove entity which is not active
21:16:28.043 [JavaFX Application Thread] WARN  GameWorld            - Attempted to remove entity which is not active
21:16:28.158 [JavaFX Application Thread] WARN  GameWorld            - Attempted to remove entity which is not active
21:16:28.283 [JavaFX Application Thread] WARN  GameWorld            - Attempted to remove entity which is not active
21:16:28.415 [JavaFX Application Thread] WARN  GameWorld            - Attempted to remove entity which is not active
21:16:28.814 [JavaFX Application Thread] WARN  GameWorld            - Attempted to remove entity which is not active
21:16:29.598 [JavaFX Application Thread] WARN  GameWorld            - Attempted to remove entity which is not active
21:16:30.526 [JavaFX Application Thread] WARN  GameWorld            - Attempted to remove entity which is not active
21:16:31.118 [JavaFX Application Thread] WARN  GameWorld            - Attempted to remove entity which is not active
21:16:31.422 [JavaFX Application Thread] WARN  GameWorld            - Attempted to remove entity which is not active
21:16:31.646 [JavaFX Application Thread] WARN  GameWorld            - Attempted to remove entity which is not active
21:16:32.444 [JavaFX Application Thread] WARN  GameWorld            - Attempted to remove entity which is not active
21:16:32.574 [JavaFX Application Thread] WARN  GameWorld            - Attempted to remove entity which is not active
21:16:33.966 [JavaFX Application Thread] WARN  GameWorld            - Attempted to remove entity which is not active
21:16:34.845 [JavaFX Application Thread] WARN  GameWorld            - Attempted to remove entity which is not active
21:16:34.974 [JavaFX Application Thread] WARN  GameWorld            - Attempted to remove entity which is not active
21:16:35.198 [JavaFX Application Thread] WARN  GameWorld            - Attempted to remove entity which is not active
21:16:35.396 [JavaFX Application Thread] DEBUG FXGLApplication      - Exiting FXGL
21:16:35.397 [JavaFX Application Thread] DEBUG LoopRunner           - Stopping loop
21:16:35.397 [JavaFX Application Thread] DEBUG SystemBundleService  - Saving FXGL system data
21:16:35.398 [JavaFX Application Thread] DEBUG FileSystemAccess     - Writing to: C:\Games\Schoolwork\Spring 23\CS4900\DawnseekerWorkspace\CS4900G2Proj2\CS4900G2Proj2\Dawnseeker\system\fxgl.bundle
21:16:35.400 [JavaFX Application Thread] DEBUG Async                - Shutting down background threads
21:16:35.400 [JavaFX Application Thread] DEBUG PrimaryStageWindow   - Closing main window
21:16:35.408 [JavaFX Application Thread] DEBUG Logger               - Closing Logger
