13:21:07.635 [main                     ] DEBUG Logger               - Configured Logger
13:21:07.665 [main                     ] DEBUG GameApplication      - Logging settings
Title: Dawnseeker
Version: 0.4
Width: 1920
Height: 1080
Fullscreen: false
Intro: false
Profiling: false
Single step:false
App Mode: DEVELOPER
Menu Key: ESCAPE
Stage Style: DECORATED
Scene Factory: class myGame.DawnseekerApp$1

13:21:08.139 [JavaFX Application Thread] DEBUG FXGLApplication      - Initializing FXGL
13:21:08.147 [JavaFX Application Thread] INFO  Engine               - FXGL-17.2 (20.08.2022 16.50) on WINDOWS (J:19.0.2 FX:18)
13:21:08.147 [JavaFX Application Thread] DEBUG Engine               - JRE Vendor Name: Oracle Corporation
13:21:08.148 [JavaFX Application Thread] DEBUG Engine               - Running on OS: Windows 10 version 10.0
13:21:08.148 [JavaFX Application Thread] DEBUG Engine               - Architecture: amd64
13:21:08.148 [JavaFX Application Thread] INFO  Engine               - Source code and latest versions at: https://github.com/AlmasB/FXGL
13:21:08.148 [JavaFX Application Thread] INFO  Engine               -       Ask questions and discuss at: https://github.com/AlmasB/FXGL/discussions
13:21:08.148 [JavaFX Application Thread] INFO  Engine               -              Join the FXGL chat at: https://gitter.im/AlmasB/FXGL
13:21:08.294 [JavaFX Application Thread] DEBUG PrimaryStageWindow   - Creating a JavaFX scene
13:21:08.294 [JavaFX Application Thread] DEBUG PrimaryStageWindow   - Target size > screen size
13:21:08.349 [JavaFX Application Thread] DEBUG PrimaryStageWindow   - Target settings size: 1920.0 x 1080.0
13:21:08.350 [JavaFX Application Thread] DEBUG PrimaryStageWindow   - Scaled scene size:    1439.0 x 823.0
13:21:08.350 [JavaFX Application Thread] DEBUG PrimaryStageWindow   - Scaled ratio: (0.7494791666666667, 0.7620370370370371)
13:21:08.351 [JavaFX Application Thread] DEBUG PrimaryStageWindow   - Set initial scene to FXGLStartupScene
13:21:08.362 [JavaFX Application Thread] DEBUG PrimaryStageWindow   - Opening main window
13:21:08.481 [JavaFX Application Thread] DEBUG PrimaryStageWindow   - Window border size: (14.5999755859375, 37.79998779296875)
13:21:08.482 [JavaFX Application Thread] DEBUG PrimaryStageWindow   - Scaled size: 1439.0 x 823.0
13:21:08.482 [JavaFX Application Thread] DEBUG PrimaryStageWindow   - Scaled ratio: (0.7494791666666667, 0.7620370370370371)
13:21:08.483 [JavaFX Application Thread] DEBUG PrimaryStageWindow   - Scene size: 1439.0 x 823.0
13:21:08.483 [JavaFX Application Thread] DEBUG PrimaryStageWindow   - Stage size: 1453.5999755859375 x 860.7999877929688
13:21:08.498 [FXGL Background Thread 1 ] DEBUG Engine               - Initializing environment variables
13:21:08.612 [FXGL Background Thread 1 ] DEBUG FXGLAssetLoaderServi - User app class for loading assets: class myGame.DawnseekerApp
13:21:08.613 [FXGL Background Thread 1 ] DEBUG GameApplicationServi - Applying CSS: fxgl_dark.css
13:21:08.616 [FXGL Background Thread 1 ] DEBUG FXGLAssetLoaderServi - Loading from file system: jar:file:/C:/Users/narro/.m2/repository/com/github/almasb/fxgl/17.2/fxgl-17.2.jar!/fxglassets/ui/css/fxgl_dark.css
13:21:08.700 [FXGL Background Thread 1 ] DEBUG GameApplicationServi - Initializing application scenes
13:21:08.759 [FXGL Background Thread 1 ] DEBUG GameWorld            - Game world initialized
13:21:08.854 [FXGL Background Thread 1 ] DEBUG PhysicsWorld         - Physics world initialized: appHeight=1080, physics.ppm=50.0
13:21:08.854 [FXGL Background Thread 1 ] DEBUG PhysicsWorld         - Using strategy: BRUTE_FORCE
13:21:08.859 [FXGL Background Thread 1 ] DEBUG GameScene            - Game scene initialized: 1920x1080
13:21:08.860 [FXGL Background Thread 1 ] DEBUG FXGLAssetLoaderServi - Loading from file system: file:/C:/Users/narro/git/CS4900G2Proj2/Dawnseeker/target/classes/assets/music/shop.mp3
13:21:09.050 [FXGL Background Thread 1 ] DEBUG AudioPlayer          - Playing music com.almasb.fxgl.audio.Music@18b23dda
13:21:09.106 [FXGL Background Thread 1 ] DEBUG FXGLAssetLoaderServi - Loading from file system: file:/C:/Users/narro/git/CS4900G2Proj2/Dawnseeker/target/classes/assets/textures/bg.png
13:21:09.354 [FXGL Background Thread 1 ] DEBUG FXGL.DefaultMenu     - createMenuBodyGameMenu()
13:21:09.374 [FXGL Background Thread 1 ] DEBUG FXGL.DefaultMenu     - createOptionsMenu()
13:21:09.383 [FXGL Background Thread 1 ] DEBUG FXGLAssetLoaderServi - Loading from file system: jar:file:/C:/Users/narro/.m2/repository/com/github/almasb/fxgl/17.2/fxgl-17.2.jar!/fxglassets/textures/particles/smoke.png
13:21:09.494 [FXGL Background Thread 1 ] DEBUG FXGLAssetLoaderServi - Loading from file system: jar:file:/C:/Users/narro/.m2/repository/com/github/almasb/fxgl/17.2/fxgl-17.2.jar!/fxglassets/textures/particles/trace_horizontal.png
13:21:09.518 [FXGL Background Thread 1 ] DEBUG GameApplicationServi - Application scenes initialized
13:21:09.536 [FXGL Background Thread 1 ] DEBUG SystemBundleService  - Loading FXGL system data
13:21:09.543 [FXGL Background Thread 1 ] DEBUG FileSystemAccess     - Reading from: C:\Users\narro\git\CS4900G2Proj2\Dawnseeker\system\fxgl.bundle
13:21:09.554 [FXGL Background Thread 1 ] DEBUG SystemBundleService  - Bundle FXGL: {}
13:21:09.555 [FXGL Background Thread 1 ] DEBUG UpdaterService       - Checking for updates
13:21:09.560 [FXGL Background Thread 4 ] DEBUG FXGLApplication      - Loading fonts
13:21:09.561 [FXGL Background Thread 4 ] DEBUG FXGLAssetLoaderServi - Loading from file system: jar:file:/C:/Users/narro/.m2/repository/com/github/almasb/fxgl/17.2/fxgl-17.2.jar!/fxglassets/ui/fonts/VarelaRound-Regular.ttf
13:21:09.561 [FXGL Background Thread 1 ] DEBUG FXGLApplication      - Loading default localization
13:21:09.562 [FXGL Background Thread 1 ] DEBUG FXGLAssetLoaderServi - Loading from file system: jar:file:/C:/Users/narro/.m2/repository/com/github/almasb/fxgl/17.2/fxgl-17.2.jar!/fxglassets/languages/english.lang
13:21:09.597 [FXGL Background Thread 1 ] INFO  FXGLApplication      - FXGL initialization took: 1.099 sec
13:21:09.605 [JavaFX Application Thread] DEBUG Input                - Registered new binding: action0 - LMB
13:21:09.615 [JavaFX Application Thread] DEBUG Input                - Registered new binding: Up - W
13:21:09.616 [JavaFX Application Thread] DEBUG Input                - Registered new binding: Down - S
13:21:09.616 [JavaFX Application Thread] DEBUG Input                - Registered new binding: Right - D
13:21:09.616 [JavaFX Application Thread] DEBUG Input                - Registered new binding: Left - A
13:21:09.617 [JavaFX Application Thread] DEBUG FXGLAssetLoaderServi - Loading from file system: jar:file:/C:/Users/narro/.m2/repository/com/github/almasb/fxgl/17.2/fxgl-17.2.jar!/fxglassets/textures/fxgl_icon.png
13:21:09.637 [JavaFX Application Thread] DEBUG FXGLAssetLoaderServi - Loading from file system: jar:file:/C:/Users/narro/.m2/repository/com/github/almasb/fxgl/17.2/fxgl-17.2.jar!/fxglassets/textures/fxgl_default_cursor.png
13:21:09.644 [JavaFX Application Thread] DEBUG Input                - Registered new binding: Screenshot - CTRL+8
13:21:09.645 [JavaFX Application Thread] DEBUG Input                - Registered new binding: System info dump - CTRL+9
13:21:09.646 [JavaFX Application Thread] DEBUG Input                - Registered new binding: Restart - CTRL+R
13:21:09.647 [JavaFX Application Thread] DEBUG Input                - Registered new binding: Toggle Debug Camera - CTRL+7
13:21:09.651 [JavaFX Application Thread] DEBUG LoopRunner           - Starting loop
13:21:09.651 [JavaFX Application Thread] DEBUG LoopRunner           - Initializing JavaFX AnimationTimerLoop
13:21:09.656 [JavaFX Application Thread] DEBUG Input                - Clearing active input actions
13:21:09.676 [JavaFX Application Thread] DEBUG GameApplicationServi - Removing overlay from FXGLStartupScene and adding to FXGLMainMenuDummyScene
13:21:09.677 [JavaFX Application Thread] DEBUG PrimaryStageWindow   - FXGLStartupScene -> FXGLMainMenuDummyScene
13:21:09.677 [JavaFX Application Thread] DEBUG PrimaryStageWindow   - Push state: DawnseekerMenu
13:21:09.677 [JavaFX Application Thread] DEBUG Input                - Clearing active input actions
13:21:09.684 [JavaFX Application Thread] DEBUG GameApplicationServi - Removing overlay from FXGLMainMenuDummyScene and adding to DawnseekerMenu
13:21:09.685 [JavaFX Application Thread] DEBUG PrimaryStageWindow   - FXGLMainMenuDummyScene -> DawnseekerMenu
13:21:09.690 [FXGL Background Thread 4 ] DEBUG FXGLAssetLoaderServi - Loading from file system: jar:file:/C:/Users/narro/.m2/repository/com/github/almasb/fxgl/17.2/fxgl-17.2.jar!/fxglassets/ui/fonts/Abel-Regular.ttf
13:21:09.706 [FXGL Background Thread 4 ] DEBUG FXGLAssetLoaderServi - Loading from file system: jar:file:/C:/Users/narro/.m2/repository/com/github/almasb/fxgl/17.2/fxgl-17.2.jar!/fxglassets/ui/fonts/TerminalLandMono-Regular.otf
13:21:09.724 [FXGL Background Thread 4 ] DEBUG FXGLAssetLoaderServi - Loading from file system: jar:file:/C:/Users/narro/.m2/repository/com/github/almasb/fxgl/17.2/fxgl-17.2.jar!/fxglassets/ui/fonts/Courier-Prime.ttf
13:21:09.747 [JavaFX Application Thread] DEBUG FXGLApplication      - Registering font factories with UI factory
13:21:10.273 [FXGL Background Thread 2 ] INFO  UpdaterService       - Your current version:  17.2
13:21:10.274 [FXGL Background Thread 2 ] INFO  UpdaterService       - Latest stable version: 17.3
13:21:10.505 [JavaFX Application Thread] DEBUG Menu                 - fireNewGame()
13:21:10.505 [JavaFX Application Thread] DEBUG GameApplicationServi - Starting new game
13:21:10.505 [JavaFX Application Thread] DEBUG PrimaryStageWindow   - Pop state: DawnseekerMenu
13:21:10.506 [JavaFX Application Thread] DEBUG Input                - Clearing active input actions
13:21:10.506 [JavaFX Application Thread] DEBUG GameApplicationServi - Removing overlay from DawnseekerMenu and adding to FXGLMainMenuDummyScene
13:21:10.507 [JavaFX Application Thread] DEBUG PrimaryStageWindow   - FXGLMainMenuDummyScene <- DawnseekerMenu
13:21:10.507 [JavaFX Application Thread] DEBUG Input                - Clearing active input actions
13:21:10.516 [JavaFX Application Thread] DEBUG GameApplicationServi - Removing overlay from FXGLMainMenuDummyScene and adding to FXGLLoadingScene
13:21:10.517 [JavaFX Application Thread] DEBUG PrimaryStageWindow   - FXGLMainMenuDummyScene -> FXGLLoadingScene
13:21:10.517 [JavaFX Application Thread] DEBUG GameApplicationServi - Clearing previous game
13:21:10.517 [JavaFX Application Thread] DEBUG GameScene            - Clearing game scene
13:21:10.517 [JavaFX Application Thread] DEBUG GameWorld            - Clearing game world
13:21:10.517 [JavaFX Application Thread] DEBUG PhysicsWorld         - Clearing physics world
13:21:10.519 [JavaFX Application Thread] DEBUG AudioPlayer          - Stopping music com.almasb.fxgl.audio.Music@18b23dda
13:21:10.519 [FXGL Background Thread 2 ] DEBUG FXGLApplication      - Initializing game
13:21:10.527 [FXGL Background Thread 2 ] DEBUG FXGLAssetLoaderServi - Loading from file system: file:/C:/Users/narro/git/CS4900G2Proj2/Dawnseeker/target/classes/assets/music/heartache.mp3
13:21:10.532 [FXGL Background Thread 2 ] DEBUG AudioPlayer          - Playing music com.almasb.fxgl.audio.Music@9fd4ba7
13:21:10.556 [JavaFX Application Thread] DEBUG AudioPlayer          - Stopping music com.almasb.fxgl.audio.Music@9fd4ba7
13:21:10.561 [FXGL Background Thread 2 ] DEBUG FXGLAssetLoaderServi - Loading from file system: file:/C:/Users/narro/git/CS4900G2Proj2/Dawnseeker/target/classes/assets/textures/DawnseekerPCV2.png
13:21:10.565 [FXGL Background Thread 2 ] DEBUG FXGLAssetLoaderServi - Loading from file system: file:/C:/Users/narro/git/CS4900G2Proj2/Dawnseeker/target/classes/assets/textures/DawnseekerPCV2Down.png
13:21:10.568 [FXGL Background Thread 2 ] DEBUG FXGLAssetLoaderServi - Loading from file system: file:/C:/Users/narro/git/CS4900G2Proj2/Dawnseeker/target/classes/assets/textures/DawnseekerPCV2Up.png
13:21:10.571 [FXGL Background Thread 2 ] DEBUG FXGLAssetLoaderServi - Loading from file system: file:/C:/Users/narro/git/CS4900G2Proj2/Dawnseeker/target/classes/assets/textures/DawnseekerPCV2Right.png
13:21:10.574 [FXGL Background Thread 2 ] DEBUG FXGLAssetLoaderServi - Loading from file system: file:/C:/Users/narro/git/CS4900G2Proj2/Dawnseeker/target/classes/assets/textures/DawnseekerPCV2Left.png
13:21:10.604 [FXGL Background Thread 2 ] DEBUG FXGLAssetLoaderServi - Loading from file system: file:/C:/Users/narro/git/CS4900G2Proj2/Dawnseeker/target/classes/assets/textures/BackGroung.png
13:21:10.642 [FXGL Background Thread 2 ] WARN  GameWorld            - Entity is already attached to world
13:21:10.643 [FXGL Background Thread 2 ] DEBUG FXGLAssetLoaderServi - Loading from file system: file:/C:/Users/narro/git/CS4900G2Proj2/Dawnseeker/target/classes/assets/textures/Rock1.png
13:21:10.649 [FXGL Background Thread 2 ] WARN  Entity               - Entity already has component: com.almasb.fxgl.entity.components.CollidableComponent
13:21:10.649 [FXGL Background Thread 2 ] WARN  GameWorld            - Entity is already attached to world
13:21:10.649 [FXGL Background Thread 2 ] DEBUG FXGLAssetLoaderServi - Loading from file system: file:/C:/Users/narro/git/CS4900G2Proj2/Dawnseeker/target/classes/assets/textures/Rock2.png
13:21:10.650 [FXGL Background Thread 2 ] WARN  Entity               - Entity already has component: com.almasb.fxgl.entity.components.CollidableComponent
13:21:10.651 [FXGL Background Thread 2 ] WARN  GameWorld            - Entity is already attached to world
13:21:10.652 [FXGL Background Thread 2 ] DEBUG FXGLAssetLoaderServi - Loading from file system: file:/C:/Users/narro/git/CS4900G2Proj2/Dawnseeker/target/classes/assets/textures/BigRock1.png
13:21:10.653 [FXGL Background Thread 2 ] WARN  Entity               - Entity already has component: com.almasb.fxgl.entity.components.CollidableComponent
13:21:10.653 [FXGL Background Thread 2 ] WARN  GameWorld            - Entity is already attached to world
13:21:10.654 [FXGL Background Thread 2 ] DEBUG FXGLAssetLoaderServi - Loading from file system: file:/C:/Users/narro/git/CS4900G2Proj2/Dawnseeker/target/classes/assets/textures/Poison.gif
13:21:10.660 [FXGL Background Thread 2 ] WARN  GameWorld            - Entity is already attached to world
13:21:10.663 [FXGL Background Thread 2 ] DEBUG FXGLAssetLoaderServi - Loading from file system: file:/C:/Users/narro/git/CS4900G2Proj2/Dawnseeker/target/classes/assets/textures/AnimShop.png
13:21:10.664 [FXGL Background Thread 2 ] WARN  GameWorld            - Entity is already attached to world
13:21:10.687 [FXGL Background Thread 2 ] INFO  FXGLApplication      - Game initialization took: 0.168 sec
13:21:10.698 [JavaFX Application Thread] DEBUG Input                - Clearing active input actions
13:21:10.720 [JavaFX Application Thread] DEBUG GameApplicationServi - Removing overlay from FXGLLoadingScene and adding to GameScene
13:21:10.721 [JavaFX Application Thread] DEBUG PrimaryStageWindow   - FXGLLoadingScene -> GameScene
13:21:11.815 [JavaFX Application Thread] DEBUG FXGLAssetLoaderServi - Loading from file system: file:/C:/Users/narro/git/CS4900G2Proj2/Dawnseeker/target/classes/assets/textures/Skull.gif
13:21:11.827 [JavaFX Application Thread] DEBUG FXGLAssetLoaderServi - Loading from file system: file:/C:/Users/narro/git/CS4900G2Proj2/Dawnseeker/target/classes/assets/textures/Ghost.gif
13:21:12.560 [FXGL Background Thread 3 ] DEBUG Engine               - Logging environment variables
13:21:12.562 [FXGL Background Thread 3 ] DEBUG Engine               - achievements: []
13:21:12.563 [FXGL Background Thread 3 ] DEBUG Engine               - actualHeight: 823.0
13:21:12.563 [FXGL Background Thread 3 ] DEBUG Engine               - actualHeightProperty: ReadOnlyDoubleProperty [value: 823.0]
13:21:12.564 [FXGL Background Thread 3 ] DEBUG Engine               - actualWidth: 1439.0
13:21:12.564 [FXGL Background Thread 3 ] DEBUG Engine               - actualWidthProperty: ReadOnlyDoubleProperty [value: 1439.0]
13:21:12.565 [FXGL Background Thread 3 ] DEBUG Engine               - appIcon: fxgl_icon.png
13:21:12.565 [FXGL Background Thread 3 ] DEBUG Engine               - applicationMode: DEVELOPER
13:21:12.565 [FXGL Background Thread 3 ] DEBUG Engine               - cSSList: [fxgl_dark.css]
13:21:12.566 [FXGL Background Thread 3 ] DEBUG Engine               - collisionDetectionStrategy: BRUTE_FORCE
13:21:12.566 [FXGL Background Thread 3 ] DEBUG Engine               - configClass: Optional.empty
13:21:12.567 [FXGL Background Thread 3 ] DEBUG Engine               - credits: []
13:21:12.570 [FXGL Background Thread 3 ] DEBUG Engine               - defaultCursor: CursorInfo(imageName=fxgl_default_cursor.png, hotspotX=7.0, hotspotY=6.0)
13:21:12.572 [FXGL Background Thread 3 ] DEBUG Engine               - devBBoxColorProperty: ObjectProperty [value: 0xff0000ff]
13:21:12.572 [FXGL Background Thread 3 ] DEBUG Engine               - devEnableDebugCameraProperty: BooleanProperty [value: false]
13:21:12.573 [FXGL Background Thread 3 ] DEBUG Engine               - devSensorColorProperty: ObjectProperty [value: 0xffff00ff]
13:21:12.573 [FXGL Background Thread 3 ] DEBUG Engine               - devShowBBoxProperty: BooleanProperty [value: false]
13:21:12.573 [FXGL Background Thread 3 ] DEBUG Engine               - devShowPositionProperty: BooleanProperty [value: false]
13:21:12.573 [FXGL Background Thread 3 ] DEBUG Engine               - enabledMenuItems: []
13:21:12.574 [FXGL Background Thread 3 ] DEBUG Engine               - engineServices: [class com.almasb.fxgl.app.services.FXGLAssetLoaderService, class com.almasb.fxgl.app.FXGLApplication$GameApplicationService, class com.almasb.fxgl.app.services.FXGLDialogService, class com.almasb.fxgl.app.services.IOTaskExecutorService, class com.almasb.fxgl.io.FileSystemService, class com.almasb.fxgl.localization.LocalizationService, class com.almasb.fxgl.app.services.SystemBundleService, class com.almasb.fxgl.profile.SaveLoadService, class com.almasb.fxgl.ui.FXGLUIFactoryServiceProvider, class com.almasb.fxgl.ui.FXGLDialogFactoryServiceProvider, class com.almasb.fxgl.audio.AudioPlayer, class com.almasb.fxgl.notification.impl.NotificationServiceProvider, class com.almasb.fxgl.achievement.AchievementService, class com.almasb.fxgl.cutscene.CutsceneService, class com.almasb.fxgl.minigames.MiniGameService, class com.almasb.fxgl.net.NetService, class com.almasb.fxgl.app.services.UpdaterService, class com.almasb.fxgl.dev.DevService]
13:21:12.574 [FXGL Background Thread 3 ] DEBUG Engine               - fontGame: Abel-Regular.ttf
13:21:12.574 [FXGL Background Thread 3 ] DEBUG Engine               - fontMono: TerminalLandMono-Regular.otf
13:21:12.574 [FXGL Background Thread 3 ] DEBUG Engine               - fontText: Courier-Prime.ttf
13:21:12.575 [FXGL Background Thread 3 ] DEBUG Engine               - fontUI: VarelaRound-Regular.ttf
13:21:12.575 [FXGL Background Thread 3 ] DEBUG Engine               - fullScreen: BooleanProperty [value: false]
13:21:12.575 [FXGL Background Thread 3 ] DEBUG Engine               - gameDifficulty: MEDIUM
13:21:12.575 [FXGL Background Thread 3 ] DEBUG Engine               - gameDifficultyProperty: ObjectProperty [value: MEDIUM]
13:21:12.576 [FXGL Background Thread 3 ] DEBUG Engine               - globalMusicVolume: 0.5
13:21:12.576 [FXGL Background Thread 3 ] DEBUG Engine               - globalMusicVolumeProperty: DoubleProperty [value: 0.5]
13:21:12.576 [FXGL Background Thread 3 ] DEBUG Engine               - globalSoundVolume: 0.5
13:21:12.577 [FXGL Background Thread 3 ] DEBUG Engine               - globalSoundVolumeProperty: DoubleProperty [value: 0.5]
13:21:12.577 [FXGL Background Thread 3 ] DEBUG Engine               - height: 1080
13:21:12.577 [FXGL Background Thread 3 ] DEBUG Engine               - is3D: false
13:21:12.578 [FXGL Background Thread 3 ] DEBUG Engine               - isAndroid: false
13:21:12.578 [FXGL Background Thread 3 ] DEBUG Engine               - isBrowser: false
13:21:12.578 [FXGL Background Thread 3 ] DEBUG Engine               - isClickFeedbackEnabled: false
13:21:12.579 [FXGL Background Thread 3 ] DEBUG Engine               - isCloseConfirmation: false
13:21:12.579 [FXGL Background Thread 3 ] DEBUG Engine               - isDesktop: true
13:21:12.579 [FXGL Background Thread 3 ] DEBUG Engine               - isDeveloperMenuEnabled: false
13:21:12.579 [FXGL Background Thread 3 ] DEBUG Engine               - isEmbedded: false
13:21:12.580 [FXGL Background Thread 3 ] DEBUG Engine               - isEntityPreloadEnabled: true
13:21:12.580 [FXGL Background Thread 3 ] DEBUG Engine               - isExperimentalTiledLargeMap: false
13:21:12.580 [FXGL Background Thread 3 ] DEBUG Engine               - isFileSystemWriteAllowed: true
13:21:12.580 [FXGL Background Thread 3 ] DEBUG Engine               - isFullScreenAllowed: false
13:21:12.581 [FXGL Background Thread 3 ] DEBUG Engine               - isFullScreenFromStart: false
13:21:12.581 [FXGL Background Thread 3 ] DEBUG Engine               - isGameMenuEnabled: true
13:21:12.581 [FXGL Background Thread 3 ] DEBUG Engine               - isIOS: false
13:21:12.582 [FXGL Background Thread 3 ] DEBUG Engine               - isIntroEnabled: false
13:21:12.582 [FXGL Background Thread 3 ] DEBUG Engine               - isLinux: false
13:21:12.582 [FXGL Background Thread 3 ] DEBUG Engine               - isMac: false
13:21:12.582 [FXGL Background Thread 3 ] DEBUG Engine               - isMainMenuEnabled: true
13:21:12.583 [FXGL Background Thread 3 ] DEBUG Engine               - isManualResizeEnabled: false
13:21:12.583 [FXGL Background Thread 3 ] DEBUG Engine               - isMobile: false
13:21:12.584 [FXGL Background Thread 3 ] DEBUG Engine               - isNative: false
13:21:12.584 [FXGL Background Thread 3 ] DEBUG Engine               - isPauseMusicWhenMinimized: true
13:21:12.584 [FXGL Background Thread 3 ] DEBUG Engine               - isPreserveResizeRatio: false
13:21:12.585 [FXGL Background Thread 3 ] DEBUG Engine               - isProfilingEnabled: false
13:21:12.586 [FXGL Background Thread 3 ] DEBUG Engine               - isScaleAffectedOnResize: true
13:21:12.586 [FXGL Background Thread 3 ] DEBUG Engine               - isSingleStep: false
13:21:12.587 [FXGL Background Thread 3 ] DEBUG Engine               - isUserProfileEnabled: false
13:21:12.587 [FXGL Background Thread 3 ] DEBUG Engine               - isWindows: true
13:21:12.587 [FXGL Background Thread 3 ] DEBUG Engine               - language: ObjectProperty [value: ENGLISH]
13:21:12.587 [FXGL Background Thread 3 ] DEBUG Engine               - menuKey: ESCAPE
13:21:12.587 [FXGL Background Thread 3 ] DEBUG Engine               - mouseSensitivity: 0.2
13:21:12.588 [FXGL Background Thread 3 ] DEBUG Engine               - notificationViewClass: class com.almasb.fxgl.notification.view.XboxNotificationView
13:21:12.588 [FXGL Background Thread 3 ] DEBUG Engine               - pixelsPerMeter: 50.0
13:21:12.588 [FXGL Background Thread 3 ] DEBUG Engine               - platform: WINDOWS
13:21:12.588 [FXGL Background Thread 3 ] DEBUG Engine               - prefHeightProperty: ReadOnlyDoubleProperty [value: 1080.0]
13:21:12.589 [FXGL Background Thread 3 ] DEBUG Engine               - prefWidthProperty: ReadOnlyDoubleProperty [value: 1920.0]
13:21:12.590 [FXGL Background Thread 3 ] DEBUG Engine               - profileDir: profiles/
13:21:12.591 [FXGL Background Thread 3 ] DEBUG Engine               - profileName: StringProperty [value: DEFAULT]
13:21:12.591 [FXGL Background Thread 3 ] DEBUG Engine               - randomSeed: -1
13:21:12.593 [FXGL Background Thread 3 ] DEBUG Engine               - runtimeInfo: RuntimeInfo(platform=WINDOWS, version=17.2, build=20.08.2022 16.50)
13:21:12.594 [FXGL Background Thread 3 ] DEBUG Engine               - saveFileExt: sav
13:21:12.594 [FXGL Background Thread 3 ] DEBUG Engine               - scaledHeightProp$fxgl: DoubleProperty [bound, value: 823.0]
13:21:12.594 [FXGL Background Thread 3 ] DEBUG Engine               - scaledWidthProp$fxgl: DoubleProperty [bound, value: 1439.0]
13:21:12.595 [FXGL Background Thread 3 ] DEBUG Engine               - sceneFactory: myGame.DawnseekerApp$1@6fd66f24
13:21:12.595 [FXGL Background Thread 3 ] DEBUG Engine               - secondsIn24h: 60
13:21:12.595 [FXGL Background Thread 3 ] DEBUG Engine               - soundMenuBack: menu/back.wav
13:21:12.596 [FXGL Background Thread 3 ] DEBUG Engine               - soundMenuPress: menu/press.wav
13:21:12.596 [FXGL Background Thread 3 ] DEBUG Engine               - soundMenuSelect: menu/select.wav
13:21:12.596 [FXGL Background Thread 3 ] DEBUG Engine               - soundNotification: core/notification.wav
13:21:12.596 [FXGL Background Thread 3 ] DEBUG Engine               - stageStyle: DECORATED
13:21:12.597 [FXGL Background Thread 3 ] DEBUG Engine               - supportedLanguages: [ENGLISH, FRENCH, GERMAN, HUNGARIAN, RUSSIAN]
13:21:12.597 [FXGL Background Thread 3 ] DEBUG Engine               - ticksPerSecond: -1
13:21:12.597 [FXGL Background Thread 3 ] DEBUG Engine               - title: Dawnseeker
13:21:12.598 [FXGL Background Thread 3 ] DEBUG Engine               - urlGithub: https://github.com/AlmasB/FXGL
13:21:12.598 [FXGL Background Thread 3 ] DEBUG Engine               - urlLeaderboard: http://fxgl-top.herokuapp.com/
13:21:12.598 [FXGL Background Thread 3 ] DEBUG Engine               - urlPOM: https://raw.githubusercontent.com/AlmasB/FXGL/release/README.md
13:21:12.599 [FXGL Background Thread 3 ] DEBUG Engine               - userAppClass: class myGame.DawnseekerApp
13:21:12.599 [FXGL Background Thread 3 ] DEBUG Engine               - version: 0.4
13:21:12.599 [FXGL Background Thread 3 ] DEBUG Engine               - versionCheckDays: 7
13:21:12.600 [FXGL Background Thread 3 ] DEBUG Engine               - width: 1920
13:21:12.600 [FXGL Background Thread 3 ] DEBUG Engine               - Logging services
13:21:12.600 [FXGL Background Thread 3 ] DEBUG Engine               - class com.almasb.fxgl.app.services.FXGLAssetLoaderService
13:21:12.601 [FXGL Background Thread 3 ] DEBUG Engine               - class com.almasb.fxgl.app.FXGLApplication$GameApplicationService
13:21:12.601 [FXGL Background Thread 3 ] DEBUG Engine               - class com.almasb.fxgl.app.services.FXGLDialogService
13:21:12.601 [FXGL Background Thread 3 ] DEBUG Engine               - class com.almasb.fxgl.app.services.IOTaskExecutorService
13:21:12.602 [FXGL Background Thread 3 ] DEBUG Engine               - class com.almasb.fxgl.io.FileSystemService
13:21:12.602 [FXGL Background Thread 3 ] DEBUG Engine               - class com.almasb.fxgl.localization.LocalizationService
13:21:12.602 [FXGL Background Thread 3 ] DEBUG Engine               - class com.almasb.fxgl.app.services.SystemBundleService
13:21:12.602 [FXGL Background Thread 3 ] DEBUG Engine               - class com.almasb.fxgl.profile.SaveLoadService
13:21:12.602 [FXGL Background Thread 3 ] DEBUG Engine               - class com.almasb.fxgl.ui.FXGLUIFactoryServiceProvider
13:21:12.603 [FXGL Background Thread 3 ] DEBUG Engine               - class com.almasb.fxgl.ui.FXGLDialogFactoryServiceProvider
13:21:12.603 [FXGL Background Thread 3 ] DEBUG Engine               - class com.almasb.fxgl.audio.AudioPlayer
13:21:12.604 [FXGL Background Thread 3 ] DEBUG Engine               - class com.almasb.fxgl.notification.impl.NotificationServiceProvider
13:21:12.604 [FXGL Background Thread 3 ] DEBUG Engine               - class com.almasb.fxgl.achievement.AchievementService
13:21:12.605 [FXGL Background Thread 3 ] DEBUG Engine               - class com.almasb.fxgl.cutscene.CutsceneService
13:21:12.605 [FXGL Background Thread 3 ] DEBUG Engine               - class com.almasb.fxgl.minigames.MiniGameService
13:21:12.605 [FXGL Background Thread 3 ] DEBUG Engine               - class com.almasb.fxgl.net.NetService
13:21:12.606 [FXGL Background Thread 3 ] DEBUG Engine               - class com.almasb.fxgl.app.services.UpdaterService
13:21:12.606 [FXGL Background Thread 3 ] DEBUG Engine               - class com.almasb.fxgl.dev.DevService
13:21:15.592 [JavaFX Application Thread] DEBUG FXGLAssetLoaderServi - Loading from file system: file:/C:/Users/narro/git/CS4900G2Proj2/Dawnseeker/target/classes/assets/textures/slime.gif
13:21:16.147 [JavaFX Application Thread] DEBUG FXGLApplication      - Exiting FXGL
13:21:16.147 [JavaFX Application Thread] DEBUG LoopRunner           - Stopping loop
13:21:16.147 [JavaFX Application Thread] DEBUG SystemBundleService  - Saving FXGL system data
13:21:16.149 [JavaFX Application Thread] DEBUG FileSystemAccess     - Writing to: C:\Users\narro\git\CS4900G2Proj2\Dawnseeker\system\fxgl.bundle
13:21:16.154 [JavaFX Application Thread] DEBUG Async                - Shutting down background threads
13:21:16.154 [JavaFX Application Thread] DEBUG PrimaryStageWindow   - Closing main window
13:21:16.169 [JavaFX Application Thread] DEBUG Logger               - Closing Logger
