13:41:12.014 [main                     ] DEBUG Logger               - Configured Logger
13:41:12.045 [main                     ] DEBUG GameApplication      - Logging settings
Title: Dawnseeker
Version: 0.5
Width: 1920
Height: 1080
Fullscreen: false
Intro: false
Profiling: false
Single step:false
App Mode: DEVELOPER
Menu Key: ESCAPE
Stage Style: DECORATED
Scene Factory: class myGame.DawnseekerApp$1

13:41:12.527 [JavaFX Application Thread] DEBUG FXGLApplication      - Initializing FXGL
13:41:12.533 [JavaFX Application Thread] INFO  Engine               - FXGL-17.2 (20.08.2022 16.50) on WINDOWS (J:19.0.2 FX:18)
13:41:12.534 [JavaFX Application Thread] DEBUG Engine               - JRE Vendor Name: Oracle Corporation
13:41:12.534 [JavaFX Application Thread] DEBUG Engine               - Running on OS: Windows 10 version 10.0
13:41:12.534 [JavaFX Application Thread] DEBUG Engine               - Architecture: amd64
13:41:12.535 [JavaFX Application Thread] INFO  Engine               - Source code and latest versions at: https://github.com/AlmasB/FXGL
13:41:12.535 [JavaFX Application Thread] INFO  Engine               -       Ask questions and discuss at: https://github.com/AlmasB/FXGL/discussions
13:41:12.535 [JavaFX Application Thread] INFO  Engine               -              Join the FXGL chat at: https://gitter.im/AlmasB/FXGL
13:41:12.688 [JavaFX Application Thread] DEBUG PrimaryStageWindow   - Creating a JavaFX scene
13:41:12.688 [JavaFX Application Thread] DEBUG PrimaryStageWindow   - Target size > screen size
13:41:12.745 [JavaFX Application Thread] DEBUG PrimaryStageWindow   - Target settings size: 1920.0 x 1080.0
13:41:12.745 [JavaFX Application Thread] DEBUG PrimaryStageWindow   - Scaled scene size:    1439.0 x 823.0
13:41:12.745 [JavaFX Application Thread] DEBUG PrimaryStageWindow   - Scaled ratio: (0.7494791666666667, 0.7620370370370371)
13:41:12.746 [JavaFX Application Thread] DEBUG PrimaryStageWindow   - Set initial scene to FXGLStartupScene
13:41:12.757 [JavaFX Application Thread] DEBUG PrimaryStageWindow   - Opening main window
13:41:12.880 [JavaFX Application Thread] DEBUG PrimaryStageWindow   - Window border size: (14.5999755859375, 37.79998779296875)
13:41:12.880 [JavaFX Application Thread] DEBUG PrimaryStageWindow   - Scaled size: 1439.0 x 823.0
13:41:12.881 [JavaFX Application Thread] DEBUG PrimaryStageWindow   - Scaled ratio: (0.7494791666666667, 0.7620370370370371)
13:41:12.881 [JavaFX Application Thread] DEBUG PrimaryStageWindow   - Scene size: 1439.0 x 823.0
13:41:12.882 [JavaFX Application Thread] DEBUG PrimaryStageWindow   - Stage size: 1453.5999755859375 x 860.7999877929688
13:41:12.897 [FXGL Background Thread 1 ] DEBUG Engine               - Initializing environment variables
13:41:13.001 [FXGL Background Thread 1 ] DEBUG FXGLAssetLoaderServi - User app class for loading assets: class myGame.DawnseekerApp
13:41:13.001 [FXGL Background Thread 1 ] DEBUG GameApplicationServi - Applying CSS: fxgl_dark.css
13:41:13.002 [FXGL Background Thread 1 ] DEBUG FXGLAssetLoaderServi - Loading from file system: jar:file:/C:/Users/narro/.m2/repository/com/github/almasb/fxgl/17.2/fxgl-17.2.jar!/fxglassets/ui/css/fxgl_dark.css
13:41:13.082 [FXGL Background Thread 1 ] DEBUG GameApplicationServi - Initializing application scenes
13:41:13.154 [FXGL Background Thread 1 ] DEBUG GameWorld            - Game world initialized
13:41:13.246 [FXGL Background Thread 1 ] DEBUG PhysicsWorld         - Physics world initialized: appHeight=1080, physics.ppm=50.0
13:41:13.246 [FXGL Background Thread 1 ] DEBUG PhysicsWorld         - Using strategy: BRUTE_FORCE
13:41:13.254 [FXGL Background Thread 1 ] DEBUG GameScene            - Game scene initialized: 1920x1080
13:41:13.255 [FXGL Background Thread 1 ] DEBUG FXGLAssetLoaderServi - Loading from file system: file:/C:/Users/narro/git/CS4900G2Proj2/Dawnseeker/target/classes/assets/music/shop.mp3
13:41:13.428 [FXGL Background Thread 1 ] DEBUG AudioPlayer          - Playing music com.almasb.fxgl.audio.Music@5c2a10da
13:41:13.458 [FXGL Background Thread 1 ] DEBUG FXGLAssetLoaderServi - Loading from file system: file:/C:/Users/narro/git/CS4900G2Proj2/Dawnseeker/target/classes/assets/textures/bg2.png
13:41:13.610 [FXGL Background Thread 1 ] DEBUG FXGL.DefaultMenu     - createMenuBodyGameMenu()
13:41:13.628 [FXGL Background Thread 1 ] DEBUG FXGL.DefaultMenu     - createOptionsMenu()
13:41:13.637 [FXGL Background Thread 1 ] DEBUG FXGLAssetLoaderServi - Loading from file system: jar:file:/C:/Users/narro/.m2/repository/com/github/almasb/fxgl/17.2/fxgl-17.2.jar!/fxglassets/textures/particles/smoke.png
13:41:13.762 [FXGL Background Thread 1 ] DEBUG FXGLAssetLoaderServi - Loading from file system: jar:file:/C:/Users/narro/.m2/repository/com/github/almasb/fxgl/17.2/fxgl-17.2.jar!/fxglassets/textures/particles/trace_horizontal.png
13:41:13.788 [FXGL Background Thread 1 ] DEBUG GameApplicationServi - Application scenes initialized
13:41:13.809 [FXGL Background Thread 1 ] DEBUG SystemBundleService  - Loading FXGL system data
13:41:13.817 [FXGL Background Thread 1 ] DEBUG FileSystemAccess     - Reading from: C:\Users\narro\git\CS4900G2Proj2\Dawnseeker\system\fxgl.bundle
13:41:13.831 [FXGL Background Thread 1 ] DEBUG SystemBundleService  - Bundle FXGL: {}
13:41:13.831 [FXGL Background Thread 1 ] DEBUG UpdaterService       - Checking for updates
13:41:13.840 [FXGL Background Thread 4 ] DEBUG FXGLApplication      - Loading fonts
13:41:13.840 [FXGL Background Thread 4 ] DEBUG FXGLAssetLoaderServi - Loading from file system: jar:file:/C:/Users/narro/.m2/repository/com/github/almasb/fxgl/17.2/fxgl-17.2.jar!/fxglassets/ui/fonts/VarelaRound-Regular.ttf
13:41:13.841 [FXGL Background Thread 1 ] DEBUG FXGLApplication      - Loading default localization
13:41:13.842 [FXGL Background Thread 1 ] DEBUG FXGLAssetLoaderServi - Loading from file system: jar:file:/C:/Users/narro/.m2/repository/com/github/almasb/fxgl/17.2/fxgl-17.2.jar!/fxglassets/languages/english.lang
13:41:13.883 [FXGL Background Thread 1 ] INFO  FXGLApplication      - FXGL initialization took: 0.986 sec
13:41:13.893 [JavaFX Application Thread] DEBUG Input                - Registered new binding: action0 - LMB
13:41:13.905 [JavaFX Application Thread] DEBUG Input                - Registered new binding: Up - W
13:41:13.905 [JavaFX Application Thread] DEBUG Input                - Registered new binding: Down - S
13:41:13.905 [JavaFX Application Thread] DEBUG Input                - Registered new binding: Right - D
13:41:13.905 [JavaFX Application Thread] DEBUG Input                - Registered new binding: Left - A
13:41:13.907 [JavaFX Application Thread] DEBUG FXGLAssetLoaderServi - Loading from file system: jar:file:/C:/Users/narro/.m2/repository/com/github/almasb/fxgl/17.2/fxgl-17.2.jar!/fxglassets/textures/fxgl_icon.png
13:41:13.938 [JavaFX Application Thread] DEBUG FXGLAssetLoaderServi - Loading from file system: jar:file:/C:/Users/narro/.m2/repository/com/github/almasb/fxgl/17.2/fxgl-17.2.jar!/fxglassets/textures/fxgl_default_cursor.png
13:41:13.942 [JavaFX Application Thread] DEBUG Input                - Registered new binding: Screenshot - CTRL+8
13:41:13.942 [JavaFX Application Thread] DEBUG Input                - Registered new binding: System info dump - CTRL+9
13:41:13.943 [JavaFX Application Thread] DEBUG Input                - Registered new binding: Restart - CTRL+R
13:41:13.944 [JavaFX Application Thread] DEBUG Input                - Registered new binding: Toggle Debug Camera - CTRL+7
13:41:13.948 [JavaFX Application Thread] DEBUG LoopRunner           - Starting loop
13:41:13.948 [JavaFX Application Thread] DEBUG LoopRunner           - Initializing JavaFX AnimationTimerLoop
13:41:13.956 [JavaFX Application Thread] DEBUG Input                - Clearing active input actions
13:41:13.973 [JavaFX Application Thread] DEBUG GameApplicationServi - Removing overlay from FXGLStartupScene and adding to FXGLMainMenuDummyScene
13:41:13.974 [JavaFX Application Thread] DEBUG PrimaryStageWindow   - FXGLStartupScene -> FXGLMainMenuDummyScene
13:41:13.974 [JavaFX Application Thread] DEBUG PrimaryStageWindow   - Push state: DawnseekerMenu
13:41:13.974 [JavaFX Application Thread] DEBUG Input                - Clearing active input actions
13:41:13.995 [JavaFX Application Thread] DEBUG GameApplicationServi - Removing overlay from FXGLMainMenuDummyScene and adding to DawnseekerMenu
13:41:13.996 [FXGL Background Thread 4 ] DEBUG FXGLAssetLoaderServi - Loading from file system: jar:file:/C:/Users/narro/.m2/repository/com/github/almasb/fxgl/17.2/fxgl-17.2.jar!/fxglassets/ui/fonts/Abel-Regular.ttf
13:41:13.996 [JavaFX Application Thread] DEBUG PrimaryStageWindow   - FXGLMainMenuDummyScene -> DawnseekerMenu
13:41:14.013 [FXGL Background Thread 4 ] DEBUG FXGLAssetLoaderServi - Loading from file system: jar:file:/C:/Users/narro/.m2/repository/com/github/almasb/fxgl/17.2/fxgl-17.2.jar!/fxglassets/ui/fonts/TerminalLandMono-Regular.otf
13:41:14.035 [FXGL Background Thread 4 ] DEBUG FXGLAssetLoaderServi - Loading from file system: jar:file:/C:/Users/narro/.m2/repository/com/github/almasb/fxgl/17.2/fxgl-17.2.jar!/fxglassets/ui/fonts/Courier-Prime.ttf
13:41:14.060 [JavaFX Application Thread] DEBUG FXGLApplication      - Registering font factories with UI factory
13:41:14.544 [FXGL Background Thread 2 ] INFO  UpdaterService       - Your current version:  17.2
13:41:14.545 [FXGL Background Thread 2 ] INFO  UpdaterService       - Latest stable version: 17.3
13:41:15.194 [JavaFX Application Thread] DEBUG Menu                 - fireNewGame()
13:41:15.194 [JavaFX Application Thread] DEBUG GameApplicationServi - Starting new game
13:41:15.195 [JavaFX Application Thread] DEBUG PrimaryStageWindow   - Pop state: DawnseekerMenu
13:41:15.195 [JavaFX Application Thread] DEBUG Input                - Clearing active input actions
13:41:15.195 [JavaFX Application Thread] DEBUG GameApplicationServi - Removing overlay from DawnseekerMenu and adding to FXGLMainMenuDummyScene
13:41:15.196 [JavaFX Application Thread] DEBUG PrimaryStageWindow   - FXGLMainMenuDummyScene <- DawnseekerMenu
13:41:15.196 [JavaFX Application Thread] DEBUG Input                - Clearing active input actions
13:41:15.204 [JavaFX Application Thread] DEBUG GameApplicationServi - Removing overlay from FXGLMainMenuDummyScene and adding to FXGLLoadingScene
13:41:15.204 [JavaFX Application Thread] DEBUG PrimaryStageWindow   - FXGLMainMenuDummyScene -> FXGLLoadingScene
13:41:15.204 [JavaFX Application Thread] DEBUG GameApplicationServi - Clearing previous game
13:41:15.204 [JavaFX Application Thread] DEBUG GameScene            - Clearing game scene
13:41:15.204 [JavaFX Application Thread] DEBUG GameWorld            - Clearing game world
13:41:15.205 [JavaFX Application Thread] DEBUG PhysicsWorld         - Clearing physics world
13:41:15.206 [JavaFX Application Thread] DEBUG AudioPlayer          - Stopping music com.almasb.fxgl.audio.Music@5c2a10da
13:41:15.206 [FXGL Background Thread 2 ] DEBUG FXGLApplication      - Initializing game
13:41:15.216 [FXGL Background Thread 2 ] DEBUG FXGLAssetLoaderServi - Loading from file system: file:/C:/Users/narro/git/CS4900G2Proj2/Dawnseeker/target/classes/assets/music/heartache.mp3
13:41:15.219 [FXGL Background Thread 2 ] DEBUG AudioPlayer          - Playing music com.almasb.fxgl.audio.Music@867c8f9
13:41:15.243 [FXGL Background Thread 2 ] DEBUG FXGLAssetLoaderServi - Loading from file system: file:/C:/Users/narro/git/CS4900G2Proj2/Dawnseeker/target/classes/assets/textures/DawnseekerPCV2.png
13:41:15.246 [FXGL Background Thread 2 ] DEBUG FXGLAssetLoaderServi - Loading from file system: file:/C:/Users/narro/git/CS4900G2Proj2/Dawnseeker/target/classes/assets/textures/DawnseekerPCV2Down.png
13:41:15.247 [FXGL Background Thread 2 ] DEBUG FXGLAssetLoaderServi - Loading from file system: file:/C:/Users/narro/git/CS4900G2Proj2/Dawnseeker/target/classes/assets/textures/DawnseekerPCV2Up.png
13:41:15.249 [FXGL Background Thread 2 ] DEBUG FXGLAssetLoaderServi - Loading from file system: file:/C:/Users/narro/git/CS4900G2Proj2/Dawnseeker/target/classes/assets/textures/DawnseekerPCV2Right.png
13:41:15.254 [FXGL Background Thread 2 ] DEBUG FXGLAssetLoaderServi - Loading from file system: file:/C:/Users/narro/git/CS4900G2Proj2/Dawnseeker/target/classes/assets/textures/DawnseekerPCV2Left.png
13:41:15.278 [FXGL Background Thread 2 ] DEBUG FXGLAssetLoaderServi - Loading from file system: file:/C:/Users/narro/git/CS4900G2Proj2/Dawnseeker/target/classes/assets/textures/background.png
13:41:15.329 [FXGL Background Thread 2 ] WARN  GameWorld            - Entity is already attached to world
13:41:15.330 [FXGL Background Thread 2 ] DEBUG FXGLAssetLoaderServi - Loading from file system: file:/C:/Users/narro/git/CS4900G2Proj2/Dawnseeker/target/classes/assets/textures/Rock1.png
13:41:15.332 [FXGL Background Thread 2 ] WARN  Entity               - Entity already has component: com.almasb.fxgl.entity.components.CollidableComponent
13:41:15.332 [FXGL Background Thread 2 ] WARN  GameWorld            - Entity is already attached to world
13:41:15.333 [FXGL Background Thread 2 ] DEBUG FXGLAssetLoaderServi - Loading from file system: file:/C:/Users/narro/git/CS4900G2Proj2/Dawnseeker/target/classes/assets/textures/Rock2.png
13:41:15.334 [FXGL Background Thread 2 ] WARN  Entity               - Entity already has component: com.almasb.fxgl.entity.components.CollidableComponent
13:41:15.334 [FXGL Background Thread 2 ] WARN  GameWorld            - Entity is already attached to world
13:41:15.335 [FXGL Background Thread 2 ] DEBUG FXGLAssetLoaderServi - Loading from file system: file:/C:/Users/narro/git/CS4900G2Proj2/Dawnseeker/target/classes/assets/textures/BigRock1.png
13:41:15.337 [FXGL Background Thread 2 ] WARN  Entity               - Entity already has component: com.almasb.fxgl.entity.components.CollidableComponent
13:41:15.337 [FXGL Background Thread 2 ] WARN  GameWorld            - Entity is already attached to world
13:41:15.338 [FXGL Background Thread 2 ] DEBUG FXGLAssetLoaderServi - Loading from file system: file:/C:/Users/narro/git/CS4900G2Proj2/Dawnseeker/target/classes/assets/textures/Poison.gif
13:41:15.348 [FXGL Background Thread 2 ] WARN  GameWorld            - Entity is already attached to world
13:41:15.350 [FXGL Background Thread 2 ] DEBUG FXGLAssetLoaderServi - Loading from file system: file:/C:/Users/narro/git/CS4900G2Proj2/Dawnseeker/target/classes/assets/textures/AnimShop.png
13:41:15.351 [FXGL Background Thread 2 ] WARN  GameWorld            - Entity is already attached to world
13:41:15.385 [FXGL Background Thread 2 ] INFO  FXGLApplication      - Game initialization took: 0.179 sec
13:41:15.396 [JavaFX Application Thread] DEBUG Input                - Clearing active input actions
13:41:15.420 [JavaFX Application Thread] DEBUG GameApplicationServi - Removing overlay from FXGLLoadingScene and adding to GameScene
13:41:15.421 [JavaFX Application Thread] DEBUG PrimaryStageWindow   - FXGLLoadingScene -> GameScene
13:41:16.317 [JavaFX Application Thread] DEBUG FXGLAssetLoaderServi - Loading from file system: file:/C:/Users/narro/git/CS4900G2Proj2/Dawnseeker/target/classes/assets/textures/Skull.gif
13:41:16.330 [JavaFX Application Thread] DEBUG FXGLAssetLoaderServi - Loading from file system: file:/C:/Users/narro/git/CS4900G2Proj2/Dawnseeker/target/classes/assets/textures/Ghost.gif
13:41:16.839 [FXGL Background Thread 3 ] DEBUG Engine               - Logging environment variables
13:41:16.840 [FXGL Background Thread 3 ] DEBUG Engine               - achievements: []
13:41:16.840 [FXGL Background Thread 3 ] DEBUG Engine               - actualHeight: 823.0
13:41:16.840 [FXGL Background Thread 3 ] DEBUG Engine               - actualHeightProperty: ReadOnlyDoubleProperty [value: 823.0]
13:41:16.840 [FXGL Background Thread 3 ] DEBUG Engine               - actualWidth: 1439.0
13:41:16.840 [FXGL Background Thread 3 ] DEBUG Engine               - actualWidthProperty: ReadOnlyDoubleProperty [value: 1439.0]
13:41:16.840 [FXGL Background Thread 3 ] DEBUG Engine               - appIcon: fxgl_icon.png
13:41:16.841 [FXGL Background Thread 3 ] DEBUG Engine               - applicationMode: DEVELOPER
13:41:16.841 [FXGL Background Thread 3 ] DEBUG Engine               - cSSList: [fxgl_dark.css]
13:41:16.841 [FXGL Background Thread 3 ] DEBUG Engine               - collisionDetectionStrategy: BRUTE_FORCE
13:41:16.841 [FXGL Background Thread 3 ] DEBUG Engine               - configClass: Optional.empty
13:41:16.841 [FXGL Background Thread 3 ] DEBUG Engine               - credits: []
13:41:16.843 [FXGL Background Thread 3 ] DEBUG Engine               - defaultCursor: CursorInfo(imageName=fxgl_default_cursor.png, hotspotX=7.0, hotspotY=6.0)
13:41:16.844 [FXGL Background Thread 3 ] DEBUG Engine               - devBBoxColorProperty: ObjectProperty [value: 0xff0000ff]
13:41:16.844 [FXGL Background Thread 3 ] DEBUG Engine               - devEnableDebugCameraProperty: BooleanProperty [value: false]
13:41:16.845 [FXGL Background Thread 3 ] DEBUG Engine               - devSensorColorProperty: ObjectProperty [value: 0xffff00ff]
13:41:16.845 [FXGL Background Thread 3 ] DEBUG Engine               - devShowBBoxProperty: BooleanProperty [value: false]
13:41:16.845 [FXGL Background Thread 3 ] DEBUG Engine               - devShowPositionProperty: BooleanProperty [value: false]
13:41:16.845 [FXGL Background Thread 3 ] DEBUG Engine               - enabledMenuItems: []
13:41:16.845 [FXGL Background Thread 3 ] DEBUG Engine               - engineServices: [class com.almasb.fxgl.app.services.FXGLAssetLoaderService, class com.almasb.fxgl.app.FXGLApplication$GameApplicationService, class com.almasb.fxgl.app.services.FXGLDialogService, class com.almasb.fxgl.app.services.IOTaskExecutorService, class com.almasb.fxgl.io.FileSystemService, class com.almasb.fxgl.localization.LocalizationService, class com.almasb.fxgl.app.services.SystemBundleService, class com.almasb.fxgl.profile.SaveLoadService, class com.almasb.fxgl.ui.FXGLUIFactoryServiceProvider, class com.almasb.fxgl.ui.FXGLDialogFactoryServiceProvider, class com.almasb.fxgl.audio.AudioPlayer, class com.almasb.fxgl.notification.impl.NotificationServiceProvider, class com.almasb.fxgl.achievement.AchievementService, class com.almasb.fxgl.cutscene.CutsceneService, class com.almasb.fxgl.minigames.MiniGameService, class com.almasb.fxgl.net.NetService, class com.almasb.fxgl.app.services.UpdaterService, class com.almasb.fxgl.dev.DevService]
13:41:16.846 [FXGL Background Thread 3 ] DEBUG Engine               - fontGame: Abel-Regular.ttf
13:41:16.846 [FXGL Background Thread 3 ] DEBUG Engine               - fontMono: TerminalLandMono-Regular.otf
13:41:16.846 [FXGL Background Thread 3 ] DEBUG Engine               - fontText: Courier-Prime.ttf
13:41:16.846 [FXGL Background Thread 3 ] DEBUG Engine               - fontUI: VarelaRound-Regular.ttf
13:41:16.847 [FXGL Background Thread 3 ] DEBUG Engine               - fullScreen: BooleanProperty [value: false]
13:41:16.847 [FXGL Background Thread 3 ] DEBUG Engine               - gameDifficulty: MEDIUM
13:41:16.847 [FXGL Background Thread 3 ] DEBUG Engine               - gameDifficultyProperty: ObjectProperty [value: MEDIUM]
13:41:16.847 [FXGL Background Thread 3 ] DEBUG Engine               - globalMusicVolume: 0.5
13:41:16.848 [FXGL Background Thread 3 ] DEBUG Engine               - globalMusicVolumeProperty: DoubleProperty [value: 0.5]
13:41:16.848 [FXGL Background Thread 3 ] DEBUG Engine               - globalSoundVolume: 0.5
13:41:16.848 [FXGL Background Thread 3 ] DEBUG Engine               - globalSoundVolumeProperty: DoubleProperty [value: 0.5]
13:41:16.849 [FXGL Background Thread 3 ] DEBUG Engine               - height: 1080
13:41:16.849 [FXGL Background Thread 3 ] DEBUG Engine               - is3D: false
13:41:16.849 [FXGL Background Thread 3 ] DEBUG Engine               - isAndroid: false
13:41:16.849 [FXGL Background Thread 3 ] DEBUG Engine               - isBrowser: false
13:41:16.849 [FXGL Background Thread 3 ] DEBUG Engine               - isClickFeedbackEnabled: false
13:41:16.849 [FXGL Background Thread 3 ] DEBUG Engine               - isCloseConfirmation: false
13:41:16.849 [FXGL Background Thread 3 ] DEBUG Engine               - isDesktop: true
13:41:16.849 [FXGL Background Thread 3 ] DEBUG Engine               - isDeveloperMenuEnabled: false
13:41:16.849 [FXGL Background Thread 3 ] DEBUG Engine               - isEmbedded: false
13:41:16.850 [FXGL Background Thread 3 ] DEBUG Engine               - isEntityPreloadEnabled: true
13:41:16.850 [FXGL Background Thread 3 ] DEBUG Engine               - isExperimentalTiledLargeMap: false
13:41:16.850 [FXGL Background Thread 3 ] DEBUG Engine               - isFileSystemWriteAllowed: true
13:41:16.850 [FXGL Background Thread 3 ] DEBUG Engine               - isFullScreenAllowed: false
13:41:16.850 [FXGL Background Thread 3 ] DEBUG Engine               - isFullScreenFromStart: false
13:41:16.850 [FXGL Background Thread 3 ] DEBUG Engine               - isGameMenuEnabled: true
13:41:16.850 [FXGL Background Thread 3 ] DEBUG Engine               - isIOS: false
13:41:16.850 [FXGL Background Thread 3 ] DEBUG Engine               - isIntroEnabled: false
13:41:16.851 [FXGL Background Thread 3 ] DEBUG Engine               - isLinux: false
13:41:16.851 [FXGL Background Thread 3 ] DEBUG Engine               - isMac: false
13:41:16.851 [FXGL Background Thread 3 ] DEBUG Engine               - isMainMenuEnabled: true
13:41:16.851 [FXGL Background Thread 3 ] DEBUG Engine               - isManualResizeEnabled: false
13:41:16.851 [FXGL Background Thread 3 ] DEBUG Engine               - isMobile: false
13:41:16.851 [FXGL Background Thread 3 ] DEBUG Engine               - isNative: false
13:41:16.851 [FXGL Background Thread 3 ] DEBUG Engine               - isPauseMusicWhenMinimized: true
13:41:16.851 [FXGL Background Thread 3 ] DEBUG Engine               - isPreserveResizeRatio: false
13:41:16.851 [FXGL Background Thread 3 ] DEBUG Engine               - isProfilingEnabled: false
13:41:16.852 [FXGL Background Thread 3 ] DEBUG Engine               - isScaleAffectedOnResize: true
13:41:16.852 [FXGL Background Thread 3 ] DEBUG Engine               - isSingleStep: false
13:41:16.852 [FXGL Background Thread 3 ] DEBUG Engine               - isUserProfileEnabled: false
13:41:16.852 [FXGL Background Thread 3 ] DEBUG Engine               - isWindows: true
13:41:16.852 [FXGL Background Thread 3 ] DEBUG Engine               - language: ObjectProperty [value: ENGLISH]
13:41:16.852 [FXGL Background Thread 3 ] DEBUG Engine               - menuKey: ESCAPE
13:41:16.852 [FXGL Background Thread 3 ] DEBUG Engine               - mouseSensitivity: 0.2
13:41:16.852 [FXGL Background Thread 3 ] DEBUG Engine               - notificationViewClass: class com.almasb.fxgl.notification.view.XboxNotificationView
13:41:16.853 [FXGL Background Thread 3 ] DEBUG Engine               - pixelsPerMeter: 50.0
13:41:16.853 [FXGL Background Thread 3 ] DEBUG Engine               - platform: WINDOWS
13:41:16.853 [FXGL Background Thread 3 ] DEBUG Engine               - prefHeightProperty: ReadOnlyDoubleProperty [value: 1080.0]
13:41:16.853 [FXGL Background Thread 3 ] DEBUG Engine               - prefWidthProperty: ReadOnlyDoubleProperty [value: 1920.0]
13:41:16.853 [FXGL Background Thread 3 ] DEBUG Engine               - profileDir: profiles/
13:41:16.853 [FXGL Background Thread 3 ] DEBUG Engine               - profileName: StringProperty [value: DEFAULT]
13:41:16.853 [FXGL Background Thread 3 ] DEBUG Engine               - randomSeed: -1
13:41:16.854 [FXGL Background Thread 3 ] DEBUG Engine               - runtimeInfo: RuntimeInfo(platform=WINDOWS, version=17.2, build=20.08.2022 16.50)
13:41:16.854 [FXGL Background Thread 3 ] DEBUG Engine               - saveFileExt: sav
13:41:16.854 [FXGL Background Thread 3 ] DEBUG Engine               - scaledHeightProp$fxgl: DoubleProperty [bound, value: 823.0]
13:41:16.855 [FXGL Background Thread 3 ] DEBUG Engine               - scaledWidthProp$fxgl: DoubleProperty [bound, value: 1439.0]
13:41:16.855 [FXGL Background Thread 3 ] DEBUG Engine               - sceneFactory: myGame.DawnseekerApp$1@6ad09036
13:41:16.855 [FXGL Background Thread 3 ] DEBUG Engine               - secondsIn24h: 60
13:41:16.855 [FXGL Background Thread 3 ] DEBUG Engine               - soundMenuBack: menu/back.wav
13:41:16.855 [FXGL Background Thread 3 ] DEBUG Engine               - soundMenuPress: menu/press.wav
13:41:16.855 [FXGL Background Thread 3 ] DEBUG Engine               - soundMenuSelect: menu/select.wav
13:41:16.855 [FXGL Background Thread 3 ] DEBUG Engine               - soundNotification: core/notification.wav
13:41:16.855 [FXGL Background Thread 3 ] DEBUG Engine               - stageStyle: DECORATED
13:41:16.855 [FXGL Background Thread 3 ] DEBUG Engine               - supportedLanguages: [ENGLISH, FRENCH, GERMAN, HUNGARIAN, RUSSIAN]
13:41:16.856 [FXGL Background Thread 3 ] DEBUG Engine               - ticksPerSecond: -1
13:41:16.856 [FXGL Background Thread 3 ] DEBUG Engine               - title: Dawnseeker
13:41:16.856 [FXGL Background Thread 3 ] DEBUG Engine               - urlGithub: https://github.com/AlmasB/FXGL
13:41:16.856 [FXGL Background Thread 3 ] DEBUG Engine               - urlLeaderboard: http://fxgl-top.herokuapp.com/
13:41:16.856 [FXGL Background Thread 3 ] DEBUG Engine               - urlPOM: https://raw.githubusercontent.com/AlmasB/FXGL/release/README.md
13:41:16.856 [FXGL Background Thread 3 ] DEBUG Engine               - userAppClass: class myGame.DawnseekerApp
13:41:16.856 [FXGL Background Thread 3 ] DEBUG Engine               - version: 0.5
13:41:16.856 [FXGL Background Thread 3 ] DEBUG Engine               - versionCheckDays: 7
13:41:16.856 [FXGL Background Thread 3 ] DEBUG Engine               - width: 1920
13:41:16.857 [FXGL Background Thread 3 ] DEBUG Engine               - Logging services
13:41:16.857 [FXGL Background Thread 3 ] DEBUG Engine               - class com.almasb.fxgl.app.services.FXGLAssetLoaderService
13:41:16.857 [FXGL Background Thread 3 ] DEBUG Engine               - class com.almasb.fxgl.app.FXGLApplication$GameApplicationService
13:41:16.857 [FXGL Background Thread 3 ] DEBUG Engine               - class com.almasb.fxgl.app.services.FXGLDialogService
13:41:16.857 [FXGL Background Thread 3 ] DEBUG Engine               - class com.almasb.fxgl.app.services.IOTaskExecutorService
13:41:16.857 [FXGL Background Thread 3 ] DEBUG Engine               - class com.almasb.fxgl.io.FileSystemService
13:41:16.857 [FXGL Background Thread 3 ] DEBUG Engine               - class com.almasb.fxgl.localization.LocalizationService
13:41:16.857 [FXGL Background Thread 3 ] DEBUG Engine               - class com.almasb.fxgl.app.services.SystemBundleService
13:41:16.858 [FXGL Background Thread 3 ] DEBUG Engine               - class com.almasb.fxgl.profile.SaveLoadService
13:41:16.858 [FXGL Background Thread 3 ] DEBUG Engine               - class com.almasb.fxgl.ui.FXGLUIFactoryServiceProvider
13:41:16.858 [FXGL Background Thread 3 ] DEBUG Engine               - class com.almasb.fxgl.ui.FXGLDialogFactoryServiceProvider
13:41:16.858 [FXGL Background Thread 3 ] DEBUG Engine               - class com.almasb.fxgl.audio.AudioPlayer
13:41:16.858 [FXGL Background Thread 3 ] DEBUG Engine               - class com.almasb.fxgl.notification.impl.NotificationServiceProvider
13:41:16.858 [FXGL Background Thread 3 ] DEBUG Engine               - class com.almasb.fxgl.achievement.AchievementService
13:41:16.858 [FXGL Background Thread 3 ] DEBUG Engine               - class com.almasb.fxgl.cutscene.CutsceneService
13:41:16.858 [FXGL Background Thread 3 ] DEBUG Engine               - class com.almasb.fxgl.minigames.MiniGameService
13:41:16.858 [FXGL Background Thread 3 ] DEBUG Engine               - class com.almasb.fxgl.net.NetService
13:41:16.859 [FXGL Background Thread 3 ] DEBUG Engine               - class com.almasb.fxgl.app.services.UpdaterService
13:41:16.859 [FXGL Background Thread 3 ] DEBUG Engine               - class com.almasb.fxgl.dev.DevService
13:41:17.468 [JavaFX Application Thread] DEBUG FXGLAssetLoaderServi - Loading from file system: file:/C:/Users/narro/git/CS4900G2Proj2/Dawnseeker/target/classes/assets/sounds/store_jingle.wav
13:41:17.507 [JavaFX Application Thread] DEBUG PrimaryStageWindow   - Push state: ShopTest
13:41:17.507 [JavaFX Application Thread] DEBUG Input                - Clearing active input actions
13:41:17.509 [JavaFX Application Thread] DEBUG GameApplicationServi - Removing overlay from GameScene and adding to ShopTest
13:41:17.510 [JavaFX Application Thread] DEBUG PrimaryStageWindow   - GameScene -> ShopTest
13:41:17.510 [JavaFX Application Thread] DEBUG Input                - Registered new binding: Close Shop - F
13:41:18.223 [JavaFX Application Thread] DEBUG FXGLAssetLoaderServi - Loading from file system: file:/C:/Users/narro/git/CS4900G2Proj2/Dawnseeker/target/classes/assets/sounds/boom.wav
13:41:19.051 [JavaFX Application Thread] DEBUG PrimaryStageWindow   - Pop state: ShopTest
13:41:19.051 [JavaFX Application Thread] DEBUG Input                - Clearing active input actions
13:41:19.052 [JavaFX Application Thread] DEBUG GameApplicationServi - Removing overlay from ShopTest and adding to GameScene
13:41:19.052 [JavaFX Application Thread] DEBUG PrimaryStageWindow   - GameScene <- ShopTest
13:41:20.683 [JavaFX Application Thread] DEBUG FXGLAssetLoaderServi - Loading from file system: file:/C:/Users/narro/git/CS4900G2Proj2/Dawnseeker/target/classes/assets/sounds/magic_missile.wav
13:41:20.691 [JavaFX Application Thread] DEBUG FXGLAssetLoaderServi - Loading from file system: file:/C:/Users/narro/git/CS4900G2Proj2/Dawnseeker/target/classes/assets/textures/Fireball.gif
13:41:20.959 [JavaFX Application Thread] WARN  GameWorld            - Attempted to remove entity which is not active
13:41:20.964 [JavaFX Application Thread] DEBUG FXGLAssetLoaderServi - Loading from file system: file:/C:/Users/narro/git/CS4900G2Proj2/Dawnseeker/target/classes/assets/textures/PowerPotion.gif
13:41:20.969 [JavaFX Application Thread] DEBUG FXGLAssetLoaderServi - Loading from file system: file:/C:/Users/narro/git/CS4900G2Proj2/Dawnseeker/target/classes/assets/sounds/bong.wav
13:41:21.568 [JavaFX Application Thread] DEBUG FXGLAssetLoaderServi - Loading from file system: file:/C:/Users/narro/git/CS4900G2Proj2/Dawnseeker/target/classes/assets/textures/slime.gif
13:41:22.271 [JavaFX Application Thread] WARN  GameWorld            - Attempted to remove entity which is not active
13:41:22.274 [JavaFX Application Thread] DEBUG FXGLAssetLoaderServi - Loading from file system: file:/C:/Users/narro/git/CS4900G2Proj2/Dawnseeker/target/classes/assets/textures/Coin.gif
13:41:23.435 [JavaFX Application Thread] WARN  GameWorld            - Attempted to remove entity which is not active
13:41:23.642 [JavaFX Application Thread] WARN  GameWorld            - Attempted to remove entity which is not active
13:41:23.644 [JavaFX Application Thread] DEBUG FXGLAssetLoaderServi - Loading from file system: file:/C:/Users/narro/git/CS4900G2Proj2/Dawnseeker/target/classes/assets/textures/SpeedPotion.gif
13:41:23.802 [JavaFX Application Thread] WARN  GameWorld            - Attempted to remove entity which is not active
13:41:25.209 [JavaFX Application Thread] WARN  GameWorld            - Attempted to remove entity which is not active
13:41:25.403 [JavaFX Application Thread] WARN  GameWorld            - Attempted to remove entity which is not active
13:41:25.563 [JavaFX Application Thread] WARN  GameWorld            - Attempted to remove entity which is not active
13:41:25.725 [JavaFX Application Thread] WARN  GameWorld            - Attempted to remove entity which is not active
13:41:25.931 [JavaFX Application Thread] WARN  GameWorld            - Attempted to remove entity which is not active
13:41:26.073 [JavaFX Application Thread] WARN  GameWorld            - Attempted to remove entity which is not active
13:41:26.220 [JavaFX Application Thread] DEBUG FXGLAssetLoaderServi - Loading from file system: file:/C:/Users/narro/git/CS4900G2Proj2/Dawnseeker/target/classes/assets/sounds/coin_pickup.wav
13:41:27.607 [JavaFX Application Thread] DEBUG FXGLAssetLoaderServi - Loading from file system: file:/C:/Users/narro/git/CS4900G2Proj2/Dawnseeker/target/classes/assets/textures/FireBallProjectile.png
13:41:27.977 [JavaFX Application Thread] WARN  GameWorld            - Attempted to remove entity which is not active
13:41:27.994 [JavaFX Application Thread] WARN  GameWorld            - Attempted to remove entity which is not active
13:41:29.178 [JavaFX Application Thread] WARN  GameWorld            - Attempted to remove entity which is not active
13:41:29.883 [JavaFX Application Thread] WARN  GameWorld            - Attempted to remove entity which is not active
13:41:30.009 [JavaFX Application Thread] WARN  GameWorld            - Attempted to remove entity which is not active
13:41:33.609 [JavaFX Application Thread] WARN  GameWorld            - Attempted to remove entity which is not active
13:41:33.929 [JavaFX Application Thread] WARN  GameWorld            - Attempted to remove entity which is not active
13:41:34.653 [JavaFX Application Thread] WARN  GameWorld            - Attempted to remove entity which is not active
13:41:35.372 [JavaFX Application Thread] WARN  GameWorld            - Attempted to remove entity which is not active
13:41:35.771 [JavaFX Application Thread] WARN  GameWorld            - Attempted to remove entity which is not active
13:41:35.897 [JavaFX Application Thread] WARN  GameWorld            - Attempted to remove entity which is not active
13:41:38.969 [JavaFX Application Thread] WARN  GameWorld            - Attempted to remove entity which is not active
13:41:39.019 [JavaFX Application Thread] WARN  GameWorld            - Attempted to remove entity which is not active
13:41:39.835 [JavaFX Application Thread] WARN  GameWorld            - Attempted to remove entity which is not active
13:41:39.839 [JavaFX Application Thread] WARN  GameWorld            - Attempted to remove entity which is not active
13:41:39.913 [JavaFX Application Thread] WARN  GameWorld            - Attempted to remove entity which is not active
13:41:39.915 [JavaFX Application Thread] WARN  GameWorld            - Attempted to remove entity which is not active
13:41:40.409 [JavaFX Application Thread] WARN  GameWorld            - Attempted to remove entity which is not active
13:41:40.570 [JavaFX Application Thread] WARN  GameWorld            - Attempted to remove entity which is not active
13:41:40.729 [JavaFX Application Thread] WARN  GameWorld            - Attempted to remove entity which is not active
13:41:41.049 [JavaFX Application Thread] WARN  GameWorld            - Attempted to remove entity which is not active
13:41:41.066 [JavaFX Application Thread] WARN  GameWorld            - Attempted to remove entity which is not active
13:41:41.083 [JavaFX Application Thread] WARN  GameWorld            - Attempted to remove entity which is not active
13:41:42.609 [JavaFX Application Thread] DEBUG FXGLAssetLoaderServi - Loading from file system: file:/C:/Users/narro/git/CS4900G2Proj2/Dawnseeker/target/classes/assets/sounds/player_oof.wav
13:41:44.877 [JavaFX Application Thread] DEBUG FXGLAssetLoaderServi - Loading from file system: file:/C:/Users/narro/git/CS4900G2Proj2/Dawnseeker/target/classes/assets/sounds/yoda_death.wav
13:41:44.882 [JavaFX Application Thread] DEBUG AudioPlayer          - Stopping music com.almasb.fxgl.audio.Music@5c2a10da
13:41:44.883 [JavaFX Application Thread] DEBUG AudioPlayer          - Stopping music com.almasb.fxgl.audio.Music@867c8f9
13:41:44.916 [JavaFX Application Thread] DEBUG Input                - Clearing active input actions
13:41:44.923 [JavaFX Application Thread] DEBUG GameApplicationServi - Removing overlay from GameScene and adding to FXGLMainMenuDummyScene
13:41:44.923 [JavaFX Application Thread] DEBUG PrimaryStageWindow   - GameScene -> FXGLMainMenuDummyScene
13:41:44.924 [JavaFX Application Thread] DEBUG PrimaryStageWindow   - Push state: DawnseekerMenu
13:41:44.924 [JavaFX Application Thread] DEBUG Input                - Clearing active input actions
13:41:44.924 [JavaFX Application Thread] DEBUG GameApplicationServi - Removing overlay from FXGLMainMenuDummyScene and adding to DawnseekerMenu
13:41:44.924 [JavaFX Application Thread] DEBUG PrimaryStageWindow   - FXGLMainMenuDummyScene -> DawnseekerMenu
13:41:44.924 [JavaFX Application Thread] DEBUG AudioPlayer          - Playing music com.almasb.fxgl.audio.Music@5c2a10da
13:41:46.350 [JavaFX Application Thread] DEBUG FXGLApplication      - Exiting FXGL
13:41:46.350 [JavaFX Application Thread] DEBUG LoopRunner           - Stopping loop
13:41:46.350 [JavaFX Application Thread] DEBUG SystemBundleService  - Saving FXGL system data
13:41:46.352 [JavaFX Application Thread] DEBUG FileSystemAccess     - Writing to: C:\Users\narro\git\CS4900G2Proj2\Dawnseeker\system\fxgl.bundle
13:41:46.354 [JavaFX Application Thread] DEBUG Async                - Shutting down background threads
13:41:46.354 [JavaFX Application Thread] DEBUG PrimaryStageWindow   - Closing main window
13:41:46.366 [JavaFX Application Thread] DEBUG Logger               - Closing Logger
