11:03:39.455 [main                     ] DEBUG Logger               - Configured Logger
11:03:39.473 [main                     ] DEBUG GameApplication      - Logging settings
Title: Dawnseeker v.
Version: 0.0
Width: 800
Height: 600
Fullscreen: false
Intro: false
Profiling: false
Single step:false
App Mode: DEVELOPER
Menu Key: ESCAPE
Stage Style: DECORATED
Scene Factory: class com.almasb.fxgl.app.scene.SceneFactory

11:03:39.805 [JavaFX Application Thread] DEBUG FXGLApplication      - Initializing FXGL
11:03:39.816 [JavaFX Application Thread] INFO  Engine               - FXGL-17.2 (20.08.2022 16.50) on WINDOWS (J:19.0.2 FX:18)
11:03:39.816 [JavaFX Application Thread] DEBUG Engine               - JRE Vendor Name: Oracle Corporation
11:03:39.817 [JavaFX Application Thread] DEBUG Engine               - Running on OS: Windows 10 version 10.0
11:03:39.817 [JavaFX Application Thread] DEBUG Engine               - Architecture: amd64
11:03:39.817 [JavaFX Application Thread] INFO  Engine               - Source code and latest versions at: https://github.com/AlmasB/FXGL
11:03:39.817 [JavaFX Application Thread] INFO  Engine               -       Ask questions and discuss at: https://github.com/AlmasB/FXGL/discussions
11:03:39.818 [JavaFX Application Thread] INFO  Engine               -              Join the FXGL chat at: https://gitter.im/AlmasB/FXGL
11:03:39.951 [JavaFX Application Thread] DEBUG PrimaryStageWindow   - Creating a JavaFX scene
11:03:39.994 [JavaFX Application Thread] DEBUG PrimaryStageWindow   - Target settings size: 800.0 x 600.0
11:03:39.995 [JavaFX Application Thread] DEBUG PrimaryStageWindow   - Scaled scene size:    800.0 x 600.0
11:03:39.995 [JavaFX Application Thread] DEBUG PrimaryStageWindow   - Scaled ratio: (1.0, 1.0)
11:03:39.996 [JavaFX Application Thread] DEBUG PrimaryStageWindow   - Set initial scene to FXGLStartupScene
11:03:40.001 [JavaFX Application Thread] DEBUG PrimaryStageWindow   - Opening main window
11:03:40.102 [JavaFX Application Thread] DEBUG PrimaryStageWindow   - Window border size: (14.4000244140625, 37.5999755859375)
11:03:40.102 [JavaFX Application Thread] DEBUG PrimaryStageWindow   - Scaled size: 800.0 x 600.0
11:03:40.102 [JavaFX Application Thread] DEBUG PrimaryStageWindow   - Scaled ratio: (1.0, 1.0)
11:03:40.103 [JavaFX Application Thread] DEBUG PrimaryStageWindow   - Scene size: 800.0 x 600.0
11:03:40.103 [JavaFX Application Thread] DEBUG PrimaryStageWindow   - Stage size: 814.4000244140625 x 637.5999755859375
11:03:40.116 [FXGL Background Thread 1 ] DEBUG Engine               - Initializing environment variables
11:03:40.186 [FXGL Background Thread 1 ] DEBUG FXGLAssetLoaderServi - User app class for loading assets: class myGame.MainTest
11:03:40.186 [FXGL Background Thread 1 ] DEBUG GameApplicationServi - Applying CSS: fxgl_dark.css
11:03:40.188 [FXGL Background Thread 1 ] DEBUG FXGLAssetLoaderServi - Loading from file system: jar:file:/C:/Users/narro/.m2/repository/com/github/almasb/fxgl/17.2/fxgl-17.2.jar!/fxglassets/ui/css/fxgl_dark.css
11:03:40.249 [FXGL Background Thread 1 ] DEBUG GameApplicationServi - Initializing application scenes
11:03:40.299 [FXGL Background Thread 1 ] DEBUG GameWorld            - Game world initialized
11:03:40.364 [FXGL Background Thread 1 ] DEBUG PhysicsWorld         - Physics world initialized: appHeight=600, physics.ppm=50.0
11:03:40.364 [FXGL Background Thread 1 ] DEBUG PhysicsWorld         - Using strategy: BRUTE_FORCE
11:03:40.368 [FXGL Background Thread 1 ] DEBUG GameScene            - Game scene initialized: 800x600
11:03:40.385 [FXGL Background Thread 1 ] DEBUG FXGL.DefaultMenu     - createMenuBodyGameMenu()
11:03:40.403 [FXGL Background Thread 1 ] DEBUG FXGL.DefaultMenu     - createOptionsMenu()
11:03:40.413 [FXGL Background Thread 1 ] DEBUG FXGLAssetLoaderServi - Loading from file system: jar:file:/C:/Users/narro/.m2/repository/com/github/almasb/fxgl/17.2/fxgl-17.2.jar!/fxglassets/textures/particles/smoke.png
11:03:40.494 [FXGL Background Thread 1 ] DEBUG FXGLAssetLoaderServi - Loading from file system: jar:file:/C:/Users/narro/.m2/repository/com/github/almasb/fxgl/17.2/fxgl-17.2.jar!/fxglassets/textures/particles/trace_horizontal.png
11:03:40.514 [FXGL Background Thread 1 ] DEBUG GameApplicationServi - Application scenes initialized
11:03:40.524 [FXGL Background Thread 1 ] DEBUG SystemBundleService  - Loading FXGL system data
11:03:40.531 [FXGL Background Thread 1 ] DEBUG FileSystemAccess     - Reading from: C:\Users\narro\eclipse-workspace\Dawnseeker\system\fxgl.bundle
11:03:40.538 [FXGL Background Thread 1 ] DEBUG SystemBundleService  - Bundle FXGL: {}
11:03:40.538 [FXGL Background Thread 1 ] DEBUG UpdaterService       - Checking for updates
11:03:40.541 [FXGL Background Thread 4 ] DEBUG FXGLApplication      - Loading fonts
11:03:40.541 [FXGL Background Thread 4 ] DEBUG FXGLAssetLoaderServi - Loading from file system: jar:file:/C:/Users/narro/.m2/repository/com/github/almasb/fxgl/17.2/fxgl-17.2.jar!/fxglassets/ui/fonts/VarelaRound-Regular.ttf
11:03:40.541 [FXGL Background Thread 1 ] DEBUG FXGLApplication      - Loading default localization
11:03:40.542 [FXGL Background Thread 1 ] DEBUG FXGLAssetLoaderServi - Loading from file system: jar:file:/C:/Users/narro/.m2/repository/com/github/almasb/fxgl/17.2/fxgl-17.2.jar!/fxglassets/languages/english.lang
11:03:40.568 [FXGL Background Thread 1 ] INFO  FXGLApplication      - FXGL initialization took: 0.452 sec
11:03:40.570 [JavaFX Application Thread] DEBUG FXGLAssetLoaderServi - Loading from file system: jar:file:/C:/Users/narro/.m2/repository/com/github/almasb/fxgl/17.2/fxgl-17.2.jar!/fxglassets/textures/fxgl_icon.png
11:03:40.587 [JavaFX Application Thread] DEBUG FXGLAssetLoaderServi - Loading from file system: jar:file:/C:/Users/narro/.m2/repository/com/github/almasb/fxgl/17.2/fxgl-17.2.jar!/fxglassets/textures/fxgl_default_cursor.png
11:03:40.599 [JavaFX Application Thread] DEBUG Input                - Registered new binding: Screenshot - CTRL+8
11:03:40.600 [JavaFX Application Thread] DEBUG Input                - Registered new binding: System info dump - CTRL+9
11:03:40.601 [JavaFX Application Thread] DEBUG Input                - Registered new binding: Restart - CTRL+R
11:03:40.601 [JavaFX Application Thread] DEBUG Input                - Registered new binding: Toggle Debug Camera - CTRL+7
11:03:40.603 [JavaFX Application Thread] DEBUG LoopRunner           - Starting loop
11:03:40.603 [JavaFX Application Thread] DEBUG LoopRunner           - Initializing JavaFX AnimationTimerLoop
11:03:40.604 [JavaFX Application Thread] DEBUG GameApplicationServi - Starting new game
11:03:40.605 [JavaFX Application Thread] DEBUG Input                - Clearing active input actions
11:03:40.615 [JavaFX Application Thread] DEBUG GameApplicationServi - Removing overlay from FXGLStartupScene and adding to FXGLLoadingScene
11:03:40.616 [JavaFX Application Thread] DEBUG PrimaryStageWindow   - FXGLStartupScene -> FXGLLoadingScene
11:03:40.616 [JavaFX Application Thread] DEBUG GameApplicationServi - Clearing previous game
11:03:40.616 [JavaFX Application Thread] DEBUG GameScene            - Clearing game scene
11:03:40.616 [JavaFX Application Thread] DEBUG GameWorld            - Clearing game world
11:03:40.616 [JavaFX Application Thread] DEBUG PhysicsWorld         - Clearing physics world
11:03:40.618 [FXGL Background Thread 1 ] DEBUG FXGLApplication      - Initializing game
11:03:40.629 [FXGL Background Thread 1 ] INFO  FXGLApplication      - Game initialization took: 0.012 sec
11:03:40.630 [FXGL Background Thread 4 ] DEBUG FXGLAssetLoaderServi - Loading from file system: jar:file:/C:/Users/narro/.m2/repository/com/github/almasb/fxgl/17.2/fxgl-17.2.jar!/fxglassets/ui/fonts/Abel-Regular.ttf
11:03:40.641 [FXGL Background Thread 4 ] DEBUG FXGLAssetLoaderServi - Loading from file system: jar:file:/C:/Users/narro/.m2/repository/com/github/almasb/fxgl/17.2/fxgl-17.2.jar!/fxglassets/ui/fonts/TerminalLandMono-Regular.otf
11:03:40.652 [FXGL Background Thread 4 ] DEBUG FXGLAssetLoaderServi - Loading from file system: jar:file:/C:/Users/narro/.m2/repository/com/github/almasb/fxgl/17.2/fxgl-17.2.jar!/fxglassets/ui/fonts/Courier-Prime.ttf
11:03:40.666 [JavaFX Application Thread] DEBUG Input                - Clearing active input actions
11:03:40.681 [JavaFX Application Thread] DEBUG GameApplicationServi - Removing overlay from FXGLLoadingScene and adding to GameScene
11:03:40.682 [JavaFX Application Thread] DEBUG PrimaryStageWindow   - FXGLLoadingScene -> GameScene
11:03:40.683 [JavaFX Application Thread] DEBUG FXGLApplication      - Registering font factories with UI factory
11:03:41.784 [JavaFX Application Thread] DEBUG FXGLApplication      - Exiting FXGL
11:03:41.784 [JavaFX Application Thread] DEBUG LoopRunner           - Stopping loop
11:03:41.784 [JavaFX Application Thread] DEBUG SystemBundleService  - Saving FXGL system data
11:03:41.786 [JavaFX Application Thread] DEBUG FileSystemAccess     - Writing to: C:\Users\narro\eclipse-workspace\Dawnseeker\system\fxgl.bundle
11:03:41.788 [JavaFX Application Thread] DEBUG Async                - Shutting down background threads
11:03:41.789 [JavaFX Application Thread] DEBUG PrimaryStageWindow   - Closing main window
11:03:41.799 [JavaFX Application Thread] DEBUG Logger               - Closing Logger
