17:39:15.011 [main                     ] DEBUG Logger               - Configured Logger
17:39:15.047 [main                     ] DEBUG GameApplication      - Logging settings
Title: Dawnseeker
Version: 0.4
Width: 1024
Height: 1024
Fullscreen: false
Intro: false
Profiling: false
Single step:false
App Mode: DEVELOPER
Menu Key: ESCAPE
Stage Style: DECORATED
Scene Factory: class myGame.DawnseekerApp$1

17:39:15.556 [JavaFX Application Thread] DEBUG FXGLApplication      - Initializing FXGL
17:39:15.563 [JavaFX Application Thread] INFO  Engine               - FXGL-17.2 (20.08.2022 16.50) on WINDOWS (J:19.0.2 FX:18)
17:39:15.563 [JavaFX Application Thread] DEBUG Engine               - JRE Vendor Name: Oracle Corporation
17:39:15.564 [JavaFX Application Thread] DEBUG Engine               - Running on OS: Windows 10 version 10.0
17:39:15.564 [JavaFX Application Thread] DEBUG Engine               - Architecture: amd64
17:39:15.564 [JavaFX Application Thread] INFO  Engine               - Source code and latest versions at: https://github.com/AlmasB/FXGL
17:39:15.564 [JavaFX Application Thread] INFO  Engine               -       Ask questions and discuss at: https://github.com/AlmasB/FXGL/discussions
17:39:15.565 [JavaFX Application Thread] INFO  Engine               -              Join the FXGL chat at: https://gitter.im/AlmasB/FXGL
17:39:15.730 [JavaFX Application Thread] DEBUG PrimaryStageWindow   - Creating a JavaFX scene
17:39:15.730 [JavaFX Application Thread] DEBUG PrimaryStageWindow   - Target size > screen size
17:39:15.784 [JavaFX Application Thread] DEBUG PrimaryStageWindow   - Target settings size: 1024.0 x 1024.0
17:39:15.785 [JavaFX Application Thread] DEBUG PrimaryStageWindow   - Scaled scene size:    799.0 x 824.0
17:39:15.785 [JavaFX Application Thread] DEBUG PrimaryStageWindow   - Scaled ratio: (0.7802734375, 0.8046875)
17:39:15.786 [JavaFX Application Thread] DEBUG PrimaryStageWindow   - Set initial scene to FXGLStartupScene
17:39:15.795 [JavaFX Application Thread] DEBUG PrimaryStageWindow   - Opening main window
17:39:15.935 [JavaFX Application Thread] DEBUG PrimaryStageWindow   - Window border size: (14.5999755859375, 37.5999755859375)
17:39:15.935 [JavaFX Application Thread] DEBUG PrimaryStageWindow   - Scaled size: 799.0 x 824.0
17:39:15.936 [JavaFX Application Thread] DEBUG PrimaryStageWindow   - Scaled ratio: (0.7802734375, 0.8046875)
17:39:15.936 [JavaFX Application Thread] DEBUG PrimaryStageWindow   - Scene size: 799.0 x 824.0
17:39:15.937 [JavaFX Application Thread] DEBUG PrimaryStageWindow   - Stage size: 813.5999755859375 x 861.5999755859375
17:39:15.955 [FXGL Background Thread 1 ] DEBUG Engine               - Initializing environment variables
17:39:16.089 [FXGL Background Thread 1 ] DEBUG FXGLAssetLoaderServi - User app class for loading assets: class myGame.DawnseekerApp
17:39:16.090 [FXGL Background Thread 1 ] DEBUG GameApplicationServi - Applying CSS: fxgl_dark.css
17:39:16.094 [FXGL Background Thread 1 ] DEBUG FXGLAssetLoaderServi - Loading from file system: jar:file:/C:/Users/narro/.m2/repository/com/github/almasb/fxgl/17.2/fxgl-17.2.jar!/fxglassets/ui/css/fxgl_dark.css
17:39:16.184 [FXGL Background Thread 1 ] DEBUG GameApplicationServi - Initializing application scenes
17:39:16.238 [FXGL Background Thread 1 ] DEBUG GameWorld            - Game world initialized
17:39:16.321 [FXGL Background Thread 1 ] DEBUG PhysicsWorld         - Physics world initialized: appHeight=1024, physics.ppm=50.0
17:39:16.322 [FXGL Background Thread 1 ] DEBUG PhysicsWorld         - Using strategy: BRUTE_FORCE
17:39:16.328 [FXGL Background Thread 1 ] DEBUG GameScene            - Game scene initialized: 1024x1024
17:39:16.329 [FXGL Background Thread 1 ] DEBUG FXGLAssetLoaderServi - Loading from file system: file:/C:/Users/narro/git/CS4900G2Proj2/Dawnseeker/target/classes/assets/music/shop.mp3
17:39:16.502 [FXGL Background Thread 1 ] DEBUG AudioPlayer          - Playing music com.almasb.fxgl.audio.Music@3e6d01e0
17:39:16.549 [FXGL Background Thread 1 ] DEBUG FXGLAssetLoaderServi - Loading from file system: file:/C:/Users/narro/git/CS4900G2Proj2/Dawnseeker/target/classes/assets/textures/bg.png
17:39:16.734 [FXGL Background Thread 1 ] DEBUG FXGL.DefaultMenu     - createMenuBodyGameMenu()
17:39:16.752 [FXGL Background Thread 1 ] DEBUG FXGL.DefaultMenu     - createOptionsMenu()
17:39:16.761 [FXGL Background Thread 1 ] DEBUG FXGLAssetLoaderServi - Loading from file system: jar:file:/C:/Users/narro/.m2/repository/com/github/almasb/fxgl/17.2/fxgl-17.2.jar!/fxglassets/textures/particles/smoke.png
17:39:16.870 [FXGL Background Thread 1 ] DEBUG FXGLAssetLoaderServi - Loading from file system: jar:file:/C:/Users/narro/.m2/repository/com/github/almasb/fxgl/17.2/fxgl-17.2.jar!/fxglassets/textures/particles/trace_horizontal.png
17:39:16.896 [FXGL Background Thread 1 ] DEBUG GameApplicationServi - Application scenes initialized
17:39:16.912 [FXGL Background Thread 1 ] DEBUG SystemBundleService  - Loading FXGL system data
17:39:16.918 [FXGL Background Thread 1 ] DEBUG FileSystemAccess     - Reading from: C:\Users\narro\git\CS4900G2Proj2\Dawnseeker\system\fxgl.bundle
17:39:16.929 [FXGL Background Thread 1 ] DEBUG SystemBundleService  - Bundle FXGL: {}
17:39:16.929 [FXGL Background Thread 1 ] DEBUG UpdaterService       - Checking for updates
17:39:16.934 [FXGL Background Thread 4 ] DEBUG FXGLApplication      - Loading fonts
17:39:16.935 [FXGL Background Thread 4 ] DEBUG FXGLAssetLoaderServi - Loading from file system: jar:file:/C:/Users/narro/.m2/repository/com/github/almasb/fxgl/17.2/fxgl-17.2.jar!/fxglassets/ui/fonts/VarelaRound-Regular.ttf
17:39:16.935 [FXGL Background Thread 1 ] DEBUG FXGLApplication      - Loading default localization
17:39:16.936 [FXGL Background Thread 1 ] DEBUG FXGLAssetLoaderServi - Loading from file system: jar:file:/C:/Users/narro/.m2/repository/com/github/almasb/fxgl/17.2/fxgl-17.2.jar!/fxglassets/languages/english.lang
17:39:16.969 [FXGL Background Thread 1 ] INFO  FXGLApplication      - FXGL initialization took: 1.014 sec
17:39:16.978 [JavaFX Application Thread] DEBUG Input                - Registered new binding: action0 - LMB
17:39:16.988 [JavaFX Application Thread] DEBUG Input                - Registered new binding: Up - W
17:39:16.989 [JavaFX Application Thread] DEBUG Input                - Registered new binding: Down - S
17:39:16.989 [JavaFX Application Thread] DEBUG Input                - Registered new binding: Right - D
17:39:16.989 [JavaFX Application Thread] DEBUG Input                - Registered new binding: Left - A
17:39:16.991 [JavaFX Application Thread] DEBUG Input                - Registered new binding: Close Shop - F
17:39:16.993 [JavaFX Application Thread] DEBUG Input                - Registered new binding: Open Shop - F
17:39:16.994 [JavaFX Application Thread] DEBUG FXGLAssetLoaderServi - Loading from file system: jar:file:/C:/Users/narro/.m2/repository/com/github/almasb/fxgl/17.2/fxgl-17.2.jar!/fxglassets/textures/fxgl_icon.png
17:39:17.009 [JavaFX Application Thread] DEBUG FXGLAssetLoaderServi - Loading from file system: jar:file:/C:/Users/narro/.m2/repository/com/github/almasb/fxgl/17.2/fxgl-17.2.jar!/fxglassets/textures/fxgl_default_cursor.png
17:39:17.013 [JavaFX Application Thread] DEBUG Input                - Registered new binding: Screenshot - CTRL+8
17:39:17.014 [JavaFX Application Thread] DEBUG Input                - Registered new binding: System info dump - CTRL+9
17:39:17.015 [JavaFX Application Thread] DEBUG Input                - Registered new binding: Restart - CTRL+R
17:39:17.016 [JavaFX Application Thread] DEBUG Input                - Registered new binding: Toggle Debug Camera - CTRL+7
17:39:17.020 [JavaFX Application Thread] DEBUG LoopRunner           - Starting loop
17:39:17.021 [JavaFX Application Thread] DEBUG LoopRunner           - Initializing JavaFX AnimationTimerLoop
17:39:17.025 [JavaFX Application Thread] DEBUG Input                - Clearing active input actions
17:39:17.043 [JavaFX Application Thread] DEBUG GameApplicationServi - Removing overlay from FXGLStartupScene and adding to FXGLMainMenuDummyScene
17:39:17.044 [JavaFX Application Thread] DEBUG PrimaryStageWindow   - FXGLStartupScene -> FXGLMainMenuDummyScene
17:39:17.044 [JavaFX Application Thread] DEBUG PrimaryStageWindow   - Push state: DawnseekerMenu
17:39:17.044 [JavaFX Application Thread] DEBUG Input                - Clearing active input actions
17:39:17.050 [JavaFX Application Thread] DEBUG GameApplicationServi - Removing overlay from FXGLMainMenuDummyScene and adding to DawnseekerMenu
17:39:17.051 [JavaFX Application Thread] DEBUG PrimaryStageWindow   - FXGLMainMenuDummyScene -> DawnseekerMenu
17:39:17.064 [FXGL Background Thread 4 ] DEBUG FXGLAssetLoaderServi - Loading from file system: jar:file:/C:/Users/narro/.m2/repository/com/github/almasb/fxgl/17.2/fxgl-17.2.jar!/fxglassets/ui/fonts/Abel-Regular.ttf
17:39:17.082 [FXGL Background Thread 4 ] DEBUG FXGLAssetLoaderServi - Loading from file system: jar:file:/C:/Users/narro/.m2/repository/com/github/almasb/fxgl/17.2/fxgl-17.2.jar!/fxglassets/ui/fonts/TerminalLandMono-Regular.otf
17:39:17.100 [FXGL Background Thread 4 ] DEBUG FXGLAssetLoaderServi - Loading from file system: jar:file:/C:/Users/narro/.m2/repository/com/github/almasb/fxgl/17.2/fxgl-17.2.jar!/fxglassets/ui/fonts/Courier-Prime.ttf
17:39:17.119 [JavaFX Application Thread] DEBUG FXGLApplication      - Registering font factories with UI factory
17:39:17.705 [FXGL Background Thread 2 ] INFO  UpdaterService       - Your current version:  17.2
17:39:17.706 [FXGL Background Thread 2 ] INFO  UpdaterService       - Latest stable version: 17.3
17:39:18.988 [JavaFX Application Thread] DEBUG Menu                 - fireNewGame()
17:39:18.988 [JavaFX Application Thread] DEBUG GameApplicationServi - Starting new game
17:39:18.988 [JavaFX Application Thread] DEBUG PrimaryStageWindow   - Pop state: DawnseekerMenu
17:39:18.989 [JavaFX Application Thread] DEBUG Input                - Clearing active input actions
17:39:18.990 [JavaFX Application Thread] DEBUG GameApplicationServi - Removing overlay from DawnseekerMenu and adding to FXGLMainMenuDummyScene
17:39:18.991 [JavaFX Application Thread] DEBUG PrimaryStageWindow   - FXGLMainMenuDummyScene <- DawnseekerMenu
17:39:18.992 [JavaFX Application Thread] DEBUG Input                - Clearing active input actions
17:39:19.013 [JavaFX Application Thread] DEBUG GameApplicationServi - Removing overlay from FXGLMainMenuDummyScene and adding to FXGLLoadingScene
17:39:19.013 [JavaFX Application Thread] DEBUG PrimaryStageWindow   - FXGLMainMenuDummyScene -> FXGLLoadingScene
17:39:19.014 [JavaFX Application Thread] DEBUG GameApplicationServi - Clearing previous game
17:39:19.014 [JavaFX Application Thread] DEBUG GameScene            - Clearing game scene
17:39:19.014 [JavaFX Application Thread] DEBUG GameWorld            - Clearing game world
17:39:19.014 [JavaFX Application Thread] DEBUG PhysicsWorld         - Clearing physics world
17:39:19.022 [JavaFX Application Thread] DEBUG AudioPlayer          - Stopping music com.almasb.fxgl.audio.Music@3e6d01e0
17:39:19.022 [FXGL Background Thread 2 ] DEBUG FXGLApplication      - Initializing game
17:39:19.039 [FXGL Background Thread 2 ] DEBUG FXGLAssetLoaderServi - Loading from file system: file:/C:/Users/narro/git/CS4900G2Proj2/Dawnseeker/target/classes/assets/music/heartache.mp3
17:39:19.046 [FXGL Background Thread 2 ] DEBUG AudioPlayer          - Playing music com.almasb.fxgl.audio.Music@5023797c
17:39:19.109 [FXGL Background Thread 2 ] DEBUG FXGLAssetLoaderServi - Loading from file system: file:/C:/Users/narro/git/CS4900G2Proj2/Dawnseeker/target/classes/assets/textures/DawnseekerPCV2.png
17:39:19.134 [FXGL Background Thread 2 ] DEBUG FXGLAssetLoaderServi - Loading from file system: file:/C:/Users/narro/git/CS4900G2Proj2/Dawnseeker/target/classes/assets/textures/DawnseekerPCV2Down.png
17:39:19.148 [FXGL Background Thread 2 ] DEBUG FXGLAssetLoaderServi - Loading from file system: file:/C:/Users/narro/git/CS4900G2Proj2/Dawnseeker/target/classes/assets/textures/DawnseekerPCV2Up.png
17:39:19.157 [FXGL Background Thread 2 ] DEBUG FXGLAssetLoaderServi - Loading from file system: file:/C:/Users/narro/git/CS4900G2Proj2/Dawnseeker/target/classes/assets/textures/DawnseekerPCV2Right.png
17:39:19.162 [FXGL Background Thread 2 ] DEBUG FXGLAssetLoaderServi - Loading from file system: file:/C:/Users/narro/git/CS4900G2Proj2/Dawnseeker/target/classes/assets/textures/DawnseekerPCV2Left.png
17:39:19.217 [FXGL Background Thread 2 ] WARN  GameWorld            - Entity is already attached to world
17:39:19.219 [FXGL Background Thread 2 ] WARN  Entity               - Entity already has component: com.almasb.fxgl.entity.components.CollidableComponent
17:39:19.220 [FXGL Background Thread 2 ] WARN  GameWorld            - Entity is already attached to world
17:39:19.222 [FXGL Background Thread 2 ] WARN  Entity               - Entity already has component: com.almasb.fxgl.entity.components.CollidableComponent
17:39:19.222 [FXGL Background Thread 2 ] WARN  GameWorld            - Entity is already attached to world
17:39:19.224 [FXGL Background Thread 2 ] WARN  Entity               - Entity already has component: com.almasb.fxgl.entity.components.CollidableComponent
17:39:19.224 [FXGL Background Thread 2 ] WARN  GameWorld            - Entity is already attached to world
17:39:19.227 [FXGL Background Thread 2 ] WARN  Entity               - Entity already has component: com.almasb.fxgl.entity.components.CollidableComponent
17:39:19.227 [FXGL Background Thread 2 ] WARN  GameWorld            - Entity is already attached to world
17:39:19.228 [FXGL Background Thread 2 ] WARN  GameWorld            - Entity is already attached to world
17:39:19.230 [FXGL Background Thread 2 ] WARN  GameWorld            - Entity is already attached to world
17:39:19.254 [FXGL Background Thread 2 ] INFO  FXGLApplication      - Game initialization took: 0.233 sec
17:39:19.262 [JavaFX Application Thread] DEBUG Input                - Clearing active input actions
17:39:19.298 [JavaFX Application Thread] DEBUG GameApplicationServi - Removing overlay from FXGLLoadingScene and adding to GameScene
17:39:19.299 [JavaFX Application Thread] DEBUG PrimaryStageWindow   - FXGLLoadingScene -> GameScene
17:39:19.934 [FXGL Background Thread 3 ] DEBUG Engine               - Logging environment variables
17:39:19.935 [FXGL Background Thread 3 ] DEBUG Engine               - achievements: []
17:39:19.935 [FXGL Background Thread 3 ] DEBUG Engine               - actualHeight: 824.0
17:39:19.936 [FXGL Background Thread 3 ] DEBUG Engine               - actualHeightProperty: ReadOnlyDoubleProperty [value: 824.0]
17:39:19.936 [FXGL Background Thread 3 ] DEBUG Engine               - actualWidth: 799.0
17:39:19.936 [FXGL Background Thread 3 ] DEBUG Engine               - actualWidthProperty: ReadOnlyDoubleProperty [value: 799.0]
17:39:19.937 [FXGL Background Thread 3 ] DEBUG Engine               - appIcon: fxgl_icon.png
17:39:19.937 [FXGL Background Thread 3 ] DEBUG Engine               - applicationMode: DEVELOPER
17:39:19.937 [FXGL Background Thread 3 ] DEBUG Engine               - cSSList: [fxgl_dark.css]
17:39:19.937 [FXGL Background Thread 3 ] DEBUG Engine               - collisionDetectionStrategy: BRUTE_FORCE
17:39:19.937 [FXGL Background Thread 3 ] DEBUG Engine               - configClass: Optional.empty
17:39:19.937 [FXGL Background Thread 3 ] DEBUG Engine               - credits: []
17:39:19.938 [FXGL Background Thread 3 ] DEBUG Engine               - defaultCursor: CursorInfo(imageName=fxgl_default_cursor.png, hotspotX=7.0, hotspotY=6.0)
17:39:19.939 [FXGL Background Thread 3 ] DEBUG Engine               - devBBoxColorProperty: ObjectProperty [value: 0xff0000ff]
17:39:19.939 [FXGL Background Thread 3 ] DEBUG Engine               - devEnableDebugCameraProperty: BooleanProperty [value: false]
17:39:19.940 [FXGL Background Thread 3 ] DEBUG Engine               - devSensorColorProperty: ObjectProperty [value: 0xffff00ff]
17:39:19.940 [FXGL Background Thread 3 ] DEBUG Engine               - devShowBBoxProperty: BooleanProperty [value: false]
17:39:19.940 [FXGL Background Thread 3 ] DEBUG Engine               - devShowPositionProperty: BooleanProperty [value: false]
17:39:19.940 [FXGL Background Thread 3 ] DEBUG Engine               - enabledMenuItems: []
17:39:19.940 [FXGL Background Thread 3 ] DEBUG Engine               - engineServices: [class com.almasb.fxgl.app.services.FXGLAssetLoaderService, class com.almasb.fxgl.app.FXGLApplication$GameApplicationService, class com.almasb.fxgl.app.services.FXGLDialogService, class com.almasb.fxgl.app.services.IOTaskExecutorService, class com.almasb.fxgl.io.FileSystemService, class com.almasb.fxgl.localization.LocalizationService, class com.almasb.fxgl.app.services.SystemBundleService, class com.almasb.fxgl.profile.SaveLoadService, class com.almasb.fxgl.ui.FXGLUIFactoryServiceProvider, class com.almasb.fxgl.ui.FXGLDialogFactoryServiceProvider, class com.almasb.fxgl.audio.AudioPlayer, class com.almasb.fxgl.notification.impl.NotificationServiceProvider, class com.almasb.fxgl.achievement.AchievementService, class com.almasb.fxgl.cutscene.CutsceneService, class com.almasb.fxgl.minigames.MiniGameService, class com.almasb.fxgl.net.NetService, class com.almasb.fxgl.app.services.UpdaterService, class com.almasb.fxgl.dev.DevService]
17:39:19.941 [FXGL Background Thread 3 ] DEBUG Engine               - fontGame: Abel-Regular.ttf
17:39:19.941 [FXGL Background Thread 3 ] DEBUG Engine               - fontMono: TerminalLandMono-Regular.otf
17:39:19.941 [FXGL Background Thread 3 ] DEBUG Engine               - fontText: Courier-Prime.ttf
17:39:19.941 [FXGL Background Thread 3 ] DEBUG Engine               - fontUI: VarelaRound-Regular.ttf
17:39:19.941 [FXGL Background Thread 3 ] DEBUG Engine               - fullScreen: BooleanProperty [value: false]
17:39:19.942 [FXGL Background Thread 3 ] DEBUG Engine               - gameDifficulty: MEDIUM
17:39:19.942 [FXGL Background Thread 3 ] DEBUG Engine               - gameDifficultyProperty: ObjectProperty [value: MEDIUM]
17:39:19.942 [FXGL Background Thread 3 ] DEBUG Engine               - globalMusicVolume: 0.5
17:39:19.942 [FXGL Background Thread 3 ] DEBUG Engine               - globalMusicVolumeProperty: DoubleProperty [value: 0.5]
17:39:19.942 [FXGL Background Thread 3 ] DEBUG Engine               - globalSoundVolume: 0.5
17:39:19.943 [FXGL Background Thread 3 ] DEBUG Engine               - globalSoundVolumeProperty: DoubleProperty [value: 0.5]
17:39:19.943 [FXGL Background Thread 3 ] DEBUG Engine               - height: 1024
17:39:19.943 [FXGL Background Thread 3 ] DEBUG Engine               - is3D: false
17:39:19.943 [FXGL Background Thread 3 ] DEBUG Engine               - isAndroid: false
17:39:19.943 [FXGL Background Thread 3 ] DEBUG Engine               - isBrowser: false
17:39:19.944 [FXGL Background Thread 3 ] DEBUG Engine               - isClickFeedbackEnabled: false
17:39:19.944 [FXGL Background Thread 3 ] DEBUG Engine               - isCloseConfirmation: false
17:39:19.944 [FXGL Background Thread 3 ] DEBUG Engine               - isDesktop: true
17:39:19.944 [FXGL Background Thread 3 ] DEBUG Engine               - isDeveloperMenuEnabled: false
17:39:19.945 [FXGL Background Thread 3 ] DEBUG Engine               - isEmbedded: false
17:39:19.945 [FXGL Background Thread 3 ] DEBUG Engine               - isEntityPreloadEnabled: true
17:39:19.945 [FXGL Background Thread 3 ] DEBUG Engine               - isExperimentalTiledLargeMap: false
17:39:19.945 [FXGL Background Thread 3 ] DEBUG Engine               - isFileSystemWriteAllowed: true
17:39:19.945 [FXGL Background Thread 3 ] DEBUG Engine               - isFullScreenAllowed: false
17:39:19.946 [FXGL Background Thread 3 ] DEBUG Engine               - isFullScreenFromStart: false
17:39:19.946 [FXGL Background Thread 3 ] DEBUG Engine               - isGameMenuEnabled: true
17:39:19.946 [FXGL Background Thread 3 ] DEBUG Engine               - isIOS: false
17:39:19.946 [FXGL Background Thread 3 ] DEBUG Engine               - isIntroEnabled: false
17:39:19.946 [FXGL Background Thread 3 ] DEBUG Engine               - isLinux: false
17:39:19.947 [FXGL Background Thread 3 ] DEBUG Engine               - isMac: false
17:39:19.947 [FXGL Background Thread 3 ] DEBUG Engine               - isMainMenuEnabled: true
17:39:19.947 [FXGL Background Thread 3 ] DEBUG Engine               - isManualResizeEnabled: false
17:39:19.947 [FXGL Background Thread 3 ] DEBUG Engine               - isMobile: false
17:39:19.948 [FXGL Background Thread 3 ] DEBUG Engine               - isNative: false
17:39:19.948 [FXGL Background Thread 3 ] DEBUG Engine               - isPauseMusicWhenMinimized: true
17:39:19.948 [FXGL Background Thread 3 ] DEBUG Engine               - isPreserveResizeRatio: false
17:39:19.948 [FXGL Background Thread 3 ] DEBUG Engine               - isProfilingEnabled: false
17:39:19.948 [FXGL Background Thread 3 ] DEBUG Engine               - isScaleAffectedOnResize: true
17:39:19.949 [FXGL Background Thread 3 ] DEBUG Engine               - isSingleStep: false
17:39:19.949 [FXGL Background Thread 3 ] DEBUG Engine               - isUserProfileEnabled: false
17:39:19.949 [FXGL Background Thread 3 ] DEBUG Engine               - isWindows: true
17:39:19.949 [FXGL Background Thread 3 ] DEBUG Engine               - language: ObjectProperty [value: ENGLISH]
17:39:19.949 [FXGL Background Thread 3 ] DEBUG Engine               - menuKey: ESCAPE
17:39:19.950 [FXGL Background Thread 3 ] DEBUG Engine               - mouseSensitivity: 0.2
17:39:19.950 [FXGL Background Thread 3 ] DEBUG Engine               - notificationViewClass: class com.almasb.fxgl.notification.view.XboxNotificationView
17:39:19.950 [FXGL Background Thread 3 ] DEBUG Engine               - pixelsPerMeter: 50.0
17:39:19.950 [FXGL Background Thread 3 ] DEBUG Engine               - platform: WINDOWS
17:39:19.950 [FXGL Background Thread 3 ] DEBUG Engine               - prefHeightProperty: ReadOnlyDoubleProperty [value: 1024.0]
17:39:19.951 [FXGL Background Thread 3 ] DEBUG Engine               - prefWidthProperty: ReadOnlyDoubleProperty [value: 1024.0]
17:39:19.951 [FXGL Background Thread 3 ] DEBUG Engine               - profileDir: profiles/
17:39:19.951 [FXGL Background Thread 3 ] DEBUG Engine               - profileName: StringProperty [value: DEFAULT]
17:39:19.951 [FXGL Background Thread 3 ] DEBUG Engine               - randomSeed: -1
17:39:19.952 [FXGL Background Thread 3 ] DEBUG Engine               - runtimeInfo: RuntimeInfo(platform=WINDOWS, version=17.2, build=20.08.2022 16.50)
17:39:19.953 [FXGL Background Thread 3 ] DEBUG Engine               - saveFileExt: sav
17:39:19.953 [FXGL Background Thread 3 ] DEBUG Engine               - scaledHeightProp$fxgl: DoubleProperty [bound, value: 824.0]
17:39:19.953 [FXGL Background Thread 3 ] DEBUG Engine               - scaledWidthProp$fxgl: DoubleProperty [bound, value: 799.0]
17:39:19.953 [FXGL Background Thread 3 ] DEBUG Engine               - sceneFactory: myGame.DawnseekerApp$1@7c36b156
17:39:19.953 [FXGL Background Thread 3 ] DEBUG Engine               - secondsIn24h: 60
17:39:19.954 [FXGL Background Thread 3 ] DEBUG Engine               - soundMenuBack: menu/back.wav
17:39:19.954 [FXGL Background Thread 3 ] DEBUG Engine               - soundMenuPress: menu/press.wav
17:39:19.954 [FXGL Background Thread 3 ] DEBUG Engine               - soundMenuSelect: menu/select.wav
17:39:19.954 [FXGL Background Thread 3 ] DEBUG Engine               - soundNotification: core/notification.wav
17:39:19.954 [FXGL Background Thread 3 ] DEBUG Engine               - stageStyle: DECORATED
17:39:19.955 [FXGL Background Thread 3 ] DEBUG Engine               - supportedLanguages: [ENGLISH, FRENCH, GERMAN, HUNGARIAN, RUSSIAN]
17:39:19.955 [FXGL Background Thread 3 ] DEBUG Engine               - ticksPerSecond: -1
17:39:19.955 [FXGL Background Thread 3 ] DEBUG Engine               - title: Dawnseeker
17:39:19.955 [FXGL Background Thread 3 ] DEBUG Engine               - urlGithub: https://github.com/AlmasB/FXGL
17:39:19.955 [FXGL Background Thread 3 ] DEBUG Engine               - urlLeaderboard: http://fxgl-top.herokuapp.com/
17:39:19.956 [FXGL Background Thread 3 ] DEBUG Engine               - urlPOM: https://raw.githubusercontent.com/AlmasB/FXGL/release/README.md
17:39:19.956 [FXGL Background Thread 3 ] DEBUG Engine               - userAppClass: class myGame.DawnseekerApp
17:39:19.956 [FXGL Background Thread 3 ] DEBUG Engine               - version: 0.4
17:39:19.956 [FXGL Background Thread 3 ] DEBUG Engine               - versionCheckDays: 7
17:39:19.956 [FXGL Background Thread 3 ] DEBUG Engine               - width: 1024
17:39:19.957 [FXGL Background Thread 3 ] DEBUG Engine               - Logging services
17:39:19.957 [FXGL Background Thread 3 ] DEBUG Engine               - class com.almasb.fxgl.app.services.FXGLAssetLoaderService
17:39:19.957 [FXGL Background Thread 3 ] DEBUG Engine               - class com.almasb.fxgl.app.FXGLApplication$GameApplicationService
17:39:19.957 [FXGL Background Thread 3 ] DEBUG Engine               - class com.almasb.fxgl.app.services.FXGLDialogService
17:39:19.957 [FXGL Background Thread 3 ] DEBUG Engine               - class com.almasb.fxgl.app.services.IOTaskExecutorService
17:39:19.957 [FXGL Background Thread 3 ] DEBUG Engine               - class com.almasb.fxgl.io.FileSystemService
17:39:19.957 [FXGL Background Thread 3 ] DEBUG Engine               - class com.almasb.fxgl.localization.LocalizationService
17:39:19.958 [FXGL Background Thread 3 ] DEBUG Engine               - class com.almasb.fxgl.app.services.SystemBundleService
17:39:19.958 [FXGL Background Thread 3 ] DEBUG Engine               - class com.almasb.fxgl.profile.SaveLoadService
17:39:19.958 [FXGL Background Thread 3 ] DEBUG Engine               - class com.almasb.fxgl.ui.FXGLUIFactoryServiceProvider
17:39:19.958 [FXGL Background Thread 3 ] DEBUG Engine               - class com.almasb.fxgl.ui.FXGLDialogFactoryServiceProvider
17:39:19.958 [FXGL Background Thread 3 ] DEBUG Engine               - class com.almasb.fxgl.audio.AudioPlayer
17:39:19.958 [FXGL Background Thread 3 ] DEBUG Engine               - class com.almasb.fxgl.notification.impl.NotificationServiceProvider
17:39:19.959 [FXGL Background Thread 3 ] DEBUG Engine               - class com.almasb.fxgl.achievement.AchievementService
17:39:19.959 [FXGL Background Thread 3 ] DEBUG Engine               - class com.almasb.fxgl.cutscene.CutsceneService
17:39:19.959 [FXGL Background Thread 3 ] DEBUG Engine               - class com.almasb.fxgl.minigames.MiniGameService
17:39:19.959 [FXGL Background Thread 3 ] DEBUG Engine               - class com.almasb.fxgl.net.NetService
17:39:19.959 [FXGL Background Thread 3 ] DEBUG Engine               - class com.almasb.fxgl.app.services.UpdaterService
17:39:19.959 [FXGL Background Thread 3 ] DEBUG Engine               - class com.almasb.fxgl.dev.DevService
17:39:20.276 [JavaFX Application Thread] DEBUG FXGLAssetLoaderServi - Loading from file system: file:/C:/Users/narro/git/CS4900G2Proj2/Dawnseeker/target/classes/assets/textures/EnemyDawnseeker.png
17:39:20.286 [JavaFX Application Thread] DEBUG FXGLAssetLoaderServi - Loading from file system: file:/C:/Users/narro/git/CS4900G2Proj2/Dawnseeker/target/classes/assets/textures/sussy.gif
17:39:22.905 [JavaFX Application Thread] DEBUG FXGLAssetLoaderServi - Loading from file system: file:/C:/Users/narro/git/CS4900G2Proj2/Dawnseeker/target/classes/assets/sounds/player_oof.wav
17:39:24.019 [JavaFX Application Thread] DEBUG FXGLAssetLoaderServi - Loading from file system: file:/C:/Users/narro/git/CS4900G2Proj2/Dawnseeker/target/classes/assets/sounds/yoda_death.wav
17:39:24.023 [JavaFX Application Thread] DEBUG AudioPlayer          - Stopping music com.almasb.fxgl.audio.Music@3e6d01e0
17:39:24.024 [JavaFX Application Thread] DEBUG AudioPlayer          - Stopping music com.almasb.fxgl.audio.Music@5023797c
17:39:24.024 [JavaFX Application Thread] DEBUG Input                - Clearing active input actions
17:39:24.035 [JavaFX Application Thread] DEBUG GameApplicationServi - Removing overlay from GameScene and adding to FXGLMainMenuDummyScene
17:39:24.036 [JavaFX Application Thread] DEBUG PrimaryStageWindow   - GameScene -> FXGLMainMenuDummyScene
17:39:24.036 [JavaFX Application Thread] DEBUG PrimaryStageWindow   - Push state: DawnseekerMenu
17:39:24.036 [JavaFX Application Thread] DEBUG Input                - Clearing active input actions
17:39:24.037 [JavaFX Application Thread] DEBUG GameApplicationServi - Removing overlay from FXGLMainMenuDummyScene and adding to DawnseekerMenu
17:39:24.037 [JavaFX Application Thread] DEBUG PrimaryStageWindow   - FXGLMainMenuDummyScene -> DawnseekerMenu
17:39:24.037 [JavaFX Application Thread] DEBUG AudioPlayer          - Playing music com.almasb.fxgl.audio.Music@3e6d01e0
17:39:26.526 [JavaFX Application Thread] DEBUG Menu                 - fireNewGame()
17:39:26.526 [JavaFX Application Thread] DEBUG GameApplicationServi - Starting new game
17:39:26.526 [JavaFX Application Thread] DEBUG PrimaryStageWindow   - Pop state: DawnseekerMenu
17:39:26.526 [JavaFX Application Thread] DEBUG Input                - Clearing active input actions
17:39:26.527 [JavaFX Application Thread] DEBUG GameApplicationServi - Removing overlay from DawnseekerMenu and adding to FXGLMainMenuDummyScene
17:39:26.528 [JavaFX Application Thread] DEBUG PrimaryStageWindow   - FXGLMainMenuDummyScene <- DawnseekerMenu
17:39:26.528 [JavaFX Application Thread] DEBUG Input                - Clearing active input actions
17:39:26.542 [JavaFX Application Thread] DEBUG GameApplicationServi - Removing overlay from FXGLMainMenuDummyScene and adding to FXGLLoadingScene
17:39:26.543 [JavaFX Application Thread] DEBUG PrimaryStageWindow   - FXGLMainMenuDummyScene -> FXGLLoadingScene
17:39:26.543 [JavaFX Application Thread] DEBUG GameApplicationServi - Clearing previous game
17:39:26.543 [JavaFX Application Thread] DEBUG GameScene            - Clearing game scene
17:39:26.543 [JavaFX Application Thread] DEBUG GameWorld            - Clearing game world
17:39:26.553 [JavaFX Application Thread] DEBUG PhysicsWorld         - Clearing physics world
17:39:26.554 [JavaFX Application Thread] DEBUG AudioPlayer          - Stopping music com.almasb.fxgl.audio.Music@3e6d01e0
17:39:26.554 [FXGL Background Thread 2 ] DEBUG FXGLApplication      - Initializing game
17:39:26.555 [JavaFX Application Thread] DEBUG AudioPlayer          - Stopping music com.almasb.fxgl.audio.Music@5023797c
17:39:26.556 [FXGL Background Thread 2 ] DEBUG AudioPlayer          - Playing music com.almasb.fxgl.audio.Music@5023797c
17:39:26.561 [FXGL Background Thread 2 ] WARN  GameWorld            - Entity is already attached to world
17:39:26.563 [FXGL Background Thread 2 ] WARN  Entity               - Entity already has component: com.almasb.fxgl.entity.components.CollidableComponent
17:39:26.563 [FXGL Background Thread 2 ] WARN  GameWorld            - Entity is already attached to world
17:39:26.564 [FXGL Background Thread 2 ] WARN  Entity               - Entity already has component: com.almasb.fxgl.entity.components.CollidableComponent
17:39:26.565 [FXGL Background Thread 2 ] WARN  GameWorld            - Entity is already attached to world
17:39:26.567 [FXGL Background Thread 2 ] WARN  Entity               - Entity already has component: com.almasb.fxgl.entity.components.CollidableComponent
17:39:26.567 [FXGL Background Thread 2 ] WARN  GameWorld            - Entity is already attached to world
17:39:26.569 [FXGL Background Thread 2 ] WARN  Entity               - Entity already has component: com.almasb.fxgl.entity.components.CollidableComponent
17:39:26.569 [FXGL Background Thread 2 ] WARN  GameWorld            - Entity is already attached to world
17:39:26.572 [FXGL Background Thread 2 ] WARN  GameWorld            - Entity is already attached to world
17:39:26.574 [FXGL Background Thread 2 ] WARN  GameWorld            - Entity is already attached to world
17:39:26.580 [FXGL Background Thread 2 ] INFO  FXGLApplication      - Game initialization took: 0.025 sec
17:39:26.583 [JavaFX Application Thread] DEBUG Input                - Clearing active input actions
17:39:26.601 [JavaFX Application Thread] DEBUG GameApplicationServi - Removing overlay from FXGLLoadingScene and adding to GameScene
17:39:26.602 [JavaFX Application Thread] DEBUG PrimaryStageWindow   - FXGLLoadingScene -> GameScene
17:39:32.758 [JavaFX Application Thread] DEBUG AudioPlayer          - Stopping music com.almasb.fxgl.audio.Music@3e6d01e0
17:39:32.758 [JavaFX Application Thread] DEBUG AudioPlayer          - Stopping music com.almasb.fxgl.audio.Music@5023797c
17:39:32.760 [JavaFX Application Thread] DEBUG Input                - Clearing active input actions
17:39:32.768 [JavaFX Application Thread] DEBUG GameApplicationServi - Removing overlay from GameScene and adding to FXGLMainMenuDummyScene
17:39:32.768 [JavaFX Application Thread] DEBUG PrimaryStageWindow   - GameScene -> FXGLMainMenuDummyScene
17:39:32.768 [JavaFX Application Thread] DEBUG PrimaryStageWindow   - Push state: DawnseekerMenu
17:39:32.769 [JavaFX Application Thread] DEBUG Input                - Clearing active input actions
17:39:32.769 [JavaFX Application Thread] DEBUG GameApplicationServi - Removing overlay from FXGLMainMenuDummyScene and adding to DawnseekerMenu
17:39:32.769 [JavaFX Application Thread] DEBUG PrimaryStageWindow   - FXGLMainMenuDummyScene -> DawnseekerMenu
17:39:32.770 [JavaFX Application Thread] DEBUG AudioPlayer          - Playing music com.almasb.fxgl.audio.Music@3e6d01e0
17:39:33.864 [JavaFX Application Thread] DEBUG Menu                 - fireNewGame()
17:39:33.864 [JavaFX Application Thread] DEBUG GameApplicationServi - Starting new game
17:39:33.864 [JavaFX Application Thread] DEBUG PrimaryStageWindow   - Pop state: DawnseekerMenu
17:39:33.864 [JavaFX Application Thread] DEBUG Input                - Clearing active input actions
17:39:33.865 [JavaFX Application Thread] DEBUG GameApplicationServi - Removing overlay from DawnseekerMenu and adding to FXGLMainMenuDummyScene
17:39:33.865 [JavaFX Application Thread] DEBUG PrimaryStageWindow   - FXGLMainMenuDummyScene <- DawnseekerMenu
17:39:33.865 [JavaFX Application Thread] DEBUG Input                - Clearing active input actions
17:39:33.875 [JavaFX Application Thread] DEBUG GameApplicationServi - Removing overlay from FXGLMainMenuDummyScene and adding to FXGLLoadingScene
17:39:33.875 [JavaFX Application Thread] DEBUG PrimaryStageWindow   - FXGLMainMenuDummyScene -> FXGLLoadingScene
17:39:33.875 [JavaFX Application Thread] DEBUG GameApplicationServi - Clearing previous game
17:39:33.875 [JavaFX Application Thread] DEBUG GameScene            - Clearing game scene
17:39:33.876 [JavaFX Application Thread] DEBUG GameWorld            - Clearing game world
17:39:33.878 [JavaFX Application Thread] DEBUG PhysicsWorld         - Clearing physics world
17:39:33.879 [JavaFX Application Thread] DEBUG AudioPlayer          - Stopping music com.almasb.fxgl.audio.Music@3e6d01e0
17:39:33.880 [FXGL Background Thread 2 ] DEBUG FXGLApplication      - Initializing game
17:39:33.881 [JavaFX Application Thread] DEBUG AudioPlayer          - Stopping music com.almasb.fxgl.audio.Music@5023797c
17:39:33.882 [FXGL Background Thread 2 ] DEBUG AudioPlayer          - Playing music com.almasb.fxgl.audio.Music@5023797c
17:39:33.887 [FXGL Background Thread 2 ] WARN  GameWorld            - Entity is already attached to world
17:39:33.888 [FXGL Background Thread 2 ] WARN  Entity               - Entity already has component: com.almasb.fxgl.entity.components.CollidableComponent
17:39:33.889 [FXGL Background Thread 2 ] WARN  GameWorld            - Entity is already attached to world
17:39:33.890 [FXGL Background Thread 2 ] WARN  Entity               - Entity already has component: com.almasb.fxgl.entity.components.CollidableComponent
17:39:33.890 [FXGL Background Thread 2 ] WARN  GameWorld            - Entity is already attached to world
17:39:33.892 [FXGL Background Thread 2 ] WARN  Entity               - Entity already has component: com.almasb.fxgl.entity.components.CollidableComponent
17:39:33.892 [FXGL Background Thread 2 ] WARN  GameWorld            - Entity is already attached to world
17:39:33.894 [FXGL Background Thread 2 ] WARN  Entity               - Entity already has component: com.almasb.fxgl.entity.components.CollidableComponent
17:39:33.894 [FXGL Background Thread 2 ] WARN  GameWorld            - Entity is already attached to world
17:39:33.895 [FXGL Background Thread 2 ] WARN  GameWorld            - Entity is already attached to world
17:39:33.897 [FXGL Background Thread 2 ] WARN  GameWorld            - Entity is already attached to world
17:39:33.902 [FXGL Background Thread 2 ] INFO  FXGLApplication      - Game initialization took: 0.022 sec
17:39:33.902 [JavaFX Application Thread] DEBUG Input                - Clearing active input actions
17:39:33.912 [JavaFX Application Thread] DEBUG GameApplicationServi - Removing overlay from FXGLLoadingScene and adding to GameScene
17:39:33.913 [JavaFX Application Thread] DEBUG PrimaryStageWindow   - FXGLLoadingScene -> GameScene
17:39:38.842 [JavaFX Application Thread] DEBUG AudioPlayer          - Stopping music com.almasb.fxgl.audio.Music@3e6d01e0
17:39:38.843 [JavaFX Application Thread] DEBUG AudioPlayer          - Stopping music com.almasb.fxgl.audio.Music@5023797c
17:39:38.844 [JavaFX Application Thread] DEBUG Input                - Clearing active input actions
17:39:38.853 [JavaFX Application Thread] DEBUG GameApplicationServi - Removing overlay from GameScene and adding to FXGLMainMenuDummyScene
17:39:38.854 [JavaFX Application Thread] DEBUG PrimaryStageWindow   - GameScene -> FXGLMainMenuDummyScene
17:39:38.854 [JavaFX Application Thread] DEBUG PrimaryStageWindow   - Push state: DawnseekerMenu
17:39:38.854 [JavaFX Application Thread] DEBUG Input                - Clearing active input actions
17:39:38.854 [JavaFX Application Thread] DEBUG GameApplicationServi - Removing overlay from FXGLMainMenuDummyScene and adding to DawnseekerMenu
17:39:38.855 [JavaFX Application Thread] DEBUG PrimaryStageWindow   - FXGLMainMenuDummyScene -> DawnseekerMenu
17:39:38.855 [JavaFX Application Thread] DEBUG AudioPlayer          - Playing music com.almasb.fxgl.audio.Music@3e6d01e0
17:39:40.272 [JavaFX Application Thread] DEBUG Menu                 - fireNewGame()
17:39:40.272 [JavaFX Application Thread] DEBUG GameApplicationServi - Starting new game
17:39:40.273 [JavaFX Application Thread] DEBUG PrimaryStageWindow   - Pop state: DawnseekerMenu
17:39:40.273 [JavaFX Application Thread] DEBUG Input                - Clearing active input actions
17:39:40.273 [JavaFX Application Thread] DEBUG GameApplicationServi - Removing overlay from DawnseekerMenu and adding to FXGLMainMenuDummyScene
17:39:40.273 [JavaFX Application Thread] DEBUG PrimaryStageWindow   - FXGLMainMenuDummyScene <- DawnseekerMenu
17:39:40.274 [JavaFX Application Thread] DEBUG Input                - Clearing active input actions
17:39:40.282 [JavaFX Application Thread] DEBUG GameApplicationServi - Removing overlay from FXGLMainMenuDummyScene and adding to FXGLLoadingScene
17:39:40.282 [JavaFX Application Thread] DEBUG PrimaryStageWindow   - FXGLMainMenuDummyScene -> FXGLLoadingScene
17:39:40.283 [JavaFX Application Thread] DEBUG GameApplicationServi - Clearing previous game
17:39:40.283 [JavaFX Application Thread] DEBUG GameScene            - Clearing game scene
17:39:40.283 [JavaFX Application Thread] DEBUG GameWorld            - Clearing game world
17:39:40.285 [JavaFX Application Thread] DEBUG PhysicsWorld         - Clearing physics world
17:39:40.286 [JavaFX Application Thread] DEBUG AudioPlayer          - Stopping music com.almasb.fxgl.audio.Music@3e6d01e0
17:39:40.286 [FXGL Background Thread 2 ] DEBUG FXGLApplication      - Initializing game
17:39:40.287 [JavaFX Application Thread] DEBUG AudioPlayer          - Stopping music com.almasb.fxgl.audio.Music@5023797c
17:39:40.288 [FXGL Background Thread 2 ] DEBUG AudioPlayer          - Playing music com.almasb.fxgl.audio.Music@5023797c
17:39:40.292 [FXGL Background Thread 2 ] WARN  GameWorld            - Entity is already attached to world
17:39:40.293 [FXGL Background Thread 2 ] WARN  Entity               - Entity already has component: com.almasb.fxgl.entity.components.CollidableComponent
17:39:40.294 [FXGL Background Thread 2 ] WARN  GameWorld            - Entity is already attached to world
17:39:40.295 [FXGL Background Thread 2 ] WARN  Entity               - Entity already has component: com.almasb.fxgl.entity.components.CollidableComponent
17:39:40.295 [FXGL Background Thread 2 ] WARN  GameWorld            - Entity is already attached to world
17:39:40.296 [FXGL Background Thread 2 ] WARN  Entity               - Entity already has component: com.almasb.fxgl.entity.components.CollidableComponent
17:39:40.296 [FXGL Background Thread 2 ] WARN  GameWorld            - Entity is already attached to world
17:39:40.298 [FXGL Background Thread 2 ] WARN  Entity               - Entity already has component: com.almasb.fxgl.entity.components.CollidableComponent
17:39:40.299 [FXGL Background Thread 2 ] WARN  GameWorld            - Entity is already attached to world
17:39:40.301 [FXGL Background Thread 2 ] WARN  GameWorld            - Entity is already attached to world
17:39:40.303 [FXGL Background Thread 2 ] WARN  GameWorld            - Entity is already attached to world
17:39:40.307 [FXGL Background Thread 2 ] INFO  FXGLApplication      - Game initialization took: 0.021 sec
17:39:40.308 [JavaFX Application Thread] DEBUG Input                - Clearing active input actions
17:39:40.319 [JavaFX Application Thread] DEBUG GameApplicationServi - Removing overlay from FXGLLoadingScene and adding to GameScene
17:39:40.320 [JavaFX Application Thread] DEBUG PrimaryStageWindow   - FXGLLoadingScene -> GameScene
17:39:41.288 [JavaFX Application Thread] DEBUG FXGLApplication      - Exiting FXGL
17:39:41.289 [JavaFX Application Thread] DEBUG LoopRunner           - Stopping loop
17:39:41.289 [JavaFX Application Thread] DEBUG SystemBundleService  - Saving FXGL system data
17:39:41.294 [JavaFX Application Thread] DEBUG FileSystemAccess     - Writing to: C:\Users\narro\git\CS4900G2Proj2\Dawnseeker\system\fxgl.bundle
17:39:41.301 [JavaFX Application Thread] DEBUG Async                - Shutting down background threads
17:39:41.302 [JavaFX Application Thread] DEBUG PrimaryStageWindow   - Closing main window
17:39:41.322 [JavaFX Application Thread] DEBUG Logger               - Closing Logger
