18:26:35.207 [main                     ] DEBUG Logger               - Configured Logger
18:26:35.230 [main                     ] DEBUG GameApplication      - Logging settings
Title: Dawnseeker
Version: 0.4
Width: 1920
Height: 1080
Fullscreen: false
Intro: false
Profiling: false
Single step:false
App Mode: DEVELOPER
Menu Key: ESCAPE
Stage Style: DECORATED
Scene Factory: class myGame.DawnseekerApp$1

18:26:35.676 [JavaFX Application Thread] DEBUG FXGLApplication      - Initializing FXGL
18:26:35.680 [JavaFX Application Thread] INFO  Engine               - FXGL-17.2 (20.08.2022 16.50) on WINDOWS (J:19.0.2 FX:18)
18:26:35.681 [JavaFX Application Thread] DEBUG Engine               - JRE Vendor Name: Oracle Corporation
18:26:35.681 [JavaFX Application Thread] DEBUG Engine               - Running on OS: Windows 10 version 10.0
18:26:35.681 [JavaFX Application Thread] DEBUG Engine               - Architecture: amd64
18:26:35.681 [JavaFX Application Thread] INFO  Engine               - Source code and latest versions at: https://github.com/AlmasB/FXGL
18:26:35.681 [JavaFX Application Thread] INFO  Engine               -       Ask questions and discuss at: https://github.com/AlmasB/FXGL/discussions
18:26:35.682 [JavaFX Application Thread] INFO  Engine               -              Join the FXGL chat at: https://gitter.im/AlmasB/FXGL
18:26:35.799 [JavaFX Application Thread] DEBUG PrimaryStageWindow   - Creating a JavaFX scene
18:26:35.845 [JavaFX Application Thread] DEBUG PrimaryStageWindow   - Target settings size: 1920.0 x 1080.0
18:26:35.845 [JavaFX Application Thread] DEBUG PrimaryStageWindow   - Scaled scene size:    1920.0 x 1080.0
18:26:35.846 [JavaFX Application Thread] DEBUG PrimaryStageWindow   - Scaled ratio: (1.0, 1.0)
18:26:35.847 [JavaFX Application Thread] DEBUG PrimaryStageWindow   - Set initial scene to FXGLStartupScene
18:26:35.854 [JavaFX Application Thread] DEBUG PrimaryStageWindow   - Opening main window
18:26:35.942 [JavaFX Application Thread] DEBUG PrimaryStageWindow   - Window border size: (16.0, 39.0)
18:26:35.942 [JavaFX Application Thread] DEBUG PrimaryStageWindow   - Scaled size: 1920.0 x 1080.0
18:26:35.942 [JavaFX Application Thread] DEBUG PrimaryStageWindow   - Scaled ratio: (1.0, 1.0)
18:26:35.942 [JavaFX Application Thread] DEBUG PrimaryStageWindow   - Scene size: 1920.0 x 1080.0
18:26:35.943 [JavaFX Application Thread] DEBUG PrimaryStageWindow   - Stage size: 1936.0 x 1119.0
18:26:35.950 [FXGL Background Thread 1 ] DEBUG Engine               - Initializing environment variables
18:26:35.995 [FXGL Background Thread 1 ] DEBUG FXGLAssetLoaderServi - User app class for loading assets: class myGame.DawnseekerApp
18:26:35.995 [FXGL Background Thread 1 ] DEBUG GameApplicationServi - Applying CSS: fxgl_dark.css
18:26:35.996 [FXGL Background Thread 1 ] DEBUG FXGLAssetLoaderServi - Loading from file system: jar:file:/C:/Users/Morgan%20Johnson/.m2/repository/com/github/almasb/fxgl/17.2/fxgl-17.2.jar!/fxglassets/ui/css/fxgl_dark.css
18:26:36.036 [FXGL Background Thread 1 ] DEBUG GameApplicationServi - Initializing application scenes
18:26:36.069 [FXGL Background Thread 1 ] DEBUG GameWorld            - Game world initialized
18:26:36.126 [FXGL Background Thread 1 ] DEBUG PhysicsWorld         - Physics world initialized: appHeight=1080, physics.ppm=50.0
18:26:36.127 [FXGL Background Thread 1 ] DEBUG PhysicsWorld         - Using strategy: BRUTE_FORCE
18:26:36.130 [FXGL Background Thread 1 ] DEBUG GameScene            - Game scene initialized: 1920x1080
18:26:36.131 [FXGL Background Thread 1 ] DEBUG FXGLAssetLoaderServi - Loading from file system: file:/C:/Games/Schoolwork/Spring%2023/CS4900/DawnseekerWorkspace/CS4900G2Proj2/CS4900G2Proj2/Dawnseeker/target/classes/assets/music/shop.mp3
18:26:36.264 [FXGL Background Thread 1 ] DEBUG AudioPlayer          - Playing music com.almasb.fxgl.audio.Music@2b69b58e
18:26:36.281 [FXGL Background Thread 1 ] DEBUG FXGLAssetLoaderServi - Loading from file system: file:/C:/Games/Schoolwork/Spring%2023/CS4900/DawnseekerWorkspace/CS4900G2Proj2/CS4900G2Proj2/Dawnseeker/target/classes/assets/textures/bg.png
18:26:36.368 [FXGL Background Thread 1 ] DEBUG FXGL.DefaultMenu     - createMenuBodyGameMenu()
18:26:36.382 [FXGL Background Thread 1 ] DEBUG FXGL.DefaultMenu     - createOptionsMenu()
18:26:36.388 [FXGL Background Thread 1 ] DEBUG FXGLAssetLoaderServi - Loading from file system: jar:file:/C:/Users/Morgan%20Johnson/.m2/repository/com/github/almasb/fxgl/17.2/fxgl-17.2.jar!/fxglassets/textures/particles/smoke.png
18:26:36.464 [FXGL Background Thread 1 ] DEBUG FXGLAssetLoaderServi - Loading from file system: jar:file:/C:/Users/Morgan%20Johnson/.m2/repository/com/github/almasb/fxgl/17.2/fxgl-17.2.jar!/fxglassets/textures/particles/trace_horizontal.png
18:26:36.481 [FXGL Background Thread 1 ] DEBUG GameApplicationServi - Application scenes initialized
18:26:36.494 [FXGL Background Thread 1 ] DEBUG SystemBundleService  - Loading FXGL system data
18:26:36.499 [FXGL Background Thread 1 ] DEBUG FileSystemAccess     - Reading from: C:\Games\Schoolwork\Spring 23\CS4900\DawnseekerWorkspace\CS4900G2Proj2\CS4900G2Proj2\Dawnseeker\system\fxgl.bundle
18:26:36.508 [FXGL Background Thread 1 ] DEBUG SystemBundleService  - Bundle FXGL: {}
18:26:36.509 [FXGL Background Thread 1 ] DEBUG UpdaterService       - Checking for updates
18:26:36.513 [FXGL Background Thread 4 ] DEBUG FXGLApplication      - Loading fonts
18:26:36.513 [FXGL Background Thread 4 ] DEBUG FXGLAssetLoaderServi - Loading from file system: jar:file:/C:/Users/Morgan%20Johnson/.m2/repository/com/github/almasb/fxgl/17.2/fxgl-17.2.jar!/fxglassets/ui/fonts/VarelaRound-Regular.ttf
18:26:36.513 [FXGL Background Thread 1 ] DEBUG FXGLApplication      - Loading default localization
18:26:36.514 [FXGL Background Thread 1 ] DEBUG FXGLAssetLoaderServi - Loading from file system: jar:file:/C:/Users/Morgan%20Johnson/.m2/repository/com/github/almasb/fxgl/17.2/fxgl-17.2.jar!/fxglassets/languages/english.lang
18:26:36.532 [FXGL Background Thread 1 ] INFO  FXGLApplication      - FXGL initialization took: 0.582 sec
18:26:36.538 [JavaFX Application Thread] DEBUG Input                - Registered new binding: action0 - LMB
18:26:36.546 [JavaFX Application Thread] DEBUG Input                - Registered new binding: Up - W
18:26:36.546 [JavaFX Application Thread] DEBUG Input                - Registered new binding: Down - S
18:26:36.546 [JavaFX Application Thread] DEBUG Input                - Registered new binding: Right - D
18:26:36.546 [JavaFX Application Thread] DEBUG Input                - Registered new binding: Left - A
18:26:36.547 [JavaFX Application Thread] DEBUG FXGLAssetLoaderServi - Loading from file system: jar:file:/C:/Users/Morgan%20Johnson/.m2/repository/com/github/almasb/fxgl/17.2/fxgl-17.2.jar!/fxglassets/textures/fxgl_icon.png
18:26:36.564 [JavaFX Application Thread] DEBUG FXGLAssetLoaderServi - Loading from file system: jar:file:/C:/Users/Morgan%20Johnson/.m2/repository/com/github/almasb/fxgl/17.2/fxgl-17.2.jar!/fxglassets/textures/fxgl_default_cursor.png
18:26:36.568 [JavaFX Application Thread] DEBUG Input                - Registered new binding: Screenshot - CTRL+8
18:26:36.568 [JavaFX Application Thread] DEBUG Input                - Registered new binding: System info dump - CTRL+9
18:26:36.569 [JavaFX Application Thread] DEBUG Input                - Registered new binding: Restart - CTRL+R
18:26:36.570 [JavaFX Application Thread] DEBUG Input                - Registered new binding: Toggle Debug Camera - CTRL+7
18:26:36.574 [JavaFX Application Thread] DEBUG LoopRunner           - Starting loop
18:26:36.575 [JavaFX Application Thread] DEBUG LoopRunner           - Initializing JavaFX AnimationTimerLoop
18:26:36.578 [JavaFX Application Thread] DEBUG Input                - Clearing active input actions
18:26:36.590 [JavaFX Application Thread] DEBUG GameApplicationServi - Removing overlay from FXGLStartupScene and adding to FXGLMainMenuDummyScene
18:26:36.590 [JavaFX Application Thread] DEBUG PrimaryStageWindow   - FXGLStartupScene -> FXGLMainMenuDummyScene
18:26:36.591 [JavaFX Application Thread] DEBUG PrimaryStageWindow   - Push state: DawnseekerMenu
18:26:36.591 [JavaFX Application Thread] DEBUG Input                - Clearing active input actions
18:26:36.598 [JavaFX Application Thread] DEBUG GameApplicationServi - Removing overlay from FXGLMainMenuDummyScene and adding to DawnseekerMenu
18:26:36.598 [JavaFX Application Thread] DEBUG PrimaryStageWindow   - FXGLMainMenuDummyScene -> DawnseekerMenu
18:26:36.614 [FXGL Background Thread 4 ] DEBUG FXGLAssetLoaderServi - Loading from file system: jar:file:/C:/Users/Morgan%20Johnson/.m2/repository/com/github/almasb/fxgl/17.2/fxgl-17.2.jar!/fxglassets/ui/fonts/Abel-Regular.ttf
18:26:36.619 [FXGL Background Thread 4 ] DEBUG FXGLAssetLoaderServi - Loading from file system: jar:file:/C:/Users/Morgan%20Johnson/.m2/repository/com/github/almasb/fxgl/17.2/fxgl-17.2.jar!/fxglassets/ui/fonts/TerminalLandMono-Regular.otf
18:26:36.624 [FXGL Background Thread 4 ] DEBUG FXGLAssetLoaderServi - Loading from file system: jar:file:/C:/Users/Morgan%20Johnson/.m2/repository/com/github/almasb/fxgl/17.2/fxgl-17.2.jar!/fxglassets/ui/fonts/Courier-Prime.ttf
18:26:36.632 [JavaFX Application Thread] DEBUG FXGLApplication      - Registering font factories with UI factory
18:26:36.993 [FXGL Background Thread 2 ] INFO  UpdaterService       - Your current version:  17.2
18:26:36.993 [FXGL Background Thread 2 ] INFO  UpdaterService       - Latest stable version: 17.3
18:26:39.511 [FXGL Background Thread 3 ] DEBUG Engine               - Logging environment variables
18:26:39.511 [FXGL Background Thread 3 ] DEBUG Engine               - achievements: []
18:26:39.511 [FXGL Background Thread 3 ] DEBUG Engine               - actualHeight: 1080.0
18:26:39.511 [FXGL Background Thread 3 ] DEBUG Engine               - actualHeightProperty: ReadOnlyDoubleProperty [value: 1080.0]
18:26:39.511 [FXGL Background Thread 3 ] DEBUG Engine               - actualWidth: 1920.0
18:26:39.511 [FXGL Background Thread 3 ] DEBUG Engine               - actualWidthProperty: ReadOnlyDoubleProperty [value: 1920.0]
18:26:39.512 [FXGL Background Thread 3 ] DEBUG Engine               - appIcon: fxgl_icon.png
18:26:39.512 [FXGL Background Thread 3 ] DEBUG Engine               - applicationMode: DEVELOPER
18:26:39.512 [FXGL Background Thread 3 ] DEBUG Engine               - cSSList: [fxgl_dark.css]
18:26:39.512 [FXGL Background Thread 3 ] DEBUG Engine               - collisionDetectionStrategy: BRUTE_FORCE
18:26:39.512 [FXGL Background Thread 3 ] DEBUG Engine               - configClass: Optional.empty
18:26:39.512 [FXGL Background Thread 3 ] DEBUG Engine               - credits: []
18:26:39.512 [FXGL Background Thread 3 ] DEBUG Engine               - defaultCursor: CursorInfo(imageName=fxgl_default_cursor.png, hotspotX=7.0, hotspotY=6.0)
18:26:39.512 [FXGL Background Thread 3 ] DEBUG Engine               - devBBoxColorProperty: ObjectProperty [value: 0xff0000ff]
18:26:39.512 [FXGL Background Thread 3 ] DEBUG Engine               - devEnableDebugCameraProperty: BooleanProperty [value: false]
18:26:39.512 [FXGL Background Thread 3 ] DEBUG Engine               - devSensorColorProperty: ObjectProperty [value: 0xffff00ff]
18:26:39.512 [FXGL Background Thread 3 ] DEBUG Engine               - devShowBBoxProperty: BooleanProperty [value: false]
18:26:39.513 [FXGL Background Thread 3 ] DEBUG Engine               - devShowPositionProperty: BooleanProperty [value: false]
18:26:39.513 [FXGL Background Thread 3 ] DEBUG Engine               - enabledMenuItems: []
18:26:39.513 [FXGL Background Thread 3 ] DEBUG Engine               - engineServices: [class com.almasb.fxgl.app.services.FXGLAssetLoaderService, class com.almasb.fxgl.app.FXGLApplication$GameApplicationService, class com.almasb.fxgl.app.services.FXGLDialogService, class com.almasb.fxgl.app.services.IOTaskExecutorService, class com.almasb.fxgl.io.FileSystemService, class com.almasb.fxgl.localization.LocalizationService, class com.almasb.fxgl.app.services.SystemBundleService, class com.almasb.fxgl.profile.SaveLoadService, class com.almasb.fxgl.ui.FXGLUIFactoryServiceProvider, class com.almasb.fxgl.ui.FXGLDialogFactoryServiceProvider, class com.almasb.fxgl.audio.AudioPlayer, class com.almasb.fxgl.notification.impl.NotificationServiceProvider, class com.almasb.fxgl.achievement.AchievementService, class com.almasb.fxgl.cutscene.CutsceneService, class com.almasb.fxgl.minigames.MiniGameService, class com.almasb.fxgl.net.NetService, class com.almasb.fxgl.app.services.UpdaterService, class com.almasb.fxgl.dev.DevService]
18:26:39.513 [FXGL Background Thread 3 ] DEBUG Engine               - fontGame: Abel-Regular.ttf
18:26:39.513 [FXGL Background Thread 3 ] DEBUG Engine               - fontMono: TerminalLandMono-Regular.otf
18:26:39.513 [FXGL Background Thread 3 ] DEBUG Engine               - fontText: Courier-Prime.ttf
18:26:39.513 [FXGL Background Thread 3 ] DEBUG Engine               - fontUI: VarelaRound-Regular.ttf
18:26:39.513 [FXGL Background Thread 3 ] DEBUG Engine               - fullScreen: BooleanProperty [value: false]
18:26:39.513 [FXGL Background Thread 3 ] DEBUG Engine               - gameDifficulty: MEDIUM
18:26:39.513 [FXGL Background Thread 3 ] DEBUG Engine               - gameDifficultyProperty: ObjectProperty [value: MEDIUM]
18:26:39.513 [FXGL Background Thread 3 ] DEBUG Engine               - globalMusicVolume: 0.5
18:26:39.513 [FXGL Background Thread 3 ] DEBUG Engine               - globalMusicVolumeProperty: DoubleProperty [value: 0.5]
18:26:39.513 [FXGL Background Thread 3 ] DEBUG Engine               - globalSoundVolume: 0.5
18:26:39.513 [FXGL Background Thread 3 ] DEBUG Engine               - globalSoundVolumeProperty: DoubleProperty [value: 0.5]
18:26:39.513 [FXGL Background Thread 3 ] DEBUG Engine               - height: 1080
18:26:39.514 [FXGL Background Thread 3 ] DEBUG Engine               - is3D: false
18:26:39.514 [FXGL Background Thread 3 ] DEBUG Engine               - isAndroid: false
18:26:39.514 [FXGL Background Thread 3 ] DEBUG Engine               - isBrowser: false
18:26:39.514 [FXGL Background Thread 3 ] DEBUG Engine               - isClickFeedbackEnabled: false
18:26:39.514 [FXGL Background Thread 3 ] DEBUG Engine               - isCloseConfirmation: false
18:26:39.514 [FXGL Background Thread 3 ] DEBUG Engine               - isDesktop: true
18:26:39.514 [FXGL Background Thread 3 ] DEBUG Engine               - isDeveloperMenuEnabled: false
18:26:39.514 [FXGL Background Thread 3 ] DEBUG Engine               - isEmbedded: false
18:26:39.514 [FXGL Background Thread 3 ] DEBUG Engine               - isEntityPreloadEnabled: true
18:26:39.514 [FXGL Background Thread 3 ] DEBUG Engine               - isExperimentalTiledLargeMap: false
18:26:39.514 [FXGL Background Thread 3 ] DEBUG Engine               - isFileSystemWriteAllowed: true
18:26:39.514 [FXGL Background Thread 3 ] DEBUG Engine               - isFullScreenAllowed: false
18:26:39.514 [FXGL Background Thread 3 ] DEBUG Engine               - isFullScreenFromStart: false
18:26:39.514 [FXGL Background Thread 3 ] DEBUG Engine               - isGameMenuEnabled: true
18:26:39.514 [FXGL Background Thread 3 ] DEBUG Engine               - isIOS: false
18:26:39.514 [FXGL Background Thread 3 ] DEBUG Engine               - isIntroEnabled: false
18:26:39.514 [FXGL Background Thread 3 ] DEBUG Engine               - isLinux: false
18:26:39.514 [FXGL Background Thread 3 ] DEBUG Engine               - isMac: false
18:26:39.514 [FXGL Background Thread 3 ] DEBUG Engine               - isMainMenuEnabled: true
18:26:39.514 [FXGL Background Thread 3 ] DEBUG Engine               - isManualResizeEnabled: false
18:26:39.514 [FXGL Background Thread 3 ] DEBUG Engine               - isMobile: false
18:26:39.514 [FXGL Background Thread 3 ] DEBUG Engine               - isNative: false
18:26:39.515 [FXGL Background Thread 3 ] DEBUG Engine               - isPauseMusicWhenMinimized: true
18:26:39.515 [FXGL Background Thread 3 ] DEBUG Engine               - isPreserveResizeRatio: false
18:26:39.515 [FXGL Background Thread 3 ] DEBUG Engine               - isProfilingEnabled: false
18:26:39.515 [FXGL Background Thread 3 ] DEBUG Engine               - isScaleAffectedOnResize: true
18:26:39.515 [FXGL Background Thread 3 ] DEBUG Engine               - isSingleStep: false
18:26:39.515 [FXGL Background Thread 3 ] DEBUG Engine               - isUserProfileEnabled: false
18:26:39.515 [FXGL Background Thread 3 ] DEBUG Engine               - isWindows: true
18:26:39.515 [FXGL Background Thread 3 ] DEBUG Engine               - language: ObjectProperty [value: ENGLISH]
18:26:39.515 [FXGL Background Thread 3 ] DEBUG Engine               - menuKey: ESCAPE
18:26:39.515 [FXGL Background Thread 3 ] DEBUG Engine               - mouseSensitivity: 0.2
18:26:39.515 [FXGL Background Thread 3 ] DEBUG Engine               - notificationViewClass: class com.almasb.fxgl.notification.view.XboxNotificationView
18:26:39.515 [FXGL Background Thread 3 ] DEBUG Engine               - pixelsPerMeter: 50.0
18:26:39.515 [FXGL Background Thread 3 ] DEBUG Engine               - platform: WINDOWS
18:26:39.515 [FXGL Background Thread 3 ] DEBUG Engine               - prefHeightProperty: ReadOnlyDoubleProperty [value: 1080.0]
18:26:39.515 [FXGL Background Thread 3 ] DEBUG Engine               - prefWidthProperty: ReadOnlyDoubleProperty [value: 1920.0]
18:26:39.515 [FXGL Background Thread 3 ] DEBUG Engine               - profileDir: profiles/
18:26:39.515 [FXGL Background Thread 3 ] DEBUG Engine               - profileName: StringProperty [value: DEFAULT]
18:26:39.515 [FXGL Background Thread 3 ] DEBUG Engine               - randomSeed: -1
18:26:39.516 [FXGL Background Thread 3 ] DEBUG Engine               - runtimeInfo: RuntimeInfo(platform=WINDOWS, version=17.2, build=20.08.2022 16.50)
18:26:39.516 [FXGL Background Thread 3 ] DEBUG Engine               - saveFileExt: sav
18:26:39.516 [FXGL Background Thread 3 ] DEBUG Engine               - scaledHeightProp$fxgl: DoubleProperty [bound, value: 1080.0]
18:26:39.516 [FXGL Background Thread 3 ] DEBUG Engine               - scaledWidthProp$fxgl: DoubleProperty [bound, value: 1920.0]
18:26:39.516 [FXGL Background Thread 3 ] DEBUG Engine               - sceneFactory: myGame.DawnseekerApp$1@5e59d533
18:26:39.516 [FXGL Background Thread 3 ] DEBUG Engine               - secondsIn24h: 60
18:26:39.516 [FXGL Background Thread 3 ] DEBUG Engine               - soundMenuBack: menu/back.wav
18:26:39.516 [FXGL Background Thread 3 ] DEBUG Engine               - soundMenuPress: menu/press.wav
18:26:39.516 [FXGL Background Thread 3 ] DEBUG Engine               - soundMenuSelect: menu/select.wav
18:26:39.516 [FXGL Background Thread 3 ] DEBUG Engine               - soundNotification: core/notification.wav
18:26:39.516 [FXGL Background Thread 3 ] DEBUG Engine               - stageStyle: DECORATED
18:26:39.516 [FXGL Background Thread 3 ] DEBUG Engine               - supportedLanguages: [ENGLISH, FRENCH, GERMAN, HUNGARIAN, RUSSIAN]
18:26:39.516 [FXGL Background Thread 3 ] DEBUG Engine               - ticksPerSecond: -1
18:26:39.516 [FXGL Background Thread 3 ] DEBUG Engine               - title: Dawnseeker
18:26:39.516 [FXGL Background Thread 3 ] DEBUG Engine               - urlGithub: https://github.com/AlmasB/FXGL
18:26:39.516 [FXGL Background Thread 3 ] DEBUG Engine               - urlLeaderboard: http://fxgl-top.herokuapp.com/
18:26:39.516 [FXGL Background Thread 3 ] DEBUG Engine               - urlPOM: https://raw.githubusercontent.com/AlmasB/FXGL/release/README.md
18:26:39.516 [FXGL Background Thread 3 ] DEBUG Engine               - userAppClass: class myGame.DawnseekerApp
18:26:39.516 [FXGL Background Thread 3 ] DEBUG Engine               - version: 0.4
18:26:39.516 [FXGL Background Thread 3 ] DEBUG Engine               - versionCheckDays: 7
18:26:39.516 [FXGL Background Thread 3 ] DEBUG Engine               - width: 1920
18:26:39.516 [FXGL Background Thread 3 ] DEBUG Engine               - Logging services
18:26:39.516 [FXGL Background Thread 3 ] DEBUG Engine               - class com.almasb.fxgl.app.services.FXGLAssetLoaderService
18:26:39.516 [FXGL Background Thread 3 ] DEBUG Engine               - class com.almasb.fxgl.app.FXGLApplication$GameApplicationService
18:26:39.516 [FXGL Background Thread 3 ] DEBUG Engine               - class com.almasb.fxgl.app.services.FXGLDialogService
18:26:39.517 [FXGL Background Thread 3 ] DEBUG Engine               - class com.almasb.fxgl.app.services.IOTaskExecutorService
18:26:39.517 [FXGL Background Thread 3 ] DEBUG Engine               - class com.almasb.fxgl.io.FileSystemService
18:26:39.517 [FXGL Background Thread 3 ] DEBUG Engine               - class com.almasb.fxgl.localization.LocalizationService
18:26:39.517 [FXGL Background Thread 3 ] DEBUG Engine               - class com.almasb.fxgl.app.services.SystemBundleService
18:26:39.517 [FXGL Background Thread 3 ] DEBUG Engine               - class com.almasb.fxgl.profile.SaveLoadService
18:26:39.517 [FXGL Background Thread 3 ] DEBUG Engine               - class com.almasb.fxgl.ui.FXGLUIFactoryServiceProvider
18:26:39.517 [FXGL Background Thread 3 ] DEBUG Engine               - class com.almasb.fxgl.ui.FXGLDialogFactoryServiceProvider
18:26:39.517 [FXGL Background Thread 3 ] DEBUG Engine               - class com.almasb.fxgl.audio.AudioPlayer
18:26:39.517 [FXGL Background Thread 3 ] DEBUG Engine               - class com.almasb.fxgl.notification.impl.NotificationServiceProvider
18:26:39.517 [FXGL Background Thread 3 ] DEBUG Engine               - class com.almasb.fxgl.achievement.AchievementService
18:26:39.517 [FXGL Background Thread 3 ] DEBUG Engine               - class com.almasb.fxgl.cutscene.CutsceneService
18:26:39.517 [FXGL Background Thread 3 ] DEBUG Engine               - class com.almasb.fxgl.minigames.MiniGameService
18:26:39.517 [FXGL Background Thread 3 ] DEBUG Engine               - class com.almasb.fxgl.net.NetService
18:26:39.517 [FXGL Background Thread 3 ] DEBUG Engine               - class com.almasb.fxgl.app.services.UpdaterService
18:26:39.517 [FXGL Background Thread 3 ] DEBUG Engine               - class com.almasb.fxgl.dev.DevService
18:27:00.547 [JavaFX Application Thread] DEBUG Menu                 - fireNewGame()
18:27:00.547 [JavaFX Application Thread] DEBUG GameApplicationServi - Starting new game
18:27:00.547 [JavaFX Application Thread] DEBUG PrimaryStageWindow   - Pop state: DawnseekerMenu
18:27:00.547 [JavaFX Application Thread] DEBUG Input                - Clearing active input actions
18:27:00.548 [JavaFX Application Thread] DEBUG GameApplicationServi - Removing overlay from DawnseekerMenu and adding to FXGLMainMenuDummyScene
18:27:00.548 [JavaFX Application Thread] DEBUG PrimaryStageWindow   - FXGLMainMenuDummyScene <- DawnseekerMenu
18:27:00.548 [JavaFX Application Thread] DEBUG Input                - Clearing active input actions
18:27:00.554 [JavaFX Application Thread] DEBUG GameApplicationServi - Removing overlay from FXGLMainMenuDummyScene and adding to FXGLLoadingScene
18:27:00.554 [JavaFX Application Thread] DEBUG PrimaryStageWindow   - FXGLMainMenuDummyScene -> FXGLLoadingScene
18:27:00.554 [JavaFX Application Thread] DEBUG GameApplicationServi - Clearing previous game
18:27:00.554 [JavaFX Application Thread] DEBUG GameScene            - Clearing game scene
18:27:00.554 [JavaFX Application Thread] DEBUG GameWorld            - Clearing game world
18:27:00.554 [JavaFX Application Thread] DEBUG PhysicsWorld         - Clearing physics world
18:27:00.556 [FXGL Background Thread 2 ] DEBUG FXGLApplication      - Initializing game
18:27:00.560 [FXGL Background Thread 2 ] DEBUG AudioPlayer          - Stopping music com.almasb.fxgl.audio.Music@2b69b58e
18:27:00.561 [FXGL Background Thread 2 ] DEBUG FXGLAssetLoaderServi - Loading from file system: file:/C:/Games/Schoolwork/Spring%2023/CS4900/DawnseekerWorkspace/CS4900G2Proj2/CS4900G2Proj2/Dawnseeker/target/classes/assets/music/heartache.mp3
18:27:00.564 [FXGL Background Thread 2 ] DEBUG AudioPlayer          - Playing music com.almasb.fxgl.audio.Music@135170f3
18:27:00.580 [FXGL Background Thread 2 ] DEBUG FXGLAssetLoaderServi - Loading from file system: file:/C:/Games/Schoolwork/Spring%2023/CS4900/DawnseekerWorkspace/CS4900G2Proj2/CS4900G2Proj2/Dawnseeker/target/classes/assets/textures/DawnseekerPCV2.png
18:27:00.583 [FXGL Background Thread 2 ] DEBUG FXGLAssetLoaderServi - Loading from file system: file:/C:/Games/Schoolwork/Spring%2023/CS4900/DawnseekerWorkspace/CS4900G2Proj2/CS4900G2Proj2/Dawnseeker/target/classes/assets/textures/DawnseekerPCV2Down.png
18:27:00.586 [FXGL Background Thread 2 ] DEBUG FXGLAssetLoaderServi - Loading from file system: file:/C:/Games/Schoolwork/Spring%2023/CS4900/DawnseekerWorkspace/CS4900G2Proj2/CS4900G2Proj2/Dawnseeker/target/classes/assets/textures/DawnseekerPCV2Up.png
18:27:00.589 [FXGL Background Thread 2 ] DEBUG FXGLAssetLoaderServi - Loading from file system: file:/C:/Games/Schoolwork/Spring%2023/CS4900/DawnseekerWorkspace/CS4900G2Proj2/CS4900G2Proj2/Dawnseeker/target/classes/assets/textures/DawnseekerPCV2Right.png
18:27:00.591 [FXGL Background Thread 2 ] DEBUG FXGLAssetLoaderServi - Loading from file system: file:/C:/Games/Schoolwork/Spring%2023/CS4900/DawnseekerWorkspace/CS4900G2Proj2/CS4900G2Proj2/Dawnseeker/target/classes/assets/textures/DawnseekerPCV2Left.png
18:27:00.605 [FXGL Background Thread 2 ] WARN  GameWorld            - Entity is already attached to world
18:27:00.606 [FXGL Background Thread 2 ] DEBUG FXGLAssetLoaderServi - Loading from file system: file:/C:/Games/Schoolwork/Spring%2023/CS4900/DawnseekerWorkspace/CS4900G2Proj2/CS4900G2Proj2/Dawnseeker/target/classes/assets/textures/Rock1.png
18:27:00.608 [FXGL Background Thread 2 ] WARN  Entity               - Entity already has component: com.almasb.fxgl.entity.components.CollidableComponent
18:27:00.608 [FXGL Background Thread 2 ] WARN  GameWorld            - Entity is already attached to world
18:27:00.609 [FXGL Background Thread 2 ] DEBUG FXGLAssetLoaderServi - Loading from file system: file:/C:/Games/Schoolwork/Spring%2023/CS4900/DawnseekerWorkspace/CS4900G2Proj2/CS4900G2Proj2/Dawnseeker/target/classes/assets/textures/Rock2.png
18:27:00.610 [FXGL Background Thread 2 ] WARN  Entity               - Entity already has component: com.almasb.fxgl.entity.components.CollidableComponent
18:27:00.610 [FXGL Background Thread 2 ] WARN  GameWorld            - Entity is already attached to world
18:27:00.611 [FXGL Background Thread 2 ] WARN  GameWorld            - Entity is already attached to world
18:27:00.611 [FXGL Background Thread 2 ] WARN  GameWorld            - Entity is already attached to world
18:27:00.625 [FXGL Background Thread 2 ] INFO  FXGLApplication      - Game initialization took: 0.069 sec
18:27:00.635 [JavaFX Application Thread] DEBUG Input                - Clearing active input actions
18:27:00.644 [JavaFX Application Thread] DEBUG GameApplicationServi - Removing overlay from FXGLLoadingScene and adding to GameScene
18:27:00.645 [JavaFX Application Thread] DEBUG PrimaryStageWindow   - FXGLLoadingScene -> GameScene
18:27:01.487 [JavaFX Application Thread] DEBUG FXGLAssetLoaderServi - Loading from file system: file:/C:/Games/Schoolwork/Spring%2023/CS4900/DawnseekerWorkspace/CS4900G2Proj2/CS4900G2Proj2/Dawnseeker/target/classes/assets/textures/Skull.gif
18:27:01.492 [JavaFX Application Thread] DEBUG FXGLAssetLoaderServi - Loading from file system: file:/C:/Games/Schoolwork/Spring%2023/CS4900/DawnseekerWorkspace/CS4900G2Proj2/CS4900G2Proj2/Dawnseeker/target/classes/assets/textures/Ghost.gif
18:27:03.449 [JavaFX Application Thread] DEBUG FXGLAssetLoaderServi - Loading from file system: file:/C:/Games/Schoolwork/Spring%2023/CS4900/DawnseekerWorkspace/CS4900G2Proj2/CS4900G2Proj2/Dawnseeker/target/classes/assets/sounds/magic_missile.wav
18:27:03.458 [JavaFX Application Thread] DEBUG FXGLAssetLoaderServi - Loading from file system: file:/C:/Games/Schoolwork/Spring%2023/CS4900/DawnseekerWorkspace/CS4900G2Proj2/CS4900G2Proj2/Dawnseeker/target/classes/assets/textures/Fireball.gif
18:27:03.515 [JavaFX Application Thread] WARN  GameWorld            - Attempted to remove entity which is not active
18:27:03.516 [JavaFX Application Thread] DEBUG FXGLAssetLoaderServi - Loading from file system: file:/C:/Games/Schoolwork/Spring%2023/CS4900/DawnseekerWorkspace/CS4900G2Proj2/CS4900G2Proj2/Dawnseeker/target/classes/assets/textures/Coin.gif
18:27:03.518 [JavaFX Application Thread] DEBUG FXGLAssetLoaderServi - Loading from file system: file:/C:/Games/Schoolwork/Spring%2023/CS4900/DawnseekerWorkspace/CS4900G2Proj2/CS4900G2Proj2/Dawnseeker/target/classes/assets/sounds/bong.wav
18:27:05.197 [JavaFX Application Thread] WARN  GameWorld            - Attempted to remove entity which is not active
18:27:06.301 [JavaFX Application Thread] WARN  GameWorld            - Attempted to remove entity which is not active
18:27:07.421 [JavaFX Application Thread] WARN  GameWorld            - Attempted to remove entity which is not active
18:27:07.422 [JavaFX Application Thread] DEBUG FXGLAssetLoaderServi - Loading from file system: file:/C:/Games/Schoolwork/Spring%2023/CS4900/DawnseekerWorkspace/CS4900G2Proj2/CS4900G2Proj2/Dawnseeker/target/classes/assets/textures/PowerPotion.gif
18:27:07.661 [JavaFX Application Thread] WARN  GameWorld            - Attempted to remove entity which is not active
18:27:07.869 [JavaFX Application Thread] WARN  GameWorld            - Attempted to remove entity which is not active
18:27:08.605 [JavaFX Application Thread] DEBUG FXGLAssetLoaderServi - Loading from file system: file:/C:/Games/Schoolwork/Spring%2023/CS4900/DawnseekerWorkspace/CS4900G2Proj2/CS4900G2Proj2/Dawnseeker/target/classes/assets/sounds/coin_pickup.wav
18:27:09.357 [JavaFX Application Thread] WARN  GameWorld            - Attempted to remove entity which is not active
18:27:09.741 [JavaFX Application Thread] WARN  GameWorld            - Attempted to remove entity which is not active
18:27:09.949 [JavaFX Application Thread] WARN  GameWorld            - Attempted to remove entity which is not active
18:27:11.037 [JavaFX Application Thread] WARN  GameWorld            - Attempted to remove entity which is not active
18:27:12.013 [JavaFX Application Thread] WARN  GameWorld            - Attempted to remove entity which is not active
18:27:12.013 [JavaFX Application Thread] DEBUG FXGLAssetLoaderServi - Loading from file system: file:/C:/Games/Schoolwork/Spring%2023/CS4900/DawnseekerWorkspace/CS4900G2Proj2/CS4900G2Proj2/Dawnseeker/target/classes/assets/textures/HealthPotion.gif
18:27:12.492 [JavaFX Application Thread] WARN  GameWorld            - Attempted to remove entity which is not active
18:27:12.718 [JavaFX Application Thread] WARN  GameWorld            - Attempted to remove entity which is not active
18:27:12.893 [JavaFX Application Thread] WARN  GameWorld            - Attempted to remove entity which is not active
18:27:13.117 [JavaFX Application Thread] WARN  GameWorld            - Attempted to remove entity which is not active
18:27:13.532 [JavaFX Application Thread] WARN  GameWorld            - Attempted to remove entity which is not active
18:27:15.343 [JavaFX Application Thread] DEBUG FXGLAssetLoaderServi - Loading from file system: file:/C:/Games/Schoolwork/Spring%2023/CS4900/DawnseekerWorkspace/CS4900G2Proj2/CS4900G2Proj2/Dawnseeker/target/classes/assets/sounds/player_oof.wav
18:27:15.854 [JavaFX Application Thread] WARN  GameWorld            - Attempted to remove entity which is not active
18:27:18.142 [JavaFX Application Thread] WARN  GameWorld            - Attempted to remove entity which is not active
18:27:18.541 [JavaFX Application Thread] WARN  GameWorld            - Attempted to remove entity which is not active
18:27:19.054 [JavaFX Application Thread] WARN  GameWorld            - Attempted to remove entity which is not active
18:27:19.228 [JavaFX Application Thread] WARN  GameWorld            - Attempted to remove entity which is not active
18:27:19.453 [JavaFX Application Thread] WARN  GameWorld            - Attempted to remove entity which is not active
18:27:20.493 [JavaFX Application Thread] WARN  GameWorld            - Attempted to remove entity which is not active
18:27:21.262 [JavaFX Application Thread] WARN  GameWorld            - Attempted to remove entity which is not active
18:27:21.502 [JavaFX Application Thread] WARN  GameWorld            - Attempted to remove entity which is not active
18:27:21.837 [JavaFX Application Thread] WARN  GameWorld            - Attempted to remove entity which is not active
18:27:22.028 [JavaFX Application Thread] WARN  GameWorld            - Attempted to remove entity which is not active
18:27:23.117 [JavaFX Application Thread] WARN  GameWorld            - Attempted to remove entity which is not active
18:27:24.051 [JavaFX Application Thread] DEBUG FXGLAssetLoaderServi - Loading from file system: file:/C:/Games/Schoolwork/Spring%2023/CS4900/DawnseekerWorkspace/CS4900G2Proj2/CS4900G2Proj2/Dawnseeker/target/classes/assets/sounds/yoda_death.wav
18:27:24.053 [JavaFX Application Thread] DEBUG AudioPlayer          - Stopping music com.almasb.fxgl.audio.Music@2b69b58e
18:27:24.053 [JavaFX Application Thread] DEBUG AudioPlayer          - Stopping music com.almasb.fxgl.audio.Music@135170f3
18:27:24.054 [JavaFX Application Thread] DEBUG Input                - Clearing active input actions
18:27:24.058 [JavaFX Application Thread] DEBUG GameApplicationServi - Removing overlay from GameScene and adding to FXGLMainMenuDummyScene
18:27:24.058 [JavaFX Application Thread] DEBUG PrimaryStageWindow   - GameScene -> FXGLMainMenuDummyScene
18:27:24.058 [JavaFX Application Thread] DEBUG PrimaryStageWindow   - Push state: DawnseekerMenu
18:27:24.058 [JavaFX Application Thread] DEBUG Input                - Clearing active input actions
18:27:24.058 [JavaFX Application Thread] DEBUG GameApplicationServi - Removing overlay from FXGLMainMenuDummyScene and adding to DawnseekerMenu
18:27:24.058 [JavaFX Application Thread] DEBUG PrimaryStageWindow   - FXGLMainMenuDummyScene -> DawnseekerMenu
18:27:24.058 [JavaFX Application Thread] DEBUG AudioPlayer          - Playing music com.almasb.fxgl.audio.Music@2b69b58e
18:27:32.599 [JavaFX Application Thread] DEBUG Menu                 - fireExit()
18:27:32.600 [JavaFX Application Thread] DEBUG PrimaryStageWindow   - Push state: DialogSubScene
18:27:32.600 [JavaFX Application Thread] DEBUG Input                - Clearing active input actions
18:27:32.600 [JavaFX Application Thread] DEBUG GameApplicationServi - Removing overlay from DawnseekerMenu and adding to DialogSubScene
18:27:32.600 [JavaFX Application Thread] DEBUG PrimaryStageWindow   - DawnseekerMenu -> DialogSubScene
18:27:33.631 [JavaFX Application Thread] DEBUG PrimaryStageWindow   - Pop state: DialogSubScene
18:27:33.631 [JavaFX Application Thread] DEBUG Input                - Clearing active input actions
18:27:33.632 [JavaFX Application Thread] DEBUG GameApplicationServi - Removing overlay from DialogSubScene and adding to DawnseekerMenu
18:27:33.632 [JavaFX Application Thread] DEBUG PrimaryStageWindow   - DawnseekerMenu <- DialogSubScene
18:27:33.632 [JavaFX Application Thread] DEBUG FXGLApplication      - Exiting FXGL
18:27:33.632 [JavaFX Application Thread] DEBUG LoopRunner           - Stopping loop
18:27:33.632 [JavaFX Application Thread] DEBUG SystemBundleService  - Saving FXGL system data
18:27:33.633 [JavaFX Application Thread] DEBUG FileSystemAccess     - Writing to: C:\Games\Schoolwork\Spring 23\CS4900\DawnseekerWorkspace\CS4900G2Proj2\CS4900G2Proj2\Dawnseeker\system\fxgl.bundle
18:27:33.635 [JavaFX Application Thread] DEBUG Async                - Shutting down background threads
18:27:33.635 [JavaFX Application Thread] DEBUG PrimaryStageWindow   - Closing main window
18:27:33.643 [JavaFX Application Thread] DEBUG Logger               - Closing Logger
