21:14:57.748 [main                     ] DEBUG Logger               - Configured Logger
21:14:57.772 [main                     ] DEBUG GameApplication      - Logging settings
Title: Dawnseeker
Version: 0.4
Width: 1920
Height: 1080
Fullscreen: false
Intro: false
Profiling: false
Single step:false
App Mode: DEVELOPER
Menu Key: ESCAPE
Stage Style: DECORATED
Scene Factory: class myGame.DawnseekerApp$1

21:14:58.226 [JavaFX Application Thread] DEBUG FXGLApplication      - Initializing FXGL
21:14:58.230 [JavaFX Application Thread] INFO  Engine               - FXGL-17.2 (20.08.2022 16.50) on WINDOWS (J:19.0.2 FX:18)
21:14:58.231 [JavaFX Application Thread] DEBUG Engine               - JRE Vendor Name: Oracle Corporation
21:14:58.231 [JavaFX Application Thread] DEBUG Engine               - Running on OS: Windows 10 version 10.0
21:14:58.231 [JavaFX Application Thread] DEBUG Engine               - Architecture: amd64
21:14:58.231 [JavaFX Application Thread] INFO  Engine               - Source code and latest versions at: https://github.com/AlmasB/FXGL
21:14:58.231 [JavaFX Application Thread] INFO  Engine               -       Ask questions and discuss at: https://github.com/AlmasB/FXGL/discussions
21:14:58.231 [JavaFX Application Thread] INFO  Engine               -              Join the FXGL chat at: https://gitter.im/AlmasB/FXGL
21:14:58.352 [JavaFX Application Thread] DEBUG PrimaryStageWindow   - Creating a JavaFX scene
21:14:58.399 [JavaFX Application Thread] DEBUG PrimaryStageWindow   - Target settings size: 1920.0 x 1080.0
21:14:58.399 [JavaFX Application Thread] DEBUG PrimaryStageWindow   - Scaled scene size:    1920.0 x 1080.0
21:14:58.399 [JavaFX Application Thread] DEBUG PrimaryStageWindow   - Scaled ratio: (1.0, 1.0)
21:14:58.400 [JavaFX Application Thread] DEBUG PrimaryStageWindow   - Set initial scene to FXGLStartupScene
21:14:58.407 [JavaFX Application Thread] DEBUG PrimaryStageWindow   - Opening main window
21:14:58.488 [JavaFX Application Thread] DEBUG PrimaryStageWindow   - Window border size: (16.0, 39.0)
21:14:58.488 [JavaFX Application Thread] DEBUG PrimaryStageWindow   - Scaled size: 1920.0 x 1080.0
21:14:58.488 [JavaFX Application Thread] DEBUG PrimaryStageWindow   - Scaled ratio: (1.0, 1.0)
21:14:58.489 [JavaFX Application Thread] DEBUG PrimaryStageWindow   - Scene size: 1920.0 x 1080.0
21:14:58.489 [JavaFX Application Thread] DEBUG PrimaryStageWindow   - Stage size: 1936.0 x 1119.0
21:14:58.496 [FXGL Background Thread 1 ] DEBUG Engine               - Initializing environment variables
21:14:58.542 [FXGL Background Thread 1 ] DEBUG FXGLAssetLoaderServi - User app class for loading assets: class myGame.DawnseekerApp
21:14:58.543 [FXGL Background Thread 1 ] DEBUG GameApplicationServi - Applying CSS: fxgl_dark.css
21:14:58.543 [FXGL Background Thread 1 ] DEBUG FXGLAssetLoaderServi - Loading from file system: jar:file:/C:/Users/Morgan%20Johnson/.m2/repository/com/github/almasb/fxgl/17.2/fxgl-17.2.jar!/fxglassets/ui/css/fxgl_dark.css
21:14:58.584 [FXGL Background Thread 1 ] DEBUG GameApplicationServi - Initializing application scenes
21:14:58.621 [FXGL Background Thread 1 ] DEBUG GameWorld            - Game world initialized
21:14:58.680 [FXGL Background Thread 1 ] DEBUG PhysicsWorld         - Physics world initialized: appHeight=1080, physics.ppm=50.0
21:14:58.680 [FXGL Background Thread 1 ] DEBUG PhysicsWorld         - Using strategy: BRUTE_FORCE
21:14:58.684 [FXGL Background Thread 1 ] DEBUG GameScene            - Game scene initialized: 1920x1080
21:14:58.684 [FXGL Background Thread 1 ] DEBUG FXGLAssetLoaderServi - Loading from file system: file:/C:/Games/Schoolwork/Spring%2023/CS4900/DawnseekerWorkspace/CS4900G2Proj2/CS4900G2Proj2/Dawnseeker/target/classes/assets/music/shop.mp3
21:14:58.818 [FXGL Background Thread 1 ] DEBUG AudioPlayer          - Playing music com.almasb.fxgl.audio.Music@46a6f167
21:14:58.836 [FXGL Background Thread 1 ] DEBUG FXGLAssetLoaderServi - Loading from file system: file:/C:/Games/Schoolwork/Spring%2023/CS4900/DawnseekerWorkspace/CS4900G2Proj2/CS4900G2Proj2/Dawnseeker/target/classes/assets/textures/bg.png
21:14:58.924 [FXGL Background Thread 1 ] DEBUG FXGL.DefaultMenu     - createMenuBodyGameMenu()
21:14:58.937 [FXGL Background Thread 1 ] DEBUG FXGL.DefaultMenu     - createOptionsMenu()
21:14:58.945 [FXGL Background Thread 1 ] DEBUG FXGLAssetLoaderServi - Loading from file system: jar:file:/C:/Users/Morgan%20Johnson/.m2/repository/com/github/almasb/fxgl/17.2/fxgl-17.2.jar!/fxglassets/textures/particles/smoke.png
21:14:59.019 [FXGL Background Thread 1 ] DEBUG FXGLAssetLoaderServi - Loading from file system: jar:file:/C:/Users/Morgan%20Johnson/.m2/repository/com/github/almasb/fxgl/17.2/fxgl-17.2.jar!/fxglassets/textures/particles/trace_horizontal.png
21:14:59.035 [FXGL Background Thread 1 ] DEBUG GameApplicationServi - Application scenes initialized
21:14:59.048 [FXGL Background Thread 1 ] DEBUG SystemBundleService  - Loading FXGL system data
21:14:59.053 [FXGL Background Thread 1 ] DEBUG FileSystemAccess     - Reading from: C:\Games\Schoolwork\Spring 23\CS4900\DawnseekerWorkspace\CS4900G2Proj2\CS4900G2Proj2\Dawnseeker\system\fxgl.bundle
21:14:59.061 [FXGL Background Thread 1 ] DEBUG SystemBundleService  - Bundle FXGL: {}
21:14:59.061 [FXGL Background Thread 1 ] DEBUG UpdaterService       - Checking for updates
21:14:59.065 [FXGL Background Thread 4 ] DEBUG FXGLApplication      - Loading fonts
21:14:59.066 [FXGL Background Thread 1 ] DEBUG FXGLApplication      - Loading default localization
21:14:59.066 [FXGL Background Thread 4 ] DEBUG FXGLAssetLoaderServi - Loading from file system: jar:file:/C:/Users/Morgan%20Johnson/.m2/repository/com/github/almasb/fxgl/17.2/fxgl-17.2.jar!/fxglassets/ui/fonts/VarelaRound-Regular.ttf
21:14:59.066 [FXGL Background Thread 1 ] DEBUG FXGLAssetLoaderServi - Loading from file system: jar:file:/C:/Users/Morgan%20Johnson/.m2/repository/com/github/almasb/fxgl/17.2/fxgl-17.2.jar!/fxglassets/languages/english.lang
21:14:59.086 [FXGL Background Thread 1 ] INFO  FXGLApplication      - FXGL initialization took: 0.589 sec
21:14:59.093 [JavaFX Application Thread] DEBUG Input                - Registered new binding: action0 - LMB
21:14:59.100 [JavaFX Application Thread] DEBUG Input                - Registered new binding: Up - W
21:14:59.100 [JavaFX Application Thread] DEBUG Input                - Registered new binding: Down - S
21:14:59.100 [JavaFX Application Thread] DEBUG Input                - Registered new binding: Right - D
21:14:59.101 [JavaFX Application Thread] DEBUG Input                - Registered new binding: Left - A
21:14:59.101 [JavaFX Application Thread] DEBUG FXGLAssetLoaderServi - Loading from file system: jar:file:/C:/Users/Morgan%20Johnson/.m2/repository/com/github/almasb/fxgl/17.2/fxgl-17.2.jar!/fxglassets/textures/fxgl_icon.png
21:14:59.117 [JavaFX Application Thread] DEBUG FXGLAssetLoaderServi - Loading from file system: jar:file:/C:/Users/Morgan%20Johnson/.m2/repository/com/github/almasb/fxgl/17.2/fxgl-17.2.jar!/fxglassets/textures/fxgl_default_cursor.png
21:14:59.119 [JavaFX Application Thread] DEBUG Input                - Registered new binding: Screenshot - CTRL+8
21:14:59.120 [JavaFX Application Thread] DEBUG Input                - Registered new binding: System info dump - CTRL+9
21:14:59.121 [JavaFX Application Thread] DEBUG Input                - Registered new binding: Restart - CTRL+R
21:14:59.122 [JavaFX Application Thread] DEBUG Input                - Registered new binding: Toggle Debug Camera - CTRL+7
21:14:59.127 [JavaFX Application Thread] DEBUG LoopRunner           - Starting loop
21:14:59.127 [JavaFX Application Thread] DEBUG LoopRunner           - Initializing JavaFX AnimationTimerLoop
21:14:59.131 [JavaFX Application Thread] DEBUG Input                - Clearing active input actions
21:14:59.142 [JavaFX Application Thread] DEBUG GameApplicationServi - Removing overlay from FXGLStartupScene and adding to FXGLMainMenuDummyScene
21:14:59.142 [JavaFX Application Thread] DEBUG PrimaryStageWindow   - FXGLStartupScene -> FXGLMainMenuDummyScene
21:14:59.143 [JavaFX Application Thread] DEBUG PrimaryStageWindow   - Push state: DawnseekerMenu
21:14:59.143 [JavaFX Application Thread] DEBUG Input                - Clearing active input actions
21:14:59.150 [JavaFX Application Thread] DEBUG GameApplicationServi - Removing overlay from FXGLMainMenuDummyScene and adding to DawnseekerMenu
21:14:59.151 [JavaFX Application Thread] DEBUG PrimaryStageWindow   - FXGLMainMenuDummyScene -> DawnseekerMenu
21:14:59.166 [FXGL Background Thread 4 ] DEBUG FXGLAssetLoaderServi - Loading from file system: jar:file:/C:/Users/Morgan%20Johnson/.m2/repository/com/github/almasb/fxgl/17.2/fxgl-17.2.jar!/fxglassets/ui/fonts/Abel-Regular.ttf
21:14:59.171 [FXGL Background Thread 4 ] DEBUG FXGLAssetLoaderServi - Loading from file system: jar:file:/C:/Users/Morgan%20Johnson/.m2/repository/com/github/almasb/fxgl/17.2/fxgl-17.2.jar!/fxglassets/ui/fonts/TerminalLandMono-Regular.otf
21:14:59.175 [FXGL Background Thread 4 ] DEBUG FXGLAssetLoaderServi - Loading from file system: jar:file:/C:/Users/Morgan%20Johnson/.m2/repository/com/github/almasb/fxgl/17.2/fxgl-17.2.jar!/fxglassets/ui/fonts/Courier-Prime.ttf
21:14:59.184 [JavaFX Application Thread] DEBUG FXGLApplication      - Registering font factories with UI factory
21:14:59.453 [FXGL Background Thread 2 ] INFO  UpdaterService       - Your current version:  17.2
21:14:59.453 [FXGL Background Thread 2 ] INFO  UpdaterService       - Latest stable version: 17.3
21:14:59.795 [JavaFX Application Thread] DEBUG Menu                 - fireNewGame()
21:14:59.795 [JavaFX Application Thread] DEBUG GameApplicationServi - Starting new game
21:14:59.795 [JavaFX Application Thread] DEBUG PrimaryStageWindow   - Pop state: DawnseekerMenu
21:14:59.795 [JavaFX Application Thread] DEBUG Input                - Clearing active input actions
21:14:59.796 [JavaFX Application Thread] DEBUG GameApplicationServi - Removing overlay from DawnseekerMenu and adding to FXGLMainMenuDummyScene
21:14:59.796 [JavaFX Application Thread] DEBUG PrimaryStageWindow   - FXGLMainMenuDummyScene <- DawnseekerMenu
21:14:59.796 [JavaFX Application Thread] DEBUG Input                - Clearing active input actions
21:14:59.802 [JavaFX Application Thread] DEBUG GameApplicationServi - Removing overlay from FXGLMainMenuDummyScene and adding to FXGLLoadingScene
21:14:59.802 [JavaFX Application Thread] DEBUG PrimaryStageWindow   - FXGLMainMenuDummyScene -> FXGLLoadingScene
21:14:59.802 [JavaFX Application Thread] DEBUG GameApplicationServi - Clearing previous game
21:14:59.802 [JavaFX Application Thread] DEBUG GameScene            - Clearing game scene
21:14:59.802 [JavaFX Application Thread] DEBUG GameWorld            - Clearing game world
21:14:59.802 [JavaFX Application Thread] DEBUG PhysicsWorld         - Clearing physics world
21:14:59.804 [FXGL Background Thread 2 ] DEBUG FXGLApplication      - Initializing game
21:14:59.807 [FXGL Background Thread 2 ] DEBUG AudioPlayer          - Stopping music com.almasb.fxgl.audio.Music@46a6f167
21:14:59.809 [FXGL Background Thread 2 ] DEBUG FXGLAssetLoaderServi - Loading from file system: file:/C:/Games/Schoolwork/Spring%2023/CS4900/DawnseekerWorkspace/CS4900G2Proj2/CS4900G2Proj2/Dawnseeker/target/classes/assets/music/heartache.mp3
21:14:59.812 [FXGL Background Thread 2 ] DEBUG AudioPlayer          - Playing music com.almasb.fxgl.audio.Music@6a63e0ce
21:14:59.827 [FXGL Background Thread 2 ] DEBUG FXGLAssetLoaderServi - Loading from file system: file:/C:/Games/Schoolwork/Spring%2023/CS4900/DawnseekerWorkspace/CS4900G2Proj2/CS4900G2Proj2/Dawnseeker/target/classes/assets/textures/DawnseekerPCV2.png
21:14:59.830 [FXGL Background Thread 2 ] DEBUG FXGLAssetLoaderServi - Loading from file system: file:/C:/Games/Schoolwork/Spring%2023/CS4900/DawnseekerWorkspace/CS4900G2Proj2/CS4900G2Proj2/Dawnseeker/target/classes/assets/textures/DawnseekerPCV2Down.png
21:14:59.833 [FXGL Background Thread 2 ] DEBUG FXGLAssetLoaderServi - Loading from file system: file:/C:/Games/Schoolwork/Spring%2023/CS4900/DawnseekerWorkspace/CS4900G2Proj2/CS4900G2Proj2/Dawnseeker/target/classes/assets/textures/DawnseekerPCV2Up.png
21:14:59.836 [FXGL Background Thread 2 ] DEBUG FXGLAssetLoaderServi - Loading from file system: file:/C:/Games/Schoolwork/Spring%2023/CS4900/DawnseekerWorkspace/CS4900G2Proj2/CS4900G2Proj2/Dawnseeker/target/classes/assets/textures/DawnseekerPCV2Right.png
21:14:59.839 [FXGL Background Thread 2 ] DEBUG FXGLAssetLoaderServi - Loading from file system: file:/C:/Games/Schoolwork/Spring%2023/CS4900/DawnseekerWorkspace/CS4900G2Proj2/CS4900G2Proj2/Dawnseeker/target/classes/assets/textures/DawnseekerPCV2Left.png
21:14:59.852 [FXGL Background Thread 2 ] DEBUG FXGLAssetLoaderServi - Loading from file system: file:/C:/Games/Schoolwork/Spring%2023/CS4900/DawnseekerWorkspace/CS4900G2Proj2/CS4900G2Proj2/Dawnseeker/target/classes/assets/textures/BackGroung.png
21:14:59.887 [FXGL Background Thread 2 ] WARN  GameWorld            - Entity is already attached to world
21:14:59.888 [FXGL Background Thread 2 ] DEBUG FXGLAssetLoaderServi - Loading from file system: file:/C:/Games/Schoolwork/Spring%2023/CS4900/DawnseekerWorkspace/CS4900G2Proj2/CS4900G2Proj2/Dawnseeker/target/classes/assets/textures/Rock1.png
21:14:59.889 [FXGL Background Thread 2 ] WARN  Entity               - Entity already has component: com.almasb.fxgl.entity.components.CollidableComponent
21:14:59.890 [FXGL Background Thread 2 ] WARN  GameWorld            - Entity is already attached to world
21:14:59.890 [FXGL Background Thread 2 ] DEBUG FXGLAssetLoaderServi - Loading from file system: file:/C:/Games/Schoolwork/Spring%2023/CS4900/DawnseekerWorkspace/CS4900G2Proj2/CS4900G2Proj2/Dawnseeker/target/classes/assets/textures/Rock2.png
21:14:59.891 [FXGL Background Thread 2 ] WARN  Entity               - Entity already has component: com.almasb.fxgl.entity.components.CollidableComponent
21:14:59.892 [FXGL Background Thread 2 ] WARN  GameWorld            - Entity is already attached to world
21:14:59.892 [FXGL Background Thread 2 ] DEBUG FXGLAssetLoaderServi - Loading from file system: file:/C:/Games/Schoolwork/Spring%2023/CS4900/DawnseekerWorkspace/CS4900G2Proj2/CS4900G2Proj2/Dawnseeker/target/classes/assets/textures/BigRock1.png
21:14:59.894 [FXGL Background Thread 2 ] WARN  Entity               - Entity already has component: com.almasb.fxgl.entity.components.CollidableComponent
21:14:59.894 [FXGL Background Thread 2 ] WARN  GameWorld            - Entity is already attached to world
21:14:59.894 [FXGL Background Thread 2 ] DEBUG FXGLAssetLoaderServi - Loading from file system: file:/C:/Games/Schoolwork/Spring%2023/CS4900/DawnseekerWorkspace/CS4900G2Proj2/CS4900G2Proj2/Dawnseeker/target/classes/assets/textures/Poison.gif
21:14:59.901 [FXGL Background Thread 2 ] WARN  GameWorld            - Entity is already attached to world
21:14:59.903 [FXGL Background Thread 2 ] DEBUG FXGLAssetLoaderServi - Loading from file system: file:/C:/Games/Schoolwork/Spring%2023/CS4900/DawnseekerWorkspace/CS4900G2Proj2/CS4900G2Proj2/Dawnseeker/target/classes/assets/textures/AnimShop.png
21:14:59.908 [JavaFX Application Thread] DEBUG LoopRunner           - Stopping loop
21:14:59.909 [JavaFX Application Thread] FATAL FXGLApplication      - Uncaught Exception:
java.lang.RuntimeException: Initialization failed
	at com.almasb.fxgl.app.FXGLApplication$InitAppTask.failed(FXGLApplication.kt:343)
	at javafx.concurrent.Task.setState(Task.java:710)
	at javafx.concurrent.Task$TaskCallable.lambda$call$2(Task.java:1456)
	at com.sun.javafx.application.PlatformImpl.lambda$runLater$10(PlatformImpl.java:457)
	at java.base/java.security.AccessController.doPrivileged(AccessController.java:399)
	at com.sun.javafx.application.PlatformImpl.lambda$runLater$11(PlatformImpl.java:456)
	at com.sun.glass.ui.InvokeLaterDispatcher$Future.run(InvokeLaterDispatcher.java:96)
	at com.sun.glass.ui.win.WinApplication._runLoop(Native Method)
	at com.sun.glass.ui.win.WinApplication.lambda$runLoop$3(WinApplication.java:184)
	at java.base/java.lang.Thread.run(Thread.java:1589)
Caused by: java.lang.NullPointerException: Parameter specified as non-null is null: method com.almasb.fxgl.entity.components.ViewComponent.addChild, parameter node
	at com.almasb.fxgl.entity.components.ViewComponent.addChild(ViewComponent.kt)
	at animationComponent.ShopAnimationComponent.onAdded(ShopAnimationComponent.java:28)
	at com.almasb.fxgl.entity.Entity.addComponentNoChecks(Entity.java:401)
	at com.almasb.fxgl.entity.Entity.addComponent(Entity.java:393)
	at com.almasb.fxgl.dsl.EntityBuilder.with(EntityBuilder.kt:202)
	at myGame.simplefactory.shop(simplefactory.java:254)
	at java.base/jdk.internal.reflect.DirectMethodHandleAccessor.invoke(DirectMethodHandleAccessor.java:104)
	at java.base/java.lang.reflect.Method.invoke(Method.java:578)
	at com.almasb.fxgl.core.reflect.ReflectionUtils.call(ReflectionUtils.java:104)
	at com.almasb.fxgl.core.reflect.ReflectionUtils.lambda$mapToFunction$3(ReflectionUtils.java:111)
	at com.almasb.fxgl.entity.GameWorld$create$2.invoke(GameWorld.kt:430)
	at com.almasb.fxgl.entity.GameWorld$create$2.invoke(GameWorld.kt:430)
	at com.almasb.fxgl.core.util.DSLKt.tryCatchRoot(DSL.kt:34)
	at com.almasb.fxgl.entity.GameWorld.create(GameWorld.kt:430)
	at com.almasb.fxgl.entity.GameWorld.spawn(GameWorld.kt:396)
	at com.almasb.fxgl.entity.GameWorld.spawn(GameWorld.kt:384)
	at com.almasb.fxgl.entity.GameWorld.spawn(GameWorld.kt:359)
	at com.almasb.fxgl.dsl.FXGL$Companion.spawn(FXGL.kt:555)
	at com.almasb.fxgl.dsl.FXGL.spawn(FXGL.kt)
	at myGame.DawnseekerApp.initGame(DawnseekerApp.java:226)
	at com.almasb.fxgl.app.FXGLApplication$InitAppTask.initGame(FXGLApplication.kt:339)
	at com.almasb.fxgl.app.FXGLApplication$InitAppTask.call(FXGLApplication.kt:319)
	at com.almasb.fxgl.app.FXGLApplication$InitAppTask.call(FXGLApplication.kt:311)
	at javafx.concurrent.Task$TaskCallable.call(Task.java:1426)
	at java.base/java.util.concurrent.FutureTask.run(FutureTask.java:317)
	at java.base/java.util.concurrent.Executors$RunnableAdapter.call(Executors.java:577)
	at java.base/java.util.concurrent.FutureTask.run(FutureTask.java:317)
	at java.base/java.util.concurrent.ThreadPoolExecutor.runWorker(ThreadPoolExecutor.java:1144)
	at java.base/java.util.concurrent.ThreadPoolExecutor$Worker.run(ThreadPoolExecutor.java:642)
	... 1 more

21:14:59.910 [JavaFX Application Thread] FATAL FXGLApplication      - Application will now exit
21:14:59.924 [JavaFX Application Thread] DEBUG PrimaryStageWindow   - Push state: ErrorSubScene
21:14:59.925 [JavaFX Application Thread] DEBUG Input                - Clearing active input actions
21:14:59.930 [JavaFX Application Thread] DEBUG GameApplicationServi - Removing overlay from FXGLLoadingScene and adding to ErrorSubScene
21:14:59.931 [JavaFX Application Thread] DEBUG PrimaryStageWindow   - FXGLLoadingScene -> ErrorSubScene
21:15:02.065 [FXGL Background Thread 3 ] DEBUG Engine               - Logging environment variables
21:15:02.065 [FXGL Background Thread 3 ] DEBUG Engine               - achievements: []
21:15:02.065 [FXGL Background Thread 3 ] DEBUG Engine               - actualHeight: 1080.0
21:15:02.065 [FXGL Background Thread 3 ] DEBUG Engine               - actualHeightProperty: ReadOnlyDoubleProperty [value: 1080.0]
21:15:02.065 [FXGL Background Thread 3 ] DEBUG Engine               - actualWidth: 1920.0
21:15:02.065 [FXGL Background Thread 3 ] DEBUG Engine               - actualWidthProperty: ReadOnlyDoubleProperty [value: 1920.0]
21:15:02.065 [FXGL Background Thread 3 ] DEBUG Engine               - appIcon: fxgl_icon.png
21:15:02.065 [FXGL Background Thread 3 ] DEBUG Engine               - applicationMode: DEVELOPER
21:15:02.065 [FXGL Background Thread 3 ] DEBUG Engine               - cSSList: [fxgl_dark.css]
21:15:02.065 [FXGL Background Thread 3 ] DEBUG Engine               - collisionDetectionStrategy: BRUTE_FORCE
21:15:02.065 [FXGL Background Thread 3 ] DEBUG Engine               - configClass: Optional.empty
21:15:02.065 [FXGL Background Thread 3 ] DEBUG Engine               - credits: []
21:15:02.066 [FXGL Background Thread 3 ] DEBUG Engine               - defaultCursor: CursorInfo(imageName=fxgl_default_cursor.png, hotspotX=7.0, hotspotY=6.0)
21:15:02.066 [FXGL Background Thread 3 ] DEBUG Engine               - devBBoxColorProperty: ObjectProperty [value: 0xff0000ff]
21:15:02.066 [FXGL Background Thread 3 ] DEBUG Engine               - devEnableDebugCameraProperty: BooleanProperty [value: false]
21:15:02.066 [FXGL Background Thread 3 ] DEBUG Engine               - devSensorColorProperty: ObjectProperty [value: 0xffff00ff]
21:15:02.066 [FXGL Background Thread 3 ] DEBUG Engine               - devShowBBoxProperty: BooleanProperty [value: false]
21:15:02.066 [FXGL Background Thread 3 ] DEBUG Engine               - devShowPositionProperty: BooleanProperty [value: false]
21:15:02.066 [FXGL Background Thread 3 ] DEBUG Engine               - enabledMenuItems: []
21:15:02.066 [FXGL Background Thread 3 ] DEBUG Engine               - engineServices: [class com.almasb.fxgl.app.services.FXGLAssetLoaderService, class com.almasb.fxgl.app.FXGLApplication$GameApplicationService, class com.almasb.fxgl.app.services.FXGLDialogService, class com.almasb.fxgl.app.services.IOTaskExecutorService, class com.almasb.fxgl.io.FileSystemService, class com.almasb.fxgl.localization.LocalizationService, class com.almasb.fxgl.app.services.SystemBundleService, class com.almasb.fxgl.profile.SaveLoadService, class com.almasb.fxgl.ui.FXGLUIFactoryServiceProvider, class com.almasb.fxgl.ui.FXGLDialogFactoryServiceProvider, class com.almasb.fxgl.audio.AudioPlayer, class com.almasb.fxgl.notification.impl.NotificationServiceProvider, class com.almasb.fxgl.achievement.AchievementService, class com.almasb.fxgl.cutscene.CutsceneService, class com.almasb.fxgl.minigames.MiniGameService, class com.almasb.fxgl.net.NetService, class com.almasb.fxgl.app.services.UpdaterService, class com.almasb.fxgl.dev.DevService]
21:15:02.066 [FXGL Background Thread 3 ] DEBUG Engine               - fontGame: Abel-Regular.ttf
21:15:02.066 [FXGL Background Thread 3 ] DEBUG Engine               - fontMono: TerminalLandMono-Regular.otf
21:15:02.066 [FXGL Background Thread 3 ] DEBUG Engine               - fontText: Courier-Prime.ttf
21:15:02.066 [FXGL Background Thread 3 ] DEBUG Engine               - fontUI: VarelaRound-Regular.ttf
21:15:02.066 [FXGL Background Thread 3 ] DEBUG Engine               - fullScreen: BooleanProperty [value: false]
21:15:02.066 [FXGL Background Thread 3 ] DEBUG Engine               - gameDifficulty: MEDIUM
21:15:02.067 [FXGL Background Thread 3 ] DEBUG Engine               - gameDifficultyProperty: ObjectProperty [value: MEDIUM]
21:15:02.067 [FXGL Background Thread 3 ] DEBUG Engine               - globalMusicVolume: 0.5
21:15:02.067 [FXGL Background Thread 3 ] DEBUG Engine               - globalMusicVolumeProperty: DoubleProperty [value: 0.5]
21:15:02.067 [FXGL Background Thread 3 ] DEBUG Engine               - globalSoundVolume: 0.5
21:15:02.067 [FXGL Background Thread 3 ] DEBUG Engine               - globalSoundVolumeProperty: DoubleProperty [value: 0.5]
21:15:02.067 [FXGL Background Thread 3 ] DEBUG Engine               - height: 1080
21:15:02.067 [FXGL Background Thread 3 ] DEBUG Engine               - is3D: false
21:15:02.067 [FXGL Background Thread 3 ] DEBUG Engine               - isAndroid: false
21:15:02.067 [FXGL Background Thread 3 ] DEBUG Engine               - isBrowser: false
21:15:02.067 [FXGL Background Thread 3 ] DEBUG Engine               - isClickFeedbackEnabled: false
21:15:02.067 [FXGL Background Thread 3 ] DEBUG Engine               - isCloseConfirmation: false
21:15:02.067 [FXGL Background Thread 3 ] DEBUG Engine               - isDesktop: true
21:15:02.067 [FXGL Background Thread 3 ] DEBUG Engine               - isDeveloperMenuEnabled: false
21:15:02.067 [FXGL Background Thread 3 ] DEBUG Engine               - isEmbedded: false
21:15:02.067 [FXGL Background Thread 3 ] DEBUG Engine               - isEntityPreloadEnabled: true
21:15:02.067 [FXGL Background Thread 3 ] DEBUG Engine               - isExperimentalTiledLargeMap: false
21:15:02.067 [FXGL Background Thread 3 ] DEBUG Engine               - isFileSystemWriteAllowed: true
21:15:02.067 [FXGL Background Thread 3 ] DEBUG Engine               - isFullScreenAllowed: false
21:15:02.067 [FXGL Background Thread 3 ] DEBUG Engine               - isFullScreenFromStart: false
21:15:02.067 [FXGL Background Thread 3 ] DEBUG Engine               - isGameMenuEnabled: true
21:15:02.067 [FXGL Background Thread 3 ] DEBUG Engine               - isIOS: false
21:15:02.067 [FXGL Background Thread 3 ] DEBUG Engine               - isIntroEnabled: false
21:15:02.067 [FXGL Background Thread 3 ] DEBUG Engine               - isLinux: false
21:15:02.067 [FXGL Background Thread 3 ] DEBUG Engine               - isMac: false
21:15:02.067 [FXGL Background Thread 3 ] DEBUG Engine               - isMainMenuEnabled: true
21:15:02.067 [FXGL Background Thread 3 ] DEBUG Engine               - isManualResizeEnabled: false
21:15:02.067 [FXGL Background Thread 3 ] DEBUG Engine               - isMobile: false
21:15:02.068 [FXGL Background Thread 3 ] DEBUG Engine               - isNative: false
21:15:02.068 [FXGL Background Thread 3 ] DEBUG Engine               - isPauseMusicWhenMinimized: true
21:15:02.068 [FXGL Background Thread 3 ] DEBUG Engine               - isPreserveResizeRatio: false
21:15:02.068 [FXGL Background Thread 3 ] DEBUG Engine               - isProfilingEnabled: false
21:15:02.068 [FXGL Background Thread 3 ] DEBUG Engine               - isScaleAffectedOnResize: true
21:15:02.068 [FXGL Background Thread 3 ] DEBUG Engine               - isSingleStep: false
21:15:02.068 [FXGL Background Thread 3 ] DEBUG Engine               - isUserProfileEnabled: false
21:15:02.068 [FXGL Background Thread 3 ] DEBUG Engine               - isWindows: true
21:15:02.068 [FXGL Background Thread 3 ] DEBUG Engine               - language: ObjectProperty [value: ENGLISH]
21:15:02.068 [FXGL Background Thread 3 ] DEBUG Engine               - menuKey: ESCAPE
21:15:02.068 [FXGL Background Thread 3 ] DEBUG Engine               - mouseSensitivity: 0.2
21:15:02.068 [FXGL Background Thread 3 ] DEBUG Engine               - notificationViewClass: class com.almasb.fxgl.notification.view.XboxNotificationView
21:15:02.068 [FXGL Background Thread 3 ] DEBUG Engine               - pixelsPerMeter: 50.0
21:15:02.068 [FXGL Background Thread 3 ] DEBUG Engine               - platform: WINDOWS
21:15:02.068 [FXGL Background Thread 3 ] DEBUG Engine               - prefHeightProperty: ReadOnlyDoubleProperty [value: 1080.0]
21:15:02.068 [FXGL Background Thread 3 ] DEBUG Engine               - prefWidthProperty: ReadOnlyDoubleProperty [value: 1920.0]
21:15:02.068 [FXGL Background Thread 3 ] DEBUG Engine               - profileDir: profiles/
21:15:02.068 [FXGL Background Thread 3 ] DEBUG Engine               - profileName: StringProperty [value: DEFAULT]
21:15:02.068 [FXGL Background Thread 3 ] DEBUG Engine               - randomSeed: -1
21:15:02.068 [FXGL Background Thread 3 ] DEBUG Engine               - runtimeInfo: RuntimeInfo(platform=WINDOWS, version=17.2, build=20.08.2022 16.50)
21:15:02.068 [FXGL Background Thread 3 ] DEBUG Engine               - saveFileExt: sav
21:15:02.068 [FXGL Background Thread 3 ] DEBUG Engine               - scaledHeightProp$fxgl: DoubleProperty [bound, value: 1080.0]
21:15:02.069 [FXGL Background Thread 3 ] DEBUG Engine               - scaledWidthProp$fxgl: DoubleProperty [bound, value: 1920.0]
21:15:02.069 [FXGL Background Thread 3 ] DEBUG Engine               - sceneFactory: myGame.DawnseekerApp$1@b8787c1
21:15:02.069 [FXGL Background Thread 3 ] DEBUG Engine               - secondsIn24h: 60
21:15:02.069 [FXGL Background Thread 3 ] DEBUG Engine               - soundMenuBack: menu/back.wav
21:15:02.069 [FXGL Background Thread 3 ] DEBUG Engine               - soundMenuPress: menu/press.wav
21:15:02.069 [FXGL Background Thread 3 ] DEBUG Engine               - soundMenuSelect: menu/select.wav
21:15:02.069 [FXGL Background Thread 3 ] DEBUG Engine               - soundNotification: core/notification.wav
21:15:02.069 [FXGL Background Thread 3 ] DEBUG Engine               - stageStyle: DECORATED
21:15:02.069 [FXGL Background Thread 3 ] DEBUG Engine               - supportedLanguages: [ENGLISH, FRENCH, GERMAN, HUNGARIAN, RUSSIAN]
21:15:02.069 [FXGL Background Thread 3 ] DEBUG Engine               - ticksPerSecond: -1
21:15:02.069 [FXGL Background Thread 3 ] DEBUG Engine               - title: Dawnseeker
21:15:02.069 [FXGL Background Thread 3 ] DEBUG Engine               - urlGithub: https://github.com/AlmasB/FXGL
21:15:02.069 [FXGL Background Thread 3 ] DEBUG Engine               - urlLeaderboard: http://fxgl-top.herokuapp.com/
21:15:02.069 [FXGL Background Thread 3 ] DEBUG Engine               - urlPOM: https://raw.githubusercontent.com/AlmasB/FXGL/release/README.md
21:15:02.069 [FXGL Background Thread 3 ] DEBUG Engine               - userAppClass: class myGame.DawnseekerApp
21:15:02.069 [FXGL Background Thread 3 ] DEBUG Engine               - version: 0.4
21:15:02.069 [FXGL Background Thread 3 ] DEBUG Engine               - versionCheckDays: 7
21:15:02.069 [FXGL Background Thread 3 ] DEBUG Engine               - width: 1920
21:15:02.069 [FXGL Background Thread 3 ] DEBUG Engine               - Logging services
21:15:02.069 [FXGL Background Thread 3 ] DEBUG Engine               - class com.almasb.fxgl.app.services.FXGLAssetLoaderService
21:15:02.069 [FXGL Background Thread 3 ] DEBUG Engine               - class com.almasb.fxgl.app.FXGLApplication$GameApplicationService
21:15:02.069 [FXGL Background Thread 3 ] DEBUG Engine               - class com.almasb.fxgl.app.services.FXGLDialogService
21:15:02.069 [FXGL Background Thread 3 ] DEBUG Engine               - class com.almasb.fxgl.app.services.IOTaskExecutorService
21:15:02.069 [FXGL Background Thread 3 ] DEBUG Engine               - class com.almasb.fxgl.io.FileSystemService
21:15:02.069 [FXGL Background Thread 3 ] DEBUG Engine               - class com.almasb.fxgl.localization.LocalizationService
21:15:02.069 [FXGL Background Thread 3 ] DEBUG Engine               - class com.almasb.fxgl.app.services.SystemBundleService
21:15:02.069 [FXGL Background Thread 3 ] DEBUG Engine               - class com.almasb.fxgl.profile.SaveLoadService
21:15:02.069 [FXGL Background Thread 3 ] DEBUG Engine               - class com.almasb.fxgl.ui.FXGLUIFactoryServiceProvider
21:15:02.069 [FXGL Background Thread 3 ] DEBUG Engine               - class com.almasb.fxgl.ui.FXGLDialogFactoryServiceProvider
21:15:02.069 [FXGL Background Thread 3 ] DEBUG Engine               - class com.almasb.fxgl.audio.AudioPlayer
21:15:02.069 [FXGL Background Thread 3 ] DEBUG Engine               - class com.almasb.fxgl.notification.impl.NotificationServiceProvider
21:15:02.069 [FXGL Background Thread 3 ] DEBUG Engine               - class com.almasb.fxgl.achievement.AchievementService
21:15:02.070 [FXGL Background Thread 3 ] DEBUG Engine               - class com.almasb.fxgl.cutscene.CutsceneService
21:15:02.070 [FXGL Background Thread 3 ] DEBUG Engine               - class com.almasb.fxgl.minigames.MiniGameService
21:15:02.070 [FXGL Background Thread 3 ] DEBUG Engine               - class com.almasb.fxgl.net.NetService
21:15:02.070 [FXGL Background Thread 3 ] DEBUG Engine               - class com.almasb.fxgl.app.services.UpdaterService
21:15:02.070 [FXGL Background Thread 3 ] DEBUG Engine               - class com.almasb.fxgl.dev.DevService
21:15:02.240 [JavaFX Application Thread] DEBUG FXGLApplication      - Exiting FXGL
21:15:02.240 [JavaFX Application Thread] DEBUG Async                - Shutting down background threads
21:15:02.240 [JavaFX Application Thread] DEBUG PrimaryStageWindow   - Closing main window
21:15:02.248 [JavaFX Application Thread] DEBUG Logger               - Closing Logger
