20:08:25.978 [main                     ] DEBUG Logger               - Configured Logger
20:08:26.010 [main                     ] DEBUG GameApplication      - Logging settings
Title: Dawnseeker
Version: 0.2
Width: 1024
Height: 1024
Fullscreen: false
Intro: false
Profiling: false
Single step:false
App Mode: DEVELOPER
Menu Key: ESCAPE
Stage Style: DECORATED
Scene Factory: class com.almasb.fxgl.app.scene.SceneFactory

20:08:26.691 [JavaFX Application Thread] DEBUG FXGLApplication      - Initializing FXGL
20:08:26.700 [JavaFX Application Thread] INFO  Engine               - FXGL-17.2 (20.08.2022 16.50) on WINDOWS (J:19.0.2 FX:18)
20:08:26.700 [JavaFX Application Thread] DEBUG Engine               - JRE Vendor Name: Oracle Corporation
20:08:26.701 [JavaFX Application Thread] DEBUG Engine               - Running on OS: Windows 10 version 10.0
20:08:26.701 [JavaFX Application Thread] DEBUG Engine               - Architecture: amd64
20:08:26.701 [JavaFX Application Thread] INFO  Engine               - Source code and latest versions at: https://github.com/AlmasB/FXGL
20:08:26.702 [JavaFX Application Thread] INFO  Engine               -       Ask questions and discuss at: https://github.com/AlmasB/FXGL/discussions
20:08:26.702 [JavaFX Application Thread] INFO  Engine               -              Join the FXGL chat at: https://gitter.im/AlmasB/FXGL
20:08:26.881 [JavaFX Application Thread] DEBUG PrimaryStageWindow   - Creating a JavaFX scene
20:08:26.881 [JavaFX Application Thread] DEBUG PrimaryStageWindow   - Target size > screen size
20:08:26.964 [JavaFX Application Thread] DEBUG PrimaryStageWindow   - Target settings size: 1024.0 x 1024.0
20:08:26.964 [JavaFX Application Thread] DEBUG PrimaryStageWindow   - Scaled scene size:    799.0 x 824.0
20:08:26.964 [JavaFX Application Thread] DEBUG PrimaryStageWindow   - Scaled ratio: (0.7802734375, 0.8046875)
20:08:26.966 [JavaFX Application Thread] DEBUG PrimaryStageWindow   - Set initial scene to FXGLStartupScene
20:08:26.973 [JavaFX Application Thread] DEBUG PrimaryStageWindow   - Opening main window
20:08:27.113 [JavaFX Application Thread] DEBUG PrimaryStageWindow   - Window border size: (14.5999755859375, 37.5999755859375)
20:08:27.113 [JavaFX Application Thread] DEBUG PrimaryStageWindow   - Scaled size: 799.0 x 824.0
20:08:27.114 [JavaFX Application Thread] DEBUG PrimaryStageWindow   - Scaled ratio: (0.7802734375, 0.8046875)
20:08:27.114 [JavaFX Application Thread] DEBUG PrimaryStageWindow   - Scene size: 799.0 x 824.0
20:08:27.114 [JavaFX Application Thread] DEBUG PrimaryStageWindow   - Stage size: 813.5999755859375 x 861.5999755859375
20:08:27.121 [FXGL Background Thread 1 ] DEBUG Engine               - Initializing environment variables
20:08:27.196 [FXGL Background Thread 1 ] DEBUG FXGLAssetLoaderServi - User app class for loading assets: class myGame.DawnseekerApp
20:08:27.196 [FXGL Background Thread 1 ] DEBUG GameApplicationServi - Applying CSS: fxgl_dark.css
20:08:27.198 [FXGL Background Thread 1 ] DEBUG FXGLAssetLoaderServi - Loading from file system: jar:file:/C:/Users/narro/.m2/repository/com/github/almasb/fxgl/17.2/fxgl-17.2.jar!/fxglassets/ui/css/fxgl_dark.css
20:08:27.253 [FXGL Background Thread 1 ] DEBUG GameApplicationServi - Initializing application scenes
20:08:27.312 [FXGL Background Thread 1 ] DEBUG GameWorld            - Game world initialized
20:08:27.393 [FXGL Background Thread 1 ] DEBUG PhysicsWorld         - Physics world initialized: appHeight=1024, physics.ppm=50.0
20:08:27.394 [FXGL Background Thread 1 ] DEBUG PhysicsWorld         - Using strategy: BRUTE_FORCE
20:08:27.400 [FXGL Background Thread 1 ] DEBUG GameScene            - Game scene initialized: 1024x1024
20:08:27.421 [FXGL Background Thread 1 ] DEBUG FXGL.DefaultMenu     - createMenuBodyMainMenu()
20:08:27.443 [FXGL Background Thread 1 ] DEBUG FXGL.DefaultMenu     - createOptionsMenu()
20:08:27.453 [FXGL Background Thread 1 ] DEBUG FXGLAssetLoaderServi - Loading from file system: jar:file:/C:/Users/narro/.m2/repository/com/github/almasb/fxgl/17.2/fxgl-17.2.jar!/fxglassets/textures/particles/smoke.png
20:08:27.576 [FXGL Background Thread 1 ] DEBUG FXGLAssetLoaderServi - Loading from file system: jar:file:/C:/Users/narro/.m2/repository/com/github/almasb/fxgl/17.2/fxgl-17.2.jar!/fxglassets/textures/particles/trace_horizontal.png
20:08:27.605 [FXGL Background Thread 1 ] DEBUG FXGL.DefaultMenu     - createMenuBodyGameMenu()
20:08:27.606 [FXGL Background Thread 1 ] DEBUG FXGL.DefaultMenu     - createOptionsMenu()
20:08:27.620 [FXGL Background Thread 1 ] DEBUG GameApplicationServi - Application scenes initialized
20:08:27.635 [FXGL Background Thread 1 ] DEBUG SystemBundleService  - Loading FXGL system data
20:08:27.640 [FXGL Background Thread 1 ] DEBUG FileSystemAccess     - Reading from: C:\Users\narro\OneDrive\Documents\coleg\Spring 2023\CS 4900 Senior Seminiar\Dawnseeker\Dawnseeker\system\fxgl.bundle
20:08:27.651 [FXGL Background Thread 1 ] DEBUG SystemBundleService  - Bundle FXGL: {}
20:08:27.651 [FXGL Background Thread 1 ] DEBUG UpdaterService       - Checking for updates
20:08:27.655 [FXGL Background Thread 4 ] DEBUG FXGLApplication      - Loading fonts
20:08:27.656 [FXGL Background Thread 4 ] DEBUG FXGLAssetLoaderServi - Loading from file system: jar:file:/C:/Users/narro/.m2/repository/com/github/almasb/fxgl/17.2/fxgl-17.2.jar!/fxglassets/ui/fonts/VarelaRound-Regular.ttf
20:08:27.656 [FXGL Background Thread 1 ] DEBUG FXGLApplication      - Loading default localization
20:08:27.656 [FXGL Background Thread 1 ] DEBUG FXGLAssetLoaderServi - Loading from file system: jar:file:/C:/Users/narro/.m2/repository/com/github/almasb/fxgl/17.2/fxgl-17.2.jar!/fxglassets/languages/english.lang
20:08:27.687 [FXGL Background Thread 1 ] INFO  FXGLApplication      - FXGL initialization took: 0.565 sec
20:08:27.700 [JavaFX Application Thread] DEBUG Input                - Registered new binding: action0 - W
20:08:27.701 [JavaFX Application Thread] DEBUG Input                - Registered new binding: action1 - S
20:08:27.701 [JavaFX Application Thread] DEBUG Input                - Registered new binding: action2 - A
20:08:27.701 [JavaFX Application Thread] DEBUG Input                - Registered new binding: action3 - D
20:08:27.704 [JavaFX Application Thread] DEBUG Input                - Registered new binding: action4 - LMB
20:08:27.705 [JavaFX Application Thread] DEBUG FXGLAssetLoaderServi - Loading from file system: jar:file:/C:/Users/narro/.m2/repository/com/github/almasb/fxgl/17.2/fxgl-17.2.jar!/fxglassets/textures/fxgl_icon.png
20:08:27.731 [JavaFX Application Thread] DEBUG FXGLAssetLoaderServi - Loading from file system: jar:file:/C:/Users/narro/.m2/repository/com/github/almasb/fxgl/17.2/fxgl-17.2.jar!/fxglassets/textures/fxgl_default_cursor.png
20:08:27.735 [JavaFX Application Thread] DEBUG Input                - Registered new binding: Screenshot - CTRL+8
20:08:27.735 [JavaFX Application Thread] DEBUG Input                - Registered new binding: System info dump - CTRL+9
20:08:27.736 [JavaFX Application Thread] DEBUG Input                - Registered new binding: Restart - CTRL+R
20:08:27.737 [JavaFX Application Thread] DEBUG Input                - Registered new binding: Toggle Debug Camera - CTRL+7
20:08:27.740 [JavaFX Application Thread] DEBUG LoopRunner           - Starting loop
20:08:27.741 [JavaFX Application Thread] DEBUG LoopRunner           - Initializing JavaFX AnimationTimerLoop
20:08:27.745 [JavaFX Application Thread] DEBUG Input                - Clearing active input actions
20:08:27.754 [JavaFX Application Thread] DEBUG GameApplicationServi - Removing overlay from FXGLStartupScene and adding to FXGLMainMenuDummyScene
20:08:27.754 [JavaFX Application Thread] DEBUG PrimaryStageWindow   - FXGLStartupScene -> FXGLMainMenuDummyScene
20:08:27.755 [JavaFX Application Thread] DEBUG PrimaryStageWindow   - Push state: FXGLDefaultMenu
20:08:27.760 [FXGL Background Thread 4 ] DEBUG FXGLAssetLoaderServi - Loading from file system: jar:file:/C:/Users/narro/.m2/repository/com/github/almasb/fxgl/17.2/fxgl-17.2.jar!/fxglassets/ui/fonts/Abel-Regular.ttf
20:08:27.762 [JavaFX Application Thread] DEBUG Input                - Clearing active input actions
20:08:27.774 [FXGL Background Thread 4 ] DEBUG FXGLAssetLoaderServi - Loading from file system: jar:file:/C:/Users/narro/.m2/repository/com/github/almasb/fxgl/17.2/fxgl-17.2.jar!/fxglassets/ui/fonts/TerminalLandMono-Regular.otf
20:08:27.776 [JavaFX Application Thread] DEBUG GameApplicationServi - Removing overlay from FXGLMainMenuDummyScene and adding to FXGLDefaultMenu
20:08:27.777 [JavaFX Application Thread] DEBUG PrimaryStageWindow   - FXGLMainMenuDummyScene -> FXGLDefaultMenu
20:08:27.785 [FXGL Background Thread 4 ] DEBUG FXGLAssetLoaderServi - Loading from file system: jar:file:/C:/Users/narro/.m2/repository/com/github/almasb/fxgl/17.2/fxgl-17.2.jar!/fxglassets/ui/fonts/Courier-Prime.ttf
20:08:27.869 [JavaFX Application Thread] DEBUG FXGLApplication      - Registering font factories with UI factory
20:08:30.655 [FXGL Background Thread 3 ] DEBUG Engine               - Logging environment variables
20:08:30.655 [FXGL Background Thread 3 ] DEBUG Engine               - achievements: []
20:08:30.656 [FXGL Background Thread 3 ] DEBUG Engine               - actualHeight: 824.0
20:08:30.656 [FXGL Background Thread 3 ] DEBUG Engine               - actualHeightProperty: ReadOnlyDoubleProperty [value: 824.0]
20:08:30.656 [FXGL Background Thread 3 ] DEBUG Engine               - actualWidth: 799.0
20:08:30.656 [FXGL Background Thread 3 ] DEBUG Engine               - actualWidthProperty: ReadOnlyDoubleProperty [value: 799.0]
20:08:30.656 [FXGL Background Thread 3 ] DEBUG Engine               - appIcon: fxgl_icon.png
20:08:30.656 [FXGL Background Thread 3 ] DEBUG Engine               - applicationMode: DEVELOPER
20:08:30.656 [FXGL Background Thread 3 ] DEBUG Engine               - cSSList: [fxgl_dark.css]
20:08:30.656 [FXGL Background Thread 3 ] DEBUG Engine               - collisionDetectionStrategy: BRUTE_FORCE
20:08:30.656 [FXGL Background Thread 3 ] DEBUG Engine               - configClass: Optional.empty
20:08:30.656 [FXGL Background Thread 3 ] DEBUG Engine               - credits: []
20:08:30.658 [FXGL Background Thread 3 ] DEBUG Engine               - defaultCursor: CursorInfo(imageName=fxgl_default_cursor.png, hotspotX=7.0, hotspotY=6.0)
20:08:30.659 [FXGL Background Thread 3 ] DEBUG Engine               - devBBoxColorProperty: ObjectProperty [value: 0xff0000ff]
20:08:30.660 [FXGL Background Thread 3 ] DEBUG Engine               - devEnableDebugCameraProperty: BooleanProperty [value: false]
20:08:30.660 [FXGL Background Thread 3 ] DEBUG Engine               - devSensorColorProperty: ObjectProperty [value: 0xffff00ff]
20:08:30.660 [FXGL Background Thread 3 ] DEBUG Engine               - devShowBBoxProperty: BooleanProperty [value: false]
20:08:30.660 [FXGL Background Thread 3 ] DEBUG Engine               - devShowPositionProperty: BooleanProperty [value: false]
20:08:30.660 [FXGL Background Thread 3 ] DEBUG Engine               - enabledMenuItems: []
20:08:30.670 [FXGL Background Thread 3 ] DEBUG Engine               - engineServices: [class com.almasb.fxgl.app.services.FXGLAssetLoaderService, class com.almasb.fxgl.app.FXGLApplication$GameApplicationService, class com.almasb.fxgl.app.services.FXGLDialogService, class com.almasb.fxgl.app.services.IOTaskExecutorService, class com.almasb.fxgl.io.FileSystemService, class com.almasb.fxgl.localization.LocalizationService, class com.almasb.fxgl.app.services.SystemBundleService, class com.almasb.fxgl.profile.SaveLoadService, class com.almasb.fxgl.ui.FXGLUIFactoryServiceProvider, class com.almasb.fxgl.ui.FXGLDialogFactoryServiceProvider, class com.almasb.fxgl.audio.AudioPlayer, class com.almasb.fxgl.notification.impl.NotificationServiceProvider, class com.almasb.fxgl.achievement.AchievementService, class com.almasb.fxgl.cutscene.CutsceneService, class com.almasb.fxgl.minigames.MiniGameService, class com.almasb.fxgl.net.NetService, class com.almasb.fxgl.app.services.UpdaterService, class com.almasb.fxgl.dev.DevService]
20:08:30.670 [FXGL Background Thread 3 ] DEBUG Engine               - fontGame: Abel-Regular.ttf
20:08:30.670 [FXGL Background Thread 3 ] DEBUG Engine               - fontMono: TerminalLandMono-Regular.otf
20:08:30.670 [FXGL Background Thread 3 ] DEBUG Engine               - fontText: Courier-Prime.ttf
20:08:30.670 [FXGL Background Thread 3 ] DEBUG Engine               - fontUI: VarelaRound-Regular.ttf
20:08:30.670 [FXGL Background Thread 3 ] DEBUG Engine               - fullScreen: BooleanProperty [value: false]
20:08:30.670 [FXGL Background Thread 3 ] DEBUG Engine               - gameDifficulty: MEDIUM
20:08:30.671 [FXGL Background Thread 3 ] DEBUG Engine               - gameDifficultyProperty: ObjectProperty [value: MEDIUM]
20:08:30.671 [FXGL Background Thread 3 ] DEBUG Engine               - globalMusicVolume: 0.5
20:08:30.671 [FXGL Background Thread 3 ] DEBUG Engine               - globalMusicVolumeProperty: DoubleProperty [value: 0.5]
20:08:30.671 [FXGL Background Thread 3 ] DEBUG Engine               - globalSoundVolume: 0.5
20:08:30.671 [FXGL Background Thread 3 ] DEBUG Engine               - globalSoundVolumeProperty: DoubleProperty [value: 0.5]
20:08:30.671 [FXGL Background Thread 3 ] DEBUG Engine               - height: 1024
20:08:30.671 [FXGL Background Thread 3 ] DEBUG Engine               - is3D: false
20:08:30.671 [FXGL Background Thread 3 ] DEBUG Engine               - isAndroid: false
20:08:30.671 [FXGL Background Thread 3 ] DEBUG Engine               - isBrowser: false
20:08:30.672 [FXGL Background Thread 3 ] DEBUG Engine               - isClickFeedbackEnabled: false
20:08:30.672 [FXGL Background Thread 3 ] DEBUG Engine               - isCloseConfirmation: false
20:08:30.672 [FXGL Background Thread 3 ] DEBUG Engine               - isDesktop: true
20:08:30.672 [FXGL Background Thread 3 ] DEBUG Engine               - isDeveloperMenuEnabled: false
20:08:30.672 [FXGL Background Thread 3 ] DEBUG Engine               - isEmbedded: false
20:08:30.672 [FXGL Background Thread 3 ] DEBUG Engine               - isEntityPreloadEnabled: true
20:08:30.672 [FXGL Background Thread 3 ] DEBUG Engine               - isExperimentalTiledLargeMap: false
20:08:30.672 [FXGL Background Thread 3 ] DEBUG Engine               - isFileSystemWriteAllowed: true
20:08:30.672 [FXGL Background Thread 3 ] DEBUG Engine               - isFullScreenAllowed: false
20:08:30.672 [FXGL Background Thread 3 ] DEBUG Engine               - isFullScreenFromStart: false
20:08:30.673 [FXGL Background Thread 3 ] DEBUG Engine               - isGameMenuEnabled: true
20:08:30.673 [FXGL Background Thread 3 ] DEBUG Engine               - isIOS: false
20:08:30.673 [FXGL Background Thread 3 ] DEBUG Engine               - isIntroEnabled: false
20:08:30.673 [FXGL Background Thread 3 ] DEBUG Engine               - isLinux: false
20:08:30.673 [FXGL Background Thread 3 ] DEBUG Engine               - isMac: false
20:08:30.673 [FXGL Background Thread 3 ] DEBUG Engine               - isMainMenuEnabled: true
20:08:30.673 [FXGL Background Thread 3 ] DEBUG Engine               - isManualResizeEnabled: false
20:08:30.673 [FXGL Background Thread 3 ] DEBUG Engine               - isMobile: false
20:08:30.673 [FXGL Background Thread 3 ] DEBUG Engine               - isNative: false
20:08:30.673 [FXGL Background Thread 3 ] DEBUG Engine               - isPauseMusicWhenMinimized: true
20:08:30.674 [FXGL Background Thread 3 ] DEBUG Engine               - isPreserveResizeRatio: false
20:08:30.674 [FXGL Background Thread 3 ] DEBUG Engine               - isProfilingEnabled: false
20:08:30.675 [FXGL Background Thread 3 ] DEBUG Engine               - isScaleAffectedOnResize: true
20:08:30.675 [FXGL Background Thread 3 ] DEBUG Engine               - isSingleStep: false
20:08:30.675 [FXGL Background Thread 3 ] DEBUG Engine               - isUserProfileEnabled: false
20:08:30.675 [FXGL Background Thread 3 ] DEBUG Engine               - isWindows: true
20:08:30.676 [FXGL Background Thread 3 ] DEBUG Engine               - language: ObjectProperty [value: ENGLISH]
20:08:30.676 [FXGL Background Thread 3 ] DEBUG Engine               - menuKey: ESCAPE
20:08:30.676 [FXGL Background Thread 3 ] DEBUG Engine               - mouseSensitivity: 0.2
20:08:30.676 [FXGL Background Thread 3 ] DEBUG Engine               - notificationViewClass: class com.almasb.fxgl.notification.view.XboxNotificationView
20:08:30.677 [FXGL Background Thread 3 ] DEBUG Engine               - pixelsPerMeter: 50.0
20:08:30.683 [FXGL Background Thread 3 ] DEBUG Engine               - platform: WINDOWS
20:08:30.683 [FXGL Background Thread 3 ] DEBUG Engine               - prefHeightProperty: ReadOnlyDoubleProperty [value: 1024.0]
20:08:30.683 [FXGL Background Thread 3 ] DEBUG Engine               - prefWidthProperty: ReadOnlyDoubleProperty [value: 1024.0]
20:08:30.683 [FXGL Background Thread 3 ] DEBUG Engine               - profileDir: profiles/
20:08:30.683 [FXGL Background Thread 3 ] DEBUG Engine               - profileName: StringProperty [value: DEFAULT]
20:08:30.683 [FXGL Background Thread 3 ] DEBUG Engine               - randomSeed: -1
20:08:30.685 [FXGL Background Thread 3 ] DEBUG Engine               - runtimeInfo: RuntimeInfo(platform=WINDOWS, version=17.2, build=20.08.2022 16.50)
20:08:30.685 [FXGL Background Thread 3 ] DEBUG Engine               - saveFileExt: sav
20:08:30.686 [FXGL Background Thread 3 ] DEBUG Engine               - scaledHeightProp$fxgl: DoubleProperty [bound, value: 824.0]
20:08:30.686 [FXGL Background Thread 3 ] DEBUG Engine               - scaledWidthProp$fxgl: DoubleProperty [bound, value: 799.0]
20:08:30.686 [FXGL Background Thread 3 ] DEBUG Engine               - sceneFactory: com.almasb.fxgl.app.scene.SceneFactory@1def94c7
20:08:30.687 [FXGL Background Thread 3 ] DEBUG Engine               - secondsIn24h: 60
20:08:30.687 [FXGL Background Thread 3 ] DEBUG Engine               - soundMenuBack: menu/back.wav
20:08:30.687 [FXGL Background Thread 3 ] DEBUG Engine               - soundMenuPress: menu/press.wav
20:08:30.687 [FXGL Background Thread 3 ] DEBUG Engine               - soundMenuSelect: menu/select.wav
20:08:30.687 [FXGL Background Thread 3 ] DEBUG Engine               - soundNotification: core/notification.wav
20:08:30.687 [FXGL Background Thread 3 ] DEBUG Engine               - stageStyle: DECORATED
20:08:30.687 [FXGL Background Thread 3 ] DEBUG Engine               - supportedLanguages: [ENGLISH, FRENCH, GERMAN, HUNGARIAN, RUSSIAN]
20:08:30.687 [FXGL Background Thread 3 ] DEBUG Engine               - ticksPerSecond: -1
20:08:30.687 [FXGL Background Thread 3 ] DEBUG Engine               - title: Dawnseeker
20:08:30.687 [FXGL Background Thread 3 ] DEBUG Engine               - urlGithub: https://github.com/AlmasB/FXGL
20:08:30.687 [FXGL Background Thread 3 ] DEBUG Engine               - urlLeaderboard: http://fxgl-top.herokuapp.com/
20:08:30.687 [FXGL Background Thread 3 ] DEBUG Engine               - urlPOM: https://raw.githubusercontent.com/AlmasB/FXGL/release/README.md
20:08:30.688 [FXGL Background Thread 3 ] DEBUG Engine               - userAppClass: class myGame.DawnseekerApp
20:08:30.688 [FXGL Background Thread 3 ] DEBUG Engine               - version: 0.2
20:08:30.688 [FXGL Background Thread 3 ] DEBUG Engine               - versionCheckDays: 7
20:08:30.688 [FXGL Background Thread 3 ] DEBUG Engine               - width: 1024
20:08:30.688 [FXGL Background Thread 3 ] DEBUG Engine               - Logging services
20:08:30.688 [FXGL Background Thread 3 ] DEBUG Engine               - class com.almasb.fxgl.app.services.FXGLAssetLoaderService
20:08:30.688 [FXGL Background Thread 3 ] DEBUG Engine               - class com.almasb.fxgl.app.FXGLApplication$GameApplicationService
20:08:30.688 [FXGL Background Thread 3 ] DEBUG Engine               - class com.almasb.fxgl.app.services.FXGLDialogService
20:08:30.688 [FXGL Background Thread 3 ] DEBUG Engine               - class com.almasb.fxgl.app.services.IOTaskExecutorService
20:08:30.688 [FXGL Background Thread 3 ] DEBUG Engine               - class com.almasb.fxgl.io.FileSystemService
20:08:30.688 [FXGL Background Thread 3 ] DEBUG Engine               - class com.almasb.fxgl.localization.LocalizationService
20:08:30.689 [FXGL Background Thread 3 ] DEBUG Engine               - class com.almasb.fxgl.app.services.SystemBundleService
20:08:30.689 [FXGL Background Thread 3 ] DEBUG Engine               - class com.almasb.fxgl.profile.SaveLoadService
20:08:30.689 [FXGL Background Thread 3 ] DEBUG Engine               - class com.almasb.fxgl.ui.FXGLUIFactoryServiceProvider
20:08:30.689 [FXGL Background Thread 3 ] DEBUG Engine               - class com.almasb.fxgl.ui.FXGLDialogFactoryServiceProvider
20:08:30.689 [FXGL Background Thread 3 ] DEBUG Engine               - class com.almasb.fxgl.audio.AudioPlayer
20:08:30.689 [FXGL Background Thread 3 ] DEBUG Engine               - class com.almasb.fxgl.notification.impl.NotificationServiceProvider
20:08:30.689 [FXGL Background Thread 3 ] DEBUG Engine               - class com.almasb.fxgl.achievement.AchievementService
20:08:30.689 [FXGL Background Thread 3 ] DEBUG Engine               - class com.almasb.fxgl.cutscene.CutsceneService
20:08:30.689 [FXGL Background Thread 3 ] DEBUG Engine               - class com.almasb.fxgl.minigames.MiniGameService
20:08:30.689 [FXGL Background Thread 3 ] DEBUG Engine               - class com.almasb.fxgl.net.NetService
20:08:30.689 [FXGL Background Thread 3 ] DEBUG Engine               - class com.almasb.fxgl.app.services.UpdaterService
20:08:30.689 [FXGL Background Thread 3 ] DEBUG Engine               - class com.almasb.fxgl.dev.DevService
20:10:36.876 [JavaFX Application Thread] DEBUG Menu                 - fireNewGame()
20:10:36.877 [JavaFX Application Thread] DEBUG GameApplicationServi - Starting new game
20:10:36.880 [JavaFX Application Thread] DEBUG PrimaryStageWindow   - Pop state: FXGLDefaultMenu
20:10:36.880 [JavaFX Application Thread] DEBUG Input                - Clearing active input actions
20:10:36.881 [JavaFX Application Thread] DEBUG GameApplicationServi - Removing overlay from FXGLDefaultMenu and adding to FXGLMainMenuDummyScene
20:10:36.882 [JavaFX Application Thread] DEBUG PrimaryStageWindow   - FXGLMainMenuDummyScene <- FXGLDefaultMenu
20:10:36.882 [JavaFX Application Thread] DEBUG Input                - Clearing active input actions
20:10:36.894 [JavaFX Application Thread] DEBUG GameApplicationServi - Removing overlay from FXGLMainMenuDummyScene and adding to FXGLLoadingScene
20:10:36.894 [JavaFX Application Thread] DEBUG PrimaryStageWindow   - FXGLMainMenuDummyScene -> FXGLLoadingScene
20:10:36.894 [JavaFX Application Thread] DEBUG GameApplicationServi - Clearing previous game
20:10:36.894 [JavaFX Application Thread] DEBUG GameScene            - Clearing game scene
20:10:36.894 [JavaFX Application Thread] DEBUG GameWorld            - Clearing game world
20:10:36.895 [JavaFX Application Thread] DEBUG PhysicsWorld         - Clearing physics world
20:10:36.897 [FXGL Background Thread 5 ] DEBUG FXGLApplication      - Initializing game
20:10:36.903 [FXGL Background Thread 5 ] DEBUG FXGLAssetLoaderServi - Loading from file system: file:/C:/Users/narro/OneDrive/Documents/coleg/Spring%202023/CS%204900%20Senior%20Seminiar/Dawnseeker/Dawnseeker/target/classes/assets/music/heartache.mp3
20:10:37.338 [FXGL Background Thread 5 ] DEBUG AudioPlayer          - Playing music com.almasb.fxgl.audio.Music@1f04b98a
20:10:37.347 [FXGL Background Thread 5 ] DEBUG FXGLAssetLoaderServi - Loading from file system: file:/C:/Users/narro/OneDrive/Documents/coleg/Spring%202023/CS%204900%20Senior%20Seminiar/Dawnseeker/Dawnseeker/target/classes/assets/textures/PlayerCharacterDawnseeker.png
20:10:37.370 [FXGL Background Thread 5 ] WARN  GameWorld            - Entity is already attached to world
20:10:37.372 [FXGL Background Thread 5 ] WARN  Entity               - Entity already has component: com.almasb.fxgl.entity.components.CollidableComponent
20:10:37.372 [FXGL Background Thread 5 ] WARN  GameWorld            - Entity is already attached to world
20:10:37.373 [FXGL Background Thread 5 ] WARN  Entity               - Entity already has component: com.almasb.fxgl.entity.components.CollidableComponent
20:10:37.377 [FXGL Background Thread 5 ] WARN  GameWorld            - Entity is already attached to world
20:10:37.380 [FXGL Background Thread 5 ] WARN  Entity               - Entity already has component: com.almasb.fxgl.entity.components.CollidableComponent
20:10:37.380 [FXGL Background Thread 5 ] WARN  GameWorld            - Entity is already attached to world
20:10:37.382 [FXGL Background Thread 5 ] WARN  Entity               - Entity already has component: com.almasb.fxgl.entity.components.CollidableComponent
20:10:37.382 [FXGL Background Thread 5 ] WARN  GameWorld            - Entity is already attached to world
20:10:37.425 [FXGL Background Thread 5 ] INFO  FXGLApplication      - Game initialization took: 0.528 sec
20:10:37.575 [JavaFX Application Thread] DEBUG Input                - Clearing active input actions
20:10:37.581 [JavaFX Application Thread] DEBUG GameApplicationServi - Removing overlay from FXGLLoadingScene and adding to GameScene
20:10:37.582 [JavaFX Application Thread] DEBUG PrimaryStageWindow   - FXGLLoadingScene -> GameScene
20:10:38.047 [JavaFX Application Thread] DEBUG FXGLAssetLoaderServi - Loading from file system: file:/C:/Users/narro/OneDrive/Documents/coleg/Spring%202023/CS%204900%20Senior%20Seminiar/Dawnseeker/Dawnseeker/target/classes/assets/textures/EnemyDawnseeker.png
20:10:39.215 [JavaFX Application Thread] DEBUG FXGLAssetLoaderServi - Loading from file system: file:/C:/Users/narro/OneDrive/Documents/coleg/Spring%202023/CS%204900%20Senior%20Seminiar/Dawnseeker/Dawnseeker/target/classes/assets/sounds/magic_missile.wav
20:10:39.245 [JavaFX Application Thread] DEBUG FXGLAssetLoaderServi - Loading from file system: file:/C:/Users/narro/OneDrive/Documents/coleg/Spring%202023/CS%204900%20Senior%20Seminiar/Dawnseeker/Dawnseeker/target/classes/assets/textures/FireBallProjectile.png
20:10:39.411 [JavaFX Application Thread] DEBUG FXGLAssetLoaderServi - Loading from file system: file:/C:/Users/narro/OneDrive/Documents/coleg/Spring%202023/CS%204900%20Senior%20Seminiar/Dawnseeker/Dawnseeker/target/classes/assets/sounds/bong.wav
20:10:44.541 [JavaFX Application Thread] DEBUG FXGLAssetLoaderServi - Loading from file system: file:/C:/Users/narro/OneDrive/Documents/coleg/Spring%202023/CS%204900%20Senior%20Seminiar/Dawnseeker/Dawnseeker/target/classes/assets/sounds/coin_pickup.wav
20:10:48.430 [JavaFX Application Thread] DEBUG FXGLAssetLoaderServi - Loading from file system: file:/C:/Users/narro/OneDrive/Documents/coleg/Spring%202023/CS%204900%20Senior%20Seminiar/Dawnseeker/Dawnseeker/target/classes/assets/sounds/player_oof.wav
20:10:48.892 [JavaFX Application Thread] DEBUG FXGLAssetLoaderServi - Loading from file system: file:/C:/Users/narro/OneDrive/Documents/coleg/Spring%202023/CS%204900%20Senior%20Seminiar/Dawnseeker/Dawnseeker/target/classes/assets/sounds/yoda_death.wav
20:11:01.107 [JavaFX Application Thread] DEBUG FXGLApplication      - Exiting FXGL
20:11:01.107 [JavaFX Application Thread] DEBUG LoopRunner           - Stopping loop
20:11:01.107 [JavaFX Application Thread] DEBUG SystemBundleService  - Saving FXGL system data
20:11:01.114 [JavaFX Application Thread] DEBUG FileSystemAccess     - Writing to: C:\Users\narro\OneDrive\Documents\coleg\Spring 2023\CS 4900 Senior Seminiar\Dawnseeker\Dawnseeker\system\fxgl.bundle
20:11:01.120 [JavaFX Application Thread] DEBUG Async                - Shutting down background threads
20:11:01.120 [JavaFX Application Thread] DEBUG PrimaryStageWindow   - Closing main window
20:11:01.145 [JavaFX Application Thread] DEBUG Logger               - Closing Logger
