14:16:38.492 [main                     ] DEBUG Logger               - Configured Logger
14:16:38.517 [main                     ] DEBUG GameApplication      - Logging settings
Title: Dawnseeker
Version: 0.2
Width: 1024
Height: 1024
Fullscreen: false
Intro: false
Profiling: false
Single step:false
App Mode: DEVELOPER
Menu Key: ESCAPE
Stage Style: DECORATED
Scene Factory: class com.almasb.fxgl.app.scene.SceneFactory

14:16:38.938 [JavaFX Application Thread] DEBUG FXGLApplication      - Initializing FXGL
14:16:38.948 [JavaFX Application Thread] INFO  Engine               - FXGL-17.2 (20.08.2022 16.50) on WINDOWS (J:19.0.2 FX:18)
14:16:38.948 [JavaFX Application Thread] DEBUG Engine               - JRE Vendor Name: Oracle Corporation
14:16:38.949 [JavaFX Application Thread] DEBUG Engine               - Running on OS: Windows 10 version 10.0
14:16:38.949 [JavaFX Application Thread] DEBUG Engine               - Architecture: amd64
14:16:38.949 [JavaFX Application Thread] INFO  Engine               - Source code and latest versions at: https://github.com/AlmasB/FXGL
14:16:38.950 [JavaFX Application Thread] INFO  Engine               -       Ask questions and discuss at: https://github.com/AlmasB/FXGL/discussions
14:16:38.950 [JavaFX Application Thread] INFO  Engine               -              Join the FXGL chat at: https://gitter.im/AlmasB/FXGL
14:16:39.104 [JavaFX Application Thread] DEBUG PrimaryStageWindow   - Creating a JavaFX scene
14:16:39.104 [JavaFX Application Thread] DEBUG PrimaryStageWindow   - Target size > screen size
14:16:39.161 [JavaFX Application Thread] DEBUG PrimaryStageWindow   - Target settings size: 1024.0 x 1024.0
14:16:39.161 [JavaFX Application Thread] DEBUG PrimaryStageWindow   - Scaled scene size:    799.0 x 824.0
14:16:39.161 [JavaFX Application Thread] DEBUG PrimaryStageWindow   - Scaled ratio: (0.7802734375, 0.8046875)
14:16:39.163 [JavaFX Application Thread] DEBUG PrimaryStageWindow   - Set initial scene to FXGLStartupScene
14:16:39.171 [JavaFX Application Thread] DEBUG PrimaryStageWindow   - Opening main window
14:16:39.273 [JavaFX Application Thread] DEBUG PrimaryStageWindow   - Window border size: (14.5999755859375, 37.5999755859375)
14:16:39.273 [JavaFX Application Thread] DEBUG PrimaryStageWindow   - Scaled size: 799.0 x 824.0
14:16:39.273 [JavaFX Application Thread] DEBUG PrimaryStageWindow   - Scaled ratio: (0.7802734375, 0.8046875)
14:16:39.273 [JavaFX Application Thread] DEBUG PrimaryStageWindow   - Scene size: 799.0 x 824.0
14:16:39.274 [JavaFX Application Thread] DEBUG PrimaryStageWindow   - Stage size: 813.5999755859375 x 861.5999755859375
14:16:39.285 [FXGL Background Thread 1 ] DEBUG Engine               - Initializing environment variables
14:16:39.379 [FXGL Background Thread 1 ] DEBUG FXGLAssetLoaderServi - User app class for loading assets: class myGame.DawnseekerApp
14:16:39.379 [FXGL Background Thread 1 ] DEBUG GameApplicationServi - Applying CSS: fxgl_dark.css
14:16:39.381 [FXGL Background Thread 1 ] DEBUG FXGLAssetLoaderServi - Loading from file system: jar:file:/C:/Users/narro/.m2/repository/com/github/almasb/fxgl/17.2/fxgl-17.2.jar!/fxglassets/ui/css/fxgl_dark.css
14:16:39.484 [FXGL Background Thread 1 ] DEBUG GameApplicationServi - Initializing application scenes
14:16:39.537 [FXGL Background Thread 1 ] DEBUG GameWorld            - Game world initialized
14:16:39.616 [FXGL Background Thread 1 ] DEBUG PhysicsWorld         - Physics world initialized: appHeight=1024, physics.ppm=50.0
14:16:39.617 [FXGL Background Thread 1 ] DEBUG PhysicsWorld         - Using strategy: BRUTE_FORCE
14:16:39.621 [FXGL Background Thread 1 ] DEBUG GameScene            - Game scene initialized: 1024x1024
14:16:39.636 [FXGL Background Thread 1 ] DEBUG FXGL.DefaultMenu     - createMenuBodyMainMenu()
14:16:39.664 [FXGL Background Thread 1 ] DEBUG FXGL.DefaultMenu     - createOptionsMenu()
14:16:39.675 [FXGL Background Thread 1 ] DEBUG FXGLAssetLoaderServi - Loading from file system: jar:file:/C:/Users/narro/.m2/repository/com/github/almasb/fxgl/17.2/fxgl-17.2.jar!/fxglassets/textures/particles/smoke.png
14:16:39.800 [FXGL Background Thread 1 ] DEBUG FXGLAssetLoaderServi - Loading from file system: jar:file:/C:/Users/narro/.m2/repository/com/github/almasb/fxgl/17.2/fxgl-17.2.jar!/fxglassets/textures/particles/trace_horizontal.png
14:16:39.832 [FXGL Background Thread 1 ] DEBUG FXGL.DefaultMenu     - createMenuBodyGameMenu()
14:16:39.833 [FXGL Background Thread 1 ] DEBUG FXGL.DefaultMenu     - createOptionsMenu()
14:16:39.852 [FXGL Background Thread 1 ] DEBUG GameApplicationServi - Application scenes initialized
14:16:39.871 [FXGL Background Thread 1 ] DEBUG SystemBundleService  - Loading FXGL system data
14:16:39.882 [FXGL Background Thread 1 ] DEBUG FileSystemAccess     - Reading from: C:\Users\narro\OneDrive\Documents\coleg\Spring 2023\CS 4900 Senior Seminiar\Dawnseeker\Dawnseeker\system\fxgl.bundle
14:16:39.897 [FXGL Background Thread 1 ] DEBUG SystemBundleService  - Bundle FXGL: {}
14:16:39.897 [FXGL Background Thread 1 ] DEBUG UpdaterService       - Checking for updates
14:16:39.902 [FXGL Background Thread 4 ] DEBUG FXGLApplication      - Loading fonts
14:16:39.903 [FXGL Background Thread 4 ] DEBUG FXGLAssetLoaderServi - Loading from file system: jar:file:/C:/Users/narro/.m2/repository/com/github/almasb/fxgl/17.2/fxgl-17.2.jar!/fxglassets/ui/fonts/VarelaRound-Regular.ttf
14:16:39.903 [FXGL Background Thread 1 ] DEBUG FXGLApplication      - Loading default localization
14:16:39.904 [FXGL Background Thread 1 ] DEBUG FXGLAssetLoaderServi - Loading from file system: jar:file:/C:/Users/narro/.m2/repository/com/github/almasb/fxgl/17.2/fxgl-17.2.jar!/fxglassets/languages/english.lang
14:16:39.934 [FXGL Background Thread 1 ] INFO  FXGLApplication      - FXGL initialization took: 0.648 sec
14:16:39.950 [JavaFX Application Thread] DEBUG Input                - Registered new binding: action0 - W
14:16:39.950 [JavaFX Application Thread] DEBUG Input                - Registered new binding: action1 - S
14:16:39.951 [JavaFX Application Thread] DEBUG Input                - Registered new binding: action2 - A
14:16:39.952 [JavaFX Application Thread] DEBUG Input                - Registered new binding: action3 - D
14:16:39.956 [JavaFX Application Thread] DEBUG Input                - Registered new binding: action4 - LMB
14:16:39.956 [JavaFX Application Thread] DEBUG FXGLAssetLoaderServi - Loading from file system: jar:file:/C:/Users/narro/.m2/repository/com/github/almasb/fxgl/17.2/fxgl-17.2.jar!/fxglassets/textures/fxgl_icon.png
14:16:39.987 [JavaFX Application Thread] DEBUG FXGLAssetLoaderServi - Loading from file system: jar:file:/C:/Users/narro/.m2/repository/com/github/almasb/fxgl/17.2/fxgl-17.2.jar!/fxglassets/textures/fxgl_default_cursor.png
14:16:39.993 [JavaFX Application Thread] DEBUG Input                - Registered new binding: Screenshot - CTRL+8
14:16:39.994 [JavaFX Application Thread] DEBUG Input                - Registered new binding: System info dump - CTRL+9
14:16:39.995 [JavaFX Application Thread] DEBUG Input                - Registered new binding: Restart - CTRL+R
14:16:39.996 [JavaFX Application Thread] DEBUG Input                - Registered new binding: Toggle Debug Camera - CTRL+7
14:16:39.999 [JavaFX Application Thread] DEBUG LoopRunner           - Starting loop
14:16:40.000 [JavaFX Application Thread] DEBUG LoopRunner           - Initializing JavaFX AnimationTimerLoop
14:16:40.004 [JavaFX Application Thread] DEBUG Input                - Clearing active input actions
14:16:40.017 [JavaFX Application Thread] DEBUG GameApplicationServi - Removing overlay from FXGLStartupScene and adding to FXGLMainMenuDummyScene
14:16:40.017 [JavaFX Application Thread] DEBUG PrimaryStageWindow   - FXGLStartupScene -> FXGLMainMenuDummyScene
14:16:40.018 [JavaFX Application Thread] DEBUG PrimaryStageWindow   - Push state: FXGLDefaultMenu
14:16:40.019 [FXGL Background Thread 4 ] DEBUG FXGLAssetLoaderServi - Loading from file system: jar:file:/C:/Users/narro/.m2/repository/com/github/almasb/fxgl/17.2/fxgl-17.2.jar!/fxglassets/ui/fonts/Abel-Regular.ttf
14:16:40.027 [JavaFX Application Thread] DEBUG Input                - Clearing active input actions
14:16:40.035 [FXGL Background Thread 4 ] DEBUG FXGLAssetLoaderServi - Loading from file system: jar:file:/C:/Users/narro/.m2/repository/com/github/almasb/fxgl/17.2/fxgl-17.2.jar!/fxglassets/ui/fonts/TerminalLandMono-Regular.otf
14:16:40.042 [JavaFX Application Thread] DEBUG GameApplicationServi - Removing overlay from FXGLMainMenuDummyScene and adding to FXGLDefaultMenu
14:16:40.043 [JavaFX Application Thread] DEBUG PrimaryStageWindow   - FXGLMainMenuDummyScene -> FXGLDefaultMenu
14:16:40.049 [FXGL Background Thread 4 ] DEBUG FXGLAssetLoaderServi - Loading from file system: jar:file:/C:/Users/narro/.m2/repository/com/github/almasb/fxgl/17.2/fxgl-17.2.jar!/fxglassets/ui/fonts/Courier-Prime.ttf
14:16:40.177 [JavaFX Application Thread] DEBUG FXGLApplication      - Registering font factories with UI factory
14:16:42.902 [FXGL Background Thread 3 ] DEBUG Engine               - Logging environment variables
14:16:42.903 [FXGL Background Thread 3 ] DEBUG Engine               - achievements: []
14:16:42.903 [FXGL Background Thread 3 ] DEBUG Engine               - actualHeight: 824.0
14:16:42.903 [FXGL Background Thread 3 ] DEBUG Engine               - actualHeightProperty: ReadOnlyDoubleProperty [value: 824.0]
14:16:42.903 [FXGL Background Thread 3 ] DEBUG Engine               - actualWidth: 799.0
14:16:42.903 [FXGL Background Thread 3 ] DEBUG Engine               - actualWidthProperty: ReadOnlyDoubleProperty [value: 799.0]
14:16:42.903 [FXGL Background Thread 3 ] DEBUG Engine               - appIcon: fxgl_icon.png
14:16:42.903 [FXGL Background Thread 3 ] DEBUG Engine               - applicationMode: DEVELOPER
14:16:42.903 [FXGL Background Thread 3 ] DEBUG Engine               - cSSList: [fxgl_dark.css]
14:16:42.904 [FXGL Background Thread 3 ] DEBUG Engine               - collisionDetectionStrategy: BRUTE_FORCE
14:16:42.904 [FXGL Background Thread 3 ] DEBUG Engine               - configClass: Optional.empty
14:16:42.904 [FXGL Background Thread 3 ] DEBUG Engine               - credits: []
14:16:42.904 [FXGL Background Thread 3 ] DEBUG Engine               - defaultCursor: CursorInfo(imageName=fxgl_default_cursor.png, hotspotX=7.0, hotspotY=6.0)
14:16:42.904 [FXGL Background Thread 3 ] DEBUG Engine               - devBBoxColorProperty: ObjectProperty [value: 0xff0000ff]
14:16:42.904 [FXGL Background Thread 3 ] DEBUG Engine               - devEnableDebugCameraProperty: BooleanProperty [value: false]
14:16:42.904 [FXGL Background Thread 3 ] DEBUG Engine               - devSensorColorProperty: ObjectProperty [value: 0xffff00ff]
14:16:42.904 [FXGL Background Thread 3 ] DEBUG Engine               - devShowBBoxProperty: BooleanProperty [value: false]
14:16:42.905 [FXGL Background Thread 3 ] DEBUG Engine               - devShowPositionProperty: BooleanProperty [value: false]
14:16:42.905 [FXGL Background Thread 3 ] DEBUG Engine               - enabledMenuItems: []
14:16:42.905 [FXGL Background Thread 3 ] DEBUG Engine               - engineServices: [class com.almasb.fxgl.app.services.FXGLAssetLoaderService, class com.almasb.fxgl.app.FXGLApplication$GameApplicationService, class com.almasb.fxgl.app.services.FXGLDialogService, class com.almasb.fxgl.app.services.IOTaskExecutorService, class com.almasb.fxgl.io.FileSystemService, class com.almasb.fxgl.localization.LocalizationService, class com.almasb.fxgl.app.services.SystemBundleService, class com.almasb.fxgl.profile.SaveLoadService, class com.almasb.fxgl.ui.FXGLUIFactoryServiceProvider, class com.almasb.fxgl.ui.FXGLDialogFactoryServiceProvider, class com.almasb.fxgl.audio.AudioPlayer, class com.almasb.fxgl.notification.impl.NotificationServiceProvider, class com.almasb.fxgl.achievement.AchievementService, class com.almasb.fxgl.cutscene.CutsceneService, class com.almasb.fxgl.minigames.MiniGameService, class com.almasb.fxgl.net.NetService, class com.almasb.fxgl.app.services.UpdaterService, class com.almasb.fxgl.dev.DevService]
14:16:42.905 [FXGL Background Thread 3 ] DEBUG Engine               - fontGame: Abel-Regular.ttf
14:16:42.905 [FXGL Background Thread 3 ] DEBUG Engine               - fontMono: TerminalLandMono-Regular.otf
14:16:42.905 [FXGL Background Thread 3 ] DEBUG Engine               - fontText: Courier-Prime.ttf
14:16:42.905 [FXGL Background Thread 3 ] DEBUG Engine               - fontUI: VarelaRound-Regular.ttf
14:16:42.905 [FXGL Background Thread 3 ] DEBUG Engine               - fullScreen: BooleanProperty [value: false]
14:16:42.905 [FXGL Background Thread 3 ] DEBUG Engine               - gameDifficulty: MEDIUM
14:16:42.905 [FXGL Background Thread 3 ] DEBUG Engine               - gameDifficultyProperty: ObjectProperty [value: MEDIUM]
14:16:42.905 [FXGL Background Thread 3 ] DEBUG Engine               - globalMusicVolume: 0.5
14:16:42.905 [FXGL Background Thread 3 ] DEBUG Engine               - globalMusicVolumeProperty: DoubleProperty [value: 0.5]
14:16:42.905 [FXGL Background Thread 3 ] DEBUG Engine               - globalSoundVolume: 0.5
14:16:42.905 [FXGL Background Thread 3 ] DEBUG Engine               - globalSoundVolumeProperty: DoubleProperty [value: 0.5]
14:16:42.906 [FXGL Background Thread 3 ] DEBUG Engine               - height: 1024
14:16:42.906 [FXGL Background Thread 3 ] DEBUG Engine               - is3D: false
14:16:42.906 [FXGL Background Thread 3 ] DEBUG Engine               - isAndroid: false
14:16:42.906 [FXGL Background Thread 3 ] DEBUG Engine               - isBrowser: false
14:16:42.906 [FXGL Background Thread 3 ] DEBUG Engine               - isClickFeedbackEnabled: false
14:16:42.906 [FXGL Background Thread 3 ] DEBUG Engine               - isCloseConfirmation: false
14:16:42.906 [FXGL Background Thread 3 ] DEBUG Engine               - isDesktop: true
14:16:42.906 [FXGL Background Thread 3 ] DEBUG Engine               - isDeveloperMenuEnabled: false
14:16:42.906 [FXGL Background Thread 3 ] DEBUG Engine               - isEmbedded: false
14:16:42.906 [FXGL Background Thread 3 ] DEBUG Engine               - isEntityPreloadEnabled: true
14:16:42.906 [FXGL Background Thread 3 ] DEBUG Engine               - isExperimentalTiledLargeMap: false
14:16:42.906 [FXGL Background Thread 3 ] DEBUG Engine               - isFileSystemWriteAllowed: true
14:16:42.906 [FXGL Background Thread 3 ] DEBUG Engine               - isFullScreenAllowed: false
14:16:42.906 [FXGL Background Thread 3 ] DEBUG Engine               - isFullScreenFromStart: false
14:16:42.906 [FXGL Background Thread 3 ] DEBUG Engine               - isGameMenuEnabled: true
14:16:42.906 [FXGL Background Thread 3 ] DEBUG Engine               - isIOS: false
14:16:42.907 [FXGL Background Thread 3 ] DEBUG Engine               - isIntroEnabled: false
14:16:42.907 [FXGL Background Thread 3 ] DEBUG Engine               - isLinux: false
14:16:42.907 [FXGL Background Thread 3 ] DEBUG Engine               - isMac: false
14:16:42.907 [FXGL Background Thread 3 ] DEBUG Engine               - isMainMenuEnabled: true
14:16:42.907 [FXGL Background Thread 3 ] DEBUG Engine               - isManualResizeEnabled: false
14:16:42.907 [FXGL Background Thread 3 ] DEBUG Engine               - isMobile: false
14:16:42.907 [FXGL Background Thread 3 ] DEBUG Engine               - isNative: false
14:16:42.907 [FXGL Background Thread 3 ] DEBUG Engine               - isPauseMusicWhenMinimized: true
14:16:42.907 [FXGL Background Thread 3 ] DEBUG Engine               - isPreserveResizeRatio: false
14:16:42.907 [FXGL Background Thread 3 ] DEBUG Engine               - isProfilingEnabled: false
14:16:42.907 [FXGL Background Thread 3 ] DEBUG Engine               - isScaleAffectedOnResize: true
14:16:42.907 [FXGL Background Thread 3 ] DEBUG Engine               - isSingleStep: false
14:16:42.907 [FXGL Background Thread 3 ] DEBUG Engine               - isUserProfileEnabled: false
14:16:42.907 [FXGL Background Thread 3 ] DEBUG Engine               - isWindows: true
14:16:42.907 [FXGL Background Thread 3 ] DEBUG Engine               - language: ObjectProperty [value: ENGLISH]
14:16:42.908 [FXGL Background Thread 3 ] DEBUG Engine               - menuKey: ESCAPE
14:16:42.908 [FXGL Background Thread 3 ] DEBUG Engine               - mouseSensitivity: 0.2
14:16:42.908 [FXGL Background Thread 3 ] DEBUG Engine               - notificationViewClass: class com.almasb.fxgl.notification.view.XboxNotificationView
14:16:42.908 [FXGL Background Thread 3 ] DEBUG Engine               - pixelsPerMeter: 50.0
14:16:42.908 [FXGL Background Thread 3 ] DEBUG Engine               - platform: WINDOWS
14:16:42.908 [FXGL Background Thread 3 ] DEBUG Engine               - prefHeightProperty: ReadOnlyDoubleProperty [value: 1024.0]
14:16:42.908 [FXGL Background Thread 3 ] DEBUG Engine               - prefWidthProperty: ReadOnlyDoubleProperty [value: 1024.0]
14:16:42.908 [FXGL Background Thread 3 ] DEBUG Engine               - profileDir: profiles/
14:16:42.908 [FXGL Background Thread 3 ] DEBUG Engine               - profileName: StringProperty [value: DEFAULT]
14:16:42.908 [FXGL Background Thread 3 ] DEBUG Engine               - randomSeed: -1
14:16:42.909 [FXGL Background Thread 3 ] DEBUG Engine               - runtimeInfo: RuntimeInfo(platform=WINDOWS, version=17.2, build=20.08.2022 16.50)
14:16:42.909 [FXGL Background Thread 3 ] DEBUG Engine               - saveFileExt: sav
14:16:42.909 [FXGL Background Thread 3 ] DEBUG Engine               - scaledHeightProp$fxgl: DoubleProperty [bound, value: 824.0]
14:16:42.909 [FXGL Background Thread 3 ] DEBUG Engine               - scaledWidthProp$fxgl: DoubleProperty [bound, value: 799.0]
14:16:42.909 [FXGL Background Thread 3 ] DEBUG Engine               - sceneFactory: com.almasb.fxgl.app.scene.SceneFactory@3f0cdb26
14:16:42.909 [FXGL Background Thread 3 ] DEBUG Engine               - secondsIn24h: 60
14:16:42.909 [FXGL Background Thread 3 ] DEBUG Engine               - soundMenuBack: menu/back.wav
14:16:42.909 [FXGL Background Thread 3 ] DEBUG Engine               - soundMenuPress: menu/press.wav
14:16:42.909 [FXGL Background Thread 3 ] DEBUG Engine               - soundMenuSelect: menu/select.wav
14:16:42.909 [FXGL Background Thread 3 ] DEBUG Engine               - soundNotification: core/notification.wav
14:16:42.909 [FXGL Background Thread 3 ] DEBUG Engine               - stageStyle: DECORATED
14:16:42.910 [FXGL Background Thread 3 ] DEBUG Engine               - supportedLanguages: [ENGLISH, FRENCH, GERMAN, HUNGARIAN, RUSSIAN]
14:16:42.910 [FXGL Background Thread 3 ] DEBUG Engine               - ticksPerSecond: -1
14:16:42.910 [FXGL Background Thread 3 ] DEBUG Engine               - title: Dawnseeker
14:16:42.910 [FXGL Background Thread 3 ] DEBUG Engine               - urlGithub: https://github.com/AlmasB/FXGL
14:16:42.910 [FXGL Background Thread 3 ] DEBUG Engine               - urlLeaderboard: http://fxgl-top.herokuapp.com/
14:16:42.910 [FXGL Background Thread 3 ] DEBUG Engine               - urlPOM: https://raw.githubusercontent.com/AlmasB/FXGL/release/README.md
14:16:42.910 [FXGL Background Thread 3 ] DEBUG Engine               - userAppClass: class myGame.DawnseekerApp
14:16:42.910 [FXGL Background Thread 3 ] DEBUG Engine               - version: 0.2
14:16:42.910 [FXGL Background Thread 3 ] DEBUG Engine               - versionCheckDays: 7
14:16:42.910 [FXGL Background Thread 3 ] DEBUG Engine               - width: 1024
14:16:42.911 [FXGL Background Thread 3 ] DEBUG Engine               - Logging services
14:16:42.911 [FXGL Background Thread 3 ] DEBUG Engine               - class com.almasb.fxgl.app.services.FXGLAssetLoaderService
14:16:42.911 [FXGL Background Thread 3 ] DEBUG Engine               - class com.almasb.fxgl.app.FXGLApplication$GameApplicationService
14:16:42.911 [FXGL Background Thread 3 ] DEBUG Engine               - class com.almasb.fxgl.app.services.FXGLDialogService
14:16:42.911 [FXGL Background Thread 3 ] DEBUG Engine               - class com.almasb.fxgl.app.services.IOTaskExecutorService
14:16:42.911 [FXGL Background Thread 3 ] DEBUG Engine               - class com.almasb.fxgl.io.FileSystemService
14:16:42.911 [FXGL Background Thread 3 ] DEBUG Engine               - class com.almasb.fxgl.localization.LocalizationService
14:16:42.911 [FXGL Background Thread 3 ] DEBUG Engine               - class com.almasb.fxgl.app.services.SystemBundleService
14:16:42.911 [FXGL Background Thread 3 ] DEBUG Engine               - class com.almasb.fxgl.profile.SaveLoadService
14:16:42.912 [FXGL Background Thread 3 ] DEBUG Engine               - class com.almasb.fxgl.ui.FXGLUIFactoryServiceProvider
14:16:42.912 [FXGL Background Thread 3 ] DEBUG Engine               - class com.almasb.fxgl.ui.FXGLDialogFactoryServiceProvider
14:16:42.912 [FXGL Background Thread 3 ] DEBUG Engine               - class com.almasb.fxgl.audio.AudioPlayer
14:16:42.912 [FXGL Background Thread 3 ] DEBUG Engine               - class com.almasb.fxgl.notification.impl.NotificationServiceProvider
14:16:42.913 [FXGL Background Thread 3 ] DEBUG Engine               - class com.almasb.fxgl.achievement.AchievementService
14:16:42.913 [FXGL Background Thread 3 ] DEBUG Engine               - class com.almasb.fxgl.cutscene.CutsceneService
14:16:42.913 [FXGL Background Thread 3 ] DEBUG Engine               - class com.almasb.fxgl.minigames.MiniGameService
14:16:42.913 [FXGL Background Thread 3 ] DEBUG Engine               - class com.almasb.fxgl.net.NetService
14:16:42.914 [FXGL Background Thread 3 ] DEBUG Engine               - class com.almasb.fxgl.app.services.UpdaterService
14:16:42.914 [FXGL Background Thread 3 ] DEBUG Engine               - class com.almasb.fxgl.dev.DevService
14:16:45.540 [JavaFX Application Thread] DEBUG Menu                 - fireNewGame()
14:16:45.540 [JavaFX Application Thread] DEBUG GameApplicationServi - Starting new game
14:16:45.542 [JavaFX Application Thread] DEBUG PrimaryStageWindow   - Pop state: FXGLDefaultMenu
14:16:45.542 [JavaFX Application Thread] DEBUG Input                - Clearing active input actions
14:16:45.543 [JavaFX Application Thread] DEBUG GameApplicationServi - Removing overlay from FXGLDefaultMenu and adding to FXGLMainMenuDummyScene
14:16:45.544 [JavaFX Application Thread] DEBUG PrimaryStageWindow   - FXGLMainMenuDummyScene <- FXGLDefaultMenu
14:16:45.544 [JavaFX Application Thread] DEBUG Input                - Clearing active input actions
14:16:45.556 [JavaFX Application Thread] DEBUG GameApplicationServi - Removing overlay from FXGLMainMenuDummyScene and adding to FXGLLoadingScene
14:16:45.556 [JavaFX Application Thread] DEBUG PrimaryStageWindow   - FXGLMainMenuDummyScene -> FXGLLoadingScene
14:16:45.556 [JavaFX Application Thread] DEBUG GameApplicationServi - Clearing previous game
14:16:45.556 [JavaFX Application Thread] DEBUG GameScene            - Clearing game scene
14:16:45.556 [JavaFX Application Thread] DEBUG GameWorld            - Clearing game world
14:16:45.556 [JavaFX Application Thread] DEBUG PhysicsWorld         - Clearing physics world
14:16:45.558 [FXGL Background Thread 2 ] DEBUG FXGLApplication      - Initializing game
14:16:45.567 [FXGL Background Thread 2 ] DEBUG FXGLAssetLoaderServi - Loading from file system: file:/C:/Users/narro/OneDrive/Documents/coleg/Spring%202023/CS%204900%20Senior%20Seminiar/Dawnseeker/Dawnseeker/target/classes/assets/music/heartache.mp3
14:16:45.824 [FXGL Background Thread 2 ] DEBUG AudioPlayer          - Playing music com.almasb.fxgl.audio.Music@599233ce
14:16:45.827 [FXGL Background Thread 2 ] DEBUG FXGLAssetLoaderServi - Loading from file system: file:/C:/Users/narro/OneDrive/Documents/coleg/Spring%202023/CS%204900%20Senior%20Seminiar/Dawnseeker/Dawnseeker/target/classes/assets/textures/PlayerCharacterDawnseeker.png
14:16:45.854 [FXGL Background Thread 2 ] WARN  GameWorld            - Entity is already attached to world
14:16:45.855 [FXGL Background Thread 2 ] WARN  Entity               - Entity already has component: com.almasb.fxgl.entity.components.CollidableComponent
14:16:45.856 [FXGL Background Thread 2 ] WARN  GameWorld            - Entity is already attached to world
14:16:45.857 [FXGL Background Thread 2 ] WARN  Entity               - Entity already has component: com.almasb.fxgl.entity.components.CollidableComponent
14:16:45.857 [FXGL Background Thread 2 ] WARN  GameWorld            - Entity is already attached to world
14:16:45.858 [FXGL Background Thread 2 ] WARN  Entity               - Entity already has component: com.almasb.fxgl.entity.components.CollidableComponent
14:16:45.859 [FXGL Background Thread 2 ] WARN  GameWorld            - Entity is already attached to world
14:16:45.859 [FXGL Background Thread 2 ] WARN  Entity               - Entity already has component: com.almasb.fxgl.entity.components.CollidableComponent
14:16:45.860 [FXGL Background Thread 2 ] WARN  GameWorld            - Entity is already attached to world
14:16:45.893 [FXGL Background Thread 2 ] INFO  FXGLApplication      - Game initialization took: 0.335 sec
14:16:45.898 [JavaFX Application Thread] DEBUG Input                - Clearing active input actions
14:16:45.905 [JavaFX Application Thread] DEBUG GameApplicationServi - Removing overlay from FXGLLoadingScene and adding to GameScene
14:16:45.905 [JavaFX Application Thread] DEBUG PrimaryStageWindow   - FXGLLoadingScene -> GameScene
14:16:46.428 [JavaFX Application Thread] DEBUG FXGLAssetLoaderServi - Loading from file system: file:/C:/Users/narro/OneDrive/Documents/coleg/Spring%202023/CS%204900%20Senior%20Seminiar/Dawnseeker/Dawnseeker/target/classes/assets/textures/EnemyDawnseeker.png
14:16:52.792 [JavaFX Application Thread] DEBUG FXGLAssetLoaderServi - Loading from file system: file:/C:/Users/narro/OneDrive/Documents/coleg/Spring%202023/CS%204900%20Senior%20Seminiar/Dawnseeker/Dawnseeker/target/classes/assets/sounds/magic_missile.wav
14:16:52.821 [JavaFX Application Thread] DEBUG FXGLAssetLoaderServi - Loading from file system: file:/C:/Users/narro/OneDrive/Documents/coleg/Spring%202023/CS%204900%20Senior%20Seminiar/Dawnseeker/Dawnseeker/target/classes/assets/textures/FireBallProjectile.png
14:16:55.946 [JavaFX Application Thread] DEBUG FXGLAssetLoaderServi - Loading from file system: file:/C:/Users/narro/OneDrive/Documents/coleg/Spring%202023/CS%204900%20Senior%20Seminiar/Dawnseeker/Dawnseeker/target/classes/assets/sounds/coin_pickup.wav
14:17:01.372 [JavaFX Application Thread] DEBUG FXGLAssetLoaderServi - Loading from file system: file:/C:/Users/narro/OneDrive/Documents/coleg/Spring%202023/CS%204900%20Senior%20Seminiar/Dawnseeker/Dawnseeker/target/classes/assets/sounds/player_oof.wav
14:17:02.546 [JavaFX Application Thread] DEBUG FXGLAssetLoaderServi - Loading from file system: file:/C:/Users/narro/OneDrive/Documents/coleg/Spring%202023/CS%204900%20Senior%20Seminiar/Dawnseeker/Dawnseeker/target/classes/assets/sounds/yoda_death.wav
14:17:08.264 [JavaFX Application Thread] DEBUG PrimaryStageWindow   - Push state: FXGLDefaultMenu
14:17:08.265 [JavaFX Application Thread] DEBUG Input                - Clearing active input actions
14:17:08.268 [JavaFX Application Thread] DEBUG GameApplicationServi - Removing overlay from GameScene and adding to FXGLDefaultMenu
14:17:08.269 [JavaFX Application Thread] DEBUG PrimaryStageWindow   - GameScene -> FXGLDefaultMenu
14:17:12.208 [JavaFX Application Thread] DEBUG PrimaryStageWindow   - Pop state: FXGLDefaultMenu
14:17:12.208 [JavaFX Application Thread] DEBUG Input                - Clearing active input actions
14:17:12.208 [JavaFX Application Thread] DEBUG GameApplicationServi - Removing overlay from FXGLDefaultMenu and adding to GameScene
14:17:12.209 [JavaFX Application Thread] DEBUG PrimaryStageWindow   - GameScene <- FXGLDefaultMenu
14:17:28.711 [JavaFX Application Thread] DEBUG FXGLApplication      - Exiting FXGL
14:17:28.711 [JavaFX Application Thread] DEBUG LoopRunner           - Stopping loop
14:17:28.711 [JavaFX Application Thread] DEBUG SystemBundleService  - Saving FXGL system data
14:17:28.724 [JavaFX Application Thread] DEBUG FileSystemAccess     - Writing to: C:\Users\narro\OneDrive\Documents\coleg\Spring 2023\CS 4900 Senior Seminiar\Dawnseeker\Dawnseeker\system\fxgl.bundle
14:17:28.731 [JavaFX Application Thread] DEBUG Async                - Shutting down background threads
14:17:28.732 [JavaFX Application Thread] DEBUG PrimaryStageWindow   - Closing main window
14:17:28.767 [JavaFX Application Thread] DEBUG Logger               - Closing Logger
