16:07:20.888 [main                     ] DEBUG Logger               - Configured Logger
16:07:20.907 [main                     ] DEBUG GameApplication      - Logging settings
Title: Dawnseeker
Version: 0.5
Width: 1920
Height: 1080
Fullscreen: false
Intro: false
Profiling: false
Single step:false
App Mode: DEVELOPER
Menu Key: ESCAPE
Stage Style: DECORATED
Scene Factory: class myGame.DawnseekerApp$1

16:07:21.243 [JavaFX Application Thread] DEBUG FXGLApplication      - Initializing FXGL
16:07:21.249 [JavaFX Application Thread] INFO  Engine               - FXGL-17.2 (20.08.2022 16.50) on WINDOWS (J:19.0.2 FX:18)
16:07:21.249 [JavaFX Application Thread] DEBUG Engine               - JRE Vendor Name: Oracle Corporation
16:07:21.250 [JavaFX Application Thread] DEBUG Engine               - Running on OS: Windows 10 version 10.0
16:07:21.250 [JavaFX Application Thread] DEBUG Engine               - Architecture: amd64
16:07:21.250 [JavaFX Application Thread] INFO  Engine               - Source code and latest versions at: https://github.com/AlmasB/FXGL
16:07:21.250 [JavaFX Application Thread] INFO  Engine               -       Ask questions and discuss at: https://github.com/AlmasB/FXGL/discussions
16:07:21.250 [JavaFX Application Thread] INFO  Engine               -              Join the FXGL chat at: https://gitter.im/AlmasB/FXGL
16:07:21.362 [JavaFX Application Thread] DEBUG PrimaryStageWindow   - Creating a JavaFX scene
16:07:21.362 [JavaFX Application Thread] DEBUG PrimaryStageWindow   - Target size > screen size
16:07:21.401 [JavaFX Application Thread] DEBUG PrimaryStageWindow   - Target settings size: 1920.0 x 1080.0
16:07:21.401 [JavaFX Application Thread] DEBUG PrimaryStageWindow   - Scaled scene size:    1439.0 x 823.0
16:07:21.401 [JavaFX Application Thread] DEBUG PrimaryStageWindow   - Scaled ratio: (0.7494791666666667, 0.7620370370370371)
16:07:21.402 [JavaFX Application Thread] DEBUG PrimaryStageWindow   - Set initial scene to FXGLStartupScene
16:07:21.409 [JavaFX Application Thread] DEBUG PrimaryStageWindow   - Opening main window
16:07:21.497 [JavaFX Application Thread] DEBUG PrimaryStageWindow   - Window border size: (14.5999755859375, 37.79998779296875)
16:07:21.498 [JavaFX Application Thread] DEBUG PrimaryStageWindow   - Scaled size: 1439.0 x 823.0
16:07:21.498 [JavaFX Application Thread] DEBUG PrimaryStageWindow   - Scaled ratio: (0.7494791666666667, 0.7620370370370371)
16:07:21.498 [JavaFX Application Thread] DEBUG PrimaryStageWindow   - Scene size: 1439.0 x 823.0
16:07:21.499 [JavaFX Application Thread] DEBUG PrimaryStageWindow   - Stage size: 1453.5999755859375 x 860.7999877929688
16:07:21.511 [FXGL Background Thread 1 ] DEBUG Engine               - Initializing environment variables
16:07:21.584 [FXGL Background Thread 1 ] DEBUG FXGLAssetLoaderServi - User app class for loading assets: class myGame.DawnseekerApp
16:07:21.584 [FXGL Background Thread 1 ] DEBUG GameApplicationServi - Applying CSS: fxgl_dark.css
16:07:21.586 [FXGL Background Thread 1 ] DEBUG FXGLAssetLoaderServi - Loading from file system: jar:file:/C:/Users/narro/.m2/repository/com/github/almasb/fxgl/17.2/fxgl-17.2.jar!/fxglassets/ui/css/fxgl_dark.css
16:07:21.644 [FXGL Background Thread 1 ] DEBUG GameApplicationServi - Initializing application scenes
16:07:21.712 [FXGL Background Thread 1 ] DEBUG GameWorld            - Game world initialized
16:07:21.804 [FXGL Background Thread 1 ] DEBUG PhysicsWorld         - Physics world initialized: appHeight=1080, physics.ppm=50.0
16:07:21.804 [FXGL Background Thread 1 ] DEBUG PhysicsWorld         - Using strategy: BRUTE_FORCE
16:07:21.809 [FXGL Background Thread 1 ] DEBUG GameScene            - Game scene initialized: 1920x1080
16:07:21.809 [FXGL Background Thread 1 ] DEBUG FXGLAssetLoaderServi - Loading from file system: file:/C:/Users/narro/git/CS4900G2Proj2/Dawnseeker/target/classes/assets/music/shop.mp3
16:07:21.945 [FXGL Background Thread 1 ] DEBUG AudioPlayer          - Playing music com.almasb.fxgl.audio.Music@5a9f1236
16:07:21.961 [FXGL Background Thread 1 ] DEBUG FXGLAssetLoaderServi - Loading from file system: file:/C:/Users/narro/git/CS4900G2Proj2/Dawnseeker/target/classes/assets/textures/bg2.png
16:07:22.032 [FXGL Background Thread 1 ] DEBUG FXGL.DefaultMenu     - createMenuBodyGameMenu()
16:07:22.048 [FXGL Background Thread 1 ] DEBUG FXGL.DefaultMenu     - createOptionsMenu()
16:07:22.053 [FXGL Background Thread 1 ] DEBUG FXGLAssetLoaderServi - Loading from file system: jar:file:/C:/Users/narro/.m2/repository/com/github/almasb/fxgl/17.2/fxgl-17.2.jar!/fxglassets/textures/particles/smoke.png
16:07:22.138 [FXGL Background Thread 1 ] DEBUG FXGLAssetLoaderServi - Loading from file system: jar:file:/C:/Users/narro/.m2/repository/com/github/almasb/fxgl/17.2/fxgl-17.2.jar!/fxglassets/textures/particles/trace_horizontal.png
16:07:22.156 [FXGL Background Thread 1 ] DEBUG GameApplicationServi - Application scenes initialized
16:07:22.171 [FXGL Background Thread 1 ] DEBUG SystemBundleService  - Loading FXGL system data
16:07:22.177 [FXGL Background Thread 1 ] DEBUG FileSystemAccess     - Reading from: C:\Users\narro\git\CS4900G2Proj2\Dawnseeker\system\fxgl.bundle
16:07:22.190 [FXGL Background Thread 1 ] DEBUG SystemBundleService  - Bundle FXGL: {}
16:07:22.190 [FXGL Background Thread 1 ] DEBUG UpdaterService       - Checking for updates
16:07:22.193 [FXGL Background Thread 4 ] DEBUG FXGLApplication      - Loading fonts
16:07:22.193 [FXGL Background Thread 4 ] DEBUG FXGLAssetLoaderServi - Loading from file system: jar:file:/C:/Users/narro/.m2/repository/com/github/almasb/fxgl/17.2/fxgl-17.2.jar!/fxglassets/ui/fonts/VarelaRound-Regular.ttf
16:07:22.194 [FXGL Background Thread 1 ] DEBUG FXGLApplication      - Loading default localization
16:07:22.194 [FXGL Background Thread 1 ] DEBUG FXGLAssetLoaderServi - Loading from file system: jar:file:/C:/Users/narro/.m2/repository/com/github/almasb/fxgl/17.2/fxgl-17.2.jar!/fxglassets/languages/english.lang
16:07:22.226 [FXGL Background Thread 1 ] INFO  FXGLApplication      - FXGL initialization took: 0.715 sec
16:07:22.232 [JavaFX Application Thread] DEBUG Input                - Registered new binding: action0 - LMB
16:07:22.240 [JavaFX Application Thread] DEBUG Input                - Registered new binding: Up - W
16:07:22.240 [JavaFX Application Thread] DEBUG Input                - Registered new binding: Down - S
16:07:22.240 [JavaFX Application Thread] DEBUG Input                - Registered new binding: Right - D
16:07:22.240 [JavaFX Application Thread] DEBUG Input                - Registered new binding: Left - A
16:07:22.241 [JavaFX Application Thread] DEBUG FXGLAssetLoaderServi - Loading from file system: jar:file:/C:/Users/narro/.m2/repository/com/github/almasb/fxgl/17.2/fxgl-17.2.jar!/fxglassets/textures/fxgl_icon.png
16:07:22.256 [JavaFX Application Thread] DEBUG FXGLAssetLoaderServi - Loading from file system: jar:file:/C:/Users/narro/.m2/repository/com/github/almasb/fxgl/17.2/fxgl-17.2.jar!/fxglassets/textures/fxgl_default_cursor.png
16:07:22.259 [JavaFX Application Thread] DEBUG Input                - Registered new binding: Screenshot - CTRL+8
16:07:22.259 [JavaFX Application Thread] DEBUG Input                - Registered new binding: System info dump - CTRL+9
16:07:22.260 [JavaFX Application Thread] DEBUG Input                - Registered new binding: Restart - CTRL+R
16:07:22.260 [JavaFX Application Thread] DEBUG Input                - Registered new binding: Toggle Debug Camera - CTRL+7
16:07:22.263 [JavaFX Application Thread] DEBUG LoopRunner           - Starting loop
16:07:22.263 [JavaFX Application Thread] DEBUG LoopRunner           - Initializing JavaFX AnimationTimerLoop
16:07:22.267 [JavaFX Application Thread] DEBUG Input                - Clearing active input actions
16:07:22.279 [JavaFX Application Thread] DEBUG GameApplicationServi - Removing overlay from FXGLStartupScene and adding to FXGLMainMenuDummyScene
16:07:22.279 [JavaFX Application Thread] DEBUG PrimaryStageWindow   - FXGLStartupScene -> FXGLMainMenuDummyScene
16:07:22.279 [JavaFX Application Thread] DEBUG PrimaryStageWindow   - Push state: DawnseekerMenu
16:07:22.279 [JavaFX Application Thread] DEBUG Input                - Clearing active input actions
16:07:22.284 [JavaFX Application Thread] DEBUG GameApplicationServi - Removing overlay from FXGLMainMenuDummyScene and adding to DawnseekerMenu
16:07:22.285 [JavaFX Application Thread] DEBUG PrimaryStageWindow   - FXGLMainMenuDummyScene -> DawnseekerMenu
16:07:22.297 [FXGL Background Thread 4 ] DEBUG FXGLAssetLoaderServi - Loading from file system: jar:file:/C:/Users/narro/.m2/repository/com/github/almasb/fxgl/17.2/fxgl-17.2.jar!/fxglassets/ui/fonts/Abel-Regular.ttf
16:07:22.310 [FXGL Background Thread 4 ] DEBUG FXGLAssetLoaderServi - Loading from file system: jar:file:/C:/Users/narro/.m2/repository/com/github/almasb/fxgl/17.2/fxgl-17.2.jar!/fxglassets/ui/fonts/TerminalLandMono-Regular.otf
16:07:22.324 [FXGL Background Thread 4 ] DEBUG FXGLAssetLoaderServi - Loading from file system: jar:file:/C:/Users/narro/.m2/repository/com/github/almasb/fxgl/17.2/fxgl-17.2.jar!/fxglassets/ui/fonts/Courier-Prime.ttf
16:07:22.339 [JavaFX Application Thread] DEBUG FXGLApplication      - Registering font factories with UI factory
16:07:22.726 [FXGL Background Thread 2 ] INFO  UpdaterService       - Your current version:  17.2
16:07:22.727 [FXGL Background Thread 2 ] INFO  UpdaterService       - Latest stable version: 17.3
16:07:23.045 [JavaFX Application Thread] DEBUG Menu                 - fireNewGame()
16:07:23.045 [JavaFX Application Thread] DEBUG GameApplicationServi - Starting new game
16:07:23.046 [JavaFX Application Thread] DEBUG PrimaryStageWindow   - Pop state: DawnseekerMenu
16:07:23.046 [JavaFX Application Thread] DEBUG Input                - Clearing active input actions
16:07:23.046 [JavaFX Application Thread] DEBUG GameApplicationServi - Removing overlay from DawnseekerMenu and adding to FXGLMainMenuDummyScene
16:07:23.046 [JavaFX Application Thread] DEBUG PrimaryStageWindow   - FXGLMainMenuDummyScene <- DawnseekerMenu
16:07:23.047 [JavaFX Application Thread] DEBUG Input                - Clearing active input actions
16:07:23.052 [JavaFX Application Thread] DEBUG GameApplicationServi - Removing overlay from FXGLMainMenuDummyScene and adding to FXGLLoadingScene
16:07:23.052 [JavaFX Application Thread] DEBUG PrimaryStageWindow   - FXGLMainMenuDummyScene -> FXGLLoadingScene
16:07:23.052 [JavaFX Application Thread] DEBUG GameApplicationServi - Clearing previous game
16:07:23.052 [JavaFX Application Thread] DEBUG GameScene            - Clearing game scene
16:07:23.052 [JavaFX Application Thread] DEBUG GameWorld            - Clearing game world
16:07:23.052 [JavaFX Application Thread] DEBUG PhysicsWorld         - Clearing physics world
16:07:23.053 [JavaFX Application Thread] DEBUG AudioPlayer          - Stopping music com.almasb.fxgl.audio.Music@5a9f1236
16:07:23.058 [FXGL Background Thread 2 ] DEBUG FXGLAssetLoaderServi - Loading from file system: file:/C:/Users/narro/git/CS4900G2Proj2/Dawnseeker/target/classes/assets/music/heartache.mp3
16:07:23.061 [FXGL Background Thread 2 ] DEBUG AudioPlayer          - Playing music com.almasb.fxgl.audio.Music@b7653a3
16:07:23.074 [FXGL Background Thread 2 ] DEBUG FXGLAssetLoaderServi - Loading from file system: file:/C:/Users/narro/git/CS4900G2Proj2/Dawnseeker/target/classes/assets/textures/DawnseekerPCV2.png
16:07:23.077 [FXGL Background Thread 2 ] DEBUG FXGLAssetLoaderServi - Loading from file system: file:/C:/Users/narro/git/CS4900G2Proj2/Dawnseeker/target/classes/assets/textures/DawnseekerPCV2Down.png
16:07:23.078 [FXGL Background Thread 2 ] DEBUG FXGLAssetLoaderServi - Loading from file system: file:/C:/Users/narro/git/CS4900G2Proj2/Dawnseeker/target/classes/assets/textures/DawnseekerPCV2Up.png
16:07:23.080 [FXGL Background Thread 2 ] DEBUG FXGLAssetLoaderServi - Loading from file system: file:/C:/Users/narro/git/CS4900G2Proj2/Dawnseeker/target/classes/assets/textures/DawnseekerPCV2Right.png
16:07:23.081 [FXGL Background Thread 2 ] DEBUG FXGLAssetLoaderServi - Loading from file system: file:/C:/Users/narro/git/CS4900G2Proj2/Dawnseeker/target/classes/assets/textures/DawnseekerPCV2Left.png
16:07:23.095 [FXGL Background Thread 2 ] DEBUG FXGLAssetLoaderServi - Loading from file system: file:/C:/Users/narro/git/CS4900G2Proj2/Dawnseeker/target/classes/assets/textures/background.png
16:07:23.125 [FXGL Background Thread 2 ] WARN  GameWorld            - Entity is already attached to world
16:07:23.126 [FXGL Background Thread 2 ] DEBUG FXGLAssetLoaderServi - Loading from file system: file:/C:/Users/narro/git/CS4900G2Proj2/Dawnseeker/target/classes/assets/textures/Rock1.png
16:07:23.128 [FXGL Background Thread 2 ] WARN  Entity               - Entity already has component: com.almasb.fxgl.entity.components.CollidableComponent
16:07:23.128 [FXGL Background Thread 2 ] WARN  GameWorld            - Entity is already attached to world
16:07:23.129 [FXGL Background Thread 2 ] DEBUG FXGLAssetLoaderServi - Loading from file system: file:/C:/Users/narro/git/CS4900G2Proj2/Dawnseeker/target/classes/assets/textures/Rock2.png
16:07:23.131 [FXGL Background Thread 2 ] WARN  Entity               - Entity already has component: com.almasb.fxgl.entity.components.CollidableComponent
16:07:23.131 [FXGL Background Thread 2 ] WARN  GameWorld            - Entity is already attached to world
16:07:23.132 [FXGL Background Thread 2 ] DEBUG FXGLAssetLoaderServi - Loading from file system: file:/C:/Users/narro/git/CS4900G2Proj2/Dawnseeker/target/classes/assets/textures/BigRock1.png
16:07:23.134 [FXGL Background Thread 2 ] WARN  Entity               - Entity already has component: com.almasb.fxgl.entity.components.CollidableComponent
16:07:23.134 [FXGL Background Thread 2 ] WARN  GameWorld            - Entity is already attached to world
16:07:23.141 [FXGL Background Thread 2 ] DEBUG FXGLAssetLoaderServi - Loading from file system: file:/C:/Users/narro/git/CS4900G2Proj2/Dawnseeker/target/classes/assets/textures/AnimShop.png
16:07:23.143 [FXGL Background Thread 2 ] WARN  GameWorld            - Entity is already attached to world
16:07:23.167 [FXGL Background Thread 2 ] INFO  FXGLApplication      - Game initialization took: 0.114 sec
16:07:23.173 [JavaFX Application Thread] DEBUG Input                - Clearing active input actions
16:07:23.188 [JavaFX Application Thread] DEBUG GameApplicationServi - Removing overlay from FXGLLoadingScene and adding to GameScene
16:07:23.188 [JavaFX Application Thread] DEBUG PrimaryStageWindow   - FXGLLoadingScene -> GameScene
16:07:24.271 [JavaFX Application Thread] DEBUG FXGLAssetLoaderServi - Loading from file system: file:/C:/Users/narro/git/CS4900G2Proj2/Dawnseeker/target/classes/assets/textures/Skull.gif
16:07:24.281 [JavaFX Application Thread] DEBUG FXGLAssetLoaderServi - Loading from file system: file:/C:/Users/narro/git/CS4900G2Proj2/Dawnseeker/target/classes/assets/textures/Ghost.gif
16:07:25.052 [JavaFX Application Thread] DEBUG FXGLAssetLoaderServi - Loading from file system: file:/C:/Users/narro/git/CS4900G2Proj2/Dawnseeker/target/classes/assets/sounds/magic_missile.wav
16:07:25.067 [JavaFX Application Thread] DEBUG FXGLAssetLoaderServi - Loading from file system: file:/C:/Users/narro/git/CS4900G2Proj2/Dawnseeker/target/classes/assets/textures/Fireball.gif
16:07:25.193 [FXGL Background Thread 3 ] DEBUG Engine               - Logging environment variables
16:07:25.194 [FXGL Background Thread 3 ] DEBUG Engine               - achievements: []
16:07:25.195 [FXGL Background Thread 3 ] DEBUG Engine               - actualHeight: 823.0
16:07:25.196 [FXGL Background Thread 3 ] DEBUG Engine               - actualHeightProperty: ReadOnlyDoubleProperty [value: 823.0]
16:07:25.196 [FXGL Background Thread 3 ] DEBUG Engine               - actualWidth: 1439.0
16:07:25.196 [FXGL Background Thread 3 ] DEBUG Engine               - actualWidthProperty: ReadOnlyDoubleProperty [value: 1439.0]
16:07:25.196 [FXGL Background Thread 3 ] DEBUG Engine               - appIcon: fxgl_icon.png
16:07:25.196 [FXGL Background Thread 3 ] DEBUG Engine               - applicationMode: DEVELOPER
16:07:25.196 [FXGL Background Thread 3 ] DEBUG Engine               - cSSList: [fxgl_dark.css]
16:07:25.196 [FXGL Background Thread 3 ] DEBUG Engine               - collisionDetectionStrategy: BRUTE_FORCE
16:07:25.196 [FXGL Background Thread 3 ] DEBUG Engine               - configClass: Optional.empty
16:07:25.196 [FXGL Background Thread 3 ] DEBUG Engine               - credits: []
16:07:25.197 [FXGL Background Thread 3 ] DEBUG Engine               - defaultCursor: CursorInfo(imageName=fxgl_default_cursor.png, hotspotX=7.0, hotspotY=6.0)
16:07:25.197 [FXGL Background Thread 3 ] DEBUG Engine               - devBBoxColorProperty: ObjectProperty [value: 0xff0000ff]
16:07:25.197 [FXGL Background Thread 3 ] DEBUG Engine               - devEnableDebugCameraProperty: BooleanProperty [value: false]
16:07:25.198 [FXGL Background Thread 3 ] DEBUG Engine               - devSensorColorProperty: ObjectProperty [value: 0xffff00ff]
16:07:25.198 [FXGL Background Thread 3 ] DEBUG Engine               - devShowBBoxProperty: BooleanProperty [value: false]
16:07:25.198 [FXGL Background Thread 3 ] DEBUG Engine               - devShowPositionProperty: BooleanProperty [value: false]
16:07:25.198 [FXGL Background Thread 3 ] DEBUG Engine               - enabledMenuItems: []
16:07:25.198 [FXGL Background Thread 3 ] DEBUG Engine               - engineServices: [class com.almasb.fxgl.app.services.FXGLAssetLoaderService, class com.almasb.fxgl.app.FXGLApplication$GameApplicationService, class com.almasb.fxgl.app.services.FXGLDialogService, class com.almasb.fxgl.app.services.IOTaskExecutorService, class com.almasb.fxgl.io.FileSystemService, class com.almasb.fxgl.localization.LocalizationService, class com.almasb.fxgl.app.services.SystemBundleService, class com.almasb.fxgl.profile.SaveLoadService, class com.almasb.fxgl.ui.FXGLUIFactoryServiceProvider, class com.almasb.fxgl.ui.FXGLDialogFactoryServiceProvider, class com.almasb.fxgl.audio.AudioPlayer, class com.almasb.fxgl.notification.impl.NotificationServiceProvider, class com.almasb.fxgl.achievement.AchievementService, class com.almasb.fxgl.cutscene.CutsceneService, class com.almasb.fxgl.minigames.MiniGameService, class com.almasb.fxgl.net.NetService, class com.almasb.fxgl.app.services.UpdaterService, class com.almasb.fxgl.dev.DevService]
16:07:25.198 [FXGL Background Thread 3 ] DEBUG Engine               - fontGame: Abel-Regular.ttf
16:07:25.198 [FXGL Background Thread 3 ] DEBUG Engine               - fontMono: TerminalLandMono-Regular.otf
16:07:25.198 [FXGL Background Thread 3 ] DEBUG Engine               - fontText: Courier-Prime.ttf
16:07:25.198 [FXGL Background Thread 3 ] DEBUG Engine               - fontUI: VarelaRound-Regular.ttf
16:07:25.198 [FXGL Background Thread 3 ] DEBUG Engine               - fullScreen: BooleanProperty [value: false]
16:07:25.198 [FXGL Background Thread 3 ] DEBUG Engine               - gameDifficulty: MEDIUM
16:07:25.198 [FXGL Background Thread 3 ] DEBUG Engine               - gameDifficultyProperty: ObjectProperty [value: MEDIUM]
16:07:25.198 [FXGL Background Thread 3 ] DEBUG Engine               - globalMusicVolume: 0.5
16:07:25.198 [FXGL Background Thread 3 ] DEBUG Engine               - globalMusicVolumeProperty: DoubleProperty [value: 0.5]
16:07:25.198 [FXGL Background Thread 3 ] DEBUG Engine               - globalSoundVolume: 0.5
16:07:25.198 [FXGL Background Thread 3 ] DEBUG Engine               - globalSoundVolumeProperty: DoubleProperty [value: 0.5]
16:07:25.198 [FXGL Background Thread 3 ] DEBUG Engine               - height: 1080
16:07:25.198 [FXGL Background Thread 3 ] DEBUG Engine               - is3D: false
16:07:25.199 [FXGL Background Thread 3 ] DEBUG Engine               - isAndroid: false
16:07:25.199 [FXGL Background Thread 3 ] DEBUG Engine               - isBrowser: false
16:07:25.199 [FXGL Background Thread 3 ] DEBUG Engine               - isClickFeedbackEnabled: false
16:07:25.199 [FXGL Background Thread 3 ] DEBUG Engine               - isCloseConfirmation: false
16:07:25.199 [FXGL Background Thread 3 ] DEBUG Engine               - isDesktop: true
16:07:25.199 [FXGL Background Thread 3 ] DEBUG Engine               - isDeveloperMenuEnabled: false
16:07:25.199 [FXGL Background Thread 3 ] DEBUG Engine               - isEmbedded: false
16:07:25.199 [FXGL Background Thread 3 ] DEBUG Engine               - isEntityPreloadEnabled: true
16:07:25.199 [FXGL Background Thread 3 ] DEBUG Engine               - isExperimentalTiledLargeMap: false
16:07:25.199 [FXGL Background Thread 3 ] DEBUG Engine               - isFileSystemWriteAllowed: true
16:07:25.199 [FXGL Background Thread 3 ] DEBUG Engine               - isFullScreenAllowed: false
16:07:25.199 [FXGL Background Thread 3 ] DEBUG Engine               - isFullScreenFromStart: false
16:07:25.199 [FXGL Background Thread 3 ] DEBUG Engine               - isGameMenuEnabled: true
16:07:25.199 [FXGL Background Thread 3 ] DEBUG Engine               - isIOS: false
16:07:25.199 [FXGL Background Thread 3 ] DEBUG Engine               - isIntroEnabled: false
16:07:25.199 [FXGL Background Thread 3 ] DEBUG Engine               - isLinux: false
16:07:25.199 [FXGL Background Thread 3 ] DEBUG Engine               - isMac: false
16:07:25.199 [FXGL Background Thread 3 ] DEBUG Engine               - isMainMenuEnabled: true
16:07:25.199 [FXGL Background Thread 3 ] DEBUG Engine               - isManualResizeEnabled: false
16:07:25.199 [FXGL Background Thread 3 ] DEBUG Engine               - isMobile: false
16:07:25.199 [FXGL Background Thread 3 ] DEBUG Engine               - isNative: false
16:07:25.199 [FXGL Background Thread 3 ] DEBUG Engine               - isPauseMusicWhenMinimized: true
16:07:25.200 [FXGL Background Thread 3 ] DEBUG Engine               - isPreserveResizeRatio: false
16:07:25.200 [FXGL Background Thread 3 ] DEBUG Engine               - isProfilingEnabled: false
16:07:25.200 [FXGL Background Thread 3 ] DEBUG Engine               - isScaleAffectedOnResize: true
16:07:25.200 [FXGL Background Thread 3 ] DEBUG Engine               - isSingleStep: false
16:07:25.200 [FXGL Background Thread 3 ] DEBUG Engine               - isUserProfileEnabled: false
16:07:25.200 [FXGL Background Thread 3 ] DEBUG Engine               - isWindows: true
16:07:25.200 [FXGL Background Thread 3 ] DEBUG Engine               - language: ObjectProperty [value: ENGLISH]
16:07:25.200 [FXGL Background Thread 3 ] DEBUG Engine               - menuKey: ESCAPE
16:07:25.200 [FXGL Background Thread 3 ] DEBUG Engine               - mouseSensitivity: 0.2
16:07:25.200 [FXGL Background Thread 3 ] DEBUG Engine               - notificationViewClass: class com.almasb.fxgl.notification.view.XboxNotificationView
16:07:25.200 [FXGL Background Thread 3 ] DEBUG Engine               - pixelsPerMeter: 50.0
16:07:25.200 [FXGL Background Thread 3 ] DEBUG Engine               - platform: WINDOWS
16:07:25.200 [FXGL Background Thread 3 ] DEBUG Engine               - prefHeightProperty: ReadOnlyDoubleProperty [value: 1080.0]
16:07:25.200 [FXGL Background Thread 3 ] DEBUG Engine               - prefWidthProperty: ReadOnlyDoubleProperty [value: 1920.0]
16:07:25.200 [FXGL Background Thread 3 ] DEBUG Engine               - profileDir: profiles/
16:07:25.200 [FXGL Background Thread 3 ] DEBUG Engine               - profileName: StringProperty [value: DEFAULT]
16:07:25.200 [FXGL Background Thread 3 ] DEBUG Engine               - randomSeed: -1
16:07:25.201 [FXGL Background Thread 3 ] DEBUG Engine               - runtimeInfo: RuntimeInfo(platform=WINDOWS, version=17.2, build=20.08.2022 16.50)
16:07:25.201 [FXGL Background Thread 3 ] DEBUG Engine               - saveFileExt: sav
16:07:25.201 [FXGL Background Thread 3 ] DEBUG Engine               - scaledHeightProp$fxgl: DoubleProperty [bound, value: 823.0]
16:07:25.201 [FXGL Background Thread 3 ] DEBUG Engine               - scaledWidthProp$fxgl: DoubleProperty [bound, value: 1439.0]
16:07:25.201 [FXGL Background Thread 3 ] DEBUG Engine               - sceneFactory: myGame.DawnseekerApp$1@11a46406
16:07:25.201 [FXGL Background Thread 3 ] DEBUG Engine               - secondsIn24h: 60
16:07:25.201 [FXGL Background Thread 3 ] DEBUG Engine               - soundMenuBack: menu/back.wav
16:07:25.201 [FXGL Background Thread 3 ] DEBUG Engine               - soundMenuPress: menu/press.wav
16:07:25.201 [FXGL Background Thread 3 ] DEBUG Engine               - soundMenuSelect: menu/select.wav
16:07:25.201 [FXGL Background Thread 3 ] DEBUG Engine               - soundNotification: core/notification.wav
16:07:25.201 [FXGL Background Thread 3 ] DEBUG Engine               - stageStyle: DECORATED
16:07:25.201 [FXGL Background Thread 3 ] DEBUG Engine               - supportedLanguages: [ENGLISH, FRENCH, GERMAN, HUNGARIAN, RUSSIAN]
16:07:25.201 [FXGL Background Thread 3 ] DEBUG Engine               - ticksPerSecond: -1
16:07:25.202 [FXGL Background Thread 3 ] DEBUG Engine               - title: Dawnseeker
16:07:25.202 [FXGL Background Thread 3 ] DEBUG Engine               - urlGithub: https://github.com/AlmasB/FXGL
16:07:25.202 [FXGL Background Thread 3 ] DEBUG Engine               - urlLeaderboard: http://fxgl-top.herokuapp.com/
16:07:25.202 [FXGL Background Thread 3 ] DEBUG Engine               - urlPOM: https://raw.githubusercontent.com/AlmasB/FXGL/release/README.md
16:07:25.202 [FXGL Background Thread 3 ] DEBUG Engine               - userAppClass: class myGame.DawnseekerApp
16:07:25.202 [FXGL Background Thread 3 ] DEBUG Engine               - version: 0.5
16:07:25.202 [FXGL Background Thread 3 ] DEBUG Engine               - versionCheckDays: 7
16:07:25.202 [FXGL Background Thread 3 ] DEBUG Engine               - width: 1920
16:07:25.202 [FXGL Background Thread 3 ] DEBUG Engine               - Logging services
16:07:25.202 [FXGL Background Thread 3 ] DEBUG Engine               - class com.almasb.fxgl.app.services.FXGLAssetLoaderService
16:07:25.202 [FXGL Background Thread 3 ] DEBUG Engine               - class com.almasb.fxgl.app.FXGLApplication$GameApplicationService
16:07:25.202 [FXGL Background Thread 3 ] DEBUG Engine               - class com.almasb.fxgl.app.services.FXGLDialogService
16:07:25.202 [FXGL Background Thread 3 ] DEBUG Engine               - class com.almasb.fxgl.app.services.IOTaskExecutorService
16:07:25.202 [FXGL Background Thread 3 ] DEBUG Engine               - class com.almasb.fxgl.io.FileSystemService
16:07:25.202 [FXGL Background Thread 3 ] DEBUG Engine               - class com.almasb.fxgl.localization.LocalizationService
16:07:25.202 [FXGL Background Thread 3 ] DEBUG Engine               - class com.almasb.fxgl.app.services.SystemBundleService
16:07:25.202 [FXGL Background Thread 3 ] DEBUG Engine               - class com.almasb.fxgl.profile.SaveLoadService
16:07:25.202 [FXGL Background Thread 3 ] DEBUG Engine               - class com.almasb.fxgl.ui.FXGLUIFactoryServiceProvider
16:07:25.202 [FXGL Background Thread 3 ] DEBUG Engine               - class com.almasb.fxgl.ui.FXGLDialogFactoryServiceProvider
16:07:25.202 [FXGL Background Thread 3 ] DEBUG Engine               - class com.almasb.fxgl.audio.AudioPlayer
16:07:25.202 [FXGL Background Thread 3 ] DEBUG Engine               - class com.almasb.fxgl.notification.impl.NotificationServiceProvider
16:07:25.202 [FXGL Background Thread 3 ] DEBUG Engine               - class com.almasb.fxgl.achievement.AchievementService
16:07:25.202 [FXGL Background Thread 3 ] DEBUG Engine               - class com.almasb.fxgl.cutscene.CutsceneService
16:07:25.202 [FXGL Background Thread 3 ] DEBUG Engine               - class com.almasb.fxgl.minigames.MiniGameService
16:07:25.202 [FXGL Background Thread 3 ] DEBUG Engine               - class com.almasb.fxgl.net.NetService
16:07:25.202 [FXGL Background Thread 3 ] DEBUG Engine               - class com.almasb.fxgl.app.services.UpdaterService
16:07:25.202 [FXGL Background Thread 3 ] DEBUG Engine               - class com.almasb.fxgl.dev.DevService
16:07:25.487 [JavaFX Application Thread] WARN  GameWorld            - Attempted to remove entity which is not active
16:07:25.491 [JavaFX Application Thread] DEBUG FXGLAssetLoaderServi - Loading from file system: file:/C:/Users/narro/git/CS4900G2Proj2/Dawnseeker/target/classes/assets/textures/Coin.gif
16:07:25.497 [JavaFX Application Thread] DEBUG FXGLAssetLoaderServi - Loading from file system: file:/C:/Users/narro/git/CS4900G2Proj2/Dawnseeker/target/classes/assets/sounds/bong.wav
16:07:26.175 [JavaFX Application Thread] DEBUG FXGLAssetLoaderServi - Loading from file system: file:/C:/Users/narro/git/CS4900G2Proj2/Dawnseeker/target/classes/assets/sounds/store_jingle.wav
16:07:26.187 [JavaFX Application Thread] DEBUG PrimaryStageWindow   - Push state: ShopTest
16:07:26.187 [JavaFX Application Thread] DEBUG Input                - Clearing active input actions
16:07:26.188 [JavaFX Application Thread] DEBUG GameApplicationServi - Removing overlay from GameScene and adding to ShopTest
16:07:26.189 [JavaFX Application Thread] DEBUG PrimaryStageWindow   - GameScene -> ShopTest
16:07:26.189 [JavaFX Application Thread] DEBUG Input                - Registered new binding: Close Shop - F
16:07:27.893 [JavaFX Application Thread] DEBUG FXGLAssetLoaderServi - Loading from file system: file:/C:/Users/narro/git/CS4900G2Proj2/Dawnseeker/target/classes/assets/sounds/boom.wav
16:07:28.786 [JavaFX Application Thread] DEBUG PrimaryStageWindow   - Pop state: ShopTest
16:07:28.786 [JavaFX Application Thread] DEBUG Input                - Clearing active input actions
16:07:28.788 [JavaFX Application Thread] DEBUG GameApplicationServi - Removing overlay from ShopTest and adding to GameScene
16:07:28.788 [JavaFX Application Thread] DEBUG PrimaryStageWindow   - GameScene <- ShopTest
16:07:29.808 [JavaFX Application Thread] DEBUG FXGLAssetLoaderServi - Loading from file system: file:/C:/Users/narro/git/CS4900G2Proj2/Dawnseeker/target/classes/assets/sounds/coin_pickup.wav
16:07:31.455 [JavaFX Application Thread] DEBUG FXGLAssetLoaderServi - Loading from file system: file:/C:/Users/narro/git/CS4900G2Proj2/Dawnseeker/target/classes/assets/textures/slime.gif
16:07:33.217 [JavaFX Application Thread] WARN  GameWorld            - Attempted to remove entity which is not active
16:07:33.534 [JavaFX Application Thread] WARN  GameWorld            - Attempted to remove entity which is not active
16:07:34.384 [JavaFX Application Thread] WARN  GameWorld            - Attempted to remove entity which is not active
16:07:34.654 [JavaFX Application Thread] WARN  GameWorld            - Attempted to remove entity which is not active
16:07:34.656 [JavaFX Application Thread] DEBUG FXGLAssetLoaderServi - Loading from file system: file:/C:/Users/narro/git/CS4900G2Proj2/Dawnseeker/target/classes/assets/textures/HealthPotion.gif
16:07:35.421 [JavaFX Application Thread] WARN  GameWorld            - Attempted to remove entity which is not active
16:07:36.685 [JavaFX Application Thread] WARN  GameWorld            - Attempted to remove entity which is not active
16:07:36.926 [JavaFX Application Thread] WARN  GameWorld            - Attempted to remove entity which is not active
16:07:37.102 [JavaFX Application Thread] WARN  GameWorld            - Attempted to remove entity which is not active
16:07:37.103 [JavaFX Application Thread] DEBUG FXGLAssetLoaderServi - Loading from file system: file:/C:/Users/narro/git/CS4900G2Proj2/Dawnseeker/target/classes/assets/textures/Poison.gif
16:07:37.112 [JavaFX Application Thread] WARN  GameWorld            - Entity is already attached to world
16:07:37.115 [JavaFX Application Thread] DEBUG FXGLAssetLoaderServi - Loading from file system: file:/C:/Users/narro/git/CS4900G2Proj2/Dawnseeker/target/classes/assets/sounds/much_higher.wav
16:07:37.247 [JavaFX Application Thread] WARN  GameWorld            - Attempted to remove entity which is not active
16:07:37.552 [JavaFX Application Thread] WARN  GameWorld            - Attempted to remove entity which is not active
16:07:37.554 [JavaFX Application Thread] DEBUG FXGLAssetLoaderServi - Loading from file system: file:/C:/Users/narro/git/CS4900G2Proj2/Dawnseeker/target/classes/assets/textures/PowerPotion.gif
16:07:37.902 [JavaFX Application Thread] WARN  GameWorld            - Attempted to remove entity which is not active
16:07:37.904 [JavaFX Application Thread] WARN  GameWorld            - Entity is already attached to world
16:07:38.079 [JavaFX Application Thread] WARN  GameWorld            - Attempted to remove entity which is not active
16:07:38.082 [JavaFX Application Thread] DEBUG FXGLAssetLoaderServi - Loading from file system: file:/C:/Users/narro/git/CS4900G2Proj2/Dawnseeker/target/classes/assets/textures/SpeedPotion.gif
16:07:41.086 [JavaFX Application Thread] WARN  GameWorld            - Attempted to remove entity which is not active
16:07:41.806 [JavaFX Application Thread] WARN  GameWorld            - Attempted to remove entity which is not active
16:07:42.064 [JavaFX Application Thread] WARN  GameWorld            - Attempted to remove entity which is not active
16:07:43.934 [JavaFX Application Thread] WARN  GameWorld            - Attempted to remove entity which is not active
16:07:44.174 [JavaFX Application Thread] WARN  GameWorld            - Attempted to remove entity which is not active
16:07:44.526 [JavaFX Application Thread] WARN  GameWorld            - Attempted to remove entity which is not active
16:07:45.071 [JavaFX Application Thread] WARN  GameWorld            - Attempted to remove entity which is not active
16:07:45.072 [JavaFX Application Thread] WARN  GameWorld            - Entity is already attached to world
16:07:47.278 [JavaFX Application Thread] WARN  GameWorld            - Attempted to remove entity which is not active
16:07:47.789 [JavaFX Application Thread] WARN  GameWorld            - Attempted to remove entity which is not active
16:07:47.967 [JavaFX Application Thread] WARN  GameWorld            - Attempted to remove entity which is not active
16:07:48.654 [JavaFX Application Thread] WARN  GameWorld            - Attempted to remove entity which is not active
16:07:49.152 [JavaFX Application Thread] WARN  GameWorld            - Attempted to remove entity which is not active
16:07:49.406 [JavaFX Application Thread] WARN  GameWorld            - Attempted to remove entity which is not active
16:07:49.523 [JavaFX Application Thread] DEBUG FXGLAssetLoaderServi - Loading from file system: file:/C:/Users/narro/git/CS4900G2Proj2/Dawnseeker/target/classes/assets/textures/FireBallProjectile.png
16:07:49.535 [JavaFX Application Thread] WARN  GameWorld            - Attempted to remove entity which is not active
16:07:49.742 [JavaFX Application Thread] WARN  GameWorld            - Attempted to remove entity which is not active
16:07:49.774 [JavaFX Application Thread] WARN  GameWorld            - Attempted to remove entity which is not active
16:07:49.901 [JavaFX Application Thread] WARN  GameWorld            - Attempted to remove entity which is not active
16:07:50.095 [JavaFX Application Thread] WARN  GameWorld            - Attempted to remove entity which is not active
16:07:50.160 [JavaFX Application Thread] WARN  GameWorld            - Attempted to remove entity which is not active
16:07:50.478 [JavaFX Application Thread] WARN  GameWorld            - Attempted to remove entity which is not active
16:07:50.942 [JavaFX Application Thread] WARN  GameWorld            - Attempted to remove entity which is not active
16:07:51.647 [JavaFX Application Thread] WARN  GameWorld            - Attempted to remove entity which is not active
16:07:51.856 [JavaFX Application Thread] WARN  GameWorld            - Attempted to remove entity which is not active
16:07:52.271 [JavaFX Application Thread] WARN  GameWorld            - Attempted to remove entity which is not active
16:07:52.275 [JavaFX Application Thread] WARN  GameWorld            - Entity is already attached to world
16:07:52.896 [JavaFX Application Thread] WARN  GameWorld            - Attempted to remove entity which is not active
16:07:52.898 [JavaFX Application Thread] WARN  GameWorld            - Attempted to remove entity which is not active
16:07:54.640 [JavaFX Application Thread] WARN  GameWorld            - Attempted to remove entity which is not active
16:07:54.798 [JavaFX Application Thread] WARN  GameWorld            - Attempted to remove entity which is not active
16:07:54.799 [JavaFX Application Thread] WARN  GameWorld            - Attempted to remove entity which is not active
16:07:54.910 [JavaFX Application Thread] WARN  GameWorld            - Attempted to remove entity which is not active
16:07:54.943 [JavaFX Application Thread] WARN  GameWorld            - Attempted to remove entity which is not active
16:07:55.110 [JavaFX Application Thread] WARN  GameWorld            - Attempted to remove entity which is not active
16:07:55.197 [JavaFX Application Thread] WARN  GameWorld            - Attempted to remove entity which is not active
16:07:55.326 [JavaFX Application Thread] WARN  GameWorld            - Attempted to remove entity which is not active
16:07:55.424 [JavaFX Application Thread] WARN  GameWorld            - Attempted to remove entity which is not active
16:07:55.726 [JavaFX Application Thread] WARN  GameWorld            - Attempted to remove entity which is not active
16:07:55.839 [JavaFX Application Thread] WARN  GameWorld            - Attempted to remove entity which is not active
16:07:55.997 [JavaFX Application Thread] WARN  GameWorld            - Attempted to remove entity which is not active
16:07:56.031 [JavaFX Application Thread] WARN  GameWorld            - Attempted to remove entity which is not active
16:07:56.098 [JavaFX Application Thread] WARN  GameWorld            - Attempted to remove entity which is not active
16:07:56.113 [JavaFX Application Thread] WARN  GameWorld            - Attempted to remove entity which is not active
16:07:56.336 [JavaFX Application Thread] WARN  GameWorld            - Attempted to remove entity which is not active
16:07:56.398 [JavaFX Application Thread] WARN  GameWorld            - Attempted to remove entity which is not active
16:07:56.414 [JavaFX Application Thread] WARN  GameWorld            - Attempted to remove entity which is not active
16:07:56.430 [JavaFX Application Thread] WARN  GameWorld            - Attempted to remove entity which is not active
16:07:56.527 [JavaFX Application Thread] WARN  GameWorld            - Attempted to remove entity which is not active
16:07:56.894 [JavaFX Application Thread] WARN  GameWorld            - Attempted to remove entity which is not active
16:07:56.960 [JavaFX Application Thread] WARN  GameWorld            - Attempted to remove entity which is not active
16:07:57.311 [JavaFX Application Thread] WARN  GameWorld            - Attempted to remove entity which is not active
16:07:57.376 [JavaFX Application Thread] WARN  GameWorld            - Attempted to remove entity which is not active
16:07:57.747 [JavaFX Application Thread] WARN  GameWorld            - Attempted to remove entity which is not active
16:07:57.887 [JavaFX Application Thread] WARN  GameWorld            - Attempted to remove entity which is not active
16:07:58.176 [JavaFX Application Thread] WARN  GameWorld            - Attempted to remove entity which is not active
16:07:58.350 [JavaFX Application Thread] WARN  GameWorld            - Attempted to remove entity which is not active
16:07:59.377 [JavaFX Application Thread] WARN  GameWorld            - Attempted to remove entity which is not active
16:07:59.729 [JavaFX Application Thread] WARN  GameWorld            - Attempted to remove entity which is not active
16:07:59.823 [JavaFX Application Thread] WARN  GameWorld            - Attempted to remove entity which is not active
16:07:59.888 [JavaFX Application Thread] WARN  GameWorld            - Attempted to remove entity which is not active
16:07:59.934 [JavaFX Application Thread] WARN  GameWorld            - Attempted to remove entity which is not active
16:08:00.015 [JavaFX Application Thread] WARN  GameWorld            - Attempted to remove entity which is not active
16:08:00.159 [JavaFX Application Thread] WARN  GameWorld            - Attempted to remove entity which is not active
16:08:00.317 [JavaFX Application Thread] WARN  GameWorld            - Attempted to remove entity which is not active
16:08:00.750 [JavaFX Application Thread] WARN  GameWorld            - Attempted to remove entity which is not active
16:08:00.846 [JavaFX Application Thread] WARN  GameWorld            - Attempted to remove entity which is not active
16:08:01.715 [JavaFX Application Thread] WARN  GameWorld            - Attempted to remove entity which is not active
16:08:01.715 [JavaFX Application Thread] WARN  GameWorld            - Attempted to remove entity which is not active
16:08:01.716 [JavaFX Application Thread] WARN  GameWorld            - Attempted to remove entity which is not active
16:08:01.855 [JavaFX Application Thread] WARN  GameWorld            - Attempted to remove entity which is not active
16:08:01.966 [JavaFX Application Thread] WARN  GameWorld            - Attempted to remove entity which is not active
16:08:02.078 [JavaFX Application Thread] WARN  GameWorld            - Attempted to remove entity which is not active
16:08:02.095 [JavaFX Application Thread] WARN  GameWorld            - Attempted to remove entity which is not active
16:08:02.095 [JavaFX Application Thread] WARN  GameWorld            - Attempted to remove entity which is not active
16:08:02.317 [JavaFX Application Thread] WARN  GameWorld            - Attempted to remove entity which is not active
16:08:02.398 [JavaFX Application Thread] WARN  GameWorld            - Attempted to remove entity which is not active
16:08:02.512 [JavaFX Application Thread] WARN  GameWorld            - Attempted to remove entity which is not active
16:08:02.544 [JavaFX Application Thread] WARN  GameWorld            - Attempted to remove entity which is not active
16:08:02.560 [JavaFX Application Thread] WARN  GameWorld            - Attempted to remove entity which is not active
16:08:02.991 [JavaFX Application Thread] WARN  GameWorld            - Attempted to remove entity which is not active
16:08:03.122 [JavaFX Application Thread] WARN  GameWorld            - Attempted to remove entity which is not active
16:08:03.123 [JavaFX Application Thread] WARN  GameWorld            - Attempted to remove entity which is not active
16:08:03.328 [JavaFX Application Thread] WARN  GameWorld            - Attempted to remove entity which is not active
16:08:03.631 [JavaFX Application Thread] WARN  GameWorld            - Attempted to remove entity which is not active
16:08:03.631 [JavaFX Application Thread] WARN  GameWorld            - Attempted to remove entity which is not active
16:08:03.666 [JavaFX Application Thread] WARN  GameWorld            - Attempted to remove entity which is not active
16:08:04.096 [JavaFX Application Thread] WARN  GameWorld            - Attempted to remove entity which is not active
16:08:04.210 [JavaFX Application Thread] WARN  GameWorld            - Attempted to remove entity which is not active
16:08:05.328 [JavaFX Application Thread] WARN  GameWorld            - Attempted to remove entity which is not active
16:08:05.329 [JavaFX Application Thread] WARN  GameWorld            - Attempted to remove entity which is not active
16:08:05.329 [JavaFX Application Thread] WARN  GameWorld            - Attempted to remove entity which is not active
16:08:05.758 [JavaFX Application Thread] WARN  GameWorld            - Attempted to remove entity which is not active
16:08:05.760 [JavaFX Application Thread] WARN  GameWorld            - Attempted to remove entity which is not active
16:08:05.934 [JavaFX Application Thread] WARN  GameWorld            - Attempted to remove entity which is not active
16:08:06.078 [JavaFX Application Thread] WARN  GameWorld            - Attempted to remove entity which is not active
16:08:06.112 [JavaFX Application Thread] WARN  GameWorld            - Attempted to remove entity which is not active
16:08:06.270 [JavaFX Application Thread] WARN  GameWorld            - Attempted to remove entity which is not active
16:08:07.070 [JavaFX Application Thread] WARN  GameWorld            - Attempted to remove entity which is not active
16:08:08.253 [JavaFX Application Thread] WARN  GameWorld            - Attempted to remove entity which is not active
16:08:08.397 [JavaFX Application Thread] WARN  GameWorld            - Attempted to remove entity which is not active
16:08:08.398 [JavaFX Application Thread] WARN  GameWorld            - Entity is already attached to world
16:08:09.359 [JavaFX Application Thread] WARN  GameWorld            - Attempted to remove entity which is not active
16:08:09.359 [JavaFX Application Thread] WARN  GameWorld            - Attempted to remove entity which is not active
16:08:09.359 [JavaFX Application Thread] WARN  GameWorld            - Attempted to remove entity which is not active
16:08:09.360 [JavaFX Application Thread] WARN  GameWorld            - Attempted to remove entity which is not active
16:08:10.446 [JavaFX Application Thread] WARN  GameWorld            - Attempted to remove entity which is not active
16:08:10.446 [JavaFX Application Thread] WARN  GameWorld            - Attempted to remove entity which is not active
16:08:10.462 [JavaFX Application Thread] WARN  GameWorld            - Attempted to remove entity which is not active
16:08:11.165 [JavaFX Application Thread] WARN  GameWorld            - Attempted to remove entity which is not active
16:08:11.165 [JavaFX Application Thread] WARN  GameWorld            - Attempted to remove entity which is not active
16:08:11.166 [JavaFX Application Thread] WARN  GameWorld            - Attempted to remove entity which is not active
16:08:11.293 [JavaFX Application Thread] WARN  GameWorld            - Attempted to remove entity which is not active
16:08:11.293 [JavaFX Application Thread] WARN  GameWorld            - Attempted to remove entity which is not active
16:08:11.312 [JavaFX Application Thread] WARN  GameWorld            - Attempted to remove entity which is not active
16:08:11.375 [JavaFX Application Thread] WARN  GameWorld            - Attempted to remove entity which is not active
16:08:11.486 [JavaFX Application Thread] WARN  GameWorld            - Attempted to remove entity which is not active
16:08:11.486 [JavaFX Application Thread] WARN  GameWorld            - Attempted to remove entity which is not active
16:08:11.518 [JavaFX Application Thread] WARN  GameWorld            - Attempted to remove entity which is not active
16:08:11.663 [JavaFX Application Thread] WARN  GameWorld            - Attempted to remove entity which is not active
16:08:11.663 [JavaFX Application Thread] WARN  GameWorld            - Attempted to remove entity which is not active
16:08:11.790 [JavaFX Application Thread] WARN  GameWorld            - Attempted to remove entity which is not active
16:08:11.791 [JavaFX Application Thread] WARN  GameWorld            - Attempted to remove entity which is not active
16:08:11.792 [JavaFX Application Thread] WARN  GameWorld            - Attempted to remove entity which is not active
16:08:11.854 [JavaFX Application Thread] WARN  GameWorld            - Attempted to remove entity which is not active
16:08:11.971 [JavaFX Application Thread] WARN  GameWorld            - Attempted to remove entity which is not active
16:08:11.971 [JavaFX Application Thread] WARN  GameWorld            - Attempted to remove entity which is not active
16:08:12.014 [JavaFX Application Thread] WARN  GameWorld            - Attempted to remove entity which is not active
16:08:12.014 [JavaFX Application Thread] WARN  GameWorld            - Attempted to remove entity which is not active
16:08:12.237 [JavaFX Application Thread] WARN  GameWorld            - Attempted to remove entity which is not active
16:08:12.237 [JavaFX Application Thread] WARN  GameWorld            - Attempted to remove entity which is not active
16:08:12.237 [JavaFX Application Thread] WARN  GameWorld            - Attempted to remove entity which is not active
16:08:12.286 [JavaFX Application Thread] WARN  GameWorld            - Attempted to remove entity which is not active
16:08:12.369 [JavaFX Application Thread] WARN  GameWorld            - Attempted to remove entity which is not active
16:08:12.430 [JavaFX Application Thread] WARN  GameWorld            - Attempted to remove entity which is not active
16:08:12.431 [JavaFX Application Thread] WARN  GameWorld            - Entity is already attached to world
16:08:12.622 [JavaFX Application Thread] WARN  GameWorld            - Attempted to remove entity which is not active
16:08:12.702 [JavaFX Application Thread] WARN  GameWorld            - Attempted to remove entity which is not active
16:08:12.814 [JavaFX Application Thread] WARN  GameWorld            - Attempted to remove entity which is not active
16:08:12.927 [JavaFX Application Thread] WARN  GameWorld            - Attempted to remove entity which is not active
16:08:13.025 [JavaFX Application Thread] WARN  GameWorld            - Attempted to remove entity which is not active
16:08:13.117 [JavaFX Application Thread] WARN  GameWorld            - Attempted to remove entity which is not active
16:08:13.261 [JavaFX Application Thread] WARN  GameWorld            - Attempted to remove entity which is not active
16:08:14.014 [JavaFX Application Thread] WARN  GameWorld            - Attempted to remove entity which is not active
16:08:14.174 [JavaFX Application Thread] WARN  GameWorld            - Attempted to remove entity which is not active
16:08:14.174 [JavaFX Application Thread] WARN  GameWorld            - Attempted to remove entity which is not active
16:08:14.462 [JavaFX Application Thread] WARN  GameWorld            - Attempted to remove entity which is not active
16:08:14.462 [JavaFX Application Thread] WARN  GameWorld            - Attempted to remove entity which is not active
16:08:14.463 [JavaFX Application Thread] WARN  GameWorld            - Entity is already attached to world
16:08:15.119 [JavaFX Application Thread] DEBUG FXGLAssetLoaderServi - Loading from file system: file:/C:/Users/narro/git/CS4900G2Proj2/Dawnseeker/target/classes/assets/sounds/player_oof.wav
16:08:15.838 [JavaFX Application Thread] WARN  GameWorld            - Attempted to remove entity which is not active
16:08:15.934 [JavaFX Application Thread] WARN  GameWorld            - Attempted to remove entity which is not active
16:08:16.061 [JavaFX Application Thread] WARN  GameWorld            - Attempted to remove entity which is not active
16:08:16.175 [JavaFX Application Thread] WARN  GameWorld            - Attempted to remove entity which is not active
16:08:17.040 [JavaFX Application Thread] WARN  GameWorld            - Attempted to remove entity which is not active
16:08:17.041 [JavaFX Application Thread] WARN  GameWorld            - Attempted to remove entity which is not active
16:08:17.041 [JavaFX Application Thread] WARN  GameWorld            - Attempted to remove entity which is not active
16:08:17.552 [JavaFX Application Thread] WARN  GameWorld            - Attempted to remove entity which is not active
16:08:17.552 [JavaFX Application Thread] WARN  GameWorld            - Attempted to remove entity which is not active
16:08:17.552 [JavaFX Application Thread] WARN  GameWorld            - Attempted to remove entity which is not active
16:08:17.613 [JavaFX Application Thread] WARN  GameWorld            - Attempted to remove entity which is not active
16:08:17.710 [JavaFX Application Thread] WARN  GameWorld            - Attempted to remove entity which is not active
16:08:17.725 [JavaFX Application Thread] WARN  GameWorld            - Attempted to remove entity which is not active
16:08:17.758 [JavaFX Application Thread] WARN  GameWorld            - Attempted to remove entity which is not active
16:08:17.775 [JavaFX Application Thread] WARN  GameWorld            - Attempted to remove entity which is not active
16:08:17.789 [JavaFX Application Thread] WARN  GameWorld            - Attempted to remove entity which is not active
16:08:17.854 [JavaFX Application Thread] WARN  GameWorld            - Attempted to remove entity which is not active
16:08:17.896 [JavaFX Application Thread] WARN  GameWorld            - Attempted to remove entity which is not active
16:08:17.896 [JavaFX Application Thread] WARN  GameWorld            - Attempted to remove entity which is not active
16:08:17.935 [JavaFX Application Thread] WARN  GameWorld            - Attempted to remove entity which is not active
16:08:18.020 [JavaFX Application Thread] WARN  GameWorld            - Attempted to remove entity which is not active
16:08:18.021 [JavaFX Application Thread] WARN  GameWorld            - Attempted to remove entity which is not active
16:08:18.021 [JavaFX Application Thread] WARN  GameWorld            - Attempted to remove entity which is not active
16:08:18.158 [JavaFX Application Thread] WARN  GameWorld            - Attempted to remove entity which is not active
16:08:18.239 [JavaFX Application Thread] WARN  GameWorld            - Attempted to remove entity which is not active
16:08:18.239 [JavaFX Application Thread] WARN  GameWorld            - Attempted to remove entity which is not active
16:08:18.365 [JavaFX Application Thread] WARN  GameWorld            - Attempted to remove entity which is not active
16:08:18.365 [JavaFX Application Thread] WARN  GameWorld            - Attempted to remove entity which is not active
16:08:18.365 [JavaFX Application Thread] WARN  GameWorld            - Attempted to remove entity which is not active
16:08:20.813 [JavaFX Application Thread] WARN  GameWorld            - Attempted to remove entity which is not active
16:08:20.814 [JavaFX Application Thread] WARN  GameWorld            - Attempted to remove entity which is not active
16:08:20.814 [JavaFX Application Thread] WARN  GameWorld            - Attempted to remove entity which is not active
16:08:20.814 [JavaFX Application Thread] WARN  GameWorld            - Attempted to remove entity which is not active
16:08:20.814 [JavaFX Application Thread] WARN  GameWorld            - Attempted to remove entity which is not active
16:08:21.102 [JavaFX Application Thread] WARN  GameWorld            - Attempted to remove entity which is not active
16:08:21.136 [JavaFX Application Thread] WARN  GameWorld            - Attempted to remove entity which is not active
16:08:21.137 [JavaFX Application Thread] WARN  GameWorld            - Attempted to remove entity which is not active
16:08:21.137 [JavaFX Application Thread] WARN  GameWorld            - Attempted to remove entity which is not active
16:08:21.137 [JavaFX Application Thread] WARN  GameWorld            - Attempted to remove entity which is not active
16:08:21.279 [JavaFX Application Thread] WARN  GameWorld            - Attempted to remove entity which is not active
16:08:21.279 [JavaFX Application Thread] WARN  GameWorld            - Attempted to remove entity which is not active
16:08:21.280 [JavaFX Application Thread] WARN  GameWorld            - Attempted to remove entity which is not active
16:08:21.301 [JavaFX Application Thread] WARN  GameWorld            - Attempted to remove entity which is not active
16:08:21.325 [JavaFX Application Thread] WARN  GameWorld            - Attempted to remove entity which is not active
16:08:21.390 [JavaFX Application Thread] WARN  GameWorld            - Attempted to remove entity which is not active
16:08:21.390 [JavaFX Application Thread] WARN  GameWorld            - Attempted to remove entity which is not active
16:08:21.390 [JavaFX Application Thread] WARN  GameWorld            - Attempted to remove entity which is not active
16:08:21.390 [JavaFX Application Thread] WARN  GameWorld            - Attempted to remove entity which is not active
16:08:21.406 [JavaFX Application Thread] WARN  GameWorld            - Attempted to remove entity which is not active
16:08:21.600 [JavaFX Application Thread] WARN  GameWorld            - Attempted to remove entity which is not active
16:08:21.601 [JavaFX Application Thread] WARN  GameWorld            - Attempted to remove entity which is not active
16:08:21.601 [JavaFX Application Thread] WARN  GameWorld            - Attempted to remove entity which is not active
16:08:21.601 [JavaFX Application Thread] WARN  GameWorld            - Attempted to remove entity which is not active
16:08:21.726 [JavaFX Application Thread] WARN  GameWorld            - Attempted to remove entity which is not active
16:08:21.726 [JavaFX Application Thread] WARN  GameWorld            - Attempted to remove entity which is not active
16:08:21.726 [JavaFX Application Thread] WARN  GameWorld            - Attempted to remove entity which is not active
16:08:25.924 [JavaFX Application Thread] DEBUG PrimaryStageWindow   - Push state: ShopTest
16:08:25.924 [JavaFX Application Thread] DEBUG Input                - Clearing active input actions
16:08:25.924 [JavaFX Application Thread] DEBUG GameApplicationServi - Removing overlay from GameScene and adding to ShopTest
16:08:25.924 [JavaFX Application Thread] DEBUG PrimaryStageWindow   - GameScene -> ShopTest
16:08:25.924 [JavaFX Application Thread] DEBUG Input                - Registered new binding: Close Shop - F
16:08:30.013 [JavaFX Application Thread] DEBUG PrimaryStageWindow   - Pop state: ShopTest
16:08:30.013 [JavaFX Application Thread] DEBUG Input                - Clearing active input actions
16:08:30.015 [JavaFX Application Thread] DEBUG GameApplicationServi - Removing overlay from ShopTest and adding to GameScene
16:08:30.016 [JavaFX Application Thread] DEBUG PrimaryStageWindow   - GameScene <- ShopTest
16:08:32.910 [JavaFX Application Thread] WARN  GameWorld            - Attempted to remove entity which is not active
16:08:33.597 [JavaFX Application Thread] WARN  GameWorld            - Attempted to remove entity which is not active
16:08:33.598 [JavaFX Application Thread] WARN  GameWorld            - Attempted to remove entity which is not active
16:08:33.598 [JavaFX Application Thread] WARN  GameWorld            - Attempted to remove entity which is not active
16:08:33.598 [JavaFX Application Thread] WARN  GameWorld            - Attempted to remove entity which is not active
16:08:33.598 [JavaFX Application Thread] WARN  GameWorld            - Attempted to remove entity which is not active
16:08:33.871 [JavaFX Application Thread] WARN  GameWorld            - Attempted to remove entity which is not active
16:08:33.872 [JavaFX Application Thread] WARN  GameWorld            - Attempted to remove entity which is not active
16:08:33.873 [JavaFX Application Thread] WARN  GameWorld            - Attempted to remove entity which is not active
16:08:33.874 [JavaFX Application Thread] WARN  GameWorld            - Attempted to remove entity which is not active
16:08:33.875 [JavaFX Application Thread] WARN  GameWorld            - Attempted to remove entity which is not active
16:08:33.998 [JavaFX Application Thread] WARN  GameWorld            - Attempted to remove entity which is not active
16:08:33.998 [JavaFX Application Thread] WARN  GameWorld            - Attempted to remove entity which is not active
16:08:34.030 [JavaFX Application Thread] WARN  GameWorld            - Attempted to remove entity which is not active
16:08:34.031 [JavaFX Application Thread] WARN  GameWorld            - Attempted to remove entity which is not active
16:08:34.031 [JavaFX Application Thread] WARN  GameWorld            - Attempted to remove entity which is not active
16:08:34.126 [JavaFX Application Thread] WARN  GameWorld            - Attempted to remove entity which is not active
16:08:34.126 [JavaFX Application Thread] WARN  GameWorld            - Attempted to remove entity which is not active
16:08:34.126 [JavaFX Application Thread] WARN  GameWorld            - Attempted to remove entity which is not active
16:08:34.126 [JavaFX Application Thread] WARN  GameWorld            - Attempted to remove entity which is not active
16:08:34.127 [JavaFX Application Thread] WARN  GameWorld            - Attempted to remove entity which is not active
16:08:34.206 [JavaFX Application Thread] WARN  GameWorld            - Attempted to remove entity which is not active
16:08:34.207 [JavaFX Application Thread] WARN  GameWorld            - Attempted to remove entity which is not active
16:08:34.238 [JavaFX Application Thread] WARN  GameWorld            - Attempted to remove entity which is not active
16:08:34.239 [JavaFX Application Thread] WARN  GameWorld            - Attempted to remove entity which is not active
16:08:34.270 [JavaFX Application Thread] WARN  GameWorld            - Attempted to remove entity which is not active
16:08:34.270 [JavaFX Application Thread] WARN  GameWorld            - Attempted to remove entity which is not active
16:08:34.270 [JavaFX Application Thread] WARN  GameWorld            - Attempted to remove entity which is not active
16:08:34.270 [JavaFX Application Thread] WARN  GameWorld            - Attempted to remove entity which is not active
16:08:34.270 [JavaFX Application Thread] WARN  GameWorld            - Attempted to remove entity which is not active
16:08:34.420 [JavaFX Application Thread] WARN  GameWorld            - Attempted to remove entity which is not active
16:08:34.420 [JavaFX Application Thread] WARN  GameWorld            - Attempted to remove entity which is not active
16:08:34.420 [JavaFX Application Thread] WARN  GameWorld            - Attempted to remove entity which is not active
16:08:34.420 [JavaFX Application Thread] WARN  GameWorld            - Attempted to remove entity which is not active
16:08:34.421 [JavaFX Application Thread] WARN  GameWorld            - Attempted to remove entity which is not active
16:08:34.544 [JavaFX Application Thread] WARN  GameWorld            - Attempted to remove entity which is not active
16:08:34.545 [JavaFX Application Thread] WARN  GameWorld            - Attempted to remove entity which is not active
16:08:34.545 [JavaFX Application Thread] WARN  GameWorld            - Attempted to remove entity which is not active
16:08:34.545 [JavaFX Application Thread] WARN  GameWorld            - Attempted to remove entity which is not active
16:08:34.545 [JavaFX Application Thread] WARN  GameWorld            - Attempted to remove entity which is not active
16:08:34.719 [JavaFX Application Thread] WARN  GameWorld            - Attempted to remove entity which is not active
16:08:34.719 [JavaFX Application Thread] WARN  GameWorld            - Attempted to remove entity which is not active
16:08:34.719 [JavaFX Application Thread] WARN  GameWorld            - Attempted to remove entity which is not active
16:08:34.786 [JavaFX Application Thread] WARN  GameWorld            - Attempted to remove entity which is not active
16:08:34.787 [JavaFX Application Thread] WARN  GameWorld            - Attempted to remove entity which is not active
16:08:34.912 [JavaFX Application Thread] WARN  GameWorld            - Attempted to remove entity which is not active
16:08:34.912 [JavaFX Application Thread] WARN  GameWorld            - Attempted to remove entity which is not active
16:08:34.912 [JavaFX Application Thread] WARN  GameWorld            - Attempted to remove entity which is not active
16:08:34.912 [JavaFX Application Thread] WARN  GameWorld            - Attempted to remove entity which is not active
16:08:34.912 [JavaFX Application Thread] WARN  GameWorld            - Attempted to remove entity which is not active
16:08:35.087 [JavaFX Application Thread] WARN  GameWorld            - Attempted to remove entity which is not active
16:08:35.087 [JavaFX Application Thread] WARN  GameWorld            - Attempted to remove entity which is not active
16:08:35.087 [JavaFX Application Thread] WARN  GameWorld            - Attempted to remove entity which is not active
16:08:35.087 [JavaFX Application Thread] WARN  GameWorld            - Attempted to remove entity which is not active
16:08:35.087 [JavaFX Application Thread] WARN  GameWorld            - Attempted to remove entity which is not active
16:08:35.198 [JavaFX Application Thread] WARN  GameWorld            - Attempted to remove entity which is not active
16:08:35.405 [JavaFX Application Thread] WARN  GameWorld            - Attempted to remove entity which is not active
16:08:35.486 [JavaFX Application Thread] WARN  GameWorld            - Attempted to remove entity which is not active
16:08:35.517 [JavaFX Application Thread] WARN  GameWorld            - Attempted to remove entity which is not active
16:08:35.517 [JavaFX Application Thread] WARN  GameWorld            - Attempted to remove entity which is not active
16:08:35.567 [JavaFX Application Thread] WARN  GameWorld            - Attempted to remove entity which is not active
16:08:35.598 [JavaFX Application Thread] WARN  GameWorld            - Attempted to remove entity which is not active
16:08:35.598 [JavaFX Application Thread] WARN  GameWorld            - Attempted to remove entity which is not active
16:08:35.646 [JavaFX Application Thread] WARN  GameWorld            - Attempted to remove entity which is not active
16:08:35.711 [JavaFX Application Thread] WARN  GameWorld            - Attempted to remove entity which is not active
16:08:35.712 [JavaFX Application Thread] WARN  GameWorld            - Attempted to remove entity which is not active
16:08:35.806 [JavaFX Application Thread] WARN  GameWorld            - Attempted to remove entity which is not active
16:08:35.806 [JavaFX Application Thread] WARN  GameWorld            - Attempted to remove entity which is not active
16:08:35.806 [JavaFX Application Thread] WARN  GameWorld            - Attempted to remove entity which is not active
16:08:35.806 [JavaFX Application Thread] WARN  GameWorld            - Attempted to remove entity which is not active
16:08:35.822 [JavaFX Application Thread] WARN  GameWorld            - Attempted to remove entity which is not active
16:08:35.918 [JavaFX Application Thread] WARN  GameWorld            - Attempted to remove entity which is not active
16:08:35.919 [JavaFX Application Thread] WARN  GameWorld            - Attempted to remove entity which is not active
16:08:35.920 [JavaFX Application Thread] WARN  GameWorld            - Attempted to remove entity which is not active
16:08:35.921 [JavaFX Application Thread] WARN  GameWorld            - Attempted to remove entity which is not active
16:08:35.967 [JavaFX Application Thread] WARN  GameWorld            - Attempted to remove entity which is not active
16:08:36.158 [JavaFX Application Thread] WARN  GameWorld            - Attempted to remove entity which is not active
16:08:36.493 [JavaFX Application Thread] WARN  GameWorld            - Attempted to remove entity which is not active
16:08:36.622 [JavaFX Application Thread] WARN  GameWorld            - Attempted to remove entity which is not active
16:08:36.622 [JavaFX Application Thread] WARN  GameWorld            - Attempted to remove entity which is not active
16:08:36.942 [JavaFX Application Thread] WARN  GameWorld            - Attempted to remove entity which is not active
16:08:36.974 [JavaFX Application Thread] WARN  GameWorld            - Attempted to remove entity which is not active
16:08:37.198 [JavaFX Application Thread] WARN  GameWorld            - Attempted to remove entity which is not active
16:08:37.198 [JavaFX Application Thread] WARN  GameWorld            - Attempted to remove entity which is not active
16:08:37.246 [JavaFX Application Thread] WARN  GameWorld            - Attempted to remove entity which is not active
16:08:37.246 [JavaFX Application Thread] WARN  GameWorld            - Attempted to remove entity which is not active
16:08:37.246 [JavaFX Application Thread] WARN  GameWorld            - Attempted to remove entity which is not active
16:08:37.246 [JavaFX Application Thread] WARN  GameWorld            - Attempted to remove entity which is not active
16:08:37.325 [JavaFX Application Thread] WARN  GameWorld            - Attempted to remove entity which is not active
16:08:37.325 [JavaFX Application Thread] WARN  GameWorld            - Attempted to remove entity which is not active
16:08:37.343 [JavaFX Application Thread] WARN  GameWorld            - Attempted to remove entity which is not active
16:08:37.343 [JavaFX Application Thread] WARN  GameWorld            - Attempted to remove entity which is not active
16:08:37.343 [JavaFX Application Thread] WARN  GameWorld            - Attempted to remove entity which is not active
16:08:37.504 [JavaFX Application Thread] DEBUG FXGLAssetLoaderServi - Loading from file system: file:/C:/Users/narro/git/CS4900G2Proj2/Dawnseeker/target/classes/assets/sounds/yoda_death.wav
16:08:37.512 [JavaFX Application Thread] DEBUG AudioPlayer          - Stopping music com.almasb.fxgl.audio.Music@5a9f1236
16:08:37.512 [JavaFX Application Thread] DEBUG AudioPlayer          - Stopping music com.almasb.fxgl.audio.Music@b7653a3
16:08:37.513 [JavaFX Application Thread] DEBUG Input                - Clearing active input actions
16:08:37.518 [JavaFX Application Thread] DEBUG GameApplicationServi - Removing overlay from GameScene and adding to FXGLMainMenuDummyScene
16:08:37.518 [JavaFX Application Thread] DEBUG PrimaryStageWindow   - GameScene -> FXGLMainMenuDummyScene
16:08:37.518 [JavaFX Application Thread] DEBUG PrimaryStageWindow   - Push state: DawnseekerMenu
16:08:37.518 [JavaFX Application Thread] DEBUG Input                - Clearing active input actions
16:08:37.518 [JavaFX Application Thread] DEBUG GameApplicationServi - Removing overlay from FXGLMainMenuDummyScene and adding to DawnseekerMenu
16:08:37.518 [JavaFX Application Thread] DEBUG PrimaryStageWindow   - FXGLMainMenuDummyScene -> DawnseekerMenu
16:08:37.519 [JavaFX Application Thread] DEBUG AudioPlayer          - Playing music com.almasb.fxgl.audio.Music@5a9f1236
16:08:39.359 [JavaFX Application Thread] DEBUG FXGLApplication      - Exiting FXGL
16:08:39.359 [JavaFX Application Thread] DEBUG LoopRunner           - Stopping loop
16:08:39.359 [JavaFX Application Thread] DEBUG SystemBundleService  - Saving FXGL system data
16:08:39.364 [JavaFX Application Thread] DEBUG FileSystemAccess     - Writing to: C:\Users\narro\git\CS4900G2Proj2\Dawnseeker\system\fxgl.bundle
16:08:39.369 [JavaFX Application Thread] DEBUG Async                - Shutting down background threads
16:08:39.370 [JavaFX Application Thread] DEBUG PrimaryStageWindow   - Closing main window
16:08:39.380 [JavaFX Application Thread] DEBUG Logger               - Closing Logger
