19:18:13.370 [main                     ] DEBUG Logger               - Configured Logger
19:18:13.441 [main                     ] DEBUG GameApplication      - Logging settings
Title: Dawnseeker
Version: 0.5
Width: 1920
Height: 1080
Fullscreen: false
Intro: false
Profiling: false
Single step:false
App Mode: DEVELOPER
Menu Key: ESCAPE
Stage Style: DECORATED
Scene Factory: class myGame.DawnseekerApp$1

19:18:14.912 [JavaFX Application Thread] DEBUG FXGLApplication      - Initializing FXGL
19:18:14.920 [JavaFX Application Thread] INFO  Engine               - FXGL-17.2 (20.08.2022 16.50) on WINDOWS (J:19 FX:18)
19:18:14.920 [JavaFX Application Thread] DEBUG Engine               - JRE Vendor Name: Eclipse Adoptium
19:18:14.920 [JavaFX Application Thread] DEBUG Engine               - Running on OS: Windows 10 version 10.0
19:18:14.920 [JavaFX Application Thread] DEBUG Engine               - Architecture: amd64
19:18:14.921 [JavaFX Application Thread] INFO  Engine               - Source code and latest versions at: https://github.com/AlmasB/FXGL
19:18:14.921 [JavaFX Application Thread] INFO  Engine               -       Ask questions and discuss at: https://github.com/AlmasB/FXGL/discussions
19:18:14.921 [JavaFX Application Thread] INFO  Engine               -              Join the FXGL chat at: https://gitter.im/AlmasB/FXGL
19:18:15.117 [JavaFX Application Thread] DEBUG PrimaryStageWindow   - Creating a JavaFX scene
19:18:15.734 [JavaFX Application Thread] DEBUG PrimaryStageWindow   - Target settings size: 1920.0 x 1080.0
19:18:15.734 [JavaFX Application Thread] DEBUG PrimaryStageWindow   - Scaled scene size:    1920.0 x 1080.0
19:18:15.735 [JavaFX Application Thread] DEBUG PrimaryStageWindow   - Scaled ratio: (1.0, 1.0)
19:18:15.736 [JavaFX Application Thread] DEBUG PrimaryStageWindow   - Set initial scene to FXGLStartupScene
19:18:15.751 [JavaFX Application Thread] DEBUG PrimaryStageWindow   - Opening main window
19:18:16.640 [JavaFX Application Thread] DEBUG PrimaryStageWindow   - Window border size: (16.0, 39.0)
19:18:16.641 [JavaFX Application Thread] DEBUG PrimaryStageWindow   - Scaled size: 1920.0 x 1080.0
19:18:16.641 [JavaFX Application Thread] DEBUG PrimaryStageWindow   - Scaled ratio: (1.0, 1.0)
19:18:16.642 [JavaFX Application Thread] DEBUG PrimaryStageWindow   - Scene size: 1920.0 x 1080.0
19:18:16.643 [JavaFX Application Thread] DEBUG PrimaryStageWindow   - Stage size: 1936.0 x 1119.0
19:18:16.678 [FXGL Background Thread 1 ] DEBUG Engine               - Initializing environment variables
19:18:16.971 [FXGL Background Thread 1 ] DEBUG FXGLAssetLoaderServi - User app class for loading assets: class myGame.DawnseekerApp
19:18:16.971 [FXGL Background Thread 1 ] DEBUG GameApplicationServi - Applying CSS: fxgl_dark.css
19:18:16.972 [FXGL Background Thread 1 ] DEBUG FXGLAssetLoaderServi - Loading from file system: jar:file:/C:/Users/User/.m2/repository/com/github/almasb/fxgl/17.2/fxgl-17.2.jar!/fxglassets/ui/css/fxgl_dark.css
19:18:17.087 [FXGL Background Thread 1 ] DEBUG GameApplicationServi - Initializing application scenes
19:18:17.194 [FXGL Background Thread 1 ] DEBUG GameWorld            - Game world initialized
19:18:17.337 [FXGL Background Thread 1 ] DEBUG PhysicsWorld         - Physics world initialized: appHeight=1080, physics.ppm=50.0
19:18:17.338 [FXGL Background Thread 1 ] DEBUG PhysicsWorld         - Using strategy: BRUTE_FORCE
19:18:17.343 [FXGL Background Thread 1 ] DEBUG GameScene            - Game scene initialized: 1920x1080
19:18:17.344 [FXGL Background Thread 1 ] DEBUG FXGLAssetLoaderServi - Loading from file system: file:/C:/Users/User/Desktop/Spring2023/CS4900G2Proj2/CS4900G2Proj2/CS4900G2Proj2/Dawnseeker/target/classes/assets/music/shop.mp3
19:18:18.304 [FXGL Background Thread 1 ] DEBUG AudioPlayer          - Playing music com.almasb.fxgl.audio.Music@1ef99def
19:18:18.351 [FXGL Background Thread 1 ] DEBUG FXGLAssetLoaderServi - Loading from file system: file:/C:/Users/User/Desktop/Spring2023/CS4900G2Proj2/CS4900G2Proj2/CS4900G2Proj2/Dawnseeker/target/classes/assets/textures/bg2.png
19:18:25.657 [FXGL Background Thread 1 ] DEBUG FXGL.DefaultMenu     - createMenuBodyGameMenu()
19:18:25.710 [FXGL Background Thread 1 ] DEBUG FXGL.DefaultMenu     - createOptionsMenu()
19:18:25.728 [FXGL Background Thread 1 ] DEBUG FXGLAssetLoaderServi - Loading from file system: jar:file:/C:/Users/User/.m2/repository/com/github/almasb/fxgl/17.2/fxgl-17.2.jar!/fxglassets/textures/particles/smoke.png
19:18:25.934 [FXGL Background Thread 1 ] DEBUG FXGLAssetLoaderServi - Loading from file system: jar:file:/C:/Users/User/.m2/repository/com/github/almasb/fxgl/17.2/fxgl-17.2.jar!/fxglassets/textures/particles/trace_horizontal.png
19:18:25.974 [FXGL Background Thread 1 ] DEBUG GameApplicationServi - Application scenes initialized
19:18:26.002 [FXGL Background Thread 1 ] DEBUG SystemBundleService  - Loading FXGL system data
19:18:26.013 [FXGL Background Thread 1 ] DEBUG FileSystemAccess     - Reading from: C:\Users\User\Desktop\Spring2023\CS4900G2Proj2\CS4900G2Proj2\CS4900G2Proj2\Dawnseeker\system\fxgl.bundle
19:18:26.033 [FXGL Background Thread 1 ] DEBUG SystemBundleService  - Bundle FXGL: {}
19:18:26.033 [FXGL Background Thread 1 ] DEBUG UpdaterService       - Checking for updates
19:18:26.042 [FXGL Background Thread 4 ] DEBUG FXGLApplication      - Loading fonts
19:18:26.043 [FXGL Background Thread 4 ] DEBUG FXGLAssetLoaderServi - Loading from file system: jar:file:/C:/Users/User/.m2/repository/com/github/almasb/fxgl/17.2/fxgl-17.2.jar!/fxglassets/ui/fonts/VarelaRound-Regular.ttf
19:18:26.044 [FXGL Background Thread 1 ] DEBUG FXGLApplication      - Loading default localization
19:18:26.046 [FXGL Background Thread 1 ] DEBUG FXGLAssetLoaderServi - Loading from file system: jar:file:/C:/Users/User/.m2/repository/com/github/almasb/fxgl/17.2/fxgl-17.2.jar!/fxglassets/languages/english.lang
19:18:26.208 [FXGL Background Thread 1 ] INFO  FXGLApplication      - FXGL initialization took: 9.529 sec
19:18:26.245 [JavaFX Application Thread] DEBUG Input                - Registered new binding: action0 - LMB
19:18:26.263 [JavaFX Application Thread] DEBUG Input                - Registered new binding: Up - W
19:18:26.264 [JavaFX Application Thread] DEBUG Input                - Registered new binding: Down - S
19:18:26.264 [JavaFX Application Thread] DEBUG Input                - Registered new binding: Right - D
19:18:26.264 [JavaFX Application Thread] DEBUG Input                - Registered new binding: Left - A
19:18:26.265 [JavaFX Application Thread] DEBUG FXGLAssetLoaderServi - Loading from file system: jar:file:/C:/Users/User/.m2/repository/com/github/almasb/fxgl/17.2/fxgl-17.2.jar!/fxglassets/textures/fxgl_icon.png
19:18:26.309 [JavaFX Application Thread] DEBUG FXGLAssetLoaderServi - Loading from file system: jar:file:/C:/Users/User/.m2/repository/com/github/almasb/fxgl/17.2/fxgl-17.2.jar!/fxglassets/textures/fxgl_default_cursor.png
19:18:26.340 [JavaFX Application Thread] DEBUG Input                - Registered new binding: Screenshot - CTRL+8
19:18:26.352 [JavaFX Application Thread] DEBUG Input                - Registered new binding: System info dump - CTRL+9
19:18:26.353 [JavaFX Application Thread] DEBUG Input                - Registered new binding: Restart - CTRL+R
19:18:26.354 [JavaFX Application Thread] DEBUG Input                - Registered new binding: Toggle Debug Camera - CTRL+7
19:18:26.362 [JavaFX Application Thread] DEBUG LoopRunner           - Starting loop
19:18:26.363 [JavaFX Application Thread] DEBUG LoopRunner           - Initializing JavaFX AnimationTimerLoop
19:18:26.386 [JavaFX Application Thread] DEBUG Input                - Clearing active input actions
19:18:26.440 [JavaFX Application Thread] DEBUG GameApplicationServi - Removing overlay from FXGLStartupScene and adding to FXGLMainMenuDummyScene
19:18:26.440 [JavaFX Application Thread] DEBUG PrimaryStageWindow   - FXGLStartupScene -> FXGLMainMenuDummyScene
19:18:26.441 [JavaFX Application Thread] DEBUG PrimaryStageWindow   - Push state: DawnseekerMenu
19:18:26.441 [JavaFX Application Thread] DEBUG Input                - Clearing active input actions
19:18:26.495 [JavaFX Application Thread] DEBUG GameApplicationServi - Removing overlay from FXGLMainMenuDummyScene and adding to DawnseekerMenu
19:18:26.495 [JavaFX Application Thread] DEBUG PrimaryStageWindow   - FXGLMainMenuDummyScene -> DawnseekerMenu
19:18:26.775 [FXGL Background Thread 4 ] DEBUG FXGLAssetLoaderServi - Loading from file system: jar:file:/C:/Users/User/.m2/repository/com/github/almasb/fxgl/17.2/fxgl-17.2.jar!/fxglassets/ui/fonts/Abel-Regular.ttf
19:18:26.779 [FXGL Background Thread 4 ] DEBUG FXGLAssetLoaderServi - Loading from file system: jar:file:/C:/Users/User/.m2/repository/com/github/almasb/fxgl/17.2/fxgl-17.2.jar!/fxglassets/ui/fonts/TerminalLandMono-Regular.otf
19:18:26.784 [FXGL Background Thread 4 ] DEBUG FXGLAssetLoaderServi - Loading from file system: jar:file:/C:/Users/User/.m2/repository/com/github/almasb/fxgl/17.2/fxgl-17.2.jar!/fxglassets/ui/fonts/Courier-Prime.ttf
19:18:26.790 [JavaFX Application Thread] DEBUG FXGLApplication      - Registering font factories with UI factory
19:18:29.039 [FXGL Background Thread 3 ] DEBUG Engine               - Logging environment variables
19:18:29.041 [FXGL Background Thread 3 ] DEBUG Engine               - achievements: []
19:18:29.041 [FXGL Background Thread 3 ] DEBUG Engine               - actualHeight: 1080.0
19:18:29.042 [FXGL Background Thread 3 ] DEBUG Engine               - actualHeightProperty: ReadOnlyDoubleProperty [value: 1080.0]
19:18:29.042 [FXGL Background Thread 3 ] DEBUG Engine               - actualWidth: 1920.0
19:18:29.042 [FXGL Background Thread 3 ] DEBUG Engine               - actualWidthProperty: ReadOnlyDoubleProperty [value: 1920.0]
19:18:29.042 [FXGL Background Thread 3 ] DEBUG Engine               - appIcon: fxgl_icon.png
19:18:29.043 [FXGL Background Thread 3 ] DEBUG Engine               - applicationMode: DEVELOPER
19:18:29.043 [FXGL Background Thread 3 ] DEBUG Engine               - cSSList: [fxgl_dark.css]
19:18:29.043 [FXGL Background Thread 3 ] DEBUG Engine               - collisionDetectionStrategy: BRUTE_FORCE
19:18:29.043 [FXGL Background Thread 3 ] DEBUG Engine               - configClass: Optional.empty
19:18:29.044 [FXGL Background Thread 3 ] DEBUG Engine               - credits: []
19:18:29.045 [FXGL Background Thread 3 ] DEBUG Engine               - defaultCursor: CursorInfo(imageName=fxgl_default_cursor.png, hotspotX=7.0, hotspotY=6.0)
19:18:29.046 [FXGL Background Thread 3 ] DEBUG Engine               - devBBoxColorProperty: ObjectProperty [value: 0xff0000ff]
19:18:29.046 [FXGL Background Thread 3 ] DEBUG Engine               - devEnableDebugCameraProperty: BooleanProperty [value: false]
19:18:29.046 [FXGL Background Thread 3 ] DEBUG Engine               - devSensorColorProperty: ObjectProperty [value: 0xffff00ff]
19:18:29.046 [FXGL Background Thread 3 ] DEBUG Engine               - devShowBBoxProperty: BooleanProperty [value: false]
19:18:29.047 [FXGL Background Thread 3 ] DEBUG Engine               - devShowPositionProperty: BooleanProperty [value: false]
19:18:29.047 [FXGL Background Thread 3 ] DEBUG Engine               - enabledMenuItems: []
19:18:29.047 [FXGL Background Thread 3 ] DEBUG Engine               - engineServices: [class com.almasb.fxgl.app.services.FXGLAssetLoaderService, class com.almasb.fxgl.app.FXGLApplication$GameApplicationService, class com.almasb.fxgl.app.services.FXGLDialogService, class com.almasb.fxgl.app.services.IOTaskExecutorService, class com.almasb.fxgl.io.FileSystemService, class com.almasb.fxgl.localization.LocalizationService, class com.almasb.fxgl.app.services.SystemBundleService, class com.almasb.fxgl.profile.SaveLoadService, class com.almasb.fxgl.ui.FXGLUIFactoryServiceProvider, class com.almasb.fxgl.ui.FXGLDialogFactoryServiceProvider, class com.almasb.fxgl.audio.AudioPlayer, class com.almasb.fxgl.notification.impl.NotificationServiceProvider, class com.almasb.fxgl.achievement.AchievementService, class com.almasb.fxgl.cutscene.CutsceneService, class com.almasb.fxgl.minigames.MiniGameService, class com.almasb.fxgl.net.NetService, class com.almasb.fxgl.app.services.UpdaterService, class com.almasb.fxgl.dev.DevService]
19:18:29.047 [FXGL Background Thread 3 ] DEBUG Engine               - fontGame: Abel-Regular.ttf
19:18:29.048 [FXGL Background Thread 3 ] DEBUG Engine               - fontMono: TerminalLandMono-Regular.otf
19:18:29.048 [FXGL Background Thread 3 ] DEBUG Engine               - fontText: Courier-Prime.ttf
19:18:29.048 [FXGL Background Thread 3 ] DEBUG Engine               - fontUI: VarelaRound-Regular.ttf
19:18:29.048 [FXGL Background Thread 3 ] DEBUG Engine               - fullScreen: BooleanProperty [value: false]
19:18:29.049 [FXGL Background Thread 3 ] DEBUG Engine               - gameDifficulty: MEDIUM
19:18:29.049 [FXGL Background Thread 3 ] DEBUG Engine               - gameDifficultyProperty: ObjectProperty [value: MEDIUM]
19:18:29.049 [FXGL Background Thread 3 ] DEBUG Engine               - globalMusicVolume: 0.5
19:18:29.050 [FXGL Background Thread 3 ] DEBUG Engine               - globalMusicVolumeProperty: DoubleProperty [value: 0.5]
19:18:29.050 [FXGL Background Thread 3 ] DEBUG Engine               - globalSoundVolume: 0.5
19:18:29.050 [FXGL Background Thread 3 ] DEBUG Engine               - globalSoundVolumeProperty: DoubleProperty [value: 0.5]
19:18:29.051 [FXGL Background Thread 3 ] DEBUG Engine               - height: 1080
19:18:29.051 [FXGL Background Thread 3 ] DEBUG Engine               - is3D: false
19:18:29.051 [FXGL Background Thread 3 ] DEBUG Engine               - isAndroid: false
19:18:29.051 [FXGL Background Thread 3 ] DEBUG Engine               - isBrowser: false
19:18:29.051 [FXGL Background Thread 3 ] DEBUG Engine               - isClickFeedbackEnabled: false
19:18:29.052 [FXGL Background Thread 3 ] DEBUG Engine               - isCloseConfirmation: false
19:18:29.052 [FXGL Background Thread 3 ] DEBUG Engine               - isDesktop: true
19:18:29.052 [FXGL Background Thread 3 ] DEBUG Engine               - isDeveloperMenuEnabled: false
19:18:29.052 [FXGL Background Thread 3 ] DEBUG Engine               - isEmbedded: false
19:18:29.053 [FXGL Background Thread 3 ] DEBUG Engine               - isEntityPreloadEnabled: true
19:18:29.053 [FXGL Background Thread 3 ] DEBUG Engine               - isExperimentalTiledLargeMap: false
19:18:29.053 [FXGL Background Thread 3 ] DEBUG Engine               - isFileSystemWriteAllowed: true
19:18:29.053 [FXGL Background Thread 3 ] DEBUG Engine               - isFullScreenAllowed: false
19:18:29.053 [FXGL Background Thread 3 ] DEBUG Engine               - isFullScreenFromStart: false
19:18:29.054 [FXGL Background Thread 3 ] DEBUG Engine               - isGameMenuEnabled: true
19:18:29.054 [FXGL Background Thread 3 ] DEBUG Engine               - isIOS: false
19:18:29.054 [FXGL Background Thread 3 ] DEBUG Engine               - isIntroEnabled: false
19:18:29.054 [FXGL Background Thread 3 ] DEBUG Engine               - isLinux: false
19:18:29.055 [FXGL Background Thread 3 ] DEBUG Engine               - isMac: false
19:18:29.055 [FXGL Background Thread 3 ] DEBUG Engine               - isMainMenuEnabled: true
19:18:29.055 [FXGL Background Thread 3 ] DEBUG Engine               - isManualResizeEnabled: false
19:18:29.055 [FXGL Background Thread 3 ] DEBUG Engine               - isMobile: false
19:18:29.055 [FXGL Background Thread 3 ] DEBUG Engine               - isNative: false
19:18:29.056 [FXGL Background Thread 3 ] DEBUG Engine               - isPauseMusicWhenMinimized: true
19:18:29.056 [FXGL Background Thread 3 ] DEBUG Engine               - isPreserveResizeRatio: false
19:18:29.056 [FXGL Background Thread 3 ] DEBUG Engine               - isProfilingEnabled: false
19:18:29.056 [FXGL Background Thread 3 ] DEBUG Engine               - isScaleAffectedOnResize: true
19:18:29.057 [FXGL Background Thread 3 ] DEBUG Engine               - isSingleStep: false
19:18:29.057 [FXGL Background Thread 3 ] DEBUG Engine               - isUserProfileEnabled: false
19:18:29.057 [FXGL Background Thread 3 ] DEBUG Engine               - isWindows: true
19:18:29.057 [FXGL Background Thread 3 ] DEBUG Engine               - language: ObjectProperty [value: ENGLISH]
19:18:29.057 [FXGL Background Thread 3 ] DEBUG Engine               - menuKey: ESCAPE
19:18:29.058 [FXGL Background Thread 3 ] DEBUG Engine               - mouseSensitivity: 0.2
19:18:29.058 [FXGL Background Thread 3 ] DEBUG Engine               - notificationViewClass: class com.almasb.fxgl.notification.view.XboxNotificationView
19:18:29.058 [FXGL Background Thread 3 ] DEBUG Engine               - pixelsPerMeter: 50.0
19:18:29.058 [FXGL Background Thread 3 ] DEBUG Engine               - platform: WINDOWS
19:18:29.059 [FXGL Background Thread 3 ] DEBUG Engine               - prefHeightProperty: ReadOnlyDoubleProperty [value: 1080.0]
19:18:29.060 [FXGL Background Thread 3 ] DEBUG Engine               - prefWidthProperty: ReadOnlyDoubleProperty [value: 1920.0]
19:18:29.060 [FXGL Background Thread 3 ] DEBUG Engine               - profileDir: profiles/
19:18:29.060 [FXGL Background Thread 3 ] DEBUG Engine               - profileName: StringProperty [value: DEFAULT]
19:18:29.060 [FXGL Background Thread 3 ] DEBUG Engine               - randomSeed: -1
19:18:29.061 [FXGL Background Thread 3 ] DEBUG Engine               - runtimeInfo: RuntimeInfo(platform=WINDOWS, version=17.2, build=20.08.2022 16.50)
19:18:29.061 [FXGL Background Thread 3 ] DEBUG Engine               - saveFileExt: sav
19:18:29.061 [FXGL Background Thread 3 ] DEBUG Engine               - scaledHeightProp$fxgl: DoubleProperty [bound, value: 1080.0]
19:18:29.061 [FXGL Background Thread 3 ] DEBUG Engine               - scaledWidthProp$fxgl: DoubleProperty [bound, value: 1920.0]
19:18:29.062 [FXGL Background Thread 3 ] DEBUG Engine               - sceneFactory: myGame.DawnseekerApp$1@1edf6837
19:18:29.062 [FXGL Background Thread 3 ] DEBUG Engine               - secondsIn24h: 60
19:18:29.062 [FXGL Background Thread 3 ] DEBUG Engine               - soundMenuBack: menu/back.wav
19:18:29.063 [FXGL Background Thread 3 ] DEBUG Engine               - soundMenuPress: menu/press.wav
19:18:29.063 [FXGL Background Thread 3 ] DEBUG Engine               - soundMenuSelect: menu/select.wav
19:18:29.063 [FXGL Background Thread 3 ] DEBUG Engine               - soundNotification: core/notification.wav
19:18:29.063 [FXGL Background Thread 3 ] DEBUG Engine               - stageStyle: DECORATED
19:18:29.063 [FXGL Background Thread 3 ] DEBUG Engine               - supportedLanguages: [ENGLISH, FRENCH, GERMAN, HUNGARIAN, RUSSIAN]
19:18:29.064 [FXGL Background Thread 3 ] DEBUG Engine               - ticksPerSecond: -1
19:18:29.064 [FXGL Background Thread 3 ] DEBUG Engine               - title: Dawnseeker
19:18:29.064 [FXGL Background Thread 3 ] DEBUG Engine               - urlGithub: https://github.com/AlmasB/FXGL
19:18:29.064 [FXGL Background Thread 3 ] DEBUG Engine               - urlLeaderboard: http://fxgl-top.herokuapp.com/
19:18:29.065 [FXGL Background Thread 3 ] DEBUG Engine               - urlPOM: https://raw.githubusercontent.com/AlmasB/FXGL/release/README.md
19:18:29.065 [FXGL Background Thread 3 ] DEBUG Engine               - userAppClass: class myGame.DawnseekerApp
19:18:29.065 [FXGL Background Thread 3 ] DEBUG Engine               - version: 0.5
19:18:29.065 [FXGL Background Thread 3 ] DEBUG Engine               - versionCheckDays: 7
19:18:29.065 [FXGL Background Thread 3 ] DEBUG Engine               - width: 1920
19:18:29.066 [FXGL Background Thread 3 ] DEBUG Engine               - Logging services
19:18:29.066 [FXGL Background Thread 3 ] DEBUG Engine               - class com.almasb.fxgl.app.services.FXGLAssetLoaderService
19:18:29.066 [FXGL Background Thread 3 ] DEBUG Engine               - class com.almasb.fxgl.app.FXGLApplication$GameApplicationService
19:18:29.066 [FXGL Background Thread 3 ] DEBUG Engine               - class com.almasb.fxgl.app.services.FXGLDialogService
19:18:29.067 [FXGL Background Thread 3 ] DEBUG Engine               - class com.almasb.fxgl.app.services.IOTaskExecutorService
19:18:29.067 [FXGL Background Thread 3 ] DEBUG Engine               - class com.almasb.fxgl.io.FileSystemService
19:18:29.067 [FXGL Background Thread 3 ] DEBUG Engine               - class com.almasb.fxgl.localization.LocalizationService
19:18:29.067 [FXGL Background Thread 3 ] DEBUG Engine               - class com.almasb.fxgl.app.services.SystemBundleService
19:18:29.068 [FXGL Background Thread 3 ] DEBUG Engine               - class com.almasb.fxgl.profile.SaveLoadService
19:18:29.068 [FXGL Background Thread 3 ] DEBUG Engine               - class com.almasb.fxgl.ui.FXGLUIFactoryServiceProvider
19:18:29.069 [FXGL Background Thread 3 ] DEBUG Engine               - class com.almasb.fxgl.ui.FXGLDialogFactoryServiceProvider
19:18:29.069 [FXGL Background Thread 3 ] DEBUG Engine               - class com.almasb.fxgl.audio.AudioPlayer
19:18:29.069 [FXGL Background Thread 3 ] DEBUG Engine               - class com.almasb.fxgl.notification.impl.NotificationServiceProvider
19:18:29.069 [FXGL Background Thread 3 ] DEBUG Engine               - class com.almasb.fxgl.achievement.AchievementService
19:18:29.070 [FXGL Background Thread 3 ] DEBUG Engine               - class com.almasb.fxgl.cutscene.CutsceneService
19:18:29.070 [FXGL Background Thread 3 ] DEBUG Engine               - class com.almasb.fxgl.minigames.MiniGameService
19:18:29.070 [FXGL Background Thread 3 ] DEBUG Engine               - class com.almasb.fxgl.net.NetService
19:18:29.071 [FXGL Background Thread 3 ] DEBUG Engine               - class com.almasb.fxgl.app.services.UpdaterService
19:18:29.071 [FXGL Background Thread 3 ] DEBUG Engine               - class com.almasb.fxgl.dev.DevService
19:18:30.293 [FXGL Background Thread 2 ] INFO  UpdaterService       - Your current version:  17.2
19:18:30.293 [FXGL Background Thread 2 ] INFO  UpdaterService       - Latest stable version: 17.3
19:18:31.111 [JavaFX Application Thread] DEBUG Menu                 - fireNewGame()
19:18:31.111 [JavaFX Application Thread] DEBUG GameApplicationServi - Starting new game
19:18:31.112 [JavaFX Application Thread] DEBUG PrimaryStageWindow   - Pop state: DawnseekerMenu
19:18:31.112 [JavaFX Application Thread] DEBUG Input                - Clearing active input actions
19:18:31.112 [JavaFX Application Thread] DEBUG GameApplicationServi - Removing overlay from DawnseekerMenu and adding to FXGLMainMenuDummyScene
19:18:31.113 [JavaFX Application Thread] DEBUG PrimaryStageWindow   - FXGLMainMenuDummyScene <- DawnseekerMenu
19:18:31.113 [JavaFX Application Thread] DEBUG Input                - Clearing active input actions
19:18:31.124 [JavaFX Application Thread] DEBUG GameApplicationServi - Removing overlay from FXGLMainMenuDummyScene and adding to FXGLLoadingScene
19:18:31.124 [JavaFX Application Thread] DEBUG PrimaryStageWindow   - FXGLMainMenuDummyScene -> FXGLLoadingScene
19:18:31.124 [JavaFX Application Thread] DEBUG GameApplicationServi - Clearing previous game
19:18:31.125 [JavaFX Application Thread] DEBUG GameScene            - Clearing game scene
19:18:31.125 [JavaFX Application Thread] DEBUG GameWorld            - Clearing game world
19:18:31.125 [JavaFX Application Thread] DEBUG PhysicsWorld         - Clearing physics world
19:18:31.127 [JavaFX Application Thread] DEBUG AudioPlayer          - Stopping music com.almasb.fxgl.audio.Music@1ef99def
19:18:31.127 [FXGL Background Thread 2 ] DEBUG FXGLApplication      - Initializing game
19:18:31.143 [FXGL Background Thread 2 ] DEBUG FXGLAssetLoaderServi - Loading from file system: file:/C:/Users/User/Desktop/Spring2023/CS4900G2Proj2/CS4900G2Proj2/CS4900G2Proj2/Dawnseeker/target/classes/assets/music/heartache.mp3
19:18:31.150 [FXGL Background Thread 2 ] DEBUG AudioPlayer          - Playing music com.almasb.fxgl.audio.Music@25926093
19:18:31.275 [FXGL Background Thread 2 ] DEBUG FXGLAssetLoaderServi - Loading from file system: file:/C:/Users/User/Desktop/Spring2023/CS4900G2Proj2/CS4900G2Proj2/CS4900G2Proj2/Dawnseeker/target/classes/assets/textures/DawnseekerPCV2.png
19:18:31.282 [FXGL Background Thread 2 ] DEBUG FXGLAssetLoaderServi - Loading from file system: file:/C:/Users/User/Desktop/Spring2023/CS4900G2Proj2/CS4900G2Proj2/CS4900G2Proj2/Dawnseeker/target/classes/assets/textures/DawnseekerPCV2Down.png
19:18:31.286 [FXGL Background Thread 2 ] DEBUG FXGLAssetLoaderServi - Loading from file system: file:/C:/Users/User/Desktop/Spring2023/CS4900G2Proj2/CS4900G2Proj2/CS4900G2Proj2/Dawnseeker/target/classes/assets/textures/DawnseekerPCV2Up.png
19:18:31.289 [FXGL Background Thread 2 ] DEBUG FXGLAssetLoaderServi - Loading from file system: file:/C:/Users/User/Desktop/Spring2023/CS4900G2Proj2/CS4900G2Proj2/CS4900G2Proj2/Dawnseeker/target/classes/assets/textures/DawnseekerPCV2Right.png
19:18:31.293 [FXGL Background Thread 2 ] DEBUG FXGLAssetLoaderServi - Loading from file system: file:/C:/Users/User/Desktop/Spring2023/CS4900G2Proj2/CS4900G2Proj2/CS4900G2Proj2/Dawnseeker/target/classes/assets/textures/DawnseekerPCV2Left.png
19:18:31.350 [FXGL Background Thread 2 ] DEBUG FXGLAssetLoaderServi - Loading from file system: file:/C:/Users/User/Desktop/Spring2023/CS4900G2Proj2/CS4900G2Proj2/CS4900G2Proj2/Dawnseeker/target/classes/assets/textures/background.png
19:18:31.450 [FXGL Background Thread 2 ] WARN  GameWorld            - Entity is already attached to world
19:18:31.451 [FXGL Background Thread 2 ] DEBUG FXGLAssetLoaderServi - Loading from file system: file:/C:/Users/User/Desktop/Spring2023/CS4900G2Proj2/CS4900G2Proj2/CS4900G2Proj2/Dawnseeker/target/classes/assets/textures/Rock1.png
19:18:31.454 [FXGL Background Thread 2 ] WARN  Entity               - Entity already has component: com.almasb.fxgl.entity.components.CollidableComponent
19:18:31.455 [FXGL Background Thread 2 ] WARN  GameWorld            - Entity is already attached to world
19:18:31.457 [FXGL Background Thread 2 ] DEBUG FXGLAssetLoaderServi - Loading from file system: file:/C:/Users/User/Desktop/Spring2023/CS4900G2Proj2/CS4900G2Proj2/CS4900G2Proj2/Dawnseeker/target/classes/assets/textures/Rock2.png
19:18:31.458 [FXGL Background Thread 2 ] WARN  Entity               - Entity already has component: com.almasb.fxgl.entity.components.CollidableComponent
19:18:31.458 [FXGL Background Thread 2 ] WARN  GameWorld            - Entity is already attached to world
19:18:31.460 [FXGL Background Thread 2 ] DEBUG FXGLAssetLoaderServi - Loading from file system: file:/C:/Users/User/Desktop/Spring2023/CS4900G2Proj2/CS4900G2Proj2/CS4900G2Proj2/Dawnseeker/target/classes/assets/textures/BigRock1.png
19:18:31.464 [FXGL Background Thread 2 ] WARN  Entity               - Entity already has component: com.almasb.fxgl.entity.components.CollidableComponent
19:18:31.465 [FXGL Background Thread 2 ] WARN  GameWorld            - Entity is already attached to world
19:18:31.469 [FXGL Background Thread 2 ] DEBUG FXGLAssetLoaderServi - Loading from file system: file:/C:/Users/User/Desktop/Spring2023/CS4900G2Proj2/CS4900G2Proj2/CS4900G2Proj2/Dawnseeker/target/classes/assets/textures/AnimShop.png
19:18:31.472 [FXGL Background Thread 2 ] WARN  GameWorld            - Entity is already attached to world
19:18:31.507 [FXGL Background Thread 2 ] INFO  FXGLApplication      - Game initialization took: 0.380 sec
19:18:31.508 [JavaFX Application Thread] DEBUG Input                - Clearing active input actions
19:18:31.533 [JavaFX Application Thread] DEBUG GameApplicationServi - Removing overlay from FXGLLoadingScene and adding to GameScene
19:18:31.533 [JavaFX Application Thread] DEBUG PrimaryStageWindow   - FXGLLoadingScene -> GameScene
19:18:32.667 [JavaFX Application Thread] DEBUG FXGLAssetLoaderServi - Loading from file system: file:/C:/Users/User/Desktop/Spring2023/CS4900G2Proj2/CS4900G2Proj2/CS4900G2Proj2/Dawnseeker/target/classes/assets/textures/Skull.gif
19:18:32.693 [JavaFX Application Thread] DEBUG FXGLAssetLoaderServi - Loading from file system: file:/C:/Users/User/Desktop/Spring2023/CS4900G2Proj2/CS4900G2Proj2/CS4900G2Proj2/Dawnseeker/target/classes/assets/textures/Ghost.gif
19:18:34.419 [JavaFX Application Thread] DEBUG FXGLAssetLoaderServi - Loading from file system: file:/C:/Users/User/Desktop/Spring2023/CS4900G2Proj2/CS4900G2Proj2/CS4900G2Proj2/Dawnseeker/target/classes/assets/sounds/magic_missile.wav
19:18:34.908 [JavaFX Application Thread] DEBUG FXGLAssetLoaderServi - Loading from file system: file:/C:/Users/User/Desktop/Spring2023/CS4900G2Proj2/CS4900G2Proj2/CS4900G2Proj2/Dawnseeker/target/classes/assets/textures/Fireball.gif
19:18:35.690 [JavaFX Application Thread] WARN  GameWorld            - Attempted to remove entity which is not active
19:18:35.692 [JavaFX Application Thread] DEBUG FXGLAssetLoaderServi - Loading from file system: file:/C:/Users/User/Desktop/Spring2023/CS4900G2Proj2/CS4900G2Proj2/CS4900G2Proj2/Dawnseeker/target/classes/assets/textures/Coin.gif
19:18:35.696 [JavaFX Application Thread] DEBUG FXGLAssetLoaderServi - Loading from file system: file:/C:/Users/User/Desktop/Spring2023/CS4900G2Proj2/CS4900G2Proj2/CS4900G2Proj2/Dawnseeker/target/classes/assets/sounds/bong.wav
19:18:35.971 [JavaFX Application Thread] WARN  GameWorld            - Attempted to remove entity which is not active
19:18:36.781 [JavaFX Application Thread] DEBUG FXGLAssetLoaderServi - Loading from file system: file:/C:/Users/User/Desktop/Spring2023/CS4900G2Proj2/CS4900G2Proj2/CS4900G2Proj2/Dawnseeker/target/classes/assets/textures/Bonker.gif
19:18:37.655 [JavaFX Application Thread] WARN  GameWorld            - Attempted to remove entity which is not active
19:18:37.897 [JavaFX Application Thread] WARN  GameWorld            - Attempted to remove entity which is not active
19:18:38.087 [JavaFX Application Thread] WARN  GameWorld            - Attempted to remove entity which is not active
19:18:38.233 [JavaFX Application Thread] WARN  GameWorld            - Attempted to remove entity which is not active
19:18:38.535 [JavaFX Application Thread] WARN  GameWorld            - Attempted to remove entity which is not active
19:18:38.711 [JavaFX Application Thread] WARN  GameWorld            - Attempted to remove entity which is not active
19:18:39.032 [JavaFX Application Thread] WARN  GameWorld            - Attempted to remove entity which is not active
19:18:39.191 [JavaFX Application Thread] WARN  GameWorld            - Attempted to remove entity which is not active
19:18:39.192 [JavaFX Application Thread] DEBUG FXGLAssetLoaderServi - Loading from file system: file:/C:/Users/User/Desktop/Spring2023/CS4900G2Proj2/CS4900G2Proj2/CS4900G2Proj2/Dawnseeker/target/classes/assets/textures/FIRE.gif
19:18:39.198 [JavaFX Application Thread] WARN  GameWorld            - Entity is already attached to world
19:18:39.199 [JavaFX Application Thread] DEBUG FXGLAssetLoaderServi - Loading from file system: file:/C:/Users/User/Desktop/Spring2023/CS4900G2Proj2/CS4900G2Proj2/CS4900G2Proj2/Dawnseeker/target/classes/assets/sounds/tom_scream.wav
19:18:39.320 [JavaFX Application Thread] WARN  GameWorld            - Attempted to remove entity which is not active
19:18:39.321 [JavaFX Application Thread] DEBUG FXGLAssetLoaderServi - Loading from file system: file:/C:/Users/User/Desktop/Spring2023/CS4900G2Proj2/CS4900G2Proj2/CS4900G2Proj2/Dawnseeker/target/classes/assets/sounds/metal_pipe_fall.wav
19:18:40.087 [JavaFX Application Thread] WARN  GameWorld            - Attempted to remove entity which is not active
19:18:40.967 [JavaFX Application Thread] WARN  GameWorld            - Attempted to remove entity which is not active
19:18:41.656 [JavaFX Application Thread] DEBUG FXGLAssetLoaderServi - Loading from file system: file:/C:/Users/User/Desktop/Spring2023/CS4900G2Proj2/CS4900G2Proj2/CS4900G2Proj2/Dawnseeker/target/classes/assets/sounds/coin_pickup.wav
19:18:43.079 [JavaFX Application Thread] WARN  GameWorld            - Attempted to remove entity which is not active
19:18:43.081 [JavaFX Application Thread] DEBUG FXGLAssetLoaderServi - Loading from file system: file:/C:/Users/User/Desktop/Spring2023/CS4900G2Proj2/CS4900G2Proj2/CS4900G2Proj2/Dawnseeker/target/classes/assets/textures/HealthPotion.gif
19:18:43.591 [JavaFX Application Thread] WARN  GameWorld            - Attempted to remove entity which is not active
19:18:43.593 [JavaFX Application Thread] DEBUG FXGLAssetLoaderServi - Loading from file system: file:/C:/Users/User/Desktop/Spring2023/CS4900G2Proj2/CS4900G2Proj2/CS4900G2Proj2/Dawnseeker/target/classes/assets/textures/PowerPotion.gif
19:18:44.718 [JavaFX Application Thread] DEBUG FXGLAssetLoaderServi - Loading from file system: file:/C:/Users/User/Desktop/Spring2023/CS4900G2Proj2/CS4900G2Proj2/CS4900G2Proj2/Dawnseeker/target/classes/assets/sounds/player_oof.wav
19:18:45.719 [JavaFX Application Thread] WARN  GameWorld            - Attempted to remove entity which is not active
19:18:46.383 [JavaFX Application Thread] WARN  GameWorld            - Attempted to remove entity which is not active
19:18:46.534 [JavaFX Application Thread] WARN  GameWorld            - Attempted to remove entity which is not active
19:18:46.998 [JavaFX Application Thread] WARN  GameWorld            - Attempted to remove entity which is not active
19:18:47.000 [JavaFX Application Thread] WARN  GameWorld            - Entity is already attached to world
19:18:48.646 [JavaFX Application Thread] WARN  GameWorld            - Attempted to remove entity which is not active
19:18:50.151 [JavaFX Application Thread] WARN  GameWorld            - Attempted to remove entity which is not active
19:18:50.759 [JavaFX Application Thread] WARN  GameWorld            - Attempted to remove entity which is not active
19:18:52.524 [JavaFX Application Thread] DEBUG FXGLAssetLoaderServi - Loading from file system: file:/C:/Users/User/Desktop/Spring2023/CS4900G2Proj2/CS4900G2Proj2/CS4900G2Proj2/Dawnseeker/target/classes/assets/textures/FireBallProjectile.png
19:18:52.601 [JavaFX Application Thread] WARN  GameWorld            - Attempted to remove entity which is not active
19:18:52.935 [JavaFX Application Thread] WARN  GameWorld            - Attempted to remove entity which is not active
19:18:53.031 [JavaFX Application Thread] WARN  GameWorld            - Attempted to remove entity which is not active
19:18:53.033 [JavaFX Application Thread] DEBUG FXGLAssetLoaderServi - Loading from file system: file:/C:/Users/User/Desktop/Spring2023/CS4900G2Proj2/CS4900G2Proj2/CS4900G2Proj2/Dawnseeker/target/classes/assets/textures/SpeedPotion.gif
19:18:53.398 [JavaFX Application Thread] WARN  GameWorld            - Attempted to remove entity which is not active
19:18:53.543 [JavaFX Application Thread] WARN  GameWorld            - Attempted to remove entity which is not active
19:18:53.592 [JavaFX Application Thread] WARN  GameWorld            - Attempted to remove entity which is not active
19:18:54.087 [JavaFX Application Thread] WARN  GameWorld            - Attempted to remove entity which is not active
19:18:54.092 [JavaFX Application Thread] WARN  GameWorld            - Attempted to remove entity which is not active
19:18:54.327 [JavaFX Application Thread] WARN  GameWorld            - Attempted to remove entity which is not active
19:18:54.599 [JavaFX Application Thread] WARN  GameWorld            - Attempted to remove entity which is not active
19:18:55.274 [JavaFX Application Thread] WARN  GameWorld            - Attempted to remove entity which is not active
19:18:55.351 [JavaFX Application Thread] WARN  GameWorld            - Attempted to remove entity which is not active
19:18:55.479 [JavaFX Application Thread] WARN  GameWorld            - Attempted to remove entity which is not active
19:18:55.815 [JavaFX Application Thread] WARN  GameWorld            - Attempted to remove entity which is not active
19:18:55.831 [JavaFX Application Thread] WARN  GameWorld            - Attempted to remove entity which is not active
19:18:55.990 [JavaFX Application Thread] WARN  GameWorld            - Attempted to remove entity which is not active
19:18:55.994 [JavaFX Application Thread] WARN  GameWorld            - Entity is already attached to world
19:18:56.182 [JavaFX Application Thread] WARN  GameWorld            - Attempted to remove entity which is not active
19:18:56.438 [JavaFX Application Thread] WARN  GameWorld            - Attempted to remove entity which is not active
19:18:56.727 [JavaFX Application Thread] WARN  GameWorld            - Attempted to remove entity which is not active
19:18:57.062 [JavaFX Application Thread] WARN  GameWorld            - Attempted to remove entity which is not active
19:18:57.641 [JavaFX Application Thread] WARN  GameWorld            - Attempted to remove entity which is not active
19:18:57.815 [JavaFX Application Thread] WARN  GameWorld            - Attempted to remove entity which is not active
19:18:57.887 [JavaFX Application Thread] WARN  GameWorld            - Attempted to remove entity which is not active
19:18:57.990 [JavaFX Application Thread] WARN  GameWorld            - Attempted to remove entity which is not active
19:18:58.166 [JavaFX Application Thread] WARN  GameWorld            - Attempted to remove entity which is not active
19:18:58.310 [JavaFX Application Thread] WARN  GameWorld            - Attempted to remove entity which is not active
19:18:58.326 [JavaFX Application Thread] WARN  GameWorld            - Attempted to remove entity which is not active
19:18:58.423 [JavaFX Application Thread] WARN  GameWorld            - Attempted to remove entity which is not active
19:18:58.616 [JavaFX Application Thread] WARN  GameWorld            - Attempted to remove entity which is not active
19:18:58.710 [JavaFX Application Thread] WARN  GameWorld            - Attempted to remove entity which is not active
19:18:58.791 [JavaFX Application Thread] WARN  GameWorld            - Attempted to remove entity which is not active
19:18:58.793 [JavaFX Application Thread] WARN  GameWorld            - Entity is already attached to world
19:18:58.920 [JavaFX Application Thread] WARN  GameWorld            - Attempted to remove entity which is not active
19:18:59.048 [JavaFX Application Thread] WARN  GameWorld            - Attempted to remove entity which is not active
19:18:59.815 [JavaFX Application Thread] WARN  GameWorld            - Attempted to remove entity which is not active
19:19:00.534 [JavaFX Application Thread] WARN  GameWorld            - Attempted to remove entity which is not active
19:19:01.080 [JavaFX Application Thread] WARN  GameWorld            - Attempted to remove entity which is not active
19:19:01.560 [JavaFX Application Thread] WARN  GameWorld            - Attempted to remove entity which is not active
19:19:02.087 [JavaFX Application Thread] WARN  GameWorld            - Attempted to remove entity which is not active
19:19:02.185 [JavaFX Application Thread] WARN  GameWorld            - Attempted to remove entity which is not active
19:19:02.247 [JavaFX Application Thread] WARN  GameWorld            - Attempted to remove entity which is not active
19:19:02.375 [JavaFX Application Thread] WARN  GameWorld            - Attempted to remove entity which is not active
19:19:02.488 [JavaFX Application Thread] WARN  GameWorld            - Attempted to remove entity which is not active
19:19:02.631 [JavaFX Application Thread] WARN  GameWorld            - Attempted to remove entity which is not active
19:19:02.967 [JavaFX Application Thread] WARN  GameWorld            - Attempted to remove entity which is not active
19:19:03.063 [JavaFX Application Thread] WARN  GameWorld            - Attempted to remove entity which is not active
19:19:03.079 [JavaFX Application Thread] WARN  GameWorld            - Attempted to remove entity which is not active
19:19:03.146 [JavaFX Application Thread] WARN  GameWorld            - Attempted to remove entity which is not active
19:19:04.215 [JavaFX Application Thread] WARN  GameWorld            - Attempted to remove entity which is not active
19:19:04.313 [JavaFX Application Thread] WARN  GameWorld            - Attempted to remove entity which is not active
19:19:04.315 [JavaFX Application Thread] WARN  GameWorld            - Entity is already attached to world
19:19:04.329 [JavaFX Application Thread] WARN  GameWorld            - Attempted to remove entity which is not active
19:19:04.330 [JavaFX Application Thread] WARN  GameWorld            - Attempted to remove entity which is not active
19:19:05.447 [JavaFX Application Thread] WARN  GameWorld            - Attempted to remove entity which is not active
19:19:05.447 [JavaFX Application Thread] WARN  GameWorld            - Attempted to remove entity which is not active
19:19:05.768 [JavaFX Application Thread] WARN  GameWorld            - Attempted to remove entity which is not active
19:19:05.783 [JavaFX Application Thread] WARN  GameWorld            - Attempted to remove entity which is not active
19:19:05.784 [JavaFX Application Thread] WARN  GameWorld            - Attempted to remove entity which is not active
19:19:05.991 [JavaFX Application Thread] WARN  GameWorld            - Attempted to remove entity which is not active
19:19:05.991 [JavaFX Application Thread] WARN  GameWorld            - Attempted to remove entity which is not active
19:19:06.136 [JavaFX Application Thread] WARN  GameWorld            - Attempted to remove entity which is not active
19:19:06.218 [JavaFX Application Thread] WARN  GameWorld            - Attempted to remove entity which is not active
19:19:06.218 [JavaFX Application Thread] WARN  GameWorld            - Attempted to remove entity which is not active
19:19:06.343 [JavaFX Application Thread] WARN  GameWorld            - Attempted to remove entity which is not active
19:19:06.822 [JavaFX Application Thread] WARN  GameWorld            - Attempted to remove entity which is not active
19:19:06.823 [JavaFX Application Thread] WARN  GameWorld            - Attempted to remove entity which is not active
19:19:06.920 [JavaFX Application Thread] WARN  GameWorld            - Attempted to remove entity which is not active
19:19:07.319 [JavaFX Application Thread] WARN  GameWorld            - Attempted to remove entity which is not active
19:19:07.767 [JavaFX Application Thread] WARN  GameWorld            - Attempted to remove entity which is not active
19:19:07.768 [JavaFX Application Thread] WARN  GameWorld            - Attempted to remove entity which is not active
19:19:08.085 [JavaFX Application Thread] WARN  GameWorld            - Attempted to remove entity which is not active
19:19:08.231 [JavaFX Application Thread] WARN  GameWorld            - Attempted to remove entity which is not active
19:19:08.551 [JavaFX Application Thread] WARN  GameWorld            - Attempted to remove entity which is not active
19:19:08.551 [JavaFX Application Thread] WARN  GameWorld            - Attempted to remove entity which is not active
19:19:10.057 [JavaFX Application Thread] WARN  GameWorld            - Attempted to remove entity which is not active
19:19:10.058 [JavaFX Application Thread] WARN  GameWorld            - Attempted to remove entity which is not active
19:19:10.060 [JavaFX Application Thread] WARN  GameWorld            - Attempted to remove entity which is not active
19:19:10.200 [JavaFX Application Thread] WARN  GameWorld            - Attempted to remove entity which is not active
19:19:10.999 [JavaFX Application Thread] WARN  GameWorld            - Attempted to remove entity which is not active
19:19:11.015 [JavaFX Application Thread] WARN  GameWorld            - Attempted to remove entity which is not active
19:19:11.239 [JavaFX Application Thread] WARN  GameWorld            - Attempted to remove entity which is not active
19:19:11.254 [JavaFX Application Thread] WARN  GameWorld            - Attempted to remove entity which is not active
19:19:11.255 [JavaFX Application Thread] WARN  GameWorld            - Attempted to remove entity which is not active
19:19:11.704 [JavaFX Application Thread] WARN  GameWorld            - Attempted to remove entity which is not active
19:19:11.752 [JavaFX Application Thread] WARN  GameWorld            - Attempted to remove entity which is not active
19:19:12.423 [JavaFX Application Thread] WARN  GameWorld            - Attempted to remove entity which is not active
19:19:12.456 [JavaFX Application Thread] WARN  GameWorld            - Attempted to remove entity which is not active
19:19:12.472 [JavaFX Application Thread] WARN  GameWorld            - Attempted to remove entity which is not active
19:19:12.743 [JavaFX Application Thread] WARN  GameWorld            - Attempted to remove entity which is not active
19:19:12.825 [JavaFX Application Thread] WARN  GameWorld            - Attempted to remove entity which is not active
19:19:13.079 [JavaFX Application Thread] WARN  GameWorld            - Attempted to remove entity which is not active
19:19:13.079 [JavaFX Application Thread] WARN  GameWorld            - Attempted to remove entity which is not active
19:19:13.080 [JavaFX Application Thread] WARN  GameWorld            - Entity is already attached to world
19:19:13.096 [JavaFX Application Thread] WARN  GameWorld            - Attempted to remove entity which is not active
19:19:13.302 [JavaFX Application Thread] WARN  GameWorld            - Attempted to remove entity which is not active
19:19:13.320 [JavaFX Application Thread] WARN  GameWorld            - Attempted to remove entity which is not active
19:19:13.479 [JavaFX Application Thread] WARN  GameWorld            - Attempted to remove entity which is not active
19:19:13.638 [JavaFX Application Thread] WARN  GameWorld            - Attempted to remove entity which is not active
19:19:14.678 [JavaFX Application Thread] WARN  GameWorld            - Attempted to remove entity which is not active
19:19:14.823 [JavaFX Application Thread] WARN  GameWorld            - Attempted to remove entity which is not active
19:19:16.344 [JavaFX Application Thread] WARN  GameWorld            - Attempted to remove entity which is not active
19:19:16.359 [JavaFX Application Thread] WARN  GameWorld            - Attempted to remove entity which is not active
19:19:16.600 [JavaFX Application Thread] WARN  GameWorld            - Attempted to remove entity which is not active
19:19:16.602 [JavaFX Application Thread] WARN  GameWorld            - Attempted to remove entity which is not active
19:19:16.602 [JavaFX Application Thread] WARN  GameWorld            - Attempted to remove entity which is not active
19:19:16.632 [JavaFX Application Thread] WARN  GameWorld            - Attempted to remove entity which is not active
19:19:16.887 [JavaFX Application Thread] WARN  GameWorld            - Attempted to remove entity which is not active
19:19:16.887 [JavaFX Application Thread] WARN  GameWorld            - Attempted to remove entity which is not active
19:19:16.887 [JavaFX Application Thread] WARN  GameWorld            - Attempted to remove entity which is not active
19:19:16.887 [JavaFX Application Thread] WARN  GameWorld            - Attempted to remove entity which is not active
19:19:17.320 [JavaFX Application Thread] WARN  GameWorld            - Attempted to remove entity which is not active
19:19:17.320 [JavaFX Application Thread] WARN  GameWorld            - Attempted to remove entity which is not active
19:19:17.320 [JavaFX Application Thread] WARN  GameWorld            - Attempted to remove entity which is not active
19:19:17.321 [JavaFX Application Thread] WARN  GameWorld            - Attempted to remove entity which is not active
19:19:17.593 [JavaFX Application Thread] WARN  GameWorld            - Attempted to remove entity which is not active
19:19:17.624 [JavaFX Application Thread] WARN  GameWorld            - Attempted to remove entity which is not active
19:19:18.185 [JavaFX Application Thread] WARN  GameWorld            - Attempted to remove entity which is not active
19:19:18.186 [JavaFX Application Thread] WARN  GameWorld            - Attempted to remove entity which is not active
19:19:18.470 [JavaFX Application Thread] WARN  GameWorld            - Attempted to remove entity which is not active
19:19:18.535 [JavaFX Application Thread] WARN  GameWorld            - Attempted to remove entity which is not active
19:19:18.536 [JavaFX Application Thread] WARN  GameWorld            - Attempted to remove entity which is not active
19:19:18.536 [JavaFX Application Thread] WARN  GameWorld            - Attempted to remove entity which is not active
19:19:18.681 [JavaFX Application Thread] WARN  GameWorld            - Attempted to remove entity which is not active
19:19:19.144 [JavaFX Application Thread] DEBUG FXGLAssetLoaderServi - Loading from file system: file:/C:/Users/User/Desktop/Spring2023/CS4900G2Proj2/CS4900G2Proj2/CS4900G2Proj2/Dawnseeker/target/classes/assets/sounds/store_jingle.wav
19:19:19.247 [JavaFX Application Thread] DEBUG PrimaryStageWindow   - Push state: ShopTest
19:19:19.247 [JavaFX Application Thread] DEBUG Input                - Clearing active input actions
19:19:19.249 [JavaFX Application Thread] DEBUG GameApplicationServi - Removing overlay from GameScene and adding to ShopTest
19:19:19.249 [JavaFX Application Thread] DEBUG PrimaryStageWindow   - GameScene -> ShopTest
19:19:19.249 [JavaFX Application Thread] DEBUG Input                - Registered new binding: Close Shop - F
19:19:20.501 [JavaFX Application Thread] DEBUG FXGLAssetLoaderServi - Loading from file system: file:/C:/Users/User/Desktop/Spring2023/CS4900G2Proj2/CS4900G2Proj2/CS4900G2Proj2/Dawnseeker/target/classes/assets/sounds/boom.wav
19:19:32.130 [JavaFX Application Thread] DEBUG PrimaryStageWindow   - Pop state: ShopTest
19:19:32.130 [JavaFX Application Thread] DEBUG Input                - Clearing active input actions
19:19:32.131 [JavaFX Application Thread] DEBUG GameApplicationServi - Removing overlay from ShopTest and adding to GameScene
19:19:32.131 [JavaFX Application Thread] DEBUG PrimaryStageWindow   - GameScene <- ShopTest
19:19:33.607 [JavaFX Application Thread] WARN  GameWorld            - Attempted to remove entity which is not active
19:19:33.894 [JavaFX Application Thread] WARN  GameWorld            - Attempted to remove entity which is not active
19:19:34.166 [JavaFX Application Thread] WARN  GameWorld            - Attempted to remove entity which is not active
19:19:34.566 [JavaFX Application Thread] WARN  GameWorld            - Attempted to remove entity which is not active
19:19:34.664 [JavaFX Application Thread] WARN  GameWorld            - Attempted to remove entity which is not active
19:19:34.857 [JavaFX Application Thread] WARN  GameWorld            - Attempted to remove entity which is not active
19:19:35.111 [JavaFX Application Thread] WARN  GameWorld            - Attempted to remove entity which is not active
19:19:35.224 [JavaFX Application Thread] WARN  GameWorld            - Attempted to remove entity which is not active
19:19:35.304 [JavaFX Application Thread] WARN  GameWorld            - Attempted to remove entity which is not active
19:19:35.336 [JavaFX Application Thread] WARN  GameWorld            - Attempted to remove entity which is not active
19:19:35.495 [JavaFX Application Thread] WARN  GameWorld            - Attempted to remove entity which is not active
19:19:35.512 [JavaFX Application Thread] WARN  GameWorld            - Attempted to remove entity which is not active
19:19:35.512 [JavaFX Application Thread] WARN  GameWorld            - Attempted to remove entity which is not active
19:19:35.719 [JavaFX Application Thread] WARN  GameWorld            - Attempted to remove entity which is not active
19:19:35.767 [JavaFX Application Thread] WARN  GameWorld            - Attempted to remove entity which is not active
19:19:35.815 [JavaFX Application Thread] WARN  GameWorld            - Attempted to remove entity which is not active
19:19:35.815 [JavaFX Application Thread] WARN  GameWorld            - Attempted to remove entity which is not active
19:19:35.815 [JavaFX Application Thread] WARN  GameWorld            - Attempted to remove entity which is not active
19:19:36.088 [JavaFX Application Thread] WARN  GameWorld            - Attempted to remove entity which is not active
19:19:36.088 [JavaFX Application Thread] WARN  GameWorld            - Attempted to remove entity which is not active
19:19:37.215 [JavaFX Application Thread] WARN  GameWorld            - Attempted to remove entity which is not active
19:19:37.287 [JavaFX Application Thread] WARN  GameWorld            - Attempted to remove entity which is not active
19:19:37.304 [JavaFX Application Thread] WARN  GameWorld            - Attempted to remove entity which is not active
19:19:37.430 [JavaFX Application Thread] WARN  GameWorld            - Attempted to remove entity which is not active
19:19:37.510 [JavaFX Application Thread] WARN  GameWorld            - Attempted to remove entity which is not active
19:19:37.538 [JavaFX Application Thread] WARN  GameWorld            - Attempted to remove entity which is not active
19:19:37.654 [JavaFX Application Thread] WARN  GameWorld            - Attempted to remove entity which is not active
19:19:37.799 [JavaFX Application Thread] WARN  GameWorld            - Attempted to remove entity which is not active
19:19:37.801 [JavaFX Application Thread] WARN  GameWorld            - Attempted to remove entity which is not active
19:19:38.185 [JavaFX Application Thread] WARN  GameWorld            - Attempted to remove entity which is not active
19:19:38.214 [JavaFX Application Thread] WARN  GameWorld            - Attempted to remove entity which is not active
19:19:38.230 [JavaFX Application Thread] WARN  GameWorld            - Attempted to remove entity which is not active
19:19:38.423 [JavaFX Application Thread] WARN  GameWorld            - Attempted to remove entity which is not active
19:19:38.423 [JavaFX Application Thread] WARN  GameWorld            - Attempted to remove entity which is not active
19:19:38.458 [JavaFX Application Thread] WARN  GameWorld            - Attempted to remove entity which is not active
19:19:38.622 [JavaFX Application Thread] WARN  GameWorld            - Attempted to remove entity which is not active
19:19:38.855 [JavaFX Application Thread] WARN  GameWorld            - Attempted to remove entity which is not active
19:19:39.048 [JavaFX Application Thread] WARN  GameWorld            - Attempted to remove entity which is not active
19:19:39.049 [JavaFX Application Thread] WARN  GameWorld            - Attempted to remove entity which is not active
19:19:39.050 [JavaFX Application Thread] WARN  GameWorld            - Entity is already attached to world
19:19:40.008 [JavaFX Application Thread] WARN  GameWorld            - Attempted to remove entity which is not active
19:19:40.009 [JavaFX Application Thread] WARN  GameWorld            - Entity is already attached to world
19:19:40.042 [JavaFX Application Thread] WARN  GameWorld            - Attempted to remove entity which is not active
19:19:40.043 [JavaFX Application Thread] WARN  GameWorld            - Attempted to remove entity which is not active
19:19:40.246 [JavaFX Application Thread] WARN  GameWorld            - Attempted to remove entity which is not active
19:19:40.665 [JavaFX Application Thread] WARN  GameWorld            - Attempted to remove entity which is not active
19:19:40.666 [JavaFX Application Thread] WARN  GameWorld            - Attempted to remove entity which is not active
19:19:40.666 [JavaFX Application Thread] WARN  GameWorld            - Attempted to remove entity which is not active
19:19:40.774 [JavaFX Application Thread] WARN  GameWorld            - Attempted to remove entity which is not active
19:19:41.255 [JavaFX Application Thread] WARN  GameWorld            - Attempted to remove entity which is not active
19:19:41.255 [JavaFX Application Thread] WARN  GameWorld            - Attempted to remove entity which is not active
19:19:41.336 [JavaFX Application Thread] WARN  GameWorld            - Attempted to remove entity which is not active
19:19:41.367 [JavaFX Application Thread] WARN  GameWorld            - Attempted to remove entity which is not active
19:19:41.446 [JavaFX Application Thread] WARN  GameWorld            - Attempted to remove entity which is not active
19:19:41.446 [JavaFX Application Thread] WARN  GameWorld            - Attempted to remove entity which is not active
19:19:41.463 [JavaFX Application Thread] WARN  GameWorld            - Attempted to remove entity which is not active
19:19:41.496 [JavaFX Application Thread] WARN  GameWorld            - Attempted to remove entity which is not active
19:19:42.232 [JavaFX Application Thread] WARN  GameWorld            - Attempted to remove entity which is not active
19:19:42.375 [JavaFX Application Thread] WARN  GameWorld            - Attempted to remove entity which is not active
19:19:42.441 [JavaFX Application Thread] WARN  GameWorld            - Attempted to remove entity which is not active
19:19:42.441 [JavaFX Application Thread] WARN  GameWorld            - Attempted to remove entity which is not active
19:19:42.540 [JavaFX Application Thread] WARN  GameWorld            - Attempted to remove entity which is not active
19:19:42.541 [JavaFX Application Thread] WARN  GameWorld            - Attempted to remove entity which is not active
19:19:42.541 [JavaFX Application Thread] WARN  GameWorld            - Attempted to remove entity which is not active
19:19:42.541 [JavaFX Application Thread] WARN  GameWorld            - Attempted to remove entity which is not active
19:19:42.776 [JavaFX Application Thread] WARN  GameWorld            - Attempted to remove entity which is not active
19:19:42.935 [JavaFX Application Thread] WARN  GameWorld            - Attempted to remove entity which is not active
19:19:42.935 [JavaFX Application Thread] WARN  GameWorld            - Attempted to remove entity which is not active
19:19:42.966 [JavaFX Application Thread] WARN  GameWorld            - Attempted to remove entity which is not active
19:19:42.999 [JavaFX Application Thread] WARN  GameWorld            - Attempted to remove entity which is not active
19:19:43.234 [JavaFX Application Thread] WARN  GameWorld            - Attempted to remove entity which is not active
19:19:43.305 [JavaFX Application Thread] WARN  GameWorld            - Attempted to remove entity which is not active
19:19:43.431 [JavaFX Application Thread] WARN  GameWorld            - Attempted to remove entity which is not active
19:19:43.480 [JavaFX Application Thread] WARN  GameWorld            - Attempted to remove entity which is not active
19:19:43.481 [JavaFX Application Thread] WARN  GameWorld            - Attempted to remove entity which is not active
19:19:43.511 [JavaFX Application Thread] WARN  GameWorld            - Attempted to remove entity which is not active
19:19:43.555 [JavaFX Application Thread] WARN  GameWorld            - Attempted to remove entity which is not active
19:19:43.555 [JavaFX Application Thread] WARN  GameWorld            - Attempted to remove entity which is not active
19:19:43.640 [JavaFX Application Thread] WARN  GameWorld            - Attempted to remove entity which is not active
19:19:43.640 [JavaFX Application Thread] WARN  GameWorld            - Attempted to remove entity which is not active
19:19:43.671 [JavaFX Application Thread] WARN  GameWorld            - Attempted to remove entity which is not active
19:19:43.671 [JavaFX Application Thread] WARN  GameWorld            - Attempted to remove entity which is not active
19:19:43.671 [JavaFX Application Thread] WARN  GameWorld            - Attempted to remove entity which is not active
19:19:43.832 [JavaFX Application Thread] WARN  GameWorld            - Attempted to remove entity which is not active
19:19:43.863 [JavaFX Application Thread] WARN  GameWorld            - Attempted to remove entity which is not active
19:19:43.864 [JavaFX Application Thread] WARN  GameWorld            - Attempted to remove entity which is not active
19:19:43.864 [JavaFX Application Thread] WARN  GameWorld            - Attempted to remove entity which is not active
19:19:43.927 [JavaFX Application Thread] WARN  GameWorld            - Attempted to remove entity which is not active
19:19:43.975 [JavaFX Application Thread] WARN  GameWorld            - Attempted to remove entity which is not active
19:19:43.976 [JavaFX Application Thread] WARN  GameWorld            - Attempted to remove entity which is not active
19:19:44.087 [JavaFX Application Thread] WARN  GameWorld            - Attempted to remove entity which is not active
19:19:44.199 [JavaFX Application Thread] WARN  GameWorld            - Attempted to remove entity which is not active
19:19:44.200 [JavaFX Application Thread] WARN  GameWorld            - Attempted to remove entity which is not active
19:19:44.247 [JavaFX Application Thread] WARN  GameWorld            - Attempted to remove entity which is not active
19:19:44.406 [JavaFX Application Thread] WARN  GameWorld            - Attempted to remove entity which is not active
19:19:44.407 [JavaFX Application Thread] WARN  GameWorld            - Entity is already attached to world
19:19:44.410 [JavaFX Application Thread] WARN  GameWorld            - Attempted to remove entity which is not active
19:19:44.425 [JavaFX Application Thread] WARN  GameWorld            - Attempted to remove entity which is not active
19:19:44.599 [JavaFX Application Thread] WARN  GameWorld            - Attempted to remove entity which is not active
19:19:44.616 [JavaFX Application Thread] WARN  GameWorld            - Attempted to remove entity which is not active
19:19:45.126 [JavaFX Application Thread] WARN  GameWorld            - Attempted to remove entity which is not active
19:19:45.127 [JavaFX Application Thread] WARN  GameWorld            - Attempted to remove entity which is not active
19:19:45.303 [JavaFX Application Thread] WARN  GameWorld            - Attempted to remove entity which is not active
19:19:46.104 [JavaFX Application Thread] WARN  GameWorld            - Attempted to remove entity which is not active
19:19:46.144 [JavaFX Application Thread] WARN  GameWorld            - Attempted to remove entity which is not active
19:19:46.145 [JavaFX Application Thread] WARN  GameWorld            - Attempted to remove entity which is not active
19:19:46.145 [JavaFX Application Thread] WARN  GameWorld            - Attempted to remove entity which is not active
19:19:46.145 [JavaFX Application Thread] WARN  GameWorld            - Attempted to remove entity which is not active
19:19:46.215 [JavaFX Application Thread] WARN  GameWorld            - Attempted to remove entity which is not active
19:19:46.215 [JavaFX Application Thread] WARN  GameWorld            - Attempted to remove entity which is not active
19:19:46.296 [JavaFX Application Thread] WARN  GameWorld            - Attempted to remove entity which is not active
19:19:46.297 [JavaFX Application Thread] WARN  GameWorld            - Entity is already attached to world
19:19:46.343 [JavaFX Application Thread] WARN  GameWorld            - Attempted to remove entity which is not active
19:19:46.343 [JavaFX Application Thread] WARN  GameWorld            - Attempted to remove entity which is not active
19:19:46.344 [JavaFX Application Thread] WARN  GameWorld            - Attempted to remove entity which is not active
19:19:46.376 [JavaFX Application Thread] WARN  GameWorld            - Attempted to remove entity which is not active
19:19:46.440 [JavaFX Application Thread] WARN  GameWorld            - Attempted to remove entity which is not active
19:19:46.440 [JavaFX Application Thread] WARN  GameWorld            - Attempted to remove entity which is not active
19:19:46.477 [JavaFX Application Thread] WARN  GameWorld            - Attempted to remove entity which is not active
19:19:46.477 [JavaFX Application Thread] WARN  GameWorld            - Attempted to remove entity which is not active
19:19:46.477 [JavaFX Application Thread] WARN  GameWorld            - Attempted to remove entity which is not active
19:19:47.158 [JavaFX Application Thread] WARN  GameWorld            - Attempted to remove entity which is not active
19:19:47.158 [JavaFX Application Thread] WARN  GameWorld            - Attempted to remove entity which is not active
19:19:47.158 [JavaFX Application Thread] WARN  GameWorld            - Attempted to remove entity which is not active
19:19:47.190 [JavaFX Application Thread] WARN  GameWorld            - Attempted to remove entity which is not active
19:19:47.352 [JavaFX Application Thread] WARN  GameWorld            - Attempted to remove entity which is not active
19:19:47.799 [JavaFX Application Thread] WARN  GameWorld            - Attempted to remove entity which is not active
19:19:47.815 [JavaFX Application Thread] WARN  GameWorld            - Attempted to remove entity which is not active
19:19:47.865 [JavaFX Application Thread] WARN  GameWorld            - Attempted to remove entity which is not active
19:19:47.866 [JavaFX Application Thread] WARN  GameWorld            - Attempted to remove entity which is not active
19:19:47.992 [JavaFX Application Thread] WARN  GameWorld            - Attempted to remove entity which is not active
19:19:47.994 [JavaFX Application Thread] WARN  GameWorld            - Attempted to remove entity which is not active
19:19:48.072 [JavaFX Application Thread] WARN  GameWorld            - Attempted to remove entity which is not active
19:19:48.192 [JavaFX Application Thread] DEBUG FXGLAssetLoaderServi - Loading from file system: file:/C:/Users/User/Desktop/Spring2023/CS4900G2Proj2/CS4900G2Proj2/CS4900G2Proj2/Dawnseeker/target/classes/assets/sounds/yoda_death.wav
19:19:48.215 [JavaFX Application Thread] DEBUG AudioPlayer          - Stopping music com.almasb.fxgl.audio.Music@1ef99def
19:19:48.216 [JavaFX Application Thread] DEBUG AudioPlayer          - Stopping music com.almasb.fxgl.audio.Music@25926093
19:19:48.221 [JavaFX Application Thread] DEBUG Input                - Clearing active input actions
19:19:48.239 [JavaFX Application Thread] DEBUG GameApplicationServi - Removing overlay from GameScene and adding to FXGLMainMenuDummyScene
19:19:48.239 [JavaFX Application Thread] DEBUG PrimaryStageWindow   - GameScene -> FXGLMainMenuDummyScene
19:19:48.239 [JavaFX Application Thread] DEBUG PrimaryStageWindow   - Push state: DawnseekerMenu
19:19:48.239 [JavaFX Application Thread] DEBUG Input                - Clearing active input actions
19:19:48.240 [JavaFX Application Thread] DEBUG GameApplicationServi - Removing overlay from FXGLMainMenuDummyScene and adding to DawnseekerMenu
19:19:48.240 [JavaFX Application Thread] DEBUG PrimaryStageWindow   - FXGLMainMenuDummyScene -> DawnseekerMenu
19:19:48.240 [JavaFX Application Thread] DEBUG AudioPlayer          - Playing music com.almasb.fxgl.audio.Music@1ef99def
19:19:49.762 [JavaFX Application Thread] DEBUG Menu                 - fireExit()
19:19:49.765 [JavaFX Application Thread] DEBUG PrimaryStageWindow   - Push state: DialogSubScene
19:19:49.765 [JavaFX Application Thread] DEBUG Input                - Clearing active input actions
19:19:49.766 [JavaFX Application Thread] DEBUG GameApplicationServi - Removing overlay from DawnseekerMenu and adding to DialogSubScene
19:19:49.766 [JavaFX Application Thread] DEBUG PrimaryStageWindow   - DawnseekerMenu -> DialogSubScene
19:19:50.762 [JavaFX Application Thread] DEBUG PrimaryStageWindow   - Pop state: DialogSubScene
19:19:50.762 [JavaFX Application Thread] DEBUG Input                - Clearing active input actions
19:19:50.763 [JavaFX Application Thread] DEBUG GameApplicationServi - Removing overlay from DialogSubScene and adding to DawnseekerMenu
19:19:50.763 [JavaFX Application Thread] DEBUG PrimaryStageWindow   - DawnseekerMenu <- DialogSubScene
19:19:50.763 [JavaFX Application Thread] DEBUG FXGLApplication      - Exiting FXGL
19:19:50.763 [JavaFX Application Thread] DEBUG LoopRunner           - Stopping loop
19:19:50.763 [JavaFX Application Thread] DEBUG SystemBundleService  - Saving FXGL system data
19:19:50.767 [JavaFX Application Thread] DEBUG FileSystemAccess     - Writing to: C:\Users\User\Desktop\Spring2023\CS4900G2Proj2\CS4900G2Proj2\CS4900G2Proj2\Dawnseeker\system\fxgl.bundle
19:19:50.770 [JavaFX Application Thread] DEBUG Async                - Shutting down background threads
19:19:50.770 [JavaFX Application Thread] DEBUG PrimaryStageWindow   - Closing main window
19:19:50.814 [JavaFX Application Thread] DEBUG Logger               - Closing Logger
