12:15:46.483 [main                     ] DEBUG Logger               - Configured Logger
12:15:46.516 [main                     ] DEBUG GameApplication      - Logging settings
Title: Dawnseeker
Version: 0.2
Width: 1024
Height: 1024
Fullscreen: false
Intro: false
Profiling: false
Single step:false
App Mode: DEVELOPER
Menu Key: ESCAPE
Stage Style: DECORATED
Scene Factory: class myGame.DawnseekerApp$1

12:15:47.001 [JavaFX Application Thread] DEBUG FXGLApplication      - Initializing FXGL
12:15:47.008 [JavaFX Application Thread] INFO  Engine               - FXGL-17.2 (20.08.2022 16.50) on WINDOWS (J:19.0.2 FX:18)
12:15:47.009 [JavaFX Application Thread] DEBUG Engine               - JRE Vendor Name: Oracle Corporation
12:15:47.009 [JavaFX Application Thread] DEBUG Engine               - Running on OS: Windows 10 version 10.0
12:15:47.009 [JavaFX Application Thread] DEBUG Engine               - Architecture: amd64
12:15:47.009 [JavaFX Application Thread] INFO  Engine               - Source code and latest versions at: https://github.com/AlmasB/FXGL
12:15:47.010 [JavaFX Application Thread] INFO  Engine               -       Ask questions and discuss at: https://github.com/AlmasB/FXGL/discussions
12:15:47.010 [JavaFX Application Thread] INFO  Engine               -              Join the FXGL chat at: https://gitter.im/AlmasB/FXGL
12:15:47.165 [JavaFX Application Thread] DEBUG PrimaryStageWindow   - Creating a JavaFX scene
12:15:47.166 [JavaFX Application Thread] DEBUG PrimaryStageWindow   - Target size > screen size
12:15:47.221 [JavaFX Application Thread] DEBUG PrimaryStageWindow   - Target settings size: 1024.0 x 1024.0
12:15:47.222 [JavaFX Application Thread] DEBUG PrimaryStageWindow   - Scaled scene size:    799.0 x 824.0
12:15:47.222 [JavaFX Application Thread] DEBUG PrimaryStageWindow   - Scaled ratio: (0.7802734375, 0.8046875)
12:15:47.227 [JavaFX Application Thread] DEBUG PrimaryStageWindow   - Set initial scene to FXGLStartupScene
12:15:47.237 [JavaFX Application Thread] DEBUG PrimaryStageWindow   - Opening main window
12:15:47.364 [JavaFX Application Thread] DEBUG PrimaryStageWindow   - Window border size: (14.5999755859375, 37.5999755859375)
12:15:47.364 [JavaFX Application Thread] DEBUG PrimaryStageWindow   - Scaled size: 799.0 x 824.0
12:15:47.365 [JavaFX Application Thread] DEBUG PrimaryStageWindow   - Scaled ratio: (0.7802734375, 0.8046875)
12:15:47.365 [JavaFX Application Thread] DEBUG PrimaryStageWindow   - Scene size: 799.0 x 824.0
12:15:47.366 [JavaFX Application Thread] DEBUG PrimaryStageWindow   - Stage size: 813.5999755859375 x 861.5999755859375
12:15:47.377 [FXGL Background Thread 1 ] DEBUG Engine               - Initializing environment variables
12:15:47.464 [FXGL Background Thread 1 ] DEBUG FXGLAssetLoaderServi - User app class for loading assets: class myGame.DawnseekerApp
12:15:47.464 [FXGL Background Thread 1 ] DEBUG GameApplicationServi - Applying CSS: fxgl_dark.css
12:15:47.466 [FXGL Background Thread 1 ] DEBUG FXGLAssetLoaderServi - Loading from file system: jar:file:/C:/Users/narro/.m2/repository/com/github/almasb/fxgl/17.2/fxgl-17.2.jar!/fxglassets/ui/css/fxgl_dark.css
12:15:47.540 [FXGL Background Thread 1 ] DEBUG GameApplicationServi - Initializing application scenes
12:15:47.601 [FXGL Background Thread 1 ] DEBUG GameWorld            - Game world initialized
12:15:47.697 [FXGL Background Thread 1 ] DEBUG PhysicsWorld         - Physics world initialized: appHeight=1024, physics.ppm=50.0
12:15:47.697 [FXGL Background Thread 1 ] DEBUG PhysicsWorld         - Using strategy: BRUTE_FORCE
12:15:47.704 [FXGL Background Thread 1 ] DEBUG GameScene            - Game scene initialized: 1024x1024
12:15:47.723 [FXGL Background Thread 1 ] WARN  FXGLAssetLoaderServi - Asset "/assets/textures/TempBG.png" was not found!
12:15:47.724 [FXGL Background Thread 1 ] WARN  FXGLAssetLoaderServi - Failed to load IMAGE
12:15:47.767 [FXGL Background Thread 1 ] DEBUG FXGL.DefaultMenu     - createMenuBodyGameMenu()
12:15:47.785 [FXGL Background Thread 1 ] DEBUG FXGL.DefaultMenu     - createOptionsMenu()
12:15:47.793 [FXGL Background Thread 1 ] DEBUG FXGLAssetLoaderServi - Loading from file system: jar:file:/C:/Users/narro/.m2/repository/com/github/almasb/fxgl/17.2/fxgl-17.2.jar!/fxglassets/textures/particles/smoke.png
12:15:47.914 [FXGL Background Thread 1 ] DEBUG FXGLAssetLoaderServi - Loading from file system: jar:file:/C:/Users/narro/.m2/repository/com/github/almasb/fxgl/17.2/fxgl-17.2.jar!/fxglassets/textures/particles/trace_horizontal.png
12:15:47.948 [FXGL Background Thread 1 ] DEBUG GameApplicationServi - Application scenes initialized
12:15:47.964 [FXGL Background Thread 1 ] DEBUG SystemBundleService  - Loading FXGL system data
12:15:47.972 [FXGL Background Thread 1 ] DEBUG FileSystemAccess     - Reading from: C:\Users\narro\OneDrive\Documents\coleg\Spring 2023\CS 4900 Senior Seminiar\Dawnseeker\Dawnseeker\system\fxgl.bundle
12:15:47.983 [FXGL Background Thread 1 ] DEBUG SystemBundleService  - Bundle FXGL: {}
12:15:47.983 [FXGL Background Thread 1 ] DEBUG UpdaterService       - Checking for updates
12:15:47.988 [FXGL Background Thread 4 ] DEBUG FXGLApplication      - Loading fonts
12:15:47.988 [FXGL Background Thread 4 ] DEBUG FXGLAssetLoaderServi - Loading from file system: jar:file:/C:/Users/narro/.m2/repository/com/github/almasb/fxgl/17.2/fxgl-17.2.jar!/fxglassets/ui/fonts/VarelaRound-Regular.ttf
12:15:47.989 [FXGL Background Thread 1 ] DEBUG FXGLApplication      - Loading default localization
12:15:47.989 [FXGL Background Thread 1 ] DEBUG FXGLAssetLoaderServi - Loading from file system: jar:file:/C:/Users/narro/.m2/repository/com/github/almasb/fxgl/17.2/fxgl-17.2.jar!/fxglassets/languages/english.lang
12:15:48.027 [FXGL Background Thread 1 ] INFO  FXGLApplication      - FXGL initialization took: 0.650 sec
12:15:48.035 [JavaFX Application Thread] DEBUG Input                - Registered new binding: action0 - LMB
12:15:48.045 [JavaFX Application Thread] DEBUG Input                - Registered new binding: Up - W
12:15:48.046 [JavaFX Application Thread] DEBUG Input                - Registered new binding: Down - S
12:15:48.046 [JavaFX Application Thread] DEBUG Input                - Registered new binding: Right - D
12:15:48.046 [JavaFX Application Thread] DEBUG Input                - Registered new binding: Left - A
12:15:48.047 [JavaFX Application Thread] DEBUG FXGLAssetLoaderServi - Loading from file system: jar:file:/C:/Users/narro/.m2/repository/com/github/almasb/fxgl/17.2/fxgl-17.2.jar!/fxglassets/textures/fxgl_icon.png
12:15:48.073 [JavaFX Application Thread] DEBUG FXGLAssetLoaderServi - Loading from file system: jar:file:/C:/Users/narro/.m2/repository/com/github/almasb/fxgl/17.2/fxgl-17.2.jar!/fxglassets/textures/fxgl_default_cursor.png
12:15:48.078 [JavaFX Application Thread] DEBUG Input                - Registered new binding: Screenshot - CTRL+8
12:15:48.078 [JavaFX Application Thread] DEBUG Input                - Registered new binding: System info dump - CTRL+9
12:15:48.079 [JavaFX Application Thread] DEBUG Input                - Registered new binding: Restart - CTRL+R
12:15:48.081 [JavaFX Application Thread] DEBUG Input                - Registered new binding: Toggle Debug Camera - CTRL+7
12:15:48.084 [JavaFX Application Thread] DEBUG LoopRunner           - Starting loop
12:15:48.084 [JavaFX Application Thread] DEBUG LoopRunner           - Initializing JavaFX AnimationTimerLoop
12:15:48.089 [JavaFX Application Thread] DEBUG Input                - Clearing active input actions
12:15:48.097 [JavaFX Application Thread] DEBUG GameApplicationServi - Removing overlay from FXGLStartupScene and adding to FXGLMainMenuDummyScene
12:15:48.097 [JavaFX Application Thread] DEBUG PrimaryStageWindow   - FXGLStartupScene -> FXGLMainMenuDummyScene
12:15:48.097 [JavaFX Application Thread] DEBUG PrimaryStageWindow   - Push state: DawnseekerMenu
12:15:48.098 [JavaFX Application Thread] DEBUG Input                - Clearing active input actions
12:15:48.098 [FXGL Background Thread 4 ] DEBUG FXGLAssetLoaderServi - Loading from file system: jar:file:/C:/Users/narro/.m2/repository/com/github/almasb/fxgl/17.2/fxgl-17.2.jar!/fxglassets/ui/fonts/Abel-Regular.ttf
12:15:48.103 [JavaFX Application Thread] DEBUG GameApplicationServi - Removing overlay from FXGLMainMenuDummyScene and adding to DawnseekerMenu
12:15:48.104 [JavaFX Application Thread] DEBUG PrimaryStageWindow   - FXGLMainMenuDummyScene -> DawnseekerMenu
12:15:48.109 [FXGL Background Thread 4 ] DEBUG FXGLAssetLoaderServi - Loading from file system: jar:file:/C:/Users/narro/.m2/repository/com/github/almasb/fxgl/17.2/fxgl-17.2.jar!/fxglassets/ui/fonts/TerminalLandMono-Regular.otf
12:15:48.126 [FXGL Background Thread 4 ] DEBUG FXGLAssetLoaderServi - Loading from file system: jar:file:/C:/Users/narro/.m2/repository/com/github/almasb/fxgl/17.2/fxgl-17.2.jar!/fxglassets/ui/fonts/Courier-Prime.ttf
12:15:48.142 [JavaFX Application Thread] DEBUG FXGLApplication      - Registering font factories with UI factory
12:15:50.988 [FXGL Background Thread 3 ] DEBUG Engine               - Logging environment variables
12:15:50.990 [FXGL Background Thread 3 ] DEBUG Engine               - achievements: []
12:15:50.990 [FXGL Background Thread 3 ] DEBUG Engine               - actualHeight: 824.0
12:15:50.991 [FXGL Background Thread 3 ] DEBUG Engine               - actualHeightProperty: ReadOnlyDoubleProperty [value: 824.0]
12:15:50.991 [FXGL Background Thread 3 ] DEBUG Engine               - actualWidth: 799.0
12:15:50.991 [FXGL Background Thread 3 ] DEBUG Engine               - actualWidthProperty: ReadOnlyDoubleProperty [value: 799.0]
12:15:50.992 [FXGL Background Thread 3 ] DEBUG Engine               - appIcon: fxgl_icon.png
12:15:50.992 [FXGL Background Thread 3 ] DEBUG Engine               - applicationMode: DEVELOPER
12:15:50.992 [FXGL Background Thread 3 ] DEBUG Engine               - cSSList: [fxgl_dark.css]
12:15:50.993 [FXGL Background Thread 3 ] DEBUG Engine               - collisionDetectionStrategy: BRUTE_FORCE
12:15:50.993 [FXGL Background Thread 3 ] DEBUG Engine               - configClass: Optional.empty
12:15:50.993 [FXGL Background Thread 3 ] DEBUG Engine               - credits: []
12:15:50.994 [FXGL Background Thread 3 ] DEBUG Engine               - defaultCursor: CursorInfo(imageName=fxgl_default_cursor.png, hotspotX=7.0, hotspotY=6.0)
12:15:50.995 [FXGL Background Thread 3 ] DEBUG Engine               - devBBoxColorProperty: ObjectProperty [value: 0xff0000ff]
12:15:50.995 [FXGL Background Thread 3 ] DEBUG Engine               - devEnableDebugCameraProperty: BooleanProperty [value: false]
12:15:50.996 [FXGL Background Thread 3 ] DEBUG Engine               - devSensorColorProperty: ObjectProperty [value: 0xffff00ff]
12:15:50.996 [FXGL Background Thread 3 ] DEBUG Engine               - devShowBBoxProperty: BooleanProperty [value: false]
12:15:50.996 [FXGL Background Thread 3 ] DEBUG Engine               - devShowPositionProperty: BooleanProperty [value: false]
12:15:50.996 [FXGL Background Thread 3 ] DEBUG Engine               - enabledMenuItems: []
12:15:50.997 [FXGL Background Thread 3 ] DEBUG Engine               - engineServices: [class com.almasb.fxgl.app.services.FXGLAssetLoaderService, class com.almasb.fxgl.app.FXGLApplication$GameApplicationService, class com.almasb.fxgl.app.services.FXGLDialogService, class com.almasb.fxgl.app.services.IOTaskExecutorService, class com.almasb.fxgl.io.FileSystemService, class com.almasb.fxgl.localization.LocalizationService, class com.almasb.fxgl.app.services.SystemBundleService, class com.almasb.fxgl.profile.SaveLoadService, class com.almasb.fxgl.ui.FXGLUIFactoryServiceProvider, class com.almasb.fxgl.ui.FXGLDialogFactoryServiceProvider, class com.almasb.fxgl.audio.AudioPlayer, class com.almasb.fxgl.notification.impl.NotificationServiceProvider, class com.almasb.fxgl.achievement.AchievementService, class com.almasb.fxgl.cutscene.CutsceneService, class com.almasb.fxgl.minigames.MiniGameService, class com.almasb.fxgl.net.NetService, class com.almasb.fxgl.app.services.UpdaterService, class com.almasb.fxgl.dev.DevService]
12:15:50.997 [FXGL Background Thread 3 ] DEBUG Engine               - fontGame: Abel-Regular.ttf
12:15:50.997 [FXGL Background Thread 3 ] DEBUG Engine               - fontMono: TerminalLandMono-Regular.otf
12:15:50.998 [FXGL Background Thread 3 ] DEBUG Engine               - fontText: Courier-Prime.ttf
12:15:50.998 [FXGL Background Thread 3 ] DEBUG Engine               - fontUI: VarelaRound-Regular.ttf
12:15:50.998 [FXGL Background Thread 3 ] DEBUG Engine               - fullScreen: BooleanProperty [value: false]
12:15:50.998 [FXGL Background Thread 3 ] DEBUG Engine               - gameDifficulty: MEDIUM
12:15:50.998 [FXGL Background Thread 3 ] DEBUG Engine               - gameDifficultyProperty: ObjectProperty [value: MEDIUM]
12:15:50.999 [FXGL Background Thread 3 ] DEBUG Engine               - globalMusicVolume: 0.5
12:15:50.999 [FXGL Background Thread 3 ] DEBUG Engine               - globalMusicVolumeProperty: DoubleProperty [value: 0.5]
12:15:51.000 [FXGL Background Thread 3 ] DEBUG Engine               - globalSoundVolume: 0.5
12:15:51.000 [FXGL Background Thread 3 ] DEBUG Engine               - globalSoundVolumeProperty: DoubleProperty [value: 0.5]
12:15:51.000 [FXGL Background Thread 3 ] DEBUG Engine               - height: 1024
12:15:51.000 [FXGL Background Thread 3 ] DEBUG Engine               - is3D: false
12:15:51.001 [FXGL Background Thread 3 ] DEBUG Engine               - isAndroid: false
12:15:51.001 [FXGL Background Thread 3 ] DEBUG Engine               - isBrowser: false
12:15:51.001 [FXGL Background Thread 3 ] DEBUG Engine               - isClickFeedbackEnabled: false
12:15:51.001 [FXGL Background Thread 3 ] DEBUG Engine               - isCloseConfirmation: false
12:15:51.002 [FXGL Background Thread 3 ] DEBUG Engine               - isDesktop: true
12:15:51.002 [FXGL Background Thread 3 ] DEBUG Engine               - isDeveloperMenuEnabled: false
12:15:51.002 [FXGL Background Thread 3 ] DEBUG Engine               - isEmbedded: false
12:15:51.002 [FXGL Background Thread 3 ] DEBUG Engine               - isEntityPreloadEnabled: true
12:15:51.003 [FXGL Background Thread 3 ] DEBUG Engine               - isExperimentalTiledLargeMap: false
12:15:51.003 [FXGL Background Thread 3 ] DEBUG Engine               - isFileSystemWriteAllowed: true
12:15:51.003 [FXGL Background Thread 3 ] DEBUG Engine               - isFullScreenAllowed: false
12:15:51.003 [FXGL Background Thread 3 ] DEBUG Engine               - isFullScreenFromStart: false
12:15:51.004 [FXGL Background Thread 3 ] DEBUG Engine               - isGameMenuEnabled: true
12:15:51.004 [FXGL Background Thread 3 ] DEBUG Engine               - isIOS: false
12:15:51.004 [FXGL Background Thread 3 ] DEBUG Engine               - isIntroEnabled: false
12:15:51.004 [FXGL Background Thread 3 ] DEBUG Engine               - isLinux: false
12:15:51.005 [FXGL Background Thread 3 ] DEBUG Engine               - isMac: false
12:15:51.005 [FXGL Background Thread 3 ] DEBUG Engine               - isMainMenuEnabled: true
12:15:51.005 [FXGL Background Thread 3 ] DEBUG Engine               - isManualResizeEnabled: false
12:15:51.005 [FXGL Background Thread 3 ] DEBUG Engine               - isMobile: false
12:15:51.005 [FXGL Background Thread 3 ] DEBUG Engine               - isNative: false
12:15:51.006 [FXGL Background Thread 3 ] DEBUG Engine               - isPauseMusicWhenMinimized: true
12:15:51.006 [FXGL Background Thread 3 ] DEBUG Engine               - isPreserveResizeRatio: false
12:15:51.006 [FXGL Background Thread 3 ] DEBUG Engine               - isProfilingEnabled: false
12:15:51.007 [FXGL Background Thread 3 ] DEBUG Engine               - isScaleAffectedOnResize: true
12:15:51.007 [FXGL Background Thread 3 ] DEBUG Engine               - isSingleStep: false
12:15:51.007 [FXGL Background Thread 3 ] DEBUG Engine               - isUserProfileEnabled: false
12:15:51.008 [FXGL Background Thread 3 ] DEBUG Engine               - isWindows: true
12:15:51.008 [FXGL Background Thread 3 ] DEBUG Engine               - language: ObjectProperty [value: ENGLISH]
12:15:51.008 [FXGL Background Thread 3 ] DEBUG Engine               - menuKey: ESCAPE
12:15:51.008 [FXGL Background Thread 3 ] DEBUG Engine               - mouseSensitivity: 0.2
12:15:51.009 [FXGL Background Thread 3 ] DEBUG Engine               - notificationViewClass: class com.almasb.fxgl.notification.view.XboxNotificationView
12:15:51.009 [FXGL Background Thread 3 ] DEBUG Engine               - pixelsPerMeter: 50.0
12:15:51.009 [FXGL Background Thread 3 ] DEBUG Engine               - platform: WINDOWS
12:15:51.010 [FXGL Background Thread 3 ] DEBUG Engine               - prefHeightProperty: ReadOnlyDoubleProperty [value: 1024.0]
12:15:51.010 [FXGL Background Thread 3 ] DEBUG Engine               - prefWidthProperty: ReadOnlyDoubleProperty [value: 1024.0]
12:15:51.010 [FXGL Background Thread 3 ] DEBUG Engine               - profileDir: profiles/
12:15:51.011 [FXGL Background Thread 3 ] DEBUG Engine               - profileName: StringProperty [value: DEFAULT]
12:15:51.011 [FXGL Background Thread 3 ] DEBUG Engine               - randomSeed: -1
12:15:51.012 [FXGL Background Thread 3 ] DEBUG Engine               - runtimeInfo: RuntimeInfo(platform=WINDOWS, version=17.2, build=20.08.2022 16.50)
12:15:51.013 [FXGL Background Thread 3 ] DEBUG Engine               - saveFileExt: sav
12:15:51.013 [FXGL Background Thread 3 ] DEBUG Engine               - scaledHeightProp$fxgl: DoubleProperty [bound, value: 824.0]
12:15:51.013 [FXGL Background Thread 3 ] DEBUG Engine               - scaledWidthProp$fxgl: DoubleProperty [bound, value: 799.0]
12:15:51.014 [FXGL Background Thread 3 ] DEBUG Engine               - sceneFactory: myGame.DawnseekerApp$1@5696af00
12:15:51.014 [FXGL Background Thread 3 ] DEBUG Engine               - secondsIn24h: 60
12:15:51.014 [FXGL Background Thread 3 ] DEBUG Engine               - soundMenuBack: menu/back.wav
12:15:51.014 [FXGL Background Thread 3 ] DEBUG Engine               - soundMenuPress: menu/press.wav
12:15:51.014 [FXGL Background Thread 3 ] DEBUG Engine               - soundMenuSelect: menu/select.wav
12:15:51.015 [FXGL Background Thread 3 ] DEBUG Engine               - soundNotification: core/notification.wav
12:15:51.015 [FXGL Background Thread 3 ] DEBUG Engine               - stageStyle: DECORATED
12:15:51.015 [FXGL Background Thread 3 ] DEBUG Engine               - supportedLanguages: [ENGLISH, FRENCH, GERMAN, HUNGARIAN, RUSSIAN]
12:15:51.015 [FXGL Background Thread 3 ] DEBUG Engine               - ticksPerSecond: -1
12:15:51.015 [FXGL Background Thread 3 ] DEBUG Engine               - title: Dawnseeker
12:15:51.016 [FXGL Background Thread 3 ] DEBUG Engine               - urlGithub: https://github.com/AlmasB/FXGL
12:15:51.016 [FXGL Background Thread 3 ] DEBUG Engine               - urlLeaderboard: http://fxgl-top.herokuapp.com/
12:15:51.016 [FXGL Background Thread 3 ] DEBUG Engine               - urlPOM: https://raw.githubusercontent.com/AlmasB/FXGL/release/README.md
12:15:51.016 [FXGL Background Thread 3 ] DEBUG Engine               - userAppClass: class myGame.DawnseekerApp
12:15:51.016 [FXGL Background Thread 3 ] DEBUG Engine               - version: 0.2
12:15:51.017 [FXGL Background Thread 3 ] DEBUG Engine               - versionCheckDays: 7
12:15:51.017 [FXGL Background Thread 3 ] DEBUG Engine               - width: 1024
12:15:51.017 [FXGL Background Thread 3 ] DEBUG Engine               - Logging services
12:15:51.018 [FXGL Background Thread 3 ] DEBUG Engine               - class com.almasb.fxgl.app.services.FXGLAssetLoaderService
12:15:51.018 [FXGL Background Thread 3 ] DEBUG Engine               - class com.almasb.fxgl.app.FXGLApplication$GameApplicationService
12:15:51.018 [FXGL Background Thread 3 ] DEBUG Engine               - class com.almasb.fxgl.app.services.FXGLDialogService
12:15:51.018 [FXGL Background Thread 3 ] DEBUG Engine               - class com.almasb.fxgl.app.services.IOTaskExecutorService
12:15:51.018 [FXGL Background Thread 3 ] DEBUG Engine               - class com.almasb.fxgl.io.FileSystemService
12:15:51.019 [FXGL Background Thread 3 ] DEBUG Engine               - class com.almasb.fxgl.localization.LocalizationService
12:15:51.019 [FXGL Background Thread 3 ] DEBUG Engine               - class com.almasb.fxgl.app.services.SystemBundleService
12:15:51.019 [FXGL Background Thread 3 ] DEBUG Engine               - class com.almasb.fxgl.profile.SaveLoadService
12:15:51.019 [FXGL Background Thread 3 ] DEBUG Engine               - class com.almasb.fxgl.ui.FXGLUIFactoryServiceProvider
12:15:51.019 [FXGL Background Thread 3 ] DEBUG Engine               - class com.almasb.fxgl.ui.FXGLDialogFactoryServiceProvider
12:15:51.020 [FXGL Background Thread 3 ] DEBUG Engine               - class com.almasb.fxgl.audio.AudioPlayer
12:15:51.020 [FXGL Background Thread 3 ] DEBUG Engine               - class com.almasb.fxgl.notification.impl.NotificationServiceProvider
12:15:51.020 [FXGL Background Thread 3 ] DEBUG Engine               - class com.almasb.fxgl.achievement.AchievementService
12:15:51.020 [FXGL Background Thread 3 ] DEBUG Engine               - class com.almasb.fxgl.cutscene.CutsceneService
12:15:51.020 [FXGL Background Thread 3 ] DEBUG Engine               - class com.almasb.fxgl.minigames.MiniGameService
12:15:51.020 [FXGL Background Thread 3 ] DEBUG Engine               - class com.almasb.fxgl.net.NetService
12:15:51.021 [FXGL Background Thread 3 ] DEBUG Engine               - class com.almasb.fxgl.app.services.UpdaterService
12:15:51.021 [FXGL Background Thread 3 ] DEBUG Engine               - class com.almasb.fxgl.dev.DevService
12:15:51.375 [JavaFX Application Thread] DEBUG FXGLApplication      - Exiting FXGL
12:15:51.376 [JavaFX Application Thread] DEBUG LoopRunner           - Stopping loop
12:15:51.376 [JavaFX Application Thread] DEBUG SystemBundleService  - Saving FXGL system data
12:15:51.381 [JavaFX Application Thread] DEBUG FileSystemAccess     - Writing to: C:\Users\narro\OneDrive\Documents\coleg\Spring 2023\CS 4900 Senior Seminiar\Dawnseeker\Dawnseeker\system\fxgl.bundle
12:15:51.389 [JavaFX Application Thread] DEBUG Async                - Shutting down background threads
12:15:51.390 [JavaFX Application Thread] DEBUG PrimaryStageWindow   - Closing main window
12:15:51.432 [JavaFX Application Thread] DEBUG Logger               - Closing Logger
